FBgn0000017|miR14_medianThresh	0
FBgn0000024|miR277_medianThresh	0.671
FBgn0000032|miR14_medianThresh	0.906
FBgn0000032|miR277_medianThresh	0.426
FBgn0000043|miR277_medianThresh	0
FBgn0000052|miR277_medianThresh	0
FBgn0000083|miR277_medianThresh	0.619
FBgn0000108|miR277_medianThresh	0.162
FBgn0000109|miR277_medianThresh	0.843
FBgn0000119|miR277_medianThresh	0.002
FBgn0000120|miR277_medianThresh	0.09
FBgn0000163|miR277_medianThresh	0
FBgn0000180|miR14_medianThresh	0.705
FBgn0000244|miR34_Day20_medianThresh	0
FBgn0000253|miR14_medianThresh	0.917
FBgn0000253|miR277_medianThresh	0.262
FBgn0000257|miR277_medianThresh	0.54
FBgn0000286|miR277_medianThresh	0.354
FBgn0000307|miR14_medianThresh	0.478
FBgn0000384|miR14_medianThresh	0
FBgn0000384|miR277_medianThresh	0.024
FBgn0000448|miR14_medianThresh	0.901
FBgn0000464|miR14_medianThresh	0.875
FBgn0000541|miR277_medianThresh	0.33
FBgn0000546|miR277_medianThresh	0.63
FBgn0000546|miR34_Day20_medianThresh	0.978
FBgn0000547|miR277_medianThresh	0.336
FBgn0000547|miR34_Day20_medianThresh	0.015
FBgn0000556|miR277_medianThresh	0.756
FBgn0000557|miR277_medianThresh	0.34
FBgn0000567|miR277_medianThresh	0
FBgn0000567|miR34_Day20_medianThresh	0.902
FBgn0000578|miR277_medianThresh	0.011
FBgn0000633|miR34_Day20_medianThresh	0
FBgn0000635|miR277_medianThresh	0.327
FBgn0000636|miR14_medianThresh	0
FBgn0000659|miR277_medianThresh	0.673
FBgn0000667|miR14_medianThresh	0
FBgn0000709|miR277_medianThresh	0.473
FBgn0000711|miR277_medianThresh	0.711
FBgn0001084|miR14_medianThresh	0.954
FBgn0001085|miR34_Day20_medianThresh	0.705
FBgn0001090|miR14_medianThresh	0.922
FBgn0001092|miR277_medianThresh	0.397
FBgn0001098|miR277_medianThresh	0.258
FBgn0001105|miR277_medianThresh	0.482
FBgn0001122|miR277_medianThresh	0.981
FBgn0001123|miR277_medianThresh	0.721
FBgn0001124|miR277_medianThresh	0.59
FBgn0001125|miR277_medianThresh	0.354
FBgn0001138|miR34_Day20_medianThresh	0.65
FBgn0001168|miR14_medianThresh	0.942
FBgn0001169|miR14_medianThresh	0.785
FBgn0001189|miR34_Day20_medianThresh	0
FBgn0001197|miR14_medianThresh	0
FBgn0001197|miR277_medianThresh	0
FBgn0001218|miR14_medianThresh	0.923
FBgn0001220|miR277_medianThresh	0.727
FBgn0001226|miR277_medianThresh	0.536
FBgn0001250|miR277_medianThresh	0.77
FBgn0001250|miR34_Day20_medianThresh	0.72
FBgn0001280|miR277_medianThresh	0
FBgn0001301|miR34_Day20_medianThresh	0.489
FBgn0001316|miR277_medianThresh	0
FBgn0001491|miR277_medianThresh	0
FBgn0001970|miR14_medianThresh	0.844
FBgn0001989|miR277_medianThresh	0
FBgn0001989|miR34_Day20_medianThresh	0
FBgn0002031|miR277_medianThresh	0.849
FBgn0002069|miR14_medianThresh	0.805
FBgn0002283|miR277_medianThresh	0.108
FBgn0002413|miR277_medianThresh	0.564
FBgn0002524|miR277_medianThresh	0.827
FBgn0002526|miR277_medianThresh	0
FBgn0002526|miR34_Day20_medianThresh	0.061
FBgn0002566|miR277_medianThresh	0
FBgn0002593|miR34_Day20_medianThresh	0
FBgn0002607|miR277_medianThresh	0.064
FBgn0002645|miR277_medianThresh	0
FBgn0002869|miR277_medianThresh	0.565
FBgn0002921|miR277_medianThresh	0.352
FBgn0002930|miR277_medianThresh	0.59
FBgn0002932|miR277_medianThresh	0.353
FBgn0002937|miR277_medianThresh	0
FBgn0002945|miR14_medianThresh	0.955
FBgn0002973|miR14_medianThresh	0.282
FBgn0002973|miR277_medianThresh	0.005
FBgn0003028|miR277_medianThresh	0.696
FBgn0003044|miR34_Day20_medianThresh	0.907
FBgn0003048|miR14_medianThresh	0.923
FBgn0003091|miR277_medianThresh	0.783
FBgn0003093|miR277_medianThresh	0.353
FBgn0003124|miR277_medianThresh	0
FBgn0003134|miR277_medianThresh	0.32
FBgn0003137|miR277_medianThresh	0.152
FBgn0003204|miR277_medianThresh	0
FBgn0003206|miR277_medianThresh	0.403
FBgn0003257|miR277_medianThresh	0.289
FBgn0003285|miR14_medianThresh	0.955
FBgn0003285|miR34_Day20_medianThresh	0
FBgn0003302|miR14_medianThresh	0.737
FBgn0003308|miR277_medianThresh	0
FBgn0003310|miR34_Day20_medianThresh	0
FBgn0003317|miR277_medianThresh	0.329
FBgn0003328|miR277_medianThresh	0.668
FBgn0003380|miR14_medianThresh	0.907
FBgn0003416|miR277_medianThresh	0.244
FBgn0003423|miR277_medianThresh	0.449
FBgn0003429|miR277_medianThresh	0.755
FBgn0003429|miR34_Day20_medianThresh	0.902
FBgn0003435|miR277_medianThresh	0.714
FBgn0003444|miR14_medianThresh	0
FBgn0003444|miR277_medianThresh	0.851
FBgn0003475|miR277_medianThresh	0.715
FBgn0003514|miR277_medianThresh	0.352
FBgn0003676|miR277_medianThresh	0.665
FBgn0003710|miR277_medianThresh	0.684
FBgn0003710|miR34_Day20_medianThresh	0.005
FBgn0003716|miR277_medianThresh	0.534
FBgn0003742|miR277_medianThresh	0.085
FBgn0003867|miR277_medianThresh	0.354
FBgn0003941|miR277_medianThresh	0.118
FBgn0003964|miR277_medianThresh	0.465
FBgn0003969|miR277_medianThresh	0.179
FBgn0003984|miR14_medianThresh	0.76
FBgn0003997|miR277_medianThresh	0.688
FBgn0004049|miR277_medianThresh	0.45
FBgn0004055|miR277_medianThresh	0.08
FBgn0004107|miR34_Day20_medianThresh	0.334
FBgn0004177|miR277_medianThresh	0.427
FBgn0004198|miR14_medianThresh	0.511
FBgn0004237|miR14_medianThresh	0.903
FBgn0004244|miR277_medianThresh	0.755
FBgn0004362|miR277_medianThresh	0.775
FBgn0004363|miR277_medianThresh	0.835
FBgn0004363|miR34_Day20_medianThresh	0.895
FBgn0004364|miR34_Day20_medianThresh	0
FBgn0004387|miR34_Day20_medianThresh	0.618
FBgn0004395|miR277_medianThresh	0.747
FBgn0004397|miR277_medianThresh	0.761
FBgn0004432|miR277_medianThresh	0.339
FBgn0004436|miR34_Day20_medianThresh	0.727
FBgn0004509|miR277_medianThresh	0.668
FBgn0004552|miR277_medianThresh	0.79
FBgn0004575|miR277_medianThresh	0
FBgn0004583|miR277_medianThresh	0.245
FBgn0004606|miR277_medianThresh	0.914
FBgn0004611|miR14_medianThresh	0
FBgn0004635|miR14_medianThresh	0.956
FBgn0004638|miR277_medianThresh	0.566
FBgn0004656|miR277_medianThresh	0.911
FBgn0004657|miR34_Day20_medianThresh	0.729
FBgn0004797|miR277_medianThresh	0.553
FBgn0004852|miR277_medianThresh	0.808
FBgn0004864|miR277_medianThresh	0
FBgn0004868|miR277_medianThresh	0.26
FBgn0004875|miR277_medianThresh	0.451
FBgn0004880|miR277_medianThresh	0.645
FBgn0004885|miR277_medianThresh	0.444
FBgn0004893|miR277_medianThresh	0.555
FBgn0004901|miR277_medianThresh	0.576
FBgn0004907|miR277_medianThresh	0.584
FBgn0004921|miR277_medianThresh	0.711
FBgn0005533|miR277_medianThresh	0
FBgn0005586|miR277_medianThresh	0.776
FBgn0005617|miR14_medianThresh	0
FBgn0005631|miR277_medianThresh	0.921
FBgn0005636|miR277_medianThresh	0.399
FBgn0005666|miR277_medianThresh	0.546
FBgn0005775|miR14_medianThresh	0.949
FBgn0005777|miR277_medianThresh	0.788
FBgn0010105|miR14_medianThresh	0.955
FBgn0010114|miR277_medianThresh	0.186
FBgn0010226|miR34_Day20_medianThresh	0.297
FBgn0010228|miR34_Day20_medianThresh	0
FBgn0010238|miR277_medianThresh	0.136
FBgn0010300|miR34_Day20_medianThresh	0.317
FBgn0010313|miR277_medianThresh	0
FBgn0010313|miR34_Day20_medianThresh	0.68
FBgn0010315|miR14_medianThresh	0.876
FBgn0010341|miR277_medianThresh	0.686
FBgn0010350|miR277_medianThresh	0
FBgn0010397|miR277_medianThresh	0.456
FBgn0010415|miR277_medianThresh	0.754
FBgn0010416|miR277_medianThresh	0
FBgn0010438|miR277_medianThresh	0.199
FBgn0010473|miR34_Day20_medianThresh	0.914
FBgn0010516|miR277_medianThresh	0.788
FBgn0010575|miR277_medianThresh	0.82
FBgn0010591|miR277_medianThresh	0.238
FBgn0010622|miR14_medianThresh	0.132
FBgn0010768|miR34_Day20_medianThresh	0.489
FBgn0010772|miR34_Day20_medianThresh	0.054
FBgn0010812|miR34_Day20_medianThresh	0
FBgn0010894|miR14_medianThresh	0.953
FBgn0010909|miR277_medianThresh	0.712
FBgn0011206|miR14_medianThresh	0.951
FBgn0011217|miR277_medianThresh	0.05
FBgn0011259|miR34_Day20_medianThresh	0.283
FBgn0011260|miR277_medianThresh	0.675
FBgn0011300|miR14_medianThresh	0.858
FBgn0011300|miR34_Day20_medianThresh	0.842
FBgn0011474|miR34_Day20_medianThresh	0.73
FBgn0011481|miR34_Day20_medianThresh	0.084
FBgn0011586|miR277_medianThresh	0.2
FBgn0011661|miR277_medianThresh	0.609
FBgn0011693|miR277_medianThresh	0
FBgn0011705|miR277_medianThresh	0.451
FBgn0011726|miR277_medianThresh	0.191
FBgn0011742|miR277_medianThresh	0.518
FBgn0011746|miR277_medianThresh	0.248
FBgn0011747|miR14_medianThresh	0
FBgn0011747|miR34_Day20_medianThresh	0
FBgn0011760|miR277_medianThresh	0.091
FBgn0011770|miR277_medianThresh	0.02
FBgn0011771|miR277_medianThresh	0.374
FBgn0011802|miR277_medianThresh	0.005
FBgn0011817|miR14_medianThresh	0.92
FBgn0011817|miR277_medianThresh	0.479
FBgn0011817|miR34_Day20_medianThresh	0.489
FBgn0011826|miR277_medianThresh	0.312
FBgn0011837|miR277_medianThresh	0.695
FBgn0012051|miR277_medianThresh	0.078
FBgn0013334|miR277_medianThresh	0.503
FBgn0013348|miR277_medianThresh	0
FBgn0013726|miR277_medianThresh	0.663
FBgn0013746|miR14_medianThresh	0.111
FBgn0013756|miR277_medianThresh	0.723
FBgn0013759|miR277_medianThresh	0
FBgn0013765|miR14_medianThresh	0.914
FBgn0013765|miR277_medianThresh	0.686
FBgn0013984|miR14_medianThresh	0.945
FBgn0013995|miR277_medianThresh	0.387
FBgn0013997|miR277_medianThresh	0.011
FBgn0013997|miR34_Day20_medianThresh	0.912
FBgn0014037|miR14_medianThresh	0.922
FBgn0014037|miR277_medianThresh	0.435
FBgn0014092|miR277_medianThresh	0.238
FBgn0014133|miR34_Day20_medianThresh	0
FBgn0014388|miR14_medianThresh	0.789
FBgn0014417|miR34_Day20_medianThresh	0.364
FBgn0014906|miR277_medianThresh	0.693
FBgn0015019|miR277_medianThresh	0.42
FBgn0015239|miR14_medianThresh	0.953
FBgn0015240|miR277_medianThresh	0
FBgn0015245|miR277_medianThresh	0.755
FBgn0015321|miR14_medianThresh	0
FBgn0015321|miR277_medianThresh	0.735
FBgn0015324|miR34_Day20_medianThresh	0.572
FBgn0015371|miR277_medianThresh	0.727
FBgn0015400|miR34_Day20_medianThresh	0
FBgn0015519|miR34_Day20_medianThresh	0
FBgn0015558|miR34_Day20_medianThresh	0.494
FBgn0015600|miR277_medianThresh	0.909
FBgn0015609|miR14_medianThresh	0.838
FBgn0015609|miR34_Day20_medianThresh	0.708
FBgn0015621|miR34_Day20_medianThresh	0.49
FBgn0015622|miR277_medianThresh	0.332
FBgn0015754|miR277_medianThresh	0.152
FBgn0015772|miR14_medianThresh	0.589
FBgn0015774|miR277_medianThresh	0.925
FBgn0015774|miR34_Day20_medianThresh	0
FBgn0015777|miR34_Day20_medianThresh	0.153
FBgn0015778|miR277_medianThresh	0.775
FBgn0015797|miR277_medianThresh	0.615
FBgn0015818|miR277_medianThresh	0.217
FBgn0015838|miR14_medianThresh	0.212
FBgn0015838|miR277_medianThresh	0.551
FBgn0015838|miR34_Day20_medianThresh	0.002
FBgn0015924|miR277_medianThresh	0.006
FBgn0016041|miR277_medianThresh	0.511
FBgn0016059|miR14_medianThresh	0.911
FBgn0016070|miR14_medianThresh	0.901
FBgn0016075|miR34_Day20_medianThresh	0.489
FBgn0016076|miR34_Day20_medianThresh	0
FBgn0016120|miR277_medianThresh	0.012
FBgn0016917|miR277_medianThresh	0.333
FBgn0016930|miR34_Day20_medianThresh	0.72
FBgn0016977|miR34_Day20_medianThresh	0.876
FBgn0019968|miR277_medianThresh	0.724
FBgn0019972|miR277_medianThresh	0
FBgn0019972|miR34_Day20_medianThresh	0
FBgn0019985|miR14_medianThresh	0
FBgn0020261|miR14_medianThresh	0.913
FBgn0020309|miR277_medianThresh	0.485
FBgn0020392|miR277_medianThresh	0.449
FBgn0020414|miR277_medianThresh	0
FBgn0020414|miR34_Day20_medianThresh	0
FBgn0020493|miR277_medianThresh	0.354
FBgn0020510|miR14_medianThresh	0
FBgn0020510|miR277_medianThresh	0.897
FBgn0020622|miR277_medianThresh	0.768
FBgn0020622|miR34_Day20_medianThresh	0.099
FBgn0020655|miR277_medianThresh	0.827
FBgn0021765|miR277_medianThresh	0.839
FBgn0021814|miR14_medianThresh	0
FBgn0022288|miR277_medianThresh	0.002
FBgn0022338|miR277_medianThresh	0.093
FBgn0022343|miR277_medianThresh	0.583
FBgn0022349|miR277_medianThresh	0.381
FBgn0022361|miR277_medianThresh	0.437
FBgn0022710|miR277_medianThresh	0.79
FBgn0023076|miR14_medianThresh	0.924
FBgn0023143|miR277_medianThresh	0.223
FBgn0023177|miR34_Day20_medianThresh	0.49
FBgn0023179|miR277_medianThresh	0.483
FBgn0023212|miR277_medianThresh	0.483
FBgn0023407|miR277_medianThresh	0.491
FBgn0023441|miR14_medianThresh	0.187
FBgn0023441|miR277_medianThresh	0.035
FBgn0023508|miR277_medianThresh	0.704
FBgn0023520|miR277_medianThresh	0
FBgn0023526|miR277_medianThresh	0.142
FBgn0023528|miR34_Day20_medianThresh	0
FBgn0023531|miR14_medianThresh	0.924
FBgn0023534|miR277_medianThresh	0.394
FBgn0023537|miR277_medianThresh	0.706
FBgn0024236|miR277_medianThresh	0.26
FBgn0024273|miR277_medianThresh	0.377
FBgn0024277|miR277_medianThresh	0.497
FBgn0024321|miR277_medianThresh	0.723
FBgn0024326|miR277_medianThresh	0.351
FBgn0024330|miR277_medianThresh	0
FBgn0024330|miR34_Day20_medianThresh	0
FBgn0024365|miR277_medianThresh	0.931
FBgn0024732|miR14_medianThresh	0.909
FBgn0024754|miR277_medianThresh	0.374
FBgn0024836|miR14_medianThresh	0.906
FBgn0024836|miR34_Day20_medianThresh	0.403
FBgn0024889|miR277_medianThresh	0.735
FBgn0024921|miR14_medianThresh	0.949
FBgn0024941|miR34_Day20_medianThresh	0.685
FBgn0024944|miR14_medianThresh	0
FBgn0024957|miR277_medianThresh	0.583
FBgn0024958|miR277_medianThresh	0.331
FBgn0025335|miR277_medianThresh	0.199
FBgn0025373|miR277_medianThresh	0
FBgn0025525|miR277_medianThresh	0.722
FBgn0025595|miR277_medianThresh	0.662
FBgn0025624|miR14_medianThresh	0
FBgn0025626|miR277_medianThresh	0.026
FBgn0025639|miR14_medianThresh	0
FBgn0025674|miR277_medianThresh	0.009
FBgn0025678|miR14_medianThresh	0.852
FBgn0025724|miR277_medianThresh	0.011
FBgn0025726|miR34_Day20_medianThresh	0
FBgn0025741|miR34_Day20_medianThresh	0
FBgn0025743|miR277_medianThresh	0.337
FBgn0025800|miR277_medianThresh	0.661
FBgn0025802|miR277_medianThresh	0.361
FBgn0025833|miR34_Day20_medianThresh	0
FBgn0025865|miR277_medianThresh	0.174
FBgn0025936|miR277_medianThresh	0.024
FBgn0026149|miR34_Day20_medianThresh	0.011
FBgn0026160|miR277_medianThresh	0.699
FBgn0026179|miR277_medianThresh	0
FBgn0026189|miR34_Day20_medianThresh	0.718
FBgn0026206|miR277_medianThresh	0.941
FBgn0026239|miR277_medianThresh	0.519
FBgn0026263|miR14_medianThresh	0.952
FBgn0026313|miR14_medianThresh	0.94
FBgn0026313|miR277_medianThresh	0.585
FBgn0026404|miR34_Day20_medianThresh	0.008
FBgn0026418|miR277_medianThresh	0.022
FBgn0026438|miR14_medianThresh	0.923
FBgn0026439|miR277_medianThresh	0.293
FBgn0026533|miR277_medianThresh	0.199
FBgn0026597|miR277_medianThresh	0.548
FBgn0026616|miR14_medianThresh	0.908
FBgn0026777|miR14_medianThresh	0
FBgn0026869|miR34_Day20_medianThresh	0.001
FBgn0026873|miR277_medianThresh	0
FBgn0027079|miR14_medianThresh	0
FBgn0027080|miR277_medianThresh	0.26
FBgn0027085|miR277_medianThresh	0.304
FBgn0027088|miR277_medianThresh	0.334
FBgn0027091|miR277_medianThresh	0
FBgn0027094|miR277_medianThresh	0
FBgn0027101|miR277_medianThresh	0.313
FBgn0027101|miR34_Day20_medianThresh	0.911
FBgn0027108|miR277_medianThresh	0.628
FBgn0027111|miR277_medianThresh	0
FBgn0027287|miR14_medianThresh	0.045
FBgn0027296|miR277_medianThresh	0.576
FBgn0027335|miR277_medianThresh	0.643
FBgn0027339|miR277_medianThresh	0.818
FBgn0027453|miR277_medianThresh	0.715
FBgn0027497|miR277_medianThresh	0
FBgn0027506|miR277_medianThresh	0.609
FBgn0027507|miR34_Day20_medianThresh	0.002
FBgn0027526|miR277_medianThresh	0.232
FBgn0027532|miR34_Day20_medianThresh	0
FBgn0027535|miR277_medianThresh	0.002
FBgn0027556|miR277_medianThresh	0.022
FBgn0027582|miR277_medianThresh	0.15
FBgn0027601|miR277_medianThresh	0.396
FBgn0027616|miR14_medianThresh	0.725
FBgn0027616|miR34_Day20_medianThresh	0.511
FBgn0027786|miR277_medianThresh	0.627
FBgn0027835|miR277_medianThresh	0.728
FBgn0027865|miR277_medianThresh	0.573
FBgn0028341|miR277_medianThresh	0.863
FBgn0028342|miR277_medianThresh	0.547
FBgn0028372|miR277_medianThresh	0.011
FBgn0028380|miR277_medianThresh	0.006
FBgn0028397|miR277_medianThresh	0.037
FBgn0028406|miR277_medianThresh	0.677
FBgn0028408|miR34_Day20_medianThresh	0.916
FBgn0028425|miR277_medianThresh	0
FBgn0028429|miR277_medianThresh	0.703
FBgn0028476|miR277_medianThresh	0.329
FBgn0028479|miR277_medianThresh	0.662
FBgn0028497|miR277_medianThresh	0.711
FBgn0028507|miR277_medianThresh	0
FBgn0028550|miR277_medianThresh	0
FBgn0028560|miR277_medianThresh	0
FBgn0028663|miR277_medianThresh	0
FBgn0028717|miR277_medianThresh	0.047
FBgn0028862|miR34_Day20_medianThresh	0
FBgn0028894|miR277_medianThresh	0.535
FBgn0028913|miR277_medianThresh	0.005
FBgn0028968|miR277_medianThresh	0.458
FBgn0028970|miR277_medianThresh	0.707
FBgn0029082|miR14_medianThresh	0.867
FBgn0029121|miR277_medianThresh	0.005
FBgn0029147|miR277_medianThresh	0.051
FBgn0029152|miR14_medianThresh	0.776
FBgn0029157|miR34_Day20_medianThresh	0
FBgn0029176|miR277_medianThresh	0.444
FBgn0029504|miR277_medianThresh	0.734
FBgn0029506|miR277_medianThresh	0.749
FBgn0029648|miR277_medianThresh	0.368
FBgn0029663|miR14_medianThresh	0.718
FBgn0029666|miR277_medianThresh	0.81
FBgn0029687|miR277_medianThresh	0.925
FBgn0029708|miR277_medianThresh	0.078
FBgn0029720|miR14_medianThresh	0.903
FBgn0029725|miR277_medianThresh	0
FBgn0029746|miR14_medianThresh	0.949
FBgn0029746|miR34_Day20_medianThresh	0
FBgn0029761|miR14_medianThresh	0.909
FBgn0029763|miR277_medianThresh	0.556
FBgn0029771|miR277_medianThresh	0
FBgn0029818|miR277_medianThresh	0.628
FBgn0029819|miR277_medianThresh	0.763
FBgn0029873|miR34_Day20_medianThresh	0.463
FBgn0029881|miR277_medianThresh	0.026
FBgn0029891|miR277_medianThresh	0
FBgn0029903|miR277_medianThresh	0.725
FBgn0029929|miR277_medianThresh	0.698
FBgn0029941|miR277_medianThresh	0.781
FBgn0029944|miR34_Day20_medianThresh	0.489
FBgn0029946|miR277_medianThresh	0.42
FBgn0029969|miR277_medianThresh	0.88
FBgn0029975|miR277_medianThresh	0.381
FBgn0029979|miR277_medianThresh	0.87
FBgn0029990|miR277_medianThresh	0
FBgn0029997|miR277_medianThresh	0.593
FBgn0029997|miR34_Day20_medianThresh	0.489
FBgn0030007|miR277_medianThresh	0.174
FBgn0030026|miR277_medianThresh	0.252
FBgn0030037|miR277_medianThresh	0.83
FBgn0030038|miR277_medianThresh	0.498
FBgn0030049|miR34_Day20_medianThresh	0.88
FBgn0030053|miR34_Day20_medianThresh	0.727
FBgn0030082|miR14_medianThresh	0
FBgn0030090|miR34_Day20_medianThresh	0.728
FBgn0030099|miR277_medianThresh	0.144
FBgn0030114|miR277_medianThresh	0.003
FBgn0030136|miR277_medianThresh	0
FBgn0030141|miR277_medianThresh	0.525
FBgn0030151|miR277_medianThresh	0.68
FBgn0030159|miR277_medianThresh	0
FBgn0030174|miR14_medianThresh	0.915
FBgn0030183|miR34_Day20_medianThresh	0.97
FBgn0030245|miR277_medianThresh	0.382
FBgn0030268|miR277_medianThresh	0.569
FBgn0030269|miR34_Day20_medianThresh	0.489
FBgn0030294|miR277_medianThresh	0
FBgn0030304|miR277_medianThresh	0.508
FBgn0030318|miR277_medianThresh	0.194
FBgn0030320|miR14_medianThresh	0.953
FBgn0030327|miR277_medianThresh	0.124
FBgn0030329|miR277_medianThresh	0.573
FBgn0030330|miR14_medianThresh	0.909
FBgn0030344|miR277_medianThresh	0.535
FBgn0030345|miR277_medianThresh	0.417
FBgn0030349|miR277_medianThresh	0.578
FBgn0030354|miR14_medianThresh	0
FBgn0030354|miR277_medianThresh	0.338
FBgn0030425|miR277_medianThresh	0
FBgn0030456|miR277_medianThresh	0.146
FBgn0030457|miR14_medianThresh	0
FBgn0030457|miR277_medianThresh	0.011
FBgn0030480|miR277_medianThresh	0.806
FBgn0030482|miR277_medianThresh	0.935
FBgn0030484|miR277_medianThresh	0
FBgn0030505|miR34_Day20_medianThresh	0.727
FBgn0030518|miR277_medianThresh	0.63
FBgn0030520|miR277_medianThresh	0.314
FBgn0030520|miR34_Day20_medianThresh	0
FBgn0030605|miR34_Day20_medianThresh	0.871
FBgn0030612|miR277_medianThresh	0.971
FBgn0030674|miR277_medianThresh	0.438
FBgn0030685|miR277_medianThresh	0.136
FBgn0030688|miR277_medianThresh	0
FBgn0030748|miR277_medianThresh	0
FBgn0030749|miR277_medianThresh	0.178
FBgn0030768|miR14_medianThresh	0
FBgn0030788|miR14_medianThresh	0.895
FBgn0030788|miR277_medianThresh	0.595
FBgn0030788|miR34_Day20_medianThresh	0.489
FBgn0030797|miR277_medianThresh	0
FBgn0030808|miR277_medianThresh	0.633
FBgn0030846|miR277_medianThresh	0
FBgn0030847|miR14_medianThresh	0
FBgn0030847|miR34_Day20_medianThresh	0.694
FBgn0030876|miR277_medianThresh	0.239
FBgn0030892|miR14_medianThresh	0.831
FBgn0030892|miR34_Day20_medianThresh	0.001
FBgn0030930|miR277_medianThresh	0
FBgn0030943|miR34_Day20_medianThresh	0
FBgn0030946|miR277_medianThresh	0.827
FBgn0030976|miR277_medianThresh	0
FBgn0030991|miR277_medianThresh	0.776
FBgn0031006|miR34_Day20_medianThresh	0
FBgn0031048|miR277_medianThresh	0.505
FBgn0031081|miR277_medianThresh	0.805
FBgn0031092|miR277_medianThresh	0
FBgn0031118|miR277_medianThresh	0.081
FBgn0031119|miR34_Day20_medianThresh	0
FBgn0031148|miR277_medianThresh	0.343
FBgn0031149|miR277_medianThresh	0.163
FBgn0031150|miR277_medianThresh	0.229
FBgn0031233|miR34_Day20_medianThresh	0
FBgn0031244|miR277_medianThresh	0
FBgn0031260|miR277_medianThresh	0.117
FBgn0031261|miR277_medianThresh	0.116
FBgn0031265|miR277_medianThresh	0
FBgn0031298|miR277_medianThresh	0
FBgn0031319|miR277_medianThresh	0
FBgn0031320|miR277_medianThresh	0
FBgn0031374|miR277_medianThresh	0.401
FBgn0031397|miR277_medianThresh	0
FBgn0031399|miR277_medianThresh	0.553
FBgn0031437|miR14_medianThresh	0
FBgn0031437|miR277_medianThresh	0.829
FBgn0031453|miR277_medianThresh	0.654
FBgn0031461|miR277_medianThresh	0.387
FBgn0031489|miR277_medianThresh	0
FBgn0031497|miR277_medianThresh	0.152
FBgn0031500|miR14_medianThresh	0.045
FBgn0031516|miR277_medianThresh	0.602
FBgn0031530|miR14_medianThresh	0.725
FBgn0031534|miR277_medianThresh	0.45
FBgn0031566|miR277_medianThresh	0.628
FBgn0031629|miR34_Day20_medianThresh	0.304
FBgn0031659|miR277_medianThresh	0.438
FBgn0031681|miR277_medianThresh	0.884
FBgn0031702|miR277_medianThresh	0.31
FBgn0031717|miR14_medianThresh	0.287
FBgn0031746|miR277_medianThresh	0
FBgn0031776|miR277_medianThresh	0
FBgn0031817|miR277_medianThresh	0.785
FBgn0031824|miR277_medianThresh	0.695
FBgn0031909|miR277_medianThresh	0
FBgn0031910|miR277_medianThresh	0
FBgn0031941|miR277_medianThresh	0
FBgn0031951|miR277_medianThresh	0
FBgn0031952|miR14_medianThresh	0
FBgn0031977|miR277_medianThresh	0.012
FBgn0031992|miR277_medianThresh	0.319
FBgn0032005|miR277_medianThresh	0.281
FBgn0032021|miR34_Day20_medianThresh	0.678
FBgn0032036|miR277_medianThresh	0.166
FBgn0032049|miR277_medianThresh	0
FBgn0032059|miR277_medianThresh	0.332
FBgn0032078|miR277_medianThresh	0
FBgn0032101|miR277_medianThresh	0.037
FBgn0032123|miR34_Day20_medianThresh	0
FBgn0032147|miR14_medianThresh	0.953
FBgn0032151|miR34_Day20_medianThresh	0.489
FBgn0032156|miR277_medianThresh	0.789
FBgn0032160|miR277_medianThresh	0
FBgn0032162|miR277_medianThresh	0.499
FBgn0032191|miR277_medianThresh	0.503
FBgn0032202|miR277_medianThresh	0.001
FBgn0032242|miR277_medianThresh	0.254
FBgn0032248|miR14_medianThresh	0.078
FBgn0032248|miR34_Day20_medianThresh	0.028
FBgn0032282|miR277_medianThresh	0.003
FBgn0032297|miR277_medianThresh	0.077
FBgn0032297|miR34_Day20_medianThresh	0.876
FBgn0032341|miR14_medianThresh	0.2
FBgn0032341|miR34_Day20_medianThresh	0.68
FBgn0032350|miR277_medianThresh	0
FBgn0032354|miR14_medianThresh	0
FBgn0032382|miR277_medianThresh	0.633
FBgn0032397|miR277_medianThresh	0
FBgn0032398|miR277_medianThresh	0.175
FBgn0032400|miR277_medianThresh	0.27
FBgn0032478|miR277_medianThresh	0.003
FBgn0032513|miR14_medianThresh	0
FBgn0032518|miR14_medianThresh	0
FBgn0032520|miR277_medianThresh	0.277
FBgn0032596|miR277_medianThresh	0
FBgn0032600|miR277_medianThresh	0.597
FBgn0032632|miR277_medianThresh	0.012
FBgn0032643|miR277_medianThresh	0.819
FBgn0032677|miR277_medianThresh	0
FBgn0032702|miR277_medianThresh	0.58
FBgn0032721|miR277_medianThresh	0.539
FBgn0032727|miR277_medianThresh	0.383
FBgn0032746|miR277_medianThresh	0
FBgn0032787|miR277_medianThresh	0.802
FBgn0032859|miR277_medianThresh	0.123
FBgn0032870|miR14_medianThresh	0.602
FBgn0032870|miR34_Day20_medianThresh	0.729
FBgn0032894|miR277_medianThresh	0.291
FBgn0032910|miR277_medianThresh	0.334
FBgn0032916|miR34_Day20_medianThresh	0
FBgn0032943|miR14_medianThresh	0
FBgn0032943|miR277_medianThresh	0.052
FBgn0032946|miR34_Day20_medianThresh	0.689
FBgn0032957|miR14_medianThresh	0.952
FBgn0032968|miR277_medianThresh	0.637
FBgn0032986|miR14_medianThresh	0
FBgn0032986|miR277_medianThresh	0
FBgn0032986|miR34_Day20_medianThresh	0
FBgn0033010|miR277_medianThresh	0
FBgn0033021|miR277_medianThresh	0.022
FBgn0033047|miR277_medianThresh	0
FBgn0033065|miR277_medianThresh	0
FBgn0033108|miR277_medianThresh	0.643
FBgn0033127|miR14_medianThresh	0.043
FBgn0033128|miR277_medianThresh	0.425
FBgn0033145|miR277_medianThresh	0
FBgn0033177|miR277_medianThresh	0.005
FBgn0033178|miR34_Day20_medianThresh	0.725
FBgn0033203|miR277_medianThresh	0
FBgn0033209|miR277_medianThresh	0.542
FBgn0033214|miR277_medianThresh	0
FBgn0033226|miR277_medianThresh	0
FBgn0033233|miR14_medianThresh	0
FBgn0033246|miR277_medianThresh	0.465
FBgn0033266|miR277_medianThresh	0.508
FBgn0033296|miR277_medianThresh	0
FBgn0033304|miR14_medianThresh	0
FBgn0033317|miR277_medianThresh	0.418
FBgn0033387|miR277_medianThresh	0
FBgn0033413|miR277_medianThresh	0.518
FBgn0033434|miR277_medianThresh	0.103
FBgn0033465|miR277_medianThresh	0.551
FBgn0033473|miR277_medianThresh	0
FBgn0033474|miR34_Day20_medianThresh	0.653
FBgn0033476|miR14_medianThresh	0.924
FBgn0033482|miR277_medianThresh	0
FBgn0033497|miR34_Day20_medianThresh	0
FBgn0033523|miR277_medianThresh	0.096
FBgn0033529|miR277_medianThresh	0.335
FBgn0033569|miR14_medianThresh	0.756
FBgn0033610|miR277_medianThresh	0
FBgn0033624|miR277_medianThresh	0.014
FBgn0033679|miR277_medianThresh	0.754
FBgn0033713|miR277_medianThresh	0.661
FBgn0033717|miR277_medianThresh	0.729
FBgn0033735|miR277_medianThresh	0.088
FBgn0033761|miR277_medianThresh	0.814
FBgn0033782|miR14_medianThresh	0.834
FBgn0033783|miR277_medianThresh	0.698
FBgn0033784|miR34_Day20_medianThresh	0.121
FBgn0033872|miR277_medianThresh	0.313
FBgn0033872|miR34_Day20_medianThresh	0.702
FBgn0033879|miR277_medianThresh	0.723
FBgn0033906|miR277_medianThresh	0.332
FBgn0033913|miR34_Day20_medianThresh	0.729
FBgn0033919|miR277_medianThresh	0.505
FBgn0033925|miR277_medianThresh	0.62
FBgn0033926|miR14_medianThresh	0.955
FBgn0033926|miR34_Day20_medianThresh	0
FBgn0033932|miR14_medianThresh	0.896
FBgn0033935|miR34_Day20_medianThresh	0
FBgn0033984|miR34_Day20_medianThresh	0.724
FBgn0033987|miR277_medianThresh	0
FBgn0033989|miR277_medianThresh	0.509
FBgn0034025|miR277_medianThresh	0.796
FBgn0034032|miR277_medianThresh	0.461
FBgn0034059|miR277_medianThresh	0.071
FBgn0034063|miR34_Day20_medianThresh	0.523
FBgn0034083|miR14_medianThresh	0.887
FBgn0034153|miR277_medianThresh	0.009
FBgn0034158|miR14_medianThresh	0.954
FBgn0034162|miR277_medianThresh	0.251
FBgn0034165|miR277_medianThresh	0
FBgn0034180|miR277_medianThresh	0.622
FBgn0034181|miR34_Day20_medianThresh	0.214
FBgn0034225|miR277_medianThresh	0.132
FBgn0034230|miR277_medianThresh	0.622
FBgn0034248|miR277_medianThresh	0.252
FBgn0034248|miR34_Day20_medianThresh	0
FBgn0034261|miR277_medianThresh	0.22
FBgn0034262|miR277_medianThresh	0.137
FBgn0034269|miR277_medianThresh	0.517
FBgn0034312|miR34_Day20_medianThresh	0.001
FBgn0034368|miR277_medianThresh	0.322
FBgn0034390|miR277_medianThresh	0.84
FBgn0034401|miR277_medianThresh	0.546
FBgn0034417|miR277_medianThresh	0.244
FBgn0034435|miR277_medianThresh	0.312
FBgn0034436|miR14_medianThresh	0.57
FBgn0034443|miR277_medianThresh	0.164
FBgn0034455|miR277_medianThresh	0.446
FBgn0034479|miR277_medianThresh	0.163
FBgn0034491|miR277_medianThresh	0
FBgn0034521|miR277_medianThresh	0.385
FBgn0034527|miR14_medianThresh	0.885
FBgn0034537|miR277_medianThresh	0.128
FBgn0034538|miR14_medianThresh	0
FBgn0034538|miR277_medianThresh	0.737
FBgn0034543|miR277_medianThresh	0.542
FBgn0034577|miR34_Day20_medianThresh	0
FBgn0034583|miR277_medianThresh	0.305
FBgn0034590|miR14_medianThresh	0.955
FBgn0034606|miR277_medianThresh	0
FBgn0034644|miR277_medianThresh	0.491
FBgn0034720|miR277_medianThresh	0.254
FBgn0034724|miR34_Day20_medianThresh	0
FBgn0034739|miR277_medianThresh	0
FBgn0034741|miR277_medianThresh	0.134
FBgn0034753|miR277_medianThresh	0.745
FBgn0034763|miR14_medianThresh	0.952
FBgn0034802|miR14_medianThresh	0
FBgn0034808|miR277_medianThresh	0.604
FBgn0034854|miR277_medianThresh	0.823
FBgn0034894|miR277_medianThresh	0.589
FBgn0034925|miR277_medianThresh	0.398
FBgn0034967|miR277_medianThresh	0.534
FBgn0034968|miR277_medianThresh	0
FBgn0035023|miR277_medianThresh	0.152
FBgn0035044|miR277_medianThresh	0.285
FBgn0035049|miR277_medianThresh	0.227
FBgn0035083|miR277_medianThresh	0.643
FBgn0035086|miR14_medianThresh	0.27
FBgn0035088|miR277_medianThresh	0.066
FBgn0035103|miR277_medianThresh	0
FBgn0035107|miR34_Day20_medianThresh	0.876
FBgn0035137|miR14_medianThresh	0
FBgn0035142|miR277_medianThresh	0.737
FBgn0035143|miR277_medianThresh	0
FBgn0035155|miR277_medianThresh	0.52
FBgn0035171|miR14_medianThresh	0.94
FBgn0035206|miR34_Day20_medianThresh	0
FBgn0035244|miR277_medianThresh	0.001
FBgn0035246|miR277_medianThresh	0.624
FBgn0035247|miR277_medianThresh	0.009
FBgn0035253|miR277_medianThresh	0
FBgn0035265|miR277_medianThresh	0
FBgn0035267|miR34_Day20_medianThresh	0
FBgn0035298|miR277_medianThresh	0.808
FBgn0035359|miR277_medianThresh	0.33
FBgn0035388|miR277_medianThresh	0.431
FBgn0035390|miR277_medianThresh	0.808
FBgn0035397|miR277_medianThresh	0.669
FBgn0035400|miR34_Day20_medianThresh	0.728
FBgn0035411|miR277_medianThresh	0.52
FBgn0035421|miR277_medianThresh	0.791
FBgn0035444|miR277_medianThresh	0.015
FBgn0035449|miR277_medianThresh	0.084
FBgn0035473|miR277_medianThresh	0.377
FBgn0035483|miR277_medianThresh	0
FBgn0035498|miR277_medianThresh	0.441
FBgn0035499|miR277_medianThresh	0.766
FBgn0035533|miR277_medianThresh	0.247
FBgn0035622|miR277_medianThresh	0.293
FBgn0035625|miR14_medianThresh	0.79
FBgn0035632|miR277_medianThresh	0.362
FBgn0035638|miR277_medianThresh	0.408
FBgn0035639|miR277_medianThresh	0.006
FBgn0035676|miR14_medianThresh	0.898
FBgn0035720|miR277_medianThresh	0.713
FBgn0035770|miR277_medianThresh	0
FBgn0035827|miR277_medianThresh	0
FBgn0035879|miR277_medianThresh	0.253
FBgn0035896|miR277_medianThresh	0.391
FBgn0035896|miR34_Day20_medianThresh	0.051
FBgn0035906|miR277_medianThresh	0
FBgn0035907|miR277_medianThresh	0.081
FBgn0035909|miR277_medianThresh	0
FBgn0035911|miR277_medianThresh	0.783
FBgn0035936|miR277_medianThresh	0.468
FBgn0035945|miR277_medianThresh	0.817
FBgn0035959|miR14_medianThresh	0.944
FBgn0035987|miR277_medianThresh	0.077
FBgn0036007|miR277_medianThresh	0.586
FBgn0036008|miR34_Day20_medianThresh	0.499
FBgn0036043|miR277_medianThresh	0.244
FBgn0036099|miR277_medianThresh	0.857
FBgn0036147|miR34_Day20_medianThresh	0.716
FBgn0036196|miR34_Day20_medianThresh	0.721
FBgn0036199|miR277_medianThresh	0.758
FBgn0036237|miR277_medianThresh	0.791
FBgn0036240|miR277_medianThresh	0
FBgn0036271|miR277_medianThresh	0.728
FBgn0036286|miR277_medianThresh	0.749
FBgn0036288|miR277_medianThresh	0
FBgn0036309|miR277_medianThresh	0.192
FBgn0036316|miR14_medianThresh	0.949
FBgn0036316|miR277_medianThresh	0.264
FBgn0036342|miR277_medianThresh	0.273
FBgn0036369|miR277_medianThresh	0.811
FBgn0036376|miR34_Day20_medianThresh	0.128
FBgn0036402|miR14_medianThresh	0.73
FBgn0036428|miR14_medianThresh	0.923
FBgn0036446|miR277_medianThresh	0.053
FBgn0036499|miR277_medianThresh	0
FBgn0036512|miR277_medianThresh	0.816
FBgn0036518|miR277_medianThresh	0.787
FBgn0036518|miR34_Day20_medianThresh	0.489
FBgn0036520|miR277_medianThresh	0
FBgn0036549|miR277_medianThresh	0.659
FBgn0036553|miR34_Day20_medianThresh	0
FBgn0036566|miR277_medianThresh	0.404
FBgn0036579|miR277_medianThresh	0.131
FBgn0036589|miR277_medianThresh	0.428
FBgn0036597|miR277_medianThresh	0.415
FBgn0036663|miR277_medianThresh	0.144
FBgn0036697|miR277_medianThresh	0.392
FBgn0036725|miR14_medianThresh	0.952
FBgn0036735|miR277_medianThresh	0.126
FBgn0036741|miR277_medianThresh	0
FBgn0036752|miR277_medianThresh	0.006
FBgn0036773|miR14_medianThresh	0.892
FBgn0036790|miR34_Day20_medianThresh	0.036
FBgn0036801|miR277_medianThresh	0.223
FBgn0036816|miR14_medianThresh	0.73
FBgn0036816|miR277_medianThresh	0.729
FBgn0036824|miR277_medianThresh	0.927
FBgn0036825|miR34_Day20_medianThresh	0
FBgn0036826|miR34_Day20_medianThresh	0
FBgn0036842|miR14_medianThresh	0.813
FBgn0036843|miR277_medianThresh	0.84
FBgn0036848|miR277_medianThresh	0
FBgn0036862|miR14_medianThresh	0.919
FBgn0036890|miR277_medianThresh	0.395
FBgn0036896|miR277_medianThresh	0.51
FBgn0036897|miR277_medianThresh	0.115
FBgn0036909|miR34_Day20_medianThresh	0.089
FBgn0036918|miR277_medianThresh	0.005
FBgn0036920|miR277_medianThresh	0
FBgn0036921|miR277_medianThresh	0.718
FBgn0036934|miR34_Day20_medianThresh	0
FBgn0036967|miR14_medianThresh	0
FBgn0036990|miR277_medianThresh	0.239
FBgn0037007|miR277_medianThresh	0
FBgn0037012|miR14_medianThresh	0.885
FBgn0037018|miR277_medianThresh	0
FBgn0037020|miR277_medianThresh	0.326
FBgn0037057|miR277_medianThresh	0.676
FBgn0037064|miR277_medianThresh	0.005
FBgn0037082|miR277_medianThresh	0.149
FBgn0037087|miR14_medianThresh	0
FBgn0037093|miR14_medianThresh	0.664
FBgn0037094|miR34_Day20_medianThresh	0.712
FBgn0037108|miR277_medianThresh	0
FBgn0037110|miR277_medianThresh	0
FBgn0037120|miR277_medianThresh	0.194
FBgn0037146|miR277_medianThresh	0.678
FBgn0037182|miR277_medianThresh	0.005
FBgn0037185|miR14_medianThresh	0.828
FBgn0037203|miR277_medianThresh	0
FBgn0037213|miR277_medianThresh	0.012
FBgn0037218|miR277_medianThresh	0.688
FBgn0037235|miR34_Day20_medianThresh	0.007
FBgn0037239|miR277_medianThresh	0.704
FBgn0037282|miR14_medianThresh	0.547
FBgn0037299|miR34_Day20_medianThresh	0.373
FBgn0037301|miR277_medianThresh	0.001
FBgn0037332|miR34_Day20_medianThresh	0.694
FBgn0037336|miR34_Day20_medianThresh	0.145
FBgn0037354|miR277_medianThresh	0
FBgn0037465|miR277_medianThresh	0.631
FBgn0037467|miR277_medianThresh	0
FBgn0037468|miR277_medianThresh	0.742
FBgn0037472|miR277_medianThresh	0.501
FBgn0037482|miR277_medianThresh	0.891
FBgn0037513|miR277_medianThresh	0.134
FBgn0037525|miR34_Day20_medianThresh	0.508
FBgn0037529|miR277_medianThresh	0.284
FBgn0037555|miR277_medianThresh	0.132
FBgn0037556|miR277_medianThresh	0
FBgn0037613|miR34_Day20_medianThresh	0
FBgn0037632|miR277_medianThresh	0.266
FBgn0037635|miR277_medianThresh	0.069
FBgn0037636|miR277_medianThresh	0.667
FBgn0037646|miR277_medianThresh	0
FBgn0037647|miR34_Day20_medianThresh	0.006
FBgn0037652|miR277_medianThresh	0
FBgn0037687|miR277_medianThresh	0.614
FBgn0037696|miR277_medianThresh	0
FBgn0037697|miR277_medianThresh	0.816
FBgn0037705|miR277_medianThresh	0.332
FBgn0037705|miR34_Day20_medianThresh	0.719
FBgn0037709|miR277_medianThresh	0.846
FBgn0037758|miR277_medianThresh	0.809
FBgn0037758|miR34_Day20_medianThresh	0.159
FBgn0037760|miR277_medianThresh	0.449
FBgn0037765|miR277_medianThresh	0
FBgn0037842|miR277_medianThresh	0.034
FBgn0037846|miR14_medianThresh	0
FBgn0037874|miR277_medianThresh	0.287
FBgn0037875|miR277_medianThresh	0
FBgn0037913|miR277_medianThresh	0.199
FBgn0037913|miR34_Day20_medianThresh	0
FBgn0037956|miR277_medianThresh	0.651
FBgn0037994|miR277_medianThresh	0.223
FBgn0037998|miR277_medianThresh	0.449
FBgn0038166|miR277_medianThresh	0
FBgn0038195|miR34_Day20_medianThresh	0.687
FBgn0038206|miR277_medianThresh	0.752
FBgn0038237|miR14_medianThresh	0.916
FBgn0038246|miR277_medianThresh	0.245
FBgn0038257|miR277_medianThresh	0.001
FBgn0038279|miR14_medianThresh	0
FBgn0038282|miR34_Day20_medianThresh	0.467
FBgn0038304|miR277_medianThresh	0.316
FBgn0038320|miR277_medianThresh	0.247
FBgn0038326|miR277_medianThresh	0.649
FBgn0038349|miR277_medianThresh	0.001
FBgn0038355|miR277_medianThresh	0.645
FBgn0038369|miR34_Day20_medianThresh	0.294
FBgn0038400|miR277_medianThresh	0.103
FBgn0038432|miR277_medianThresh	0.779
FBgn0038491|miR277_medianThresh	0
FBgn0038504|miR277_medianThresh	0.375
FBgn0038535|miR277_medianThresh	0.703
FBgn0038565|miR277_medianThresh	0
FBgn0038641|miR277_medianThresh	0.501
FBgn0038659|miR277_medianThresh	0.604
FBgn0038659|miR34_Day20_medianThresh	0.001
FBgn0038662|miR34_Day20_medianThresh	0.264
FBgn0038747|miR277_medianThresh	0.376
FBgn0038755|miR277_medianThresh	0.649
FBgn0038809|miR14_medianThresh	0.915
FBgn0038810|miR277_medianThresh	0.015
FBgn0038829|miR14_medianThresh	0.762
FBgn0038845|miR277_medianThresh	0
FBgn0038853|miR277_medianThresh	0.476
FBgn0038858|miR34_Day20_medianThresh	0
FBgn0038870|miR34_Day20_medianThresh	0
FBgn0038871|miR14_medianThresh	0
FBgn0038871|miR34_Day20_medianThresh	0.028
FBgn0038872|miR277_medianThresh	0.194
FBgn0038924|miR277_medianThresh	0.516
FBgn0038938|miR277_medianThresh	0
FBgn0038944|miR277_medianThresh	0.529
FBgn0038946|miR277_medianThresh	0
FBgn0038957|miR277_medianThresh	0
FBgn0038976|miR277_medianThresh	0.665
FBgn0038984|miR277_medianThresh	0.109
FBgn0039010|miR277_medianThresh	0.047
FBgn0039043|miR277_medianThresh	0.449
FBgn0039049|miR277_medianThresh	0
FBgn0039056|miR277_medianThresh	0.295
FBgn0039084|miR277_medianThresh	0.845
FBgn0039094|miR277_medianThresh	0.011
FBgn0039114|miR277_medianThresh	0.059
FBgn0039137|miR34_Day20_medianThresh	0.706
FBgn0039140|miR277_medianThresh	0.37
FBgn0039151|miR14_medianThresh	0.923
FBgn0039152|miR277_medianThresh	0.896
FBgn0039186|miR14_medianThresh	0.3
FBgn0039186|miR277_medianThresh	0.461
FBgn0039189|miR34_Day20_medianThresh	0
FBgn0039207|miR277_medianThresh	0.502
FBgn0039223|miR277_medianThresh	0.788
FBgn0039249|miR277_medianThresh	0.345
FBgn0039251|miR277_medianThresh	0.098
FBgn0039261|miR14_medianThresh	0.814
FBgn0039282|miR34_Day20_medianThresh	0.153
FBgn0039304|miR277_medianThresh	0.026
FBgn0039341|miR14_medianThresh	0.008
FBgn0039347|miR277_medianThresh	0.291
FBgn0039371|miR277_medianThresh	0
FBgn0039402|miR277_medianThresh	0
FBgn0039402|miR34_Day20_medianThresh	0
FBgn0039419|miR277_medianThresh	0.011
FBgn0039427|miR277_medianThresh	0.621
FBgn0039508|miR277_medianThresh	0.708
FBgn0039519|miR277_medianThresh	0.551
FBgn0039532|miR277_medianThresh	0.796
FBgn0039532|miR34_Day20_medianThresh	0.019
FBgn0039561|miR34_Day20_medianThresh	0
FBgn0039562|miR14_medianThresh	0.92
FBgn0039589|miR277_medianThresh	0.106
FBgn0039590|miR277_medianThresh	0
FBgn0039634|miR277_medianThresh	0.001
FBgn0039674|miR277_medianThresh	0.756
FBgn0039697|miR277_medianThresh	0.812
FBgn0039712|miR277_medianThresh	0.531
FBgn0039713|miR277_medianThresh	0.096
FBgn0039713|miR34_Day20_medianThresh	0.087
FBgn0039734|miR34_Day20_medianThresh	0.676
FBgn0039741|miR277_medianThresh	0.752
FBgn0039789|miR277_medianThresh	0.818
FBgn0039827|miR34_Day20_medianThresh	0.678
FBgn0039844|miR14_medianThresh	0.888
FBgn0039844|miR277_medianThresh	0.817
FBgn0039858|miR34_Day20_medianThresh	0.255
FBgn0039869|miR34_Day20_medianThresh	0
FBgn0039877|miR277_medianThresh	0.962
FBgn0039881|miR277_medianThresh	0
FBgn0039883|miR14_medianThresh	0.954
FBgn0039883|miR277_medianThresh	0.964
FBgn0039883|miR34_Day20_medianThresh	0.911
FBgn0039908|miR277_medianThresh	0.005
FBgn0039911|miR277_medianThresh	0.282
FBgn0039914|miR277_medianThresh	0
FBgn0039928|miR277_medianThresh	0
FBgn0039942|miR14_medianThresh	0.924
FBgn0039942|miR277_medianThresh	0.414
FBgn0039955|miR277_medianThresh	0
FBgn0039993|miR277_medianThresh	0
FBgn0040007|miR277_medianThresh	0
FBgn0040010|miR34_Day20_medianThresh	0
FBgn0040011|miR277_medianThresh	0.012
FBgn0040020|miR277_medianThresh	0
FBgn0040064|miR277_medianThresh	0.757
FBgn0040068|miR277_medianThresh	0.768
FBgn0040080|miR277_medianThresh	0.776
FBgn0040089|miR277_medianThresh	0.693
FBgn0040230|miR277_medianThresh	0.684
FBgn0040232|miR277_medianThresh	0
FBgn0040237|miR277_medianThresh	0.701
FBgn0040271|miR14_medianThresh	0.899
FBgn0040305|miR277_medianThresh	0.657
FBgn0040319|miR277_medianThresh	0.703
FBgn0040324|miR34_Day20_medianThresh	0.556
FBgn0040336|miR277_medianThresh	0.009
FBgn0040337|miR34_Day20_medianThresh	0.167
FBgn0040340|miR277_medianThresh	0.708
FBgn0040350|miR277_medianThresh	0.037
FBgn0040366|miR34_Day20_medianThresh	0
FBgn0040372|miR34_Day20_medianThresh	0.73
FBgn0040505|miR277_medianThresh	0.078
FBgn0040529|miR277_medianThresh	0.432
FBgn0040660|miR277_medianThresh	0.477
FBgn0040752|miR277_medianThresh	0.877
FBgn0040929|miR34_Day20_medianThresh	0
FBgn0041004|miR277_medianThresh	0
FBgn0041004|miR34_Day20_medianThresh	0
FBgn0041100|miR14_medianThresh	0.801
FBgn0041171|miR14_medianThresh	0.884
FBgn0041184|miR14_medianThresh	0.042
FBgn0041188|miR277_medianThresh	0.398
FBgn0041203|miR277_medianThresh	0.58
FBgn0041605|miR277_medianThresh	0.083
FBgn0041605|miR34_Day20_medianThresh	0
FBgn0041702|miR14_medianThresh	0
FBgn0041713|miR277_medianThresh	0.152
FBgn0041775|miR277_medianThresh	0.824
FBgn0041781|miR277_medianThresh	0.011
FBgn0042083|miR277_medianThresh	0.988
FBgn0042092|miR34_Day20_medianThresh	0
FBgn0042119|miR14_medianThresh	0
FBgn0042180|miR14_medianThresh	0
FBgn0042180|miR34_Day20_medianThresh	0
FBgn0042206|miR14_medianThresh	0
FBgn0042693|miR277_medianThresh	0.632
FBgn0043010|miR277_medianThresh	0.194
FBgn0043456|miR277_medianThresh	0.456
FBgn0044323|miR34_Day20_medianThresh	0.489
FBgn0044823|miR277_medianThresh	0.602
FBgn0044826|miR277_medianThresh	0.769
FBgn0045770|miR277_medianThresh	0.037
FBgn0045823|miR277_medianThresh	0.518
FBgn0046214|miR277_medianThresh	0
FBgn0046225|miR277_medianThresh	0.035
FBgn0046225|miR34_Day20_medianThresh	0.028
FBgn0046685|miR277_medianThresh	0
FBgn0047135|miR277_medianThresh	0.429
FBgn0050000|miR277_medianThresh	0.329
FBgn0050011|miR277_medianThresh	0.756
FBgn0050033|miR277_medianThresh	0
FBgn0050065|miR277_medianThresh	0.308
FBgn0050118|miR277_medianThresh	0
FBgn0050159|miR277_medianThresh	0.102
FBgn0050372|miR277_medianThresh	0.073
FBgn0050376|miR277_medianThresh	0.005
FBgn0050392|miR277_medianThresh	0.34
FBgn0050410|miR277_medianThresh	0.263
FBgn0050466|miR14_medianThresh	0
FBgn0050497|miR14_medianThresh	0.267
FBgn0051004|miR277_medianThresh	0
FBgn0051025|miR277_medianThresh	0
FBgn0051075|miR277_medianThresh	0.393
FBgn0051155|miR277_medianThresh	0.17
FBgn0051176|miR14_medianThresh	0.898
FBgn0051184|miR277_medianThresh	0
FBgn0051235|miR34_Day20_medianThresh	0.725
FBgn0051347|miR277_medianThresh	0
FBgn0051415|miR277_medianThresh	0
FBgn0051548|miR277_medianThresh	0.308
FBgn0051549|miR277_medianThresh	0.159
FBgn0051665|miR277_medianThresh	0
FBgn0051665|miR34_Day20_medianThresh	0
FBgn0051694|miR277_medianThresh	0
FBgn0051706|miR277_medianThresh	0
FBgn0051721|miR14_medianThresh	0.887
FBgn0051774|miR34_Day20_medianThresh	0.002
FBgn0051852|miR14_medianThresh	0
FBgn0051861|miR277_medianThresh	0.012
FBgn0051870|miR277_medianThresh	0.026
FBgn0051915|miR34_Day20_medianThresh	0.018
FBgn0052066|miR277_medianThresh	0.837
FBgn0052072|miR277_medianThresh	0.005
FBgn0052076|miR277_medianThresh	0.441
FBgn0052103|miR277_medianThresh	0.022
FBgn0052137|miR277_medianThresh	0.749
FBgn0052181|miR277_medianThresh	0
FBgn0052190|miR277_medianThresh	0.305
FBgn0052195|miR277_medianThresh	0.691
FBgn0052206|miR34_Day20_medianThresh	0.711
FBgn0052243|miR34_Day20_medianThresh	0
FBgn0052267|miR277_medianThresh	0.841
FBgn0052350|miR34_Day20_medianThresh	0
FBgn0052445|miR277_medianThresh	0
FBgn0052479|miR277_medianThresh	0.773
FBgn0052484|miR277_medianThresh	0.574
FBgn0052676|miR277_medianThresh	0.826
FBgn0052683|miR14_medianThresh	0
FBgn0052685|miR277_medianThresh	0.557
FBgn0052756|miR277_medianThresh	0.037
FBgn0052756|miR34_Day20_medianThresh	0.005
FBgn0052758|miR277_medianThresh	0.603
FBgn0052767|miR34_Day20_medianThresh	0
FBgn0052843|miR34_Day20_medianThresh	0
FBgn0053002|miR34_Day20_medianThresh	0
FBgn0053095|miR277_medianThresh	0.781
FBgn0053120|miR14_medianThresh	0
FBgn0053129|miR277_medianThresh	0.39
FBgn0053147|miR14_medianThresh	0.954
FBgn0053147|miR277_medianThresh	0.323
FBgn0053147|miR34_Day20_medianThresh	0.489
FBgn0053198|miR277_medianThresh	0
FBgn0053526|miR14_medianThresh	0.732
FBgn0058160|miR277_medianThresh	0
FBgn0058160|miR34_Day20_medianThresh	0
FBgn0062413|miR277_medianThresh	0.384
FBgn0062440|miR277_medianThresh	0.088
FBgn0064225|miR34_Day20_medianThresh	0
FBgn0066084|miR277_medianThresh	0.354
FBgn0066101|miR14_medianThresh	0.916
FBgn0069969|miR34_Day20_medianThresh	0
FBgn0083068|miR14_medianThresh	0.735
FBgn0083068|miR34_Day20_medianThresh	0
FBgn0083167|miR34_Day20_medianThresh	0.007
FBgn0083962|miR14_medianThresh	0.942
FBgn0085188|miR277_medianThresh	0.348
FBgn0085188|miR34_Day20_medianThresh	0.875
FBgn0085194|miR14_medianThresh	0.413
FBgn0085321|miR277_medianThresh	0
FBgn0085405|miR34_Day20_medianThresh	0
FBgn0085432|miR14_medianThresh	0.859
FBgn0085447|miR277_medianThresh	0.765
FBgn0086346|miR277_medianThresh	0.693
FBgn0086347|miR14_medianThresh	0
FBgn0086347|miR277_medianThresh	0.518
FBgn0086358|miR277_medianThresh	0.812
FBgn0086370|miR277_medianThresh	0
FBgn0086443|miR277_medianThresh	0.86
FBgn0086532|miR277_medianThresh	0.119
FBgn0086675|miR277_medianThresh	0.892
FBgn0086676|miR14_medianThresh	0.492
FBgn0086679|miR277_medianThresh	0.672
FBgn0086683|miR277_medianThresh	0
FBgn0086686|miR277_medianThresh	0.817
FBgn0086779|miR14_medianThresh	0.047
FBgn0086906|miR277_medianThresh	0
FBgn0086909|miR277_medianThresh	0.254
FBgn0087007|miR277_medianThresh	0.658
FBgn0243486|miR34_Day20_medianThresh	0.678
FBgn0243513|miR14_medianThresh	0.46
FBgn0243516|miR14_medianThresh	0.898
FBgn0250788|miR277_medianThresh	0.566
FBgn0250789|miR277_medianThresh	0.511
FBgn0250838|miR277_medianThresh	0.047
FBgn0250841|miR277_medianThresh	0.345
FBgn0250843|miR277_medianThresh	0.334
FBgn0250869|miR34_Day20_medianThresh	0.73
FBgn0250876|miR14_medianThresh	0.922
FBgn0250876|miR34_Day20_medianThresh	0.002
FBgn0259176|miR277_medianThresh	0
FBgn0259211|miR277_medianThresh	0.462
FBgn0259214|miR277_medianThresh	0.151
FBgn0259219|miR14_medianThresh	0
FBgn0259243|miR14_medianThresh	0
FBgn0259243|miR34_Day20_medianThresh	0.169
FBgn0259745|miR14_medianThresh	1
FBgn0259749|miR14_medianThresh	0.268
FBgn0259823|miR34_Day20_medianThresh	0.473
FBgn0259937|miR277_medianThresh	0.795
FBgn0259937|miR34_Day20_medianThresh	0
FBgn0259984|miR277_medianThresh	0.862
FBgn0259984|miR34_Day20_medianThresh	0
FBgn0260243|miR277_medianThresh	0
FBgn0260400|miR14_medianThresh	0.898
FBgn0260400|miR277_medianThresh	0.648
FBgn0260474|miR277_medianThresh	0
FBgn0260632|miR14_medianThresh	0.818
FBgn0260634|miR277_medianThresh	0.187
FBgn0260742|miR14_medianThresh	0.014
FBgn0260743|miR277_medianThresh	0.456
FBgn0260795|miR277_medianThresh	0.046
FBgn0260936|miR277_medianThresh	0.439
FBgn0260941|miR277_medianThresh	0.525
FBgn0260960|miR277_medianThresh	0.753
FBgn0260990|miR14_medianThresh	0.909
FBgn0260990|miR277_medianThresh	0.099
FBgn0261243|miR277_medianThresh	0.931
FBgn0261258|miR277_medianThresh	0.554
FBgn0261285|miR277_medianThresh	0.01
FBgn0261444|miR277_medianThresh	0.736
FBgn0261445|miR277_medianThresh	0.962
FBgn0261524|miR277_medianThresh	0.642
FBgn0261552|miR277_medianThresh	0.583
FBgn0261597|miR277_medianThresh	0
FBgn0261647|miR277_medianThresh	0.954
FBgn0261648|miR14_medianThresh	0.902
FBgn0261686|miR277_medianThresh	0
FBgn0261792|miR277_medianThresh	0
FBgn0261793|miR14_medianThresh	0.908
FBgn0261793|miR277_medianThresh	0.607
FBgn0261885|miR277_medianThresh	0.364
FBgn0261933|miR277_medianThresh	0
FBgn0261983|miR277_medianThresh	0
FBgn0261989|miR277_medianThresh	0
FBgn0262103|miR14_medianThresh	0.68
FBgn0262476|miR277_medianThresh	0.77
FBgn0262508|miR277_medianThresh	0.553
FBgn0262656|miR277_medianThresh	0.084
FBgn0262699|miR14_medianThresh	0.21
FBgn0262730|miR277_medianThresh	0.051
FBgn0262734|miR277_medianThresh	0.481
FBgn0262735|miR14_medianThresh	0.92
FBgn0262735|miR277_medianThresh	0.902
FBgn0262737|miR14_medianThresh	0.88
FBgn0262737|miR277_medianThresh	0.717
FBgn0262738|miR277_medianThresh	0.654
FBgn0262742|miR277_medianThresh	0.448
FBgn0262782|miR277_medianThresh	0.535
FBgn0262801|miR277_medianThresh	0.473
FBgn0262975|miR277_medianThresh	0.616
FBgn0262976|miR14_medianThresh	0
FBgn0263102|miR14_medianThresh	0.902
FBgn0263106|miR14_medianThresh	0.92
FBgn0263197|miR277_medianThresh	0.389
FBgn0263199|miR277_medianThresh	0
FBgn0263235|miR277_medianThresh	0
FBgn0263594|miR277_medianThresh	0.782
FBgn0263740|miR277_medianThresh	0.494
FBgn0263773|miR14_medianThresh	0.848
FBgn0263916|miR277_medianThresh	0
FBgn0263993|miR277_medianThresh	0.443
FBgn0264075|miR277_medianThresh	0.071
FBgn0264078|miR277_medianThresh	0.448
FBgn0264307|miR277_medianThresh	0.254
FBgn0264389|miR277_medianThresh	0.579
FBgn0264490|miR277_medianThresh	0.412
FBgn0264672|miR277_medianThresh	0.656
FBgn0264694|miR277_medianThresh	0
FBgn0264712|miR277_medianThresh	0.677
FBgn0264750|miR277_medianThresh	0.015
FBgn0264785|miR277_medianThresh	0
FBgn0264894|miR277_medianThresh	0.617
FBgn0265003|miR14_medianThresh	0
FBgn0265082|miR14_medianThresh	0.902
FBgn0265274|miR14_medianThresh	0.245
FBgn0265297|miR277_medianThresh	0.559
FBgn0265434|miR277_medianThresh	0.756
FBgn0265464|miR277_medianThresh	0.152
FBgn0265575|miR277_medianThresh	0.514
FBgn0265605|miR277_medianThresh	0.806
FBgn0265959|miR277_medianThresh	0.028
FBgn0265974|miR277_medianThresh	0.734
FBgn0266084|miR14_medianThresh	0.895
FBgn0266284|miR14_medianThresh	0
FBgn0266375|miR14_medianThresh	0.953
FBgn0266410|miR277_medianThresh	0.015
FBgn0266411|miR277_medianThresh	0.404
FBgn0266418|miR14_medianThresh	0.909
FBgn0266449|miR277_medianThresh	0
FBgn0266450|miR14_medianThresh	0.905
FBgn0266450|miR277_medianThresh	0.516
FBgn0266580|miR14_medianThresh	0.004
FBgn0266696|miR277_medianThresh	0.34
FBgn0267002|miR277_medianThresh	0.438
FBgn0267033|miR14_medianThresh	0.801
FBgn0267253|miR277_medianThresh	0
