FBgn0000071	-2.68	188	269	TCGGACACACTTGAGATCGAGCCACCGCTT	GTGCCTTA	TGAATTTTGCTCTGCATCCGTCGGCTTGTG	8m
FBgn0000084	-2.15	64	141	TTTATTCGTGTTAATAGCTTTGATCGTAGT	GTGCCTTT	TAGGAAAATCGCTTTTAATGTCGTCTGCGC	7m8
FBgn0000152	-0.57	135	179	CCGCGAATGTTCGAGACCAACGGAAGTAAG	GTGCCTTA	AACCTAAAACTCATATAAATATGTCCACAG	8m
FBgn0000721	-0.28	501	704	ACACATCATTGTTAAAGCATACAAATCGGG	TTGCCTTA	TAGTCTGTAAGAGAACATTTGAAAGCAACA	7A1
FBgn0001222	-0.39	170	452	AACCACTATAATCATATGAATGATCTGTAT	ATGCCTTA	TGCACTATATATATGATATATAGACTAACC	7A1
FBgn0003048	-0.41	850	1450	AGTGGAATGACGACATGTAAAGCTCTCACG	TTGCCTTA	ATATATTAGACTGATTTTTTCTACACACAT	7A1
FBgn0003257	0.09	174	452	ATCTTCCGCAAAACAGTTGGCAAACGATGC	TTGCCTTA	AAGTAAGAGTTACAACAAATAGAATGGTTA	7A1
FBgn0003444	-1.67	586	653	CTCTTGGGCACACAAATCGTACCTCAGAAA	GTGCCTTC	AAGTTTACAAAATTATACATAATAATTTGT	7m8
FBgn0003480	-0.01	361	642	GCCATTTTCCGGGCATAATCATCTTATTTG	TTGCCTTA	ATTCCTTTTTTGTACAAACACTCAATAAAT	7A1
FBgn0003656	-0.36	94	616	AACAAGAAGCATTAACAAGCCGAGGACGAG	GTGCCTTT	CGCTTGCCAGACGCCCAACGGCACAAGGTA	7m8
FBgn0010316	0.37	681	1169	AATTAACTTCGTCAATTTCTGCACGTTTGG	ATGCCTTA	TTTATATGAATGCCGCCGAATGGACACAAA	7A1
FBgn0011204	0.11	638	822	AAAAAAATCCCCCTTCAAATGGGCAATATC	TTGCCTTA	TCTGGCTTACCTTTTCACAGTCTATGCACT	7A1
FBgn0014870	0.35	104	1589	GGAAGATGCTGCGGGTTGAGGACGATGCAG	GTGCCTTG	AATGGGTGATCTATTGTTCTACTATGTCCC	7m8
FBgn0015295	-1.90	208	297	AACCAATTTGTGTCAAAAGAAAGCGAACAA	GTGCCTTA	AAGATTTAGCATATAAGCTTTGTATTCATT	8m
FBgn0016984	-0.36	373	575	GCTTCTACTTGGTTGGAATTTGTTAGCGTG	TTGCCTTA	GCTGAAGATTTTGTTTTAATTTTTGAAATT	7A1
FBgn0020304	-0.76	878	958	ACTCAATTCACTGCTCACATGTCCATGCCC	ATGCCTTA	ACGTGTCAAACATTATCGAAGCCTTAAAGT	7A1
FBgn0021818	-0.20	234	601	TCGAAACCCACTTAGATGTAAATGTTTAAT	CTGCCTTA	TTTGCATTGTATTTCGGTTCTAGGCAAAAT	7A1
FBgn0023518	-0.47	566	843	GGCCAACCCAAAACTTGACTTTATGCGTGT	GTGCCTTC	CCCTCTGTTTACCATTATTATTATTATCAT	7m8
FBgn0024947	-1.16	70	519	AACGGATTGTTAGCTGAAATTGTTTATAGA	GTGCCTTA	GACGTGCATCGAGTATACTACAATCACAAC	8m
FBgn0025743	0.17	230	842	GCCCACTAACGTTCCAGAAGAGAACGCAAT	GTGCCTTT	CACAAGCCTCGAAATCGAAATTGAAATCGC	7m8
FBgn0026060	0.42	287	919	AAGTGGCGAGTCGAATTCTGTGTGTTTTGT	ATGCCTTA	TTAATCAATGTGGACCATCCACTCCAGCAC	7A1
FBgn0027949	-0.87	18	123	ACAGCTTAGTAGCTACTA	TTGCCTTA	TGTCCATCAAAACCCACCAAATCATAGTCT	7A1
FBgn0028897	0.42	4125	5510	AACAGTGTAGTAAAGCTGGAAACAACAAGC	CTGCCTTA	TAAAAGGGTTAAGGAACTGGTGTCCTTCGA	7A1
FBgn0029771	-0.08	386	612	AGAGCAAATTCCAAAGAGATAAGTTGTATT	GTGCCTTC	TGGCTCTGCTTCTTCCCTTCTTCTGATAAC	7m8
FBgn0029861	-0.07	257	478	CCAATCCCATCCAGCATTAAGGGTATATAT	TTGCCTTA	TGACCAGTGCAATAAATACGGAGTACAAAC	7A1
FBgn0030554	-0.28	108	229	TTTTTTTGATTATTGCAATGGCTGTTGCAA	CTGCCTTA	GGTGCTGGGAGCAGTATCTGGACTACCTCC	7A1
FBgn0031170	-1.24	148	591	AGCTCGACCTGACAATAGATAGCAGCTATT	ATGCCTTA	TTTCATTGTGATCATCTAGCGAAATTTGCA	7A1
FBgn0031250	-0.79	29	357	AATTAGCCAACAAAATAAGTCTGCCCATA	GTGCCTTC	GGGAGTTTCAGAATCTTAAGCATTATAGTG	7m8
FBgn0031403	0.35	125	253	CATTTGAAGAAACTATATTCATTTTCAATT	ATGCCTTA	ACGTCATCTAGAAAATCTTATTTTCAAAGA	7A1
FBgn0031589	-1.03	319	445	AAACGCACATCATATTCAGGAATGTGTAAT	GTGCCTTA	AACGAGAAGCGGAAGCGGAATTAGAATCAG	8m
FBgn0031779	-0.51	163	470	TAATTAGTTTAAGTGCATAGTTTGTGCCGG	CTGCCTTA	TCTCTTATACTAATTGCAATGTTTGCTTAG	7A1
FBgn0032051	0.05	32	414	CGTACACGCTAGGACTCCTTCATATTGTAA	TTGCCTTA	AGCCAGCAAAGTTTTCTCGTCTCCAGTCAC	7A1
FBgn0032700	0.31	205	732	CGTTCGCACTTGAACATCTTCCAACTAACT	CTGCCTTA	GCACAAAGTAATGTTTGTAACCGATATTTG	7A1
FBgn0032782	-0.48	472	535	TTTTTTCCTTATATATTGCATAATTTCGGA	GTGCCTTA	AGTGTGTTTATCTGATGTGAAAGCTGGGAA	8m
FBgn0032805	-0.70	272	429	TAAAGCAGGCATTTTAAATCATTTTACTTT	GTGCCTTT	ATTGCAATTTCACACATACATATATATACG	7m8
FBgn0033672	-0.04	101	155	CTACGCTGTGTCAATAAGAGTGACATCGTT	CTGCCTTA	GAAGTTCATTGAAATCAGTTAAGTTGAATA	7A1
FBgn0033913	-1.52	217	1053	TACAATTAAGATAAGACTAATCGTAATGTT	GTGCCTTC	AGCGATATCGAGTGCCTACCACACACACCC	7m8
FBgn0034083	-0.49	574	664	ATTAATTTTCTGTTTGAATTTGAAATGAGT	TTGCCTTA	AGTTTGGCCTTGAAAAAAATTTGAAAGAAT	7A1
FBgn0035132	0.45	536	680	ACATCCAGCAAAAATACGTAACATACAGAT	GTGCCTTG	TTAAAAACGAGATTGGTGTTGATTGTATAC	7m8
FBgn0035158	-0.08	19	220	AGTACCAAACCAAAAACAT	GTGCCTTA	GGTTATAAGTATGTTTAGATCTTTGAGTAC	8m
FBgn0035337	0.35	24	55	GTTTATTATGTTAGTTGTTAATTT	TTGCCTTA	GGAATAAATTACACATGCCTTCC	7A1
FBgn0035390	-0.98	344	738	GACTACACACGAAGAATCCGACGAGAACGA	GTGCCTTA	TGACGTCCTAGTTATTGTCGTCGCCCCCGT	8m
FBgn0035498	-0.88	507	701	CACGCTGATAACGATTATGATAACGATGTT	GTGCCTTC	GCCAGAGCAATCTTAACCCAAAACAAGTCC	7m8
FBgn0035674	-1.15	15	52	GTTGGATTTTCTCAT	GTGCCTTA	TTAGTCAAAATAAACATAGTAATAATTTA	8m
FBgn0035911	-2.62	137	170	TGTTTTATCAATGTCTATATGTATATGTAT	GTGCCTTA	ATAAAAGAAGTAAAACTTTATATGT	8m
FBgn0036299	-0.23	185	312	AAGGCTATAGTTTATAATTTATAAAGTCCT	GTGCCTTA	TTATAGTATTTGTTTGTGTACATACCAACT	8m
FBgn0037235	-1.41	93	410	CACCTAGTAATCTCAGTGGCTCAAGTACTT	GTGCCTTA	CTTAATGCCTTTACCTTGCCAACAACAAGG	8m
FBgn0037327	-0.72	120	835	GTATCGCCATCGCTTATTCCTTACCTGGCT	ATGCCTTA	TTCGCTGACCTCGACCCGTAAAGGTCGCAG	7A1
FBgn0037635	-0.19	1036	1523	CTTATAAATACGCTCGTACAATCCATAAAT	GTGCCTTT	GTGTTGAACAAAAACCATGAAGAAATCGGT	7m8
FBgn0037989	-0.78	852	1306	TAAATAGAGTTTTAGAATCAAAGCCTACAT	TTGCCTTA	GAATGTCCCTAGGGTTAAGTCCTTTTAGCA	7A1
FBgn0038432	-0.68	366	580	ATATTTCTACTATGTACTCAACACAATCAT	ATGCCTTA	TATGGTGTATGATTTTTGGATGCTATATAT	7A1
FBgn0038545	-0.48	198	258	CACGATCAATTATACTTATGTGTAATTCGA	ATGCCTTA	GTCTTCTAAACGACAATTAAACAAATAGAT	7A1
FBgn0038877	-0.88	115	854	GCCTGAGATTCACGATAGACTCATACCTAT	GTGCCTTA	ACCACTAATCGAATTCAGGATGAAGCGCTT	8m
FBgn0039113	-1.71	90	244	CAACATAAAGTCACTTTTAGGAGCAATTGC	GTGCCTTA	GAATGCGAATTTTAGAAAGTTTTAAGCAAA	8m
FBgn0039129	-2.54	37	131	AATACCAATACCACGATGGATCATCTTTGA	GTGCCTTG	GGTTTTCAAAACATTCTCAATAAATCGAAA	7m8
FBgn0039207	-0.20	225	604	AGTTTGTTAACGAAAAGTCTAGAATGTGTA	CTGCCTTA	TACGTATTGTACTTAGATGTAATCTCCACC	7A1
FBgn0039538	0.51	113	383	TTGACCCAGCTCCTATCTTTACCTTTCCCA	GTGCCTTG	GAGGCTTCTACAATCGTCCAAGTGTATAGA	7m8
FBgn0039756	-1.64	64	274	TTTCCTAGTATTAAGTTGTAGCACCAAGCC	ATGCCTTA	TGCTCTGTTTTTTATCGGGACCTGAGTCTT	7A1
FBgn0040305	0.27	556	778	TTTATTACCACCCCAGATCAAAAGCGATCC	ATGCCTTA	GGGACGTAATAATATATTTATATGTGGGGG	7A1
FBgn0040551	-0.52	30	106	GGGGATATTTCCCCAATATCAATTAACTAA	GTGCCTTA	CTGATAACTCTTGTTTTCAATCATTTTTTA	8m
FBgn0043796	-0.31	187	243	CTATTGTGTATACTCTTCTCGTTCTCTATA	ATGCCTTA	ACCAGTTGGATTTGATCTGGTTATAAAGTA	7A1
FBgn0050345	0.64	1327	6608	TTACCAACAAGACAATAATGACATTTGATA	GTGCCTTG	GCGATGTCACTGAATGAAAAGTACAGGACG	7m8
FBgn0052311	-1.07	84	152	GAGCAAAACTAAAACGAACTAAACCTACTG	TTGCCTTA	TTATGTATACTAAACCATTAATAATACTAA	7A1
FBgn0052528	-1.05	434	588	ATACATTATTTGAACACAATAACCGAGATT	GTGCCTTT	AGATCACACAGAGCTTTTGCAAATTATGTC	7m8
FBgn0052676	-0.04	840	1284	AGCGACTGCGATGTGGCGCTTTAACCTAAT	TTGCCTTA	ATAGAAAATCGTTTTTCACCTATTTTTTTT	7A1
FBgn0053172	-0.56	76	162	TGTCTAGTGTTTAATAATAGAAAAGTGAAA	CTGCCTTA	TCTGTCATTTGTTTAGATGTAACTTTAGTG	7A1
FBgn0053193	-1.03	118	287	TTATTTAACCATCGACTCATCGCGAAATCA	GTGCCTTA	TACGAAACCAGACGAGATGGTAGCCAAGCA	8m
FBgn0086347	-0.60	126	506	CACCAAGGACATGACGACTCTGTGTATACC	GTGCCTTC	CGCCAAACACCCGCTTTGTAGTTTTTAATA	7m8
FBgn0086384	-1.41	136	238	GTGTGCCTGTGCGCGTGCTAGAGTGTATGA	GTGCCTTA	ACCGTAGTTGTACTATATCCTACTATAACA	8m
FBgn0260659	0.38	197	528	CTTTCTTCTTGCCAAACATCCAAAACAAAA	GTGCCTTC	AGTGCTTTCCGCTTCGGCCATGACATACAT	7m8
FBgn0261015	-0.40	3309	4700	TGAAATCGTCTGTACGTAGTGCTTTGCATA	GTGCCTTA	AATCGTAATAGTATATCGTAAGCAAATATC	8m
FBgn0261545	0.08	3755	5571	AAACGCCGCATCTCTTGGCCAAAAATAAAC	GTGCCTTT	GGGCCAGTTGTTTGGTAAGGTCGGCTCTGC	7m8
FBgn0261995	0.01	89	267	AGATGATAAGATGCGTCCGCATCCGCAGCG	TTGCCTTA	TACACATCTTTTAGTCAACACCAACCATTT	7A1
FBgn0263998	-0.77	58	292	ATCGCCATGATTTGGTTTCAACGACCGCCG	TTGCCTTA	ACCTCATAACTATCGTTTCTAATTTGTAGG	7A1
FBgn0264302	-0.63	467	726	ATTCCATTCCATTAATCGCAATCTGACAAT	GTGCCTTT	CACGTAGAGACTCGTAAGAAATTTATACCG	7m8
