FBgn0000043	-3.31	137	360	CGCACAACACTTCCGCTCCTTCAGAAGAAT	GCATTCCA	TTCACTTTTATACACAGTTGTACACGACGC	7A1
FBgn0004390	0.26	1187	1463	CCGCGTTCAATCATATTGCCTTTTGTTTAT	GCATTCCA	ATCCAATAATTTGTGCATTTCTTAATTCTA	7A1
FBgn0010051	-0.02	49	775	AATACTAATTTTGGCACATAATTTTGGTGA	ACATTCCA	TGTGAACCCAAAGGTATTGGCCCCCTTAGC	8m
FBgn0010309	-0.52	202	351	TGTTCCTATTATTTGTGTAACGACTGATAC	ACATTCCA	AGTCTGTAATTATAAATTATTTATGTTGTT	8m
FBgn0010380	-1.08	268	355	ACTAACGTGTAATAGCAACGTTGCATAACC	GCATTCCA	AAACTCTGTAACCCCATATGTCCTATGGTC	7A1
FBgn0010638	-1.16	240	360	ATCCGTTCGTTCATCCGGCGGGCTGAGAAT	TCATTCCA	CAATTTATCGTGGTCATGTGCATCAGAAAT	7A1
FBgn0014075	-1.54	221	331	TAACTCGATTTCGAACGATTTTCTTGTCTT	GCATTCCA	AGAGCTACTAATTAAGTTAAGCCGAAATTA	7A1
FBgn0015766	-2.18	294	667	TTTTGTATATTTTATATTAATGCGTGTATA	ACATTCCA	ACCAACCAACCAACAACAACAACTAGAACA	8m
FBgn0020312	-0.12	136	380	TAAAAATAACACAAAGTGAAGATATGTGGT	CCATTCCA	CACAATTCCGTTGTACTTATTAGTTATTAA	7A1
FBgn0023508	-0.53	164	358	AACTGTTAATTGTTTGTGCCCGCCCTCCGT	TCATTCCA	ACTCGGTTGTCCCCGCCTGCATCACAAATC	7A1
FBgn0025743	-0.91	726	842	CCAGACATACACATATGCATATATCTAAAC	ACATTCCC	GATTTCGAAAATATTTTAGAACTTTTAGCT	7m8
FBgn0026433	-0.41	81	125	ACCTGCACCACTACCTATAATCCCGACCAA	ACATTCCC	ATACCAACTGAATTAAAAGCAGCTTATCTT	7m8
FBgn0027512	-0.64	399	514	GTGAACGCTGGCCTACGCGAATATTTGTAG	GCATTCCA	CTAGAACCTAGCTTAGTTAGTCCATCCCAC	7A1
FBgn0027529	-0.94	103	158	AGGAATATACATATAACTTATTACGACGAA	ACATTCCG	CCAGATGGAACCGATAATAGCTAATAAACT	7m8
FBgn0027532	-0.82	178	505	TACTTTCGAATGTGTTCTATAACCTATGAA	ACATTCCC	GATTTTATTACTCTATATTACTTTCAATGC	7m8
FBgn0027548	-0.37	1122	1397	ATGCTACATTTGTTTCAGTGAGTTCAAGTG	TCATTCCA	CGGACCGAGATCAGTTTATACACAATGATA	7A1
FBgn0027596	0.80	86	440	AAATTAGCATTTCGTAGAGCTGCTCAGAAT	ACATTCCA	TACCGCCATACTGCGGAAAGGCACAAGGGC	8m
FBgn0027598	-1.92	290	525	AATTTCGATAAGTATTTTTTATACACTCGT	ACATTCCG	AAGAGCAAAAGGGTGTGATTTCTTTTAGCT	7m8
FBgn0029713	-1.71	33	557	ATGATTGCCATTACAAACAGATGGACTGGC	ACATTCCC	TTCACAAAGCAACCAAATATTTTTGGTCAC	7m8
FBgn0030327	-0.61	64	368	TTGTTGATCGATCTGTAAATCCTATCTGCC	GCATTCCA	CCTGGAATTTCCATGGTGCATATCGATTCG	7A1
FBgn0030411	-1.15	76	217	AGAAGCTTGGGATATTTCTTTTTAGATGCA	CCATTCCA	AATAGACCAATTGCAACGACGTGTTATAGA	7A1
FBgn0030456	-1.66	29	562	CCTATATCAGCAAAAGGAGTAAAGGTTGC	ACATTCCG	CCTATAGCTTGAGGTCTAGCCCGAGACGTA	7m8
FBgn0030514	-0.91	423	436	AATCCAATAAACAACGGCGCCTAGGGCGCT	ACATTCCA	CAGTA	8m
FBgn0030519	-0.70	35	211	AGTGATCAACAATAACCCAGCCCAGTTAGC	ACATTCCT	CAACGAGACAGTGTGTGTGTGTTCCCTTTT	7m8
FBgn0030675	-0.97	383	461	ACTTTTTTGTTATACATAATTTTAAATATT	GCATTCCA	TTTATAATATTTTAAATTACAAATGTAAAT	7A1
FBgn0031070	-0.65	156	198	TAATGCAATACATTATTGCCGTGCAAGGTT	CCATTCCA	ATTCCAATTCAACCAAAAATACAAAACATT	7A1
FBgn0031091	-1.28	141	278	GATGACAACATCACGATACATAACACTTGC	ACATTCCA	TTAACCATCACATCGACTAGGTTGTGGACC	8m
FBgn0031285	-0.91	351	480	GGATCGGTACACGCGCACAGACACACTGCG	GCATTCCA	AGAAAAACAACCTGAGGGCGGAAAACATGG	7A1
FBgn0031478	-0.60	254	429	TTCGTACACACAAATCGCGACCTTTTTGTC	ACATTCCC	CATCTGATTTAGTTCGTAAGTCGAATGTTT	7m8
FBgn0031489	0.11	81	91	ATAAAACTGCATGCTGCACTTTGCTCTGTG	CCATTCCA	GC	7A1
FBgn0031598	-0.81	27	212	GTTAATATACGGCTACATCTTGAGAAA	TCATTCCA	CTAAGTTAGCTTTAGTTTGACAATATCGGT	7A1
FBgn0032635	-1.50	33	328	TTAGCACTCTATATTACTCTAGTATTACCC	ACATTCCC	CCATGAAAGCGAAACATACATACATACATC	7m8
FBgn0032782	0.06	76	535	CACCCCGCCGGGTTGACCTTCAGATTCAAT	GCATTCCA	GTCCGCGGAGGGGCAGGAGCTTCAGACCGA	7A1
FBgn0033032	-0.55	94	166	TACAAATATATACGATGTAAGGTAGAATAG	TCATTCCA	CTAAATCCACTACAAATGTTTTTAAAATGT	7A1
FBgn0033087	-0.87	665	878	TATCATGTACTTCTCGCCACTTAAACGATG	CCATTCCA	AACATAATTTTATTTTAACTCCTAGGTTTT	7A1
FBgn0033101	-0.73	77	235	TTGGCTAGGAATGCAAACAAAACGACTGTG	GCATTCCA	AGAGGGGTGTTTTGTTTTAGTTGTTAACTC	7A1
FBgn0033212	0.20	100	651	TGATTTATAAGTGTTCTAGTTATATGCTCA	ACATTCCC	TCACGTCGATCCCTAGTCCTTCACCCAACC	7m8
FBgn0033246	-0.50	273	364	ATTTGATTATGTATATCCCCTGAATACAAA	TCATTCCA	TTAGTTGTATAAGAACTAAAGTCCTTTGTA	7A1
FBgn0033713	-0.97	91	650	TTACTGTAGTTAATTTATTTAGTACATATT	TCATTCCA	AATGTTTTTGTGAAGAATCAGTGTGTAATG	7A1
FBgn0033973	-1.35	15	200	TGCATTGGCCATTGG	TCATTCCA	GATTTATAACATGATTTCTAGTCAATTTTC	7A1
FBgn0034009	-0.96	486	763	GAAATTGCTTTATTTCTCTAGTCTGCTAAT	GCATTCCA	TGCTGTTGTAAAAACTATATTTTAGATTTA	7A1
FBgn0034025	-0.39	402	918	TAAGGATGTAAGGCAGGGTGTGGAACGATT	GCATTCCA	TGGCCAGGGATTCAACAAGGAGCTCTCCTG	7A1
FBgn0034063	0.53	94	279	ATAGGCGATGAAATGACTTCCCCGTAGGGA	ACATTCCA	CTCTCGCCGCAGTAGTTATCTGAGTTGTGA	8m
FBgn0034271	-1.31	96	528	CAATCTCATGACATTCTTTACGTGTAATTA	ACATTCCG	TTTAGTTCAAATTAACATTGTGTTTAAGGC	7m8
FBgn0034380	-0.88	25	105	GTATTTGTTTCCACAACATAAAGCA	ACATTCCA	CTTAAAATCTCCGTCTATTTTGTTAAACGC	8m
FBgn0034500	-1.76	26	115	AATGAACTCCACACTCAGTCTATCTC	ACATTCCT	CCTACTGGTGCAACGTACTTTTCTAGATAC	7m8
FBgn0034951	-0.77	121	334	CCTGGATAATTGTAATGGTTAGCAGGCAAA	GCATTCCA	AATCCCGCCGTTTGATACCGTCACGTTCAT	7A1
FBgn0035148	-1.12	365	546	TAAACAATTTTGTACTTTTATACGTGCAGA	CCATTCCA	AAACCAAACAGAAGCAGCAGCCGAACGCAG	7A1
FBgn0035444	-0.68	177	410	TTCATGCCAGCCTGCGGAATGCCCCCGATT	CCATTCCA	GTCCCTGTCCGGAGAATGGTCATGTACAGT	7A1
FBgn0035449	-1.80	530	758	CATTGTTCCTTAACTGACATCTTTAATTTG	GCATTCCA	AATTGAATTGTAAACCCTTATAGTTATAAG	7A1
FBgn0035499	-1.71	48	678	AGGATCCTCCGCCCCACACATCGCTCTCAG	ACATTCCG	CAACGAAAGACCAAACCAAAACGCCAACAT	7m8
FBgn0035944	-0.76	49	222	CTAAGTCACCTTGCCACCGTCTGCTGCAGC	GCATTCCA	AAGAGTATTCGACGCTTCTTCTGGCGCGGA	7A1
FBgn0036053	-0.37	409	488	CCCTCCAATTGAGTCGTTTAATTGATAAAA	ACATTCCG	TGCCTCTGTTAGAAAATGAATGTGTATGTA	7m8
FBgn0036116	0.05	32	409	GCATATGCAAGGACGTAAATCCGCCAGCGG	GCATTCCA	ATTCAAGCGAAAGTATTATGAGCAATCGAA	7A1
FBgn0036299	-0.40	74	312	AGCACAAAGAGAAAACATATCAACATTTTT	ACATTCCA	AATATGATTAAGTTAAATGTGAAATCCCTT	8m
FBgn0036365	-0.56	24	200	CTAGAGAATAACCCAACAAAGCAA	ACATTCCT	TATTTAAGAAGTCATCATCTGTACGGATAT	7m8
FBgn0036614	-1.67	28	116	AATGCCAGTCTTCTTATTCCATAGTATT	CCATTCCA	GAGTCTAACCCGCGTGTAGATAGTGTACAA	7A1
FBgn0036842	0.01	260	509	AACTATAATGCCCTCGATTGTCCACCGAGT	ACATTCCG	CATCTATAATCCGTGTCACAAAATCGATCC	7m8
FBgn0037022	-0.61	18	132	AAGTAGAGATATTGTTAG	ACATTCCA	AGCAAGCGGAACTTTCGGTCAAAATAGGTG	8m
FBgn0037116	-0.98	299	347	CTGTTTTGTATATTCTAGGCCAACGCGTTA	ACATTCCA	ATTACTCACCAAAGCAAATAAACTATCTAC	8m
FBgn0037240	-0.48	97	253	ATTTGAGTAAGTGAAGTTATAAAAAGAACT	ACATTCCA	TCCGTGCTCTCTTGCAAGCCCCTTAATTGA	8m
FBgn0037315	0.41	196	285	TGGCATCTGAAAGATGCGGCAGCAACCTAA	ACATTCCC	CTCGGAAGCATTATGCACATACCTATATAT	7m8
FBgn0037491	-1.19	33	130	CCCACTAACTGGATTACAACTCATTTATAG	ACATTCCT	CCAAACCAGATACACCGCTTACTGTTTTTT	7m8
FBgn0037739	-1.67	93	285	GTATTTTAGTTGTACATCATCGGCAACTCG	ACATTCCA	CGCGATGCATTTCTAGTTACGTAAGCCAAT	8m
FBgn0038407	-0.92	121	208	TGCCTAGTAGTAAGATTTAATAGTTTCTAT	TCATTCCA	AGCGAATAAAACGATGTGCAGAATATGGGG	7A1
FBgn0038463	-3.18	20	177	CTCTCCGAAAGCCCAACGTA	ACATTCCA	GTTTATACTCCGTACATTCACAAACTGATT	8m
FBgn0038475	-0.34	97	516	GTATCCCCTAGAATTCCATGTTGAGAAGCA	GCATTCCA	TTGTAATATTACTTACTAGTGTGTTCGCTA	7A1
FBgn0038564	-1.77	706	862	GGCCACAATTCAATTCTGACTTCATCGTAC	ACATTCCA	ATTTACAACGGCAACGTACTCGAGCACGGA	8m
FBgn0038830	-2.11	21	76	GACTGCCTTTACCATAAAAAA	ACATTCCA	GTAAAGTACTCCAATTTTCGCACAATAAAG	8m
FBgn0039141	-0.92	451	1030	CCACATTGCTTTATAAATTAGTTTTTTGAA	ACATTCCG	TAGTGATTTTTTGTAAGACAGGCGGCCCAA	7m8
FBgn0039665	-2.18	42	204	AATCGGGAGGCGCGAGGTCCTCTACACTTT	ACATTCCA	CCTGTTCGCCTTTTAACTTATTTAGTTAGT	8m
FBgn0040212	-0.52	66	1019	AATAGTATCCTATTTATATTGGCATAATTA	ACATTCCC	TATTTTCCACCTGCCATTTAAGAGTTTTTG	7m8
FBgn0040336	-1.17	357	426	CCATTGCAAGCCAATTAGCTTAAGAAAAAA	GCATTCCA	TTTGTACATGAAATTTTAGCAACAAACAAA	7A1
FBgn0040375	-1.40	480	547	CCAACTAATTTCCATATTTGTAGTACGAAA	ACATTCCA	ATAACGATTATGCAATGTATGTATATGTAG	8m
FBgn0040600	-0.43	312	1160	TTGGCAGGGGACAGGGCAATCTGTGTAACG	ACATTCCT	TCTCAACAATAACTATCAAAAAAAAAAAAA	7m8
FBgn0042177	0.12	719	3501	GGGTGACACTGACATTCTCGCCGGGATCGA	CCATTCCA	CCGGGAATGGCCCACAACTTGTTGTCGGAC	7A1
FBgn0042180	-2.20	505	828	TATTCCAAGGGCCAGCCAAGACTGGGCCGA	GCATTCCA	CATAGTTGTACCTGTTTCTGTACTGCATAG	7A1
FBgn0050183	-0.30	219	608	TAGCCCTATGTATCATATGTATGAGAGTCA	ACATTCCC	TTCCCTTAGCGGGATATAGTCATTCAAACT	7m8
FBgn0050389	0.28	363	1076	CAATCAAATCCAATTTCCTCAATTAATTCG	GCATTCCA	AACAGAAATTTCCTTACATAACTGACCGCC	7A1
FBgn0050403	0.18	26	1102	AGTTTCTTTTGAAAATGGTGGAGATT	ACATTCCT	TTAAATGAATCTGTGAATATGGTTATACGT	7m8
FBgn0051342	-1.15	98	775	AGGCAATTTCGAATAGCTCCGGGCCAGTAA	TCATTCCA	TCTTCGCGAAAAGGTCAATGAACGCAGCCA	7A1
FBgn0052536	-1.54	60	1476	CACCAACCTCACCAGCCTCACCCACTCTGA	CCATTCCA	CAACCGACCACCTGCATTCTGTTTCCCCTT	7A1
FBgn0086253	-2.69	78	225	TTGCTTAGAGCAGCGTGAATCTCTCTGTCC	GCATTCCA	TGCATTTTTGATGTCCAAGATTTAGAGAAC	7A1
FBgn0086359	-2.27	534	825	CAGTTCTATGCTTCTTGAATATCGATCTGT	ACATTCCA	AAGCCTATTGCGAAAAATATTTCATTTATG	8m
FBgn0086372	0.47	843	1196	TGATTTGCTGTACGGCAAATATTTGTAAAT	GCATTCCA	AACTAGCTTCAATTTTGTCCAAATTTAATT	7A1
FBgn0086757	-1.09	113	182	CGCAGCACTGTGTTATTTTGTTTACCAACA	ACATTCCA	TTTTGTTGAATAGTATTTATTTCTACCGTT	8m
FBgn0259221	0.82	66	801	ACGCTTTTCCTCCGGGCCGGAGGTTCCCCT	ACATTCCT	CCATACGTATTTAGTTTTTGTTTGTCCAAA	7m8
FBgn0260862	-0.48	66	293	AGCCCAAATTCAAATGTTATAGAAGCCTGT	CCATTCCA	ATTTCGTGAGTTGATTATTTATTGTTTAGT	7A1
FBgn0261015	1.37	20	4700	ATGTACATGCAGCATGAGCG	ACATTCCG	ACAGCGACCCCAACTCCCGCCATCAACAAA	7m8
FBgn0261545	-0.28	1972	5571	AACGATCCTCTGCAGACTTTGTCCCCTCGG	ACATTCCA	TGATGACCAAGCCGAAATCTGCCGCAGACT	8m
FBgn0261674	-0.40	570	654	GATTATTTACCTATATACTCTCCTCATATC	ACATTCCT	ATCTTCAGACAACGAAATTAAGCACCAAAT	7m8
FBgn0263110	-0.18	427	1411	CGCTTGATGAAAATCTGAATGAATAATCAA	TCATTCCA	TTTGTGGCGGTGCGGAGAGATAGCTCGGCA	7A1
FBgn0263601	-0.69	19	171	AAGCCCGTTCCCGGTTCAC	ACATTCCG	CGCACAGTCTGCACAGCCTTCGAAGTATTA	7m8
FBgn0264089	0.72	2649	3658	AACCCGCCCAGCATGAGTCCCGCAGCAAAT	ACATTCCC	TCCATCCCCCCACCATCCGTCATCCGCCAG	7m8
FBgn0264302	-0.72	440	726	CATTAGCAACCAGTTTTGTTCGAGCCGATT	CCATTCCA	TTAATCGCAATCTGACAATGTGCCTTTCAC	7A1
FBgn0264560	-0.60	123	323	TTTATGCCTCCCCCCAACTAAAGTAGAACT	ACATTCCG	CCATGGCGTGTGTTTATTAAGCTATCCAGA	7m8
FBgn0267795	-0.45	169	736	TTCGAGACACTCTTACACATACACAAATTC	ACATTCCC	TTTTATGCAAATCCTTATATTTTCGAATAT	7m8
