FBgn0001280	-0.36	71	241	ATGAATTTATACCATTGGCTTTGATCCTGT	GTGCCATG	ATTTTATTGGAAATGGCATTTAAAATTGAG	7m8
FBgn0003480	-0.30	544	642	CATGAAATTCTCAAAAGTTCAGATTACAAT	TTGCCATA	GTTTACGCGGACATTTAAATGCGACATTTA	7A1
FBgn0004197	0.55	382	897	AAAAGTTCAGCTAGGCAGGCGTTTTCCGCA	GTGCCATG	TCGATGTGGAAGCCCAAAATATTTAAGTTA	7m8
FBgn0004381	-0.06	217	459	AAAGATTTTTTATTAATTCCACTTTAGTTA	ATGCCATA	TGCCTTGAGTGACTTGGCCAGTCGACCCCA	7A1
FBgn0004390	-0.14	1104	1463	CTAGAACTAGAATGTTAAATAATCTAATTT	TTGCCATA	TTTAGTTCAGTGTTCATCAATCGCATTGAA	7A1
FBgn0010316	0.32	233	1169	ATGAAACTTTTTAGATTTCTCTAGTGAGAA	ATGCCATA	AACTAAGTGATTAGTTCTTAACAACAAACA	7A1
FBgn0010768	-0.08	326	746	GCAATCCTACAGTTTCTGTGCTATTTTCAA	CTGCCATA	TGAAAGTAATATGTAATATCTAGATCAACT	7A1
FBgn0011211	-0.37	221	488	CTGGATCGATCGCCTTCAATCCGTGGTTCG	GTGCCATT	ATGCCGCAAAATCTTGGGAGAGAGAGAGCC	7m8
FBgn0016038	0.43	22	535	ATTGCCGTGACACTCCCTGGCC	GTGCCATC	CAGAGCACGGTCCTCCCACTCCTCGCACTC	7m8
FBgn0016075	-1.20	128	367	CCAAACAAACAAAACTTTAACCACAGAACA	GTGCCATT	TTCCGTGGAGATGTAATCTAATTACGTGGA	7m8
FBgn0027342	-0.69	774	1109	TCGTAGCCGTAATGCCTAATTGTATTCAGT	GTGCCATT	AGCTTTAGGGACTTAACTGAAACGAGTCAA	7m8
FBgn0027532	-0.17	50	505	CAGGACTTGCTGGACAAAATGCGTTTCACA	CTGCCATA	TAGAAAAAAAGCAAGTGTTATTTAACTTTT	7A1
FBgn0027609	-0.32	94	200	ACTACATATGCCTGTGTATTTAGCTTAGTT	GTGCCATC	TGGATTGTTTATTTTGGCCTCCCCTCTCAC	7m8
FBgn0028717	-0.95	57	468	TCGCGGCTTAACCAGCGGAACTTTACTTTT	GTGCCATT	TTAATCATTGTCCTAAAGGAGAGGAAAATT	7m8
FBgn0028926	-0.08	48	69	GAGCTTAGTGTAGATTTAATCTTAAAATAT	ATGCCATA	AGTTGAACTTTCA	7A1
FBgn0028953	-0.21	386	589	GCAGATTGTGGGCAGAACACTCGTTAAGTG	TTGCCATA	TCGCTTTGTAATTAGTGTTTTTTATCCCGC	7A1
FBgn0029789	-0.56	530	592	TCTTACAAATGGATCAACGACCTAATGTAG	CTGCCATA	TGACACAAACCGACTTTCATCCCAAACTAA	7A1
FBgn0030276	-0.37	1366	1667	TATGATTCGAAACGAGAAGTAGCTTTCCTT	TTGCCATA	TGTATTCCACCAAATGTATGTATGCTCTTC	7A1
FBgn0030502	0.09	544	1245	TTCGTAATCAATTATTTTCGGGCATCATCT	ATGCCATA	AGTGAAACAGCACAATTTGAACTATGTATA	7A1
FBgn0030612	-0.01	112	381	TGTACGACAATCTGCTTTGAGCTGGAACAG	GTGCCATG	TGCCGCCACCCATCCCCAAAATGTGCATTT	7m8
FBgn0030685	-0.33	465	555	ACTTTTAAAATGTAAACTTTAAACTGAAGT	CTGCCATA	TACCATATCAAAAAAAAAAAAATAATAATA	7A1
FBgn0030745	-1.28	392	742	GCTGCAGAAACCAACCACAGACTTATTAAG	ATGCCATA	CTTAAGTGCTTTAAACATGGCCCATACAGC	7A1
FBgn0031321	0.31	4253	5165	GTGGCTCCGCCCACCCGAAACATGTTGTAA	CTGCCATA	AAAAGCGGCTTTTTATGGCCGAAGTAATTT	7A1
FBgn0031489	-1.00	78	91	ACAATAAAACTGCATGCTGCACTTTGCTCT	GTGCCATT	CCAGC	7m8
FBgn0032876	-0.92	78	335	ATAGGGCATTCTACCATTTTTAAATTGTGT	GTGCCATG	CAGTCTAGTCCGCTTTTTCATGTATAGACA	7m8
FBgn0033178	-0.74	17	46	TTTGAGAGATTGCTTGA	CTGCCATA	AAGAGAATACAAGTAAGCACA	7A1
FBgn0034063	-0.09	236	279	CCATTTTAGCCCCTAGACCTAACTTTTGTA	CTGCCATA	AGAGCCAAAATACAAATTAAAGTATGCATA	7A1
FBgn0034455	-0.21	18	257	CTGTCCTGTCCACCACTG	GTGCCATC	TCATTTCTGCGTGCACGTGCTAATAACTGT	7m8
FBgn0035032	-0.30	151	159	AAGTGAATAAAACGGCTGCGAATATCCATG	CTGCCATA		7A1
FBgn0035499	0.41	391	678	TCTATATAAACCGCACTCAGCTTCATCCTT	GTGCCATC	GAAGACAGTTGGAGATGGAGTCACCATGCA	7m8
FBgn0035827	0.08	140	506	CTTCGCCGGAGCAGGTGTGTGCTTGTGTGT	GTGCCATC	AACACCCGCATTGAATTTAGTTTTTAAGCA	7m8
FBgn0035987	0.07	56	1375	TATCTACCCAACTCTAATCTCAAGAGTGCA	ATGCCATA	GAACAACAAATCGAGCAAACAGAACAGATC	7A1
FBgn0036116	-0.30	398	409	ATAGCAGATAACCACAATAATAAACACATT	TTGCCATA	TTA	7A1
FBgn0036147	-0.81	35	260	GCTAATTTAAGTCGTACTCTTTATATCAAA	CTGCCATA	TCGGCCACTCCAAAGAACTGCATACTAAGC	7A1
FBgn0036333	0.01	84	137	TATATAAATTTGTAACCTATTAAGTTTCTA	TTGCCATA	TGTGAGCATTTCAATAAATAAAGTATATAT	7A1
FBgn0036486	-1.90	184	423	AGTTTTTATAAGGAATTTGAATCAAAACCT	GTGCCATT	CTCAACATTCTCAATTAAGCAAAATGGAAC	7m8
FBgn0036804	-0.60	32	57	CAGAGCTAACAATCATTTTCGTAGTTTATT	CTGCCATA	AAAGTACACCTTTAAAT	7A1
FBgn0037000	-1.05	73	8027	TTTAGCTAGTTCTTAAGTTAGTTTACGAAT	TTGCCATA	TAGATATATGGATATATAGACGTTTGAGCC	7A1
FBgn0037057	-0.03	45	433	GGACTTACACTAGGGAGTCAAGCATACCCA	TTGCCATA	TGTTGAAGACGCCTCTGCATTTTGATGGAC	7A1
FBgn0037120	-1.75	36	578	AGGAGTTGATAGCCAACGCCAAATGCGAGT	GTGCCATA	GAAGAAGGATTTGTAGAACTAGTTCTTGCC	8m
FBgn0037142	-0.22	296	567	TAACTAGCTCGTCGCGCACTTATGCTTTAG	TTGCCATA	TATGTATAACCAGATGTGCGACCGATACTT	7A1
FBgn0037647	-0.57	183	381	TATGTTTTTTATCGCTCACTTCCTTCATGA	CTGCCATA	ATAGTTAATGGTGTAATTGTAAATATGGCA	7A1
FBgn0038233	-0.32	446	930	AATTGAAATATCTTGCGTTGCGATCAATCG	ATGCCATA	TTTTTTATAGGCCAAACCTCGGCAGTGCAA	7A1
FBgn0038564	-0.43	320	862	CACATTTTAGTTTTAGTTTTAGTTATTCCT	TTGCCATA	TTTCTTCTCTAGTCAAAAAGAAAAGTTCCC	7A1
FBgn0038682	-0.33	180	406	GTGGAGAGACGGTGCTCAATCGTCTAATGT	ATGCCATA	AATTTCCACGACAAGCTGAAAAGCATTCCG	7A1
FBgn0039269	-0.79	20	229	AGGCACATCGGCAAAAACTT	GTGCCATA	GTAGTTTTTGCCATTAGACCATGCTGATAT	8m
FBgn0040305	-0.25	307	778	AGTGGAGCAGACAGAGAGATAAATCAAACA	TTGCCATA	AATAAAGTTTGTGAGGATATGTGTCGCCTT	7A1
FBgn0040602	-0.13	178	223	CAAGTGAACGTATAACATTGTATTGTGTAC	ATGCCATA	CTTATCCATTAAAAATTGTTGACCAGCATG	7A1
FBgn0045064	-0.66	141	265	TGCTCATCGCGGAAACCAAATTATGTATAG	ATGCCATA	TGGAGCGATAGTTTAGGAAGTATGTATGAT	7A1
FBgn0050115	-0.22	43	209	ATGCACAGACGAGCCGTTGTACACGACCCA	TTGCCATA	AATGAAATTCCTTTATTATTTCTACATGTA	7A1
FBgn0050404	-0.78	155	633	AAAGGCTCTGAGAGAGACTTTGTTTTTTGT	TTGCCATA	ATTTTGTAGACTAAGCTCCGTAATAAATAA	7A1
FBgn0052625	-0.73	1584	3100	AAACGAAATTACAGTCGCGGTCACAAAATT	ATGCCATA	TTAGATGATTTCAATAAAAATAGGTGAAAT	7A1
FBgn0052758	-0.38	260	1893	AGCCCACATAACACATCTCCTTCGGTTAGC	TTGCCATA	TTCCGGCTGGTCAGTTGTCGGGCCTCCGGA	7A1
FBgn0063498	-0.88	29	136	AATTTGTATTAAAAAAAAAATACCATCAA	ATGCCATA	AATACCATAAAAACAAATCAAATCGAATAG	7A1
FBgn0086347	-0.53	446	506	TACTTAAAGCGAAAGATCACAAACATATGT	GTGCCATT	TGCAAATATTATTGAAATAATATATGAAAT	7m8
FBgn0259791	-0.79	266	283	AGTTTAGGGTACTTAATAAAAGTCCATTCG	ATGCCATA	TTTAATGTA	7A1
FBgn0260027	-1.21	48	225	AGATTAGCTTCTTTTATACACATTTTTCAT	TTGCCATA	TAACTTTCTGAAGCAGGGATAAAAATAGTT	7A1
FBgn0260639	-1.26	22	261	TCGCTTGTGCCAGAAGAAATGC	GTGCCATG	CATCTTAACCAATGTATTTTAAAATGTAAT	7m8
FBgn0261859	-0.30	614	1643	GTTCGGTTTCTTCTTTTTCATTTTTCGCAA	TTGCCATA	TCGTGTTATATATCCCTATACTTTAATCGT	7A1
FBgn0265193	-0.75	27	88	CAATATGCCTTGTTTATTTATTTTCTA	GTGCCATG	TACATAATCCTAGCCTTGTAGTTTATTCGT	7m8
FBgn0266572	-0.14	151	781	TTTTAAATGTAATATGCTGTCGCATTTTGC	ATGCCATA	TTTCCCGATACTGTCTGTCATCTACTTCAG	7A1
