FBgn0000119	-0.24	154	782	ATATGTATGTGAGTTTAATTGGTCATTTAA	GGCTTTAA	CTAATTTTAATCATAGCTTAGAGAGAGCGT	7A1
FBgn0000212	-0.35	203	235	TCTCCCAATTCTATTGATTGTATAATTATG	TGCTTTAA	AATAAATGCATACCTAACATAAAG	7A1
FBgn0000330	-1.37	29	167	GACAAAATCATCATCCGGATTCCAATTCC	AGCTTTAA	TTAATAGCTAACGTTAAGTGTATTCCGCTT	8m
FBgn0000723	0.18	567	638	TTACTCTAATACAACTAAGCTCTAAGTTAA	AGCTTTAA	GTTTTGCTGCGCTGCTGAAGTGAATAAATC	8m
FBgn0000928	0.36	160	244	TTTTACAAATATTAATGATAATCGAACGTG	AGCTTTAA	TCGTTCGACATCATCGGATTCAAAATATTT	8m
FBgn0001301	-0.76	682	897	GGACCGCTTCGTTTCAGTATGTTAAGTTAT	GGCTTTAA	ACCGGAACAATAATATTTAGCCAACTATTG	7A1
FBgn0003495	-0.75	160	379	ACACATAGACCAATGTGCATATTAATTTAG	AGCTTTAA	GTCGAGTCATTTTAACCATATTCGTGTCAT	8m
FBgn0010246	-0.37	29	202	GAATTTACTATGACTTTCTTCAGAAAAGT	GGCTTTAA	ATCAAACGACCTTGTTTTGTTATATTCGTG	7A1
FBgn0010280	0.12	81	290	TCCGTGGACTGTCGTGTTGTTGTTTTATAC	AGCTTTAC	GATTTCATCCACTTGCAATATATTTTAGCC	7m8
FBgn0010905	-0.35	1128	1312	AAGTATGTCTGTGTGAATGGGCGTGATTGT	AGCTTTAA	TTTCAATTTACTTTTTGTATAAATATTTAT	8m
FBgn0011204	-1.01	459	822	GAAATGAATGCAAGTCGCGCGACTGACATT	AGCTTTAA	AAACGGATTACGCGGCCGCAAGACCATTGC	8m
FBgn0011336	-0.00	116	295	AAAGTGTGTCCACCGCATCCTCATGTTGAG	GGCTTTAA	TCGCCGCCTCAAATTCAACTTTCACATACT	7A1
FBgn0011638	-0.23	84	288	TAATTGTTACTCGGTAGATCTAGTTGACCT	AGCTTTAA	GGCCTTACATATATAATACTTGCTTTCTCT	8m
FBgn0013983	0.03	355	376	AAGCATTTTTGTAAAGTTTATACAAATAGA	AGCTTTAT	TGTTACGTAATCA	7m8
FBgn0015359	-1.41	37	260	CCAGCAGCGAACGGCAGTACAAATAGCCTT	GGCTTTAA	GTCTCCTTAAGTCTAACCTACTAAAACCAT	7A1
FBgn0015793	-1.09	73	283	TGTTCTTGTGGCTATATATTAGTATTCTAA	TGCTTTAA	CCTAATCCTAGACACTAACTTTTACACAAC	7A1
FBgn0015801	-1.56	150	280	CCGTTTGAGGAGTTTTCTTGAATGCACTTG	AGCTTTAA	TGGAATTTCGTATCGTATTCGTTTAAGTTT	8m
FBgn0016038	-0.70	416	535	CATATATACATATATATTAAAAAAAAACTA	TGCTTTAA	ATGATGCCGTCTCTTTCTATTTAAGGGAAA	7A1
FBgn0016119	-0.32	32	146	GATCGCTCTTCGCGAATGAGTTAGTCTAAT	TGCTTTAA	GTTCAGCTGCTGATTTCGCCTGTGCGCCCC	7A1
FBgn0016794	-0.19	513	544	GTGTGCGACACAAGCTGTAGCTTGATTTTG	TGCTTTAA	AAAATATATATACAATAATACCA	7A1
FBgn0017429	-0.47	37	99	TCCTCTGGTCGTTAGCTATTTGGTAGACTG	TGCTTTAA	AGATTGGACTGTTAAGATCATTTTGTTTCT	7A1
FBgn0020278	-0.43	186	227	TATTTATAATAACTAGCAACAATAAGCATT	AGCTTTAC	TACATTTTGAATAAATATATCAAAAGTAAT	7m8
FBgn0020306	-0.33	819	857	TAACCAATAAGACACAGAACTCATTTCGTA	TGCTTTAA	AAAGTATCAAAATCCATTTATTGTGTAACA	7A1
FBgn0020621	-0.37	942	1390	TTGTAAACAATTTGTTTTGCATGCGCGGTG	TGCTTTAA	ACCAGATATGAGGATCAGAAAACAAATAAC	7A1
FBgn0020762	0.44	140	931	TCCCAGGAAAGCTGGATTGTAGCTAGTTGT	AGCTTTAT	CGCATTCTAAAACTTCTCCCGTCGCGCTTT	7m8
FBgn0022349	-0.27	573	980	AACTATTGTAACACAATACAAATGGTCTGC	GGCTTTAA	GATACGTCTATGCATAACTTTCACCCTTTT	7A1
FBgn0024222	-0.57	125	233	TTTTGTTATTGCCCGCTTATCCAATTAATT	AGCTTTAT	TAGTTTCATAGAATCTTTAATGTTCTCATT	7m8
FBgn0025336	-1.73	63	93	CCACAAACAAGTTAGATCCAATTGTTTTTA	AGCTTTAA	TTAAACTACTGGAGAGTTAATC	8m
FBgn0025633	-0.29	567	703	ATTACTATACAGATAATAAGGAGATGGACT	AGCTTTAG	CGTATATATAACTATTTATTTCAACTAATT	7m8
FBgn0026718	-0.31	324	398	AAACGAAGTAAGCGCATTTGTTGGATGTTT	AGCTTTAT	GCAAATATTGTATTGATTTATATGTGAATA	7m8
FBgn0027342	0.07	782	1109	GTAATGCCTAATTGTATTCAGTGTGCCATT	AGCTTTAG	GGACTTAACTGAAACGAGTCAATATCATGA	7m8
FBgn0027569	-0.87	356	558	TTCTATCTGTAGTGTATATCTTTATGGAAA	TGCTTTAA	ATGCAACAATTGCAAGAATGATGTGAGGGA	7A1
FBgn0027609	0.44	190	200	TCGAAATTACTTAACCTTATAATAAATGTA	TGCTTTAA	GT	7A1
FBgn0028375	-0.65	1178	1500	ATTAACAATAGCGTATGCATATAAACAAAT	AGCTTTAA	ATAACAAACAGATGAGGAGAAAGCCAAAAC	8m
FBgn0028579	-0.84	50	403	TCATATTTTTGTAGTACAACTTTTTAGAAA	CGCTTTAA	GAGAAATCTAACACTACACTCTAAATTAGT	7A1
FBgn0028662	-0.11	196	602	CCCGACAAACCGAAATCCGATCAGCCGTAA	CGCTTTAA	ACTAGGACTTAGTTACTCATTAAGATGATA	7A1
FBgn0028897	0.69	4587	5510	TCAGACTTTGATTAAAAAACCATAAATCTC	TGCTTTAA	TGCAGTTCTTTTTTTTTCTGTTGTTGTTGT	7A1
FBgn0028953	-0.11	189	589	ATATACAATTTAACTTAACTTTTTGTGTAT	AGCTTTAA	GATGTGTGCAAAGGAGCTGACAGGACTGCT	8m
FBgn0028978	-0.31	406	566	TCAAAGGACAGTCGCCCTGATTTGCTTTTG	GGCTTTAA	AACACATTAGTTTCCATGTTAAAAAATGCA	7A1
FBgn0029158	-1.01	33	138	TTTCTAAGCCTTTCCTAGTCGATCATGGAT	AGCTTTAG	TTTAGCCTTTTATTCGCTACACACGCGCAT	7m8
FBgn0029896	-0.05	63	1075	GCCAAAAAAAAAACACCCCATAGAATCTTC	TGCTTTAA	CTGCTAGTCTGCAAGGTCTTGTTTCGAGTC	7A1
FBgn0030109	-0.78	454	466	TAATTACCTATAATTTTATGAATATAACAA	AGCTTTAA	TATG	8m
FBgn0030189	-1.21	211	328	CCAATTGATTGAATTGAACCAACCAATTGA	AGCTTTAA	AAAGCCATGAAAATGCCTCGAAAACGAGAG	8m
FBgn0030246	-1.05	126	278	ACGAGACAAATAACGATTTACCGAAACGAT	GGCTTTAA	AATGGGACAACAGGAATGGATTTAACAATA	7A1
FBgn0030465	-0.44	78	249	GCCCACATCGTTTAGGCAGCATTCAAAAAT	AGCTTTAA	GTTAAAAGAAGGAAACCTGTTTTTCGTAAT	8m
FBgn0030506	-0.76	98	187	TGTTTCATTGACATTTTTCTTACCATAAAA	AGCTTTAA	ACAGAAGTCATTCCGAATTTAATGTTATAT	8m
FBgn0030554	-0.66	196	229	ATCTGAATAAACAAAACTGCAAGTGTGCAG	TGCTTTAA	ATATATGTATGTATTTAGATAAATA	7A1
FBgn0030573	-0.44	176	373	TAGGCTAGACTAGAATGTTGTCATATGGTA	TGCTTTAA	AAGTAATTGAAGTTTATGATACTTTTTGTG	7A1
FBgn0030745	-0.08	406	742	CCACAGACTTATTAAGATGCCATACTTAAG	TGCTTTAA	ACATGGCCCATACAGCTTATCATCTATAAC	7A1
FBgn0030838	-0.62	322	638	CCACTCCTTAATTTCGGTGTCAGACAGATC	AGCTTTAT	ATATATATATCGATATGTCGCGAAGGGAGC	7m8
FBgn0030854	-0.13	380	643	CCAGCGTAGAATGTAAGGCATCATTTCTGT	AGCTTTAG	TTTTATCCTTTGAGTAATTGATGTTTGTAT	7m8
FBgn0030883	-0.41	109	144	GATACTAAGAGTTTACATGAACTGTAGCAA	AGCTTTAG	CCCCAAATCCAGTTTGCATATTGACCA	7m8
FBgn0031050	-0.39	130	139	TATTAAATATTTACGAAATATAGGCTAACG	AGCTTTAA	A	8m
FBgn0031304	-0.10	51	435	TGCTCTTCTTGTTTCCGCCTTTCCGCATCA	AGCTTTAT	TTCATGAACGGCCACTGATACAAAAATCAG	7m8
FBgn0031357	-1.46	33	95	CGCCTCCGATTTGGCAAACATTTAATGCTT	AGCTTTAA	TGAGTAACCTGTGTAAAGAGTATAGAGAAC	8m
FBgn0031598	-0.12	42	212	CTACATCTTGAGAAATCATTCCACTAAGTT	AGCTTTAG	TTTGACAATATCGGTTAATGATTAGTTGCT	7m8
FBgn0031736	-0.13	91	237	CGTTTTAATGCCGTTCTATATGTTTTAAAT	TGCTTTAA	AAAGTTAAGTTTCCCCTTCATTTTGATTCT	7A1
FBgn0032166	-0.87	53	118	TATCGGCCTTCTAGGCTAGTTACAAATCGT	AGCTTTAT	TTAACAGTGTTTTATGTACTTGTACATATT	7m8
FBgn0032397	-0.10	154	277	TATATAAAGCTTGTTTACGTTTATGCTCCT	AGCTTTAG	CATAGAAATTGTCATGTATTATGGTACATA	7m8
FBgn0032689	0.09	114	855	CCAACATTGTGTGCGTTTTTGTGTGCTCGT	AGCTTTAT	CGAGTAATATTATACATTAGGGTGAGCCGA	7m8
FBgn0032812	-0.13	36	164	CGAAAGCGAGGGGCTAGTAACCAGGGTAGA	CGCTTTAA	CGCAGGCACGCAGGCTTTTAATTAAGTGAA	7A1
FBgn0033052	-0.08	57	357	TCGCTAGCACCTAGGAATAAGTTGACTTAA	GGCTTTAA	AACGCCTGGAAGTCATTGACGCATTCACTA	7A1
FBgn0033159	-0.84	1032	1129	CCGTTCTGAACATGAGTTATACGCATTTGA	AGCTTTAA	GAGAACCTGAAATTGTTTATTTCACTTCAT	8m
FBgn0033204	-0.35	149	165	AAGCTGAAAATAAAGAAATGCTCCCAAAAA	AGCTTTAC	CTAATCTA	7m8
FBgn0033244	-0.61	354	1130	ACTTGCGATCAGATTCCCGATCGCAACTAA	AGCTTTAC	CTATGTGTCCACTACACGACTGATACTAAC	7m8
FBgn0033475	-0.33	14	91	AAGAATTGAAATAG	AGCTTTAT	TTAAGTTTTTAATAAGAACATTTAAAAATG	7m8
FBgn0033549	-0.08	20	207	AAACTAAACTAAACTTTCTT	AGCTTTAG	AATCTGCTCATATATTAGCTTCCTAAAGTA	7m8
FBgn0033713	-0.15	560	650	TTTGTAACTGCACCTATTGACACCATAAAA	AGCTTTAC	GTTCTCTTGTAATGATTAGGAAACTTTAGT	7m8
FBgn0033884	0.17	171	811	ATATATGTATTTATGTATTTATGTTTAGTT	AGCTTTAG	CGAGCCGTGTTAGCTAATTTGGACTATATT	7m8
FBgn0033913	-0.26	335	1053	TGGAGCGCGAGTGTAAATTATGTTTCTATA	AGCTTTAG	TGGAGGAGCCCATATGTGGACTAGAATTTA	7m8
FBgn0033916	-0.49	285	397	CCAATGGTGATTTTGTATATAGTATGAGAG	TGCTTTAA	TTGGTGTAACGATAGTGAATAAATCGTAGA	7A1
FBgn0033980	-0.40	99	282	ACTGGATTGAATTGAATAATTTTAAATTAA	AGCTTTAT	GATAGTTTTTCACATGCAGTTAATTATACC	7m8
FBgn0033982	0.55	33	505	GCAGCTTGAGAATGCATGATCACTGACATT	AGCTTTAT	CTCTGGGATAGCAAGGATTGGTACTTGTTT	7m8
FBgn0033995	-0.99	88	259	GATTTAGAATCAGTTAGCCTAATTATTGCA	AGCTTTAA	GTTATATATATCCGTGTATATACCAGTGTG	8m
FBgn0034051	-0.56	403	567	TCTCAAGTTTTTAGATTTTGTTAGCCACTA	AGCTTTAA	ATTATGGATGCCAGTTAGCGTGCAAATGAA	8m
FBgn0034094	-0.04	76	90	TAAGTTAAGAACAACAATGGCTTCAAAACG	AGCTTTAT	CACCCA	7m8
FBgn0034246	-0.81	144	416	ATATCTTAGAATTAAAAAATACTTTTCCAT	CGCTTTAA	TAGACATAAATGTCTAAAACCAAAAAATCA	7A1
FBgn0034495	-1.10	45	59	TATAGCTTTGTATCTCTTATTCAATAAAAC	AGCTTTAA	GTTAGA	8m
FBgn0034646	-0.33	16	73	ATCGGAGGACTACTTT	AGCTTTAG	TGAAAACCCCTACGCGTACATGTATTGCGA	7m8
FBgn0034940	-0.98	15	86	AAGTCGTAGCTAGCT	AGCTTTAA	ATGTTACTTATTTATTGTATTACTAATCGT	8m
FBgn0035024	-0.47	24	282	GTGGTCGGATTGTAGGACAACAAA	AGCTTTAT	CCCTGTATATTTTCTATGTACATATATACC	7m8
FBgn0035033	-0.28	486	752	CACTGTATTATTTTTATACCTTCATTTGTT	AGCTTTAA	GTTTTTTTTACACAACTACTACTTATACTT	8m
FBgn0035084	0.15	207	271	ACTGTAAGGAATAACATAAAATATAAAAAC	AGCTTTAA	TCGCCTCATAAAGTAACCTATAATTTGTCC	8m
FBgn0035111	0.11	226	370	CTCACTTTTTTGAACCACATTGTGGGTCCG	AGCTTTAT	GCTTGACAAAAATTGACTCTGTGATGCTTC	7m8
FBgn0035112	0.58	21	73	CAATGCAACCATCGATGGCTT	TGCTTTAA	TCATTGTGTATTACTATTGAAATAAATATA	7A1
FBgn0035144	-0.32	539	1158	CCAAGCTACAAACTTTACACATAGTCATCT	AGCTTTAT	GATTTTACAAGAAGCATAGGAATATCCAAA	7m8
FBgn0035207	-1.07	175	329	ATCAAATCAGCAAGTACAATGTCGTGTTAT	AGCTTTAA	ACTCTAGACTAGTTATTAATATCGCATTGT	8m
FBgn0035210	-0.04	16	45	AAAACCTCGCTTAAAG	AGCTTTAA	ATACAAATCAAATGTTTAATT	8m
FBgn0035229	0.07	668	753	ATTAACCCAAAGGTGTTTATGTTATAATCA	AGCTTTAT	TTTTACACTTTAGCCAAACACGTTTGCAGA	7m8
FBgn0035436	-0.35	685	773	ACCGTAGTGTATATTTACCAAATTAAACCT	AGCTTTAA	GACTATGACCTAAAAGAATTATATATTTTT	8m
FBgn0035452	-0.77	85	174	CCCACAATCGATTGCTTGCATTTTAACCCT	AGCTTTAG	CTTTGAATCTCTCTGTGCGTGTGTGTGTAA	7m8
FBgn0035475	-0.36	80	414	GTAAATGCAAATTGCTTTTCAAGCTTCAAG	CGCTTTAA	GATTAGAGATCGCCTAGAAACCCAAATACT	7A1
FBgn0035586	-0.84	247	314	CACCCCAAGCATCCTTCATCAGCAGTGCGT	AGCTTTAA	GCGTTCTTATGTTCGTGTGTTTATATGTGC	8m
FBgn0035767	-0.80	65	92	ACACATCGTTGCAATACTGCCCCTTAAACT	AGCTTTAA	AATACAGTGTTTATTTTTG	8m
FBgn0035871	-1.19	113	188	CATTGAATATTAATAATGCCGTGTACATTT	GGCTTTAA	ATTTACAGACATATATATCCAATATAAAAC	7A1
FBgn0036090	0.17	197	276	AAAAACAAAAAGAAAAGAAATCAATTGTTA	AGCTTTAT	GTGTTTCGTTAATGGCGTTACCCATCGCTG	7m8
FBgn0036147	-0.25	153	260	GATGATTTTACATACTACTTTGAGATCGAT	AGCTTTAG	GATACTCTGATGAATCTGTTGCAGCCTTAA	7m8
FBgn0036240	-0.44	204	320	CCTATGTTTTATTCTCCCCCGAAATGTTTA	AGCTTTAA	TTGTACATACACACACATATATATAAGTTC	8m
FBgn0036489	-1.46	23	88	ACAACAATTCGAATCTCTTATGC	AGCTTTAC	TACGCCTAACTCAATATACATTCGACAAAT	7m8
FBgn0036741	0.23	265	498	TGTTTATTACTAAGTAGTTGACTCAGCTAG	AGCTTTAT	GCAGTGCAATATAGAATACTGAATGTAACA	7m8
FBgn0037142	-0.60	405	567	TCTTCAACCAACCGAGTTTCCTTTAAACTT	TGCTTTAA	AACCTAAGCAGTATTTGTAACCTAGTTATA	7A1
FBgn0037252	-0.04	344	471	GCCAGCTTGTCACACGTAGTTCTTAGCATA	AGCTTTAG	TTCTAAGTTCTAACTTTACTATTTTCATAA	7m8
FBgn0037757	-0.19	247	748	CATATCGGTTTGCCCTTTAGAATATAGCAT	AGCTTTAG	GTTGAATTTGTGTACAAACTATTTGTATGA	7m8
FBgn0037802	-0.41	126	208	TTAATTTTAATTAGTTTTAAATAAATGTGA	AGCTTTAT	TGATTGCTAAATGTACCATATATGATTTTT	7m8
FBgn0037843	-0.71	252	645	CTAATTCGGTTGCCTTCCCCCCCGATTATG	TGCTTTAA	TATCTATCAGTTCAATCAGCTGCCTCGAAG	7A1
FBgn0037900	-0.64	91	251	GTACATATTGTATTATTGTCCCATACGGTA	AGCTTTAT	ATTTATAGTCACCTAGATTAGTCCAGAGAT	7m8
FBgn0037926	-0.29	89	122	TCTCAGTCTCCCACTTTTGTTAACTTTCAC	TGCTTTAA	AAATAAATGTAGCATTGAAATGCTA	7A1
FBgn0038432	-1.59	126	580	CAAACTTAAGTACGCATGTGTTTTTGTAGA	AGCTTTAG	AAAGTATTATCCCAAGCTTACCGGTACCAG	7m8
FBgn0038865	-1.23	47	178	CCATTTTTTATGTGATCACTACATTTTCAA	AGCTTTAC	AATTATATGTATACATTATAATTAATATTT	7m8
FBgn0039013	0.08	73	189	CGCCATAAAACAGGCTTTGCATCCCGACGC	AGCTTTAG	ATGATAATCCCCTATACATATTATTTATAT	7m8
FBgn0039219	-1.45	48	93	CTAATACATAACTTCTAGGGCTATCGATCA	AGCTTTAA	TTTGTAATTTTACAATAAAATCTAGAGTTT	8m
FBgn0039229	0.08	119	184	GCGCCCAGGAGCGCTGCTCTTAATATAATG	AGCTTTAG	TTGTAGTTCTAAAACTTAAAATTACATTTG	7m8
FBgn0039250	-0.33	61	154	ACTACCTATGCTTACTCATATATGTATATT	CGCTTTAA	CATGTCAGATTTGTCGGCGATTCGTCAGAA	7A1
FBgn0039260	-0.03	240	356	CGCGGTTGCTGTGGTGTTTCCCCGGGTTGA	TGCTTTAA	CGAAGCACATCTCTCGTTGGTTTCCAAACA	7A1
FBgn0039881	-2.47	22	184	AAATTGATATTGGTAAAGAGCA	AGCTTTAA	ACACAATTAATACAAATTAGTTGCATTTAG	8m
FBgn0040208	-0.48	396	703	CCCACAATCACACTATATGCAATAAGGAAT	CGCTTTAA	TCGCCGCCTAGCCTTGGCCTCATACTCCCA	7A1
FBgn0040239	-1.03	121	901	CTTTTTACGGAATTACGTTCGCGTTGTTAC	AGCTTTAC	ATCCTCGAAGATCGGAGAAAGTCAGAGGAG	7m8
FBgn0040299	0.43	261	630	AGCTTATACAAATTTGCTTCTTGAAAATTG	CGCTTTAA	TTGGGATTCCTTATCTGTATAAAAATATTT	7A1
FBgn0040375	-0.59	424	547	TTAAACACAGAACAATAGTAATTGTTCCCT	AGCTTTAA	CTTTCCGTTAAACGCCCCCCAACTAATTTC	8m
FBgn0050392	-0.29	299	311	CCAAAATCCCCCGTATTTTAACGCCATTAA	AGCTTTAG	TCAT	7m8
FBgn0050404	-0.97	297	633	TGGCACTTAAGGAGCGTGTATCTAAATCTA	AGCTTTAA	TCTCTACGTGTTTCATCTGAGCAGCCCCCA	8m
FBgn0051694	-0.18	422	550	TTTAAATTACAAGCGTAGGAAAACATAGTC	TGCTTTAA	TGCTGCGAAAAAGTTATTCATAACTTGACA	7A1
FBgn0052221	-0.28	76	176	TACAACGTAAATTATTTAATATTTATACGC	AGCTTTAT	TCGTGATCTTACCACTTTGAGTGGTATTTC	7m8
FBgn0053108	-0.22	610	747	CCCATGCGGGTGGGCTAGCGGGTCTTGTTT	AGCTTTAA	ATCAATTACCTGCATTTATACAAGCTATAT	8m
FBgn0061362	-0.58	765	857	AAAATGATGTAGTATAAGAGCTATTCCTTT	GGCTTTAA	CTTTAATTTTTACTTTGGAACATCCTACTT	7A1
FBgn0064116	-0.25	32	128	GTCAAAATCTTAAGTTGTTCGGTGCTCATT	TGCTTTAA	AAACAGCAAGGTGTTGTGAACCATTGTAAA	7A1
FBgn0066114	-0.25	422	564	TCTGTCTTTGTTGTACCTAAGCTATAAGAA	CGCTTTAA	GTTGCCCCATTGTATTATATATAGGCCTAT	7A1
FBgn0086698	-0.11	366	450	GCTAAACTATTGCCGTCCCAGTTAGTGCAA	AGCTTTAA	ATAGGAAAGTTTTACTCATAGGTTCTCTAT	8m
FBgn0260659	-0.07	281	528	TAATTCTTTTGTTTTCCAATTGTCTAGTAT	CGCTTTAA	TTTGTTTGTTTAGTTTCGGTTTCGTGTTAA	7A1
FBgn0261015	0.12	662	4700	GCCAACTCAGAGTGGCGTCACTTGGTTGTC	GGCTTTAA	AGGATCCGGAGAGTACATGTTGCTCTTCCA	7A1
FBgn0261243	-0.00	223	461	GTACTCCTAAAGATGAGAGCCAAATAGGTT	AGCTTTAG	TCAAGGATCCACCTACAGCCACTGCTCCAA	7m8
FBgn0261258	0.85	118	147	CAGTCGATCCCTTTTCGATTGTTTTCTTTG	TGCTTTAA	TTAAAACAAACCACAAGATGA	7A1
FBgn0261286	-0.88	43	138	GTAGCTAAACCGTTACTAAGTTAAAAAAAT	AGCTTTAA	TTTTGGTTTAAAAAAAAATGGCATATAGCA	8m
FBgn0261671	-0.31	126	574	TTATTATTTATTACCCTGGTTGACCTAGCA	TGCTTTAA	GATTGAAACTGGCGGTATTATGTGGCCAGT	7A1
FBgn0261674	0.54	422	654	TAATGTAAACCCATAGATACACTAGTTGTT	AGCTTTAG	ACTTTTGCCAAAATACAATAAAAGTAATTA	7m8
FBgn0261859	-0.47	1305	1643	GCTGAAGTACAAGAATGCGCACTAAGTTGT	AGCTTTAA	CTAATTATATTATGGTACACAATATGATTA	8m
FBgn0261984	0.27	31	88	GGCATAGACCCAACCAGATCAGATTAGACA	AGCTTTAG	TTGTAATCATTTATTAAGATAATTATTTTA	7m8
FBgn0262937	-0.13	126	169	TGCACATATTTATTTGTACCATATTTAACT	AGCTTTAC	AGAAAGGACGTTTAATAAATGCAATCTAAC	7m8
FBgn0264089	0.22	2559	3658	AGGACATTCTCAATCACATCAGCGTATACA	AGCTTTAA	GCAAGTCATTGCATGTGCCACGCCCCCTCG	8m
FBgn0264560	-0.52	208	323	CAGATGCGAAGTTCGGCTGAACCCCCTATA	AGCTTTAG	TAATGCAAATAGTTTAATTAATATTAATTA	7m8
FBgn0265042	-0.27	290	603	AGGCTAAGCTGATGAATGATTCACGTTGTT	AGCTTTAG	CTTTGTGTTGAATTTACTATAGTTAAGTTA	7m8
FBgn0266268	-0.36	136	164	GGTTTTCACATACTGGTGTTTATTTCTTTC	CGCTTTAA	TTAAAGTCTCTGTTGAACAG	7A1
FBgn0266449	-0.32	345	499	ATCCCAAAAACAAATTATTTCAATTTGTTT	TGCTTTAA	CTTATATGTTCAAAATACTGATCAAACGAA	7A1
FBgn0266674	-0.02	23	419	GAAATATCAGGCTTGTAGTTAGT	CGCTTTAA	GTCCTTGTTGAATTCGTGTAATCATAAACT	7A1
FBgn0270927	-0.15	90	182	GGTGCGAGTTATTCACTACGCATTACATTA	AGCTTTAT	TCAAATTTTTCAGCAATGGTCTGTGGAATA	7m8
