FBgn0000256	0.10	119	170	ACTAATTGTTAAGTCACCAATTTGTATAAA	CTCCTTAA	ATGCAGGCGCTGTGGCTCTACAAATAAAAT	7A1
FBgn0000723	0.07	242	638	TGTGTTTGCCTGACTGAGCGTATGTTATAA	ATCCTTAA	TGTGCCAAAAACCGCAAGAGATCTTAAAAC	7A1
FBgn0002031	-0.21	275	375	AGTCGTTCGTGTGCGCGTCCTGCTGAATTG	GTCCTTAA	GATCGGCACCGGGCTTAAAACAACTCCAGT	7A1
FBgn0003444	-0.76	426	653	GAATCTCTGTGTACGTTTGTGAATGACTGT	TTCCTTAA	TCCTGGTACTCACGCCAAAGTAAATGCCAA	8m
FBgn0004363	0.05	578	641	AAACTAGGACACACATAACACCAAAATCAC	ATCCTTAA	TAACAATCTTTACCTTTTCGTTGTGCATTT	7A1
FBgn0004381	-1.96	261	459	GAGTGACTTGGCCAGTCGACCCCAACACGC	TTCCTTAA	TTATTTTTATGTTTATTTGTTACTCGACTC	8m
FBgn0004391	-0.37	197	282	ACGTTTTGGATATGAATATTTAAATGCATG	TTCCTTAA	TGTTTAACGATTTAACGATAGCACAAAAAC	8m
FBgn0010235	-1.41	84	192	CTAACAGCAAACACACACTTTATTTATTCA	TTCCTTAA	TATACATAAGCTCTCAAGCATACATTAGCA	8m
FBgn0010416	-0.16	263	476	ATGTTGTAAGTTCTTTATCATTTTATTATA	TTCCTTAC	GCATTTGAGCTTTCATTGTTTTAACATTTA	7m8
FBgn0010421	-0.76	65	179	CACATTAAGTAATTGCATGGTTCCGTTTTA	TTCCTTAA	GAACTACACGTTATACTTACGAAAAAAACA	8m
FBgn0010877	-0.11	350	713	CTATATATATGTATTAGAAATGATTTGCTG	ATCCTTAA	AGTATTCGCCCAGCCCCATAGACCCCAACA	7A1
FBgn0011204	-0.65	778	822	ATATTAATGCATAGTTTAATTTTAGTCGTA	GTCCTTAA	GAGAAGGGTTGAATAAAGAAAAACTAAATG	7A1
FBgn0014028	-0.03	34	196	AAGTCCTCTACTCCCAGTTCGTCCCCTGCT	GTCCTTAA	CCAGTGAGCTAAGCCTCCGAAAATGTGTAT	7A1
FBgn0014127	-1.66	73	277	AAATGCTGTTACAATTTATTTTCACGGCTA	CTCCTTAA	TCTCTTACCTCTATTTTTAACTCCCAATTC	7A1
FBgn0014870	-1.28	912	1589	TCAAGTGAGGGCCAGGTACAAAAGGTTATC	TTCCTTAA	TTGATATTTAACATCTTGCATAACAATATT	8m
FBgn0015245	-0.92	392	483	CCTCCATTGTGCTCCACGTTTTTTTAACTA	TTCCTTAA	CTCTATTTTTTTTTACATGTTATATATGTA	8m
FBgn0015359	-0.59	47	260	ACGGCAGTACAAATAGCCTTGGCTTTAAGT	CTCCTTAA	GTCTAACCTACTAAAACCATAAAATACCTG	7A1
FBgn0015360	-1.62	359	487	TTAACTGTACATAAGGTTAGCTAGATGAAA	TTCCTTAA	CTAAGTCATAAGCTAGGGCACCACCAGATA	8m
FBgn0020618	-0.01	62	72	GTTTAGCTAAAACAAAAATAAAATTTAAGC	GTCCTTAA	CT	7A1
FBgn0021847	-0.65	203	312	TGTATTATGTGAATGAACCATTCTGCTATC	TTCCTTAA	TCACCCACTTTTAAGGAGATGGTTCGGTTA	8m
FBgn0022349	0.16	477	980	ATAGATGTTTTTAAATTGTAAGCCATTAAT	ATCCTTAA	TTATAAAACCAATTGGACAACACTCAAAAA	7A1
FBgn0025629	-0.25	42	72	TCTCTATATATGTAGACATTAATTTAAGGT	TTCCTTAG	AGTAAAGAGATCTATCGATTGT	7m8
FBgn0026562	-1.79	59	140	TGTAGTATGCAATAGGTAGTTACTACTTGC	TTCCTTAA	TCCGAAAAATGTCTAATTTAGCAGTTAATT	8m
FBgn0027548	0.15	609	1397	GCGAAATAATGTCGATGAAAAGTTTTTGTG	TTCCTTAA	AATTGATTTTCCATTTTGATTTGTGTTACG	8m
FBgn0027569	-0.49	73	558	GAATCGTCTCACGTATTTAGCTCAAACTTT	ATCCTTAA	TAAGCCTCCAGTTTGTGGCCTCAACTATAT	7A1
FBgn0029665	-0.27	31	99	TCCCACACCACAAAGCTTAACGCTTTCGTT	ATCCTTAA	GACCGTGTTTGCTGCTTAAGTCAATCGAGG	7A1
FBgn0029689	-0.76	118	328	TGTACTTAAGTGTTGCATCTAGTCTAATGG	TTCCTTAT	TATCAGTTTTGCATAACTCGCATATTAACG	7m8
FBgn0029813	-0.41	75	263	ATAACACGCCCCAAAAAAACAGTGAAATGG	TTCCTTAT	CGCTGGTTTATGAACACGATAAGACAGCCC	7m8
FBgn0030228	-0.32	263	1092	TTTTATAATTTTATTGTGATCCAAAAATAA	TTCCTTAT	GTTTGCAAGGCAGCAGAGTTATTTATATAA	7m8
FBgn0030286	-0.42	500	543	TATGTTTCGGAAACGAACTGCAACTTAATA	TTCCTTAT	TGTGTAACACAAAATTAAAAGCCAATATTA	7m8
FBgn0030329	-0.02	216	406	CCTTTTACTTTTTTTTCGTTTTTGTCCCTC	TTCCTTAG	CTGTTTTTGTAGAATTTTTTTTATACTTAT	7m8
FBgn0030468	0.12	32	329	CCGATTCCACCCACCAAAACTAGCCTCCTC	CTCCTTAA	GTTGTTCTGTTACTAACTAACTTTGTTTCA	7A1
FBgn0030520	0.92	858	1004	AATATTCCTATGCGCATCGAAAACATGATT	TTCCTTAA	TTTTTTTGTAACTTTGTGTGTCAGAAGACT	8m
FBgn0030640	0.20	764	859	AACTTGGACGATGCACGAAAGGTGTGATCG	TTCCTTAG	CCTAGCCTAGCCTAGCTTAGCTTAAATAGC	7m8
FBgn0030838	0.58	295	638	CCCCTTTCGTTACTCCTCCCACTATTCCCA	CTCCTTAA	TTTCGGTGTCAGACAGATCAGCTTTATATA	7A1
FBgn0031401	-0.81	146	279	GTCCTAAAAGCTGACGATGGAACGGCACAG	ATCCTTAA	TTGTTTATAGCAACCTTTGCCATGTTACTT	7A1
FBgn0031904	0.13	99	401	ATGGGTGTGCAGTTAATGATTCAATTCAGT	TTCCTTAG	CTTTTTTGCAATCCCTATCGAACACACAAA	7m8
FBgn0032130	0.44	29	607	GGAATAGAAAGTGTATCGGAAAGTCACTA	ATCCTTAA	CTAGGGATAGGATAAGTTTAGTTAGAAGCT	7A1
FBgn0032348	-1.03	336	516	CCGCTTTTATTCACCTCACGAGCGCTGTAT	GTCCTTAA	ACGTATAATTTAATGTACTCTTACTAATTT	7A1
FBgn0032634	-0.05	20	60	ATCATATAATTACCAATTAA	TTCCTTAG	TCTTATGAAAACCCAATAAAAGCTTCTTCT	7m8
FBgn0032782	-1.71	446	535	AAGGCAATCAGAATGTAATCACTACATTTT	TTCCTTAT	ATATTGCATAATTTCGGAGTGCCTTAAGTG	7m8
FBgn0033075	0.25	161	306	ACTCTAGATACTTTCAAGTACATGTAGCTA	TTCCTTAC	CAATAGTTAATTTATTTTACAATGTTTGTC	7m8
FBgn0033191	-0.27	42	131	CAACCCTTTACCCATCCGTTTGTAAGTTTC	TTCCTTAG	TTTGTGTGAACAGAAAGTGCGTAAAATAAA	7m8
FBgn0033523	-0.50	72	170	GTATTAAATGAATGTGTTATTCTACTCCTG	ATCCTTAA	AAGACCAATGACTTGAACTTGCATTTTACC	7A1
FBgn0033616	0.26	39	304	ACTAGGTATTTGTAAATAATGTAATCTATT	ATCCTTAA	CTTATGTTATTCGTTAGACGGTTGTCAGAT	7A1
FBgn0034271	-0.34	206	528	CTTCGTTTCAAATTTAGAATCTCCCAAACC	CTCCTTAA	GTGCAATCTATCCTATAATCTTTCTAATTG	7A1
FBgn0034491	-0.49	708	773	TCTTAATATGTATATGTTTGCAATCTCTCT	CTCCTTAA	ACGATACCCAGTGTTATATATGGAATGCGA	7A1
FBgn0034598	0.05	74	556	CAAATTCAAGATGAGTTGTAATTTATGATT	TTCCTTAT	CAAGTAACTTTAGTGTAACTCCATACATGC	7m8
FBgn0035145	-0.20	395	665	TCTGGGTACCATGGAAAGTCTGCTTTGGTA	GTCCTTAA	GATTCCATTTCACCAATATTGAGGTGTTCC	7A1
FBgn0035449	-1.45	505	758	AATAAGAAAGCCTTAATGACCCTTTCATTG	TTCCTTAA	CTGACATCTTTAATTTGGCATTCCAAATTG	8m
FBgn0035690	-0.31	158	374	AAAATATTCTTTAATACTATTTAATATAAT	GTCCTTAA	CTGTAGTACAAATAATACTGTACATTATTC	7A1
FBgn0035987	-0.41	559	1375	ACGCATGCTGGGCAGTCAGGTCGCAAGTCG	CTCCTTAA	ATTAAGCACTCGTTTATGTAAACACAAGCA	7A1
FBgn0036053	-0.30	215	488	ACTTGGCTACAAAACAGAATCTGTGTGATT	ATCCTTAA	TTTTTCCAATTCCGAGGCTTCATCTCCAGG	7A1
FBgn0036365	-0.36	27	200	CTAGAGAATAACCCAACAAAGCAAACA	TTCCTTAT	TTAAGAAGTCATCATCTGTACGGATATTTC	7m8
FBgn0036570	-0.60	14	49	AAAACATAAATGTA	TTCCTTAC	ACCTAAATAACAACACATCATTACGCT	7m8
FBgn0036624	0.02	241	473	GTTGGTAGGGATTAAATATAATAATTATAA	TTCCTTAA	TAATTGATTCCAATTTGCTTATGAACAACG	8m
FBgn0036820	-0.79	58	85	TTTTATGTAAAAAGTTTGTTAATCTTCAAA	GTCCTTAA	TAAATGCTTTTAAAATTTA	7A1
FBgn0036847	-1.01	518	587	GGAACCTACGGCACTGAATGGAAGAGAGTT	ATCCTTAA	ATACATGTACATTTTATAACTAACATTTAG	7A1
FBgn0037188	-0.53	135	897	GGAGTTCACCGGGGTATCAAGCCTCAAGCC	CTCCTTAA	CCCCTTACTCCGAAAGAAGAGCTTCTGAAG	7A1
FBgn0037327	-0.94	106	835	CTTGTGAGTCATCAGTATCGCCATCGCTTA	TTCCTTAC	CTGGCTATGCCTTATTCGCTGACCTCGACC	7m8
FBgn0037536	-1.08	232	424	TTATTCAATATTCCGTCTATGCAGCAAGCG	CTCCTTAA	TATCTATTCTATCGATCTTAGTGTTCTTAC	7A1
FBgn0037635	0.12	953	1523	GCATCCAAATCTCTGTGTTACCCCTATGGG	TTCCTTAA	CGGTTTTCAGCGATTTCTTTTTAGGGGTGT	8m
FBgn0038080	-0.50	64	195	ATAAAATGATATAATAAACTACACGCTAAC	TTCCTTAA	ATTCACCCCAACTGCGTCCGATCCTCAGCT	8m
FBgn0038316	-1.54	138	237	CCTTTAAGCTTCGCTGTGCAAGAACAAAGT	ATCCTTAA	AAACGTTTTGAAAACTATCCGGTATGTTTA	7A1
FBgn0038318	-0.45	116	211	ATTACTCCTTCCAAAGAATATTGTCACTGG	CTCCTTAA	GTTAAAAGATCTGCCTCAGTTTGTAATATA	7A1
FBgn0038332	-1.32	39	207	GTACTTAACCTATCCCTAAGACTTAAATTA	TTCCTTAA	CTGTTTGTTTACATCATATATAACTAGTAT	8m
FBgn0038609	-0.96	16	74	TGTCAAGCCTTTTGAA	TTCCTTAC	CTAAATTATATAATATTTCAATTGTTGAAA	7m8
FBgn0038769	-0.65	313	529	ATTGATTAGAATCCTTGATTAATTTATGTC	TTCCTTAT	AACTTATAATATTTAAACACTAATACTTCA	7m8
FBgn0039207	-1.33	179	604	CATACACATATTATGTTATCAATGTTTCAT	TTCCTTAG	TTTAGTTAAGTTTGTTAACGAAAAGTCTAG	7m8
FBgn0039296	-0.46	347	409	CTACAGAATTGTTCTCCAAACAGATTATGA	ATCCTTAA	AGCCTTAAGTTCTTGTTTATTGTAGCTACA	7A1
FBgn0039360	-0.63	50	128	ATATCTGAGTACTATGAAGGAGTAGTATCT	CTCCTTAA	GCAATGATTAGTATGTACCATGTTTTCTAA	7A1
FBgn0039494	-0.36	33	329	AATCATCATTCGTTGGCAGTTCTTAGAGCG	TTCCTTAG	TATTAAGTCAAACCCAAAAATATATTAAAT	7m8
FBgn0039537	-0.25	82	91	ATGTATGTATTTTCCTAATAAAGTATGAGA	TTCCTTAG	A	7m8
FBgn0039743	-1.80	149	329	GCTTAATTCTAGGTTAAAAATTCAGCTAAA	TTCCTTAA	TTCTGTTTGCCTGCCAGGTGCATGTCGTGT	8m
FBgn0050389	0.38	380	1076	CTCAATTAATTCGGCATTCCAAACAGAAAT	TTCCTTAC	ATAACTGACCGCCCGTTTCAATATTCTCAG	7m8
FBgn0051363	-0.15	362	782	CACCACCCCATTGCAAATCTGTAATTTAAA	TTCCTTAG	TTGGTGTAAATCCATGTAACGCGTGTAGCC	7m8
FBgn0052076	-0.84	14	74	TCCTTTAAACGGCA	TTCCTTAA	CAATTCAATAACGTCTTGGGCATTTATGAA	8m
FBgn0052280	0.07	197	640	GCTCCGCTGTTTTACATTTTGGTTCGCCCA	ATCCTTAA	TTGTTATGTGTATGTTTCTGCCACGCTAAA	7A1
FBgn0061362	-0.59	402	857	ATCGAGCGGACGTCCCAGCTGAGCAACCGT	TTCCTTAA	TCCCAGCACCTCCAAAATCGGCATACGCAT	8m
FBgn0085261	-0.54	56	179	ATATATTCTATTTAAACTCTAGCCAATGGA	TTCCTTAT	GCGAGGATTAAACTCCGAATACAGTAAACA	7m8
FBgn0086698	0.25	175	450	CTAGTCATAAGCTTATACACTCATACACCC	ATCCTTAA	CATACAAATATTATCGAGAAACTTATCGAC	7A1
FBgn0250785	-0.00	325	523	TGAAATGCGCCCTCCGTTTACAATTCAGTT	TTCCTTAA	GTATAAGCCTAATTTTACGAAACGAATTCG	8m
FBgn0259704	-0.78	29	207	GTTGTTTCAAACGCAAGAAGGACATTTGT	TTCCTTAA	ATTGTAACCATTTCTTTATTTGGCACTCGA	8m
FBgn0260486	0.57	271	598	TTGTATATTATTATTATTATTTTAATTTGA	GTCCTTAA	ATTAATTTTATTGAGCTATCGGCTAATGAT	7A1
FBgn0260639	-0.22	86	261	TAATATTCTCCAATGACGATGGGATTCGAA	ATCCTTAA	GTAGTAGTGATAAGACGATTGTTGGTATGA	7A1
FBgn0263241	-0.10	139	186	ACATAAGTGTAAAAATGTAGATGAAATCAC	TTCCTTAT	AGGAAACTAATTTGACTAACATACCAATAA	7m8
FBgn0264691	-0.30	295	705	ATGGTAATTCATAGTCTCAAAAAAATTGAT	ATCCTTAA	TGTTTGAAAAACTGCCAGCAGTGCTCATTA	7A1
FBgn0265974	-0.81	337	1095	AATTATATATGCAATGTGTATATATATATA	GTCCTTAA	ATACGATTATGTGAATTAGCCTAGTTAACT	7A1
FBgn0266000	-1.40	127	5906	TATTTAACGGCGACCGAAAGCCAAGCTCCC	TTCCTTAG	CCGCAGGTTCCATATCATTCAAGAGTAATA	7m8
FBgn0266084	-0.20	245	357	CAACAACGGCAACAACGCTGCAACGAAAAT	GTCCTTAA	ACAAAAGCGTTTATCATCGTGTTTTTCTGT	7A1
FBgn0267790	-0.13	90	291	CAGCGCGATGACCAATGAAATGAGCTGATA	TTCCTTAT	TTGACTCGCAATACGGAATTAATTTTGCAC	7m8
FBgn0283450	-1.06	49	120	TTAACTTGATTAATTGCGCATCTGCCACTG	TTCCTTAA	TAGCGATCCCCACTAGGCTGGACCGCCGAG	8m
