FBgn0000117	-0.24	397	424	CGTAAACGAAATGGAAAATTAAACAAATGT	TTGCAATA	GAACTCGTACATTTCCCTT	7A1
FBgn0000119	0.59	677	782	AATAGTTAGTTATTCATACGACGTAGGTCT	TTGCAATA	AACAAATTGAAGTAAATTCATATTTATAGT	7A1
FBgn0000317	-0.34	49	451	CAAAATATTTATAATAATTATAAATTACAA	TTGCAATA	ACTTATAAAAGCCTAGTACTTTATAGATTT	7A1
FBgn0001206	0.15	121	190	TACATCTTATTTATTATTAAGTGCATGAAA	TTGCAATA	ACTTTTTTTTTTTTTTTAAGAGCCCTCTAG	7A1
FBgn0001291	-0.98	25	165	GCTTTGTGCCTTTCTTTGGTTTTAG	CTGCAATA	TCTGAAATGCTTCTTAAGTGTTTTGTTTAC	7A1
FBgn0001324	-0.36	56	82	TAGTCCTAATCCTTTATTTATCAGATGAAT	TTGCAATA	AACGTACATTCAGAACGA	7A1
FBgn0001970	-1.06	27	133	CGATTCGCTCGGATCGAATAATTCCGA	TTGCAATA	TTAGACTGATAACTGTTTAGGGCAAAGTGT	7A1
FBgn0003209	-0.13	64	555	ATTTAAGCTTATCTTTAAGTCTAAGGATTA	GTGCAATT	TACGTTCTACTCTTAACCCCCACTAACTTA	7m8
FBgn0003744	-0.17	1055	1084	ATAATAATGCTACACACACAGCAACATGAA	ATGCAATA	ATAAATGAAACATGTGCATAA	7A1
FBgn0004363	-0.05	321	641	AAACAAACGATGCAGGGGGATGGATGGGTG	GTGCAATC	GATGGGTCGGTCAGGTCAGTCCGTCGTCGT	7m8
FBgn0004381	-1.76	353	459	CAAACATACGTACGTTTTGTGTTCGATTAA	GTGCAATC	CAAGCTTGAGTTAAATCCAGCTGCAACTGT	7m8
FBgn0010280	0.05	101	290	TGTTTTATACAGCTTTACGATTTCATCCAC	TTGCAATA	TATTTTAGCCTCAACTTTAAATGCGTCGCG	7A1
FBgn0010316	0.07	1132	1169	TGTACATTTTATAAGTTAATATTTGTTTTT	CTGCAATA	AATTGTTTTTGATTTTCTAGTTGGTAGTA	7A1
FBgn0010905	-0.22	1268	1312	TAGTTTTATTTACCTTATAATTTCGAAATG	TTGCAATA	AAACCGCATACATATGCCGGTGTATGTATA	7A1
FBgn0011211	-0.08	35	488	GCAGCAAACGAAGAATAGGAGTAGCGGTGC	GTGCAATT	AACATCATAGATGGCTCGAATAATGCTGCC	7m8
FBgn0013983	-1.79	189	376	GTAGAGAGAAGAGACGAACACGGGATATAT	GTGCAATA	TTTGATTTATAAATCCAACCTATCGAATAA	8m
FBgn0015295	-0.74	34	297	AGTTTCCATTTTCCATTTTTTCCGTTCTGA	GTGCAATT	TTCTGTAGCTATTTATGCAATGTCTTCTAT	7m8
FBgn0015905	-0.42	18	103	TAGTTTGAAGTCCCGCAC	GTGCAATT	TTGAAGTTTTTACATTGTTACAAATCTATA	7m8
FBgn0015926	-0.41	197	261	TTAATTTGTAAACTTACAACTCTGACAAGA	ATGCAATA	CAACAAAATGTTTTTATAAAAATATACAAT	7A1
FBgn0016794	-0.11	52	544	ATCATATCTCCAGTACATCTACTTGTCAAC	GTGCAATA	GCAAAGGAAGGACCATGTTGCTGATCCGAG	8m
FBgn0017414	-0.66	19	249	ACCCAAGCATGCAATTTAG	GTGCAATA	TAAATACATATTTATCTCGAATCTAGTAGT	8m
FBgn0020309	-0.19	575	1953	CTCAATTAGTCTGCCGCCGCCAGCTTTAAC	GTGCAATA	CGAATCATCTCATAGTTTGTTCTTGGTATC	8m
FBgn0020762	-0.05	620	931	AATCGATTTCGAGCCCAGAAAGGCAGCAGC	GTGCAATC	AAACGGAAGTTAGGGCGAGCGTGTAAAGCG	7m8
FBgn0020764	-0.73	95	105	GCGGTTTTGGACAAATAAACAATGGTTTTG	GTGCAATA	TA	8m
FBgn0023169	-0.16	224	692	AACCCTTTTGATTTTAATCGGAAACCCAAT	GTGCAATT	ATCGGTAGCAGGATTTGGGAATAGATTTTA	7m8
FBgn0024986	-1.13	157	191	GCTGAAAGAATGTGCACAACATACCTTAAT	ATGCAATA	AAACTAACTTTAATTATGGCTACTCT	7A1
FBgn0024987	-0.06	467	1440	ACATGGTAGAAGCGAGTAGAAATAGATTGA	GTGCAATC	GGAGGAGGGAAGAGGAGATATTACCCAGAA	7m8
FBgn0025186	0.12	304	872	ATTCGAAATCACTCAAAATGATCGGTGTAA	CTGCAATA	CAACGCCTTGCGCAGAACGTTAACGATATA	7A1
FBgn0026259	0.08	297	318	CGATTTTTGTTAGAGCCAAATTAGAAATAA	ATGCAATA	ATGTTGTACAACG	7A1
FBgn0026562	-0.19	35	140	CAGCCCATTTTCCATATCCACTTCTGTAGT	ATGCAATA	GGTAGTTACTACTTGCTTCCTTAATCCGAA	7A1
FBgn0027287	-1.25	83	927	TTTTAGCATATTTTAAACCCACTTGTAAAC	GTGCAATC	GTGTCGCCCGTATTCGGAAACATATGTCCC	7m8
FBgn0027378	0.17	47	145	GACTTGAAGTAAATATTTCATCAAAACAGT	TTGCAATA	ATTCGGTGGTTGCTCTCAATTTGCTCCCAA	7A1
FBgn0027535	-1.52	210	583	AAATATTATTTAAGAACTCTAACCAAAGGT	GTGCAATA	CGGAATATAACAAAAATTTTAAACAAACTA	8m
FBgn0027548	0.20	784	1397	ATTGCAAAGTGGCTCCAGAAGTTGTTTGCA	GTGCAATT	TCCCAATCAGTGCGAAGTGCTTAACTCCAG	7m8
FBgn0027554	-1.08	57	112	TGTTTGACGACAGTCTATAGCTATCGAACT	ATGCAATA	ACCTGTTATGCTAAATTTAATTATATCAAT	7A1
FBgn0027597	-0.81	20	184	AGGGAGTCTGTATTACATAG	GTGCAATA	TATGAATGATTCCACTATATATTTTTTATA	8m
FBgn0028375	-0.94	54	1500	TGGCGGAAAATCTGAATCAGTGAGAACCTG	GTGCAATG	TTTTAGGGAATTTCATTAGGTTTTAGTCAA	7m8
FBgn0028421	-1.08	402	601	TCCACTTTGGTTGTTCGCAACGCAATTACT	GTGCAATA	ATCTCTCACTTAAAGTATTACGTCGAACGT	8m
FBgn0028487	0.14	251	274	TAATGCACGTTGTTAATCCTGGCTGAGTAT	CTGCAATA	AATGGGAATAGTAGG	7A1
FBgn0028497	-0.16	43	509	CAGGATCGAGGAATGGAGCGGAGCTAGGGT	GTGCAATC	GATATGGAAACGCTATTAAATTTATTGTGT	7m8
FBgn0028500	-1.68	296	394	CGTAATCCATAATTTAGTAGATGAAATTTG	CTGCAATA	TTTGTTAATTAAAATTATACAAACAATATA	7A1
FBgn0028541	-0.90	39	402	CCACTCGTCACGCTGTACACCAAACTATCC	TTGCAATA	TCATTCGATCATAAATATATTTATAGAGCA	7A1
FBgn0028579	-0.39	249	403	GCACAATCACAAATCATGTTTAGGCAAATT	GTGCAATG	CAATGAATCGCATGAAAGTTCATAGAACTT	7m8
FBgn0028897	0.03	4520	5510	CCCAAATTTTTTCAGTTTACTTTTTTACAA	ATGCAATA	CTCATGGCAAAGGAATGCCTTTGCATTCTT	7A1
FBgn0028916	0.07	418	450	TATGTATTTCAATGTGTAAGCAGTTGCTGT	CTGCAATA	AATGTGACCGAGTTGTCAGAAATA	7A1
FBgn0028974	-0.12	259	864	GCTTAAGCTAAAAAAGTAATTCTGCGAGCT	CTGCAATA	TATATATATTTTCTGGACCATAATCCGATA	7A1
FBgn0028997	-0.56	70	79	TGCCTGTGTGCGTTTATCAATAAATTACAA	GTGCAATG	A	7m8
FBgn0029088	-0.01	268	819	GCAAAGCTATTTTCAAAAGACTCCAGGCTA	TTGCAATA	TGCTTTTATGCTTTTTTTTTATCTTGTGAC	7A1
FBgn0029158	-0.37	74	138	AGCCTTTTATTCGCTACACACGCGCATGTT	GTGCAATG	TATATATTAGACGACAAATTTACTGTTTTG	7m8
FBgn0029689	-0.49	240	328	GTAGTCCTTATTTACTAATGTATCCATTGT	ATGCAATA	ATATTATTAGCCAAAACCAAAAATTAACCA	7A1
FBgn0029715	-1.85	103	216	CAAAATTCGCAATAATCCTTTTGATGAACA	GTGCAATT	AGTTAAGCATAAATTACCGCAAACATACCT	7m8
FBgn0029861	0.14	271	478	CATTAAGGGTATATATTTGCCTTATGACCA	GTGCAATA	AATACGGAGTACAAACCACGGATGTGCACG	8m
FBgn0030340	-1.87	240	299	ATCATTGGCATTCGAAATCAAATCATTTGC	ATGCAATA	ACAACCGATACGAATTTCTTACCTAATAAA	7A1
FBgn0030362	-2.69	54	87	GCCGCAGTAAAATGTACCAATCGAATCCAA	GTGCAATT	ATATGTTATGCTCTTTAACGTTTTA	7m8
FBgn0030502	0.01	585	1245	GAAACAGCACAATTTGAACTATGTATAGTT	TTGCAATA	CACGACTATATTTCACATCTGGTTTCCGAA	7A1
FBgn0030511	-0.88	574	850	AAGGAAATACAATTTGAATTGCTCTTATGG	GTGCAATA	TGTTAAATCAACAAAAGTTTAGCTATAGTA	8m
FBgn0030745	0.37	720	742	GCAATTGTATGAGGTGTGAATGTTTATTGT	TTGCAATA	AAATTAAACTACGA	7A1
FBgn0030749	-1.11	412	667	TTATATCTTGACAAAGTGACCAGGGAAATG	TTGCAATA	AAAGCTATGCTTTCTAACTACCGACTTCGT	7A1
FBgn0030839	-2.48	53	133	GAACTTAATTTTTTTATACATTATAAAATT	GTGCAATT	AATAACTATTAATTTTCACGCTGTTGCAGT	7m8
FBgn0030854	-0.33	562	643	ATTATAATTAGTAATGGAACATGCGTACGT	ATGCAATA	GTAAACATCCATTATAATTAGCAATGGGAA	7A1
FBgn0031051	-0.04	1263	1286	CTTACTGAAAAGCATACATATGTATGTACA	CTGCAATA	AACTAAAGTAAAGTT	7A1
FBgn0031070	0.20	128	198	ATATACATTTATTGCGTCTTGCACTGTATA	ATGCAATA	CATTATTGCCGTGCAAGGTTCCATTCCAAT	7A1
FBgn0031304	-1.68	98	435	GGCCACTGATACAAAAATCAGAGACACAAA	GTGCAATG	CGCCGCTGCGAGCGGTGTAATAGTTTGTAA	7m8
FBgn0031378	-2.36	21	172	ATGGGCTTAGTTGCGGGAGAG	GTGCAATT	TAAAATTAAGAGTTTTTTCATTACTGTCTT	7m8
FBgn0031449	-1.58	149	330	GTGTGATACTTTAACAAATGCAACGGACCA	TTGCAATA	TGCGAGTGCCAACTGTTGCGGCAACCTCTA	7A1
FBgn0031478	-1.11	164	429	TATACCTTACTTACCCCCATGGTTATCCAG	TTGCAATA	TCTCTACCCCCTTTTGTACACGTCTATATA	7A1
FBgn0031779	-0.76	65	470	ATTATTAGTTTGTAAACAGGGTTTAGTTTT	CTGCAATA	AGCCACAACTCCTCCCCCCCCCAGCACTCC	7A1
FBgn0031877	-0.69	74	90	AGCACTAGTTACACAATACATTTATTATCG	TTGCAATA	TTTAGTCA	7A1
FBgn0031912	0.07	98	453	CCTCTCTTTAAGCGAGGAGTTTCAATCGAC	ATGCAATA	TGTGGATATGTGGTTTCTAATCGGTGTCAC	7A1
FBgn0031972	-1.09	82	112	CCAATGATTCCATTAGTTTCTGCCCAATAA	GTGCAATG	CAAATAAACTTTTGTACGTTAA	7m8
FBgn0032004	-0.58	59	119	CAAGTTAATCAGATCGCTAACTTAAATTAT	TTGCAATA	CTTATTGACATTAGAACGAATAATTTTATT	7A1
FBgn0032140	-2.15	252	280	ATTTATGTGCCACCCTCCTGTACCCTGATA	ATGCAATA	AAAGTATTATTTGATAGATA	7A1
FBgn0032178	-2.65	31	92	ATTCTTAAAATTTAGATACACGGAAGGGTA	GTGCAATA	TGTTAACTTCTATAAAACTAAGTAAAATAA	8m
FBgn0032236	-0.38	22	50	TGCACAACAAACTGTTTTTCCA	ATGCAATA	AACTTTTCATATACCTGTTA	7A1
FBgn0032388	-0.11	53	180	CAATTTAATTAACAAGATATACACAACCAA	ATGCAATA	GACACTTCCTAATCCGCGTACTAAATACTT	7A1
FBgn0032860	-3.25	72	137	GCGAAATATTAGTAACATTTAAGACATTAT	GTGCAATT	AAAAGCTAATAAGCTAGAAAATAAAGTGTA	7m8
FBgn0032883	-0.53	84	93	GTAATAATAAATTATAGGTGTAAACTAGTG	ATGCAATA	A	7A1
FBgn0032988	0.20	52	81	TCAAAATTACTTATAAAAAAGAAATTATAA	ATGCAATA	AATTTTTTACTCTGGGTTGCA	7A1
FBgn0033212	-0.69	285	651	GCAACTTATCGTACTGAACCATTAATTTAT	GTGCAATG	CCGCGTGTGTGTTGTTTTCATTTGGCAATT	7m8
FBgn0033428	-0.32	43	78	TAACCTTTAATTTTATGATGCTTTTATCGA	ATGCAATA	AAGACAATTGGCCTTGGGTTTAGGGTA	7A1
FBgn0033431	-0.08	54	64	AATAAAATTTAAATTTCGTGGAGTTCTCAT	CTGCAATA	TA	7A1
FBgn0033465	-0.64	96	131	TGAACTTATGATTCGGAATTAAGCCTAAAG	TTGCAATA	AAATTGTAAGAAAAAGTCAGACAGTCA	7A1
FBgn0033608	-0.55	90	140	AATTGCTGTCTTGGCCGTACATAGCTCGTA	ATGCAATA	TTATCTCCCGCATATTTGAATAAAATTATA	7A1
FBgn0033665	-1.69	218	407	TTGACAACCAGCGATGCCGCGACGACATCC	GTGCAATT	GTGTATCTGTGCACACGTATCTGTACAGCA	7m8
FBgn0033734	-1.29	118	184	TATCTTGTACTTACAAATTTCATATCGAAA	ATGCAATA	TTAAAATTAGGTGTATTTCGCAAGTATTAA	7A1
FBgn0033853	-0.37	83	384	AGTCGTAGTTTTTAGGGCTTGTGTGCTAGT	GTGCAATT	TGGTAGGCTTAATTATGTAGGAAAAATACT	7m8
FBgn0034057	-0.51	98	258	ACAAGTTGTCGCTACTTGTTGCGCCGCTGA	GTGCAATT	TTGTATATTGCAATTGCTATTTTTCGATCA	7m8
FBgn0034113	-0.10	173	367	CTCTTGCTATTTATTTATATTCAAAACCAA	ATGCAATA	GGATATTGGACGGCACATTGGGTAACAAAC	7A1
FBgn0034271	-0.69	214	528	CAAATTTAGAATCTCCCAAACCCTCCTTAA	GTGCAATC	TATCCTATAATCTTTCTAATTGATAATTGG	7m8
FBgn0034304	-0.64	537	1304	ATTTATGTCCATACCCCCTTTCCGTGTTTA	GTGCAATT	TCATACATAGTTTTAAGGTCAACTGGGAAA	7m8
FBgn0034362	-0.21	52	241	TTAGTTGTTGAATTCGTTTATTTTAAAACC	GTGCAATG	AGTCCCATCTCTGGAGTCATTTCAAATTTT	7m8
FBgn0034399	-0.23	62	87	GAAGAGCCCACCGTTCGTTCATCTCAGTGT	TTGCAATA	AAATGCTTTGTTTTTTA	7A1
FBgn0034425	0.13	32	207	TACGAACTTGTTGTGAGCTCCATTCTTCGT	CTGCAATA	TATTCGAATAGGTCATGCTACACGTTACTA	7A1
FBgn0034433	-1.39	680	940	TGCTGCAATTATTATGTTACCAAATTTTTC	GTGCAATT	TTTGAAAGTCAATTAAAAGAATATTGCTTG	7m8
FBgn0034521	-0.86	63	884	TTCCATTACCACGCAGCTAGCTCCGCGTGC	TTGCAATA	CCAAAAATAGCCCTATGAGTTTTAATTTTT	7A1
FBgn0034854	-1.42	362	483	ACGACTTACCTTAACCCCAGCCTAACCTAA	GTGCAATC	GTTTTGTGTATTTTAGTTGTAAGTTTAAAT	7m8
FBgn0034876	-0.23	211	241	TAATCACAACACACAAAACTACATTGTGAA	ATGCAATA	GAAATAAATAACTTAAGTGTCG	7A1
FBgn0035033	-0.28	236	752	GCCACTCGGACGAATGGACTGTTGTTTATT	GTGCAATT	CGCACGAGACGAACTCACAGGCATTGCATT	7m8
FBgn0035087	-0.11	250	1008	TGCTAAGCAAGACATATGAGAATCGTATGT	GTGCAATA	GGATTGTATAAATGTATAACTGAGGATGAT	8m
FBgn0035144	-0.38	785	1158	GTTACTTTAAGCACTTTATGGCCGCATGTG	GTGCAATA	ATTGACATATATGTATGGCTAATTAGCGCC	8m
FBgn0035146	-2.29	93	390	TTAGGTAGACGACAACACAAACTAACCTCG	GTGCAATA	GTCACAAAGCATTTTGCCAGATCTCCGCTG	8m
FBgn0035298	-0.43	27	126	GAGCCACGTGCTTAGTGCCCAGAGAAG	CTGCAATA	CCTCCGGTTGAGTGATAAACGAGTGCATTT	7A1
FBgn0035321	-0.98	217	312	ATGAACATACGTATACTTTGGTCACCAGTT	GTGCAATG	ATTTCAGCGAGTGCTCAAATCATAACGTAT	7m8
FBgn0035529	-0.52	234	262	AGGGATTAGATCAATATGTAAATAAGTGTG	TTGCAATA	AATTTACATGTATTTTCGTA	7A1
FBgn0035593	-0.35	130	164	CATGTTAGTCCCCTTTTAATCCCTTTCGGA	ATGCAATA	AAATATACCTTCATCTACACTAGGCA	7A1
FBgn0035767	-1.48	43	92	ATGGAGCATCCGTAGATCTAAGACACATCG	TTGCAATA	CTGCCCCTTAAACTAGCTTTAAAATACAGT	7A1
FBgn0035833	-2.15	163	363	TGAAGTCAAGTTGTCTATAAGTTCCTTTAC	GTGCAATT	ATTTTAAGTTAAGAGTCATTCTTTATATTA	7m8
FBgn0035942	-0.40	85	139	CTAAGTCATCTGTTTGTTTAGAATTAAAGA	CTGCAATA	TTTATTAAATGCGCAACGTACCTTATAAAG	7A1
FBgn0035978	-1.10	191	286	AATCAGTCAGGGTTTTTAATCAAAATCGAA	TTGCAATA	TGTTTTCAAAAATGTTAGTTGTAGTCGTTC	7A1
FBgn0035987	0.14	51	1375	TGTCGTATCTACCCAACTCTAATCTCAAGA	GTGCAATG	CCATAGAACAACAAATCGAGCAAACAGAAC	7m8
FBgn0036126	0.05	102	411	GTGTATCATCTTAGTTTTTCGATTAAAATG	GTGCAATT	GCTCGAATTCTATTACAAAGACAAGCACTC	7m8
FBgn0036271	-0.60	112	324	AATGGAAAATGGAACTTTTTGTAACAGATA	GTGCAATT	TTTGTAGGATTTTCTAATTATTTATACGGA	7m8
FBgn0036488	-0.07	80	105	CTCCAATCTTGTTTAAATTACGCTAAGTTA	TTGCAATA	GAGATGTTACAGAATTA	7A1
FBgn0036623	-0.61	273	308	ATTGTTTGATCAATTGTATTTTGGCGAGCA	TTGCAATA	ATTAAATTAAACAGAACGTGAGAGCGT	7A1
FBgn0036741	-1.00	276	498	AAGTAGTTGACTCAGCTAGAGCTTTATGCA	GTGCAATA	TAGAATACTGAATGTAACAAAATATGCAAG	8m
FBgn0036760	-1.07	99	167	AAGATTATTAATACTTAACGCAAATTTATA	GTGCAATT	TATACCACAGAACAAAGAATATTTAAATAA	7m8
FBgn0036770	-0.91	287	384	TTCAATCGATCAATGAAGTGCATTGATTTA	GTGCAATT	TGTACCAAAATGAACAATTCAAACACACAC	7m8
FBgn0036913	-0.27	128	835	TATTTACTATTCTAAGCCTATTTTGATTTT	CTGCAATA	GTTGATTAATTATCCCCTAATTAGTTTTAG	7A1
FBgn0037000	0.61	3168	8027	GTATTTTTTATCCGTTGAGAAAATATCGAT	GTGCAATA	CTTCTCCTACGTGGGTCGGGACTGGTGTCT	8m
FBgn0037120	-0.51	291	578	TAAAGGAAATTAGTTTAAGAACGAATTTCG	ATGCAATA	ATTTATAAAATAATAGGCATAACACGATTG	7A1
FBgn0037188	0.49	781	897	TTTGATTTTTAACAATGTAGTTGCAAGATT	TTGCAATA	TTGTGGATGAATTCATTATTGATATTAATT	7A1
FBgn0037293	-0.73	87	229	TTTTTGGTGATGTTGAAAGCCTTGAAAGAA	GTGCAATC	AATCGCTAAATTCCATTTTGAAATTATTCC	7m8
FBgn0037622	-0.95	147	221	AGGAACCGACAAATTTTGTATTACATTTCT	GTGCAATT	AAAAGTTATAACGTTTGTGGATATGAATAA	7m8
FBgn0037744	-2.18	29	63	ATTCTCAGTTAATCGAAATATTTTGTACA	GTGCAATA	AATCCATTAACACGTTTTGGTGGTGA	8m
FBgn0037807	-0.18	252	448	TCGCTACCAACTCGCATATTTTCTATTATT	TTGCAATA	ACATCAATAGACCTAGCAAACGAAAGTTGT	7A1
FBgn0037875	-0.79	293	560	TCTATACATACTGAAAGCATGGCATAACTT	ATGCAATA	GTCCATATCGAGGAGCATTAGTGTAATTGT	7A1
FBgn0037989	-0.88	1149	1306	CAAATTTAATAGATATATCTTAACTTTAAT	GTGCAATT	TGTTGCTATACAAGACGAAAAGTGAGAGAT	7m8
FBgn0038460	-2.07	173	314	TTTATAAGGATAGAGTTGGAAAAACTCTAG	GTGCAATA	CGAGTGCGACAGTGACTGCTAAAGCCGAAC	8m
FBgn0038461	-1.19	23	274	ACCAACATAAGCACTACAAATTT	GTGCAATA	GATGCCAGAATGTAATGGTTCCAAATATTT	8m
FBgn0038463	-1.89	94	177	TAAACGTCTCCTGTAATTGACAGAACTTAA	GTGCAATT	AACAAATTCTGTGATTGACGATTTATTACA	7m8
FBgn0038608	-0.18	345	373	AAGATTATACAGCTTTTTACACTTTTCAAC	TTGCAATA	AATTTTAATTTTGTAAATTC	7A1
FBgn0038704	-0.41	105	294	ATCCACACAAATCGTTCCCAAATTGGCATT	TTGCAATA	AACAAGATGAAGGCAGGAAGAAAAATTAAG	7A1
FBgn0038741	-0.57	72	239	GAAAGCCAACGAATTGTTAAATTACAATCA	ATGCAATA	ACCAAACTTTAGATATTAATGAACTGTATA	7A1
FBgn0038788	-0.60	46	114	TAACATCCGTAGTTAATTTGTAGTTGAATT	GTGCAATT	TGTTTACATGTGGATTACGTGTATAAAGCG	7m8
FBgn0039013	0.30	167	189	TGACATTACAATAAGCCTACCATGTAACTA	TTGCAATA	AACCGCAGAAAACA	7A1
FBgn0039118	0.11	128	138	TGATGACGAATTATCAATACAAATATATTA	CTGCAATA	AT	7A1
FBgn0039187	-0.42	154	451	AATTTTACAGCATCTGTAGATGGATTCTTT	ATGCAATA	TTTGAACTGTGAGGAATCGTTCTAATCCTA	7A1
FBgn0039210	-0.21	28	70	AATGTTGCAAGCGTTGTTTGCTTTCGTG	TTGCAATA	AAGATGTAGGCACTGCCTGTAAAAAAGAAA	7A1
FBgn0039240	-0.05	79	770	AAACTAGACCCGCCCCACGCCCTCGTCCCT	TTGCAATA	GTTTTTTACATCATTGTCTTTGTTTTTATT	7A1
FBgn0039531	-1.60	48	121	TATATACAAAACTTCTGTTCTTCTGGTTAG	TTGCAATA	CTTTGTTGTTATATATAAAACGAAAGCCTT	7A1
FBgn0039580	-2.29	239	274	TGTGTTGTGGACCCACTACTTTTTGTGAAT	GTGCAATT	GAAATATAATTATTTCCAGTTTTTCTT	7m8
FBgn0039634	-0.24	256	828	AAATTGTAGCCCCTGGGGCAACAAATTAGG	GTGCAATA	TCACTTGTTTAACGCCAGACCTCTACTAAC	8m
FBgn0039773	-0.24	451	549	AAAGAGTCGTGTCCTTCTACGGCTTACTAC	TTGCAATA	AACTGTTGTTCAAAGACGAATCATCATAAA	7A1
FBgn0040208	-0.53	382	703	CAACAAATCGTTAACCCACAATCACACTAT	ATGCAATA	AGGAATCGCTTTAATCGCCGCCTAGCCTTG	7A1
FBgn0040212	-0.49	824	1019	AGAAAACCACAGCACAAAAATGTCAGAGAA	GTGCAATA	CAATACAAATATTATGTTAAAAAATATTTT	8m
FBgn0040532	-4.96	45	78	CTTTTGACGATTAAACATCTTTCACTGATT	GTGCAATA	ATATATTCATGTATTTTTTATTCCA	8m
FBgn0040600	-3.02	528	1160	ACATATTTATATACATATACACACAACATA	GTGCAATA	CTTTAGCTATACACGAAACACAAAAAACAC	8m
FBgn0041210	-0.84	992	1143	ATATATATATATACAAAAAAAATATATATT	GTGCAATA	AATGTGAGAAAATGAAAATCGCCACACAAA	8m
FBgn0044826	-0.01	551	2321	AGTAAGTGCAAACGAACCCTAACAGAGAAC	ATGCAATA	CTTGTTGTACATTACCAAAAAACAAAAAAA	7A1
FBgn0050147	-0.88	83	573	CAGGAGGCACTCTACGCAAACACAAACGAA	ATGCAATA	TTAATTATAGTCTACACTTAAGTGGAAACC	7A1
FBgn0050392	-1.80	258	311	TAACTGCAAGTATTCGTTTCCTAAGAGGCT	GTGCAATA	TTTCCAAAATCCCCCGTATTTTAACGCCAT	8m
FBgn0051098	0.12	214	506	CATGGTTCATATAGTTGCGATCAATTAGCC	ATGCAATA	TATACACATTTTAACTGATAGCTTTAAAAA	7A1
FBgn0051249	-0.48	260	322	ATATGTTTATTTATGATCCTCTTTCAAAAG	ATGCAATA	TTGTGTATGCCTATGTAATTAATTTATTTA	7A1
FBgn0051342	0.02	519	775	ACACACACAACTGTGCAACTTAGTATCCTT	ATGCAATA	TTGGAGTGCCTCTGATTTTGTTCATTGATG	7A1
FBgn0051363	-0.35	241	782	AGAGAATAGCAATTGCTCAACGATCTGCAG	ATGCAATA	GTACGATACGCTTCCCAGATGAGAATTAAT	7A1
FBgn0052536	-1.14	1364	1476	AAGATTACGCGTCGGCGCGGACCGGCTAAA	GTGCAATA	AAAATCGTGTTTTCATTCGCATGACTCAAT	8m
FBgn0052579	-0.16	31	55	TTCTAGCATAATTAGTAGCATTTTGTATAT	TTGCAATA	AACGTTGTTATGCCCA	7A1
FBgn0052625	1.34	2009	3100	TATTTAAGTATTTAACAAAATCAGATGCAA	ATGCAATA	TGACCTAAAGTATAATATGACTCCAAACCC	7A1
FBgn0052638	-1.65	226	552	TTTTTTTTTTTTTTGAGCGTTGTTTTGTTA	GTGCAATA	TTGTGAGAGAGACAACGATTAAGGTTAAGC	8m
FBgn0052676	0.47	483	1284	TTTGTGTACATCCCAGGCGCACGCTATGCC	GTGCAATT	CACAATTTGAATCGTTAGCAACCAGCAGCG	7m8
FBgn0052702	-0.50	71	114	CTTAAAATTCCTACAATTAAATCATTTCTA	TTGCAATA	AATACATCTAAATAAAGGATAACTTCTCAC	7A1
FBgn0053169	-2.82	33	100	GTCATAAAATGTAGTTTATAGTCGTGGTCA	GTGCAATT	GAATCGTTGTAAAGACATATAGCCTTAATA	7m8
FBgn0083968	-0.02	88	134	TTGATTAGTTGTTATATCTAAAGTTTGATA	ATGCAATA	AAAACATGCATTGCGTGTTACGTGATTCTG	7A1
FBgn0086359	-0.60	46	825	GTGCAGATTTACTTGCTCTTTATGTATGTA	GTGCAATT	TGTACATTTTAGCTGTATGATATAAGCTCA	7m8
FBgn0086372	0.21	711	1196	CCAAGTGCTTGCACACCTTAACGTAATCAT	TTGCAATA	TTTTAATCCGTCTATCAATGTTTTTTTGTT	7A1
FBgn0250789	0.03	207	706	CACAATGAACCTTAAATCAACAATAGCACC	TTGCAATA	CATATTTATCAACATGACTATGAACCATTT	7A1
FBgn0250848	-2.04	72	101	TTTTATTTTTACGCCCACAGGGCGCTAAAT	ATGCAATA	CATTTCATAAACTCTTTTGTA	7A1
FBgn0259791	0.16	58	283	CAACTACATATGTTATTTTATAGGCAATCT	ATGCAATA	ACTCCTTTTCACAGCCAAAAGAAAGGAGGA	7A1
FBgn0259937	0.68	148	177	AATTACAAATGCATTTAAGTGACATTCGCA	ATGCAATA	AATTGAACATTTTATTGTGGA	7A1
FBgn0260744	-0.64	105	147	TTGAAGATTACTTATCGATTATATGTATAG	ATGCAATA	AGAAAATACACACATTAAATGTTAATTGAG	7A1
FBgn0260862	-0.01	185	293	TAATCTATATAAGATAGGATGGAGTATTAC	GTGCAATA	AGAGTCGAAGCTTAGAGTAGTTATCTGCGG	8m
FBgn0260935	-0.62	50	94	TAATTATTCAACTGTGATTAGCCTAATAAA	CTGCAATA	TGTGTAACTATTTAATAAACGGTTGCTTCT	7A1
FBgn0261270	0.12	162	194	CACTGATCATTATAATCTTGGACGTCTCTA	CTGCAATA	CGAGTGAATAAAATGAAAACACTT	7A1
FBgn0261274	-1.56	361	418	AGCGGAACTTAATGAGCAAGTAAACGCATT	GTGCAATA	CCAAGACCTTACGACACAAGGCGCTAAAAT	8m
FBgn0261524	-0.31	313	608	GCAACAGCAACATAACCGTTACTAGCAAAC	CTGCAATA	TGCATAATGCAACAATCGCCTTGCAACGCT	7A1
FBgn0261545	-0.31	2724	5571	ATCCATGATCACGTTCTAGTTGCGCTCTCT	GTGCAATT	TCTCTGTCTCCGCCCGCAAGTCCTGTAAAA	7m8
FBgn0261984	-0.78	77	88	ATTTATTAAGATAATTATTTTAATTTAATC	GTGCAATT	TGT	7m8
FBgn0262716	-0.06	414	555	ACGCTCTACTTGTCATAGAAATATTTATAA	TTGCAATA	ACTGCAACCAATTCAAACACTGAATGAACA	7A1
FBgn0263102	0.15	1650	2197	TATTTTAGCGTTATAGACCCGTAGAACTGA	ATGCAATA	TGCTTACCTTAAAACTCAACATAATTTAAT	7A1
FBgn0263260	-3.13	153	170	TTACAAATTATGTACGACAATAAATTCCAT	GTGCAATG	TATTTTTAT	7m8
FBgn0264075	-0.23	79	960	TAATCTGTGTCTCTCTTAACCACTTCTCAA	GTGCAATC	CATCTTACATTGTTGAAATAATTCAGCCAA	7m8
FBgn0264855	-0.34	1188	1358	ATGACAGCTGGAAATTTAGGCATTTCCAAA	GTGCAATA	GTTAAATGTTACAAAATTCCACACAAATTC	8m
FBgn0265974	-0.79	853	1095	TTAAGTAGCTTTCCATTTTCAATTCGTTAT	GTGCAATT	TTTTATTTGGACACCTCAGTTTTTTAATTC	7m8
FBgn0266669	-0.52	56	114	GGGAGCGGTTCAACCGGGTTTTATTTTTAA	GTGCAATA	GTATTTAAAGCGCTGTTTCTGCTGATTGCA	8m
FBgn0267792	0.16	252	350	TCGTAATCAGAGACGATTAGCCAGCCATTC	GTGCAATG	CTTGTAACTGGTTTATAATTCGAATCCCAA	7m8
FBgn0267795	-0.16	108	736	AACCGAAACAAAAAGAGAACATTACAGATA	CTGCAATA	TGTGATTAGGCGATTAAATTGTTTTCGAGA	7A1
FBgn0283461	-5.26	69	111	TAGCTCTCCACTACTTACACATATTCTATG	CTGCAATA	TTGAAAATCTAATAAACAAAACTAATGTAC	7A1
