1001226	42	7A1	1.497	GATCTCA
1001258	550	7m8	1.884	TGATCTC
1001517	29	7A1	1.600	GATCTCA
1002482	83	8m	2.304	TGATCTC
1004125	573	7m8	1.281	TGATCTC
1006717	565	7A1	1.075	GATCTCA
1009709	234	8m	2.108	TGATCTC
1013186	97	7A1	2.074	GATCTCA
1014112	13	8m	1.809	TGATCTC
1014271	5	7m8	1.108	TGATCTC
1015147	537	8m	3.954	TGATCTC
1015557	73	7A1	1.951	GATCTCA
1016008	451	7m8	1.456	TGATCTC
1016031	1289	8m	4.673	TGATCTC
1016364	139	7A1	1.249	GATCTCA
1016973	474	7A1	1.220	GATCTCA
1017094	465	7m8	2.407	TGATCTC
1018117	238	7A1	1.698	GATCTCA
1018365	455	8m	1.958	GATCTCA
1018404	343	7A1	1.270	GATCTCA
1018436	443	7m8	2.213	TGATCTC
1018990	26	7m8	1.145	TGATCTC
1020313	264	7A1	1.196	GATCTCA
1020619	282	7A1	2.278	GATCTCA
1020730	661	7A1	2.409	GATCTCA
1023393	1487	7A1	1.677	GATCTCA
1024139	18	8m	2.983	TGATCTC
1024390	383	7A1	1.593	GATCTCA
1024520	43	8m	3.226	GATCTCA
1025350	340	7A1	2.277	GATCTCA
1029327	211	7A1	1.506	GATCTCA
1029571	82	7m8	1.902	TGATCTC
1029623	504	8m	1.314	GATCTCA
1030130	189	7m8	1.731	TGATCTC
1030992	33	7A1	1.377	GATCTCA
1031197	1117	8m	1.443	TGATCTC
1032253	69	7A1	1.554	GATCTCA
1035039	1231	8m	1.143	GATCTCA
1035321	312	8m	1.133	TGATCTC
1035428	287	7m8	1.590	TGATCTC
1036041	200	8m	1.161	TGATCTC
1038087	595	7A1	1.838	GATCTCA
1038572	1481	7m8	1.168	TGATCTC
1040192	884	7A1	2.083	GATCTCA
