1007298	896	7A1	2.348	TACCTCA
1007995	94	8m	3.296	CTACCTC
1007995	152	8m	2.807	CTACCTC
1008214	1219	7A1	2.462	TACCTCA
1008315	411	7A1	2.036	TACCTCA
1009092	329	8m	4.073	CTACCTC
1010508	225	7A1	1.277	TACCTCA
1011401	257	8m	2.806	CTACCTC
1012376	385	7A1	2.051	TACCTCA
1012752	69	7m8	2.548	CTACCTC
1013864	582	7A1	2.791	TACCTCA
1015862	110	7A1	1.024	TACCTCA
1016178	271	7A1	2.149	TACCTCA
1016514	163	7A1	1.032	TACCTCA
1020634	795	7m8	2.675	CTACCTC
1020919	765	7A1	1.268	TACCTCA
1021973	1176	8m	1.189	CTACCTC
1023714	1528	8m	1.600	CTACCTC
1026654	55	7A1	1.383	TACCTCA
1032970	1492	7A1	2.737	TACCTCA
1034721	327	7m8	1.518	CTACCTC
1035206	331	7m8	2.725	CTACCTC
