1000099	61	7A1	3.164	GCATTTA
1000152	325	7m8	1.469	TGCATTT
1000179	244	7m8	2.021	TGCATTT
1000206	305	7A1	2.636	GCATTTA
1000347	510	7m8	1.856	TGCATTT
1000362	763	7A1	2.125	GCATTTA
1000476	6	7m8	1.409	TGCATTT
1000479	182	8m	2.763	TGCATTT
1000607	1079	7A1	1.600	GCATTTA
1000688	337	7m8	2.290	TGCATTT
1000821	93	7m8	1.754	TGCATTT
1000859	131	7A1	1.600	GCATTTA
1000989	76	8m	1.173	GCATTTA
1000995	25	7m8	1.845	TGCATTT
1001160	158	7A1	2.175	GCATTTA
1001193	122	8m	1.506	GCATTTA
1001200	168	7m8	1.913	TGCATTT
1001509	5	7m8	2.301	TGCATTT
1001732	53	8m	2.289	TGCATTT
1001951	263	7A1	2.376	GCATTTA
1002078	401	7A1	2.972	GCATTTA
1002083	60	8m	1.300	TGCATTT
1002110	211	7m8	1.134	TGCATTT
1002125	44	7m8	2.214	TGCATTT
1002373	907	8m	1.327	TGCATTT
1002406	125	8m	1.922	TGCATTT
1002640	35	7A1	1.268	GCATTTA
1002650	23	8m	1.098	TGCATTT
1002673	312	7A1	1.410	GCATTTA
1002745	947	8m	1.058	TGCATTT
1003020	264	7m8	1.696	TGCATTT
1003059	53	7m8	1.495	TGCATTT
1003083	283	7m8	1.554	TGCATTT
1003110	300	8m	1.178	TGCATTT
1003142	307	7m8	2.172	TGCATTT
1003149	1307	7m8	1.932	TGCATTT
1003163	136	7m8	2.465	TGCATTT
1003580	22	7m8	1.040	TGCATTT
1003591	300	7m8	2.833	TGCATTT
1004079	258	8m	2.519	TGCATTT
1004112	44	7A1	1.395	GCATTTA
1004301	367	8m	3.844	TGCATTT
1004439	240	7m8	3.393	TGCATTT
1004837	48	7A1	1.510	GCATTTA
1004840	255	7m8	3.405	TGCATTT
1004946	8	7m8	1.332	TGCATTT
1004957	328	7m8	1.515	TGCATTT
1005063	558	8m	1.631	TGCATTT
1005094	7	7m8	1.195	TGCATTT
1005331	93	8m	3.303	TGCATTT
1005356	2022	7A1	2.385	GCATTTA
1005390	312	7A1	3.376	GCATTTA
1005404	183	8m	1.780	TGCATTT
1005713	519	7A1	1.838	GCATTTA
1005904	270	7m8	2.083	TGCATTT
1006100	31	7m8	1.463	TGCATTT
1006585	716	7A1	1.198	GCATTTA
1006585	2013	7A1	2.463	GCATTTA
1006687	46	8m	1.068	TGCATTT
1006880	198	7m8	1.121	TGCATTT
1007029	670	7m8	2.615	TGCATTT
1007112	18	7A1	1.236	GCATTTA
1007254	571	7m8	3.354	TGCATTT
1007316	547	7m8	1.228	TGCATTT
1007316	678	7m8	1.584	TGCATTT
1007316	800	7m8	1.429	TGCATTT
1007506	58	7m8	1.585	TGCATTT
1007532	203	7A1	2.144	GCATTTA
1007626	347	7m8	1.600	TGCATTT
1007696	716	7A1	1.198	GCATTTA
1007780	63	7m8	1.749	TGCATTT
1007786	402	7m8	1.308	TGCATTT
1007804	188	7m8	2.819	TGCATTT
1007930	358	7m8	2.352	TGCATTT
1007992	88	8m	3.268	TGCATTT
1008040	534	7m8	3.376	TGCATTT
1008040	540	7m8	3.376	TGCATTT
1008069	1274	7m8	1.017	TGCATTT
1008070	63	7m8	1.927	TGCATTT
1008091	115	7A1	1.791	GCATTTA
1008232	149	8m	2.807	GCATTTA
1008273	313	7m8	2.059	TGCATTT
1008273	494	7m8	2.607	TGCATTT
1008273	734	7m8	2.399	TGCATTT
1008289	888	8m	2.701	TGCATTT
1008298	11	7m8	1.958	TGCATTT
1008609	127	7m8	1.014	TGCATTT
1008659	54	7m8	1.702	TGCATTT
1008695	126	7A1	3.065	GCATTTA
1008722	501	7A1	2.630	GCATTTA
1008747	520	7A1	1.554	GCATTTA
1009120	27	8m	1.244	GCATTTA
1009189	83	7m8	1.777	TGCATTT
1009259	65	7m8	1.113	TGCATTT
1009265	258	8m	3.426	GCATTTA
1009318	178	7m8	1.554	TGCATTT
1009367	493	7A1	3.002	GCATTTA
1009387	2211	7m8	2.549	TGCATTT
1009427	80	7A1	1.855	GCATTTA
1009446	74	8m	2.864	TGCATTT
1009446	786	8m	1.927	TGCATTT
1009872	48	7m8	1.045	TGCATTT
1009936	172	7m8	1.311	TGCATTT
1010234	302	7m8	2.494	TGCATTT
1010269	8	7A1	1.337	GCATTTA
1010328	61	8m	1.548	TGCATTT
1010428	160	7m8	1.895	TGCATTT
1010496	222	7A1	2.177	GCATTTA
1010547	77	7m8	1.249	TGCATTT
1010605	196	7m8	2.801	TGCATTT
1010627	63	7A1	2.012	GCATTTA
1010663	594	7m8	1.670	TGCATTT
1010680	654	7m8	3.272	TGCATTT
1010713	14	7m8	1.668	TGCATTT
1010778	136	7m8	1.284	TGCATTT
1011024	76	8m	1.328	TGCATTT
1011231	390	7A1	1.309	GCATTTA
1011497	169	8m	1.134	GCATTTA
1011567	83	7m8	2.254	TGCATTT
1011584	113	7m8	2.515	TGCATTT
1011788	427	7A1	1.970	GCATTTA
1011899	491	8m	1.961	GCATTTA
1011953	97	8m	2.453	TGCATTT
1012027	36	7A1	1.178	GCATTTA
1012319	4	7m8	2.413	TGCATTT
1012328	433	7m8	1.227	TGCATTT
1012422	59	7A1	2.326	GCATTTA
1012461	70	8m	2.016	GCATTTA
1012780	39	7m8	1.304	TGCATTT
1012899	307	7A1	1.193	GCATTTA
1013071	866	7m8	2.240	TGCATTT
1013769	2720	7m8	1.311	TGCATTT
1013867	819	8m	2.093	TGCATTT
1014112	421	7m8	3.008	TGCATTT
1014130	77	8m	3.002	TGCATTT
1014360	1623	7m8	2.768	TGCATTT
1014467	757	7m8	1.384	TGCATTT
1014479	206	7m8	1.866	TGCATTT
1014942	224	7A1	1.961	GCATTTA
1014964	11	7A1	2.429	GCATTTA
1014979	254	7m8	2.523	TGCATTT
1015083	103	7m8	1.895	TGCATTT
1015089	684	8m	2.807	GCATTTA
1015100	778	7A1	3.376	GCATTTA
1015182	391	7m8	1.435	TGCATTT
1015265	534	7m8	3.376	TGCATTT
1015265	540	7m8	3.376	TGCATTT
1015373	477	8m	2.678	TGCATTT
1015436	11	7m8	1.540	TGCATTT
1015719	67	7A1	2.523	GCATTTA
1015786	648	7m8	1.773	TGCATTT
1015825	626	7m8	3.366	TGCATTT
1015970	464	7m8	1.024	TGCATTT
1016022	178	7m8	1.554	TGCATTT
1016031	1529	8m	3.528	TGCATTT
1016062	21	7m8	1.893	TGCATTT
1016100	237	7m8	2.704	TGCATTT
1016113	96	7A1	2.372	GCATTTA
1016118	207	7A1	2.201	GCATTTA
1016152	2	7m8	1.207	TGCATTT
1016365	405	7A1	1.781	GCATTTA
1016437	238	7m8	1.276	TGCATTT
1016472	226	7m8	1.951	TGCATTT
1016559	696	7m8	1.196	TGCATTT
1016649	108	7m8	2.481	TGCATTT
1016686	143	8m	1.549	GCATTTA
1016700	240	7m8	3.286	TGCATTT
1016746	264	7A1	1.821	GCATTTA
1016785	286	7m8	2.230	TGCATTT
1016803	77	7m8	1.319	TGCATTT
1016818	7	8m	2.526	TGCATTT
1016836	247	7m8	2.105	TGCATTT
1017251	104	8m	1.886	TGCATTT
1017255	202	7m8	1.017	TGCATTT
1017323	36	8m	1.699	GCATTTA
1017377	438	7A1	1.728	GCATTTA
1017431	215	7m8	2.179	TGCATTT
1017803	346	7m8	2.041	TGCATTT
1017947	202	7A1	1.068	GCATTTA
1018075	211	7m8	1.874	TGCATTT
1018116	66	8m	1.006	TGCATTT
1018259	246	7A1	1.145	GCATTTA
1018429	159	7m8	2.621	TGCATTT
1018429	213	7m8	2.028	TGCATTT
1018429	377	7m8	1.554	TGCATTT
1018500	351	7A1	1.186	GCATTTA
1018531	191	7m8	1.490	TGCATTT
1018729	310	7m8	1.081	TGCATTT
1019014	210	7m8	2.015	TGCATTT
1019025	124	7A1	2.174	GCATTTA
1019035	258	7A1	1.178	GCATTTA
1019183	28	7A1	1.234	GCATTTA
1019512	786	7m8	3.376	TGCATTT
1019730	290	8m	1.961	GCATTTA
1019745	235	7m8	1.644	TGCATTT
1019845	95	8m	2.518	TGCATTT
1020057	120	8m	1.182	GCATTTA
1020072	55	7m8	2.807	TGCATTT
1020249	42	8m	1.542	TGCATTT
1020252	185	8m	1.190	TGCATTT
1020407	434	7m8	2.145	TGCATTT
1020437	123	7m8	1.949	TGCATTT
1020603	442	7m8	1.990	TGCATTT
1020634	526	7A1	2.303	GCATTTA
1020645	94	8m	1.961	TGCATTT
1020892	68	8m	1.627	TGCATTT
1020919	725	8m	2.309	GCATTTA
1020999	85	8m	1.263	GCATTTA
1021083	58	8m	1.429	GCATTTA
1021611	311	7m8	1.607	TGCATTT
1021673	136	7m8	2.494	TGCATTT
1021795	1535	7m8	3.638	TGCATTT
1021921	138	7m8	1.936	TGCATTT
1022013	100	7m8	1.067	TGCATTT
1022200	29	7m8	1.350	TGCATTT
1022203	29	7m8	1.350	TGCATTT
1022262	252	7A1	1.805	GCATTTA
1022368	386	8m	3.698	TGCATTT
1022722	259	7m8	1.961	TGCATTT
1022844	115	7m8	2.807	TGCATTT
1023137	2	7m8	1.479	TGCATTT
1023175	179	7m8	2.765	TGCATTT
1023214	690	7m8	1.445	TGCATTT
1023294	239	7m8	1.864	TGCATTT
1023335	550	7m8	2.358	TGCATTT
1023597	494	7m8	3.288	TGCATTT
1023663	275	7m8	1.064	TGCATTT
1023676	460	7A1	2.381	GCATTTA
1023708	2748	7m8	2.807	TGCATTT
1023772	105	7m8	1.648	TGCATTT
1023793	303	7m8	2.635	TGCATTT
1023841	324	7m8	1.557	TGCATTT
1023841	330	7m8	1.557	TGCATTT
1024001	63	8m	2.218	TGCATTT
1024021	78	7m8	3.155	TGCATTT
1024307	69	7m8	1.022	TGCATTT
1024307	362	7m8	1.459	TGCATTT
1024382	278	7m8	1.733	TGCATTT
1024399	28	7m8	1.600	TGCATTT
1024496	4	7m8	1.822	TGCATTT
1024627	63	7A1	1.472	GCATTTA
1024646	1111	7m8	2.129	TGCATTT
1024669	420	7m8	2.202	TGCATTT
1024747	1	7A1	2.384	GCATTTA
1024805	164	7m8	1.309	TGCATTT
1024808	820	7A1	1.465	GCATTTA
1024831	639	8m	1.961	TGCATTT
1024879	136	7A1	1.203	GCATTTA
1024941	180	7m8	1.600	TGCATTT
1025004	68	7m8	1.047	TGCATTT
1025047	223	7m8	1.896	TGCATTT
1025134	6	7m8	1.832	TGCATTT
1025277	457	7m8	2.839	TGCATTT
1025286	150	7m8	1.275	TGCATTT
1025338	105	7A1	2.479	GCATTTA
1025373	70	8m	2.218	TGCATTT
1025373	80	8m	2.661	GCATTTA
1025469	627	7m8	4.092	TGCATTT
1025470	339	8m	1.844	TGCATTT
1025478	32	8m	1.520	TGCATTT
1025606	611	7A1	1.359	GCATTTA
1025818	55	8m	1.233	TGCATTT
1025848	322	7A1	1.871	GCATTTA
1025916	1145	7A1	4.188	GCATTTA
1026862	57	8m	1.919	TGCATTT
1027356	205	8m	1.872	TGCATTT
1027541	32	8m	2.358	TGCATTT
1027607	505	7A1	2.570	GCATTTA
1027620	308	7A1	2.381	GCATTTA
1027758	132	7m8	1.081	TGCATTT
1027799	106	8m	2.621	TGCATTT
1027914	506	7m8	1.448	TGCATTT
1027914	621	7A1	1.337	GCATTTA
1027935	61	7A1	2.314	GCATTTA
1028013	674	7A1	1.359	GCATTTA
1028171	130	7m8	1.941	TGCATTT
1028209	62	7m8	1.178	TGCATTT
1028818	491	7A1	1.208	GCATTTA
1028818	535	7m8	1.067	TGCATTT
1028881	534	7m8	1.198	TGCATTT
1028986	43	7m8	2.041	TGCATTT
1028986	49	7m8	2.041	TGCATTT
1029194	937	7m8	1.435	TGCATTT
1029266	204	7m8	2.277	TGCATTT
1029501	61	7m8	1.646	TGCATTT
1029566	1025	7m8	2.381	TGCATTT
1029655	174	7m8	1.245	TGCATTT
1029883	3	7m8	1.554	TGCATTT
1029970	59	8m	1.180	TGCATTT
1030118	3	7m8	2.409	TGCATTT
1030320	53	8m	1.357	TGCATTT
1030397	44	7m8	1.555	TGCATTT
1030407	362	7A1	1.225	GCATTTA
1030407	405	8m	2.701	TGCATTT
1030504	24	8m	1.925	TGCATTT
1030550	71	7A1	1.949	GCATTTA
1030563	9	7m8	1.599	TGCATTT
1030744	426	7A1	3.016	GCATTTA
1030774	269	7m8	2.593	TGCATTT
1030855	243	7m8	2.965	TGCATTT
1031154	495	7m8	1.848	TGCATTT
1031196	168	7m8	2.339	TGCATTT
1031197	1248	7m8	3.119	TGCATTT
1031330	8	7m8	3.027	TGCATTT
1031812	314	7m8	1.327	TGCATTT
1031889	653	7m8	1.238	TGCATTT
1031995	602	7m8	1.050	TGCATTT
1032205	679	7m8	2.246	TGCATTT
1032246	83	7m8	1.478	TGCATTT
1032312	177	7m8	1.309	TGCATTT
1032457	49	7m8	1.479	TGCATTT
1032605	460	7A1	2.617	GCATTTA
1032645	21	7m8	2.061	TGCATTT
1032661	99	7m8	1.161	TGCATTT
1032685	300	7m8	1.987	TGCATTT
1032865	533	7A1	1.961	GCATTTA
1032882	879	7A1	1.454	GCATTTA
1032960	491	7A1	1.020	GCATTTA
1032967	177	7m8	1.309	TGCATTT
1033076	186	7m8	3.448	TGCATTT
1033083	55	7m8	2.432	TGCATTT
1033214	139	7m8	1.309	TGCATTT
1033220	284	7m8	1.422	TGCATTT
1033388	95	8m	1.600	GCATTTA
1033466	160	7A1	1.277	GCATTTA
1033490	242	8m	1.711	TGCATTT
1033566	30	7m8	1.474	TGCATTT
1033596	228	7m8	2.311	TGCATTT
1033623	50	7A1	1.645	GCATTTA
1033676	900	7A1	2.887	GCATTTA
1033697	8	7m8	2.526	TGCATTT
1033885	1317	7A1	1.554	GCATTTA
1033909	253	7m8	2.769	TGCATTT
1034232	612	7m8	1.530	TGCATTT
1034257	1268	7A1	1.168	GCATTTA
1034506	35	7m8	2.450	TGCATTT
1034506	464	7m8	1.518	TGCATTT
1034688	484	8m	3.612	TGCATTT
1034861	84	7m8	1.074	TGCATTT
1035013	72	7A1	1.180	GCATTTA
1035039	1248	7m8	2.027	TGCATTT
1035129	276	7m8	1.418	TGCATTT
1035228	214	7m8	2.074	TGCATTT
1035261	48	7m8	1.572	TGCATTT
1035413	51	7m8	1.897	TGCATTT
1035474	357	7m8	1.296	TGCATTT
1035680	21	7m8	1.660	TGCATTT
1035800	898	8m	2.002	TGCATTT
1035915	50	8m	1.352	TGCATTT
1036125	1239	7m8	2.004	TGCATTT
1036211	212	7A1	2.099	GCATTTA
1036353	47	8m	1.410	TGCATTT
1036434	662	7A1	2.172	GCATTTA
1036545	79	7m8	2.256	TGCATTT
1036545	85	7m8	2.256	TGCATTT
1036665	231	8m	1.151	TGCATTT
1036743	255	7m8	2.555	TGCATTT
1036743	578	8m	2.507	GCATTTA
1036912	29	7m8	2.777	TGCATTT
1036912	134	7m8	1.215	TGCATTT
1036912	204	7m8	1.340	TGCATTT
1037123	79	8m	1.735	TGCATTT
1037416	53	7m8	2.592	TGCATTT
1037492	115	7m8	1.436	TGCATTT
1037518	293	7m8	1.930	TGCATTT
1037700	73	7m8	1.424	TGCATTT
1037820	72	7A1	2.792	GCATTTA
1037830	35	7m8	1.405	TGCATTT
1037855	29	8m	1.148	TGCATTT
1037855	265	7A1	1.436	GCATTTA
1037879	898	7A1	1.059	GCATTTA
1038103	13	7A1	1.124	GCATTTA
1038899	94	7A1	2.090	GCATTTA
1038938	43	7m8	2.807	TGCATTT
1039201	72	7m8	1.540	TGCATTT
1039252	246	7A1	1.830	GCATTTA
1039261	15	7m8	2.394	TGCATTT
1039720	511	7A1	1.416	GCATTTA
1039906	1058	7m8	2.967	TGCATTT
1039916	2237	7m8	1.983	TGCATTT
1039922	977	7m8	1.178	TGCATTT
1039952	906	7m8	1.951	TGCATTT
1040093	135	8m	1.805	TGCATTT
1040515	328	7m8	2.367	TGCATTT
