1000036	158	7m8	1.696	GTGCAAT
1000072	730	8m	1.961	GTGCAAT
1000132	219	8m	1.400	GTGCAAT
1000279	51	7m8	1.787	GTGCAAT
1000284	251	7m8	1.359	GTGCAAT
1000389	141	8m	1.270	TGCAATA
1000547	31	7A1	3.019	TGCAATA
1000578	450	7A1	1.669	TGCAATA
1000617	308	8m	2.457	GTGCAAT
1000647	368	7m8	1.132	GTGCAAT
1000685	275	8m	1.657	GTGCAAT
1000917	403	7m8	2.016	GTGCAAT
1001119	57	7m8	1.481	GTGCAAT
1001184	2525	8m	2.040	GTGCAAT
1001580	106	8m	1.446	GTGCAAT
1001580	305	8m	1.268	TGCAATA
1001616	84	7A1	1.499	TGCAATA
1002295	427	7m8	2.188	GTGCAAT
1002296	318	7A1	1.754	TGCAATA
1002824	150	8m	1.575	TGCAATA
1002824	347	8m	1.194	GTGCAAT
1002865	43	8m	1.088	GTGCAAT
1003021	78	7m8	1.942	GTGCAAT
1003152	596	7m8	1.469	GTGCAAT
1003244	121	7m8	1.132	GTGCAAT
1003337	1	8m	2.589	GTGCAAT
1003372	51	7m8	1.001	GTGCAAT
1003574	219	7m8	2.172	GTGCAAT
1003574	298	7m8	1.163	GTGCAAT
1004253	575	7A1	2.278	TGCAATA
1004678	1437	7A1	1.298	TGCAATA
1004678	1546	7m8	1.958	GTGCAAT
1004996	138	7A1	1.715	TGCAATA
1005356	1029	7m8	1.961	GTGCAAT
1005376	184	7m8	1.754	GTGCAAT
1005468	102	8m	1.437	GTGCAAT
1006729	689	7A1	1.301	TGCAATA
1006802	183	7m8	2.078	GTGCAAT
1006820	1012	7A1	1.134	TGCAATA
1006841	84	8m	1.018	GTGCAAT
1006901	709	7A1	1.169	TGCAATA
1006901	1025	8m	3.151	GTGCAAT
1007116	192	8m	3.583	GTGCAAT
1007209	357	7m8	1.961	GTGCAAT
1007479	1024	7m8	1.620	GTGCAAT
1007876	633	7m8	2.774	GTGCAAT
1007905	202	7m8	3.298	GTGCAAT
1007962	215	7m8	1.554	GTGCAAT
1007998	302	8m	2.793	TGCAATA
1008088	235	7m8	1.070	GTGCAAT
1008147	535	8m	2.886	GTGCAAT
1008148	279	7m8	1.123	GTGCAAT
1008177	129	8m	3.036	GTGCAAT
1008180	106	8m	1.620	GTGCAAT
1008315	419	7m8	1.400	GTGCAAT
1008345	155	8m	2.716	GTGCAAT
1008411	133	7m8	1.271	GTGCAAT
1008591	379	7m8	1.068	GTGCAAT
1008752	404	7m8	2.092	GTGCAAT
1008828	518	7A1	2.529	TGCAATA
1009028	306	8m	2.536	GTGCAAT
1009028	342	7m8	1.556	GTGCAAT
1009279	113	8m	1.167	GTGCAAT
1009437	713	7m8	1.387	GTGCAAT
1009466	336	8m	3.096	GTGCAAT
1009667	1130	7m8	2.523	GTGCAAT
1009783	339	8m	1.269	GTGCAAT
1010290	692	7A1	1.394	TGCAATA
1010290	760	7m8	1.798	GTGCAAT
1010663	408	8m	2.305	GTGCAAT
1010739	22	8m	2.027	GTGCAAT
1011024	109	7m8	2.774	GTGCAAT
1011324	57	7m8	1.586	GTGCAAT
1011391	109	7m8	1.856	GTGCAAT
1011428	866	7m8	1.157	GTGCAAT
1011572	164	7A1	1.788	TGCAATA
1011584	803	7m8	1.017	GTGCAAT
1011700	179	7m8	1.027	GTGCAAT
1011767	198	7m8	1.136	GTGCAAT
1012003	157	7m8	2.928	GTGCAAT
1012089	156	7m8	1.183	GTGCAAT
1012477	305	7A1	2.484	TGCAATA
1012894	353	7m8	1.455	GTGCAAT
1013091	243	7m8	1.420	GTGCAAT
1013385	278	8m	2.358	TGCAATA
1013447	89	7m8	1.579	GTGCAAT
1013465	85	8m	2.490	GTGCAAT
1013539	176	7A1	2.575	TGCAATA
1013611	635	8m	2.354	GTGCAAT
1013867	593	8m	1.341	GTGCAAT
1014210	500	7A1	2.347	TGCAATA
1014298	424	7m8	2.267	GTGCAAT
1014482	336	8m	3.096	GTGCAAT
1014547	290	7A1	2.358	TGCAATA
1014990	962	7m8	2.228	GTGCAAT
1015071	1403	7m8	1.958	GTGCAAT
1015074	224	7m8	2.720	GTGCAAT
1015244	344	7m8	1.410	GTGCAAT
1015270	101	7A1	2.747	TGCAATA
1015273	102	7m8	1.884	GTGCAAT
1015345	2254	7A1	1.962	TGCAATA
1015403	239	7m8	1.866	GTGCAAT
1015423	169	7m8	2.767	GTGCAAT
1015554	185	7m8	1.564	GTGCAAT
1015610	456	7m8	2.055	GTGCAAT
1015610	520	7m8	1.615	GTGCAAT
1015677	177	7m8	1.857	GTGCAAT
1015769	148	8m	2.672	GTGCAAT
1015865	298	7A1	2.975	TGCAATA
1016080	59	7A1	1.080	TGCAATA
1016178	349	7m8	1.600	GTGCAAT
1016202	310	7m8	1.400	GTGCAAT
1016289	695	7m8	2.251	GTGCAAT
1016392	213	7m8	2.257	GTGCAAT
1016392	305	7m8	1.360	GTGCAAT
1016395	154	8m	2.890	GTGCAAT
1016514	517	7m8	1.773	GTGCAAT
1016709	222	7m8	2.753	GTGCAAT
1016799	26	7m8	1.593	GTGCAAT
1016799	285	7A1	1.931	TGCAATA
1016871	32	7m8	2.113	GTGCAAT
1016949	267	8m	2.782	GTGCAAT
1016960	122	7m8	1.951	GTGCAAT
1017021	59	8m	1.545	GTGCAAT
1017022	60	7A1	1.906	TGCAATA
1017022	658	7m8	1.554	GTGCAAT
1017285	124	8m	2.896	GTGCAAT
1017806	332	8m	1.735	GTGCAAT
1018083	126	7m8	1.467	GTGCAAT
1018289	404	7A1	2.557	TGCAATA
1018528	299	7m8	1.600	GTGCAAT
1018711	31	7m8	1.183	GTGCAAT
1019014	319	7A1	1.247	TGCAATA
1019053	520	7A1	1.607	TGCAATA
1019194	316	8m	3.085	GTGCAAT
1019296	530	7A1	1.896	TGCAATA
1019482	757	7A1	1.138	TGCAATA
1019856	167	8m	2.894	GTGCAAT
1019901	376	8m	2.444	TGCAATA
1020057	100	7A1	1.314	TGCAATA
1020437	110	7A1	2.494	TGCAATA
1020634	550	7m8	2.822	GTGCAAT
1020663	528	7A1	2.826	TGCAATA
1020820	113	7m8	2.337	GTGCAAT
1021101	100	7m8	1.926	GTGCAAT
1021175	283	8m	2.381	GTGCAAT
1021235	80	7A1	1.600	TGCAATA
1021252	16	7m8	2.228	GTGCAAT
1021611	58	7A1	1.518	TGCAATA
1021654	98	8m	1.167	GTGCAAT
1022040	220	7m8	2.358	GTGCAAT
1022437	399	7A1	1.558	TGCAATA
1023017	237	7A1	1.188	TGCAATA
1023155	168	7m8	2.807	GTGCAAT
1023155	191	7m8	2.065	GTGCAAT
1023155	434	7A1	2.368	TGCAATA
1023291	876	7A1	1.895	TGCAATA
1023294	270	7m8	1.554	GTGCAAT
1023294	583	7m8	1.554	GTGCAAT
1023322	192	7A1	2.812	TGCAATA
1023388	80	7A1	1.413	TGCAATA
1023505	555	8m	2.353	GTGCAAT
1023558	209	7m8	2.350	GTGCAAT
1023708	2680	7A1	2.068	TGCAATA
1024193	373	7A1	1.196	TGCAATA
1024193	392	8m	1.602	GTGCAAT
1024321	49	7m8	1.020	GTGCAAT
1024382	237	8m	1.025	GTGCAAT
1024387	151	8m	1.838	TGCAATA
1024391	76	7A1	1.268	TGCAATA
1024439	497	8m	1.506	GTGCAAT
1024501	294	8m	1.948	GTGCAAT
1024504	209	7A1	1.311	TGCAATA
1024534	364	7m8	1.827	GTGCAAT
1024558	375	7m8	1.484	GTGCAAT
1024558	532	8m	1.195	GTGCAAT
1024711	473	7A1	1.318	TGCAATA
1025141	85	7m8	1.016	GTGCAAT
1025171	260	8m	2.709	GTGCAAT
1025271	93	7A1	2.142	TGCAATA
1025373	121	7m8	2.525	GTGCAAT
1025493	265	7m8	1.961	GTGCAAT
1025794	27	7m8	1.367	GTGCAAT
1025842	73	7m8	1.192	GTGCAAT
1025974	20	7A1	1.754	TGCAATA
1026082	36	7A1	1.423	TGCAATA
1026334	418	7m8	3.225	GTGCAAT
1026388	161	7m8	3.079	GTGCAAT
1026572	124	7m8	2.380	GTGCAAT
1026728	402	8m	2.588	GTGCAAT
1026729	107	7m8	1.471	GTGCAAT
1027135	54	8m	1.113	GTGCAAT
1027306	19	8m	1.954	GTGCAAT
1027425	104	7m8	1.998	GTGCAAT
1027775	294	7m8	1.773	GTGCAAT
1028818	702	7m8	1.703	GTGCAAT
1028871	111	8m	3.093	GTGCAAT
1028917	94	7A1	1.644	TGCAATA
1029304	6	7m8	2.462	GTGCAAT
1029315	128	7m8	1.172	GTGCAAT
1029522	49	7m8	1.205	GTGCAAT
1029566	526	8m	1.488	GTGCAAT
1029566	581	7A1	1.866	TGCAATA
1029751	203	7m8	1.958	GTGCAAT
1029837	13	7m8	2.570	GTGCAAT
1030233	427	8m	1.530	GTGCAAT
1030470	263	8m	1.431	GTGCAAT
1030656	503	7A1	1.130	TGCAATA
1030668	246	7m8	2.690	GTGCAAT
1030855	399	8m	2.669	GTGCAAT
1030855	485	7m8	2.786	GTGCAAT
1031127	299	7m8	1.866	GTGCAAT
1031360	754	7m8	1.108	GTGCAAT
1031884	126	7m8	2.228	GTGCAAT
1032037	972	7m8	2.533	GTGCAAT
1032167	222	8m	1.778	TGCAATA
1032233	336	7m8	1.606	GTGCAAT
1032280	687	7A1	2.122	TGCAATA
1032496	476	7m8	1.432	GTGCAAT
1032501	69	7A1	1.981	TGCAATA
1032614	390	8m	2.926	GTGCAAT
1032642	30	7A1	1.554	TGCAATA
1032936	71	8m	1.197	TGCAATA
1033136	603	8m	1.607	GTGCAAT
1033283	158	7A1	1.893	TGCAATA
1033470	477	7m8	1.176	GTGCAAT
1033470	497	7m8	1.178	GTGCAAT
1033605	644	8m	1.506	TGCAATA
1033753	581	7A1	1.249	TGCAATA
1033756	581	7A1	1.043	TGCAATA
1033787	461	7m8	2.803	GTGCAAT
1033904	811	8m	2.338	GTGCAAT
1033909	247	7m8	2.315	GTGCAAT
1033944	1964	7m8	2.507	GTGCAAT
1033999	225	7m8	1.022	GTGCAAT
1034283	372	7m8	1.951	GTGCAAT
1034302	530	8m	2.461	GTGCAAT
1034349	272	7m8	1.465	GTGCAAT
1034563	233	7m8	2.176	GTGCAAT
1034656	140	8m	2.800	GTGCAAT
1034685	180	8m	1.881	GTGCAAT
1034685	191	8m	3.353	GTGCAAT
1034685	232	8m	1.653	GTGCAAT
1034975	155	8m	1.009	GTGCAAT
1035099	591	8m	1.361	TGCAATA
1035258	1089	7A1	1.127	TGCAATA
1035261	22	7m8	1.369	GTGCAAT
1035386	52	7m8	1.254	GTGCAAT
1035567	452	7A1	1.214	TGCAATA
1035573	49	8m	1.519	TGCAATA
1035756	18	8m	1.793	GTGCAAT
1035833	193	8m	1.252	GTGCAAT
1035834	393	8m	1.162	GTGCAAT
1035962	199	8m	1.222	GTGCAAT
1035962	324	8m	2.553	GTGCAAT
1035995	134	7A1	1.517	TGCAATA
1036086	292	7m8	2.564	GTGCAAT
1036125	444	7m8	2.990	GTGCAAT
1036386	568	7A1	2.546	TGCAATA
1036411	346	7m8	2.229	GTGCAAT
1036450	5	7m8	1.244	GTGCAAT
1036560	412	8m	1.232	GTGCAAT
1036980	103	7A1	1.476	TGCAATA
1037030	679	8m	2.032	GTGCAAT
1037210	63	8m	1.740	GTGCAAT
1037681	174	8m	2.731	GTGCAAT
1037916	80	7A1	1.563	TGCAATA
1038012	52	7A1	2.184	TGCAATA
1038116	398	8m	1.726	GTGCAAT
1038225	98	7m8	2.370	GTGCAAT
1038368	234	7m8	1.864	GTGCAAT
1038650	458	8m	1.599	TGCAATA
1038852	109	7A1	3.821	TGCAATA
1038899	691	7A1	2.237	TGCAATA
1038921	52	7A1	1.936	TGCAATA
1039201	219	7m8	1.063	GTGCAAT
1039238	133	7m8	1.161	GTGCAAT
1039350	158	8m	1.542	GTGCAAT
1039500	395	7m8	2.620	GTGCAAT
1039903	177	7A1	2.184	TGCAATA
1039906	251	7m8	1.458	GTGCAAT
1039906	282	8m	1.605	GTGCAAT
1039906	503	7m8	1.543	GTGCAAT
1039934	216	7A1	1.982	TGCAATA
1039962	271	7A1	2.381	TGCAATA
1040306	65	8m	2.256	GTGCAAT
1040364	63	7m8	1.249	GTGCAAT
1040435	358	7m8	2.038	GTGCAAT
1040488	1137	8m	2.501	GTGCAAT
1040536	444	7m8	2.990	GTGCAAT
