1001157	8	7m8	3.002	AGTTCCT
1002114	7	7m8	1.218	AGTTCCT
1003020	635	8m	2.763	AGTTCCT
1003497	537	7m8	2.157	AGTTCCT
1005257	172	7m8	2.890	AGTTCCT
1005682	173	8m	1.866	AGTTCCT
1007125	420	7m8	1.787	AGTTCCT
1008172	549	7A1	2.499	GTTCCTA
1008274	243	7m8	2.221	AGTTCCT
1008456	1992	7A1	1.846	GTTCCTA
1009315	37	7m8	2.407	AGTTCCT
1009390	3	7m8	3.340	AGTTCCT
1010680	439	7m8	1.807	AGTTCCT
1010931	3	7m8	1.636	AGTTCCT
1011728	70	7m8	1.258	AGTTCCT
1013960	909	7m8	1.458	AGTTCCT
1014137	1	7m8	1.268	AGTTCCT
1015071	1170	7m8	2.679	AGTTCCT
1015495	151	8m	1.961	AGTTCCT
1015775	1903	7m8	1.309	AGTTCCT
1016031	1745	7m8	1.722	AGTTCCT
1017206	567	8m	2.782	AGTTCCT
1017692	352	7A1	2.740	GTTCCTA
1017734	501	7m8	1.974	AGTTCCT
1017923	487	8m	4.463	AGTTCCT
1018365	42	7m8	1.084	AGTTCCT
1020031	373	7m8	1.467	AGTTCCT
1020031	454	7m8	2.520	AGTTCCT
1020057	303	7A1	2.834	GTTCCTA
1020164	161	7A1	2.494	GTTCCTA
1020262	40	7m8	2.023	AGTTCCT
1021821	160	8m	2.558	AGTTCCT
1022072	131	7m8	1.355	AGTTCCT
1022194	1050	7m8	2.750	AGTTCCT
1022478	6	7m8	2.807	AGTTCCT
1022822	441	8m	1.178	AGTTCCT
1023357	325	7m8	2.408	AGTTCCT
1024660	457	7m8	1.507	AGTTCCT
1025206	334	7m8	1.554	AGTTCCT
1025310	67	7m8	1.864	AGTTCCT
1025547	1618	7m8	2.494	AGTTCCT
1025603	337	7A1	1.600	GTTCCTA
1025728	30	7m8	2.278	AGTTCCT
1026771	210	7m8	1.961	AGTTCCT
1027091	356	7m8	1.620	AGTTCCT
1028449	384	7m8	1.682	AGTTCCT
1030459	254	7m8	1.569	AGTTCCT
1030709	31	7m8	1.781	AGTTCCT
1032384	546	7m8	1.068	AGTTCCT
1032999	413	7m8	1.178	AGTTCCT
1033605	1094	7A1	3.107	GTTCCTA
1033759	1220	7m8	1.835	AGTTCCT
1033762	1220	7m8	1.835	AGTTCCT
1033765	1220	7m8	1.835	AGTTCCT
1033768	1220	7m8	1.835	AGTTCCT
1033867	83	8m	2.393	AGTTCCT
1033938	1220	7m8	1.835	AGTTCCT
1033941	1220	7m8	1.835	AGTTCCT
1033993	97	8m	3.242	AGTTCCT
1038087	229	7m8	1.895	AGTTCCT
1039220	2332	7A1	1.277	GTTCCTA
1039238	1088	7m8	3.592	AGTTCCT
1039913	595	7m8	1.876	AGTTCCT
1040440	203	7m8	2.640	AGTTCCT
