1002174	503	7m8	2.807	TACCTTA
1003158	7	7m8	1.039	TACCTTA
1008758	340	7A1	3.052	ACCTTAA
1009449	663	7A1	1.325	ACCTTAA
1009849	28	7A1	1.684	ACCTTAA
1010153	845	7A1	2.219	ACCTTAA
1010290	2039	7A1	1.497	ACCTTAA
1013959	405	7A1	1.567	ACCTTAA
1014340	107	7A1	1.817	ACCTTAA
1014423	184	7A1	1.558	ACCTTAA
1015904	663	7A1	1.111	ACCTTAA
1016572	146	7A1	1.199	ACCTTAA
1021339	155	7m8	1.287	TACCTTA
1021407	18	7A1	2.404	ACCTTAA
1022822	95	7A1	1.017	ACCTTAA
1022991	91	7A1	1.188	ACCTTAA
1024234	178	7A1	2.753	ACCTTAA
1024841	231	7A1	1.506	ACCTTAA
1030578	112	7m8	1.093	TACCTTA
1032368	890	7A1	2.315	ACCTTAA
1034712	299	8m	1.743	TACCTTA
1038305	76	8m	1.026	ACCTTAA
