1000275	558	7m8	1.254	CCCAGTG
1000312	3	7A1	1.432	CCAGTGA
1000409	257	7m8	1.156	CCCAGTG
1000589	143	7A1	1.044	CCAGTGA
1001200	275	7A1	1.519	CCAGTGA
1002078	341	7A1	1.234	CCAGTGA
1002373	527	7m8	1.166	CCCAGTG
1003182	142	7m8	1.404	CCCAGTG
1003663	80	7A1	1.133	CCAGTGA
1003924	356	7A1	1.410	CCAGTGA
1005105	213	7A1	1.260	CCAGTGA
1005979	98	7A1	1.244	CCAGTGA
1006597	271	7m8	1.104	CCCAGTG
1006717	431	8m	1.241	CCCAGTG
1007002	165	7A1	1.178	CCAGTGA
1007225	507	7m8	1.107	CCCAGTG
1007254	281	7A1	1.277	CCAGTGA
1007890	631	7A1	1.309	CCAGTGA
1008303	158	8m	2.488	CCAGTGA
1008430	94	7m8	1.020	CCCAGTG
1008480	238	7A1	1.196	CCAGTGA
1008496	148	7A1	1.554	CCAGTGA
1008758	223	8m	1.160	CCCAGTG
1009387	1033	7m8	1.059	CCCAGTG
1009449	342	7A1	1.157	CCAGTGA
1009667	1181	7A1	1.048	CCAGTGA
1010663	269	7m8	1.643	CCCAGTG
1010908	22	7A1	1.201	CCAGTGA
1010940	155	7A1	1.450	CCAGTGA
1011197	146	7A1	1.802	CCAGTGA
1011428	882	8m	2.244	CCCAGTG
1011953	142	8m	1.056	CCCAGTG
1012460	20	7A1	2.570	CCAGTGA
1012902	475	7A1	1.178	CCAGTGA
1014055	261	7m8	2.454	CCCAGTG
1014438	453	8m	3.192	CCCAGTG
1014695	97	7A1	1.043	CCAGTGA
1015442	269	7A1	1.602	CCAGTGA
1016277	93	7A1	1.878	CCAGTGA
1016361	32	7A1	1.196	CCAGTGA
1016395	491	7m8	1.599	CCCAGTG
1016638	118	7m8	1.077	CCCAGTG
1016973	715	7A1	2.304	CCAGTGA
1016973	730	8m	1.912	CCAGTGA
1016973	759	7A1	1.676	CCAGTGA
1017228	394	8m	1.290	CCCAGTG
1017476	13	7m8	1.554	CCCAGTG
1017957	446	7m8	3.368	CCCAGTG
1018274	1102	7A1	2.672	CCAGTGA
1018801	151	7m8	2.203	CCCAGTG
1019930	368	8m	1.349	CCAGTGA
1020075	323	7A1	1.530	CCAGTGA
1020443	61	8m	1.028	CCAGTGA
1021538	922	7A1	1.238	CCAGTGA
1021709	130	7A1	1.049	CCAGTGA
1022856	79	7A1	1.307	CCAGTGA
1023024	2	7A1	1.758	CCAGTGA
1023190	681	7m8	1.600	CCCAGTG
1023708	2609	7m8	2.807	CCCAGTG
1023714	258	7A1	1.310	CCAGTGA
1023714	1378	7A1	1.787	CCAGTGA
1023910	819	8m	1.030	CCCAGTG
1024033	914	7A1	1.888	CCAGTGA
1024357	42	8m	2.217	CCAGTGA
1024756	130	8m	1.600	CCCAGTG
1024756	151	7A1	1.722	CCAGTGA
1024980	1021	7m8	1.084	CCCAGTG
1025350	245	7A1	1.703	CCAGTGA
1025407	50	7m8	1.134	CCCAGTG
1025663	268	7A1	1.237	CCAGTGA
1026239	34	8m	1.251	CCCAGTG
1027091	329	7m8	1.883	CCCAGTG
1027939	346	7A1	2.301	CCAGTGA
1028220	14	7A1	1.333	CCAGTGA
1029522	117	7m8	1.268	CCCAGTG
1029880	129	7A1	1.199	CCAGTGA
1029950	39	7A1	1.477	CCAGTGA
1030467	109	8m	1.424	CCCAGTG
1030810	178	8m	1.745	CCCAGTG
1030884	593	8m	1.701	CCAGTGA
1031154	569	7A1	1.554	CCAGTGA
1031232	248	7m8	1.108	CCCAGTG
1031636	177	7A1	1.554	CCAGTGA
1031793	323	7m8	1.017	CCCAGTG
1032327	994	7A1	1.853	CCAGTGA
1032371	992	7A1	1.286	CCAGTGA
1032457	164	8m	1.411	CCAGTGA
1032477	511	7A1	1.126	CCAGTGA
1032605	716	7A1	1.065	CCAGTGA
1032804	141	7A1	1.580	CCAGTGA
1033921	65	7A1	1.725	CCAGTGA
1034554	463	7A1	3.079	CCAGTGA
1034571	452	7A1	1.161	CCAGTGA
1034571	470	8m	1.196	CCCAGTG
1034724	427	7A1	2.584	CCAGTGA
1034791	488	7A1	1.193	CCAGTGA
1036407	45	7A1	1.640	CCAGTGA
1036600	316	7A1	1.060	CCAGTGA
1036603	430	7m8	1.363	CCCAGTG
1037248	695	7A1	1.376	CCAGTGA
1037303	516	7A1	1.620	CCAGTGA
1037416	453	7m8	1.046	CCCAGTG
1037980	355	7m8	1.741	CCCAGTG
1038168	8	7A1	1.132	CCAGTGA
1038380	111	8m	1.274	CCAGTGA
1038641	255	7A1	1.231	CCAGTGA
1038725	305	7A1	1.443	CCAGTGA
1038815	880	7m8	1.969	CCCAGTG
