1001622	332	7m8	1.064	TACGCTT
1002174	833	8m	1.522	ACGCTTA
1002296	415	8m	2.267	TACGCTT
1004762	384	7m8	1.410	TACGCTT
1005904	247	8m	2.977	TACGCTT
1007044	807	7m8	1.275	TACGCTT
1008433	71	7A1	1.750	ACGCTTA
1008447	286	7m8	1.047	TACGCTT
1009703	260	7A1	1.178	ACGCTTA
1010132	235	7m8	1.404	TACGCTT
1013400	235	8m	2.033	TACGCTT
1017084	56	7A1	2.061	ACGCTTA
1018165	386	7m8	1.198	TACGCTT
1018171	46	7m8	1.115	TACGCTT
1020243	595	7A1	1.269	ACGCTTA
1021538	429	7m8	1.311	TACGCTT
1023570	283	7A1	1.462	ACGCTTA
1024360	78	7m8	1.359	TACGCTT
1024558	300	7A1	1.168	ACGCTTA
1025177	131	7A1	2.293	ACGCTTA
1025346	40	7m8	2.247	TACGCTT
1031037	120	7m8	1.262	TACGCTT
1032605	466	7m8	2.305	TACGCTT
1034897	104	7A1	1.384	ACGCTTA
1035785	440	8m	2.951	TACGCTT
1039795	390	8m	1.245	TACGCTT
