1001184	2404	8m	1.732	AAAAGAC
1001226	726	8m	1.198	AAAAGAC
1001602	0	7m8	1.433	AAAAGAC
1002593	1077	7A1	1.065	AAAGACA
1003642	991	7m8	2.305	AAAAGAC
1004283	40	7m8	1.345	AAAAGAC
1004739	202	7m8	1.917	AAAAGAC
1004841	332	8m	2.366	AAAAGAC
1004888	247	7m8	3.155	AAAAGAC
1005126	54	7m8	1.260	AAAAGAC
1005356	1970	7m8	2.171	AAAAGAC
1005477	184	7A1	2.163	AAAGACA
1005655	393	7A1	1.469	AAAGACA
1006585	680	7A1	2.333	AAAGACA
1007029	936	7A1	1.150	AAAGACA
1007461	521	7m8	1.194	AAAAGAC
1007626	202	8m	1.394	AAAAGAC
1007696	680	7A1	2.333	AAAGACA
1007780	209	7m8	1.766	AAAAGAC
1007786	224	8m	3.155	AAAAGAC
1007813	176	8m	4.657	AAAGACA
1007863	106	8m	1.154	AAAGACA
1007933	1177	7A1	1.952	AAAGACA
1008070	445	7m8	1.914	AAAAGAC
1008088	708	8m	1.377	AAAGACA
1008099	662	7A1	1.017	AAAGACA
1008193	159	7m8	1.758	AAAAGAC
1008777	258	7m8	1.429	AAAAGAC
1009028	122	8m	2.536	AAAGACA
1009319	732	7A1	1.327	AAAGACA
1009702	232	8m	1.879	AAAAGAC
1009944	140	7A1	1.228	AAAGACA
1010019	97	7A1	1.286	AAAGACA
1010240	1310	8m	1.914	AAAAGAC
1010277	139	7A1	1.218	AAAGACA
1010700	189	7A1	1.068	AAAGACA
1011331	364	7A1	1.309	AAAGACA
1012089	256	7m8	2.170	AAAAGAC
1012101	130	7m8	1.410	AAAAGAC
1012331	287	7A1	1.358	AAAGACA
1012597	11	7A1	1.905	AAAGACA
1012837	199	8m	1.410	AAAAGAC
1013071	318	7A1	1.409	AAAGACA
1013340	337	7A1	1.011	AAAGACA
1013446	888	7A1	3.377	AAAGACA
1013527	311	7m8	1.803	AAAAGAC
1013575	456	7A1	1.895	AAAGACA
1013800	50	7A1	2.016	AAAGACA
1014420	943	7m8	1.164	AAAAGAC
1014967	348	7m8	1.594	AAAAGAC
1015100	1342	8m	1.219	AAAGACA
1015103	209	7m8	1.463	AAAAGAC
1015203	394	8m	1.574	AAAGACA
1015207	134	7A1	1.886	AAAGACA
1015301	366	7m8	2.733	AAAAGAC
1015694	108	7m8	2.044	AAAAGAC
1015775	2454	8m	2.757	AAAGACA
1015825	652	7A1	3.366	AAAGACA
1016079	962	7m8	4.170	AAAAGAC
1016211	388	7A1	1.196	AAAGACA
1016395	122	7m8	1.825	AAAAGAC
1016602	109	7A1	1.283	AAAGACA
1016649	187	7A1	1.834	AAAGACA
1016871	108	7A1	1.073	AAAGACA
1016960	915	8m	1.600	AAAAGAC
1018274	212	7A1	1.689	AAAGACA
1018355	497	7A1	2.777	AAAGACA
1018365	328	7m8	1.600	AAAAGAC
1018685	138	8m	2.235	AAAGACA
1019194	477	8m	3.085	AAAGACA
1019857	233	7m8	1.793	AAAAGAC
1020243	767	8m	1.927	AAAAGAC
1020335	51	7A1	1.337	AAAGACA
1020721	631	7m8	2.018	AAAAGAC
1020956	628	7A1	1.272	AAAGACA
1021017	53	8m	2.092	AAAGACA
1021192	88	8m	1.883	AAAGACA
1021693	29	8m	1.299	AAAAGAC
1021795	770	7A1	1.582	AAAGACA
1021920	204	7A1	1.378	AAAGACA
1021920	241	7A1	1.583	AAAGACA
1021920	321	8m	1.818	AAAGACA
1021973	1271	7m8	1.570	AAAAGAC
1022385	59	7m8	2.358	AAAAGAC
1022614	157	7A1	3.272	AAAGACA
1022694	118	7A1	1.166	AAAGACA
1022983	508	7m8	2.494	AAAAGAC
1023208	53	8m	1.595	AAAGACA
1023393	904	7m8	2.938	AAAAGAC
1023597	744	8m	2.704	AAAGACA
1023708	2018	7m8	2.213	AAAAGAC
1023708	3034	8m	1.119	AAAAGAC
1023925	1590	8m	2.232	AAAAGAC
1024030	918	8m	1.111	AAAGACA
1024226	931	7A1	1.600	AAAGACA
1024646	607	7A1	2.281	AAAGACA
1024831	549	7m8	1.602	AAAAGAC
1025031	524	7A1	1.338	AAAGACA
1025286	245	7A1	2.730	AAAGACA
1025853	334	7m8	2.800	AAAAGAC
1026288	73	7A1	1.407	AAAGACA
1026926	245	8m	1.055	AAAAGAC
1027034	38	7m8	2.441	AAAAGAC
1027347	241	7m8	1.180	AAAAGAC
1027401	177	8m	1.568	AAAGACA
1027607	70	7m8	3.052	AAAAGAC
1027914	639	8m	1.178	AAAAGAC
1028467	217	7m8	1.620	AAAAGAC
1029566	400	8m	2.235	AAAAGAC
1029589	208	7A1	1.161	AAAGACA
1030268	250	8m	1.495	AAAAGAC
1031102	111	7A1	1.623	AAAGACA
1032246	32	7A1	2.726	AAAGACA
1032705	59	8m	1.291	AAAAGAC
1032970	1290	8m	2.617	AAAAGAC
1033035	330	7A1	1.017	AAAGACA
1033724	176	7A1	1.323	AAAGACA
1033880	27	7m8	1.068	AAAAGAC
1033885	675	7m8	1.446	AAAAGAC
1033904	719	8m	1.423	AAAAGAC
1034269	293	7m8	1.553	AAAAGAC
1034305	173	8m	2.068	AAAGACA
1034388	82	7m8	1.457	AAAAGAC
1034446	114	8m	1.201	AAAAGAC
1034491	575	8m	1.061	AAAAGAC
1034601	33	8m	1.611	AAAAGAC
1034774	51	8m	1.703	AAAAGAC
1035785	351	7A1	1.491	AAAGACA
1037113	26	7m8	1.317	AAAAGAC
1037173	176	8m	1.327	AAAAGAC
1037227	189	7m8	1.952	AAAAGAC
1037337	385	7m8	2.157	AAAAGAC
1037772	108	7A1	1.252	AAAGACA
1037907	45	7A1	1.936	AAAGACA
1039238	1123	7A1	1.519	AAAGACA
1039591	208	8m	2.323	AAAGACA
1039749	299	7A1	1.936	AAAGACA
1039947	678	7A1	1.025	AAAGACA
1040208	496	7m8	2.881	AAAAGAC
1040300	674	8m	1.317	AAAAGAC
1040393	521	7m8	1.131	AAAAGAC
1040419	148	8m	1.937	AAAAGAC
