1000111	35	8m	2.031	TGTGTTC
1000647	780	7m8	2.563	TGTGTTC
1000989	396	7m8	1.196	TGTGTTC
1002406	211	7A1	2.104	GTGTTCA
1003006	58	7A1	1.837	GTGTTCA
1003396	1	7A1	1.078	GTGTTCA
1004125	168	7m8	1.558	TGTGTTC
1005498	30	8m	1.554	TGTGTTC
1005498	394	7m8	1.602	TGTGTTC
1006550	295	7m8	1.447	TGTGTTC
1006764	122	7m8	1.134	TGTGTTC
1006827	26	7m8	2.267	TGTGTTC
1007582	171	7A1	1.874	GTGTTCA
1007846	18	7m8	3.843	TGTGTTC
1007911	38	7m8	1.068	TGTGTTC
1008447	277	7A1	1.142	GTGTTCA
1008983	132	8m	3.467	TGTGTTC
1009667	1381	8m	3.002	GTGTTCA
1009766	5	7A1	2.057	GTGTTCA
1009947	826	7A1	1.465	GTGTTCA
1009950	287	7m8	1.302	TGTGTTC
1010431	67	7m8	1.624	TGTGTTC
1012172	89	7m8	1.838	TGTGTTC
1013091	456	7m8	1.954	TGTGTTC
1013710	145	8m	1.594	TGTGTTC
1013982	132	8m	3.467	TGTGTTC
1015846	120	7m8	1.706	TGTGTTC
1016008	797	7A1	1.064	GTGTTCA
1016008	2618	7m8	2.807	TGTGTTC
1016202	9	7m8	1.939	TGTGTTC
1016526	129	8m	1.830	GTGTTCA
1017225	103	7m8	1.169	TGTGTTC
1017236	2	7A1	1.600	GTGTTCA
1018289	1318	7A1	2.263	GTGTTCA
1018355	506	7A1	2.631	GTGTTCA
1018528	165	8m	2.494	TGTGTTC
1018528	305	8m	3.107	TGTGTTC
1019349	54	7A1	1.289	GTGTTCA
1020084	165	7A1	1.961	GTGTTCA
1020354	12	7m8	2.130	TGTGTTC
1020534	142	7A1	1.858	GTGTTCA
1020742	555	7m8	1.678	TGTGTTC
1021611	599	7m8	2.207	TGTGTTC
1021807	11	7A1	1.151	GTGTTCA
1022506	78	7A1	1.961	GTGTTCA
1023140	61	7A1	1.417	GTGTTCA
1023190	2074	8m	1.268	GTGTTCA
1023464	364	7A1	1.275	GTGTTCA
1024483	34	7m8	1.431	TGTGTTC
1024610	266	7m8	1.794	TGTGTTC
1025236	123	7A1	1.432	GTGTTCA
1025473	320	7m8	1.038	TGTGTTC
1026159	708	7m8	1.472	TGTGTTC
1026892	29	7A1	1.215	GTGTTCA
1027351	306	8m	2.653	TGTGTTC
1028009	395	7m8	1.866	TGTGTTC
1028114	274	7m8	2.403	TGTGTTC
1029039	160	7A1	3.053	GTGTTCA
1030875	239	7m8	1.065	TGTGTTC
1031565	334	7m8	1.311	TGTGTTC
1031812	264	7m8	1.506	TGTGTTC
1031933	5	7A1	1.029	GTGTTCA
1032291	21	7A1	1.297	GTGTTCA
1032771	19	7m8	1.049	TGTGTTC
1032970	1554	7A1	2.647	GTGTTCA
1033013	351	7m8	3.385	TGTGTTC
1033043	334	7m8	1.311	TGTGTTC
1033083	478	7A1	2.644	GTGTTCA
1034260	55	7m8	1.837	TGTGTTC
1034524	193	7A1	1.764	GTGTTCA
1034643	527	7m8	1.250	TGTGTTC
1035067	286	7m8	1.098	TGTGTTC
1035079	41	7m8	1.443	TGTGTTC
1035148	34	7m8	1.848	TGTGTTC
1035183	29	7A1	1.254	GTGTTCA
1035990	182	7m8	1.410	TGTGTTC
1036665	193	7m8	2.159	TGTGTTC
1038536	45	7m8	1.743	TGTGTTC
1038607	540	7m8	1.484	TGTGTTC
1039708	292	7m8	1.547	TGTGTTC
1039899	164	7A1	1.098	GTGTTCA
1039906	172	7m8	2.165	TGTGTTC
1039952	722	8m	3.069	GTGTTCA
1040033	232	7m8	2.704	TGTGTTC
1040039	3	8m	2.806	TGTGTTC
1040147	337	7m8	1.404	TGTGTTC
