1000056	40	7A1	1.554	GCTTTAA
1001379	62	7m8	1.013	AGCTTTA
1002165	341	7A1	1.337	GCTTTAA
1002377	75	7A1	1.466	GCTTTAA
1002682	155	7m8	1.031	AGCTTTA
1003977	686	7A1	1.568	GCTTTAA
1005356	790	8m	2.629	AGCTTTA
1007998	84	7A1	1.761	GCTTTAA
1008034	205	7A1	1.199	GCTTTAA
1008111	431	7A1	1.702	GCTTTAA
1008905	407	7A1	3.131	GCTTTAA
1009105	16	8m	1.372	GCTTTAA
1009367	522	8m	1.913	AGCTTTA
1009449	811	7m8	2.827	AGCTTTA
1011567	50	7A1	1.209	GCTTTAA
1013202	346	7A1	1.130	GCTTTAA
1013863	82	7m8	1.799	AGCTTTA
1013900	478	8m	2.231	AGCTTTA
1014115	173	7A1	1.958	GCTTTAA
1014115	331	8m	2.679	AGCTTTA
1014429	892	7A1	1.039	GCTTTAA
1014862	243	7A1	1.314	GCTTTAA
1015361	975	7A1	1.293	GCTTTAA
1015399	280	7A1	1.459	GCTTTAA
1015775	320	7A1	1.716	GCTTTAA
1015904	811	7m8	2.483	AGCTTTA
1016392	279	8m	1.515	AGCTTTA
1016601	428	8m	2.114	AGCTTTA
1017942	144	7m8	2.329	AGCTTTA
1017962	31	7m8	2.325	AGCTTTA
1018266	22	7m8	1.522	AGCTTTA
1018355	854	7A1	1.268	GCTTTAA
1019182	97	7m8	1.913	AGCTTTA
1019443	87	7A1	1.499	GCTTTAA
1019612	86	7A1	1.597	GCTTTAA
1019733	124	8m	2.061	AGCTTTA
1020820	331	7A1	1.038	GCTTTAA
1020969	297	7A1	2.604	GCTTTAA
1021548	222	8m	1.766	AGCTTTA
1021631	226	7A1	1.751	GCTTTAA
1021987	61	7A1	2.240	GCTTTAA
1022194	2697	8m	1.196	GCTTTAA
1022936	257	7m8	2.439	AGCTTTA
1023007	199	8m	2.661	AGCTTTA
1023291	821	7A1	3.879	GCTTTAA
1023393	3127	7A1	1.761	GCTTTAA
1023708	767	8m	2.494	AGCTTTA
1023925	1984	8m	1.600	AGCTTTA
1024439	300	7A1	1.196	GCTTTAA
1025025	688	7m8	1.281	AGCTTTA
1025656	1077	7A1	1.108	GCTTTAA
1026388	389	7m8	1.199	AGCTTTA
1027356	92	7A1	1.210	GCTTTAA
1029868	233	7A1	2.431	GCTTTAA
1031578	54	7A1	1.001	GCTTTAA
1031927	404	7m8	2.753	AGCTTTA
1032371	1409	8m	2.716	AGCTTTA
1032736	538	7m8	4.260	AGCTTTA
1032882	176	7A1	1.298	GCTTTAA
1032923	739	7A1	1.001	GCTTTAA
1033829	22	7A1	1.002	GCTTTAA
1035567	306	7A1	2.932	GCTTTAA
1035789	284	7A1	2.489	GCTTTAA
1035800	317	7A1	3.222	GCTTTAA
1035800	623	7A1	1.068	GCTTTAA
1035912	23	7m8	2.146	AGCTTTA
1036677	18	7A1	1.458	GCTTTAA
1037805	178	7m8	1.923	AGCTTTA
1039238	530	7m8	1.692	AGCTTTA
1039916	2560	7m8	1.936	AGCTTTA
1040410	191	8m	2.417	AGCTTTA
