1000024	41	7m8	1.503	AATCAAA
1000105	385	7A1	1.403	ATCAAAA
1000221	25	8m	1.240	AATCAAA
1000318	599	8m	2.930	AATCAAA
1000452	682	8m	3.107	AATCAAA
1000452	1037	7m8	2.617	AATCAAA
1000491	43	7A1	1.958	ATCAAAA
1000566	83	7A1	1.250	ATCAAAA
1000607	764	7m8	2.363	AATCAAA
1000647	847	8m	1.160	AATCAAA
1000688	69	8m	1.979	ATCAAAA
1000688	290	8m	2.490	AATCAAA
1000827	756	7m8	2.381	AATCAAA
1000917	236	7m8	1.584	AATCAAA
1000994	199	7A1	1.340	ATCAAAA
1000995	304	7A1	2.606	ATCAAAA
1001134	1270	7m8	1.178	AATCAAA
1001376	20	8m	1.220	ATCAAAA
1001379	429	7m8	2.373	AATCAAA
1001535	875	8m	2.291	AATCAAA
1001550	141	7m8	1.335	AATCAAA
1001622	247	8m	2.236	AATCAAA
1001659	482	7A1	1.084	ATCAAAA
1001751	666	8m	1.718	AATCAAA
1001958	25	7A1	1.554	ATCAAAA
1002153	227	7m8	1.024	AATCAAA
1002153	850	8m	2.766	AATCAAA
1002512	27	7m8	1.226	AATCAAA
1002715	332	7m8	3.054	AATCAAA
1002796	353	7m8	1.133	AATCAAA
1002832	169	8m	2.639	AATCAAA
1002832	179	7m8	2.639	AATCAAA
1003075	725	7m8	2.617	AATCAAA
1003142	413	8m	2.416	AATCAAA
1003152	639	7m8	2.678	AATCAAA
1003385	123	7m8	1.479	AATCAAA
1003592	1053	7m8	1.578	AATCAAA
1003633	793	7m8	1.669	AATCAAA
1003693	529	8m	2.169	AATCAAA
1003693	810	8m	1.735	AATCAAA
1003693	2184	8m	2.476	AATCAAA
1003822	7	8m	1.023	AATCAAA
1003977	909	7m8	1.075	AATCAAA
1003977	1043	8m	1.695	AATCAAA
1004056	26	8m	1.056	AATCAAA
1004125	95	7m8	1.277	AATCAAA
1004166	-1	7A1	2.540	ATCAAAA
1004571	27	7m8	3.531	AATCAAA
1004840	399	8m	2.753	AATCAAA
1004840	436	7m8	1.897	AATCAAA
1005051	710	8m	1.450	ATCAAAA
1005251	308	8m	2.373	ATCAAAA
1005281	100	7m8	1.278	AATCAAA
1005290	25	7A1	1.007	ATCAAAA
1005356	1033	7m8	2.899	AATCAAA
1005356	1991	7A1	1.967	ATCAAAA
1005390	151	7A1	3.376	ATCAAAA
1005593	252	7A1	1.367	ATCAAAA
1005601	499	8m	2.754	AATCAAA
1005698	124	7m8	2.015	AATCAAA
1005806	40	8m	1.940	AATCAAA
1005877	47	8m	2.644	AATCAAA
1006011	94	7m8	1.517	AATCAAA
1006020	146	7A1	2.101	ATCAAAA
1006164	267	7m8	2.340	AATCAAA
1006585	2245	7A1	1.352	ATCAAAA
1006716	141	8m	1.996	ATCAAAA
1006785	142	7A1	1.338	ATCAAAA
1006811	883	7A1	1.852	ATCAAAA
1006892	514	7m8	1.720	AATCAAA
1006931	260	8m	1.666	AATCAAA
1007049	1791	8m	1.194	AATCAAA
1007065	35	8m	1.156	ATCAAAA
1007068	215	7A1	2.260	ATCAAAA
1007146	722	7m8	1.447	AATCAAA
1007167	101	7m8	1.008	AATCAAA
1007233	1717	7m8	1.600	AATCAAA
1007249	92	7m8	2.617	AATCAAA
1007254	720	7m8	1.960	AATCAAA
1007281	130	7m8	2.016	AATCAAA
1007298	462	8m	1.545	AATCAAA
1007316	164	8m	1.017	ATCAAAA
1007506	25	7m8	1.838	AATCAAA
1007509	198	7m8	2.358	AATCAAA
1007577	456	7m8	2.154	AATCAAA
1007675	22	8m	1.068	AATCAAA
1007735	342	7A1	2.326	ATCAAAA
1007735	640	8m	1.440	AATCAAA
1007752	422	7A1	2.716	ATCAAAA
1007849	110	8m	1.968	ATCAAAA
1007867	75	7m8	1.929	AATCAAA
1007896	106	7m8	1.031	AATCAAA
1008010	172	7m8	1.348	AATCAAA
1008106	1107	7m8	1.593	AATCAAA
1008139	93	7m8	1.599	AATCAAA
1008148	636	8m	2.349	AATCAAA
1008273	552	7A1	1.375	ATCAAAA
1008289	706	7A1	2.120	ATCAAAA
1008298	371	8m	2.807	AATCAAA
1008309	200	8m	1.946	AATCAAA
1008504	2	7A1	1.370	ATCAAAA
1008539	242	7m8	2.403	AATCAAA
1008722	771	7m8	1.590	AATCAAA
1008857	296	7A1	1.506	ATCAAAA
1008864	514	7m8	1.024	AATCAAA
1008864	519	7m8	1.490	AATCAAA
1008864	597	7m8	1.220	AATCAAA
1009167	198	7m8	2.895	AATCAAA
1009318	309	7m8	2.533	AATCAAA
1009783	694	7A1	2.433	ATCAAAA
1009832	531	7m8	2.816	AATCAAA
1009914	94	7m8	1.600	AATCAAA
1010083	48	7m8	1.306	AATCAAA
1010240	1564	7m8	1.495	AATCAAA
1010551	132	8m	1.186	AATCAAA
1010651	410	7m8	1.447	AATCAAA
1010663	313	7m8	1.153	AATCAAA
1010663	450	8m	1.259	AATCAAA
1011000	258	7m8	2.639	AATCAAA
1011198	37	8m	2.554	ATCAAAA
1011561	42	7m8	1.961	AATCAAA
1011584	786	7m8	2.245	AATCAAA
1011584	980	8m	3.648	AATCAAA
1011632	164	7A1	1.784	ATCAAAA
1011635	602	7m8	1.103	AATCAAA
1011716	16	8m	1.149	AATCAAA
1012246	50	8m	1.262	AATCAAA
1012250	39	7A1	1.410	ATCAAAA
1012400	257	7m8	1.220	AATCAAA
1012410	71	7A1	1.294	ATCAAAA
1012539	23	7m8	1.479	AATCAAA
1012600	106	7m8	2.461	AATCAAA
1012736	101	7m8	1.620	AATCAAA
1012950	65	7m8	1.181	AATCAAA
1013202	321	8m	2.753	AATCAAA
1013321	0	7m8	2.617	AATCAAA
1013347	23	7m8	2.205	AATCAAA
1013575	424	7m8	1.773	AATCAAA
1013575	453	7m8	2.358	AATCAAA
1013593	1160	8m	3.303	AATCAAA
1013593	1179	8m	2.358	AATCAAA
1013593	1227	7m8	2.590	AATCAAA
1013593	1232	8m	2.929	ATCAAAA
1013593	1243	7A1	1.471	ATCAAAA
1013950	0	7m8	1.208	AATCAAA
1014292	244	8m	1.776	AATCAAA
1014297	249	8m	1.262	AATCAAA
1014360	1889	7m8	1.449	AATCAAA
1014420	594	8m	1.048	AATCAAA
1014450	46	7m8	1.378	AATCAAA
1014462	474	8m	1.441	AATCAAA
1014561	786	8m	1.156	AATCAAA
1014691	786	8m	1.156	AATCAAA
1014700	9	8m	1.178	ATCAAAA
1014701	0	7m8	1.076	AATCAAA
1014713	427	7m8	1.954	AATCAAA
1014713	436	7m8	1.954	AATCAAA
1014743	271	7A1	1.195	ATCAAAA
1014890	130	8m	1.499	AATCAAA
1015089	668	7m8	2.568	AATCAAA
1015100	904	8m	2.979	AATCAAA
1015100	2819	7m8	3.376	AATCAAA
1015207	1312	8m	1.476	ATCAAAA
1015215	9	8m	1.410	ATCAAAA
1015261	174	7m8	1.029	AATCAAA
1015261	517	7m8	1.091	AATCAAA
1015361	767	7m8	4.084	AATCAAA
1015361	772	7m8	4.084	AATCAAA
1015390	352	7A1	2.264	ATCAAAA
1015403	194	7m8	1.600	AATCAAA
1015557	99	7m8	1.020	AATCAAA
1015610	150	7m8	1.455	AATCAAA
1015687	132	8m	1.891	AATCAAA
1015775	292	7m8	2.136	AATCAAA
1015790	69	7m8	1.702	AATCAAA
1015922	815	8m	3.096	AATCAAA
1015970	14	7A1	2.061	ATCAAAA
1015970	875	8m	1.173	AATCAAA
1015978	198	7m8	1.448	AATCAAA
1016022	309	7m8	2.533	AATCAAA
1016061	359	8m	1.874	AATCAAA
1016145	44	8m	2.105	AATCAAA
1016182	146	7m8	1.130	AATCAAA
1016203	581	7m8	1.071	AATCAAA
1016218	426	8m	2.484	AATCAAA
1016283	752	7A1	2.904	ATCAAAA
1016395	468	8m	2.358	AATCAAA
1016430	1509	7m8	1.731	AATCAAA
1016437	120	7m8	1.008	AATCAAA
1016457	1177	7m8	1.103	AATCAAA
1016473	285	7m8	1.133	AATCAAA
1016478	229	7A1	1.925	ATCAAAA
1016596	318	8m	1.949	AATCAAA
1016607	329	7m8	1.749	AATCAAA
1016700	575	7m8	1.409	AATCAAA
1016703	187	7m8	3.007	AATCAAA
1016719	104	7m8	1.431	AATCAAA
1016821	240	8m	1.161	AATCAAA
1016824	12	7A1	2.323	ATCAAAA
1016871	419	7m8	1.073	AATCAAA
1016895	580	8m	1.754	AATCAAA
1016967	128	7m8	2.357	AATCAAA
1016970	75	7m8	1.245	AATCAAA
1017010	221	7A1	1.193	ATCAAAA
1017186	149	7m8	1.137	AATCAAA
1017189	25	7A1	1.114	ATCAAAA
1017288	26	7m8	1.298	AATCAAA
1017353	302	7A1	1.493	ATCAAAA
1017509	207	8m	1.033	AATCAAA
1017781	15	8m	1.311	ATCAAAA
1017793	73	7A1	2.637	ATCAAAA
1017802	447	7m8	1.698	AATCAAA
1017806	352	8m	1.870	AATCAAA
1017962	9	7A1	1.217	ATCAAAA
1018090	89	8m	1.068	AATCAAA
1018123	63	8m	1.064	AATCAAA
1018132	161	7m8	2.644	AATCAAA
1018144	217	7m8	1.211	AATCAAA
1018245	501	7m8	1.513	AATCAAA
1018289	1024	7A1	2.052	ATCAAAA
1018326	62	8m	1.961	AATCAAA
1018355	1284	7m8	1.433	AATCAAA
1018673	183	7A1	2.578	ATCAAAA
1018684	427	7m8	1.297	AATCAAA
1018816	75	7m8	1.066	AATCAAA
1018881	298	7m8	1.508	AATCAAA
1018973	447	7m8	1.474	AATCAAA
1019114	354	7m8	1.748	AATCAAA
1019143	118	7m8	2.617	AATCAAA
1019360	26	7A1	1.354	ATCAAAA
1019467	638	8m	1.359	AATCAAA
1019512	467	8m	1.309	AATCAAA
1019512	764	7m8	3.002	AATCAAA
1019572	149	7m8	1.623	AATCAAA
1019651	34	7A1	1.244	ATCAAAA
1019667	130	7A1	1.194	ATCAAAA
1019760	39	8m	1.336	AATCAAA
1019791	8	7A1	1.340	ATCAAAA
1019927	317	8m	2.289	ATCAAAA
1019930	68	7m8	1.123	AATCAAA
1020127	172	8m	4.507	AATCAAA
1020161	338	7A1	1.045	ATCAAAA
1020190	145	7m8	1.268	AATCAAA
1020217	355	7m8	1.163	AATCAAA
1020348	21	7m8	1.207	AATCAAA
1020534	533	7m8	1.937	AATCAAA
1020703	98	7m8	1.107	AATCAAA
1020721	451	7A1	1.302	ATCAAAA
1020785	1306	7m8	3.067	AATCAAA
1020785	1311	7m8	3.067	AATCAAA
1020802	48	8m	1.448	ATCAAAA
1021053	74	7A1	1.066	ATCAAAA
1021063	54	7A1	1.250	ATCAAAA
1021363	549	8m	1.319	AATCAAA
1021415	355	7m8	1.555	AATCAAA
1021490	413	8m	2.409	AATCAAA
1021538	310	8m	2.494	AATCAAA
1021908	394	7m8	1.160	AATCAAA
1022029	24	7A1	1.459	ATCAAAA
1022064	564	8m	1.629	AATCAAA
1022067	127	7A1	1.073	ATCAAAA
1022072	423	7m8	1.368	AATCAAA
1022114	217	7A1	2.315	ATCAAAA
1022433	535	7m8	1.621	AATCAAA
1022445	314	7m8	1.160	AATCAAA
1022449	370	7A1	3.964	ATCAAAA
1022478	267	8m	2.454	AATCAAA
1022936	323	7m8	2.250	AATCAAA
1022939	11	7m8	1.530	AATCAAA
1023006	274	7m8	2.661	AATCAAA
1023029	223	7A1	1.283	ATCAAAA
1023570	267	8m	1.554	ATCAAAA
1023596	403	7m8	1.866	AATCAAA
1023609	96	7m8	1.307	AATCAAA
1023685	263	8m	1.618	ATCAAAA
1023708	107	8m	3.037	AATCAAA
1023714	631	7m8	1.095	AATCAAA
1023714	730	8m	2.472	AATCAAA
1023786	252	7m8	3.007	AATCAAA
1023786	257	7m8	3.007	AATCAAA
1023793	135	7m8	1.788	AATCAAA
1023852	555	7m8	2.990	AATCAAA
1023899	469	8m	2.318	AATCAAA
1023899	593	8m	2.476	AATCAAA
1023925	709	7m8	2.807	AATCAAA
1023992	468	7m8	2.291	AATCAAA
1024001	411	7A1	1.029	ATCAAAA
1024001	612	7m8	2.589	AATCAAA
1024024	52	7A1	1.922	ATCAAAA
1024030	282	8m	1.541	ATCAAAA
1024030	378	7m8	2.570	AATCAAA
1024058	87	7m8	1.387	AATCAAA
1024135	226	8m	1.402	AATCAAA
1024139	144	8m	2.524	AATCAAA
1024150	81	7m8	1.453	AATCAAA
1024348	384	8m	1.115	AATCAAA
1024382	168	7m8	2.205	AATCAAA
1024439	982	7m8	2.150	AATCAAA
1024484	177	8m	2.526	AATCAAA
1024504	334	7m8	1.137	AATCAAA
1024597	7	7A1	1.232	ATCAAAA
1024607	517	7A1	2.701	ATCAAAA
1024627	228	8m	1.584	AATCAAA
1024646	1426	7A1	2.042	ATCAAAA
1024646	1745	7m8	1.262	AATCAAA
1024646	1832	7m8	2.680	AATCAAA
1024681	34	7m8	1.474	AATCAAA
1024903	368	7m8	3.089	AATCAAA
1024980	401	7m8	2.794	AATCAAA
1025061	524	7m8	1.858	AATCAAA
1025165	305	7A1	4.107	ATCAAAA
1025244	375	7A1	1.427	ATCAAAA
1025368	281	7A1	1.370	ATCAAAA
1025463	446	8m	2.763	AATCAAA
1025469	573	7m8	2.038	AATCAAA
1025606	742	8m	2.215	AATCAAA
1025606	850	7m8	2.070	AATCAAA
1025636	35	7m8	1.671	AATCAAA
1025692	118	7A1	1.008	ATCAAAA
1025698	260	7A1	1.022	ATCAAAA
1025994	11	8m	1.815	AATCAAA
1026102	19	7A1	1.800	ATCAAAA
1026213	44	8m	1.554	AATCAAA
1026324	246	7m8	1.247	AATCAAA
1026560	51	8m	1.296	ATCAAAA
1026690	583	7A1	2.184	ATCAAAA
1026690	590	8m	2.295	AATCAAA
1026690	603	8m	1.054	AATCAAA
1026713	153	7m8	1.705	AATCAAA
1026926	287	8m	1.692	AATCAAA
1026948	82	7m8	1.274	AATCAAA
1027042	28	8m	1.593	ATCAAAA
1027189	202	7m8	1.134	AATCAAA
1027336	790	7m8	1.177	AATCAAA
1027405	43	8m	1.224	ATCAAAA
1027429	38	7m8	1.249	AATCAAA
1027477	33	8m	1.371	AATCAAA
1027635	113	7A1	1.729	ATCAAAA
1027754	456	7m8	1.476	AATCAAA
1027775	1866	7m8	1.894	AATCAAA
1027914	583	7m8	2.756	AATCAAA
1027956	108	7A1	2.062	ATCAAAA
1028026	132	7m8	2.807	AATCAAA
1028105	181	7m8	1.520	AATCAAA
1028114	170	8m	2.336	ATCAAAA
1028114	287	7A1	1.600	ATCAAAA
1028190	446	7m8	2.037	AATCAAA
1028221	36	7m8	1.264	AATCAAA
1028268	147	7m8	1.443	AATCAAA
1028524	504	7m8	2.528	AATCAAA
1028613	103	8m	1.486	AATCAAA
1028698	621	7m8	1.318	AATCAAA
1028733	362	8m	2.782	AATCAAA
1028943	146	7m8	1.134	AATCAAA
1029257	69	8m	1.107	AATCAAA
1029266	250	8m	2.572	AATCAAA
1029354	270	7m8	1.716	AATCAAA
1029457	495	8m	2.679	AATCAAA
1029560	165	7m8	1.878	AATCAAA
1029566	319	8m	1.600	AATCAAA
1029566	961	7m8	2.617	AATCAAA
1029577	100	7m8	3.177	AATCAAA
1029719	122	7m8	1.190	AATCAAA
1029730	41	8m	2.305	AATCAAA
1030129	83	7m8	2.584	AATCAAA
1030230	168	7A1	1.600	ATCAAAA
1030233	342	7m8	1.798	AATCAAA
1030619	857	7m8	2.485	AATCAAA
1030619	1087	7m8	2.123	AATCAAA
1031034	589	7m8	2.235	AATCAAA
1031120	55	8m	1.319	ATCAAAA
1031124	240	7m8	1.160	AATCAAA
1031403	47	7m8	1.091	AATCAAA
1031412	88	7m8	2.233	AATCAAA
1031812	403	8m	1.161	AATCAAA
1031823	435	7A1	2.220	ATCAAAA
1031881	463	7m8	1.021	AATCAAA
1031881	534	7A1	1.162	ATCAAAA
1032042	144	8m	1.293	AATCAAA
1032193	375	8m	1.340	AATCAAA
1032418	433	8m	1.855	AATCAAA
1032469	533	8m	2.617	AATCAAA
1032477	569	7m8	1.600	AATCAAA
1032626	19	8m	2.423	AATCAAA
1032642	155	8m	2.114	AATCAAA
1032676	51	8m	2.358	ATCAAAA
1032772	140	7m8	2.478	AATCAAA
1032781	988	7A1	1.584	ATCAAAA
1032801	252	7m8	1.404	AATCAAA
1032900	259	7m8	1.431	AATCAAA
1033071	516	7m8	1.054	AATCAAA
1033080	579	7m8	1.643	AATCAAA
1033169	2718	8m	5.142	AATCAAA
1033248	1052	7A1	1.213	ATCAAAA
1033325	1076	7m8	1.144	AATCAAA
1033449	36	7A1	1.541	ATCAAAA
1033454	292	7m8	2.000	AATCAAA
1033455	949	8m	2.617	AATCAAA
1033544	49	7A1	2.807	ATCAAAA
1033790	77	8m	1.531	AATCAAA
1033835	246	7m8	2.617	AATCAAA
1033999	229	8m	1.177	AATCAAA
1034037	256	7m8	1.602	AATCAAA
1034061	499	7A1	1.064	ATCAAAA
1034217	605	8m	1.888	AATCAAA
1034217	1557	7A1	1.050	ATCAAAA
1034257	2258	8m	2.320	ATCAAAA
1034283	347	7m8	1.951	AATCAAA
1034329	297	8m	2.732	AATCAAA
1034425	105	7m8	1.514	AATCAAA
1034467	237	8m	1.471	AATCAAA
1034622	272	8m	1.064	AATCAAA
1034688	491	7m8	1.052	AATCAAA
1034712	291	7m8	1.431	AATCAAA
1034738	178	7m8	1.238	AATCAAA
1034742	323	8m	2.741	ATCAAAA
1034854	30	8m	1.152	ATCAAAA
1034905	9	7A1	1.020	ATCAAAA
1034974	231	7m8	2.676	AATCAAA
1035099	598	7m8	2.646	AATCAAA
1035099	632	7A1	2.470	ATCAAAA
1035200	554	8m	1.053	AATCAAA
1035200	572	7m8	1.162	AATCAAA
1035206	136	7m8	1.934	AATCAAA
1035228	185	8m	1.161	AATCAAA
1035350	36	7A1	1.630	ATCAAAA
1035591	259	8m	1.148	AATCAAA
1035830	172	8m	1.122	AATCAAA
1035833	615	7A1	1.951	ATCAAAA
1035837	53	7A1	1.327	ATCAAAA
1035907	33	7m8	1.554	AATCAAA
1036044	34	8m	1.881	ATCAAAA
1036125	693	8m	1.178	ATCAAAA
1036140	117	7m8	1.111	AATCAAA
1036446	177	7A1	1.630	ATCAAAA
1036597	42	8m	2.328	ATCAAAA
1036600	275	8m	2.247	ATCAAAA
1036600	511	7m8	1.065	AATCAAA
1036600	516	7m8	1.215	AATCAAA
1036600	535	8m	1.410	AATCAAA
1036689	184	8m	1.701	AATCAAA
1036722	45	8m	1.332	AATCAAA
1037007	335	7m8	1.814	AATCAAA
1037132	115	7m8	1.474	AATCAAA
1037132	120	7m8	1.474	AATCAAA
1037152	40	8m	1.863	ATCAAAA
1037464	32	7m8	2.741	AATCAAA
1037464	37	7m8	2.741	AATCAAA
1037464	242	8m	2.287	AATCAAA
1037729	76	7m8	1.552	AATCAAA
1038069	74	7m8	1.133	AATCAAA
1038112	51	7m8	1.130	AATCAAA
1038124	349	7m8	1.554	AATCAAA
1038187	149	7m8	2.091	AATCAAA
1038190	320	7m8	2.091	AATCAAA
1038523	717	7m8	1.581	AATCAAA
1038527	794	7m8	3.468	AATCAAA
1038542	389	8m	1.895	AATCAAA
1038688	489	7m8	1.539	AATCAAA
1038815	1203	7A1	1.785	ATCAAAA
1038899	77	7m8	1.884	AATCAAA
1039120	1214	7A1	1.653	ATCAAAA
1039214	408	7m8	2.327	AATCAAA
1039214	413	7m8	1.984	AATCAAA
1039443	627	7m8	1.107	AATCAAA
1039468	1043	7m8	2.143	AATCAAA
1039500	372	7m8	2.881	AATCAAA
1039709	33	7m8	3.891	AATCAAA
1039798	265	7m8	2.370	AATCAAA
1039903	996	7m8	3.075	AATCAAA
1039906	1253	7m8	1.084	AATCAAA
1039913	936	7A1	1.792	ATCAAAA
1039917	238	7m8	3.520	AATCAAA
1039952	466	7m8	1.646	AATCAAA
1039952	545	7m8	2.588	AATCAAA
1039962	165	7m8	1.961	AATCAAA
1039976	1058	7A1	2.992	ATCAAAA
1039976	1204	7m8	2.659	AATCAAA
1040072	147	8m	1.689	AATCAAA
1040093	257	8m	1.843	AATCAAA
1040093	277	8m	1.455	AATCAAA
1040118	774	7A1	1.182	ATCAAAA
1040130	698	7A1	1.680	ATCAAAA
1040291	215	8m	3.386	AATCAAA
1040300	51	8m	1.121	AATCAAA
1040300	69	8m	1.121	AATCAAA
1040369	1043	7A1	1.109	ATCAAAA
1040525	303	7m8	2.774	AATCAAA
1040536	693	8m	1.178	ATCAAAA
1040664	133	7m8	2.710	AATCAAA
