1000111	77	7m8	1.430	TAATCCA
1000892	76	8m	1.935	TAATCCA
1000946	396	7m8	1.656	TAATCCA
1001013	517	7A1	1.277	AATCCAA
1001258	668	8m	3.049	TAATCCA
1001580	223	7A1	1.330	AATCCAA
1001580	243	7A1	1.268	AATCCAA
1001751	588	7A1	1.173	AATCCAA
1004514	124	7A1	1.358	AATCCAA
1005544	312	7A1	3.360	AATCCAA
1005562	39	7A1	2.822	AATCCAA
1006901	888	7A1	3.151	AATCCAA
1007461	118	8m	1.568	TAATCCA
1007479	1828	8m	2.807	TAATCCA
1007482	557	7m8	2.221	TAATCCA
1007506	550	7A1	3.155	AATCCAA
1007532	689	7A1	2.184	AATCCAA
1008088	245	7m8	1.211	TAATCCA
1008147	477	7A1	1.084	AATCCAA
1008202	1269	7A1	1.000	AATCCAA
1008496	304	8m	3.048	TAATCCA
1008945	225	7A1	1.914	AATCCAA
1009022	48	7A1	1.062	AATCCAA
1011119	232	7m8	2.131	TAATCCA
1011273	103	7A1	1.753	AATCCAA
1011788	398	8m	2.709	TAATCCA
1012090	32	7A1	1.495	AATCCAA
1012932	78	8m	2.617	TAATCCA
1013579	22	7A1	1.447	AATCCAA
1014821	54	8m	1.594	AATCCAA
1015182	212	8m	2.812	TAATCCA
1015378	399	8m	1.961	TAATCCA
1015390	217	7A1	1.479	AATCCAA
1015723	1913	7m8	2.655	TAATCCA
1016008	2505	7m8	2.726	TAATCCA
1016181	1027	8m	2.490	TAATCCA
1016181	1177	7A1	2.370	AATCCAA
1016193	217	7A1	1.467	AATCCAA
1016427	249	8m	1.376	TAATCCA
1016709	250	7m8	1.163	TAATCCA
1016746	221	7A1	1.671	AATCCAA
1016895	550	7A1	1.015	AATCCAA
1017048	809	8m	1.795	TAATCCA
1017408	163	7A1	1.401	AATCCAA
1017671	70	7A1	1.898	AATCCAA
1018080	198	7A1	1.175	AATCCAA
1018365	351	7A1	1.600	AATCCAA
1018786	270	7m8	2.398	TAATCCA
1018935	72	7A1	1.646	AATCCAA
1019922	750	7A1	1.474	AATCCAA
1020057	477	8m	2.299	TAATCCA
1020663	1051	7A1	1.103	AATCCAA
1020919	731	8m	2.515	AATCCAA
1021296	64	8m	2.023	AATCCAA
1021688	63	7A1	1.388	AATCCAA
1022933	183	7A1	1.053	AATCCAA
1023679	663	7A1	1.153	AATCCAA
1023852	796	7A1	1.195	AATCCAA
1023992	504	7A1	1.829	AATCCAA
1024112	186	7A1	1.134	AATCCAA
1025020	376	7A1	1.335	AATCCAA
1025355	218	7m8	1.291	TAATCCA
1025695	216	7A1	1.951	AATCCAA
1025988	25	7A1	1.268	AATCCAA
1025991	25	7A1	1.554	AATCCAA
1026131	72	7A1	1.065	AATCCAA
1026479	189	7A1	1.896	AATCCAA
1026923	94	8m	1.941	AATCCAA
1028520	89	7A1	2.240	AATCCAA
1029286	70	8m	1.454	AATCCAA
1029351	10	8m	1.602	TAATCCA
1029354	283	7m8	1.427	TAATCCA
1029457	540	7A1	1.636	AATCCAA
1029534	613	7A1	1.196	AATCCAA
1029571	12	7m8	1.913	TAATCCA
1029844	471	7A1	1.083	AATCCAA
1030129	77	7A1	1.182	AATCCAA
1030733	269	7A1	3.354	AATCCAA
1030906	73	8m	1.051	AATCCAA
1031034	593	7A1	1.040	AATCCAA
1031565	1272	7A1	2.983	AATCCAA
1031636	174	7m8	2.083	TAATCCA
1032327	266	7m8	1.207	TAATCCA
1032327	364	7m8	2.735	TAATCCA
1032327	484	7A1	1.651	AATCCAA
1032371	1292	8m	2.427	TAATCCA
1032765	117	8m	3.402	TAATCCA
1033083	106	7m8	1.716	TAATCCA
1033169	216	7A1	1.951	AATCCAA
1033194	320	7A1	1.288	AATCCAA
1033197	643	7A1	1.452	AATCCAA
1033200	643	7A1	1.452	AATCCAA
1033203	643	7A1	1.288	AATCCAA
1033206	643	7A1	1.288	AATCCAA
1033209	643	7A1	1.288	AATCCAA
1033802	63	7A1	1.068	AATCCAA
1033805	63	7A1	1.068	AATCCAA
1033808	63	7A1	1.068	AATCCAA
1033935	136	7A1	2.807	AATCCAA
1034491	849	7m8	1.071	TAATCCA
1034595	531	7A1	2.602	AATCCAA
1035003	17	7m8	1.159	TAATCCA
1035258	1440	8m	1.104	AATCCAA
1035518	276	7A1	1.254	AATCCAA
1035780	392	7A1	1.166	AATCCAA
1036535	410	7A1	1.961	AATCCAA
1036664	161	7A1	1.073	AATCCAA
1037120	57	7A1	1.078	AATCCAA
1037416	386	7A1	1.181	AATCCAA
1038921	289	7A1	1.134	AATCCAA
1039505	45	7A1	1.714	AATCCAA
1039934	20	7m8	2.350	TAATCCA
1039993	20	7A1	1.049	AATCCAA
1040117	291	7m8	1.004	TAATCCA
1040226	1101	7A1	1.204	AATCCAA
1040419	260	7A1	1.131	AATCCAA
