1000071	117	7A1	2.257	GTACAAA
1000120	1	7m8	3.535	AGTACAA
1000445	49	8m	2.834	AGTACAA
1000964	960	7A1	1.124	GTACAAA
1001611	149	7A1	1.787	GTACAAA
1001853	106	8m	2.396	GTACAAA
1002736	44	7A1	1.513	GTACAAA
1002745	80	7A1	2.597	GTACAAA
1003120	589	8m	1.746	AGTACAA
1003120	709	7A1	1.193	GTACAAA
1003642	1099	7A1	1.600	GTACAAA
1004792	6	7m8	1.609	AGTACAA
1005706	30	7A1	1.295	GTACAAA
1007240	227	8m	2.771	AGTACAA
1007479	1836	7m8	2.807	AGTACAA
1007810	1	7m8	3.068	AGTACAA
1007995	161	8m	3.296	AGTACAA
1008211	248	7m8	3.094	AGTACAA
1008223	502	8m	2.097	AGTACAA
1008244	286	8m	2.700	AGTACAA
1008289	183	7m8	2.017	AGTACAA
1008825	250	7A1	2.267	GTACAAA
1008936	223	7A1	2.779	GTACAAA
1009324	691	7m8	2.716	AGTACAA
1010052	457	7A1	2.938	GTACAAA
1010213	557	7m8	2.077	AGTACAA
1012477	17	7A1	1.451	GTACAAA
1013037	297	8m	2.688	AGTACAA
1013314	240	8m	1.895	AGTACAA
1013774	378	8m	2.533	AGTACAA
1014055	31	7m8	1.889	AGTACAA
1015400	313	7A1	1.587	GTACAAA
1015723	1921	8m	2.800	AGTACAA
1015837	127	7A1	2.127	GTACAAA
1016202	1288	7A1	1.958	GTACAAA
1016283	642	7A1	2.683	GTACAAA
1016355	374	8m	1.520	GTACAAA
1016596	248	8m	1.309	AGTACAA
1016686	93	8m	2.390	AGTACAA
1017097	491	8m	2.174	AGTACAA
1017338	344	7m8	1.189	AGTACAA
1017612	305	7A1	2.084	GTACAAA
1017734	1683	7m8	2.311	AGTACAA
1018365	286	7A1	2.213	GTACAAA
1018663	284	8m	1.868	GTACAAA
1018804	181	8m	1.410	GTACAAA
1019482	105	8m	2.784	AGTACAA
1019941	211	7A1	1.602	GTACAAA
1020243	468	7m8	2.308	AGTACAA
1020243	474	8m	1.125	AGTACAA
1020255	608	7m8	1.182	AGTACAA
1020318	599	7m8	2.022	AGTACAA
1020324	176	8m	1.178	AGTACAA
1020471	101	7A1	1.338	GTACAAA
1020698	128	7A1	2.308	GTACAAA
1021250	229	7m8	1.568	AGTACAA
1021727	822	7A1	2.061	GTACAAA
1022433	160	7A1	1.130	GTACAAA
1022983	585	7A1	1.311	GTACAAA
1023214	234	7A1	2.487	GTACAAA
1023237	94	8m	2.421	AGTACAA
1023428	36	7m8	1.567	AGTACAA
1023679	282	7m8	1.357	AGTACAA
1023708	918	8m	2.494	AGTACAA
1023714	920	7m8	1.515	AGTACAA
1023714	1012	8m	2.305	AGTACAA
1023714	1260	8m	2.305	AGTACAA
1023714	1572	7A1	1.984	GTACAAA
1023714	1606	8m	1.713	AGTACAA
1024249	693	7A1	2.166	GTACAAA
1024636	847	7m8	1.073	AGTACAA
1024724	132	7m8	3.218	AGTACAA
1024989	235	7m8	2.056	AGTACAA
1025280	501	7m8	2.986	AGTACAA
1025329	23	8m	1.427	GTACAAA
1026713	196	7m8	2.422	AGTACAA
1026794	150	7A1	1.564	GTACAAA
1026843	953	7m8	1.958	AGTACAA
1027118	2	7m8	2.068	AGTACAA
1027275	86	7m8	3.248	AGTACAA
1027628	548	8m	1.291	GTACAAA
1027944	567	7m8	1.101	AGTACAA
1028506	157	8m	2.690	AGTACAA
1028868	662	8m	3.094	AGTACAA
1030103	91	7m8	1.760	AGTACAA
1030480	227	8m	2.636	AGTACAA
1030875	203	8m	2.434	AGTACAA
1030911	685	7A1	1.902	GTACAAA
1031221	45	7A1	2.949	GTACAAA
1031429	1172	7m8	1.162	AGTACAA
1031565	3495	7m8	2.933	AGTACAA
1032294	32	7A1	2.347	GTACAAA
1033191	223	7A1	2.015	GTACAAA
1033197	223	7A1	1.741	GTACAAA
1033200	223	7A1	1.741	GTACAAA
1033203	223	7A1	1.463	GTACAAA
1033206	223	7A1	1.463	GTACAAA
1033209	223	7A1	1.463	GTACAAA
1033590	239	7A1	1.409	GTACAAA
1033904	985	7A1	1.264	GTACAAA
1033969	867	8m	1.600	AGTACAA
1033993	136	8m	3.242	AGTACAA
1034026	390	7A1	1.584	GTACAAA
1034217	612	8m	2.181	AGTACAA
1034595	585	7m8	1.181	AGTACAA
1034786	4	7m8	1.196	AGTACAA
1035039	339	7m8	2.407	AGTACAA
1035371	306	7m8	2.059	AGTACAA
1035429	2	8m	2.488	AGTACAA
1035621	690	8m	2.515	AGTACAA
1036530	288	7A1	2.120	GTACAAA
1036564	686	7A1	1.142	GTACAAA
1036743	58	7A1	2.753	GTACAAA
1037483	73	7A1	1.783	GTACAAA
1037518	603	8m	3.138	AGTACAA
1037759	209	7m8	1.148	AGTACAA
1037986	125	8m	1.134	GTACAAA
1039096	314	7A1	1.398	GTACAAA
1039318	68	7A1	1.652	GTACAAA
1039591	186	7m8	1.427	AGTACAA
1039649	258	8m	1.074	AGTACAA
1039741	36	8m	1.672	AGTACAA
1039952	736	7m8	1.951	AGTACAA
1040033	1038	8m	2.887	AGTACAA
1040199	664	7A1	2.752	GTACAAA
1040199	1014	7A1	2.278	GTACAAA
1040413	173	7m8	1.589	AGTACAA
1040565	690	7m8	2.003	AGTACAA
