1000212	4	7m8	1.838	CGCACAA
1000434	220	8m	1.924	GCACAAA
1000491	148	7A1	2.807	GCACAAA
1000998	13	7A1	1.268	GCACAAA
1001028	735	7A1	1.314	GCACAAA
1001028	830	7A1	1.404	GCACAAA
1001134	612	7A1	2.873	GCACAAA
1001167	498	7A1	2.402	GCACAAA
1001370	232	7A1	1.108	GCACAAA
1001409	112	8m	1.799	CGCACAA
1001599	571	7m8	2.606	CGCACAA
1002099	59	7A1	2.986	GCACAAA
1002604	78	7A1	1.858	GCACAAA
1002604	182	7m8	1.695	CGCACAA
1002605	284	7m8	1.246	CGCACAA
1002665	277	7A1	1.836	GCACAAA
1002832	252	7A1	1.013	GCACAAA
1003075	784	7m8	1.478	CGCACAA
1003432	133	8m	1.178	CGCACAA
1003592	504	7A1	1.316	GCACAAA
1003642	464	7A1	1.510	GCACAAA
1003879	203	7A1	1.301	GCACAAA
1004160	87	8m	2.031	CGCACAA
1004720	296	7m8	1.554	CGCACAA
1005254	10	7m8	2.023	CGCACAA
1005376	119	7A1	1.628	GCACAAA
1005559	290	7A1	1.054	GCACAAA
1005647	195	7m8	1.037	CGCACAA
1005682	139	7A1	1.145	GCACAAA
1005710	14	7m8	1.260	CGCACAA
1006101	926	7A1	1.853	GCACAAA
1006716	161	7A1	2.592	GCACAAA
1006737	101	7m8	2.926	CGCACAA
1007094	79	8m	1.600	CGCACAA
1007146	1019	7m8	1.491	CGCACAA
1007316	131	7A1	1.130	GCACAAA
1007479	1668	7A1	2.144	GCACAAA
1007496	210	7m8	2.508	CGCACAA
1007719	77	7m8	2.265	CGCACAA
1007819	21	7A1	2.675	GCACAAA
1007842	403	7m8	2.617	CGCACAA
1007899	843	8m	2.472	GCACAAA
1008088	178	7A1	1.497	GCACAAA
1008148	100	8m	2.526	CGCACAA
1008148	570	7A1	2.346	GCACAAA
1008211	205	7A1	2.668	GCACAAA
1008261	382	8m	1.419	CGCACAA
1008456	844	8m	2.807	CGCACAA
1008463	30	7A1	1.114	GCACAAA
1008508	41	7A1	1.527	GCACAAA
1008825	222	7A1	1.558	GCACAAA
1008968	364	7A1	3.262	GCACAAA
1009324	179	7A1	1.228	GCACAAA
1009337	255	7A1	2.111	GCACAAA
1009703	293	7A1	2.121	GCACAAA
1010193	19	7A1	1.404	GCACAAA
1010231	315	7A1	1.106	GCACAAA
1010234	1197	7m8	1.095	CGCACAA
1010367	78	7A1	2.344	GCACAAA
1010450	286	7A1	1.763	GCACAAA
1010648	484	7m8	1.682	CGCACAA
1010679	58	7m8	1.465	CGCACAA
1011159	36	8m	2.214	CGCACAA
1011485	149	7m8	1.001	CGCACAA
1011894	163	7A1	1.607	GCACAAA
1012139	300	7m8	2.198	CGCACAA
1012260	41	7m8	2.301	CGCACAA
1012472	75	7A1	1.048	GCACAAA
1012682	70	8m	1.511	CGCACAA
1012831	138	8m	1.313	GCACAAA
1013769	1080	8m	1.888	CGCACAA
1013769	2380	8m	2.259	CGCACAA
1014200	61	7A1	2.106	GCACAAA
1014348	7	7A1	1.429	GCACAAA
1014471	217	7A1	1.613	GCACAAA
1014652	52	8m	1.399	CGCACAA
1014713	383	7m8	1.288	CGCACAA
1014887	306	7A1	1.268	GCACAAA
1015071	690	7A1	1.309	GCACAAA
1015089	63	7m8	2.807	CGCACAA
1015097	43	8m	2.196	CGCACAA
1015147	199	7m8	1.041	CGCACAA
1015241	138	8m	1.435	GCACAAA
1015306	105	7m8	1.130	CGCACAA
1015373	344	7m8	1.105	CGCACAA
1015478	64	7A1	2.381	GCACAAA
1015832	17	7A1	1.620	GCACAAA
1016008	748	7m8	1.593	CGCACAA
1016070	86	8m	1.115	CGCACAA
1016206	206	7A1	1.239	GCACAAA
1016400	129	7A1	1.143	GCACAAA
1016416	690	7A1	1.066	GCACAAA
1016559	426	7A1	1.875	GCACAAA
1016559	489	7A1	3.200	GCACAAA
1016575	83	7m8	2.449	CGCACAA
1016646	72	8m	2.494	CGCACAA
1016973	603	7m8	2.167	CGCACAA
1016988	1051	8m	1.776	CGCACAA
1017225	386	7m8	1.831	CGCACAA
1017476	120	8m	1.681	GCACAAA
1017494	17	7A1	1.433	GCACAAA
1017560	115	8m	1.593	CGCACAA
1017698	697	7A1	1.787	GCACAAA
1018095	534	7A1	1.410	GCACAAA
1018102	24	7A1	1.392	GCACAAA
1018355	636	7m8	2.807	CGCACAA
1019114	28	7A1	1.211	GCACAAA
1019186	93	7A1	1.664	GCACAAA
1019443	77	7A1	2.398	GCACAAA
1019482	1026	8m	2.536	CGCACAA
1019532	273	7m8	2.246	CGCACAA
1019537	32	7A1	1.194	GCACAAA
1019537	228	7A1	1.311	GCACAAA
1019851	86	7A1	2.690	GCACAAA
1020092	374	7A1	1.913	GCACAAA
1020318	408	7A1	1.650	GCACAAA
1020634	507	8m	1.054	GCACAAA
1020820	580	7A1	1.238	GCACAAA
1020847	38	7m8	1.138	CGCACAA
1020959	13	7m8	1.068	CGCACAA
1020990	17	8m	1.794	GCACAAA
1021089	345	7A1	2.034	GCACAAA
1021676	74	7m8	2.613	CGCACAA
1021963	233	8m	2.170	CGCACAA
1022478	141	7A1	2.130	GCACAAA
1022902	1	7m8	1.088	CGCACAA
1023082	775	7A1	1.831	GCACAAA
1023283	134	7m8	1.701	CGCACAA
1023353	315	7A1	2.093	GCACAAA
1023385	240	8m	1.932	CGCACAA
1023688	362	7A1	1.161	GCACAAA
1023849	739	7A1	3.543	GCACAAA
1023933	315	7A1	2.093	GCACAAA
1024033	464	8m	2.130	GCACAAA
1024055	190	7m8	1.607	CGCACAA
1024171	186	8m	1.053	GCACAAA
1024213	1240	7A1	3.296	GCACAAA
1024348	111	7m8	1.754	CGCACAA
1024390	435	7m8	1.268	CGCACAA
1024463	244	7m8	1.570	CGCACAA
1024483	537	8m	1.206	CGCACAA
1024490	809	7m8	1.150	CGCACAA
1024511	450	7m8	2.174	CGCACAA
1024615	263	7m8	2.200	CGCACAA
1024627	703	7A1	1.581	GCACAAA
1024759	133	7A1	1.098	GCACAAA
1024781	246	7A1	1.727	GCACAAA
1024841	300	7m8	1.506	CGCACAA
1024871	704	7A1	1.513	GCACAAA
1024984	71	8m	3.107	CGCACAA
1025020	142	8m	2.363	GCACAAA
1025062	1149	7A1	1.554	GCACAAA
1025296	474	8m	1.470	GCACAAA
1025433	70	8m	1.726	CGCACAA
1025436	100	7A1	1.016	GCACAAA
1026057	181	7A1	2.018	GCACAAA
1026152	120	7m8	1.286	CGCACAA
1026557	48	7m8	1.917	CGCACAA
1026829	235	7A1	1.654	GCACAAA
1026879	72	8m	2.797	CGCACAA
1027829	218	7m8	1.035	CGCACAA
1028233	290	8m	1.675	CGCACAA
1028595	17	7A1	1.761	GCACAAA
1028708	712	8m	1.469	CGCACAA
1028949	224	7A1	2.361	GCACAAA
1028965	19	8m	1.012	CGCACAA
1029127	129	7A1	1.127	GCACAAA
1029269	20	8m	1.855	CGCACAA
1029304	98	7m8	1.701	CGCACAA
1029589	400	7A1	1.927	GCACAAA
1029614	65	7A1	1.153	GCACAAA
1029906	232	7m8	1.582	CGCACAA
1030619	1102	7A1	2.268	GCACAAA
1031117	23	7m8	1.958	CGCACAA
1031209	384	7m8	2.980	CGCACAA
1031406	439	8m	1.850	CGCACAA
1031465	493	7A1	1.190	GCACAAA
1031565	1790	7m8	1.600	CGCACAA
1031581	390	7A1	1.689	GCACAAA
1031776	714	8m	1.025	CGCACAA
1031889	345	8m	1.905	CGCACAA
1032312	342	7A1	1.431	GCACAAA
1032487	328	8m	1.823	CGCACAA
1032967	342	7A1	1.431	GCACAAA
1032989	227	7A1	1.154	GCACAAA
1033068	105	7A1	1.065	GCACAAA
1033169	2735	7A1	2.381	GCACAAA
1033233	618	7m8	1.314	CGCACAA
1033360	236	7m8	1.172	CGCACAA
1033476	140	7m8	1.866	CGCACAA
1033544	27	7A1	2.807	GCACAAA
1033723	43	7m8	1.153	CGCACAA
1033723	62	8m	1.880	GCACAAA
1033774	284	7m8	2.694	CGCACAA
1033904	467	7A1	1.976	GCACAAA
1034395	392	7A1	2.121	GCACAAA
1034425	462	7A1	2.384	GCACAAA
1034523	460	8m	2.550	GCACAAA
1034622	352	7A1	2.267	GCACAAA
1034688	567	7m8	1.660	CGCACAA
1034806	96	7A1	1.728	GCACAAA
1034997	59	7A1	1.082	GCACAAA
1034997	1072	7m8	3.377	CGCACAA
1035318	32	7A1	1.657	GCACAAA
1035456	481	8m	1.218	GCACAAA
1035650	36	8m	1.687	CGCACAA
1035789	346	7m8	1.163	CGCACAA
1035999	441	8m	2.166	CGCACAA
1036152	7	8m	2.800	CGCACAA
1036401	203	8m	1.477	CGCACAA
1036407	281	7m8	2.801	CGCACAA
1036570	451	7m8	1.277	CGCACAA
1036603	128	7A1	1.908	GCACAAA
1036616	174	7m8	1.612	CGCACAA
1036688	188	7A1	1.004	GCACAAA
1037033	269	7m8	1.845	CGCACAA
1037173	95	7m8	1.327	CGCACAA
1037173	246	7A1	3.254	GCACAAA
1037492	90	8m	2.777	GCACAAA
1037654	788	7A1	2.525	GCACAAA
1037747	131	7A1	1.047	GCACAAA
1037892	667	7A1	1.178	GCACAAA
1037979	276	7A1	2.174	GCACAAA
1038090	749	7A1	1.178	GCACAAA
1038090	940	7A1	1.178	GCACAAA
1038668	280	8m	2.494	CGCACAA
1038806	583	7A1	1.644	GCACAAA
1038893	551	8m	1.185	CGCACAA
1039120	807	7A1	1.491	GCACAAA
1039214	124	7A1	1.661	GCACAAA
1039283	101	7m8	1.045	CGCACAA
1039565	622	7A1	2.228	GCACAAA
1039720	387	7m8	1.314	CGCACAA
1039749	295	7A1	1.936	GCACAAA
1039867	192	7m8	1.265	CGCACAA
1039879	95	8m	1.400	CGCACAA
1039913	840	8m	1.021	GCACAAA
1040147	378	7A1	3.495	GCACAAA
1040226	936	7m8	3.435	CGCACAA
1040300	620	7m8	1.005	CGCACAA
1040530	129	7A1	2.251	GCACAAA
1040530	218	8m	1.861	GCACAAA
1040656	63	7m8	3.450	CGCACAA
