1001370	574	7m8	1.419	TACCTTG
1001864	401	8m	1.920	TACCTTG
1002093	70	7m8	1.951	TACCTTG
1002373	797	7A1	2.035	ACCTTGA
1002488	129	7A1	2.753	ACCTTGA
1003051	246	7A1	2.170	ACCTTGA
1005601	288	7A1	2.210	ACCTTGA
1008133	215	7A1	3.052	ACCTTGA
1008289	1079	7A1	3.902	ACCTTGA
1008747	93	7A1	2.748	ACCTTGA
1008878	175	7A1	4.338	ACCTTGA
1009081	178	7A1	1.602	ACCTTGA
1010196	190	7A1	1.558	ACCTTGA
1011697	168	7A1	1.484	ACCTTGA
1013784	104	7A1	1.410	ACCTTGA
1014746	567	7A1	3.376	ACCTTGA
1016079	596	7m8	2.105	TACCTTG
1016451	1387	7A1	1.600	ACCTTGA
1016905	22	7A1	1.347	ACCTTGA
1018147	13	8m	3.649	TACCTTG
1018286	490	7A1	4.416	ACCTTGA
1018805	235	7A1	2.807	ACCTTGA
1019002	592	7A1	2.205	ACCTTGA
1020216	105	7A1	3.017	ACCTTGA
1020633	273	7A1	3.762	ACCTTGA
1020633	1018	7A1	1.410	ACCTTGA
1023217	117	7A1	1.065	ACCTTGA
1023792	502	7A1	2.494	ACCTTGA
1023910	716	7m8	2.696	TACCTTG
1024894	476	7A1	2.884	ACCTTGA
1025454	414	7A1	1.448	ACCTTGA
1027005	183	7A1	1.640	ACCTTGA
1027296	1217	8m	1.891	ACCTTGA
1027365	223	7A1	1.488	ACCTTGA
1027731	131	7A1	2.782	ACCTTGA
1027893	213	7A1	3.239	ACCTTGA
1028529	6	7A1	1.489	ACCTTGA
1028708	176	7A1	2.299	ACCTTGA
1029694	1080	7A1	1.182	ACCTTGA
1031075	99	7A1	1.349	ACCTTGA
1032161	125	7A1	1.368	ACCTTGA
1032900	333	7A1	1.655	ACCTTGA
1034467	478	7A1	2.506	ACCTTGA
1034975	313	7A1	2.839	ACCTTGA
1035145	278	7A1	2.302	ACCTTGA
1035886	798	7m8	3.856	TACCTTG
1035886	1528	7m8	2.726	TACCTTG
1038216	479	7A1	2.662	ACCTTGA
1038502	226	7A1	3.109	ACCTTGA
1039962	250	7m8	1.569	TACCTTG
1039976	614	7A1	1.891	ACCTTGA
1040393	255	7m8	3.309	TACCTTG
