1000174	224	7m8	1.142	GCTCTCT
1000977	103	7m8	2.168	GCTCTCT
1000994	85	7m8	1.474	GCTCTCT
1001200	433	7A1	1.647	CTCTCTA
1001246	672	7m8	1.782	GCTCTCT
1001535	758	7m8	1.185	GCTCTCT
1002194	242	7m8	1.650	GCTCTCT
1002373	556	7A1	2.157	CTCTCTA
1003348	47	7m8	1.208	GCTCTCT
1004118	406	7m8	1.915	GCTCTCT
1005713	661	7m8	1.641	GCTCTCT
1005713	673	7m8	1.872	GCTCTCT
1007052	564	7A1	1.530	CTCTCTA
1007055	116	7m8	1.454	GCTCTCT
1008084	396	7m8	1.282	GCTCTCT
1008456	1582	7m8	1.724	GCTCTCT
1008687	31	7m8	1.409	GCTCTCT
1009587	786	7A1	1.679	CTCTCTA
1010438	284	7m8	2.124	GCTCTCT
1010628	90	7m8	1.107	GCTCTCT
1010628	122	7m8	1.106	GCTCTCT
1011045	1221	7m8	2.034	GCTCTCT
1011170	195	7m8	1.824	GCTCTCT
1011493	315	7m8	1.178	GCTCTCT
1012139	238	7m8	1.911	GCTCTCT
1012584	206	8m	1.652	GCTCTCT
1012584	248	7m8	2.308	GCTCTCT
1013437	335	7m8	1.063	GCTCTCT
1013456	121	8m	1.178	GCTCTCT
1015723	1032	7A1	2.418	CTCTCTA
1016062	6	7A1	1.178	CTCTCTA
1016233	617	7m8	2.059	GCTCTCT
1016283	932	8m	1.046	GCTCTCT
1016862	220	8m	1.015	GCTCTCT
1016863	84	7m8	1.827	GCTCTCT
1016895	593	7m8	1.410	GCTCTCT
1017022	365	7m8	1.084	GCTCTCT
1018275	51	7A1	2.188	CTCTCTA
1018365	401	7A1	1.984	CTCTCTA
1019099	171	7m8	1.631	GCTCTCT
1019482	1017	7m8	1.220	GCTCTCT
1019512	152	7m8	1.443	GCTCTCT
1021851	432	7m8	1.332	GCTCTCT
1022787	52	7A1	1.219	CTCTCTA
1023322	248	8m	1.458	GCTCTCT
1023353	186	7m8	1.499	GCTCTCT
1023772	372	7m8	1.274	GCTCTCT
1023781	60	8m	1.127	GCTCTCT
1023792	1066	7m8	1.340	GCTCTCT
1023933	186	7m8	1.499	GCTCTCT
1024030	1064	8m	2.411	GCTCTCT
1024193	246	7m8	1.716	GCTCTCT
1024627	303	7m8	1.921	GCTCTCT
1024941	698	7m8	1.140	GCTCTCT
1025025	765	7m8	1.252	GCTCTCT
1025137	68	7m8	1.204	GCTCTCT
1025947	212	7m8	2.881	GCTCTCT
1027695	19	7m8	1.301	GCTCTCT
1028013	554	7m8	1.298	GCTCTCT
1028398	17	7m8	2.120	GCTCTCT
1029137	109	7m8	1.292	GCTCTCT
1029307	378	7m8	1.554	GCTCTCT
1029367	800	7m8	1.321	GCTCTCT
1029844	252	7m8	1.489	GCTCTCT
1031136	116	7A1	1.951	CTCTCTA
1031889	527	7m8	1.144	GCTCTCT
1032645	327	7m8	1.256	GCTCTCT
1032745	33	7m8	1.014	GCTCTCT
1033091	251	7m8	1.227	GCTCTCT
1033094	45	7m8	1.431	GCTCTCT
1033904	274	7m8	1.582	GCTCTCT
1034349	113	7m8	1.702	GCTCTCT
1034584	39	7m8	1.023	GCTCTCT
1035130	602	7m8	1.761	GCTCTCT
1035254	121	7m8	2.251	GCTCTCT
1036176	516	7m8	1.963	GCTCTCT
1036863	3	7m8	1.264	GCTCTCT
1038046	49	7m8	1.644	GCTCTCT
1038116	464	7m8	1.152	GCTCTCT
1038267	35	7m8	1.556	GCTCTCT
1039105	342	7m8	1.404	GCTCTCT
1039916	837	7m8	1.134	GCTCTCT
1040150	305	7m8	1.222	GCTCTCT
1040333	451	7m8	1.333	GCTCTCT
1040592	1120	7m8	2.187	GCTCTCT
