1000383	533	7m8	1.716	GGCCAGT
1001421	435	7A1	1.193	GCCAGTA
1003663	79	7m8	1.133	GGCCAGT
1004298	122	7m8	1.936	GGCCAGT
1005476	47	7m8	1.168	GGCCAGT
1005904	6	7m8	1.236	GGCCAGT
1007254	280	7m8	1.277	GGCCAGT
1007944	403	7m8	1.730	GGCCAGT
1008034	23	7m8	2.769	GGCCAGT
1009167	129	7A1	2.188	GCCAGTA
1009179	66	7m8	1.016	GGCCAGT
1011197	145	7m8	1.440	GGCCAGT
1011331	659	8m	1.708	GGCCAGT
1014990	952	7m8	1.550	GGCCAGT
1015226	584	8m	1.203	GCCAGTA
1016218	797	7m8	1.196	GGCCAGT
1016433	23	7A1	1.889	GCCAGTA
1020874	1	7m8	1.239	GGCCAGT
1021359	76	7m8	1.002	GGCCAGT
1021795	596	7m8	1.151	GGCCAGT
1024885	65	8m	2.308	GCCAGTA
1026076	426	7m8	1.595	GGCCAGT
1027575	240	7m8	1.357	GGCCAGT
1029304	126	7A1	1.166	GCCAGTA
1029638	-1	7A1	1.131	GCCAGTA
1030774	248	7m8	1.003	GGCCAGT
1032856	441	8m	1.600	GGCCAGT
1032859	441	8m	1.600	GGCCAGT
1032862	441	8m	1.600	GGCCAGT
1033756	817	7m8	1.822	GGCCAGT
1033759	817	7m8	1.579	GGCCAGT
1033762	817	7m8	1.579	GGCCAGT
1033765	817	7m8	1.579	GGCCAGT
1033768	817	7m8	1.579	GGCCAGT
1033938	817	7m8	1.579	GGCCAGT
1033941	817	7m8	1.579	GGCCAGT
1034005	0	7A1	1.020	GCCAGTA
1034466	184	7A1	2.172	GCCAGTA
1034667	756	7m8	1.380	GGCCAGT
1035085	9	7m8	1.951	GGCCAGT
1035240	192	7m8	1.193	GGCCAGT
1035423	631	7m8	1.070	GGCCAGT
1035504	187	7m8	1.504	GGCCAGT
1036401	54	7m8	1.788	GGCCAGT
1036680	445	7A1	3.880	GCCAGTA
1036743	86	7A1	2.504	GCCAGTA
1037348	143	7A1	1.254	GCCAGTA
1038015	33	7m8	1.554	GGCCAGT
1038963	161	7m8	1.869	GGCCAGT
1039795	545	7m8	1.245	GGCCAGT
1040009	223	7m8	1.452	GGCCAGT
1040456	9	7m8	1.951	GGCCAGT
