1000152	87	8m	1.007	CAATGCA
1000404	898	8m	2.617	AATGCAA
1000488	425	8m	1.280	CAATGCA
1000547	29	7A1	3.019	AATGCAA
1000547	208	7A1	3.019	AATGCAA
1000578	336	7m8	2.068	CAATGCA
1000638	174	7A1	2.117	AATGCAA
1000785	73	8m	1.460	CAATGCA
1000827	750	7A1	2.381	AATGCAA
1000917	349	7A1	2.008	AATGCAA
1000949	80	7A1	1.404	AATGCAA
1001010	521	7A1	1.792	AATGCAA
1001013	570	7m8	1.620	CAATGCA
1001184	607	7A1	1.358	AATGCAA
1001517	610	7A1	2.490	AATGCAA
1002194	286	7A1	1.359	AATGCAA
1002269	197	7A1	2.342	AATGCAA
1002373	207	7A1	1.543	AATGCAA
1002476	27	7A1	2.282	AATGCAA
1003027	136	8m	2.717	CAATGCA
1003145	71	7A1	1.716	AATGCAA
1003622	284	7A1	1.554	AATGCAA
1003693	855	7A1	2.542	AATGCAA
1003809	296	8m	1.554	AATGCAA
1004253	573	7A1	1.845	AATGCAA
1004550	229	7A1	2.393	AATGCAA
1004649	-1	7A1	1.312	AATGCAA
1004678	555	7A1	2.617	AATGCAA
1004678	578	7A1	1.975	AATGCAA
1004748	99	8m	1.497	CAATGCA
1005356	79	8m	1.234	CAATGCA
1005754	374	7A1	2.381	AATGCAA
1006109	446	7A1	2.617	AATGCAA
1006737	263	7A1	1.388	AATGCAA
1006737	269	7A1	1.388	AATGCAA
1006914	103	7A1	1.038	AATGCAA
1007040	566	8m	1.380	CAATGCA
1007055	521	7m8	1.266	CAATGCA
1007240	361	7A1	1.478	AATGCAA
1007298	447	7A1	2.114	AATGCAA
1007461	289	8m	2.509	CAATGCA
1007786	282	7A1	1.182	AATGCAA
1007852	107	7A1	2.061	AATGCAA
1008069	975	7A1	2.004	AATGCAA
1008160	133	7A1	1.178	AATGCAA
1008244	91	7A1	2.804	AATGCAA
1008294	866	7A1	3.897	AATGCAA
1008295	270	7A1	2.807	AATGCAA
1008408	745	7A1	2.954	AATGCAA
1008456	1325	7A1	1.068	AATGCAA
1008600	632	7A1	2.245	AATGCAA
1008722	9	7A1	1.958	AATGCAA
1009072	549	7m8	1.196	CAATGCA
1009084	51	7A1	1.794	AATGCAA
1009155	90	8m	2.239	AATGCAA
1009409	71	8m	2.624	AATGCAA
1009409	77	7A1	2.624	AATGCAA
1009467	344	7A1	1.309	AATGCAA
1009587	486	7A1	2.535	AATGCAA
1009667	1371	7A1	1.961	AATGCAA
1009832	304	7m8	1.150	CAATGCA
1010240	1942	7A1	2.543	AATGCAA
1010328	47	7A1	1.743	AATGCAA
1010389	140	8m	1.090	CAATGCA
1010680	651	7m8	3.272	CAATGCA
1010860	302	7A1	2.224	AATGCAA
1011319	292	7A1	2.314	AATGCAA
1011334	412	7A1	2.840	AATGCAA
1011434	763	7m8	2.154	CAATGCA
1011800	203	7A1	2.144	AATGCAA
1011829	225	7A1	2.578	AATGCAA
1011899	669	7A1	1.196	AATGCAA
1012072	278	7A1	1.554	AATGCAA
1012515	874	7A1	2.812	AATGCAA
1012960	136	7A1	1.849	AATGCAA
1013515	44	8m	1.078	CAATGCA
1013539	174	7A1	2.466	AATGCAA
1013587	116	7A1	1.188	AATGCAA
1013645	507	7A1	1.410	AATGCAA
1013661	28	7A1	1.001	AATGCAA
1013959	85	7A1	1.410	AATGCAA
1014210	738	7A1	2.347	AATGCAA
1014561	598	7A1	2.358	AATGCAA
1014691	598	7A1	2.358	AATGCAA
1014713	440	7A1	1.954	AATGCAA
1014871	557	7A1	1.839	AATGCAA
1014967	566	7A1	1.925	AATGCAA
1015089	121	7A1	1.860	AATGCAA
1015226	304	7A1	1.895	AATGCAA
1015261	463	7A1	2.036	AATGCAA
1015273	132	7A1	1.807	AATGCAA
1015318	183	7A1	1.163	AATGCAA
1015352	55	7m8	1.209	CAATGCA
1015399	567	7A1	1.459	AATGCAA
1015442	136	7A1	1.644	AATGCAA
1015469	345	7A1	1.977	AATGCAA
1015775	492	7A1	3.131	AATGCAA
1015780	28	7m8	2.751	CAATGCA
1015825	271	7A1	1.854	AATGCAA
1015970	461	7m8	1.167	CAATGCA
1015989	47	7A1	1.546	AATGCAA
1016014	91	7A1	4.296	AATGCAA
1016080	57	7A1	1.187	AATGCAA
1016379	155	7A1	1.199	AATGCAA
1016395	242	7A1	2.358	AATGCAA
1016400	224	7A1	1.183	AATGCAA
1016451	1516	7A1	1.958	AATGCAA
1016592	281	7A1	2.517	AATGCAA
1016799	85	7A1	1.844	AATGCAA
1016818	119	8m	1.572	AATGCAA
1016830	116	8m	1.228	CAATGCA
1017350	23	7m8	1.359	CAATGCA
1017612	374	8m	1.151	AATGCAA
1017692	539	7m8	2.669	CAATGCA
1017698	231	7A1	1.554	AATGCAA
1018006	214	7A1	1.016	AATGCAA
1018047	346	7A1	2.737	AATGCAA
1018047	352	7A1	2.737	AATGCAA
1018084	86	7A1	1.719	AATGCAA
1018155	155	7A1	1.302	AATGCAA
1018655	184	7A1	1.554	AATGCAA
1018729	402	7A1	2.631	AATGCAA
1018929	49	7A1	1.570	AATGCAA
1019114	77	7A1	1.554	AATGCAA
1019114	325	7A1	2.977	AATGCAA
1019476	93	7A1	1.919	AATGCAA
1019922	921	8m	2.335	AATGCAA
1019936	181	7m8	1.551	CAATGCA
1020437	108	7A1	2.494	AATGCAA
1020663	526	7A1	2.826	AATGCAA
1020785	848	7A1	1.352	AATGCAA
1021007	311	8m	1.462	AATGCAA
1021175	235	7A1	1.554	AATGCAA
1021388	106	7A1	2.737	AATGCAA
1021611	56	7A1	1.882	AATGCAA
1021816	232	7A1	2.601	AATGCAA
1021845	25	7m8	2.807	CAATGCA
1022210	501	8m	3.002	AATGCAA
1022433	249	7A1	1.170	AATGCAA
1022437	397	7A1	2.044	AATGCAA
1023007	1601	7m8	1.044	CAATGCA
1023148	332	7A1	1.738	AATGCAA
1023155	432	7A1	2.368	AATGCAA
1023329	78	7A1	1.329	AATGCAA
1023385	169	7A1	1.113	AATGCAA
1023570	117	7A1	1.309	AATGCAA
1023708	1794	7A1	2.235	AATGCAA
1023708	2678	7A1	2.019	AATGCAA
1023793	445	7A1	2.635	AATGCAA
1023887	274	7A1	1.935	AATGCAA
1024039	1437	8m	2.617	CAATGCA
1024234	309	7A1	1.791	AATGCAA
1024379	97	8m	1.430	CAATGCA
1024391	74	7A1	1.228	AATGCAA
1024439	690	7A1	1.807	AATGCAA
1024504	207	7A1	1.888	AATGCAA
1024531	1256	7A1	2.111	AATGCAA
1024531	1262	7A1	2.348	AATGCAA
1024646	1412	7A1	1.917	AATGCAA
1024646	1852	7A1	2.709	AATGCAA
1024760	169	7A1	1.482	AATGCAA
1024838	36	7A1	1.551	AATGCAA
1024969	129	7A1	2.100	AATGCAA
1024980	655	7A1	2.528	AATGCAA
1025350	15	7m8	3.027	CAATGCA
1025671	29	8m	1.532	CAATGCA
1025778	81	7A1	2.177	AATGCAA
1025874	168	7A1	1.076	AATGCAA
1026039	573	8m	2.002	CAATGCA
1026082	34	8m	1.881	CAATGCA
1026198	16	7A1	1.895	AATGCAA
1026245	308	7A1	1.716	AATGCAA
1026963	100	7A1	2.454	AATGCAA
1027396	129	7A1	1.020	AATGCAA
1027581	83	7A1	1.520	AATGCAA
1027754	241	7A1	1.520	AATGCAA
1027775	1860	7A1	2.521	AATGCAA
1027893	186	7A1	1.789	AATGCAA
1028009	473	7A1	2.780	AATGCAA
1028061	34	7A1	1.507	AATGCAA
1028443	854	7A1	1.068	AATGCAA
1028776	68	7A1	1.600	AATGCAA
1028920	524	7A1	2.363	AATGCAA
1029030	68	7A1	1.776	AATGCAA
1029304	75	7A1	1.009	AATGCAA
1029304	102	8m	1.178	CAATGCA
1029417	353	8m	1.459	CAATGCA
1029906	422	7A1	1.518	AATGCAA
1030187	934	7A1	1.359	AATGCAA
1030190	89	7A1	1.077	AATGCAA
1030268	242	7A1	2.475	AATGCAA
1030599	26	7A1	1.284	AATGCAA
1030619	1172	7A1	2.435	AATGCAA
1030780	73	7A1	1.807	AATGCAA
1030971	223	8m	1.226	CAATGCA
1031565	291	7A1	1.097	AATGCAA
1032199	127	7A1	1.945	AATGCAA
1032233	293	7A1	2.495	AATGCAA
1032468	750	8m	2.692	CAATGCA
1032469	524	7m8	2.177	CAATGCA
1032642	28	7A1	1.390	AATGCAA
1032772	128	7A1	1.258	AATGCAA
1032830	267	7A1	1.402	AATGCAA
1032841	432	7A1	1.196	AATGCAA
1033043	291	7A1	1.097	AATGCAA
1033077	41	7A1	2.052	AATGCAA
1033080	478	7A1	1.439	AATGCAA
1033169	2229	7A1	4.869	AATGCAA
1033230	0	8m	1.047	CAATGCA
1033320	218	7A1	2.694	AATGCAA
1033605	723	7A1	1.845	AATGCAA
1033687	143	7A1	1.765	AATGCAA
1033768	2721	7A1	2.060	AATGCAA
1033909	250	7m8	2.315	CAATGCA
1033909	493	7A1	1.667	AATGCAA
1033938	2721	7A1	2.060	AATGCAA
1033941	2721	7A1	2.060	AATGCAA
1034026	111	7A1	1.308	AATGCAA
1034257	1292	7A1	1.340	AATGCAA
1034313	251	7A1	1.359	AATGCAA
1034385	228	7A1	3.072	AATGCAA
1034425	262	7A1	2.384	AATGCAA
1034532	47	7A1	1.141	AATGCAA
1034688	481	7m8	2.746	CAATGCA
1034915	154	8m	3.111	AATGCAA
1035187	27	7A1	1.022	AATGCAA
1035258	1488	7m8	1.345	CAATGCA
1035423	109	7m8	1.450	CAATGCA
1035434	329	7m8	2.178	CAATGCA
1035518	18	7A1	1.505	AATGCAA
1035548	105	7A1	2.448	AATGCAA
1035800	1247	7A1	1.777	AATGCAA
1035965	73	7A1	1.343	AATGCAA
1036125	486	7A1	1.340	AATGCAA
1036157	157	7A1	1.593	AATGCAA
1036743	245	7m8	1.607	CAATGCA
1037206	12	7A1	1.364	AATGCAA
1037416	50	7m8	3.193	CAATGCA
1037657	290	7m8	1.243	CAATGCA
1037703	206	7A1	1.515	AATGCAA
1037747	531	7A1	4.171	AATGCAA
1038526	342	7A1	1.687	AATGCAA
1038542	358	8m	1.463	AATGCAA
1038852	107	8m	2.504	CAATGCA
1038881	24	7A1	1.182	AATGCAA
1038899	689	7A1	2.237	AATGCAA
1038932	737	7A1	1.499	AATGCAA
1039252	232	7A1	1.715	AATGCAA
1039273	311	8m	2.942	AATGCAA
1039332	0	7A1	2.980	AATGCAA
1039649	728	7m8	1.110	CAATGCA
1039903	175	7A1	2.184	AATGCAA
1039913	1138	7A1	1.450	AATGCAA
1039952	1410	7A1	1.254	AATGCAA
1039976	767	7A1	3.507	AATGCAA
1040118	236	7m8	2.620	CAATGCA
1040121	447	7A1	1.992	AATGCAA
1040121	729	7A1	3.853	AATGCAA
1040199	274	7A1	2.278	AATGCAA
1040216	310	7A1	1.107	AATGCAA
1040300	715	7A1	2.206	AATGCAA
1040306	307	7A1	1.046	AATGCAA
1040354	732	7A1	1.423	AATGCAA
1040369	1326	7A1	1.043	AATGCAA
1040525	351	7A1	2.212	AATGCAA
1040530	176	7m8	1.375	CAATGCA
1040536	486	7A1	1.340	AATGCAA
1040592	236	8m	1.730	CAATGCA
1040592	758	8m	1.259	AATGCAA
