1000388	218	8m	1.935	TTGCTCA
1000409	348	7A1	2.037	TGCTCAA
1000445	278	7A1	2.469	TGCTCAA
1000566	216	7A1	1.048	TGCTCAA
1000638	57	8m	1.914	TTGCTCA
1000781	194	7A1	1.818	TGCTCAA
1001184	177	7A1	1.809	TGCTCAA
1001517	982	7m8	1.038	TTGCTCA
1001751	318	7A1	3.162	TGCTCAA
1002386	79	7m8	1.602	TTGCTCA
1004678	1453	7A1	2.031	TGCTCAA
1005713	478	8m	1.068	TTGCTCA
1006701	238	7A1	1.690	TGCTCAA
1006701	721	8m	2.150	TGCTCAA
1006710	549	7m8	1.913	TTGCTCA
1007995	210	8m	1.596	TGCTCAA
1008099	292	7A1	1.049	TGCTCAA
1008111	247	7A1	2.114	TGCTCAA
1008138	661	7A1	1.607	TGCTCAA
1009324	152	7m8	1.722	TTGCTCA
1009324	373	8m	1.652	TTGCTCA
1009345	33	7A1	2.219	TGCTCAA
1009649	19	7m8	1.108	TTGCTCA
1009715	20	7A1	1.554	TGCTCAA
1009917	635	7A1	1.336	TGCTCAA
1011701	137	7m8	1.684	TTGCTCA
1012611	743	7m8	2.245	TTGCTCA
1012960	63	8m	1.568	TGCTCAA
1013527	193	8m	1.577	TTGCTCA
1013787	204	7A1	1.816	TGCTCAA
1014643	12	7A1	1.275	TGCTCAA
1014646	12	7A1	1.275	TGCTCAA
1015261	289	7A1	1.143	TGCTCAA
1015373	196	7m8	2.213	TTGCTCA
1015705	99	8m	1.178	TTGCTCA
1015786	247	7A1	2.560	TGCTCAA
1016031	925	7A1	1.405	TGCTCAA
1016031	1330	7A1	4.415	TGCTCAA
1016286	5	7m8	1.068	TTGCTCA
1016638	164	7A1	1.431	TGCTCAA
1016650	362	7A1	1.054	TGCTCAA
1016796	270	7A1	1.718	TGCTCAA
1017252	77	7A1	1.701	TGCTCAA
1018274	1199	7m8	1.768	TTGCTCA
1018548	217	7m8	1.402	TTGCTCA
1018885	7	7m8	1.833	TTGCTCA
1019143	0	7m8	2.250	TTGCTCA
1019239	411	7m8	1.358	TTGCTCA
1019883	2	7m8	1.128	TTGCTCA
1020118	56	8m	1.958	TTGCTCA
1020118	106	8m	1.722	TGCTCAA
1020323	154	8m	2.552	TGCTCAA
1021634	198	7A1	1.433	TGCTCAA
1022064	41	7m8	1.385	TTGCTCA
1022189	4	7m8	1.895	TTGCTCA
1022194	2635	7m8	1.554	TTGCTCA
1022352	945	7m8	1.021	TTGCTCA
1022844	139	7A1	2.726	TGCTCAA
1022861	498	7A1	1.238	TGCTCAA
1022879	94	8m	1.211	TTGCTCA
1023597	420	8m	3.200	TTGCTCA
1023772	437	7m8	1.474	TTGCTCA
1023979	17	7m8	1.766	TTGCTCA
1024636	1096	7m8	1.443	TTGCTCA
1024640	193	7m8	2.697	TTGCTCA
1024660	409	7m8	1.914	TTGCTCA
1024724	6	7m8	3.218	TTGCTCA
1024724	122	7m8	3.638	TTGCTCA
1025107	58	7A1	2.302	TGCTCAA
1025260	190	8m	3.171	TTGCTCA
1025311	39	7A1	2.746	TGCTCAA
1025469	763	8m	2.179	TTGCTCA
1029286	595	7A1	2.629	TGCTCAA
1029655	365	7m8	1.991	TTGCTCA
1029980	536	8m	1.852	TTGCTCA
1030103	204	7A1	1.137	TGCTCAA
1031360	1055	7m8	2.581	TTGCTCA
1031458	36	7m8	1.531	TTGCTCA
1031674	2	7m8	1.178	TTGCTCA
1031812	802	7A1	2.188	TGCTCAA
1032384	362	8m	2.617	TTGCTCA
1032468	40	7A1	2.822	TGCTCAA
1032469	712	8m	2.369	TTGCTCA
1032561	5	7m8	1.047	TTGCTCA
1032781	544	7A1	2.791	TGCTCAA
1032841	251	7A1	2.609	TGCTCAA
1033169	3030	7A1	1.766	TGCTCAA
1033411	323	7A1	1.402	TGCTCAA
1033762	1695	7A1	2.376	TGCTCAA
1033765	1695	7A1	2.376	TGCTCAA
1033768	1695	7A1	2.376	TGCTCAA
1033938	1695	7A1	2.376	TGCTCAA
1033941	1695	7A1	2.376	TGCTCAA
1033947	614	7A1	1.043	TGCTCAA
1034257	2719	7m8	2.289	TTGCTCA
1034466	329	7A1	1.370	TGCTCAA
1035258	697	7A1	1.361	TGCTCAA
1035258	2026	7A1	1.494	TGCTCAA
1035258	2107	7A1	1.281	TGCTCAA
1035591	295	7m8	1.024	TTGCTCA
1035833	221	8m	2.278	TTGCTCA
1035877	42	7m8	1.701	TTGCTCA
1036125	520	8m	1.177	TTGCTCA
1038899	780	8m	1.212	TGCTCAA
1039280	66	7m8	1.358	TTGCTCA
1039468	861	7A1	1.861	TGCTCAA
1040354	362	7A1	1.359	TGCTCAA
1040536	520	8m	1.177	TTGCTCA
