1000044	583	8m	2.451	AGGTGAA
1000080	74	7A1	1.600	GGTGAAA
1000128	625	7A1	2.674	GGTGAAA
1000538	197	8m	2.348	AGGTGAA
1000970	421	7m8	1.600	AGGTGAA
1001375	245	7A1	2.675	GGTGAAA
1001599	1421	7A1	1.013	GGTGAAA
1002239	274	7m8	1.311	AGGTGAA
1002258	170	7A1	2.188	GGTGAAA
1002682	218	7m8	2.349	AGGTGAA
1003075	354	7m8	1.600	AGGTGAA
1003182	167	7m8	1.329	AGGTGAA
1004106	4	8m	2.444	AGGTGAA
1004106	85	8m	2.572	GGTGAAA
1004227	19	7m8	1.080	AGGTGAA
1004253	619	8m	3.296	AGGTGAA
1004720	385	7A1	1.554	GGTGAAA
1004748	744	8m	1.178	AGGTGAA
1005280	292	7A1	1.681	GGTGAAA
1005710	493	7m8	2.790	AGGTGAA
1006585	962	7m8	2.311	AGGTGAA
1006835	74	7A1	1.600	GGTGAAA
1007079	132	7A1	1.015	GGTGAAA
1007221	196	7A1	1.469	GGTGAAA
1007549	82	7A1	1.309	GGTGAAA
1007582	496	7A1	2.782	GGTGAAA
1008106	1023	7A1	2.824	GGTGAAA
1008277	60	7m8	1.896	AGGTGAA
1008447	225	7m8	2.106	AGGTGAA
1008456	929	7m8	1.949	AGGTGAA
1008600	683	7A1	1.368	GGTGAAA
1008758	247	7A1	1.064	GGTGAAA
1008879	18	7A1	1.406	GGTGAAA
1008968	280	8m	1.754	GGTGAAA
1008977	220	7A1	1.646	GGTGAAA
1009129	189	7m8	2.399	AGGTGAA
1009234	199	7m8	1.900	AGGTGAA
1009446	46	7A1	1.922	GGTGAAA
1010361	106	8m	1.110	AGGTGAA
1010663	161	8m	1.141	AGGTGAA
1010806	15	7m8	1.196	AGGTGAA
1011700	36	7A1	2.188	GGTGAAA
1011781	223	7m8	2.257	AGGTGAA
1012691	195	7A1	1.268	GGTGAAA
1012737	316	7m8	2.782	AGGTGAA
1013359	30	8m	1.961	AGGTGAA
1013359	208	8m	1.309	AGGTGAA
1013645	460	7m8	2.753	AGGTGAA
1014322	290	7A1	2.157	GGTGAAA
1014354	718	7m8	1.085	AGGTGAA
1014700	282	7m8	1.354	AGGTGAA
1014984	93	7A1	1.008	GGTGAAA
1015082	476	7A1	2.504	GGTGAAA
1015097	253	7A1	2.205	GGTGAAA
1015469	466	7A1	1.705	GGTGAAA
1015763	30	8m	1.148	AGGTGAA
1016031	761	7m8	1.577	AGGTGAA
1016031	1022	7m8	3.209	AGGTGAA
1016289	755	7m8	2.807	AGGTGAA
1016395	445	7m8	2.751	AGGTGAA
1016467	56	7m8	3.467	AGGTGAA
1016559	124	7m8	1.196	AGGTGAA
1017034	188	7A1	1.185	GGTGAAA
1017338	1316	7m8	2.295	AGGTGAA
1017803	235	8m	1.474	AGGTGAA
1018035	239	8m	3.891	AGGTGAA
1018923	24	7m8	3.068	AGGTGAA
1019035	236	7m8	2.753	AGGTGAA
1019537	395	7A1	1.836	GGTGAAA
1020919	76	7A1	1.143	GGTGAAA
1021110	34	8m	1.115	AGGTGAA
1021345	508	7A1	1.162	GGTGAAA
1021372	128	7A1	1.925	GGTGAAA
1022104	553	7m8	1.238	AGGTGAA
1022287	25	7A1	3.051	GGTGAAA
1023125	76	7A1	1.704	GGTGAAA
1023143	176	7A1	1.439	GGTGAAA
1023372	79	7m8	1.281	AGGTGAA
1023539	71	7A1	1.702	GGTGAAA
1023714	32	7A1	1.837	GGTGAAA
1023759	22	7A1	2.574	GGTGAAA
1023786	697	7A1	1.028	GGTGAAA
1023925	1262	7A1	1.722	GGTGAAA
1024450	562	7m8	1.092	AGGTGAA
1024483	122	7A1	1.567	GGTGAAA
1024561	578	7m8	4.270	AGGTGAA
1024805	599	8m	2.606	AGGTGAA
1025286	218	7A1	2.618	GGTGAAA
1025295	315	8m	2.219	AGGTGAA
1025337	48	7m8	1.705	AGGTGAA
1025425	300	8m	2.315	GGTGAAA
1025938	197	7A1	2.753	GGTGAAA
1026164	45	7A1	3.195	GGTGAAA
1026684	389	7m8	3.762	AGGTGAA
1027649	328	8m	1.009	AGGTGAA
1028009	40	7A1	1.221	GGTGAAA
1028227	3	7A1	1.131	GGTGAAA
1028467	143	7A1	1.323	GGTGAAA
1028577	168	8m	1.300	AGGTGAA
1029655	349	7A1	1.949	GGTGAAA
1029785	93	7A1	1.226	GGTGAAA
1029980	136	7A1	1.841	GGTGAAA
1030006	81	8m	1.163	GGTGAAA
1030371	70	7A1	1.961	GGTGAAA
1030379	93	7A1	2.275	GGTGAAA
1030397	53	7A1	1.536	GGTGAAA
1030480	277	7A1	1.098	GGTGAAA
1030668	226	7A1	1.643	GGTGAAA
1030816	194	7m8	1.405	AGGTGAA
1031565	412	7m8	1.221	AGGTGAA
1031889	54	8m	2.488	GGTGAAA
1032496	799	7m8	1.011	AGGTGAA
1033043	412	7m8	1.221	AGGTGAA
1033295	618	7A1	1.340	GGTGAAA
1033353	196	8m	1.701	AGGTGAA
1034257	520	7A1	1.172	GGTGAAA
1034257	2289	7A1	3.038	GGTGAAA
1034257	4810	7A1	1.599	GGTGAAA
1034538	229	8m	2.089	GGTGAAA
1036125	129	8m	1.031	AGGTGAA
1036269	25	7m8	1.974	AGGTGAA
1036664	819	7A1	2.459	GGTGAAA
1036688	293	7A1	3.170	GGTGAAA
1037303	310	7A1	1.429	GGTGAAA
1037696	53	7A1	2.722	GGTGAAA
1037925	448	7A1	1.687	GGTGAAA
1038019	298	7A1	1.853	GGTGAAA
1038216	415	7A1	1.193	GGTGAAA
1038863	43	8m	2.134	AGGTGAA
1038881	75	7m8	1.106	AGGTGAA
1040042	312	7m8	1.514	AGGTGAA
1040130	626	7A1	1.166	GGTGAAA
1040536	129	8m	1.031	AGGTGAA
1040625	403	7m8	1.480	AGGTGAA
