1000080	692	7A1	1.576	TTCTAAA
1000347	211	7A1	2.135	TTCTAAA
1000544	131	7A1	2.312	TTCTAAA
1001167	437	7A1	1.122	TTCTAAA
1001303	33	7A1	1.111	TTCTAAA
1002430	221	7A1	1.162	TTCTAAA
1002866	50	8m	1.019	ATTCTAA
1003041	644	8m	2.479	ATTCTAA
1003065	27	7A1	1.570	TTCTAAA
1003083	647	8m	2.369	TTCTAAA
1003227	27	7A1	1.628	TTCTAAA
1003746	21	8m	1.156	TTCTAAA
1004290	380	8m	1.541	TTCTAAA
1005356	1283	8m	1.254	ATTCTAA
1005440	23	7A1	2.098	TTCTAAA
1005440	35	7A1	1.638	TTCTAAA
1005725	83	8m	1.539	TTCTAAA
1006737	151	7A1	1.071	TTCTAAA
1007708	63	7A1	2.042	TTCTAAA
1008069	386	7A1	3.525	TTCTAAA
1008133	363	7A1	1.249	TTCTAAA
1008153	71	7A1	2.086	TTCTAAA
1008776	16	7m8	3.272	ATTCTAA
1009141	30	7A1	1.958	TTCTAAA
1009682	421	8m	1.864	ATTCTAA
1010976	862	7A1	2.157	TTCTAAA
1012003	234	7A1	1.640	TTCTAAA
1012587	772	7A1	1.671	TTCTAAA
1013774	802	7m8	1.439	ATTCTAA
1014893	1673	8m	2.812	ATTCTAA
1015083	357	8m	2.224	TTCTAAA
1015339	32	7A1	1.313	TTCTAAA
1015403	183	7m8	1.268	ATTCTAA
1015578	58	7m8	2.188	ATTCTAA
1015846	390	7A1	2.496	TTCTAAA
1016289	681	7A1	2.494	TTCTAAA
1016473	66	7m8	2.381	ATTCTAA
1016607	371	7m8	1.591	ATTCTAA
1016790	85	7A1	2.085	TTCTAAA
1016854	54	7A1	1.400	TTCTAAA
1018011	165	7A1	1.295	TTCTAAA
1018805	251	7A1	2.716	TTCTAAA
1020655	1	8m	2.524	ATTCTAA
1021172	41	8m	1.659	ATTCTAA
1021472	6	7m8	2.318	ATTCTAA
1021499	54	7A1	1.371	TTCTAAA
1022955	114	7m8	1.600	ATTCTAA
1023042	70	7A1	1.749	TTCTAAA
1023294	446	7A1	2.994	TTCTAAA
1023596	364	7m8	1.927	ATTCTAA
1023620	359	7A1	1.978	TTCTAAA
1023663	541	7m8	1.368	ATTCTAA
1023679	372	7A1	1.913	TTCTAAA
1024909	189	7A1	1.706	TTCTAAA
1025805	116	7m8	1.520	ATTCTAA
1026086	120	7m8	1.252	ATTCTAA
1026319	59	7m8	1.422	ATTCTAA
1027799	169	7m8	1.143	ATTCTAA
1028704	22	7A1	1.138	TTCTAAA
1028782	211	7A1	2.914	TTCTAAA
1029191	176	7A1	1.547	TTCTAAA
1029454	489	7A1	1.564	TTCTAAA
1029719	117	7m8	2.104	ATTCTAA
1032220	108	8m	1.261	ATTCTAA
1032882	716	7A1	1.471	TTCTAAA
1034175	585	7A1	1.250	TTCTAAA
1034187	479	7m8	1.965	ATTCTAA
1034320	51	7m8	1.177	ATTCTAA
1035130	252	7m8	2.029	ATTCTAA
1037288	236	8m	2.217	ATTCTAA
1037980	287	7m8	4.151	ATTCTAA
1038607	454	7A1	1.728	TTCTAAA
1038932	577	7A1	3.143	TTCTAAA
1039419	201	7m8	1.555	ATTCTAA
1039795	245	7m8	1.065	ATTCTAA
1040300	1048	8m	2.231	ATTCTAA
