1000012	869	7A1	1.903	GGACCAA
1000898	218	7A1	1.225	GGACCAA
1001535	44	7A1	3.134	GGACCAA
1001951	386	7A1	1.074	GGACCAA
1003075	619	7A1	1.146	GGACCAA
1004840	159	8m	2.058	GGACCAA
1004964	294	7A1	1.196	GGACCAA
1008807	73	7m8	1.064	GGGACCA
1010153	487	7A1	1.369	GGACCAA
1011325	301	7A1	1.081	GGACCAA
1012089	293	7A1	2.611	GGACCAA
1013175	201	7m8	2.295	GGGACCA
1013769	2219	7A1	1.228	GGACCAA
1016311	75	7A1	1.178	GGACCAA
1016653	74	7A1	1.406	GGACCAA
1017284	386	7A1	1.506	GGACCAA
1018528	51	7A1	2.213	GGACCAA
1019719	239	7A1	1.058	GGACCAA
1020176	131	7A1	1.729	GGACCAA
1021816	240	7A1	2.601	GGACCAA
1023297	127	8m	1.188	GGGACCA
1025386	956	7m8	1.570	GGGACCA
1027775	727	7A1	1.903	GGACCAA
1028736	744	8m	2.746	GGGACCA
1029534	341	7A1	3.009	GGACCAA
1031309	114	7A1	1.323	GGACCAA
1031462	17	7A1	2.274	GGACCAA
1031539	135	7A1	1.237	GGACCAA
1031951	27	7A1	2.274	GGACCAA
1034026	201	7m8	1.211	GGGACCA
1034634	238	7A1	1.454	GGACCAA
1034810	66	7A1	1.152	GGACCAA
1036344	487	7A1	1.166	GGACCAA
1039967	244	7A1	1.378	GGACCAA
1040235	42	8m	2.807	GGGACCA
1040441	519	8m	1.593	GGGACCA
1040592	1267	7A1	2.406	GGACCAA
