1000509	454	7m8	1.195	ACTACTT
1000647	475	7A1	1.182	CTACTTA
1000709	226	7A1	1.015	CTACTTA
1001134	1248	7m8	1.498	ACTACTT
1005850	4	7m8	1.925	ACTACTT
1006743	31	7m8	1.321	ACTACTT
1007667	98	8m	2.611	CTACTTA
1009667	1343	7A1	2.345	CTACTTA
1009682	346	7A1	1.445	CTACTTA
1010240	899	8m	1.939	ACTACTT
1011584	857	8m	3.236	ACTACTT
1013924	183	7m8	2.114	ACTACTT
1015065	444	7m8	2.796	ACTACTT
1015249	966	8m	1.463	CTACTTA
1015904	1116	7m8	1.474	ACTACTT
1016181	618	7m8	1.782	ACTACTT
1019407	401	7m8	1.731	ACTACTT
1019637	21	7m8	1.357	ACTACTT
1021908	368	7A1	2.218	CTACTTA
1023596	741	8m	1.201	ACTACTT
1025805	20	7A1	2.273	CTACTTA
1030178	1	7m8	2.472	ACTACTT
1030529	51	7m8	1.403	ACTACTT
1032970	1364	7A1	1.844	CTACTTA
1034425	607	7A1	2.149	CTACTTA
1036402	571	7m8	1.395	ACTACTT
1038815	1054	7m8	2.282	ACTACTT
