1000608	428	7m8	1.234	CACTGCC
1000989	129	7m8	1.168	CACTGCC
1001134	599	7A1	3.968	ACTGCCA
1001599	1033	8m	2.782	CACTGCC
1001631	115	7A1	1.268	ACTGCCA
1001946	135	8m	2.305	CACTGCC
1002134	67	7m8	1.680	CACTGCC
1002482	169	7A1	2.181	ACTGCCA
1003540	62	8m	1.554	CACTGCC
1003669	420	7m8	1.172	CACTGCC
1003981	16	7A1	1.022	ACTGCCA
1004125	202	8m	2.556	CACTGCC
1004404	173	8m	1.160	ACTGCCA
1005656	-1	7A1	1.754	ACTGCCA
1006717	571	8m	1.936	CACTGCC
1006901	587	7m8	1.223	CACTGCC
1007002	474	7A1	2.765	ACTGCCA
1007044	366	7A1	2.081	ACTGCCA
1007209	269	7m8	1.196	CACTGCC
1007905	977	7A1	1.895	ACTGCCA
1008223	561	8m	2.679	CACTGCC
1008289	1293	8m	2.105	CACTGCC
1008408	941	8m	1.895	ACTGCCA
1008463	673	7m8	1.895	CACTGCC
1008785	287	8m	2.824	CACTGCC
1008825	451	8m	1.116	CACTGCC
1009702	180	7A1	1.764	ACTGCCA
1009872	117	7A1	1.779	ACTGCCA
1010019	28	7A1	1.098	ACTGCCA
1010495	138	7m8	2.657	CACTGCC
1012089	244	7A1	2.611	ACTGCCA
1012290	53	7A1	2.107	ACTGCCA
1012742	323	8m	2.381	CACTGCC
1013013	82	8m	1.727	ACTGCCA
1013071	537	7A1	1.264	ACTGCCA
1013091	589	8m	2.076	ACTGCCA
1013575	304	7A1	1.166	ACTGCCA
1014365	71	8m	1.020	CACTGCC
1014550	45	7m8	1.600	CACTGCC
1015442	632	7m8	1.949	CACTGCC
1015825	1034	8m	1.281	CACTGCC
1015889	468	8m	3.653	CACTGCC
1016218	433	7A1	2.536	ACTGCCA
1016416	574	8m	2.131	ACTGCCA
1016601	501	7A1	1.554	ACTGCCA
1017021	117	8m	2.424	CACTGCC
1017285	310	8m	1.198	CACTGCC
1017285	322	8m	2.540	CACTGCC
1017377	706	8m	1.895	CACTGCC
1017650	22	7A1	1.848	ACTGCCA
1019123	196	7A1	2.229	ACTGCCA
1019161	565	7A1	1.311	ACTGCCA
1019221	326	7m8	1.311	CACTGCC
1019655	308	7A1	1.854	ACTGCCA
1019666	41	7m8	1.004	CACTGCC
1020329	101	7A1	1.062	ACTGCCA
1020634	739	8m	2.675	CACTGCC
1020640	123	8m	1.032	CACTGCC
1020784	554	8m	1.173	CACTGCC
1021410	1570	7A1	2.170	ACTGCCA
1022352	256	7m8	1.818	CACTGCC
1023835	112	8m	1.591	ACTGCCA
1023899	487	7m8	1.268	CACTGCC
1024046	84	7A1	2.373	ACTGCCA
1024135	123	7A1	1.474	ACTGCCA
1024187	248	7A1	1.431	ACTGCCA
1024463	659	7A1	2.684	ACTGCCA
1025547	1263	7A1	2.792	ACTGCCA
1026098	181	7m8	1.404	CACTGCC
1026159	165	7A1	2.366	ACTGCCA
1026159	964	8m	2.460	CACTGCC
1026213	8	7m8	1.108	CACTGCC
1026245	91	7A1	1.554	ACTGCCA
1026334	629	7A1	2.313	ACTGCCA
1026968	28	8m	1.268	CACTGCC
1027695	116	8m	1.600	CACTGCC
1028194	333	7A1	2.249	ACTGCCA
1028265	234	7A1	1.463	ACTGCCA
1028428	371	7m8	2.417	CACTGCC
1029390	38	7A1	1.268	ACTGCCA
1029683	574	8m	3.341	CACTGCC
1029694	1094	7A1	1.065	ACTGCCA
1029980	506	7A1	1.134	ACTGCCA
1030905	616	7A1	1.506	ACTGCCA
1031309	304	7A1	1.468	ACTGCCA
1031429	229	7m8	1.598	CACTGCC
1031565	2351	8m	1.241	CACTGCC
1032167	1103	8m	1.554	CACTGCC
1032477	977	7A1	1.150	ACTGCCA
1032496	617	7A1	1.261	ACTGCCA
1032610	47	8m	1.160	ACTGCCA
1032661	22	7m8	1.202	CACTGCC
1033256	51	7m8	1.113	CACTGCC
1033382	185	8m	1.633	ACTGCCA
1033479	152	7A1	1.316	ACTGCCA
1033904	478	7A1	1.215	ACTGCCA
1033944	1576	7A1	1.913	ACTGCCA
1034479	20	7m8	2.813	CACTGCC
1034532	209	7A1	1.306	ACTGCCA
1034542	649	7A1	2.905	ACTGCCA
1034720	192	7m8	1.991	CACTGCC
1034997	819	7A1	3.377	ACTGCCA
1035003	560	7A1	1.147	ACTGCCA
1035371	1108	8m	1.446	CACTGCC
1036125	1628	7A1	1.227	ACTGCCA
1036352	38	7m8	1.299	CACTGCC
1036664	241	7m8	2.143	CACTGCC
1037657	14	7A1	1.768	ACTGCCA
1038276	30	8m	1.018	CACTGCC
1038614	64	8m	2.462	ACTGCCA
1038962	81	7A1	1.572	ACTGCCA
1038962	87	8m	1.572	ACTGCCA
1039541	10	7m8	1.164	CACTGCC
1039654	48	7A1	1.226	ACTGCCA
1039720	108	8m	1.178	ACTGCCA
1039720	599	8m	2.223	CACTGCC
1039720	652	8m	2.967	ACTGCCA
1039720	784	8m	1.314	CACTGCC
1039952	1127	8m	1.741	CACTGCC
1040093	177	8m	1.805	CACTGCC
1040440	330	8m	2.451	CACTGCC
