1000012	470	7m8	2.422	AACACCA
1001160	242	7m8	1.129	AACACCA
1001485	140	7m8	1.754	AACACCA
1001535	924	8m	1.829	AACACCA
1001650	153	8m	1.033	AACACCA
1001659	521	8m	2.369	AACACCA
1002406	115	8m	1.832	AACACCA
1003020	510	7A1	1.337	ACACCAA
1003020	537	7A1	1.404	ACACCAA
1003633	1114	7A1	1.091	ACACCAA
1005338	103	7A1	2.304	ACACCAA
1006627	470	8m	1.151	AACACCA
1006627	611	7m8	1.382	AACACCA
1006743	50	7A1	1.003	ACACCAA
1007049	765	7A1	1.447	ACACCAA
1007240	266	7m8	1.510	AACACCA
1007762	492	7A1	1.238	ACACCAA
1007899	1020	7A1	1.268	ACACCAA
1008147	668	8m	2.075	ACACCAA
1008147	853	7A1	1.874	ACACCAA
1008172	646	8m	1.370	AACACCA
1009367	66	7m8	1.032	AACACCA
1009597	525	7m8	1.047	AACACCA
1010231	890	8m	2.287	AACACCA
1010234	381	8m	1.390	AACACCA
1010710	76	7m8	1.201	AACACCA
1011572	135	8m	1.850	ACACCAA
1012611	886	7A1	1.339	ACACCAA
1016148	396	7A1	2.807	ACACCAA
1016322	310	7m8	1.653	AACACCA
1016395	716	7A1	1.178	ACACCAA
1016611	989	7m8	2.815	AACACCA
1016689	436	7m8	1.050	AACACCA
1016715	108	7m8	1.761	AACACCA
1016785	469	7m8	3.368	AACACCA
1017284	638	7m8	1.303	AACACCA
1017559	714	8m	2.366	ACACCAA
1018274	1337	7m8	1.160	AACACCA
1018355	128	8m	1.131	AACACCA
1019313	205	7A1	1.098	ACACCAA
1020161	771	7A1	1.189	ACACCAA
1020721	588	7m8	1.098	AACACCA
1020721	881	7A1	1.608	ACACCAA
1021415	175	7m8	1.204	AACACCA
1021548	1068	8m	1.067	AACACCA
1022840	365	7A1	1.234	ACACCAA
1023007	74	8m	1.182	AACACCA
1023007	223	8m	1.866	AACACCA
1023007	378	8m	2.348	AACACCA
1023063	297	7m8	1.381	AACACCA
1023190	1532	7m8	1.158	AACACCA
1023214	261	7m8	2.487	AACACCA
1023214	495	7m8	1.048	AACACCA
1023322	75	8m	1.046	AACACCA
1023708	1287	7m8	1.268	AACACCA
1023708	2723	8m	1.111	AACACCA
1023849	1216	8m	1.261	AACACCA
1023849	1270	8m	2.042	ACACCAA
1023849	1276	8m	2.042	ACACCAA
1023849	1330	7m8	1.428	AACACCA
1024039	1139	7m8	1.142	AACACCA
1024673	5	8m	1.098	AACACCA
1024903	300	7A1	1.433	ACACCAA
1024903	306	7m8	1.652	AACACCA
1025295	480	7A1	1.602	ACACCAA
1025320	13	8m	1.545	AACACCA
1025547	2634	7A1	2.349	ACACCAA
1028428	114	8m	1.015	AACACCA
1029088	96	7A1	1.057	ACACCAA
1029367	840	8m	1.951	ACACCAA
1029534	329	7m8	1.137	AACACCA
1030230	327	7A1	1.888	ACACCAA
1031296	152	7m8	1.269	AACACCA
1031748	72	7m8	1.507	AACACCA
1032970	1382	8m	1.198	ACACCAA
1033164	140	7A1	1.286	ACACCAA
1033360	1120	8m	1.615	AACACCA
1033569	513	7A1	1.584	ACACCAA
1033605	1388	7A1	1.196	ACACCAA
1033944	1853	7m8	1.073	AACACCA
1034232	5	7m8	3.095	AACACCA
1034233	143	7A1	1.494	ACACCAA
1034791	338	7A1	2.229	ACACCAA
1035039	1643	8m	2.171	AACACCA
1035567	381	8m	1.743	AACACCA
1036041	705	7A1	3.230	ACACCAA
1036476	9	7A1	1.500	ACACCAA
1036600	199	7m8	1.249	AACACCA
1036839	111	7A1	1.073	ACACCAA
1037213	29	7m8	1.196	AACACCA
1037723	82	8m	1.534	AACACCA
1037754	1654	7A1	1.458	ACACCAA
1037925	454	7m8	2.885	AACACCA
1038815	975	7A1	2.210	ACACCAA
1038870	211	7m8	1.009	AACACCA
1039906	794	7m8	2.967	AACACCA
1040060	287	8m	1.116	AACACCA
1040226	1032	8m	1.602	AACACCA
1040300	523	7A1	2.558	ACACCAA
1040354	834	8m	1.632	AACACCA
1040565	471	8m	1.701	AACACCA
1040565	480	7m8	1.959	AACACCA
