1000440	383	7A1	2.023	TCTTCCA
1001270	374	7A1	1.948	TCTTCCA
1002146	69	8m	1.562	GTCTTCC
1002370	1	7m8	1.856	GTCTTCC
1002697	146	8m	1.065	GTCTTCC
1002899	6	7m8	2.648	GTCTTCC
1003152	46	7m8	2.523	GTCTTCC
1007249	576	7m8	1.958	GTCTTCC
1007263	9	8m	1.715	TCTTCCA
1008193	250	7A1	1.570	TCTTCCA
1008842	68	7A1	2.326	TCTTCCA
1008884	514	7A1	1.558	TCTTCCA
1009709	167	7A1	1.766	TCTTCCA
1009762	9	8m	2.154	GTCTTCC
1011532	12	7A1	1.702	TCTTCCA
1014360	1636	7A1	1.998	TCTTCCA
1014360	2177	7A1	2.315	TCTTCCA
1016008	222	7A1	1.625	TCTTCCA
1016509	59	7A1	1.020	TCTTCCA
1016638	156	7A1	1.270	TCTTCCA
1016680	22	7A1	1.132	TCTTCCA
1016818	308	7m8	2.800	GTCTTCC
1018102	56	7m8	2.026	GTCTTCC
1018355	958	7A1	2.679	TCTTCCA
1018805	338	7m8	1.196	GTCTTCC
1020633	521	7A1	1.410	TCTTCCA
1020790	85	7A1	1.357	TCTTCCA
1021568	62	7m8	1.008	GTCTTCC
1022983	564	7m8	2.403	GTCTTCC
1025062	317	7A1	1.830	TCTTCCA
1025547	1113	7A1	2.164	TCTTCCA
1025606	1307	7A1	3.283	TCTTCCA
1025938	233	7m8	1.543	GTCTTCC
1026581	312	7m8	1.358	GTCTTCC
1026728	719	7m8	2.215	GTCTTCC
1026771	144	7m8	1.320	GTCTTCC
1027329	21	8m	1.503	GTCTTCC
1027329	46	8m	1.381	GTCTTCC
1028013	261	7m8	1.536	GTCTTCC
1033463	107	7A1	1.936	TCTTCCA
1033605	331	7m8	2.199	GTCTTCC
1033980	151	7A1	2.299	TCTTCCA
1033983	151	7A1	2.758	TCTTCCA
1035886	268	8m	1.065	TCTTCCA
1036476	73	7A1	1.197	TCTTCCA
1036785	3	7m8	1.554	GTCTTCC
1037206	68	8m	2.850	GTCTTCC
1038569	107	7m8	1.514	GTCTTCC
1038572	107	7m8	1.031	GTCTTCC
1040018	445	7A1	3.000	TCTTCCA
1040587	207	7m8	1.538	GTCTTCC
