1000404	861	7A1	1.268	TACTTAA
1000496	607	7A1	1.560	TACTTAA
1000539	87	7A1	2.166	TACTTAA
1000647	476	7m8	1.182	CTACTTA
1000709	227	7m8	1.015	CTACTTA
1001134	1046	7A1	2.152	TACTTAA
1001134	1076	7A1	2.097	TACTTAA
1001246	546	7A1	2.833	TACTTAA
1001523	121	7A1	1.706	TACTTAA
1003300	127	7A1	1.109	TACTTAA
1003707	247	7A1	2.986	TACTTAA
1007603	208	7A1	2.630	TACTTAA
1007606	163	7A1	1.594	TACTTAA
1007667	99	8m	2.611	CTACTTA
1007819	82	7A1	1.743	TACTTAA
1008399	91	7A1	3.008	TACTTAA
1008717	123	7A1	1.719	TACTTAA
1009667	1344	8m	2.345	CTACTTA
1009682	347	8m	1.445	CTACTTA
1009832	673	7A1	2.971	TACTTAA
1009936	86	7A1	1.162	TACTTAA
1010213	74	7A1	1.562	TACTTAA
1010240	900	7m8	1.939	CTACTTA
1011584	858	7m8	3.236	CTACTTA
1012415	3	7A1	1.850	TACTTAA
1012627	118	7A1	1.019	TACTTAA
1013646	102	7A1	3.524	TACTTAA
1013646	198	7A1	2.089	TACTTAA
1014471	706	7A1	1.391	TACTTAA
1014726	36	7A1	2.856	TACTTAA
1015249	967	8m	1.463	CTACTTA
1015639	12	7A1	3.155	TACTTAA
1016013	74	7A1	1.783	TACTTAA
1017737	273	7A1	2.022	TACTTAA
1018246	93	7A1	1.852	TACTTAA
1019162	323	7A1	1.059	TACTTAA
1021908	369	7m8	2.218	CTACTTA
1022287	297	7A1	1.474	TACTTAA
1023596	742	7m8	1.201	CTACTTA
1024226	1174	7A1	2.144	TACTTAA
1024808	360	7A1	2.189	TACTTAA
1025386	435	7A1	2.807	TACTTAA
1025805	21	7m8	2.273	CTACTTA
1026655	161	7A1	2.724	TACTTAA
1027574	323	7A1	2.698	TACTTAA
1028737	59	7A1	3.376	TACTTAA
1029868	20	7A1	2.777	TACTTAA
1030383	77	7A1	1.215	TACTTAA
1032605	809	7A1	1.560	TACTTAA
1032629	531	7A1	2.320	TACTTAA
1032970	1365	8m	1.844	CTACTTA
1032970	1547	7A1	2.424	TACTTAA
1033320	444	7A1	2.771	TACTTAA
1034425	608	8m	2.384	TACTTAA
1034616	73	7A1	1.531	TACTTAA
1035371	1003	7A1	3.004	TACTTAA
1036477	239	7A1	1.079	TACTTAA
1037387	44	7A1	1.108	TACTTAA
1037994	67	7A1	3.064	TACTTAA
1038275	93	7A1	2.715	TACTTAA
1040497	260	7A1	1.313	TACTTAA
