1000023	1034	7A1	1.554	TTCCTTA
1000243	17	7A1	2.272	TTCCTTA
1002114	8	7m8	1.218	GTTCCTT
1002701	188	7A1	1.107	TTCCTTA
1003497	538	7m8	1.945	GTTCCTT
1004298	362	8m	1.166	GTTCCTT
1005647	466	7A1	1.554	TTCCTTA
1007276	16	7A1	2.699	TTCCTTA
1007479	978	7m8	2.549	GTTCCTT
1007849	87	7m8	1.399	GTTCCTT
1011328	382	7m8	1.261	GTTCCTT
1011463	69	7A1	1.293	TTCCTTA
1015071	1171	8m	2.679	GTTCCTT
1016079	585	8m	3.042	GTTCCTT
1016457	230	7m8	2.388	GTTCCTT
1018483	83	7A1	1.536	TTCCTTA
1020031	374	8m	1.467	GTTCCTT
1020031	455	7m8	2.520	GTTCCTT
1021987	44	7A1	1.116	TTCCTTA
1022478	7	7m8	2.807	GTTCCTT
1023007	1823	7m8	1.004	GTTCCTT
1024387	440	7m8	1.371	GTTCCTT
1025728	31	8m	1.394	GTTCCTT
1025805	202	7m8	1.320	GTTCCTT
1028366	92	7A1	1.828	TTCCTTA
1028796	10	7m8	1.073	GTTCCTT
1032447	306	7A1	1.013	TTCCTTA
1033149	54	7m8	1.469	GTTCCTT
1035067	289	8m	1.098	GTTCCTT
1035713	431	7m8	3.328	GTTCCTT
1036181	64	7A1	1.763	TTCCTTA
1037152	407	7m8	1.109	GTTCCTT
1039238	1089	8m	3.592	GTTCCTT
1039472	131	7m8	1.460	GTTCCTT
1039541	56	7A1	2.041	TTCCTTA
1039649	670	7A1	1.176	TTCCTTA
1039899	188	7m8	1.002	GTTCCTT
1039913	596	7m8	1.581	GTTCCTT
1040405	262	8m	1.212	GTTCCTT
