1000404	861	7A1	1.268	TACTTAA
1000496	607	7A1	1.560	TACTTAA
1000539	87	7A1	2.166	TACTTAA
1000607	1023	7m8	3.205	GTACTTA
1000931	95	8m	1.525	GTACTTA
1001134	1046	8m	2.271	GTACTTA
1001134	1076	7A1	2.097	TACTTAA
1001246	546	8m	2.833	GTACTTA
1001303	188	7m8	1.895	GTACTTA
1001523	121	7A1	1.706	TACTTAA
1003300	127	8m	1.389	GTACTTA
1003707	247	7A1	2.986	TACTTAA
1007603	208	8m	2.807	GTACTTA
1007606	163	7A1	1.594	TACTTAA
1007667	99	7A1	2.611	TACTTAA
1007819	82	8m	1.743	GTACTTA
1008399	91	8m	3.008	GTACTTA
1008717	123	8m	1.719	GTACTTA
1009667	985	7m8	3.043	GTACTTA
1009667	1344	7A1	2.345	TACTTAA
1009832	673	7A1	2.971	TACTTAA
1009936	86	7A1	1.162	TACTTAA
1010213	74	7A1	1.562	TACTTAA
1010976	618	7m8	1.494	GTACTTA
1011701	61	7m8	1.845	GTACTTA
1012415	3	8m	1.895	GTACTTA
1012627	118	7A1	1.019	TACTTAA
1013646	102	8m	3.524	GTACTTA
1013646	198	8m	2.170	GTACTTA
1014429	924	7m8	1.722	GTACTTA
1014471	706	7A1	1.391	TACTTAA
1014726	36	7A1	2.856	TACTTAA
1015249	967	7A1	1.463	TACTTAA
1015639	12	8m	3.155	GTACTTA
1016013	74	7A1	1.783	TACTTAA
1017338	1628	7m8	1.188	GTACTTA
1017737	273	7A1	2.022	TACTTAA
1017788	363	7m8	1.309	GTACTTA
1018246	93	8m	1.852	TACTTAA
1019162	323	7A1	1.059	TACTTAA
1020295	239	7m8	1.325	GTACTTA
1022287	297	7A1	1.474	TACTTAA
1024226	1174	7A1	2.144	TACTTAA
1024808	360	7A1	2.189	TACTTAA
1025386	435	7A1	2.807	TACTTAA
1026655	161	8m	2.724	TACTTAA
1027574	323	7A1	2.698	TACTTAA
1028574	88	7m8	1.690	GTACTTA
1028737	59	7A1	3.376	TACTTAA
1029868	20	7A1	2.777	TACTTAA
1029953	130	7m8	1.410	GTACTTA
1030383	77	7A1	1.215	TACTTAA
1032605	809	7A1	1.560	TACTTAA
1032629	531	7A1	2.320	TACTTAA
1032970	1365	7A1	1.844	TACTTAA
1032970	1547	8m	2.424	GTACTTA
1033320	444	7A1	2.771	TACTTAA
1034425	608	7A1	2.384	TACTTAA
1034616	73	8m	1.531	GTACTTA
1034833	420	7m8	1.019	GTACTTA
1035371	1003	8m	3.004	GTACTTA
1035912	40	7m8	1.043	GTACTTA
1036477	239	8m	1.079	GTACTTA
1037387	44	7A1	1.108	TACTTAA
1037994	67	7A1	3.064	TACTTAA
1038275	93	8m	2.715	TACTTAA
1039916	1051	7m8	2.910	GTACTTA
1040072	23	7m8	1.304	GTACTTA
1040497	260	7A1	1.313	TACTTAA
