1000044	789	7m8	1.474	ACAACGA
1000207	345	7A1	1.467	CAACGAA
1000323	204	7A1	1.111	CAACGAA
1000470	515	7m8	2.105	ACAACGA
1000470	687	8m	1.054	CAACGAA
1000544	166	7A1	2.570	CAACGAA
1000566	254	7A1	1.246	CAACGAA
1000632	95	7m8	1.838	ACAACGA
1000844	430	7m8	1.040	ACAACGA
1001081	377	8m	3.003	CAACGAA
1001114	262	7A1	2.807	CAACGAA
1001134	878	8m	1.178	CAACGAA
1001370	582	8m	2.770	CAACGAA
1001517	19	7A1	1.873	CAACGAA
1001535	887	7m8	3.170	ACAACGA
1003074	209	7A1	1.088	CAACGAA
1003120	649	7m8	1.829	ACAACGA
1003633	342	7m8	2.782	ACAACGA
1003642	185	7A1	1.970	CAACGAA
1003642	956	8m	1.237	CAACGAA
1003677	271	7A1	1.656	CAACGAA
1003689	111	7A1	2.248	CAACGAA
1004284	556	7m8	1.304	ACAACGA
1004621	431	7A1	2.244	CAACGAA
1004739	311	7A1	1.157	CAACGAA
1005051	320	7A1	1.858	CAACGAA
1005051	648	8m	1.252	ACAACGA
1005347	779	8m	1.479	ACAACGA
1005356	2255	7m8	2.603	ACAACGA
1005544	316	7A1	3.530	CAACGAA
1005939	348	7m8	1.286	ACAACGA
1006627	819	7A1	1.033	CAACGAA
1006788	507	7A1	1.600	CAACGAA
1007029	48	8m	2.437	ACAACGA
1007124	48	8m	1.178	ACAACGA
1007482	573	8m	1.922	ACAACGA
1007500	386	8m	1.956	ACAACGA
1007523	298	7A1	2.229	CAACGAA
1007603	200	7A1	2.326	CAACGAA
1007609	653	7m8	3.228	ACAACGA
1007612	653	7m8	3.228	ACAACGA
1007640	69	7A1	1.525	CAACGAA
1007786	379	8m	2.704	ACAACGA
1008147	433	7m8	1.196	ACAACGA
1008168	29	7m8	1.245	ACAACGA
1008177	195	8m	1.027	ACAACGA
1008193	457	7m8	2.472	ACAACGA
1008202	765	7m8	1.299	ACAACGA
1008214	32	8m	1.981	ACAACGA
1008298	338	7A1	2.807	CAACGAA
1009099	663	7A1	2.461	CAACGAA
1009318	197	7A1	2.709	CAACGAA
1009387	1064	8m	1.030	ACAACGA
1009446	671	7A1	1.974	CAACGAA
1009466	151	7m8	1.777	ACAACGA
1009640	170	8m	1.431	ACAACGA
1009765	28	7A1	1.233	CAACGAA
1009972	13	8m	1.775	CAACGAA
1010231	296	7m8	1.133	ACAACGA
1010338	152	7A1	1.107	CAACGAA
1010463	191	8m	1.136	ACAACGA
1010676	143	7m8	1.754	ACAACGA
1011045	163	7A1	2.068	CAACGAA
1011105	262	7A1	1.567	CAACGAA
1011485	152	8m	1.854	ACAACGA
1011767	489	8m	1.357	ACAACGA
1011800	777	8m	1.251	ACAACGA
1012319	67	7m8	1.039	ACAACGA
1012873	516	7m8	1.189	ACAACGA
1013037	228	7A1	1.787	CAACGAA
1013225	89	7A1	1.600	CAACGAA
1013575	1213	7A1	1.182	CAACGAA
1013864	449	7A1	1.268	CAACGAA
1013864	480	8m	1.853	CAACGAA
1014112	430	7m8	1.052	ACAACGA
1014112	436	8m	3.027	CAACGAA
1014115	281	7A1	1.507	CAACGAA
1014420	1143	7A1	1.506	CAACGAA
1014462	29	7m8	2.083	ACAACGA
1014462	1537	8m	2.328	CAACGAA
1014482	151	7m8	1.777	ACAACGA
1014590	110	7A1	1.958	CAACGAA
1014746	590	7A1	3.376	CAACGAA
1015071	1203	7m8	1.799	ACAACGA
1015723	2302	8m	2.800	ACAACGA
1015927	309	8m	1.268	ACAACGA
1015954	123	7A1	2.123	CAACGAA
1015998	62	7A1	1.547	CAACGAA
1016022	197	7A1	2.709	CAACGAA
1016178	324	7A1	1.092	CAACGAA
1016202	1279	8m	1.958	ACAACGA
1016277	30	7A1	1.702	CAACGAA
1016430	1884	7m8	1.173	ACAACGA
1016451	368	7m8	1.433	ACAACGA
1016451	774	7A1	1.791	CAACGAA
1016463	111	7m8	1.917	ACAACGA
1016686	281	8m	1.319	CAACGAA
1016808	264	8m	2.784	ACAACGA
1016967	331	7m8	2.298	ACAACGA
1017185	207	8m	2.338	CAACGAA
1017284	368	7A1	2.953	CAACGAA
1017338	207	7m8	1.068	ACAACGA
1017338	968	7A1	2.166	CAACGAA
1017470	39	8m	1.651	ACAACGA
1017559	375	8m	1.231	ACAACGA
1017806	845	8m	1.847	CAACGAA
1018245	335	8m	1.912	ACAACGA
1018371	22	7A1	2.458	CAACGAA
1018463	54	7A1	1.093	CAACGAA
1018684	691	7A1	1.392	CAACGAA
1018729	134	7m8	1.958	ACAACGA
1019099	358	8m	1.953	ACAACGA
1019745	313	7m8	1.201	ACAACGA
1019978	478	8m	2.353	ACAACGA
1019978	533	7m8	2.041	ACAACGA
1020057	722	8m	1.695	ACAACGA
1020118	389	7A1	1.268	CAACGAA
1020471	123	7A1	1.089	CAACGAA
1020658	25	7m8	1.732	ACAACGA
1020785	978	8m	1.431	CAACGAA
1020785	1264	7m8	1.398	ACAACGA
1021111	32	7m8	1.166	ACAACGA
1021383	13	8m	2.549	ACAACGA
1021554	476	8m	3.155	ACAACGA
1021718	208	7A1	1.518	CAACGAA
1021727	571	7A1	2.358	CAACGAA
1022099	494	7A1	2.327	CAACGAA
1023007	1399	7m8	1.128	ACAACGA
1023063	313	7A1	2.637	CAACGAA
1023082	1058	7A1	1.394	CAACGAA
1023092	605	8m	1.186	ACAACGA
1023385	308	7A1	1.050	CAACGAA
1023570	452	7m8	1.693	ACAACGA
1023679	288	7m8	1.506	ACAACGA
1023708	2482	7m8	2.807	ACAACGA
1023726	95	7A1	1.108	CAACGAA
1023826	81	7m8	2.617	ACAACGA
1023844	572	7A1	2.644	CAACGAA
1023992	37	7m8	2.873	ACAACGA
1024226	12	8m	2.807	ACAACGA
1024226	703	8m	1.188	ACAACGA
1024231	15	8m	3.266	ACAACGA
1024430	87	7A1	1.600	CAACGAA
1025025	1159	8m	1.211	ACAACGA
1025034	248	8m	1.857	ACAACGA
1025286	885	7m8	1.333	ACAACGA
1025355	509	7A1	2.462	CAACGAA
1026159	444	7A1	2.549	CAACGAA
1026183	105	7A1	1.789	CAACGAA
1026713	199	7m8	2.422	ACAACGA
1026963	79	7A1	2.454	CAACGAA
1026963	94	7A1	2.300	CAACGAA
1027775	1698	7A1	2.726	CAACGAA
1027829	529	8m	1.600	ACAACGA
1027914	356	7A1	1.056	CAACGAA
1028061	38	7A1	2.251	CAACGAA
1028467	228	7A1	1.570	CAACGAA
1028484	348	7A1	1.352	CAACGAA
1028782	289	8m	2.914	ACAACGA
1029191	136	7A1	1.608	CAACGAA
1029454	179	7A1	1.301	CAACGAA
1029454	369	7A1	2.221	CAACGAA
1029560	186	7A1	1.518	CAACGAA
1029566	695	7A1	2.537	CAACGAA
1029566	1064	8m	1.199	CAACGAA
1029853	280	8m	1.044	CAACGAA
1029979	194	7m8	1.818	ACAACGA
1031197	721	7A1	1.854	CAACGAA
1031197	1231	7A1	3.155	CAACGAA
1031565	1587	7A1	1.068	CAACGAA
1031592	22	7A1	1.871	CAACGAA
1031995	244	7A1	2.699	CAACGAA
1032081	27	7A1	1.965	CAACGAA
1032371	597	8m	2.425	ACAACGA
1032371	1175	7A1	2.519	CAACGAA
1032730	879	8m	1.034	ACAACGA
1032804	86	8m	1.221	CAACGAA
1033049	454	7A1	1.393	CAACGAA
1033164	1236	7m8	1.536	ACAACGA
1033463	623	7m8	1.520	ACAACGA
1033605	241	8m	1.893	CAACGAA
1033879	2	7A1	2.461	CAACGAA
1033879	295	7A1	1.512	CAACGAA
1034026	402	7A1	1.357	CAACGAA
1034257	4859	7A1	1.123	CAACGAA
1034418	255	7A1	1.346	CAACGAA
1034774	70	8m	1.265	CAACGAA
1034997	728	7m8	1.527	ACAACGA
1035105	852	7m8	1.026	ACAACGA
1035254	273	7A1	1.400	CAACGAA
1035267	35	7A1	2.461	CAACGAA
1035329	156	7A1	1.462	CAACGAA
1035456	97	7A1	1.587	CAACGAA
1035756	76	7m8	1.712	ACAACGA
1035800	788	7A1	1.460	CAACGAA
1036152	556	8m	2.771	CAACGAA
1036152	565	7A1	2.771	CAACGAA
1036600	482	7m8	2.398	ACAACGA
1037018	102	7A1	3.096	CAACGAA
1037033	400	7A1	1.428	CAACGAA
1037506	216	7m8	1.435	ACAACGA
1037506	226	7m8	1.662	ACAACGA
1038090	667	7A1	1.474	CAACGAA
1038491	6	7m8	2.679	ACAACGA
1038746	327	8m	1.906	ACAACGA
1038899	373	7m8	2.415	ACAACGA
1039238	2	8m	3.196	CAACGAA
1039332	29	7A1	1.795	CAACGAA
1039443	53	7A1	1.712	CAACGAA
1039565	803	7m8	1.165	ACAACGA
1039798	259	8m	2.370	CAACGAA
1039801	29	8m	1.400	ACAACGA
1039856	785	7m8	2.098	ACAACGA
1039856	1467	7A1	1.467	CAACGAA
1039867	687	7A1	1.589	CAACGAA
1040033	660	7A1	1.320	CAACGAA
1040033	1142	7A1	1.506	CAACGAA
1040046	375	7A1	1.359	CAACGAA
1040163	968	7m8	1.700	ACAACGA
1040192	880	7m8	1.196	ACAACGA
1040204	581	7A1	2.714	CAACGAA
1040390	257	7m8	3.028	ACAACGA
1040405	500	7A1	1.215	CAACGAA
1040440	793	8m	1.107	ACAACGA
1040592	956	7A1	2.445	CAACGAA
1040656	713	7m8	2.485	ACAACGA
