1000167	62	7m8	1.116	CGAGCTT
1001200	566	8m	2.240	CGAGCTT
1001535	177	7m8	1.795	CGAGCTT
1002745	160	8m	1.474	GAGCTTA
1003260	145	7m8	2.483	CGAGCTT
1003421	9	8m	1.964	CGAGCTT
1004109	82	8m	1.024	GAGCTTA
1005350	41	7m8	1.066	CGAGCTT
1005365	11	7m8	1.622	CGAGCTT
1007479	2165	7A1	1.093	GAGCTTA
1007644	428	7A1	2.303	GAGCTTA
1008223	480	7A1	1.958	GAGCTTA
1009485	122	7A1	1.934	GAGCTTA
1009917	422	7A1	1.166	GAGCTTA
1011584	1141	7A1	2.333	GAGCTTA
1012050	888	7A1	1.762	GAGCTTA
1012742	105	7m8	1.554	CGAGCTT
1013321	890	7m8	1.400	CGAGCTT
1013501	67	7m8	1.600	CGAGCTT
1013539	500	7A1	1.864	GAGCTTA
1013774	793	8m	1.542	CGAGCTT
1015993	251	7A1	1.027	GAGCTTA
1018355	1197	7m8	2.570	CGAGCTT
1020262	50	7m8	1.226	CGAGCTT
1020836	170	7m8	1.006	CGAGCTT
1020969	56	8m	1.238	CGAGCTT
1023597	542	8m	3.376	GAGCTTA
1024724	505	7A1	1.921	GAGCTTA
1025355	492	8m	1.486	GAGCTTA
1025514	231	7m8	1.620	CGAGCTT
1027829	76	8m	1.778	CGAGCTT
1029367	503	7m8	2.222	CGAGCTT
1029367	773	7m8	1.735	CGAGCTT
1029695	19	7A1	1.731	GAGCTTA
1030344	17	7m8	1.149	CGAGCTT
1030836	61	7m8	1.883	CGAGCTT
1030884	69	7m8	1.176	CGAGCTT
1031989	10	7A1	1.506	GAGCTTA
1032297	22	8m	1.230	CGAGCTT
1032492	1229	7m8	1.058	CGAGCTT
1032496	545	8m	1.280	CGAGCTT
1032984	155	7m8	1.065	CGAGCTT
1033091	574	7m8	1.937	CGAGCTT
1035100	844	7m8	2.710	CGAGCTT
1036302	425	7m8	1.951	CGAGCTT
1036407	217	7A1	1.017	GAGCTTA
1036936	106	7A1	1.467	GAGCTTA
1037012	28	7A1	1.454	GAGCTTA
1037209	387	8m	1.524	CGAGCTT
1038350	48	7m8	1.265	CGAGCTT
1038527	690	7A1	1.861	GAGCTTA
1038688	301	7m8	1.040	CGAGCTT
1039565	115	7m8	1.394	CGAGCTT
1039947	65	7m8	2.800	CGAGCTT
1039952	1010	7m8	1.687	CGAGCTT
1040072	575	7A1	1.547	GAGCTTA
