1000044	534	7A1	1.733	CATTCCA
1000318	313	7m8	1.567	ACATTCC
1000460	461	7m8	2.292	ACATTCC
1001067	21	7A1	3.879	CATTCCA
1001370	203	7A1	1.281	CATTCCA
1002716	284	8m	1.722	CATTCCA
1003722	245	7A1	1.496	CATTCCA
1004424	5	7A1	1.047	CATTCCA
1004439	253	7m8	2.745	ACATTCC
1004919	19	7A1	1.021	CATTCCA
1005035	155	8m	2.598	CATTCCA
1006039	332	7m8	1.066	ACATTCC
1007074	50	7m8	2.191	ACATTCC
1007146	659	8m	2.324	ACATTCC
1007899	15	7m8	2.712	ACATTCC
1007998	377	7A1	3.439	CATTCCA
1008202	1053	7A1	1.496	CATTCCA
1008214	812	7A1	1.355	CATTCCA
1008321	705	7A1	1.140	CATTCCA
1008600	362	8m	1.355	ACATTCC
1009052	9	7m8	1.543	ACATTCC
1009318	734	7m8	1.507	ACATTCC
1009702	22	8m	1.895	CATTCCA
1009703	195	7A1	1.474	CATTCCA
1010403	15	7m8	2.712	ACATTCC
1010796	248	7m8	3.589	ACATTCC
1010809	3	7m8	2.830	ACATTCC
1010976	138	7A1	2.318	CATTCCA
1011000	282	8m	2.919	ACATTCC
1011045	1174	7m8	1.005	ACATTCC
1012872	104	8m	1.961	ACATTCC
1013437	294	7m8	1.762	ACATTCC
1013985	129	8m	2.240	CATTCCA
1014479	423	7A1	2.767	CATTCCA
1014743	293	8m	2.358	CATTCCA
1015104	1	7m8	1.068	ACATTCC
1015182	295	7m8	1.895	ACATTCC
1015775	3236	7A1	3.131	CATTCCA
1016008	2317	7m8	1.677	ACATTCC
1016079	0	7m8	2.126	ACATTCC
1016079	955	7A1	3.582	CATTCCA
1016149	244	7A1	2.358	CATTCCA
1016233	138	7A1	1.718	CATTCCA
1016601	594	8m	3.250	ACATTCC
1016704	0	7A1	1.556	CATTCCA
1018018	714	8m	2.199	ACATTCC
1018280	94	8m	1.570	CATTCCA
1018663	1167	8m	2.672	CATTCCA
1019686	36	8m	3.277	ACATTCC
1020134	83	7A1	2.812	CATTCCA
1020134	92	8m	2.812	ACATTCC
1020198	386	8m	3.279	CATTCCA
1020217	511	8m	3.563	CATTCCA
1020534	731	7A1	2.358	CATTCCA
1020785	796	7m8	1.381	ACATTCC
1021210	11	7A1	2.423	CATTCCA
1021848	110	7A1	2.245	CATTCCA
1021973	94	8m	1.675	ACATTCC
1022114	455	7A1	2.205	CATTCCA
1022203	347	7m8	1.927	ACATTCC
1022385	232	8m	3.350	ACATTCC
1022574	135	7m8	1.905	ACATTCC
1022822	431	7m8	1.107	ACATTCC
1023190	1938	7A1	2.213	CATTCCA
1023237	634	7A1	2.966	CATTCCA
1023590	139	8m	2.159	CATTCCA
1023968	674	7A1	1.591	CATTCCA
1024544	365	7A1	1.407	CATTCCA
1024564	3	7A1	1.037	CATTCCA
1024652	349	7A1	3.068	CATTCCA
1024711	125	7A1	1.134	CATTCCA
1024711	657	7A1	1.605	CATTCCA
1025020	133	7A1	1.196	CATTCCA
1025020	325	7m8	1.214	ACATTCC
1025061	952	7A1	2.585	CATTCCA
1025346	323	7A1	2.247	CATTCCA
1026376	51	7m8	2.599	ACATTCC
1026618	528	8m	1.687	ACATTCC
1026963	136	8m	1.594	CATTCCA
1027270	181	7m8	2.404	ACATTCC
1027371	432	8m	2.976	ACATTCC
1027484	4	8m	1.295	CATTCCA
1028084	324	7m8	2.366	ACATTCC
1028604	138	8m	1.529	ACATTCC
1029417	435	8m	1.582	ACATTCC
1030744	97	7m8	1.398	ACATTCC
1030801	50	7A1	1.465	CATTCCA
1030911	694	7A1	1.507	CATTCCA
1031889	583	7A1	1.032	CATTCCA
1032271	450	7m8	1.975	ACATTCC
1032307	14	7m8	2.462	ACATTCC
1032371	1359	7A1	2.232	CATTCCA
1032645	8	8m	2.244	ACATTCC
1032882	930	7A1	3.376	CATTCCA
1033014	56	7A1	1.022	CATTCCA
1033676	886	7A1	3.341	CATTCCA
1034154	34	8m	1.477	ACATTCC
1034305	553	7A1	1.813	CATTCCA
1034385	20	7A1	2.985	CATTCCA
1034542	634	7A1	2.357	CATTCCA
1034951	203	8m	2.384	ACATTCC
1035371	46	7m8	1.212	ACATTCC
1035423	354	7A1	1.240	CATTCCA
1035617	36	7A1	1.564	CATTCCA
1036125	887	7A1	2.834	CATTCCA
1036402	620	8m	3.222	ACATTCC
1036688	1238	7A1	1.639	CATTCCA
1036743	659	7m8	2.240	ACATTCC
1036883	44	7A1	1.178	CATTCCA
1037168	381	7A1	2.157	CATTCCA
1037303	512	7A1	1.620	CATTCCA
1037518	639	7A1	1.778	CATTCCA
1037935	427	7m8	1.393	ACATTCC
1037955	89	7A1	3.765	CATTCCA
1038116	285	7m8	1.936	ACATTCC
1038219	134	7A1	1.609	CATTCCA
1038247	95	7A1	1.089	CATTCCA
1038772	3	7A1	2.488	CATTCCA
1038839	231	7A1	1.952	CATTCCA
1039075	112	7m8	2.367	ACATTCC
1039201	292	7m8	1.656	ACATTCC
1039220	553	7A1	2.687	CATTCCA
1040300	926	7A1	3.360	CATTCCA
1040459	144	8m	2.382	ACATTCC
1040536	887	7A1	2.834	CATTCCA
