1000296	142	7A1	1.878	CCAATAA
1000318	654	7A1	2.925	CCAATAA
1000508	22	7m8	2.751	ACCAATA
1000760	269	7m8	1.629	ACCAATA
1000926	267	7m8	1.017	ACCAATA
1000946	391	7A1	1.656	CCAATAA
1001895	167	7A1	1.401	CCAATAA
1001895	351	7A1	2.807	CCAATAA
1002317	357	7A1	3.505	CCAATAA
1004118	1976	7A1	2.301	CCAATAA
1004726	65	7A1	1.474	CCAATAA
1007065	21	7m8	1.121	ACCAATA
1007353	46	7A1	1.171	CCAATAA
1007509	296	7A1	2.358	CCAATAA
1007708	263	7m8	1.801	ACCAATA
1007810	935	7A1	2.600	CCAATAA
1008172	649	7m8	1.011	ACCAATA
1008181	191	7A1	2.095	CCAATAA
1008977	303	7A1	1.818	CCAATAA
1009336	27	7m8	1.829	ACCAATA
1009667	1391	7A1	1.925	CCAATAA
1010153	384	8m	1.600	CCAATAA
1010231	902	7A1	1.895	CCAATAA
1010958	611	7A1	2.979	CCAATAA
1011656	107	7A1	2.524	CCAATAA
1014456	38	7A1	1.599	CCAATAA
1014893	1804	7m8	1.314	ACCAATA
1015731	664	7A1	1.025	CCAATAA
1016395	735	7m8	1.134	ACCAATA
1016451	242	8m	1.068	CCAATAA
1016526	162	8m	1.936	ACCAATA
1016607	283	7A1	1.949	CCAATAA
1017159	189	7A1	1.615	CCAATAA
1017206	500	7m8	2.431	ACCAATA
1017218	113	7A1	1.116	CCAATAA
1017793	232	7m8	1.995	ACCAATA
1018102	398	7A1	1.054	CCAATAA
1018260	239	7A1	1.089	CCAATAA
1018622	89	8m	1.600	CCAATAA
1018663	935	7A1	2.607	CCAATAA
1019313	208	8m	1.098	ACCAATA
1019689	167	7A1	1.166	CCAATAA
1020243	790	7A1	1.118	CCAATAA
1021066	313	8m	1.552	ACCAATA
1021296	67	7A1	1.600	CCAATAA
1021418	428	7m8	1.750	ACCAATA
1021640	53	7A1	1.280	CCAATAA
1022856	235	7A1	2.409	CCAATAA
1023007	418	7m8	1.507	ACCAATA
1023461	224	7A1	1.624	CCAATAA
1023708	1307	7A1	1.722	CCAATAA
1024390	300	7A1	1.074	CCAATAA
1024607	265	7A1	1.450	CCAATAA
1024646	726	7m8	1.981	ACCAATA
1024831	889	7A1	1.931	CCAATAA
1025082	965	7A1	1.160	CCAATAA
1025277	311	7m8	1.458	ACCAATA
1025376	206	7A1	1.076	CCAATAA
1025425	83	7A1	1.522	CCAATAA
1025439	61	7A1	1.554	CCAATAA
1025469	2313	7A1	1.587	CCAATAA
1025612	218	7A1	2.276	CCAATAA
1026248	102	7A1	1.306	CCAATAA
1026288	1066	7A1	1.236	CCAATAA
1027607	341	7A1	1.703	CCAATAA
1029066	206	8m	1.011	CCAATAA
1029286	73	7A1	1.023	CCAATAA
1029328	182	7A1	1.740	CCAATAA
1029457	595	7A1	1.522	CCAATAA
1030268	577	7A1	1.136	CCAATAA
1031581	263	7A1	1.113	CCAATAA
1031639	210	8m	1.356	CCAATAA
1031748	359	8m	1.003	ACCAATA
1031812	174	7A1	1.132	CCAATAA
1032037	578	7A1	1.308	CCAATAA
1032477	1194	8m	2.622	ACCAATA
1032824	358	7m8	1.068	ACCAATA
1032960	154	7m8	1.215	ACCAATA
1033185	89	8m	1.196	ACCAATA
1033233	341	7m8	3.326	ACCAATA
1033473	1247	8m	1.876	ACCAATA
1033596	172	7m8	1.082	ACCAATA
1033787	661	7m8	1.259	ACCAATA
1033938	4218	8m	1.187	CCAATAA
1033993	387	7A1	2.137	CCAATAA
1034595	534	7A1	1.524	CCAATAA
1034738	469	7A1	2.405	CCAATAA
1035278	61	8m	1.031	ACCAATA
1036200	113	7A1	2.229	CCAATAA
1036530	454	7m8	1.830	ACCAATA
1037240	49	8m	2.092	ACCAATA
1037925	808	8m	1.653	ACCAATA
1037925	815	7m8	1.653	ACCAATA
1038746	527	7m8	1.261	ACCAATA
1039220	1706	7m8	1.221	ACCAATA
1039229	305	7m8	2.726	ACCAATA
1039374	674	7A1	2.769	CCAATAA
1039505	48	7A1	1.714	CCAATAA
1039922	276	7m8	3.121	ACCAATA
1040440	31	7A1	3.270	CCAATAA
1040637	10	7A1	1.628	CCAATAA
1040656	768	7m8	1.259	ACCAATA
