1000120	623	8m	2.358	ATATCTC
1000285	58	7m8	1.359	ATATCTC
1000452	637	7m8	1.591	ATATCTC
1001523	88	7m8	1.050	ATATCTC
1002126	41	7A1	1.600	TATCTCA
1002174	286	7m8	1.268	ATATCTC
1004678	960	8m	1.251	ATATCTC
1006812	788	7A1	1.291	TATCTCA
1007810	623	8m	1.961	ATATCTC
1008289	338	7A1	2.875	TATCTCA
1009155	338	8m	1.183	ATATCTC
1013321	225	7m8	1.312	ATATCTC
1014893	364	7A1	1.406	TATCTCA
1015731	605	7A1	1.049	TATCTCA
1016379	307	7A1	1.565	TATCTCA
1017284	175	8m	1.065	ATATCTC
1023179	303	8m	1.063	ATATCTC
1023841	90	7m8	1.178	ATATCTC
1024147	570	7m8	1.406	ATATCTC
1024913	314	8m	1.073	TATCTCA
1025107	89	7m8	1.309	ATATCTC
1025311	62	7m8	1.184	ATATCTC
1026771	186	7A1	1.927	TATCTCA
1026917	11	7A1	1.187	TATCTCA
1031102	48	7m8	1.211	ATATCTC
1031674	53	7A1	1.178	TATCTCA
1032175	321	7A1	1.269	TATCTCA
1034541	432	7A1	1.065	TATCTCA
1036664	875	7A1	1.635	TATCTCA
1038090	960	8m	1.927	ATATCTC
1038490	386	7m8	1.182	ATATCTC
1038688	654	7A1	1.593	TATCTCA
