1000827	1574	8m	1.864	CATGACA
1001370	208	8m	1.467	CCATGAC
1001605	52	8m	1.111	CATGACA
1004208	23	7m8	1.057	CCATGAC
1004469	379	8m	1.927	CCATGAC
1006017	946	7A1	1.868	CATGACA
1006585	1265	7m8	1.499	CCATGAC
1006931	520	7A1	1.502	CATGACA
1007506	434	7m8	2.460	CCATGAC
1007506	440	7m8	2.238	CCATGAC
1008777	474	8m	1.265	CATGACA
1011857	913	7m8	1.780	CCATGAC
1012400	727	7A1	2.494	CATGACA
1013385	412	7A1	1.731	CATGACA
1014643	329	7m8	2.269	CCATGAC
1015100	1630	7m8	1.876	CCATGAC
1016380	293	8m	2.462	CATGACA
1016625	95	7m8	1.510	CCATGAC
1016850	35	7m8	3.296	CCATGAC
1018355	1591	7m8	1.600	CCATGAC
1019655	371	7m8	1.554	CCATGAC
1020556	161	7A1	1.702	CATGACA
1021324	115	8m	1.625	CCATGAC
1021415	317	7A1	1.754	CATGACA
1023841	142	7m8	1.474	CCATGAC
1025082	650	7A1	2.562	CATGACA
1025274	182	7A1	1.722	CATGACA
1025493	280	7A1	1.153	CATGACA
1025728	50	7A1	1.640	CATGACA
1026039	619	7A1	1.112	CATGACA
1026408	132	7m8	1.888	CCATGAC
1026655	230	8m	2.068	CCATGAC
1026912	30	7A1	1.359	CATGACA
1027718	655	7A1	1.781	CATGACA
1031995	1518	7A1	2.853	CATGACA
1031995	1528	7m8	2.556	CCATGAC
1032477	734	7A1	2.617	CATGACA
1032510	340	8m	1.467	CCATGAC
1033835	362	7A1	3.107	CATGACA
1033885	1066	7A1	2.381	CATGACA
1034533	298	7m8	1.815	CCATGAC
1034571	442	8m	1.554	CCATGAC
1035123	288	7m8	1.040	CCATGAC
1035378	617	8m	2.600	CCATGAC
1036766	709	7A1	2.267	CATGACA
1039565	878	7A1	2.358	CATGACA
