1000128	541	7m8	2.807	GCTCGCT
1000685	30	7m8	1.050	GCTCGCT
1005111	32	8m	2.238	GCTCGCT
1005548	18	7m8	2.067	GCTCGCT
1006585	944	7m8	1.903	GCTCGCT
1007240	7	7m8	2.068	GCTCGCT
1008222	49	7m8	1.047	GCTCGCT
1008315	75	7m8	1.768	GCTCGCT
1010628	86	7m8	1.475	GCTCGCT
1013250	394	7m8	2.792	GCTCGCT
1013527	221	7m8	2.460	GCTCGCT
1015100	2863	7m8	3.230	GCTCGCT
1015723	752	7A1	1.262	CTCGCTA
1015825	33	7m8	1.395	GCTCGCT
1016572	1030	7m8	1.199	GCTCGCT
1016602	46	7m8	1.234	GCTCGCT
1016611	43	7m8	1.359	GCTCGCT
1016859	35	7m8	1.800	GCTCGCT
1019099	283	8m	2.299	GCTCGCT
1019281	15	7m8	2.381	GCTCGCT
1020524	27	7m8	1.108	GCTCGCT
1021388	209	7m8	2.331	GCTCGCT
1021568	429	7m8	2.313	GCTCGCT
1021795	687	7A1	1.761	CTCGCTA
1021864	277	8m	1.984	GCTCGCT
1022104	398	7A1	1.054	CTCGCTA
1023059	119	7A1	1.554	CTCGCTA
1023338	77	8m	1.466	CTCGCTA
1023461	45	7m8	1.134	GCTCGCT
1024225	35	7m8	1.208	GCTCGCT
1024261	41	7m8	2.182	GCTCGCT
1024941	649	7A1	1.188	CTCGCTA
1026528	46	7m8	1.714	GCTCGCT
1027296	1246	7m8	1.561	GCTCGCT
1029232	87	7A1	1.419	CTCGCTA
1030117	7	7m8	1.228	GCTCGCT
1031592	15	7m8	1.238	GCTCGCT
1031889	319	7m8	1.403	GCTCGCT
1033010	677	7m8	1.441	GCTCGCT
1033076	236	7m8	1.629	GCTCGCT
1033229	35	7m8	1.107	GCTCGCT
1034305	288	8m	1.193	GCTCGCT
1034837	13	7m8	1.013	GCTCGCT
1038015	50	8m	1.188	GCTCGCT
1038064	75	7m8	1.254	GCTCGCT
1039220	981	8m	1.410	GCTCGCT
