1000496	400	7A1	2.432	CCAAAGA
1000496	1069	8m	2.621	CCAAAGA
1000544	394	7A1	2.257	CCAAAGA
1000898	221	7m8	1.225	ACCAAAG
1001013	520	7A1	2.133	CCAAAGA
1001751	591	7A1	1.354	CCAAAGA
1002152	554	7m8	1.410	ACCAAAG
1002406	118	7m8	1.228	ACCAAAG
1002682	349	8m	1.053	CCAAAGA
1003250	405	7A1	3.193	CCAAAGA
1003497	499	8m	3.725	ACCAAAG
1003580	34	7A1	1.040	CCAAAGA
1003633	681	7m8	1.327	ACCAAAG
1003642	1189	8m	2.494	ACCAAAG
1004469	358	7A1	1.690	CCAAAGA
1004678	1601	7m8	1.311	ACCAAAG
1005338	106	7m8	2.055	ACCAAAG
1005655	430	7m8	1.146	ACCAAAG
1007240	476	7m8	3.266	ACCAAAG
1007479	1594	8m	1.111	ACCAAAG
1008148	659	8m	3.302	ACCAAAG
1008244	228	7A1	2.390	CCAAAGA
1008315	395	7A1	2.203	CCAAAGA
1008345	189	7m8	2.644	ACCAAAG
1008833	230	7A1	2.637	CCAAAGA
1008899	44	7A1	1.498	CCAAAGA
1008899	241	7m8	1.792	ACCAAAG
1009387	1865	7m8	2.807	ACCAAAG
1009466	192	7m8	1.419	ACCAAAG
1010141	155	8m	1.506	CCAAAGA
1010213	528	7A1	2.882	CCAAAGA
1010416	503	7A1	1.347	CCAAAGA
1010787	188	7m8	1.172	ACCAAAG
1011788	401	7A1	3.083	CCAAAGA
1012000	317	7A1	1.178	CCAAAGA
1012246	132	7m8	1.284	ACCAAAG
1012524	137	7m8	1.188	ACCAAAG
1013446	886	7A1	2.884	CCAAAGA
1014360	2449	7m8	2.195	ACCAAAG
1014482	192	7m8	1.419	ACCAAAG
1014862	374	7m8	2.528	ACCAAAG
1014868	304	7m8	1.143	ACCAAAG
1015357	10	7m8	1.346	ACCAAAG
1015589	10	7m8	1.346	ACCAAAG
1015723	652	7m8	1.715	ACCAAAG
1015731	845	7m8	1.639	ACCAAAG
1015862	188	7m8	1.560	ACCAAAG
1016008	2216	7m8	2.055	ACCAAAG
1016148	399	8m	1.400	ACCAAAG
1016622	680	7A1	1.196	CCAAAGA
1016631	166	7A1	1.230	CCAAAGA
1016949	631	7A1	1.224	CCAAAGA
1016988	756	8m	1.031	ACCAAAG
1017793	51	7m8	1.301	ACCAAAG
1018018	400	7A1	1.600	CCAAAGA
1018848	64	7m8	2.441	ACCAAAG
1019161	58	7m8	1.539	ACCAAAG
1019313	231	7m8	1.264	ACCAAAG
1019459	272	7A1	1.080	CCAAAGA
1019719	242	7m8	1.058	ACCAAAG
1021460	481	7m8	1.843	ACCAAAG
1021538	874	8m	2.558	CCAAAGA
1022506	325	7m8	1.436	ACCAAAG
1023006	227	8m	1.180	ACCAAAG
1023082	982	7m8	1.812	ACCAAAG
1023441	290	7A1	1.590	CCAAAGA
1023480	41	7A1	1.019	CCAAAGA
1023864	130	7m8	2.565	ACCAAAG
1024010	635	7A1	1.780	CCAAAGA
1024646	605	7A1	1.214	CCAAAGA
1024781	160	7m8	1.500	ACCAAAG
1025277	380	7m8	1.318	ACCAAAG
1025407	520	7A1	2.589	CCAAAGA
1026713	648	8m	1.499	ACCAAAG
1026843	1040	8m	1.083	ACCAAAG
1026892	92	7A1	2.683	CCAAAGA
1027117	84	8m	1.134	ACCAAAG
1027359	490	7m8	1.479	ACCAAAG
1027561	160	7A1	1.157	CCAAAGA
1027650	407	8m	2.022	CCAAAGA
1028117	721	7A1	2.157	CCAAAGA
1028117	729	7A1	2.157	CCAAAGA
1028190	19	7m8	2.086	ACCAAAG
1028818	796	7A1	2.438	CCAAAGA
1029387	415	8m	2.979	CCAAAGA
1029589	206	7A1	1.125	CCAAAGA
1029873	57	7m8	1.281	ACCAAAG
1030668	448	7A1	1.214	CCAAAGA
1031565	1275	7A1	2.983	CCAAAGA
1031565	1472	8m	3.296	ACCAAAG
1031565	1606	7A1	2.376	CCAAAGA
1031776	124	8m	1.335	ACCAAAG
1032371	904	7A1	1.366	CCAAAGA
1032469	1183	7m8	1.259	ACCAAAG
1032619	173	7m8	1.136	ACCAAAG
1032748	485	7m8	1.017	ACCAAAG
1033590	214	7A1	1.385	CCAAAGA
1033590	320	7A1	3.390	CCAAAGA
1033667	491	8m	1.507	ACCAAAG
1033944	778	7A1	1.864	CCAAAGA
1033947	778	7A1	2.074	CCAAAGA
1034257	4936	8m	1.895	CCAAAGA
1034349	341	8m	2.170	ACCAAAG
1034497	269	7A1	2.378	CCAAAGA
1034708	176	7A1	1.136	CCAAAGA
1035138	77	8m	2.488	ACCAAAG
1036658	219	7A1	1.657	CCAAAGA
1036766	944	7A1	2.576	CCAAAGA
1037657	334	7A1	1.285	CCAAAGA
1037681	192	7A1	1.208	CCAAAGA
1038090	971	7A1	3.860	CCAAAGA
1038614	68	7A1	1.641	CCAAAGA
1038739	175	7A1	1.028	CCAAAGA
1039906	953	7m8	1.220	ACCAAAG
1039947	672	8m	1.090	ACCAAAG
1039952	864	7m8	1.168	ACCAAAG
1039962	230	8m	1.088	CCAAAGA
1040060	290	7m8	1.033	ACCAAAG
1040226	1104	7A1	1.204	CCAAAGA
