1000120	714	7m8	1.178	GTGCCAT
1001114	35	7m8	1.469	GTGCCAT
1001421	371	7m8	3.548	GTGCCAT
1001599	1035	7A1	1.961	TGCCATA
1001599	1386	7A1	1.554	TGCCATA
1002006	312	7m8	2.990	GTGCCAT
1002376	6	7m8	1.374	GTGCCAT
1002488	12	7m8	2.753	GTGCCAT
1002587	171	7m8	1.132	GTGCCAT
1002626	449	7A1	1.857	TGCCATA
1003110	129	7A1	2.291	TGCCATA
1003397	116	7m8	1.215	GTGCCAT
1003795	96	7m8	1.578	GTGCCAT
1005376	164	7m8	1.046	GTGCCAT
1006175	544	7m8	1.762	GTGCCAT
1006597	275	7m8	1.220	GTGCCAT
1006863	23	8m	1.079	TGCCATA
1008106	780	7m8	2.710	GTGCCAT
1008139	783	8m	1.825	TGCCATA
1008648	196	7m8	2.477	GTGCCAT
1009265	84	7m8	2.529	GTGCCAT
1010153	355	7A1	2.618	TGCCATA
1010216	79	7m8	1.358	GTGCCAT
1011090	110	7m8	1.160	GTGCCAT
1011328	217	7m8	2.636	GTGCCAT
1012101	40	7A1	1.410	TGCCATA
1012510	103	7A1	1.497	TGCCATA
1012745	5	7m8	1.607	GTGCCAT
1015049	120	7m8	1.474	GTGCCAT
1015071	1074	8m	1.600	GTGCCAT
1015071	1179	8m	2.679	GTGCCAT
1015100	2982	7m8	1.925	GTGCCAT
1015373	368	7A1	1.135	TGCCATA
1015659	99	7m8	2.803	GTGCCAT
1016079	403	7m8	2.614	GTGCCAT
1016560	136	7m8	1.694	GTGCCAT
1016988	307	7m8	1.199	GTGCCAT
1017022	1175	8m	2.598	GTGCCAT
1017159	107	8m	1.852	GTGCCAT
1017887	152	7m8	1.267	GTGCCAT
1018786	50	7A1	1.124	TGCCATA
1019174	199	7A1	1.268	TGCCATA
1019962	482	8m	1.506	GTGCCAT
1020634	741	7A1	2.675	TGCCATA
1020769	389	7m8	1.636	GTGCCAT
1020785	870	7A1	1.215	TGCCATA
1021421	99	7m8	1.554	GTGCCAT
1021605	148	7A1	1.116	TGCCATA
1022840	296	7m8	2.975	GTGCCAT
1022847	158	7m8	1.134	GTGCCAT
1023679	480	7A1	1.476	TGCCATA
1023682	438	7m8	2.801	GTGCCAT
1023925	1973	7m8	1.600	GTGCCAT
1023968	300	7A1	1.949	TGCCATA
1023982	144	8m	1.665	GTGCCAT
1024147	617	7m8	1.327	GTGCCAT
1024382	202	7A1	1.786	TGCCATA
1024751	321	7A1	2.348	TGCCATA
1024846	270	8m	1.342	GTGCCAT
1024846	603	7A1	3.052	TGCCATA
1025062	971	7m8	1.829	GTGCCAT
1025603	469	7m8	2.358	GTGCCAT
1025656	783	7m8	2.746	GTGCCAT
1026756	317	7A1	2.188	TGCCATA
1026843	1024	7A1	2.381	TGCCATA
1027718	181	8m	1.047	GTGCCAT
1027739	57	7A1	1.422	TGCCATA
1028698	116	7A1	2.576	TGCCATA
1029286	1173	7A1	2.257	TGCCATA
1029366	135	7A1	1.095	TGCCATA
1029492	76	8m	1.704	TGCCATA
1029538	265	7m8	2.749	GTGCCAT
1031003	141	7m8	1.731	GTGCCAT
1031745	96	7m8	1.373	GTGCCAT
1032469	700	7A1	1.913	TGCCATA
1033194	382	7m8	1.455	GTGCCAT
1033197	705	7m8	1.750	GTGCCAT
1033200	705	7m8	1.750	GTGCCAT
1033203	705	7m8	1.455	GTGCCAT
1033206	705	7m8	1.455	GTGCCAT
1033209	705	7m8	1.455	GTGCCAT
1034154	853	8m	3.174	GTGCCAT
1034223	115	7m8	3.734	GTGCCAT
1034269	327	8m	2.474	GTGCCAT
1034317	1	7m8	1.701	GTGCCAT
1034329	337	8m	3.799	TGCCATA
1034466	1270	7A1	1.754	TGCCATA
1034587	142	7A1	2.540	TGCCATA
1034803	34	7m8	1.954	GTGCCAT
1035258	1244	7m8	3.030	GTGCCAT
1035419	119	7m8	1.555	GTGCCAT
1036302	705	7A1	3.539	TGCCATA
1037168	1018	7m8	1.194	GTGCCAT
1037248	289	7A1	1.128	TGCCATA
1038572	1472	7m8	1.824	GTGCCAT
1038725	388	7m8	3.473	GTGCCAT
1039249	1150	7m8	1.513	GTGCCAT
1039705	0	7m8	3.159	GTGCCAT
1040166	820	7m8	1.547	GTGCCAT
1040634	27	8m	2.494	GTGCCAT
