1000153	445	8m	2.313	ATGTGAG
1000445	83	8m	3.021	ATGTGAG
1000448	114	7m8	3.054	ATGTGAG
1001077	390	8m	1.648	ATGTGAG
1001238	35	8m	1.241	ATGTGAG
1001379	311	7A1	1.559	TGTGAGA
1001512	636	8m	1.268	ATGTGAG
1003830	42	7A1	1.028	TGTGAGA
1004469	332	7A1	2.726	TGTGAGA
1004621	8	7A1	2.201	TGTGAGA
1005021	122	7m8	1.457	ATGTGAG
1006942	272	7m8	2.664	ATGTGAG
1007005	384	7A1	1.507	TGTGAGA
1007049	189	7m8	1.829	ATGTGAG
1007344	514	7m8	1.952	ATGTGAG
1008309	186	7A1	2.617	TGTGAGA
1009140	232	7A1	3.060	TGTGAGA
1011225	200	8m	2.284	ATGTGAG
1012600	98	8m	2.163	TGTGAGA
1013168	50	8m	2.229	ATGTGAG
1013924	77	8m	1.097	ATGTGAG
1014210	899	7A1	1.382	TGTGAGA
1014590	63	7m8	1.268	ATGTGAG
1015119	77	8m	1.511	ATGTGAG
1015361	472	8m	1.998	ATGTGAG
1016790	245	7m8	1.688	ATGTGAG
1016988	312	8m	1.570	ATGTGAG
1017129	206	7m8	1.176	ATGTGAG
1017255	219	7A1	1.017	TGTGAGA
1017386	178	7A1	1.554	TGTGAGA
1017553	429	8m	1.016	ATGTGAG
1017594	168	7m8	1.827	ATGTGAG
1018355	352	7A1	1.640	TGTGAGA
1019293	95	7m8	1.003	ATGTGAG
1021454	167	8m	1.346	ATGTGAG
1021499	280	7A1	2.415	TGTGAGA
1021963	147	7m8	1.359	ATGTGAG
1022099	153	7A1	1.513	TGTGAGA
1022673	484	8m	2.887	TGTGAGA
1022847	163	7m8	1.134	ATGTGAG
1023353	809	7A1	2.753	TGTGAGA
1023434	82	7A1	1.517	TGTGAGA
1023506	20	7A1	1.022	TGTGAGA
1023907	40	7m8	1.836	ATGTGAG
1023933	809	7A1	2.701	TGTGAGA
1024235	506	7A1	2.216	TGTGAGA
1024531	437	8m	1.221	ATGTGAG
1024544	445	7A1	1.335	TGTGAGA
1025061	396	8m	1.664	ATGTGAG
1025112	79	7m8	1.520	ATGTGAG
1025500	335	7A1	1.100	TGTGAGA
1025698	20	7A1	1.495	TGTGAGA
1025964	250	7m8	4.322	ATGTGAG
1026251	78	7A1	1.088	TGTGAGA
1027956	245	7A1	1.761	TGTGAGA
1028374	4	8m	1.536	ATGTGAG
1028399	115	7A1	1.822	TGTGAGA
1028736	381	7m8	1.207	ATGTGAG
1029767	4	7A1	3.595	TGTGAGA
1030246	346	7m8	2.494	ATGTGAG
1031639	392	8m	1.902	ATGTGAG
1031785	560	7m8	1.076	ATGTGAG
1031812	756	7m8	1.734	ATGTGAG
1031995	1946	7m8	2.290	ATGTGAG
1032280	45	7m8	1.543	ATGTGAG
1032283	45	7m8	2.273	ATGTGAG
1033136	500	7A1	1.095	TGTGAGA
1033220	310	7A1	1.618	TGTGAGA
1033473	1417	7m8	4.758	ATGTGAG
1034391	291	7A1	1.036	TGTGAGA
1034587	282	7A1	1.630	TGTGAGA
1035091	250	7m8	1.701	ATGTGAG
1035722	19	8m	1.465	ATGTGAG
1035886	1146	7A1	2.010	TGTGAGA
1035999	281	7A1	1.133	TGTGAGA
1036525	350	7m8	1.431	ATGTGAG
1038087	452	7A1	1.735	TGTGAGA
1038607	517	8m	2.971	ATGTGAG
1039067	327	7m8	1.410	ATGTGAG
1039120	1365	7m8	3.750	ATGTGAG
1039229	355	7A1	1.411	TGTGAGA
1040531	1024	7A1	1.166	TGTGAGA
