1000296	127	8m	1.148	GGAATTG
1000344	389	7m8	1.185	GGAATTG
1001575	127	7A1	1.126	GAATTGA
1001656	20	7A1	1.094	GAATTGA
1002736	658	7A1	1.188	GAATTGA
1002770	80	7A1	1.582	GAATTGA
1003574	138	7A1	1.358	GAATTGA
1003813	50	7A1	1.053	GAATTGA
1004037	220	7m8	1.178	GGAATTG
1004434	296	8m	1.327	GGAATTG
1004550	267	7A1	2.606	GAATTGA
1007029	227	8m	1.304	GAATTGA
1007234	50	7m8	1.222	GGAATTG
1007249	310	8m	1.217	GAATTGA
1007532	765	7m8	1.799	GGAATTG
1007804	387	7m8	2.240	GGAATTG
1007842	302	7A1	2.253	GAATTGA
1008058	16	7A1	1.032	GAATTGA
1008099	814	7A1	1.701	GAATTGA
1008357	10	7m8	2.046	GGAATTG
1008519	47	7A1	1.655	GAATTGA
1009667	1142	7A1	1.154	GAATTGA
1011451	89	8m	1.186	GAATTGA
1012531	19	7A1	2.412	GAATTGA
1013774	87	8m	1.168	GAATTGA
1015846	179	7m8	1.345	GGAATTG
1016202	502	7m8	2.454	GGAATTG
1016638	145	7A1	2.860	GAATTGA
1017102	102	7A1	1.013	GAATTGA
1017133	591	8m	1.836	GAATTGA
1017166	401	7m8	1.831	GGAATTG
1017166	480	7A1	1.611	GAATTGA
1017206	158	7A1	2.643	GAATTGA
1017255	53	7A1	1.895	GAATTGA
1017386	220	8m	1.379	GAATTGA
1017693	393	8m	1.678	GAATTGA
1017797	2	7A1	1.510	GAATTGA
1018047	372	7A1	2.410	GAATTGA
1018060	685	7A1	1.196	GAATTGA
1018090	49	7m8	1.311	GGAATTG
1018765	596	7m8	1.140	GGAATTG
1019325	41	7A1	2.008	GAATTGA
1019512	609	7A1	1.507	GAATTGA
1019901	158	7A1	1.023	GAATTGA
1020161	195	7m8	1.289	GGAATTG
1020164	422	8m	2.494	GGAATTG
1020929	331	8m	1.227	GAATTGA
1021371	214	7m8	1.511	GGAATTG
1021837	409	8m	2.524	GGAATTG
1022059	287	7A1	1.534	GAATTGA
1022566	27	7A1	1.098	GAATTGA
1023286	168	7m8	1.402	GGAATTG
1023461	176	7m8	2.448	GGAATTG
1023772	249	8m	1.337	GGAATTG
1023781	484	7m8	1.028	GGAATTG
1023989	199	7A1	2.293	GAATTGA
1024039	750	7m8	2.611	GGAATTG
1024039	894	7m8	2.617	GGAATTG
1024805	420	7m8	2.606	GGAATTG
1025473	219	7m8	1.669	GGAATTG
1026713	752	7A1	1.188	GAATTGA
1027264	174	7m8	1.783	GGAATTG
1027264	180	7m8	1.783	GGAATTG
1027593	119	7A1	2.014	GAATTGA
1027739	53	7m8	1.272	GGAATTG
1027779	222	7A1	1.409	GAATTGA
1030022	123	7m8	1.003	GGAATTG
1030133	414	8m	1.520	GGAATTG
1030207	571	7m8	1.309	GGAATTG
1030619	1141	8m	1.126	GGAATTG
1030656	692	7A1	2.177	GAATTGA
1031477	93	7A1	1.576	GAATTGA
1031565	154	7m8	2.617	GGAATTG
1032830	660	8m	1.191	GGAATTG
1033010	828	7A1	1.106	GAATTGA
1033043	154	7m8	2.617	GGAATTG
1033053	149	7m8	1.196	GGAATTG
1033053	155	7m8	1.465	GGAATTG
1033753	573	7m8	1.054	GGAATTG
1034305	125	7m8	1.813	GGAATTG
1034711	673	8m	1.426	GGAATTG
1034711	726	7m8	1.866	GGAATTG
1036191	585	7m8	1.410	GGAATTG
1036564	635	8m	1.896	GGAATTG
1036915	49	7m8	1.196	GGAATTG
1037812	23	7A1	2.043	GAATTGA
1038079	162	7m8	1.433	GGAATTG
1038090	129	7A1	1.144	GAATTGA
1038368	390	7A1	1.495	GAATTGA
1039749	672	7m8	1.893	GGAATTG
1039798	273	7m8	1.495	GGAATTG
1039976	931	7A1	3.325	GAATTGA
1040085	88	7A1	1.499	GAATTGA
1040163	766	7m8	2.876	GGAATTG
1040199	324	7m8	1.528	GGAATTG
1040216	425	8m	1.017	GGAATTG
1040656	98	7A1	1.168	GAATTGA
1040665	339	8m	1.584	GGAATTG
