1000120	678	7A1	2.954	AGTATTA
1000362	565	7A1	2.685	AGTATTA
1000544	291	7m8	1.268	CAGTATT
1000566	509	8m	2.464	CAGTATT
1000607	775	7A1	2.716	AGTATTA
1000781	158	8m	3.292	CAGTATT
1001526	15	7A1	1.530	AGTATTA
1002296	364	8m	2.276	CAGTATT
1003167	4	7A1	3.205	AGTATTA
1003753	107	7m8	1.308	CAGTATT
1004112	86	7A1	1.260	AGTATTA
1004964	125	7A1	1.196	AGTATTA
1007013	37	7A1	1.166	AGTATTA
1007810	678	7A1	2.540	AGTATTA
1008165	110	7m8	2.256	CAGTATT
1008289	776	8m	2.188	AGTATTA
1008551	66	7m8	1.961	CAGTATT
1009309	299	8m	1.900	CAGTATT
1010592	-1	7A1	1.925	AGTATTA
1010695	111	8m	2.679	CAGTATT
1011418	51	8m	1.410	CAGTATT
1011590	33	7m8	1.084	CAGTATT
1011692	276	7A1	1.684	AGTATTA
1011885	23	7A1	1.198	AGTATTA
1012515	853	7A1	1.134	AGTATTA
1012536	1	7m8	1.340	CAGTATT
1012737	26	8m	2.606	AGTATTA
1013037	385	7A1	3.446	AGTATTA
1013611	284	7m8	1.948	CAGTATT
1013611	291	7m8	1.948	CAGTATT
1014200	84	7A1	1.410	AGTATTA
1014316	37	7A1	2.384	AGTATTA
1015116	129	8m	1.362	CAGTATT
1015182	414	7A1	2.358	AGTATTA
1015699	69	7A1	1.961	AGTATTA
1015719	299	7A1	2.338	AGTATTA
1016181	701	7A1	2.336	AGTATTA
1016901	158	7m8	2.522	CAGTATT
1016980	231	7m8	2.358	CAGTATT
1017907	4	7m8	3.162	CAGTATT
1018513	5	7m8	1.186	CAGTATT
1019879	6	8m	2.494	AGTATTA
1020437	9	7m8	1.234	CAGTATT
1021122	6	7m8	1.034	CAGTATT
1021490	280	7m8	1.266	CAGTATT
1021631	236	7A1	1.096	AGTATTA
1022072	412	7A1	1.178	AGTATTA
1022200	148	8m	2.819	CAGTATT
1022203	148	8m	2.819	CAGTATT
1022352	854	8m	1.110	AGTATTA
1022563	64	7A1	2.073	AGTATTA
1022888	79	7m8	1.569	CAGTATT
1023029	172	8m	2.149	CAGTATT
1023179	370	7m8	1.228	CAGTATT
1023326	26	7A1	1.070	AGTATTA
1023356	62	7m8	1.335	CAGTATT
1023529	62	7m8	1.347	CAGTATT
1023597	412	7m8	3.376	CAGTATT
1023925	2007	8m	2.348	CAGTATT
1024885	68	8m	2.308	CAGTATT
1024941	837	7A1	1.066	AGTATTA
1025085	187	8m	2.617	CAGTATT
1025085	208	7A1	2.147	AGTATTA
1025329	268	7m8	2.526	CAGTATT
1025463	370	8m	1.486	CAGTATT
1025656	871	7A1	1.874	AGTATTA
1025875	127	7A1	2.660	AGTATTA
1026560	0	7A1	1.615	AGTATTA
1026816	5	7m8	1.895	CAGTATT
1027162	-1	7A1	2.464	AGTATTA
1027371	572	8m	1.311	CAGTATT
1028265	166	7m8	2.773	CAGTATT
1028310	58	7A1	2.665	AGTATTA
1028961	280	7A1	3.289	AGTATTA
1029808	132	7A1	2.079	AGTATTA
1030066	3	7m8	2.290	CAGTATT
1030668	-1	7A1	1.975	AGTATTA
1031151	7	7m8	2.950	CAGTATT
1031229	18	7A1	1.298	AGTATTA
1031736	45	7A1	1.474	AGTATTA
1032849	456	8m	2.273	AGTATTA
1033164	1585	7m8	2.325	CAGTATT
1033944	1603	7m8	1.227	CAGTATT
1034283	49	7m8	1.741	CAGTATT
1034601	81	7A1	2.821	AGTATTA
1035329	119	7m8	1.452	CAGTATT
1035591	309	7A1	1.073	AGTATTA
1036215	81	7m8	2.724	CAGTATT
1036564	370	7m8	1.754	CAGTATT
1037855	506	7m8	1.091	CAGTATT
1039427	139	7m8	1.010	CAGTATT
1039850	83	7A1	2.880	AGTATTA
1040175	41	7A1	1.477	AGTATTA
