1000566	104	7A1	1.837	ATACTCA
1001167	469	8m	2.060	AATACTC
1003307	1021	8m	1.795	AATACTC
1008953	292	7m8	1.128	AATACTC
1010976	208	7m8	2.311	AATACTC
1010976	639	7A1	1.072	ATACTCA
1011129	68	8m	1.020	ATACTCA
1012540	229	7m8	1.394	AATACTC
1013142	99	7m8	2.046	AATACTC
1015226	516	7m8	1.793	AATACTC
1015265	887	7m8	1.545	AATACTC
1015345	143	7A1	1.346	ATACTCA
1015345	1806	7m8	1.148	AATACTC
1015567	61	7A1	1.040	ATACTCA
1016181	643	7A1	2.716	ATACTCA
1016370	0	7m8	2.829	AATACTC
1016622	512	7m8	1.953	AATACTC
1016668	111	7m8	1.039	AATACTC
1016704	65	7m8	1.895	AATACTC
1017097	497	7m8	1.370	AATACTC
1017942	154	7m8	1.305	AATACTC
1019736	12	8m	2.696	AATACTC
1020603	534	7m8	1.133	AATACTC
1020815	111	8m	2.206	AATACTC
1020919	251	7A1	2.265	ATACTCA
1021911	60	7m8	1.420	AATACTC
1022194	60	7m8	1.165	AATACTC
1023125	251	7A1	3.179	ATACTCA
1023570	336	7m8	1.038	AATACTC
1023708	487	8m	2.807	AATACTC
1025639	45	8m	2.392	AATACTC
1028206	74	7A1	1.188	ATACTCA
1029953	260	7m8	1.215	AATACTC
1030187	870	8m	1.242	ATACTCA
1030905	722	7m8	1.554	AATACTC
1033605	529	8m	1.506	AATACTC
1033904	802	8m	1.213	AATACTC
1034563	393	7m8	1.499	AATACTC
1034774	384	7A1	1.671	ATACTCA
1035419	410	7A1	1.065	ATACTCA
1036086	125	8m	1.116	AATACTC
