1000212	3	8m	1.838	ACGCACA
1000607	612	7m8	1.515	ACGCACA
1000902	105	7m8	1.510	ACGCACA
1000917	164	7m8	2.161	ACGCACA
1001167	552	7m8	1.750	ACGCACA
1001396	87	7m8	1.799	ACGCACA
1001409	111	7A1	1.799	CGCACAA
1001535	416	7m8	1.133	ACGCACA
1001599	570	8m	2.606	CGCACAA
1002604	181	7A1	1.695	CGCACAA
1002605	283	7A1	1.246	CGCACAA
1002922	33	7m8	1.740	ACGCACA
1003075	783	7A1	1.478	CGCACAA
1003107	153	7m8	1.687	ACGCACA
1003432	132	7A1	1.178	CGCACAA
1004160	86	7A1	2.031	CGCACAA
1004690	236	7m8	1.021	ACGCACA
1004720	295	8m	1.735	ACGCACA
1004841	38	7m8	2.369	ACGCACA
1005254	9	7A1	2.023	CGCACAA
1005431	423	7m8	1.846	ACGCACA
1005593	56	7m8	1.527	ACGCACA
1005643	429	7m8	1.846	ACGCACA
1005647	194	7A1	1.037	CGCACAA
1005710	13	7A1	1.260	CGCACAA
1006573	342	7m8	2.403	ACGCACA
1006585	146	7m8	1.316	ACGCACA
1006737	100	7A1	2.926	CGCACAA
1007094	78	7A1	1.600	CGCACAA
1007125	612	7m8	1.361	ACGCACA
1007146	1018	7A1	1.491	CGCACAA
1007204	213	7m8	1.458	ACGCACA
1007204	245	7m8	1.224	ACGCACA
1007233	529	7m8	2.578	ACGCACA
1007496	209	7A1	2.508	CGCACAA
1007696	146	7m8	1.316	ACGCACA
1007719	76	7A1	2.265	CGCACAA
1007791	187	7m8	1.268	ACGCACA
1007842	402	7A1	2.617	CGCACAA
1007899	842	7A1	1.758	CGCACAA
1007899	919	7m8	1.600	ACGCACA
1008148	99	7A1	2.526	CGCACAA
1008148	163	7m8	1.631	ACGCACA
1008222	309	7m8	1.273	ACGCACA
1008261	381	7A1	1.419	CGCACAA
1008370	375	7m8	1.244	ACGCACA
1008456	843	7A1	2.807	CGCACAA
1008873	553	7m8	1.305	ACGCACA
1008936	117	7m8	1.245	ACGCACA
1009028	92	7m8	1.843	ACGCACA
1009179	215	7m8	1.172	ACGCACA
1009219	232	7m8	2.240	ACGCACA
1009406	233	7m8	2.061	ACGCACA
1010234	1196	7A1	1.095	CGCACAA
1010263	27	7m8	1.776	ACGCACA
1010648	483	8m	2.172	ACGCACA
1010679	57	7A1	1.465	CGCACAA
1011045	916	7m8	1.322	ACGCACA
1011159	35	7A1	2.214	CGCACAA
1011418	61	7m8	1.193	ACGCACA
1011424	120	7m8	1.352	ACGCACA
1011485	148	7A1	1.001	CGCACAA
1011531	670	7m8	1.410	ACGCACA
1012078	119	7m8	1.309	ACGCACA
1012139	299	8m	2.198	CGCACAA
1012260	40	8m	2.330	ACGCACA
1012682	69	8m	1.511	CGCACAA
1013282	474	7m8	1.004	ACGCACA
1013456	76	7m8	1.017	ACGCACA
1013769	1079	7A1	1.888	CGCACAA
1013769	2379	8m	2.259	CGCACAA
1014462	1219	7m8	1.150	ACGCACA
1014471	129	7m8	2.308	ACGCACA
1014471	310	7m8	3.078	ACGCACA
1014471	332	7m8	3.078	ACGCACA
1014652	51	8m	1.399	CGCACAA
1014695	265	7m8	1.771	ACGCACA
1014713	382	7A1	1.288	CGCACAA
1015071	845	8m	1.000	ACGCACA
1015089	62	7A1	2.807	CGCACAA
1015097	42	7A1	2.196	CGCACAA
1015142	0	7m8	1.505	ACGCACA
1015147	198	7A1	1.041	CGCACAA
1015241	137	7A1	1.017	CGCACAA
1015306	104	7A1	1.130	CGCACAA
1015373	343	8m	1.175	ACGCACA
1015780	36	7m8	1.588	ACGCACA
1016008	747	7A1	1.593	CGCACAA
1016070	85	7A1	1.115	CGCACAA
1016148	431	7m8	1.514	ACGCACA
1016212	263	7m8	2.350	ACGCACA
1016457	473	7m8	1.554	ACGCACA
1016509	217	7m8	1.100	ACGCACA
1016575	82	7A1	2.449	CGCACAA
1016611	305	7m8	2.188	ACGCACA
1016646	71	8m	2.494	CGCACAA
1016973	602	7A1	2.167	CGCACAA
1016988	1050	8m	2.100	ACGCACA
1017013	302	7m8	3.467	ACGCACA
1017206	282	7m8	2.497	ACGCACA
1017206	476	7m8	1.168	ACGCACA
1017225	385	8m	2.200	ACGCACA
1017431	234	7m8	1.366	ACGCACA
1017449	337	7m8	1.406	ACGCACA
1017476	119	7A1	1.495	CGCACAA
1017560	114	7A1	1.593	CGCACAA
1017785	190	7m8	2.637	ACGCACA
1018245	31	7m8	3.385	ACGCACA
1018289	840	7m8	1.798	ACGCACA
1018355	635	7A1	2.807	CGCACAA
1018934	0	7m8	2.106	ACGCACA
1019143	134	7m8	1.158	ACGCACA
1019482	1025	7A1	2.536	CGCACAA
1019532	272	7A1	2.246	CGCACAA
1019532	326	7m8	2.612	ACGCACA
1019860	86	7m8	1.467	ACGCACA
1020182	23	7m8	1.695	ACGCACA
1020217	613	7m8	1.894	ACGCACA
1020313	418	7m8	1.961	ACGCACA
1020847	37	7A1	1.138	CGCACAA
1020959	12	8m	1.068	CGCACAA
1020990	16	8m	1.268	ACGCACA
1021676	73	8m	3.005	ACGCACA
1021963	232	8m	2.240	ACGCACA
1022340	498	7m8	1.546	ACGCACA
1022621	45	7m8	1.709	ACGCACA
1022902	0	7A1	1.088	CGCACAA
1022977	29	7m8	1.359	ACGCACA
1023283	133	7A1	1.701	CGCACAA
1023385	239	8m	1.968	ACGCACA
1023434	158	7m8	1.587	ACGCACA
1023807	298	7m8	2.112	ACGCACA
1024033	463	7A1	2.022	CGCACAA
1024055	189	8m	1.607	ACGCACA
1024226	251	7m8	1.958	ACGCACA
1024348	110	7A1	1.754	CGCACAA
1024390	434	7A1	1.268	CGCACAA
1024463	243	8m	1.570	CGCACAA
1024483	536	7A1	1.206	CGCACAA
1024490	808	7A1	1.150	CGCACAA
1024511	449	8m	2.174	ACGCACA
1024534	555	7m8	1.529	ACGCACA
1024615	262	7A1	2.200	CGCACAA
1024669	8	7m8	3.154	ACGCACA
1024841	299	8m	1.506	ACGCACA
1024984	70	8m	3.107	ACGCACA
1025020	141	7A1	1.302	CGCACAA
1025296	473	7A1	1.160	CGCACAA
1025376	9	7m8	2.105	ACGCACA
1025433	69	7A1	1.726	CGCACAA
1025469	535	7m8	1.248	ACGCACA
1025566	201	7m8	1.141	ACGCACA
1026152	119	7A1	1.286	CGCACAA
1026319	430	7m8	1.113	ACGCACA
1026319	454	7m8	1.294	ACGCACA
1026557	47	7A1	1.917	CGCACAA
1026879	71	7A1	2.797	CGCACAA
1027159	686	7m8	1.734	ACGCACA
1027823	227	7m8	2.290	ACGCACA
1027829	217	7A1	1.035	CGCACAA
1027980	219	7m8	2.670	ACGCACA
1028194	215	7m8	1.183	ACGCACA
1028233	289	7A1	1.675	CGCACAA
1028484	183	7m8	1.754	ACGCACA
1028535	8	7m8	1.493	ACGCACA
1028538	69	7m8	1.177	ACGCACA
1028708	711	7A1	1.469	CGCACAA
1028871	194	7m8	1.583	ACGCACA
1028965	18	7A1	1.012	CGCACAA
1029021	191	7m8	2.769	ACGCACA
1029182	202	7m8	1.221	ACGCACA
1029269	19	7A1	1.855	CGCACAA
1029283	346	7m8	1.852	ACGCACA
1029304	97	7A1	1.701	CGCACAA
1029375	23	7m8	1.370	ACGCACA
1029906	231	7A1	1.582	CGCACAA
1030230	658	7m8	1.001	ACGCACA
1030480	207	7m8	1.164	ACGCACA
1030480	285	7m8	1.557	ACGCACA
1030568	822	7m8	1.178	ACGCACA
1030733	195	7m8	1.374	ACGCACA
1031088	8	7m8	1.755	ACGCACA
1031117	22	8m	1.958	CGCACAA
1031209	383	7A1	2.980	CGCACAA
1031226	67	7m8	1.425	ACGCACA
1031406	438	7A1	1.850	CGCACAA
1031565	1789	7A1	1.600	CGCACAA
1031776	713	8m	1.025	CGCACAA
1031889	344	7A1	1.905	CGCACAA
1032371	1022	7m8	1.584	ACGCACA
1032477	894	7m8	1.407	ACGCACA
1032487	327	8m	2.102	ACGCACA
1032676	222	7m8	1.503	ACGCACA
1032882	195	7m8	1.961	ACGCACA
1033233	617	7A1	1.314	CGCACAA
1033356	79	7m8	1.755	ACGCACA
1033360	215	7m8	1.895	ACGCACA
1033360	235	8m	1.172	ACGCACA
1033360	421	7m8	1.033	ACGCACA
1033455	397	7m8	1.079	ACGCACA
1033476	139	7A1	1.866	CGCACAA
1033605	1385	7m8	1.088	ACGCACA
1033723	42	8m	1.153	CGCACAA
1033774	283	7A1	2.694	CGCACAA
1034523	459	7A1	2.337	CGCACAA
1034542	706	7m8	2.353	ACGCACA
1034587	377	7m8	1.196	ACGCACA
1034608	232	7m8	1.288	ACGCACA
1034656	198	7m8	1.754	ACGCACA
1034688	566	7A1	1.660	CGCACAA
1034997	1071	8m	3.377	ACGCACA
1035200	656	7m8	1.860	ACGCACA
1035290	443	7m8	1.707	ACGCACA
1035290	449	7m8	1.415	ACGCACA
1035354	466	7m8	1.599	ACGCACA
1035371	89	7m8	1.254	ACGCACA
1035449	568	7m8	2.172	ACGCACA
1035492	162	7m8	2.864	ACGCACA
1035650	35	7A1	1.687	CGCACAA
1035789	345	7A1	1.163	CGCACAA
1035962	496	7m8	1.838	ACGCACA
1035999	440	8m	2.166	CGCACAA
1036119	49	7m8	1.878	ACGCACA
1036152	6	7A1	2.800	CGCACAA
1036281	230	7m8	1.125	ACGCACA
1036401	202	7A1	1.477	CGCACAA
1036407	280	7A1	2.801	CGCACAA
1036570	450	7A1	1.277	CGCACAA
1036616	173	7A1	1.612	CGCACAA
1036918	572	7m8	1.408	ACGCACA
1037033	268	7A1	1.845	CGCACAA
1037173	94	7A1	1.327	CGCACAA
1037221	219	7m8	1.207	ACGCACA
1037248	271	7m8	1.076	ACGCACA
1037492	89	8m	2.224	ACGCACA
1037633	287	7m8	1.166	ACGCACA
1038151	242	7m8	1.197	ACGCACA
1038216	500	7m8	1.054	ACGCACA
1038572	1243	7m8	1.411	ACGCACA
1038607	694	7m8	1.936	ACGCACA
1038668	279	7A1	2.494	CGCACAA
1038815	186	7m8	1.851	ACGCACA
1038893	550	8m	1.185	CGCACAA
1039220	2089	7m8	1.327	ACGCACA
1039283	100	7A1	1.045	CGCACAA
1039542	62	7m8	1.059	ACGCACA
1039649	551	7m8	1.388	ACGCACA
1039720	386	7A1	1.314	CGCACAA
1039749	580	7m8	1.701	ACGCACA
1039867	191	7A1	1.265	CGCACAA
1039879	94	7A1	1.400	CGCACAA
1040166	575	7m8	1.749	ACGCACA
1040226	935	8m	3.435	ACGCACA
1040300	619	8m	1.005	ACGCACA
1040530	217	7A1	1.655	CGCACAA
1040656	62	8m	3.450	ACGCACA
