1001270	318	7A1	1.350	CAAGGGA
1007951	440	7m8	1.948	ACAAGGG
1009081	279	8m	1.410	ACAAGGG
1009167	110	7A1	1.496	CAAGGGA
1009179	193	7m8	1.895	ACAAGGG
1009766	72	7A1	1.268	CAAGGGA
1011857	1042	8m	1.735	ACAAGGG
1014210	866	7A1	1.587	CAAGGGA
1014354	862	7m8	1.635	ACAAGGG
1020057	703	7A1	1.928	CAAGGGA
1021171	445	7A1	1.047	CAAGGGA
1021963	34	7m8	1.249	ACAAGGG
1023849	796	7m8	3.124	ACAAGGG
1024846	1003	8m	1.427	CAAGGGA
1024903	147	8m	1.293	ACAAGGG
1028631	95	7m8	1.178	ACAAGGG
1029906	274	7m8	1.053	ACAAGGG
1031565	564	7A1	1.268	CAAGGGA
1032920	683	8m	1.191	CAAGGGA
1032923	683	8m	1.235	CAAGGGA
1036616	87	7A1	1.951	CAAGGGA
1037754	200	7A1	1.166	CAAGGGA
1038405	133	7A1	1.312	CAAGGGA
1039000	98	7A1	1.339	CAAGGGA
1039280	52	7A1	1.558	CAAGGGA
