1000207	231	7m8	1.493	GGCTGTG
1000467	54	7m8	1.215	GGCTGTG
1001200	80	8m	2.829	GGCTGTG
1001310	90	7m8	1.227	GGCTGTG
1002110	144	7A1	1.116	GCTGTGA
1003827	101	7m8	1.110	GGCTGTG
1004146	289	7A1	1.264	GCTGTGA
1005477	327	7A1	1.345	GCTGTGA
1005526	50	7A1	2.868	GCTGTGA
1005676	659	7m8	1.506	GGCTGTG
1006573	230	7m8	1.799	GGCTGTG
1007005	382	7A1	1.507	GCTGTGA
1007210	134	7A1	1.554	GCTGTGA
1007752	65	7A1	2.305	GCTGTGA
1007924	7	7A1	1.232	GCTGTGA
1008106	459	7A1	2.734	GCTGTGA
1008289	13	7A1	3.169	GCTGTGA
1008558	252	7A1	1.002	GCTGTGA
1008656	244	7A1	1.961	GCTGTGA
1010186	209	8m	1.487	GGCTGTG
1010234	19	7A1	2.807	GCTGTGA
1010334	101	8m	1.410	GCTGTGA
1011045	129	7A1	2.398	GCTGTGA
1011572	59	7A1	1.599	GCTGTGA
1013385	19	7A1	1.554	GCTGTGA
1014360	1749	7A1	2.359	GCTGTGA
1014637	144	7m8	1.421	GGCTGTG
1014893	124	7A1	1.479	GCTGTGA
1014964	394	7A1	2.009	GCTGTGA
1015775	1428	7A1	2.611	GCTGTGA
1015798	682	7m8	1.060	GGCTGTG
1015801	682	7m8	1.060	GGCTGTG
1015945	991	7A1	1.713	GCTGTGA
1016560	373	8m	2.495	GGCTGTG
1016572	699	8m	2.333	GGCTGTG
1016614	263	7m8	1.126	GGCTGTG
1017094	511	7m8	2.800	GGCTGTG
1017383	16	7A1	1.567	GCTGTGA
1017436	-1	7A1	1.734	GCTGTGA
1018129	133	7m8	2.318	GGCTGTG
1018368	504	7A1	1.520	GCTGTGA
1018389	19	7A1	1.268	GCTGTGA
1020232	73	7m8	1.447	GGCTGTG
1020962	20	7A1	1.647	GCTGTGA
1021150	263	7m8	1.145	GGCTGTG
1021593	43	7A1	1.275	GCTGTGA
1021816	297	7A1	2.601	GCTGTGA
1023007	51	7A1	2.661	GCTGTGA
1023294	259	7m8	1.961	GGCTGTG
1023347	17	7m8	2.831	GGCTGTG
1023353	807	7A1	1.896	GCTGTGA
1023596	522	7A1	1.247	GCTGTGA
1023708	467	7A1	2.807	GCTGTGA
1023933	807	7A1	1.844	GCTGTGA
1024213	495	7A1	2.807	GCTGTGA
1024573	87	7A1	2.808	GCTGTGA
1025047	102	7m8	1.836	GGCTGTG
1025251	143	7A1	2.619	GCTGTGA
1026387	105	8m	1.393	GCTGTGA
1026473	639	7m8	3.598	GGCTGTG
1026771	24	7m8	1.068	GGCTGTG
1028970	10	7A1	1.298	GCTGTGA
1029831	237	8m	1.353	GGCTGTG
1029864	167	8m	2.343	GCTGTGA
1030018	58	7A1	2.068	GCTGTGA
1030575	24	7A1	1.076	GCTGTGA
1030920	375	7A1	1.420	GCTGTGA
1030953	207	8m	1.326	GGCTGTG
1031217	219	8m	1.517	GGCTGTG
1031376	105	7A1	2.246	GCTGTGA
1031995	1223	7A1	1.641	GCTGTGA
1032253	282	7A1	1.431	GCTGTGA
1032280	888	7A1	1.699	GCTGTGA
1032980	0	7A1	1.172	GCTGTGA
1033086	50	7A1	1.600	GCTGTGA
1033614	165	7m8	2.188	GGCTGTG
1033730	19	7m8	1.407	GGCTGTG
1034559	78	7A1	1.972	GCTGTGA
1034601	106	7A1	1.737	GCTGTGA
1034622	488	8m	1.754	GCTGTGA
1035138	106	7A1	2.800	GCTGTGA
1035338	14	7m8	1.655	GGCTGTG
1035371	201	7m8	1.431	GGCTGTG
1035591	583	7A1	2.278	GCTGTGA
1035780	955	7m8	1.019	GGCTGTG
1036164	205	8m	1.009	GCTGTGA
1036191	700	7m8	1.236	GGCTGTG
1036372	738	7A1	1.158	GCTGTGA
1037777	453	7A1	2.001	GCTGTGA
1037980	445	8m	3.854	GCTGTGA
1038607	537	7m8	1.514	GGCTGTG
1039249	649	8m	1.574	GGCTGTG
1039807	240	7m8	1.178	GGCTGTG
