1000221	65	7m8	1.260	TATTCTA
1001184	3078	7m8	1.247	TATTCTA
1002866	49	7A1	1.019	ATTCTAA
1003041	643	7A1	2.479	ATTCTAA
1003083	646	8m	1.554	ATTCTAA
1005356	1282	8m	1.254	TATTCTA
1005725	82	7A1	1.106	ATTCTAA
1005939	574	7m8	1.332	TATTCTA
1008165	113	7m8	1.033	TATTCTA
1008776	15	8m	3.272	ATTCTAA
1009682	420	7A1	1.864	ATTCTAA
1010944	67	7m8	1.584	TATTCTA
1013774	801	7A1	1.439	ATTCTAA
1014893	1672	7A1	2.812	ATTCTAA
1015083	356	7A1	1.465	ATTCTAA
1015403	182	7A1	1.268	ATTCTAA
1015578	57	7A1	2.188	ATTCTAA
1016473	65	8m	2.381	TATTCTA
1016607	370	8m	1.600	TATTCTA
1020655	0	7A1	2.524	ATTCTAA
1021172	40	7A1	1.659	ATTCTAA
1021472	5	7A1	2.318	ATTCTAA
1022955	113	7A1	1.600	ATTCTAA
1023596	363	8m	1.927	TATTCTA
1023663	540	7A1	1.368	ATTCTAA
1025805	115	8m	1.520	TATTCTA
1025902	122	8m	1.022	TATTCTA
1026086	119	7A1	1.252	ATTCTAA
1026319	58	7A1	1.422	ATTCTAA
1027799	168	7A1	1.143	ATTCTAA
1029719	116	8m	2.104	TATTCTA
1029953	610	7m8	2.753	TATTCTA
1032220	107	7A1	1.261	ATTCTAA
1033412	61	7m8	1.398	TATTCTA
1033935	12	7m8	2.518	TATTCTA
1034187	478	7A1	1.965	ATTCTAA
1034320	50	7A1	1.177	ATTCTAA
1035130	251	7A1	2.029	ATTCTAA
1037288	235	7A1	2.217	ATTCTAA
1037980	286	7A1	4.151	ATTCTAA
1038526	92	7m8	1.245	TATTCTA
1038647	153	7m8	1.878	TATTCTA
1039419	200	7A1	1.555	ATTCTAA
1039795	244	7A1	1.065	ATTCTAA
1040300	1047	7A1	2.231	ATTCTAA
