1000044	25	8m	1.895	GTCACAA
1000258	34	7m8	2.716	GTCACAA
1000496	685	7m8	2.051	GTCACAA
1000994	1296	7A1	3.124	TCACAAA
1001013	634	7A1	1.091	TCACAAA
1001134	480	7m8	1.380	GTCACAA
1001187	159	7m8	1.899	GTCACAA
1001200	390	8m	1.588	GTCACAA
1001348	24	7m8	2.648	GTCACAA
1002317	1	8m	1.186	GTCACAA
1003645	38	7A1	1.410	TCACAAA
1003977	335	8m	1.058	TCACAAA
1003977	661	7m8	1.619	GTCACAA
1004284	553	7m8	2.834	GTCACAA
1004458	3	7m8	1.154	GTCACAA
1005063	264	7m8	2.083	GTCACAA
1005257	196	7m8	2.890	GTCACAA
1005281	51	7A1	1.154	TCACAAA
1005601	173	8m	1.155	GTCACAA
1005601	477	7A1	2.457	TCACAAA
1007515	27	7m8	1.515	GTCACAA
1008310	1	7A1	4.073	TCACAAA
1008815	244	8m	1.983	TCACAAA
1009466	519	7A1	1.961	TCACAAA
1009702	52	7A1	1.404	TCACAAA
1010438	257	7A1	1.955	TCACAAA
1010438	456	7A1	1.566	TCACAAA
1010520	21	7A1	1.936	TCACAAA
1010627	24	7m8	1.887	GTCACAA
1011454	89	7m8	1.940	GTCACAA
1011535	0	7m8	2.118	GTCACAA
1011632	51	7A1	2.499	TCACAAA
1012090	12	8m	1.214	GTCACAA
1012615	80	7A1	1.210	TCACAAA
1012885	52	7A1	1.546	TCACAAA
1013129	23	7A1	1.178	TCACAAA
1013186	177	7m8	2.753	GTCACAA
1013282	447	7A1	1.902	TCACAAA
1013385	320	7A1	1.542	TCACAAA
1013985	159	7A1	1.671	TCACAAA
1014219	4	7A1	1.040	TCACAAA
1014979	481	7A1	1.687	TCACAAA
1016148	290	7A1	2.059	TCACAAA
1016895	631	7A1	1.036	TCACAAA
1017070	5	7A1	2.050	TCACAAA
1017105	828	7m8	1.895	GTCACAA
1017233	11	7m8	1.264	GTCACAA
1017411	46	7A1	2.254	TCACAAA
1017979	360	7A1	1.017	TCACAAA
1018962	2	7A1	2.211	TCACAAA
1020321	881	8m	1.404	GTCACAA
1020513	25	8m	1.028	GTCACAA
1020769	283	7A1	1.050	TCACAAA
1020785	190	7m8	1.679	GTCACAA
1021415	184	7A1	1.163	TCACAAA
1021454	18	7A1	3.002	TCACAAA
1021973	129	7A1	1.321	TCACAAA
1022064	836	8m	1.309	TCACAAA
1022182	133	8m	1.465	GTCACAA
1023907	33	7A1	1.778	TCACAAA
1025098	61	7m8	1.202	GTCACAA
1025407	556	7A1	1.539	TCACAAA
1025547	227	7A1	1.311	TCACAAA
1025550	227	7A1	1.311	TCACAAA
1025671	20	8m	1.735	TCACAAA
1025674	-1	7A1	1.017	TCACAAA
1026224	25	8m	1.042	GTCACAA
1026285	2	7A1	2.508	TCACAAA
1026768	0	7m8	1.600	GTCACAA
1028013	696	7A1	1.649	TCACAAA
1028868	647	7m8	1.432	GTCACAA
1029522	299	7m8	1.722	GTCACAA
1032126	23	7m8	1.305	GTCACAA
1032457	207	7m8	2.380	GTCACAA
1032824	572	7m8	4.032	GTCACAA
1032989	212	7m8	1.040	GTCACAA
1034571	24	7m8	3.223	GTCACAA
1037830	60	7A1	1.437	TCACAAA
1037897	38	7m8	1.123	GTCACAA
1037925	765	7A1	1.715	TCACAAA
1038405	147	7m8	1.249	GTCACAA
1038414	122	7A1	1.503	TCACAAA
1038487	27	7m8	1.410	GTCACAA
1038655	156	7m8	1.148	GTCACAA
1038799	159	7A1	2.076	TCACAAA
1040565	684	7m8	1.657	GTCACAA
