1000039	197	8m	1.268	ATACGTA
1000404	719	8m	2.617	ATACGTA
1001313	209	7m8	1.068	ATACGTA
1001484	89	7m8	1.268	ATACGTA
1002174	663	7A1	1.958	TACGTAA
1002482	127	7m8	1.560	ATACGTA
1003102	37	8m	1.601	ATACGTA
1003111	260	7A1	2.735	TACGTAA
1003462	80	8m	1.196	ATACGTA
1004470	9	7A1	1.068	TACGTAA
1004678	93	7A1	1.424	TACGTAA
1004678	989	7m8	1.037	ATACGTA
1006153	95	8m	2.201	ATACGTA
1006161	915	7A1	3.218	TACGTAA
1006696	65	7m8	1.196	ATACGTA
1006942	900	8m	1.529	ATACGTA
1007249	225	8m	1.552	ATACGTA
1007337	72	7A1	2.381	TACGTAA
1007732	111	7m8	1.443	ATACGTA
1008148	617	7m8	1.886	ATACGTA
1009155	58	8m	2.403	ATACGTA
1009437	1455	8m	1.961	ATACGTA
1009603	46	8m	1.066	TACGTAA
1010431	221	8m	1.927	ATACGTA
1010701	553	8m	2.396	TACGTAA
1011509	798	7A1	1.268	TACGTAA
1012486	65	7A1	2.205	TACGTAA
1013180	177	8m	1.370	ATACGTA
1013238	239	7m8	1.161	ATACGTA
1014862	94	7A1	2.549	TACGTAA
1015100	1225	8m	2.932	ATACGTA
1015182	319	7A1	3.243	TACGTAA
1015775	2659	7A1	3.724	TACGTAA
1018018	117	7A1	1.071	TACGTAA
1018039	38	7A1	2.494	TACGTAA
1018205	483	7A1	1.145	TACGTAA
1018274	1052	8m	1.545	TACGTAA
1019053	290	8m	1.554	ATACGTA
1019512	795	7m8	1.457	ATACGTA
1019962	844	8m	2.053	TACGTAA
1019962	867	8m	2.552	ATACGTA
1020552	96	7m8	2.384	ATACGTA
1020762	88	7A1	1.619	TACGTAA
1020777	1149	8m	1.026	ATACGTA
1020820	153	7A1	2.337	TACGTAA
1020892	475	7A1	2.787	TACGTAA
1021727	583	8m	3.459	ATACGTA
1021795	67	7A1	1.713	TACGTAA
1022445	496	7A1	3.230	TACGTAA
1022939	299	7m8	1.020	ATACGTA
1022988	114	7A1	2.807	TACGTAA
1023030	79	7m8	1.152	ATACGTA
1023106	42	8m	2.899	ATACGTA
1023190	2687	8m	3.016	ATACGTA
1023329	105	8m	1.515	ATACGTA
1023685	222	7A1	2.162	TACGTAA
1023708	3149	7m8	2.688	ATACGTA
1023947	263	7m8	1.320	ATACGTA
1024399	354	8m	2.107	ATACGTA
1025025	1124	7A1	2.782	TACGTAA
1027264	294	7A1	2.245	TACGTAA
1027975	895	8m	2.188	TACGTAA
1028440	153	8m	1.838	ATACGTA
1029030	46	7A1	3.079	TACGTAA
1029698	51	7A1	1.415	TACGTAA
1030445	192	7A1	1.032	TACGTAA
1031087	410	7A1	2.807	TACGTAA
1031097	17	7A1	1.724	TACGTAA
1031209	461	7A1	3.258	TACGTAA
1031992	78	7A1	2.214	TACGTAA
1034506	70	7A1	3.568	TACGTAA
1034608	373	7m8	1.136	ATACGTA
1034933	144	7A1	1.515	TACGTAA
1035525	413	7A1	1.285	TACGTAA
1036664	468	7A1	2.978	TACGTAA
1038536	58	7A1	2.940	TACGTAA
1039288	621	7m8	3.751	ATACGTA
1039427	74	7A1	2.146	TACGTAA
1039976	986	7m8	1.317	ATACGTA
