1000123	1177	8m	2.617	AAGACTG
1000318	472	7A1	1.058	AGACTGA
1000404	670	8m	2.617	AAGACTG
1000479	23	7m8	2.763	AAGACTG
1000496	232	7A1	1.919	AGACTGA
1001303	180	7m8	1.474	AAGACTG
1001951	278	7m8	1.554	AAGACTG
1002392	26	7A1	2.032	AGACTGA
1003142	371	8m	3.524	AAGACTG
1003307	1054	7A1	1.545	AGACTGA
1003307	1072	7A1	1.795	AGACTGA
1005441	239	7A1	2.061	AGACTGA
1007116	409	7A1	2.667	AGACTGA
1007249	431	8m	1.068	AAGACTG
1007735	447	7m8	1.654	AAGACTG
1008040	285	7m8	1.201	AAGACTG
1008070	447	7m8	1.914	AAGACTG
1008147	406	7m8	1.447	AAGACTG
1008193	161	8m	1.958	AAGACTG
1008474	28	7A1	1.160	AGACTGA
1008878	54	7m8	3.345	AAGACTG
1009466	131	7m8	1.629	AAGACTG
1011584	89	8m	3.167	AAGACTG
1012089	258	8m	2.617	AAGACTG
1013202	338	7m8	1.902	AAGACTG
1013787	177	7m8	1.554	AAGACTG
1013867	1042	7A1	2.535	AGACTGA
1014462	1439	8m	3.000	AAGACTG
1014482	131	7m8	1.629	AAGACTG
1014967	350	7m8	1.047	AAGACTG
1015207	789	7A1	1.197	AGACTGA
1015265	285	7m8	1.201	AAGACTG
1015687	117	8m	1.961	AGACTGA
1015927	353	7m8	1.958	AAGACTG
1016181	1097	7A1	2.807	AGACTGA
1016395	124	8m	1.895	AAGACTG
1017285	334	7A1	1.003	AGACTGA
1018365	330	8m	2.617	AAGACTG
1018528	442	8m	2.257	AGACTGA
1018528	464	7A1	1.600	AGACTGA
1019200	598	7m8	1.560	AAGACTG
1019922	336	7A1	1.210	AGACTGA
1019941	151	8m	1.506	AAGACTG
1020521	36	8m	2.603	AAGACTG
1023329	48	8m	2.073	AAGACTG
1024039	737	7m8	2.462	AAGACTG
1024082	100	7m8	1.244	AAGACTG
1024484	702	8m	1.977	AAGACTG
1024831	551	8m	1.961	AAGACTG
1024831	661	8m	3.155	AAGACTG
1024885	101	7A1	1.716	AGACTGA
1024989	141	8m	1.381	AAGACTG
1025317	368	7A1	1.482	AGACTGA
1025853	336	8m	2.570	AAGACTG
1026713	481	7A1	2.457	AGACTGA
1029469	23	8m	1.941	AAGACTG
1030207	624	7A1	1.136	AGACTGA
1031497	192	7A1	2.047	AGACTGA
1031497	442	8m	4.110	AGACTGA
1031565	690	7m8	1.857	AAGACTG
1031565	1279	8m	3.296	AAGACTG
1032280	1084	7m8	1.798	AAGACTG
1032739	441	8m	1.217	AAGACTG
1033139	447	8m	2.174	AAGACTG
1033164	863	7m8	1.004	AAGACTG
1033560	283	7A1	1.178	AGACTGA
1033572	27	7A1	2.116	AGACTGA
1033638	332	7m8	1.111	AAGACTG
1034329	355	7m8	3.799	AAGACTG
1034479	35	7A1	1.148	AGACTGA
1035449	651	7m8	2.132	AAGACTG
1036680	437	7m8	2.236	AAGACTG
1037155	448	7m8	1.794	AAGACTG
1037227	191	8m	2.982	AGACTGA
1037337	387	7m8	3.078	AAGACTG
1037477	215	7m8	2.813	AAGACTG
1037477	300	8m	1.785	AGACTGA
1037892	545	8m	1.065	AAGACTG
1038806	840	7A1	2.971	AGACTGA
1039297	411	7m8	2.465	AAGACTG
1040204	632	8m	2.646	AAGACTG
1040208	498	7m8	2.881	AAGACTG
1040306	711	7A1	1.813	AGACTGA
1040477	567	8m	2.287	AAGACTG
