1000878	13	7m8	2.403	AAGCAAT
1000902	238	7m8	1.309	AAGCAAT
1000970	572	7A1	1.838	AGCAATA
1000998	26	7m8	1.250	AAGCAAT
1001134	50	7A1	1.006	AGCAATA
1001160	56	7m8	1.420	AAGCAAT
1001599	148	8m	2.606	AAGCAAT
1001599	284	7m8	1.989	AAGCAAT
1001673	55	8m	1.421	AGCAATA
1002406	160	8m	1.600	AAGCAAT
1002715	143	7m8	2.474	AAGCAAT
1002745	325	7m8	1.073	AAGCAAT
1003250	468	7A1	1.131	AGCAATA
1003601	115	8m	1.192	AAGCAAT
1003932	985	7m8	1.838	AAGCAAT
1004654	213	7A1	1.896	AGCAATA
1005356	682	8m	1.961	AAGCAAT
1005356	1504	7A1	2.722	AGCAATA
1005356	1963	8m	2.385	AAGCAAT
1005381	34	7m8	1.034	AAGCAAT
1005713	279	7A1	1.213	AGCAATA
1006101	873	7m8	1.305	AAGCAAT
1006627	1017	7m8	1.476	AAGCAAT
1006713	123	7A1	1.754	AGCAATA
1006725	398	8m	1.116	AAGCAAT
1007842	129	7A1	1.582	AGCAATA
1007842	616	8m	1.268	AAGCAAT
1007899	1033	7m8	2.490	AAGCAAT
1007974	36	7m8	1.162	AAGCAAT
1008202	980	7m8	1.670	AAGCAAT
1008244	214	7A1	2.243	AGCAATA
1008244	220	7A1	2.243	AGCAATA
1008289	1088	7A1	2.188	AGCAATA
1008456	306	7m8	2.570	AAGCAAT
1008522	430	8m	1.012	AAGCAAT
1008815	332	7m8	3.108	AAGCAAT
1008899	16	7m8	1.242	AAGCAAT
1008993	63	7A1	1.238	AGCAATA
1009367	514	8m	1.554	AGCAATA
1009962	25	8m	1.767	AAGCAAT
1010105	61	7A1	1.544	AGCAATA
1010147	327	7A1	2.331	AGCAATA
1010495	443	8m	3.467	AAGCAAT
1011325	374	8m	2.488	AGCAATA
1011351	98	7m8	2.025	AAGCAAT
1011517	139	7m8	1.601	AAGCAAT
1011953	64	7A1	1.465	AGCAATA
1012774	560	7m8	1.874	AAGCAAT
1013091	503	7m8	2.995	AAGCAAT
1014103	259	7m8	1.059	AAGCAAT
1014176	1262	7A1	1.314	AGCAATA
1014360	406	7m8	1.794	AAGCAAT
1014462	913	7m8	1.554	AAGCAAT
1014862	552	7m8	1.422	AAGCAAT
1014896	255	8m	2.084	AAGCAAT
1014896	441	7A1	1.022	AGCAATA
1015154	40	7A1	1.504	AGCAATA
1015182	425	7m8	1.089	AAGCAAT
1015723	2084	8m	2.800	AAGCAAT
1015723	2310	7m8	2.665	AAGCAAT
1015775	502	7m8	1.591	AAGCAAT
1016182	247	7m8	1.052	AAGCAAT
1016326	400	7m8	1.518	AAGCAAT
1016395	464	7m8	2.150	AAGCAAT
1016416	539	7m8	2.494	AAGCAAT
1016457	1069	7m8	1.845	AAGCAAT
1016559	613	7m8	3.054	AAGCAAT
1016601	342	7A1	2.615	AGCAATA
1016601	355	8m	2.615	AAGCAAT
1016871	512	7m8	2.318	AAGCAAT
1017034	303	7m8	1.985	AAGCAAT
1017094	322	7A1	2.002	AGCAATA
1017124	316	7m8	1.600	AAGCAAT
1017449	427	7A1	1.953	AGCAATA
1018365	381	7m8	2.870	AAGCAAT
1018365	480	8m	1.958	AGCAATA
1018986	125	7m8	1.163	AAGCAAT
1019035	103	7A1	1.118	AGCAATA
1019114	290	7m8	3.332	AAGCAAT
1019443	33	8m	1.295	AAGCAAT
1019745	326	7m8	1.321	AAGCAAT
1020262	230	7m8	1.268	AAGCAAT
1020318	791	7m8	1.059	AAGCAAT
1020663	258	7A1	1.864	AGCAATA
1020820	750	7m8	2.394	AAGCAAT
1021066	600	7m8	1.882	AAGCAAT
1021493	134	7m8	2.242	AAGCAAT
1021548	710	7A1	1.747	AGCAATA
1021804	14	7A1	1.825	AGCAATA
1021816	407	7m8	1.942	AAGCAAT
1022170	205	7A1	1.911	AGCAATA
1022844	156	8m	2.807	AGCAATA
1023082	863	7A1	2.493	AGCAATA
1023179	226	7A1	2.131	AGCAATA
1023247	297	7m8	1.161	AAGCAAT
1023356	38	7m8	2.010	AAGCAAT
1023388	281	7m8	1.268	AAGCAAT
1023393	3095	8m	2.788	AAGCAAT
1023529	38	7m8	1.913	AAGCAAT
1023708	2216	7A1	2.305	AGCAATA
1023849	1335	7A1	2.464	AGCAATA
1023925	1782	7A1	1.958	AGCAATA
1024759	658	8m	3.009	AAGCAAT
1024808	502	8m	1.832	AAGCAAT
1024808	515	7m8	1.056	AAGCAAT
1024808	870	8m	1.345	AAGCAAT
1024941	279	7m8	1.924	AAGCAAT
1025034	470	7m8	2.777	AAGCAAT
1025469	770	7m8	4.092	AAGCAAT
1025875	207	7m8	3.003	AAGCAAT
1025916	131	7m8	1.095	AAGCAAT
1025916	664	7m8	1.155	AAGCAAT
1026039	570	7m8	2.002	AAGCAAT
1026319	714	7A1	2.120	AGCAATA
1026324	483	7A1	1.150	AGCAATA
1026479	852	7A1	3.413	AGCAATA
1026685	168	8m	1.025	AGCAATA
1026932	449	7A1	1.410	AGCAATA
1026983	369	7A1	1.103	AGCAATA
1027159	652	7A1	2.526	AGCAATA
1027552	146	7A1	1.001	AGCAATA
1027610	584	7m8	1.838	AAGCAAT
1028013	382	8m	1.863	AGCAATA
1028650	313	7A1	1.259	AGCAATA
1028650	322	7A1	1.259	AGCAATA
1028881	261	7m8	1.118	AAGCAAT
1029039	149	7m8	2.567	AAGCAAT
1029346	47	7m8	1.750	AAGCAAT
1030280	2	7m8	1.041	AAGCAAT
1031309	527	7m8	1.858	AAGCAAT
1031360	941	7m8	3.048	AAGCAAT
1031376	147	8m	1.701	AGCAATA
1032015	164	8m	1.132	AAGCAAT
1032042	190	7m8	1.386	AAGCAAT
1032496	362	7m8	1.034	AAGCAAT
1032610	985	7m8	3.155	AAGCAAT
1032619	455	8m	1.554	AGCAATA
1032804	325	7A1	2.020	AGCAATA
1033139	68	7m8	1.184	AAGCAAT
1033242	535	7m8	1.846	AAGCAAT
1033331	207	7m8	1.716	AAGCAAT
1033733	67	8m	1.268	AAGCAAT
1033938	3368	7m8	1.794	AAGCAAT
1033941	3368	7m8	1.794	AAGCAAT
1034305	191	7A1	1.193	AGCAATA
1034314	870	7A1	2.059	AGCAATA
1034314	883	7A1	2.034	AGCAATA
1034320	75	7A1	1.121	AGCAATA
1034329	293	7m8	3.219	AAGCAAT
1034559	7	7m8	1.828	AAGCAAT
1035151	154	8m	1.771	AGCAATA
1035423	26	7m8	1.255	AAGCAAT
1035728	403	7A1	1.283	AGCAATA
1036545	16	8m	1.039	AAGCAAT
1036588	62	7m8	1.137	AAGCAAT
1036600	403	7A1	2.398	AGCAATA
1036766	661	7m8	3.061	AAGCAAT
1037117	15	7m8	1.226	AAGCAAT
1037830	123	7A1	2.628	AGCAATA
1038291	470	8m	2.728	AGCAATA
1038514	48	8m	2.399	AAGCAAT
1038806	608	7A1	1.334	AGCAATA
1038963	417	7m8	2.406	AAGCAAT
1039774	106	7m8	1.066	AAGCAAT
1039879	666	7A1	1.743	AGCAATA
1039903	404	7m8	3.635	AAGCAAT
1039906	238	8m	1.462	AGCAATA
1039952	159	7A1	1.479	AGCAATA
1040163	847	7A1	1.850	AGCAATA
1040531	517	7A1	1.707	AGCAATA
