1000243	677	7A1	1.893	ACAATAA
1000266	72	7A1	1.068	ACAATAA
1000353	417	7A1	1.243	ACAATAA
1000508	479	7A1	2.758	ACAATAA
1000827	1440	7m8	2.856	GACAATA
1000917	486	7A1	1.259	ACAATAA
1000926	714	7A1	1.185	ACAATAA
1000964	313	7A1	1.602	ACAATAA
1001110	85	7A1	2.986	ACAATAA
1001184	2358	8m	2.287	ACAATAA
1001292	17	7A1	1.554	ACAATAA
1001370	225	7A1	3.068	ACAATAA
1001599	1369	7A1	3.155	ACAATAA
1001864	658	7A1	2.038	ACAATAA
1002302	363	7A1	1.178	ACAATAA
1002317	722	7m8	2.327	GACAATA
1002365	189	7A1	1.398	ACAATAA
1002491	31	7A1	1.161	ACAATAA
1002601	96	7m8	1.998	GACAATA
1002701	116	7A1	1.291	ACAATAA
1002716	332	7A1	1.853	ACAATAA
1002893	122	7A1	1.429	ACAATAA
1002910	34	7A1	2.786	ACAATAA
1002910	40	7A1	2.786	ACAATAA
1003559	196	7A1	1.853	ACAATAA
1003601	59	7A1	1.456	ACAATAA
1003977	1133	7m8	3.535	GACAATA
1004118	469	7A1	1.866	ACAATAA
1004143	70	7A1	1.895	ACAATAA
1004298	323	7A1	2.370	ACAATAA
1004481	20	7A1	1.019	ACAATAA
1004663	45	7A1	1.554	ACAATAA
1004678	333	8m	1.028	GACAATA
1004762	312	7A1	1.410	ACAATAA
1004777	49	7A1	1.323	ACAATAA
1004976	97	7A1	1.049	ACAATAA
1005347	357	7A1	1.371	ACAATAA
1005743	111	7A1	1.501	ACAATAA
1006716	477	8m	1.180	ACAATAA
1006732	229	7A1	2.709	ACAATAA
1006754	101	7A1	1.922	ACAATAA
1006844	107	7A1	1.892	ACAATAA
1006901	628	7A1	1.489	ACAATAA
1007233	1798	8m	2.432	GACAATA
1007479	1485	7m8	2.807	GACAATA
1007582	680	7m8	1.196	GACAATA
1007644	233	7A1	1.781	ACAATAA
1007819	132	7A1	2.675	ACAATAA
1008088	746	7A1	3.879	ACAATAA
1008106	1249	8m	1.411	GACAATA
1008148	626	7A1	1.331	ACAATAA
1008214	102	7A1	2.462	ACAATAA
1008222	249	7A1	2.464	ACAATAA
1008303	662	7A1	3.048	ACAATAA
1008508	575	7A1	1.506	ACAATAA
1008710	32	7A1	2.381	ACAATAA
1008782	260	8m	1.220	ACAATAA
1009367	508	7A1	3.002	ACAATAA
1009387	1840	7A1	1.335	ACAATAA
1009587	238	7A1	1.715	ACAATAA
1009832	294	7m8	1.014	GACAATA
1009832	406	8m	2.613	GACAATA
1010118	94	7A1	1.394	ACAATAA
1010213	618	7A1	2.395	ACAATAA
1010234	1042	8m	2.426	GACAATA
1011000	106	8m	1.312	ACAATAA
1011325	253	7A1	2.488	ACAATAA
1011707	1	7A1	1.196	ACAATAA
1011788	45	7A1	1.357	ACAATAA
1011848	50	7A1	1.058	ACAATAA
1012404	27	7A1	1.600	ACAATAA
1012713	32	7A1	1.685	ACAATAA
1012837	12	7A1	1.477	ACAATAA
1013225	220	7A1	1.400	ACAATAA
1013226	116	7A1	1.896	ACAATAA
1013243	219	7A1	2.068	ACAATAA
1013331	22	7A1	1.034	ACAATAA
1013539	641	7A1	2.848	ACAATAA
1013646	1259	7A1	1.896	ACAATAA
1014112	267	7A1	2.540	ACAATAA
1014362	437	7A1	1.062	ACAATAA
1014438	125	7A1	1.961	ACAATAA
1014471	905	7A1	1.954	ACAATAA
1014574	37	7A1	1.032	ACAATAA
1014893	1047	7A1	1.178	ACAATAA
1014896	488	7m8	1.952	GACAATA
1015017	39	7A1	2.106	ACAATAA
1015396	199	8m	1.848	GACAATA
1015403	188	7A1	1.600	ACAATAA
1015723	1877	7A1	1.594	ACAATAA
1015820	364	7A1	3.173	ACAATAA
1015825	656	7m8	3.121	GACAATA
1015948	192	8m	1.730	GACAATA
1016008	2422	8m	1.320	GACAATA
1016148	521	7A1	2.588	ACAATAA
1016193	360	7A1	1.186	ACAATAA
1016349	281	7A1	1.715	ACAATAA
1016427	244	7A1	1.331	ACAATAA
1016457	723	7A1	1.016	ACAATAA
1016572	109	7A1	2.333	ACAATAA
1016572	742	7A1	1.199	ACAATAA
1016592	78	7A1	1.268	ACAATAA
1016601	402	7A1	1.256	ACAATAA
1016614	660	8m	2.494	ACAATAA
1016686	109	8m	2.283	GACAATA
1016700	62	7A1	1.215	ACAATAA
1016715	88	7A1	1.598	ACAATAA
1017449	385	7A1	1.160	ACAATAA
1017559	381	7A1	1.853	ACAATAA
1018060	658	7A1	1.531	ACAATAA
1018245	86	7A1	1.660	ACAATAA
1018274	1114	7A1	1.090	ACAATAA
1018289	671	7m8	2.837	GACAATA
1018355	1449	7A1	1.459	ACAATAA
1018658	325	7A1	1.618	ACAATAA
1018658	331	7A1	1.141	ACAATAA
1018685	482	7A1	1.740	ACAATAA
1018765	369	7A1	2.578	ACAATAA
1019014	289	8m	1.609	ACAATAA
1019123	251	8m	1.313	ACAATAA
1019221	455	7A1	1.068	ACAATAA
1019231	133	8m	2.791	GACAATA
1020037	173	7A1	1.148	ACAATAA
1020543	22	7A1	3.064	ACAATAA
1020543	29	7A1	3.064	ACAATAA
1020616	46	8m	1.160	ACAATAA
1020663	771	7A1	3.002	ACAATAA
1020785	879	7A1	2.163	ACAATAA
1020841	395	7A1	1.154	ACAATAA
1021150	504	7A1	1.711	ACAATAA
1021490	228	7A1	3.643	ACAATAA
1021605	76	7A1	1.654	ACAATAA
1021605	112	8m	1.830	ACAATAA
1021688	71	7A1	1.831	ACAATAA
1021697	121	7A1	1.277	ACAATAA
1021963	158	7A1	2.753	ACAATAA
1022064	847	7A1	1.280	ACAATAA
1022114	333	7A1	2.098	ACAATAA
1022433	221	7A1	1.020	ACAATAA
1022844	256	7A1	1.989	ACAATAA
1023106	464	8m	1.196	GACAATA
1023294	365	7A1	1.009	ACAATAA
1023294	496	7A1	1.050	ACAATAA
1023326	49	7A1	2.236	ACAATAA
1023393	1104	7A1	1.926	ACAATAA
1023590	79	7A1	1.765	ACAATAA
1023597	426	7A1	1.504	ACAATAA
1023620	56	8m	2.570	ACAATAA
1023708	1204	7A1	2.235	ACAATAA
1023793	253	7A1	1.614	ACAATAA
1023804	208	7A1	1.427	ACAATAA
1023804	216	8m	1.427	ACAATAA
1023884	72	7A1	2.499	ACAATAA
1023925	703	7A1	1.268	ACAATAA
1023968	464	7A1	2.758	ACAATAA
1024021	285	7A1	2.381	ACAATAA
1024135	563	7A1	2.576	ACAATAA
1024235	487	7A1	1.081	ACAATAA
1024439	471	7A1	2.487	ACAATAA
1024607	281	7A1	1.992	ACAATAA
1024630	51	7A1	1.323	ACAATAA
1024724	134	7A1	3.227	ACAATAA
1024751	203	8m	2.229	ACAATAA
1024756	53	7A1	1.958	ACAATAA
1024808	379	7A1	1.690	ACAATAA
1024817	453	7A1	3.398	ACAATAA
1024831	687	7A1	2.910	ACAATAA
1024841	302	7A1	1.506	ACAATAA
1024989	237	7A1	1.901	ACAATAA
1025062	104	7A1	1.557	ACAATAA
1025062	277	7A1	2.130	ACAATAA
1025274	207	7A1	2.542	ACAATAA
1025463	323	7A1	1.098	ACAATAA
1025469	1309	7A1	1.986	ACAATAA
1025560	269	7m8	1.554	GACAATA
1025666	227	7A1	1.410	ACAATAA
1026086	192	8m	2.224	ACAATAA
1026093	707	7A1	1.845	ACAATAA
1026108	122	7A1	3.615	ACAATAA
1026412	102	7A1	1.038	ACAATAA
1026482	158	7m8	2.211	GACAATA
1026690	711	7A1	1.092	ACAATAA
1027001	1045	8m	3.107	GACAATA
1027610	572	7A1	1.874	ACAATAA
1027610	612	7A1	1.467	ACAATAA
1027902	272	7A1	2.390	ACAATAA
1028072	58	7A1	2.895	ACAATAA
1028205	198	7A1	2.596	ACAATAA
1028474	373	7A1	1.012	ACAATAA
1028868	556	7A1	2.315	ACAATAA
1028925	621	7A1	1.110	ACAATAA
1029354	292	7A1	1.681	ACAATAA
1029590	650	7A1	1.604	ACAATAA
1029834	158	7A1	1.054	ACAATAA
1029906	438	7A1	1.901	ACAATAA
1030025	66	7A1	1.754	ACAATAA
1030145	99	7A1	1.425	ACAATAA
1030156	517	7A1	1.133	ACAATAA
1030187	1003	7A1	1.138	ACAATAA
1030665	26	7A1	1.748	ACAATAA
1030668	592	8m	1.643	GACAATA
1030866	28	7A1	1.429	ACAATAA
1030967	177	7m8	1.164	GACAATA
1031200	267	7A1	1.225	ACAATAA
1031559	327	7A1	1.178	ACAATAA
1031653	13	8m	1.498	ACAATAA
1032199	257	8m	1.040	GACAATA
1032496	609	7A1	2.127	ACAATAA
1032632	169	7A1	1.930	ACAATAA
1032685	376	7A1	1.534	ACAATAA
1032804	534	7A1	2.505	ACAATAA
1032830	431	7A1	1.334	ACAATAA
1032853	139	7A1	1.306	ACAATAA
1032856	139	7A1	1.306	ACAATAA
1032859	139	7A1	1.306	ACAATAA
1032862	139	7A1	1.306	ACAATAA
1033154	280	7A1	1.238	ACAATAA
1033283	172	7A1	1.641	ACAATAA
1033427	192	7A1	1.467	ACAATAA
1033551	489	7A1	1.055	ACAATAA
1033572	35	7A1	2.754	ACAATAA
1033596	211	7A1	1.505	ACAATAA
1033614	78	7A1	2.536	ACAATAA
1033676	812	7m8	1.125	GACAATA
1033835	467	7A1	2.381	ACAATAA
1034238	232	7A1	1.867	ACAATAA
1034257	499	7A1	2.045	ACAATAA
1034257	4872	7A1	1.266	ACAATAA
1034398	221	7A1	1.014	ACAATAA
1034467	205	7A1	1.225	ACAATAA
1035067	153	7A1	1.172	ACAATAA
1035194	249	8m	1.410	GACAATA
1035354	145	7A1	1.094	ACAATAA
1035539	128	8m	2.986	GACAATA
1035689	394	7A1	1.639	ACAATAA
1035777	212	7m8	1.282	GACAATA
1036398	639	7A1	1.630	ACAATAA
1036402	106	7A1	1.058	ACAATAA
1036434	454	7A1	2.265	ACAATAA
1036600	215	7A1	2.000	ACAATAA
1036868	629	7A1	2.401	ACAATAA
1037117	65	7A1	1.394	ACAATAA
1037168	1087	8m	1.314	GACAATA
1037506	438	8m	2.332	GACAATA
1037513	19	8m	1.518	ACAATAA
1037703	259	7A1	2.411	ACAATAA
1037907	49	7m8	1.936	GACAATA
1037941	37	7A1	1.089	ACAATAA
1037986	516	7A1	2.058	ACAATAA
1038082	277	7A1	1.314	ACAATAA
1038374	54	7A1	1.470	ACAATAA
1038876	203	7A1	1.117	ACAATAA
1038876	262	8m	1.700	ACAATAA
1039204	680	7m8	1.009	GACAATA
1039280	94	7A1	2.240	ACAATAA
1039566	6	7A1	2.043	ACAATAA
1039850	59	7A1	2.278	ACAATAA
1039850	253	7A1	1.922	ACAATAA
1039867	746	7A1	1.093	ACAATAA
1039916	336	7A1	1.124	ACAATAA
1039947	640	7A1	2.149	ACAATAA
1039967	216	7A1	1.312	ACAATAA
1039976	782	7A1	3.937	ACAATAA
1040060	147	8m	1.584	ACAATAA
1040093	48	7A1	1.681	ACAATAA
1040354	828	7A1	2.325	ACAATAA
1040432	79	8m	1.194	GACAATA
1040440	344	7A1	1.766	ACAATAA
1040525	381	7A1	1.954	ACAATAA
1040531	391	7A1	1.074	ACAATAA
