1000544	449	7A1	2.081	TGTGATA
1000805	245	7A1	1.329	TGTGATA
1000946	246	7A1	1.818	TGTGATA
1001107	344	7A1	1.691	TGTGATA
1001122	92	7A1	1.823	TGTGATA
1001134	1019	7A1	2.271	TGTGATA
1001226	155	7A1	1.953	TGTGATA
1001535	811	7A1	3.170	TGTGATA
1002174	511	7A1	2.807	TGTGATA
1002377	120	8m	3.490	CTGTGAT
1002593	1086	7m8	2.333	CTGTGAT
1002748	162	8m	2.722	TGTGATA
1003366	73	7m8	1.486	CTGTGAT
1003601	127	7m8	1.726	CTGTGAT
1003642	1091	7A1	2.494	TGTGATA
1004133	103	7A1	1.699	TGTGATA
1004654	331	7A1	1.701	TGTGATA
1004678	455	7A1	1.190	TGTGATA
1005477	329	7m8	1.051	CTGTGAT
1005713	442	7A1	1.100	TGTGATA
1006585	914	7A1	2.737	TGTGATA
1006585	2118	7A1	1.569	TGTGATA
1007210	136	8m	1.554	CTGTGAT
1007338	418	8m	2.807	CTGTGAT
1007371	101	7m8	1.163	CTGTGAT
1008076	139	7A1	2.617	TGTGATA
1008076	157	7A1	2.985	TGTGATA
1008441	32	7m8	1.307	CTGTGAT
1008656	195	8m	3.200	CTGTGAT
1008656	246	8m	2.979	CTGTGAT
1008722	696	8m	2.807	CTGTGAT
1008891	243	7m8	2.284	CTGTGAT
1008945	247	7A1	2.474	TGTGATA
1008945	445	7A1	1.109	TGTGATA
1008953	83	7A1	1.313	TGTGATA
1008972	141	7A1	1.062	TGTGATA
1009437	662	7A1	2.205	TGTGATA
1009667	841	8m	2.858	TGTGATA
1010234	21	7m8	2.807	CTGTGAT
1010976	214	7m8	2.800	CTGTGAT
1011531	843	8m	2.170	CTGTGAT
1011572	52	7m8	1.131	CTGTGAT
1011584	453	8m	2.358	CTGTGAT
1011697	92	7A1	1.702	TGTGATA
1011823	278	7A1	1.400	TGTGATA
1012873	385	7m8	1.937	CTGTGAT
1013385	372	7A1	1.640	TGTGATA
1013400	220	7A1	2.447	TGTGATA
1013645	79	7A1	1.826	TGTGATA
1013652	379	7A1	2.736	TGTGATA
1013787	164	7A1	3.049	TGTGATA
1014893	126	7m8	1.319	CTGTGAT
1014999	222	8m	2.301	TGTGATA
1015367	377	7A1	1.196	TGTGATA
1015387	183	7A1	2.924	TGTGATA
1015498	3	7A1	1.942	TGTGATA
1015723	185	7A1	1.952	TGTGATA
1015723	1718	7A1	1.952	TGTGATA
1015775	2345	7A1	3.131	TGTGATA
1016031	2009	7m8	2.807	CTGTGAT
1016193	308	7m8	1.592	CTGTGAT
1016289	589	7A1	1.600	TGTGATA
1016416	830	8m	2.494	CTGTGAT
1016569	257	7m8	4.395	CTGTGAT
1016649	52	7m8	2.494	CTGTGAT
1016710	33	8m	2.829	CTGTGAT
1016811	333	7A1	2.606	TGTGATA
1016960	859	7A1	1.143	TGTGATA
1016988	386	7m8	2.096	CTGTGAT
1017048	649	7A1	1.936	TGTGATA
1017094	462	7m8	2.800	CTGTGAT
1017436	1	7m8	2.023	CTGTGAT
1017455	24	7A1	2.257	TGTGATA
1017487	315	8m	1.951	TGTGATA
1017620	203	7A1	1.645	TGTGATA
1017929	275	7m8	1.665	CTGTGAT
1017942	108	7A1	1.809	TGTGATA
1017957	432	8m	3.368	TGTGATA
1018006	393	7A1	1.479	TGTGATA
1018083	429	7A1	1.882	TGTGATA
1018102	180	7m8	1.256	CTGTGAT
1018205	82	7m8	1.013	CTGTGAT
1018458	254	7A1	2.940	TGTGATA
1018625	163	7A1	1.735	TGTGATA
1018786	194	7A1	1.715	TGTGATA
1019162	141	7m8	1.064	CTGTGAT
1019948	193	7A1	1.422	TGTGATA
1020232	87	8m	1.507	CTGTGAT
1020677	92	7A1	2.095	TGTGATA
1020785	910	7A1	2.009	TGTGATA
1021086	8	7m8	1.198	CTGTGAT
1021202	200	7A1	1.958	TGTGATA
1021538	864	8m	2.588	CTGTGAT
1021593	45	7m8	1.275	CTGTGAT
1021718	117	7A1	3.376	TGTGATA
1021798	91	8m	2.679	CTGTGAT
1021816	299	7m8	2.601	CTGTGAT
1021816	436	7A1	2.562	TGTGATA
1022477	26	7A1	1.847	TGTGATA
1022856	94	7A1	1.359	TGTGATA
1023007	53	8m	2.661	CTGTGAT
1023149	15	7A1	1.599	TGTGATA
1023200	229	7A1	1.876	TGTGATA
1023237	123	7A1	2.966	TGTGATA
1023535	546	7m8	2.942	CTGTGAT
1023570	435	7m8	3.140	CTGTGAT
1023590	58	8m	1.570	TGTGATA
1023700	15	7A1	1.068	TGTGATA
1023708	1595	8m	3.107	CTGTGAT
1023915	441	7m8	2.923	CTGTGAT
1024213	497	8m	2.807	CTGTGAT
1024357	129	7A1	1.238	TGTGATA
1024379	121	7m8	1.275	CTGTGAT
1024382	283	7A1	1.923	TGTGATA
1024390	309	7A1	1.722	TGTGATA
1024439	289	7A1	1.582	TGTGATA
1024508	90	7m8	2.507	CTGTGAT
1024603	435	7A1	1.958	TGTGATA
1024831	157	7A1	1.124	TGTGATA
1024941	782	7A1	2.336	TGTGATA
1024980	1091	8m	3.419	TGTGATA
1025053	277	7A1	1.311	TGTGATA
1025134	51	7m8	3.266	CTGTGAT
1025206	185	7A1	2.535	TGTGATA
1025227	143	7m8	3.108	CTGTGAT
1025251	145	8m	2.619	CTGTGAT
1025320	218	7m8	2.083	CTGTGAT
1025386	464	7m8	2.485	CTGTGAT
1025826	37	8m	1.163	CTGTGAT
1026159	270	7A1	2.679	TGTGATA
1026387	107	7m8	1.393	CTGTGAT
1026527	49	7A1	2.212	TGTGATA
1026713	769	7A1	2.985	TGTGATA
1027650	351	7m8	3.155	CTGTGAT
1027685	116	7A1	1.958	TGTGATA
1027739	106	7m8	2.920	CTGTGAT
1027857	52	8m	1.961	CTGTGAT
1028099	66	7A1	1.461	TGTGATA
1028117	502	7m8	1.329	CTGTGAT
1028212	359	7A1	2.923	TGTGATA
1028399	83	7m8	1.390	CTGTGAT
1028868	565	7A1	3.355	TGTGATA
1028871	124	7A1	3.353	TGTGATA
1029174	700	7m8	1.268	CTGTGAT
1029387	353	7A1	1.387	TGTGATA
1029953	851	8m	2.240	CTGTGAT
1030689	69	7A1	2.504	TGTGATA
1030724	154	7A1	1.710	TGTGATA
1030968	258	7A1	2.358	TGTGATA
1031189	211	8m	1.611	CTGTGAT
1031217	221	7m8	1.086	CTGTGAT
1031376	107	8m	3.285	TGTGATA
1031894	38	7A1	2.990	TGTGATA
1032081	74	7A1	1.506	TGTGATA
1032233	242	7A1	2.193	TGTGATA
1032253	284	7m8	1.072	CTGTGAT
1032280	890	8m	1.699	CTGTGAT
1032371	1264	7m8	2.716	CTGTGAT
1032838	794	7m8	1.600	CTGTGAT
1032970	1110	7A1	2.617	TGTGATA
1032992	93	7A1	1.716	TGTGATA
1033086	52	7m8	1.600	CTGTGAT
1033569	250	7A1	1.554	TGTGATA
1033787	420	7A1	3.049	TGTGATA
1033787	554	7m8	2.968	CTGTGAT
1033944	201	8m	1.054	TGTGATA
1033947	201	8m	1.281	TGTGATA
1033950	201	8m	1.281	TGTGATA
1034112	108	7m8	1.797	CTGTGAT
1034479	268	8m	2.534	CTGTGAT
1034559	80	8m	1.972	CTGTGAT
1034622	490	7m8	1.754	CTGTGAT
1034712	84	7m8	1.944	CTGTGAT
1034791	290	7A1	3.293	TGTGATA
1035105	101	7A1	1.639	TGTGATA
1035138	108	7m8	2.800	CTGTGAT
1035138	113	7A1	2.800	TGTGATA
1035378	775	7m8	2.110	CTGTGAT
1035735	236	7m8	1.251	CTGTGAT
1035800	1127	7A1	1.182	TGTGATA
1035800	1270	7m8	3.904	CTGTGAT
1036038	130	7A1	1.371	TGTGATA
1036776	49	7m8	2.315	CTGTGAT
1036942	78	7A1	1.474	TGTGATA
1037141	163	7m8	2.278	CTGTGAT
1037298	98	7m8	1.242	CTGTGAT
1037378	124	7A1	1.257	TGTGATA
1037777	455	7m8	2.509	CTGTGAT
1037979	287	7A1	1.518	TGTGATA
1037980	447	7m8	3.867	CTGTGAT
1038019	168	7A1	1.683	TGTGATA
1038019	176	7A1	1.683	TGTGATA
1038090	955	8m	3.870	CTGTGAT
1038165	86	7m8	1.281	CTGTGAT
1038758	193	7A1	3.636	TGTGATA
1039249	651	7m8	1.293	CTGTGAT
1039283	70	7m8	1.979	CTGTGAT
1039505	247	7A1	1.016	TGTGATA
1039591	39	7m8	1.716	CTGTGAT
1039649	790	7A1	2.922	TGTGATA
1040121	224	7m8	1.193	CTGTGAT
1040440	66	7A1	2.278	TGTGATA
1040488	414	7A1	1.349	TGTGATA
