1000044	815	7m8	1.429	GGCAGCT
1000460	113	7A1	1.003	GCAGCTA
1000769	618	7m8	1.445	GGCAGCT
1000964	800	7A1	2.412	GCAGCTA
1001078	5	7m8	1.495	GGCAGCT
1001114	24	7A1	1.041	GCAGCTA
1001517	644	7A1	1.062	GCAGCTA
1002479	110	7m8	1.337	GGCAGCT
1003149	882	7m8	2.671	GGCAGCT
1003307	624	7A1	1.015	GCAGCTA
1003633	293	7m8	1.259	GGCAGCT
1004335	390	7m8	1.927	GGCAGCT
1006039	13	7m8	1.682	GGCAGCT
1006076	94	7A1	1.876	GCAGCTA
1006109	335	7m8	1.946	GGCAGCT
1006109	398	7m8	2.617	GGCAGCT
1006812	1754	8m	1.188	GGCAGCT
1007005	155	8m	1.157	GGCAGCT
1007418	737	8m	1.750	GGCAGCT
1007791	36	7m8	2.186	GGCAGCT
1008106	817	7m8	2.196	GGCAGCT
1008804	77	7A1	1.178	GCAGCTA
1008858	30	7A1	2.511	GCAGCTA
1009072	560	7A1	1.196	GCAGCTA
1009099	148	7m8	2.494	GGCAGCT
1009437	992	7m8	1.249	GGCAGCT
1010651	330	7A1	1.716	GCAGCTA
1011279	3	7m8	1.582	GGCAGCT
1011839	14	7m8	1.554	GGCAGCT
1012452	39	8m	1.389	GCAGCTA
1014872	389	7m8	1.015	GGCAGCT
1015049	1214	7A1	1.355	GCAGCTA
1015089	199	7A1	1.031	GCAGCTA
1015207	391	7A1	1.417	GCAGCTA
1016008	534	7m8	1.132	GGCAGCT
1016031	816	8m	3.451	GCAGCTA
1016416	465	7A1	1.508	GCAGCTA
1016611	392	7m8	1.502	GGCAGCT
1016853	790	8m	1.404	GGCAGCT
1017698	240	7A1	1.309	GCAGCTA
1017793	536	7m8	1.268	GGCAGCT
1017923	495	7A1	1.775	GCAGCTA
1018684	114	7m8	1.180	GGCAGCT
1018792	32	7m8	1.178	GGCAGCT
1019074	158	8m	1.009	GGCAGCT
1019700	486	7A1	1.895	GCAGCTA
1019962	703	8m	1.251	GGCAGCT
1020198	300	7m8	1.058	GGCAGCT
1021547	10	7m8	1.793	GGCAGCT
1021679	194	7m8	2.380	GGCAGCT
1022318	166	7A1	1.293	GCAGCTA
1022445	1055	8m	1.161	GGCAGCT
1022856	318	7A1	1.193	GCAGCTA
1023226	347	7m8	1.020	GGCAGCT
1023237	558	7m8	1.084	GGCAGCT
1023793	146	8m	1.949	GGCAGCT
1023849	1127	7m8	2.464	GGCAGCT
1024033	730	7m8	2.914	GGCAGCT
1025041	260	7m8	1.375	GGCAGCT
1025230	62	7m8	1.990	GGCAGCT
1025422	555	8m	1.754	GGCAGCT
1025481	252	7m8	2.672	GGCAGCT
1025547	121	7m8	1.498	GGCAGCT
1025550	121	7m8	1.498	GGCAGCT
1025560	432	7A1	1.848	GCAGCTA
1025666	250	7A1	1.103	GCAGCTA
1026179	284	7m8	1.215	GGCAGCT
1026260	28	7A1	1.238	GCAGCTA
1026713	570	7A1	1.091	GCAGCTA
1027574	243	7m8	1.245	GGCAGCT
1027902	208	7m8	2.675	GGCAGCT
1028009	327	7m8	1.050	GGCAGCT
1028524	686	7m8	2.054	GGCAGCT
1028881	269	7m8	1.238	GGCAGCT
1029066	28	7m8	1.136	GGCAGCT
1029174	809	7m8	1.162	GGCAGCT
1029334	303	7m8	1.528	GGCAGCT
1029354	310	7A1	1.125	GCAGCTA
1031776	23	7A1	1.148	GCAGCTA
1031881	349	7A1	1.268	GCAGCTA
1032827	109	8m	1.213	GCAGCTA
1033376	495	8m	1.879	GGCAGCT
1034547	310	7m8	1.436	GGCAGCT
1034601	103	7m8	2.079	GGCAGCT
1034806	167	7A1	1.254	GCAGCTA
1035012	106	7m8	2.447	GGCAGCT
1035228	15	7A1	1.190	GCAGCTA
1035402	208	7m8	1.660	GGCAGCT
1035456	161	7m8	1.943	GGCAGCT
1035525	617	7m8	1.701	GGCAGCT
1036116	84	7m8	1.078	GGCAGCT
1036251	237	7m8	1.066	GGCAGCT
1037149	55	8m	2.346	GGCAGCT
1037149	128	7m8	1.702	GGCAGCT
1037561	12	7A1	1.150	GCAGCTA
1037654	223	7A1	2.693	GCAGCTA
1038607	709	7m8	1.385	GGCAGCT
1038815	504	7m8	1.447	GGCAGCT
1038858	536	7A1	1.942	GCAGCTA
1039238	527	7m8	1.328	GGCAGCT
1039708	30	7A1	1.717	GCAGCTA
1039825	16	7m8	1.348	GGCAGCT
1040339	1	7m8	1.375	GGCAGCT
1040354	784	8m	1.098	GGCAGCT
1040531	1371	7A1	1.705	GCAGCTA
