1001876	422	7A1	1.618	GATATTA
1002006	381	8m	1.108	TGATATT
1002580	236	8m	1.446	TGATATT
1003693	515	7m8	1.895	TGATATT
1004118	457	7m8	2.438	TGATATT
1004133	106	8m	1.836	TGATATT
1005703	418	7A1	1.197	GATATTA
1006585	2121	7m8	1.569	TGATATT
1007125	660	7A1	2.851	GATATTA
1007532	754	7m8	2.237	TGATATT
1007804	413	7A1	1.896	GATATTA
1007837	306	7A1	1.099	GATATTA
1007905	353	7A1	1.367	GATATTA
1008106	280	7m8	2.498	TGATATT
1008165	35	7m8	1.410	TGATATT
1009324	235	7m8	1.999	TGATATT
1011062	187	7m8	1.462	TGATATT
1012027	47	8m	1.268	TGATATT
1012338	517	7m8	1.472	TGATATT
1012594	97	8m	1.467	TGATATT
1013769	1029	7m8	2.578	TGATATT
1013769	2494	7A1	2.328	GATATTA
1015071	1299	7m8	2.679	TGATATT
1015083	84	8m	1.895	TGATATT
1015273	291	7m8	1.589	TGATATT
1015546	324	7m8	2.138	TGATATT
1016031	869	7m8	1.958	TGATATT
1016289	31	7m8	1.722	TGATATT
1016473	127	7A1	1.633	GATATTA
1016631	113	7A1	1.961	GATATTA
1016653	112	7A1	2.154	GATATTA
1016811	336	7m8	2.606	TGATATT
1016811	344	8m	2.606	TGATATT
1016960	328	7m8	1.463	TGATATT
1016960	862	7m8	1.113	TGATATT
1017455	27	7m8	2.257	TGATATT
1017904	23	8m	1.929	TGATATT
1018060	123	7m8	1.553	TGATATT
1019200	283	7A1	1.032	GATATTA
1020915	530	8m	2.807	TGATATT
1021372	72	7A1	1.224	GATATTA
1022194	618	7m8	1.175	TGATATT
1023400	69	7A1	2.602	GATATTA
1023992	27	7m8	2.750	TGATATT
1024646	1446	7m8	2.537	TGATATT
1025224	255	7m8	1.588	TGATATT
1025493	948	7m8	1.411	TGATATT
1025514	365	7m8	3.396	TGATATT
1025944	614	7m8	2.263	TGATATT
1026002	84	7m8	1.006	TGATATT
1026093	249	7A1	2.601	GATATTA
1026479	690	7m8	3.227	TGATATT
1026713	772	7m8	2.985	TGATATT
1026948	90	7m8	1.594	TGATATT
1027425	209	7A1	1.361	GATATTA
1027775	1848	8m	1.894	TGATATT
1027956	3	7m8	1.506	TGATATT
1028871	127	8m	2.507	TGATATT
1030187	944	8m	3.175	TGATATT
1030689	72	8m	1.885	TGATATT
1031200	239	7A1	2.584	GATATTA
1031406	331	7m8	2.402	TGATATT
1031429	1563	8m	1.703	TGATATT
1032037	338	7A1	2.678	GATATTA
1032468	377	7A1	2.662	GATATTA
1032906	215	7m8	2.064	TGATATT
1032970	1113	8m	2.617	TGATATT
1035528	197	7A1	1.006	GATATTA
1035777	135	7A1	1.105	GATATTA
1036372	119	7m8	1.560	TGATATT
1036557	261	7m8	1.244	TGATATT
1037306	51	7m8	1.249	TGATATT
1037979	290	7m8	1.846	TGATATT
1040156	3	7m8	2.697	TGATATT
1040199	679	7m8	1.578	TGATATT
1040459	85	7m8	1.154	TGATATT
