1002736	437	7A1	1.595	GAGGCTA
1004678	1580	7m8	2.305	AGAGGCT
1006017	516	8m	1.519	AGAGGCT
1006585	2024	8m	1.569	AGAGGCT
1007338	386	8m	1.268	GAGGCTA
1008099	727	7A1	1.701	GAGGCTA
1008968	39	7m8	1.264	AGAGGCT
1011325	177	7m8	1.304	AGAGGCT
1015838	55	7A1	1.688	GAGGCTA
1015934	323	7m8	3.148	AGAGGCT
1017881	180	7m8	2.384	AGAGGCT
1018289	544	7m8	1.118	AGAGGCT
1018289	744	7m8	1.214	AGAGGCT
1021410	1693	7m8	1.389	AGAGGCT
1021709	159	7m8	1.883	AGAGGCT
1021885	188	8m	2.815	AGAGGCT
1023269	602	7m8	1.624	AGAGGCT
1024573	135	7A1	1.373	GAGGCTA
1027091	254	8m	1.695	AGAGGCT
1027285	212	7m8	1.159	AGAGGCT
1029022	153	7A1	1.410	GAGGCTA
1029566	623	7m8	1.310	AGAGGCT
1029979	277	7A1	1.383	GAGGCTA
1034810	50	7A1	1.140	GAGGCTA
1036344	801	7m8	1.673	AGAGGCT
1037492	35	7A1	2.224	GAGGCTA
1037700	28	7A1	1.059	GAGGCTA
1038419	95	7m8	1.043	AGAGGCT
1038607	817	8m	1.478	AGAGGCT
