1000111	54	7A1	2.159	GTTAACA
1000120	257	7m8	1.054	AGTTAAC
1000781	6	7A1	4.207	GTTAACA
1002406	40	7A1	1.028	GTTAACA
1002697	705	7m8	1.598	AGTTAAC
1002697	735	8m	1.773	AGTTAAC
1003038	104	7m8	1.033	AGTTAAC
1004329	140	7m8	2.288	AGTTAAC
1004409	6	7m8	2.570	AGTTAAC
1004524	41	7m8	1.816	AGTTAAC
1004865	194	7A1	1.554	GTTAACA
1005257	240	8m	1.068	AGTTAAC
1005939	172	7A1	1.185	GTTAACA
1006585	1762	7m8	2.776	AGTTAAC
1006788	3	8m	2.800	AGTTAAC
1006892	386	7m8	1.367	AGTTAAC
1006901	1048	7A1	3.151	GTTAACA
1006942	438	8m	1.825	AGTTAAC
1007146	749	7A1	1.677	GTTAACA
1007479	24	7A1	2.800	GTTAACA
1007577	24	7A1	2.800	GTTAACA
1007800	186	7A1	2.051	GTTAACA
1008466	26	7A1	1.927	GTTAACA
1008496	211	7A1	2.850	GTTAACA
1008873	362	7m8	3.286	AGTTAAC
1009265	182	7A1	1.571	GTTAACA
1009387	1870	8m	2.807	AGTTAAC
1009406	226	7A1	2.306	GTTAACA
1009712	9	8m	1.559	AGTTAAC
1010895	29	8m	3.209	GTTAACA
1011388	22	7A1	3.110	GTTAACA
1012515	493	8m	1.937	AGTTAAC
1012752	59	7m8	1.501	AGTTAAC
1013735	4	7A1	1.202	GTTAACA
1014322	38	7m8	1.555	AGTTAAC
1014462	557	7A1	2.833	GTTAACA
1014896	469	7A1	1.752	GTTAACA
1015261	304	8m	1.183	AGTTAAC
1015910	355	8m	1.911	AGTTAAC
1015975	26	7m8	2.646	AGTTAAC
1016049	403	7m8	2.137	AGTTAAC
1017124	120	7A1	2.494	GTTAACA
1017133	812	7m8	1.474	AGTTAAC
1017737	31	8m	1.790	AGTTAAC
1018289	1085	7m8	1.523	AGTTAAC
1018429	505	7A1	1.961	GTTAACA
1018765	365	7A1	2.578	GTTAACA
1019043	60	7A1	1.751	GTTAACA
1019392	252	7A1	2.228	GTTAACA
1019740	64	8m	2.892	AGTTAAC
1020318	700	7A1	1.844	GTTAACA
1020521	25	7A1	1.016	GTTAACA
1020730	243	7m8	1.723	AGTTAAC
1021359	4	7m8	1.048	AGTTAAC
1022167	4	7A1	2.657	GTTAACA
1023103	29	7m8	2.165	AGTTAAC
1023103	395	7A1	1.927	GTTAACA
1023294	433	7m8	3.002	AGTTAAC
1023467	456	7m8	2.509	AGTTAAC
1023777	11	7m8	3.296	AGTTAAC
1024390	507	7m8	1.593	AGTTAAC
1024640	22	7m8	1.854	AGTTAAC
1024678	9	7m8	1.189	AGTTAAC
1025041	48	7A1	1.268	GTTAACA
1026324	293	7A1	1.465	GTTAACA
1027775	618	7m8	3.828	AGTTAAC
1027829	32	7m8	1.333	AGTTAAC
1028782	194	7m8	1.707	AGTTAAC
1029058	8	7A1	2.983	GTTAACA
1029272	168	7A1	1.096	GTTAACA
1031070	14	7m8	1.402	AGTTAAC
1032619	492	7A1	1.201	GTTAACA
1032824	353	7m8	2.688	AGTTAAC
1032830	102	7A1	1.379	GTTAACA
1033572	173	7A1	2.754	GTTAACA
1033741	377	7m8	1.071	AGTTAAC
1033885	721	7m8	1.309	AGTTAAC
1033969	712	7m8	2.023	AGTTAAC
1034392	109	7m8	1.134	AGTTAAC
1034395	61	7A1	1.951	GTTAACA
1034395	122	8m	1.936	AGTTAAC
1034608	29	7A1	1.208	GTTAACA
1035378	1498	7m8	1.064	AGTTAAC
1035689	368	7m8	3.091	AGTTAAC
1035848	32	7m8	1.133	AGTTAAC
1036344	715	7A1	2.869	GTTAACA
1036441	5	7A1	1.310	GTTAACA
1036594	36	7A1	2.331	GTTAACA
1036790	422	7m8	1.168	AGTTAAC
1036912	614	8m	1.754	AGTTAAC
1039115	106	7A1	1.097	GTTAACA
1039952	1403	7m8	1.687	AGTTAAC
1040117	33	7A1	1.936	GTTAACA
1040515	493	7A1	1.390	GTTAACA
1040559	6	7m8	1.961	AGTTAAC
1040587	26	7m8	1.671	AGTTAAC
