1000111	43	7m8	2.031	ATTCGAG
1000230	8	7m8	1.302	ATTCGAG
1001414	8	7A1	1.212	TTCGAGA
1001951	40	7m8	1.136	ATTCGAG
1002044	102	7m8	1.073	ATTCGAG
1002745	224	7m8	1.345	ATTCGAG
1003256	275	7A1	1.454	TTCGAGA
1006705	66	7m8	1.311	ATTCGAG
1006740	282	7A1	2.181	TTCGAGA
1007124	68	7A1	1.474	TTCGAGA
1007612	1279	7A1	1.962	TTCGAGA
1007837	292	8m	1.035	ATTCGAG
1007944	414	7m8	1.033	ATTCGAG
1008127	287	7A1	1.019	TTCGAGA
1008148	6	7A1	1.123	TTCGAGA
1008283	48	7A1	1.220	TTCGAGA
1008575	57	7A1	2.079	TTCGAGA
1008644	128	7A1	1.640	TTCGAGA
1008771	49	8m	1.108	TTCGAGA
1009330	10	7m8	2.499	ATTCGAG
1009721	46	8m	1.828	TTCGAGA
1010513	0	7m8	1.547	ATTCGAG
1010598	16	7m8	1.065	ATTCGAG
1010648	349	7A1	1.408	TTCGAGA
1010651	8	7A1	1.196	TTCGAGA
1010973	73	7m8	1.270	ATTCGAG
1011800	91	7m8	1.637	ATTCGAG
1011917	0	8m	1.570	ATTCGAG
1012745	10	7m8	1.607	ATTCGAG
1013400	61	8m	1.040	ATTCGAG
1014047	379	7m8	1.904	ATTCGAG
1014990	265	7m8	2.374	ATTCGAG
1015110	740	7m8	1.525	ATTCGAG
1015981	4	7m8	1.248	ATTCGAG
1016152	6	7A1	1.166	TTCGAGA
1016233	849	8m	1.754	TTCGAGA
1016253	6	7m8	1.098	ATTCGAG
1017030	583	7A1	1.216	TTCGAGA
1017171	480	7m8	1.768	ATTCGAG
1017793	89	7A1	1.076	TTCGAGA
1019901	116	7m8	1.702	ATTCGAG
1022099	527	7m8	1.548	ATTCGAG
1023247	339	7A1	3.531	TTCGAGA
1023620	400	7A1	1.211	TTCGAGA
1023700	382	7A1	1.009	TTCGAGA
1023792	725	8m	2.127	ATTCGAG
1024174	17	7m8	1.203	ATTCGAG
1024273	10	7m8	2.490	ATTCGAG
1024276	2	7m8	1.953	ATTCGAG
1024636	635	7A1	1.040	TTCGAGA
1024942	6	7m8	2.983	ATTCGAG
1025469	1545	7m8	1.280	ATTCGAG
1025514	350	8m	1.260	TTCGAGA
1025698	55	8m	1.495	ATTCGAG
1025928	159	7m8	1.130	ATTCGAG
1026327	20	7A1	2.986	TTCGAGA
1026560	224	7A1	1.438	TTCGAGA
1026713	21	7m8	1.154	ATTCGAG
1027034	74	8m	1.278	TTCGAGA
1027779	247	7A1	1.248	TTCGAGA
1028814	86	7A1	2.807	TTCGAGA
1030196	30	7m8	1.534	ATTCGAG
1031162	0	8m	2.257	ATTCGAG
1031639	477	7A1	1.407	TTCGAGA
1032957	706	7m8	1.474	ATTCGAG
1033013	307	7A1	2.118	TTCGAGA
1033023	176	8m	1.896	TTCGAGA
1033209	2368	7A1	1.602	TTCGAGA
1033714	40	7A1	1.427	TTCGAGA
1035012	310	7m8	1.404	ATTCGAG
1036119	32	7A1	1.254	TTCGAGA
1036284	339	7A1	1.422	TTCGAGA
1036540	66	7m8	1.849	ATTCGAG
1038151	221	7m8	1.934	ATTCGAG
1038151	235	7A1	1.841	TTCGAGA
1039220	1914	7A1	1.103	TTCGAGA
1039906	77	7A1	2.478	TTCGAGA
