1002604	289	7A1	1.941	GGAACTA
1004567	62	7m8	1.018	TGGAACT
1005126	25	7A1	1.025	GGAACTA
1005710	139	8m	1.219	GGAACTA
1007116	469	7m8	3.231	TGGAACT
1008294	723	7m8	1.906	TGGAACT
1010484	69	8m	1.166	GGAACTA
1011279	297	7A1	1.232	GGAACTA
1011289	14	7m8	1.572	TGGAACT
1012142	76	7m8	1.311	TGGAACT
1012872	2	7A1	1.052	GGAACTA
1014976	30	7A1	2.381	GGAACTA
1015065	440	7A1	2.796	GGAACTA
1015276	35	7m8	1.158	TGGAACT
1015546	191	7m8	1.212	TGGAACT
1015723	918	8m	1.594	TGGAACT
1016008	1041	7m8	2.622	TGGAACT
1016218	525	7A1	2.782	GGAACTA
1016322	328	7m8	1.039	TGGAACT
1017022	894	7m8	1.610	TGGAACT
1017650	19	7m8	1.088	TGGAACT
1018260	206	8m	1.328	GGAACTA
1018289	813	7m8	1.268	TGGAACT
1021864	188	7m8	1.146	TGGAACT
1022171	270	8m	1.506	TGGAACT
1024187	468	7A1	1.311	GGAACTA
1026029	68	7A1	1.815	GGAACTA
1026978	143	8m	1.024	GGAACTA
1027649	232	8m	1.951	TGGAACT
1029808	20	7m8	1.122	TGGAACT
1031196	245	7m8	1.242	TGGAACT
1032280	1178	7m8	1.252	TGGAACT
1032312	171	7m8	2.136	TGGAACT
1032418	168	8m	1.105	GGAACTA
1032967	171	7m8	2.136	TGGAACT
1033248	1130	8m	4.779	TGGAACT
1034293	54	7m8	1.071	TGGAACT
1034768	344	7m8	1.213	TGGAACT
1035423	204	7A1	1.542	GGAACTA
1035777	121	7m8	1.022	TGGAACT
1036603	92	7A1	1.578	GGAACTA
1037935	391	7A1	1.186	GGAACTA
1040226	1049	7A1	1.101	GGAACTA
