1000291	92	7A1	1.231	ACAATCA
1000547	339	7m8	1.307	GACAATC
1000871	333	7m8	1.013	GACAATC
1001467	26	7A1	1.253	ACAATCA
1001499	77	7m8	1.124	GACAATC
1001512	892	7A1	1.311	ACAATCA
1001517	1052	7A1	1.456	ACAATCA
1002586	183	7m8	1.467	GACAATC
1003139	217	7A1	1.590	ACAATCA
1003366	23	7A1	1.984	ACAATCA
1003426	85	7A1	1.193	ACAATCA
1003977	1040	7A1	1.606	ACAATCA
1004678	674	7m8	2.272	GACAATC
1005692	233	7A1	1.754	ACAATCA
1006717	506	7A1	1.723	ACAATCA
1006728	84	7m8	1.554	GACAATC
1006740	204	8m	2.302	ACAATCA
1006942	483	7m8	1.599	GACAATC
1007209	177	8m	1.520	GACAATC
1007479	6	7m8	2.807	GACAATC
1007479	1838	7A1	2.807	ACAATCA
1007567	13	7A1	1.520	ACAATCA
1007577	6	7m8	2.807	GACAATC
1007588	322	7A1	1.047	ACAATCA
1007810	829	7A1	1.961	ACAATCA
1008010	159	7m8	1.566	GACAATC
1008013	29	7m8	1.837	GACAATC
1008211	250	7A1	3.418	ACAATCA
1008223	538	7A1	1.999	ACAATCA
1008433	369	7A1	1.020	ACAATCA
1008456	442	8m	1.958	ACAATCA
1010240	1561	7A1	1.495	ACAATCA
1012325	7	7A1	2.257	ACAATCA
1012400	254	7A1	1.220	ACAATCA
1012894	858	7m8	1.919	GACAATC
1013575	834	7m8	2.283	GACAATC
1013769	690	7A1	2.182	ACAATCA
1014055	33	7A1	1.377	ACAATCA
1014584	126	7A1	2.022	ACAATCA
1014682	158	7A1	2.106	ACAATCA
1014896	698	8m	2.800	GACAATC
1015207	270	7A1	1.886	ACAATCA
1015945	2015	7m8	1.037	GACAATC
1016433	424	7A1	1.422	ACAATCA
1016850	288	7A1	1.248	ACAATCA
1018254	156	7A1	2.169	ACAATCA
1018302	37	7m8	2.141	GACAATC
1018355	725	7A1	1.564	ACAATCA
1018355	1281	7A1	1.722	ACAATCA
1018355	1642	7A1	1.600	ACAATCA
1018961	56	7A1	1.104	ACAATCA
1018962	31	7m8	1.675	GACAATC
1019053	274	7A1	2.381	ACAATCA
1019126	162	7m8	4.114	GACAATC
1019273	196	7A1	1.040	ACAATCA
1019337	154	7A1	1.329	ACAATCA
1020277	84	7A1	1.961	ACAATCA
1020407	696	7m8	1.693	GACAATC
1021410	1588	7A1	1.151	ACAATCA
1021415	180	7A1	1.163	ACAATCA
1023335	745	7A1	1.033	ACAATCA
1024636	781	8m	1.554	GACAATC
1024868	30	7A1	3.334	ACAATCA
1024871	583	7A1	1.102	ACAATCA
1024941	916	7A1	2.520	ACAATCA
1025606	847	7A1	2.070	ACAATCA
1026213	1	7m8	1.160	GACAATC
1026497	107	7A1	1.009	ACAATCA
1026843	816	8m	2.129	GACAATC
1027001	1012	7A1	2.153	ACAATCA
1027005	317	8m	1.531	GACAATC
1027422	205	7m8	2.090	GACAATC
1027846	405	7m8	1.064	GACAATC
1028443	547	7A1	2.023	ACAATCA
1028577	103	7A1	2.030	ACAATCA
1029534	381	7A1	2.381	ACAATCA
1030117	77	7A1	2.298	ACAATCA
1030549	96	7m8	1.196	GACAATC
1031034	586	7A1	2.472	ACAATCA
1031102	161	7A1	1.761	ACAATCA
1032167	519	7A1	2.923	ACAATCA
1032202	357	7A1	1.961	ACAATCA
1032605	227	8m	1.390	GACAATC
1032605	637	7A1	1.600	ACAATCA
1032610	578	7A1	2.347	ACAATCA
1032736	-1	7A1	1.668	ACAATCA
1032970	1302	7A1	2.617	ACAATCA
1033169	2600	8m	4.971	ACAATCA
1033197	1038	7A1	2.228	ACAATCA
1033200	1038	7A1	2.228	ACAATCA
1033203	927	7A1	1.990	ACAATCA
1033206	927	7A1	1.990	ACAATCA
1033206	2103	7A1	2.365	ACAATCA
1033209	927	7A1	1.990	ACAATCA
1033209	2103	7A1	2.365	ACAATCA
1033360	349	7A1	1.058	ACAATCA
1033724	224	8m	3.010	ACAATCA
1033756	944	7A1	2.523	ACAATCA
1033759	944	7A1	2.287	ACAATCA
1033762	944	7A1	2.287	ACAATCA
1033765	944	7A1	2.287	ACAATCA
1033768	944	7A1	2.287	ACAATCA
1033938	944	7A1	2.287	ACAATCA
1033941	944	7A1	2.287	ACAATCA
1033944	683	7A1	2.490	ACAATCA
1033947	683	7A1	2.689	ACAATCA
1034332	173	7A1	4.289	ACAATCA
1034667	163	7A1	1.040	ACAATCA
1035378	223	7A1	1.346	ACAATCA
1036125	1160	7m8	3.028	GACAATC
1036722	42	7A1	1.027	ACAATCA
1037506	361	7m8	3.223	GACAATC
1038027	351	7m8	1.529	GACAATC
1038124	514	7A1	1.196	ACAATCA
1038550	73	7m8	1.040	GACAATC
1038650	185	8m	2.195	GACAATC
1038773	77	7A1	1.899	ACAATCA
1038899	61	7A1	2.121	ACAATCA
1038899	1113	7m8	1.348	GACAATC
1039255	211	7m8	1.017	GACAATC
1039913	882	7A1	1.936	ACAATCA
1039917	235	7A1	3.520	ACAATCA
1039922	1012	7m8	1.031	GACAATC
1040235	71	7A1	1.218	ACAATCA
