1000023	1035	7m8	1.554	TTCCTTA
1000243	18	8m	2.272	TTCCTTA
1002701	189	8m	1.107	TTCCTTA
1005647	467	7m8	1.554	TTCCTTA
1007276	17	8m	2.699	TTCCTTA
1011463	70	7m8	1.293	TTCCTTA
1015071	1172	7m8	2.679	TTCCTTA
1015557	187	7A1	1.186	TCCTTAA
1016079	586	7m8	3.042	TTCCTTA
1017030	840	7A1	1.298	TCCTTAA
1018355	1243	7A1	2.403	TCCTTAA
1018483	84	8m	1.536	TTCCTTA
1018849	66	8m	1.029	TCCTTAA
1019869	53	7A1	1.019	TCCTTAA
1020031	375	7m8	1.221	TTCCTTA
1021987	45	8m	1.116	TTCCTTA
1025728	32	7m8	1.282	TTCCTTA
1027695	362	7A1	1.289	TCCTTAA
1028305	313	8m	1.713	TCCTTAA
1028366	93	7m8	1.828	TTCCTTA
1032447	307	7m8	1.013	TTCCTTA
1036181	65	8m	1.763	TTCCTTA
1037979	50	7A1	1.221	TCCTTAA
1039238	1090	8m	3.592	TTCCTTA
1039288	551	7A1	4.311	TCCTTAA
1039541	57	7m8	2.041	TTCCTTA
1039649	671	8m	1.176	TTCCTTA
