1000409	329	8m	2.890	GTGCCTT
1000859	150	7A1	2.068	TGCCTTA
1000892	150	7m8	1.919	GTGCCTT
1001102	249	7A1	2.305	TGCCTTA
1001258	662	7A1	1.971	TGCCTTA
1002056	355	8m	3.124	GTGCCTT
1002899	318	7m8	2.970	GTGCCTT
1003060	224	7m8	2.812	GTGCCTT
1005126	68	7m8	1.958	GTGCCTT
1005498	126	8m	2.782	GTGCCTT
1006109	65	7A1	1.268	TGCCTTA
1006728	53	8m	2.381	GTGCCTT
1007532	739	8m	2.992	GTGCCTT
1007911	198	7m8	1.590	GTGCCTT
1008106	972	7m8	1.234	GTGCCTT
1008138	197	7m8	2.876	GTGCCTT
1008214	1182	7m8	3.879	GTGCCTT
1008408	603	7m8	1.047	GTGCCTT
1008878	186	7m8	2.431	GTGCCTT
1009406	261	7m8	2.240	GTGCCTT
1009783	775	7A1	1.952	TGCCTTA
1011325	353	8m	2.488	GTGCCTT
1011531	317	7m8	1.378	GTGCCTT
1013225	228	7m8	1.268	GTGCCTT
1013593	728	7A1	1.168	TGCCTTA
1014115	317	7A1	2.411	TGCCTTA
1015071	1273	7m8	2.679	GTGCCTT
1015079	674	7m8	1.942	GTGCCTT
1015079	716	7m8	1.942	GTGCCTT
1015378	625	7m8	1.065	GTGCCTT
1015865	278	7A1	2.348	TGCCTTA
1016008	2207	8m	1.520	GTGCCTT
1016079	319	7A1	2.525	TGCCTTA
1016818	225	8m	1.198	TGCCTTA
1017105	767	7m8	1.514	GTGCCTT
1017884	127	7m8	1.088	GTGCCTT
1020321	105	8m	1.804	GTGCCTT
1021257	18	7A1	1.503	TGCCTTA
1023214	532	7m8	2.800	GTGCCTT
1023214	576	8m	2.672	GTGCCTT
1023464	283	7A1	2.968	TGCCTTA
1023682	105	8m	1.238	GTGCCTT
1023682	336	7m8	1.238	GTGCCTT
1023682	528	7m8	2.168	GTGCCTT
1024390	468	7A1	2.483	TGCCTTA
1024894	204	7m8	1.927	GTGCCTT
1025355	433	7A1	3.766	TGCCTTA
1025950	249	7m8	2.963	GTGCCTT
1027052	32	8m	1.281	GTGCCTT
1027365	137	7m8	1.063	GTGCCTT
1028506	195	7A1	2.295	TGCCTTA
1032642	82	7A1	1.588	TGCCTTA
1033035	388	7m8	1.474	GTGCCTT
1034217	1515	8m	2.767	GTGCCTT
1036743	526	7A1	1.488	TGCCTTA
1037337	398	7A1	3.078	TGCCTTA
1038226	244	7m8	1.068	GTGCCTT
1038523	542	8m	1.554	GTGCCTT
