1000404	620	8m	2.617	TCTAGTC
1000488	120	7A1	1.057	CTAGTCA
1003051	319	7A1	1.011	CTAGTCA
1004079	208	7A1	1.268	CTAGTCA
1005051	633	8m	1.954	TCTAGTC
1005257	192	7A1	2.890	CTAGTCA
1007338	282	7m8	1.198	TCTAGTC
1007905	488	7m8	1.314	TCTAGTC
1008010	151	7m8	1.161	TCTAGTC
1008794	18	7m8	1.110	TCTAGTC
1010976	71	8m	2.494	TCTAGTC
1011171	189	7A1	3.639	CTAGTCA
1012774	723	7A1	1.012	CTAGTCA
1014489	33	8m	2.479	CTAGTCA
1015065	414	7m8	2.796	TCTAGTC
1015366	6	8m	1.132	CTAGTCA
1015922	1065	7m8	3.033	TCTAGTC
1016008	2360	7A1	1.188	CTAGTCA
1016031	820	7A1	3.786	CTAGTCA
1017010	120	8m	3.204	TCTAGTC
1017162	217	8m	1.997	TCTAGTC
1019062	94	7m8	1.137	TCTAGTC
1022478	625	8m	1.437	TCTAGTC
1024226	1130	7A1	2.807	CTAGTCA
1025061	533	7A1	2.941	CTAGTCA
1026388	235	8m	1.147	TCTAGTC
1027323	53	8m	1.454	TCTAGTC
1028233	516	8m	3.596	CTAGTCA
1029177	72	7A1	2.425	CTAGTCA
1029286	235	7m8	1.270	TCTAGTC
1029534	407	7m8	1.182	TCTAGTC
1029953	613	7m8	2.753	TCTAGTC
1031836	48	7m8	1.655	TCTAGTC
1032054	65	8m	1.723	TCTAGTC
1032642	194	7m8	1.409	TCTAGTC
1033169	2816	8m	2.986	TCTAGTC
1033667	538	7A1	1.554	CTAGTCA
1034154	956	7A1	2.389	CTAGTCA
1034332	354	8m	1.098	TCTAGTC
1035419	150	7m8	1.376	TCTAGTC
1035877	34	7A1	1.276	CTAGTCA
1037173	195	8m	4.065	TCTAGTC
1038604	208	7m8	1.293	TCTAGTC
1039220	2292	7m8	3.850	TCTAGTC
1039906	371	7A1	1.180	CTAGTCA
