1000496	1058	7A1	1.199	CCACCGA
1002620	246	7A1	1.793	CCACCGA
1003508	30	7A1	2.800	CCACCGA
1004335	522	7A1	1.179	CCACCGA
1007146	1049	7A1	1.368	CCACCGA
1007204	328	8m	1.169	CCACCGA
1008294	948	7A1	1.249	CCACCGA
1008558	233	7A1	1.215	CCACCGA
1008710	121	8m	1.554	CCCACCG
1008722	640	7A1	1.268	CCACCGA
1009072	679	8m	2.381	CCCACCG
1009843	299	7A1	2.479	CCACCGA
1010234	1610	7A1	1.656	CCACCGA
1010616	325	7A1	1.185	CCACCGA
1010848	229	7A1	1.249	CCACCGA
1011339	212	8m	1.260	CCCACCG
1012385	444	8m	2.240	CCCACCG
1012831	183	8m	1.481	CCACCGA
1012837	236	7A1	1.555	CCACCGA
1013091	750	7A1	1.254	CCACCGA
1015241	183	8m	1.747	CCACCGA
1015886	81	7m8	1.451	CCCACCG
1016587	96	7A1	1.179	CCACCGA
1016974	92	7A1	2.979	CCACCGA
1017022	1285	7A1	2.612	CCACCGA
1017166	328	7m8	1.429	CCCACCG
1018018	184	7m8	1.015	CCCACCG
1020057	370	8m	2.930	CCCACCG
1020057	460	7A1	1.895	CCACCGA
1021171	407	7A1	2.753	CCACCGA
1021718	442	7A1	1.097	CCACCGA
1023535	145	7m8	1.309	CCCACCG
1023939	109	7m8	1.894	CCCACCG
1024387	516	7m8	1.196	CCCACCG
1025025	357	7m8	2.782	CCCACCG
1025314	104	7A1	2.469	CCACCGA
1025547	990	7m8	1.781	CCCACCG
1027359	826	8m	1.761	CCACCGA
1029423	78	7A1	1.634	CCACCGA
1030230	772	7A1	1.183	CCACCGA
1030906	59	7A1	1.001	CCACCGA
1031048	190	7A1	1.268	CCACCGA
1031197	796	7A1	2.932	CCACCGA
1031429	1320	7A1	1.296	CCACCGA
1032801	363	7A1	2.871	CCACCGA
1032923	467	7A1	1.046	CCACCGA
1034359	251	7m8	1.046	CCCACCG
1035039	836	7A1	2.194	CCACCGA
1035130	312	7A1	2.348	CCACCGA
1035371	145	8m	2.815	CCCACCG
1037113	176	7A1	1.803	CCACCGA
1037408	475	8m	1.149	CCCACCG
1038572	1065	7m8	1.285	CCCACCG
1038754	655	7A1	2.195	CCACCGA
1038899	1274	7A1	1.239	CCACCGA
1039494	60	7A1	1.168	CCACCGA
1039494	83	7A1	1.168	CCACCGA
1039720	587	8m	1.367	CCCACCG
1039795	441	7m8	1.285	CCCACCG
1040216	712	7A1	1.133	CCACCGA
1040354	1383	7A1	1.527	CCACCGA
