1000347	41	7m8	2.373	GTATACG
1000404	717	7m8	2.617	GTATACG
1000404	888	8m	2.617	GTATACG
1000445	70	8m	1.474	GTATACG
1000470	915	7m8	3.119	GTATACG
1000679	128	7m8	1.808	GTATACG
1000769	114	7m8	1.895	GTATACG
1002482	125	7m8	1.529	GTATACG
1002529	537	7m8	2.565	GTATACG
1003462	78	7m8	1.196	GTATACG
1003642	824	7A1	2.494	TATACGA
1003795	447	8m	1.529	GTATACG
1005548	508	7m8	1.547	GTATACG
1005802	5	7m8	1.245	GTATACG
1006153	93	7m8	2.347	GTATACG
1006153	117	7m8	2.224	GTATACG
1006705	82	7m8	2.561	GTATACG
1007049	1021	7m8	2.146	GTATACG
1007249	223	7m8	2.305	GTATACG
1007864	3	7m8	3.078	GTATACG
1007899	861	8m	2.257	GTATACG
1008139	320	7m8	2.771	GTATACG
1008232	8	7A1	1.926	TATACGA
1008648	150	7A1	1.968	TATACGA
1008722	709	8m	2.807	GTATACG
1009155	56	7m8	2.257	GTATACG
1010663	859	7m8	1.912	GTATACG
1012078	115	7m8	1.114	GTATACG
1012284	25	7m8	2.570	GTATACG
1013367	63	7m8	1.949	GTATACG
1013593	640	8m	1.168	TATACGA
1013986	200	7m8	2.476	GTATACG
1014067	57	7m8	1.554	GTATACG
1014340	87	7m8	2.424	GTATACG
1014360	1290	7m8	1.309	GTATACG
1014360	2291	7m8	3.312	GTATACG
1015100	1223	7m8	2.932	GTATACG
1015528	1470	7m8	1.886	GTATACG
1015868	26	7m8	2.484	GTATACG
1015975	76	7A1	1.701	TATACGA
1016178	428	7m8	1.600	GTATACG
1016430	1253	7m8	2.494	GTATACG
1016502	58	7A1	1.400	TATACGA
1017129	20	7m8	2.207	GTATACG
1017153	44	8m	2.403	GTATACG
1017436	36	7m8	2.562	GTATACG
1017594	298	7m8	1.144	GTATACG
1017815	578	7A1	1.421	TATACGA
1018332	21	7m8	1.858	GTATACG
1019962	842	7m8	2.131	GTATACG
1019962	865	7m8	2.552	GTATACG
1020552	94	7m8	2.986	GTATACG
1020785	139	8m	2.890	GTATACG
1021421	38	7A1	1.110	TATACGA
1021727	581	7m8	3.459	GTATACG
1022007	5	7m8	2.090	GTATACG
1022258	251	7m8	2.312	GTATACG
1022506	306	7m8	2.856	GTATACG
1022939	303	7m8	1.268	GTATACG
1023006	124	7m8	1.220	GTATACG
1023106	40	7m8	2.709	GTATACG
1023148	512	7m8	1.783	GTATACG
1023214	136	7m8	1.692	GTATACG
1023852	867	7m8	1.224	GTATACG
1024213	518	7A1	2.807	TATACGA
1024213	540	8m	2.494	GTATACG
1024213	776	8m	2.807	GTATACG
1024226	1153	7m8	2.679	GTATACG
1024402	413	7m8	2.172	GTATACG
1024463	10	7m8	2.336	GTATACG
1024544	375	7m8	1.393	GTATACG
1024558	413	8m	1.195	GTATACG
1024646	447	7m8	1.168	GTATACG
1024697	207	7m8	1.804	GTATACG
1024941	72	7A1	1.430	TATACGA
1025317	544	7m8	3.150	GTATACG
1027425	202	7m8	1.551	GTATACG
1027578	204	7m8	3.341	GTATACG
1027607	37	7m8	2.892	GTATACG
1027975	893	7m8	2.452	GTATACG
1030246	126	7m8	1.600	GTATACG
1030905	577	7m8	1.961	GTATACG
1030961	113	7m8	1.552	GTATACG
1031715	296	7m8	1.474	GTATACG
1031715	314	7m8	3.135	GTATACG
1031932	166	7m8	2.022	GTATACG
1032327	866	7m8	2.358	GTATACG
1032730	1140	7A1	2.831	TATACGA
1033233	219	7m8	2.082	GTATACG
1037979	320	8m	1.213	GTATACG
1038275	210	7m8	1.091	GTATACG
1039976	990	7m8	2.316	GTATACG
1040375	365	7m8	2.932	GTATACG
