1000236	272	7A1	1.114	TACCTGA
1000949	125	7A1	1.506	TACCTGA
1002745	956	7A1	1.895	TACCTGA
1005465	295	7A1	3.186	TACCTGA
1006627	259	7A1	1.654	TACCTGA
1006760	642	7A1	2.278	TACCTGA
1007464	128	7m8	2.129	GTACCTG
1007911	291	7A1	2.083	TACCTGA
1008530	746	7m8	2.222	GTACCTG
1009346	101	7m8	1.062	GTACCTG
1010739	11	8m	1.222	GTACCTG
1011007	41	7A1	1.226	TACCTGA
1011218	63	7A1	2.574	TACCTGA
1012531	268	7A1	1.196	TACCTGA
1012590	215	7A1	1.814	TACCTGA
1014872	110	7m8	1.043	GTACCTG
1015345	1666	7A1	2.430	TACCTGA
1015659	156	7A1	1.545	TACCTGA
1015723	658	7m8	2.800	GTACCTG
1016008	2054	7A1	1.151	TACCTGA
1016031	1521	8m	4.063	GTACCTG
1017129	160	7A1	1.107	TACCTGA
1017201	320	7m8	1.292	GTACCTG
1021727	764	7A1	1.895	TACCTGA
1021885	93	7A1	1.677	TACCTGA
1021885	157	7m8	1.571	GTACCTG
1023464	336	7m8	2.968	GTACCTG
1023852	267	7A1	1.063	TACCTGA
1024187	29	7A1	1.184	TACCTGA
1024646	1214	7A1	2.707	TACCTGA
1024941	933	7A1	2.526	TACCTGA
1025532	191	7m8	1.322	GTACCTG
1031009	151	7A1	1.602	TACCTGA
1033169	2386	7m8	2.986	GTACCTG
1034119	132	7m8	1.615	GTACCTG
1034263	541	7m8	3.269	GTACCTG
1035428	282	7A1	1.886	TACCTGA
1036218	70	8m	1.848	GTACCTG
1036725	811	7A1	1.084	TACCTGA
1038899	659	7m8	1.874	GTACCTG
1039471	278	7m8	1.620	GTACCTG
