1000312	-1	7A1	1.073	CTTGCCA
1000617	562	7m8	1.309	TCTTGCC
1000931	123	8m	1.374	CTTGCCA
1001599	1384	7A1	1.554	CTTGCCA
1003075	605	7A1	1.237	CTTGCCA
1006716	253	7m8	1.681	TCTTGCC
1006725	501	7A1	1.196	CTTGCCA
1006942	925	7A1	1.301	CTTGCCA
1007549	332	8m	1.068	CTTGCCA
1007890	890	8m	1.723	TCTTGCC
1008034	335	7A1	1.034	CTTGCCA
1009129	13	7m8	1.349	TCTTGCC
1009140	280	7A1	1.095	CTTGCCA
1009947	105	7A1	1.098	CTTGCCA
1010290	779	8m	2.629	CTTGCCA
1010290	1893	7A1	1.192	CTTGCCA
1011279	7	7A1	1.268	CTTGCCA
1011635	381	7m8	1.167	TCTTGCC
1012096	17	7m8	1.371	TCTTGCC
1013646	711	7A1	2.240	CTTGCCA
1013854	162	7A1	1.297	CTTGCCA
1014855	162	7A1	1.297	CTTGCCA
1015071	1318	7A1	2.051	CTTGCCA
1015964	55	8m	1.832	CTTGCCA
1016853	109	7A1	1.185	CTTGCCA
1017031	258	7A1	1.668	CTTGCCA
1017794	96	7A1	1.309	CTTGCCA
1018231	201	7A1	2.355	CTTGCCA
1018355	458	7m8	1.132	TCTTGCC
1018917	12	7m8	1.084	TCTTGCC
1019161	208	8m	2.624	TCTTGCC
1019700	663	7A1	1.593	CTTGCCA
1020354	17	8m	1.196	TCTTGCC
1021257	16	7m8	1.527	TCTTGCC
1021605	146	7A1	1.707	CTTGCCA
1023467	511	8m	4.540	TCTTGCC
1023916	837	7A1	1.548	CTTGCCA
1024360	4	7A1	2.497	CTTGCCA
1024636	583	7A1	1.854	CTTGCCA
1024640	13	7A1	1.648	CTTGCCA
1024657	38	7m8	1.876	TCTTGCC
1026179	268	7A1	1.119	CTTGCCA
1026593	53	8m	2.749	TCTTGCC
1027649	315	7A1	1.713	CTTGCCA
1028313	221	7A1	1.693	CTTGCCA
1028920	302	7A1	1.146	CTTGCCA
1029566	1106	7A1	1.600	CTTGCCA
1030932	35	8m	1.277	TCTTGCC
1031400	154	7m8	1.681	TCTTGCC
1031482	944	7m8	1.196	TCTTGCC
1032024	115	7A1	2.006	CTTGCCA
1033938	3910	7m8	1.305	TCTTGCC
1034466	1378	7m8	1.019	TCTTGCC
1035456	77	7A1	1.181	CTTGCCA
1036434	505	7A1	1.038	CTTGCCA
1037464	10	7A1	1.454	CTTGCCA
1038180	21	8m	1.104	CTTGCCA
1038502	455	7A1	2.620	CTTGCCA
1039297	770	7m8	1.259	TCTTGCC
1039471	42	7A1	1.372	CTTGCCA
1039917	513	8m	2.256	CTTGCCA
1040118	263	7A1	1.025	CTTGCCA
