1001379	61	7A1	1.013	AGCTTTA
1002682	154	7A1	1.031	AGCTTTA
1005356	789	8m	2.678	TAGCTTT
1009367	521	7A1	1.913	AGCTTTA
1009449	810	8m	3.258	TAGCTTT
1010679	19	7m8	1.254	TAGCTTT
1012894	571	7m8	1.177	TAGCTTT
1013441	4	7m8	1.504	TAGCTTT
1013863	81	8m	1.799	AGCTTTA
1013900	477	7A1	2.231	AGCTTTA
1014115	330	8m	2.679	AGCTTTA
1015880	7	7m8	2.604	TAGCTTT
1015904	810	8m	2.895	TAGCTTT
1016392	278	7A1	1.515	AGCTTTA
1016601	427	7A1	2.114	AGCTTTA
1017942	143	8m	2.329	TAGCTTT
1017962	30	7A1	2.325	AGCTTTA
1018266	21	7A1	1.522	AGCTTTA
1019182	96	7A1	1.913	AGCTTTA
1019512	9	7m8	3.376	TAGCTTT
1019733	123	7A1	2.061	AGCTTTA
1021548	221	7A1	1.766	AGCTTTA
1022194	2696	7A1	1.098	AGCTTTA
1022936	256	7A1	2.439	AGCTTTA
1023007	198	7A1	2.661	AGCTTTA
1023708	766	7A1	2.494	AGCTTTA
1023925	1983	7A1	1.600	AGCTTTA
1025025	687	7A1	1.281	AGCTTTA
1025025	693	7m8	1.761	TAGCTTT
1025612	183	7m8	1.357	TAGCTTT
1026388	388	8m	1.338	TAGCTTT
1030647	83	7m8	1.196	TAGCTTT
1031927	403	7A1	2.753	AGCTTTA
1032042	158	7m8	1.398	TAGCTTT
1032371	1408	7A1	2.716	AGCTTTA
1032736	537	7A1	4.260	AGCTTTA
1033136	153	7m8	2.267	TAGCTTT
1035912	22	8m	2.146	AGCTTTA
1037805	177	7A1	1.923	AGCTTTA
1039238	529	7A1	1.692	AGCTTTA
1039916	2559	7A1	1.936	AGCTTTA
1040410	190	8m	2.417	TAGCTTT
1040440	216	7m8	2.640	TAGCTTT
