1000608	122	8m	2.460	CGGTTTC
1001297	285	7m8	1.196	CGGTTTC
1001599	35	7m8	3.155	CGGTTTC
1001602	164	7A1	2.136	GGTTTCA
1001751	126	7m8	1.604	CGGTTTC
1002626	330	7m8	1.178	CGGTTTC
1003259	260	7m8	1.625	CGGTTTC
1003307	880	7A1	1.291	GGTTTCA
1004625	102	7m8	1.384	CGGTTTC
1004814	345	7m8	1.824	CGGTTTC
1006516	257	8m	1.932	CGGTTTC
1006811	961	7m8	1.667	CGGTTTC
1006942	802	7A1	1.474	GGTTTCA
1007140	0	7A1	1.097	GGTTTCA
1007146	257	7m8	1.336	CGGTTTC
1007254	137	7m8	1.678	CGGTTTC
1007479	1767	7A1	2.807	GGTTTCA
1007609	257	8m	1.329	CGGTTTC
1007612	257	8m	1.329	CGGTTTC
1007626	334	7m8	1.268	CGGTTTC
1007905	45	7m8	1.850	CGGTTTC
1007930	424	8m	1.687	GGTTTCA
1007930	539	7m8	2.320	CGGTTTC
1007930	783	7m8	1.249	CGGTTTC
1008522	638	7m8	1.945	CGGTTTC
1008891	91	7m8	2.391	CGGTTTC
1009367	196	8m	3.002	CGGTTTC
1010204	51	7m8	1.248	CGGTTTC
1010450	90	7m8	1.058	CGGTTTC
1011388	74	8m	1.327	CGGTTTC
1011622	142	7m8	1.168	CGGTTTC
1011800	501	7m8	1.145	CGGTTTC
1012231	61	7A1	1.767	GGTTTCA
1012477	109	7m8	2.381	CGGTTTC
1013304	417	7m8	1.190	CGGTTTC
1013732	185	8m	1.474	CGGTTTC
1015346	763	7m8	1.060	CGGTTTC
1015775	553	8m	3.131	GGTTTCA
1016227	-1	7A1	1.268	GGTTTCA
1016365	423	7m8	2.204	CGGTTTC
1016541	14	7A1	1.009	GGTTTCA
1017353	241	7m8	2.384	CGGTTTC
1017892	239	7m8	1.586	CGGTTTC
1020032	22	8m	2.257	CGGTTTC
1020262	68	7m8	1.600	CGGTTTC
1020586	37	7A1	1.623	GGTTTCA
1020634	73	7m8	1.269	CGGTTTC
1021538	233	8m	1.600	CGGTTTC
1021973	190	7m8	1.281	CGGTTTC
1022032	28	7A1	1.599	GGTTTCA
1022933	234	7m8	1.050	CGGTTTC
1023006	18	7A1	3.296	GGTTTCA
1023007	1885	7A1	2.211	GGTTTCA
1023968	615	7m8	1.196	CGGTTTC
1025916	1049	7A1	1.668	GGTTTCA
1027561	6	7A1	3.142	GGTTTCA
1028699	193	7A1	2.470	GGTTTCA
1028736	273	8m	1.207	CGGTTTC
1029286	1	7A1	1.001	GGTTTCA
1030187	21	7m8	1.846	CGGTTTC
1030920	422	7m8	1.429	CGGTTTC
1030961	43	7m8	1.268	CGGTTTC
1030968	53	7m8	1.440	CGGTTTC
1031048	109	7m8	1.268	CGGTTTC
1031048	115	7m8	1.268	CGGTTTC
1032496	435	7m8	1.819	CGGTTTC
1032605	90	7m8	1.242	CGGTTTC
1032682	6	7m8	1.224	CGGTTTC
1032970	813	7m8	1.116	CGGTTTC
1033605	314	8m	1.893	CGGTTTC
1034257	3407	7A1	1.062	GGTTTCA
1034532	169	7A1	1.774	GGTTTCA
1035094	22	7m8	1.581	CGGTTTC
1035142	12	7m8	2.281	CGGTTTC
1035564	149	7m8	1.359	CGGTTTC
1036125	1325	7m8	2.358	CGGTTTC
1036372	43	7m8	1.560	CGGTTTC
1036875	0	7A1	1.595	GGTTTCA
1038172	210	7A1	1.469	GGTTTCA
1039229	286	7m8	2.607	CGGTTTC
1039795	40	7m8	1.788	CGGTTTC
1040076	234	7m8	2.213	CGGTTTC
1040300	1085	8m	1.527	CGGTTTC
