1000206	49	7m8	1.329	TTACTTT
1003060	255	7m8	1.157	TTACTTT
1004196	455	7A1	3.684	TACTTTA
1004589	286	7m8	1.954	TTACTTT
1005356	1171	8m	2.891	TTACTTT
1005356	1185	8m	2.891	TTACTTT
1005692	79	7m8	1.754	TTACTTT
1005781	116	7m8	1.399	TTACTTT
1007479	1757	7m8	2.227	TTACTTT
1007846	0	7A1	1.600	TACTTTA
1008099	718	7A1	1.701	TACTTTA
1008463	396	7m8	1.462	TTACTTT
1008869	60	7m8	2.617	TTACTTT
1009783	295	7m8	1.066	TTACTTT
1010108	55	7m8	1.133	TTACTTT
1010551	123	7m8	1.163	TTACTTT
1013121	88	7m8	1.215	TTACTTT
1013238	133	7m8	1.702	TTACTTT
1013854	535	7m8	1.104	TTACTTT
1014643	291	7A1	2.061	TACTTTA
1014855	535	7m8	1.104	TTACTTT
1015723	726	7m8	2.152	TTACTTT
1015859	42	7m8	1.011	TTACTTT
1015954	106	7m8	2.464	TTACTTT
1016430	954	7m8	2.807	TTACTTT
1016451	1438	8m	2.807	TTACTTT
1016559	532	8m	2.270	TTACTTT
1016622	327	7m8	3.264	TTACTTT
1016683	10	7m8	1.017	TTACTTT
1016799	447	7m8	1.163	TTACTTT
1017185	60	7m8	1.961	TTACTTT
1017225	295	7m8	1.070	TTACTTT
1017942	166	7A1	1.268	TACTTTA
1018973	61	7m8	2.431	TTACTTT
1019532	100	7m8	2.423	TTACTTT
1019948	297	7m8	1.960	TTACTTT
1020075	496	7A1	1.806	TACTTTA
1021038	141	7m8	1.902	TTACTTT
1024838	65	7A1	1.001	TACTTTA
1024879	434	7m8	1.838	TTACTTT
1025020	486	8m	1.100	TTACTTT
1026006	35	7m8	1.665	TTACTTT
1026174	2	7m8	1.492	TTACTTT
1026927	32	7m8	1.148	TTACTTT
1026932	285	7m8	1.410	TTACTTT
1027823	261	7m8	1.554	TTACTTT
1028589	27	7m8	3.175	TTACTTT
1029468	488	7m8	1.961	TTACTTT
1030677	2	8m	1.646	TTACTTT
1031889	209	7m8	2.464	TTACTTT
1032469	580	7A1	2.381	TACTTTA
1032629	5	7m8	1.923	TTACTTT
1032970	1575	7m8	2.508	TTACTTT
1033605	873	7m8	3.107	TTACTTT
1034112	122	8m	1.017	TTACTTT
1034834	47	7m8	2.834	TTACTTT
1035067	38	7m8	1.939	TTACTTT
1035491	11	7m8	3.648	TTACTTT
1035504	211	7m8	1.394	TTACTTT
1036594	8	7m8	2.476	TTACTTT
1036688	303	7m8	3.170	TTACTTT
1036766	979	7m8	1.410	TTACTTT
1037925	105	7m8	1.408	TTACTTT
1037976	198	7m8	2.384	TTACTTT
1037997	9	8m	1.496	TTACTTT
1038620	44	7m8	2.288	TTACTTT
1038772	26	7m8	2.000	TTACTTT
1039916	2160	7m8	4.119	TTACTTT
1040160	310	7m8	1.202	TTACTTT
1040333	18	7m8	2.173	TTACTTT
1040333	26	7m8	2.173	TTACTTT
1040531	323	7m8	1.194	TTACTTT
