1001107	203	8m	1.793	TGGTGCT
1001685	347	7m8	1.255	TGGTGCT
1003244	412	7m8	1.257	TGGTGCT
1003426	225	7m8	1.410	TGGTGCT
1003568	830	7A1	1.838	GGTGCTA
1003932	19	7m8	2.624	TGGTGCT
1004118	1912	8m	1.838	GGTGCTA
1004678	516	7A1	2.305	GGTGCTA
1005365	143	7m8	2.150	TGGTGCT
1005682	77	8m	2.454	TGGTGCT
1006017	474	7m8	1.024	TGGTGCT
1006638	76	7A1	1.949	GGTGCTA
1006942	995	7m8	1.178	TGGTGCT
1007044	379	7m8	2.031	TGGTGCT
1007299	101	7m8	2.073	TGGTGCT
1008321	460	8m	1.307	TGGTGCT
1008361	303	8m	1.794	TGGTGCT
1008777	122	7A1	1.119	GGTGCTA
1009390	29	7m8	1.054	TGGTGCT
1011697	213	8m	2.473	TGGTGCT
1012894	831	7A1	1.814	GGTGCTA
1013965	126	7A1	1.389	GGTGCTA
1015092	8	7m8	2.151	TGGTGCT
1016031	359	7A1	1.108	GGTGCTA
1016163	262	7m8	1.107	TGGTGCT
1017031	287	7A1	2.218	GGTGCTA
1017153	144	7A1	1.600	GGTGCTA
1017725	112	7m8	1.474	TGGTGCT
1020489	290	7A1	1.143	GGTGCTA
1021172	118	7m8	1.309	TGGTGCT
1022064	787	7A1	1.051	GGTGCTA
1022506	277	8m	2.369	GGTGCTA
1022847	209	8m	1.149	GGTGCTA
1024193	437	8m	1.196	TGGTGCT
1024903	127	7m8	1.268	TGGTGCT
1024989	165	7A1	3.069	GGTGCTA
1025547	1483	7m8	1.609	TGGTGCT
1026468	35	8m	1.175	TGGTGCT
1027296	242	7m8	1.210	TGGTGCT
1027347	231	7m8	1.635	TGGTGCT
1029522	30	7m8	2.572	TGGTGCT
1029694	284	7m8	1.755	TGGTGCT
1030391	9	7A1	1.495	GGTGCTA
1032175	-1	7A1	2.956	GGTGCTA
1033852	39	7m8	1.098	TGGTGCT
1035492	171	7m8	2.332	TGGTGCT
1036725	881	7A1	1.454	GGTGCTA
1036725	894	7A1	1.245	GGTGCTA
1037201	37	7A1	1.870	GGTGCTA
1038414	51	7m8	1.689	TGGTGCT
1038668	27	7m8	1.018	TGGTGCT
1039468	859	7m8	2.747	TGGTGCT
1040369	12	7m8	1.204	TGGTGCT
