1000123	647	7m8	1.671	CTCGAAT
1000926	690	7A1	2.568	TCGAATA
1003479	10	7m8	1.275	CTCGAAT
1004188	22	7A1	3.326	TCGAATA
1007609	735	7A1	1.732	TCGAATA
1007612	735	7A1	1.732	TCGAATA
1007899	1	7m8	1.515	CTCGAAT
1008112	17	7m8	2.939	CTCGAAT
1008172	3	8m	1.705	CTCGAAT
1008351	108	7A1	1.113	TCGAATA
1008418	32	7A1	2.726	TCGAATA
1008945	1043	7A1	2.042	TCGAATA
1008977	377	7A1	1.966	TCGAATA
1009249	166	7A1	1.609	TCGAATA
1009288	47	7m8	2.262	CTCGAAT
1010367	10	7A1	1.232	TCGAATA
1010403	1	7m8	1.515	CTCGAAT
1010663	353	7A1	2.305	TCGAATA
1010797	47	7m8	1.229	CTCGAAT
1011090	153	7A1	1.961	TCGAATA
1011476	94	7A1	1.178	TCGAATA
1011966	562	7m8	1.593	CTCGAAT
1013321	300	7A1	1.600	TCGAATA
1013652	395	7m8	1.565	CTCGAAT
1013769	2686	7A1	2.031	TCGAATA
1014893	1131	8m	1.359	CTCGAAT
1014893	1465	7A1	2.313	TCGAATA
1015265	891	7m8	1.545	CTCGAAT
1016785	681	7m8	1.331	CTCGAAT
1016803	62	7A1	1.179	TCGAATA
1017263	59	7m8	1.507	CTCGAAT
1017832	190	7m8	1.462	CTCGAAT
1018634	7	7A1	1.094	TCGAATA
1021290	227	7A1	1.554	TCGAATA
1021634	477	8m	1.384	TCGAATA
1022194	874	7m8	1.128	CTCGAAT
1022229	354	7A1	1.033	TCGAATA
1022930	899	7m8	2.418	CTCGAAT
1023393	2485	7m8	1.467	CTCGAAT
1023467	523	7A1	4.369	TCGAATA
1023708	672	8m	2.494	CTCGAAT
1024054	245	7m8	2.381	CTCGAAT
1024121	18	7m8	2.536	CTCGAAT
1024243	133	7m8	1.914	CTCGAAT
1024846	322	7m8	1.467	CTCGAAT
1024941	287	7A1	1.148	TCGAATA
1025271	217	7A1	2.279	TCGAATA
1026855	71	7A1	1.410	TCGAATA
1026892	52	7m8	1.002	CTCGAAT
1027264	348	7m8	2.425	CTCGAAT
1027422	93	7m8	1.187	CTCGAAT
1027635	89	7A1	1.238	TCGAATA
1027778	132	7m8	1.082	CTCGAAT
1029000	457	8m	2.218	TCGAATA
1030694	257	7A1	2.132	TCGAATA
1031360	260	8m	1.542	TCGAATA
1031482	995	7m8	1.554	CTCGAAT
1031639	190	7A1	1.384	TCGAATA
1031799	4	7A1	1.462	TCGAATA
1033599	100	8m	2.112	CTCGAAT
1034622	624	7A1	1.450	TCGAATA
1034947	75	7A1	1.017	TCGAATA
1035674	389	7m8	1.506	CTCGAAT
1038572	1492	7A1	1.370	TCGAATA
1038899	1337	7A1	1.266	TCGAATA
1039472	169	7m8	1.196	CTCGAAT
1040333	66	7m8	1.336	CTCGAAT
