1000023	359	8m	1.309	CGAACAA
1000068	210	7A1	1.100	GAACAAA
1000318	625	7A1	3.172	GAACAAA
1000440	204	7A1	2.316	GAACAAA
1000865	42	7m8	1.968	CGAACAA
1000872	16	7A1	1.856	GAACAAA
1000872	39	7A1	1.160	GAACAAA
1001246	475	8m	1.098	CGAACAA
1002317	808	7m8	1.835	CGAACAA
1002601	193	7m8	1.284	CGAACAA
1003075	376	7m8	2.023	CGAACAA
1003642	391	8m	2.341	CGAACAA
1003642	829	7m8	1.162	CGAACAA
1004146	299	8m	1.017	CGAACAA
1004253	489	7A1	3.616	GAACAAA
1004290	260	7A1	1.895	GAACAAA
1004388	24	7A1	1.063	GAACAAA
1004649	122	7A1	1.838	GAACAAA
1004690	47	7A1	1.474	GAACAAA
1004957	386	7A1	1.913	GAACAAA
1005476	156	8m	1.122	CGAACAA
1006627	1165	7A1	1.268	GAACAAA
1006740	401	7A1	1.985	GAACAAA
1006812	939	7A1	1.457	GAACAAA
1007049	1993	7A1	1.181	GAACAAA
1007146	250	7m8	1.028	CGAACAA
1007665	140	7A1	1.599	GAACAAA
1007728	104	8m	2.079	CGAACAA
1007804	7	7A1	2.240	GAACAAA
1008027	2	8m	2.266	GAACAAA
1008232	612	8m	2.107	GAACAAA
1008429	30	7A1	2.868	GAACAAA
1008433	332	8m	1.284	GAACAAA
1008438	366	7A1	2.753	GAACAAA
1008801	225	8m	1.230	GAACAAA
1008828	500	7A1	2.240	GAACAAA
1009038	18	7A1	2.468	GAACAAA
1009092	85	7m8	1.558	CGAACAA
1009249	218	7A1	1.265	GAACAAA
1009306	98	7m8	1.337	CGAACAA
1009390	134	7m8	1.854	CGAACAA
1009553	47	7A1	1.545	GAACAAA
1009587	761	7A1	2.829	GAACAAA
1009667	1009	7m8	1.937	CGAACAA
1009682	543	8m	1.160	CGAACAA
1009846	38	7A1	1.078	GAACAAA
1010052	333	7A1	2.563	GAACAAA
1010280	179	7A1	1.850	GAACAAA
1010484	316	7A1	2.214	GAACAAA
1010610	246	7m8	2.324	CGAACAA
1011509	323	7A1	1.425	GAACAAA
1011584	817	8m	1.178	GAACAAA
1011959	27	7A1	1.722	GAACAAA
1012036	13	7A1	1.443	GAACAAA
1012758	9	7m8	2.106	CGAACAA
1013071	428	8m	1.130	GAACAAA
1013456	556	8m	2.675	CGAACAA
1013774	937	7m8	1.453	CGAACAA
1014200	395	7A1	1.410	GAACAAA
1014210	677	7m8	2.290	CGAACAA
1014252	117	7A1	1.221	GAACAAA
1014561	447	7A1	1.897	GAACAAA
1014691	447	7A1	1.897	GAACAAA
1014984	26	7m8	1.799	CGAACAA
1015049	512	7A1	2.348	GAACAAA
1015338	31	7A1	1.927	GAACAAA
1015433	167	8m	2.333	GAACAAA
1015731	366	7A1	2.358	GAACAAA
1015930	56	7A1	2.153	GAACAAA
1016148	733	7m8	1.600	CGAACAA
1016148	765	7A1	2.807	GAACAAA
1016149	156	7A1	1.895	GAACAAA
1016218	891	8m	1.449	CGAACAA
1016218	912	7m8	1.436	CGAACAA
1016523	28	7m8	1.638	CGAACAA
1016559	623	7m8	3.054	CGAACAA
1016592	199	8m	2.494	GAACAAA
1016686	285	8m	1.567	CGAACAA
1016766	49	7A1	1.660	GAACAAA
1017105	448	7A1	1.723	GAACAAA
1017120	17	8m	2.465	CGAACAA
1017209	192	7A1	1.098	GAACAAA
1017225	418	7A1	1.310	GAACAAA
1017284	752	7A1	1.496	GAACAAA
1017470	53	7A1	1.036	GAACAAA
1017559	379	7m8	1.520	CGAACAA
1017806	842	7m8	1.292	CGAACAA
1018147	141	7A1	3.033	GAACAAA
1018365	359	7A1	2.099	GAACAAA
1018600	268	8m	1.721	CGAACAA
1018614	8	7A1	2.388	GAACAAA
1018765	251	7A1	1.173	GAACAAA
1018849	324	7A1	1.460	GAACAAA
1019194	633	8m	1.992	CGAACAA
1019200	469	7A1	2.028	GAACAAA
1019325	159	7A1	1.852	GAACAAA
1019581	322	8m	2.022	GAACAAA
1019779	86	7A1	1.199	GAACAAA
1019978	316	7A1	1.058	GAACAAA
1020255	696	8m	2.235	GAACAAA
1021383	163	7A1	2.570	GAACAAA
1021851	351	7A1	1.064	GAACAAA
1021939	268	7A1	1.247	GAACAAA
1022287	187	7A1	1.758	GAACAAA
1022481	359	7A1	1.035	GAACAAA
1022816	264	7A1	2.868	GAACAAA
1023590	108	7A1	1.268	GAACAAA
1023620	336	8m	1.237	GAACAAA
1023679	246	7m8	1.224	CGAACAA
1023826	78	7m8	2.490	CGAACAA
1023910	671	7m8	1.742	CGAACAA
1024021	120	7m8	1.161	CGAACAA
1024055	257	7A1	1.136	GAACAAA
1024205	6	7A1	1.204	GAACAAA
1024226	9	7m8	2.807	CGAACAA
1024226	700	7m8	1.188	CGAACAA
1024226	1207	8m	1.189	CGAACAA
1024484	757	7A1	1.038	GAACAAA
1024531	1028	7A1	1.228	GAACAAA
1024903	280	7A1	2.278	GAACAAA
1024980	274	7A1	1.941	GAACAAA
1025025	344	7A1	1.864	GAACAAA
1025171	189	7A1	2.498	GAACAAA
1026101	51	7m8	1.396	CGAACAA
1026510	18	7A1	1.265	GAACAAA
1026690	560	7A1	1.471	GAACAAA
1026691	35	7A1	2.389	GAACAAA
1026800	226	7A1	1.164	GAACAAA
1027159	428	7m8	1.400	CGAACAA
1027799	64	7m8	1.592	CGAACAA
1028009	468	7A1	2.639	GAACAAA
1028025	92	7A1	1.028	GAACAAA
1028366	184	7A1	1.309	GAACAAA
1028757	261	7m8	1.133	CGAACAA
1028943	153	8m	1.312	GAACAAA
1029039	66	7A1	2.224	GAACAAA
1029429	68	8m	2.522	GAACAAA
1029457	359	8m	1.500	CGAACAA
1029683	205	8m	2.747	GAACAAA
1030568	481	7A1	2.195	GAACAAA
1030619	981	7m8	1.268	CGAACAA
1031034	777	7A1	1.198	GAACAAA
1031296	143	7A1	1.530	GAACAAA
1031889	633	7A1	1.146	GAACAAA
1032611	158	7A1	2.494	GAACAAA
1033139	206	7A1	2.761	GAACAAA
1033320	291	7m8	1.108	CGAACAA
1033463	486	8m	2.232	GAACAAA
1033675	33	7m8	1.600	CGAACAA
1033787	562	7A1	1.161	GAACAAA
1033885	689	7A1	1.196	GAACAAA
1033921	51	7A1	1.801	GAACAAA
1034263	549	7A1	2.111	GAACAAA
1034425	551	8m	2.242	CGAACAA
1034446	109	7A1	2.919	GAACAAA
1034491	681	8m	1.146	CGAACAA
1034506	215	7A1	2.629	GAACAAA
1035003	792	7A1	2.169	GAACAAA
1035100	740	7A1	1.516	GAACAAA
1035212	218	7A1	1.850	GAACAAA
1035305	459	7A1	1.109	GAACAAA
1035449	404	7A1	2.490	GAACAAA
1035479	163	7A1	1.116	GAACAAA
1035600	204	7m8	1.185	CGAACAA
1035617	231	7A1	1.016	GAACAAA
1035865	9	7A1	3.000	GAACAAA
1035953	53	7A1	1.277	GAACAAA
1036245	276	8m	2.170	GAACAAA
1036245	283	7A1	1.754	GAACAAA
1036402	463	7A1	2.260	GAACAAA
1037007	26	7m8	2.485	CGAACAA
1037114	145	8m	1.660	CGAACAA
1037492	276	7A1	2.777	GAACAAA
1037521	55	7A1	1.136	GAACAAA
1037682	279	7A1	1.578	GAACAAA
1037892	206	8m	1.134	GAACAAA
1038835	602	8m	2.785	CGAACAA
1039201	252	7m8	1.564	CGAACAA
1039752	81	7m8	3.281	CGAACAA
1039887	10	7A1	2.556	GAACAAA
1039909	54	8m	2.809	CGAACAA
1039916	1090	7m8	1.527	CGAACAA
1040117	197	7m8	1.470	CGAACAA
1040204	418	8m	1.370	CGAACAA
