1001665	48	8m	1.017	TCTCGAA
1002416	59	7m8	1.741	TCTCGAA
1002479	182	7A1	1.925	CTCGAAA
1002593	516	8m	1.178	TCTCGAA
1003546	38	7A1	1.275	CTCGAAA
1003854	16	7m8	1.410	TCTCGAA
1004166	143	7A1	1.004	CTCGAAA
1004290	279	7m8	1.293	TCTCGAA
1005035	45	7m8	1.457	TCTCGAA
1006817	364	7A1	2.742	CTCGAAA
1007316	404	7A1	1.841	CTCGAAA
1007612	1534	8m	1.232	CTCGAAA
1007729	149	7A1	1.150	CTCGAAA
1007735	149	7A1	1.038	CTCGAAA
1007905	440	7A1	1.292	CTCGAAA
1008172	2	7m8	2.063	TCTCGAA
1008172	599	7A1	1.554	CTCGAAA
1008408	178	7A1	1.256	CTCGAAA
1009324	562	7A1	1.059	CTCGAAA
1009481	158	7A1	1.494	CTCGAAA
1010231	370	7A1	1.631	CTCGAAA
1010389	47	7A1	1.368	CTCGAAA
1010797	46	7m8	1.229	TCTCGAA
1012400	788	7A1	1.940	CTCGAAA
1012600	304	8m	1.874	CTCGAAA
1013013	19	7A1	1.212	CTCGAAA
1013970	227	7A1	1.260	CTCGAAA
1014420	252	7m8	2.465	TCTCGAA
1015775	2005	7A1	1.631	CTCGAAA
1016211	321	8m	1.309	TCTCGAA
1016572	1034	7A1	1.199	CTCGAAA
1017263	58	7m8	1.507	TCTCGAA
1017794	160	8m	1.409	CTCGAAA
1018132	349	7A1	1.520	CTCGAAA
1018259	227	8m	1.212	CTCGAAA
1019236	53	7A1	1.282	CTCGAAA
1020936	450	8m	1.062	TCTCGAA
1021973	110	7m8	1.865	TCTCGAA
1022385	8	7m8	1.937	TCTCGAA
1022930	898	7m8	2.488	TCTCGAA
1023237	550	7A1	1.604	CTCGAAA
1023893	673	7m8	1.635	TCTCGAA
1023910	3	7A1	1.620	CTCGAAA
1023992	393	8m	1.033	CTCGAAA
1024081	82	8m	1.210	TCTCGAA
1024147	472	7A1	1.585	CTCGAAA
1024186	114	7A1	1.033	CTCGAAA
1024646	1191	7A1	1.168	CTCGAAA
1024765	189	8m	2.760	TCTCGAA
1024846	321	7m8	1.467	TCTCGAA
1024941	1278	7A1	1.600	CTCGAAA
1027333	0	7m8	1.634	TCTCGAA
1027422	92	7m8	2.000	TCTCGAA
1028117	419	7A1	1.813	CTCGAAA
1028212	118	8m	2.613	TCTCGAA
1029000	456	7m8	1.776	TCTCGAA
1029216	103	7m8	1.240	TCTCGAA
1029417	32	7A1	1.232	CTCGAAA
1031127	354	8m	1.268	TCTCGAA
1031144	8	7m8	1.181	TCTCGAA
1031595	486	7A1	1.154	CTCGAAA
1032614	603	7A1	1.119	CTCGAAA
1033604	212	7A1	1.656	CTCGAAA
1033921	39	7A1	1.167	CTCGAAA
1033947	1064	7m8	1.189	TCTCGAA
1034595	367	8m	1.327	TCTCGAA
1035621	546	7m8	1.630	TCTCGAA
1036116	233	7A1	3.640	CTCGAAA
1036125	1635	7A1	1.474	CTCGAAA
1036372	73	8m	1.046	CTCGAAA
1036377	32	7A1	2.985	CTCGAAA
1036557	242	7A1	1.539	CTCGAAA
1038566	150	7A1	1.074	CTCGAAA
1039085	66	7m8	3.049	TCTCGAA
1039953	514	7A1	1.705	CTCGAAA
