1001200	566	7A1	2.240	GAGCTTA
1002745	160	7A1	1.474	GAGCTTA
1002820	158	7m8	2.392	TGAGCTT
1003421	9	7A1	1.964	GAGCTTA
1004109	82	7A1	1.024	GAGCTTA
1007479	2165	8m	1.093	GAGCTTA
1007644	428	7A1	2.303	GAGCTTA
1008223	480	7A1	1.958	GAGCTTA
1008591	72	7m8	1.675	TGAGCTT
1008785	349	7m8	1.884	TGAGCTT
1008857	85	7m8	1.182	TGAGCTT
1009250	223	7m8	2.384	TGAGCTT
1009485	122	8m	1.934	GAGCTTA
1009917	422	8m	1.166	GAGCTTA
1010290	4	7m8	2.250	TGAGCTT
1010778	112	7m8	1.737	TGAGCTT
1011584	1141	8m	2.333	GAGCTTA
1011610	237	7m8	1.362	TGAGCTT
1012050	888	7A1	1.762	GAGCTTA
1012089	9	7m8	1.781	TGAGCTT
1013539	500	7A1	1.864	GAGCTTA
1013774	793	7A1	1.497	GAGCTTA
1013956	793	7m8	1.443	TGAGCTT
1015049	4	7m8	1.474	TGAGCTT
1015107	274	7m8	1.733	TGAGCTT
1015110	274	7m8	1.733	TGAGCTT
1015417	64	7m8	1.075	TGAGCTT
1015993	251	7A1	1.027	GAGCTTA
1017386	296	7m8	1.409	TGAGCTT
1020969	56	7A1	1.238	GAGCTTA
1023597	542	7A1	3.376	GAGCTTA
1024724	505	7A1	1.921	GAGCTTA
1025355	492	7A1	1.486	GAGCTTA
1027829	76	7A1	1.778	GAGCTTA
1029695	19	7A1	1.731	GAGCTTA
1031989	10	8m	1.506	GAGCTTA
1031995	1949	7m8	1.783	TGAGCTT
1032297	22	7A1	1.230	GAGCTTA
1032496	545	7A1	1.169	GAGCTTA
1036167	3	7m8	1.529	TGAGCTT
1036407	217	7A1	1.017	GAGCTTA
1036936	106	7A1	1.467	GAGCTTA
1037012	28	8m	1.454	TGAGCTT
1037209	387	7A1	1.411	GAGCTTA
1038527	690	7A1	1.861	GAGCTTA
1039472	502	7m8	2.411	TGAGCTT
1040072	575	7A1	1.547	GAGCTTA
1040160	97	7m8	3.505	TGAGCTT
1040656	13	7m8	3.450	TGAGCTT
