1000060	176	7m8	1.088	ACATCAC
1001212	49	8m	1.296	CATCACA
1001493	86	7m8	1.480	ACATCAC
1003021	269	7m8	2.098	ACATCAC
1005453	32	7A1	2.257	CATCACA
1005692	223	8m	1.671	ACATCAC
1005827	0	7A1	2.530	CATCACA
1009028	578	7A1	1.309	CATCACA
1009466	517	8m	1.602	CATCACA
1010186	216	7m8	1.459	ACATCAC
1010438	454	7A1	1.360	CATCACA
1012876	21	7m8	1.000	ACATCAC
1012894	282	7m8	2.347	ACATCAC
1013960	334	7A1	1.051	CATCACA
1014354	1310	7A1	1.656	CATCACA
1014482	517	8m	1.602	CATCACA
1014746	164	7A1	2.523	CATCACA
1015049	463	7A1	1.783	CATCACA
1015719	37	7m8	1.554	ACATCAC
1015723	1838	7A1	1.062	CATCACA
1016178	461	7m8	1.183	ACATCAC
1016202	1274	8m	1.958	CATCACA
1017070	3	8m	2.141	CATCACA
1018869	24	7m8	1.457	ACATCAC
1018962	0	8m	2.445	CATCACA
1019053	279	7A1	2.381	CATCACA
1019857	216	7A1	1.133	CATCACA
1020544	314	8m	1.178	ACATCAC
1021150	500	8m	3.221	ACATCAC
1021244	300	7m8	1.554	ACATCAC
1021383	35	7m8	2.807	ACATCAC
1021454	16	7A1	3.002	CATCACA
1021593	0	7m8	2.376	ACATCAC
1021688	364	7A1	1.600	CATCACA
1022297	112	7A1	1.570	CATCACA
1022995	269	8m	2.777	ACATCAC
1023190	2430	7m8	1.374	ACATCAC
1023708	14	7m8	3.296	ACATCAC
1023823	21	7A1	1.041	CATCACA
1024030	1129	7A1	1.019	CATCACA
1024523	8	8m	2.891	ACATCAC
1024549	28	7A1	1.387	CATCACA
1024941	1485	8m	1.268	CATCACA
1025212	267	7A1	1.591	CATCACA
1025382	1	7A1	2.087	CATCACA
1026699	101	7A1	1.068	CATCACA
1027253	203	7m8	3.212	ACATCAC
1027351	112	8m	1.723	CATCACA
1028425	4	7A1	1.977	CATCACA
1028818	693	8m	1.471	CATCACA
1029244	293	7m8	1.844	ACATCAC
1031009	107	8m	1.013	ACATCAC
1031360	446	7A1	1.149	CATCACA
1032042	35	7m8	1.436	ACATCAC
1032682	253	7m8	2.287	ACATCAC
1033479	626	7m8	2.812	ACATCAC
1033765	2179	7m8	2.216	ACATCAC
1033768	2179	7m8	2.216	ACATCAC
1033938	2179	7m8	2.216	ACATCAC
1033941	2179	7m8	2.216	ACATCAC
1033969	585	8m	1.403	ACATCAC
1034269	43	7m8	1.792	ACATCAC
1034601	435	7m8	2.535	ACATCAC
1034688	341	8m	1.104	ACATCAC
1036164	365	7A1	1.830	CATCACA
1036766	130	7m8	1.754	ACATCAC
1038746	210	7A1	1.261	CATCACA
1038815	964	7m8	1.354	ACATCAC
1039443	309	7A1	1.150	CATCACA
1039893	341	8m	2.472	CATCACA
1040238	18	7m8	1.114	ACATCAC
