1000167	63	7m8	1.873	GAGCTTT
1000168	96	8m	1.423	GAGCTTT
1001379	61	8m	2.017	GAGCTTT
1002682	154	7A1	1.031	AGCTTTA
1003260	146	7m8	2.483	GAGCTTT
1004118	894	7m8	1.855	GAGCTTT
1004199	101	7m8	1.517	GAGCTTT
1004799	83	7m8	1.410	GAGCTTT
1005356	789	7A1	2.629	AGCTTTA
1005365	12	7m8	1.729	GAGCTTT
1005498	13	7m8	1.196	GAGCTTT
1005655	68	7m8	2.348	GAGCTTT
1008052	21	8m	1.233	GAGCTTT
1008785	357	7m8	2.000	GAGCTTT
1009367	521	7A1	1.913	AGCTTTA
1009449	810	7A1	2.827	AGCTTTA
1009485	89	7m8	1.188	GAGCTTT
1010290	5	7m8	2.250	GAGCTTT
1010308	6	7m8	1.483	GAGCTTT
1010551	41	7m8	1.961	GAGCTTT
1010778	113	7m8	1.565	GAGCTTT
1011243	500	7m8	1.231	GAGCTTT
1012089	10	7m8	2.307	GAGCTTT
1012742	106	7m8	1.554	GAGCTTT
1013321	891	7m8	1.600	GAGCTTT
1013527	209	7m8	1.108	GAGCTTT
1013863	81	7A1	1.799	AGCTTTA
1013900	477	7A1	2.231	AGCTTTA
1013956	794	7m8	1.384	GAGCTTT
1014115	330	7A1	2.679	AGCTTTA
1014999	276	7m8	2.741	GAGCTTT
1015107	275	7m8	2.347	GAGCTTT
1015110	275	7m8	2.347	GAGCTTT
1015110	920	7m8	1.606	GAGCTTT
1015261	494	7m8	1.564	GAGCTTT
1015731	748	7m8	1.304	GAGCTTT
1015775	1114	7m8	1.803	GAGCTTT
1015904	810	7A1	2.483	AGCTTTA
1016202	532	7m8	2.494	GAGCTTT
1016392	278	7A1	1.515	AGCTTTA
1016601	427	7A1	2.114	AGCTTTA
1017386	297	7m8	1.409	GAGCTTT
1017942	143	7A1	2.329	AGCTTTA
1017962	30	7A1	2.325	AGCTTTA
1018231	128	7m8	2.985	GAGCTTT
1018266	21	7A1	1.522	AGCTTTA
1018500	12	8m	1.756	GAGCTTT
1019182	96	7A1	1.913	AGCTTTA
1019733	123	7A1	2.061	AGCTTTA
1019748	393	7m8	2.188	GAGCTTT
1019748	435	7m8	1.337	GAGCTTT
1020262	51	7m8	2.128	GAGCTTT
1020730	486	8m	2.568	GAGCTTT
1021548	221	7A1	1.766	AGCTTTA
1022194	2696	7A1	1.098	AGCTTTA
1022498	38	7m8	1.228	GAGCTTT
1022936	256	7A1	2.439	AGCTTTA
1023007	198	7A1	2.661	AGCTTTA
1023247	382	7m8	3.376	GAGCTTT
1023708	766	7A1	2.494	AGCTTTA
1023925	1983	7A1	1.600	AGCTTTA
1025025	449	7m8	1.961	GAGCTTT
1025025	687	7A1	1.281	AGCTTTA
1025514	232	7m8	1.620	GAGCTTT
1026388	388	7A1	1.199	AGCTTTA
1027775	982	7m8	3.038	GAGCTTT
1029367	504	7m8	2.222	GAGCTTT
1029367	774	7m8	2.607	GAGCTTT
1029853	231	7m8	1.958	GAGCTTT
1030855	330	7m8	1.295	GAGCTTT
1030881	88	7m8	1.682	GAGCTTT
1031927	403	7A1	2.753	AGCTTTA
1031995	1950	7m8	1.783	GAGCTTT
1032371	1408	7A1	2.716	AGCTTTA
1032510	369	7m8	1.974	GAGCTTT
1032736	537	7A1	4.260	AGCTTTA
1033067	326	7m8	3.210	GAGCTTT
1035886	1321	7m8	1.268	GAGCTTT
1035912	22	7A1	2.146	AGCTTTA
1036167	4	8m	1.199	GAGCTTT
1036302	426	7m8	2.384	GAGCTTT
1036545	108	7m8	1.234	GAGCTTT
1036560	204	7m8	1.285	GAGCTTT
1037805	177	7A1	1.923	AGCTTTA
1037997	53	7m8	1.092	GAGCTTT
1038350	49	7m8	1.265	GAGCTTT
1038647	10	7m8	1.788	GAGCTTT
1038688	302	7m8	1.040	GAGCTTT
1039238	529	7A1	1.692	AGCTTTA
1039916	2559	7A1	1.936	AGCTTTA
1039947	66	7m8	2.800	GAGCTTT
1040402	60	7m8	1.161	GAGCTTT
1040410	190	7A1	2.417	AGCTTTA
1040656	14	7m8	3.450	GAGCTTT
1040665	359	7m8	1.215	GAGCTTT
