1000201	49	8m	3.120	GTGCCAA
1000243	202	7A1	1.958	TGCCAAA
1000284	184	8m	1.833	GTGCCAA
1000329	286	8m	2.266	GTGCCAA
1000347	327	7A1	1.100	TGCCAAA
1000488	354	8m	2.426	GTGCCAA
1000488	367	7A1	2.426	TGCCAAA
1000607	678	7m8	1.600	GTGCCAA
1000728	608	7A1	2.074	TGCCAAA
1000812	152	8m	2.669	GTGCCAA
1000812	281	8m	1.976	GTGCCAA
1000865	202	7A1	1.400	TGCCAAA
1001028	328	8m	1.542	GTGCCAA
1001167	251	7A1	2.518	TGCCAAA
1001167	259	8m	2.518	GTGCCAA
1001167	540	7A1	1.248	TGCCAAA
1001226	354	7A1	1.506	TGCCAAA
1001631	117	7A1	1.600	TGCCAAA
1001659	176	8m	1.268	GTGCCAA
1001659	305	8m	1.188	GTGCCAA
1001659	493	7A1	2.369	TGCCAAA
1002258	539	7A1	1.909	TGCCAAA
1002406	253	7A1	2.159	TGCCAAA
1002682	323	7A1	2.052	TGCCAAA
1002697	430	7m8	3.186	GTGCCAA
1002832	71	7m8	2.308	GTGCCAA
1003131	39	7A1	1.205	TGCCAAA
1003149	1182	7A1	1.961	TGCCAAA
1003633	753	8m	1.961	GTGCCAA
1003932	413	7A1	1.816	TGCCAAA
1004032	284	7A1	2.245	TGCCAAA
1004079	141	8m	2.800	GTGCCAA
1004143	105	8m	1.213	GTGCCAA
1004166	213	7A1	1.383	TGCCAAA
1004199	338	7A1	1.198	TGCCAAA
1004199	351	7A1	2.381	TGCCAAA
1004335	297	7m8	2.068	GTGCCAA
1004625	545	8m	2.617	GTGCCAA
1005280	153	8m	1.072	GTGCCAA
1005337	115	7A1	2.532	TGCCAAA
1005548	138	7A1	1.040	TGCCAAA
1005548	564	8m	1.302	GTGCCAA
1005655	412	7A1	1.068	TGCCAAA
1005656	1	7A1	1.813	TGCCAAA
1006696	533	7A1	2.759	TGCCAAA
1006710	137	7m8	1.251	GTGCCAA
1006737	331	8m	3.439	GTGCCAA
1006764	99	7A1	1.301	TGCCAAA
1006811	236	7A1	1.373	TGCCAAA
1006817	606	7m8	2.548	GTGCCAA
1006942	694	7A1	1.776	TGCCAAA
1007267	180	7m8	1.600	GTGCCAA
1007316	412	8m	2.015	GTGCCAA
1007377	139	8m	2.891	TGCCAAA
1007930	763	7m8	1.961	GTGCCAA
1008040	53	7A1	1.562	TGCCAAA
1008076	180	8m	1.649	TGCCAAA
1008106	800	7m8	3.058	GTGCCAA
1008127	371	7m8	1.379	GTGCCAA
1008238	91	7m8	1.632	GTGCCAA
1008268	427	7m8	1.172	GTGCCAA
1008288	376	7m8	2.606	GTGCCAA
1008294	511	7m8	1.168	GTGCCAA
1008310	387	7A1	1.400	TGCCAAA
1008456	333	7A1	2.661	TGCCAAA
1008463	478	7A1	1.017	TGCCAAA
1008744	544	7A1	1.178	TGCCAAA
1008747	442	7A1	1.734	TGCCAAA
1008767	28	7A1	1.163	TGCCAAA
1008770	419	7A1	2.558	TGCCAAA
1008864	638	7A1	2.846	TGCCAAA
1008905	196	8m	2.757	GTGCCAA
1008909	148	7A1	1.656	TGCCAAA
1009265	138	7A1	1.043	TGCCAAA
1009265	304	7m8	2.287	GTGCCAA
1009309	130	7A1	1.059	TGCCAAA
1009318	443	8m	1.961	GTGCCAA
1009390	571	8m	2.899	GTGCCAA
1009466	526	7A1	3.272	TGCCAAA
1009485	181	8m	1.934	GTGCCAA
1009562	93	7A1	1.418	TGCCAAA
1009630	182	7A1	1.182	TGCCAAA
1009783	716	7m8	2.611	GTGCCAA
1009832	900	7A1	1.447	TGCCAAA
1010680	529	8m	2.464	GTGCCAA
1010943	383	7m8	2.976	GTGCCAA
1010973	168	8m	1.215	GTGCCAA
1011197	306	7m8	1.579	GTGCCAA
1011279	9	7A1	1.268	TGCCAAA
1012000	315	7A1	1.178	TGCCAAA
1012183	185	7m8	2.408	GTGCCAA
1012281	307	8m	1.722	GTGCCAA
1012284	295	8m	2.370	TGCCAAA
1012325	80	8m	1.600	GTGCCAA
1012400	6	7A1	1.600	TGCCAAA
1012400	364	7m8	1.132	GTGCCAA
1012587	431	8m	2.423	TGCCAAA
1012710	287	8m	2.884	GTGCCAA
1012736	523	7m8	1.456	GTGCCAA
1012837	270	8m	1.215	GTGCCAA
1013013	84	7A1	2.050	TGCCAAA
1013438	111	7A1	1.196	TGCCAAA
1013441	335	8m	1.471	TGCCAAA
1013769	244	8m	1.677	GTGCCAA
1013864	440	8m	1.180	GTGCCAA
1014365	88	7A1	1.678	TGCCAAA
1014426	108	7A1	1.225	TGCCAAA
1014462	547	7A1	1.523	TGCCAAA
1014720	3	7A1	1.467	TGCCAAA
1014896	330	7A1	1.262	TGCCAAA
1015071	1094	8m	1.600	GTGCCAA
1015083	332	7m8	1.337	GTGCCAA
1015100	2426	7A1	2.611	TGCCAAA
1015265	53	7A1	1.562	TGCCAAA
1015276	136	7A1	2.752	TGCCAAA
1015276	240	8m	2.303	GTGCCAA
1015345	2010	7A1	2.153	TGCCAAA
1015495	129	7A1	1.495	TGCCAAA
1015659	104	7A1	1.457	TGCCAAA
1015723	2362	7A1	2.397	TGCCAAA
1015846	512	7A1	1.246	TGCCAAA
1015889	470	7A1	3.653	TGCCAAA
1015889	551	7A1	1.327	TGCCAAA
1016008	1372	7m8	1.078	GTGCCAA
1016014	126	7A1	1.221	TGCCAAA
1016022	443	8m	1.961	GTGCCAA
1016140	18	8m	2.340	GTGCCAA
1016283	254	8m	1.398	GTGCCAA
1016400	350	7A1	1.958	TGCCAAA
1016514	44	7A1	1.702	TGCCAAA
1016568	160	7A1	1.527	TGCCAAA
1016601	503	7A1	1.544	TGCCAAA
1016853	111	7A1	1.185	TGCCAAA
1016937	83	8m	1.223	TGCCAAA
1017022	351	7A1	1.196	TGCCAAA
1017022	524	8m	1.602	GTGCCAA
1017031	138	7A1	2.782	TGCCAAA
1017094	609	7A1	1.068	TGCCAAA
1017338	1399	8m	2.087	GTGCCAA
1017377	325	8m	2.195	GTGCCAA
1017626	377	7A1	1.961	TGCCAAA
1017788	21	7m8	2.599	GTGCCAA
1017969	190	7A1	1.048	TGCCAAA
1018260	253	7A1	1.292	TGCCAAA
1018407	540	7A1	3.056	TGCCAAA
1018690	250	7A1	1.447	TGCCAAA
1019161	210	7A1	2.751	TGCCAAA
1019612	19	7A1	1.311	TGCCAAA
1019700	665	7A1	2.055	TGCCAAA
1019901	407	7m8	2.107	GTGCCAA
1020262	145	8m	2.403	TGCCAAA
1020603	528	8m	1.377	GTGCCAA
1020633	561	7A1	1.896	TGCCAAA
1020663	713	7m8	2.464	GTGCCAA
1020769	352	7A1	3.482	TGCCAAA
1020790	74	7A1	1.133	TGCCAAA
1020892	240	8m	1.528	TGCCAAA
1020977	175	7A1	1.032	TGCCAAA
1021013	170	7m8	1.994	GTGCCAA
1021013	218	8m	2.777	GTGCCAA
1021171	458	7A1	4.309	TGCCAAA
1021547	489	7m8	2.041	GTGCCAA
1021795	866	7m8	1.836	GTGCCAA
1022064	413	8m	1.518	GTGCCAA
1022104	323	7A1	1.202	TGCCAAA
1022179	428	7A1	1.422	TGCCAAA
1022179	518	7m8	1.999	GTGCCAA
1022478	791	7A1	1.554	TGCCAAA
1022841	164	7m8	2.812	GTGCCAA
1022939	5	7A1	2.201	TGCCAAA
1022983	241	7m8	1.600	GTGCCAA
1023190	1455	7A1	1.163	TGCCAAA
1023275	270	7A1	1.275	TGCCAAA
1023397	88	7A1	1.681	TGCCAAA
1023441	288	8m	2.484	GTGCCAA
1023464	295	8m	2.822	GTGCCAA
1023505	310	7m8	2.533	GTGCCAA
1023570	369	7A1	1.858	TGCCAAA
1023596	831	7A1	3.200	TGCCAAA
1023708	1407	8m	1.157	GTGCCAA
1023792	647	8m	2.363	GTGCCAA
1023804	278	7A1	1.393	TGCCAAA
1023849	686	7A1	1.467	TGCCAAA
1023899	402	8m	2.442	GTGCCAA
1023925	483	8m	2.305	TGCCAAA
1024174	241	7m8	1.188	GTGCCAA
1024226	176	7A1	2.159	TGCCAAA
1024249	667	7A1	2.658	TGCCAAA
1024351	173	7A1	1.873	TGCCAAA
1024402	334	8m	3.153	GTGCCAA
1024603	630	7m8	1.689	GTGCCAA
1024607	263	7m8	1.679	GTGCCAA
1024607	329	8m	1.952	GTGCCAA
1024646	342	7m8	1.168	GTGCCAA
1024666	279	8m	1.600	GTGCCAA
1024711	630	7m8	2.306	GTGCCAA
1024831	887	7m8	2.979	GTGCCAA
1025031	446	7m8	1.233	GTGCCAA
1025227	190	7A1	1.432	TGCCAAA
1025407	518	7A1	2.747	TGCCAAA
1025656	661	7A1	2.702	TGCCAAA
1025671	470	8m	1.410	GTGCCAA
1026023	85	8m	1.309	GTGCCAA
1026039	247	7m8	1.220	GTGCCAA
1026039	398	7A1	2.290	TGCCAAA
1026159	966	7A1	2.460	TGCCAAA
1026729	95	8m	1.892	GTGCCAA
1027775	1073	7A1	1.150	TGCCAAA
1027846	211	8m	1.233	GTGCCAA
1027902	226	8m	1.178	GTGCCAA
1027975	646	7A1	2.023	TGCCAAA
1028171	297	7m8	1.506	GTGCCAA
1028194	335	7A1	2.028	TGCCAAA
1028398	189	8m	2.225	GTGCCAA
1028443	577	7m8	1.469	GTGCCAA
1028520	2	7A1	1.340	TGCCAAA
1028631	47	7A1	1.721	TGCCAAA
1029367	614	7A1	1.299	TGCCAAA
1029454	431	7A1	1.722	TGCCAAA
1029501	338	8m	2.230	GTGCCAA
1029501	470	7A1	1.431	TGCCAAA
1030246	38	8m	1.403	GTGCCAA
1030370	92	7A1	1.356	TGCCAAA
1030371	197	7m8	1.608	GTGCCAA
1030394	60	7m8	1.396	GTGCCAA
1030407	417	7A1	1.163	TGCCAAA
1030473	4	7A1	1.307	TGCCAAA
1030522	83	7A1	1.671	TGCCAAA
1030836	221	7m8	2.120	GTGCCAA
1030905	182	7A1	1.848	TGCCAAA
1030911	243	7A1	1.025	TGCCAAA
1030968	8	7m8	1.240	GTGCCAA
1031373	176	7A1	1.105	TGCCAAA
1031785	167	7m8	2.031	GTGCCAA
1031785	357	7A1	1.268	TGCCAAA
1031881	447	7m8	2.260	GTGCCAA
1032175	508	7A1	1.385	TGCCAAA
1032384	386	7A1	2.617	TGCCAAA
1032682	266	8m	1.415	GTGCCAA
1032801	327	8m	3.117	GTGCCAA
1032838	235	7m8	2.209	GTGCCAA
1032970	21	8m	2.016	GTGCCAA
1033010	73	7m8	1.784	GTGCCAA
1033049	118	7A1	2.082	TGCCAAA
1033331	10	7A1	1.511	TGCCAAA
1033427	69	7A1	1.068	TGCCAAA
1033455	675	7A1	2.177	TGCCAAA
1033470	343	7A1	1.970	TGCCAAA
1033918	212	7m8	2.057	GTGCCAA
1033922	78	7A1	1.496	TGCCAAA
1034314	1028	8m	1.765	TGCCAAA
1034391	305	8m	1.293	GTGCCAA
1034720	251	7m8	2.844	GTGCCAA
1034997	615	7m8	2.357	GTGCCAA
1035003	562	7A1	1.033	TGCCAAA
1035100	87	7m8	1.832	GTGCCAA
1035111	611	8m	2.408	GTGCCAA
1035321	63	7A1	2.358	TGCCAAA
1035785	263	7A1	2.370	TGCCAAA
1036125	2950	8m	2.358	GTGCCAA
1036152	432	8m	2.327	GTGCCAA
1036200	126	7A1	2.229	TGCCAAA
1036411	405	8m	2.987	GTGCCAA
1037464	52	8m	1.713	GTGCCAA
1037483	132	7m8	2.118	GTGCCAA
1037654	155	7m8	1.475	GTGCCAA
1037812	59	7A1	2.581	TGCCAAA
1037961	299	7m8	1.821	GTGCCAA
1038087	580	7m8	1.361	GTGCCAA
1038180	23	7A1	1.104	TGCCAAA
1038232	299	7A1	2.229	TGCCAAA
1038287	11	7A1	1.951	TGCCAAA
1038487	67	7A1	1.733	TGCCAAA
1038497	219	7A1	1.178	TGCCAAA
1038550	394	7A1	1.292	TGCCAAA
1038614	66	7A1	2.381	TGCCAAA
1039120	1021	7A1	1.198	TGCCAAA
1039591	197	7A1	1.369	TGCCAAA
1039654	50	7A1	1.226	TGCCAAA
1039720	654	7A1	2.667	TGCCAAA
1039953	34	7A1	1.327	TGCCAAA
1039976	893	7A1	1.950	TGCCAAA
1040333	271	8m	2.769	TGCCAAA
1040354	1	8m	3.751	GTGCCAA
1040354	370	8m	1.655	GTGCCAA
1040369	287	8m	3.614	GTGCCAA
1040393	811	7m8	2.637	GTGCCAA
1040393	846	8m	2.567	GTGCCAA
1040405	556	8m	2.240	GTGCCAA
1040634	127	7A1	2.356	TGCCAAA
