1000023	124	7A1	2.381	GAATTTA
1000496	5	7m8	1.480	CGAATTT
1000496	615	7A1	2.309	GAATTTA
1000547	4	7m8	3.547	CGAATTT
1000679	658	7m8	1.653	CGAATTT
1000688	283	7A1	2.259	GAATTTA
1000826	499	7m8	1.160	CGAATTT
1001077	292	8m	1.322	GAATTTA
1001184	206	7m8	2.033	CGAATTT
1001258	203	7A1	1.280	GAATTTA
1001370	586	7m8	2.770	CGAATTT
1001580	565	7m8	2.272	CGAATTT
1001736	658	7A1	1.309	GAATTTA
1002269	281	7m8	1.219	CGAATTT
1002487	55	7A1	1.249	GAATTTA
1002587	114	7m8	1.516	CGAATTT
1003074	371	7A1	3.155	GAATTTA
1004101	34	7m8	1.439	CGAATTT
1004118	1803	7m8	1.937	CGAATTT
1004682	20	8m	1.881	GAATTTA
1005051	153	7A1	2.568	GAATTTA
1005105	87	8m	2.177	CGAATTT
1005132	429	8m	2.684	GAATTTA
1005237	34	8m	1.634	CGAATTT
1005238	11	8m	1.111	CGAATTT
1005601	492	7A1	1.954	GAATTTA
1005886	37	7m8	1.419	CGAATTT
1005939	423	7m8	1.299	CGAATTT
1006725	351	7A1	2.083	GAATTTA
1007496	37	7m8	1.176	CGAATTT
1007523	131	7A1	1.429	GAATTTA
1007837	671	7m8	2.214	CGAATTT
1007899	3	7m8	2.409	CGAATTT
1008009	68	7A1	1.460	GAATTTA
1008069	378	8m	2.257	GAATTTA
1008099	134	7m8	1.215	CGAATTT
1008202	337	7A1	2.989	GAATTTA
1008303	973	7m8	1.345	CGAATTT
1008648	125	7m8	1.583	CGAATTT
1008794	117	7m8	1.542	CGAATTT
1009129	4	8m	1.048	GAATTTA
1009288	49	8m	1.534	CGAATTT
1009306	146	8m	1.178	GAATTTA
1009367	471	7m8	3.002	CGAATTT
1009427	61	8m	1.564	CGAATTT
1009446	675	7m8	2.150	CGAATTT
1009733	51	7m8	1.045	CGAATTT
1009876	437	7m8	1.586	CGAATTT
1010234	1092	7A1	1.103	GAATTTA
1010403	3	7m8	2.409	CGAATTT
1010787	52	7m8	2.523	CGAATTT
1010878	147	7A1	1.341	GAATTTA
1010895	87	7m8	1.034	CGAATTT
1011209	130	7m8	2.062	CGAATTT
1011346	51	7m8	1.065	CGAATTT
1011509	1061	8m	2.673	CGAATTT
1011966	978	7A1	1.896	GAATTTA
1012400	81	7m8	1.133	CGAATTT
1012466	498	8m	2.985	GAATTTA
1012812	66	7m8	1.722	CGAATTT
1013117	87	7m8	2.218	CGAATTT
1013575	1080	7m8	1.429	CGAATTT
1013646	626	7m8	3.954	CGAATTT
1014292	254	8m	1.000	CGAATTT
1014590	123	7m8	1.600	CGAATTT
1015070	318	8m	1.542	GAATTTA
1015071	240	7m8	1.028	CGAATTT
1015100	1846	7A1	1.656	GAATTTA
1015154	4	7A1	1.861	GAATTTA
1015207	1191	7A1	1.896	GAATTTA
1015528	1311	8m	1.060	CGAATTT
1015889	522	7m8	2.483	CGAATTT
1016149	274	7A1	2.210	GAATTTA
1016370	71	7m8	1.914	CGAATTT
1016430	358	7m8	1.348	CGAATTT
1016622	160	7A1	3.147	GAATTTA
1016960	671	7m8	1.489	CGAATTT
1017133	596	7A1	1.554	GAATTTA
1017431	584	7m8	1.038	CGAATTT
1017698	813	7A1	1.196	GAATTTA
1017698	821	7A1	1.196	GAATTTA
1017740	49	7A1	1.178	GAATTTA
1017832	192	7m8	1.645	CGAATTT
1017880	137	7m8	1.443	CGAATTT
1018027	278	7A1	2.257	GAATTTA
1018308	21	7m8	1.148	CGAATTT
1018355	701	7A1	2.807	GAATTTA
1018355	1078	7A1	1.412	GAATTTA
1018926	4	7m8	1.889	CGAATTT
1019302	579	7m8	1.161	CGAATTT
1020249	7	7m8	1.006	CGAATTT
1020323	143	8m	2.156	GAATTTA
1020447	241	7m8	1.586	CGAATTT
1020622	76	7m8	1.056	CGAATTT
1020633	278	7A1	3.289	GAATTTA
1020703	91	7A1	1.474	GAATTTA
1020871	218	7A1	2.425	GAATTTA
1021244	330	7m8	1.088	CGAATTT
1021258	263	7m8	1.065	CGAATTT
1021670	57	7m8	1.013	CGAATTT
1021773	123	7A1	1.826	GAATTTA
1022566	50	7A1	1.168	GAATTTA
1022933	165	7m8	1.197	CGAATTT
1023455	67	7A1	1.192	GAATTTA
1023708	783	7m8	2.494	CGAATTT
1023708	1036	7A1	1.216	GAATTTA
1024039	829	7A1	1.600	GAATTTA
1024193	530	7A1	2.782	GAATTTA
1024226	861	7m8	1.198	CGAATTT
1024507	44	7A1	1.270	GAATTTA
1024607	464	7A1	1.769	GAATTTA
1024660	353	7A1	1.517	GAATTTA
1024717	387	8m	1.242	CGAATTT
1024867	87	7A1	1.003	GAATTTA
1025020	752	7A1	1.807	GAATTTA
1025271	54	7m8	2.415	CGAATTT
1025355	513	8m	3.417	CGAATTT
1025469	635	7A1	3.097	GAATTTA
1025469	942	7A1	1.459	GAATTTA
1025656	983	8m	2.490	CGAATTT
1025994	83	8m	1.922	GAATTTA
1026164	39	7m8	2.311	CGAATTT
1026685	273	7m8	2.381	CGAATTT
1026685	281	7m8	2.381	CGAATTT
1026883	553	7m8	1.261	CGAATTT
1027235	125	7m8	1.149	CGAATTT
1027329	3	7A1	1.597	GAATTTA
1027383	5	7m8	1.488	CGAATTT
1027649	151	7m8	1.612	CGAATTT
1027843	338	7A1	1.874	GAATTTA
1028035	72	7m8	1.113	CGAATTT
1028190	32	7m8	1.472	CGAATTT
1028233	35	7m8	1.105	CGAATTT
1028443	19	7A1	3.096	GAATTTA
1028776	147	7m8	1.068	CGAATTT
1029396	157	7A1	1.150	GAATTTA
1030187	881	7m8	1.941	CGAATTT
1030578	370	7m8	1.673	CGAATTT
1030583	228	7A1	1.927	GAATTTA
1031477	37	7A1	1.263	GAATTTA
1031482	938	7m8	1.341	CGAATTT
1031581	172	7A1	1.929	GAATTTA
1031995	515	8m	2.562	CGAATTT
1032331	451	7m8	1.506	CGAATTT
1032371	1179	7m8	2.519	CGAATTT
1032469	1297	7A1	2.798	GAATTTA
1032629	526	7A1	2.442	GAATTTA
1032730	304	7m8	1.591	CGAATTT
1033007	17	7A1	1.800	GAATTTA
1033149	68	7m8	1.183	CGAATTT
1033158	478	7m8	1.134	CGAATTT
1033681	151	7m8	1.612	CGAATTT
1033980	130	7m8	2.661	CGAATTT
1033983	130	7m8	3.200	CGAATTT
1034020	1364	7m8	1.166	CGAATTT
1034257	3281	7A1	1.175	GAATTTA
1034269	214	7m8	1.196	CGAATTT
1034503	10	8m	1.231	CGAATTT
1035003	381	7m8	1.265	CGAATTT
1035713	470	7m8	1.741	CGAATTT
1035800	326	7m8	3.078	CGAATTT
1035833	51	7A1	2.143	GAATTTA
1036125	269	7A1	1.168	GAATTTA
1036341	26	7m8	1.521	CGAATTT
1036468	113	7m8	1.172	CGAATTT
1036820	281	7m8	3.091	CGAATTT
1037025	347	7m8	3.162	CGAATTT
1037113	84	7m8	1.803	CGAATTT
1037444	89	7m8	1.257	CGAATTT
1038550	32	7A1	1.163	GAATTTA
1038607	242	7m8	1.401	CGAATTT
1038680	247	7m8	1.661	CGAATTT
1039906	163	7m8	1.732	CGAATTT
1039916	2438	7m8	1.714	CGAATTT
1039947	364	7m8	1.919	CGAATTT
1039952	850	7m8	1.174	CGAATTT
1040076	194	7A1	1.644	GAATTTA
1040127	45	7m8	1.671	CGAATTT
1040333	68	7m8	1.336	CGAATTT
1040405	4	7m8	1.193	CGAATTT
1040488	88	8m	2.568	CGAATTT
1040525	177	7m8	1.218	CGAATTT
1040536	269	7A1	1.168	GAATTTA
1040664	84	7m8	1.715	CGAATTT
