1000607	843	7A1	2.213	AATCTCA
1000685	305	7A1	1.161	AATCTCA
1001313	18	7A1	2.157	AATCTCA
1003574	328	7m8	2.551	GAATCTC
1003574	383	7A1	2.507	AATCTCA
1004298	373	7A1	1.240	AATCTCA
1004448	246	7A1	2.426	AATCTCA
1004837	75	7A1	1.999	AATCTCA
1006175	165	7m8	1.457	GAATCTC
1006931	584	8m	1.196	GAATCTC
1007612	1057	8m	1.262	GAATCTC
1008202	453	7A1	1.692	AATCTCA
1008936	156	8m	1.163	GAATCTC
1009437	29	7m8	1.196	GAATCTC
1010450	175	7m8	1.902	GAATCTC
1010797	50	7m8	1.446	GAATCTC
1010865	5	8m	2.445	AATCTCA
1011024	507	7A1	2.497	AATCTCA
1011728	55	7A1	2.105	AATCTCA
1012506	15	8m	2.236	GAATCTC
1012594	59	7m8	1.782	GAATCTC
1012837	286	7m8	1.410	GAATCTC
1013527	377	7m8	1.961	GAATCTC
1013685	382	7m8	1.196	GAATCTC
1014467	474	7A1	1.554	AATCTCA
1014682	260	8m	1.919	GAATCTC
1015207	1068	7A1	2.409	AATCTCA
1015249	644	7A1	1.266	AATCTCA
1015265	894	8m	2.371	GAATCTC
1015265	908	7m8	1.496	GAATCTC
1015639	156	8m	3.155	GAATCTC
1016218	15	7m8	1.160	GAATCTC
1016218	548	8m	1.554	GAATCTC
1016960	1011	7m8	1.241	GAATCTC
1017284	730	7A1	1.913	AATCTCA
1017284	763	7A1	2.331	AATCTCA
1017571	1	7m8	1.603	GAATCTC
1017815	1636	8m	1.937	AATCTCA
1018738	53	7A1	1.576	AATCTCA
1019408	78	7m8	1.241	GAATCTC
1021848	228	7m8	2.170	GAATCTC
1022571	88	7m8	2.450	GAATCTC
1022983	86	7A1	1.390	AATCTCA
1022995	486	7A1	1.196	AATCTCA
1023237	292	7A1	2.240	AATCTCA
1023294	976	7A1	1.088	AATCTCA
1023679	631	7m8	1.201	GAATCTC
1024054	248	8m	3.758	AATCTCA
1024321	85	7A1	2.245	AATCTCA
1024399	537	7A1	1.111	AATCTCA
1024490	315	8m	1.085	AATCTCA
1024534	682	7m8	2.612	GAATCTC
1024947	440	7m8	1.094	GAATCTC
1026366	87	7m8	2.313	GAATCTC
1027969	11	8m	2.068	GAATCTC
1028013	544	7m8	2.493	GAATCTC
1028782	12	8m	1.408	GAATCTC
1028920	477	7m8	1.148	GAATCTC
1029538	11	7A1	1.178	AATCTCA
1029623	398	7A1	1.735	AATCTCA
1030025	172	7A1	1.140	AATCTCA
1030106	66	7A1	1.027	AATCTCA
1031157	227	7m8	1.670	GAATCTC
1031169	19	8m	1.768	AATCTCA
1031241	370	7A1	2.041	AATCTCA
1031835	119	8m	2.490	GAATCTC
1032024	258	7m8	1.184	GAATCTC
1032841	243	7m8	1.108	GAATCTC
1032950	65	7m8	1.472	GAATCTC
1032970	952	7A1	1.020	AATCTCA
1032970	958	7A1	1.268	AATCTCA
1033169	2808	7A1	5.142	AATCTCA
1033599	257	7m8	2.068	GAATCTC
1034061	42	7m8	1.089	GAATCTC
1034070	86	7A1	1.497	AATCTCA
1034335	87	8m	1.335	GAATCTC
1036125	1162	7A1	2.074	AATCTCA
1036125	1689	7m8	1.227	GAATCTC
1036480	300	7A1	2.400	AATCTCA
1036664	264	7m8	1.934	GAATCTC
1036766	1	7A1	1.967	AATCTCA
1037979	175	8m	1.952	GAATCTC
1037994	466	8m	1.542	GAATCTC
1038490	300	7A1	2.751	AATCTCA
1038580	195	7A1	1.531	AATCTCA
1038932	54	8m	1.266	GAATCTC
1039453	44	8m	2.926	AATCTCA
1039468	880	7A1	1.409	AATCTCA
1039856	1282	7A1	1.595	AATCTCA
1039917	242	7A1	3.520	AATCTCA
1040060	215	8m	1.327	GAATCTC
1040476	103	7A1	1.196	AATCTCA
