1000044	824	7A1	1.895	CCGTCCA
1000868	349	7A1	2.073	CCGTCCA
1003337	257	7A1	1.816	CCGTCCA
1003397	346	7A1	1.371	CCGTCCA
1006585	1365	7A1	2.059	CCGTCCA
1007582	465	8m	3.364	TCCGTCC
1008193	332	7A1	1.669	CCGTCCA
1008196	740	7m8	1.043	TCCGTCC
1008530	879	7A1	2.970	CCGTCCA
1009044	173	8m	1.042	TCCGTCC
1010958	118	8m	2.782	CCGTCCA
1013446	441	7m8	1.550	TCCGTCC
1013456	30	7m8	1.133	TCCGTCC
1014942	132	7m8	1.357	TCCGTCC
1014942	160	7m8	1.602	TCCGTCC
1015705	172	7m8	1.178	TCCGTCC
1016304	86	7m8	1.038	TCCGTCC
1016416	257	8m	2.159	TCCGTCC
1017620	55	7m8	1.895	TCCGTCC
1017806	1548	7m8	1.410	TCCGTCC
1018227	179	8m	3.472	CCGTCCA
1019730	487	7A1	1.325	CCGTCCA
1020318	690	8m	2.110	TCCGTCC
1020489	413	7A1	2.250	CCGTCCA
1023082	812	7m8	2.323	TCCGTCC
1023106	77	7m8	1.084	TCCGTCC
1023294	791	7A1	1.815	CCGTCCA
1023619	381	8m	1.181	TCCGTCC
1024450	312	7A1	1.028	CCGTCCA
1024841	212	7m8	1.893	TCCGTCC
1025065	156	8m	1.874	TCCGTCC
1025606	862	7A1	2.215	CCGTCCA
1025884	3	7m8	1.671	TCCGTCC
1031497	453	7A1	2.883	CCGTCCA
1031793	33	7m8	1.022	TCCGTCC
1034861	286	7A1	1.198	CCGTCCA
1035371	50	7m8	2.033	TCCGTCC
1035591	596	7m8	1.845	TCCGTCC
1036152	58	7m8	1.262	TCCGTCC
1037617	184	8m	3.567	TCCGTCC
1039483	262	7A1	1.116	CCGTCCA
1040199	805	7A1	1.392	CCGTCCA
