1000023	780	7m8	2.744	ACATATC
1000050	126	7A1	1.937	CATATCA
1000826	737	7A1	1.554	CATATCA
1000826	888	7A1	1.202	CATATCA
1000826	1016	7A1	1.734	CATATCA
1001134	845	7A1	1.729	CATATCA
1001184	2415	7A1	2.741	CATATCA
1001184	3543	7A1	2.051	CATATCA
1001599	1582	7m8	2.381	ACATATC
1002174	323	7A1	2.617	CATATCA
1002234	30	7m8	2.767	ACATATC
1002239	424	7m8	2.578	ACATATC
1002697	567	7m8	3.028	ACATATC
1003568	918	7m8	1.937	ACATATC
1006585	1833	7m8	2.463	ACATATC
1006585	2242	7A1	2.620	CATATCA
1006717	390	7m8	1.868	ACATATC
1006925	20	7A1	1.799	CATATCA
1007316	958	7m8	1.384	ACATATC
1007479	720	7A1	1.889	CATATCA
1007708	376	8m	2.295	ACATATC
1008139	387	7A1	1.758	CATATCA
1008139	560	7A1	1.866	CATATCA
1008463	739	7m8	1.178	ACATATC
1008794	67	7A1	1.068	CATATCA
1008891	253	7A1	1.269	CATATCA
1009234	321	7m8	1.177	ACATATC
1009750	42	7A1	1.510	CATATCA
1009783	646	7A1	2.611	CATATCA
1009879	105	7A1	1.444	CATATCA
1010290	1292	7A1	1.072	CATATCA
1010806	331	7A1	1.541	CATATCA
1010976	254	7A1	2.800	CATATCA
1011493	625	7m8	1.937	ACATATC
1012600	141	7m8	1.515	ACATATC
1013652	410	8m	2.708	ACATATC
1013900	227	7m8	1.215	ACATATC
1014360	2119	7m8	2.315	ACATATC
1014360	2195	7A1	1.998	CATATCA
1014360	2245	7m8	2.315	ACATATC
1014643	149	7m8	1.103	ACATATC
1015070	297	8m	1.910	CATATCA
1015089	629	7A1	2.807	CATATCA
1015396	373	7m8	2.546	ACATATC
1015528	360	7m8	2.318	ACATATC
1017022	1015	8m	3.368	ACATATC
1017022	1243	7m8	2.972	ACATATC
1018254	726	7A1	2.326	CATATCA
1018385	169	8m	1.314	ACATATC
1018996	289	8m	2.017	ACATATC
1019697	109	7m8	1.383	ACATATC
1019697	296	8m	2.193	CATATCA
1019799	112	7m8	1.888	ACATATC
1019799	433	7m8	3.200	ACATATC
1020785	1468	8m	2.771	ACATATC
1020936	928	7m8	1.183	ACATATC
1021066	505	7m8	2.630	ACATATC
1021568	130	7m8	1.373	ACATATC
1022194	1166	7m8	1.565	ACATATC
1023849	1009	7m8	2.953	ACATATC
1023849	1023	7A1	2.425	CATATCA
1024483	518	8m	1.134	CATATCA
1024894	110	7A1	1.715	CATATCA
1025365	407	8m	2.188	ACATATC
1025365	426	8m	1.359	ACATATC
1025365	515	8m	3.140	ACATATC
1025365	539	8m	3.668	CATATCA
1025386	422	7m8	2.807	ACATATC
1025500	409	8m	2.484	ACATATC
1025987	129	7m8	1.706	ACATATC
1026948	231	7A1	1.261	CATATCA
1027359	513	7m8	1.194	ACATATC
1027975	839	7A1	1.698	CATATCA
1028114	284	7A1	2.313	CATATCA
1029534	470	7m8	2.460	ACATATC
1029805	48	7m8	1.958	ACATATC
1029925	92	7m8	1.616	ACATATC
1029953	822	8m	1.829	ACATATC
1031063	178	7A1	3.085	CATATCA
1033158	277	8m	1.839	ACATATC
1033158	531	7A1	2.838	CATATCA
1033169	2084	7A1	1.216	CATATCA
1033590	227	7A1	1.955	CATATCA
1033738	81	8m	1.831	CATATCA
1033867	128	7m8	1.864	ACATATC
1034119	346	7A1	1.418	CATATCA
1034187	430	8m	1.996	ACATATC
1034233	2	7A1	1.507	CATATCA
1035258	1420	7m8	1.583	ACATATC
1037007	232	7m8	1.862	ACATATC
1037979	185	7A1	1.099	CATATCA
1038172	276	7A1	1.124	CATATCA
1038419	137	8m	1.362	CATATCA
1038490	287	7m8	2.763	ACATATC
1039649	409	7A1	3.450	CATATCA
1040072	3	8m	2.986	ACATATC
