1000158	373	8m	1.702	TTGCTGA
1000388	17	7A1	1.218	TGCTGAA
1000445	42	7A1	1.838	TGCTGAA
1000868	287	7A1	1.874	TGCTGAA
1001499	479	7A1	1.182	TGCTGAA
1002083	24	7A1	2.074	TGCTGAA
1002239	285	7A1	1.543	TGCTGAA
1003592	30	7A1	3.202	TGCTGAA
1003592	795	7m8	1.215	TTGCTGA
1004646	143	7A1	1.202	TGCTGAA
1005115	101	7A1	1.687	TGCTGAA
1006101	624	7m8	1.520	TTGCTGA
1006725	361	8m	1.238	TTGCTGA
1006922	446	7m8	1.567	TTGCTGA
1007040	929	7A1	1.563	TGCTGAA
1007209	20	8m	1.661	TGCTGAA
1007482	137	7m8	1.268	TTGCTGA
1007500	308	7m8	1.185	TTGCTGA
1007612	1340	7A1	1.352	TGCTGAA
1007804	428	8m	1.743	TTGCTGA
1007921	198	7A1	1.719	TGCTGAA
1008069	1412	7m8	1.043	TTGCTGA
1008130	330	7m8	1.308	TTGCTGA
1008490	580	7A1	1.758	TGCTGAA
1008660	12	7A1	1.270	TGCTGAA
1008888	369	7A1	1.370	TGCTGAA
1008977	429	7m8	1.495	TTGCTGA
1008980	81	7m8	1.499	TTGCTGA
1009484	10	7A1	2.193	TGCTGAA
1009667	1360	7A1	2.643	TGCTGAA
1009703	71	7A1	1.040	TGCTGAA
1011521	86	7A1	2.002	TGCTGAA
1011635	772	7A1	1.771	TGCTGAA
1011656	249	7A1	1.777	TGCTGAA
1012050	766	7A1	2.258	TGCTGAA
1012587	725	7m8	1.181	TTGCTGA
1013314	125	8m	1.640	TTGCTGA
1013593	966	7A1	1.895	TGCTGAA
1014252	128	8m	1.134	TTGCTGA
1014893	103	7m8	1.189	TTGCTGA
1014979	863	7m8	1.362	TTGCTGA
1015017	575	7A1	1.046	TGCTGAA
1015546	389	7A1	1.148	TGCTGAA
1016178	4	7m8	1.822	TTGCTGA
1016202	732	7A1	1.062	TGCTGAA
1016263	12	7m8	2.281	TTGCTGA
1016607	57	7m8	1.958	TTGCTGA
1016967	199	7A1	1.680	TGCTGAA
1018929	71	7m8	1.752	TTGCTGA
1020127	160	8m	2.066	TTGCTGA
1020489	361	7m8	1.239	TTGCTGA
1021939	264	7A1	1.882	TGCTGAA
1022597	22	7m8	2.172	TTGCTGA
1023322	214	7A1	1.028	TGCTGAA
1024724	162	7A1	2.348	TGCTGAA
1025457	93	8m	1.100	TGCTGAA
1025514	334	8m	2.106	TTGCTGA
1025547	1086	7A1	1.335	TGCTGAA
1025698	529	7A1	1.269	TGCTGAA
1026002	80	7m8	1.006	TTGCTGA
1026504	198	7m8	1.507	TTGCTGA
1027253	223	7m8	2.188	TTGCTGA
1027259	218	7A1	1.109	TGCTGAA
1027422	214	7A1	1.307	TGCTGAA
1028428	55	7m8	1.476	TTGCTGA
1028443	348	7m8	1.196	TTGCTGA
1028650	15	7m8	1.030	TTGCTGA
1028727	80	7A1	1.332	TGCTGAA
1029040	4	7m8	2.187	TTGCTGA
1030911	762	7A1	2.522	TGCTGAA
1031388	279	8m	1.550	TTGCTGA
1031429	1111	7m8	1.026	TTGCTGA
1031477	48	7A1	2.381	TGCTGAA
1031500	514	8m	1.113	TTGCTGA
1032060	40	7A1	1.268	TGCTGAA
1032666	24	7m8	1.209	TTGCTGA
1032673	167	8m	1.423	TTGCTGA
1032685	360	7m8	1.987	TTGCTGA
1032830	452	7A1	1.920	TGCTGAA
1033083	71	8m	1.175	TGCTGAA
1033194	203	7m8	1.087	TTGCTGA
1033197	526	7m8	1.214	TTGCTGA
1033200	526	7m8	1.214	TTGCTGA
1033203	526	7m8	1.087	TTGCTGA
1033206	526	7m8	1.087	TTGCTGA
1033209	526	7m8	1.087	TTGCTGA
1034211	1	7A1	1.781	TGCTGAA
1034359	542	7A1	1.416	TGCTGAA
1034553	448	7A1	1.110	TGCTGAA
1034697	267	7m8	1.593	TTGCTGA
1034700	35	7m8	1.328	TTGCTGA
1034741	181	7m8	2.169	TTGCTGA
1035258	526	7A1	1.454	TGCTGAA
1035258	946	7A1	1.154	TGCTGAA
1035293	33	7A1	2.574	TGCTGAA
1035482	419	7A1	1.596	TGCTGAA
1036115	65	7m8	1.359	TTGCTGA
1036284	205	7A1	1.624	TGCTGAA
1038172	229	7m8	1.641	TTGCTGA
1038329	21	7m8	1.531	TTGCTGA
1039654	34	7A1	2.989	TGCTGAA
1040142	23	7m8	2.976	TTGCTGA
1040292	24	7m8	1.196	TTGCTGA
1040525	694	7A1	2.953	TGCTGAA
