1000476	22	7m8	1.109	TGAGATT
1003307	1081	7m8	1.972	TGAGATT
1003764	39	7A1	1.402	GAGATTA
1004283	167	8m	2.898	TGAGATT
1004284	258	7A1	1.177	GAGATTA
1005498	604	7A1	3.119	GAGATTA
1007049	207	8m	1.121	GAGATTA
1007461	354	7m8	1.520	TGAGATT
1007574	169	7m8	1.163	TGAGATT
1007842	9	7m8	1.268	TGAGATT
1008456	1473	7m8	2.494	TGAGATT
1008785	343	7m8	1.036	TGAGATT
1010541	459	7A1	1.107	GAGATTA
1010958	1076	7m8	1.854	TGAGATT
1012376	238	8m	1.413	GAGATTA
1012477	579	7m8	1.390	TGAGATT
1012873	391	7m8	1.131	TGAGATT
1013071	379	7A1	1.454	GAGATTA
1013501	310	7m8	1.597	TGAGATT
1013646	1360	7A1	1.896	GAGATTA
1014872	369	7m8	1.178	TGAGATT
1016319	107	7m8	1.118	TGAGATT
1017166	269	7A1	1.394	GAGATTA
1017255	222	7m8	1.017	TGAGATT
1017284	186	7m8	1.506	TGAGATT
1018011	135	7A1	1.813	GAGATTA
1020634	922	8m	1.520	TGAGATT
1020663	1032	7m8	1.071	TGAGATT
1021499	283	7m8	1.545	TGAGATT
1022404	159	7A1	1.183	GAGATTA
1022861	857	7A1	1.228	GAGATTA
1022991	127	7A1	1.547	GAGATTA
1023103	444	7A1	1.354	GAGATTA
1024511	65	7m8	2.703	TGAGATT
1024627	525	7m8	2.339	TGAGATT
1026886	304	7A1	1.581	GAGATTA
1027775	1051	7m8	1.842	TGAGATT
1028248	221	7m8	1.213	TGAGATT
1030025	435	7A1	1.116	GAGATTA
1030030	50	7A1	1.179	GAGATTA
1030905	304	7A1	1.017	GAGATTA
1031309	279	7m8	1.467	TGAGATT
1032042	213	7A1	1.852	GAGATTA
1032827	18	7m8	2.366	TGAGATT
1033188	701	7m8	1.158	TGAGATT
1033879	95	7m8	2.385	TGAGATT
1034263	396	7m8	1.336	TGAGATT
1034625	835	7A1	2.179	GAGATTA
1034637	532	7m8	1.243	TGAGATT
1034905	91	7A1	1.212	GAGATTA
1035371	730	7A1	1.611	GAGATTA
1037477	344	7A1	1.467	GAGATTA
1038210	82	7A1	1.121	GAGATTA
1038502	55	7m8	1.234	TGAGATT
1038646	23	7m8	1.033	TGAGATT
1039214	23	7m8	1.483	TGAGATT
1039443	574	7m8	1.107	TGAGATT
1039906	1520	8m	2.478	TGAGATT
1040046	329	7m8	1.111	TGAGATT
