1000075	128	8m	1.357	GGTTGTG
1000383	170	7A1	1.742	GTTGTGA
1000805	243	7A1	1.554	GTTGTGA
1000980	35	7m8	1.863	GGTTGTG
1001110	408	7A1	1.123	GTTGTGA
1001599	43	7m8	3.155	GGTTGTG
1001605	379	7m8	1.358	GGTTGTG
1002346	177	7A1	2.753	GTTGTGA
1002710	33	7m8	1.611	GGTTGTG
1003415	188	7A1	1.156	GTTGTGA
1003568	964	7m8	1.892	GGTTGTG
1004464	29	7m8	1.698	GGTTGTG
1005398	42	7A1	2.398	GTTGTGA
1005743	31	7m8	2.031	GGTTGTG
1005832	204	7A1	1.028	GTTGTGA
1006760	40	7m8	1.009	GGTTGTG
1007145	223	7A1	1.895	GTTGTGA
1008232	302	7A1	2.807	GTTGTGA
1008345	202	7A1	2.526	GTTGTGA
1008591	168	7m8	2.607	GGTTGTG
1008648	238	7A1	1.268	GTTGTGA
1008678	29	7m8	1.309	GGTTGTG
1008791	44	7A1	1.436	GTTGTGA
1008905	56	7A1	1.156	GTTGTGA
1009025	350	7A1	1.309	GTTGTGA
1009155	255	7A1	1.183	GTTGTGA
1009357	3	7A1	1.639	GTTGTGA
1009885	1	7A1	1.728	GTTGTGA
1010063	186	7m8	2.867	GGTTGTG
1010610	2	7A1	1.059	GTTGTGA
1011531	474	7A1	2.118	GTTGTGA
1011707	354	7A1	1.850	GTTGTGA
1011781	234	7m8	2.767	GGTTGTG
1011948	67	7A1	1.131	GTTGTGA
1012086	140	8m	1.513	GTTGTGA
1012096	30	7m8	1.112	GGTTGTG
1012328	271	7m8	3.457	GGTTGTG
1013250	368	7A1	2.875	GTTGTGA
1013652	351	7m8	2.761	GGTTGTG
1015116	50	7A1	1.999	GTTGTGA
1015186	237	7A1	1.560	GTTGTGA
1015306	14	7A1	1.245	GTTGTGA
1015808	27	7m8	1.941	GGTTGTG
1016014	108	7A1	3.864	GTTGTGA
1016061	29	7m8	1.268	GGTTGTG
1016071	72	7m8	1.910	GGTTGTG
1016457	1081	7m8	2.593	GGTTGTG
1017445	85	7m8	1.812	GGTTGTG
1017517	52	7m8	1.776	GGTTGTG
1017785	119	7m8	1.068	GGTTGTG
1018245	674	7m8	2.628	GGTTGTG
1018326	50	8m	2.704	GGTTGTG
1018355	1073	7A1	2.570	GTTGTGA
1018579	2	7A1	1.441	GTTGTGA
1018579	84	7A1	1.068	GTTGTGA
1019655	273	7A1	2.022	GTTGTGA
1019978	950	7A1	2.438	GTTGTGA
1020897	266	8m	2.381	GGTTGTG
1021250	30	7m8	1.972	GGTTGTG
1021568	448	8m	2.358	GGTTGTG
1021897	13	7m8	1.248	GGTTGTG
1022182	440	7A1	1.406	GTTGTGA
1022385	324	7m8	1.295	GGTTGTG
1024180	30	7m8	1.649	GGTTGTG
1024225	27	7m8	2.460	GGTTGTG
1024433	28	7m8	2.253	GGTTGTG
1024646	1436	7A1	2.220	GTTGTGA
1024808	29	7m8	3.330	GGTTGTG
1024941	895	7m8	2.526	GGTTGTG
1025061	111	7A1	2.777	GTTGTGA
1026086	37	7m8	2.557	GGTTGTG
1026473	188	7A1	1.754	GTTGTGA
1027593	28	7m8	2.685	GGTTGTG
1027852	7	8m	1.798	GTTGTGA
1028100	38	7A1	2.496	GTTGTGA
1028274	30	7m8	1.105	GGTTGTG
1028437	295	7A1	2.944	GTTGTGA
1028467	35	7m8	1.929	GGTTGTG
1028662	33	7m8	2.130	GGTTGTG
1029067	68	7A1	2.114	GTTGTGA
1029382	31	7m8	2.945	GGTTGTG
1029683	289	7A1	1.047	GTTGTGA
1029837	31	7m8	2.722	GGTTGTG
1030130	68	7m8	2.357	GGTTGTG
1030233	74	7m8	1.530	GGTTGTG
1031087	2	7A1	1.068	GTTGTGA
1031529	244	7m8	1.491	GGTTGTG
1031812	105	7A1	1.248	GTTGTGA
1031971	22	7m8	1.065	GGTTGTG
1032492	627	7A1	1.919	GTTGTGA
1032610	29	7m8	1.961	GGTTGTG
1032619	8	7m8	1.189	GGTTGTG
1032625	142	7A1	1.412	GTTGTGA
1032730	989	7A1	2.301	GTTGTGA
1032970	3	7A1	2.328	GTTGTGA
1033013	331	7m8	2.215	GGTTGTG
1033191	16	7A1	1.683	GTTGTGA
1033194	16	7A1	1.167	GTTGTGA
1033197	16	7A1	1.421	GTTGTGA
1033200	16	7A1	1.421	GTTGTGA
1033203	16	7A1	1.167	GTTGTGA
1033206	16	7A1	1.167	GTTGTGA
1033209	16	7A1	1.167	GTTGTGA
1033220	308	7A1	1.181	GTTGTGA
1033419	50	7A1	1.522	GTTGTGA
1033551	137	7m8	1.618	GGTTGTG
1033619	24	7m8	2.302	GGTTGTG
1034232	25	7A1	4.122	GTTGTGA
1034332	128	7m8	3.220	GGTTGTG
1034491	19	7A1	3.117	GTTGTGA
1034643	309	7m8	1.007	GGTTGTG
1034806	66	7m8	1.951	GGTTGTG
1034954	73	7m8	2.679	GGTTGTG
1035281	232	7A1	2.381	GTTGTGA
1035549	33	7m8	1.994	GGTTGTG
1035674	234	7A1	2.753	GTTGTGA
1035761	32	7m8	2.025	GGTTGTG
1035922	529	7A1	1.702	GTTGTGA
1036038	128	8m	1.542	GGTTGTG
1036191	408	7A1	1.306	GTTGTGA
1036295	331	7m8	1.972	GGTTGTG
1036372	33	7m8	1.443	GGTTGTG
1036688	1063	7A1	2.404	GTTGTGA
1036942	76	7A1	1.474	GTTGTGA
1037000	4	7A1	1.495	GTTGTGA
1037015	174	7m8	1.102	GGTTGTG
1038116	532	7A1	1.673	GTTGTGA
1038262	251	7A1	1.716	GTTGTGA
1038380	70	7A1	1.188	GTTGTGA
1039471	82	7m8	1.116	GGTTGTG
1039906	64	7m8	2.478	GGTTGTG
1040094	212	7A1	1.141	GTTGTGA
1040118	672	7A1	2.336	GTTGTGA
1040301	590	7A1	1.163	GTTGTGA
1040551	31	7m8	3.219	GGTTGTG
1040587	221	7A1	2.087	GTTGTGA
