1000048	620	o6	1.321	TGATCT
1000069	940	6m	2.449	GATCTC
1000093	16	7A1	1.824	GATCTC
1000122	784	7m8	1.156	GATCTC
1000138	229	o6	1.819	TGATCT
1000150	89	o6	1.687	TGATCT
1000195	296	7A1	2.073	GATCTC
1000234	186	7A1	2.350	GATCTC
1000248	699	o6	1.882	TGATCT
1000321	674	7A1	2.179	GATCTC
1000332	75	o6	1.632	TGATCT
1000418	2	6m	1.257	GATCTC
1000454	412	o6	2.072	TGATCT
1000472	1179	o6	1.053	TGATCT
1000494	136	o6	2.164	TGATCT
1000536	1010	o6	1.020	TGATCT
1000545	33	8m	2.538	TGATCT
1000586	554	o6	2.998	TGATCT
1000610	1472	8m	2.704	TGATCT
1000676	605	o6	1.606	TGATCT
1000683	347	o6	1.322	TGATCT
1000683	370	o6	1.053	TGATCT
1000683	766	o6	2.540	TGATCT
1000761	12	6m	2.918	GATCTC
1000779	1791	o6	2.073	TGATCT
1000784	388	o6	1.040	TGATCT
1000880	1039	o6	1.459	TGATCT
1000901	377	6m	2.876	GATCTC
1000928	445	8m	2.544	TGATCT
1000979	1455	o6	3.025	TGATCT
1001012	1908	6m	2.981	GATCTC
1001069	1328	o6	4.284	TGATCT
1001075	1404	6m	3.034	GATCTC
1001099	111	o6	2.017	TGATCT
1001117	-1	6m	1.105	GATCTC
1001132	1223	o6	1.015	TGATCT
1001143	508	o6	1.101	TGATCT
1001286	79	o6	1.072	TGATCT
1001366	449	o6	1.053	TGATCT
1001372	659	7A1	2.764	GATCTC
1001577	668	7m8	1.328	TGATCT
1001754	449	7m8	1.284	TGATCT
1001813	172	6m	1.622	GATCTC
1001862	764	o6	1.084	TGATCT
1001906	587	7m8	1.800	TGATCT
1001907	52	7A1	2.037	GATCTC
1001921	553	o6	3.028	TGATCT
1001948	1854	7m8	1.091	TGATCT
1001949	769	7A1	1.755	GATCTC
1002048	147	o6	1.221	TGATCT
1002182	223	o6	1.241	TGATCT
1002192	139	6m	3.059	GATCTC
1002383	531	6m	1.693	GATCTC
1002383	624	6m	1.418	GATCTC
1002481	444	6m	2.073	GATCTC
1002493	44	7A1	2.172	GATCTC
1002683	419	6m	1.077	GATCTC
1002703	638	o6	1.711	TGATCT
1002731	710	o6	1.681	TGATCT
1002985	47	o6	1.818	TGATCT
1003023	312	o6	1.322	TGATCT
1003087	11	o6	2.750	TGATCT
1003215	66	7m8	1.041	GATCTC
1003215	191	o6	1.167	TGATCT
1003324	117	o6	1.167	TGATCT
1003460	378	6m	1.161	GATCTC
1003660	194	o6	1.295	TGATCT
1003683	179	o6	2.124	TGATCT
1003791	103	7m8	1.780	TGATCT
1003881	223	o6	1.741	TGATCT
1004022	128	o6	1.593	TGATCT
1004145	107	o6	1.853	TGATCT
1004266	51	o6	1.016	TGATCT
1004281	658	7A1	1.215	GATCTC
1004281	808	o6	1.942	TGATCT
1004281	1515	7m8	1.060	TGATCT
1004334	189	6m	2.863	GATCTC
1004341	234	8m	1.073	GATCTC
1004482	818	6m	1.053	GATCTC
1004502	255	8m	2.776	TGATCT
1004709	19	7A1	1.895	GATCTC
1004804	22	7A1	1.763	GATCTC
1004948	285	7m8	2.981	TGATCT
1004948	831	o6	1.311	TGATCT
1005049	962	8m	2.548	TGATCT
1005100	77	8m	2.901	GATCTC
1005216	879	7m8	2.027	GATCTC
1005443	398	7m8	2.377	TGATCT
1005470	533	o6	1.466	TGATCT
1005557	1142	8m	3.034	TGATCT
1005653	384	o6	1.991	TGATCT
1006163	37	7A1	3.183	GATCTC
1006599	297	o6	1.017	TGATCT
1006665	10	o6	1.291	TGATCT
1006692	292	7A1	1.116	GATCTC
1006699	448	o6	1.606	TGATCT
1006726	344	7m8	1.606	TGATCT
1006734	76	6m	2.713	GATCTC
1006735	595	8m	1.132	GATCTC
1006738	686	o6	1.598	TGATCT
1006815	33	7A1	2.596	GATCTC
1006860	163	o6	1.616	TGATCT
1006875	1876	o6	1.598	TGATCT
1006884	467	o6	2.482	TGATCT
1006887	121	7A1	1.629	GATCTC
1006940	1244	o6	2.855	TGATCT
1006940	1409	o6	1.040	TGATCT
1006940	1812	o6	1.596	TGATCT
1007207	132	8m	1.322	TGATCT
1007213	358	o6	1.562	TGATCT
1007242	1832	o6	1.278	TGATCT
1007472	122	7m8	1.534	TGATCT
1007502	972	o6	1.824	TGATCT
1007521	2935	8m	2.125	TGATCT
1007740	430	6m	1.617	GATCTC
1007740	1243	6m	1.710	GATCTC
1007789	327	o6	2.807	TGATCT
1007812	4464	7m8	2.255	TGATCT
1007812	6996	7m8	1.156	GATCTC
1007840	355	7A1	1.255	GATCTC
1007861	211	6m	2.249	GATCTC
1007920	851	7A1	2.544	GATCTC
1007920	1634	o6	2.076	TGATCT
1008015	271	o6	1.500	TGATCT
1008081	531	o6	1.279	TGATCT
1008097	34	o6	1.820	TGATCT
1008097	170	6m	1.654	GATCTC
1008126	335	7A1	2.593	GATCTC
1008136	252	o6	2.427	TGATCT
1008136	258	o6	2.427	TGATCT
1008141	1057	o6	1.606	TGATCT
1008145	6847	o6	2.220	TGATCT
1008372	774	7m8	1.322	GATCTC
1008432	394	o6	1.796	TGATCT
1008435	4	6m	1.086	GATCTC
1008605	100	o6	1.791	TGATCT
1008650	1161	o6	1.284	TGATCT
1008666	117	o6	2.025	TGATCT
1008666	830	o6	1.942	TGATCT
1008666	2597	o6	2.548	TGATCT
1008774	218	o6	1.283	TGATCT
1008863	261	8m	2.005	TGATCT
1008881	457	7m8	1.062	TGATCT
1008938	138	o6	1.394	TGATCT
1008966	900	7A1	2.017	GATCTC
1009043	802	7m8	1.577	TGATCT
1009303	328	6m	1.421	GATCTC
1009439	458	o6	1.606	TGATCT
1009451	300	o6	2.312	TGATCT
1009500	1724	o6	1.264	TGATCT
1009732	78	o6	3.379	TGATCT
1009799	550	o6	1.395	TGATCT
1009834	681	o6	2.548	TGATCT
1009906	35	7m8	3.032	GATCTC
1009948	276	o6	1.284	TGATCT
1009948	1729	o6	1.484	TGATCT
1010054	50	6m	1.288	GATCTC
1010232	1178	o6	1.007	TGATCT
1010238	805	o6	1.007	TGATCT
1010250	982	6m	1.535	GATCTC
1010322	204	6m	1.539	GATCTC
1010401	576	6m	1.786	GATCTC
1010401	1257	7A1	1.792	GATCTC
1010401	2721	7m8	4.053	GATCTC
1010412	394	o6	2.646	TGATCT
1010418	36	6m	1.322	GATCTC
1010426	256	o6	1.695	TGATCT
1010465	451	o6	1.195	TGATCT
1010498	641	o6	1.737	TGATCT
1010587	17	6m	2.377	GATCTC
1010602	11	7m8	1.585	GATCTC
1010625	43	o6	1.320	TGATCT
1010652	112	o6	1.606	TGATCT
1010686	818	7m8	1.162	GATCTC
1010934	125	6m	1.205	GATCTC
1010934	139	6m	1.459	GATCTC
1011219	593	7m8	1.103	TGATCT
1011280	50	8m	2.226	TGATCT
1011460	100	o6	1.920	TGATCT
1011673	124	o6	2.902	TGATCT
1011779	48	7A1	2.025	GATCTC
1011868	161	6m	2.073	GATCTC
1011892	5	o6	1.192	TGATCT
1012032	571	6m	2.109	GATCTC
1012032	1012	6m	1.601	GATCTC
1012087	204	6m	1.648	GATCTC
1012706	166	6m	1.220	GATCTC
1012878	548	6m	2.178	GATCTC
1012900	1059	6m	2.375	GATCTC
1013144	78	o6	2.065	TGATCT
1013145	174	o6	1.284	TGATCT
1013334	294	o6	1.405	TGATCT
1013426	1037	o6	1.053	TGATCT
1013529	21	o6	2.309	TGATCT
1013725	512	o6	1.073	TGATCT
1013872	300	o6	1.205	TGATCT
1013885	1456	6m	1.023	GATCTC
1013885	1692	6m	1.341	GATCTC
1013991	3	6m	2.235	GATCTC
1014069	482	7A1	1.017	GATCTC
1014069	1229	7A1	1.014	GATCTC
1014270	208	7m8	2.540	TGATCT
1014355	698	o6	1.288	TGATCT
1014403	1671	6m	1.690	GATCTC
1014417	82	o6	1.943	TGATCT
1014491	284	o6	1.516	TGATCT
1014548	31	7m8	2.071	TGATCT
1014638	1317	o6	1.203	TGATCT
1014883	1920	6m	1.434	GATCTC
1014899	920	o6	1.936	TGATCT
1014904	367	o6	1.279	TGATCT
1015041	690	7A1	1.045	GATCTC
1015041	4116	7A1	1.223	GATCTC
1015073	725	6m	2.132	GATCTC
1015091	3562	o6	2.615	TGATCT
1015195	818	7A1	1.022	GATCTC
1015303	179	o6	1.138	TGATCT
1015526	360	6m	2.466	GATCTC
1015555	4083	o6	3.252	TGATCT
1015572	4160	7A1	2.073	GATCTC
1015647	691	o6	1.165	TGATCT
1015650	40	o6	1.165	TGATCT
1015714	707	o6	1.695	TGATCT
1015826	475	6m	1.322	GATCTC
1015925	91	o6	2.533	TGATCT
1015928	441	o6	2.180	TGATCT
1016011	1061	o6	1.952	TGATCT
1016016	1545	6m	2.301	GATCTC
1016019	585	6m	2.065	GATCTC
1016020	308	6m	2.814	GATCTC
1016020	2312	7m8	1.192	TGATCT
1016059	47	7m8	2.220	TGATCT
1016073	324	o6	2.276	TGATCT
1016098	6224	o6	4.414	TGATCT
1016142	39	8m	1.378	TGATCT
1016176	332	o6	1.837	TGATCT
1016179	665	6m	2.350	GATCTC
1016184	102	6m	2.544	GATCTC
1016184	948	o6	2.544	TGATCT
1016284	398	o6	1.053	TGATCT
1016298	29	o6	2.026	TGATCT
1016337	119	6m	1.190	GATCTC
1016397	1186	6m	2.785	GATCTC
1016431	1009	7m8	2.220	TGATCT
1016431	1039	7m8	2.544	TGATCT
1016431	1231	8m	2.544	TGATCT
1016431	1719	7m8	2.400	TGATCT
1016431	2200	8m	2.400	TGATCT
1016475	423	o6	1.255	TGATCT
1016476	105	6m	1.021	GATCTC
1016511	113	7A1	1.255	GATCTC
1016517	29	6m	1.220	GATCTC
1016553	10	o6	1.415	TGATCT
1016566	627	6m	1.690	GATCTC
1016574	1718	o6	2.094	TGATCT
1016574	2006	7A1	2.094	GATCTC
1016629	74	o6	2.794	TGATCT
1016667	55	6m	1.053	GATCTC
1016676	211	6m	1.606	GATCTC
1016698	320	6m	1.328	GATCTC
1016713	2816	6m	1.084	GATCTC
1016713	3884	7m8	2.025	TGATCT
1016787	1979	7A1	2.203	GATCTC
1016806	1453	7A1	1.309	GATCTC
1016922	450	6m	1.440	GATCTC
1016971	1822	7A1	2.076	GATCTC
1017106	178	o6	1.198	TGATCT
1017127	155	7A1	2.544	GATCTC
1017127	354	6m	2.544	GATCTC
1017135	380	o6	2.132	TGATCT
1017151	2	7A1	1.598	GATCTC
1017168	497	o6	1.004	TGATCT
1017197	1848	o6	2.544	TGATCT
1017207	721	6m	3.633	GATCTC
1017485	367	o6	1.747	TGATCT
1017485	550	8m	2.220	TGATCT
1017496	302	6m	2.807	GATCTC
1017511	267	o6	1.226	TGATCT
1017614	126	o6	1.358	TGATCT
1017618	349	o6	1.527	TGATCT
1017624	118	6m	1.205	GATCTC
1017630	85	6m	2.544	GATCTC
1017782	304	6m	1.134	GATCTC
1017818	134	7A1	3.028	GATCTC
1018020	718	o6	2.220	TGATCT
1018087	6	7A1	2.540	GATCTC
1018125	99	o6	1.568	TGATCT
1018135	291	o6	1.596	TGATCT
1018176	154	o6	2.956	TGATCT
1018243	229	7A1	2.268	GATCTC
1018257	163	7A1	2.473	GATCTC
1018530	286	7A1	2.947	GATCTC
1018537	353	o6	1.891	TGATCT
1018703	186	6m	2.502	GATCTC
1018873	1687	7m8	2.503	TGATCT
1018998	92	o6	2.507	TGATCT
1019147	1365	7A1	2.660	GATCTC
1019192	540	o6	2.287	TGATCT
1019198	717	7m8	2.983	TGATCT
1019314	34	6m	1.030	GATCTC
1019514	2049	6m	1.808	GATCTC
1019514	2452	o6	2.076	TGATCT
1019534	893	8m	1.606	TGATCT
1019579	271	6m	2.074	GATCTC
1019932	177	7A1	2.372	GATCTC
1020241	294	6m	1.990	GATCTC
1020241	971	o6	3.191	TGATCT
1020253	605	o6	2.022	TGATCT
1020261	281	7A1	2.125	GATCTC
1020298	129	6m	1.896	GATCTC
1020315	91	o6	2.415	TGATCT
1020326	70	8m	1.288	TGATCT
1020449	17	7A1	2.105	GATCTC
1020449	573	o6	1.339	TGATCT
1020495	512	7m8	1.316	TGATCT
1020601	228	o6	2.660	TGATCT
1020607	51	o6	1.024	TGATCT
1020642	200	o6	2.120	TGATCT
1020657	60	7A1	1.002	GATCTC
1020861	1257	o6	1.396	TGATCT
1021205	197	o6	1.053	TGATCT
1021248	98	o6	2.775	TGATCT
1021248	202	o6	1.436	TGATCT
1021260	240	8m	2.635	GATCTC
1021498	47	o6	3.611	TGATCT
1021608	869	o6	2.515	TGATCT
1021818	773	o6	2.335	TGATCT
1021866	1045	7m8	1.621	TGATCT
1021932	9	7m8	1.873	GATCTC
1021962	1567	6m	1.940	GATCTC
1021962	1696	o6	1.700	TGATCT
1021978	961	o6	1.312	TGATCT
1022101	692	o6	1.563	TGATCT
1022101	767	o6	3.053	TGATCT
1022102	247	o6	1.322	TGATCT
1022180	745	6m	1.029	GATCTC
1022256	1033	o6	1.603	TGATCT
1022285	424	o6	1.690	TGATCT
1022997	560	8m	2.824	TGATCT
1023062	3069	o6	2.736	TGATCT
1023062	4308	o6	2.220	TGATCT
1023097	1294	6m	1.859	GATCTC
1023136	338	7A1	1.818	GATCTC
1023154	235	7m8	1.146	TGATCT
1023173	157	o6	2.218	TGATCT
1023219	608	6m	1.940	GATCTC
1023219	737	o6	1.700	TGATCT
1023262	41	6m	2.321	GATCTC
1023426	202	7m8	2.161	GATCTC
1023599	6497	6m	1.139	GATCTC
1023658	357	6m	2.854	GATCTC
1023669	996	o6	1.043	TGATCT
1023717	69	8m	1.240	GATCTC
1023802	142	6m	2.486	GATCTC
1023885	175	7A1	1.238	GATCTC
1023912	226	6m	1.533	GATCTC
1023918	103	7A1	2.466	GATCTC
1023955	409	7A1	1.855	GATCTC
1023955	676	6m	2.302	GATCTC
1023980	415	8m	2.591	TGATCT
1024025	357	6m	1.053	GATCTC
1024085	1728	o6	2.930	TGATCT
1024118	416	o6	1.278	TGATCT
1024133	1508	8m	2.544	TGATCT
1024145	196	8m	2.103	TGATCT
1024145	688	o6	1.046	TGATCT
1024208	22	8m	1.498	GATCTC
1024258	852	o6	1.924	TGATCT
1024259	39	7A1	2.376	GATCTC
1024282	228	7A1	1.687	GATCTC
1024286	284	o6	1.850	TGATCT
1024297	182	7m8	2.520	GATCTC
1024381	2433	o6	1.460	TGATCT
1024384	31	7m8	4.529	TGATCT
1024384	1222	o6	1.833	TGATCT
1024448	270	8m	2.980	TGATCT
1024486	364	8m	2.422	TGATCT
1024513	-1	7A1	1.053	GATCTC
1024525	413	7A1	1.181	GATCTC
1024556	1135	7m8	2.182	TGATCT
1024559	211	o6	1.053	TGATCT
1024601	3	8m	2.984	GATCTC
1024601	848	o6	2.656	TGATCT
1024648	708	o6	1.322	TGATCT
1024672	559	o6	2.520	TGATCT
1024715	974	6m	2.472	GATCTC
1024733	945	o6	1.810	TGATCT
1024754	42	6m	2.807	GATCTC
1024844	383	o6	2.025	TGATCT
1024883	145	o6	2.016	TGATCT
1024930	23	o6	1.062	TGATCT
1024956	2212	6m	2.074	GATCTC
1024956	2218	7A1	1.647	GATCTC
1025001	518	o6	1.690	TGATCT
1025023	311	o6	1.690	TGATCT
1025055	832	o6	1.057	TGATCT
1025064	2283	7A1	1.328	GATCTC
1025080	68	o6	1.655	TGATCT
1025135	535	8m	3.299	TGATCT
1025167	476	7m8	2.433	TGATCT
1025328	337	7A1	1.284	GATCTC
1025344	34	o6	1.537	TGATCT
1025353	580	o6	1.356	TGATCT
1025364	307	o6	1.890	TGATCT
1025377	529	8m	2.210	GATCTC
1025545	184	o6	1.073	TGATCT
1025654	1182	o6	1.943	TGATCT
1025669	26	7m8	2.234	TGATCT
1025736	9	7m8	1.740	GATCTC
1025955	206	o6	1.143	TGATCT
1026095	33	o6	2.458	TGATCT
1026095	1359	7m8	1.596	GATCTC
1026095	2585	7m8	2.425	GATCTC
1026200	1041	o6	1.879	TGATCT
1026253	111	7m8	1.082	GATCTC
1026345	62	o6	1.509	TGATCT
1026406	254	o6	2.025	TGATCT
1026480	1546	o6	1.706	TGATCT
1026525	1046	7A1	1.298	GATCTC
1026570	234	o6	1.059	TGATCT
1026711	308	8m	3.198	TGATCT
1026711	1542	o6	2.016	TGATCT
1026711	2898	o6	2.608	TGATCT
1026714	239	o6	1.832	TGATCT
1026726	685	7m8	2.578	TGATCT
1026838	367	o6	1.282	TGATCT
1026974	17	6m	1.600	GATCTC
1027111	656	7m8	1.976	TGATCT
1027138	329	o6	1.831	TGATCT
1027276	803	o6	1.931	TGATCT
1027348	247	o6	1.440	TGATCT
1027399	63	o6	1.264	TGATCT
1027638	63	o6	2.758	TGATCT
1027887	298	o6	2.154	TGATCT
1027891	1175	7m8	2.449	TGATCT
1027912	593	o6	2.923	TGATCT
1028070	3	7m8	2.144	GATCTC
1028275	547	6m	1.260	GATCTC
1028447	5	7A1	1.137	GATCTC
1028452	28	7m8	2.287	GATCTC
1028526	1501	6m	2.759	GATCTC
1028848	22	o6	1.743	TGATCT
1028866	457	o6	1.111	TGATCT
1028923	168	o6	1.388	TGATCT
1029054	3	7A1	2.220	GATCTC
1029069	1849	7A1	2.008	GATCTC
1029084	66	6m	1.563	GATCTC
1029480	66	7A1	2.922	GATCTC
1029532	163	6m	2.023	GATCTC
1029564	850	6m	2.016	GATCTC
1029564	859	7m8	2.262	GATCTC
1029625	178	o6	2.696	TGATCT
1029749	1077	6m	1.671	GATCTC
1029891	50	o6	1.192	TGATCT
1029891	398	o6	1.569	TGATCT
1030308	79	o6	1.610	TGATCT
1030335	419	o6	2.073	TGATCT
1030335	927	o6	2.073	TGATCT
1030691	90	o6	1.751	TGATCT
1030692	1031	8m	1.651	GATCTC
1030713	808	6m	1.055	GATCTC
1030721	221	o6	1.677	TGATCT
1030908	420	6m	1.824	GATCTC
1030933	37	o6	1.654	TGATCT
1031043	398	o6	1.690	TGATCT
1031090	371	7m8	3.034	TGATCT
1031156	490	o6	2.533	TGATCT
1031321	90	6m	1.541	GATCTC
1031328	0	6m	1.380	GATCTC
1031375	1607	o6	1.091	TGATCT
1031390	2738	7m8	1.267	GATCTC
1031521	106	6m	1.168	GATCTC
1031641	389	o6	3.204	TGATCT
1031965	1028	o6	2.115	TGATCT
1031968	179	7m8	2.611	TGATCT
1031968	194	o6	1.714	TGATCT
1031997	2	o6	1.073	TGATCT
1032004	47	o6	3.191	TGATCT
1032285	567	6m	1.241	GATCTC
1032292	81	o6	1.690	TGATCT
1032475	26	7m8	3.400	TGATCT
1032613	456	o6	1.494	TGATCT
1032670	6	7A1	1.626	GATCTC
1032675	412	o6	1.906	TGATCT
1032713	1825	o6	1.082	TGATCT
1032713	2069	o6	2.507	TGATCT
1032777	159	o6	2.383	TGATCT
1032793	538	7A1	1.857	GATCTC
1032876	1358	6m	1.924	GATCTC
1032896	1065	o6	1.300	TGATCT
1032903	22	6m	1.826	GATCTC
1032929	1543	o6	1.663	TGATCT
1033141	6128	6m	1.606	GATCTC
1033152	392	o6	1.248	TGATCT
1033152	673	o6	2.326	TGATCT
1033187	502	7m8	2.981	TGATCT
1033190	145	7A1	1.409	GATCTC
1033193	1106	6m	1.746	GATCTC
1033196	325	6m	1.426	GATCTC
1033202	199	6m	1.426	GATCTC
1033226	79	6m	1.575	GATCTC
1033244	220	6m	2.076	GATCTC
1033414	615	o6	1.512	TGATCT
1033565	1990	o6	3.368	TGATCT
1033712	592	o6	2.149	TGATCT
1033742	419	7A1	1.047	GATCTC
1033742	852	7m8	1.129	TGATCT
1033745	387	7m8	1.343	TGATCT
1033795	629	o6	1.284	TGATCT
1033824	767	o6	1.078	TGATCT
1033907	386	6m	2.385	GATCTC
1033948	623	6m	1.184	GATCTC
1033971	1646	o6	1.368	TGATCT
1033984	85	6m	2.608	GATCTC
1033984	811	o6	1.154	TGATCT
1033984	981	o6	1.413	TGATCT
1034053	3681	6m	1.184	GATCTC
1034071	154	7A1	2.929	GATCTC
1034254	17	6m	1.700	GATCTC
1034296	207	o6	2.377	TGATCT
1034304	1820	o6	2.649	TGATCT
1034304	2319	o6	2.366	TGATCT
1034304	2466	o6	1.059	TGATCT
1034397	201	o6	1.262	TGATCT
1034493	917	o6	1.284	TGATCT
1034505	320	7A1	1.998	GATCTC
1034529	387	o6	1.197	TGATCT
1034539	83	8m	2.933	TGATCT
1034556	1306	8m	3.619	TGATCT
1034557	163	o6	1.946	TGATCT
1034655	389	o6	1.091	TGATCT
1034679	716	8m	2.050	TGATCT
1034714	94	o6	1.034	TGATCT
1034756	34	7A1	2.321	GATCTC
1034775	39	o6	1.694	TGATCT
1034789	657	o6	1.232	TGATCT
1034800	259	6m	2.152	GATCTC
1034909	1907	o6	1.293	TGATCT
1034917	420	o6	1.374	TGATCT
1034917	1129	o6	1.623	TGATCT
1034984	15	o6	1.644	TGATCT
1035040	2604	7A1	1.724	GATCTC
1035192	317	o6	1.592	TGATCT
1035198	1315	o6	1.802	TGATCT
1035248	2962	o6	1.598	TGATCT
1035260	543	o6	2.840	TGATCT
1035443	158	o6	1.339	TGATCT
1035447	8	7m8	3.236	TGATCT
1035506	530	o6	1.150	TGATCT
1035536	2082	o6	3.763	TGATCT
1035569	809	7m8	1.571	TGATCT
1035569	7603	o6	1.086	TGATCT
1035569	14765	7A1	1.055	GATCTC
1035615	377	6m	1.898	GATCTC
1035656	3837	o6	1.065	TGATCT
1035755	955	o6	1.700	TGATCT
1035762	513	o6	1.135	TGATCT
1035783	4227	o6	2.240	TGATCT
1035801	2466	8m	1.862	TGATCT
1035801	3195	7m8	1.461	TGATCT
1035801	3405	7m8	1.128	TGATCT
1036046	409	7m8	1.211	TGATCT
1036127	6502	o6	1.577	TGATCT
1036127	9002	7A1	1.934	GATCTC
1036127	9505	o6	1.442	TGATCT
1036134	124	6m	1.519	GATCTC
1036188	125	6m	1.942	GATCTC
1036203	37	6m	1.515	GATCTC
1036259	61	o6	1.963	TGATCT
1036259	191	o6	1.284	TGATCT
1036262	720	o6	1.248	TGATCT
1036262	850	o6	1.544	TGATCT
1036283	23	o6	2.864	TGATCT
1036343	457	7m8	2.156	TGATCT
1036374	908	o6	2.031	TGATCT
1036378	23	o6	1.466	TGATCT
1036449	2484	o6	1.017	TGATCT
1036558	391	o6	1.430	TGATCT
1036568	2364	6m	1.893	GATCTC
1036598	629	o6	1.986	TGATCT
1036865	49	o6	1.277	TGATCT
1036877	576	7A1	1.036	GATCTC
1036880	143	o6	1.645	TGATCT
1036899	695	6m	1.277	GATCTC
1036910	399	6m	3.150	GATCTC
1037090	398	o6	1.096	TGATCT
1037301	2641	7A1	2.160	GATCTC
1037334	606	6m	2.102	GATCTC
1037361	256	o6	1.016	TGATCT
1037386	2280	o6	1.488	TGATCT
1037516	330	7m8	2.686	TGATCT
1037537	216	6m	1.940	GATCTC
1037745	212	7A1	2.409	GATCTC
1037757	286	o6	1.536	TGATCT
1037768	39	6m	1.082	GATCTC
1037824	502	o6	1.849	TGATCT
1037888	492	6m	1.359	GATCTC
1037895	308	o6	2.302	TGATCT
1037914	60	o6	2.301	TGATCT
1038088	82	o6	2.460	TGATCT
1038127	712	7m8	1.590	GATCTC
1038127	862	8m	1.937	GATCTC
1038127	967	6m	1.796	GATCTC
1038138	230	o6	1.110	TGATCT
1038214	207	o6	2.348	TGATCT
1038240	86	6m	1.130	GATCTC
1038312	2379	o6	1.548	TGATCT
1038330	98	7m8	1.684	GATCTC
1038485	407	7A1	2.377	GATCTC
1038562	0	6m	1.576	GATCTC
1038670	16	7A1	3.836	GATCTC
1038686	1088	o6	1.163	TGATCT
1038704	94	o6	2.301	TGATCT
1038796	338	6m	1.573	GATCTC
1038841	330	o6	1.690	TGATCT
1038891	662	8m	1.952	TGATCT
1038897	1610	7m8	2.366	GATCTC
1038900	2632	7m8	2.366	GATCTC
1038920	403	o6	2.377	TGATCT
1039187	251	7m8	1.109	TGATCT
1039267	1156	7m8	2.475	TGATCT
1039422	1556	6m	1.481	GATCTC
1039460	169	o6	2.100	TGATCT
1039503	896	6m	1.645	GATCTC
1039563	973	o6	2.103	TGATCT
1039563	986	o6	2.103	TGATCT
1039563	1197	o6	1.010	TGATCT
1039563	1441	7m8	1.606	TGATCT
1039568	161	6m	1.048	GATCTC
1039612	996	o6	4.382	TGATCT
1039706	131	7A1	1.193	GATCTC
1039764	1991	7A1	1.923	GATCTC
1039800	125	o6	2.473	TGATCT
1039808	892	o6	2.007	TGATCT
1039811	847	o6	2.007	TGATCT
1039853	3106	o6	1.690	TGATCT
1039853	5132	7A1	1.328	GATCTC
1039858	1800	7A1	1.541	GATCTC
1039908	547	o6	1.623	TGATCT
1039996	522	6m	1.032	GATCTC
1040037	881	o6	2.007	TGATCT
1040048	549	o6	1.560	TGATCT
1040058	3993	8m	2.149	TGATCT
1040058	6805	7m8	1.064	TGATCT
1040183	652	7A1	2.377	GATCTC
1040183	1167	6m	1.101	GATCTC
1040202	1712	6m	1.494	GATCTC
1040237	1690	7m8	1.137	GATCTC
1040294	551	6m	1.456	GATCTC
1040443	201	o6	1.328	TGATCT
1040444	203	o6	1.127	TGATCT
1040495	346	6m	1.493	GATCTC
1040560	254	6m	1.829	GATCTC
1040560	996	6m	1.133	GATCTC
1040646	78	o6	2.195	TGATCT
1040658	231	7A1	3.379	GATCTC
