1000029	10	8m	3.734	TACCTC
1000069	1579	o6	2.449	CTACCT
1000200	300	7A1	3.162	TACCTC
1000264	30	o6	3.032	CTACCT
1000278	261	6m	1.495	TACCTC
1000379	575	7A1	1.844	TACCTC
1000443	1485	o6	1.231	CTACCT
1000466	215	o6	1.031	CTACCT
1000893	17	o6	1.599	CTACCT
1000937	152	6m	2.350	TACCTC
1001000	91	7A1	2.215	TACCTC
1001256	216	6m	1.946	TACCTC
1001354	160	6m	2.138	TACCTC
1001440	2705	o6	1.633	CTACCT
1001533	569	o6	1.040	CTACCT
1001577	650	o6	1.818	CTACCT
1001999	62	6m	2.788	TACCTC
1002080	765	o6	1.322	CTACCT
1002692	83	8m	1.120	CTACCT
1002815	534	6m	2.233	TACCTC
1002878	134	8m	3.067	CTACCT
1002994	11	8m	1.952	TACCTC
1003023	113	7m8	2.004	CTACCT
1003087	59	7m8	2.376	CTACCT
1003143	401	6m	2.149	TACCTC
1003355	463	o6	1.298	CTACCT
1003429	30	8m	1.174	CTACCT
1003567	25	7A1	1.499	TACCTC
1003631	1897	7m8	2.617	CTACCT
1003873	354	6m	1.482	TACCTC
1003920	10	o6	1.179	CTACCT
1004035	193	o6	1.284	CTACCT
1004238	138	8m	1.322	CTACCT
1004251	62	o6	1.902	CTACCT
1004296	113	7m8	2.321	CTACCT
1004296	172	6m	2.321	TACCTC
1004446	188	7A1	1.703	TACCTC
1004463	2008	7A1	2.876	TACCTC
1004759	45	8m	2.377	CTACCT
1005253	1380	o6	2.112	CTACCT
1005253	1442	o6	2.194	CTACCT
1005349	1552	6m	2.931	TACCTC
1005359	56	6m	2.206	TACCTC
1005374	695	o6	1.588	CTACCT
1005393	121	6m	1.808	TACCTC
1005646	667	o6	1.328	CTACCT
1005683	64	7A1	1.737	TACCTC
1006173	338	o6	1.122	CTACCT
1006719	1783	o6	2.588	CTACCT
1007053	756	o6	2.185	CTACCT
1007364	1447	o6	3.166	CTACCT
1007364	1863	o6	2.007	CTACCT
1007439	74	o6	1.188	CTACCT
1007584	659	8m	2.544	CTACCT
1007584	932	7A1	2.206	TACCTC
1007584	1232	8m	2.350	CTACCT
1007624	871	o6	2.343	CTACCT
1007637	497	7A1	2.132	TACCTC
1007673	556	6m	1.366	TACCTC
1007789	515	o6	2.807	CTACCT
1007789	889	o6	1.284	CTACCT
1007903	3120	8m	2.526	CTACCT
1007908	751	7A1	2.350	TACCTC
1007997	964	6m	2.544	TACCTC
1007997	973	6m	2.220	TACCTC
1008109	96	o6	2.544	CTACCT
1008114	661	8m	2.587	CTACCT
1008151	532	6m	1.180	TACCTC
1008285	474	o6	1.242	CTACCT
1008560	757	o6	1.690	CTACCT
1008597	94	6m	1.824	TACCTC
1008606	375	o6	1.147	CTACCT
1008749	242	o6	1.676	CTACCT
1008761	364	8m	2.807	CTACCT
1008789	381	o6	1.132	CTACCT
1008866	406	o6	1.097	CTACCT
1008933	268	7A1	2.333	TACCTC
1008974	134	7A1	1.690	TACCTC
1009122	53	7A1	2.797	TACCTC
1009382	29	o6	1.284	CTACCT
1009412	105	o6	2.220	CTACCT
1009421	80	6m	1.248	TACCTC
1009798	247	6m	2.024	TACCTC
1009837	76	7m8	2.561	CTACCT
1009841	1002	o6	2.496	CTACCT
1009870	27	o6	1.928	CTACCT
1010064	525	6m	2.500	TACCTC
1010103	278	6m	1.746	TACCTC
1010129	180	o6	1.632	CTACCT
1010343	47	o6	2.855	CTACCT
1010343	53	7A1	3.859	TACCTC
1010359	97	6m	1.333	TACCTC
1010483	804	6m	3.034	TACCTC
1010646	1566	o6	2.617	CTACCT
1010670	427	6m	2.132	TACCTC
1011200	142	7A1	3.966	TACCTC
1011321	1455	o6	2.537	CTACCT
1011499	108	6m	1.791	TACCTC
1011694	376	6m	1.126	TACCTC
1011868	143	o6	1.085	CTACCT
1012102	38	7A1	1.027	TACCTC
1012308	306	8m	1.073	TACCTC
1012391	243	o6	1.053	CTACCT
1012533	102	o6	2.109	CTACCT
1012666	558	o6	1.434	CTACCT
1012930	107	o6	2.854	CTACCT
1012996	103	7A1	2.736	TACCTC
1013267	193	7A1	1.262	TACCTC
1013590	27	o6	1.122	CTACCT
1013725	2	6m	1.122	TACCTC
1013842	44	6m	1.718	TACCTC
1013885	1294	o6	2.960	CTACCT
1014069	311	o6	1.053	CTACCT
1014294	98	o6	2.807	CTACCT
1014418	617	8m	1.284	TACCTC
1014480	1431	o6	1.076	CTACCT
1014884	2469	6m	2.660	TACCTC
1014899	766	6m	1.193	TACCTC
1014981	1767	8m	2.981	CTACCT
1015085	1353	6m	2.176	TACCTC
1015106	74	6m	1.606	TACCTC
1015145	170	6m	2.704	TACCTC
1015171	28	6m	1.082	TACCTC
1015188	129	o6	1.687	CTACCT
1015195	851	o6	1.236	CTACCT
1015555	1353	6m	1.599	TACCTC
1015771	101	7m8	1.811	TACCTC
1015841	155	6m	1.704	TACCTC
1015877	189	7m8	1.189	CTACCT
1015895	480	7A1	1.434	TACCTC
1015928	445	o6	3.398	CTACCT
1015967	363	o6	2.648	CTACCT
1015967	510	o6	1.039	CTACCT
1015995	1070	o6	1.803	CTACCT
1016026	1785	o6	1.671	CTACCT
1016176	1758	6m	2.026	TACCTC
1016191	495	7A1	3.034	TACCTC
1016200	767	o6	2.350	CTACCT
1016200	2104	o6	2.124	CTACCT
1016223	378	8m	2.342	CTACCT
1016275	444	8m	3.257	CTACCT
1016359	61	7A1	1.682	TACCTC
1016562	728	6m	2.957	TACCTC
1016608	279	6m	2.166	TACCTC
1016677	10	7A1	1.846	TACCTC
1016701	1081	o6	1.403	CTACCT
1016787	760	7A1	2.010	TACCTC
1016809	157	o6	2.233	CTACCT
1016815	754	6m	1.997	TACCTC
1016851	276	o6	1.204	CTACCT
1016951	600	o6	2.073	CTACCT
1017018	1245	6m	2.660	TACCTC
1017019	526	8m	2.220	CTACCT
1017024	851	7A1	2.262	TACCTC
1017127	801	o6	1.629	CTACCT
1017318	16	o6	1.079	CTACCT
1017524	753	6m	1.315	TACCTC
1017614	886	7A1	2.370	TACCTC
1017614	4581	o6	2.801	CTACCT
1017727	31	7m8	1.786	TACCTC
1018066	400	6m	2.377	TACCTC
1018233	757	o6	2.288	CTACCT
1018233	1090	o6	3.896	CTACCT
1018478	38	7m8	2.317	CTACCT
1018537	237	6m	1.285	TACCTC
1018867	104	6m	1.285	TACCTC
1019116	4	8m	2.199	CTACCT
1019219	677	6m	1.593	TACCTC
1019233	566	o6	2.331	CTACCT
1019304	183	o6	3.034	CTACCT
1019304	478	6m	1.284	TACCTC
1019514	3794	o6	1.082	CTACCT
1019570	828	o6	2.660	CTACCT
1019695	485	o6	1.092	CTACCT
1019721	299	6m	1.687	TACCTC
1019935	114	6m	1.082	TACCTC
1020253	1320	o6	1.677	CTACCT
1020253	2376	o6	2.030	CTACCT
1020264	25	6m	1.690	TACCTC
1020319	1875	7m8	1.577	CTACCT
1020449	371	6m	1.288	TACCTC
1020615	1382	8m	2.660	CTACCT
1020615	1491	7A1	2.366	TACCTC
1020654	473	7A1	2.502	TACCTC
1020692	32	6m	2.220	TACCTC
1020728	331	6m	1.073	TACCTC
1020876	96	o6	3.149	CTACCT
1020880	361	7A1	2.073	TACCTC
1020934	1468	8m	2.981	CTACCT
1021014	19	o6	1.487	CTACCT
1021525	1184	6m	2.433	TACCTC
1021540	1288	o6	1.600	CTACCT
1021540	3593	o6	3.034	CTACCT
1021608	707	7A1	3.580	TACCTC
1021619	358	7A1	1.183	TACCTC
1021899	1686	6m	1.647	TACCTC
1021909	1647	7A1	1.528	TACCTC
1021941	912	8m	2.331	CTACCT
1021983	32	7A1	2.537	TACCTC
1021989	647	o6	2.106	CTACCT
1022066	3020	o6	1.379	CTACCT
1022168	639	o6	2.067	CTACCT
1022531	2827	6m	1.265	TACCTC
1022941	1535	7A1	2.876	TACCTC
1023032	73	o6	1.846	CTACCT
1023062	2858	6m	3.651	TACCTC
1023206	495	6m	2.507	TACCTC
1023320	1441	6m	2.615	TACCTC
1023337	767	7A1	2.350	TACCTC
1023469	297	o6	2.298	CTACCT
1023503	666	6m	1.149	TACCTC
1023512	175	o6	1.947	CTACCT
1023681	955	o6	1.047	CTACCT
1023912	832	7A1	1.043	TACCTC
1024019	1580	7A1	2.648	TACCTC
1024189	434	o6	1.029	CTACCT
1024403	348	6m	1.248	TACCTC
1024445	72	6m	2.736	TACCTC
1024495	228	o6	1.100	CTACCT
1024612	2051	o6	2.563	CTACCT
1024613	58	o6	1.240	CTACCT
1024622	737	o6	2.486	CTACCT
1024648	13002	o6	1.737	CTACCT
1024715	1809	o6	1.071	CTACCT
1024721	167	7A1	1.632	TACCTC
1024774	576	7A1	1.423	TACCTC
1025001	335	7m8	3.232	CTACCT
1025029	3431	o6	1.531	CTACCT
1025046	374	o6	2.840	CTACCT
1025377	646	o6	1.952	CTACCT
1025410	44	6m	2.301	TACCTC
1025424	991	o6	1.089	CTACCT
1025443	132	6m	3.005	TACCTC
1025689	438	6m	1.112	TACCTC
1025696	21	6m	1.969	TACCTC
1025725	422	6m	2.876	TACCTC
1026095	1371	7A1	2.415	TACCTC
1026129	452	6m	1.780	TACCTC
1026165	854	o6	1.460	CTACCT
1026711	1179	o6	2.309	CTACCT
1026726	884	7m8	1.642	CTACCT
1026726	1162	7A1	2.016	TACCTC
1026950	455	o6	1.540	CTACCT
1027002	572	6m	2.389	TACCTC
1027037	81	8m	1.000	TACCTC
1027226	826	6m	2.852	TACCTC
1027701	84	7A1	3.005	TACCTC
1027855	67	7A1	1.254	TACCTC
1027933	82	7A1	1.228	TACCTC
1027933	189	7A1	2.768	TACCTC
1028001	1039	o6	2.494	CTACCT
1028193	63	7A1	2.322	TACCTC
1028269	322	o6	1.846	CTACCT
1028368	81	7A1	1.567	TACCTC
1028483	32	7m8	1.380	CTACCT
1028734	5098	o6	2.129	CTACCT
1028751	794	o6	1.240	CTACCT
1028959	40	o6	2.088	CTACCT
1029125	83	o6	1.251	CTACCT
1029192	1962	6m	1.577	TACCTC
1029309	489	o6	1.245	CTACCT
1029369	1297	o6	2.544	CTACCT
1029385	47	o6	1.298	CTACCT
1029558	1313	o6	1.606	CTACCT
1030245	902	7A1	2.506	TACCTC
1030266	1103	6m	1.577	TACCTC
1030266	2480	7A1	3.005	TACCTC
1030389	55	6m	1.053	TACCTC
1030751	153	o6	2.794	CTACCT
1030782	2207	7A1	2.544	TACCTC
1031118	173	6m	2.025	TACCTC
1031156	1885	7A1	1.409	TACCTC
1031199	3989	o6	1.248	CTACCT
1031224	2709	o6	1.784	CTACCT
1031390	6394	7A1	1.168	TACCTC
1031641	2	6m	1.878	TACCTC
1031641	306	7A1	2.046	TACCTC
1031782	341	6m	1.284	TACCTC
1031818	265	7A1	2.349	TACCTC
1032328	420	7A1	3.005	TACCTC
1032328	479	6m	3.005	TACCTC
1032386	427	7A1	1.253	TACCTC
1032617	590	6m	2.878	TACCTC
1032799	3267	o6	1.154	CTACCT
1032822	1657	o6	1.691	CTACCT
1032880	628	o6	1.846	CTACCT
1032884	43	8m	3.034	CTACCT
1032929	1505	o6	1.295	CTACCT
1032968	176	o6	1.136	CTACCT
1033037	1181	7A1	3.034	TACCTC
1033055	67	o6	1.173	CTACCT
1033118	154	8m	2.544	TACCTC
1033141	443	o6	1.449	CTACCT
1033281	383	o6	1.313	CTACCT
1033328	1770	6m	2.284	TACCTC
1033333	851	o6	1.515	CTACCT
1033351	1481	7m8	3.446	CTACCT
1033571	4004	6m	1.053	TACCTC
1033598	1639	7A1	2.026	TACCTC
1033736	154	o6	2.705	CTACCT
1033789	4067	o6	1.606	CTACCT
1033827	606	o6	1.713	CTACCT
1033865	848	o6	1.032	CTACCT
1034121	2981	o6	2.002	CTACCT
1034160	1248	o6	1.201	CTACCT
1034229	79	7A1	2.344	TACCTC
1034247	892	o6	2.807	CTACCT
1034331	3320	6m	1.941	TACCTC
1034460	219	6m	2.757	TACCTC
1034529	301	6m	1.318	TACCTC
1034569	7390	o6	1.028	CTACCT
1034893	343	6m	1.288	TACCTC
1034917	1161	6m	2.526	TACCTC
1034941	169	6m	1.468	TACCTC
1035015	281	o6	4.738	CTACCT
1035198	3055	6m	3.383	TACCTC
1035248	2351	8m	2.999	CTACCT
1035288	196	7A1	1.755	TACCTC
1035336	40	o6	2.086	CTACCT
1035380	950	o6	2.501	CTACCT
1035663	63	o6	1.114	CTACCT
1035669	313	o6	1.282	CTACCT
1035779	173	7A1	2.989	TACCTC
1035783	3671	7A1	3.135	TACCTC
1035798	494	8m	3.224	CTACCT
1035798	2032	7A1	2.073	TACCTC
1036053	1177	o6	3.635	CTACCT
1036127	1346	7m8	2.618	CTACCT
1036343	135	7A1	3.633	TACCTC
1036367	1161	o6	2.049	CTACCT
1036558	448	6m	1.424	TACCTC
1036724	599	7A1	2.508	TACCTC
1036745	711	o6	1.656	CTACCT
1036788	1544	6m	1.073	TACCTC
1036909	187	o6	1.742	CTACCT
1037283	107	7A1	1.165	TACCTC
1037386	2275	o6	1.209	CTACCT
1037437	341	o6	1.317	CTACCT
1037608	73	8m	1.556	CTACCT
1037655	404	7A1	3.582	TACCTC
1037705	833	o6	1.055	CTACCT
1037705	1459	6m	1.510	TACCTC
1037775	114	6m	2.476	TACCTC
1037888	185	o6	2.321	CTACCT
1037977	39	6m	1.595	TACCTC
1038067	670	o6	1.648	CTACCT
1038084	308	o6	2.293	CTACCT
1038084	319	o6	2.093	CTACCT
1038285	314	o6	1.560	CTACCT
1038440	1310	o6	2.596	CTACCT
1038767	157	o6	3.577	CTACCT
1038833	467	o6	2.304	CTACCT
1039052	950	7A1	2.283	TACCTC
1039061	542	6m	1.906	TACCTC
1039079	81	8m	1.833	CTACCT
1039084	48	o6	1.613	CTACCT
1039202	1486	o6	1.139	CTACCT
1039218	4	6m	2.910	TACCTC
1039285	353	7m8	1.666	TACCTC
1039376	969	o6	1.514	CTACCT
1039431	1454	6m	1.468	TACCTC
1039808	863	8m	2.715	TACCTC
1039811	818	8m	2.715	TACCTC
1039858	4298	7A1	2.833	TACCTC
1039949	515	o6	2.972	CTACCT
1039950	716	6m	1.328	TACCTC
1040007	277	6m	3.299	TACCTC
1040031	740	7A1	3.608	TACCTC
1040037	852	8m	2.715	TACCTC
1040040	47	o6	1.162	CTACCT
1040070	3165	o6	2.321	CTACCT
1040115	132	6m	3.011	TACCTC
1040120	549	o6	1.571	CTACCT
1040234	583	7A1	2.533	TACCTC
1040298	2694	7A1	2.770	TACCTC
1040298	8096	8m	2.699	CTACCT
1040352	1047	6m	3.324	TACCTC
1040447	575	6m	3.011	TACCTC
1040547	484	o6	1.442	CTACCT
1040584	545	7m8	3.641	CTACCT
1040590	1685	7A1	2.353	TACCTC
