1000026	50	7m8	1.015	GAGATT
1000069	526	7m8	2.449	TGAGAT
1000069	1105	7m8	1.264	TGAGAT
1000093	208	6m	1.504	GAGATT
1000146	514	7A1	1.822	GAGATT
1000155	536	6m	1.682	GAGATT
1000204	151	6m	2.012	GAGATT
1000219	169	o6	1.279	TGAGAT
1000234	184	o6	1.111	TGAGAT
1000281	109	6m	1.117	GAGATT
1000320	1857	o6	2.591	TGAGAT
1000368	13	7A1	1.164	GAGATT
1000406	178	6m	1.210	GAGATT
1000466	338	7A1	1.045	GAGATT
1000553	93	o6	1.241	TGAGAT
1000553	448	o6	1.563	TGAGAT
1000706	1092	o6	1.296	TGAGAT
1000734	576	o6	1.248	TGAGAT
1000743	31	6m	2.754	GAGATT
1000779	2535	o6	2.073	TGAGAT
1000806	71	7m8	1.289	GAGATT
1000920	602	6m	1.245	GAGATT
1000937	161	7A1	2.350	GAGATT
1000991	45	o6	1.045	TGAGAT
1001012	1896	7m8	2.981	TGAGAT
1001024	64	o6	1.669	TGAGAT
1001027	49	7A1	1.711	GAGATT
1001113	6	6m	1.205	GAGATT
1001113	87	7m8	1.414	TGAGAT
1001185	56	6m	1.882	GAGATT
1001217	319	6m	1.865	GAGATT
1001249	591	7m8	1.113	GAGATT
1001301	14	7A1	1.053	GAGATT
1001408	524	6m	1.129	GAGATT
1001440	1871	o6	1.830	TGAGAT
1001446	82	8m	1.690	GAGATT
1001500	660	o6	1.262	TGAGAT
1001518	673	7m8	1.071	TGAGAT
1001530	816	6m	1.113	GAGATT
1001577	203	o6	2.533	TGAGAT
1001601	3313	7A1	1.008	GAGATT
1001607	78	6m	1.376	GAGATT
1001607	769	o6	2.278	TGAGAT
1001629	155	o6	1.026	TGAGAT
1001689	232	6m	1.989	GAGATT
1001745	479	o6	1.359	TGAGAT
1001823	252	6m	1.002	GAGATT
1001862	564	o6	1.314	TGAGAT
1001906	399	7m8	1.766	TGAGAT
1001921	315	6m	1.180	GAGATT
1001937	3036	7m8	3.097	TGAGAT
1002084	608	8m	2.047	TGAGAT
1002102	727	o6	1.500	TGAGAT
1002108	427	o6	1.183	TGAGAT
1002298	367	8m	2.400	TGAGAT
1002428	133	7m8	1.110	GAGATT
1002481	645	7A1	1.585	GAGATT
1002481	725	o6	1.450	TGAGAT
1002484	298	7A1	2.583	GAGATT
1002506	221	o6	1.463	TGAGAT
1002584	446	6m	2.017	GAGATT
1002619	27	o6	1.681	TGAGAT
1002628	135	8m	2.446	GAGATT
1002700	137	7m8	3.082	TGAGAT
1003263	262	6m	3.867	GAGATT
1003495	409	8m	1.690	TGAGAT
1003552	133	o6	1.104	TGAGAT
1003561	49	7A1	1.285	GAGATT
1003589	1053	6m	2.140	GAGATT
1003597	131	7m8	1.944	TGAGAT
1003631	2661	7A1	1.241	GAGATT
1003926	635	7A1	3.657	GAGATT
1004022	184	6m	1.209	GAGATT
1004050	362	o6	2.073	TGAGAT
1004122	42	6m	1.174	GAGATT
1004281	730	o6	1.883	TGAGAT
1004427	35	7m8	1.448	TGAGAT
1004520	164	7m8	1.613	TGAGAT
1004539	65	6m	1.486	GAGATT
1004619	111	7m8	2.544	GAGATT
1004760	260	o6	1.373	TGAGAT
1004879	98	7m8	1.005	TGAGAT
1004921	67	7A1	1.848	GAGATT
1004955	320	7A1	1.606	GAGATT
1004958	994	o6	2.167	TGAGAT
1004987	337	8m	1.844	GAGATT
1005020	259	6m	1.954	GAGATT
1005099	179	7m8	1.561	GAGATT
1005129	8	6m	2.016	GAGATT
1005216	652	o6	1.271	TGAGAT
1005319	64	o6	1.537	TGAGAT
1005429	188	o6	2.220	TGAGAT
1005449	1456	o6	1.027	TGAGAT
1005470	1172	o6	1.161	TGAGAT
1005542	118	7m8	1.956	TGAGAT
1005568	588	7m8	1.493	GAGATT
1005641	188	o6	2.544	TGAGAT
1005646	1492	6m	2.886	GAGATT
1005937	143	7m8	2.418	TGAGAT
1006032	119	o6	1.184	TGAGAT
1006071	90	8m	2.750	GAGATT
1006137	1069	o6	1.560	TGAGAT
1006137	1074	7m8	1.560	TGAGAT
1006708	2265	o6	1.328	TGAGAT
1006734	255	6m	1.010	GAGATT
1006735	1628	6m	2.191	GAGATT
1006738	1691	o6	1.476	TGAGAT
1006875	2881	o6	1.476	TGAGAT
1006940	0	6m	3.459	GAGATT
1007053	726	o6	1.321	TGAGAT
1007122	707	o6	1.943	TGAGAT
1007301	303	8m	1.054	TGAGAT
1007355	264	8m	1.230	TGAGAT
1007448	9	7m8	1.082	TGAGAT
1007448	243	7m8	1.563	TGAGAT
1007484	1898	6m	2.180	GAGATT
1007508	928	o6	1.983	TGAGAT
1007521	1930	6m	1.483	GAGATT
1007624	2334	o6	1.740	TGAGAT
1007638	1145	o6	1.932	TGAGAT
1007726	10	7A1	2.136	GAGATT
1007726	62	7A1	1.577	GAGATT
1007857	43	8m	2.062	GAGATT
1007858	37	8m	1.672	GAGATT
1007875	3776	6m	1.316	GAGATT
1007903	4250	6m	2.343	GAGATT
1007936	88	7m8	2.350	TGAGAT
1007990	104	o6	1.103	TGAGAT
1008019	428	6m	2.277	GAGATT
1008036	1489	6m	2.638	GAGATT
1008135	117	6m	1.212	GAGATT
1008183	647	6m	2.383	GAGATT
1008198	543	6m	3.081	GAGATT
1008255	26	6m	1.285	GAGATT
1008255	849	7A1	1.169	GAGATT
1008264	243	6m	1.028	GAGATT
1008279	659	o6	1.369	TGAGAT
1008439	2	6m	1.003	GAGATT
1008510	302	7m8	2.507	GAGATT
1008510	1396	7A1	2.507	GAGATT
1008527	26	7m8	1.771	TGAGAT
1008545	102	6m	1.322	GAGATT
1008549	73	o6	1.182	TGAGAT
1008650	807	o6	2.254	TGAGAT
1008750	230	6m	3.034	GAGATT
1008855	123	6m	1.447	GAGATT
1008875	56	o6	2.378	TGAGAT
1008890	107	6m	1.118	GAGATT
1008890	253	7A1	2.617	GAGATT
1008912	80	6m	2.445	GAGATT
1008938	267	o6	1.499	TGAGAT
1008995	533	8m	2.106	TGAGAT
1009037	1430	o6	1.030	TGAGAT
1009274	123	7A1	1.143	GAGATT
1009313	356	6m	1.387	GAGATT
1009360	25	8m	2.026	GAGATT
1009429	5	7m8	1.397	TGAGAT
1009469	1053	o6	1.523	TGAGAT
1009517	243	6m	1.228	GAGATT
1009560	763	7A1	2.070	GAGATT
1009661	9	o6	2.430	TGAGAT
1009714	112	6m	1.648	GAGATT
1009748	582	o6	1.562	TGAGAT
1009804	5	6m	1.888	GAGATT
1009834	250	6m	2.272	GAGATT
1009834	1478	6m	1.284	GAGATT
1009899	167	7m8	2.521	GAGATT
1009945	518	o6	3.641	TGAGAT
1009948	144	6m	1.606	GAGATT
1010026	830	6m	1.137	GAGATT
1010232	416	o6	1.151	TGAGAT
1010237	653	6m	3.777	GAGATT
1010238	43	o6	1.151	TGAGAT
1010359	400	7m8	1.333	GAGATT
1010377	84	7m8	1.667	GAGATT
1010382	5	7A1	1.031	GAGATT
1010511	793	6m	2.073	GAGATT
1010523	99	7m8	1.292	TGAGAT
1010553	499	o6	1.232	TGAGAT
1010578	284	8m	1.523	TGAGAT
1010602	59	6m	1.284	GAGATT
1010646	207	7A1	1.606	GAGATT
1010652	1241	o6	1.284	TGAGAT
1010698	226	6m	2.466	GAGATT
1010703	40	6m	1.982	GAGATT
1010703	454	8m	2.459	TGAGAT
1010956	97	8m	2.605	TGAGAT
1011068	966	6m	2.152	GAGATT
1011117	893	7A1	1.130	GAGATT
1011430	428	8m	1.698	GAGATT
1011457	48	7m8	2.026	TGAGAT
1011487	1398	o6	1.047	TGAGAT
1011487	1587	o6	1.437	TGAGAT
1011490	1012	o6	1.348	TGAGAT
1011673	74	7m8	2.467	GAGATT
1011695	25	7A1	2.030	GAGATT
1011739	170	7A1	1.810	GAGATT
1011809	297	7m8	2.024	GAGATT
1011868	507	o6	1.690	TGAGAT
1012008	818	7A1	1.185	GAGATT
1012020	66	6m	1.690	GAGATT
1012045	427	6m	1.569	GAGATT
1012056	190	6m	1.199	GAGATT
1012177	64	o6	1.263	TGAGAT
1012323	426	7m8	2.520	TGAGAT
1012382	760	6m	2.235	GAGATT
1012398	94	7m8	1.606	GAGATT
1012522	133	8m	2.020	GAGATT
1012579	265	6m	1.004	GAGATT
1012666	408	6m	1.575	GAGATT
1012725	359	7m8	1.113	TGAGAT
1012776	655	o6	1.734	TGAGAT
1012839	946	o6	2.025	TGAGAT
1013035	83	o6	1.818	TGAGAT
1013059	220	6m	1.590	GAGATT
1013088	31	6m	2.999	GAGATT
1013280	701	o6	1.114	TGAGAT
1013413	286	o6	1.328	TGAGAT
1013458	54	7m8	2.718	GAGATT
1013676	148	8m	1.143	GAGATT
1013771	125	7m8	2.378	GAGATT
1013772	645	6m	1.589	GAGATT
1013911	152	o6	1.929	TGAGAT
1013927	342	o6	1.069	TGAGAT
1014235	84	8m	2.425	TGAGAT
1014367	36	7m8	1.550	TGAGAT
1014418	2904	7m8	3.034	TGAGAT
1014447	537	7m8	1.055	GAGATT
1014529	197	7m8	1.985	TGAGAT
1014644	232	7A1	1.318	GAGATT
1014745	28	7m8	3.299	GAGATT
1014859	852	o6	2.267	TGAGAT
1014869	388	6m	1.266	GAGATT
1014884	2809	7m8	1.208	TGAGAT
1014904	534	7A1	1.064	GAGATT
1014904	725	6m	2.324	GAGATT
1014904	929	6m	1.053	GAGATT
1014904	1438	o6	1.823	TGAGAT
1014988	7350	8m	2.433	TGAGAT
1015062	430	6m	1.360	GAGATT
1015073	237	8m	2.265	TGAGAT
1015080	146	7m8	2.241	TGAGAT
1015109	354	o6	1.028	TGAGAT
1015145	2385	7m8	2.459	TGAGAT
1015145	2582	6m	1.372	GAGATT
1015162	365	6m	2.650	GAGATT
1015162	611	6m	2.650	GAGATT
1015162	847	6m	2.876	GAGATT
1015162	1086	6m	2.277	GAGATT
1015421	20	6m	2.446	GAGATT
1015430	1	o6	1.221	TGAGAT
1015480	1437	6m	1.180	GAGATT
1015548	186	7A1	1.252	GAGATT
1015646	320	o6	1.537	TGAGAT
1015679	160	6m	2.353	GAGATT
1015697	1356	o6	2.025	TGAGAT
1015722	437	6m	1.931	GAGATT
1015774	414	o6	1.005	TGAGAT
1015789	232	o6	1.241	TGAGAT
1015995	13	6m	2.523	GAGATT
1016029	2214	7m8	3.034	TGAGAT
1016067	942	7m8	1.846	TGAGAT
1016091	197	7m8	1.985	TGAGAT
1016092	34	6m	1.043	GAGATT
1016299	128	7m8	1.078	GAGATT
1016359	25	8m	1.640	TGAGAT
1016398	2525	6m	1.016	GAGATT
1016428	915	7A1	2.140	GAGATT
1016431	461	o6	1.820	TGAGAT
1016571	2541	o6	1.533	TGAGAT
1016598	1039	6m	2.054	GAGATT
1016620	1833	6m	1.053	GAGATT
1016623	573	7A1	2.269	GAGATT
1016661	105	6m	1.217	GAGATT
1016701	237	o6	1.123	TGAGAT
1016706	33	6m	2.065	GAGATT
1016713	2196	o6	2.473	TGAGAT
1016713	4083	o6	2.433	TGAGAT
1016787	2901	8m	1.231	TGAGAT
1016826	35	6m	1.529	GAGATT
1016848	2171	o6	2.875	TGAGAT
1016899	693	o6	1.046	TGAGAT
1017012	153	7m8	1.120	TGAGAT
1017019	518	8m	1.170	TGAGAT
1017126	35	8m	2.544	TGAGAT
1017127	561	7m8	2.283	TGAGAT
1017130	200	6m	1.075	GAGATT
1017197	1109	8m	2.537	GAGATT
1017204	96	o6	1.847	TGAGAT
1017224	23	8m	1.945	GAGATT
1017266	385	7m8	1.815	TGAGAT
1017306	144	6m	2.383	GAGATT
1017451	1091	6m	2.651	GAGATT
1017496	7	7m8	1.183	TGAGAT
1017496	1312	7m8	2.467	TGAGAT
1017556	87	7A1	1.477	GAGATT
1017574	492	6m	2.196	GAGATT
1017589	7	8m	1.148	TGAGAT
1017600	142	8m	2.213	TGAGAT
1017614	4663	o6	1.461	TGAGAT
1017614	6271	6m	3.028	GAGATT
1017663	122	8m	1.509	GAGATT
1017695	556	o6	1.647	TGAGAT
1017782	114	7m8	2.489	TGAGAT
1017787	635	8m	1.903	GAGATT
1017826	102	6m	2.166	GAGATT
1017853	245	7m8	3.232	TGAGAT
1017905	104	o6	1.780	TGAGAT
1018056	57	6m	1.462	GAGATT
1018062	1217	6m	1.114	GAGATT
1018134	2840	o6	2.033	TGAGAT
1018143	152	o6	1.183	TGAGAT
1018243	1025	8m	1.055	GAGATT
1018243	3161	o6	2.002	TGAGAT
1018252	186	6m	1.062	GAGATT
1018262	24	7A1	1.108	GAGATT
1018325	20	8m	2.502	TGAGAT
1018445	33	7m8	1.763	GAGATT
1018530	2986	6m	1.047	GAGATT
1018650	28	6m	1.051	GAGATT
1018703	499	7A1	1.284	GAGATT
1018744	196	o6	1.687	TGAGAT
1019180	317	o6	1.167	TGAGAT
1019305	408	o6	1.413	TGAGAT
1019390	35	6m	1.178	GAGATT
1019410	-1	6m	1.339	GAGATT
1019441	208	o6	1.685	TGAGAT
1019558	271	6m	3.418	GAGATT
1019925	323	7A1	1.040	GAGATT
1019925	686	7m8	1.401	GAGATT
1019925	693	7m8	2.098	GAGATT
1019928	142	6m	1.506	GAGATT
1020114	71	6m	1.606	GAGATT
1020145	47	6m	1.930	GAGATT
1020145	94	6m	1.314	GAGATT
1020166	1825	o6	2.137	TGAGAT
1020297	184	6m	1.718	GAGATT
1020375	230	6m	1.468	GAGATT
1020435	3019	6m	1.122	GAGATT
1020449	49	o6	1.845	TGAGAT
1020476	144	6m	1.086	GAGATT
1020480	822	6m	1.645	GAGATT
1020615	3818	o6	1.271	TGAGAT
1020675	274	7m8	3.444	GAGATT
1020692	220	7m8	2.220	TGAGAT
1020692	449	7m8	2.220	TGAGAT
1020844	48	o6	2.409	TGAGAT
1020901	466	7m8	1.691	TGAGAT
1020934	1731	o6	2.246	TGAGAT
1020974	363	7m8	1.567	TGAGAT
1021084	758	7m8	2.524	TGAGAT
1021419	148	6m	1.816	GAGATT
1021439	199	7m8	1.271	TGAGAT
1021440	20	o6	1.268	TGAGAT
1021440	233	7A1	1.907	GAGATT
1021476	22	7m8	1.178	GAGATT
1021525	1438	o6	1.590	TGAGAT
1021566	449	7m8	2.135	GAGATT
1021566	2463	6m	3.034	GAGATT
1021566	3593	o6	1.159	TGAGAT
1021608	359	6m	1.254	GAGATT
1021700	501	7m8	1.322	GAGATT
1021720	12	7A1	1.099	GAGATT
1021840	98	6m	1.448	GAGATT
1021899	352	6m	1.700	GAGATT
1021906	232	7A1	2.660	GAGATT
1021918	109	6m	1.545	GAGATT
1021918	357	7A1	1.328	GAGATT
1021989	417	o6	1.189	TGAGAT
1022066	3387	7m8	1.780	TGAGAT
1022070	433	7A1	2.213	GAGATT
1022129	1039	7A1	3.232	GAGATT
1022256	103	6m	2.143	GAGATT
1022338	2555	7m8	2.462	TGAGAT
1022531	1525	o6	1.073	TGAGAT
1022885	311	6m	1.467	GAGATT
1023009	482	7m8	2.338	TGAGAT
1023032	499	8m	1.288	GAGATT
1023062	2281	o6	1.603	TGAGAT
1023062	2299	6m	1.314	GAGATT
1023062	3517	o6	2.196	TGAGAT
1023100	2356	o6	2.054	TGAGAT
1023145	466	o6	1.288	TGAGAT
1023256	870	6m	1.290	GAGATT
1023289	1347	7m8	1.268	TGAGAT
1023303	53	8m	1.485	TGAGAT
1023405	42	o6	1.259	TGAGAT
1023523	526	6m	1.251	GAGATT
1023669	1159	8m	1.322	TGAGAT
1023784	3508	o6	2.029	TGAGAT
1023796	161	8m	1.823	TGAGAT
1023828	595	7m8	1.606	GAGATT
1023853	89	o6	1.055	TGAGAT
1023853	619	6m	1.903	GAGATT
1023882	1717	6m	1.253	GAGATT
1023885	1100	7m8	1.384	GAGATT
1023955	1072	7m8	1.060	GAGATT
1023955	2470	o6	2.113	TGAGAT
1024145	547	8m	2.242	GAGATT
1024172	104	o6	1.248	TGAGAT
1024189	511	8m	2.196	TGAGAT
1024196	664	6m	1.989	GAGATT
1024228	747	o6	1.061	TGAGAT
1024385	162	7A1	2.770	GAGATT
1024388	499	6m	2.819	GAGATT
1024406	820	8m	1.328	TGAGAT
1024418	43	6m	1.407	GAGATT
1024489	317	7m8	2.204	TGAGAT
1024556	886	8m	2.375	TGAGAT
1024571	304	7m8	2.548	GAGATT
1024609	464	7A1	2.341	GAGATT
1024612	1639	8m	1.533	TGAGAT
1024634	1313	o6	1.338	TGAGAT
1024648	12038	7m8	1.053	TGAGAT
1024709	69	7m8	1.362	TGAGAT
1024757	2	o6	1.567	TGAGAT
1024978	578	7m8	1.231	GAGATT
1025001	12	o6	1.070	TGAGAT
1025022	329	o6	1.460	TGAGAT
1025022	2541	7A1	1.306	GAGATT
1025029	1307	o6	3.034	TGAGAT
1025132	263	6m	2.073	GAGATT
1025173	666	7m8	1.407	TGAGAT
1025221	52	7A1	1.606	GAGATT
1025225	70	7m8	1.246	GAGATT
1025268	249	o6	1.062	TGAGAT
1025301	113	6m	2.321	GAGATT
1025340	1511	6m	1.853	GAGATT
1025427	262	o6	1.273	TGAGAT
1025427	357	7A1	3.032	GAGATT
1025431	145	8m	1.536	TGAGAT
1025488	89	6m	2.544	GAGATT
1025491	774	7A1	1.328	GAGATT
1025491	785	o6	1.530	TGAGAT
1025551	449	6m	2.350	GAGATT
1025618	237	6m	1.606	GAGATT
1025630	2309	6m	1.668	GAGATT
1025708	156	o6	2.098	TGAGAT
1025772	372	8m	2.032	TGAGAT
1025790	1407	o6	1.606	TGAGAT
1025886	87	7m8	2.579	GAGATT
1026111	549	7m8	1.860	TGAGAT
1026276	132	o6	1.307	TGAGAT
1026375	548	6m	1.073	GAGATT
1026385	490	6m	1.079	GAGATT
1026443	77	o6	2.226	TGAGAT
1026495	97	7m8	2.025	TGAGAT
1026498	540	7A1	1.645	GAGATT
1026652	359	o6	2.395	TGAGAT
1026681	36	8m	2.164	TGAGAT
1026773	81	o6	1.931	TGAGAT
1026841	910	o6	2.503	TGAGAT
1026841	3338	8m	1.038	TGAGAT
1026841	3642	o6	1.976	TGAGAT
1026981	451	6m	1.588	GAGATT
1026999	1628	o6	1.405	TGAGAT
1027002	703	7A1	2.321	GAGATT
1027241	13	6m	1.389	GAGATT
1027363	55	7m8	1.678	TGAGAT
1027390	151	7A1	2.192	GAGATT
1027438	1728	6m	1.633	GAGATT
1027493	604	6m	1.097	GAGATT
1027577	56	7m8	1.956	GAGATT
1027637	132	7m8	1.029	TGAGAT
1027697	251	7A1	2.037	GAGATT
1027761	63	8m	2.347	TGAGAT
1027801	686	o6	1.150	TGAGAT
1027801	693	7m8	1.316	TGAGAT
1027814	909	7m8	3.194	TGAGAT
1028001	559	o6	1.400	TGAGAT
1028103	686	6m	1.103	GAGATT
1028203	160	7m8	2.157	GAGATT
1028275	502	o6	1.093	TGAGAT
1028404	263	6m	2.149	GAGATT
1028441	347	o6	1.321	TGAGAT
1028526	822	7m8	1.061	GAGATT
1028527	1611	7A1	2.424	GAGATT
1028578	566	6m	1.866	GAGATT
1028648	690	7A1	1.257	GAGATT
1028778	276	o6	1.422	TGAGAT
1028791	318	6m	2.073	GAGATT
1029060	254	6m	2.396	GAGATT
1029158	0	7m8	2.321	GAGATT
1029165	720	o6	1.171	TGAGAT
1029180	87	7m8	1.940	GAGATT
1029189	910	o6	1.255	TGAGAT
1029369	970	o6	1.179	TGAGAT
1029517	1257	6m	1.434	GAGATT
1029710	96	7A1	3.398	GAGATT
1029724	34	8m	2.350	TGAGAT
1029944	489	6m	1.525	GAGATT
1030000	368	6m	2.840	GAGATT
1030177	525	o6	1.200	TGAGAT
1030192	408	7m8	2.056	GAGATT
1030255	292	7A1	2.807	GAGATT
1030289	26	8m	1.288	TGAGAT
1030332	288	o6	1.053	TGAGAT
1030335	251	8m	1.946	GAGATT
1030374	47	6m	1.276	GAGATT
1030520	695	o6	1.606	TGAGAT
1030767	413	8m	3.353	GAGATT
1030767	455	o6	3.028	TGAGAT
1030912	195	o6	1.196	TGAGAT
1031046	286	o6	2.773	TGAGAT
1031106	922	o6	3.387	TGAGAT
1031142	2167	7m8	1.681	TGAGAT
1031156	1675	7m8	1.623	TGAGAT
1031236	377	6m	2.272	GAGATT
1031245	341	o6	1.027	TGAGAT
1031304	1016	7A1	2.694	GAGATT
1031307	3073	o6	1.965	TGAGAT
1031325	123	o6	1.210	TGAGAT
1031456	180	6m	2.159	GAGATT
1031616	1891	7m8	2.929	TGAGAT
1031787	311	6m	2.742	GAGATT
1031830	446	o6	2.387	TGAGAT
1032039	89	7A1	2.125	GAGATT
1032132	169	6m	2.286	GAGATT
1032226	630	7m8	1.002	TGAGAT
1032292	498	o6	1.874	TGAGAT
1032295	2191	o6	1.129	TGAGAT
1032298	72	o6	1.659	TGAGAT
1032369	2049	o6	2.052	TGAGAT
1032420	1327	6m	1.011	GAGATT
1032486	766	o6	1.367	TGAGAT
1032490	844	o6	1.073	TGAGAT
1032608	1308	8m	1.284	TGAGAT
1032631	234	7m8	2.358	TGAGAT
1032684	388	7A1	1.070	GAGATT
1032684	568	7A1	2.661	GAGATT
1032876	1998	7m8	1.183	TGAGAT
1032935	28	o6	3.266	TGAGAT
1032956	1256	6m	1.832	GAGATT
1032968	1979	7m8	2.409	TGAGAT
1032976	21	6m	1.312	GAGATT
1033041	2827	7m8	3.932	GAGATT
1033089	780	o6	1.142	TGAGAT
1033138	626	6m	2.855	GAGATT
1033205	490	6m	1.005	GAGATT
1033354	190	o6	1.533	TGAGAT
1033373	964	6m	1.852	GAGATT
1033443	63	8m	2.799	TGAGAT
1033481	1102	6m	2.031	GAGATT
1033488	1161	6m	1.212	GAGATT
1033583	48	8m	1.298	TGAGAT
1033598	5691	6m	1.047	GAGATT
1033682	39	7A1	1.814	GAGATT
1033700	261	o6	2.922	TGAGAT
1033703	90	o6	2.288	TGAGAT
1033711	531	7m8	2.659	TGAGAT
1033735	407	6m	1.053	GAGATT
1033739	1636	7A1	3.241	GAGATT
1033795	1929	8m	1.928	TGAGAT
1033833	228	o6	1.036	TGAGAT
1033865	411	7m8	2.929	TGAGAT
1033865	500	o6	1.619	TGAGAT
1033877	1753	o6	1.340	TGAGAT
1033877	1967	o6	2.145	TGAGAT
1034040	126	7A1	1.013	GAGATT
1034215	156	8m	1.373	GAGATT
1034235	263	o6	2.276	TGAGAT
1034296	519	6m	1.222	GAGATT
1034316	318	6m	2.611	GAGATT
1034316	3394	o6	1.488	TGAGAT
1034322	330	o6	1.034	TGAGAT
1034347	1098	6m	1.411	GAGATT
1034370	1476	6m	2.003	GAGATT
1034434	107	o6	1.959	TGAGAT
1034481	621	8m	1.091	TGAGAT
1034493	166	7A1	2.698	GAGATT
1034539	3102	o6	3.649	TGAGAT
1034569	4915	6m	2.981	GAGATT
1034569	7177	o6	2.062	TGAGAT
1034589	281	6m	1.903	GAGATT
1034614	722	7A1	3.335	GAGATT
1034718	418	7m8	1.099	GAGATT
1034899	3404	7A1	2.323	GAGATT
1034899	3541	o6	3.403	TGAGAT
1034924	42	o6	1.246	TGAGAT
1034924	47	o6	1.246	TGAGAT
1034965	146	8m	1.308	GAGATT
1035010	2792	6m	3.599	GAGATT
1035010	3557	7m8	3.553	TGAGAT
1035040	1266	o6	1.568	TGAGAT
1035040	2796	o6	2.185	TGAGAT
1035103	1695	o6	1.112	TGAGAT
1035169	76	o6	1.113	TGAGAT
1035192	615	o6	1.004	TGAGAT
1035198	2440	o6	1.696	TGAGAT
1035276	737	o6	3.758	TGAGAT
1035323	453	o6	2.429	TGAGAT
1035356	702	7A1	1.250	GAGATT
1035417	26	7m8	2.086	TGAGAT
1035477	1895	6m	1.073	GAGATT
1035506	1052	7m8	2.303	GAGATT
1035569	4324	8m	2.262	TGAGAT
1035656	3077	o6	1.434	TGAGAT
1035704	690	7A1	1.289	GAGATT
1035759	216	6m	2.533	GAGATT
1035762	342	7m8	1.851	GAGATT
1035762	1461	6m	1.066	GAGATT
1035762	1480	6m	1.120	GAGATT
1035798	914	7A1	1.945	GAGATT
1035904	154	7A1	1.213	GAGATT
1036127	8882	7A1	1.081	GAGATT
1036155	51	7A1	1.600	GAGATT
1036160	771	6m	3.041	GAGATT
1036208	48	6m	1.169	GAGATT
1036381	617	o6	1.182	TGAGAT
1036404	444	o6	2.661	TGAGAT
1036420	188	7A1	1.560	GAGATT
1036558	1815	o6	3.398	TGAGAT
1036558	1920	8m	1.555	TGAGAT
1036566	530	8m	1.150	TGAGAT
1036571	168	6m	1.844	GAGATT
1036710	226	7m8	1.039	TGAGAT
1036755	25	7A1	1.101	GAGATT
1036784	113	6m	1.196	GAGATT
1036991	1226	6m	1.254	GAGATT
1037031	515	7m8	1.936	TGAGAT
1037051	816	6m	2.897	GAGATT
1037134	787	6m	1.304	GAGATT
1037171	1168	7A1	1.546	GAGATT
1037434	42	o6	1.122	TGAGAT
1037437	318	7m8	1.193	TGAGAT
1037485	1338	6m	2.206	GAGATT
1037732	343	7A1	2.907	GAGATT
1037845	1533	7A1	2.194	GAGATT
1037845	1788	7m8	2.194	TGAGAT
1037937	83	6m	1.653	GAGATT
1038084	127	8m	2.293	TGAGAT
1038085	69	6m	4.189	GAGATT
1038214	953	6m	1.752	GAGATT
1038312	78	o6	2.048	TGAGAT
1038317	94	6m	2.928	GAGATT
1038416	328	6m	1.395	GAGATT
1038473	105	6m	1.044	GAGATT
1038589	285	7m8	1.201	TGAGAT
1038595	152	6m	1.626	GAGATT
1038670	1085	o6	1.501	TGAGAT
1038710	2090	o6	1.662	TGAGAT
1038748	275	6m	1.212	GAGATT
1038757	124	6m	2.943	GAGATT
1038890	836	o6	1.952	TGAGAT
1038905	748	6m	1.285	GAGATT
1038930	149	7m8	3.201	TGAGAT
1039052	1518	6m	2.482	GAGATT
1039061	2493	o6	1.560	TGAGAT
1039202	485	6m	1.027	GAGATT
1039268	269	6m	4.398	GAGATT
1039285	1299	7m8	2.854	TGAGAT
1039286	540	7m8	3.287	TGAGAT
1039300	210	8m	2.600	GAGATT
1039376	511	6m	1.632	GAGATT
1039376	2836	6m	1.815	GAGATT
1039469	2133	7m8	1.592	TGAGAT
1039496	998	o6	1.475	TGAGAT
1039563	4899	6m	1.084	GAGATT
1039568	727	o6	1.128	TGAGAT
1039612	991	o6	3.922	TGAGAT
1039625	616	7A1	3.335	GAGATT
1039694	722	7A1	3.335	GAGATT
1039718	1106	7m8	2.075	TGAGAT
1039773	220	7m8	1.226	GAGATT
1039779	48	6m	1.271	GAGATT
1039800	91	6m	1.186	GAGATT
1039852	22	7A1	3.270	GAGATT
1039853	5160	6m	1.056	GAGATT
1039858	1289	o6	2.264	TGAGAT
1039911	343	o6	2.017	TGAGAT
1039932	396	7m8	1.245	GAGATT
1039996	520	o6	1.400	TGAGAT
1039996	979	7A1	1.129	GAGATT
1039999	372	o6	1.118	TGAGAT
1040001	984	o6	1.879	TGAGAT
1040016	948	7m8	2.273	TGAGAT
1040058	392	7m8	1.274	TGAGAT
1040070	2845	7A1	1.191	GAGATT
1040078	221	7m8	2.964	GAGATT
1040091	101	7A1	1.104	GAGATT
1040120	1444	7A1	1.434	GAGATT
1040129	1714	o6	1.065	TGAGAT
1040165	2694	6m	1.031	GAGATT
1040231	805	6m	1.288	GAGATT
1040304	523	6m	1.101	GAGATT
1040346	3655	8m	1.054	TGAGAT
1040387	810	o6	1.073	TGAGAT
1040434	2367	6m	1.257	GAGATT
1040444	1274	o6	1.073	TGAGAT
1040524	443	7m8	3.851	TGAGAT
1040589	908	6m	1.556	GAGATT
1040589	1541	7m8	1.250	TGAGAT
1040589	3021	o6	3.570	TGAGAT
1040589	3206	o6	2.778	TGAGAT
1040590	4817	7m8	2.173	TGAGAT
1040646	547	6m	1.468	GAGATT
1040646	2109	7A1	2.854	GAGATT
1040646	2275	7m8	2.521	GAGATT
