1000114	132	8m	2.255	TTAGGG
1000228	83	o6	1.447	TTAGGG
1000234	28	7m8	1.220	TTAGGG
1000327	1241	o6	1.938	TTAGGG
1000407	564	7A1	2.220	TAGGGA
1000443	1722	7m8	1.321	TTAGGG
1000512	399	o6	1.680	TTAGGG
1000580	2028	o6	2.329	TTAGGG
1000845	368	o6	1.088	TTAGGG
1000884	79	8m	1.235	TTAGGG
1000901	410	o6	1.284	TTAGGG
1000920	175	o6	1.322	TTAGGG
1001075	1378	o6	1.284	TTAGGG
1001372	868	o6	2.479	TTAGGG
1001373	63	8m	2.614	TTAGGG
1001394	391	8m	1.606	TTAGGG
1001578	1572	o6	1.053	TTAGGG
1001897	177	o6	2.692	TTAGGG
1003137	23	o6	1.376	TTAGGG
1003309	10	o6	1.406	TTAGGG
1003549	178	o6	1.021	TTAGGG
1004286	209	7m8	1.033	TAGGGA
1005130	720	o6	1.671	TTAGGG
1005737	7	o6	1.376	TTAGGG
1005745	683	6m	1.945	TAGGGA
1005830	34	o6	2.086	TTAGGG
1006107	566	o6	2.544	TTAGGG
1006518	150	7A1	1.316	TAGGGA
1007031	1528	7A1	2.191	TAGGGA
1007031	1541	o6	2.357	TTAGGG
1007242	3399	o6	3.005	TTAGGG
1007364	1161	7m8	1.999	TTAGGG
1007521	1266	o6	2.565	TTAGGG
1007530	865	6m	1.329	TAGGGA
1007590	190	o6	2.486	TTAGGG
1007869	599	o6	1.636	TTAGGG
1008036	448	8m	1.235	TTAGGG
1008067	159	o6	2.778	TTAGGG
1008105	411	8m	1.907	TTAGGG
1008136	757	o6	1.529	TTAGGG
1008192	808	o6	1.316	TTAGGG
1008213	447	7m8	1.220	TAGGGA
1008478	294	6m	1.001	TAGGGA
1008510	382	o6	1.691	TTAGGG
1008557	91	o6	2.918	TTAGGG
1008593	717	o6	1.947	TTAGGG
1008903	980	o6	2.588	TTAGGG
1008995	487	7A1	1.002	TAGGGA
1008995	1739	o6	1.053	TTAGGG
1009037	2482	7m8	1.864	TAGGGA
1009313	84	7m8	1.892	TAGGGA
1009366	492	7m8	2.630	TAGGGA
1010160	1370	7m8	1.424	TTAGGG
1010265	71	o6	1.913	TTAGGG
1010275	186	6m	1.567	TAGGGA
1011060	63	o6	1.254	TTAGGG
1011189	37	o6	3.639	TTAGGG
1011194	524	7A1	1.030	TAGGGA
1012262	51	7m8	2.730	TAGGGA
1012776	186	7m8	1.600	TTAGGG
1013246	217	o6	1.055	TTAGGG
1013306	80	6m	1.017	TAGGGA
1013725	288	7A1	1.151	TAGGGA
1014235	108	8m	1.241	TAGGGA
1014318	39	o6	1.374	TTAGGG
1014473	1619	6m	2.289	TAGGGA
1014892	291	6m	1.073	TAGGGA
1014892	698	8m	1.423	TTAGGG
1015073	1116	6m	1.053	TAGGGA
1015375	2428	7A1	2.160	TAGGGA
1015526	1335	6m	2.437	TAGGGA
1015725	1312	7A1	2.544	TAGGGA
1016016	1502	7A1	1.158	TAGGGA
1016223	610	o6	1.127	TTAGGG
1016574	4494	6m	1.298	TAGGGA
1016605	1000	8m	2.400	TTAGGG
1016685	714	o6	2.367	TTAGGG
1016820	889	7m8	2.085	TTAGGG
1016848	1671	6m	1.011	TAGGGA
1017028	208	o6	1.053	TTAGGG
1017036	186	o6	1.123	TTAGGG
1017197	1216	6m	1.149	TAGGGA
1017197	1429	7A1	1.053	TAGGGA
1017197	2058	7A1	1.016	TAGGGA
1017275	307	o6	2.181	TTAGGG
1017294	14	7A1	1.300	TAGGGA
1017375	247	o6	1.788	TTAGGG
1018081	959	6m	1.076	TAGGGA
1018134	822	o6	1.638	TTAGGG
1018134	3049	7A1	1.032	TAGGGA
1018134	3056	7A1	1.032	TAGGGA
1018135	0	o6	1.484	TTAGGG
1018243	630	o6	2.339	TTAGGG
1018262	621	o6	3.278	TTAGGG
1018299	193	7m8	1.941	TAGGGA
1018325	95	7A1	1.606	TAGGGA
1018409	56	o6	1.407	TTAGGG
1018703	341	o6	1.284	TTAGGG
1018766	334	7m8	2.246	TAGGGA
1018766	944	o6	1.606	TTAGGG
1018944	1	7A1	1.012	TAGGGA
1019198	125	o6	1.241	TTAGGG
1019465	540	o6	1.649	TTAGGG
1019579	3007	6m	1.486	TAGGGA
1019945	280	6m	1.975	TAGGGA
1020241	346	8m	1.252	TAGGGA
1020607	193	6m	1.987	TAGGGA
1020818	480	6m	1.322	TAGGGA
1020824	61	8m	1.014	TAGGGA
1020951	305	o6	1.498	TTAGGG
1021273	81	o6	1.141	TTAGGG
1021696	562	7m8	1.326	TTAGGG
1021715	278	o6	1.271	TTAGGG
1021777	278	o6	1.490	TTAGGG
1021879	199	7A1	1.053	TAGGGA
1022180	85	6m	1.736	TAGGGA
1022495	330	o6	1.047	TTAGGG
1022495	4326	o6	1.307	TTAGGG
1022573	70	o6	1.244	TTAGGG
1022820	-1	7A1	2.190	TAGGGA
1023004	536	6m	1.467	TAGGGA
1023298	1120	o6	1.711	TTAGGG
1023419	299	o6	1.505	TTAGGG
1023757	84	o6	2.220	TTAGGG
1023838	228	o6	1.861	TTAGGG
1023998	292	8m	2.031	TTAGGG
1024019	842	7m8	1.284	TAGGGA
1024031	4764	6m	2.433	TAGGGA
1024195	582	6m	1.867	TAGGGA
1024195	1756	6m	1.000	TAGGGA
1024304	297	7m8	2.544	TTAGGG
1024304	766	7m8	1.017	TTAGGG
1024648	1182	o6	2.449	TTAGGG
1024648	2364	8m	1.245	TTAGGG
1024753	673	o6	1.460	TTAGGG
1024807	311	o6	1.797	TTAGGG
1024939	1356	o6	1.030	TTAGGG
1025158	986	o6	1.122	TTAGGG
1025298	1124	o6	1.284	TTAGGG
1025343	191	7A1	1.560	TAGGGA
1025565	107	7A1	2.018	TAGGGA
1025696	102	8m	2.488	TTAGGG
1026321	896	o6	1.241	TTAGGG
1026498	103	6m	2.007	TAGGGA
1026708	980	o6	1.623	TTAGGG
1027030	139	o6	1.076	TTAGGG
1027737	265	o6	1.500	TTAGGG
1027801	93	7A1	1.190	TAGGGA
1027834	87	7m8	1.440	TAGGGA
1027900	154	7A1	1.719	TAGGGA
1027954	184	o6	2.249	TTAGGG
1028082	492	7m8	1.055	TTAGGG
1028396	210	o6	1.638	TTAGGG
1028435	145	7A1	1.195	TAGGGA
1029024	78	8m	1.137	TTAGGG
1029189	1336	6m	1.255	TAGGGA
1030132	26	6m	2.377	TAGGGA
1030262	32	8m	1.366	TTAGGG
1030340	960	6m	1.055	TAGGGA
1030465	65	o6	1.313	TTAGGG
1030658	910	7m8	2.140	TTAGGG
1030692	1411	8m	1.753	TTAGGG
1031498	1359	6m	1.468	TAGGGA
1032459	331	7m8	2.540	TAGGGA
1032684	277	o6	1.933	TTAGGG
1032802	274	7A1	1.819	TAGGGA
1032935	289	7A1	1.101	TAGGGA
1033141	1710	o6	1.405	TTAGGG
1033190	40	o6	1.128	TTAGGG
1033658	540	7m8	1.028	TTAGGG
1033795	613	o6	1.284	TTAGGG
1034362	354	o6	1.560	TTAGGG
1034401	82	o6	1.548	TTAGGG
1034409	711	o6	1.233	TTAGGG
1034451	687	o6	1.107	TTAGGG
1034496	1003	7A1	1.069	TAGGGA
1034744	20	8m	1.073	TAGGGA
1034924	308	o6	2.876	TTAGGG
1034995	1788	o6	1.364	TTAGGG
1035687	785	7m8	2.197	TTAGGG
1035759	118	6m	1.458	TAGGGA
1035831	1055	6m	1.553	TAGGGA
1036080	615	6m	1.088	TAGGGA
1036127	9541	o6	1.476	TTAGGG
1036337	142	o6	1.776	TTAGGG
1036374	1331	7m8	1.610	TTAGGG
1036381	1020	o6	1.910	TTAGGG
1036396	132	6m	1.548	TAGGGA
1036784	74	o6	1.242	TTAGGG
1036910	244	o6	3.027	TTAGGG
1037333	1873	6m	5.368	TAGGGA
1037339	1935	o6	2.581	TTAGGG
1037398	1174	6m	1.542	TAGGGA
1037399	18	6m	1.118	TAGGGA
1037705	977	7m8	3.424	TAGGGA
1037845	1	6m	1.939	TAGGGA
1038088	641	o6	1.415	TTAGGG
1038118	84	8m	1.162	TTAGGG
1038366	811	6m	1.312	TAGGGA
1039376	998	o6	1.664	TTAGGG
1039422	4121	8m	1.268	TTAGGG
1039645	131	7m8	1.048	TTAGGG
1039908	1948	o6	1.310	TTAGGG
1040007	1800	7A1	2.206	TAGGGA
1040120	595	8m	1.159	TTAGGG
1040190	1365	o6	1.906	TTAGGG
1040210	1951	8m	1.992	TTAGGG
1040240	466	6m	1.084	TAGGGA
1040337	2463	7A1	1.288	TAGGGA
1040337	3285	o6	1.288	TTAGGG
1040367	997	7A1	1.199	TAGGGA
1040417	269	8m	1.866	TTAGGG
