1000017	70	o6	1.687	GTGCAA
1000021	1464	o6	1.647	GTGCAA
1000021	1666	7A1	2.075	TGCAAT
1000029	348	6m	1.059	TGCAAT
1000029	378	7m8	1.947	GTGCAA
1000042	728	6m	2.182	TGCAAT
1000048	425	7m8	1.567	TGCAAT
1000057	126	7A1	1.113	TGCAAT
1000066	2496	7m8	2.549	GTGCAA
1000069	421	6m	1.497	TGCAAT
1000069	468	6m	1.322	TGCAAT
1000069	2014	7m8	2.255	TGCAAT
1000084	48	7A1	2.363	TGCAAT
1000122	699	7m8	2.220	GTGCAA
1000122	1564	6m	1.147	TGCAAT
1000146	1124	7A1	1.203	TGCAAT
1000150	282	o6	2.220	GTGCAA
1000176	404	6m	1.798	TGCAAT
1000215	28	7A1	1.722	TGCAAT
1000264	636	6m	2.799	TGCAAT
1000321	204	7m8	1.282	TGCAAT
1000327	30	7A1	1.576	TGCAAT
1000327	870	o6	2.075	GTGCAA
1000345	63	7m8	1.974	GTGCAA
1000386	1572	6m	2.061	TGCAAT
1000391	1139	6m	2.135	TGCAAT
1000395	552	o6	1.156	GTGCAA
1000407	264	7m8	1.053	GTGCAA
1000436	1019	6m	1.930	TGCAAT
1000451	36	6m	1.747	TGCAAT
1000472	1089	o6	1.687	GTGCAA
1000478	2081	7A1	1.606	TGCAAT
1000512	14	8m	1.640	GTGCAA
1000512	229	7A1	1.949	TGCAAT
1000512	379	7A1	2.104	TGCAAT
1000533	507	6m	1.880	TGCAAT
1000545	43	7m8	2.538	GTGCAA
1000545	950	o6	2.344	GTGCAA
1000580	362	o6	1.260	GTGCAA
1000619	379	7A1	1.284	TGCAAT
1000619	882	6m	1.914	TGCAAT
1000643	394	6m	3.198	TGCAAT
1000643	588	o6	2.420	GTGCAA
1000676	428	o6	2.026	GTGCAA
1000676	441	6m	2.279	TGCAAT
1000683	533	7A1	1.322	TGCAAT
1000743	784	6m	2.215	TGCAAT
1000743	1019	6m	1.687	TGCAAT
1000767	397	o6	3.934	GTGCAA
1000779	3124	6m	1.690	TGCAAT
1000779	3141	7A1	1.590	TGCAAT
1000824	194	o6	2.130	GTGCAA
1000845	1890	o6	1.885	GTGCAA
1000845	3210	6m	2.215	TGCAAT
1000853	324	7m8	2.580	GTGCAA
1000863	230	o6	1.690	GTGCAA
1000866	640	7m8	1.356	GTGCAA
1000874	537	7A1	1.285	TGCAAT
1000875	887	6m	1.780	TGCAAT
1000883	12	7m8	1.954	TGCAAT
1000889	19	7m8	1.245	TGCAAT
1000901	873	7A1	2.013	TGCAAT
1000907	316	7m8	1.606	GTGCAA
1000907	667	o6	2.787	GTGCAA
1000923	35	o6	2.220	GTGCAA
1000947	63	6m	1.254	TGCAAT
1000947	856	6m	1.042	TGCAAT
1000968	574	8m	1.857	GTGCAA
1000968	2333	7A1	1.579	TGCAAT
1000979	1491	6m	3.025	TGCAAT
1001012	1314	7m8	2.073	GTGCAA
1001012	1417	7A1	2.143	TGCAAT
1001015	621	7m8	1.568	GTGCAA
1001015	916	6m	2.232	TGCAAT
1001030	1425	o6	1.722	GTGCAA
1001030	2349	o6	2.635	GTGCAA
1001054	313	6m	2.863	TGCAAT
1001075	1174	7A1	2.922	TGCAAT
1001104	382	7m8	2.073	GTGCAA
1001104	522	6m	2.438	TGCAAT
1001126	59	o6	2.215	GTGCAA
1001169	379	7A1	1.560	TGCAAT
1001190	179	7A1	1.859	TGCAAT
1001244	777	7A1	1.490	TGCAAT
1001334	19	8m	1.606	GTGCAA
1001423	141	o6	1.322	GTGCAA
1001440	899	6m	1.201	TGCAAT
1001440	1730	7A1	2.309	TGCAAT
1001440	2550	7A1	3.329	TGCAAT
1001487	40	7A1	2.648	TGCAAT
1001533	4242	7m8	1.563	TGCAAT
1001533	4251	7A1	1.563	TGCAAT
1001578	449	o6	1.053	GTGCAA
1001584	579	6m	1.906	TGCAAT
1001601	2223	7m8	2.342	TGCAAT
1001610	318	6m	2.876	TGCAAT
1001620	575	6m	1.496	TGCAAT
1001670	441	6m	2.086	TGCAAT
1001718	121	6m	1.285	TGCAAT
1001753	793	o6	1.315	GTGCAA
1001754	189	6m	1.011	TGCAAT
1001805	61	7m8	3.167	GTGCAA
1001817	3043	6m	1.825	TGCAAT
1001861	312	7A1	2.092	TGCAAT
1001862	312	8m	2.552	GTGCAA
1001862	454	7m8	2.025	GTGCAA
1001862	795	7m8	1.608	GTGCAA
1001897	137	o6	3.558	GTGCAA
1001897	1419	6m	4.576	TGCAAT
1001934	1051	o6	1.777	GTGCAA
1001937	1605	o6	1.127	GTGCAA
1001937	3771	o6	3.271	GTGCAA
1001937	3790	6m	1.201	TGCAAT
1001948	128	7A1	1.629	TGCAAT
1001960	99	7m8	2.655	GTGCAA
1001960	199	6m	1.378	TGCAAT
1001960	396	6m	2.750	TGCAAT
1001961	122	7A1	4.339	TGCAAT
1001966	172	7m8	2.734	TGCAAT
1002014	255	o6	1.850	GTGCAA
1002017	563	o6	2.197	GTGCAA
1002017	656	o6	2.310	GTGCAA
1002054	805	6m	1.883	TGCAAT
1002081	68	8m	2.277	GTGCAA
1002084	148	o6	2.058	GTGCAA
1002084	317	6m	1.128	TGCAAT
1002089	22	7m8	1.468	TGCAAT
1002117	435	7A1	2.467	TGCAAT
1002182	543	6m	2.635	TGCAAT
1002182	622	6m	2.277	TGCAAT
1002198	33	o6	1.265	GTGCAA
1002215	296	o6	1.864	GTGCAA
1002236	642	6m	1.447	TGCAAT
1002237	3	8m	1.880	GTGCAA
1002240	696	8m	1.258	GTGCAA
1002246	75	7m8	2.586	GTGCAA
1002246	92	7m8	2.815	GTGCAA
1002304	165	7A1	2.635	TGCAAT
1002340	115	6m	1.242	TGCAAT
1002404	63	o6	1.373	GTGCAA
1002415	138	6m	1.004	TGCAAT
1002419	1	6m	2.228	TGCAAT
1002422	24	6m	1.790	TGCAAT
1002445	286	6m	1.363	TGCAAT
1002481	2191	6m	1.073	TGCAAT
1002496	142	7m8	1.120	GTGCAA
1002509	92	8m	2.321	TGCAAT
1002662	146	6m	2.447	TGCAAT
1002683	453	6m	1.379	TGCAAT
1002683	489	7m8	1.315	TGCAAT
1002688	102	7m8	1.606	GTGCAA
1002688	107	7A1	1.575	TGCAAT
1002695	1331	7m8	2.148	GTGCAA
1002700	301	6m	1.560	TGCAAT
1002734	124	7A1	2.876	TGCAAT
1002734	935	7A1	2.403	TGCAAT
1002734	1638	6m	1.718	TGCAAT
1002734	1645	6m	1.718	TGCAAT
1002808	184	7m8	1.380	TGCAAT
1002826	1496	7A1	2.313	TGCAAT
1002826	2097	o6	2.313	GTGCAA
1002827	51	8m	1.763	TGCAAT
1002830	91	6m	2.378	TGCAAT
1002848	347	7m8	2.380	TGCAAT
1002859	46	o6	1.472	GTGCAA
1002859	206	7A1	1.409	TGCAAT
1002878	489	6m	2.603	TGCAAT
1002901	309	7A1	2.338	TGCAAT
1002923	183	6m	1.127	TGCAAT
1002982	44	6m	3.669	TGCAAT
1003012	48	6m	2.058	TGCAAT
1003053	278	o6	1.011	GTGCAA
1003053	569	6m	2.945	TGCAAT
1003057	40	6m	2.093	TGCAAT
1003104	75	7A1	1.024	TGCAAT
1003108	430	7A1	1.538	TGCAAT
1003114	805	7m8	1.082	GTGCAA
1003140	62	6m	1.122	TGCAAT
1003236	351	6m	3.158	TGCAAT
1003236	416	7m8	1.623	GTGCAA
1003242	95	6m	1.129	TGCAAT
1003242	120	6m	1.448	TGCAAT
1003248	1778	6m	1.405	TGCAAT
1003297	1202	7A1	3.005	TGCAAT
1003297	1248	7A1	1.577	TGCAAT
1003310	137	o6	2.198	GTGCAA
1003316	178	7A1	1.663	TGCAAT
1003321	16	6m	1.273	TGCAAT
1003336	45	8m	2.752	GTGCAA
1003346	166	o6	1.649	GTGCAA
1003378	33	6m	1.268	TGCAAT
1003379	1076	7A1	2.485	TGCAAT
1003379	1090	7A1	1.306	TGCAAT
1003387	99	7m8	1.505	GTGCAA
1003387	664	7A1	1.632	TGCAAT
1003387	685	7m8	2.553	GTGCAA
1003417	231	6m	1.084	TGCAAT
1003424	1383	8m	3.865	GTGCAA
1003436	74	6m	2.301	TGCAAT
1003460	133	6m	2.090	TGCAAT
1003552	165	o6	1.077	GTGCAA
1003570	805	6m	1.191	TGCAAT
1003576	459	6m	1.602	TGCAAT
1003576	977	6m	1.227	TGCAAT
1003589	368	6m	1.962	TGCAAT
1003589	744	6m	2.351	TGCAAT
1003589	1177	6m	1.878	TGCAAT
1003589	1374	7m8	2.124	GTGCAA
1003615	253	7A1	1.632	TGCAAT
1003615	757	7m8	2.246	GTGCAA
1003640	43	o6	1.421	GTGCAA
1003660	1590	o6	1.566	GTGCAA
1003664	92	o6	2.073	GTGCAA
1003776	300	6m	1.053	TGCAAT
1003797	186	6m	1.012	TGCAAT
1003806	23	7A1	1.280	TGCAAT
1003815	194	7m8	1.105	GTGCAA
1003881	209	6m	1.363	TGCAAT
1003975	351	o6	1.857	GTGCAA
1003975	851	6m	1.040	TGCAAT
1003996	310	7A1	2.070	TGCAAT
1003999	1639	7A1	2.664	TGCAAT
1004035	400	6m	1.598	TGCAAT
1004088	294	6m	1.647	TGCAAT
1004092	52	7A1	2.259	TGCAAT
1004127	62	7A1	1.359	TGCAAT
1004130	474	o6	1.434	GTGCAA
1004145	129	7m8	2.104	GTGCAA
1004206	22	8m	1.575	GTGCAA
1004251	319	6m	1.140	TGCAAT
1004358	168	8m	2.533	GTGCAA
1004365	0	6m	1.019	TGCAAT
1004406	508	o6	1.945	GTGCAA
1004482	204	6m	2.598	TGCAAT
1004657	517	8m	1.529	GTGCAA
1004724	799	6m	1.713	TGCAAT
1004850	292	6m	1.168	TGCAAT
1004868	82	7A1	1.312	TGCAAT
1004948	586	6m	2.608	TGCAAT
1004958	58	7m8	1.456	GTGCAA
1004966	517	6m	1.747	TGCAAT
1005049	1473	6m	1.444	TGCAAT
1005130	1115	7A1	1.931	TGCAAT
1005150	224	o6	3.449	GTGCAA
1005150	607	o6	2.858	GTGCAA
1005150	623	o6	2.776	GTGCAA
1005259	245	o6	2.001	GTGCAA
1005335	585	7A1	3.269	TGCAAT
1005335	1352	6m	3.988	TGCAAT
1005349	1027	6m	2.065	TGCAAT
1005349	1804	6m	1.708	TGCAAT
1005352	979	6m	1.973	TGCAAT
1005352	1637	6m	2.367	TGCAAT
1005358	1506	o6	1.603	GTGCAA
1005358	2168	6m	2.321	TGCAAT
1005407	440	6m	1.039	TGCAAT
1005438	151	o6	1.846	GTGCAA
1005449	225	7A1	2.870	TGCAAT
1005470	475	o6	2.014	GTGCAA
1005470	782	o6	1.629	GTGCAA
1005496	154	6m	2.344	TGCAAT
1005496	518	6m	2.344	TGCAAT
1005507	430	7A1	2.342	TGCAAT
1005520	75	o6	2.153	GTGCAA
1005550	50	8m	2.215	GTGCAA
1005557	812	7m8	1.099	GTGCAA
1005557	1045	7m8	1.405	TGCAAT
1005565	606	8m	2.904	GTGCAA
1005607	842	6m	1.284	TGCAAT
1005607	1433	7m8	1.562	GTGCAA
1005646	1668	7A1	3.132	TGCAAT
1005646	3371	7A1	1.898	TGCAAT
1005646	5369	8m	3.649	GTGCAA
1005674	364	6m	2.704	TGCAAT
1005701	255	o6	1.205	GTGCAA
1005709	353	o6	1.290	GTGCAA
1005898	282	7A1	2.803	TGCAAT
1005919	282	o6	1.654	GTGCAA
1005951	156	7m8	1.186	GTGCAA
1005966	251	o6	1.815	GTGCAA
1005966	260	6m	1.449	TGCAAT
1005978	157	6m	3.347	TGCAAT
1006032	323	o6	3.398	GTGCAA
1006066	141	6m	1.606	TGCAAT
1006066	1171	o6	2.103	GTGCAA
1006066	1203	o6	1.600	GTGCAA
1006107	106	o6	2.544	GTGCAA
1006137	266	7m8	4.116	TGCAAT
1006137	274	7m8	4.116	TGCAAT
1006137	280	6m	4.116	TGCAAT
1006137	326	6m	3.408	TGCAAT
1006158	223	o6	1.818	GTGCAA
1006173	109	7m8	2.265	GTGCAA
1006524	34	7m8	4.431	GTGCAA
1006548	1182	7A1	2.218	TGCAAT
1006587	721	6m	2.370	TGCAAT
1006602	89	7A1	1.156	TGCAAT
1006636	54	7A1	2.025	TGCAAT
1006692	805	7m8	1.737	TGCAAT
1006698	33	7m8	1.514	GTGCAA
1006708	1034	o6	1.690	GTGCAA
1006708	2666	o6	1.570	GTGCAA
1006719	1489	o6	2.616	GTGCAA
1006726	930	o6	1.274	GTGCAA
1006731	55	7m8	2.313	GTGCAA
1006761	300	6m	2.531	TGCAAT
1006800	9	7m8	3.810	GTGCAA
1006800	359	o6	3.526	GTGCAA
1006814	533	6m	2.061	TGCAAT
1006815	356	o6	2.150	GTGCAA
1006815	1200	7A1	2.064	TGCAAT
1006842	275	6m	1.053	TGCAAT
1006920	571	6m	1.959	TGCAAT
1006934	213	7m8	2.206	GTGCAA
1006940	455	6m	1.995	TGCAAT
1007017	909	7A1	2.694	TGCAAT
1007017	1676	6m	3.404	TGCAAT
1007034	1545	8m	2.214	GTGCAA
1007046	194	8m	2.654	GTGCAA
1007106	423	6m	4.317	TGCAAT
1007118	622	7m8	2.013	GTGCAA
1007118	1813	7A1	1.773	TGCAAT
1007128	40	6m	2.086	TGCAAT
1007148	1227	8m	2.985	GTGCAA
1007164	8	6m	1.142	TGCAAT
1007206	1127	6m	2.549	TGCAAT
1007207	108	6m	1.322	TGCAAT
1007207	841	8m	2.350	GTGCAA
1007227	175	6m	1.730	TGCAAT
1007251	24	7m8	1.617	GTGCAA
1007251	1278	7A1	1.690	TGCAAT
1007252	467	6m	2.377	TGCAAT
1007283	875	7A1	1.789	TGCAAT
1007314	382	o6	1.969	GTGCAA
1007314	689	6m	1.344	TGCAAT
1007314	838	7A1	2.344	TGCAAT
1007314	847	7A1	2.344	TGCAAT
1007364	135	o6	2.483	GTGCAA
1007364	3824	o6	2.918	GTGCAA
1007410	171	o6	1.641	GTGCAA
1007475	303	6m	3.340	TGCAAT
1007490	513	o6	2.350	GTGCAA
1007494	959	o6	1.903	GTGCAA
1007514	267	6m	1.690	TGCAAT
1007521	1597	8m	2.981	GTGCAA
1007521	3446	6m	1.193	TGCAAT
1007530	1119	6m	1.623	TGCAAT
1007576	220	7A1	1.646	TGCAAT
1007584	1493	8m	2.215	GTGCAA
1007614	281	o6	1.213	GTGCAA
1007629	596	6m	1.260	TGCAAT
1007629	1187	8m	2.132	GTGCAA
1007637	1084	7m8	1.061	GTGCAA
1007698	2140	6m	1.933	TGCAAT
1007710	844	7A1	1.221	TGCAAT
1007731	1094	7m8	1.392	GTGCAA
1007779	213	7A1	1.195	TGCAAT
1007797	147	o6	1.279	GTGCAA
1007807	285	6m	3.636	TGCAAT
1007812	1355	7m8	1.878	GTGCAA
1007812	1385	o6	2.082	GTGCAA
1007812	1451	7A1	1.155	TGCAAT
1007812	2015	6m	3.197	TGCAAT
1007812	4345	o6	2.388	GTGCAA
1007812	5473	o6	1.375	GTGCAA
1007812	6911	7m8	2.220	GTGCAA
1007840	48	7A1	2.591	TGCAAT
1007851	608	7m8	2.660	TGCAAT
1007861	676	7A1	1.053	TGCAAT
1007875	2757	7m8	2.161	GTGCAA
1007878	1250	6m	1.084	TGCAAT
1007891	561	o6	2.516	GTGCAA
1007897	801	6m	2.020	TGCAAT
1007897	989	7A1	1.316	TGCAAT
1007903	1247	o6	2.266	GTGCAA
1007903	1292	6m	1.979	TGCAAT
1007903	1557	7m8	2.343	GTGCAA
1007903	3649	6m	2.272	TGCAAT
1007909	118	7A1	2.449	TGCAAT
1007909	176	7A1	1.870	TGCAAT
1007915	48	8m	2.502	GTGCAA
1007920	462	6m	1.448	TGCAAT
1007932	1874	o6	1.321	GTGCAA
1007932	1963	o6	1.987	GTGCAA
1007950	795	6m	2.214	TGCAAT
1007950	1763	6m	1.047	TGCAAT
1007956	137	6m	1.952	TGCAAT
1007969	535	6m	2.174	TGCAAT
1007989	26	7A1	1.405	TGCAAT
1007993	105	8m	2.889	GTGCAA
1007997	1230	7m8	2.464	GTGCAA
1007997	1555	7m8	2.067	TGCAAT
1008018	28	6m	1.976	TGCAAT
1008019	517	6m	1.740	TGCAAT
1008072	258	7m8	2.781	GTGCAA
1008105	369	8m	1.388	TGCAAT
1008108	40	6m	1.163	TGCAAT
1008114	980	7A1	3.411	TGCAAT
1008114	1141	6m	1.545	TGCAAT
1008120	24	o6	1.170	GTGCAA
1008123	389	6m	1.313	TGCAAT
1008129	323	7A1	1.187	TGCAAT
1008135	39	8m	2.017	TGCAAT
1008135	105	8m	2.914	GTGCAA
1008135	140	7m8	2.914	GTGCAA
1008135	291	7m8	1.598	GTGCAA
1008135	374	7m8	2.914	GTGCAA
1008145	1948	7m8	2.026	GTGCAA
1008145	1995	6m	1.725	TGCAAT
1008145	3542	6m	1.322	TGCAAT
1008145	5560	8m	2.054	GTGCAA
1008145	5655	6m	2.148	TGCAAT
1008145	6659	o6	2.220	GTGCAA
1008145	10302	7m8	1.725	GTGCAA
1008145	11440	o6	1.689	GTGCAA
1008150	626	o6	3.198	GTGCAA
1008151	37	6m	2.276	TGCAAT
1008151	147	o6	2.025	GTGCAA
1008151	267	o6	1.084	GTGCAA
1008174	572	6m	1.407	TGCAAT
1008175	30	8m	2.302	GTGCAA
1008205	191	o6	2.313	GTGCAA
1008213	1748	7m8	1.695	TGCAAT
1008226	17	7A1	1.222	TGCAAT
1008279	1134	6m	1.393	TGCAAT
1008279	1293	o6	1.456	GTGCAA
1008279	1874	7A1	1.990	TGCAAT
1008300	277	7m8	2.840	GTGCAA
1008304	378	o6	2.350	GTGCAA
1008307	818	6m	2.801	TGCAAT
1008343	54	6m	1.727	TGCAAT
1008346	734	6m	1.606	TGCAAT
1008372	30	6m	1.223	TGCAAT
1008372	112	o6	2.536	GTGCAA
1008409	1442	7A1	1.016	TGCAAT
1008409	1556	7A1	1.731	TGCAAT
1008412	259	7m8	1.325	TGCAAT
1008420	343	o6	2.544	GTGCAA
1008460	119	6m	1.864	TGCAAT
1008465	274	6m	1.284	TGCAAT
1008477	293	6m	2.058	TGCAAT
1008510	1337	7A1	2.183	TGCAAT
1008528	26	8m	2.794	GTGCAA
1008528	549	7m8	2.622	GTGCAA
1008560	591	6m	1.220	TGCAAT
1008606	928	7A1	1.053	TGCAAT
1008642	188	8m	1.818	GTGCAA
1008647	656	7m8	1.129	GTGCAA
1008666	201	7A1	1.011	TGCAAT
1008666	1350	6m	1.171	TGCAAT
1008666	2523	6m	1.606	TGCAAT
1008671	90	6m	1.322	TGCAAT
1008699	33	7m8	2.446	GTGCAA
1008702	42	6m	2.413	TGCAAT
1008716	176	7m8	1.510	GTGCAA
1008755	1171	6m	1.247	TGCAAT
1008780	425	o6	2.470	GTGCAA
1008789	681	6m	1.979	TGCAAT
1008846	283	7A1	2.054	TGCAAT
1008846	576	7A1	2.372	TGCAAT
1008852	949	7m8	1.931	TGCAAT
1008855	645	7A1	2.005	TGCAAT
1008882	410	o6	1.283	GTGCAA
1008893	149	o6	1.053	GTGCAA
1008897	1021	6m	1.203	TGCAAT
1008903	1480	o6	2.834	GTGCAA
1008903	1555	o6	1.084	GTGCAA
1008933	161	6m	2.930	TGCAAT
1008933	171	7A1	2.930	TGCAAT
1008933	741	7A1	2.333	TGCAAT
1008957	563	o6	1.882	GTGCAA
1008974	94	o6	1.068	GTGCAA
1008995	206	o6	2.372	GTGCAA
1009026	646	7m8	3.327	GTGCAA
1009026	1056	7A1	1.928	TGCAAT
1009026	1494	7A1	1.062	TGCAAT
1009037	2337	6m	1.632	TGCAAT
1009068	772	6m	1.040	TGCAAT
1009074	584	6m	1.226	TGCAAT
1009083	305	7A1	2.758	TGCAAT
1009090	40	o6	1.535	GTGCAA
1009101	471	7A1	2.544	TGCAAT
1009153	42	6m	1.606	TGCAAT
1009188	15	7m8	2.178	GTGCAA
1009199	35	7m8	1.053	TGCAAT
1009297	211	8m	1.009	GTGCAA
1009321	199	6m	2.991	TGCAAT
1009348	1037	7m8	2.378	GTGCAA
1009355	198	6m	1.533	TGCAAT
1009355	227	7A1	1.296	TGCAAT
1009369	2567	6m	3.232	TGCAAT
1009369	3361	6m	1.103	TGCAAT
1009411	375	6m	1.686	TGCAAT
1009439	123	6m	1.333	TGCAAT
1009448	203	o6	1.703	GTGCAA
1009448	1518	6m	3.005	TGCAAT
1009464	365	o6	1.304	GTGCAA
1009479	119	6m	1.322	TGCAAT
1009479	534	7A1	1.687	TGCAAT
1009517	248	7A1	2.496	TGCAAT
1009617	737	o6	1.386	GTGCAA
1009632	297	o6	1.053	GTGCAA
1009664	60	6m	1.787	TGCAAT
1009665	333	o6	1.322	GTGCAA
1009665	452	7A1	2.220	TGCAAT
1009781	879	7A1	2.215	TGCAAT
1009799	334	o6	1.148	GTGCAA
1009799	631	7A1	2.056	TGCAAT
1009873	205	7m8	2.497	GTGCAA
1009902	11	6m	1.284	TGCAAT
1010011	357	o6	2.020	GTGCAA
1010050	227	7m8	3.101	TGCAAT
1010054	220	o6	1.209	GTGCAA
1010054	1124	o6	2.211	GTGCAA
1010064	548	6m	1.257	TGCAAT
1010145	89	7m8	2.305	GTGCAA
1010160	552	6m	1.237	TGCAAT
1010168	799	6m	1.196	TGCAAT
1010201	329	7A1	1.285	TGCAAT
1010211	87	6m	1.162	TGCAAT
1010232	1760	o6	3.034	GTGCAA
1010232	2604	6m	1.084	TGCAAT
1010232	3425	o6	1.849	GTGCAA
1010238	1387	o6	3.034	GTGCAA
1010238	2231	6m	1.084	TGCAAT
1010238	3052	o6	1.849	GTGCAA
1010244	84	6m	1.529	TGCAAT
1010250	1717	6m	1.912	TGCAAT
1010265	44	7A1	1.186	TGCAAT
1010287	778	o6	2.362	GTGCAA
1010299	27	7m8	2.011	GTGCAA
1010326	420	7A1	1.288	TGCAAT
1010340	97	7A1	1.875	TGCAAT
1010398	4	6m	1.749	TGCAAT
1010401	1608	o6	1.082	GTGCAA
1010401	3979	6m	2.020	TGCAAT
1010401	4167	7A1	1.316	TGCAAT
1010412	503	6m	4.561	TGCAAT
1010451	3	7A1	2.862	TGCAAT
1010456	112	o6	2.544	GTGCAA
1010462	174	6m	1.447	TGCAAT
1010483	816	o6	2.788	GTGCAA
1010511	110	7m8	2.046	GTGCAA
1010533	1429	o6	1.009	GTGCAA
1010545	87	o6	2.854	GTGCAA
1010562	67	8m	1.178	GTGCAA
1010596	146	o6	1.037	GTGCAA
1010602	106	7A1	1.354	TGCAAT
1010602	507	6m	2.365	TGCAAT
1010607	91	7A1	2.031	TGCAAT
1010608	142	7A1	2.247	TGCAAT
1010608	159	6m	1.315	TGCAAT
1010608	321	7A1	2.442	TGCAAT
1010645	386	6m	1.181	TGCAAT
1010649	47	o6	1.448	GTGCAA
1010649	543	6m	1.391	TGCAAT
1010649	1059	7A1	1.690	TGCAAT
1010649	1091	6m	1.443	TGCAAT
1010652	502	6m	1.084	TGCAAT
1010697	219	7m8	1.007	TGCAAT
1010698	241	6m	2.142	TGCAAT
1010707	298	o6	1.014	GTGCAA
1010715	100	7m8	2.074	GTGCAA
1010748	1425	6m	2.035	TGCAAT
1010748	1532	8m	1.190	TGCAAT
1010749	190	7A1	1.974	TGCAAT
1010846	562	6m	1.319	TGCAAT
1010846	795	6m	2.598	TGCAAT
1010862	822	o6	3.936	GTGCAA
1010938	158	o6	1.242	GTGCAA
1010971	233	7A1	1.388	TGCAAT
1010974	446	o6	1.504	GTGCAA
1010974	838	6m	2.447	TGCAAT
1011042	448	o6	1.870	GTGCAA
1011060	82	7m8	2.539	GTGCAA
1011095	24	7m8	3.102	GTGCAA
1011095	83	o6	2.103	GTGCAA
1011095	644	8m	2.031	TGCAAT
1011095	690	8m	2.854	TGCAAT
1011107	893	7A1	1.491	TGCAAT
1011117	54	o6	2.403	GTGCAA
1011117	371	7A1	2.484	TGCAAT
1011173	284	8m	3.318	TGCAAT
1011182	93	7A1	1.099	TGCAAT
1011195	246	7A1	1.807	TGCAAT
1011233	285	o6	1.396	GTGCAA
1011237	175	7A1	1.040	TGCAAT
1011245	1071	7A1	1.485	TGCAAT
1011251	100	o6	1.016	GTGCAA
1011277	100	7A1	2.544	TGCAAT
1011277	1152	6m	2.132	TGCAAT
1011327	624	7m8	2.610	GTGCAA
1011354	292	8m	2.943	GTGCAA
1011369	373	7A1	1.934	TGCAAT
1011369	898	7A1	1.077	TGCAAT
1011394	77	6m	2.834	TGCAAT
1011403	183	o6	1.362	GTGCAA
1011416	70	6m	1.437	TGCAAT
1011425	995	6m	2.981	TGCAAT
1011430	1367	o6	2.937	GTGCAA
1011449	97	7m8	2.341	GTGCAA
1011491	171	o6	1.682	GTGCAA
1011491	1864	6m	1.326	TGCAAT
1011564	172	7A1	1.297	TGCAAT
1011629	31	8m	2.425	GTGCAA
1011637	1430	7m8	1.298	GTGCAA
1011695	137	6m	1.647	TGCAAT
1011742	1804	6m	1.089	TGCAAT
1011743	430	o6	1.573	GTGCAA
1011790	31	8m	1.053	GTGCAA
1011842	506	o6	1.031	GTGCAA
1011860	-1	6m	1.434	TGCAAT
1011897	822	o6	1.292	GTGCAA
1011897	1022	o6	1.456	GTGCAA
1011902	421	6m	1.120	TGCAAT
1011936	165	6m	3.238	TGCAAT
1011936	232	6m	3.238	TGCAAT
1011936	665	7m8	2.610	GTGCAA
1011982	91	7A1	2.878	TGCAAT
1012002	614	o6	1.260	GTGCAA
1012045	488	6m	1.878	TGCAAT
1012084	103	7m8	1.216	TGCAAT
1012098	63	7A1	1.398	TGCAAT
1012099	240	6m	1.976	TGCAAT
1012122	828	o6	1.322	GTGCAA
1012122	846	6m	1.955	TGCAAT
1012151	31	7A1	2.233	TGCAAT
1012169	651	6m	1.120	TGCAAT
1012169	679	7m8	2.254	GTGCAA
1012271	324	o6	1.711	GTGCAA
1012293	79	6m	1.485	TGCAAT
1012304	696	6m	1.328	TGCAAT
1012326	40	o6	2.013	GTGCAA
1012383	62	7A1	1.574	TGCAAT
1012413	445	o6	2.437	GTGCAA
1012425	352	o6	1.245	GTGCAA
1012425	410	o6	1.156	GTGCAA
1012430	939	6m	2.533	TGCAAT
1012491	9	o6	1.053	GTGCAA
1012557	43	o6	1.262	GTGCAA
1012599	99	6m	2.790	TGCAAT
1012666	393	o6	2.214	GTGCAA
1012695	5	7m8	1.525	GTGCAA
1012718	245	o6	2.864	GTGCAA
1012743	552	6m	2.454	TGCAAT
1012760	499	6m	1.779	TGCAAT
1012776	274	6m	1.278	TGCAAT
1012776	1603	7A1	2.427	TGCAAT
1012839	480	o6	1.703	GTGCAA
1012879	75	6m	2.025	TGCAAT
1012896	546	o6	3.191	GTGCAA
1012912	426	8m	2.807	GTGCAA
1012977	409	6m	3.591	TGCAAT
1012996	361	7m8	2.668	GTGCAA
1013035	210	7A1	2.278	TGCAAT
1013073	455	o6	2.150	GTGCAA
1013073	1572	o6	2.561	GTGCAA
1013073	1691	6m	1.497	TGCAAT
1013108	463	7m8	3.221	TGCAAT
1013177	200	6m	1.381	TGCAAT
1013192	40	7A1	1.707	TGCAAT
1013193	133	6m	2.097	TGCAAT
1013237	84	o6	1.047	GTGCAA
1013279	95	6m	2.544	TGCAAT
1013303	77	6m	1.282	TGCAAT
1013312	811	o6	2.073	GTGCAA
1013312	1134	7m8	2.533	TGCAAT
1013312	1659	7A1	2.073	TGCAAT
1013327	966	o6	2.507	GTGCAA
1013386	92	8m	1.584	GTGCAA
1013386	112	6m	1.670	TGCAAT
1013413	756	o6	1.623	GTGCAA
1013426	575	6m	1.448	TGCAAT
1013461	239	o6	2.085	GTGCAA
1013514	62	7m8	1.989	GTGCAA
1013541	656	6m	2.186	TGCAAT
1013541	1113	6m	1.936	TGCAAT
1013573	318	7A1	2.204	TGCAAT
1013573	1814	6m	2.433	TGCAAT
1013584	225	7A1	1.073	TGCAAT
1013591	711	o6	2.648	GTGCAA
1013591	4464	o6	1.775	GTGCAA
1013608	694	7A1	1.758	TGCAAT
1013670	642	6m	2.013	TGCAAT
1013676	706	6m	1.423	TGCAAT
1013687	205	7A1	1.278	TGCAAT
1013687	863	7A1	1.606	TGCAAT
1013771	207	o6	1.322	GTGCAA
1013772	58	6m	1.948	TGCAAT
1013799	165	6m	1.082	TGCAAT
1013872	623	o6	1.202	GTGCAA
1013885	1616	6m	2.512	TGCAAT
1013885	1882	7A1	2.226	TGCAAT
1013902	230	6m	1.312	TGCAAT
1013902	728	o6	1.962	GTGCAA
1013954	111	6m	1.284	TGCAAT
1013968	82	7A1	3.034	TGCAAT
1014009	476	6m	3.371	TGCAAT
1014014	597	o6	2.533	GTGCAA
1014146	217	o6	1.137	GTGCAA
1014152	26	6m	1.386	TGCAAT
1014174	769	6m	1.467	TGCAAT
1014244	283	6m	1.202	TGCAAT
1014244	318	8m	1.499	GTGCAA
1014276	51	o6	1.825	GTGCAA
1014295	236	7m8	1.585	GTGCAA
1014295	712	o6	2.807	GTGCAA
1014295	1908	o6	1.575	GTGCAA
1014295	2463	6m	1.106	TGCAAT
1014300	215	7A1	1.469	TGCAAT
1014334	203	7A1	1.975	TGCAAT
1014358	148	8m	2.443	GTGCAA
1014358	1421	o6	1.166	GTGCAA
1014403	1091	6m	2.168	TGCAAT
1014418	1974	6m	1.533	TGCAAT
1014418	2424	o6	2.025	GTGCAA
1014473	2211	o6	1.606	GTGCAA
1014473	2470	7A1	2.863	TGCAAT
1014480	373	o6	1.113	GTGCAA
1014480	2601	o6	1.257	GTGCAA
1014587	69	8m	1.806	TGCAAT
1014588	1114	o6	1.113	GTGCAA
1014655	717	7m8	1.761	TGCAAT
1014697	1363	6m	1.906	TGCAAT
1014711	99	o6	2.807	GTGCAA
1014740	212	6m	1.638	TGCAAT
1014758	105	8m	2.214	TGCAAT
1014788	123	7A1	2.375	TGCAAT
1014819	271	8m	4.096	GTGCAA
1014856	2058	o6	1.094	GTGCAA
1014859	1098	o6	1.017	GTGCAA
1014877	413	7m8	1.146	TGCAAT
1014877	909	8m	1.494	GTGCAA
1014892	922	7m8	2.981	TGCAAT
1014898	1738	6m	3.034	TGCAAT
1014904	2420	o6	1.599	GTGCAA
1014966	251	6m	2.559	TGCAAT
1014981	735	o6	1.456	GTGCAA
1014988	910	8m	1.278	TGCAAT
1014988	935	7A1	1.259	TGCAAT
1014988	4866	7m8	2.408	TGCAAT
1014988	5300	6m	1.574	TGCAAT
1014988	6567	6m	1.114	TGCAAT
1015021	480	7m8	1.936	GTGCAA
1015041	702	o6	2.566	GTGCAA
1015041	1944	6m	1.737	TGCAAT
1015041	3021	7m8	1.581	TGCAAT
1015041	3150	6m	1.991	TGCAAT
1015047	1306	7A1	2.220	TGCAAT
1015062	532	6m	2.993	TGCAAT
1015067	124	6m	1.325	TGCAAT
1015073	402	o6	1.726	GTGCAA
1015073	865	7A1	2.132	TGCAAT
1015085	1424	o6	1.045	GTGCAA
1015085	1734	6m	2.544	TGCAAT
1015085	1805	7A1	2.544	TGCAAT
1015091	273	6m	1.147	TGCAAT
1015091	1106	7m8	1.051	TGCAAT
1015095	456	7A1	2.149	TGCAAT
1015145	975	6m	2.300	TGCAAT
1015162	149	7A1	3.034	TGCAAT
1015195	593	6m	1.459	TGCAAT
1015228	1801	6m	1.529	TGCAAT
1015228	2058	o6	2.651	GTGCAA
1015250	170	o6	1.962	GTGCAA
1015320	12	6m	1.316	TGCAAT
1015388	551	o6	1.977	GTGCAA
1015402	451	7A1	2.533	TGCAAT
1015421	103	o6	2.238	GTGCAA
1015421	137	6m	3.055	TGCAAT
1015441	326	o6	2.077	GTGCAA
1015444	539	7m8	2.019	GTGCAA
1015493	287	7A1	1.086	TGCAAT
1015493	1102	7m8	1.606	GTGCAA
1015504	490	o6	1.147	GTGCAA
1015526	2789	o6	1.082	GTGCAA
1015552	882	6m	1.687	TGCAAT
1015552	1386	o6	2.350	GTGCAA
1015555	1189	o6	1.567	GTGCAA
1015555	4265	6m	1.513	TGCAAT
1015575	9	6m	1.456	TGCAAT
1015622	56	7A1	1.147	TGCAAT
1015653	634	o6	1.647	GTGCAA
1015676	1651	7A1	2.544	TGCAAT
1015679	419	6m	2.441	TGCAAT
1015690	1065	o6	1.980	GTGCAA
1015709	152	7m8	2.025	GTGCAA
1015714	336	o6	1.599	GTGCAA
1015722	1028	o6	2.212	GTGCAA
1015725	222	6m	2.544	TGCAAT
1015736	34	7A1	1.393	TGCAAT
1015774	681	8m	2.538	GTGCAA
1015784	378	o6	1.349	GTGCAA
1015784	1191	o6	1.820	GTGCAA
1015796	917	o6	1.246	GTGCAA
1015823	603	7m8	1.042	GTGCAA
1015891	341	7A1	1.679	TGCAAT
1015919	426	6m	1.310	TGCAAT
1015928	375	6m	2.981	TGCAAT
1015931	26	8m	2.639	GTGCAA
1015936	67	7m8	1.517	GTGCAA
1015936	204	6m	1.517	TGCAAT
1015940	526	7m8	3.171	TGCAAT
1015940	1918	o6	2.508	GTGCAA
1015972	304	6m	2.030	TGCAAT
1015972	854	7m8	1.563	GTGCAA
1015972	934	6m	2.155	TGCAAT
1015972	1664	6m	2.390	TGCAAT
1015973	129	6m	2.015	TGCAAT
1015984	11	7A1	2.537	TGCAAT
1016016	1961	7A1	3.303	TGCAAT
1016016	2104	6m	2.301	TGCAAT
1016020	106	o6	1.053	GTGCAA
1016026	218	o6	2.183	GTGCAA
1016026	3310	o6	1.322	GTGCAA
1016026	3429	7A1	2.220	TGCAAT
1016029	1284	6m	1.533	TGCAAT
1016029	1734	o6	2.025	GTGCAA
1016067	610	o6	2.056	GTGCAA
1016073	271	6m	1.012	TGCAAT
1016109	97	o6	1.595	GTGCAA
1016130	255	6m	1.526	TGCAAT
1016158	115	6m	1.053	TGCAAT
1016176	1335	7m8	2.026	GTGCAA
1016179	169	6m	2.017	TGCAAT
1016191	525	7A1	3.034	TGCAAT
1016200	974	o6	1.322	GTGCAA
1016209	209	6m	2.017	TGCAAT
1016292	57	7A1	1.909	TGCAAT
1016298	257	7A1	2.026	TGCAAT
1016347	681	o6	1.961	GTGCAA
1016356	209	o6	1.120	GTGCAA
1016368	748	7A1	2.329	TGCAAT
1016377	35	7m8	1.779	GTGCAA
1016398	393	o6	1.982	GTGCAA
1016398	777	o6	2.341	GTGCAA
1016398	2348	6m	2.341	TGCAAT
1016398	2731	o6	1.863	GTGCAA
1016401	752	6m	1.936	TGCAAT
1016422	1054	7A1	2.148	TGCAAT
1016431	98	o6	1.350	GTGCAA
1016449	1194	7m8	1.672	GTGCAA
1016449	2121	o6	1.047	GTGCAA
1016449	2924	6m	1.150	TGCAAT
1016449	4583	7A1	2.214	TGCAAT
1016464	197	8m	2.105	GTGCAA
1016469	354	7m8	2.617	GTGCAA
1016475	1317	7m8	2.778	GTGCAA
1016475	1556	7m8	2.391	GTGCAA
1016475	1640	7m8	2.391	GTGCAA
1016475	1898	7m8	3.424	TGCAAT
1016500	1114	7A1	1.967	TGCAAT
1016521	654	7m8	1.053	GTGCAA
1016565	31	o6	2.025	GTGCAA
1016565	1713	o6	1.543	GTGCAA
1016566	1817	o6	2.981	GTGCAA
1016571	2371	o6	1.134	GTGCAA
1016571	2535	6m	1.036	TGCAAT
1016574	939	6m	2.094	TGCAAT
1016574	2035	o6	2.094	GTGCAA
1016574	3499	6m	1.298	TGCAAT
1016581	212	o6	1.901	GTGCAA
1016605	99	o6	2.206	GTGCAA
1016605	917	6m	1.679	TGCAAT
1016605	1322	6m	1.210	TGCAAT
1016608	382	8m	2.166	GTGCAA
1016613	587	7m8	1.655	GTGCAA
1016620	2373	7A1	1.746	TGCAAT
1016640	102	7A1	1.868	TGCAAT
1016644	571	6m	2.178	TGCAAT
1016652	284	7m8	1.936	GTGCAA
1016652	569	8m	1.322	GTGCAA
1016691	943	6m	1.420	TGCAAT
1016695	444	6m	2.683	TGCAAT
1016698	1267	7A1	2.073	TGCAAT
1016698	2953	6m	1.603	TGCAAT
1016701	1333	7A1	2.176	TGCAAT
1016713	2597	o6	2.523	GTGCAA
1016713	3988	7A1	2.433	TGCAAT
1016713	4261	o6	2.187	GTGCAA
1016713	4468	o6	2.807	GTGCAA
1016749	236	6m	2.086	TGCAAT
1016787	1588	7A1	1.882	TGCAAT
1016820	879	o6	2.536	GTGCAA
1016832	371	o6	1.687	GTGCAA
1016848	2096	7A1	3.591	TGCAAT
1016860	899	6m	1.322	TGCAAT
1016860	1027	o6	1.891	GTGCAA
1016865	339	7m8	3.034	GTGCAA
1016865	407	6m	2.178	TGCAAT
1016922	708	6m	3.132	TGCAAT
1016942	6	6m	1.980	TGCAAT
1016948	39	o6	1.523	GTGCAA
1016951	101	o6	2.781	GTGCAA
1016951	175	7A1	3.519	TGCAAT
1016971	1575	o6	2.265	GTGCAA
1016971	3195	o6	2.409	GTGCAA
1016985	53	8m	2.863	GTGCAA
1016985	147	o6	2.375	GTGCAA
1017012	579	6m	1.244	TGCAAT
1017018	1593	7A1	2.243	TGCAAT
1017036	47	o6	2.460	GTGCAA
1017042	26	7m8	2.807	GTGCAA
1017046	602	o6	1.436	GTGCAA
1017082	168	o6	1.709	GTGCAA
1017160	19	o6	1.282	GTGCAA
1017169	736	6m	1.315	TGCAAT
1017169	1843	7m8	1.125	TGCAAT
1017188	147	7A1	1.669	TGCAAT
1017204	1066	o6	1.981	GTGCAA
1017245	5	6m	1.073	TGCAAT
1017302	51	6m	2.351	TGCAAT
1017302	558	o6	1.382	GTGCAA
1017306	571	6m	2.377	TGCAAT
1017321	4	7A1	1.528	TGCAAT
1017335	259	6m	1.084	TGCAAT
1017336	850	6m	2.341	TGCAAT
1017375	439	7A1	2.480	TGCAAT
1017381	737	6m	1.336	TGCAAT
1017434	295	7A1	3.034	TGCAAT
1017451	370	7A1	1.825	TGCAAT
1017458	345	6m	1.253	TGCAAT
1017478	489	6m	2.799	TGCAAT
1017481	119	6m	1.008	TGCAAT
1017496	385	7m8	1.284	GTGCAA
1017527	73	7m8	2.648	GTGCAA
1017557	613	o6	1.606	GTGCAA
1017614	962	6m	1.399	TGCAAT
1017614	3785	8m	1.896	GTGCAA
1017614	3826	o6	1.114	GTGCAA
1017618	784	8m	2.955	GTGCAA
1017624	92	8m	1.982	GTGCAA
1017624	174	6m	1.690	TGCAAT
1017645	114	6m	1.867	TGCAAT
1017690	447	8m	1.802	TGCAAT
1017767	154	6m	1.183	TGCAAT
1017787	372	7m8	3.034	GTGCAA
1017808	893	o6	2.813	GTGCAA
1017830	1181	7A1	2.807	TGCAAT
1017883	304	o6	1.567	GTGCAA
1017890	406	7m8	2.460	GTGCAA
1017916	172	7m8	3.034	GTGCAA
1017916	191	8m	3.034	GTGCAA
1017919	771	7A1	2.331	TGCAAT
1017945	549	7m8	1.322	GTGCAA
1017967	25	6m	1.481	TGCAAT
1018033	743	o6	2.492	GTGCAA
1018056	102	7A1	2.277	TGCAAT
1018066	143	o6	1.695	GTGCAA
1018120	75	o6	1.260	GTGCAA
1018125	125	6m	2.459	TGCAAT
1018134	2854	6m	1.394	TGCAAT
1018149	197	7m8	2.239	GTGCAA
1018158	35	6m	1.891	TGCAAT
1018243	2462	6m	2.519	TGCAAT
1018243	3264	7A1	2.506	TGCAAT
1018257	866	o6	1.483	GTGCAA
1018262	594	7m8	3.619	TGCAAT
1018284	411	7A1	1.147	TGCAAT
1018344	273	o6	1.322	GTGCAA
1018344	1067	7A1	2.220	TGCAAT
1018353	1129	6m	2.049	TGCAAT
1018361	49	8m	1.854	TGCAAT
1018361	154	7A1	1.775	TGCAAT
1018367	373	7A1	2.292	TGCAAT
1018431	291	7A1	1.322	TGCAAT
1018530	63	8m	2.409	GTGCAA
1018530	1783	7A1	1.882	TGCAAT
1018530	1962	7m8	1.297	GTGCAA
1018530	2002	8m	1.713	GTGCAA
1018530	2915	6m	2.380	TGCAAT
1018530	2951	6m	1.517	TGCAAT
1018566	113	7m8	2.350	GTGCAA
1018590	0	6m	2.151	TGCAAT
1018616	1211	6m	1.712	TGCAAT
1018632	1977	6m	2.914	TGCAAT
1018644	273	6m	1.477	TGCAAT
1018661	1070	o6	1.291	GTGCAA
1018661	1369	7A1	2.544	TGCAAT
1018678	584	o6	1.687	GTGCAA
1018678	656	7m8	1.322	GTGCAA
1018702	777	6m	1.053	TGCAAT
1018703	469	6m	2.275	TGCAAT
1018727	1196	o6	1.999	GTGCAA
1018766	233	o6	1.606	GTGCAA
1018778	164	6m	2.493	TGCAAT
1018784	42	7A1	1.333	TGCAAT
1018825	214	6m	3.034	TGCAAT
1018844	713	6m	1.653	TGCAAT
1018844	764	o6	1.321	GTGCAA
1018867	-1	6m	1.874	TGCAAT
1018884	291	o6	1.420	GTGCAA
1018909	215	o6	1.728	GTGCAA
1018921	557	6m	1.424	TGCAAT
1018932	49	o6	2.310	GTGCAA
1018937	670	7m8	1.308	GTGCAA
1019064	270	7A1	1.283	TGCAAT
1019105	84	7A1	1.392	TGCAAT
1019113	148	6m	1.536	TGCAAT
1019137	172	6m	2.206	TGCAAT
1019147	1466	7A1	1.517	TGCAAT
1019147	1757	o6	1.445	GTGCAA
1019147	3169	o6	1.116	GTGCAA
1019147	3222	7A1	2.561	TGCAAT
1019192	253	6m	1.241	TGCAAT
1019192	937	o6	2.135	GTGCAA
1019198	1157	7A1	1.982	TGCAAT
1019210	385	6m	1.809	TGCAAT
1019219	235	o6	1.284	GTGCAA
1019233	370	6m	2.799	TGCAAT
1019233	407	7A1	1.084	TGCAAT
1019233	554	6m	1.598	TGCAAT
1019233	907	o6	2.799	GTGCAA
1019240	517	7m8	2.433	GTGCAA
1019279	567	o6	2.466	GTGCAA
1019304	187	6m	2.226	TGCAAT
1019311	388	6m	2.105	TGCAAT
1019329	711	6m	1.310	TGCAAT
1019346	146	o6	1.751	GTGCAA
1019346	207	6m	3.075	TGCAAT
1019354	91	6m	1.186	TGCAAT
1019354	1044	7m8	2.064	GTGCAA
1019362	299	o6	1.598	GTGCAA
1019377	587	o6	2.831	GTGCAA
1019405	1312	6m	1.400	TGCAAT
1019474	214	o6	1.029	GTGCAA
1019480	826	o6	1.084	GTGCAA
1019486	909	7A1	2.957	TGCAAT
1019488	183	7m8	1.077	GTGCAA
1019514	3935	6m	2.296	TGCAAT
1019526	21	o6	2.321	GTGCAA
1019534	594	o6	1.990	GTGCAA
1019534	766	6m	1.513	TGCAAT
1019554	414	6m	1.220	TGCAAT
1019564	203	6m	1.295	TGCAAT
1019579	2221	7A1	2.807	TGCAAT
1019579	2947	o6	2.074	GTGCAA
1019713	111	7m8	1.312	GTGCAA
1019728	109	o6	2.750	GTGCAA
1019728	454	7m8	1.373	TGCAAT
1019737	35	7m8	2.544	GTGCAA
1019788	107	7m8	2.073	TGCAAT
1019797	124	o6	1.516	GTGCAA
1019817	41	8m	2.298	TGCAAT
1019847	102	7A1	2.749	TGCAAT
1019854	72	6m	2.841	TGCAAT
1019875	65	6m	1.441	TGCAAT
1019899	539	8m	1.812	GTGCAA
1019928	472	o6	1.644	GTGCAA
1019983	53	6m	1.146	TGCAAT
1020029	752	7A1	1.952	TGCAAT
1020131	186	7A1	2.073	TGCAAT
1020148	81	7A1	1.535	TGCAAT
1020187	266	6m	1.898	TGCAAT
1020214	644	o6	2.273	GTGCAA
1020214	679	7A1	1.747	TGCAAT
1020220	430	o6	1.198	GTGCAA
1020227	126	6m	1.132	TGCAAT
1020253	1836	7A1	1.659	TGCAAT
1020253	2640	7m8	1.539	TGCAAT
1020253	3178	6m	2.840	TGCAAT
1020280	1288	7A1	2.660	TGCAAT
1020280	1772	6m	1.331	TGCAAT
1020297	60	o6	1.292	GTGCAA
1020297	74	6m	1.023	TGCAAT
1020315	60	6m	1.606	TGCAAT
1020319	1273	6m	1.179	TGCAAT
1020375	273	o6	2.810	GTGCAA
1020435	86	6m	3.149	TGCAAT
1020441	272	7A1	2.652	TGCAAT
1020446	152	6m	1.167	TGCAAT
1020495	290	o6	2.047	GTGCAA
1020495	789	o6	1.238	GTGCAA
1020546	106	7A1	1.193	TGCAAT
1020600	162	6m	2.698	TGCAAT
1020601	675	o6	2.660	GTGCAA
1020615	2915	7m8	2.571	TGCAAT
1020636	101	o6	2.502	GTGCAA
1020643	1016	o6	1.053	GTGCAA
1020654	277	8m	2.660	GTGCAA
1020661	1527	o6	2.090	GTGCAA
1020675	385	6m	2.763	TGCAAT
1020686	492	o6	1.021	GTGCAA
1020692	101	6m	2.145	TGCAAT
1020692	402	6m	2.182	TGCAAT
1020697	179	6m	1.082	TGCAAT
1020700	12	6m	4.462	TGCAAT
1020719	286	7m8	2.479	TGCAAT
1020728	437	7A1	2.073	TGCAAT
1020740	696	o6	2.788	GTGCAA
1020740	767	6m	2.990	TGCAAT
1020760	382	o6	1.914	GTGCAA
1020766	831	6m	1.823	TGCAAT
1020771	498	6m	1.369	TGCAAT
1020782	698	7A1	1.319	TGCAAT
1020800	627	6m	3.099	TGCAAT
1020818	101	o6	1.053	GTGCAA
1020818	370	7A1	1.016	TGCAAT
1020835	48	8m	3.729	GTGCAA
1020916	714	6m	4.576	TGCAAT
1020960	66	o6	1.527	GTGCAA
1020992	27	6m	1.639	TGCAAT
1021008	1658	o6	1.320	GTGCAA
1021011	280	7m8	2.799	GTGCAA
1021028	9	6m	1.254	TGCAAT
1021040	139	o6	1.251	GTGCAA
1021087	762	8m	1.264	GTGCAA
1021113	79	o6	2.151	GTGCAA
1021138	101	7A1	2.215	TGCAAT
1021255	247	6m	1.355	TGCAAT
1021255	351	o6	1.122	GTGCAA
1021293	382	7A1	1.562	TGCAAT
1021302	297	o6	1.053	GTGCAA
1021326	165	o6	1.274	GTGCAA
1021378	92	7m8	1.910	TGCAAT
1021424	48	7m8	1.696	GTGCAA
1021458	290	7A1	2.009	TGCAAT
1021488	969	6m	2.415	TGCAAT
1021545	198	o6	2.489	GTGCAA
1021566	706	7m8	3.034	GTGCAA
1021566	2039	o6	1.618	GTGCAA
1021566	2746	7m8	3.001	GTGCAA
1021566	2821	6m	2.723	TGCAAT
1021566	2827	6m	2.723	TGCAAT
1021566	3486	o6	1.405	GTGCAA
1021566	4494	7A1	2.957	TGCAAT
1021681	184	o6	1.826	GTGCAA
1021732	181	7A1	1.201	TGCAAT
1021742	63	7A1	2.326	TGCAAT
1021818	881	7A1	1.672	TGCAAT
1021818	1244	6m	1.692	TGCAAT
1021906	433	7m8	2.617	GTGCAA
1021941	978	o6	2.331	GTGCAA
1021945	131	6m	1.897	TGCAAT
1021972	76	o6	1.859	GTGCAA
1021978	700	o6	2.042	GTGCAA
1022005	126	o6	2.489	GTGCAA
1022005	172	7A1	2.250	TGCAAT
1022005	269	6m	1.027	TGCAAT
1022005	363	o6	2.103	GTGCAA
1022057	1639	6m	1.354	TGCAAT
1022066	1648	7m8	2.201	GTGCAA
1022066	3440	6m	2.213	TGCAAT
1022102	303	7A1	1.521	TGCAAT
1022125	513	6m	3.019	TGCAAT
1022129	1023	6m	1.073	TGCAAT
1022137	442	7m8	2.255	GTGCAA
1022162	83	7m8	2.694	GTGCAA
1022162	129	o6	3.164	GTGCAA
1022173	699	o6	1.200	GTGCAA
1022180	1439	6m	1.298	TGCAAT
1022201	218	6m	3.182	TGCAAT
1022235	1431	7m8	3.358	GTGCAA
1022235	1451	6m	3.358	TGCAAT
1022279	103	6m	1.284	TGCAAT
1022338	3	6m	3.584	TGCAAT
1022383	1497	7A1	2.220	TGCAAT
1022443	720	7A1	1.930	TGCAAT
1022495	852	7m8	2.008	GTGCAA
1022495	3132	7m8	1.709	GTGCAA
1022595	247	o6	1.284	GTGCAA
1022623	34	7m8	1.979	TGCAAT
1022632	225	o6	1.811	GTGCAA
1022675	49	o6	5.341	GTGCAA
1022763	384	7A1	1.405	TGCAAT
1022820	1614	6m	1.560	TGCAAT
1022837	300	6m	1.550	TGCAAT
1022843	262	7A1	2.073	TGCAAT
1022849	350	7A1	1.595	TGCAAT
1022858	174	6m	1.321	TGCAAT
1022932	54	6m	1.705	TGCAAT
1022932	348	6m	2.069	TGCAAT
1022932	2137	6m	1.613	TGCAAT
1022938	883	7A1	2.204	TGCAAT
1022938	1101	6m	2.483	TGCAAT
1022950	233	o6	1.273	GTGCAA
1022985	1163	6m	2.544	TGCAAT
1023004	559	7m8	2.220	GTGCAA
1023015	203	7m8	2.449	GTGCAA
1023027	206	7A1	1.322	TGCAAT
1023053	73	7A1	1.755	TGCAAT
1023088	469	6m	1.285	TGCAAT
1023100	795	8m	2.631	GTGCAA
1023110	412	o6	1.690	GTGCAA
1023139	59	7A1	2.427	TGCAAT
1023139	109	6m	2.425	TGCAAT
1023145	436	8m	2.894	GTGCAA
1023146	73	6m	1.600	TGCAAT
1023151	71	6m	3.725	TGCAAT
1023154	704	o6	1.019	GTGCAA
1023157	94	7m8	2.544	GTGCAA
1023167	537	6m	4.317	TGCAAT
1023167	546	7A1	4.317	TGCAAT
1023173	74	7m8	2.262	GTGCAA
1023187	77	o6	2.264	GTGCAA
1023216	396	6m	2.338	TGCAAT
1023253	640	6m	1.274	TGCAAT
1023289	1064	7A1	1.073	TGCAAT
1023289	1449	6m	1.135	TGCAAT
1023289	2671	6m	2.981	TGCAAT
1023295	98	o6	1.687	GTGCAA
1023320	394	o6	1.248	GTGCAA
1023334	434	6m	2.645	TGCAAT
1023340	362	8m	2.818	GTGCAA
1023362	533	7A1	3.287	TGCAAT
1023378	1793	6m	4.576	TGCAAT
1023381	1304	6m	4.576	TGCAAT
1023387	457	o6	1.099	GTGCAA
1023387	530	6m	1.147	TGCAAT
1023391	1840	6m	1.493	TGCAAT
1023391	1892	o6	1.933	GTGCAA
1023426	135	7m8	2.161	GTGCAA
1023438	83	o6	1.245	GTGCAA
1023438	428	o6	1.109	GTGCAA
1023533	1055	o6	2.206	GTGCAA
1023536	135	6m	2.544	TGCAAT
1023585	413	7A1	1.710	TGCAAT
1023599	2047	7m8	2.802	TGCAAT
1023599	2985	o6	1.687	GTGCAA
1023599	7677	o6	2.350	GTGCAA
1023599	8616	o6	1.436	GTGCAA
1023599	8836	8m	1.914	GTGCAA
1023658	268	6m	4.339	TGCAAT
1023706	1783	6m	2.198	TGCAAT
1023727	68	6m	2.456	TGCAAT
1023774	1078	6m	1.440	TGCAAT
1023774	1102	6m	1.687	TGCAAT
1023783	1156	6m	2.025	TGCAAT
1023784	2862	8m	1.943	GTGCAA
1023790	11	6m	1.051	TGCAAT
1023795	50	8m	2.967	GTGCAA
1023805	314	o6	1.460	GTGCAA
1023805	2023	8m	2.209	GTGCAA
1023805	2128	6m	1.666	TGCAAT
1023805	2929	o6	1.150	GTGCAA
1023805	5546	7A1	1.266	TGCAAT
1023828	237	7A1	1.690	TGCAAT
1023834	214	o6	2.862	GTGCAA
1023846	1612	6m	2.052	TGCAAT
1023847	1251	6m	1.873	TGCAAT
1023853	419	6m	1.577	TGCAAT
1023853	1252	o6	2.606	GTGCAA
1023881	61	o6	1.982	GTGCAA
1023882	1857	6m	1.808	TGCAAT
1023897	402	6m	1.268	TGCAAT
1023955	1811	6m	2.501	TGCAAT
1023965	55	8m	3.232	GTGCAA
1023980	68	o6	3.034	GTGCAA
1024003	109	7A1	2.157	TGCAAT
1024003	1101	7A1	1.053	TGCAAT
1024028	1689	o6	1.627	GTGCAA
1024085	2565	7m8	2.930	GTGCAA
1024093	530	6m	2.007	TGCAAT
1024114	533	7A1	2.267	TGCAAT
1024169	1655	6m	2.326	TGCAAT
1024181	695	o6	2.095	GTGCAA
1024184	245	7m8	2.231	GTGCAA
1024184	728	6m	1.822	TGCAAT
1024228	282	7m8	2.449	GTGCAA
1024279	262	6m	1.349	TGCAAT
1024279	274	6m	1.488	TGCAAT
1024310	242	o6	2.156	GTGCAA
1024334	105	6m	1.048	TGCAAT
1024342	1172	7A1	1.322	TGCAAT
1024346	79	o6	1.042	GTGCAA
1024349	464	o6	1.908	GTGCAA
1024355	215	6m	1.972	TGCAAT
1024372	474	6m	1.207	TGCAAT
1024373	66	7m8	1.515	TGCAAT
1024381	2078	o6	1.053	GTGCAA
1024381	2356	o6	1.514	GTGCAA
1024381	2857	o6	1.053	GTGCAA
1024384	129	6m	1.421	TGCAAT
1024385	417	7m8	2.532	GTGCAA
1024394	375	o6	2.280	GTGCAA
1024403	158	7m8	1.877	GTGCAA
1024406	844	6m	1.146	TGCAAT
1024445	869	7A1	1.053	TGCAAT
1024448	1000	7A1	2.500	TGCAAT
1024448	1912	6m	1.217	TGCAAT
1024465	2751	6m	1.931	TGCAAT
1024465	3379	o6	1.283	GTGCAA
1024489	433	6m	1.919	TGCAAT
1024489	527	7A1	2.010	TGCAAT
1024537	534	7m8	2.449	GTGCAA
1024550	217	6m	1.377	TGCAAT
1024556	719	6m	2.815	TGCAAT
1024559	619	o6	1.592	GTGCAA
1024601	718	6m	1.850	TGCAAT
1024612	2138	6m	2.563	TGCAAT
1024613	278	6m	1.605	TGCAAT
1024613	306	o6	1.166	GTGCAA
1024619	498	6m	2.053	TGCAAT
1024619	4223	6m	1.787	TGCAAT
1024622	116	7A1	2.317	TGCAAT
1024648	533	o6	1.737	GTGCAA
1024648	4194	6m	2.247	TGCAAT
1024648	5099	7A1	2.449	TGCAAT
1024648	5184	6m	1.251	TGCAAT
1024648	6046	7A1	2.449	TGCAAT
1024672	96	6m	1.295	TGCAAT
1024672	505	7A1	1.043	TGCAAT
1024694	76	6m	2.317	TGCAAT
1024709	652	6m	2.013	TGCAAT
1024715	3641	7A1	1.976	TGCAAT
1024715	3741	7A1	2.472	TGCAAT
1024720	295	7m8	1.681	GTGCAA
1024721	1904	6m	2.073	TGCAAT
1024763	97	7A1	2.507	TGCAAT
1024763	289	6m	1.016	TGCAAT
1024763	648	o6	2.183	GTGCAA
1024829	5752	6m	1.448	TGCAAT
1024832	45	6m	1.284	TGCAAT
1024944	512	6m	2.170	TGCAAT
1024953	90	6m	1.937	TGCAAT
1024975	962	o6	1.591	GTGCAA
1024983	84	7A1	1.501	TGCAAT
1025001	575	7A1	1.269	TGCAAT
1025022	1431	6m	1.079	TGCAAT
1025029	751	o6	2.648	GTGCAA
1025029	936	6m	3.001	TGCAAT
1025029	3672	o6	1.529	GTGCAA
1025032	755	7A1	1.322	TGCAAT
1025055	5	o6	1.948	GTGCAA
1025055	292	o6	2.174	GTGCAA
1025132	253	6m	1.563	TGCAAT
1025135	47	7A1	1.973	TGCAAT
1025143	203	o6	1.687	GTGCAA
1025143	269	7A1	1.053	TGCAAT
1025158	9	o6	2.843	GTGCAA
1025167	580	o6	1.120	GTGCAA
1025173	466	7A1	1.411	TGCAAT
1025179	195	6m	1.945	TGCAAT
1025210	366	7m8	2.210	GTGCAA
1025229	123	6m	2.596	TGCAAT
1025229	402	o6	2.400	GTGCAA
1025229	894	7A1	1.924	TGCAAT
1025229	2907	7A1	1.678	TGCAAT
1025229	2916	7A1	1.678	TGCAAT
1025268	669	7m8	1.328	GTGCAA
1025269	370	o6	2.373	GTGCAA
1025272	396	6m	1.689	TGCAAT
1025275	856	6m	1.600	TGCAAT
1025293	84	o6	1.329	GTGCAA
1025293	1552	6m	1.479	TGCAAT
1025298	343	6m	2.225	TGCAAT
1025353	921	o6	3.034	GTGCAA
1025374	494	6m	2.694	TGCAAT
1025391	538	6m	2.728	TGCAAT
1025403	242	6m	1.082	TGCAAT
1025455	1814	6m	1.751	TGCAAT
1025475	658	8m	1.732	GTGCAA
1025491	817	7A1	1.862	TGCAAT
1025491	824	7A1	1.862	TGCAAT
1025511	77	6m	2.526	TGCAAT
1025521	591	6m	1.883	TGCAAT
1025533	160	o6	1.295	GTGCAA
1025562	307	6m	1.945	TGCAAT
1025577	230	6m	2.186	TGCAAT
1025600	52	o6	1.690	GTGCAA
1025608	512	7A1	2.520	TGCAAT
1025614	522	8m	1.284	GTGCAA
1025630	694	o6	2.070	GTGCAA
1025630	1411	6m	2.593	TGCAAT
1025642	52	o6	2.416	GTGCAA
1025642	322	7m8	1.797	GTGCAA
1025651	46	7A1	1.545	TGCAAT
1025690	449	o6	1.853	GTGCAA
1025693	1638	6m	4.499	TGCAAT
1025737	97	6m	1.322	TGCAAT
1025755	795	o6	1.177	GTGCAA
1025776	660	o6	1.931	GTGCAA
1025782	99	6m	1.095	TGCAAT
1025809	250	7A1	1.121	TGCAAT
1025815	504	6m	2.350	TGCAAT
1025862	255	6m	1.966	TGCAAT
1025871	71	7m8	2.741	GTGCAA
1025872	267	7A1	1.579	TGCAAT
1025929	924	7m8	1.949	TGCAAT
1025962	208	6m	1.283	TGCAAT
1026008	106	7A1	1.363	TGCAAT
1026095	389	6m	2.292	TGCAAT
1026104	75	o6	1.322	GTGCAA
1026162	902	7m8	2.847	GTGCAA
1026185	737	6m	2.074	TGCAAT
1026262	551	6m	1.047	TGCAAT
1026262	635	6m	2.467	TGCAAT
1026268	49	8m	2.660	GTGCAA
1026284	517	7A1	4.231	TGCAAT
1026293	229	7A1	2.707	TGCAAT
1026384	125	7m8	1.322	GTGCAA
1026414	160	6m	2.134	TGCAAT
1026452	243	6m	2.310	TGCAAT
1026461	289	6m	2.083	TGCAAT
1026462	71	6m	1.735	TGCAAT
1026480	341	o6	1.155	GTGCAA
1026480	351	6m	1.047	TGCAAT
1026480	796	o6	1.996	GTGCAA
1026480	867	7A1	1.426	TGCAAT
1026480	1386	7A1	1.069	TGCAAT
1026558	161	7m8	1.202	TGCAAT
1026681	148	7m8	1.711	TGCAAT
1026711	905	o6	2.608	GTGCAA
1026711	1597	6m	2.246	TGCAAT
1026711	2919	6m	2.608	TGCAAT
1026719	125	o6	1.322	GTGCAA
1026726	1716	7m8	2.016	GTGCAA
1026792	192	8m	1.229	GTGCAA
1026798	398	6m	1.284	TGCAAT
1026798	1644	6m	1.606	TGCAAT
1026798	1700	6m	1.453	TGCAAT
1026804	38	8m	1.115	TGCAAT
1026841	359	8m	2.503	TGCAAT
1026853	1374	6m	1.476	TGCAAT
1026853	3061	7A1	2.425	TGCAAT
1026853	3256	6m	2.269	TGCAAT
1026894	82	o6	2.574	GTGCAA
1026904	113	o6	1.108	GTGCAA
1026920	13	8m	1.560	GTGCAA
1026944	30	8m	1.498	GTGCAA
1026965	313	6m	1.563	TGCAAT
1026975	236	6m	2.130	TGCAAT
1026981	204	7m8	2.073	GTGCAA
1026999	594	6m	2.807	TGCAAT
1026999	823	6m	1.190	TGCAAT
1026999	2242	7A1	1.606	TGCAAT
1027007	372	6m	1.689	TGCAAT
1027036	215	o6	1.991	GTGCAA
1027036	647	6m	1.565	TGCAAT
1027058	251	7A1	1.353	TGCAAT
1027073	272	o6	3.037	GTGCAA
1027111	261	7A1	1.078	TGCAAT
1027111	761	o6	1.103	GTGCAA
1027111	851	6m	1.545	TGCAAT
1027115	103	o6	2.387	GTGCAA
1027138	344	6m	1.919	TGCAAT
1027150	281	7A1	2.210	TGCAAT
1027153	145	6m	1.909	TGCAAT
1027181	157	6m	1.840	TGCAAT
1027187	349	o6	1.532	GTGCAA
1027205	26	o6	1.212	GTGCAA
1027214	440	8m	1.554	GTGCAA
1027272	36	o6	3.102	GTGCAA
1027272	61	6m	1.745	TGCAAT
1027273	102	7A1	1.212	TGCAAT
1027287	197	6m	1.394	TGCAAT
1027287	308	7m8	3.062	GTGCAA
1027332	309	6m	1.246	TGCAAT
1027369	637	o6	2.071	GTGCAA
1027410	448	o6	2.016	GTGCAA
1027417	1148	7m8	1.954	GTGCAA
1027423	915	7A1	1.606	TGCAAT
1027426	100	6m	1.288	TGCAAT
1027438	1666	o6	1.307	GTGCAA
1027543	285	o6	1.787	GTGCAA
1027549	68	o6	1.084	GTGCAA
1027559	86	6m	2.692	TGCAAT
1027564	41	6m	3.380	TGCAAT
1027583	240	8m	2.754	GTGCAA
1027583	295	8m	2.889	GTGCAA
1027611	114	6m	1.399	TGCAAT
1027622	218	7m8	1.997	TGCAAT
1027637	1038	7A1	1.943	TGCAAT
1027655	83	8m	1.636	TGCAAT
1027655	120	6m	1.002	TGCAAT
1027679	69	6m	3.042	TGCAAT
1027679	88	7A1	2.278	TGCAAT
1027756	180	6m	1.278	TGCAAT
1027756	200	7A1	1.851	TGCAAT
1027761	451	6m	2.538	TGCAAT
1027761	609	6m	1.076	TGCAAT
1027822	42	7m8	1.162	TGCAAT
1027854	250	6m	2.520	TGCAAT
1027896	160	o6	1.352	GTGCAA
1027912	558	7A1	2.923	TGCAAT
1027912	1312	6m	1.328	TGCAAT
1028006	52	8m	1.150	TGCAAT
1028023	518	o6	1.854	GTGCAA
1028037	13	6m	1.598	TGCAAT
1028043	90	6m	1.032	TGCAAT
1028044	17	6m	1.032	TGCAAT
1028049	95	7m8	1.053	TGCAAT
1028070	122	o6	1.690	GTGCAA
1028087	179	8m	1.082	TGCAAT
1028093	155	7A1	1.321	TGCAAT
1028103	845	8m	1.303	GTGCAA
1028112	344	7A1	2.922	TGCAAT
1028115	636	7m8	3.864	TGCAAT
1028140	270	7m8	1.785	TGCAAT
1028170	56	6m	1.495	TGCAAT
1028203	183	7A1	1.195	TGCAAT
1028203	347	7A1	1.240	TGCAAT
1028230	334	o6	1.242	GTGCAA
1028230	1373	6m	2.100	TGCAAT
1028262	126	8m	2.209	GTGCAA
1028266	179	7m8	1.814	GTGCAA
1028304	78	7A1	1.520	TGCAAT
1028311	132	8m	2.514	GTGCAA
1028314	26	7m8	3.041	GTGCAA
1028314	79	8m	3.041	GTGCAA
1028326	45	o6	1.463	GTGCAA
1028348	55	o6	1.192	GTGCAA
1028354	172	8m	1.590	GTGCAA
1028357	22	8m	2.099	GTGCAA
1028360	22	8m	2.561	GTGCAA
1028365	95	7m8	2.543	TGCAAT
1028404	278	7A1	1.375	TGCAAT
1028438	124	6m	1.466	TGCAAT
1028441	579	o6	2.235	GTGCAA
1028512	323	7m8	2.242	GTGCAA
1028556	319	6m	2.971	TGCAAT
1028578	278	o6	1.726	GTGCAA
1028654	344	7A1	2.349	TGCAAT
1028710	1833	6m	1.184	TGCAAT
1028731	205	7A1	1.657	TGCAAT
1028734	3151	6m	2.004	TGCAAT
1028746	68	7A1	2.025	TGCAAT
1028751	810	o6	2.317	GTGCAA
1028755	341	7m8	2.493	GTGCAA
1028784	239	o6	1.244	GTGCAA
1028794	448	o6	2.973	GTGCAA
1028803	59	o6	1.334	GTGCAA
1028911	217	8m	1.247	GTGCAA
1028922	114	8m	1.942	GTGCAA
1028998	79	8m	2.321	GTGCAA
1029003	47	7m8	2.549	GTGCAA
1029003	961	7m8	1.887	TGCAAT
1029051	440	8m	2.357	GTGCAA
1029051	478	7m8	2.301	TGCAAT
1029055	235	7A1	2.149	TGCAAT
1029076	295	7m8	1.879	GTGCAA
1029091	85	7m8	1.573	TGCAAT
1029097	836	6m	1.971	TGCAAT
1029125	677	7A1	1.504	TGCAAT
1029189	1012	7A1	2.347	TGCAAT
1029189	1590	6m	2.631	TGCAAT
1029192	328	7A1	2.473	TGCAAT
1029192	2180	6m	2.202	TGCAAT
1029192	2393	o6	1.249	GTGCAA
1029192	2677	6m	2.096	TGCAAT
1029209	51	o6	1.409	GTGCAA
1029213	123	6m	3.729	TGCAAT
1029213	203	6m	3.729	TGCAAT
1029298	287	7m8	1.284	GTGCAA
1029355	85	6m	1.926	TGCAAT
1029369	44	o6	1.322	GTGCAA
1029369	1187	8m	1.987	TGCAAT
1029384	270	o6	1.541	GTGCAA
1029384	2357	7A1	1.649	TGCAAT
1029394	124	o6	2.177	GTGCAA
1029433	10	6m	1.268	TGCAAT
1029517	2043	6m	2.564	TGCAAT
1029535	85	o6	1.162	GTGCAA
1029546	17	6m	1.020	TGCAAT
1029561	448	o6	1.274	GTGCAA
1029564	195	7m8	2.834	GTGCAA
1029564	1259	7A1	2.788	TGCAAT
1029592	83	6m	2.807	TGCAAT
1029612	5	8m	2.755	TGCAAT
1029647	576	6m	1.419	TGCAAT
1029679	470	7A1	2.799	TGCAAT
1029686	285	6m	1.002	TGCAAT
1029728	118	6m	1.322	TGCAAT
1029728	124	6m	1.322	TGCAAT
1029737	182	o6	1.920	GTGCAA
1029781	266	o6	3.608	GTGCAA
1029782	588	6m	2.017	TGCAAT
1029782	2535	6m	1.507	TGCAAT
1029787	179	7A1	2.544	TGCAAT
1029787	282	6m	1.680	TGCAAT
1029838	27	7A1	1.678	TGCAAT
1029934	245	7A1	1.061	TGCAAT
1029934	370	7m8	2.379	GTGCAA
1029991	28	8m	3.157	TGCAAT
1030027	134	o6	1.195	GTGCAA
1030189	69	8m	1.039	TGCAAT
1030189	1939	7A1	2.032	TGCAAT
1030192	836	6m	2.335	TGCAAT
1030231	244	7m8	2.801	GTGCAA
1030245	626	o6	2.300	GTGCAA
1030266	681	7A1	1.577	TGCAAT
1030266	1525	8m	3.005	GTGCAA
1030266	2619	6m	1.577	TGCAAT
1030308	707	o6	1.399	GTGCAA
1030340	405	6m	1.038	TGCAAT
1030340	1096	6m	2.144	TGCAAT
1030392	262	o6	1.432	GTGCAA
1030431	117	6m	1.285	TGCAAT
1030451	1424	8m	3.398	GTGCAA
1030468	319	7A1	2.072	TGCAAT
1030468	640	7A1	1.220	TGCAAT
1030468	687	o6	2.160	GTGCAA
1030476	333	8m	2.544	GTGCAA
1030476	534	8m	2.544	GTGCAA
1030547	238	7m8	2.608	GTGCAA
1030552	85	6m	1.207	TGCAAT
1030653	486	6m	1.284	TGCAAT
1030670	9	o6	2.130	GTGCAA
1030670	105	6m	1.737	TGCAAT
1030713	1975	7m8	2.569	GTGCAA
1030782	1228	6m	1.911	TGCAAT
1030782	1448	8m	1.521	GTGCAA
1030812	48	7m8	2.964	GTGCAA
1030822	241	6m	1.906	TGCAAT
1030858	209	7A1	1.846	TGCAAT
1030858	239	o6	1.932	GTGCAA
1030965	450	7A1	1.521	TGCAAT
1030973	229	7A1	2.011	TGCAAT
1031012	33	7A1	1.521	TGCAAT
1031052	75	7A1	1.690	TGCAAT
1031052	367	8m	3.398	GTGCAA
1031090	269	8m	2.025	GTGCAA
1031129	724	7A1	1.414	TGCAAT
1031142	1617	o6	1.313	GTGCAA
1031142	1889	8m	1.925	GTGCAA
1031156	1611	6m	2.073	TGCAAT
1031205	153	7A1	2.604	TGCAAT
1031211	259	6m	2.267	TGCAAT
1031211	462	6m	2.454	TGCAAT
1031224	2272	7A1	1.169	TGCAAT
1031224	3684	7A1	1.219	TGCAAT
1031245	735	o6	2.973	GTGCAA
1031263	189	7A1	1.099	TGCAAT
1031292	46	8m	2.008	TGCAAT
1031304	646	7A1	2.622	TGCAAT
1031307	612	6m	1.939	TGCAAT
1031315	674	7m8	1.702	TGCAAT
1031321	529	8m	3.058	GTGCAA
1031446	517	8m	1.328	TGCAAT
1031495	47	7m8	2.838	GTGCAA
1031498	525	o6	1.830	GTGCAA
1031498	550	7A1	2.639	TGCAAT
1031498	1377	6m	1.040	TGCAAT
1031498	1681	6m	1.541	TGCAAT
1031498	2143	6m	1.872	TGCAAT
1031541	1223	6m	2.843	TGCAAT
1031544	365	7A1	2.494	TGCAAT
1031583	239	7m8	1.228	TGCAAT
1031584	325	6m	1.349	TGCAAT
1031593	42	7A1	1.145	TGCAAT
1031593	280	6m	1.807	TGCAAT
1031593	794	7A1	1.540	TGCAAT
1031616	1101	o6	2.950	GTGCAA
1031641	41	o6	2.893	GTGCAA
1031755	248	8m	3.375	GTGCAA
1031782	429	o6	1.181	GTGCAA
1031814	589	o6	1.473	GTGCAA
1031830	1517	7m8	1.285	GTGCAA
1031830	2050	6m	1.715	TGCAAT
1031830	2185	7A1	2.030	TGCAAT
1031887	394	8m	3.177	GTGCAA
1031983	29	7A1	1.233	TGCAAT
1031994	393	6m	1.606	TGCAAT
1031994	2099	6m	2.459	TGCAAT
1032009	502	o6	2.110	GTGCAA
1032009	520	7A1	2.350	TGCAAT
1032058	135	6m	1.129	TGCAAT
1032182	16	7A1	1.356	TGCAAT
1032200	1182	6m	2.468	TGCAAT
1032200	1188	7A1	2.468	TGCAAT
1032203	714	7A1	2.235	TGCAAT
1032203	920	o6	1.857	GTGCAA
1032264	13	8m	1.940	GTGCAA
1032285	792	6m	1.137	TGCAAT
1032292	321	6m	1.950	TGCAAT
1032295	530	o6	2.132	GTGCAA
1032325	1654	6m	2.390	TGCAAT
1032333	1326	6m	2.872	TGCAAT
1032333	1525	7A1	1.932	TGCAAT
1032334	465	o6	2.249	GTGCAA
1032369	2664	6m	2.081	TGCAAT
1032386	677	6m	3.058	TGCAAT
1032438	103	7A1	1.690	TGCAAT
1032456	588	6m	2.132	TGCAAT
1032459	238	6m	1.201	TGCAAT
1032471	1030	6m	2.031	TGCAAT
1032486	964	6m	1.656	TGCAAT
1032489	583	o6	1.321	GTGCAA
1032537	116	o6	2.403	GTGCAA
1032607	41	7A1	2.350	TGCAAT
1032608	809	6m	1.274	TGCAAT
1032613	433	8m	2.076	GTGCAA
1032616	755	6m	1.116	TGCAAT
1032622	4123	8m	2.162	GTGCAA
1032622	4156	6m	1.562	TGCAAT
1032623	258	7A1	1.606	TGCAAT
1032634	1946	7m8	2.103	TGCAAT
1032637	119	6m	2.735	TGCAAT
1032640	115	6m	1.178	TGCAAT
1032693	712	7A1	2.807	TGCAAT
1032693	1686	7A1	1.977	TGCAAT
1032693	2085	7m8	2.228	GTGCAA
1032693	2392	o6	3.034	GTGCAA
1032713	1839	o6	1.814	GTGCAA
1032747	13	o6	2.088	GTGCAA
1032777	231	o6	1.222	GTGCAA
1032799	1338	6m	1.284	TGCAAT
1032799	2539	o6	1.284	GTGCAA
1032822	1153	6m	1.530	TGCAAT
1032840	238	6m	2.418	TGCAAT
1032884	698	6m	1.780	TGCAAT
1032896	1051	6m	1.359	TGCAAT
1032902	704	6m	2.534	TGCAAT
1032903	302	6m	1.401	TGCAAT
1032915	523	o6	1.728	GTGCAA
1032929	786	7A1	2.108	TGCAAT
1032956	1697	7A1	1.229	TGCAAT
1032959	50	6m	1.987	TGCAAT
1032964	1209	6m	2.545	TGCAAT
1032968	1021	7m8	1.322	GTGCAA
1032981	35	o6	1.611	GTGCAA
1033008	1631	o6	3.024	GTGCAA
1033017	49	7A1	1.255	TGCAAT
1033037	213	6m	1.813	TGCAAT
1033041	1225	o6	1.288	GTGCAA
1033041	2551	o6	3.791	GTGCAA
1033055	96	7A1	1.491	TGCAAT
1033082	538	6m	1.322	TGCAAT
1033089	468	6m	2.065	TGCAAT
1033138	612	o6	1.281	GTGCAA
1033141	1778	7m8	2.262	TGCAAT
1033141	2522	8m	3.028	GTGCAA
1033141	6608	o6	2.004	GTGCAA
1033141	7032	6m	1.284	TGCAAT
1033152	204	6m	2.344	TGCAAT
1033152	1622	o6	1.737	GTGCAA
1033160	659	o6	1.598	GTGCAA
1033193	1602	o6	1.991	GTGCAA
1033196	821	o6	1.661	GTGCAA
1033199	213	o6	1.661	GTGCAA
1033202	695	o6	1.661	GTGCAA
1033208	466	7m8	1.108	TGCAAT
1033226	696	6m	2.949	TGCAAT
1033239	76	7m8	1.942	TGCAAT
1033239	257	o6	1.860	GTGCAA
1033244	462	7A1	2.400	TGCAAT
1033244	864	6m	1.322	TGCAAT
1033293	1159	8m	2.017	GTGCAA
1033307	79	6m	1.010	TGCAAT
1033322	575	7A1	1.284	TGCAAT
1033328	2549	7A1	1.143	TGCAAT
1033354	63	6m	1.130	TGCAAT
1033362	1102	7A1	2.026	TGCAAT
1033362	1538	7A1	1.356	TGCAAT
1033373	462	o6	1.488	GTGCAA
1033384	1898	6m	1.124	TGCAAT
1033384	2380	o6	2.072	GTGCAA
1033399	116	o6	2.764	GTGCAA
1033409	860	o6	1.854	GTGCAA
1033414	473	7A1	1.606	TGCAAT
1033431	581	6m	2.263	TGCAAT
1033452	1771	6m	1.321	TGCAAT
1033452	1884	7m8	2.321	GTGCAA
1033469	286	o6	3.034	GTGCAA
1033478	429	o6	1.647	GTGCAA
1033481	1151	6m	2.417	TGCAAT
1033481	1288	o6	2.876	GTGCAA
1033514	216	6m	1.577	TGCAAT
1033547	377	o6	2.450	GTGCAA
1033571	3082	7m8	2.061	GTGCAA
1033571	4712	6m	1.283	TGCAAT
1033575	78	7m8	2.621	GTGCAA
1033575	279	o6	1.790	GTGCAA
1033583	447	7m8	2.302	GTGCAA
1033595	233	8m	2.327	GTGCAA
1033598	3014	7m8	2.350	GTGCAA
1033598	4177	7m8	2.350	GTGCAA
1033601	2061	7m8	2.383	GTGCAA
1033602	1522	7A1	1.400	TGCAAT
1033711	543	o6	1.128	GTGCAA
1033712	367	7m8	2.149	GTGCAA
1033718	2	o6	2.854	GTGCAA
1033732	949	6m	2.206	TGCAAT
1033739	762	8m	4.317	GTGCAA
1033739	1092	7A1	2.383	TGCAAT
1033739	1108	7m8	2.854	GTGCAA
1033742	1489	o6	1.258	GTGCAA
1033745	1024	o6	1.599	GTGCAA
1033748	242	o6	2.156	GTGCAA
1033751	1698	6m	1.910	TGCAAT
1033751	1939	6m	1.573	TGCAAT
1033754	1327	6m	1.910	TGCAAT
1033754	1568	6m	1.573	TGCAAT
1033757	746	6m	1.910	TGCAAT
1033757	987	6m	1.573	TGCAAT
1033760	350	6m	2.283	TGCAAT
1033760	591	6m	1.908	TGCAAT
1033789	1285	o6	2.489	GTGCAA
1033789	1916	7A1	2.262	TGCAAT
1033789	3064	6m	1.864	TGCAAT
1033789	4007	7A1	1.405	TGCAAT
1033795	768	6m	1.993	TGCAAT
1033795	1113	o6	1.474	GTGCAA
1033795	1946	6m	2.025	TGCAAT
1033820	203	7A1	2.274	TGCAAT
1033827	288	7m8	1.895	TGCAAT
1033833	214	o6	1.872	GTGCAA
1033850	71	o6	2.007	GTGCAA
1033865	821	6m	1.425	TGCAAT
1033877	744	o6	2.501	GTGCAA
1033883	637	o6	1.906	GTGCAA
1033883	1172	7m8	2.317	GTGCAA
1033883	1224	6m	3.863	TGCAAT
1033906	202	o6	2.215	GTGCAA
1033906	238	6m	2.350	TGCAAT
1033945	25	7m8	3.307	GTGCAA
1033948	933	7m8	2.658	GTGCAA
1033984	781	7A1	2.352	TGCAAT
1034028	49	6m	1.101	TGCAAT
1034047	537	7A1	2.233	TGCAAT
1034068	1825	6m	2.110	TGCAAT
1034074	2517	7A1	2.556	TGCAAT
1034109	49	8m	1.373	TGCAAT
1034134	186	6m	1.521	TGCAAT
1034152	236	6m	2.699	TGCAAT
1034152	699	6m	1.248	TGCAAT
1034160	169	6m	1.297	TGCAAT
1034202	80	8m	3.724	GTGCAA
1034208	384	7A1	1.714	TGCAAT
1034208	411	7A1	1.221	TGCAAT
1034214	582	6m	1.417	TGCAAT
1034215	221	8m	2.775	GTGCAA
1034230	737	7A1	3.941	TGCAAT
1034235	94	o6	1.328	GTGCAA
1034248	396	7A1	3.781	TGCAAT
1034259	5993	o6	3.942	GTGCAA
1034274	367	o6	1.910	GTGCAA
1034281	170	6m	1.560	TGCAAT
1034304	1590	7A1	3.070	TGCAAT
1034304	1729	o6	1.368	GTGCAA
1034316	1305	6m	1.190	TGCAAT
1034322	12	6m	3.208	TGCAAT
1034328	127	7m8	2.651	GTGCAA
1034328	220	6m	1.669	TGCAAT
1034331	840	6m	3.157	TGCAAT
1034331	2915	7m8	2.907	GTGCAA
1034337	34	o6	1.682	GTGCAA
1034383	502	6m	2.769	TGCAAT
1034397	3300	6m	1.328	TGCAAT
1034451	280	7A1	2.128	TGCAAT
1034461	123	6m	3.421	TGCAAT
1034469	971	6m	1.954	TGCAAT
1034481	408	o6	2.266	GTGCAA
1034493	274	o6	1.234	GTGCAA
1034493	1179	7m8	2.868	GTGCAA
1034499	495	6m	1.583	TGCAAT
1034500	482	o6	1.468	GTGCAA
1034539	2479	6m	3.463	TGCAAT
1034545	1334	o6	1.683	GTGCAA
1034545	1744	6m	1.220	TGCAAT
1034556	1154	o6	1.468	GTGCAA
1034556	1548	o6	2.757	GTGCAA
1034565	1063	7A1	1.449	TGCAAT
1034565	1280	6m	2.709	TGCAAT
1034569	6	o6	1.690	GTGCAA
1034569	1267	6m	1.826	TGCAAT
1034569	7123	7m8	1.690	GTGCAA
1034577	459	7A1	2.049	TGCAAT
1034589	853	6m	1.790	TGCAAT
1034665	1091	7A1	2.275	TGCAAT
1034679	34	7m8	1.958	GTGCAA
1034690	674	7A1	2.655	TGCAAT
1034690	1608	8m	2.524	GTGCAA
1034694	341	8m	2.874	GTGCAA
1034744	217	o6	1.328	GTGCAA
1034771	202	6m	2.307	TGCAAT
1034771	1462	7m8	3.350	GTGCAA
1034775	617	6m	3.232	TGCAAT
1034800	279	6m	2.517	TGCAAT
1034828	505	8m	2.763	GTGCAA
1034828	775	o6	1.815	GTGCAA
1034828	801	6m	2.161	TGCAAT
1034884	275	6m	2.352	TGCAAT
1034888	854	6m	2.357	TGCAAT
1034899	3371	o6	2.368	GTGCAA
1034909	871	7A1	2.585	TGCAAT
1034917	1176	o6	1.006	GTGCAA
1034917	1412	6m	1.368	TGCAAT
1034917	2422	o6	1.326	GTGCAA
1034917	2582	o6	1.991	GTGCAA
1034941	1192	6m	1.863	TGCAAT
1034945	54	6m	1.635	TGCAAT
1034984	655	6m	1.015	TGCAAT
1034984	956	6m	1.160	TGCAAT
1034995	1198	o6	3.206	GTGCAA
1034995	2243	7m8	1.268	TGCAAT
1034995	4458	o6	2.015	GTGCAA
1034995	6116	6m	1.698	TGCAAT
1035010	3775	6m	1.100	TGCAAT
1035010	5032	6m	3.153	TGCAAT
1035027	198	7A1	2.194	TGCAAT
1035040	118	6m	1.255	TGCAAT
1035069	467	6m	1.606	TGCAAT
1035093	841	6m	2.663	TGCAAT
1035093	1044	6m	3.475	TGCAAT
1035103	1222	7m8	1.789	GTGCAA
1035121	107	o6	2.981	GTGCAA
1035126	225	7m8	1.086	GTGCAA
1035136	597	o6	2.326	GTGCAA
1035136	682	o6	2.345	GTGCAA
1035150	105	7A1	3.518	TGCAAT
1035153	1256	7A1	1.587	TGCAAT
1035175	501	6m	1.047	TGCAAT
1035198	962	7m8	3.253	GTGCAA
1035213	2107	8m	1.765	GTGCAA
1035248	170	6m	1.808	TGCAAT
1035252	862	7m8	2.134	GTGCAA
1035272	340	7A1	2.876	TGCAAT
1035314	207	o6	1.152	GTGCAA
1035315	112	6m	1.409	TGCAAT
1035315	156	7A1	2.031	TGCAAT
1035356	1011	6m	2.067	TGCAAT
1035407	211	o6	1.485	GTGCAA
1035417	48	6m	1.979	TGCAAT
1035477	1457	7A1	1.690	TGCAAT
1035536	117	o6	1.842	GTGCAA
1035536	4023	o6	1.628	GTGCAA
1035569	1283	o6	1.606	GTGCAA
1035569	3338	6m	2.262	TGCAAT
1035569	8304	7A1	1.397	TGCAAT
1035569	9991	8m	2.011	GTGCAA
1035569	14060	o6	2.627	GTGCAA
1035569	15380	6m	1.313	TGCAAT
1035569	15820	7A1	2.629	TGCAAT
1035569	17167	6m	2.159	TGCAAT
1035575	672	7A1	1.085	TGCAAT
1035575	1490	6m	1.481	TGCAAT
1035585	1218	o6	1.245	GTGCAA
1035594	264	6m	3.273	TGCAAT
1035656	1333	6m	2.016	TGCAAT
1035656	1546	6m	2.048	TGCAAT
1035668	84	7m8	2.273	GTGCAA
1035669	825	6m	2.074	TGCAAT
1035687	737	6m	3.398	TGCAAT
1035692	1093	7m8	4.901	TGCAAT
1035719	1090	o6	1.245	GTGCAA
1035762	1423	o6	2.892	GTGCAA
1035782	470	o6	1.903	GTGCAA
1035786	401	8m	1.972	GTGCAA
1035791	213	o6	1.148	GTGCAA
1035798	2328	6m	2.608	TGCAAT
1035843	479	o6	1.077	GTGCAA
1035948	80	6m	2.441	TGCAAT
1035989	51	o6	3.228	GTGCAA
1036053	182	o6	3.196	GTGCAA
1036065	178	6m	1.300	TGCAAT
1036080	987	6m	3.253	TGCAAT
1036088	838	6m	1.176	TGCAAT
1036127	3770	8m	3.425	GTGCAA
1036127	4373	7m8	2.372	TGCAAT
1036127	6623	o6	2.652	GTGCAA
1036127	10208	o6	3.198	GTGCAA
1036149	565	6m	1.082	TGCAAT
1036170	435	6m	1.683	TGCAAT
1036286	25	8m	4.317	GTGCAA
1036289	130	6m	2.178	TGCAAT
1036381	1055	6m	1.613	TGCAAT
1036396	253	8m	2.366	GTGCAA
1036404	990	7m8	2.854	GTGCAA
1036419	1272	7A1	2.575	TGCAAT
1036497	811	6m	1.554	TGCAAT
1036537	218	6m	1.073	TGCAAT
1036537	224	7A1	1.456	TGCAAT
1036537	1984	7m8	3.015	GTGCAA
1036552	183	7m8	2.235	GTGCAA
1036592	155	o6	1.073	GTGCAA
1036598	592	6m	1.404	TGCAAT
1036598	1211	7A1	2.227	TGCAAT
1036601	702	6m	1.550	TGCAAT
1036601	2184	7A1	1.468	TGCAAT
1036645	95	6m	2.145	TGCAAT
1036656	293	7A1	1.744	TGCAAT
1036656	858	6m	1.425	TGCAAT
1036706	1193	6m	1.798	TGCAAT
1036706	1711	7A1	1.364	TGCAAT
1036719	288	7A1	3.176	TGCAAT
1036745	76	o6	3.347	GTGCAA
1036752	281	6m	2.377	TGCAAT
1036779	621	6m	3.159	TGCAAT
1036910	812	6m	1.650	TGCAAT
1036910	1921	7A1	2.801	TGCAAT
1037031	807	6m	1.664	TGCAAT
1037051	1707	o6	1.582	GTGCAA
1037088	30	7m8	1.387	TGCAAT
1037111	49	6m	1.196	TGCAAT
1037144	57	o6	1.472	GTGCAA
1037144	81	7A1	2.011	TGCAAT
1037161	231	7A1	1.465	TGCAAT
1037180	239	7A1	2.063	TGCAAT
1037192	337	6m	1.090	TGCAAT
1037239	3	6m	1.885	TGCAAT
1037239	55	7m8	2.581	GTGCAA
1037291	141	o6	1.849	GTGCAA
1037315	80	8m	1.220	GTGCAA
1037339	188	7m8	1.082	TGCAAT
1037380	73	7A1	1.573	TGCAAT
1037422	140	o6	2.763	GTGCAA
1037467	533	7m8	2.774	TGCAAT
1037485	794	6m	1.228	TGCAAT
1037537	398	7A1	2.394	TGCAAT
1037630	537	8m	2.710	GTGCAA
1037679	654	7A1	2.235	TGCAAT
1037712	227	o6	2.841	GTGCAA
1037715	856	o6	3.276	GTGCAA
1037715	1266	7A1	3.157	TGCAAT
1037775	407	7m8	1.100	GTGCAA
1037814	29	7m8	2.870	GTGCAA
1037845	227	6m	1.344	TGCAAT
1037888	13	6m	1.631	TGCAAT
1037888	99	6m	1.954	TGCAAT
1037982	721	7A1	3.079	TGCAAT
1038048	145	7m8	2.737	GTGCAA
1038051	132	o6	1.263	GTGCAA
1038060	755	7A1	1.925	TGCAAT
1038066	1803	6m	1.048	TGCAAT
1038122	777	7A1	2.967	TGCAAT
1038177	54	7m8	1.056	GTGCAA
1038234	503	7m8	2.208	GTGCAA
1038235	348	6m	2.065	TGCAAT
1038273	783	7m8	1.067	GTGCAA
1038309	73	6m	1.151	TGCAAT
1038312	2043	6m	2.766	TGCAAT
1038312	2800	6m	1.598	TGCAAT
1038312	3041	7m8	1.950	TGCAAT
1038317	745	o6	5.530	GTGCAA
1038326	56	8m	1.262	GTGCAA
1038342	441	6m	1.544	TGCAAT
1038342	772	8m	3.603	GTGCAA
1038366	847	o6	3.025	GTGCAA
1038485	1429	7A1	2.417	TGCAAT
1038499	451	o6	1.031	GTGCAA
1038521	242	7A1	1.201	TGCAAT
1038544	632	o6	1.359	GTGCAA
1038548	327	7A1	2.306	TGCAAT
1038548	1769	6m	1.190	TGCAAT
1038571	666	6m	2.613	TGCAAT
1038632	64	o6	1.745	GTGCAA
1038640	503	o6	1.880	GTGCAA
1038640	2755	8m	1.705	TGCAAT
1038652	492	o6	1.590	GTGCAA
1038653	127	7A1	1.584	TGCAAT
1038653	145	o6	2.182	GTGCAA
1038710	1149	6m	1.065	TGCAAT
1038748	280	6m	1.615	TGCAAT
1038748	851	6m	1.838	TGCAAT
1038767	184	6m	3.645	TGCAAT
1038791	1338	7m8	1.005	GTGCAA
1038833	431	o6	1.426	GTGCAA
1038860	333	8m	1.668	GTGCAA
1038860	681	8m	3.172	GTGCAA
1038891	463	o6	1.546	GTGCAA
1038905	563	6m	1.285	TGCAAT
1038941	-1	6m	2.459	TGCAAT
1038960	292	8m	2.141	TGCAAT
1038983	234	7A1	3.081	TGCAAT
1038983	275	6m	3.429	TGCAAT
1039004	324	6m	3.868	TGCAAT
1039033	617	8m	2.854	GTGCAA
1039052	1624	o6	1.863	GTGCAA
1039114	767	7m8	1.065	GTGCAA
1039187	419	o6	1.289	GTGCAA
1039199	429	7A1	3.265	TGCAAT
1039199	1157	6m	1.934	TGCAAT
1039202	903	o6	2.244	GTGCAA
1039202	991	8m	2.467	GTGCAA
1039218	936	7A1	2.682	TGCAAT
1039267	536	7m8	2.178	GTGCAA
1039285	2096	o6	2.018	GTGCAA
1039301	1057	o6	1.400	GTGCAA
1039346	51	7A1	1.805	TGCAAT
1039352	32	7A1	1.027	TGCAAT
1039376	2814	6m	1.729	TGCAAT
1039431	340	7A1	3.240	TGCAAT
1039466	334	o6	1.331	GTGCAA
1039469	1167	6m	2.841	TGCAAT
1039469	1362	8m	1.465	GTGCAA
1039469	1714	7m8	2.624	GTGCAA
1039481	783	6m	1.921	TGCAAT
1039481	1732	o6	1.103	GTGCAA
1039502	1139	6m	2.018	TGCAAT
1039502	2956	6m	2.223	TGCAAT
1039502	3281	7A1	1.213	TGCAAT
1039502	4307	6m	5.179	TGCAAT
1039503	1236	8m	1.318	TGCAAT
1039533	241	o6	4.229	GTGCAA
1039557	428	6m	1.690	TGCAAT
1039563	1849	7m8	1.606	TGCAAT
1039563	3680	7A1	1.588	TGCAAT
1039563	4699	o6	1.040	GTGCAA
1039578	4739	o6	2.417	GTGCAA
1039703	2905	7A1	3.032	TGCAAT
1039794	101	o6	4.636	GTGCAA
1039797	2172	7m8	1.505	TGCAAT
1039805	1340	7m8	3.633	GTGCAA
1039805	1797	8m	1.073	GTGCAA
1039853	27	6m	3.387	TGCAAT
1039853	2518	6m	1.950	TGCAAT
1039853	4055	8m	1.690	GTGCAA
1039853	7684	7A1	2.073	TGCAAT
1039858	14	6m	2.456	TGCAAT
1039858	5817	7A1	2.205	TGCAAT
1039873	55	o6	1.310	GTGCAA
1039908	1034	o6	2.007	GTGCAA
1039911	579	6m	2.422	TGCAAT
1039928	172	6m	1.233	TGCAAT
1039949	3733	o6	2.391	GTGCAA
1039955	450	6m	1.297	TGCAAT
1039959	2843	7A1	3.286	TGCAAT
1039996	639	6m	1.273	TGCAAT
1039996	690	6m	1.959	TGCAAT
1039999	85	6m	3.872	TGCAAT
1039999	96	7A1	2.125	TGCAAT
1039999	346	o6	1.027	GTGCAA
1039999	1088	6m	3.953	TGCAAT
1040012	2069	7m8	1.318	TGCAAT
1040049	515	7A1	1.362	TGCAAT
1040058	273	7A1	2.262	TGCAAT
1040058	2712	8m	2.074	GTGCAA
1040058	4157	o6	1.864	GTGCAA
1040070	1999	7A1	1.648	TGCAAT
1040075	164	o6	1.560	GTGCAA
1040115	798	6m	2.344	TGCAAT
1040120	253	6m	1.692	TGCAAT
1040132	220	7A1	2.723	TGCAAT
1040136	486	6m	1.460	TGCAAT
1040136	1498	o6	2.394	GTGCAA
1040177	226	o6	1.740	GTGCAA
1040189	304	6m	3.934	TGCAAT
1040190	2828	o6	1.131	GTGCAA
1040202	1304	6m	1.189	TGCAAT
1040228	797	6m	2.608	TGCAAT
1040237	2129	6m	1.806	TGCAAT
1040246	104	7m8	3.582	TGCAAT
1040283	3837	6m	1.295	TGCAAT
1040294	1344	o6	1.376	GTGCAA
1040303	2815	7A1	1.690	TGCAAT
1040304	251	6m	1.945	TGCAAT
1040304	563	6m	1.953	TGCAAT
1040304	1290	8m	2.763	GTGCAA
1040337	520	7A1	1.755	TGCAAT
1040337	910	o6	1.288	GTGCAA
1040346	4001	7A1	1.073	TGCAAT
1040346	6043	7A1	1.636	TGCAAT
1040355	665	6m	1.524	TGCAAT
1040366	361	7m8	2.715	GTGCAA
1040367	1754	6m	1.690	TGCAAT
1040377	431	6m	1.117	TGCAAT
1040377	1100	8m	2.533	GTGCAA
1040387	2042	o6	2.309	GTGCAA
1040417	527	7m8	2.785	GTGCAA
1040434	1125	7m8	3.102	GTGCAA
1040434	1753	7m8	1.069	GTGCAA
1040434	2033	8m	2.763	GTGCAA
1040437	1904	7m8	1.058	TGCAAT
1040438	1617	8m	3.233	GTGCAA
1040438	1849	7A1	2.275	TGCAAT
1040438	2075	o6	1.006	GTGCAA
1040447	675	6m	2.430	TGCAAT
1040479	213	6m	1.708	TGCAAT
1040479	920	7A1	1.879	TGCAAT
1040483	386	7A1	2.031	TGCAAT
1040500	1686	8m	1.468	GTGCAA
1040500	2420	8m	1.444	GTGCAA
1040533	402	o6	1.090	GTGCAA
1040533	686	o6	2.979	GTGCAA
1040542	1914	o6	3.175	GTGCAA
1040584	38	6m	1.095	TGCAAT
1040589	3767	7A1	1.550	TGCAAT
1040590	205	o6	1.198	GTGCAA
1040590	697	7A1	1.482	TGCAAT
1040590	1292	7m8	1.526	GTGCAA
1040590	4784	7A1	2.173	TGCAAT
1040590	5327	o6	1.132	GTGCAA
1040590	5619	7A1	1.542	TGCAAT
1040590	7497	6m	2.375	TGCAAT
1040635	601	o6	2.863	GTGCAA
1040635	1842	o6	1.339	GTGCAA
