1000035	43	o6	2.262	ACATTC
1000084	123	6m	1.016	CATTCC
1000084	143	7A1	1.285	CATTCC
1000084	261	7m8	2.170	ACATTC
1000122	920	6m	1.322	CATTCC
1000122	952	7m8	1.689	ACATTC
1000126	579	7A1	1.473	CATTCC
1000146	1270	o6	2.739	ACATTC
1000155	312	6m	1.055	CATTCC
1000164	264	o6	1.251	ACATTC
1000234	296	8m	3.082	ACATTC
1000249	1944	o6	2.060	ACATTC
1000306	104	6m	1.284	CATTCC
1000320	992	o6	2.432	ACATTC
1000380	51	7m8	2.708	ACATTC
1000398	206	o6	2.733	ACATTC
1000436	951	o6	2.321	ACATTC
1000443	1541	7A1	1.033	CATTCC
1000454	75	8m	2.350	CATTCC
1000490	468	8m	1.712	ACATTC
1000511	675	8m	2.178	ACATTC
1000553	806	o6	1.321	ACATTC
1000580	44	7m8	1.322	ACATTC
1000586	443	6m	1.101	CATTCC
1000587	547	6m	1.073	CATTCC
1000598	401	o6	2.235	ACATTC
1000605	123	6m	1.931	CATTCC
1000619	1303	o6	1.512	ACATTC
1000640	0	6m	1.323	CATTCC
1000649	785	6m	1.032	CATTCC
1000664	119	6m	1.960	CATTCC
1000683	266	6m	2.026	CATTCC
1000701	321	8m	2.050	ACATTC
1000743	920	o6	2.118	ACATTC
1000779	441	o6	1.191	ACATTC
1000817	491	6m	1.884	CATTCC
1000835	1029	o6	2.418	ACATTC
1000875	463	8m	1.284	ACATTC
1000901	820	o6	1.825	ACATTC
1000932	240	o6	4.561	ACATTC
1000968	925	o6	1.284	ACATTC
1000988	20	o6	1.763	ACATTC
1001015	675	6m	2.232	CATTCC
1001055	48	o6	1.563	ACATTC
1001099	465	o6	1.135	ACATTC
1001125	66	o6	1.977	ACATTC
1001158	222	o6	1.400	ACATTC
1001182	105	6m	1.556	CATTCC
1001182	191	7m8	1.556	ACATTC
1001244	803	o6	2.981	ACATTC
1001249	486	o6	1.141	ACATTC
1001294	453	o6	2.477	ACATTC
1001346	274	7A1	2.262	CATTCC
1001420	336	6m	2.128	CATTCC
1001440	26	o6	1.212	ACATTC
1001500	109	6m	2.483	CATTCC
1001577	233	o6	2.533	ACATTC
1001601	877	7m8	1.038	ACATTC
1001745	232	7m8	2.856	CATTCC
1001753	231	7A1	2.298	CATTCC
1001753	533	o6	2.401	ACATTC
1001805	27	7A1	3.116	CATTCC
1001832	39	o6	2.228	ACATTC
1001862	1228	8m	2.472	ACATTC
1001862	1459	8m	1.333	ACATTC
1001921	352	7A1	2.019	CATTCC
1001934	432	6m	1.022	CATTCC
1001948	1121	o6	1.759	ACATTC
1001954	32	o6	1.685	ACATTC
1001978	21	6m	3.219	CATTCC
1002098	518	o6	1.043	ACATTC
1002123	30	7m8	1.086	CATTCC
1002128	195	o6	1.244	ACATTC
1002149	40	7A1	2.072	CATTCC
1002182	797	o6	1.852	ACATTC
1002240	493	o6	1.069	ACATTC
1002240	517	o6	1.407	ACATTC
1002240	634	6m	1.967	CATTCC
1002304	255	7m8	2.592	CATTCC
1002326	140	7A1	1.477	CATTCC
1002374	34	7m8	1.980	ACATTC
1002404	473	o6	1.680	ACATTC
1002418	130	o6	2.832	ACATTC
1002484	371	7A1	3.840	CATTCC
1002518	26	7A1	2.622	CATTCC
1002544	171	o6	2.023	ACATTC
1002607	85	o6	1.676	ACATTC
1002662	152	6m	2.533	CATTCC
1002695	546	7m8	1.545	ACATTC
1002815	430	o6	3.007	ACATTC
1002877	489	6m	3.317	CATTCC
1002877	772	6m	1.575	CATTCC
1002973	582	o6	1.087	ACATTC
1003003	15	7m8	2.184	CATTCC
1003012	134	o6	1.391	ACATTC
1003072	82	6m	1.964	CATTCC
1003114	868	8m	2.036	ACATTC
1003128	527	o6	2.755	ACATTC
1003134	128	7m8	1.461	ACATTC
1003155	170	6m	2.449	CATTCC
1003248	1532	7m8	2.417	ACATTC
1003324	53	6m	2.010	CATTCC
1003346	253	6m	2.767	CATTCC
1003417	415	7A1	1.810	CATTCC
1003439	284	o6	1.745	ACATTC
1003576	59	6m	1.553	CATTCC
1003589	1299	o6	1.468	ACATTC
1003612	162	8m	2.301	CATTCC
1003661	27	6m	1.285	CATTCC
1003683	211	o6	1.617	ACATTC
1003702	563	7m8	1.328	ACATTC
1003851	2	6m	1.555	CATTCC
1003926	360	6m	1.281	CATTCC
1003999	118	7m8	1.815	CATTCC
1003999	1035	6m	3.916	CATTCC
1004064	298	7m8	1.057	CATTCC
1004104	112	o6	1.231	ACATTC
1004107	234	7A1	2.476	CATTCC
1004158	104	7m8	3.513	ACATTC
1004163	321	8m	1.443	ACATTC
1004173	118	o6	2.322	ACATTC
1004182	107	7m8	1.235	CATTCC
1004185	74	o6	2.650	ACATTC
1004223	143	o6	1.843	ACATTC
1004463	503	o6	1.800	ACATTC
1004463	1038	o6	1.101	ACATTC
1004476	42	6m	1.649	CATTCC
1004502	393	o6	2.504	ACATTC
1004503	1192	7m8	2.433	CATTCC
1004520	34	7m8	2.180	CATTCC
1004539	119	6m	3.232	CATTCC
1004577	599	o6	3.294	ACATTC
1004580	103	8m	1.212	CATTCC
1004661	524	o6	2.016	ACATTC
1004700	146	o6	3.387	ACATTC
1004700	273	o6	1.806	ACATTC
1004700	286	o6	3.058	ACATTC
1004796	186	o6	1.456	ACATTC
1004810	77	7A1	4.113	CATTCC
1004817	2	7m8	1.407	ACATTC
1004835	24	7A1	1.808	CATTCC
1004838	65	8m	2.469	ACATTC
1005204	295	6m	2.103	CATTCC
1005216	1626	6m	1.302	CATTCC
1005374	723	o6	1.965	ACATTC
1005470	2337	7A1	1.167	CATTCC
1005550	611	7A1	2.215	CATTCC
1005557	128	6m	2.025	CATTCC
1005569	29	6m	1.085	CATTCC
1005646	3990	6m	1.292	CATTCC
1005646	4339	o6	3.275	ACATTC
1005694	300	7A1	2.047	CATTCC
1005724	250	o6	2.390	ACATTC
1005826	137	6m	1.313	CATTCC
1005906	134	6m	1.235	CATTCC
1006599	656	7A1	2.076	CATTCC
1006692	905	7m8	1.655	ACATTC
1006711	30	o6	1.690	ACATTC
1006933	340	o6	1.120	ACATTC
1006940	1253	6m	2.863	CATTCC
1007011	238	6m	1.162	CATTCC
1007109	28	6m	1.298	CATTCC
1007122	259	o6	1.968	ACATTC
1007148	1661	7A1	1.736	CATTCC
1007189	41	o6	2.087	ACATTC
1007207	1218	o6	2.341	ACATTC
1007251	1028	6m	2.610	CATTCC
1007275	286	7A1	2.630	CATTCC
1007340	587	o6	2.544	ACATTC
1007364	2752	7A1	3.409	CATTCC
1007490	185	7m8	2.350	CATTCC
1007494	767	7m8	1.300	ACATTC
1007514	672	o6	3.032	ACATTC
1007629	433	o6	1.679	ACATTC
1007647	1691	7m8	3.034	ACATTC
1007758	2	8m	2.228	ACATTC
1007764	422	o6	1.116	ACATTC
1007764	1553	o6	1.237	ACATTC
1007788	750	o6	1.198	ACATTC
1007792	139	6m	2.425	CATTCC
1007803	119	7m8	1.467	ACATTC
1007812	2035	7A1	3.593	CATTCC
1007812	2217	6m	1.080	CATTCC
1007812	3678	6m	1.878	CATTCC
1007812	3987	6m	1.120	CATTCC
1007812	5502	o6	1.809	ACATTC
1007812	7132	6m	1.322	CATTCC
1007812	7164	7m8	1.689	ACATTC
1007821	9	o6	1.053	ACATTC
1007824	406	7m8	2.502	CATTCC
1007824	548	6m	2.472	CATTCC
1007843	136	7A1	1.666	CATTCC
1007843	271	6m	1.749	CATTCC
1007869	471	o6	1.213	ACATTC
1007980	517	o6	1.084	ACATTC
1008036	417	8m	2.638	ACATTC
1008090	529	o6	1.157	ACATTC
1008129	33	o6	2.719	ACATTC
1008145	203	o6	1.053	ACATTC
1008157	323	6m	2.190	CATTCC
1008213	251	7m8	3.435	ACATTC
1008217	30	o6	1.891	ACATTC
1008226	154	7A1	2.416	CATTCC
1008234	114	8m	1.787	ACATTC
1008240	582	o6	1.380	ACATTC
1008279	1881	o6	1.073	ACATTC
1008285	1753	7m8	1.168	CATTCC
1008313	291	6m	1.930	CATTCC
1008322	62	6m	1.053	CATTCC
1008363	436	6m	1.667	CATTCC
1008397	126	o6	1.284	ACATTC
1008412	161	o6	1.039	ACATTC
1008460	199	o6	1.401	ACATTC
1008477	94	6m	1.946	CATTCC
1008477	241	7A1	2.235	CATTCC
1008486	165	o6	1.053	ACATTC
1008492	195	o6	2.255	ACATTC
1008498	400	o6	1.780	ACATTC
1008606	596	o6	1.955	ACATTC
1008614	139	o6	2.377	ACATTC
1008707	1298	o6	2.054	ACATTC
1008716	127	o6	1.567	ACATTC
1008761	215	7m8	2.807	ACATTC
1008765	42	6m	2.201	CATTCC
1008780	310	6m	1.606	CATTCC
1008780	317	6m	1.606	CATTCC
1008803	130	7A1	1.687	CATTCC
1008827	102	7m8	2.544	CATTCC
1008890	754	6m	1.114	CATTCC
1008894	128	o6	1.060	ACATTC
1008923	71	o6	1.513	ACATTC
1008932	147	o6	2.325	ACATTC
1008957	608	o6	1.882	ACATTC
1009017	86	o6	1.369	ACATTC
1009026	53	7m8	2.497	ACATTC
1009026	423	7A1	1.609	CATTCC
1009083	273	o6	1.111	ACATTC
1009194	236	7A1	1.656	CATTCC
1009294	104	7m8	1.322	ACATTC
1009303	1123	7A1	1.945	CATTCC
1009328	85	8m	2.652	CATTCC
1009451	213	o6	2.057	ACATTC
1009479	105	7A1	1.148	CATTCC
1009487	177	o6	1.555	ACATTC
1009490	63	6m	2.448	CATTCC
1009511	63	o6	2.507	ACATTC
1009576	671	6m	1.181	CATTCC
1009647	664	7A1	2.376	CATTCC
1009699	14	o6	1.251	ACATTC
1009748	241	6m	2.770	CATTCC
1009748	1534	o6	1.251	ACATTC
1009834	2900	o6	1.562	ACATTC
1009844	29	7A1	3.232	CATTCC
1009873	20	7m8	2.173	ACATTC
1009902	112	o6	1.223	ACATTC
1009933	272	7A1	1.053	CATTCC
1009942	323	6m	1.425	CATTCC
1010011	38	7m8	1.229	ACATTC
1010082	190	6m	1.110	CATTCC
1010157	129	6m	1.285	CATTCC
1010160	1561	7A1	1.241	CATTCC
1010232	1586	o6	1.804	ACATTC
1010238	1213	o6	1.804	ACATTC
1010249	192	6m	2.377	CATTCC
1010250	972	7A1	3.286	CATTCC
1010274	323	o6	1.687	ACATTC
1010326	490	o6	2.003	ACATTC
1010343	31	6m	3.859	CATTCC
1010483	475	8m	1.606	ACATTC
1010533	1156	6m	2.854	CATTCC
1010625	140	7A1	1.682	CATTCC
1010697	254	6m	1.026	CATTCC
1010712	566	7A1	1.030	CATTCC
1010785	90	7A1	2.082	CATTCC
1010811	92	6m	2.349	CATTCC
1010862	696	7A1	2.674	CATTCC
1010862	768	o6	1.316	ACATTC
1010922	71	o6	1.561	ACATTC
1010938	356	7m8	2.463	ACATTC
1010950	688	o6	3.751	ACATTC
1010950	1550	7m8	2.597	CATTCC
1011042	687	o6	2.490	ACATTC
1011095	532	o6	1.484	ACATTC
1011107	1888	o6	1.241	ACATTC
1011206	82	6m	1.179	CATTCC
1011237	422	o6	1.312	ACATTC
1011306	16	7A1	1.804	CATTCC
1011379	485	7A1	1.818	CATTCC
1011403	403	7A1	2.504	CATTCC
1011425	483	o6	1.322	ACATTC
1011430	2316	o6	1.162	ACATTC
1011487	739	o6	1.830	ACATTC
1011487	1542	o6	2.214	ACATTC
1011623	37	6m	3.678	CATTCC
1011637	1280	8m	2.252	ACATTC
1011658	164	7m8	2.780	ACATTC
1011698	581	o6	2.065	ACATTC
1011698	596	o6	1.573	ACATTC
1011742	428	7A1	2.030	CATTCC
1011742	523	o6	2.599	ACATTC
1011743	286	7m8	1.484	CATTCC
1011743	349	o6	2.616	ACATTC
1011860	711	o6	1.184	ACATTC
1011860	732	o6	1.184	ACATTC
1011868	77	o6	2.007	ACATTC
1011868	97	7m8	2.073	ACATTC
1011892	607	6m	2.259	CATTCC
1011932	574	o6	2.863	ACATTC
1012002	415	6m	2.943	CATTCC
1012042	230	o6	2.377	ACATTC
1012057	24	8m	2.768	ACATTC
1012081	66	6m	1.322	CATTCC
1012084	174	7A1	1.174	CATTCC
1012262	816	o6	1.279	ACATTC
1012293	37	6m	2.207	CATTCC
1012326	25	7m8	2.226	ACATTC
1012368	76	7A1	1.996	CATTCC
1012377	545	6m	1.329	CATTCC
1012391	54	o6	1.322	ACATTC
1012398	487	o6	1.155	ACATTC
1012406	14	7m8	2.486	CATTCC
1012430	472	o6	1.073	ACATTC
1012543	302	8m	1.143	CATTCC
1012609	304	6m	3.187	CATTCC
1012685	43	6m	3.058	CATTCC
1012718	258	o6	2.872	ACATTC
1012813	44	o6	1.461	ACATTC
1012879	145	o6	2.025	ACATTC
1012882	408	6m	1.051	CATTCC
1012900	142	o6	1.606	ACATTC
1013109	117	6m	3.102	CATTCC
1013241	674	o6	2.065	ACATTC
1013246	548	7A1	2.397	CATTCC
1013383	312	7m8	3.034	ACATTC
1013444	444	6m	1.326	CATTCC
1013600	119	6m	1.256	CATTCC
1013670	323	o6	2.167	ACATTC
1013676	504	7A1	2.317	CATTCC
1013682	89	7A1	2.653	CATTCC
1013885	1998	o6	1.118	ACATTC
1014014	218	7m8	2.413	CATTCC
1014014	489	o6	1.328	ACATTC
1014235	362	7A1	2.029	CATTCC
1014349	626	o6	1.381	ACATTC
1014358	569	7A1	1.577	CATTCC
1014358	662	6m	2.116	CATTCC
1014473	268	6m	1.562	CATTCC
1014480	1964	6m	1.531	CATTCC
1014486	90	o6	2.122	ACATTC
1014644	435	6m	1.712	CATTCC
1014655	1645	6m	3.269	CATTCC
1014711	183	o6	1.099	ACATTC
1014844	114	7m8	1.139	CATTCC
1014859	331	7A1	2.054	CATTCC
1014859	1042	8m	1.934	ACATTC
1014883	68	6m	1.661	CATTCC
1014899	1436	o6	1.647	ACATTC
1014899	1671	o6	1.873	ACATTC
1014904	1747	7m8	2.252	ACATTC
1014988	6033	7m8	1.399	CATTCC
1014996	114	8m	1.306	CATTCC
1015041	4408	7A1	1.213	CATTCC
1015041	5237	o6	1.567	ACATTC
1015062	1221	6m	2.215	CATTCC
1015091	1683	o6	2.103	ACATTC
1015101	72	7m8	1.796	ACATTC
1015145	1117	o6	1.329	ACATTC
1015145	2776	o6	1.190	ACATTC
1015162	140	o6	3.034	ACATTC
1015192	170	6m	1.701	CATTCC
1015285	88	o6	2.068	ACATTC
1015291	832	o6	1.300	ACATTC
1015369	354	7A1	2.544	CATTCC
1015375	1653	o6	1.431	ACATTC
1015375	2225	o6	1.014	ACATTC
1015375	2747	7A1	1.937	CATTCC
1015394	1262	7A1	2.730	CATTCC
1015418	1299	7A1	1.310	CATTCC
1015444	419	8m	2.025	CATTCC
1015471	460	7m8	2.073	ACATTC
1015493	1145	7m8	2.098	ACATTC
1015504	55	6m	2.807	CATTCC
1015526	1827	o6	2.187	ACATTC
1015526	3391	7m8	1.120	CATTCC
1015590	136	o6	1.241	ACATTC
1015637	788	7A1	1.606	CATTCC
1015778	894	o6	1.208	ACATTC
1015784	689	7m8	2.757	CATTCC
1015819	124	7m8	1.245	ACATTC
1015826	662	o6	1.322	ACATTC
1015870	826	o6	2.516	ACATTC
1016007	133	7m8	1.522	ACATTC
1016016	1219	o6	1.246	ACATTC
1016016	2193	o6	1.977	ACATTC
1016019	270	6m	1.570	CATTCC
1016019	1902	7m8	1.322	CATTCC
1016020	116	7m8	1.015	ACATTC
1016020	370	o6	1.687	ACATTC
1016037	22	6m	2.703	CATTCC
1016146	45	6m	1.687	CATTCC
1016146	178	7m8	2.544	CATTCC
1016158	68	o6	1.781	ACATTC
1016184	706	o6	1.687	ACATTC
1016239	31	6m	1.082	CATTCC
1016256	208	o6	1.468	ACATTC
1016284	347	6m	1.315	CATTCC
1016419	34	o6	1.658	ACATTC
1016449	1645	o6	1.434	ACATTC
1016475	246	7m8	2.158	ACATTC
1016475	403	6m	2.778	CATTCC
1016476	62	o6	1.021	ACATTC
1016521	17	7A1	1.297	CATTCC
1016557	374	o6	2.265	ACATTC
1016557	390	o6	2.400	ACATTC
1016566	677	8m	3.058	ACATTC
1016574	479	7m8	2.094	ACATTC
1016574	497	7A1	1.515	CATTCC
1016574	598	6m	1.291	CATTCC
1016574	5250	o6	1.957	ACATTC
1016620	2364	8m	2.544	ACATTC
1016632	80	6m	2.672	CATTCC
1016685	1328	o6	1.647	ACATTC
1016695	71	7m8	3.150	CATTCC
1016695	962	7m8	2.415	CATTCC
1016698	2137	o6	2.016	ACATTC
1016787	238	7A1	2.010	CATTCC
1016794	672	7m8	2.107	CATTCC
1016823	225	7m8	2.462	CATTCC
1016838	442	8m	2.544	ACATTC
1016839	91	o6	2.606	ACATTC
1016856	222	7A1	3.034	CATTCC
1016899	142	8m	3.034	ACATTC
1016931	293	8m	1.471	ACATTC
1016985	169	o6	1.471	ACATTC
1016998	376	o6	1.084	ACATTC
1017043	20	o6	1.903	ACATTC
1017099	4	o6	1.548	ACATTC
1017168	637	o6	1.601	ACATTC
1017194	464	o6	1.081	ACATTC
1017224	383	8m	3.232	ACATTC
1017287	21	6m	2.394	CATTCC
1017290	180	8m	2.220	CATTCC
1017348	177	7m8	2.493	ACATTC
1017384	37	o6	2.413	ACATTC
1017457	65	o6	1.034	ACATTC
1017457	225	6m	3.545	CATTCC
1017496	222	8m	2.561	CATTCC
1017496	707	6m	1.966	CATTCC
1017511	2043	7A1	2.981	CATTCC
1017524	415	o6	1.322	ACATTC
1017557	1016	7A1	2.502	CATTCC
1017599	377	6m	1.500	CATTCC
1017608	54	6m	2.073	CATTCC
1017630	364	7A1	1.687	CATTCC
1017630	420	o6	1.016	ACATTC
1017727	165	6m	1.284	CATTCC
1017818	147	o6	3.028	ACATTC
1017826	231	o6	2.040	ACATTC
1017848	146	6m	1.235	CATTCC
1017874	85	7A1	2.943	CATTCC
1018056	144	o6	1.853	ACATTC
1018077	103	o6	1.680	ACATTC
1018189	179	6m	1.169	CATTCC
1018189	529	7A1	1.693	CATTCC
1018243	1154	o6	1.848	ACATTC
1018243	2472	o6	2.519	ACATTC
1018248	1154	6m	1.990	CATTCC
1018257	85	6m	2.188	CATTCC
1018268	1550	o6	1.997	ACATTC
1018278	47	7m8	2.606	ACATTC
1018293	260	o6	1.897	ACATTC
1018322	382	8m	1.020	CATTCC
1018358	91	6m	2.544	CATTCC
1018661	680	6m	1.774	CATTCC
1018661	1144	7m8	2.264	ACATTC
1018678	1095	o6	1.304	ACATTC
1018702	651	o6	2.207	ACATTC
1018732	563	8m	1.424	CATTCC
1018872	63	o6	1.053	ACATTC
1019041	65	7A1	2.986	CATTCC
1019049	842	7A1	2.863	CATTCC
1019113	50	7A1	2.280	CATTCC
1019147	2338	7A1	2.807	CATTCC
1019198	542	6m	1.040	CATTCC
1019314	408	7m8	2.522	ACATTC
1019323	75	6m	3.076	CATTCC
1019354	407	o6	1.141	ACATTC
1019413	33	7A1	1.606	CATTCC
1019413	89	o6	1.803	ACATTC
1019514	3058	o6	1.053	ACATTC
1019514	3329	7A1	1.082	CATTCC
1019573	66	8m	2.161	ACATTC
1019669	170	6m	1.255	CATTCC
1019691	376	7m8	2.194	CATTCC
1019761	168	o6	2.508	ACATTC
1019761	355	o6	1.553	ACATTC
1019767	73	8m	1.577	ACATTC
1019805	59	6m	2.596	CATTCC
1019859	170	o6	1.617	ACATTC
1019916	25	7m8	3.366	ACATTC
1019925	648	o6	1.563	ACATTC
1019975	16	6m	2.168	CATTCC
1019983	97	6m	2.462	CATTCC
1019983	413	6m	2.017	CATTCC
1020059	816	8m	2.608	CATTCC
1020139	1016	6m	1.606	CATTCC
1020149	47	o6	1.053	ACATTC
1020219	2119	o6	2.460	ACATTC
1020227	653	6m	1.029	CATTCC
1020253	1948	o6	2.030	ACATTC
1020280	873	o6	1.241	ACATTC
1020504	9	6m	2.076	CATTCC
1020519	239	o6	2.608	ACATTC
1020550	100	o6	1.319	ACATTC
1020564	306	o6	2.415	ACATTC
1020564	1047	o6	1.284	ACATTC
1020615	1573	8m	2.502	CATTCC
1020686	128	o6	1.002	ACATTC
1020791	46	o6	1.120	ACATTC
1020995	32	o6	1.589	ACATTC
1021178	340	7A1	1.440	CATTCC
1021248	419	o6	2.116	ACATTC
1021276	17	8m	3.100	ACATTC
1021347	206	8m	1.629	CATTCC
1021452	298	8m	3.620	ACATTC
1021519	7	7m8	1.948	CATTCC
1021519	189	o6	1.114	ACATTC
1021540	622	6m	2.515	CATTCC
1021556	40	8m	2.991	CATTCC
1021608	1323	o6	1.803	ACATTC
1021645	208	o6	1.007	ACATTC
1021672	32	o6	2.262	ACATTC
1021699	43	7m8	2.317	CATTCC
1021712	111	o6	2.166	ACATTC
1021721	55	o6	2.091	ACATTC
1021742	10	6m	3.066	CATTCC
1021834	92	6m	2.255	CATTCC
1021850	501	o6	1.565	ACATTC
1021850	770	6m	1.441	CATTCC
1021905	187	8m	1.135	ACATTC
1021941	1022	6m	2.331	CATTCC
1021962	2022	o6	2.070	ACATTC
1022005	263	6m	2.660	CATTCC
1022038	159	6m	2.689	CATTCC
1022038	165	6m	2.816	CATTCC
1022043	347	7A1	1.730	CATTCC
1022094	12	6m	2.048	CATTCC
1022101	407	o6	1.006	ACATTC
1022101	1054	o6	1.649	ACATTC
1022116	110	6m	1.941	CATTCC
1022165	728	o6	3.047	ACATTC
1022180	242	7m8	1.917	ACATTC
1022224	0	6m	2.403	CATTCC
1022282	22	6m	1.227	CATTCC
1022338	249	o6	1.240	ACATTC
1022338	1290	7A1	1.605	CATTCC
1022364	232	6m	1.124	CATTCC
1022383	521	7A1	2.220	CATTCC
1022383	745	o6	2.220	ACATTC
1022443	422	8m	2.483	ACATTC
1022443	1038	6m	2.654	CATTCC
1022457	348	6m	2.544	CATTCC
1022495	1356	o6	1.031	ACATTC
1022495	2503	7m8	1.995	ACATTC
1022495	2909	8m	1.875	ACATTC
1022531	1411	7m8	1.383	ACATTC
1022583	286	7m8	1.373	ACATTC
1022698	41	o6	1.267	ACATTC
1022710	205	8m	1.322	ACATTC
1022813	63	o6	1.642	ACATTC
1022837	18	6m	2.269	CATTCC
1022843	26	8m	1.690	CATTCC
1022843	249	7A1	2.680	CATTCC
1022904	117	7A1	1.529	CATTCC
1022941	1112	8m	1.658	ACATTC
1023062	101	8m	1.974	ACATTC
1023080	162	7A1	1.328	CATTCC
1023085	844	8m	2.076	CATTCC
1023091	329	o6	1.240	ACATTC
1023100	1007	6m	2.386	CATTCC
1023100	1297	o6	1.258	ACATTC
1023104	1100	o6	2.660	ACATTC
1023127	504	o6	1.325	ACATTC
1023154	864	7m8	1.288	ACATTC
1023157	894	o6	2.342	ACATTC
1023167	531	6m	3.347	CATTCC
1023219	1063	o6	2.070	ACATTC
1023271	588	8m	1.283	ACATTC
1023278	70	o6	1.427	ACATTC
1023278	134	7m8	2.212	CATTCC
1023281	65	7A1	3.449	CATTCC
1023292	258	6m	2.425	CATTCC
1023320	52	o6	1.179	ACATTC
1023391	375	8m	2.552	CATTCC
1023426	371	7A1	2.161	CATTCC
1023443	894	o6	2.158	ACATTC
1023503	194	o6	1.969	ACATTC
1023572	1310	8m	2.047	ACATTC
1023572	1903	7m8	3.177	CATTCC
1023585	540	o6	1.789	ACATTC
1023594	1420	o6	1.322	ACATTC
1023622	2	7A1	3.638	CATTCC
1023658	29	o6	4.339	ACATTC
1023661	438	7A1	1.690	CATTCC
1023712	561	7A1	1.322	CATTCC
1023724	18	7m8	1.405	CATTCC
1023727	646	o6	1.524	ACATTC
1023790	54	o6	2.255	ACATTC
1023790	3775	o6	1.135	ACATTC
1023802	245	o6	1.264	ACATTC
1023882	2991	6m	1.053	CATTCC
1023885	811	6m	2.151	CATTCC
1023885	3667	7m8	1.087	ACATTC
1023897	890	o6	2.472	ACATTC
1023912	269	6m	1.533	CATTCC
1023952	6	o6	1.325	ACATTC
1023964	27	6m	2.020	CATTCC
1023971	48	8m	2.160	CATTCC
1023980	733	o6	1.577	ACATTC
1024003	170	7m8	2.061	ACATTC
1024031	1966	6m	1.982	CATTCC
1024057	21	6m	1.723	CATTCC
1024118	100	o6	2.660	ACATTC
1024159	677	o6	2.449	ACATTC
1024195	83	o6	1.969	ACATTC
1024223	195	6m	1.937	CATTCC
1024223	201	6m	2.192	CATTCC
1024229	304	o6	2.476	ACATTC
1024244	98	6m	1.053	CATTCC
1024255	62	7A1	1.141	CATTCC
1024286	22	6m	2.005	CATTCC
1024301	2	7m8	2.962	ACATTC
1024393	1258	o6	2.177	ACATTC
1024393	1281	o6	1.735	ACATTC
1024418	442	6m	2.541	CATTCC
1024448	2032	7A1	2.500	CATTCC
1024465	492	6m	3.082	CATTCC
1024510	239	7A1	1.244	CATTCC
1024525	553	6m	2.344	CATTCC
1024540	28	7m8	3.187	ACATTC
1024559	129	7A1	2.544	CATTCC
1024582	403	o6	3.347	ACATTC
1024609	116	7m8	2.026	CATTCC
1024648	729	8m	1.765	ACATTC
1024648	765	7A1	1.156	CATTCC
1024648	10779	o6	1.053	ACATTC
1024654	956	7A1	2.544	CATTCC
1024694	529	o6	1.220	ACATTC
1024721	657	7A1	2.682	CATTCC
1024730	168	6m	1.511	CATTCC
1024763	450	7A1	2.507	CATTCC
1024807	50	8m	1.152	CATTCC
1024935	1727	o6	1.755	ACATTC
1024956	2141	8m	2.635	CATTCC
1024971	514	7A1	2.064	CATTCC
1025022	71	6m	2.313	CATTCC
1025022	2146	7A1	1.281	CATTCC
1025029	3700	7A1	1.593	CATTCC
1025032	329	7A1	2.544	CATTCC
1025059	1915	o6	1.875	ACATTC
1025158	473	7m8	3.252	ACATTC
1025210	142	o6	1.271	ACATTC
1025221	308	8m	1.780	CATTCC
1025221	313	6m	2.277	CATTCC
1025221	337	7A1	2.383	CATTCC
1025229	139	o6	1.504	ACATTC
1025262	136	o6	1.990	ACATTC
1025275	1195	7m8	1.529	CATTCC
1025293	41	o6	1.954	ACATTC
1025308	247	o6	2.025	ACATTC
1025319	128	7A1	1.489	CATTCC
1025332	5	6m	1.084	CATTCC
1025340	1989	o6	2.302	ACATTC
1025367	672	o6	1.311	ACATTC
1025391	7	o6	2.296	ACATTC
1025427	698	o6	3.232	ACATTC
1025479	23	7A1	2.212	CATTCC
1025533	266	o6	2.192	ACATTC
1025614	480	6m	1.354	CATTCC
1025614	838	o6	1.255	ACATTC
1025672	398	7A1	1.321	CATTCC
1025724	291	7m8	1.595	ACATTC
1025730	74	8m	3.224	ACATTC
1025755	689	7A1	2.610	CATTCC
1025821	66	6m	2.266	CATTCC
1025904	223	7m8	1.898	CATTCC
1025929	1644	7m8	2.640	CATTCC
1025941	171	6m	1.154	CATTCC
1025941	177	6m	1.154	CATTCC
1025952	98	8m	2.262	CATTCC
1026012	450	6m	2.506	CATTCC
1026074	195	7m8	2.361	CATTCC
1026117	415	o6	1.392	ACATTC
1026129	66	6m	1.780	CATTCC
1026150	549	6m	1.690	CATTCC
1026221	93	o6	1.085	ACATTC
1026250	55	6m	2.462	CATTCC
1026384	243	8m	1.322	ACATTC
1026525	821	6m	2.172	CATTCC
1026545	402	o6	1.049	ACATTC
1026545	1138	o6	1.195	ACATTC
1026636	76	6m	1.020	CATTCC
1026652	639	8m	2.594	ACATTC
1026652	697	o6	1.519	ACATTC
1026687	5	7A1	1.029	CATTCC
1026688	2195	7A1	1.105	CATTCC
1026711	1372	o6	2.608	ACATTC
1026711	3426	8m	1.328	ACATTC
1026711	4220	6m	1.032	CATTCC
1026711	4226	6m	1.032	CATTCC
1026761	536	6m	2.317	CATTCC
1026812	119	8m	2.025	ACATTC
1026841	3191	6m	2.024	CATTCC
1026920	87	8m	1.943	ACATTC
1026921	670	o6	1.283	ACATTC
1026930	92	8m	2.692	ACATTC
1026930	278	o6	1.101	ACATTC
1026965	2176	o6	1.818	ACATTC
1027007	572	7m8	1.257	ACATTC
1027187	252	7A1	1.580	CATTCC
1027187	443	7m8	1.169	ACATTC
1027287	190	7A1	3.062	CATTCC
1027543	195	7A1	1.053	CATTCC
1027716	45	7A1	3.324	CATTCC
1027764	1064	6m	1.973	CATTCC
1027781	116	o6	2.187	ACATTC
1027817	16	6m	1.702	CATTCC
1027891	913	7A1	1.647	CATTCC
1027891	1137	7A1	2.691	CATTCC
1028023	778	o6	1.316	ACATTC
1028082	19	6m	1.606	CATTCC
1028093	242	7A1	1.606	CATTCC
1028106	348	6m	1.255	CATTCC
1028112	1041	o6	2.084	ACATTC
1028161	125	7m8	1.485	CATTCC
1028193	42	o6	1.336	ACATTC
1028230	969	7m8	1.635	ACATTC
1028272	14	6m	1.164	CATTCC
1028365	21	8m	1.541	CATTCC
1028372	65	o6	1.328	ACATTC
1028381	104	7A1	1.952	CATTCC
1028396	96	7A1	2.949	CATTCC
1028472	169	6m	1.212	CATTCC
1028478	32	o6	1.879	ACATTC
1028527	1044	6m	1.251	CATTCC
1028559	707	8m	2.088	CATTCC
1028710	492	6m	1.904	CATTCC
1028734	2962	7A1	1.073	CATTCC
1028764	128	7A1	1.155	CATTCC
1028791	209	6m	2.021	CATTCC
1028923	395	o6	2.295	ACATTC
1028941	61	o6	1.822	ACATTC
1029046	66	o6	1.193	ACATTC
1029076	178	7A1	2.220	CATTCC
1029079	20	8m	2.147	ACATTC
1029115	162	6m	1.609	CATTCC
1029192	1725	o6	1.577	ACATTC
1029369	2268	6m	1.975	CATTCC
1029504	389	6m	1.437	CATTCC
1029561	85	7A1	1.415	CATTCC
1029564	1069	o6	1.190	ACATTC
1029616	60	8m	2.227	CATTCC
1029635	173	6m	1.489	CATTCC
1029662	16	o6	1.500	ACATTC
1029673	222	8m	2.493	ACATTC
1029679	419	7A1	2.523	CATTCC
1029697	452	7m8	2.235	CATTCC
1029749	1796	6m	3.087	CATTCC
1029778	208	o6	1.032	ACATTC
1029847	322	o6	1.120	ACATTC
1029909	320	7A1	2.434	CATTCC
1029915	133	7m8	2.661	ACATTC
1029944	332	6m	2.476	CATTCC
1030009	101	6m	1.649	CATTCC
1030009	109	6m	1.649	CATTCC
1030136	97	o6	1.618	ACATTC
1030231	166	o6	1.383	ACATTC
1030245	567	o6	2.501	ACATTC
1030245	596	o6	1.573	ACATTC
1030258	394	o6	2.317	ACATTC
1030266	105	o6	2.720	ACATTC
1030266	121	8m	3.005	ACATTC
1030266	1344	8m	2.631	CATTCC
1030332	82	7m8	1.322	ACATTC
1030340	39	6m	2.248	CATTCC
1030432	74	7A1	2.275	CATTCC
1030432	85	6m	2.807	CATTCC
1030471	66	o6	1.687	ACATTC
1030477	271	o6	2.221	ACATTC
1030491	249	o6	1.404	ACATTC
1030491	255	o6	1.609	ACATTC
1030565	9	7m8	2.069	CATTCC
1030631	339	7m8	2.603	ACATTC
1030653	46	6m	2.210	CATTCC
1030653	58	6m	1.859	CATTCC
1030674	10	6m	1.457	CATTCC
1030692	2045	o6	1.415	ACATTC
1030713	426	7m8	2.533	ACATTC
1030716	321	o6	1.159	ACATTC
1030722	41	8m	3.221	ACATTC
1030782	1313	7m8	1.314	ACATTC
1030795	44	6m	1.199	CATTCC
1030879	61	6m	1.818	CATTCC
1030882	109	o6	1.320	ACATTC
1030912	353	7m8	1.322	ACATTC
1031001	187	7A1	1.439	CATTCC
1031090	88	o6	1.163	ACATTC
1031153	241	7A1	2.807	CATTCC
1031223	475	o6	1.104	ACATTC
1031284	190	o6	2.319	ACATTC
1031321	313	7m8	2.858	ACATTC
1031322	209	o6	1.861	ACATTC
1031375	1072	7A1	2.694	CATTCC
1031404	209	6m	2.025	CATTCC
1031456	39	6m	2.159	CATTCC
1031495	241	6m	1.317	CATTCC
1031541	715	7A1	1.193	CATTCC
1031833	1060	7m8	1.316	CATTCC
1031883	2890	8m	2.344	CATTCC
1031887	574	o6	1.980	ACATTC
1031906	1027	7m8	1.108	ACATTC
1031975	374	o6	1.773	ACATTC
1031994	1025	o6	1.670	ACATTC
1031994	1491	7m8	2.330	ACATTC
1032009	99	7A1	2.350	CATTCC
1032145	32	o6	1.956	ACATTC
1032182	301	6m	1.399	CATTCC
1032191	81	o6	1.006	ACATTC
1032264	87	8m	1.373	ACATTC
1032282	279	o6	1.960	ACATTC
1032285	443	o6	1.850	ACATTC
1032285	2265	o6	1.960	ACATTC
1032292	484	6m	1.691	CATTCC
1032295	2339	7m8	1.668	ACATTC
1032310	80	7m8	2.350	ACATTC
1032369	2671	6m	1.260	CATTCC
1032471	1162	o6	1.161	ACATTC
1032508	1120	o6	1.503	ACATTC
1032508	1897	o6	4.009	ACATTC
1032664	77	7A1	1.702	CATTCC
1032675	535	8m	2.033	ACATTC
1032678	20	o6	1.196	ACATTC
1032693	844	7A1	2.807	CATTCC
1032693	2297	o6	1.808	ACATTC
1032713	1410	7A1	1.016	CATTCC
1032738	281	o6	1.000	ACATTC
1032822	1046	7A1	2.517	CATTCC
1032832	254	o6	1.322	ACATTC
1032843	384	7A1	1.651	CATTCC
1032902	915	8m	1.295	CATTCC
1032929	289	6m	1.859	CATTCC
1032965	1726	7A1	1.322	CATTCC
1032987	1087	8m	1.176	ACATTC
1032987	1935	o6	1.100	ACATTC
1032987	1980	o6	2.504	ACATTC
1033008	2758	7A1	3.034	CATTCC
1033038	97	7m8	1.940	ACATTC
1033041	19	7m8	1.665	ACATTC
1033079	5	o6	2.781	ACATTC
1033141	1566	o6	1.562	ACATTC
1033141	3276	o6	2.025	ACATTC
1033141	3284	o6	2.552	ACATTC
1033187	694	7m8	2.073	CATTCC
1033190	11	7m8	2.854	CATTCC
1033217	136	8m	2.235	CATTCC
1033313	86	o6	1.048	ACATTC
1033328	1798	o6	1.126	ACATTC
1033384	217	7A1	1.209	CATTCC
1033469	775	6m	3.034	CATTCC
1033488	277	7A1	2.910	CATTCC
1033488	1445	o6	1.780	ACATTC
1033535	439	o6	2.409	ACATTC
1033565	356	7m8	2.196	CATTCC
1033565	1397	o6	1.375	ACATTC
1033565	1686	6m	1.366	CATTCC
1033565	3909	6m	1.290	CATTCC
1033571	3200	o6	1.931	ACATTC
1033598	628	8m	1.824	ACATTC
1033598	4424	o6	1.016	ACATTC
1033616	2235	o6	1.792	ACATTC
1033637	22	6m	2.455	CATTCC
1033685	430	6m	4.230	CATTCC
1033691	51	o6	1.074	ACATTC
1033735	707	o6	1.053	ACATTC
1033815	20	8m	1.550	CATTCC
1033824	673	6m	1.893	CATTCC
1033824	1373	7A1	2.548	CATTCC
1033827	281	o6	1.224	ACATTC
1033855	24	8m	2.320	ACATTC
1033877	2015	6m	1.298	CATTCC
1033883	93	o6	1.148	ACATTC
1033907	46	6m	1.033	CATTCC
1033978	605	6m	2.741	CATTCC
1033987	353	6m	1.721	CATTCC
1034031	1202	o6	1.218	ACATTC
1034047	427	7m8	4.246	ACATTC
1034068	6556	o6	1.545	ACATTC
1034160	581	6m	1.866	CATTCC
1034164	788	6m	2.912	CATTCC
1034235	370	7A1	3.095	CATTCC
1034331	2127	6m	1.110	CATTCC
1034331	4075	8m	1.360	ACATTC
1034397	1421	o6	1.328	ACATTC
1034397	2304	o6	1.073	ACATTC
1034397	2313	o6	1.073	ACATTC
1034460	172	o6	1.169	ACATTC
1034460	186	o6	2.390	ACATTC
1034488	80	8m	1.165	CATTCC
1034539	908	o6	1.690	ACATTC
1034569	3738	7A1	1.320	CATTCC
1034735	28	8m	2.317	CATTCC
1034739	988	6m	1.077	CATTCC
1034745	122	6m	2.302	CATTCC
1034772	187	7m8	2.429	CATTCC
1034787	22	o6	1.516	ACATTC
1034795	77	6m	2.231	CATTCC
1034842	269	7A1	3.026	CATTCC
1034917	518	o6	1.006	ACATTC
1034923	22	7m8	2.371	CATTCC
1034953	441	6m	2.471	CATTCC
1034972	171	7m8	1.018	ACATTC
1035004	90	o6	2.044	ACATTC
1035093	246	o6	1.376	ACATTC
1035121	55	6m	3.449	CATTCC
1035136	525	o6	3.026	ACATTC
1035147	165	7A1	2.508	CATTCC
1035169	104	6m	2.044	CATTCC
1035198	493	8m	2.058	ACATTC
1035198	2601	6m	2.058	CATTCC
1035207	270	6m	2.073	CATTCC
1035213	1751	6m	1.551	CATTCC
1035248	2954	o6	2.095	ACATTC
1035260	535	o6	3.405	ACATTC
1035263	4	7A1	1.405	CATTCC
1035311	72	8m	1.759	CATTCC
1035380	63	6m	1.188	CATTCC
1035384	213	6m	2.612	CATTCC
1035426	712	8m	2.383	ACATTC
1035426	717	7A1	2.383	CATTCC
1035447	1523	o6	2.743	ACATTC
1035476	109	o6	1.051	ACATTC
1035476	727	7m8	1.579	CATTCC
1035476	766	o6	1.925	ACATTC
1035530	299	6m	2.261	CATTCC
1035530	330	o6	1.627	ACATTC
1035554	4	o6	1.679	ACATTC
1035566	463	8m	2.432	ACATTC
1035566	773	8m	3.595	CATTCC
1035569	12603	6m	2.254	CATTCC
1035569	17833	o6	2.383	ACATTC
1035594	124	6m	4.077	CATTCC
1035597	80	7m8	1.256	CATTCC
1035602	199	7A1	2.123	CATTCC
1035719	77	8m	1.288	ACATTC
1035723	177	o6	1.623	ACATTC
1035773	1493	o6	1.046	ACATTC
1035786	230	o6	1.615	ACATTC
1035798	711	8m	3.069	CATTCC
1035798	2269	o6	1.563	ACATTC
1035801	3096	6m	1.164	CATTCC
1035809	488	7m8	1.606	ACATTC
1035822	462	o6	1.109	ACATTC
1035945	626	o6	1.227	ACATTC
1035974	1854	7A1	1.328	CATTCC
1036001	2206	o6	1.513	ACATTC
1036001	2237	o6	1.640	ACATTC
1036059	32	7m8	2.523	CATTCC
1036127	3130	6m	1.284	CATTCC
1036127	3847	o6	1.688	ACATTC
1036127	6238	o6	1.530	ACATTC
1036127	7067	8m	1.242	CATTCC
1036127	12579	o6	1.295	ACATTC
1036170	285	8m	3.081	ACATTC
1036203	567	6m	1.676	CATTCC
1036290	738	6m	1.690	CATTCC
1036343	1336	o6	2.604	ACATTC
1036381	479	o6	1.284	ACATTC
1036381	3389	o6	3.980	ACATTC
1036404	532	6m	3.274	CATTCC
1036404	585	7A1	2.778	CATTCC
1036404	2357	7A1	3.657	CATTCC
1036419	1655	o6	2.362	ACATTC
1036437	85	6m	2.008	CATTCC
1036449	205	o6	2.808	ACATTC
1036449	2569	6m	3.120	CATTCC
1036486	174	o6	3.657	ACATTC
1036537	1957	o6	1.702	ACATTC
1036566	203	6m	1.906	CATTCC
1036568	1685	o6	1.974	ACATTC
1036568	2915	o6	2.005	ACATTC
1036601	671	o6	1.478	ACATTC
1036601	1622	7A1	1.349	CATTCC
1036739	71	o6	1.212	ACATTC
1036745	444	6m	1.061	CATTCC
1036788	2418	o6	1.374	ACATTC
1036913	56	6m	1.053	CATTCC
1036995	106	o6	2.905	ACATTC
1036995	155	7m8	1.413	CATTCC
1037051	487	o6	1.056	ACATTC
1037095	48	o6	1.794	ACATTC
1037150	63	7A1	1.271	CATTCC
1037153	175	o6	2.762	ACATTC
1037164	405	6m	2.470	CATTCC
1037164	474	8m	3.740	ACATTC
1037164	537	7A1	3.280	CATTCC
1037191	959	o6	1.521	ACATTC
1037207	33	6m	2.643	CATTCC
1037312	3	7m8	1.212	CATTCC
1037324	77	7A1	2.182	CATTCC
1037339	1919	7m8	2.581	ACATTC
1037360	3	6m	3.710	CATTCC
1037395	30	7m8	2.915	CATTCC
1037398	967	o6	1.469	ACATTC
1037398	995	6m	1.374	CATTCC
1037414	324	6m	1.936	CATTCC
1037507	422	8m	2.405	CATTCC
1037515	36	7m8	1.739	CATTCC
1037519	72	6m	1.510	CATTCC
1037615	69	o6	2.007	ACATTC
1037621	50	7m8	1.288	ACATTC
1037824	114	o6	1.798	ACATTC
1037845	732	7m8	2.194	ACATTC
1037845	775	7A1	2.194	CATTCC
1037850	744	o6	1.457	ACATTC
1038055	240	7m8	1.151	CATTCC
1038067	150	o6	2.755	ACATTC
1038067	563	7m8	2.776	ACATTC
1038153	220	o6	2.311	ACATTC
1038192	477	6m	2.654	CATTCC
1038214	819	o6	1.855	ACATTC
1038214	944	o6	1.663	ACATTC
1038214	1650	o6	1.579	ACATTC
1038214	1749	8m	2.681	CATTCC
1038228	150	o6	1.063	ACATTC
1038235	162	6m	1.829	CATTCC
1038258	33	7A1	1.447	CATTCC
1038272	12	o6	1.049	ACATTC
1038273	216	7A1	3.232	CATTCC
1038273	463	7m8	1.818	ACATTC
1038285	730	6m	1.861	CATTCC
1038293	2450	7m8	1.031	ACATTC
1038303	274	7A1	1.320	CATTCC
1038342	924	8m	2.961	ACATTC
1038342	1142	o6	2.803	ACATTC
1038378	311	6m	3.417	CATTCC
1038485	325	o6	2.854	ACATTC
1038521	1273	o6	1.521	ACATTC
1038544	1139	6m	1.056	CATTCC
1038571	562	8m	1.047	ACATTC
1038640	1845	o6	1.220	ACATTC
1038640	2329	o6	1.176	ACATTC
1038686	842	6m	1.955	CATTCC
1038707	97	8m	2.137	CATTCC
1038727	506	6m	2.452	CATTCC
1038743	22	o6	2.571	ACATTC
1038791	357	o6	1.016	ACATTC
1038803	16	6m	1.399	CATTCC
1038873	133	o6	3.169	ACATTC
1038920	203	o6	1.970	ACATTC
1038929	92	o6	3.333	ACATTC
1038933	830	o6	2.518	ACATTC
1038965	358	7A1	1.100	CATTCC
1038992	81	o6	2.920	ACATTC
1039004	40	7A1	1.041	CATTCC
1039033	534	o6	2.345	ACATTC
1039073	479	8m	2.377	CATTCC
1039151	307	7A1	1.457	CATTCC
1039199	326	7m8	1.457	CATTCC
1039199	891	7A1	1.457	CATTCC
1039224	227	o6	1.150	ACATTC
1039258	33	7A1	1.802	CATTCC
1039285	2855	7A1	1.546	CATTCC
1039292	59	7A1	1.356	CATTCC
1039300	322	o6	1.515	ACATTC
1039376	632	o6	1.281	ACATTC
1039536	107	7A1	1.045	CATTCC
1039556	660	o6	3.743	ACATTC
1039557	2022	7A1	2.073	CATTCC
1039578	25	o6	1.124	ACATTC
1039578	98	o6	1.033	ACATTC
1039578	3293	6m	1.906	CATTCC
1039711	70	7A1	1.211	CATTCC
1039711	89	7A1	1.571	CATTCC
1039711	390	7m8	2.376	ACATTC
1039759	364	7A1	1.276	CATTCC
1039783	177	o6	1.368	ACATTC
1039800	331	7A1	2.781	CATTCC
1039805	1600	o6	1.957	ACATTC
1039808	715	7A1	1.565	CATTCC
1039811	670	7A1	1.565	CATTCC
1039853	1767	o6	2.475	ACATTC
1039853	4542	o6	2.781	ACATTC
1039853	6289	6m	1.434	CATTCC
1039853	6295	6m	1.385	CATTCC
1039908	2744	o6	1.907	ACATTC
1039941	10	6m	1.045	CATTCC
1040012	2972	o6	1.403	ACATTC
1040031	539	6m	2.475	CATTCC
1040037	704	7A1	1.565	CATTCC
1040058	4103	7A1	1.120	CATTCC
1040088	191	o6	2.020	ACATTC
1040088	241	o6	1.049	ACATTC
1040115	754	6m	2.776	CATTCC
1040135	541	o6	1.048	ACATTC
1040136	997	6m	1.252	CATTCC
1040136	1155	8m	1.485	ACATTC
1040136	1786	o6	1.479	ACATTC
1040165	300	8m	2.522	ACATTC
1040165	2041	7A1	1.220	CATTCC
1040172	19	o6	1.084	ACATTC
1040202	2401	o6	3.052	ACATTC
1040205	66	o6	2.269	ACATTC
1040214	2670	o6	1.026	ACATTC
1040214	2941	o6	1.606	ACATTC
1040228	292	7A1	1.356	CATTCC
1040237	1130	7A1	1.515	CATTCC
1040294	1642	7A1	3.327	CATTCC
1040298	5340	o6	1.484	ACATTC
1040304	1782	7m8	2.286	CATTCC
1040331	456	o6	1.934	ACATTC
1040337	3225	o6	1.129	ACATTC
1040386	79	o6	1.929	ACATTC
1040392	1229	o6	1.073	ACATTC
1040434	1458	7A1	1.297	CATTCC
1040434	1474	8m	1.257	ACATTC
1040438	302	o6	2.459	ACATTC
1040444	1228	o6	1.042	ACATTC
1040479	332	6m	1.407	CATTCC
1040479	1051	o6	1.604	ACATTC
1040483	734	o6	1.813	ACATTC
1040500	796	o6	4.068	ACATTC
1040538	1728	o6	1.567	ACATTC
1040553	1573	6m	2.694	CATTCC
1040647	262	7A1	1.121	CATTCC
1040650	262	7A1	1.121	CATTCC
