1000021	105	6m	1.284	CGCACA
1000057	303	7m8	1.284	ACGCAC
1000066	826	6m	1.873	CGCACA
1000069	551	6m	2.209	CGCACA
1000090	538	o6	1.481	ACGCAC
1000138	142	7A1	2.233	CGCACA
1000146	688	7A1	1.073	CGCACA
1000177	173	8m	1.514	ACGCAC
1000278	6	7m8	1.151	CGCACA
1000385	231	o6	1.930	ACGCAC
1000386	40	o6	1.658	ACGCAC
1000478	639	6m	1.311	CGCACA
1000478	869	7m8	2.051	ACGCAC
1000478	883	6m	2.675	CGCACA
1000493	1635	7m8	1.322	CGCACA
1000580	235	6m	2.292	CGCACA
1000598	409	o6	3.275	ACGCAC
1000787	7	7A1	1.038	CGCACA
1000920	855	8m	1.687	CGCACA
1000929	666	8m	1.312	ACGCAC
1000947	889	6m	1.092	CGCACA
1000992	472	6m	1.242	CGCACA
1001161	3716	o6	1.154	ACGCAC
1001322	49	7A1	1.053	CGCACA
1001440	733	7A1	1.377	CGCACA
1001494	388	7A1	1.285	CGCACA
1001533	886	7m8	2.364	ACGCAC
1001533	3273	6m	2.095	CGCACA
1001577	1083	o6	2.063	ACGCAC
1001578	636	8m	2.206	ACGCAC
1001601	1705	7A1	1.364	CGCACA
1001607	32	6m	2.900	CGCACA
1001625	187	6m	2.592	CGCACA
1001683	202	7A1	1.183	CGCACA
1001689	424	6m	1.433	CGCACA
1001745	432	6m	2.395	CGCACA
1001753	32	7m8	1.053	ACGCAC
1001753	191	o6	2.442	ACGCAC
1001783	185	7m8	1.008	CGCACA
1001817	1189	7m8	2.704	ACGCAC
1001891	416	7m8	4.339	ACGCAC
1001912	413	6m	1.204	CGCACA
1001937	350	o6	1.455	ACGCAC
1001937	2911	7m8	3.271	ACGCAC
1002084	33	7m8	2.058	ACGCAC
1002176	1351	o6	1.855	ACGCAC
1002176	2371	7A1	2.148	CGCACA
1002215	782	6m	3.548	CGCACA
1002245	91	o6	1.321	ACGCAC
1002326	168	7m8	1.065	CGCACA
1002503	290	7m8	2.527	ACGCAC
1002607	97	7A1	2.109	CGCACA
1002628	102	7A1	2.449	CGCACA
1002703	1	o6	1.690	ACGCAC
1002734	37	o6	1.362	ACGCAC
1002847	80	7m8	1.019	ACGCAC
1002884	398	o6	1.294	ACGCAC
1002985	174	6m	1.333	CGCACA
1003018	547	7A1	1.312	CGCACA
1003184	788	6m	1.053	CGCACA
1003215	231	o6	1.012	ACGCAC
1003297	839	o6	1.577	ACGCAC
1003313	48	8m	1.997	CGCACA
1003313	94	7A1	1.368	CGCACA
1003346	43	6m	1.415	CGCACA
1003417	330	7A1	2.515	CGCACA
1003523	792	o6	1.542	ACGCAC
1003589	1295	6m	1.227	CGCACA
1003615	429	o6	3.174	ACGCAC
1003821	10	7m8	1.073	ACGCAC
1003821	16	o6	1.073	ACGCAC
1003951	271	6m	1.798	CGCACA
1004064	43	o6	1.941	ACGCAC
1004107	196	6m	1.377	CGCACA
1004296	266	o6	1.650	ACGCAC
1004364	31	7m8	3.251	ACGCAC
1004406	545	7m8	3.396	ACGCAC
1004427	154	6m	1.248	CGCACA
1004436	87	7A1	1.285	CGCACA
1004490	147	7A1	1.373	CGCACA
1004502	329	7A1	3.270	CGCACA
1004502	370	6m	1.461	CGCACA
1004573	1088	7m8	2.943	ACGCAC
1004580	37	7m8	1.333	ACGCAC
1004661	700	7m8	1.393	ACGCAC
1004838	74	6m	1.845	CGCACA
1005129	334	8m	1.333	ACGCAC
1005329	150	6m	1.073	CGCACA
1005443	477	7m8	2.964	ACGCAC
1005443	525	6m	1.257	CGCACA
1005449	428	7A1	2.488	CGCACA
1005470	2124	6m	1.936	CGCACA
1005646	1658	6m	2.428	CGCACA
1005646	4933	7A1	2.190	CGCACA
1005677	427	6m	2.309	CGCACA
1005859	65	7m8	2.431	ACGCAC
1006103	741	7A1	1.180	CGCACA
1006107	614	7m8	1.403	CGCACA
1006107	1003	7A1	2.544	CGCACA
1006158	472	6m	1.062	CGCACA
1006570	655	6m	1.084	CGCACA
1006672	227	o6	1.376	ACGCAC
1006708	1213	7m8	1.415	CGCACA
1006726	314	o6	1.321	ACGCAC
1006734	296	6m	1.397	CGCACA
1006735	134	7m8	1.125	CGCACA
1006815	244	o6	1.488	ACGCAC
1006845	198	6m	1.915	CGCACA
1006940	956	6m	1.993	CGCACA
1007242	455	6m	1.178	CGCACA
1007251	560	7m8	2.072	ACGCAC
1007283	832	7m8	1.048	CGCACA
1007314	1315	6m	2.055	CGCACA
1007364	2030	6m	1.103	CGCACA
1007364	2171	6m	2.413	CGCACA
1007490	339	6m	1.448	CGCACA
1007508	106	7A1	1.075	CGCACA
1007530	25	o6	1.054	ACGCAC
1007530	1235	o6	2.585	ACGCAC
1007576	350	6m	1.009	CGCACA
1007656	181	6m	1.735	CGCACA
1007659	181	6m	1.885	CGCACA
1007714	471	o6	1.149	ACGCAC
1007731	1404	7m8	1.872	CGCACA
1007731	1494	7m8	1.858	ACGCAC
1007749	1265	7m8	1.877	ACGCAC
1007824	203	7m8	1.825	CGCACA
1007840	1816	7m8	3.034	ACGCAC
1007903	3788	7m8	1.991	CGCACA
1007927	710	o6	1.003	ACGCAC
1007927	748	6m	1.060	CGCACA
1007950	1445	7A1	1.316	CGCACA
1007950	1481	7m8	1.009	ACGCAC
1007950	1939	7m8	1.316	ACGCAC
1008003	50	o6	1.463	ACGCAC
1008145	2835	7m8	2.343	CGCACA
1008145	5522	7m8	1.148	ACGCAC
1008162	27	6m	1.441	CGCACA
1008286	654	8m	2.483	ACGCAC
1008327	297	7A1	2.330	CGCACA
1008327	472	7m8	1.485	ACGCAC
1008454	860	6m	1.053	CGCACA
1008498	396	6m	1.284	CGCACA
1008557	262	6m	1.059	CGCACA
1008602	186	6m	1.687	CGCACA
1008606	96	o6	1.891	ACGCAC
1008755	760	7m8	1.744	ACGCAC
1008780	790	8m	2.494	ACGCAC
1008849	654	7A1	2.053	CGCACA
1008852	732	o6	2.716	ACGCAC
1008860	21	o6	1.513	ACGCAC
1008885	57	7m8	2.196	CGCACA
1008890	358	6m	1.606	CGCACA
1008957	490	o6	1.255	ACGCAC
1008966	1867	7m8	1.543	ACGCAC
1009026	99	6m	1.792	CGCACA
1009026	324	7m8	1.640	ACGCAC
1009026	1878	7m8	3.000	CGCACA
1009068	509	7m8	2.660	ACGCAC
1009074	606	6m	1.690	CGCACA
1009101	270	6m	2.506	CGCACA
1009229	29	7A1	2.585	CGCACA
1009303	195	6m	1.046	CGCACA
1009303	203	7m8	1.058	CGCACA
1009313	41	6m	2.288	CGCACA
1009334	26	7m8	1.165	CGCACA
1009369	240	6m	2.858	CGCACA
1009369	1015	7A1	2.804	CGCACA
1009511	92	7m8	2.295	ACGCAC
1009576	818	6m	3.451	CGCACA
1009684	1555	6m	1.142	CGCACA
1009736	961	6m	1.150	CGCACA
1009769	674	6m	1.747	CGCACA
1009838	418	7m8	2.566	ACGCAC
1009927	181	o6	1.184	ACGCAC
1009948	1131	6m	2.807	CGCACA
1009974	178	6m	1.851	CGCACA
1010184	100	8m	1.183	ACGCAC
1010205	551	8m	1.455	ACGCAC
1010229	165	o6	2.989	ACGCAC
1010229	970	o6	1.939	ACGCAC
1010232	555	7A1	2.991	CGCACA
1010237	979	o6	1.315	ACGCAC
1010238	182	7A1	2.991	CGCACA
1010250	774	6m	1.683	CGCACA
1010274	307	7m8	1.882	ACGCAC
1010365	145	6m	2.481	CGCACA
1010365	158	6m	2.025	CGCACA
1010394	99	7m8	1.226	ACGCAC
1010401	108	7A1	1.521	CGCACA
1010401	185	7m8	1.322	ACGCAC
1010511	902	6m	2.551	CGCACA
1010670	1049	6m	2.409	CGCACA
1010703	461	o6	1.210	ACGCAC
1010846	530	7m8	1.073	ACGCAC
1011117	28	6m	1.084	CGCACA
1011277	1280	o6	2.045	ACGCAC
1011321	1227	6m	2.062	CGCACA
1011327	656	o6	1.702	ACGCAC
1011327	1136	6m	2.543	CGCACA
1011369	501	8m	1.929	ACGCAC
1011369	877	6m	1.816	CGCACA
1011438	37	6m	2.017	CGCACA
1011487	8	o6	1.047	ACGCAC
1011742	1577	6m	1.520	CGCACA
1011776	506	7m8	2.289	ACGCAC
1011897	366	6m	1.268	CGCACA
1011932	180	7m8	1.373	ACGCAC
1012205	41	6m	1.316	CGCACA
1012304	222	o6	1.979	ACGCAC
1012323	305	7m8	1.298	ACGCAC
1012413	405	o6	1.950	ACGCAC
1012504	19	o6	1.269	ACGCAC
1012543	190	6m	1.290	CGCACA
1012620	404	6m	2.704	CGCACA
1012685	10	7m8	1.548	ACGCAC
1012743	748	o6	1.481	ACGCAC
1012743	770	7A1	1.284	CGCACA
1012842	100	o6	1.882	ACGCAC
1012896	360	8m	2.786	CGCACA
1012912	681	7A1	1.572	CGCACA
1012930	218	o6	1.104	ACGCAC
1013114	140	7A1	2.505	CGCACA
1013177	89	7m8	1.312	ACGCAC
1013184	212	7A1	2.073	CGCACA
1013240	5	6m	1.278	CGCACA
1013334	230	6m	1.444	CGCACA
1013591	4054	o6	1.399	ACGCAC
1013676	53	6m	1.563	CGCACA
1013676	1387	7m8	1.328	ACGCAC
1013725	239	6m	1.936	CGCACA
1013781	60	7A1	3.265	CGCACA
1014069	1139	o6	1.239	ACGCAC
1014180	604	o6	1.120	ACGCAC
1014295	671	6m	1.916	CGCACA
1014300	83	o6	2.991	ACGCAC
1014403	821	7m8	3.102	ACGCAC
1014403	1061	8m	1.916	ACGCAC
1014468	543	7m8	1.814	CGCACA
1014588	938	7m8	2.433	CGCACA
1014856	1081	7m8	1.094	ACGCAC
1014877	801	o6	1.060	ACGCAC
1014899	867	7A1	1.548	CGCACA
1014938	63	6m	2.654	CGCACA
1014981	547	7m8	2.807	CGCACA
1014987	231	7m8	1.600	CGCACA
1014988	3450	7A1	1.529	CGCACA
1014988	5838	7m8	1.846	CGCACA
1015018	92	7A1	2.446	CGCACA
1015076	187	6m	3.137	CGCACA
1015145	2255	6m	1.284	CGCACA
1015267	214	7m8	1.600	ACGCAC
1015303	305	6m	3.714	CGCACA
1015348	446	7A1	2.687	CGCACA
1015385	47	7A1	2.635	CGCACA
1015388	505	o6	1.259	ACGCAC
1015397	891	o6	1.512	ACGCAC
1015411	162	7m8	1.150	ACGCAC
1015504	335	7m8	2.390	ACGCAC
1015558	160	o6	1.071	ACGCAC
1015572	1137	o6	1.690	ACGCAC
1015572	2728	8m	3.641	ACGCAC
1015593	287	o6	1.071	ACGCAC
1015777	119	8m	1.405	CGCACA
1015777	283	7A1	1.328	CGCACA
1015784	891	6m	1.753	CGCACA
1015789	832	7m8	2.061	CGCACA
1015973	37	7m8	2.550	ACGCAC
1016020	1104	o6	1.856	ACGCAC
1016026	101	o6	1.074	ACGCAC
1016026	2215	o6	1.662	ACGCAC
1016122	154	6m	1.607	CGCACA
1016284	181	6m	1.050	CGCACA
1016328	144	8m	1.953	CGCACA
1016353	381	o6	1.671	ACGCAC
1016373	712	7A1	1.505	CGCACA
1016397	0	o6	1.536	ACGCAC
1016398	240	7m8	1.322	CGCACA
1016512	467	o6	1.544	ACGCAC
1016517	50	7m8	1.328	ACGCAC
1016556	664	6m	2.460	CGCACA
1016562	181	6m	1.226	CGCACA
1016574	3321	7m8	1.919	ACGCAC
1016605	142	7A1	1.322	CGCACA
1016695	987	7A1	1.328	CGCACA
1016712	179	8m	1.780	CGCACA
1016794	332	7m8	2.433	ACGCAC
1016832	1103	7m8	1.245	ACGCAC
1016917	271	o6	1.690	ACGCAC
1016951	470	7m8	2.073	ACGCAC
1017168	925	6m	1.888	CGCACA
1017169	1563	7m8	2.019	CGCACA
1017188	12	o6	1.304	ACGCAC
1017224	252	6m	1.247	CGCACA
1017395	328	6m	2.104	CGCACA
1017524	474	7m8	1.965	CGCACA
1017562	46	6m	1.687	CGCACA
1017614	5109	6m	2.124	CGCACA
1017618	698	6m	1.527	CGCACA
1017630	163	6m	1.943	CGCACA
1017919	1628	o6	1.290	ACGCAC
1017981	158	o6	1.925	ACGCAC
1018044	113	6m	2.413	CGCACA
1018066	189	7A1	1.845	CGCACA
1018077	1057	7m8	1.882	ACGCAC
1018119	212	o6	1.030	ACGCAC
1018134	1561	8m	2.643	CGCACA
1018134	3697	7m8	2.808	CGCACA
1018168	407	7A1	2.780	CGCACA
1018225	307	7A1	3.005	CGCACA
1018243	1566	o6	1.368	ACGCAC
1018262	500	7m8	1.414	ACGCAC
1018287	262	7A1	1.328	CGCACA
1018328	62	7m8	1.952	ACGCAC
1018406	33	6m	1.212	CGCACA
1018632	4601	7m8	1.928	ACGCAC
1018661	77	6m	1.660	CGCACA
1018703	77	7m8	1.884	ACGCAC
1018727	416	7m8	1.891	ACGCAC
1018799	98	7m8	1.541	ACGCAC
1018873	1040	6m	2.163	CGCACA
1019059	113	o6	1.831	ACGCAC
1019192	155	6m	1.563	CGCACA
1019207	210	7m8	2.182	ACGCAC
1019298	517	8m	2.544	ACGCAC
1019465	193	6m	2.734	CGCACA
1019480	111	o6	1.888	ACGCAC
1019526	355	o6	1.201	ACGCAC
1019688	6	7m8	1.322	ACGCAC
1019691	372	7m8	2.220	CGCACA
1019716	80	o6	1.264	ACGCAC
1019995	116	7m8	1.201	ACGCAC
1020077	284	7m8	1.301	ACGCAC
1020139	968	7A1	2.178	CGCACA
1020319	2163	6m	1.577	CGCACA
1020435	120	6m	2.850	CGCACA
1020441	179	6m	1.228	CGCACA
1020535	87	o6	1.053	ACGCAC
1020615	1117	7A1	1.284	CGCACA
1020615	3355	7A1	1.606	CGCACA
1020642	828	6m	2.302	CGCACA
1020654	106	7m8	1.372	CGCACA
1020661	457	7m8	2.660	ACGCAC
1020740	346	8m	1.381	CGCACA
1020771	185	6m	1.180	CGCACA
1020992	440	8m	2.108	ACGCAC
1020996	346	6m	1.808	CGCACA
1021273	1021	7A1	2.981	CGCACA
1021540	2539	7A1	1.321	CGCACA
1021581	187	7m8	1.358	CGCACA
1021764	149	o6	1.979	ACGCAC
1021899	819	o6	2.544	ACGCAC
1021962	2018	6m	2.466	CGCACA
1022066	27	o6	1.101	ACGCAC
1022066	1871	7m8	1.553	CGCACA
1022165	48	7m8	3.047	ACGCAC
1022165	783	7m8	2.017	ACGCAC
1022180	56	6m	2.220	CGCACA
1022180	282	8m	1.273	ACGCAC
1022197	43	o6	1.006	ACGCAC
1022256	2797	o6	2.929	ACGCAC
1022269	94	o6	1.041	ACGCAC
1022383	1112	7m8	1.314	ACGCAC
1022386	257	6m	1.716	CGCACA
1022457	484	8m	2.206	ACGCAC
1022568	2440	o6	1.196	ACGCAC
1022604	240	7A1	1.001	CGCACA
1022882	416	o6	3.232	ACGCAC
1022938	1149	7A1	1.786	CGCACA
1023009	51	7A1	1.295	CGCACA
1023062	2237	6m	1.691	CGCACA
1023062	3359	o6	1.079	ACGCAC
1023097	550	6m	1.887	CGCACA
1023127	107	6m	1.638	CGCACA
1023145	488	6m	3.191	CGCACA
1023151	576	7A1	1.274	CGCACA
1023206	326	o6	2.507	ACGCAC
1023219	1059	6m	2.466	CGCACA
1023281	148	o6	1.459	ACGCAC
1023289	2553	6m	2.533	CGCACA
1023340	72	7m8	2.630	CGCACA
1023391	435	6m	1.103	CGCACA
1023419	211	7A1	1.948	CGCACA
1023533	611	8m	1.981	ACGCAC
1023658	224	o6	2.031	ACGCAC
1023669	512	o6	1.187	ACGCAC
1023669	1143	7A1	2.240	CGCACA
1023681	609	6m	1.325	CGCACA
1023724	25	6m	1.405	CGCACA
1023738	33	6m	1.165	CGCACA
1023741	74	7m8	1.261	ACGCAC
1023774	793	o6	1.585	ACGCAC
1023774	1054	7A1	1.687	CGCACA
1023784	4707	7m8	1.362	ACGCAC
1023790	2811	o6	1.040	ACGCAC
1023918	84	6m	1.985	CGCACA
1024003	767	6m	1.140	CGCACA
1024009	287	o6	1.606	ACGCAC
1024031	240	o6	1.040	ACGCAC
1024048	117	7A1	1.127	CGCACA
1024052	162	o6	1.162	ACGCAC
1024085	2019	7m8	2.193	CGCACA
1024286	116	6m	2.401	CGCACA
1024369	121	8m	1.671	CGCACA
1024393	463	o6	1.751	ACGCAC
1024393	497	6m	1.216	CGCACA
1024397	800	7m8	1.277	ACGCAC
1024403	570	6m	1.414	CGCACA
1024403	578	o6	1.457	ACGCAC
1024403	653	7A1	1.248	CGCACA
1024445	583	7m8	1.514	ACGCAC
1024465	1923	o6	1.251	ACGCAC
1024465	3714	6m	1.053	CGCACA
1024510	844	6m	2.563	CGCACA
1024514	140	6m	1.477	CGCACA
1024537	36	8m	1.551	CGCACA
1024639	1301	7m8	2.350	ACGCAC
1024648	6066	o6	1.189	ACGCAC
1024648	9298	o6	1.322	ACGCAC
1024721	1728	7m8	2.073	ACGCAC
1024757	118	o6	1.120	ACGCAC
1024763	535	7A1	2.507	CGCACA
1024829	1032	6m	1.032	CGCACA
1024843	2389	6m	1.797	CGCACA
1025029	1755	7m8	2.090	ACGCAC
1025029	2979	7A1	2.103	CGCACA
1025101	983	8m	1.304	ACGCAC
1025204	750	7m8	2.522	CGCACA
1025207	118	7m8	1.690	CGCACA
1025229	2755	7A1	2.559	CGCACA
1025293	37	7m8	1.954	ACGCAC
1025308	243	6m	1.606	CGCACA
1025421	43	7A1	1.027	CGCACA
1025431	355	6m	2.061	CGCACA
1025608	93	o6	1.320	ACGCAC
1025654	1603	7A1	2.360	CGCACA
1025929	558	6m	2.665	CGCACA
1026056	46	8m	2.852	CGCACA
1026095	1156	7A1	2.660	CGCACA
1026095	2670	o6	1.074	ACGCAC
1026185	141	6m	2.095	CGCACA
1026254	162	6m	2.157	CGCACA
1026262	347	6m	1.360	CGCACA
1026364	310	8m	2.020	CGCACA
1026590	28	o6	1.130	ACGCAC
1026652	765	6m	1.546	CGCACA
1026652	2240	7A1	1.754	CGCACA
1026657	214	6m	1.125	CGCACA
1026682	738	7m8	2.763	CGCACA
1026688	88	o6	1.997	ACGCAC
1026688	2397	6m	2.363	CGCACA
1026761	650	6m	1.732	CGCACA
1026761	847	6m	1.169	CGCACA
1026915	51	7m8	2.186	CGCACA
1026951	139	7A1	1.425	CGCACA
1026965	383	6m	1.808	CGCACA
1026966	1247	8m	1.101	CGCACA
1026974	54	7m8	1.891	ACGCAC
1026981	69	6m	2.073	CGCACA
1027153	259	6m	1.909	CGCACA
1027262	72	8m	1.690	CGCACA
1027608	1501	6m	2.094	CGCACA
1027938	515	7m8	2.314	CGCACA
1028106	424	6m	1.782	CGCACA
1028115	770	7A1	1.842	CGCACA
1028230	1316	6m	1.971	CGCACA
1028301	41	7m8	2.106	CGCACA
1028447	1730	6m	2.111	CGCACA
1028486	28	7m8	2.538	ACGCAC
1028508	488	o6	2.119	ACGCAC
1028526	100	7A1	1.108	CGCACA
1028565	100	o6	2.309	ACGCAC
1028648	259	6m	1.169	CGCACA
1028755	186	7A1	1.394	CGCACA
1028931	79	7m8	2.091	ACGCAC
1029003	248	7A1	1.892	CGCACA
1029003	563	8m	1.376	CGCACA
1029037	341	7m8	3.511	CGCACA
1029069	1612	7m8	1.316	ACGCAC
1029079	45	7A1	2.131	CGCACA
1029084	32	7A1	1.415	CGCACA
1029180	802	6m	1.873	CGCACA
1029189	1276	7A1	2.069	CGCACA
1029246	568	6m	2.442	CGCACA
1029246	583	6m	2.635	CGCACA
1029288	333	6m	1.185	CGCACA
1029369	1682	7m8	1.053	ACGCAC
1029462	487	6m	2.682	CGCACA
1029462	1018	7m8	2.073	ACGCAC
1029558	1405	7m8	1.147	CGCACA
1029685	563	7A1	1.612	CGCACA
1029686	578	8m	1.751	ACGCAC
1029781	218	o6	1.292	ACGCAC
1029862	3	8m	2.807	CGCACA
1029934	810	7A1	1.802	CGCACA
1030001	78	6m	1.215	CGCACA
1030240	157	7m8	1.438	ACGCAC
1030340	667	8m	1.284	CGCACA
1030395	46	7m8	1.188	CGCACA
1030451	2047	8m	1.711	ACGCAC
1030566	904	o6	1.053	ACGCAC
1030601	261	7A1	2.404	CGCACA
1030692	1288	o6	2.088	ACGCAC
1030692	2527	6m	1.700	CGCACA
1030713	1969	o6	2.847	ACGCAC
1031118	3	6m	1.808	CGCACA
1031118	164	8m	2.025	CGCACA
1031236	83	7m8	1.218	ACGCAC
1031245	307	7A1	1.220	CGCACA
1031390	7199	7m8	1.573	ACGCAC
1031495	670	8m	2.961	CGCACA
1031498	358	7m8	1.652	CGCACA
1031498	370	7m8	1.814	CGCACA
1031498	929	8m	1.660	CGCACA
1031593	616	7A1	1.111	CGCACA
1031616	616	6m	1.055	CGCACA
1031657	299	6m	2.940	CGCACA
1031680	45	o6	1.001	ACGCAC
1031755	396	6m	1.577	CGCACA
1031833	533	6m	1.717	CGCACA
1031975	120	7A1	1.101	CGCACA
1031994	175	o6	1.391	ACGCAC
1031994	2293	o6	1.284	ACGCAC
1032031	1503	7m8	1.033	ACGCAC
1032369	383	o6	1.304	ACGCAC
1032442	398	o6	1.306	ACGCAC
1032445	49	o6	1.585	ACGCAC
1032466	39	6m	3.166	CGCACA
1032475	36	7m8	1.827	CGCACA
1032519	662	6m	2.475	CGCACA
1032607	263	8m	1.156	ACGCAC
1032607	688	7A1	1.511	CGCACA
1032613	1189	7m8	1.058	ACGCAC
1032616	1675	7A1	2.017	CGCACA
1032622	636	6m	1.613	CGCACA
1032622	1113	o6	1.940	ACGCAC
1032622	1167	7m8	2.103	ACGCAC
1032670	99	7m8	2.327	CGCACA
1032799	57	6m	1.126	CGCACA
1032822	3199	7A1	1.114	CGCACA
1032840	159	7m8	1.974	ACGCAC
1032855	704	7m8	1.328	CGCACA
1032858	591	7m8	1.328	CGCACA
1032861	484	7m8	1.328	CGCACA
1032864	296	7m8	1.328	CGCACA
1032918	674	7m8	1.033	ACGCAC
1033008	2420	8m	2.588	ACGCAC
1033041	1193	7m8	1.340	ACGCAC
1033047	388	6m	1.709	CGCACA
1033082	184	7A1	2.384	CGCACA
1033089	1202	o6	2.025	ACGCAC
1033160	1375	o6	2.588	ACGCAC
1033196	1065	o6	2.938	ACGCAC
1033205	365	o6	3.428	ACGCAC
1033208	552	o6	1.043	ACGCAC
1033227	630	o6	1.905	ACGCAC
1033235	35	7A1	2.080	CGCACA
1033250	68	6m	1.942	CGCACA
1033293	404	6m	2.312	CGCACA
1033328	632	7m8	3.385	ACGCAC
1033362	2590	6m	1.829	CGCACA
1033409	1492	o6	1.637	ACGCAC
1033414	292	o6	1.484	ACGCAC
1033425	1173	6m	1.324	CGCACA
1033452	759	7m8	1.152	ACGCAC
1033535	461	6m	1.457	CGCACA
1033601	2340	7m8	1.470	ACGCAC
1033658	332	6m	1.271	CGCACA
1033691	23	7A1	2.027	CGCACA
1033712	573	o6	1.290	ACGCAC
1033742	387	6m	1.785	CGCACA
1033824	380	o6	1.454	ACGCAC
1033824	825	6m	1.996	CGCACA
1033824	965	o6	1.602	ACGCAC
1033827	985	o6	1.408	ACGCAC
1033883	1057	7m8	2.377	CGCACA
1033883	1063	7m8	2.377	CGCACA
1033948	689	6m	2.644	CGCACA
1034028	61	7A1	1.926	CGCACA
1034047	423	7m8	3.668	CGCACA
1034074	99	7m8	1.796	ACGCAC
1034152	256	o6	1.688	ACGCAC
1034235	1084	o6	1.319	ACGCAC
1034239	103	6m	1.930	CGCACA
1034296	368	6m	1.952	CGCACA
1034304	144	7m8	2.731	ACGCAC
1034308	375	7m8	1.871	ACGCAC
1034328	263	7m8	1.144	ACGCAC
1034331	2548	o6	1.254	ACGCAC
1034337	342	7m8	2.226	CGCACA
1034340	1007	6m	2.321	CGCACA
1034406	782	6m	2.065	CGCACA
1034406	1163	o6	1.320	ACGCAC
1034409	413	o6	1.076	ACGCAC
1034427	114	7A1	2.403	CGCACA
1034427	241	7m8	1.048	CGCACA
1034448	611	7A1	2.065	CGCACA
1034472	24	8m	1.360	CGCACA
1034521	47	7A1	1.278	CGCACA
1034565	1800	7m8	1.508	ACGCAC
1034569	3660	6m	1.624	CGCACA
1034589	126	7A1	2.178	CGCACA
1034620	488	6m	1.434	CGCACA
1034690	641	6m	1.356	CGCACA
1034739	642	6m	1.315	CGCACA
1034744	443	7m8	1.228	CGCACA
1034784	34	6m	2.062	CGCACA
1034909	329	6m	1.335	CGCACA
1035010	3696	7m8	2.129	ACGCAC
1035015	1093	6m	1.759	CGCACA
1035015	1263	o6	1.662	ACGCAC
1035040	2136	o6	1.955	ACGCAC
1035040	3712	o6	2.538	ACGCAC
1035103	1085	o6	1.033	ACGCAC
1035192	51	7m8	2.992	ACGCAC
1035276	506	7m8	2.031	CGCACA
1035276	693	6m	1.361	CGCACA
1035327	558	o6	2.292	ACGCAC
1035372	205	7m8	1.044	ACGCAC
1035506	802	o6	1.096	ACGCAC
1035582	671	8m	1.527	ACGCAC
1035594	110	6m	1.064	CGCACA
1035602	370	6m	1.868	CGCACA
1035602	562	o6	2.273	ACGCAC
1035602	1428	6m	1.024	CGCACA
1035656	2005	o6	2.526	ACGCAC
1035719	780	7m8	1.391	ACGCAC
1035720	58	7m8	2.321	ACGCAC
1035762	677	7m8	1.380	ACGCAC
1035768	2329	7A1	2.065	CGCACA
1035773	1309	o6	1.445	ACGCAC
1035786	249	6m	2.132	CGCACA
1035816	83	7m8	3.338	CGCACA
1035828	393	8m	2.011	ACGCAC
1035836	492	6m	3.685	CGCACA
1035945	97	o6	2.015	ACGCAC
1035945	532	8m	1.292	ACGCAC
1035993	591	o6	2.190	ACGCAC
1036127	2589	o6	1.322	ACGCAC
1036127	10587	8m	2.925	CGCACA
1036127	13536	o6	1.053	ACGCAC
1036128	49	6m	1.029	CGCACA
1036160	238	o6	1.317	ACGCAC
1036170	736	7A1	2.446	CGCACA
1036170	1100	7m8	1.711	ACGCAC
1036193	109	o6	1.490	ACGCAC
1036232	465	7m8	1.069	ACGCAC
1036247	204	o6	1.193	ACGCAC
1036299	427	o6	1.731	ACGCAC
1036299	493	8m	2.617	ACGCAC
1036299	525	7A1	1.705	CGCACA
1036328	169	6m	1.348	CGCACA
1036328	942	6m	1.122	CGCACA
1036340	7	7A1	1.910	CGCACA
1036374	1622	o6	1.213	ACGCAC
1036396	102	8m	1.389	ACGCAC
1036405	1195	6m	1.351	CGCACA
1036462	471	6m	1.548	CGCACA
1036568	3753	8m	2.005	CGCACA
1036568	3797	o6	1.201	ACGCAC
1036568	4337	6m	1.041	CGCACA
1036598	268	6m	1.959	CGCACA
1036676	540	o6	1.548	ACGCAC
1036676	840	6m	1.328	CGCACA
1036686	362	8m	2.302	ACGCAC
1036706	1333	o6	2.317	ACGCAC
1036787	227	6m	1.146	CGCACA
1036814	457	6m	1.126	CGCACA
1036909	355	6m	2.282	CGCACA
1036973	223	7A1	1.359	CGCACA
1036995	102	6m	2.609	CGCACA
1037067	646	6m	2.067	CGCACA
1037134	79	7m8	2.338	CGCACA
1037333	1906	7m8	1.667	ACGCAC
1037386	683	7A1	1.131	CGCACA
1037386	983	6m	1.769	CGCACA
1037437	234	o6	3.071	ACGCAC
1037504	16	o6	1.270	ACGCAC
1037504	918	o6	1.318	ACGCAC
1037537	66	7A1	2.867	CGCACA
1037630	487	o6	1.631	ACGCAC
1037691	497	7m8	1.553	ACGCAC
1037702	200	6m	1.750	CGCACA
1037753	729	7A1	1.319	CGCACA
1037845	1056	o6	1.423	ACGCAC
1037982	74	7m8	1.632	CGCACA
1037992	846	7A1	2.446	CGCACA
1038013	245	6m	2.088	CGCACA
1038067	546	o6	1.487	ACGCAC
1038127	991	6m	2.391	CGCACA
1038214	1817	6m	1.328	CGCACA
1038293	1912	7m8	2.037	ACGCAC
1038293	3172	7m8	2.235	ACGCAC
1038363	70	7m8	1.966	CGCACA
1038426	464	o6	1.906	ACGCAC
1038440	1469	6m	1.634	CGCACA
1038484	108	7A1	1.560	CGCACA
1038484	123	6m	1.318	CGCACA
1038571	684	o6	1.238	ACGCAC
1038571	930	o6	1.606	ACGCAC
1038626	263	7m8	2.776	ACGCAC
1038652	354	7A1	1.690	CGCACA
1038670	378	o6	1.222	ACGCAC
1038752	1030	6m	2.197	CGCACA
1038817	182	7A1	1.560	CGCACA
1038817	278	7A1	1.162	CGCACA
1038855	342	o6	1.308	ACGCAC
1038977	34	6m	2.368	CGCACA
1039114	1118	6m	2.925	CGCACA
1039196	593	o6	3.267	ACGCAC
1039199	308	7m8	1.303	ACGCAC
1039199	1068	7m8	1.928	CGCACA
1039202	530	7m8	1.368	ACGCAC
1039285	1257	6m	3.620	CGCACA
1039285	2209	7m8	1.286	ACGCAC
1039285	2219	o6	1.087	ACGCAC
1039422	1263	6m	1.509	CGCACA
1039502	3839	7m8	1.066	CGCACA
1039556	671	7m8	2.807	CGCACA
1039563	3495	6m	1.598	CGCACA
1039703	212	6m	1.073	CGCACA
1039711	386	6m	1.891	CGCACA
1039754	1018	o6	1.250	ACGCAC
1039764	2201	7A1	1.073	CGCACA
1039805	1420	6m	1.481	CGCACA
1039831	1945	7A1	2.612	CGCACA
1039853	6255	6m	2.073	CGCACA
1039911	1085	7A1	2.776	CGCACA
1039935	13	7A1	1.009	CGCACA
1039949	47	o6	1.307	ACGCAC
1039959	1459	8m	3.112	CGCACA
1040019	158	6m	1.310	CGCACA
1040049	2671	8m	1.571	ACGCAC
1040129	1500	o6	1.110	ACGCAC
1040202	1198	6m	1.856	CGCACA
1040318	1019	7m8	1.455	ACGCAC
1040337	2196	7A1	3.585	CGCACA
1040352	1837	o6	1.006	ACGCAC
1040367	1822	o6	1.445	ACGCAC
1040392	846	o6	1.032	ACGCAC
1040506	202	6m	1.461	CGCACA
1040538	2685	o6	1.284	ACGCAC
1040584	54	7m8	2.576	ACGCAC
1040590	6113	6m	1.185	CGCACA
1040635	5570	6m	1.701	CGCACA
1040658	48	7m8	1.383	CGCACA
