1000011	849	6m	1.658	GTTGTG
1000066	1956	7A1	2.015	GTTGTG
1000134	1034	6m	1.016	GTTGTG
1000155	968	o6	2.525	GGTTGT
1000176	662	o6	2.828	GGTTGT
1000219	700	6m	1.741	GTTGTG
1000287	7	6m	1.162	GTTGTG
1000293	33	6m	2.377	GTTGTG
1000294	213	6m	1.040	GTTGTG
1000373	901	6m	2.433	GTTGTG
1000385	739	7A1	1.534	GTTGTG
1000446	603	6m	1.670	GTTGTG
1000454	280	6m	1.322	GTTGTG
1000478	552	7m8	3.034	GGTTGT
1000478	1507	o6	1.590	GGTTGT
1000536	28	o6	1.796	GGTTGT
1000580	2123	6m	2.344	GTTGTG
1000730	439	6m	2.350	GTTGTG
1000779	3038	6m	2.619	GTTGTG
1000920	216	6m	1.322	GTTGTG
1000940	147	o6	3.032	GGTTGT
1000947	191	7m8	1.284	GGTTGT
1000947	301	6m	2.275	GTTGTG
1000947	684	6m	1.252	GTTGTG
1001000	235	o6	1.129	GGTTGT
1001083	1001	6m	1.031	GTTGTG
1001132	404	o6	1.267	GGTTGT
1001244	560	o6	2.981	GGTTGT
1001249	1109	6m	1.423	GTTGTG
1001291	243	o6	1.255	GGTTGT
1001315	233	o6	1.198	GGTTGT
1001340	89	6m	1.780	GTTGTG
1001408	539	6m	1.663	GTTGTG
1001417	728	o6	2.472	GGTTGT
1001423	137	6m	1.053	GTTGTG
1001482	226	o6	1.489	GGTTGT
1001482	282	6m	1.818	GTTGTG
1001514	1277	7m8	1.212	GGTTGT
1001514	1744	7A1	3.631	GTTGTG
1001530	1153	6m	2.356	GTTGTG
1001607	548	7A1	1.063	GTTGTG
1001661	22	o6	2.403	GGTTGT
1001670	320	6m	1.113	GTTGTG
1001671	189	6m	1.089	GTTGTG
1001689	785	6m	1.322	GTTGTG
1001689	805	7A1	1.015	GTTGTG
1001858	123	6m	2.068	GTTGTG
1001891	380	6m	2.532	GTTGTG
1001897	753	7A1	1.894	GTTGTG
1001897	837	6m	2.804	GTTGTG
1001934	561	6m	1.362	GTTGTG
1002304	357	o6	2.635	GGTTGT
1002398	69	6m	1.154	GTTGTG
1002514	43	6m	1.841	GTTGTG
1002619	82	6m	1.773	GTTGTG
1002629	-1	6m	1.711	GTTGTG
1002674	4	o6	1.918	GGTTGT
1002688	39	6m	1.284	GTTGTG
1002695	620	o6	1.053	GGTTGT
1002731	356	6m	1.316	GTTGTG
1002734	632	o6	1.306	GGTTGT
1002797	647	6m	2.000	GTTGTG
1002877	1951	o6	2.769	GGTTGT
1002901	291	6m	1.396	GTTGTG
1003012	477	6m	1.585	GTTGTG
1003018	454	8m	2.206	GGTTGT
1003140	504	7A1	1.828	GTTGTG
1003233	586	6m	1.356	GTTGTG
1003297	1060	o6	2.893	GGTTGT
1003355	534	6m	1.126	GTTGTG
1003424	806	o6	3.151	GGTTGT
1003495	263	o6	1.690	GGTTGT
1003576	347	7A1	1.468	GTTGTG
1003594	138	6m	3.556	GTTGTG
1003603	336	o6	2.251	GGTTGT
1003631	2375	o6	2.446	GGTTGT
1003930	505	o6	2.157	GGTTGT
1004002	229	6m	1.687	GTTGTG
1004248	52	6m	1.438	GTTGTG
1004341	76	7m8	3.198	GGTTGT
1004406	590	o6	1.202	GGTTGT
1004573	79	7A1	3.913	GTTGTG
1004760	78	7m8	1.069	GTTGTG
1004898	951	o6	2.178	GGTTGT
1004958	623	6m	1.093	GTTGTG
1005335	840	o6	2.476	GGTTGT
1005335	991	6m	2.883	GTTGTG
1005335	1343	6m	1.250	GTTGTG
1005352	114	7m8	1.719	GTTGTG
1005352	684	6m	1.228	GTTGTG
1005550	557	7A1	2.215	GTTGTG
1005862	318	7A1	1.786	GTTGTG
1006107	186	7A1	1.722	GTTGTG
1006107	1188	7A1	2.544	GTTGTG
1006518	573	o6	1.443	GGTTGT
1006599	483	7A1	2.400	GTTGTG
1006615	295	6m	1.290	GTTGTG
1006708	1898	6m	1.062	GTTGTG
1006815	261	7A1	2.223	GTTGTG
1006818	176	6m	2.148	GTTGTG
1007017	1164	o6	1.982	GGTTGT
1007017	1315	6m	2.370	GTTGTG
1007231	26	o6	3.404	GGTTGT
1007242	184	6m	1.178	GTTGTG
1007242	1190	o6	2.839	GGTTGT
1007301	223	o6	2.537	GGTTGT
1007340	400	6m	1.452	GTTGTG
1007364	920	6m	2.773	GTTGTG
1007364	2563	o6	2.467	GGTTGT
1007365	32	6m	1.690	GTTGTG
1007419	153	o6	1.084	GGTTGT
1007502	387	o6	1.264	GGTTGT
1007514	425	o6	1.434	GGTTGT
1007584	212	6m	2.449	GTTGTG
1007629	899	6m	1.156	GTTGTG
1007710	218	7m8	2.951	GGTTGT
1007714	514	o6	1.598	GGTTGT
1007750	230	6m	2.433	GTTGTG
1007764	49	7A1	1.053	GTTGTG
1007788	360	6m	1.167	GTTGTG
1007807	12	6m	1.865	GTTGTG
1007812	4968	6m	1.014	GTTGTG
1007824	23	7A1	1.031	GTTGTG
1007840	58	6m	2.876	GTTGTG
1007840	760	6m	1.284	GTTGTG
1007840	1286	7m8	1.606	GGTTGT
1007885	809	7m8	2.766	GGTTGT
1007897	641	o6	2.142	GGTTGT
1007920	1435	6m	1.322	GTTGTG
1007923	2875	6m	2.807	GTTGTG
1007936	471	6m	1.555	GTTGTG
1007950	3383	o6	1.047	GGTTGT
1007969	322	6m	1.116	GTTGTG
1007997	991	7A1	2.544	GTTGTG
1008093	34	6m	2.723	GTTGTG
1008136	761	o6	2.025	GGTTGT
1008145	3430	o6	1.815	GGTTGT
1008145	10215	6m	2.085	GTTGTG
1008151	263	6m	1.207	GTTGTG
1008195	740	7A1	1.150	GTTGTG
1008220	147	o6	1.284	GGTTGT
1008240	234	6m	1.241	GTTGTG
1008240	257	6m	1.133	GTTGTG
1008307	1798	6m	1.284	GTTGTG
1008363	600	6m	1.501	GTTGTG
1008372	1060	o6	1.322	GGTTGT
1008424	334	o6	2.537	GGTTGT
1008521	116	o6	1.559	GGTTGT
1008560	906	6m	1.623	GTTGTG
1008573	161	6m	1.010	GTTGTG
1008605	267	7A1	1.876	GTTGTG
1008690	183	o6	1.122	GGTTGT
1008707	131	7A1	2.917	GTTGTG
1008740	688	6m	1.434	GTTGTG
1008789	465	6m	1.025	GTTGTG
1008852	666	6m	1.227	GTTGTG
1008852	676	6m	1.227	GTTGTG
1008897	779	6m	1.322	GTTGTG
1008903	1476	7m8	2.834	GGTTGT
1008966	2081	6m	2.341	GTTGTG
1008975	489	6m	1.517	GTTGTG
1009023	40	o6	2.026	GGTTGT
1009083	266	7A1	1.952	GTTGTG
1009153	643	o6	2.025	GGTTGT
1009202	294	6m	1.392	GTTGTG
1009348	209	o6	2.378	GGTTGT
1009360	557	o6	1.015	GGTTGT
1009366	192	6m	1.556	GTTGTG
1009369	613	7A1	1.690	GTTGTG
1009369	712	7A1	1.690	GTTGTG
1009464	349	6m	1.407	GTTGTG
1009717	41	7A1	1.254	GTTGTG
1009799	88	6m	3.081	GTTGTG
1009834	1296	o6	3.034	GGTTGT
1009838	52	6m	1.030	GTTGTG
1009838	229	o6	1.434	GGTTGT
1009841	837	7A1	2.181	GTTGTG
1009911	172	6m	1.424	GTTGTG
1009930	618	6m	1.679	GTTGTG
1009945	513	7A1	3.641	GTTGTG
1009948	1550	o6	2.788	GGTTGT
1009948	1932	6m	2.660	GTTGTG
1010061	70	6m	1.206	GTTGTG
1010103	326	o6	1.906	GGTTGT
1010163	66	6m	1.167	GTTGTG
1010214	33	7A1	2.054	GTTGTG
1010214	43	7A1	2.054	GTTGTG
1010401	390	6m	2.544	GTTGTG
1010401	3819	o6	2.142	GGTTGT
1010465	563	o6	1.606	GGTTGT
1010511	583	o6	1.354	GGTTGT
1010611	127	7A1	1.434	GTTGTG
1010646	1888	6m	1.731	GTTGTG
1010652	1119	7A1	1.011	GTTGTG
1010677	171	o6	1.510	GGTTGT
1010682	540	7A1	2.922	GTTGTG
1010725	122	7A1	1.690	GTTGTG
1010938	401	6m	1.167	GTTGTG
1011194	214	6m	1.032	GTTGTG
1011206	41	6m	1.697	GTTGTG
1011245	938	o6	2.256	GGTTGT
1011354	127	7m8	1.785	GGTTGT
1011369	679	o6	1.492	GGTTGT
1011393	488	6m	1.892	GTTGTG
1011403	277	6m	2.675	GTTGTG
1011430	2068	o6	1.293	GGTTGT
1011469	125	7A1	2.317	GTTGTG
1011629	70	o6	1.029	GGTTGT
1011634	21	7A1	1.430	GTTGTG
1011637	377	o6	1.029	GGTTGT
1011695	385	6m	1.303	GTTGTG
1011698	123	o6	2.431	GGTTGT
1011739	135	o6	1.342	GGTTGT
1011784	167	7A1	1.726	GTTGTG
1011836	30	6m	2.109	GTTGTG
1011836	97	6m	1.030	GTTGTG
1012081	29	o6	1.322	GGTTGT
1012122	824	6m	1.808	GTTGTG
1012409	79	6m	1.156	GTTGTG
1012458	284	6m	2.723	GTTGTG
1012666	414	6m	3.449	GTTGTG
1012718	187	6m	1.444	GTTGTG
1012751	635	o6	3.121	GGTTGT
1012839	617	o6	1.278	GGTTGT
1012842	53	o6	1.585	GGTTGT
1013108	964	6m	2.073	GTTGTG
1013237	235	o6	1.047	GGTTGT
1013306	558	6m	1.955	GTTGTG
1013306	719	6m	3.428	GTTGTG
1013334	423	6m	1.905	GTTGTG
1013349	349	7m8	2.764	GGTTGT
1013383	266	6m	2.845	GTTGTG
1013443	1056	o6	2.750	GGTTGT
1013443	1097	6m	2.738	GTTGTG
1013518	534	o6	2.299	GGTTGT
1013518	2236	7m8	2.277	GGTTGT
1013591	3873	6m	1.738	GTTGTG
1013600	37	8m	1.561	GTTGTG
1013643	663	o6	2.065	GGTTGT
1013676	598	6m	1.690	GTTGTG
1014014	627	6m	2.533	GTTGTG
1014198	957	7m8	2.020	GGTTGT
1014265	388	o6	1.444	GGTTGT
1014294	207	6m	1.271	GTTGTG
1014295	232	6m	1.300	GTTGTG
1014295	508	6m	2.025	GTTGTG
1014382	468	6m	1.522	GTTGTG
1014417	140	6m	1.209	GTTGTG
1014480	357	6m	1.162	GTTGTG
1014655	915	6m	1.307	GTTGTG
1014884	2239	6m	1.663	GTTGTG
1014898	473	o6	3.034	GGTTGT
1014904	149	6m	1.429	GTTGTG
1014988	1674	7m8	2.181	GGTTGT
1014988	6310	7A1	3.028	GTTGTG
1014996	148	7A1	1.306	GTTGTG
1015006	69	6m	1.380	GTTGTG
1015018	105	o6	1.223	GGTTGT
1015047	2367	7m8	2.409	GGTTGT
1015080	131	7A1	1.449	GTTGTG
1015156	35	6m	1.267	GTTGTG
1015157	82	6m	2.214	GTTGTG
1015291	1296	o6	1.322	GGTTGT
1015320	55	o6	1.047	GGTTGT
1015333	290	o6	2.391	GGTTGT
1015480	1072	o6	2.561	GGTTGT
1015526	2240	6m	3.645	GTTGTG
1015551	599	7A1	1.328	GTTGTG
1015572	365	o6	2.235	GGTTGT
1015653	82	7m8	1.205	GGTTGT
1015729	28	7m8	1.782	GGTTGT
1015810	379	7A1	2.503	GTTGTG
1015924	662	6m	2.370	GTTGTG
1015972	2480	7A1	2.651	GTTGTG
1015973	509	o6	1.441	GGTTGT
1016103	456	6m	1.023	GTTGTG
1016106	312	o6	1.346	GGTTGT
1016119	28	7A1	1.922	GTTGTG
1016179	1024	6m	2.026	GTTGTG
1016191	68	6m	2.962	GTTGTG
1016223	104	6m	1.322	GTTGTG
1016422	373	6m	1.658	GTTGTG
1016449	4247	o6	2.538	GGTTGT
1016475	1552	6m	2.319	GTTGTG
1016556	320	7A1	3.631	GTTGTG
1016571	2249	6m	2.542	GTTGTG
1016574	3662	6m	1.049	GTTGTG
1016620	2028	o6	1.053	GGTTGT
1016698	1226	6m	1.650	GTTGTG
1016713	1259	7m8	3.034	GGTTGT
1016787	528	6m	2.068	GTTGTG
1016794	395	7A1	2.233	GTTGTG
1016797	24	o6	2.064	GGTTGT
1016806	1234	6m	1.509	GTTGTG
1016848	1809	o6	3.241	GGTTGT
1016865	335	6m	1.606	GTTGTG
1016917	124	7A1	2.228	GTTGTG
1016922	558	o6	3.032	GGTTGT
1016971	2175	o6	1.934	GGTTGT
1017001	94	6m	1.846	GTTGTG
1017001	127	7A1	1.522	GTTGTG
1017046	430	6m	1.341	GTTGTG
1017046	686	6m	1.653	GTTGTG
1017082	55	6m	1.311	GTTGTG
1017091	198	6m	2.993	GTTGTG
1017135	235	o6	1.053	GGTTGT
1017157	742	o6	1.252	GGTTGT
1017169	1237	o6	2.212	GGTTGT
1017203	124	o6	2.305	GGTTGT
1017204	1062	6m	1.973	GTTGTG
1017481	41	7A1	2.304	GTTGTG
1017484	5	7A1	1.736	GTTGTG
1017496	1127	7m8	2.801	GGTTGT
1017496	1218	o6	2.807	GGTTGT
1017511	1868	6m	1.776	GTTGTG
1017527	69	6m	2.256	GTTGTG
1017614	567	6m	1.077	GTTGTG
1017614	2383	7A1	2.496	GTTGTG
1017718	502	6m	2.103	GTTGTG
1017776	275	o6	2.559	GGTTGT
1017883	34	8m	2.592	GGTTGT
1017919	962	o6	2.489	GGTTGT
1017919	1805	6m	1.606	GTTGTG
1018029	59	o6	1.164	GGTTGT
1018134	2621	6m	2.033	GTTGTG
1018143	252	6m	1.183	GTTGTG
1018268	1348	6m	1.091	GTTGTG
1018277	504	6m	2.774	GTTGTG
1018353	125	o6	2.025	GGTTGT
1018530	1958	7m8	1.941	GGTTGT
1018555	102	7A1	1.014	GTTGTG
1018632	2843	o6	1.817	GGTTGT
1018678	652	6m	1.322	GTTGTG
1018766	2296	6m	1.606	GTTGTG
1018873	1600	o6	1.577	GGTTGT
1019159	127	6m	1.251	GTTGTG
1019173	401	7A1	1.073	GTTGTG
1019198	270	6m	2.306	GTTGTG
1019198	1595	o6	2.449	GGTTGT
1019207	158	7A1	1.321	GTTGTG
1019377	583	6m	3.398	GTTGTG
1019456	31	7m8	2.487	GTTGTG
1019514	544	o6	1.835	GGTTGT
1019664	101	o6	1.560	GGTTGT
1019691	442	6m	1.082	GTTGTG
1019721	108	7m8	2.544	GGTTGT
1019728	353	8m	1.409	GGTTGT
1019935	82	6m	2.073	GTTGTG
1019942	375	6m	4.169	GTTGTG
1020017	44	7m8	1.965	GTTGTG
1020059	695	6m	1.250	GTTGTG
1020227	222	7A1	1.058	GTTGTG
1020253	850	6m	2.640	GTTGTG
1020253	2715	6m	2.030	GTTGTG
1020258	67	6m	1.502	GTTGTG
1020435	1453	7A1	1.607	GTTGTG
1020567	103	o6	1.284	GGTTGT
1020574	475	7m8	1.258	GGTTGT
1020624	63	6m	2.667	GTTGTG
1020642	651	6m	1.940	GTTGTG
1020766	601	7m8	1.590	GGTTGT
1020800	316	6m	1.509	GTTGTG
1021084	196	o6	1.186	GGTTGT
1021084	1970	7m8	1.690	GTTGTG
1021222	270	o6	3.310	GGTTGT
1021519	256	o6	2.617	GGTTGT
1021545	194	7m8	1.703	GTTGTG
1021566	3666	6m	1.696	GTTGTG
1021566	4058	6m	1.084	GTTGTG
1021633	330	7A1	2.549	GTTGTG
1021678	628	o6	2.122	GGTTGT
1021899	164	6m	1.029	GTTGTG
1021899	1108	7m8	2.220	GGTTGT
1022066	669	o6	1.304	GGTTGT
1022066	948	o6	1.064	GGTTGT
1022066	1299	6m	2.526	GTTGTG
1022066	1473	6m	2.130	GTTGTG
1022066	3265	8m	2.213	GGTTGT
1022070	150	6m	2.047	GTTGTG
1022191	229	7A1	2.843	GTTGTG
1022198	38	6m	1.434	GTTGTG
1022253	240	6m	2.083	GTTGTG
1022256	1028	7A1	3.001	GTTGTG
1022338	2420	7A1	1.994	GTTGTG
1022418	1136	7A1	2.507	GTTGTG
1022466	113	7m8	1.645	GTTGTG
1022573	98	6m	1.634	GTTGTG
1022849	62	7A1	1.806	GTTGTG
1022932	1187	6m	1.310	GTTGTG
1022932	1461	6m	1.047	GTTGTG
1022941	1292	7A1	2.494	GTTGTG
1022941	1744	o6	1.606	GGTTGT
1022941	2824	6m	1.321	GTTGTG
1023109	326	6m	2.876	GTTGTG
1023110	1263	6m	1.895	GTTGTG
1023289	94	o6	3.387	GGTTGT
1023320	381	6m	1.328	GTTGTG
1023533	445	o6	2.341	GGTTGT
1023669	504	o6	1.456	GGTTGT
1023678	1422	o6	2.265	GGTTGT
1023789	281	6m	1.183	GTTGTG
1023790	2240	6m	2.651	GTTGTG
1023790	4185	6m	2.878	GTTGTG
1023805	61	o6	2.065	GGTTGT
1023846	1878	6m	1.796	GTTGTG
1023846	2307	6m	2.212	GTTGTG
1023850	422	6m	2.321	GTTGTG
1023850	1597	7m8	2.660	GGTTGT
1023890	112	o6	1.137	GGTTGT
1023922	622	6m	1.690	GTTGTG
1023927	131	6m	3.082	GTTGTG
1023955	3033	o6	1.247	GGTTGT
1023980	242	o6	2.828	GGTTGT
1023998	812	6m	1.515	GTTGTG
1024009	43	7A1	2.098	GTTGTG
1024025	1998	7A1	2.200	GTTGTG
1024028	1353	6m	2.146	GTTGTG
1024114	555	6m	1.232	GTTGTG
1024118	6	7A1	1.190	GTTGTG
1024123	383	6m	1.944	GTTGTG
1024165	121	7A1	1.485	GTTGTG
1024184	1221	6m	1.029	GTTGTG
1024228	423	7A1	2.449	GTTGTG
1024232	99	6m	1.061	GTTGTG
1024250	71	7A1	2.486	GTTGTG
1024388	53	o6	1.156	GGTTGT
1024465	1418	o6	1.795	GGTTGT
1024465	3003	7A1	3.082	GTTGTG
1024486	91	7m8	2.385	GGTTGT
1024525	668	6m	1.189	GTTGTG
1024543	204	6m	1.053	GTTGTG
1024634	642	o6	2.606	GGTTGT
1024639	1385	o6	2.350	GGTTGT
1024658	267	o6	1.560	GGTTGT
1024694	374	o6	2.964	GGTTGT
1024829	2408	o6	1.690	GGTTGT
1024832	137	6m	1.284	GTTGTG
1024844	351	o6	2.472	GGTTGT
1024904	2806	7A1	1.004	GTTGTG
1024919	131	6m	1.482	GTTGTG
1024956	1828	6m	2.016	GTTGTG
1024956	3813	7A1	2.523	GTTGTG
1024975	462	6m	1.907	GTTGTG
1024978	1010	6m	1.027	GTTGTG
1024987	236	6m	2.161	GTTGTG
1025001	221	6m	2.533	GTTGTG
1025029	2505	6m	2.606	GTTGTG
1025029	2742	6m	1.606	GTTGTG
1025029	2948	6m	2.233	GTTGTG
1025055	288	6m	1.471	GTTGTG
1025067	20	6m	1.357	GTTGTG
1025229	413	7A1	1.504	GTTGTG
1025229	1498	7A1	2.603	GTTGTG
1025239	55	6m	1.695	GTTGTG
1025256	38	7A1	1.240	GTTGTG
1025262	155	6m	1.818	GTTGTG
1025268	181	7A1	1.212	GTTGTG
1025343	143	7m8	1.499	GTTGTG
1025353	1322	o6	2.128	GGTTGT
1025374	415	6m	1.606	GTTGTG
1025377	754	7A1	2.350	GTTGTG
1025391	370	o6	2.639	GGTTGT
1025391	927	6m	2.135	GTTGTG
1025491	670	o6	1.564	GGTTGT
1025502	101	o6	1.380	GGTTGT
1025647	56	7A1	1.051	GTTGTG
1025690	249	6m	1.241	GTTGTG
1025690	294	6m	2.611	GTTGTG
1025772	328	6m	1.053	GTTGTG
1025851	1599	6m	2.220	GTTGTG
1025872	174	6m	1.540	GTTGTG
1026012	834	7A1	2.506	GTTGTG
1026095	685	7A1	2.962	GTTGTG
1026165	772	7A1	2.700	GTTGTG
1026204	41	o6	1.487	GGTTGT
1026400	407	6m	2.544	GTTGTG
1026591	335	o6	1.674	GGTTGT
1026688	1994	7A1	1.696	GTTGTG
1026832	104	o6	2.177	GGTTGT
1026841	1647	o6	2.496	GGTTGT
1026841	1930	6m	1.989	GTTGTG
1026841	2028	7m8	1.721	GTTGTG
1026841	2643	7A1	2.496	GTTGTG
1026841	3894	o6	2.303	GGTTGT
1026841	5000	7m8	2.487	GGTTGT
1026853	2528	6m	3.022	GTTGTG
1026974	461	7m8	1.037	GGTTGT
1027021	8	7A1	1.055	GTTGTG
1027181	99	6m	1.165	GTTGTG
1027308	430	6m	1.938	GTTGTG
1027369	539	6m	1.158	GTTGTG
1027417	926	o6	2.025	GGTTGT
1027423	347	o6	1.606	GGTTGT
1027438	470	o6	1.563	GGTTGT
1027608	1514	o6	2.588	GGTTGT
1027716	167	o6	1.030	GGTTGT
1027733	267	o6	1.322	GGTTGT
1027756	492	6m	1.278	GTTGTG
1027756	1010	6m	1.077	GTTGTG
1027825	67	7m8	1.584	GGTTGT
1027977	450	o6	1.420	GGTTGT
1028037	84	6m	1.284	GTTGTG
1028087	111	7m8	1.647	GGTTGT
1028311	62	6m	1.862	GTTGTG
1028526	1032	6m	2.317	GTTGTG
1028527	1929	6m	1.340	GTTGTG
1028687	63	o6	1.349	GGTTGT
1028702	156	o6	1.634	GGTTGT
1028728	40	6m	1.624	GTTGTG
1028734	4899	6m	2.286	GTTGTG
1028751	2030	6m	1.740	GTTGTG
1028878	152	6m	1.525	GTTGTG
1028931	356	8m	2.091	GGTTGT
1028931	650	6m	2.091	GTTGTG
1029051	657	6m	1.606	GTTGTG
1029051	688	o6	2.433	GGTTGT
1029246	292	o6	1.328	GGTTGT
1029391	535	o6	1.153	GGTTGT
1029394	441	6m	2.770	GTTGTG
1029592	412	6m	1.606	GTTGTG
1029733	208	6m	1.264	GTTGTG
1029778	250	7m8	2.984	GGTTGT
1029835	883	o6	1.642	GGTTGT
1029904	411	6m	1.386	GTTGTG
1029994	599	6m	1.195	GTTGTG
1030000	313	7A1	2.377	GTTGTG
1030141	53	o6	1.182	GGTTGT
1030248	2026	7A1	1.322	GTTGTG
1030476	798	7A1	3.177	GTTGTG
1030547	210	6m	1.030	GTTGTG
1030556	530	6m	1.742	GTTGTG
1030584	148	6m	2.400	GTTGTG
1030658	514	o6	1.960	GGTTGT
1030670	81	8m	2.160	GTTGTG
1030788	337	o6	1.276	GGTTGT
1030908	101	o6	1.514	GGTTGT
1031043	428	6m	1.286	GTTGTG
1031199	2361	6m	2.684	GTTGTG
1031211	151	8m	2.454	GGTTGT
1031321	77	o6	1.638	GGTTGT
1031375	1622	6m	2.922	GTTGTG
1031390	6340	6m	1.558	GTTGTG
1031480	248	7A1	3.398	GTTGTG
1031818	188	6m	1.484	GTTGTG
1031833	521	o6	2.026	GGTTGT
1031871	369	6m	1.787	GTTGTG
1031994	1171	6m	1.074	GTTGTG
1032039	312	7A1	1.931	GTTGTG
1032328	622	7A1	1.488	GTTGTG
1032333	1161	o6	2.872	GGTTGT
1032333	1556	7A1	2.872	GTTGTG
1032334	430	6m	1.605	GTTGTG
1032366	691	o6	3.077	GGTTGT
1032386	275	6m	2.937	GTTGTG
1032498	774	7A1	2.148	GTTGTG
1032508	1375	o6	2.643	GGTTGT
1032608	1069	o6	2.275	GGTTGT
1032617	570	7A1	2.922	GTTGTG
1032622	1483	6m	1.606	GTTGTG
1032622	3308	6m	2.433	GTTGTG
1032693	555	6m	2.807	GTTGTG
1032799	1316	6m	1.579	GTTGTG
1032799	1936	o6	2.102	GGTTGT
1032829	968	6m	1.606	GTTGTG
1032873	407	o6	1.099	GGTTGT
1032876	1349	o6	1.924	GGTTGT
1032884	714	6m	2.807	GTTGTG
1032902	1893	o6	2.220	GGTTGT
1032941	159	o6	2.189	GGTTGT
1032964	225	6m	1.548	GTTGTG
1032986	342	6m	1.562	GTTGTG
1033008	1627	6m	2.834	GTTGTG
1033008	3002	o6	1.084	GGTTGT
1033041	654	o6	2.020	GGTTGT
1033047	602	7A1	2.608	GTTGTG
1033138	233	7A1	1.499	GTTGTG
1033232	27	o6	2.986	GGTTGT
1033351	1099	6m	1.180	GTTGTG
1033362	2577	7A1	1.964	GTTGTG
1033381	200	7A1	1.264	GTTGTG
1033384	1617	6m	1.028	GTTGTG
1033452	1521	o6	1.838	GGTTGT
1033469	434	6m	1.321	GTTGTG
1033481	327	7A1	1.017	GTTGTG
1033535	489	o6	2.449	GGTTGT
1033565	1589	6m	2.111	GTTGTG
1033598	2205	6m	2.350	GTTGTG
1033700	137	6m	1.251	GTTGTG
1033739	1406	6m	1.560	GTTGTG
1033789	2903	6m	1.606	GTTGTG
1033792	536	o6	2.120	GGTTGT
1033795	1223	7A1	1.567	GTTGTG
1033865	88	6m	1.294	GTTGTG
1033906	176	6m	1.747	GTTGTG
1033971	1013	o6	1.026	GGTTGT
1033971	3265	6m	1.606	GTTGTG
1034001	117	o6	2.100	GGTTGT
1034058	433	7A1	1.778	GTTGTG
1034164	120	7A1	1.916	GTTGTG
1034235	219	6m	3.510	GTTGTG
1034262	731	7m8	1.556	GGTTGT
1034271	402	6m	1.322	GTTGTG
1034316	3359	6m	1.504	GTTGTG
1034316	3694	o6	1.563	GGTTGT
1034322	301	7m8	1.356	GGTTGT
1034409	362	6m	2.807	GTTGTG
1034409	372	7A1	1.467	GTTGTG
1034451	198	o6	1.235	GGTTGT
1034469	1921	6m	3.870	GTTGTG
1034551	147	6m	1.373	GTTGTG
1034557	635	6m	1.143	GTTGTG
1034569	2881	o6	2.589	GGTTGT
1034687	521	6m	1.315	GTTGTG
1034706	35	7m8	4.025	GGTTGT
1034709	373	6m	1.524	GTTGTG
1034789	864	7A1	2.606	GTTGTG
1034800	513	6m	2.843	GTTGTG
1034941	2479	6m	1.408	GTTGTG
1035001	1399	7m8	2.888	GGTTGT
1035010	1812	o6	1.396	GGTTGT
1035033	750	7A1	1.322	GTTGTG
1035037	888	7A1	2.973	GTTGTG
1035040	4729	7A1	2.020	GTTGTG
1035069	102	o6	1.195	GGTTGT
1035081	71	o6	1.270	GGTTGT
1035213	596	6m	1.755	GTTGTG
1035372	457	6m	5.267	GTTGTG
1035408	332	6m	3.028	GTTGTG
1035477	1182	o6	2.073	GGTTGT
1035513	698	6m	1.690	GTTGTG
1035527	3000	6m	1.168	GTTGTG
1035561	752	6m	1.879	GTTGTG
1035561	1344	6m	1.320	GTTGTG
1035569	7292	6m	1.810	GTTGTG
1035569	7714	6m	2.016	GTTGTG
1035569	8740	o6	1.960	GGTTGT
1035569	12714	6m	1.598	GTTGTG
1035569	14699	8m	1.585	GGTTGT
1035582	445	6m	2.479	GTTGTG
1035605	164	6m	1.825	GTTGTG
1035656	3216	7A1	2.783	GTTGTG
1035719	282	o6	1.506	GGTTGT
1035729	295	6m	1.112	GTTGTG
1035773	763	6m	1.842	GTTGTG
1035797	31	6m	1.980	GTTGTG
1035904	199	6m	1.339	GTTGTG
1035960	109	7A1	3.125	GTTGTG
1035963	785	7A1	1.641	GTTGTG
1035974	767	6m	1.434	GTTGTG
1035974	1255	7A1	3.398	GTTGTG
1036053	1563	7A1	3.635	GTTGTG
1036127	569	6m	1.079	GTTGTG
1036127	1028	7m8	3.082	GTTGTG
1036127	3766	6m	1.073	GTTGTG
1036127	10391	7m8	2.116	GGTTGT
1036127	12585	o6	1.737	GGTTGT
1036127	12694	6m	1.053	GTTGTG
1036149	449	6m	1.811	GTTGTG
1036299	1440	6m	1.284	GTTGTG
1036343	151	o6	3.575	GGTTGT
1036381	1758	6m	2.825	GTTGTG
1036381	2989	o6	1.082	GGTTGT
1036449	693	6m	2.877	GTTGTG
1036552	59	7A1	2.235	GTTGTG
1036558	108	o6	3.390	GGTTGT
1036558	664	o6	2.892	GGTTGT
1036563	70	7m8	1.973	GTTGTG
1036568	2979	6m	1.445	GTTGTG
1036568	4401	6m	2.016	GTTGTG
1036592	212	o6	2.278	GGTTGT
1036637	101	6m	1.122	GTTGTG
1036727	137	o6	2.178	GGTTGT
1036787	117	o6	2.073	GGTTGT
1036788	1359	o6	1.690	GGTTGT
1036818	178	6m	2.745	GTTGTG
1036892	144	7m8	1.967	GTTGTG
1036892	168	o6	1.723	GGTTGT
1036899	31	o6	2.981	GGTTGT
1036951	163	6m	2.298	GTTGTG
1037207	926	6m	1.667	GTTGTG
1037225	131	6m	2.092	GTTGTG
1037410	166	7m8	2.135	GTTGTG
1037419	290	6m	1.853	GTTGTG
1037504	730	7m8	1.609	GGTTGT
1037745	497	6m	2.857	GTTGTG
1037895	298	7A1	2.757	GTTGTG
1038067	362	o6	2.776	GGTTGT
1038139	31	o6	1.487	GGTTGT
1038366	318	6m	1.196	GTTGTG
1038378	46	6m	2.206	GTTGTG
1038431	907	6m	1.213	GTTGTG
1038499	418	o6	1.006	GGTTGT
1038686	132	6m	2.479	GTTGTG
1038703	325	6m	1.818	GTTGTG
1038752	833	6m	2.031	GTTGTG
1038752	1301	6m	1.409	GTTGTG
1038808	949	o6	1.299	GGTTGT
1038820	57	o6	1.297	GGTTGT
1038860	608	7m8	3.299	GGTTGT
1038900	202	o6	2.818	GGTTGT
1038923	597	7m8	2.708	GGTTGT
1039052	834	6m	3.266	GTTGTG
1039061	2813	o6	2.332	GGTTGT
1039102	12	7m8	1.490	GTTGTG
1039199	40	6m	1.270	GTTGTG
1039202	159	6m	1.799	GTTGTG
1039235	100	6m	1.041	GTTGTG
1039267	1184	6m	2.475	GTTGTG
1039301	76	6m	1.328	GTTGTG
1039301	323	o6	2.763	GGTTGT
1039301	1122	6m	2.237	GTTGTG
1039334	72	6m	1.738	GTTGTG
1039422	2446	7A1	1.131	GTTGTG
1039431	593	6m	2.075	GTTGTG
1039431	832	6m	1.842	GTTGTG
1039469	2993	6m	3.022	GTTGTG
1039496	648	o6	3.366	GGTTGT
1039497	765	o6	1.193	GGTTGT
1039502	6403	6m	2.383	GTTGTG
1039563	20	6m	1.323	GTTGTG
1039578	1441	6m	2.031	GTTGTG
1039578	5284	o6	2.377	GGTTGT
1039578	5481	6m	1.560	GTTGTG
1039703	1353	6m	1.690	GTTGTG
1039703	2849	6m	2.533	GTTGTG
1039718	1231	o6	2.286	GGTTGT
1039759	629	6m	1.626	GTTGTG
1039858	2935	o6	1.541	GGTTGT
1039911	1154	7A1	1.220	GTTGTG
1039959	773	8m	2.558	GTTGTG
1039964	154	7A1	2.094	GTTGTG
1039999	112	o6	4.700	GGTTGT
1039999	852	o6	3.284	GGTTGT
1040048	1680	o6	2.775	GGTTGT
1040048	3505	7A1	2.298	GTTGTG
1040049	672	o6	2.479	GGTTGT
1040058	5024	6m	1.269	GTTGTG
1040099	444	6m	1.815	GTTGTG
1040120	1182	o6	1.226	GGTTGT
1040201	712	6m	1.500	GTTGTG
1040298	4465	6m	2.705	GTTGTG
1040298	7068	6m	1.976	GTTGTG
1040318	1053	7A1	1.948	GTTGTG
1040346	3116	8m	1.328	GGTTGT
1040411	1706	7m8	2.231	GGTTGT
1040417	2420	6m	1.241	GTTGTG
1040420	271	6m	1.468	GTTGTG
1040438	2110	6m	1.586	GTTGTG
1040506	185	6m	1.497	GTTGTG
1040538	1734	o6	2.098	GGTTGT
1040538	1843	6m	1.284	GTTGTG
1040553	1586	6m	2.694	GTTGTG
1040589	901	7m8	1.034	GGTTGT
1040590	4888	7A1	2.186	GTTGTG
1040623	1127	6m	1.500	GTTGTG
1040635	1006	6m	2.487	GTTGTG
1040635	5248	7A1	2.479	GTTGTG
