1000066	1184	6m	2.870	GTACAA
1000074	57	o6	2.889	AGTACA
1000090	34	8m	2.305	AGTACA
1000113	119	o6	1.053	AGTACA
1000156	232	6m	2.398	GTACAA
1000156	547	o6	2.128	AGTACA
1000219	229	7A1	1.441	GTACAA
1000219	739	o6	1.470	AGTACA
1000228	225	7A1	1.179	GTACAA
1000248	410	7A1	1.433	GTACAA
1000249	707	8m	1.563	AGTACA
1000281	624	6m	2.822	GTACAA
1000281	878	6m	2.718	GTACAA
1000281	1057	o6	2.497	AGTACA
1000293	104	7A1	4.091	GTACAA
1000306	317	8m	2.185	AGTACA
1000320	232	o6	1.319	AGTACA
1000320	784	7A1	3.603	GTACAA
1000339	142	o6	1.105	AGTACA
1000345	365	6m	1.315	GTACAA
1000360	1674	o6	1.405	AGTACA
1000360	2131	o6	1.284	AGTACA
1000373	1053	o6	1.303	AGTACA
1000385	550	o6	1.335	AGTACA
1000385	957	6m	1.598	GTACAA
1000454	182	o6	1.443	AGTACA
1000493	181	6m	1.680	GTACAA
1000511	261	o6	1.200	AGTACA
1000511	303	7m8	2.019	AGTACA
1000536	962	o6	4.168	AGTACA
1000569	62	6m	1.941	GTACAA
1000590	949	6m	1.487	GTACAA
1000649	149	o6	1.021	AGTACA
1000676	89	o6	1.321	AGTACA
1000686	177	7A1	1.679	GTACAA
1000823	26	7A1	1.285	GTACAA
1000835	1320	6m	3.401	GTACAA
1000845	1618	o6	1.511	AGTACA
1000845	2872	o6	1.378	AGTACA
1000866	508	7A1	1.521	GTACAA
1000932	178	7A1	4.561	GTACAA
1000947	102	6m	2.460	GTACAA
1000968	219	6m	1.284	GTACAA
1000968	2702	6m	1.284	GTACAA
1001012	1229	7A1	1.434	GTACAA
1001015	865	o6	1.409	AGTACA
1001030	1062	6m	1.737	GTACAA
1001030	2342	6m	2.635	GTACAA
1001075	450	7m8	1.062	GTACAA
1001126	77	7m8	1.687	AGTACA
1001190	155	6m	1.891	GTACAA
1001249	278	7m8	1.655	AGTACA
1001385	156	7A1	2.751	GTACAA
1001423	45	6m	1.179	GTACAA
1001515	442	6m	3.025	GTACAA
1001530	386	7A1	2.500	GTACAA
1001533	1393	o6	1.147	AGTACA
1001533	4879	7A1	2.390	GTACAA
1001574	570	6m	1.606	GTACAA
1001607	835	6m	1.434	GTACAA
1001620	815	o6	1.547	AGTACA
1001620	1026	o6	2.206	AGTACA
1001667	6	7m8	1.833	AGTACA
1001667	274	7m8	2.170	AGTACA
1001753	388	7A1	2.239	GTACAA
1001754	413	7A1	2.477	GTACAA
1001757	80	7m8	3.555	AGTACA
1001810	591	o6	1.238	AGTACA
1001861	324	6m	1.085	GTACAA
1001862	1342	8m	2.807	AGTACA
1001879	77	6m	1.239	GTACAA
1001897	1337	7A1	1.798	GTACAA
1001906	1862	o6	1.786	AGTACA
1001921	360	o6	3.028	AGTACA
1001934	112	o6	1.356	AGTACA
1001949	789	6m	2.212	GTACAA
1001949	900	6m	4.009	GTACAA
1001966	440	8m	2.734	AGTACA
1002177	157	7A1	1.482	GTACAA
1002263	114	7A1	2.321	GTACAA
1002319	101	7A1	2.644	GTACAA
1002382	107	7A1	1.906	GTACAA
1002382	176	7m8	1.229	AGTACA
1002481	2233	6m	2.796	GTACAA
1002503	487	8m	2.527	AGTACA
1002595	1100	o6	1.284	AGTACA
1002638	27	7A1	1.009	GTACAA
1002641	344	6m	1.285	GTACAA
1002833	138	7A1	3.338	GTACAA
1002872	132	o6	1.892	AGTACA
1002872	894	6m	1.730	GTACAA
1002898	550	o6	2.252	AGTACA
1002978	183	7A1	1.423	GTACAA
1003084	243	6m	1.872	GTACAA
1003229	128	o6	1.475	AGTACA
1003242	792	7A1	2.171	GTACAA
1003248	1637	6m	1.140	GTACAA
1003263	610	7A1	2.233	GTACAA
1003288	223	o6	1.122	AGTACA
1003325	129	7m8	1.852	AGTACA
1003325	167	o6	2.033	AGTACA
1003379	517	o6	1.274	AGTACA
1003424	823	o6	1.539	AGTACA
1003430	667	6m	1.680	GTACAA
1003495	202	7A1	2.012	GTACAA
1003495	266	6m	1.190	GTACAA
1003576	1165	6m	1.026	GTACAA
1003594	505	7A1	4.449	GTACAA
1003631	314	6m	2.459	GTACAA
1003631	528	6m	1.986	GTACAA
1003661	92	6m	1.016	GTACAA
1003661	98	o6	1.016	AGTACA
1003797	560	6m	1.016	GTACAA
1003926	368	7m8	1.070	GTACAA
1003995	250	o6	1.220	AGTACA
1004002	216	o6	1.821	AGTACA
1004104	150	7A1	2.097	GTACAA
1004131	52	7m8	1.906	AGTACA
1004145	287	7A1	2.477	GTACAA
1004164	53	7A1	2.520	GTACAA
1004182	177	7A1	2.508	GTACAA
1004182	246	6m	1.030	GTACAA
1004211	7	8m	2.073	AGTACA
1004215	130	8m	1.040	GTACAA
1004292	189	7m8	1.719	AGTACA
1004358	320	6m	2.073	GTACAA
1004437	185	7m8	2.592	AGTACA
1004437	228	7A1	2.218	GTACAA
1004463	2650	o6	1.849	AGTACA
1004463	3031	7m8	1.294	AGTACA
1004539	192	o6	1.073	AGTACA
1004657	483	7A1	2.349	GTACAA
1004661	60	7A1	1.262	GTACAA
1004676	202	7A1	2.833	GTACAA
1004750	361	6m	1.434	GTACAA
1004843	161	7A1	2.220	GTACAA
1004931	181	6m	1.067	GTACAA
1005037	354	6m	1.136	GTACAA
1005099	140	o6	1.787	AGTACA
1005109	86	7A1	2.350	GTACAA
1005204	135	7A1	1.573	GTACAA
1005216	831	o6	2.237	AGTACA
1005349	2084	o6	2.393	AGTACA
1005352	517	o6	1.335	AGTACA
1005358	2081	7A1	2.035	GTACAA
1005358	2119	o6	2.321	AGTACA
1005367	116	o6	1.517	AGTACA
1005411	35	8m	4.317	GTACAA
1005455	594	7A1	3.217	GTACAA
1005507	355	6m	2.342	GTACAA
1005557	250	o6	2.794	AGTACA
1005557	1225	o6	1.312	AGTACA
1005581	4	7A1	2.839	GTACAA
1005595	1204	o6	1.322	AGTACA
1005623	4	o6	1.953	AGTACA
1005626	104	7A1	1.259	GTACAA
1005646	1575	6m	2.522	GTACAA
1005646	5239	o6	1.650	AGTACA
1005680	95	o6	1.505	AGTACA
1005683	244	7m8	1.729	AGTACA
1005873	128	8m	2.488	AGTACA
1005906	250	7A1	2.568	GTACAA
1006032	329	o6	2.910	AGTACA
1006066	785	6m	2.477	GTACAA
1006107	181	o6	1.771	AGTACA
1006575	94	6m	1.590	GTACAA
1006672	766	7m8	1.937	AGTACA
1006726	1483	6m	1.770	GTACAA
1006731	400	o6	1.423	AGTACA
1006735	2652	7A1	2.326	GTACAA
1006738	1719	7A1	1.191	GTACAA
1006803	75	7A1	1.606	GTACAA
1006842	451	7m8	1.981	AGTACA
1006845	143	6m	2.092	GTACAA
1006875	2909	7A1	1.191	GTACAA
1006884	206	6m	2.476	GTACAA
1006940	472	o6	1.931	AGTACA
1007004	990	7A1	2.072	GTACAA
1007004	1381	6m	1.264	GTACAA
1007017	265	7m8	2.871	AGTACA
1007062	57	6m	1.150	GTACAA
1007092	152	o6	1.006	AGTACA
1007110	42	8m	3.333	GTACAA
1007151	72	7A1	2.561	GTACAA
1007213	489	o6	1.660	AGTACA
1007213	603	o6	1.486	AGTACA
1007242	1749	6m	2.238	GTACAA
1007269	470	7A1	1.687	GTACAA
1007314	861	6m	1.677	GTACAA
1007314	1397	7A1	2.344	GTACAA
1007364	1168	7A1	2.065	GTACAA
1007484	1981	6m	1.680	GTACAA
1007490	324	o6	1.379	AGTACA
1007511	341	7A1	1.009	GTACAA
1007624	1581	7A1	1.315	GTACAA
1007638	354	o6	1.976	AGTACA
1007647	239	6m	2.502	GTACAA
1007731	1255	6m	1.806	GTACAA
1007792	226	7A1	2.425	GTACAA
1007806	179	6m	2.377	GTACAA
1007806	1022	6m	2.377	GTACAA
1007812	1431	6m	1.473	GTACAA
1007812	1470	7m8	2.274	AGTACA
1007812	3657	6m	2.020	GTACAA
1007812	5274	o6	3.740	AGTACA
1007812	5799	7m8	3.309	AGTACA
1007821	68	6m	1.053	GTACAA
1007839	118	7A1	1.893	GTACAA
1007839	259	6m	1.728	GTACAA
1007843	83	o6	1.223	AGTACA
1007851	248	7A1	2.130	GTACAA
1007897	2380	o6	1.420	AGTACA
1007908	701	8m	2.350	AGTACA
1007908	725	7m8	1.955	GTACAA
1007915	64	7A1	2.922	GTACAA
1007923	556	6m	1.241	GTACAA
1007926	52	7A1	2.701	GTACAA
1007932	1278	7A1	1.284	GTACAA
1007945	15	7A1	1.831	GTACAA
1007950	330	o6	1.201	AGTACA
1007969	384	7A1	1.615	GTACAA
1007997	139	7m8	1.687	AGTACA
1007997	181	7A1	2.544	GTACAA
1007997	1033	6m	2.414	GTACAA
1008031	89	7A1	5.215	GTACAA
1008045	374	6m	2.543	GTACAA
1008073	129	7A1	1.204	GTACAA
1008093	1873	8m	2.666	AGTACA
1008114	522	6m	2.218	GTACAA
1008123	582	7A1	2.170	GTACAA
1008126	249	o6	1.477	AGTACA
1008141	951	7A1	2.876	GTACAA
1008145	6825	o6	1.053	AGTACA
1008145	7219	o6	1.449	AGTACA
1008145	7363	7m8	1.322	AGTACA
1008178	370	7A1	1.306	GTACAA
1008210	77	6m	1.508	GTACAA
1008241	19	6m	1.029	GTACAA
1008255	395	o6	2.982	AGTACA
1008271	177	7A1	1.585	GTACAA
1008286	1583	6m	1.284	GTACAA
1008292	141	6m	1.434	GTACAA
1008307	568	o6	2.466	AGTACA
1008307	617	o6	1.077	AGTACA
1008372	819	7A1	2.544	GTACAA
1008397	179	6m	2.226	GTACAA
1008406	727	6m	2.642	GTACAA
1008409	2001	6m	1.432	GTACAA
1008420	99	o6	2.520	AGTACA
1008421	563	6m	1.215	GTACAA
1008421	586	6m	1.747	GTACAA
1008424	288	6m	1.076	GTACAA
1008436	256	6m	2.214	GTACAA
1008453	35	8m	2.041	AGTACA
1008453	143	o6	2.350	AGTACA
1008454	626	6m	1.156	GTACAA
1008460	142	7A1	2.982	GTACAA
1008465	294	6m	2.178	GTACAA
1008505	80	o6	1.144	AGTACA
1008521	317	8m	2.065	GTACAA
1008569	87	8m	1.322	AGTACA
1008624	654	6m	3.004	GTACAA
1008650	1029	o6	1.523	AGTACA
1008708	466	7A1	2.635	GTACAA
1008720	130	6m	2.416	GTACAA
1008749	261	o6	1.814	AGTACA
1008768	529	6m	1.322	GTACAA
1008773	33	8m	2.821	GTACAA
1008773	147	o6	1.315	AGTACA
1008780	441	7A1	1.407	GTACAA
1008780	1006	6m	1.606	GTACAA
1008788	370	6m	1.661	GTACAA
1008830	109	7m8	2.247	AGTACA
1008852	1252	o6	1.513	AGTACA
1008855	446	7A1	2.400	GTACAA
1008894	357	6m	1.598	GTACAA
1008903	1717	8m	2.834	AGTACA
1008933	748	7m8	2.333	AGTACA
1008975	249	7A1	2.185	GTACAA
1008975	623	6m	2.185	GTACAA
1008978	199	8m	2.804	AGTACA
1009037	2220	6m	2.124	GTACAA
1009074	679	6m	1.258	GTACAA
1009074	899	6m	2.062	GTACAA
1009150	25	6m	1.119	GTACAA
1009222	541	8m	2.125	AGTACA
1009225	293	7A1	1.658	GTACAA
1009268	73	7A1	1.606	GTACAA
1009300	56	7A1	2.350	GTACAA
1009352	213	7m8	1.434	GTACAA
1009369	248	6m	2.626	GTACAA
1009369	590	6m	2.384	GTACAA
1009391	287	7m8	2.276	AGTACA
1009408	211	7A1	2.807	GTACAA
1009411	33	7m8	2.635	AGTACA
1009511	288	7A1	2.372	GTACAA
1009517	220	7A1	2.362	GTACAA
1009548	28	6m	1.245	GTACAA
1009548	63	7A1	1.245	GTACAA
1009609	152	6m	2.180	GTACAA
1009748	1812	8m	2.863	AGTACA
1009768	258	7A1	2.276	GTACAA
1009768	450	7A1	1.081	GTACAA
1009834	1592	6m	3.034	GTACAA
1009834	2406	7m8	1.026	AGTACA
1009838	31	8m	1.675	AGTACA
1009841	696	7A1	1.600	GTACAA
1009841	1026	o6	1.600	AGTACA
1009844	345	7m8	1.286	AGTACA
1009899	360	8m	2.446	GTACAA
1009930	578	o6	1.291	AGTACA
1009948	1372	7A1	2.025	GTACAA
1009953	31	7A1	3.058	GTACAA
1010043	75	6m	2.144	GTACAA
1010054	1100	7A1	2.628	GTACAA
1010120	54	8m	3.125	AGTACA
1010151	185	7m8	1.267	AGTACA
1010160	246	8m	2.459	AGTACA
1010160	894	6m	1.025	GTACAA
1010175	270	o6	1.428	AGTACA
1010195	57	6m	1.283	GTACAA
1010232	2614	o6	1.311	AGTACA
1010238	2241	o6	1.311	AGTACA
1010326	851	o6	1.380	AGTACA
1010358	846	7A1	1.073	GTACAA
1010358	1321	7A1	1.073	GTACAA
1010365	948	6m	2.606	GTACAA
1010385	446	7A1	1.529	GTACAA
1010401	2377	7m8	2.544	AGTACA
1010401	3131	6m	1.668	GTACAA
1010401	5558	o6	1.420	AGTACA
1010412	337	6m	2.377	GTACAA
1010462	242	8m	2.544	AGTACA
1010492	59	6m	1.771	GTACAA
1010511	184	7m8	2.608	AGTACA
1010553	616	6m	2.635	GTACAA
1010569	91	7A1	1.456	GTACAA
1010630	7	6m	1.299	GTACAA
1010646	605	7A1	1.780	GTACAA
1010670	554	o6	1.141	AGTACA
1010686	754	o6	1.169	AGTACA
1010697	114	7A1	1.606	GTACAA
1010715	215	8m	2.197	AGTACA
1010772	33	6m	1.040	GTACAA
1010863	205	7A1	2.304	GTACAA
1010866	182	7A1	3.576	GTACAA
1010934	211	6m	1.240	GTACAA
1011060	332	6m	1.483	GTACAA
1011173	34	8m	3.563	AGTACA
1011264	45	6m	1.499	GTACAA
1011277	1531	6m	1.470	GTACAA
1011277	1667	6m	2.148	GTACAA
1011416	222	6m	1.270	GTACAA
1011445	120	o6	1.592	AGTACA
1011449	56	6m	3.245	GTACAA
1011478	187	o6	2.567	AGTACA
1011487	89	7A1	2.020	GTACAA
1011629	146	7m8	2.281	AGTACA
1011637	558	o6	1.153	AGTACA
1011694	179	7m8	2.223	AGTACA
1011739	156	8m	1.556	GTACAA
1011791	189	8m	1.952	AGTACA
1011809	229	7m8	1.268	AGTACA
1011841	411	8m	2.459	AGTACA
1011851	50	6m	1.252	GTACAA
1011856	943	7m8	1.322	AGTACA
1011892	441	6m	1.077	GTACAA
1011944	611	6m	2.062	GTACAA
1011944	1088	6m	2.041	GTACAA
1011951	394	8m	2.533	AGTACA
1012071	19	o6	1.312	AGTACA
1012133	117	6m	1.378	GTACAA
1012169	184	7m8	2.254	AGTACA
1012169	791	6m	2.234	GTACAA
1012216	115	6m	2.020	GTACAA
1012262	823	o6	1.084	AGTACA
1012391	263	7A1	2.409	GTACAA
1012406	75	7m8	2.482	AGTACA
1012421	60	o6	2.602	AGTACA
1012513	299	7A1	2.855	GTACAA
1012522	487	6m	2.020	GTACAA
1012527	49	8m	2.636	AGTACA
1012537	67	o6	1.565	AGTACA
1012537	437	6m	2.627	GTACAA
1012593	215	7A1	2.688	GTACAA
1012593	336	6m	3.000	GTACAA
1012602	79	7m8	2.486	AGTACA
1012760	384	o6	1.326	AGTACA
1012875	324	o6	1.111	AGTACA
1012896	596	o6	1.288	AGTACA
1012896	616	o6	1.292	AGTACA
1013089	544	o6	1.242	AGTACA
1013089	603	o6	1.653	AGTACA
1013177	97	7m8	2.984	AGTACA
1013312	1721	7A1	2.533	GTACAA
1013312	1930	7m8	1.690	AGTACA
1013318	193	7A1	3.081	GTACAA
1013319	78	7A1	1.103	GTACAA
1013361	24	8m	3.034	AGTACA
1013383	633	o6	1.500	AGTACA
1013425	109	7A1	1.321	GTACAA
1013444	621	7m8	2.073	AGTACA
1013506	23	6m	2.073	GTACAA
1013518	2047	7A1	1.211	GTACAA
1013591	433	6m	2.552	GTACAA
1013600	239	6m	1.016	GTACAA
1013600	607	6m	1.378	GTACAA
1013616	131	7A1	2.054	GTACAA
1013616	418	o6	1.055	AGTACA
1013649	110	o6	1.034	AGTACA
1013670	1843	7m8	1.284	AGTACA
1013670	2409	o6	1.284	AGTACA
1013682	141	7A1	1.711	GTACAA
1013725	216	7m8	1.936	AGTACA
1013781	68	7A1	3.424	GTACAA
1013782	284	7A1	2.206	GTACAA
1013879	193	8m	2.007	AGTACA
1013879	203	6m	1.906	GTACAA
1013902	646	7m8	1.465	AGTACA
1013957	88	7A1	1.517	GTACAA
1013963	371	7m8	2.104	AGTACA
1014049	55	7A1	2.608	GTACAA
1014143	346	7m8	1.118	GTACAA
1014173	52	o6	1.166	AGTACA
1014212	463	o6	1.741	AGTACA
1014276	208	8m	1.268	AGTACA
1014300	385	7m8	2.656	AGTACA
1014403	904	8m	2.127	GTACAA
1014411	146	o6	2.141	AGTACA
1014813	167	7A1	1.328	GTACAA
1014847	531	6m	1.745	GTACAA
1014856	1508	7m8	1.786	AGTACA
1014859	1776	7m8	2.062	AGTACA
1014859	1964	7A1	2.005	GTACAA
1014877	1351	6m	2.734	GTACAA
1014883	1820	o6	2.073	AGTACA
1014884	296	8m	2.863	AGTACA
1014884	503	6m	1.031	GTACAA
1014898	818	8m	3.026	AGTACA
1014899	528	6m	1.171	GTACAA
1014957	49	7A1	1.316	GTACAA
1014981	1930	o6	1.690	AGTACA
1014981	2449	6m	2.321	GTACAA
1015021	1300	o6	1.156	AGTACA
1015041	2822	6m	1.546	GTACAA
1015041	4826	o6	1.821	AGTACA
1015052	43	7m8	1.050	AGTACA
1015073	1206	6m	1.322	GTACAA
1015073	1887	6m	2.781	GTACAA
1015095	469	o6	1.284	AGTACA
1015145	3581	8m	2.331	AGTACA
1015145	3592	8m	2.331	AGTACA
1015192	404	7A1	1.322	GTACAA
1015228	1619	o6	1.606	AGTACA
1015259	505	6m	2.477	GTACAA
1015259	702	6m	3.034	GTACAA
1015348	918	8m	2.764	AGTACA
1015375	2361	o6	2.201	AGTACA
1015394	1413	7A1	2.807	GTACAA
1015435	496	7A1	2.130	GTACAA
1015435	724	7m8	2.730	GTACAA
1015480	381	7m8	2.025	AGTACA
1015480	1776	o6	1.017	AGTACA
1015526	4128	6m	1.590	GTACAA
1015551	187	o6	1.434	AGTACA
1015551	245	6m	1.711	GTACAA
1015551	373	o6	2.073	AGTACA
1015555	593	6m	1.593	GTACAA
1015572	1858	o6	2.073	AGTACA
1015601	144	6m	1.034	GTACAA
1015661	274	6m	2.377	GTACAA
1015690	479	o6	1.980	AGTACA
1015725	180	o6	1.891	AGTACA
1015725	407	o6	1.852	AGTACA
1015774	439	7A1	2.538	GTACAA
1015870	885	7A1	2.328	GTACAA
1015888	149	8m	1.939	GTACAA
1015888	177	7A1	1.011	GTACAA
1015894	63	7A1	1.656	GTACAA
1015903	245	o6	1.073	AGTACA
1015924	1125	o6	1.162	AGTACA
1015983	27	8m	3.688	GTACAA
1016011	62	7m8	1.538	AGTACA
1016016	862	8m	1.977	AGTACA
1016019	1071	o6	2.285	AGTACA
1016106	319	6m	1.750	GTACAA
1016146	18	o6	1.322	AGTACA
1016146	30	7m8	2.544	AGTACA
1016146	126	7m8	2.341	AGTACA
1016154	422	7m8	1.288	AGTACA
1016176	1773	o6	1.571	AGTACA
1016176	2125	7m8	1.322	AGTACA
1016179	138	7A1	1.852	GTACAA
1016179	1072	o6	1.053	AGTACA
1016184	66	o6	2.544	AGTACA
1016184	965	7A1	2.544	GTACAA
1016220	314	o6	1.846	AGTACA
1016220	1040	6m	1.560	GTACAA
1016272	186	6m	1.598	GTACAA
1016298	316	7A1	1.778	GTACAA
1016377	57	6m	1.663	GTACAA
1016398	1220	7A1	2.544	GTACAA
1016418	453	7A1	2.220	GTACAA
1016431	376	6m	1.640	GTACAA
1016431	412	8m	1.120	AGTACA
1016439	1021	o6	1.021	AGTACA
1016445	1235	6m	1.958	GTACAA
1016470	64	7A1	1.288	GTACAA
1016511	1060	o6	1.161	AGTACA
1016566	882	7A1	2.073	GTACAA
1016571	1631	6m	2.416	GTACAA
1016574	1741	o6	2.094	AGTACA
1016581	1428	7A1	1.997	GTACAA
1016605	765	6m	1.882	GTACAA
1016652	791	7A1	1.687	GTACAA
1016685	607	6m	1.241	GTACAA
1016691	496	7A1	2.026	GTACAA
1016695	1150	7A1	3.031	GTACAA
1016698	177	6m	2.693	GTACAA
1016713	1550	6m	2.321	GTACAA
1016713	4563	7m8	2.433	AGTACA
1016764	55	8m	1.291	AGTACA
1016800	158	6m	1.206	GTACAA
1016806	245	o6	1.164	AGTACA
1016806	1805	6m	2.299	GTACAA
1016832	1452	7A1	2.544	GTACAA
1016851	492	7A1	2.072	GTACAA
1016916	23	8m	3.649	AGTACA
1016916	165	o6	1.965	AGTACA
1016922	548	8m	1.945	AGTACA
1016922	658	6m	1.616	GTACAA
1016936	135	8m	2.210	AGTACA
1016939	46	7m8	2.493	AGTACA
1016942	100	7A1	2.533	GTACAA
1016952	598	7A1	2.520	GTACAA
1016971	2277	6m	1.163	GTACAA
1016971	3108	o6	1.053	AGTACA
1017019	238	8m	2.130	AGTACA
1017028	532	6m	2.544	GTACAA
1017042	187	6m	2.025	GTACAA
1017151	410	7A1	2.275	GTACAA
1017197	73	6m	1.644	GTACAA
1017207	1103	7A1	3.633	GTACAA
1017240	79	o6	2.648	AGTACA
1017245	399	8m	3.266	AGTACA
1017249	30	7A1	3.291	GTACAA
1017282	395	6m	2.507	GTACAA
1017433	151	6m	1.649	GTACAA
1017485	327	6m	2.220	GTACAA
1017496	1086	7m8	2.427	AGTACA
1017496	1232	7m8	2.807	AGTACA
1017566	16	6m	1.330	GTACAA
1017614	1575	8m	1.587	AGTACA
1017614	1701	7A1	1.600	GTACAA
1017630	428	o6	1.523	AGTACA
1017695	740	7m8	2.371	GTACAA
1017743	102	7A1	2.104	GTACAA
1017743	805	7A1	2.026	GTACAA
1017805	116	6m	3.253	GTACAA
1017814	910	o6	2.326	AGTACA
1017814	3334	7m8	1.473	AGTACA
1017826	191	6m	1.326	GTACAA
1017853	23	6m	1.563	GTACAA
1017886	552	o6	1.643	AGTACA
1017890	481	6m	1.152	GTACAA
1017927	83	7A1	2.544	GTACAA
1018017	131	o6	2.278	AGTACA
1018020	759	6m	2.341	GTACAA
1018077	1357	7m8	1.882	AGTACA
1018099	119	o6	1.290	AGTACA
1018134	766	o6	1.650	AGTACA
1018134	3824	o6	1.018	AGTACA
1018167	17	7m8	2.234	GTACAA
1018168	82	o6	1.783	AGTACA
1018168	520	7m8	2.433	AGTACA
1018233	762	6m	3.460	GTACAA
1018233	972	6m	3.896	GTACAA
1018233	1045	o6	1.686	AGTACA
1018257	778	6m	1.577	GTACAA
1018284	61	6m	1.996	GTACAA
1018328	117	7A1	1.808	GTACAA
1018376	7	8m	2.537	AGTACA
1018398	252	7m8	1.649	AGTACA
1018398	293	7A1	1.351	GTACAA
1018406	71	6m	2.563	GTACAA
1018445	145	8m	2.312	AGTACA
1018489	42	o6	1.790	AGTACA
1018498	659	6m	1.623	GTACAA
1018530	2845	7A1	2.858	GTACAA
1018533	51	8m	2.854	GTACAA
1018533	102	6m	3.657	GTACAA
1018534	53	6m	1.187	GTACAA
1018546	191	6m	1.876	GTACAA
1018619	103	6m	1.624	GTACAA
1018632	161	7m8	2.247	AGTACA
1018632	990	8m	2.686	AGTACA
1018632	3555	o6	1.598	AGTACA
1018661	1248	7A1	2.220	GTACAA
1018678	550	o6	1.015	AGTACA
1018766	2763	o6	1.248	AGTACA
1019016	61	7m8	2.106	AGTACA
1019026	32	7A1	2.025	GTACAA
1019055	63	6m	1.257	GTACAA
1019055	892	7m8	2.681	AGTACA
1019134	219	o6	1.485	AGTACA
1019147	1117	7m8	1.606	AGTACA
1019173	351	7m8	2.163	AGTACA
1019237	203	o6	1.247	AGTACA
1019279	308	o6	1.003	AGTACA
1019323	900	o6	1.316	AGTACA
1019362	161	7A1	1.780	GTACAA
1019384	180	6m	1.316	GTACAA
1019413	263	6m	1.190	GTACAA
1019465	98	6m	2.805	GTACAA
1019534	216	6m	2.415	GTACAA
1019554	534	6m	2.016	GTACAA
1019564	102	8m	2.350	AGTACA
1019567	39	7m8	1.424	AGTACA
1019573	81	6m	2.112	GTACAA
1019578	30	7m8	3.032	GTACAA
1019579	3249	6m	2.489	GTACAA
1019698	785	8m	1.873	GTACAA
1019713	687	o6	2.609	AGTACA
1019716	209	7m8	1.447	AGTACA
1019737	99	8m	1.808	AGTACA
1019761	216	8m	1.879	AGTACA
1019859	284	7A1	2.493	GTACAA
1019925	550	6m	1.120	GTACAA
1019932	346	6m	2.095	GTACAA
1019935	805	6m	1.016	GTACAA
1019935	926	6m	1.285	GTACAA
1019980	1018	8m	2.446	AGTACA
1020022	53	o6	1.095	AGTACA
1020029	186	7A1	1.891	GTACAA
1020034	171	7A1	2.149	GTACAA
1020219	1217	8m	2.102	AGTACA
1020219	2116	o6	2.460	AGTACA
1020234	241	o6	1.379	AGTACA
1020253	1107	7A1	1.776	GTACAA
1020261	164	7A1	1.322	GTACAA
1020375	139	7A1	1.975	GTACAA
1020494	56	7A1	2.213	GTACAA
1020615	1250	7m8	2.660	AGTACA
1020642	8839	o6	3.098	AGTACA
1020642	8844	o6	3.098	AGTACA
1020686	591	6m	2.269	GTACAA
1020692	245	7A1	2.220	GTACAA
1020700	31	7m8	2.159	AGTACA
1020760	814	7m8	3.082	AGTACA
1020766	1139	6m	1.691	GTACAA
1020791	43	o6	2.049	AGTACA
1020960	110	7m8	1.335	GTACAA
1021014	851	6m	2.702	GTACAA
1021028	114	o6	1.240	AGTACA
1021055	672	6m	1.513	GTACAA
1021056	330	7m8	1.188	GTACAA
1021178	522	7A1	1.937	GTACAA
1021233	194	o6	1.271	AGTACA
1021273	923	7A1	2.683	GTACAA
1021374	35	7A1	1.763	GTACAA
1021374	188	6m	1.238	GTACAA
1021377	144	o6	1.073	AGTACA
1021406	520	6m	1.005	GTACAA
1021412	191	o6	1.606	AGTACA
1021440	220	7A1	1.838	GTACAA
1021458	500	6m	1.873	GTACAA
1021488	950	6m	2.502	GTACAA
1021488	1103	6m	2.321	GTACAA
1021562	189	7A1	1.674	GTACAA
1021596	260	6m	2.335	GTACAA
1021613	711	o6	1.424	AGTACA
1021636	45	o6	2.168	AGTACA
1021672	29	o6	1.120	AGTACA
1021741	403	7A1	2.660	GTACAA
1021866	1732	6m	1.456	GTACAA
1021879	122	6m	2.025	GTACAA
1021879	855	o6	1.541	AGTACA
1021899	1576	7A1	2.061	GTACAA
1022005	420	o6	1.606	AGTACA
1022014	121	6m	1.868	GTACAA
1022043	210	6m	1.755	GTACAA
1022235	2058	6m	3.158	GTACAA
1022253	1275	o6	2.212	AGTACA
1022256	1968	6m	1.954	GTACAA
1022383	500	o6	2.085	AGTACA
1022495	3400	o6	1.315	AGTACA
1022568	303	7A1	3.034	GTACAA
1022576	193	7m8	1.117	AGTACA
1022687	43	7m8	1.606	AGTACA
1022893	74	7A1	1.210	GTACAA
1022932	2348	7A1	1.876	GTACAA
1022938	336	6m	1.514	GTACAA
1022941	3283	6m	1.781	GTACAA
1022992	135	6m	1.021	GTACAA
1023062	2256	6m	2.154	GTACAA
1023062	3342	7A1	4.044	GTACAA
1023062	4349	6m	2.341	GTACAA
1023072	107	7m8	1.284	AGTACA
1023080	728	6m	3.224	GTACAA
1023091	772	o6	1.801	AGTACA
1023104	643	6m	1.606	GTACAA
1023113	4	6m	1.366	GTACAA
1023127	561	6m	1.015	GTACAA
1023145	312	o6	1.550	AGTACA
1023154	1082	7m8	1.756	GTACAA
1023253	1816	6m	1.500	GTACAA
1023256	367	6m	2.006	GTACAA
1023271	66	6m	1.148	GTACAA
1023281	366	7A1	1.186	GTACAA
1023298	83	6m	1.328	GTACAA
1023320	1544	7A1	1.284	GTACAA
1023354	775	6m	1.454	GTACAA
1023391	1726	7A1	1.337	GTACAA
1023443	452	o6	1.053	AGTACA
1023527	775	6m	1.508	GTACAA
1023572	315	7A1	3.322	GTACAA
1023578	374	7A1	2.376	GTACAA
1023594	869	7A1	1.485	GTACAA
1023594	946	o6	1.322	AGTACA
1023599	1063	7A1	2.192	GTACAA
1023599	8150	6m	2.350	GTACAA
1023599	8434	6m	2.026	GTACAA
1023666	442	7A1	2.224	GTACAA
1023666	534	7m8	1.639	AGTACA
1023670	34	7A1	2.622	GTACAA
1023673	105	6m	1.506	GTACAA
1023678	1223	o6	1.053	AGTACA
1023712	872	8m	2.220	AGTACA
1023784	2540	7A1	2.390	GTACAA
1023790	1597	7m8	2.870	AGTACA
1023790	3657	o6	2.651	AGTACA
1023790	3948	6m	1.271	GTACAA
1023796	395	8m	2.206	AGTACA
1023799	215	8m	2.635	AGTACA
1023805	3956	o6	1.076	AGTACA
1023805	4144	7m8	2.220	AGTACA
1023882	202	o6	1.322	AGTACA
1023882	2097	7A1	1.808	GTACAA
1023891	46	7A1	1.322	GTACAA
1023897	1776	7A1	2.648	GTACAA
1023952	63	6m	1.015	GTACAA
1023998	685	o6	1.220	AGTACA
1023998	1487	o6	1.872	AGTACA
1024019	1678	o6	1.606	AGTACA
1024028	209	7A1	1.390	GTACAA
1024028	1270	o6	1.465	AGTACA
1024028	1820	o6	1.073	AGTACA
1024031	812	7A1	1.606	GTACAA
1024031	3481	6m	2.660	GTACAA
1024031	4378	7m8	1.284	GTACAA
1024037	37	6m	1.293	GTACAA
1024060	69	7A1	1.891	GTACAA
1024079	62	7A1	2.631	GTACAA
1024165	364	7A1	2.409	GTACAA
1024169	421	6m	1.058	GTACAA
1024195	1060	7A1	2.002	GTACAA
1024195	1143	6m	1.965	GTACAA
1024196	653	8m	2.342	AGTACA
1024204	327	o6	2.417	AGTACA
1024291	156	7A1	1.027	GTACAA
1024366	621	8m	2.520	AGTACA
1024381	2495	7A1	1.167	GTACAA
1024384	328	7A1	3.417	GTACAA
1024385	683	6m	2.332	GTACAA
1024388	684	6m	2.106	GTACAA
1024400	431	6m	1.016	GTACAA
1024418	657	6m	2.311	GTACAA
1024465	199	7A1	1.251	GTACAA
1024481	366	o6	1.606	AGTACA
1024502	552	6m	2.159	GTACAA
1024525	379	8m	2.883	GTACAA
1024582	286	o6	1.230	AGTACA
1024582	371	6m	1.900	GTACAA
1024613	701	7m8	2.268	AGTACA
1024619	1335	6m	2.019	GTACAA
1024619	2474	6m	2.102	GTACAA
1024639	1810	o6	1.571	AGTACA
1024648	803	7A1	1.660	GTACAA
1024648	2373	7A1	1.687	GTACAA
1024648	6089	7m8	2.449	AGTACA
1024648	7075	7m8	2.449	AGTACA
1024648	11116	7m8	3.439	AGTACA
1024648	14181	8m	2.449	AGTACA
1024715	4821	6m	1.570	GTACAA
1024720	558	6m	1.606	GTACAA
1024730	279	8m	2.567	GTACAA
1024829	5542	o6	1.229	AGTACA
1024832	562	6m	1.259	GTACAA
1024847	584	6m	1.533	GTACAA
1024873	490	8m	1.900	GTACAA
1024904	126	7m8	2.544	AGTACA
1024904	2462	o6	1.082	AGTACA
1024904	4277	6m	2.100	GTACAA
1024935	1510	o6	1.755	AGTACA
1024939	1006	7A1	1.588	GTACAA
1024939	1636	7A1	2.652	GTACAA
1024939	2413	o6	2.652	AGTACA
1024956	5275	7m8	2.629	AGTACA
1024956	6212	6m	1.109	GTACAA
1024956	7445	o6	1.084	AGTACA
1024978	1089	o6	1.641	AGTACA
1024978	1094	o6	1.641	AGTACA
1024987	968	o6	1.227	AGTACA
1025023	46	7m8	1.129	AGTACA
1025029	1385	6m	2.552	GTACAA
1025055	747	6m	1.050	GTACAA
1025059	763	8m	2.641	AGTACA
1025064	2058	6m	2.007	GTACAA
1025125	212	o6	1.090	AGTACA
1025150	140	7m8	1.800	AGTACA
1025167	1062	8m	2.025	AGTACA
1025168	31	7m8	1.056	AGTACA
1025207	414	6m	3.100	GTACAA
1025216	531	6m	2.840	GTACAA
1025229	1516	o6	2.774	AGTACA
1025275	1038	o6	1.286	AGTACA
1025293	598	6m	1.582	GTACAA
1025331	556	6m	1.542	GTACAA
1025353	612	o6	2.588	AGTACA
1025370	770	o6	2.344	AGTACA
1025377	366	6m	1.650	GTACAA
1025427	215	6m	1.228	GTACAA
1025431	1032	7m8	2.350	AGTACA
1025452	427	7A1	2.220	GTACAA
1025475	38	o6	2.031	AGTACA
1025548	373	6m	1.501	GTACAA
1025578	71	6m	1.156	GTACAA
1025608	226	6m	1.320	GTACAA
1025608	979	o6	2.222	AGTACA
1025614	143	8m	2.639	AGTACA
1025657	378	6m	2.204	GTACAA
1025737	206	7A1	1.322	GTACAA
1025755	1305	o6	1.355	AGTACA
1025850	238	o6	1.570	AGTACA
1025878	584	7m8	1.163	AGTACA
1025955	198	7m8	1.614	GTACAA
1026012	516	7A1	1.210	GTACAA
1026053	94	o6	3.649	AGTACA
1026084	184	o6	1.029	AGTACA
1026200	286	o6	1.719	AGTACA
1026200	1083	6m	2.618	GTACAA
1026262	566	8m	2.126	GTACAA
1026293	131	7A1	2.847	GTACAA
1026322	172	7A1	1.848	GTACAA
1026336	545	8m	1.975	GTACAA
1026400	212	6m	2.085	GTACAA
1026414	442	o6	2.589	AGTACA
1026711	622	7m8	1.073	AGTACA
1026711	2195	o6	1.073	AGTACA
1026711	2601	8m	2.608	AGTACA
1026726	1269	7A1	1.277	GTACAA
1026755	53	o6	1.056	AGTACA
1026758	327	6m	3.003	GTACAA
1026798	516	o6	1.606	AGTACA
1026812	307	6m	1.228	GTACAA
1026818	27	o6	1.012	AGTACA
1026838	624	8m	2.544	AGTACA
1026838	989	7m8	1.322	GTACAA
1026841	1335	6m	2.215	GTACAA
1026841	1967	7A1	1.109	GTACAA
1026853	1769	6m	1.112	GTACAA
1026853	1775	7m8	1.112	GTACAA
1026888	228	o6	1.713	AGTACA
1026951	52	7A1	1.665	GTACAA
1026965	977	6m	2.064	GTACAA
1026965	1084	7m8	1.574	AGTACA
1026974	266	7A1	2.427	GTACAA
1026999	668	6m	1.740	GTACAA
1027111	222	7A1	1.103	GTACAA
1027111	666	7A1	1.976	GTACAA
1027129	194	7A1	1.768	GTACAA
1027138	567	6m	2.286	GTACAA
1027226	102	6m	2.605	GTACAA
1027226	772	6m	2.073	GTACAA
1027255	226	7A1	2.827	GTACAA
1027276	107	7m8	1.874	GTACAA
1027276	542	6m	3.510	GTACAA
1027299	82	8m	1.029	AGTACA
1027345	237	7A1	1.954	GTACAA
1027348	332	7A1	1.582	GTACAA
1027398	98	6m	1.098	GTACAA
1027399	275	o6	1.256	AGTACA
1027637	569	7A1	2.108	GTACAA
1027647	30	7m8	2.044	AGTACA
1027756	28	7A1	2.545	GTACAA
1027756	1075	7A1	1.278	GTACAA
1027831	1207	6m	2.091	GTACAA
1027844	186	7m8	1.972	AGTACA
1027912	1344	7A1	1.328	GTACAA
1027938	296	7A1	2.314	GTACAA
1027941	137	7A1	1.373	GTACAA
1027942	271	7A1	2.301	GTACAA
1027954	389	7A1	2.640	GTACAA
1028007	892	7A1	2.204	GTACAA
1028049	335	o6	1.053	AGTACA
1028088	170	o6	1.284	AGTACA
1028097	97	6m	2.235	GTACAA
1028112	930	6m	2.548	GTACAA
1028115	650	6m	2.759	GTACAA
1028202	60	8m	1.690	AGTACA
1028218	47	8m	1.121	AGTACA
1028230	767	7A1	1.366	GTACAA
1028396	50	7A1	1.997	GTACAA
1028404	456	7A1	1.906	GTACAA
1028441	548	o6	1.749	AGTACA
1028447	1859	6m	1.563	GTACAA
1028472	385	7A1	1.577	GTACAA
1028533	196	7A1	1.804	GTACAA
1028614	292	7A1	2.627	GTACAA
1028645	1	7m8	1.961	AGTACA
1028677	126	7m8	1.504	AGTACA
1028702	491	7m8	3.857	AGTACA
1028734	1872	6m	1.909	GTACAA
1028734	2408	6m	3.025	GTACAA
1028794	142	7A1	2.377	GTACAA
1028911	65	7A1	1.315	GTACAA
1028959	529	7m8	1.972	AGTACA
1029046	63	o6	2.660	AGTACA
1029046	677	6m	2.334	GTACAA
1029076	427	7A1	1.989	GTACAA
1029097	199	6m	2.508	GTACAA
1029179	160	7m8	2.159	AGTACA
1029192	614	o6	2.431	AGTACA
1029192	717	7A1	2.404	GTACAA
1029192	819	7A1	1.577	GTACAA
1029192	1895	7A1	1.577	GTACAA
1029192	1906	6m	1.577	GTACAA
1029221	31	o6	1.548	AGTACA
1029264	29	7A1	3.060	GTACAA
1029267	77	7A1	2.326	GTACAA
1029298	275	7A1	2.542	GTACAA
1029369	205	7A1	1.477	GTACAA
1029369	2004	o6	1.083	AGTACA
1029369	2643	o6	2.391	AGTACA
1029384	1774	8m	1.032	GTACAA
1029391	291	6m	1.244	GTACAA
1029394	74	7A1	1.409	GTACAA
1029459	1193	6m	1.579	GTACAA
1029462	232	6m	2.062	GTACAA
1029463	73	8m	1.299	GTACAA
1029493	253	7A1	1.400	GTACAA
1029520	427	6m	1.053	GTACAA
1029558	1289	6m	2.807	GTACAA
1029575	132	6m	2.073	GTACAA
1029575	562	6m	1.093	GTACAA
1029686	559	8m	1.974	AGTACA
1029710	367	6m	1.576	GTACAA
1029715	149	7m8	2.004	AGTACA
1029727	24	7A1	1.649	GTACAA
1029733	154	o6	2.635	AGTACA
1029782	1441	8m	1.082	AGTACA
1029862	643	8m	2.807	AGTACA
1029891	311	7A1	1.988	GTACAA
1029944	116	6m	2.178	GTACAA
1029982	555	7A1	1.053	GTACAA
1030015	6	8m	1.330	GTACAA
1030120	19	7A1	1.380	GTACAA
1030123	73	6m	1.067	GTACAA
1030123	1084	8m	2.073	AGTACA
1030245	289	6m	1.845	GTACAA
1030266	194	o6	1.987	AGTACA
1030438	75	7A1	1.511	GTACAA
1030476	478	6m	2.086	GTACAA
1030508	28	6m	1.142	GTACAA
1030556	735	o6	2.544	AGTACA
1030565	237	o6	1.680	AGTACA
1030620	275	7m8	1.567	AGTACA
1030632	200	7m8	2.132	AGTACA
1030658	76	7m8	2.038	GTACAA
1030658	2088	o6	1.936	AGTACA
1030680	91	8m	1.730	AGTACA
1030688	369	6m	2.372	GTACAA
1030716	384	7A1	3.034	GTACAA
1030722	121	7A1	4.074	GTACAA
1030758	44	7A1	1.399	GTACAA
1030776	68	6m	1.625	GTACAA
1030813	204	o6	1.623	AGTACA
1030833	337	7m8	1.322	AGTACA
1030864	31	7A1	1.245	GTACAA
1030893	224	7m8	1.791	AGTACA
1030908	39	7A1	2.158	GTACAA
1031049	12	o6	1.005	AGTACA
1031111	785	7A1	1.556	GTACAA
1031139	52	6m	2.143	GTACAA
1031142	840	8m	2.344	AGTACA
1031142	1785	o6	1.277	AGTACA
1031156	1310	o6	1.007	AGTACA
1031156	1485	o6	2.073	AGTACA
1031156	2594	6m	1.065	GTACAA
1031187	338	7A1	1.111	GTACAA
1031199	1631	7m8	2.081	AGTACA
1031307	3004	6m	2.073	GTACAA
1031307	3129	6m	2.354	GTACAA
1031315	235	o6	1.493	AGTACA
1031337	114	8m	2.026	AGTACA
1031370	71	8m	2.249	GTACAA
1031390	4149	7m8	2.807	AGTACA
1031426	297	o6	1.079	AGTACA
1031498	131	6m	1.040	GTACAA
1031498	845	8m	2.038	AGTACA
1031504	7	o6	1.027	AGTACA
1031541	390	8m	1.002	AGTACA
1031593	367	7A1	2.098	GTACAA
1031667	262	6m	2.597	GTACAA
1031667	672	6m	1.259	GTACAA
1031749	456	6m	1.237	GTACAA
1031763	30	7A1	1.874	GTACAA
1031830	2405	6m	2.815	GTACAA
1031833	1085	8m	1.818	AGTACA
1031906	963	6m	2.549	GTACAA
1031962	460	7A1	2.493	GTACAA
1031994	1022	o6	2.085	AGTACA
1031994	2397	o6	1.284	AGTACA
1031994	2609	6m	1.741	GTACAA
1032043	299	6m	2.335	GTACAA
1032090	357	8m	1.340	AGTACA
1032191	97	6m	1.201	GTACAA
1032200	456	7A1	2.687	GTACAA
1032231	22	7m8	3.034	AGTACA
1032256	137	7A1	1.509	GTACAA
1032295	1051	o6	1.771	AGTACA
1032295	2107	o6	1.129	AGTACA
1032309	118	7A1	2.361	GTACAA
1032309	385	6m	1.166	GTACAA
1032333	1376	o6	1.163	AGTACA
1032333	1925	8m	2.901	AGTACA
1032369	57	6m	1.093	GTACAA
1032411	217	7A1	2.363	GTACAA
1032426	1636	6m	1.714	GTACAA
1032430	215	7A1	1.980	GTACAA
1032448	187	7A1	1.500	GTACAA
1032498	1161	7A1	1.166	GTACAA
1032604	316	6m	1.790	GTACAA
1032616	713	6m	1.931	GTACAA
1032617	630	7m8	3.065	AGTACA
1032622	41	o6	2.433	AGTACA
1032622	1341	7A1	2.561	GTACAA
1032631	379	7m8	2.060	AGTACA
1032634	26	8m	2.650	AGTACA
1032640	477	7A1	2.618	GTACAA
1032713	829	6m	2.290	GTACAA
1032713	2033	6m	1.336	GTACAA
1032718	310	6m	1.315	GTACAA
1032747	190	6m	1.677	GTACAA
1032777	116	7A1	2.854	GTACAA
1032870	196	8m	2.358	GTACAA
1032876	1461	6m	1.425	GTACAA
1032896	114	o6	1.156	AGTACA
1032896	1299	6m	1.626	GTACAA
1032902	1065	6m	1.053	GTACAA
1032915	977	o6	1.070	AGTACA
1032935	483	6m	1.155	GTACAA
1032945	70	6m	1.026	GTACAA
1032945	228	6m	1.026	GTACAA
1032956	1417	o6	1.374	AGTACA
1032962	35	7A1	2.830	GTACAA
1032965	744	8m	2.326	AGTACA
1032998	290	o6	1.344	AGTACA
1033008	3224	6m	1.888	GTACAA
1033037	1196	6m	3.034	GTACAA
1033085	364	o6	1.956	AGTACA
1033085	911	7A1	1.298	GTACAA
1033085	1790	7A1	1.663	GTACAA
1033089	1447	6m	1.903	GTACAA
1033138	123	o6	1.906	AGTACA
1033141	2659	o6	2.427	AGTACA
1033141	3993	7A1	2.098	GTACAA
1033141	5650	7A1	1.362	GTACAA
1033141	7061	6m	3.034	GTACAA
1033187	943	7A1	1.032	GTACAA
1033190	260	7A1	1.500	GTACAA
1033218	1279	7m8	2.932	GTACAA
1033218	1548	6m	3.333	GTACAA
1033293	264	7A1	1.598	GTACAA
1033322	895	o6	1.183	AGTACA
1033351	961	7A1	2.468	GTACAA
1033362	76	7m8	1.689	AGTACA
1033362	502	o6	1.747	AGTACA
1033384	1539	o6	1.529	AGTACA
1033409	1133	o6	2.981	AGTACA
1033481	2206	6m	2.417	GTACAA
1033493	28	7m8	1.569	AGTACA
1033547	421	o6	1.504	AGTACA
1033565	1602	o6	3.570	AGTACA
1033565	2640	o6	2.537	AGTACA
1033565	2658	7m8	2.283	AGTACA
1033565	4509	o6	1.956	AGTACA
1033575	152	o6	2.055	AGTACA
1033598	341	7A1	2.350	GTACAA
1033598	5458	7m8	2.026	AGTACA
1033598	5642	o6	1.618	AGTACA
1033598	7420	o6	1.687	AGTACA
1033601	1472	6m	2.134	GTACAA
1033601	1748	7A1	2.212	GTACAA
1033602	1161	7A1	2.477	GTACAA
1033602	1488	6m	1.084	GTACAA
1033616	732	7A1	1.867	GTACAA
1033678	1356	6m	2.375	GTACAA
1033739	847	8m	2.031	AGTACA
1033742	208	o6	1.471	AGTACA
1033751	410	6m	1.284	GTACAA
1033754	39	6m	1.284	GTACAA
1033789	1743	o6	1.333	AGTACA
1033789	2293	7A1	2.489	GTACAA
1033824	1351	o6	2.452	AGTACA
1033824	1615	6m	2.526	GTACAA
1033827	200	6m	1.379	GTACAA
1033827	245	o6	1.893	AGTACA
1033856	225	7A1	1.079	GTACAA
1033865	369	7A1	1.777	GTACAA
1033865	444	7A1	2.630	GTACAA
1033883	2294	6m	2.854	GTACAA
1033945	58	o6	1.380	AGTACA
1033945	511	7A1	3.151	GTACAA
1033948	540	6m	3.822	GTACAA
1033948	1419	7A1	2.461	GTACAA
1033971	3441	o6	1.606	AGTACA
1033978	465	6m	1.274	GTACAA
1034068	5613	o6	1.061	AGTACA
1034121	4424	o6	1.590	AGTACA
1034134	287	7m8	3.676	AGTACA
1034161	1946	7m8	1.926	GTACAA
1034215	63	7m8	3.267	AGTACA
1034235	542	6m	1.073	GTACAA
1034307	445	o6	1.073	AGTACA
1034311	567	6m	2.778	GTACAA
1034358	839	7A1	3.238	GTACAA
1034361	476	o6	2.100	AGTACA
1034386	818	7m8	1.631	AGTACA
1034397	2301	o6	1.073	AGTACA
1034406	580	7m8	2.025	AGTACA
1034442	35	7A1	2.230	GTACAA
1034448	152	6m	2.752	GTACAA
1034469	856	8m	2.194	AGTACA
1034496	684	o6	1.560	AGTACA
1034545	1325	6m	1.167	GTACAA
1034556	494	6m	1.344	GTACAA
1034557	628	7m8	1.876	AGTACA
1034569	1164	8m	2.981	AGTACA
1034569	2380	7A1	1.806	GTACAA
1034569	3332	o6	2.054	AGTACA
1034593	1225	7A1	1.927	GTACAA
1034620	587	8m	2.366	AGTACA
1034661	129	6m	1.174	GTACAA
1034665	1789	7A1	2.158	GTACAA
1034736	886	o6	1.328	AGTACA
1034748	760	o6	2.876	AGTACA
1034789	332	o6	1.368	AGTACA
1034800	227	o6	1.177	AGTACA
1034888	247	6m	1.348	GTACAA
1034917	1900	o6	1.624	AGTACA
1034917	2742	6m	2.467	GTACAA
1034918	36	7m8	1.436	GTACAA
1034924	126	6m	1.548	GTACAA
1034927	127	7A1	2.120	GTACAA
1034930	41	o6	1.909	AGTACA
1034930	105	6m	2.544	GTACAA
1034941	2815	6m	1.465	GTACAA
1035001	2817	6m	3.110	GTACAA
1035037	1346	6m	2.007	GTACAA
1035040	2468	o6	1.731	AGTACA
1035040	3689	7m8	3.186	AGTACA
1035040	5187	6m	1.279	GTACAA
1035109	34	8m	2.460	AGTACA
1035121	307	7A1	2.858	GTACAA
1035198	195	7A1	2.135	GTACAA
1035203	175	6m	1.832	GTACAA
1035242	434	6m	2.154	GTACAA
1035248	1205	7A1	4.169	GTACAA
1035257	360	7A1	1.845	GTACAA
1035269	80	7m8	1.047	GTACAA
1035291	290	7m8	2.147	AGTACA
1035356	1042	7A1	2.302	GTACAA
1035408	571	6m	3.028	GTACAA
1035411	347	7A1	2.740	GTACAA
1035569	12800	7A1	1.391	GTACAA
1035569	17755	6m	1.613	GTACAA
1035602	95	7A1	2.788	GTACAA
1035602	1535	7A1	1.585	GTACAA
1035668	463	o6	2.050	AGTACA
1035678	58	o6	1.320	AGTACA
1035701	569	6m	1.516	GTACAA
1035714	338	o6	2.943	AGTACA
1035714	352	8m	2.943	AGTACA
1035768	505	7m8	1.682	GTACAA
1035773	1044	o6	1.419	AGTACA
1035773	1125	o6	1.248	AGTACA
1035783	1925	o6	1.560	AGTACA
1035783	3806	o6	1.288	AGTACA
1035819	29	o6	1.084	AGTACA
1035843	843	7A1	1.016	GTACAA
1035843	2173	o6	1.114	AGTACA
1035853	61	8m	1.970	AGTACA
1035974	815	6m	1.822	GTACAA
1036053	211	7m8	3.196	AGTACA
1036053	1845	o6	2.687	AGTACA
1036127	2470	6m	4.039	GTACAA
1036127	8935	6m	2.113	GTACAA
1036137	487	6m	1.094	GTACAA
1036175	118	7A1	1.395	GTACAA
1036220	162	6m	2.445	GTACAA
1036283	603	7m8	2.864	AGTACA
1036283	1295	o6	1.289	AGTACA
1036286	67	8m	3.880	AGTACA
1036296	324	6m	1.946	GTACAA
1036317	88	7A1	2.017	GTACAA
1036328	554	o6	1.439	AGTACA
1036343	1662	6m	2.683	GTACAA
1036358	354	6m	2.343	GTACAA
1036367	668	7A1	2.321	GTACAA
1036374	1894	o6	2.075	AGTACA
1036413	274	6m	1.373	GTACAA
1036471	417	7A1	1.790	GTACAA
1036491	25	7A1	1.647	GTACAA
1036501	634	7A1	1.108	GTACAA
1036566	211	7A1	2.493	GTACAA
1036568	2084	8m	1.711	AGTACA
1036636	362	6m	2.044	GTACAA
1036686	341	o6	1.480	AGTACA
1036746	426	8m	4.072	AGTACA
1036787	1366	6m	2.981	GTACAA
1036899	10	8m	3.571	GTACAA
1036951	172	6m	1.560	GTACAA
1036991	242	7A1	1.810	GTACAA
1036991	3151	7A1	3.399	GTACAA
1036991	3186	7A1	2.079	GTACAA
1037067	631	o6	2.376	AGTACA
1037067	741	7A1	2.796	GTACAA
1037125	83	7A1	2.198	GTACAA
1037246	1420	7A1	1.871	GTACAA
1037301	2935	o6	1.559	AGTACA
1037307	316	o6	1.374	AGTACA
1037327	79	o6	2.630	AGTACA
1037422	239	7m8	1.815	AGTACA
1037504	623	6m	1.241	GTACAA
1037575	73	o6	1.907	AGTACA
1037575	90	o6	1.543	AGTACA
1037615	574	o6	1.501	AGTACA
1037621	346	6m	2.122	GTACAA
1037630	721	7A1	3.164	GTACAA
1037679	419	6m	1.254	GTACAA
1037745	648	7A1	3.147	GTACAA
1037775	67	6m	1.055	GTACAA
1037823	225	6m	2.198	GTACAA
1037832	212	o6	1.391	AGTACA
1038000	295	6m	2.327	GTACAA
1038021	1390	7m8	2.286	AGTACA
1038021	2511	6m	1.465	GTACAA
1038119	1112	6m	2.090	GTACAA
1038202	37	o6	1.118	AGTACA
1038228	505	6m	1.292	GTACAA
1038279	128	7m8	4.151	AGTACA
1038285	555	o6	1.091	AGTACA
1038312	679	7m8	2.073	AGTACA
1038312	702	6m	2.073	GTACAA
1038312	1597	6m	2.073	GTACAA
1038312	2587	7A1	2.309	GTACAA
1038366	140	7A1	2.469	GTACAA
1038410	927	7A1	3.801	GTACAA
1038440	2671	o6	2.792	AGTACA
1038485	73	6m	2.854	GTACAA
1038485	521	o6	2.377	AGTACA
1038529	650	7A1	3.274	GTACAA
1038596	422	7m8	1.998	AGTACA
1038640	1194	o6	1.159	AGTACA
1038640	1538	6m	1.073	GTACAA
1038640	1544	7m8	1.073	GTACAA
1038640	1578	6m	1.690	GTACAA
1038640	2594	o6	1.105	AGTACA
1038643	831	7m8	3.266	AGTACA
1038643	1133	7A1	4.038	GTACAA
1038832	294	o6	2.301	AGTACA
1038873	210	6m	2.756	GTACAA
1038900	146	8m	1.168	AGTACA
1038936	55	7A1	1.397	GTACAA
1038954	702	7m8	2.383	AGTACA
1038986	792	7m8	3.719	AGTACA
1038997	114	6m	1.110	GTACAA
1039114	1849	6m	1.065	GTACAA
1039202	885	6m	2.467	GTACAA
1039202	915	7m8	2.467	AGTACA
1039218	407	6m	2.174	GTACAA
1039236	218	6m	3.177	GTACAA
1039267	1411	8m	2.073	AGTACA
1039285	2639	o6	2.221	AGTACA
1039376	641	7m8	2.286	AGTACA
1039412	159	o6	1.778	AGTACA
1039422	2064	6m	2.356	GTACAA
1039466	231	6m	1.306	GTACAA
1039469	2114	8m	3.214	AGTACA
1039502	397	7m8	1.906	AGTACA
1039557	2177	6m	1.006	GTACAA
1039563	2842	7A1	1.598	GTACAA
1039563	4598	6m	1.598	GTACAA
1039606	827	7A1	2.627	GTACAA
1039631	294	o6	2.792	AGTACA
1039636	1061	7m8	2.075	AGTACA
1039703	1415	7A1	2.405	GTACAA
1039706	299	6m	1.437	GTACAA
1039764	427	6m	1.772	GTACAA
1039908	2715	7A1	1.907	GTACAA
1039925	418	o6	1.903	AGTACA
1039949	1541	o6	1.329	AGTACA
1039955	1435	6m	1.896	GTACAA
1040045	59	7A1	2.382	GTACAA
1040048	1031	8m	1.500	AGTACA
1040048	2211	7A1	2.775	GTACAA
1040048	3932	7m8	2.775	AGTACA
1040057	839	o6	1.759	AGTACA
1040120	1521	o6	1.073	AGTACA
1040135	1331	o6	1.226	AGTACA
1040145	1187	6m	1.434	GTACAA
1040183	635	o6	1.196	AGTACA
1040201	1048	7m8	2.319	AGTACA
1040210	1594	6m	2.600	GTACAA
1040283	2602	6m	1.563	GTACAA
1040283	2728	o6	2.098	AGTACA
1040283	2797	7A1	2.025	GTACAA
1040283	5769	8m	1.598	AGTACA
1040298	5099	7A1	2.317	GTACAA
1040298	5111	8m	2.317	AGTACA
1040298	7986	o6	2.187	AGTACA
1040304	77	o6	2.139	AGTACA
1040334	755	8m	2.368	AGTACA
1040337	3451	8m	2.111	AGTACA
1040346	2284	o6	2.549	AGTACA
1040352	144	6m	2.483	GTACAA
1040355	640	6m	1.051	GTACAA
1040367	1181	6m	1.308	GTACAA
1040387	1774	6m	2.627	GTACAA
1040387	2259	6m	2.421	GTACAA
1040387	2557	o6	2.048	AGTACA
1040417	2666	6m	1.840	GTACAA
1040438	2241	o6	1.623	AGTACA
1040443	1018	o6	2.256	AGTACA
1040444	1089	o6	3.649	AGTACA
1040483	375	6m	1.017	GTACAA
1040500	2258	6m	2.286	GTACAA
1040542	2764	8m	4.354	AGTACA
1040553	1862	6m	1.606	GTACAA
1040560	1310	7A1	1.689	GTACAA
1040590	641	7A1	2.181	GTACAA
1040590	4779	o6	2.173	AGTACA
1040590	7849	6m	1.548	GTACAA
1040635	4484	6m	1.709	GTACAA
