1000054	368	o6	2.544	TTCCTT
1000077	178	8m	2.646	TTCCTT
1000219	224	o6	1.524	TTCCTT
1000249	870	o6	1.040	TTCCTT
1000373	892	7m8	2.925	TTCCTT
1000373	1471	7m8	1.488	TTCCTT
1000373	1481	o6	1.590	TTCCTT
1000379	427	8m	2.242	TTCCTT
1000443	2309	o6	2.218	TTCCTT
1000511	762	o6	2.400	TTCCTT
1000520	629	o6	2.391	TTCCTT
1000631	798	o6	2.566	TTCCTT
1000640	319	o6	1.419	TTCCTT
1000643	477	o6	1.679	TTCCTT
1000692	196	8m	1.504	TTCCTT
1000706	680	o6	1.040	TTCCTT
1000734	47	o6	1.221	TTCCTT
1000734	1225	6m	1.906	TCCTTA
1000767	483	6m	1.349	TCCTTA
1000779	32	8m	3.232	TTCCTT
1000842	785	7A1	2.522	TCCTTA
1000901	406	6m	1.284	TCCTTA
1000901	549	7m8	2.472	TTCCTT
1000920	20	o6	1.786	TTCCTT
1000928	741	o6	1.053	TTCCTT
1000968	1819	o6	2.403	TTCCTT
1001015	947	o6	1.971	TTCCTT
1001024	1066	6m	1.098	TCCTTA
1001054	265	o6	2.131	TTCCTT
1001125	313	6m	1.407	TCCTTA
1001199	76	o6	1.120	TTCCTT
1001322	20	o6	1.053	TTCCTT
1001394	319	o6	1.147	TTCCTT
1001412	133	8m	1.117	TCCTTA
1001420	223	7m8	2.921	TCCTTA
1001482	329	6m	1.709	TCCTTA
1001514	1468	o6	2.962	TTCCTT
1001530	79	o6	1.549	TTCCTT
1001578	2110	o6	1.639	TTCCTT
1001601	4592	o6	1.725	TTCCTT
1001607	789	o6	3.198	TTCCTT
1001610	619	o6	1.075	TTCCTT
1001738	1190	o6	3.649	TTCCTT
1001865	176	o6	2.349	TTCCTT
1001897	769	7A1	1.079	TCCTTA
1001900	41	7m8	2.086	TTCCTT
1001937	1857	o6	1.912	TTCCTT
1001949	535	o6	3.196	TTCCTT
1001960	148	o6	3.026	TTCCTT
1002048	222	o6	1.370	TTCCTT
1002098	72	o6	1.294	TTCCTT
1002131	199	7A1	1.473	TCCTTA
1002182	894	o6	1.259	TTCCTT
1002186	112	6m	1.311	TCCTTA
1002233	7	o6	1.211	TTCCTT
1002236	386	o6	2.507	TTCCTT
1002425	135	o6	1.319	TTCCTT
1002584	55	8m	1.663	TTCCTT
1002662	155	o6	2.073	TTCCTT
1002683	117	8m	1.030	TCCTTA
1002833	103	o6	3.944	TTCCTT
1002872	492	o6	1.028	TTCCTT
1002878	212	6m	1.391	TCCTTA
1002901	477	o6	3.418	TTCCTT
1002985	295	6m	1.308	TCCTTA
1003003	18	o6	1.269	TTCCTT
1003023	245	6m	1.447	TCCTTA
1003077	376	o6	2.029	TTCCTT
1003220	19	6m	1.220	TCCTTA
1003236	112	o6	1.467	TTCCTT
1003248	1535	o6	2.224	TTCCTT
1003257	51	o6	1.859	TTCCTT
1003263	732	8m	3.196	TTCCTT
1003271	15	8m	1.298	TTCCTT
1003297	773	o6	1.919	TTCCTT
1003298	348	o6	1.663	TTCCTT
1003355	445	7m8	1.388	TTCCTT
1003537	99	o6	1.210	TTCCTT
1003594	30	7A1	2.980	TCCTTA
1003631	940	o6	1.027	TTCCTT
1003660	2306	o6	2.374	TTCCTT
1003661	30	o6	1.988	TTCCTT
1003996	344	o6	1.480	TTCCTT
1003999	121	7m8	1.408	TTCCTT
1003999	1178	o6	3.444	TTCCTT
1004013	337	7A1	1.227	TCCTTA
1004223	121	o6	2.262	TTCCTT
1004364	194	o6	1.335	TTCCTT
1004476	32	o6	1.948	TTCCTT
1004476	45	7m8	2.073	TTCCTT
1004688	355	o6	1.309	TTCCTT
1004688	620	6m	1.038	TCCTTA
1004688	657	o6	1.227	TTCCTT
1004750	69	6m	2.104	TCCTTA
1004849	272	6m	1.606	TCCTTA
1004886	195	8m	2.025	TTCCTT
1004958	182	o6	1.117	TTCCTT
1004958	640	o6	3.167	TTCCTT
1005049	491	8m	2.415	TTCCTT
1005150	722	7m8	2.065	TTCCTT
1005335	925	o6	3.387	TTCCTT
1005335	1011	o6	1.634	TTCCTT
1005335	1326	o6	2.246	TTCCTT
1005358	307	7m8	2.277	TTCCTT
1005419	66	7m8	1.308	TTCCTT
1005565	806	6m	1.042	TCCTTA
1005626	174	o6	2.774	TTCCTT
1005727	104	o6	1.469	TTCCTT
1005745	746	o6	1.524	TTCCTT
1005826	140	o6	1.313	TTCCTT
1005885	19	o6	1.041	TTCCTT
1005888	63	o6	1.063	TTCCTT
1006158	198	o6	2.206	TTCCTT
1006173	300	6m	1.484	TCCTTA
1006587	1114	o6	1.260	TTCCTT
1006650	168	o6	2.352	TTCCTT
1006708	748	6m	2.374	TCCTTA
1006719	1199	o6	2.862	TTCCTT
1006738	363	6m	2.218	TCCTTA
1006872	327	o6	1.648	TTCCTT
1006875	1553	6m	2.218	TCCTTA
1007004	1316	o6	1.053	TTCCTT
1007017	1249	o6	2.797	TTCCTT
1007017	1335	o6	1.325	TTCCTT
1007017	1650	o6	1.813	TTCCTT
1007031	14	o6	2.896	TTCCTT
1007251	1598	o6	2.045	TTCCTT
1007283	1510	7m8	1.322	TTCCTT
1007311	627	o6	1.305	TTCCTT
1007314	1253	7A1	1.245	TCCTTA
1007502	770	6m	2.015	TCCTTA
1007521	2464	8m	2.017	TTCCTT
1007585	115	o6	1.422	TTCCTT
1007812	3902	7m8	1.028	TTCCTT
1007821	220	7m8	1.822	TCCTTA
1007824	409	o6	2.502	TTCCTT
1007869	433	8m	1.205	TTCCTT
1007875	2343	o6	1.862	TTCCTT
1007927	101	o6	2.760	TTCCTT
1007932	542	o6	2.433	TTCCTT
1007932	701	o6	2.433	TTCCTT
1007969	101	o6	1.203	TTCCTT
1008114	60	7m8	1.127	TCCTTA
1008141	677	7m8	1.606	TTCCTT
1008145	4945	7m8	1.257	TTCCTT
1008151	1036	6m	1.284	TCCTTA
1008279	20	o6	2.942	TTCCTT
1008279	592	6m	1.369	TCCTTA
1008286	1414	o6	1.278	TTCCTT
1008307	1613	o6	2.807	TTCCTT
1008313	294	o6	1.930	TTCCTT
1008318	655	o6	2.220	TTCCTT
1008342	5	o6	1.837	TTCCTT
1008355	101	o6	1.660	TTCCTT
1008454	660	6m	1.734	TCCTTA
1008498	717	6m	1.163	TCCTTA
1008510	1367	o6	1.200	TTCCTT
1008537	715	7m8	2.065	TTCCTT
1008573	186	o6	1.627	TTCCTT
1008788	122	o6	2.133	TTCCTT
1008932	122	o6	1.029	TTCCTT
1008975	630	o6	2.113	TTCCTT
1009026	1756	6m	1.916	TCCTTA
1009273	48	o6	2.377	TTCCTT
1009277	665	8m	1.600	TTCCTT
1009385	169	7m8	2.807	TTCCTT
1009424	66	o6	1.116	TTCCTT
1009439	247	o6	2.388	TTCCTT
1009736	1138	o6	1.131	TTCCTT
1009748	411	6m	1.606	TCCTTA
1009945	1333	o6	1.426	TTCCTT
1009948	487	7A1	1.191	TCCTTA
1009953	119	o6	2.493	TTCCTT
1010054	690	o6	1.583	TTCCTT
1010111	26	o6	2.865	TTCCTT
1010111	485	7A1	1.169	TCCTTA
1010211	16	o6	1.734	TTCCTT
1010229	47	o6	2.253	TTCCTT
1010237	1396	7A1	1.169	TCCTTA
1010250	2419	o6	1.845	TTCCTT
1010274	297	6m	1.082	TCCTTA
1010358	185	6m	1.010	TCCTTA
1010715	14	o6	1.396	TTCCTT
1010785	368	o6	1.651	TTCCTT
1010794	134	o6	1.440	TTCCTT
1010938	141	8m	1.667	TTCCTT
1010950	645	o6	2.222	TTCCTT
1010956	2788	o6	2.915	TTCCTT
1010974	627	o6	2.821	TTCCTT
1011216	179	o6	1.053	TTCCTT
1011404	107	6m	1.052	TCCTTA
1011409	19	o6	1.132	TTCCTT
1011694	140	o6	1.609	TTCCTT
1011742	1389	o6	1.668	TTCCTT
1011892	610	o6	1.935	TTCCTT
1012056	157	7A1	3.347	TCCTTA
1012074	329	o6	2.341	TTCCTT
1012136	359	7A1	2.233	TCCTTA
1012470	399	o6	1.593	TTCCTT
1012479	1130	7m8	2.409	TTCCTT
1012483	89	8m	2.356	TTCCTT
1012522	73	7m8	2.020	TTCCTT
1012602	627	o6	2.111	TTCCTT
1012833	925	6m	1.005	TCCTTA
1013073	1429	o6	2.073	TTCCTT
1013108	330	7m8	2.016	TTCCTT
1013241	459	7m8	1.810	TTCCTT
1013312	1756	o6	2.073	TTCCTT
1013318	64	o6	2.031	TTCCTT
1013443	632	7m8	1.361	TCCTTA
1013443	903	o6	2.054	TTCCTT
1013581	548	o6	2.228	TTCCTT
1013591	1160	o6	1.076	TTCCTT
1013600	331	o6	1.546	TTCCTT
1013670	1984	o6	2.552	TTCCTT
1013670	2288	7m8	2.291	TCCTTA
1013953	147	o6	2.073	TTCCTT
1013954	57	o6	1.606	TTCCTT
1013988	732	o6	2.687	TTCCTT
1014215	108	o6	1.195	TTCCTT
1014235	230	o6	1.702	TTCCTT
1014273	52	8m	1.002	TTCCTT
1014334	46	7m8	1.217	TCCTTA
1014403	30	7m8	1.632	TTCCTT
1014403	1124	o6	1.690	TTCCTT
1014403	2355	o6	2.533	TTCCTT
1014418	840	o6	1.657	TTCCTT
1014436	468	o6	1.539	TTCCTT
1014447	152	o6	2.350	TTCCTT
1014447	259	6m	2.220	TCCTTA
1014480	2782	o6	2.369	TTCCTT
1014536	30	7m8	1.094	TTCCTT
1014588	3747	7A1	1.606	TCCTTA
1014644	401	8m	1.442	TTCCTT
1014859	1978	o6	1.226	TTCCTT
1014883	1206	o6	1.186	TTCCTT
1014892	859	7m8	2.073	TTCCTT
1014961	7	o6	1.037	TTCCTT
1014982	133	o6	1.389	TTCCTT
1015243	105	6m	1.005	TCCTTA
1015336	449	o6	1.359	TTCCTT
1015504	58	o6	1.606	TTCCTT
1015504	66	o6	2.025	TTCCTT
1015526	1968	6m	1.798	TCCTTA
1015526	4550	o6	1.368	TTCCTT
1015572	1302	o6	1.277	TTCCTT
1015661	175	8m	1.349	TTCCTT
1015703	131	o6	1.034	TTCCTT
1015706	712	7A1	1.690	TCCTTA
1015709	34	o6	1.418	TTCCTT
1015784	525	o6	1.162	TTCCTT
1015784	768	o6	2.498	TTCCTT
1015792	193	o6	2.612	TTCCTT
1015793	2049	6m	1.426	TCCTTA
1015796	1081	6m	2.020	TCCTTA
1015799	109	6m	1.426	TCCTTA
1015840	312	o6	2.773	TTCCTT
1015924	457	o6	2.431	TTCCTT
1015924	1377	o6	1.053	TTCCTT
1015940	609	6m	1.168	TCCTTA
1016007	589	7m8	1.164	TTCCTT
1016016	341	8m	1.783	TTCCTT
1016016	2205	o6	1.977	TTCCTT
1016029	150	o6	1.657	TTCCTT
1016086	48	8m	2.367	TTCCTT
1016097	139	o6	2.025	TTCCTT
1016098	6662	o6	1.113	TTCCTT
1016184	398	o6	2.341	TTCCTT
1016359	78	o6	1.682	TTCCTT
1016418	1189	o6	2.220	TTCCTT
1016422	152	o6	2.135	TTCCTT
1016428	259	o6	1.047	TTCCTT
1016461	276	o6	3.369	TTCCTT
1016469	144	o6	1.562	TTCCTT
1016469	262	8m	1.235	TCCTTA
1016475	844	o6	2.778	TTCCTT
1016512	223	o6	2.033	TTCCTT
1016571	1266	8m	3.005	TTCCTT
1016632	83	8m	2.133	TTCCTT
1016698	1653	7A1	2.533	TCCTTA
1016806	880	7m8	2.041	TTCCTT
1016820	239	7A1	1.082	TCCTTA
1016848	1886	8m	3.591	TTCCTT
1016869	1469	7A1	1.461	TCCTTA
1016917	358	8m	1.563	TTCCTT
1017012	702	o6	2.419	TTCCTT
1017157	421	6m	2.567	TCCTTA
1017183	141	o6	1.267	TTCCTT
1017254	465	o6	2.276	TTCCTT
1017257	164	o6	2.544	TTCCTT
1017369	72	7A1	1.322	TCCTTA
1017381	713	7m8	1.288	TTCCTT
1017496	710	o6	1.109	TTCCTT
1017496	1192	7m8	2.807	TTCCTT
1017614	4383	o6	1.399	TTCCTT
1017787	331	o6	1.606	TTCCTT
1017868	377	6m	1.681	TCCTTA
1017924	26	7A1	1.084	TCCTTA
1017927	54	o6	1.156	TTCCTT
1018062	490	o6	1.437	TTCCTT
1018062	827	o6	1.954	TTCCTT
1018134	1241	6m	1.777	TCCTTA
1018135	94	6m	1.511	TCCTTA
1018189	144	o6	1.147	TTCCTT
1018189	504	8m	1.681	TTCCTT
1018243	3639	o6	1.292	TTCCTT
1018248	448	7A1	1.075	TCCTTA
1018257	830	o6	2.473	TTCCTT
1018287	206	6m	2.781	TCCTTA
1018395	70	6m	1.266	TCCTTA
1018498	418	7A1	1.588	TCCTTA
1018632	330	o6	1.685	TTCCTT
1018703	53	o6	1.819	TTCCTT
1018798	118	o6	1.949	TTCCTT
1018798	176	o6	1.084	TTCCTT
1018866	44	6m	2.544	TCCTTA
1018867	36	o6	2.544	TTCCTT
1018873	1388	o6	1.860	TTCCTT
1018884	1080	o6	2.073	TTCCTT
1018909	153	o6	2.246	TTCCTT
1018992	261	6m	1.651	TCCTTA
1019198	1532	8m	1.168	TTCCTT
1019286	169	o6	2.377	TTCCTT
1019323	78	o6	3.076	TTCCTT
1019329	279	o6	1.316	TTCCTT
1019354	1124	o6	1.073	TTCCTT
1019535	416	o6	1.778	TTCCTT
1019590	32	7m8	2.220	TCCTTA
1019691	483	7m8	2.220	TTCCTT
1019698	1453	o6	1.973	TTCCTT
1019721	257	7m8	2.544	TTCCTT
1019932	396	7A1	2.507	TCCTTA
1020074	953	6m	1.521	TCCTTA
1020074	1112	o6	1.938	TTCCTT
1020090	517	o6	1.824	TTCCTT
1020188	66	o6	2.199	TTCCTT
1020241	27	o6	2.032	TTCCTT
1020261	73	8m	1.952	TTCCTT
1020333	837	o6	1.598	TTCCTT
1020333	969	o6	1.598	TTCCTT
1020495	56	6m	1.874	TCCTTA
1020535	485	o6	1.053	TTCCTT
1020615	2250	o6	1.468	TTCCTT
1020642	974	o6	2.811	TTCCTT
1020657	177	7m8	1.335	TCCTTA
1020675	233	6m	1.198	TCCTTA
1021005	352	6m	1.240	TCCTTA
1021008	71	o6	3.123	TTCCTT
1021008	240	8m	1.335	TTCCTT
1021125	396	o6	1.860	TTCCTT
1021519	393	o6	1.062	TTCCTT
1021540	625	o6	2.515	TTCCTT
1021540	2583	o6	1.201	TTCCTT
1021672	68	o6	1.084	TTCCTT
1021887	28	o6	2.196	TTCCTT
1021918	117	o6	1.373	TTCCTT
1021918	370	7A1	2.137	TCCTTA
1021962	2179	o6	1.044	TTCCTT
1022066	1290	o6	1.229	TTCCTT
1022066	1675	8m	1.412	TCCTTA
1022094	15	8m	1.271	TTCCTT
1022125	80	8m	2.399	TTCCTT
1022129	226	8m	3.058	TTCCTT
1022235	1289	o6	1.524	TTCCTT
1022235	2176	o6	1.146	TTCCTT
1022256	2305	o6	2.469	TTCCTT
1022338	1658	o6	2.462	TTCCTT
1022846	789	o6	1.874	TTCCTT
1022950	33	o6	1.152	TTCCTT
1023015	347	7m8	1.619	TTCCTT
1023057	109	o6	3.608	TTCCTT
1023080	576	o6	1.690	TTCCTT
1023219	1220	o6	1.044	TTCCTT
1023289	2040	o6	3.398	TTCCTT
1023295	67	8m	2.544	TTCCTT
1023320	895	o6	2.502	TTCCTT
1023337	392	8m	2.341	TTCCTT
1023391	1381	o6	1.550	TTCCTT
1023594	1102	o6	1.322	TTCCTT
1023673	273	o6	1.780	TTCCTT
1023673	294	o6	2.228	TTCCTT
1023706	1818	6m	1.629	TCCTTA
1023774	527	o6	2.343	TTCCTT
1023784	9	8m	3.006	TTCCTT
1023784	4986	8m	2.592	TTCCTT
1023805	4897	o6	2.350	TTCCTT
1023918	246	7A1	1.244	TCCTTA
1024003	1172	6m	2.449	TCCTTA
1024031	3309	6m	1.284	TCCTTA
1024037	494	o6	2.544	TTCCTT
1024165	39	7m8	2.409	TTCCTT
1024172	241	7A1	2.191	TCCTTA
1024184	391	o6	1.029	TTCCTT
1024189	658	7m8	1.425	TTCCTT
1024195	429	o6	1.996	TTCCTT
1024211	1396	6m	1.322	TCCTTA
1024373	131	o6	1.915	TTCCTT
1024381	730	o6	2.402	TTCCTT
1024393	379	o6	1.508	TTCCTT
1024465	28	6m	3.082	TCCTTA
1024486	811	8m	2.352	TTCCTT
1024537	494	o6	1.053	TTCCTT
1024634	669	o6	2.606	TTCCTT
1024648	5254	6m	1.427	TCCTTA
1024648	7320	o6	1.322	TTCCTT
1024648	13733	o6	1.155	TTCCTT
1024709	93	o6	1.084	TTCCTT
1024709	213	7m8	1.091	TTCCTT
1024726	112	o6	2.533	TTCCTT
1024775	37	o6	2.704	TTCCTT
1024856	64	8m	1.011	TTCCTT
1024939	1210	o6	2.073	TTCCTT
1024956	163	o6	1.405	TTCCTT
1024956	2287	o6	1.562	TTCCTT
1024971	372	o6	2.723	TTCCTT
1025022	74	o6	2.507	TTCCTT
1025022	1313	o6	2.249	TTCCTT
1025046	644	7A1	2.666	TCCTTA
1025046	851	6m	1.719	TCCTTA
1025059	2613	o6	2.457	TTCCTT
1025131	94	o6	1.255	TTCCTT
1025135	930	8m	2.328	TTCCTT
1025179	570	6m	2.807	TCCTTA
1025204	609	o6	2.299	TTCCTT
1025207	650	7m8	2.770	TTCCTT
1025262	114	o6	2.352	TTCCTT
1025287	20	o6	1.016	TTCCTT
1025304	25	o6	1.280	TTCCTT
1025340	1163	o6	1.084	TTCCTT
1025364	69	8m	1.917	TTCCTT
1025374	385	o6	1.570	TTCCTT
1025392	4	o6	1.032	TTCCTT
1025409	64	o6	1.306	TTCCTT
1025431	907	o6	1.016	TTCCTT
1025521	510	o6	1.597	TTCCTT
1025565	740	o6	1.633	TTCCTT
1025591	58	8m	1.397	TCCTTA
1025630	384	o6	1.695	TTCCTT
1025690	591	8m	2.764	TTCCTT
1025724	799	o6	1.805	TTCCTT
1025847	98	6m	1.315	TCCTTA
1025872	764	o6	1.405	TTCCTT
1025883	374	o6	1.156	TTCCTT
1026041	212	o6	1.153	TTCCTT
1026200	138	6m	3.347	TCCTTA
1026212	276	o6	2.921	TTCCTT
1026290	79	o6	1.871	TTCCTT
1026321	20	6m	1.168	TCCTTA
1026375	237	o6	1.073	TTCCTT
1026545	956	o6	2.449	TTCCTT
1026555	201	o6	1.255	TTCCTT
1026558	671	7m8	2.321	TTCCTT
1026558	679	7m8	2.321	TTCCTT
1026622	201	o6	1.243	TTCCTT
1026688	818	o6	1.953	TTCCTT
1026698	89	o6	2.939	TTCCTT
1026708	952	8m	1.328	TTCCTT
1026831	99	o6	1.119	TTCCTT
1026841	2209	7A1	1.034	TCCTTA
1026853	2135	7A1	1.387	TCCTTA
1027036	463	o6	1.169	TTCCTT
1027129	211	7A1	1.483	TCCTTA
1027153	97	o6	2.493	TTCCTT
1027153	115	o6	2.493	TTCCTT
1027153	577	o6	1.649	TTCCTT
1027163	27	o6	1.160	TTCCTT
1027214	345	o6	1.590	TTCCTT
1027423	506	8m	1.517	TTCCTT
1027817	19	o6	2.270	TTCCTT
1027854	206	8m	2.301	TTCCTT
1028023	632	o6	2.344	TTCCTT
1028070	137	7A1	1.924	TCCTTA
1028073	155	o6	1.452	TTCCTT
1028103	38	8m	1.293	TTCCTT
1028146	208	o6	1.310	TTCCTT
1028230	972	o6	1.414	TTCCTT
1028245	47	o6	1.102	TTCCTT
1028262	78	o6	1.015	TTCCTT
1028401	177	o6	1.558	TTCCTT
1028404	443	o6	1.312	TTCCTT
1028434	668	o6	1.682	TTCCTT
1028527	1353	o6	1.320	TTCCTT
1028751	386	o6	1.982	TTCCTT
1028784	83	6m	1.008	TCCTTA
1028794	316	o6	1.982	TTCCTT
1028800	107	o6	3.020	TTCCTT
1028869	39	o6	1.863	TTCCTT
1028931	385	8m	2.091	TTCCTT
1029051	151	o6	1.485	TTCCTT
1029060	281	o6	1.254	TTCCTT
1029073	273	o6	1.999	TTCCTT
1029164	39	o6	1.711	TTCCTT
1029532	624	o6	2.275	TTCCTT
1029558	438	o6	1.316	TTCCTT
1029564	43	7m8	3.034	TTCCTT
1029564	453	o6	2.415	TTCCTT
1029575	265	7m8	2.847	TTCCTT
1029592	131	6m	1.321	TCCTTA
1029697	704	o6	2.624	TTCCTT
1029737	120	8m	1.255	TTCCTT
1029835	394	o6	1.629	TTCCTT
1029944	335	o6	2.476	TTCCTT
1030240	299	7A1	1.053	TCCTTA
1030335	858	o6	1.031	TTCCTT
1030374	52	o6	2.260	TTCCTT
1030405	715	7A1	2.015	TCCTTA
1030432	88	8m	2.807	TTCCTT
1030451	193	6m	1.584	TCCTTA
1030451	1679	o6	2.533	TTCCTT
1030477	189	o6	1.449	TTCCTT
1030580	165	7m8	1.610	TTCCTT
1030912	356	o6	2.022	TTCCTT
1031126	441	6m	2.425	TCCTTA
1031135	181	7m8	1.673	TCCTTA
1031156	794	o6	2.130	TTCCTT
1031304	67	o6	1.098	TTCCTT
1031307	41	o6	1.485	TTCCTT
1031307	2576	6m	1.553	TCCTTA
1031321	316	o6	2.073	TTCCTT
1031375	1443	o6	1.606	TTCCTT
1031375	1657	8m	2.922	TTCCTT
1031390	7227	o6	1.512	TTCCTT
1031404	191	o6	1.234	TTCCTT
1031498	904	o6	1.230	TTCCTT
1031530	341	o6	1.007	TTCCTT
1031535	156	7m8	2.443	TCCTTA
1031667	561	o6	1.100	TTCCTT
1031749	413	o6	1.671	TTCCTT
1031821	295	o6	1.899	TTCCTT
1032009	514	6m	2.350	TCCTTA
1032031	1824	o6	1.851	TTCCTT
1032040	361	7m8	1.488	TTCCTT
1032058	31	o6	2.860	TTCCTT
1032420	878	6m	1.241	TCCTTA
1032456	222	8m	2.215	TTCCTT
1032471	615	o6	2.475	TTCCTT
1032508	1383	o6	1.057	TTCCTT
1032617	1154	o6	2.683	TTCCTT
1032793	364	7m8	2.364	TTCCTT
1032832	228	o6	2.876	TTCCTT
1032918	995	o6	1.851	TTCCTT
1032921	236	o6	1.311	TTCCTT
1032965	376	8m	1.660	TTCCTT
1032976	405	6m	1.690	TCCTTA
1033028	875	o6	1.320	TTCCTT
1033088	212	7A1	1.314	TCCTTA
1033138	506	o6	1.158	TTCCTT
1033138	511	o6	1.158	TTCCTT
1033141	1391	6m	1.499	TCCTTA
1033141	2001	7m8	1.948	TTCCTT
1033151	388	o6	1.612	TTCCTT
1033152	893	7A1	1.434	TCCTTA
1033160	1363	o6	2.657	TTCCTT
1033281	866	7A1	1.284	TCCTTA
1033328	2635	7m8	2.503	TTCCTT
1033378	503	o6	2.102	TTCCTT
1033390	76	7m8	1.485	TTCCTT
1033409	1595	8m	2.981	TTCCTT
1033571	2244	6m	2.255	TCCTTA
1033637	25	o6	1.299	TTCCTT
1033685	433	o6	2.695	TTCCTT
1033739	1480	7A1	1.349	TCCTTA
1033838	199	6m	1.684	TCCTTA
1033839	190	o6	1.314	TTCCTT
1033868	50	7m8	1.176	TCCTTA
1033915	65	6m	1.053	TCCTTA
1033957	89	7m8	1.355	TCCTTA
1033960	339	o6	1.084	TTCCTT
1033987	356	o6	2.423	TTCCTT
1034311	40	7m8	1.320	TCCTTA
1034328	233	o6	2.526	TTCCTT
1034337	695	o6	2.008	TTCCTT
1034361	19	8m	4.070	TTCCTT
1034389	174	6m	1.560	TCCTTA
1034469	1975	o6	1.781	TTCCTT
1034472	95	o6	1.147	TTCCTT
1034508	202	o6	1.467	TTCCTT
1034557	221	o6	1.289	TTCCTT
1034569	7559	o6	1.628	TTCCTT
1034635	190	8m	1.687	TTCCTT
1034671	37	o6	1.004	TTCCTT
1034739	525	o6	3.083	TTCCTT
1034909	902	7m8	3.043	TTCCTT
1034983	393	8m	2.007	TTCCTT
1035001	192	o6	2.298	TTCCTT
1035001	485	o6	2.166	TTCCTT
1035004	160	8m	2.797	TTCCTT
1035043	762	o6	2.106	TTCCTT
1035043	782	o6	1.304	TTCCTT
1035046	122	6m	1.299	TCCTTA
1035213	1754	8m	1.259	TTCCTT
1035276	610	o6	2.932	TTCCTT
1035288	1083	o6	1.690	TTCCTT
1035332	13	6m	1.335	TCCTTA
1035381	89	o6	2.164	TTCCTT
1035407	61	o6	1.100	TTCCTT
1035417	144	o6	1.635	TTCCTT
1035513	521	6m	1.162	TCCTTA
1035566	112	8m	1.349	TTCCTT
1035569	1473	7m8	2.635	TTCCTT
1035569	2047	o6	1.399	TTCCTT
1035569	2707	o6	1.362	TTCCTT
1035569	10891	6m	2.986	TCCTTA
1035585	1184	6m	1.039	TCCTTA
1035687	876	o6	1.470	TTCCTT
1035704	196	o6	1.138	TTCCTT
1035843	1078	6m	2.226	TCCTTA
1035904	100	o6	2.017	TTCCTT
1036001	1795	o6	1.707	TTCCTT
1036002	102	o6	1.468	TTCCTT
1036005	117	7m8	1.361	TTCCTT
1036046	934	6m	1.953	TCCTTA
1036080	761	o6	1.359	TTCCTT
1036127	3459	o6	1.145	TTCCTT
1036166	33	o6	1.920	TTCCTT
1036227	74	7m8	1.261	TTCCTT
1036274	14	6m	1.006	TCCTTA
1036343	126	7A1	3.223	TCCTTA
1036404	607	o6	1.815	TTCCTT
1036404	630	o6	1.801	TTCCTT
1036432	1516	7m8	2.717	TTCCTT
1036462	1013	o6	3.166	TTCCTT
1036515	67	o6	4.317	TTCCTT
1036656	597	6m	1.257	TCCTTA
1036676	52	8m	2.073	TTCCTT
1036787	1401	o6	1.690	TTCCTT
1036788	2067	o6	1.703	TTCCTT
1036788	2120	o6	1.212	TTCCTT
1036788	3020	o6	1.328	TTCCTT
1036853	441	7m8	1.078	TTCCTT
1036865	147	o6	1.320	TTCCTT
1036967	264	7m8	2.632	TTCCTT
1036968	590	6m	2.651	TCCTTA
1036995	158	7m8	1.515	TTCCTT
1037066	501	7m8	2.881	TTCCTT
1037101	303	o6	1.086	TTCCTT
1037191	870	7A1	1.577	TCCTTA
1037207	36	o6	2.563	TTCCTT
1037333	726	o6	2.453	TTCCTT
1037437	31	o6	1.000	TTCCTT
1037485	570	o6	1.112	TTCCTT
1037503	325	o6	2.244	TTCCTT
1037504	156	8m	1.061	TCCTTA
1037516	857	8m	1.492	TTCCTT
1037588	704	6m	2.599	TCCTTA
1037621	455	o6	1.317	TTCCTT
1037709	502	8m	2.708	TTCCTT
1037709	594	o6	1.507	TTCCTT
1037756	3	7m8	1.074	TTCCTT
1037814	22	6m	1.257	TCCTTA
1037845	541	o6	1.890	TTCCTT
1037865	57	o6	1.052	TTCCTT
1038066	2327	o6	2.574	TTCCTT
1038135	536	7A1	1.312	TCCTTA
1038160	222	7m8	1.210	TTCCTT
1038192	480	o6	2.654	TTCCTT
1038312	90	6m	1.690	TCCTTA
1038317	662	o6	3.019	TTCCTT
1038465	249	o6	1.621	TTCCTT
1038529	1017	7A1	1.257	TCCTTA
1038568	320	o6	1.540	TTCCTT
1038568	325	o6	1.540	TTCCTT
1038616	410	o6	2.317	TTCCTT
1038622	1202	6m	2.521	TCCTTA
1038622	1338	o6	1.399	TTCCTT
1038640	1683	o6	1.073	TTCCTT
1038704	198	7m8	1.648	TTCCTT
1038891	304	o6	1.712	TTCCTT
1039118	1178	7m8	1.161	TTCCTT
1039212	368	o6	1.169	TTCCTT
1039285	1624	6m	2.063	TCCTTA
1039422	4013	7m8	1.116	TTCCTT
1039474	422	6m	2.416	TCCTTA
1039563	1919	8m	2.003	TTCCTT
1039651	339	o6	2.707	TTCCTT
1039651	641	7A1	1.802	TCCTTA
1039711	104	7A1	1.361	TCCTTA
1039718	382	8m	2.014	TTCCTT
1039794	709	o6	1.815	TTCCTT
1039853	2573	o6	1.838	TTCCTT
1039919	2050	o6	1.931	TTCCTT
1039925	409	o6	1.645	TTCCTT
1039971	524	o6	1.486	TTCCTT
1040016	2250	o6	1.216	TTCCTT
1040019	719	o6	1.680	TTCCTT
1040049	2418	8m	1.048	TTCCTT
1040058	6789	7m8	1.238	TTCCTT
1040115	365	7m8	2.776	TTCCTT
1040120	569	7A1	1.157	TCCTTA
1040190	461	o6	1.095	TTCCTT
1040190	587	7m8	1.407	TTCCTT
1040190	921	6m	3.477	TCCTTA
1040190	2453	7m8	1.635	TTCCTT
1040228	512	8m	2.541	TTCCTT
1040331	59	o6	3.762	TTCCTT
1040346	155	6m	2.541	TCCTTA
1040367	1379	7m8	2.012	TTCCTT
1040479	2519	o6	1.257	TTCCTT
1040575	260	o6	1.085	TTCCTT
1040589	1751	o6	1.356	TTCCTT
1040590	6330	8m	2.369	TTCCTT
1040590	7698	7m8	2.345	TTCCTT
1040632	198	7A1	1.053	TCCTTA
1040661	88	7A1	2.031	TCCTTA
