1000003	75	7m8	1.029	GAATTT
1000029	817	7m8	1.069	CGAATT
1000041	400	7A1	2.433	GAATTT
1000066	685	6m	2.494	GAATTT
1000066	3188	6m	2.923	GAATTT
1000114	136	7A1	2.255	GAATTT
1000125	145	6m	2.544	GAATTT
1000134	1243	7A1	2.516	GAATTT
1000134	1301	o6	1.116	CGAATT
1000150	293	7A1	2.544	GAATTT
1000171	64	7m8	1.687	GAATTT
1000191	78	o6	1.485	CGAATT
1000195	397	6m	2.540	GAATTT
1000195	496	6m	1.711	GAATTT
1000224	317	7A1	2.969	GAATTT
1000245	735	6m	1.295	GAATTT
1000245	755	6m	1.687	GAATTT
1000261	509	6m	2.025	GAATTT
1000281	348	7A1	2.156	GAATTT
1000332	68	6m	1.792	GAATTT
1000336	27	7m8	1.764	GAATTT
1000336	128	o6	1.857	CGAATT
1000373	2119	6m	1.550	GAATTT
1000379	319	o6	2.256	CGAATT
1000391	734	o6	1.027	CGAATT
1000407	568	6m	1.980	GAATTT
1000407	776	o6	1.980	CGAATT
1000436	775	7A1	2.149	GAATTT
1000443	1437	6m	1.040	GAATTT
1000443	3498	6m	1.990	GAATTT
1000454	172	8m	2.343	CGAATT
1000472	941	6m	1.687	GAATTT
1000478	1982	7m8	2.750	CGAATT
1000484	209	7A1	1.625	GAATTT
1000490	377	6m	1.651	GAATTT
1000493	3917	7m8	1.790	GAATTT
1000493	4011	6m	1.118	GAATTT
1000493	5135	6m	2.009	GAATTT
1000493	5141	6m	2.009	GAATTT
1000500	873	7A1	2.446	GAATTT
1000517	567	o6	1.026	CGAATT
1000530	811	o6	2.067	CGAATT
1000530	920	6m	2.321	GAATTT
1000562	289	6m	1.053	GAATTT
1000568	131	6m	1.158	GAATTT
1000580	637	6m	1.129	GAATTT
1000580	660	6m	1.833	GAATTT
1000580	1899	6m	1.637	GAATTT
1000580	2186	6m	2.201	GAATTT
1000598	198	o6	1.626	CGAATT
1000610	1992	6m	1.227	GAATTT
1000613	217	8m	2.000	GAATTT
1000619	1154	7m8	3.466	GAATTT
1000673	95	o6	1.204	CGAATT
1000829	2258	7A1	2.799	GAATTT
1000845	521	7A1	2.215	GAATTT
1000863	271	7A1	2.517	GAATTT
1000874	427	6m	1.545	GAATTT
1000901	426	6m	1.380	GAATTT
1000904	918	6m	1.088	GAATTT
1000920	492	7A1	2.409	GAATTT
1000923	1482	8m	2.409	CGAATT
1000947	291	7m8	2.187	GAATTT
1000979	1323	6m	1.143	GAATTT
1000991	607	6m	1.459	GAATTT
1000997	451	6m	1.278	GAATTT
1001007	323	7A1	1.030	GAATTT
1001012	2146	6m	1.678	GAATTT
1001012	2248	o6	2.807	CGAATT
1001015	318	7A1	1.917	GAATTT
1001024	870	o6	1.187	CGAATT
1001075	584	7A1	1.903	GAATTT
1001075	1854	6m	1.144	GAATTT
1001075	3239	o6	1.321	CGAATT
1001083	739	7m8	2.781	CGAATT
1001099	457	6m	1.444	GAATTT
1001148	235	7m8	1.548	CGAATT
1001224	78	7m8	1.681	CGAATT
1001244	206	7A1	2.608	GAATTT
1001249	300	8m	2.065	GAATTT
1001286	105	6m	1.610	GAATTT
1001291	54	6m	2.863	GAATTT
1001291	60	7A1	2.863	GAATTT
1001298	19	7A1	1.846	GAATTT
1001366	506	6m	2.537	GAATTT
1001366	564	6m	2.537	GAATTT
1001373	67	6m	2.076	GAATTT
1001378	67	o6	1.754	CGAATT
1001385	449	8m	1.637	CGAATT
1001394	173	7A1	1.002	GAATTT
1001408	120	7A1	2.544	GAATTT
1001412	173	7m8	4.546	CGAATT
1001417	676	7m8	1.194	GAATTT
1001423	28	6m	1.179	GAATTT
1001478	355	7m8	1.322	CGAATT
1001514	3	o6	1.513	CGAATT
1001533	225	o6	2.218	CGAATT
1001574	283	7m8	1.211	GAATTT
1001577	938	o6	1.210	CGAATT
1001578	681	o6	1.053	CGAATT
1001578	2434	o6	1.896	CGAATT
1001578	3302	6m	2.199	GAATTT
1001584	459	6m	4.004	GAATTT
1001601	2240	6m	2.317	GAATTT
1001601	3572	6m	2.344	GAATTT
1001607	558	7m8	2.073	CGAATT
1001620	169	7m8	1.687	CGAATT
1001620	1477	6m	1.322	GAATTT
1001661	1258	7A1	2.344	GAATTT
1001661	1472	o6	1.006	CGAATT
1001661	1483	7A1	2.304	GAATTT
1001729	137	7A1	2.383	GAATTT
1001738	495	7A1	1.049	GAATTT
1001745	570	7A1	1.682	GAATTT
1001862	355	o6	1.533	CGAATT
1001921	545	7m8	3.028	CGAATT
1001937	3915	7A1	1.563	GAATTT
1001966	187	6m	2.493	GAATTT
1002084	662	6m	2.766	GAATTT
1002105	64	6m	1.782	GAATTT
1002120	145	7A1	1.118	GAATTT
1002176	188	7m8	2.378	CGAATT
1002176	382	7m8	1.130	CGAATT
1002267	119	o6	1.614	CGAATT
1002293	353	7A1	1.945	GAATTT
1002388	47	8m	1.313	CGAATT
1002446	29	8m	1.483	GAATTT
1002481	549	6m	2.981	GAATTT
1002481	1871	7m8	1.190	CGAATT
1002484	417	o6	2.512	CGAATT
1002503	220	6m	1.084	GAATTT
1002584	133	7A1	2.586	GAATTT
1002680	145	8m	1.392	CGAATT
1002683	10	6m	1.087	GAATTT
1002734	898	o6	1.122	CGAATT
1002793	158	7m8	1.010	CGAATT
1002826	1067	7A1	1.975	GAATTT
1002826	1704	7m8	2.313	CGAATT
1002830	642	6m	1.040	GAATTT
1002979	140	7A1	2.523	GAATTT
1002979	401	7m8	1.606	CGAATT
1002979	447	7m8	1.393	CGAATT
1002985	24	6m	1.964	GAATTT
1003053	201	6m	1.932	GAATTT
1003053	346	7A1	2.098	GAATTT
1003122	1217	7A1	1.376	GAATTT
1003137	894	8m	3.379	GAATTT
1003143	732	7A1	2.349	GAATTT
1003143	1039	7A1	2.922	GAATTT
1003151	47	6m	1.053	GAATTT
1003155	44	6m	1.963	GAATTT
1003155	345	7m8	1.322	CGAATT
1003251	601	o6	1.439	CGAATT
1003310	123	6m	2.086	GAATTT
1003324	129	7A1	2.021	GAATTT
1003342	22	7A1	1.036	GAATTT
1003363	49	7A1	1.322	GAATTT
1003387	639	8m	2.073	CGAATT
1003417	60	8m	2.515	CGAATT
1003417	435	6m	1.186	GAATTT
1003424	49	8m	3.240	CGAATT
1003424	690	8m	3.038	CGAATT
1003454	14	7A1	1.036	GAATTT
1003509	67	7A1	1.874	GAATTT
1003549	151	8m	1.438	GAATTT
1003589	306	o6	2.057	CGAATT
1003589	523	7m8	2.351	CGAATT
1003631	1713	7m8	1.040	CGAATT
1003631	2037	6m	1.563	GAATTT
1003631	2856	8m	1.563	CGAATT
1003643	364	o6	1.059	CGAATT
1003660	305	6m	1.545	GAATTT
1003671	136	6m	1.737	GAATTT
1003675	449	6m	2.073	GAATTT
1003888	11	8m	2.111	GAATTT
1003930	751	6m	1.227	GAATTT
1003951	496	6m	2.747	GAATTT
1003992	208	6m	1.005	GAATTT
1003999	1367	7A1	3.916	GAATTT
1004077	292	o6	2.199	CGAATT
1004077	659	8m	2.343	CGAATT
1004077	958	o6	2.017	CGAATT
1004119	77	8m	2.073	CGAATT
1004182	324	7A1	2.064	GAATTT
1004238	514	6m	1.210	GAATTT
1004248	204	7m8	1.210	GAATTT
1004269	780	o6	2.448	CGAATT
1004281	251	7A1	1.412	GAATTT
1004341	847	7m8	2.508	CGAATT
1004371	88	o6	1.917	CGAATT
1004382	71	8m	1.311	GAATTT
1004437	1915	6m	1.704	GAATTT
1004463	3511	6m	1.525	GAATTT
1004503	201	7A1	2.456	GAATTT
1004503	2156	7A1	2.635	GAATTT
1004512	597	o6	2.206	CGAATT
1004573	1419	8m	5.282	CGAATT
1004657	273	7A1	1.512	GAATTT
1004676	197	o6	1.740	CGAATT
1004693	326	7A1	2.314	GAATTT
1004723	561	6m	1.254	GAATTT
1004750	86	o6	1.473	CGAATT
1004750	313	7m8	1.434	CGAATT
1004750	457	o6	1.690	CGAATT
1004835	376	7m8	1.990	GAATTT
1004849	40	8m	1.606	CGAATT
1004849	258	6m	2.383	GAATTT
1004858	76	8m	1.149	GAATTT
1004898	1499	6m	1.124	GAATTT
1005020	346	o6	1.608	CGAATT
1005049	1283	o6	2.495	CGAATT
1005061	87	6m	2.605	GAATTT
1005091	237	6m	1.285	GAATTT
1005109	24	7A1	2.350	GAATTT
1005114	847	6m	1.100	GAATTT
1005114	1240	8m	1.002	CGAATT
1005130	1289	o6	1.776	CGAATT
1005204	16	7A1	1.084	GAATTT
1005319	473	6m	1.187	GAATTT
1005349	657	6m	2.191	GAATTT
1005349	2105	7A1	2.393	GAATTT
1005349	2879	o6	1.740	CGAATT
1005349	4062	6m	1.443	GAATTT
1005358	531	6m	2.321	GAATTT
1005443	513	8m	1.499	CGAATT
1005449	199	7m8	1.400	CGAATT
1005456	191	8m	2.175	GAATTT
1005470	64	o6	1.032	CGAATT
1005550	620	7A1	2.215	GAATTT
1005550	823	7A1	1.260	GAATTT
1005565	301	7m8	2.220	CGAATT
1005622	58	6m	1.646	GAATTT
1005622	87	6m	2.432	GAATTT
1005680	188	6m	3.174	GAATTT
1005796	276	7A1	2.142	GAATTT
1005830	662	8m	2.847	CGAATT
1005862	258	7A1	1.836	GAATTT
1005867	214	6m	1.672	GAATTT
1005898	204	7A1	1.520	GAATTT
1006006	498	7A1	1.412	GAATTT
1006107	473	o6	1.882	CGAATT
1006107	1371	7m8	2.215	CGAATT
1006107	1615	6m	1.807	GAATTT
1006131	263	7m8	1.164	GAATTT
1006158	745	7A1	2.030	GAATTT
1006158	927	7A1	3.025	GAATTT
1006173	454	6m	2.026	GAATTT
1006548	384	6m	1.776	GAATTT
1006665	32	7A1	3.117	GAATTT
1006699	955	8m	2.807	CGAATT
1006708	2595	7m8	2.522	CGAATT
1006714	129	7A1	2.907	GAATTT
1006714	1448	6m	1.105	GAATTT
1006719	514	8m	2.870	CGAATT
1006719	932	7A1	2.870	GAATTT
1006726	1031	7A1	2.433	GAATTT
1006726	1335	6m	2.433	GAATTT
1006726	1821	o6	1.080	CGAATT
1006731	690	7A1	2.206	GAATTT
1006731	739	6m	1.975	GAATTT
1006761	282	o6	1.937	CGAATT
1006761	291	6m	1.958	GAATTT
1006814	698	6m	1.324	GAATTT
1006838	548	7A1	1.322	GAATTT
1006839	151	6m	1.148	GAATTT
1006842	354	o6	1.608	CGAATT
1006884	300	7m8	2.207	GAATTT
1006893	17	6m	1.740	GAATTT
1006933	810	7A1	2.505	GAATTT
1006940	324	7A1	1.780	GAATTT
1007031	1479	6m	2.357	GAATTT
1007031	1972	o6	2.357	CGAATT
1007031	2008	6m	2.105	GAATTT
1007034	1959	7A1	1.124	GAATTT
1007041	944	6m	1.759	GAATTT
1007061	61	6m	1.256	GAATTT
1007198	126	6m	1.600	GAATTT
1007206	771	7A1	3.642	GAATTT
1007207	676	8m	2.544	CGAATT
1007231	271	7m8	2.807	CGAATT
1007242	4525	7m8	2.847	CGAATT
1007283	1073	7A1	2.350	GAATTT
1007296	138	7A1	1.410	GAATTT
1007311	540	6m	1.073	GAATTT
1007364	80	o6	2.902	CGAATT
1007364	3843	6m	1.389	GAATTT
1007379	1270	7A1	1.742	GAATTT
1007403	45	6m	2.177	GAATTT
1007469	29	7A1	1.031	GAATTT
1007502	186	7A1	2.351	GAATTT
1007521	3256	o6	2.086	CGAATT
1007530	704	o6	1.274	CGAATT
1007624	417	6m	1.045	GAATTT
1007624	499	7A1	2.248	GAATTT
1007629	824	6m	1.316	GAATTT
1007629	1302	7A1	2.544	GAATTT
1007646	377	7A1	1.049	GAATTT
1007663	381	7A1	2.275	GAATTT
1007673	98	o6	2.503	CGAATT
1007740	3373	7A1	1.629	GAATTT
1007743	232	6m	2.319	GAATTT
1007746	74	6m	2.319	GAATTT
1007788	788	6m	1.585	GAATTT
1007798	82	7m8	1.671	CGAATT
1007812	2767	7m8	1.481	CGAATT
1007812	5827	7A1	1.413	GAATTT
1007824	155	7A1	2.876	GAATTT
1007824	542	6m	2.306	GAATTT
1007840	518	7A1	3.034	GAATTT
1007875	2807	7m8	1.510	CGAATT
1007875	3727	7A1	1.473	GAATTT
1007875	4715	6m	1.431	GAATTT
1007885	3	8m	2.958	CGAATT
1007885	629	7m8	1.127	GAATTT
1007903	406	7m8	1.780	GAATTT
1007903	841	7A1	1.330	GAATTT
1007903	1665	6m	1.409	GAATTT
1007903	2288	6m	1.734	GAATTT
1007914	61	6m	1.196	GAATTT
1007915	179	o6	1.316	CGAATT
1007932	1269	6m	1.134	GAATTT
1007941	117	6m	2.978	GAATTT
1007950	632	6m	1.854	GAATTT
1007950	1769	7A1	2.048	GAATTT
1007980	292	6m	1.606	GAATTT
1007980	522	o6	1.579	CGAATT
1007980	1903	7A1	2.951	GAATTT
1007980	2466	6m	2.097	GAATTT
1007997	1046	7A1	2.544	GAATTT
1007997	2161	7A1	1.485	GAATTT
1008004	131	6m	1.230	GAATTT
1008015	70	7A1	2.087	GAATTT
1008019	250	7A1	2.233	GAATTT
1008031	149	6m	1.343	GAATTT
1008036	240	7A1	2.302	GAATTT
1008036	1071	6m	2.327	GAATTT
1008036	1826	o6	2.638	CGAATT
1008081	304	6m	1.047	GAATTT
1008093	1193	6m	1.247	GAATTT
1008105	415	7A1	1.907	GAATTT
1008114	731	7A1	2.573	GAATTT
1008145	1851	7m8	2.220	CGAATT
1008145	2362	6m	2.245	GAATTT
1008145	2937	6m	2.537	GAATTT
1008145	4243	o6	2.220	CGAATT
1008145	4887	6m	2.013	GAATTT
1008145	11424	o6	1.180	CGAATT
1008183	704	7A1	2.854	GAATTT
1008192	618	8m	1.316	CGAATT
1008204	501	7A1	2.338	GAATTT
1008213	219	8m	1.391	GAATTT
1008259	676	o6	1.460	CGAATT
1008276	310	o6	1.391	CGAATT
1008279	202	o6	1.073	CGAATT
1008279	1735	7A1	2.244	GAATTT
1008286	449	7A1	1.278	GAATTT
1008307	297	7m8	2.097	CGAATT
1008307	1836	7m8	2.807	GAATTT
1008318	630	o6	2.220	CGAATT
1008355	571	6m	1.763	GAATTT
1008358	458	6m	1.094	GAATTT
1008366	136	7A1	1.207	GAATTT
1008409	554	o6	1.218	CGAATT
1008409	732	o6	1.241	CGAATT
1008432	356	6m	1.694	GAATTT
1008439	67	6m	1.703	GAATTT
1008454	841	6m	1.717	GAATTT
1008492	104	6m	2.801	GAATTT
1008501	106	6m	1.480	GAATTT
1008549	93	6m	1.931	GAATTT
1008557	329	8m	1.342	CGAATT
1008560	800	6m	2.073	GAATTT
1008588	7	8m	1.322	CGAATT
1008593	13	6m	2.164	GAATTT
1008597	309	6m	1.964	GAATTT
1008602	339	o6	1.053	CGAATT
1008647	489	6m	1.729	GAATTT
1008657	120	o6	1.455	CGAATT
1008671	180	8m	1.687	CGAATT
1008707	250	6m	1.546	GAATTT
1008749	201	o6	1.053	CGAATT
1008750	158	6m	2.573	GAATTT
1008755	684	6m	1.865	GAATTT
1008755	1010	o6	1.105	CGAATT
1008780	34	7m8	2.025	CGAATT
1008822	278	6m	3.024	GAATTT
1008831	553	6m	1.651	GAATTT
1008852	1241	7m8	2.433	CGAATT
1008866	562	6m	1.602	GAATTT
1008875	142	6m	1.687	GAATTT
1008890	566	6m	2.178	GAATTT
1008893	89	6m	1.875	GAATTT
1008911	88	o6	1.444	CGAATT
1008933	508	o6	1.563	CGAATT
1008975	293	6m	1.517	GAATTT
1009004	134	6m	1.504	GAATTT
1009037	282	o6	2.475	CGAATT
1009037	1062	7A1	1.186	GAATTT
1009037	3114	o6	1.063	CGAATT
1009068	707	7A1	2.651	GAATTT
1009083	837	6m	2.544	GAATTT
1009087	83	o6	1.255	CGAATT
1009096	97	6m	1.585	GAATTT
1009101	497	6m	2.544	GAATTT
1009132	12	o6	1.775	CGAATT
1009216	317	7m8	1.314	GAATTT
1009217	113	6m	1.618	GAATTT
1009307	341	7A1	1.485	GAATTT
1009313	328	6m	1.863	GAATTT
1009322	171	6m	1.926	GAATTT
1009322	190	6m	2.300	GAATTT
1009366	75	6m	2.524	GAATTT
1009369	2727	o6	1.434	CGAATT
1009424	243	o6	1.687	CGAATT
1009469	910	o6	1.765	CGAATT
1009479	419	6m	1.408	GAATTT
1009500	833	7A1	1.381	GAATTT
1009511	549	o6	1.967	CGAATT
1009517	49	o6	2.535	CGAATT
1009566	11	8m	1.268	GAATTT
1009576	797	7A1	3.977	GAATTT
1009684	575	7A1	3.034	GAATTT
1009717	75	o6	1.103	CGAATT
1009748	639	8m	3.034	CGAATT
1009763	162	7m8	1.649	CGAATT
1009763	386	7A1	2.721	GAATTT
1009781	817	7A1	2.323	GAATTT
1009808	205	6m	2.046	GAATTT
1009834	223	8m	2.660	CGAATT
1009834	455	6m	1.296	GAATTT
1009834	2661	7A1	2.718	GAATTT
1009834	2798	7A1	2.723	GAATTT
1009834	2836	6m	1.530	GAATTT
1009834	2881	7A1	2.876	GAATTT
1009837	9	7A1	2.731	GAATTT
1009841	112	6m	2.321	GAATTT
1009844	113	7A1	3.232	GAATTT
1009930	92	o6	1.690	CGAATT
1009945	979	7A1	1.703	GAATTT
1009945	1066	6m	2.065	GAATTT
1009948	1007	o6	1.606	CGAATT
1010047	114	7A1	1.555	GAATTT
1010054	496	o6	1.591	CGAATT
1010054	1085	6m	2.211	GAATTT
1010064	823	o6	2.292	CGAATT
1010139	554	7A1	2.985	GAATTT
1010150	146	o6	1.373	CGAATT
1010172	47	6m	1.241	GAATTT
1010175	110	o6	1.692	CGAATT
1010202	69	8m	3.960	CGAATT
1010232	1780	o6	2.723	CGAATT
1010237	380	6m	3.347	GAATTT
1010237	631	6m	3.286	GAATTT
1010237	691	6m	3.276	GAATTT
1010238	1407	o6	2.723	CGAATT
1010259	92	8m	2.749	GAATTT
1010274	655	7m8	2.526	GAATTT
1010293	78	6m	1.962	GAATTT
1010332	724	o6	1.645	CGAATT
1010358	11	6m	1.328	GAATTT
1010401	2394	8m	3.082	CGAATT
1010401	2610	7m8	3.620	GAATTT
1010421	54	6m	2.061	GAATTT
1010498	379	6m	1.717	GAATTT
1010511	915	6m	1.084	GAATTT
1010522	29	7A1	1.714	GAATTT
1010533	1821	6m	2.292	GAATTT
1010539	93	6m	3.016	GAATTT
1010539	99	6m	3.016	GAATTT
1010608	351	7m8	2.125	CGAATT
1010649	324	6m	2.443	GAATTT
1010670	291	7A1	1.749	GAATTT
1010670	1172	7m8	2.072	CGAATT
1010673	146	6m	1.332	GAATTT
1010677	97	o6	1.432	CGAATT
1010716	276	o6	1.965	CGAATT
1010725	150	6m	1.402	GAATTT
1010846	719	7m8	2.121	CGAATT
1010893	261	7A1	1.233	GAATTT
1010911	91	7m8	1.558	GAATTT
1010941	298	6m	2.139	GAATTT
1010950	584	6m	1.468	GAATTT
1010950	1086	8m	4.470	CGAATT
1010950	1454	o6	2.688	CGAATT
1010950	1521	7m8	1.743	CGAATT
1010956	109	7A1	1.995	GAATTT
1010962	18	7A1	2.560	GAATTT
1010971	244	6m	1.154	GAATTT
1010979	35	8m	2.197	GAATTT
1010998	66	7A1	2.005	GAATTT
1011083	448	6m	1.304	GAATTT
1011113	52	8m	3.155	GAATTT
1011194	366	7A1	1.637	GAATTT
1011216	87	6m	2.350	GAATTT
1011245	202	7m8	1.970	CGAATT
1011245	216	7m8	1.111	GAATTT
1011277	290	7m8	1.930	CGAATT
1011321	284	7A1	1.316	GAATTT
1011330	54	6m	1.495	GAATTT
1011333	32	7A1	1.150	GAATTT
1011393	791	6m	1.775	GAATTT
1011403	79	o6	2.120	CGAATT
1011409	31	o6	1.156	CGAATT
1011438	532	7A1	3.207	GAATTT
1011491	201	o6	1.320	CGAATT
1011511	559	6m	1.157	GAATTT
1011607	980	o6	1.229	CGAATT
1011637	510	7A1	1.227	GAATTT
1011637	1461	7A1	2.037	GAATTT
1011673	1	6m	1.059	GAATTT
1011698	719	o6	1.573	CGAATT
1011742	689	o6	2.657	CGAATT
1011742	851	7m8	2.403	CGAATT
1011860	431	7A1	1.690	GAATTT
1011897	687	6m	1.645	GAATTT
1011951	565	o6	1.292	CGAATT
1012002	103	o6	1.073	CGAATT
1012020	877	o6	1.404	CGAATT
1012032	883	o6	1.077	CGAATT
1012074	396	6m	1.910	GAATTT
1012087	58	6m	1.687	GAATTT
1012122	779	7A1	2.220	GAATTT
1012122	800	6m	1.053	GAATTT
1012168	17	7m8	1.745	CGAATT
1012169	870	7m8	1.745	CGAATT
1012177	329	7m8	1.097	GAATTT
1012213	50	6m	1.530	GAATTT
1012262	472	6m	1.195	GAATTT
1012293	60	7m8	1.485	CGAATT
1012308	46	6m	1.533	GAATTT
1012317	50	o6	1.766	CGAATT
1012371	575	7m8	1.036	GAATTT
1012382	20	7A1	1.314	GAATTT
1012425	119	8m	2.220	CGAATT
1012425	388	o6	1.297	CGAATT
1012439	83	o6	1.675	CGAATT
1012439	88	6m	3.649	GAATTT
1012479	1125	6m	1.322	GAATTT
1012513	104	7A1	2.628	GAATTT
1012537	452	6m	1.903	GAATTT
1012599	155	7m8	1.533	CGAATT
1012629	77	7m8	1.953	CGAATT
1012666	440	7A1	3.073	GAATTT
1012719	524	o6	1.868	CGAATT
1012760	335	o6	1.896	CGAATT
1012776	1096	6m	1.956	GAATTT
1012791	151	o6	1.262	CGAATT
1012800	219	7m8	1.238	GAATTT
1012801	555	7A1	1.248	GAATTT
1012839	456	o6	1.013	CGAATT
1012839	795	6m	1.163	GAATTT
1012839	868	6m	1.523	GAATTT
1012857	385	6m	3.582	GAATTT
1012900	677	7A1	2.660	GAATTT
1013059	57	7m8	3.209	GAATTT
1013073	849	7A1	1.668	GAATTT
1013073	869	8m	2.073	GAATTT
1013073	1665	8m	2.693	CGAATT
1013089	413	7A1	2.544	GAATTT
1013108	947	7A1	1.711	GAATTT
1013178	212	6m	1.255	GAATTT
1013204	39	7m8	1.687	CGAATT
1013222	66	6m	1.120	GAATTT
1013306	821	7A1	4.317	GAATTT
1013312	356	7A1	1.690	GAATTT
1013312	1667	7A1	2.073	GAATTT
1013312	1847	7A1	2.518	GAATTT
1013327	289	o6	1.891	CGAATT
1013365	699	6m	2.073	GAATTT
1013440	61	o6	1.843	CGAATT
1013443	1953	6m	2.073	GAATTT
1013458	63	7m8	3.034	CGAATT
1013518	936	o6	1.055	CGAATT
1013536	452	8m	1.031	GAATTT
1013544	-1	7A1	1.328	GAATTT
1013544	11	7A1	1.780	GAATTT
1013573	681	6m	2.157	GAATTT
1013573	699	7m8	2.149	CGAATT
1013573	1310	o6	1.084	CGAATT
1013591	2665	7m8	2.870	CGAATT
1013591	4797	7A1	2.023	GAATTT
1013591	5314	6m	2.496	GAATTT
1013639	69	7m8	1.114	GAATTT
1013643	1108	7A1	2.600	GAATTT
1013687	709	o6	1.207	CGAATT
1013687	875	o6	1.606	CGAATT
1013725	171	7m8	1.936	CGAATT
1013772	374	7m8	1.377	CGAATT
1013782	68	8m	2.544	CGAATT
1013902	169	7A1	2.366	GAATTT
1013902	216	o6	1.312	CGAATT
1013939	452	6m	1.658	GAATTT
1013988	659	7A1	2.763	GAATTT
1013988	2202	6m	2.508	GAATTT
1014349	381	8m	2.956	CGAATT
1014358	530	6m	1.577	GAATTT
1014418	2246	7A1	2.648	GAATTT
1014418	3173	6m	3.034	GAATTT
1014421	27	6m	1.775	GAATTT
1014436	570	7A1	3.649	GAATTT
1014447	309	6m	2.002	GAATTT
1014448	311	6m	1.606	GAATTT
1014455	57	7m8	2.162	GAATTT
1014464	477	6m	2.847	GAATTT
1014464	1543	o6	2.035	CGAATT
1014485	344	o6	1.322	CGAATT
1014529	117	6m	1.082	GAATTT
1014559	449	8m	2.544	CGAATT
1014568	299	o6	1.396	CGAATT
1014588	157	o6	1.232	CGAATT
1014588	2959	o6	1.606	CGAATT
1014661	174	6m	1.284	GAATTT
1014697	1485	7m8	1.070	GAATTT
1014813	196	8m	1.073	CGAATT
1014813	565	7m8	2.332	GAATTT
1014856	1551	7m8	1.546	GAATTT
1014859	154	o6	1.154	CGAATT
1014859	532	7m8	1.873	CGAATT
1014864	739	7A1	2.578	GAATTT
1014869	582	7A1	2.525	GAATTT
1014869	1131	o6	2.824	CGAATT
1014877	2081	7A1	3.422	GAATTT
1014883	111	7m8	1.889	GAATTT
1014883	1498	8m	3.198	CGAATT
1014889	88	8m	2.611	CGAATT
1014904	1223	o6	1.259	CGAATT
1014904	1984	7m8	1.240	CGAATT
1014966	187	o6	1.823	CGAATT
1014978	509	o6	1.485	CGAATT
1014978	673	7A1	2.853	GAATTT
1014981	1135	6m	2.423	GAATTT
1014981	1801	6m	2.981	GAATTT
1014988	2973	6m	1.210	GAATTT
1014988	5588	6m	1.513	GAATTT
1014988	5799	7m8	1.063	CGAATT
1014997	76	7m8	1.120	CGAATT
1015038	282	6m	1.537	GAATTT
1015041	57	7m8	2.025	CGAATT
1015085	12	6m	1.371	GAATTT
1015085	50	7A1	2.544	GAATTT
1015085	227	7m8	2.469	CGAATT
1015085	1113	6m	2.544	GAATTT
1015091	3068	7A1	2.456	GAATTT
1015145	226	o6	1.513	CGAATT
1015171	104	7A1	1.793	GAATTT
1015228	1180	6m	1.284	GAATTT
1015285	50	6m	2.334	GAATTT
1015329	733	6m	1.508	GAATTT
1015375	454	6m	2.107	GAATTT
1015375	1355	7m8	1.024	GAATTT
1015376	479	o6	1.180	CGAATT
1015388	434	6m	1.881	GAATTT
1015394	837	6m	1.530	GAATTT
1015394	951	7A1	1.031	GAATTT
1015418	402	o6	2.206	CGAATT
1015426	246	6m	1.746	GAATTT
1015427	321	o6	1.019	CGAATT
1015427	542	6m	1.634	GAATTT
1015427	600	7m8	1.158	GAATTT
1015427	933	6m	1.222	GAATTT
1015480	1332	6m	1.808	GAATTT
1015480	1483	6m	1.356	GAATTT
1015520	107	7m8	1.633	GAATTT
1015552	2050	o6	1.519	CGAATT
1015572	3508	6m	1.610	GAATTT
1015661	213	7m8	1.101	CGAATT
1015676	429	6m	1.808	GAATTT
1015676	872	6m	2.035	GAATTT
1015679	62	7A1	2.109	GAATTT
1015685	572	8m	2.399	CGAATT
1015690	735	6m	1.283	GAATTT
1015690	897	6m	1.122	GAATTT
1015697	254	7A1	2.305	GAATTT
1015697	335	7A1	1.606	GAATTT
1015709	29	7m8	2.025	CGAATT
1015722	754	o6	1.053	CGAATT
1015777	1603	6m	2.834	GAATTT
1015777	1609	7A1	2.834	GAATTT
1015784	1130	7m8	2.286	CGAATT
1015789	673	7m8	2.350	CGAATT
1015823	1080	7A1	1.957	GAATTT
1015870	1208	6m	1.070	GAATTT
1015919	521	7m8	2.544	CGAATT
1015931	603	7A1	2.309	GAATTT
1015936	211	o6	1.195	CGAATT
1015967	669	8m	1.517	GAATTT
1015972	2028	6m	1.703	GAATTT
1015973	275	o6	2.243	CGAATT
1016011	1129	7A1	2.266	GAATTT
1016029	1556	7A1	2.648	GAATTT
1016029	2483	6m	3.034	GAATTT
1016041	21	7A1	1.284	GAATTT
1016077	1517	8m	4.910	GAATTT
1016091	117	6m	1.082	GAATTT
1016106	259	6m	1.618	GAATTT
1016176	2856	6m	1.322	GAATTT
1016179	741	7A1	1.440	GAATTT
1016179	759	6m	1.053	GAATTT
1016200	526	6m	1.594	GAATTT
1016220	1084	o6	1.193	CGAATT
1016223	729	6m	2.292	GAATTT
1016244	397	6m	1.437	GAATTT
1016266	166	6m	2.478	GAATTT
1016287	569	6m	2.305	GAATTT
1016328	404	7m8	2.031	CGAATT
1016353	129	o6	1.082	CGAATT
1016368	679	7m8	2.282	CGAATT
1016368	685	6m	1.732	GAATTT
1016398	373	6m	1.015	GAATTT
1016401	152	6m	1.622	GAATTT
1016428	5	6m	2.011	GAATTT
1016428	372	6m	1.661	GAATTT
1016431	104	8m	2.239	CGAATT
1016431	639	6m	1.053	GAATTT
1016431	1959	6m	1.118	GAATTT
1016439	675	o6	1.029	CGAATT
1016442	61	o6	1.227	CGAATT
1016446	10	7A1	4.180	GAATTT
1016449	1908	6m	1.681	GAATTT
1016449	2094	6m	2.055	GAATTT
1016449	2151	6m	1.681	GAATTT
1016449	3423	6m	1.208	GAATTT
1016458	119	6m	1.284	GAATTT
1016461	186	7A1	1.943	GAATTT
1016464	124	7m8	1.183	GAATTT
1016469	17	o6	1.083	CGAATT
1016475	177	7A1	2.404	GAATTT
1016475	204	6m	1.157	GAATTT
1016475	1035	8m	1.255	CGAATT
1016475	1408	7A1	2.233	GAATTT
1016500	789	8m	1.980	CGAATT
1016500	843	6m	1.263	GAATTT
1016500	920	7A1	1.315	GAATTT
1016511	616	7A1	2.384	GAATTT
1016512	824	o6	2.033	CGAATT
1016556	341	7A1	3.618	GAATTT
1016562	325	o6	2.048	CGAATT
1016565	1090	7A1	2.433	GAATTT
1016566	399	8m	1.073	CGAATT
1016571	1206	6m	1.549	GAATTT
1016571	1244	6m	1.796	GAATTT
1016574	959	o6	3.084	CGAATT
1016574	5535	7A1	1.298	GAATTT
1016577	340	o6	1.558	CGAATT
1016590	269	6m	1.808	GAATTT
1016599	529	7A1	2.501	GAATTT
1016599	1643	o6	1.833	CGAATT
1016605	435	o6	1.214	CGAATT
1016605	750	6m	1.277	GAATTT
1016613	859	7A1	2.326	GAATTT
1016616	1036	7A1	2.334	GAATTT
1016620	872	8m	2.544	CGAATT
1016623	258	o6	1.799	CGAATT
1016637	0	7A1	1.964	GAATTT
1016652	365	7A1	2.072	GAATTT
1016652	404	7A1	1.687	GAATTT
1016677	215	o6	1.500	CGAATT
1016695	1075	7A1	1.534	GAATTT
1016701	720	7m8	1.703	CGAATT
1016701	794	7A1	1.645	GAATTT
1016712	241	7m8	1.803	CGAATT
1016713	2022	7m8	2.631	CGAATT
1016713	3069	7A1	1.606	GAATTT
1016713	3164	6m	2.025	GAATTT
1016782	231	6m	1.322	GAATTT
1016787	2815	7A1	2.203	GAATTT
1016820	1124	6m	1.405	GAATTT
1016839	386	6m	2.481	GAATTT
1016844	139	o6	1.012	CGAATT
1016856	29	7A1	1.606	GAATTT
1016869	432	6m	1.051	GAATTT
1016869	712	8m	1.784	GAATTT
1016922	762	6m	2.484	GAATTT
1016958	43	7m8	2.076	CGAATT
1016971	2485	6m	1.053	GAATTT
1016971	3467	6m	2.350	GAATTT
1016971	3666	6m	2.955	GAATTT
1016985	437	7m8	2.711	CGAATT
1016998	352	8m	2.468	CGAATT
1017012	401	6m	2.204	GAATTT
1017012	1092	7A1	2.578	GAATTT
1017036	814	7m8	1.284	CGAATT
1017082	230	o6	2.249	CGAATT
1017112	112	o6	1.987	CGAATT
1017138	31	8m	3.142	CGAATT
1017150	60	6m	1.265	GAATTT
1017151	28	7A1	2.715	GAATTT
1017151	140	6m	1.197	GAATTT
1017157	896	6m	2.567	GAATTT
1017157	1045	o6	1.180	CGAATT
1017168	392	7A1	1.852	GAATTT
1017169	2033	7A1	2.407	GAATTT
1017227	189	7m8	1.357	GAATTT
1017254	260	6m	1.701	GAATTT
1017254	483	8m	2.276	CGAATT
1017261	514	o6	1.082	CGAATT
1017294	18	7A1	1.027	GAATTT
1017306	89	o6	1.320	CGAATT
1017335	508	7A1	1.953	GAATTT
1017348	273	o6	1.420	CGAATT
1017372	198	o6	1.732	CGAATT
1017429	181	7A1	1.249	GAATTT
1017511	1726	6m	2.007	GAATTT
1017511	2428	o6	1.394	CGAATT
1017527	120	o6	3.250	CGAATT
1017614	4728	7A1	2.870	GAATTT
1017614	4967	7A1	2.242	GAATTT
1017614	5322	o6	2.592	CGAATT
1017618	1116	o6	1.823	CGAATT
1017653	115	7m8	2.943	GAATTT
1017690	252	7m8	2.073	CGAATT
1017695	1073	7m8	1.984	CGAATT
1017696	33	7A1	1.606	GAATTT
1017782	283	o6	1.042	CGAATT
1017787	124	o6	2.237	CGAATT
1017787	351	7m8	2.025	CGAATT
1017805	674	o6	1.931	CGAATT
1017805	759	6m	1.685	GAATTT
1017848	179	7A1	1.906	GAATTT
1017878	27	7A1	2.834	GAATTT
1017889	98	6m	1.316	GAATTT
1017890	751	o6	2.243	CGAATT
1017911	78	6m	1.905	GAATTT
1017919	664	o6	1.405	CGAATT
1017944	4	o6	1.123	CGAATT
1017981	556	7m8	3.272	GAATTT
1018008	378	6m	2.854	GAATTT
1018021	175	6m	2.058	GAATTT
1018033	331	7A1	1.284	GAATTT
1018033	370	7A1	1.274	GAATTT
1018062	656	6m	2.976	GAATTT
1018066	550	o6	2.197	CGAATT
1018078	151	6m	1.785	GAATTT
1018104	83	8m	2.433	CGAATT
1018134	1406	o6	1.032	CGAATT
1018158	102	7A1	2.715	GAATTT
1018167	552	7A1	1.349	GAATTT
1018189	565	6m	1.122	GAATTT
1018225	370	7m8	1.222	CGAATT
1018225	608	8m	1.265	GAATTT
1018225	814	6m	1.255	GAATTT
1018243	2231	7A1	1.674	GAATTT
1018257	561	6m	2.473	GAATTT
1018268	747	6m	1.255	GAATTT
1018284	75	7A1	1.932	GAATTT
1018287	290	6m	1.655	GAATTT
1018293	186	o6	2.239	CGAATT
1018311	26	6m	1.067	GAATTT
1018353	763	6m	2.085	GAATTT
1018367	616	6m	1.416	GAATTT
1018395	235	o6	1.417	CGAATT
1018455	78	7A1	1.393	GAATTT
1018485	6	6m	2.077	GAATTT
1018530	690	6m	2.409	GAATTT
1018530	2905	7m8	1.683	CGAATT
1018626	36	8m	1.749	CGAATT
1018632	3313	o6	1.180	CGAATT
1018632	3374	7A1	2.914	GAATTT
1018632	3451	6m	1.660	GAATTT
1018661	218	8m	2.537	CGAATT
1018678	674	7A1	1.687	GAATTT
1018678	884	o6	1.440	CGAATT
1018678	986	o6	1.079	CGAATT
1018679	146	6m	1.946	GAATTT
1018727	528	7A1	2.469	GAATTT
1018727	538	7A1	2.469	GAATTT
1018727	865	8m	2.220	CGAATT
1018754	148	6m	1.406	GAATTT
1018807	35	7A1	2.544	GAATTT
1018867	22	7m8	2.544	CGAATT
1018879	104	7m8	2.053	CGAATT
1018884	93	7A1	1.771	GAATTT
1018884	482	6m	2.804	GAATTT
1018921	375	7m8	1.690	GAATTT
1018984	459	6m	1.761	GAATTT
1018992	285	8m	1.285	CGAATT
1019037	367	6m	1.424	GAATTT
1019055	1112	o6	2.190	CGAATT
1019096	177	8m	2.781	CGAATT
1019116	409	6m	2.556	GAATTT
1019128	217	6m	1.687	GAATTT
1019147	552	o6	1.606	CGAATT
1019180	96	7m8	1.629	GAATTT
1019188	258	o6	1.696	CGAATT
1019198	9	7A1	1.040	GAATTT
1019233	376	6m	1.190	GAATTT
1019275	37	7A1	2.676	GAATTT
1019314	458	7m8	1.991	CGAATT
1019328	252	o6	1.460	CGAATT
1019335	331	8m	1.005	CGAATT
1019354	1066	8m	2.524	GAATTT
1019413	217	7A1	1.284	GAATTT
1019429	112	o6	1.837	CGAATT
1019441	62	6m	2.384	GAATTT
1019441	329	o6	2.191	CGAATT
1019441	490	o6	2.032	CGAATT
1019465	381	o6	1.646	CGAATT
1019480	901	6m	1.140	GAATTT
1019514	1950	7A1	1.053	GAATTT
1019514	3047	6m	1.737	GAATTT
1019521	921	6m	1.023	GAATTT
1019557	21	6m	1.337	GAATTT
1019557	28	6m	1.337	GAATTT
1019557	214	7A1	1.328	GAATTT
1019579	2009	6m	2.660	GAATTT
1019585	51	8m	1.162	GAATTT
1019661	219	6m	1.051	GAATTT
1019678	83	7m8	1.056	GAATTT
1019691	478	6m	2.213	GAATTT
1019698	1268	8m	2.652	CGAATT
1019713	444	7m8	2.002	CGAATT
1019722	19	7m8	1.606	GAATTT
1019737	27	7A1	1.565	GAATTT
1019749	305	6m	1.122	GAATTT
1019761	55	o6	1.321	CGAATT
1019761	65	6m	1.241	GAATTT
1019797	152	6m	1.680	GAATTT
1019797	165	7A1	1.722	GAATTT
1019814	39	7m8	1.600	GAATTT
1019838	15	o6	1.118	CGAATT
1019854	242	8m	3.717	CGAATT
1019924	45	6m	2.541	GAATTT
1019935	337	o6	1.712	CGAATT
1019938	147	7A1	2.518	GAATTT
1019942	197	o6	2.214	CGAATT
1019945	295	7m8	2.321	CGAATT
1019956	1274	8m	2.015	CGAATT
1019980	1983	7m8	2.219	CGAATT
1020010	35	8m	1.760	GAATTT
1020013	71	8m	3.449	GAATTT
1020029	317	6m	1.862	GAATTT
1020074	1033	o6	1.053	CGAATT
1020166	74	7A1	2.973	GAATTT
1020166	1762	7A1	2.660	GAATTT
1020187	106	7A1	1.298	GAATTT
1020204	0	o6	1.982	CGAATT
1020219	1809	7A1	1.992	GAATTT
1020241	1203	8m	2.033	CGAATT
1020241	2676	7A1	1.286	GAATTT
1020247	186	6m	1.750	GAATTT
1020247	459	7A1	1.746	GAATTT
1020253	211	7A1	2.246	GAATTT
1020258	120	7m8	3.959	GAATTT
1020319	418	7A1	2.631	GAATTT
1020319	1933	o6	1.577	CGAATT
1020372	119	7A1	1.507	GAATTT
1020375	99	6m	1.442	GAATTT
1020384	89	7m8	2.072	CGAATT
1020425	37	6m	2.377	GAATTT
1020425	44	8m	2.377	GAATTT
1020435	141	6m	2.850	GAATTT
1020435	3575	o6	1.373	CGAATT
1020453	28	7m8	2.033	CGAATT
1020491	290	7A1	1.240	GAATTT
1020532	109	7m8	2.220	CGAATT
1020535	433	7A1	1.322	GAATTT
1020546	44	7m8	1.584	GAATTT
1020564	715	6m	2.425	GAATTT
1020600	495	7A1	2.016	GAATTT
1020615	1421	7A1	2.660	GAATTT
1020615	1738	6m	1.284	GAATTT
1020615	3020	6m	2.660	GAATTT
1020716	364	7A1	1.469	GAATTT
1020740	862	6m	3.034	GAATTT
1020766	822	o6	2.433	CGAATT
1020771	13	6m	1.407	GAATTT
1020791	21	6m	4.845	GAATTT
1020800	646	6m	3.099	GAATTT
1020895	563	6m	1.202	GAATTT
1020900	37	o6	1.068	CGAATT
1020901	363	o6	1.465	CGAATT
1021005	918	o6	2.339	CGAATT
1021005	1099	o6	2.288	CGAATT
1021011	35	7A1	3.034	GAATTT
1021023	55	6m	1.232	GAATTT
1021037	524	7m8	2.256	CGAATT
1021108	39	7A1	2.295	GAATTT
1021190	143	7m8	1.139	CGAATT
1021223	67	7m8	1.996	GAATTT
1021273	1135	7A1	2.981	GAATTT
1021288	325	7m8	1.843	CGAATT
1021293	135	6m	1.169	GAATTT
1021323	97	6m	2.002	GAATTT
1021365	329	o6	1.532	CGAATT
1021365	565	8m	1.040	CGAATT
1021409	628	7A1	1.622	GAATTT
1021476	49	7m8	1.150	GAATTT
1021613	748	6m	1.617	GAATTT
1021633	530	7m8	2.749	CGAATT
1021678	369	8m	1.147	CGAATT
1021678	813	7m8	1.154	CGAATT
1021691	34	7A1	2.234	GAATTT
1021700	2	8m	2.544	CGAATT
1021700	374	7A1	2.220	GAATTT
1021806	33	6m	1.253	GAATTT
1021819	41	o6	1.091	CGAATT
1021819	255	o6	2.191	CGAATT
1021866	182	6m	2.015	GAATTT
1021899	1978	8m	1.322	CGAATT
1021899	2031	6m	2.253	GAATTT
1021909	2289	o6	1.399	CGAATT
1021941	503	7A1	2.331	GAATTT
1022038	21	7A1	2.733	GAATTT
1022054	358	6m	1.504	GAATTT
1022057	957	6m	1.084	GAATTT
1022066	503	7A1	2.526	GAATTT
1022066	923	8m	1.719	CGAATT
1022066	1408	7A1	2.201	GAATTT
1022066	1670	7m8	1.514	CGAATT
1022066	2205	6m	1.004	GAATTT
1022116	371	o6	1.888	CGAATT
1022129	1196	7A1	2.073	GAATTT
1022129	1247	6m	3.062	GAATTT
1022137	53	8m	3.082	CGAATT
1022168	63	7A1	1.906	GAATTT
1022180	1900	7A1	2.196	GAATTT
1022212	558	7A1	1.384	GAATTT
1022224	259	7m8	1.775	CGAATT
1022235	1970	7m8	1.099	GAATTT
1022251	15	6m	1.211	GAATTT
1022256	1713	6m	1.737	GAATTT
1022289	120	7m8	1.082	CGAATT
1022303	53	o6	1.922	CGAATT
1022418	400	7A1	2.350	GAATTT
1022418	428	6m	2.061	GAATTT
1022418	459	o6	1.513	CGAATT
1022443	1294	8m	2.654	CGAATT
1022495	1645	6m	2.343	GAATTT
1022530	234	6m	2.175	GAATTT
1022531	207	6m	2.555	GAATTT
1022568	2372	7A1	1.227	GAATTT
1022568	3042	o6	1.284	CGAATT
1022710	107	7m8	2.026	CGAATT
1022719	88	6m	2.490	GAATTT
1022814	534	6m	1.812	GAATTT
1022820	1413	7m8	1.298	CGAATT
1022831	58	6m	2.051	GAATTT
1022843	222	o6	1.711	CGAATT
1022843	295	6m	1.873	GAATTT
1022932	1234	7A1	1.689	GAATTT
1022938	181	6m	1.386	GAATTT
1022941	3214	7A1	1.100	GAATTT
1022941	3328	6m	1.435	GAATTT
1022985	1039	7A1	2.085	GAATTT
1023032	532	6m	1.041	GAATTT
1023097	2569	o6	1.031	CGAATT
1023100	2046	6m	2.064	GAATTT
1023104	956	7m8	1.321	CGAATT
1023104	1315	6m	1.573	GAATTT
1023206	698	7m8	1.001	GAATTT
1023245	135	6m	1.556	GAATTT
1023253	1482	8m	2.850	CGAATT
1023256	147	o6	2.628	CGAATT
1023289	1628	6m	3.232	GAATTT
1023320	114	6m	1.284	GAATTT
1023320	1740	7A1	1.727	GAATTT
1023431	113	8m	2.017	CGAATT
1023438	296	o6	2.159	CGAATT
1023509	3	o6	1.005	CGAATT
1023523	99	8m	2.544	CGAATT
1023536	64	7A1	2.083	GAATTT
1023560	48	7m8	2.336	CGAATT
1023572	1678	o6	1.205	CGAATT
1023572	2020	o6	1.690	CGAATT
1023594	457	6m	1.260	GAATTT
1023594	1688	6m	2.068	GAATTT
1023594	2076	7A1	2.001	GAATTT
1023599	567	6m	2.410	GAATTT
1023599	6962	7m8	2.544	CGAATT
1023599	8892	7A1	2.026	GAATTT
1023599	9482	7A1	2.276	GAATTT
1023658	279	7A1	4.942	GAATTT
1023666	136	7m8	2.459	GAATTT
1023666	510	o6	1.730	CGAATT
1023669	45	7m8	1.377	GAATTT
1023669	282	6m	1.186	GAATTT
1023669	1050	6m	1.062	GAATTT
1023681	4220	8m	1.563	CGAATT
1023706	1341	6m	2.544	GAATTT
1023712	916	6m	1.952	GAATTT
1023712	1080	8m	1.955	CGAATT
1023712	1683	6m	2.350	GAATTT
1023774	776	7A1	2.350	GAATTT
1023784	1087	7A1	2.549	GAATTT
1023784	1168	6m	1.740	GAATTT
1023784	1402	8m	2.764	CGAATT
1023784	2287	6m	1.269	GAATTT
1023784	3351	6m	1.313	GAATTT
1023784	4041	6m	1.321	GAATTT
1023784	4415	o6	1.776	CGAATT
1023790	1783	o6	2.878	CGAATT
1023790	2655	7A1	1.241	GAATTT
1023799	113	o6	1.064	CGAATT
1023802	58	7A1	2.218	GAATTT
1023802	509	6m	2.102	GAATTT
1023805	2674	6m	2.537	GAATTT
1023805	4679	6m	2.409	GAATTT
1023846	598	6m	2.017	GAATTT
1023846	2543	7A1	2.537	GAATTT
1023847	1050	7m8	1.577	CGAATT
1023850	928	8m	3.034	CGAATT
1023863	801	8m	2.941	CGAATT
1023882	1710	7A1	1.354	GAATTT
1023885	1418	6m	1.419	GAATTT
1023897	1719	7A1	2.118	GAATTT
1023904	522	7m8	1.127	CGAATT
1023919	73	7m8	1.315	CGAATT
1023994	514	o6	1.661	CGAATT
1023998	296	6m	2.031	GAATTT
1024003	1110	8m	2.544	CGAATT
1024019	2165	7A1	2.660	GAATTT
1024025	2006	o6	1.229	CGAATT
1024028	550	6m	1.248	GAATTT
1024028	1612	6m	1.613	GAATTT
1024028	1870	8m	2.470	CGAATT
1024031	3118	7A1	2.863	GAATTT
1024076	370	7A1	1.666	GAATTT
1024085	1375	6m	1.563	GAATTT
1024085	1386	6m	2.850	GAATTT
1024085	1814	7A1	1.852	GAATTT
1024109	73	7m8	1.997	GAATTT
1024118	185	6m	1.418	GAATTT
1024133	1280	7A1	2.220	GAATTT
1024148	41	8m	2.830	CGAATT
1024159	620	8m	1.477	GAATTT
1024159	909	7A1	1.687	GAATTT
1024169	1136	o6	2.326	CGAATT
1024169	1383	o6	2.326	CGAATT
1024172	374	7A1	2.350	GAATTT
1024177	460	8m	1.082	GAATTT
1024195	308	6m	1.053	GAATTT
1024195	450	6m	1.032	GAATTT
1024211	635	7A1	2.544	GAATTT
1024211	728	7A1	2.269	GAATTT
1024211	1090	7A1	2.220	GAATTT
1024211	1148	6m	1.322	GAATTT
1024211	1725	7A1	2.220	GAATTT
1024211	2074	7m8	1.244	CGAATT
1024211	2874	7A1	3.177	GAATTT
1024211	3680	o6	1.073	CGAATT
1024229	53	o6	1.571	CGAATT
1024241	2059	6m	2.346	GAATTT
1024241	2301	o6	1.445	CGAATT
1024258	90	8m	2.687	CGAATT
1024304	950	8m	2.276	CGAATT
1024349	822	o6	2.343	CGAATT
1024363	471	6m	2.062	GAATTT
1024369	141	6m	2.018	GAATTT
1024385	395	o6	1.421	CGAATT
1024388	481	7m8	2.819	CGAATT
1024394	336	7m8	1.322	CGAATT
1024397	1517	6m	1.810	GAATTT
1024397	1619	8m	2.799	GAATTT
1024397	3917	6m	2.640	GAATTT
1024432	62	6m	2.746	GAATTT
1024448	1727	o6	1.659	CGAATT
1024465	2312	o6	2.304	CGAATT
1024474	5	7A1	1.649	GAATTT
1024474	43	7A1	2.564	GAATTT
1024489	63	7A1	1.306	GAATTT
1024510	750	7A1	2.144	GAATTT
1024529	886	o6	1.020	CGAATT
1024529	1514	6m	2.757	GAATTT
1024556	518	6m	2.174	GAATTT
1024556	617	6m	2.182	GAATTT
1024556	752	7m8	1.248	CGAATT
1024582	411	o6	2.543	CGAATT
1024604	1418	6m	1.028	GAATTT
1024609	317	7A1	2.215	GAATTT
1024612	744	8m	2.071	CGAATT
1024619	493	7m8	1.923	CGAATT
1024619	2949	6m	1.934	GAATTT
1024622	1221	o6	1.011	CGAATT
1024622	1439	6m	1.508	GAATTT
1024648	2102	6m	2.449	GAATTT
1024648	5991	6m	2.053	GAATTT
1024648	10065	6m	1.285	GAATTT
1024648	10872	o6	1.260	CGAATT
1024654	238	8m	2.544	CGAATT
1024654	1552	6m	1.015	GAATTT
1024658	15	8m	4.576	CGAATT
1024694	365	7m8	3.151	GAATTT
1024694	424	6m	2.166	GAATTT
1024708	253	6m	1.590	GAATTT
1024712	305	7A1	2.478	GAATTT
1024715	574	6m	1.619	GAATTT
1024715	667	6m	2.025	GAATTT
1024715	1348	8m	2.648	CGAATT
1024715	1674	6m	2.066	GAATTT
1024715	2857	6m	1.556	GAATTT
1024715	3567	6m	2.757	GAATTT
1024715	4614	6m	1.904	GAATTT
1024720	54	7A1	3.034	GAATTT
1024721	624	7m8	1.073	GAATTT
1024742	38	o6	1.377	CGAATT
1024807	204	o6	1.673	CGAATT
1024829	1717	o6	1.022	CGAATT
1024829	4522	6m	1.288	GAATTT
1024843	1232	6m	1.513	GAATTT
1024844	164	8m	1.112	CGAATT
1024844	262	8m	1.011	CGAATT
1024847	870	6m	2.043	GAATTT
1024847	876	6m	2.043	GAATTT
1024891	130	8m	4.548	GAATTT
1024904	2023	6m	2.544	GAATTT
1024904	2328	o6	2.013	CGAATT
1024904	3806	7A1	1.296	GAATTT
1024939	2025	7A1	2.652	GAATTT
1024956	826	8m	2.635	GAATTT
1024956	3035	o6	1.098	CGAATT
1024956	3744	6m	1.311	GAATTT
1024956	4924	o6	2.388	CGAATT
1024956	5294	6m	2.629	GAATTT
1024978	465	8m	2.402	GAATTT
1025022	864	7A1	2.311	GAATTT
1025023	206	o6	1.088	CGAATT
1025029	1	6m	2.922	GAATTT
1025029	645	7A1	2.472	GAATTT
1025059	2004	6m	1.933	GAATTT
1025059	2817	o6	1.323	CGAATT
1025064	2099	o6	2.073	CGAATT
1025067	219	7A1	1.930	GAATTT
1025158	486	6m	1.846	GAATTT
1025179	126	o6	2.246	CGAATT
1025242	1017	o6	1.169	CGAATT
1025242	1133	o6	1.976	CGAATT
1025268	272	7A1	2.533	GAATTT
1025269	861	7m8	1.260	GAATTT
1025275	1020	6m	2.142	GAATTT
1025298	828	7A1	1.241	GAATTT
1025319	74	8m	2.517	CGAATT
1025340	1005	o6	2.416	CGAATT
1025340	1740	6m	1.175	GAATTT
1025370	337	6m	2.438	GAATTT
1025370	548	6m	2.203	GAATTT
1025371	438	o6	2.540	CGAATT
1025377	238	7A1	1.356	GAATTT
1025410	97	6m	1.020	GAATTT
1025427	576	7m8	2.781	GAATTT
1025431	1552	7A1	1.053	GAATTT
1025434	417	7m8	2.220	CGAATT
1025443	123	6m	3.005	GAATTT
1025452	287	6m	1.587	GAATTT
1025476	57	7A1	3.227	GAATTT
1025529	19	o6	1.878	CGAATT
1025536	389	o6	1.355	CGAATT
1025565	111	7A1	1.328	GAATTT
1025618	102	o6	1.606	CGAATT
1025672	139	7m8	1.212	CGAATT
1025693	1030	o6	1.953	CGAATT
1025716	57	6m	2.214	GAATTT
1025737	317	6m	1.053	GAATTT
1025737	598	8m	2.326	CGAATT
1025737	991	7A1	2.158	GAATTT
1025755	1187	7m8	1.613	CGAATT
1025755	1422	6m	2.585	GAATTT
1025808	369	8m	2.909	CGAATT
1025815	470	7m8	2.350	CGAATT
1025829	140	7A1	1.782	GAATTT
1025851	419	o6	2.304	CGAATT
1025905	106	7A1	1.002	GAATTT
1025919	76	6m	2.634	GAATTT
1025956	323	7A1	2.110	GAATTT
1025962	529	o6	1.120	CGAATT
1025996	13	7A1	1.042	GAATTT
1026068	66	6m	2.796	GAATTT
1026129	171	7A1	1.749	GAATTT
1026185	873	7m8	1.599	GAATTT
1026200	225	o6	2.226	CGAATT
1026247	328	6m	1.231	GAATTT
1026400	378	6m	2.544	GAATTT
1026461	303	6m	2.701	GAATTT
1026474	16	6m	2.524	GAATTT
1026498	135	o6	2.007	CGAATT
1026545	150	6m	1.001	GAATTT
1026558	692	o6	2.321	CGAATT
1026558	811	7m8	2.321	CGAATT
1026558	856	o6	1.686	CGAATT
1026558	1593	o6	1.941	CGAATT
1026590	137	7A1	1.674	GAATTT
1026657	630	6m	1.107	GAATTT
1026660	107	6m	1.107	GAATTT
1026688	132	6m	1.203	GAATTT
1026688	2948	6m	1.120	GAATTT
1026711	2357	6m	2.608	GAATTT
1026711	3884	o6	1.201	CGAATT
1026726	1749	6m	1.777	GAATTT
1026749	135	8m	1.390	GAATTT
1026798	942	o6	1.805	CGAATT
1026841	128	7A1	1.647	GAATTT
1026841	144	7m8	1.210	CGAATT
1026841	4631	6m	1.275	GAATTT
1026853	1280	7A1	1.598	GAATTT
1026853	2542	6m	2.425	GAATTT
1026853	3174	6m	1.853	GAATTT
1026853	3249	7A1	1.415	GAATTT
1026865	249	o6	1.023	CGAATT
1026894	238	7A1	2.004	GAATTT
1026914	308	7A1	1.881	GAATTT
1026920	127	o6	1.164	CGAATT
1026966	528	6m	1.048	GAATTT
1026966	929	o6	1.598	CGAATT
1026981	945	o6	2.031	CGAATT
1026999	1074	6m	1.486	GAATTT
1026999	2306	6m	1.432	GAATTT
1027016	71	7m8	1.244	GAATTT
1027036	67	7m8	2.535	CGAATT
1027043	418	o6	1.797	CGAATT
1027058	104	o6	1.045	CGAATT
1027066	93	6m	2.855	GAATTT
1027069	93	6m	2.089	GAATTT
1027111	99	o6	1.215	CGAATT
1027115	109	o6	2.295	CGAATT
1027180	34	7m8	1.653	GAATTT
1027187	200	7m8	1.240	CGAATT
1027214	219	o6	1.488	CGAATT
1027332	483	7A1	4.559	GAATTT
1027345	280	6m	1.954	GAATTT
1027354	15	o6	2.275	CGAATT
1027417	59	7A1	2.704	GAATTT
1027493	555	7A1	1.171	GAATTT
1027493	611	6m	1.740	GAATTT
1027543	339	7m8	1.156	GAATTT
1027549	74	7m8	1.284	CGAATT
1027564	270	6m	3.163	GAATTT
1027605	175	6m	2.318	GAATTT
1027605	197	o6	1.221	CGAATT
1027608	760	7m8	2.734	CGAATT
1027622	96	7A1	3.005	GAATTT
1027637	695	6m	1.055	GAATTT
1027692	29	7A1	1.590	GAATTT
1027701	201	6m	1.041	GAATTT
1027725	407	o6	1.255	CGAATT
1027730	92	6m	1.415	GAATTT
1027825	108	6m	2.016	GAATTT
1027884	50	6m	1.267	GAATTT
1028007	952	7A1	1.122	GAATTT
1028007	1590	o6	1.650	CGAATT
1028007	2130	7A1	2.175	GAATTT
1028011	398	6m	2.601	GAATTT
1028023	325	6m	2.344	GAATTT
1028069	73	7A1	2.310	GAATTT
1028082	663	o6	1.656	CGAATT
1028115	970	7A1	2.759	GAATTT
1028126	265	7A1	1.500	GAATTT
1028196	67	7A1	1.009	GAATTT
1028266	153	8m	1.448	CGAATT
1028266	234	6m	1.448	GAATTT
1028287	135	7m8	1.886	CGAATT
1028447	1067	6m	1.013	GAATTT
1028508	273	6m	2.830	GAATTT
1028512	578	7A1	2.026	GAATTT
1028632	79	6m	1.073	GAATTT
1028648	517	7A1	1.089	GAATTT
1028653	53	8m	2.393	GAATTT
1028710	781	6m	2.619	GAATTT
1028710	976	7A1	2.588	GAATTT
1028719	56	6m	1.976	GAATTT
1028734	377	6m	3.398	GAATTT
1028734	598	6m	2.190	GAATTT
1028734	3565	6m	3.145	GAATTT
1028734	4032	6m	1.698	GAATTT
1028734	4729	6m	3.198	GAATTT
1028734	6043	6m	3.198	GAATTT
1028794	247	o6	1.090	CGAATT
1028922	159	6m	1.183	GAATTT
1028935	77	8m	2.834	CGAATT
1028947	433	o6	1.128	CGAATT
1029019	30	6m	1.322	GAATTT
1029024	82	6m	1.054	GAATTT
1029069	1336	o6	2.020	CGAATT
1029097	383	8m	2.126	CGAATT
1029125	441	7A1	2.145	GAATTT
1029180	131	o6	2.159	CGAATT
1029180	299	6m	1.095	GAATTT
1029180	840	7m8	2.081	GAATTT
1029189	1078	6m	1.504	GAATTT
1029192	1551	o6	2.404	CGAATT
1029192	2430	6m	2.281	GAATTT
1029213	349	7m8	2.177	CGAATT
1029278	194	6m	1.310	GAATTT
1029291	23	7m8	1.623	CGAATT
1029291	35	o6	2.685	CGAATT
1029369	909	7A1	1.156	GAATTT
1029384	175	7A1	1.909	GAATTT
1029384	1357	7m8	1.564	CGAATT
1029384	2822	6m	1.258	GAATTT
1029394	585	6m	1.563	GAATTT
1029459	1231	7A1	1.244	GAATTT
1029462	77	7m8	1.073	CGAATT
1029474	44	6m	1.922	GAATTT
1029541	23	8m	1.941	GAATTT
1029558	189	6m	1.370	GAATTT
1029558	1018	7m8	1.033	CGAATT
1029564	156	8m	2.472	CGAATT
1029697	911	6m	1.434	GAATTT
1029728	409	7A1	2.220	GAATTT
1029787	319	7A1	2.544	GAATTT
1029813	34	7A1	2.775	GAATTT
1029846	611	8m	2.206	CGAATT
1029847	44	6m	2.025	GAATTT
1029862	164	o6	1.190	CGAATT
1029862	515	o6	1.180	CGAATT
1029870	98	7m8	1.616	GAATTT
1029934	1029	o6	1.623	CGAATT
1029934	1052	6m	1.833	GAATTT
1029934	1132	6m	1.316	GAATTT
1029988	33	7A1	1.016	GAATTT
1029988	404	6m	2.507	GAATTT
1030016	323	6m	1.330	GAATTT
1030124	203	6m	2.072	GAATTT
1030183	240	o6	1.110	CGAATT
1030186	126	7m8	1.235	GAATTT
1030189	341	7A1	2.393	GAATTT
1030189	365	o6	2.289	CGAATT
1030189	819	7A1	1.306	GAATTT
1030189	2132	o6	1.004	CGAATT
1030192	415	7m8	1.053	CGAATT
1030192	746	6m	1.669	GAATTT
1030205	201	7m8	2.290	CGAATT
1030245	120	6m	1.077	GAATTT
1030245	1146	8m	2.506	CGAATT
1030248	1195	o6	1.560	CGAATT
1030265	514	6m	1.235	GAATTT
1030308	375	6m	2.220	GAATTT
1030340	288	7m8	1.533	GAATTT
1030340	990	o6	1.284	CGAATT
1030340	1003	o6	1.405	CGAATT
1030405	725	6m	1.567	GAATTT
1030431	146	7m8	1.931	CGAATT
1030451	1247	7A1	3.340	GAATTT
1030451	1660	7A1	2.807	GAATTT
1030468	452	7A1	2.206	GAATTT
1030477	183	7m8	2.305	CGAATT
1030556	1715	7A1	1.463	GAATTT
1030565	154	6m	1.613	GAATTT
1030580	280	o6	1.006	CGAATT
1030658	508	o6	1.431	CGAATT
1030670	343	8m	1.994	GAATTT
1030688	150	8m	2.170	CGAATT
1030692	1972	7m8	2.314	CGAATT
1030692	2082	6m	1.285	GAATTT
1030692	2094	6m	1.712	GAATTT
1030692	2255	7m8	2.314	CGAATT
1030701	29	7A1	1.031	GAATTT
1030798	163	7A1	1.488	GAATTT
1030834	87	6m	1.322	GAATTT
1030858	63	7m8	2.094	CGAATT
1030869	100	6m	1.539	GAATTT
1030879	153	o6	1.313	CGAATT
1030882	780	6m	2.978	GAATTT
1030903	379	6m	2.025	GAATTT
1030973	179	7A1	2.296	GAATTT
1031007	117	7m8	2.436	GAATTT
1031012	16	7m8	2.183	CGAATT
1031024	413	6m	2.156	GAATTT
1031036	575	7m8	3.446	GAATTT
1031064	10	6m	1.415	GAATTT
1031129	704	o6	1.313	CGAATT
1031187	260	7A1	1.057	GAATTT
1031199	593	o6	1.517	CGAATT
1031199	1078	7A1	2.941	GAATTT
1031199	2356	o6	1.032	CGAATT
1031211	815	6m	1.885	GAATTT
1031224	211	7m8	4.317	CGAATT
1031239	247	6m	1.916	GAATTT
1031304	1138	o6	2.321	CGAATT
1031307	2046	o6	2.004	CGAATT
1031307	2946	6m	1.633	GAATTT
1031322	242	6m	2.544	GAATTT
1031375	1332	6m	1.487	GAATTT
1031390	1846	6m	1.743	GAATTT
1031390	2035	6m	2.208	GAATTT
1031390	2490	6m	1.231	GAATTT
1031390	2522	o6	1.018	CGAATT
1031390	5485	7A1	2.807	GAATTT
1031479	156	6m	1.286	GAATTT
1031479	2125	6m	2.448	GAATTT
1031480	253	6m	1.184	GAATTT
1031524	347	7A1	2.542	GAATTT
1031541	1646	6m	2.186	GAATTT
1031593	259	6m	1.989	GAATTT
1031680	87	7m8	1.235	CGAATT
1031755	480	7A1	1.577	GAATTT
1031818	551	7m8	2.502	GAATTT
1031821	200	7m8	1.945	CGAATT
1031833	730	6m	2.026	GAATTT
1031868	125	6m	3.529	GAATTT
1031906	217	6m	1.161	GAATTT
1031906	626	o6	1.009	CGAATT
1031994	577	6m	2.489	GAATTT
1032004	140	o6	2.493	CGAATT
1032031	107	7A1	1.101	GAATTT
1032148	5	6m	1.399	GAATTT
1032200	638	7A1	2.171	GAATTT
1032264	127	o6	1.000	CGAATT
1032333	2327	8m	2.901	CGAATT
1032334	822	8m	2.544	CGAATT
1032445	429	6m	1.585	GAATTT
1032448	87	7m8	2.599	CGAATT
1032466	1146	7A1	3.024	GAATTT
1032471	135	o6	2.202	CGAATT
1032608	25	7m8	2.788	GAATTT
1032608	214	7m8	1.241	CGAATT
1032616	150	8m	2.372	CGAATT
1032617	1246	7A1	4.054	GAATTT
1032622	2491	6m	1.195	GAATTT
1032622	2516	6m	1.606	GAATTT
1032628	90	6m	1.450	GAATTT
1032634	440	8m	3.034	CGAATT
1032634	870	7A1	1.142	GAATTT
1032688	26	6m	4.166	GAATTT
1032693	1720	6m	2.361	GAATTT
1032722	215	7A1	1.011	GAATTT
1032741	256	6m	2.596	GAATTT
1032799	508	6m	1.820	GAATTT
1032802	278	7A1	1.970	GAATTT
1032802	885	6m	1.362	GAATTT
1032822	172	7m8	3.598	CGAATT
1032822	2640	6m	1.606	GAATTT
1032832	44	7m8	1.152	CGAATT
1032876	1749	7m8	2.705	CGAATT
1032896	544	o6	1.007	CGAATT
1032902	209	6m	1.229	GAATTT
1032902	1353	6m	1.053	GAATTT
1032902	1746	8m	2.342	CGAATT
1032965	720	6m	1.390	GAATTT
1032968	72	7A1	1.888	GAATTT
1032968	1055	o6	1.595	CGAATT
1033037	698	6m	2.502	GAATTT
1033047	811	7A1	3.025	GAATTT
1033065	300	6m	1.284	GAATTT
1033082	423	8m	2.265	GAATTT
1033085	271	o6	2.520	CGAATT
1033089	2029	6m	1.670	GAATTT
1033121	52	7A1	1.873	GAATTT
1033152	934	7m8	1.880	CGAATT
1033152	1077	o6	1.082	CGAATT
1033160	736	8m	2.686	CGAATT
1033208	122	7A1	1.090	GAATTT
1033218	751	7m8	3.349	CGAATT
1033250	1013	7A1	2.350	GAATTT
1033293	652	o6	2.077	CGAATT
1033351	232	6m	1.180	GAATTT
1033351	647	8m	3.204	CGAATT
1033351	890	6m	3.234	GAATTT
1033362	425	7A1	1.931	GAATTT
1033362	2834	7A1	1.210	GAATTT
1033378	907	8m	2.220	CGAATT
1033381	151	6m	1.681	GAATTT
1033409	2037	8m	2.873	CGAATT
1033409	2671	o6	1.065	CGAATT
1033414	687	7m8	2.523	GAATTT
1033414	1104	7m8	2.321	CGAATT
1033425	384	6m	1.956	GAATTT
1033425	1165	6m	2.025	GAATTT
1033431	800	7A1	1.514	GAATTT
1033431	1203	6m	2.225	GAATTT
1033461	499	6m	1.994	GAATTT
1033478	41	7A1	2.276	GAATTT
1033478	526	o6	2.544	CGAATT
1033481	1201	6m	2.854	GAATTT
1033481	1847	6m	3.286	GAATTT
1033481	2658	6m	1.030	GAATTT
1033481	3441	o6	1.640	CGAATT
1033488	61	6m	2.962	GAATTT
1033508	509	7A1	3.034	GAATTT
1033514	546	7A1	1.022	GAATTT
1033530	190	6m	1.321	GAATTT
1033535	520	6m	2.276	GAATTT
1033565	290	6m	1.298	GAATTT
1033565	2186	7A1	3.497	GAATTT
1033565	2194	7A1	3.497	GAATTT
1033565	2778	o6	1.246	CGAATT
1033565	3631	o6	2.190	CGAATT
1033565	4416	o6	2.520	CGAATT
1033571	1456	6m	1.322	GAATTT
1033571	4189	7m8	2.255	CGAATT
1033583	540	6m	1.298	GAATTT
1033583	799	7A1	2.397	GAATTT
1033583	811	7A1	1.298	GAATTT
1033598	3464	6m	2.176	GAATTT
1033601	1797	6m	2.168	GAATTT
1033602	1516	6m	1.343	GAATTT
1033669	307	7A1	2.807	GAATTT
1033715	9	7m8	1.207	CGAATT
1033739	770	7A1	4.317	GAATTT
1033789	3078	7m8	1.606	CGAATT
1033795	1309	8m	1.456	CGAATT
1033803	619	7A1	2.466	GAATTT
1033824	362	7m8	1.420	GAATTT
1033856	208	6m	1.301	GAATTT
1033883	548	7m8	2.544	CGAATT
1033888	191	6m	1.820	GAATTT
1033960	1292	7A1	2.306	GAATTT
1033960	1793	8m	2.036	CGAATT
1033971	2346	6m	1.498	GAATTT
1033978	113	o6	1.400	CGAATT
1033978	689	6m	2.343	GAATTT
1033987	896	6m	1.365	GAATTT
1034001	86	8m	2.163	CGAATT
1034010	57	6m	1.234	GAATTT
1034022	53	6m	2.175	GAATTT
1034034	1490	6m	1.144	GAATTT
1034068	1664	6m	1.282	GAATTT
1034160	1676	8m	1.866	CGAATT
1034164	167	6m	2.309	GAATTT
1034202	1409	8m	4.434	GAATTT
1034209	1236	o6	1.656	CGAATT
1034214	374	o6	1.417	CGAATT
1034230	690	6m	3.350	GAATTT
1034247	3411	6m	2.542	GAATTT
1034277	899	o6	1.310	CGAATT
1034304	72	6m	4.267	GAATTT
1034304	2510	6m	1.787	GAATTT
1034316	12	7A1	2.459	GAATTT
1034316	1145	8m	2.262	CGAATT
1034316	1532	7A1	1.606	GAATTT
1034316	2496	7m8	1.174	GAATTT
1034322	455	7A1	2.611	GAATTT
1034328	539	7m8	1.582	GAATTT
1034328	688	7m8	1.661	CGAATT
1034331	823	7m8	2.859	CGAATT
1034331	3384	6m	2.707	GAATTT
1034334	244	7m8	1.073	CGAATT
1034334	442	6m	3.293	GAATTT
1034340	1102	o6	1.953	CGAATT
1034361	496	7A1	2.462	GAATTT
1034361	1207	7m8	3.013	CGAATT
1034386	475	6m	2.229	GAATTT
1034397	2581	o6	1.073	CGAATT
1034397	2591	6m	1.670	GAATTT
1034401	267	6m	1.121	GAATTT
1034406	596	7m8	1.641	CGAATT
1034406	1082	6m	1.360	GAATTT
1034406	1879	7A1	1.960	GAATTT
1034413	866	6m	1.060	GAATTT
1034427	955	7m8	2.305	CGAATT
1034461	429	6m	2.254	GAATTT
1034484	154	6m	1.079	GAATTT
1034493	330	6m	1.542	GAATTT
1034493	1039	7m8	1.598	GAATTT
1034493	1051	6m	1.106	GAATTT
1034493	1650	7m8	2.677	GAATTT
1034493	1813	o6	1.178	CGAATT
1034496	483	o6	1.313	CGAATT
1034496	587	7A1	2.854	GAATTT
1034500	115	7A1	3.256	GAATTT
1034500	139	6m	2.888	GAATTT
1034536	101	7A1	1.064	GAATTT
1034539	171	o6	1.992	CGAATT
1034544	537	8m	2.889	CGAATT
1034544	645	7m8	2.350	CGAATT
1034556	1519	o6	1.976	CGAATT
1034556	2512	6m	2.321	GAATTT
1034569	1144	o6	1.290	CGAATT
1034569	1635	o6	1.073	CGAATT
1034569	2972	7A1	1.682	GAATTT
1034569	2979	6m	1.682	GAATTT
1034569	3442	o6	1.625	CGAATT
1034577	248	o6	1.671	CGAATT
1034593	445	6m	1.932	GAATTT
1034593	470	6m	1.938	GAATTT
1034598	410	7A1	1.846	GAATTT
1034665	1518	o6	1.997	CGAATT
1034679	963	7A1	1.895	GAATTT
1034679	2986	7A1	1.808	GAATTT
1034736	275	o6	1.249	CGAATT
1034744	592	6m	1.691	GAATTT
1034744	1028	6m	1.548	GAATTT
1034757	121	6m	2.343	GAATTT
1034766	754	o6	1.623	CGAATT
1034789	182	7A1	1.284	GAATTT
1034909	911	o6	1.718	CGAATT
1034917	3155	6m	2.007	GAATTT
1034995	4017	8m	1.648	GAATTT
1034995	4244	o6	1.235	CGAATT
1034995	4382	6m	3.475	GAATTT
1034995	5499	o6	2.309	CGAATT
1034995	5979	6m	1.897	GAATTT
1035001	701	o6	1.407	CGAATT
1035010	1473	7A1	1.468	GAATTT
1035010	1642	7A1	2.805	GAATTT
1035010	2461	7A1	3.945	GAATTT
1035010	3574	6m	3.945	GAATTT
1035010	4593	o6	1.468	CGAATT
1035010	5172	o6	2.963	CGAATT
1035024	227	6m	1.338	GAATTT
1035043	1576	7m8	1.700	CGAATT
1035043	2253	o6	2.017	CGAATT
1035081	263	6m	2.192	GAATTT
1035126	576	o6	2.045	CGAATT
1035127	475	o6	2.774	CGAATT
1035153	1251	6m	1.065	GAATTT
1035169	70	6m	1.032	GAATTT
1035198	271	6m	2.518	GAATTT
1035198	516	6m	1.073	GAATTT
1035198	970	6m	3.253	GAATTT
1035198	1179	6m	2.235	GAATTT
1035207	374	o6	1.220	CGAATT
1035225	51	6m	1.393	GAATTT
1035251	266	7A1	1.459	GAATTT
1035251	558	7m8	2.118	GAATTT
1035257	402	6m	2.045	GAATTT
1035260	629	o6	1.349	CGAATT
1035288	702	o6	1.690	CGAATT
1035314	235	7A1	3.384	GAATTT
1035314	801	o6	1.339	CGAATT
1035380	1020	7A1	3.440	GAATTT
1035437	37	6m	2.253	GAATTT
1035527	3581	7A1	1.437	GAATTT
1035566	61	o6	1.101	CGAATT
1035569	3455	7A1	1.017	GAATTT
1035569	8448	6m	2.247	GAATTT
1035569	9851	6m	2.011	GAATTT
1035569	10356	6m	1.284	GAATTT
1035569	12100	6m	1.274	GAATTT
1035569	12296	7m8	1.598	GAATTT
1035569	15153	6m	1.504	GAATTT
1035569	17330	8m	2.471	CGAATT
1035575	355	7A1	2.341	GAATTT
1035575	482	7A1	1.725	GAATTT
1035594	92	6m	1.726	GAATTT
1035605	148	o6	1.570	CGAATT
1035656	2703	o6	2.526	CGAATT
1035705	451	6m	2.210	GAATTT
1035711	55	7A1	1.179	GAATTT
1035758	443	6m	1.575	GAATTT
1035768	1122	6m	2.546	GAATTT
1035768	2110	7A1	2.699	GAATTT
1035798	1079	6m	1.482	GAATTT
1035831	120	7m8	3.251	CGAATT
1035836	334	o6	2.024	CGAATT
1035843	3491	o6	1.380	CGAATT
1035945	2452	6m	1.490	GAATTT
1035945	3941	6m	1.186	GAATTT
1035945	4464	6m	1.275	GAATTT
1035974	786	o6	1.336	CGAATT
1035974	2183	o6	2.073	CGAATT
1036001	1540	o6	1.257	CGAATT
1036002	318	7A1	1.312	GAATTT
1036053	569	7m8	1.868	CGAATT
1036089	214	7A1	2.288	GAATTT
1036109	0	6m	1.090	GAATTT
1036127	835	6m	2.544	GAATTT
1036127	1466	o6	1.757	CGAATT
1036127	6413	o6	1.960	CGAATT
1036131	160	8m	1.090	CGAATT
1036154	61	7m8	2.331	CGAATT
1036154	1378	6m	1.374	GAATTT
1036154	2713	7m8	1.284	CGAATT
1036169	590	6m	1.455	GAATTT
1036169	1330	7m8	2.794	CGAATT
1036170	656	8m	2.550	CGAATT
1036179	222	8m	2.783	CGAATT
1036208	185	7A1	2.530	GAATTT
1036208	392	7m8	1.695	CGAATT
1036250	138	6m	1.253	GAATTT
1036259	395	6m	1.284	GAATTT
1036343	1501	7m8	1.374	GAATTT
1036374	1000	6m	2.166	GAATTT
1036374	1554	8m	1.894	CGAATT
1036374	2077	7A1	1.158	GAATTT
1036374	2595	6m	3.865	GAATTT
1036381	1916	o6	1.993	CGAATT
1036381	2875	6m	4.236	GAATTT
1036405	438	7A1	2.860	GAATTT
1036443	128	7m8	2.553	GAATTT
1036449	178	6m	1.368	GAATTT
1036471	38	8m	1.662	CGAATT
1036497	881	o6	2.153	CGAATT
1036537	952	6m	3.109	GAATTT
1036537	1691	o6	1.073	CGAATT
1036566	624	7m8	1.084	GAATTT
1036568	2624	o6	2.016	CGAATT
1036592	179	7A1	1.128	GAATTT
1036598	1191	o6	1.891	CGAATT
1036601	472	7A1	1.546	GAATTT
1036601	1992	8m	2.301	CGAATT
1036601	2104	7A1	1.560	GAATTT
1036630	185	8m	1.740	GAATTT
1036656	276	o6	1.744	CGAATT
1036682	439	o6	1.683	CGAATT
1036682	448	7m8	1.447	CGAATT
1036727	461	7A1	2.001	GAATTT
1036788	2101	6m	1.703	GAATTT
1036865	142	6m	1.703	GAATTT
1036877	89	7A1	1.005	GAATTT
1036899	406	6m	1.678	GAATTT
1036909	179	o6	2.366	CGAATT
1036994	36	7A1	1.035	GAATTT
1037031	934	7A1	2.626	GAATTT
1037051	1714	o6	1.297	CGAATT
1037067	447	7m8	2.816	GAATTT
1037084	787	6m	1.687	GAATTT
1037153	1082	6m	2.471	GAATTT
1037161	830	o6	2.816	CGAATT
1037180	257	7m8	2.728	CGAATT
1037191	113	o6	1.066	CGAATT
1037207	552	o6	2.134	CGAATT
1037286	510	o6	1.035	CGAATT
1037286	540	o6	1.266	CGAATT
1037297	226	o6	2.301	CGAATT
1037301	1354	6m	1.260	GAATTT
1037330	68	8m	3.453	CGAATT
1037339	1107	o6	1.188	CGAATT
1037339	2034	7A1	2.087	GAATTT
1037402	130	o6	1.260	CGAATT
1037437	513	o6	1.345	CGAATT
1037440	140	7m8	2.593	CGAATT
1037461	121	7A1	1.059	GAATTT
1037467	91	7A1	1.940	GAATTT
1037485	588	6m	1.265	GAATTT
1037485	1182	7m8	1.550	GAATTT
1037494	1706	6m	1.754	GAATTT
1037504	1351	6m	2.135	GAATTT
1037507	13	6m	1.538	GAATTT
1037516	324	6m	1.035	GAATTT
1037621	490	7A1	1.468	GAATTT
1037705	1114	7A1	1.941	GAATTT
1037715	1279	6m	1.743	GAATTT
1037721	138	7A1	1.432	GAATTT
1037745	69	o6	1.006	CGAATT
1037745	470	8m	3.274	CGAATT
1037771	156	7A1	1.362	GAATTT
1037775	296	8m	1.681	GAATTT
1037824	375	6m	2.483	GAATTT
1037824	397	o6	1.749	CGAATT
1037895	214	7A1	2.025	GAATTT
1037903	972	6m	1.042	GAATTT
1037938	242	7A1	1.564	GAATTT
1037974	36	6m	1.380	GAATTT
1037977	133	7m8	1.571	CGAATT
1038021	670	6m	1.807	GAATTT
1038028	23	o6	1.044	CGAATT
1038037	131	7A1	1.478	GAATTT
1038067	1718	6m	3.434	GAATTT
1038078	450	7A1	2.094	GAATTT
1038118	67	7A1	2.840	GAATTT
1038135	572	8m	2.301	CGAATT
1038192	593	6m	1.150	GAATTT
1038193	312	6m	1.182	GAATTT
1038223	88	7A1	3.305	GAATTT
1038264	205	6m	3.117	GAATTT
1038293	3405	6m	1.525	GAATTT
1038303	174	6m	3.475	GAATTT
1038320	2	8m	1.216	CGAATT
1038366	733	o6	1.408	CGAATT
1038407	671	o6	1.105	CGAATT
1038407	913	o6	2.810	CGAATT
1038440	2548	7m8	2.807	CGAATT
1038465	70	6m	2.317	GAATTT
1038470	286	7A1	2.493	GAATTT
1038484	220	6m	1.560	GAATTT
1038485	992	o6	2.182	CGAATT
1038571	944	o6	1.154	CGAATT
1038640	516	o6	1.618	CGAATT
1038752	923	o6	1.155	CGAATT
1038757	57	8m	4.312	CGAATT
1038757	962	7A1	1.151	GAATTT
1038796	663	o6	2.086	CGAATT
1038833	977	7A1	2.227	GAATTT
1038854	732	7m8	1.857	CGAATT
1038854	744	7m8	2.359	GAATTT
1038872	339	8m	1.287	CGAATT
1038873	1122	7A1	1.260	GAATTT
1038897	19	6m	1.266	GAATTT
1038900	1041	6m	1.266	GAATTT
1038930	138	7m8	2.040	CGAATT
1038936	163	6m	1.955	GAATTT
1038965	407	6m	1.251	GAATTT
1039151	498	6m	1.860	GAATTT
1039196	552	6m	1.122	GAATTT
1039202	463	7A1	1.545	GAATTT
1039218	430	7A1	1.103	GAATTT
1039271	16	7A1	2.014	GAATTT
1039282	389	7A1	3.038	GAATTT
1039307	43	7m8	2.801	CGAATT
1039329	309	7m8	1.887	CGAATT
1039376	32	o6	1.312	CGAATT
1039376	752	6m	1.879	GAATTT
1039376	2543	o6	1.220	CGAATT
1039431	190	o6	1.725	CGAATT
1039445	838	6m	1.740	GAATTT
1039445	1219	7A1	1.457	GAATTT
1039460	121	o6	1.585	CGAATT
1039466	152	7A1	1.590	GAATTT
1039469	669	7A1	1.646	GAATTT
1039474	796	6m	1.248	GAATTT
1039481	1763	7A1	2.398	GAATTT
1039484	150	o6	1.017	CGAATT
1039484	236	o6	1.309	CGAATT
1039497	850	6m	3.872	GAATTT
1039502	4269	7A1	5.179	GAATTT
1039502	6266	o6	1.695	CGAATT
1039503	881	6m	1.789	GAATTT
1039503	887	7A1	1.408	GAATTT
1039556	567	7m8	2.600	GAATTT
1039557	1743	7A1	1.904	GAATTT
1039563	1297	o6	1.284	CGAATT
1039563	3286	7m8	1.042	GAATTT
1039563	4155	7m8	1.598	CGAATT
1039563	5649	7A1	1.533	GAATTT
1039568	470	8m	1.043	CGAATT
1039568	761	o6	2.317	CGAATT
1039578	545	6m	1.845	GAATTT
1039578	1578	6m	3.842	GAATTT
1039578	4690	o6	1.906	CGAATT
1039606	1264	7A1	2.350	GAATTT
1039703	1404	o6	1.711	CGAATT
1039718	1657	6m	1.059	GAATTT
1039773	40	7A1	2.626	GAATTT
1039797	644	6m	1.269	GAATTT
1039797	2220	7A1	1.721	GAATTT
1039805	714	6m	2.547	GAATTT
1039805	1276	6m	3.649	GAATTT
1039817	52	6m	1.209	GAATTT
1039852	598	6m	1.341	GAATTT
1039853	1327	6m	1.328	GAATTT
1039853	3345	o6	2.072	CGAATT
1039853	5773	6m	2.981	GAATTT
1039853	7534	6m	3.649	GAATTT
1039853	8385	o6	3.032	CGAATT
1039858	5706	7m8	1.843	CGAATT
1039908	3196	6m	1.492	GAATTT
1039920	851	7m8	2.854	CGAATT
1039949	714	7m8	1.673	GAATTT
1039949	2418	7m8	1.998	CGAATT
1039949	2727	6m	3.498	GAATTT
1039950	1406	o6	1.220	CGAATT
1039959	1272	7m8	1.725	GAATTT
1039959	1997	7A1	2.516	GAATTT
1039964	198	6m	1.186	GAATTT
1039964	807	8m	2.854	GAATTT
1039971	755	o6	1.964	CGAATT
1039995	421	7A1	2.977	GAATTT
1039996	549	7m8	2.017	CGAATT
1040004	1288	o6	1.065	CGAATT
1040012	2355	6m	2.252	GAATTT
1040012	2907	6m	3.180	GAATTT
1040019	166	7m8	1.156	CGAATT
1040040	692	6m	1.467	GAATTT
1040040	791	o6	1.467	CGAATT
1040040	802	7A1	1.035	GAATTT
1040049	1058	7A1	1.208	GAATTT
1040049	2947	o6	1.016	CGAATT
1040058	5737	7A1	2.255	GAATTT
1040063	390	6m	2.776	GAATTT
1040070	3613	7m8	3.398	CGAATT
1040078	569	7A1	2.360	GAATTT
1040087	201	7m8	2.081	GAATTT
1040088	94	7A1	1.502	GAATTT
1040120	817	o6	2.652	CGAATT
1040120	958	6m	2.353	GAATTT
1040129	887	6m	2.337	GAATTT
1040129	2018	6m	1.863	GAATTT
1040129	2081	6m	2.751	GAATTT
1040135	231	6m	1.505	GAATTT
1040165	4032	6m	3.398	GAATTT
1040165	4619	6m	1.030	GAATTT
1040186	40	7A1	1.292	GAATTT
1040202	2436	6m	1.042	GAATTT
1040213	82	7A1	1.303	GAATTT
1040214	2034	7A1	1.983	GAATTT
1040214	2916	6m	2.433	GAATTT
1040228	1446	6m	1.006	GAATTT
1040231	677	7A1	2.981	GAATTT
1040234	850	o6	1.690	CGAATT
1040234	970	7A1	1.524	GAATTT
1040234	1135	o6	1.015	CGAATT
1040246	384	7A1	1.818	GAATTT
1040297	2316	7A1	2.262	GAATTT
1040298	3639	6m	3.193	GAATTT
1040304	574	6m	2.719	GAATTT
1040304	838	6m	3.601	GAATTT
1040304	1622	6m	1.777	GAATTT
1040304	2045	o6	1.206	CGAATT
1040325	14	o6	2.302	CGAATT
1040337	479	o6	1.370	CGAATT
1040337	2269	8m	3.506	GAATTT
1040346	1143	6m	2.549	GAATTT
1040346	5026	6m	1.660	GAATTT
1040377	1324	7m8	3.387	CGAATT
1040387	2235	o6	1.073	CGAATT
1040411	1615	o6	2.032	CGAATT
1040417	273	6m	1.893	GAATTT
1040417	1203	8m	2.785	CGAATT
1040417	1633	o6	2.480	CGAATT
1040429	697	6m	1.517	GAATTT
1040434	847	7A1	3.255	GAATTT
1040434	2023	o6	2.210	CGAATT
1040434	2570	o6	1.786	CGAATT
1040444	1068	o6	1.690	CGAATT
1040444	1174	o6	1.915	CGAATT
1040458	445	8m	2.576	GAATTT
1040479	2342	7A1	2.763	GAATTT
1040486	2534	7m8	2.587	CGAATT
1040500	192	7m8	1.164	CGAATT
1040527	598	o6	1.193	CGAATT
1040538	2953	7A1	1.122	GAATTT
1040542	2266	o6	1.463	CGAATT
1040542	2644	7A1	3.136	GAATTT
1040553	76	7A1	1.341	GAATTT
1040553	749	6m	1.321	GAATTT
1040553	1250	8m	1.197	CGAATT
1040553	1608	7A1	1.513	GAATTT
1040589	1652	7m8	1.073	CGAATT
1040589	1687	8m	2.611	CGAATT
1040589	2510	7m8	1.043	CGAATT
1040589	2609	6m	2.693	GAATTT
1040589	3198	7A1	2.778	GAATTT
1040590	1449	o6	2.069	CGAATT
1040590	3144	6m	1.630	GAATTT
1040590	3449	6m	1.032	GAATTT
1040631	764	7m8	2.211	CGAATT
1040635	1697	6m	2.704	GAATTT
1040635	1850	6m	1.701	GAATTT
1040635	2071	7A1	2.896	GAATTT
1040646	2565	7A1	1.348	GAATTT
