1000042	202	7A1	1.687	TACTTA
1000057	186	6m	1.986	TACTTA
1000066	166	7m8	2.550	CTACTT
1000066	1662	6m	1.490	TACTTA
1000069	1379	8m	1.132	TACTTA
1000122	155	7A1	2.234	TACTTA
1000126	809	o6	1.764	CTACTT
1000134	1468	7m8	1.882	TACTTA
1000135	215	6m	1.417	TACTTA
1000195	839	6m	3.649	TACTTA
1000282	677	7A1	2.226	TACTTA
1000320	150	7A1	3.803	TACTTA
1000320	617	o6	1.560	CTACTT
1000320	799	7A1	3.603	TACTTA
1000379	26	7A1	4.047	TACTTA
1000385	837	o6	1.103	CTACTT
1000386	939	7A1	2.350	TACTTA
1000406	446	o6	1.110	CTACTT
1000442	498	7m8	2.890	CTACTT
1000443	734	7A1	1.288	TACTTA
1000469	506	7A1	2.526	TACTTA
1000472	647	6m	1.514	TACTTA
1000472	672	7A1	1.322	TACTTA
1000472	686	o6	2.350	CTACTT
1000493	1289	6m	1.687	TACTTA
1000493	1834	6m	1.322	TACTTA
1000512	132	7A1	2.621	TACTTA
1000536	198	o6	1.987	CTACTT
1000562	12	8m	2.243	TACTTA
1000580	1771	6m	1.134	TACTTA
1000613	222	6m	1.989	TACTTA
1000631	635	7A1	1.003	TACTTA
1000649	269	6m	2.062	TACTTA
1000707	606	6m	1.687	TACTTA
1000734	255	7m8	1.298	TACTTA
1000743	1224	6m	1.074	TACTTA
1000764	76	o6	1.230	CTACTT
1000778	162	6m	4.043	TACTTA
1000779	2302	o6	2.847	CTACTT
1000784	343	6m	1.563	TACTTA
1000814	672	7A1	2.734	TACTTA
1000875	426	6m	1.284	TACTTA
1000890	406	6m	1.244	TACTTA
1000943	3	7A1	2.505	TACTTA
1001030	2310	6m	1.294	TACTTA
1001061	44	6m	1.982	TACTTA
1001061	306	7A1	2.433	TACTTA
1001075	1221	6m	1.084	TACTTA
1001075	3515	6m	1.780	TACTTA
1001090	992	o6	1.322	CTACTT
1001099	117	7A1	2.702	TACTTA
1001132	576	7A1	1.267	TACTTA
1001148	52	6m	2.371	TACTTA
1001158	313	6m	2.298	TACTTA
1001179	168	o6	1.467	CTACTT
1001190	188	6m	1.053	TACTTA
1001249	801	7A1	2.065	TACTTA
1001255	337	o6	1.587	CTACTT
1001285	29	7A1	2.373	TACTTA
1001340	165	7A1	2.025	TACTTA
1001373	403	7A1	1.032	TACTTA
1001373	802	7A1	1.808	TACTTA
1001417	732	7A1	2.472	TACTTA
1001417	751	7A1	2.429	TACTTA
1001469	50	o6	2.377	CTACTT
1001481	116	8m	1.152	CTACTT
1001511	28	6m	1.053	TACTTA
1001530	73	o6	1.113	CTACTT
1001530	711	6m	1.016	TACTTA
1001533	866	6m	1.889	TACTTA
1001533	944	6m	2.179	TACTTA
1001533	1706	7A1	1.321	TACTTA
1001533	4256	6m	1.313	TACTTA
1001544	61	7A1	1.118	TACTTA
1001578	1294	7A1	2.206	TACTTA
1001661	1374	7A1	1.316	TACTTA
1001689	1001	7A1	2.469	TACTTA
1001694	550	8m	3.649	CTACTT
1001738	485	o6	2.908	CTACTT
1001897	908	7A1	2.570	TACTTA
1001916	99	7A1	4.576	TACTTA
1001937	492	6m	1.576	TACTTA
1001966	411	7m8	1.668	TACTTA
1001969	265	7A1	3.335	TACTTA
1002102	511	o6	1.032	CTACTT
1002128	115	6m	2.544	TACTTA
1002128	189	6m	1.957	TACTTA
1002131	67	o6	1.574	CTACTT
1002131	231	6m	2.025	TACTTA
1002155	118	o6	1.156	CTACTT
1002224	59	6m	2.507	TACTTA
1002260	223	7A1	3.261	TACTTA
1002298	50	6m	1.313	TACTTA
1002319	503	6m	1.133	TACTTA
1002340	85	6m	1.317	TACTTA
1002344	70	6m	1.486	TACTTA
1002391	97	7A1	2.007	TACTTA
1002404	329	6m	1.882	TACTTA
1002404	582	7A1	1.687	TACTTA
1002451	23	7m8	2.878	TACTTA
1002503	443	7A1	1.490	TACTTA
1002527	439	6m	2.363	TACTTA
1002527	710	7A1	1.322	TACTTA
1002535	83	8m	1.282	CTACTT
1002584	40	7m8	1.723	CTACTT
1002590	252	7m8	1.100	TACTTA
1002596	55	6m	1.687	TACTTA
1002628	589	6m	1.120	TACTTA
1002662	164	o6	1.210	CTACTT
1002731	648	6m	1.681	TACTTA
1002731	934	6m	1.053	TACTTA
1002743	85	7A1	2.807	TACTTA
1002767	533	7A1	2.246	TACTTA
1002872	545	7A1	1.015	TACTTA
1002878	331	6m	1.980	TACTTA
1002898	113	7m8	2.668	CTACTT
1003036	216	7A1	1.032	TACTTA
1003053	537	6m	2.178	TACTTA
1003087	107	7A1	2.149	TACTTA
1003087	119	7A1	2.233	TACTTA
1003128	537	7A1	2.755	TACTTA
1003128	573	7m8	1.542	CTACTT
1003137	924	7A1	1.467	TACTTA
1003212	36	6m	1.399	TACTTA
1003226	559	7m8	2.030	TACTTA
1003298	174	6m	1.298	TACTTA
1003349	229	7m8	2.243	CTACTT
1003424	1317	7A1	1.745	TACTTA
1003430	703	o6	1.244	CTACTT
1003439	354	7A1	2.465	TACTTA
1003498	345	6m	1.416	TACTTA
1003501	914	7m8	1.363	CTACTT
1003570	168	6m	2.135	TACTTA
1003576	151	6m	1.966	TACTTA
1003576	1303	6m	1.468	TACTTA
1003631	2094	7A1	2.287	TACTTA
1003683	248	7m8	2.794	CTACTT
1003702	185	o6	1.970	CTACTT
1003726	176	7m8	1.053	CTACTT
1003776	197	6m	1.053	TACTTA
1003776	293	7A1	2.364	TACTTA
1003926	529	o6	1.116	CTACTT
1003975	343	7A1	2.433	TACTTA
1004013	505	6m	1.606	TACTTA
1004035	582	7A1	1.775	TACTTA
1004082	8	o6	1.281	CTACTT
1004130	409	o6	1.690	CTACTT
1004238	356	6m	1.787	TACTTA
1004238	464	7A1	1.322	TACTTA
1004238	598	6m	1.760	TACTTA
1004437	259	6m	1.973	TACTTA
1004437	331	6m	1.982	TACTTA
1004463	2210	6m	1.189	TACTTA
1004463	3454	o6	1.062	CTACTT
1004463	3726	6m	2.062	TACTTA
1004750	77	7m8	2.762	CTACTT
1004750	823	6m	1.073	TACTTA
1004835	219	7A1	1.806	TACTTA
1004898	1019	7A1	1.038	TACTTA
1005078	85	6m	1.274	TACTTA
1005078	236	7A1	2.350	TACTTA
1005253	587	7A1	2.533	TACTTA
1005253	599	6m	2.352	TACTTA
1005349	4239	6m	1.682	TACTTA
1005358	299	6m	2.277	TACTTA
1005358	1113	o6	1.071	CTACTT
1005379	28	6m	1.099	TACTTA
1005455	1052	6m	3.797	TACTTA
1005496	62	7A1	2.538	TACTTA
1005496	354	o6	1.010	CTACTT
1005496	575	7A1	2.344	TACTTA
1005557	644	6m	2.433	TACTTA
1005557	717	7A1	1.805	TACTTA
1005557	936	7A1	2.025	TACTTA
1005557	1717	7A1	1.294	TACTTA
1005557	1735	7A1	2.376	TACTTA
1005565	57	o6	2.544	CTACTT
1005626	237	6m	2.025	TACTTA
1005646	682	o6	2.640	CTACTT
1005683	263	7A1	1.618	TACTTA
1005733	198	7A1	1.084	TACTTA
1005790	115	7A1	1.167	TACTTA
1005898	618	o6	1.570	CTACTT
1006012	611	o6	1.569	CTACTT
1006107	632	o6	1.689	CTACTT
1006107	1261	7A1	1.749	TACTTA
1006107	1531	o6	2.544	CTACTT
1006587	943	6m	1.184	TACTTA
1006707	53	7m8	2.275	CTACTT
1006711	114	7A1	1.325	TACTTA
1006719	777	8m	1.442	CTACTT
1006758	74	o6	1.468	CTACTT
1006758	414	7A1	2.377	TACTTA
1006933	372	6m	1.401	TACTTA
1006934	140	7A1	2.206	TACTTA
1006940	2620	o6	1.533	CTACTT
1007028	403	7m8	3.095	TACTTA
1007028	411	6m	2.810	TACTTA
1007031	97	7A1	2.029	TACTTA
1007041	408	o6	1.032	CTACTT
1007061	14	6m	1.691	TACTTA
1007092	145	7A1	1.062	TACTTA
1007227	306	8m	1.730	TACTTA
1007230	3023	6m	1.075	TACTTA
1007242	1816	o6	1.091	CTACTT
1007242	2229	6m	1.083	TACTTA
1007242	4278	7A1	1.255	TACTTA
1007242	5931	6m	2.606	TACTTA
1007251	1375	6m	1.244	TACTTA
1007340	789	7A1	1.787	TACTTA
1007364	3328	7m8	2.858	TACTTA
1007388	221	o6	2.112	CTACTT
1007472	78	6m	1.349	TACTTA
1007484	1088	o6	1.781	CTACTT
1007502	62	o6	1.643	CTACTT
1007508	129	o6	2.292	CTACTT
1007521	1681	o6	2.614	CTACTT
1007584	909	6m	1.322	TACTTA
1007641	2	6m	1.307	TACTTA
1007740	1409	o6	1.582	CTACTT
1007740	1670	o6	1.207	CTACTT
1007750	1283	7A1	1.286	TACTTA
1007812	6367	7A1	2.234	TACTTA
1007821	104	8m	1.053	CTACTT
1007875	400	7A1	1.195	TACTTA
1007875	1439	7A1	1.357	TACTTA
1007875	1549	7A1	1.195	TACTTA
1007875	4962	8m	2.009	CTACTT
1007885	462	8m	3.094	TACTTA
1007888	539	6m	1.284	TACTTA
1007888	712	8m	1.063	TACTTA
1007897	530	7A1	1.849	TACTTA
1007908	503	o6	2.544	CTACTT
1007923	2288	7A1	2.575	TACTTA
1007932	1433	6m	2.433	TACTTA
1007989	60	6m	1.120	TACTTA
1007990	69	7A1	1.322	TACTTA
1008036	565	7A1	2.638	TACTTA
1008036	624	7A1	2.638	TACTTA
1008060	141	7m8	1.093	CTACTT
1008093	826	7A1	1.517	TACTTA
1008145	2113	7A1	2.220	TACTTA
1008145	4377	6m	2.161	TACTTA
1008145	4399	6m	2.486	TACTTA
1008145	8433	7A1	2.051	TACTTA
1008145	11930	6m	1.156	TACTTA
1008150	146	o6	1.186	CTACTT
1008174	162	6m	2.433	TACTTA
1008198	472	7A1	1.237	TACTTA
1008198	522	6m	3.081	TACTTA
1008198	686	7A1	1.011	TACTTA
1008198	729	6m	1.663	TACTTA
1008225	902	o6	2.486	CTACTT
1008240	775	7A1	1.322	TACTTA
1008255	1302	6m	2.684	TACTTA
1008286	2127	6m	1.284	TACTTA
1008286	2349	6m	2.098	TACTTA
1008307	409	7A1	2.801	TACTTA
1008307	927	7m8	1.600	CTACTT
1008307	1940	6m	2.522	TACTTA
1008313	350	7A1	2.737	TACTTA
1008409	1064	o6	1.257	CTACTT
1008409	2073	o6	1.076	CTACTT
1008453	102	6m	1.785	TACTTA
1008465	300	6m	1.284	TACTTA
1008468	325	6m	1.339	TACTTA
1008498	959	7A1	3.034	TACTTA
1008524	696	8m	1.214	TACTTA
1008527	79	7A1	1.445	TACTTA
1008572	504	7A1	1.122	TACTTA
1008572	817	7A1	1.241	TACTTA
1008593	876	8m	2.120	CTACTT
1008602	49	7A1	1.666	TACTTA
1008602	377	7A1	2.026	TACTTA
1008606	347	7m8	1.842	CTACTT
1008606	456	6m	1.651	TACTTA
1008650	1137	6m	1.284	TACTTA
1008707	176	7A1	1.156	TACTTA
1008719	154	6m	3.275	TACTTA
1008720	438	7A1	1.107	TACTTA
1008725	24	6m	2.017	TACTTA
1008740	282	7m8	2.387	CTACTT
1008740	719	o6	1.446	CTACTT
1008755	327	6m	1.154	TACTTA
1008755	1093	7m8	1.653	CTACTT
1008755	1188	7A1	1.441	TACTTA
1008761	554	6m	2.262	TACTTA
1008803	224	6m	1.545	TACTTA
1008831	181	7A1	1.606	TACTTA
1008846	108	7A1	1.521	TACTTA
1008867	155	6m	1.606	TACTTA
1008894	151	6m	1.598	TACTTA
1008903	906	7A1	1.084	TACTTA
1008911	55	7A1	2.197	TACTTA
1008911	79	7A1	1.160	TACTTA
1008918	47	6m	1.202	TACTTA
1008933	579	7A1	2.106	TACTTA
1008947	72	7A1	2.628	TACTTA
1008966	1233	6m	1.922	TACTTA
1008966	1383	o6	1.313	CTACTT
1008981	750	6m	2.015	TACTTA
1008995	921	7A1	1.005	TACTTA
1008995	965	6m	1.053	TACTTA
1008995	1048	7A1	1.053	TACTTA
1009026	268	6m	2.308	TACTTA
1009026	1861	8m	2.508	TACTTA
1009043	1360	7A1	2.430	TACTTA
1009108	181	7m8	2.585	TACTTA
1009138	56	7A1	1.542	TACTTA
1009176	41	o6	1.690	CTACTT
1009300	302	6m	1.322	TACTTA
1009304	444	6m	2.406	TACTTA
1009316	6	6m	3.398	TACTTA
1009369	200	6m	1.647	TACTTA
1009448	1211	6m	1.255	TACTTA
1009451	412	o6	1.638	CTACTT
1009464	245	6m	1.519	TACTTA
1009647	856	7A1	2.103	TACTTA
1009665	1	6m	1.129	TACTTA
1009705	47	6m	1.053	TACTTA
1009714	61	7A1	2.030	TACTTA
1009714	91	7A1	1.916	TACTTA
1009714	130	7A1	1.368	TACTTA
1009736	747	7m8	1.247	TACTTA
1009748	1559	7m8	1.091	TACTTA
1009748	1925	7m8	3.034	TACTTA
1009768	399	7A1	1.687	TACTTA
1009769	389	6m	1.167	TACTTA
1009808	273	6m	2.073	TACTTA
1009915	313	6m	1.606	TACTTA
1009945	984	6m	1.942	TACTTA
1009948	126	6m	1.606	TACTTA
1009948	2201	7A1	2.990	TACTTA
1010054	389	7A1	1.336	TACTTA
1010054	1407	6m	1.288	TACTTA
1010082	694	6m	1.657	TACTTA
1010151	318	6m	2.170	TACTTA
1010172	83	7m8	1.550	TACTTA
1010229	157	6m	1.949	TACTTA
1010229	403	7A1	3.232	TACTTA
1010232	1752	7A1	3.034	TACTTA
1010232	2792	6m	1.120	TACTTA
1010238	1379	7A1	3.034	TACTTA
1010238	2419	6m	1.120	TACTTA
1010274	401	o6	1.317	CTACTT
1010278	875	7A1	1.639	TACTTA
1010313	265	7A1	1.967	TACTTA
1010331	7	6m	1.225	TACTTA
1010401	3708	7A1	1.849	TACTTA
1010511	591	o6	1.690	CTACTT
1010578	258	7m8	1.356	CTACTT
1010637	342	o6	1.038	CTACTT
1010646	779	6m	2.807	TACTTA
1010670	1787	7A1	2.085	TACTTA
1010670	1931	6m	2.085	TACTTA
1010697	69	7A1	2.275	TACTTA
1010698	389	o6	2.220	CTACTT
1010748	110	o6	1.341	CTACTT
1010821	229	6m	1.195	TACTTA
1010836	95	6m	1.682	TACTTA
1010846	55	o6	2.121	CTACTT
1010851	531	7A1	2.000	TACTTA
1010941	466	7A1	2.319	TACTTA
1010979	452	6m	1.535	TACTTA
1011003	44	6m	1.857	TACTTA
1011060	308	7A1	1.976	TACTTA
1011107	1625	7A1	1.040	TACTTA
1011167	17	8m	1.288	TACTTA
1011321	611	o6	1.375	CTACTT
1011393	1095	6m	1.434	TACTTA
1011430	811	o6	2.254	CTACTT
1011430	1018	6m	1.161	TACTTA
1011430	1618	6m	1.820	TACTTA
1011449	236	6m	2.440	TACTTA
1011490	156	6m	4.116	TACTTA
1011491	1050	7A1	3.102	TACTTA
1011491	1154	6m	2.384	TACTTA
1011524	605	6m	2.024	TACTTA
1011588	5	6m	1.434	TACTTA
1011608	125	6m	2.536	TACTTA
1011670	210	o6	1.423	CTACTT
1011695	32	6m	2.030	TACTTA
1011695	653	6m	1.964	TACTTA
1011790	164	7A1	2.276	TACTTA
1011932	74	7A1	1.606	TACTTA
1011936	790	7m8	1.560	TACTTA
1011950	1079	6m	4.497	TACTTA
1011951	689	7A1	1.523	TACTTA
1012008	1127	o6	1.591	CTACTT
1012074	417	8m	1.584	TACTTA
1012181	184	o6	1.169	CTACTT
1012304	511	6m	2.509	TACTTA
1012320	376	6m	2.177	TACTTA
1012323	51	o6	1.058	CTACTT
1012413	18	o6	1.148	CTACTT
1012537	716	7A1	1.397	TACTTA
1012585	2	7A1	1.286	TACTTA
1012602	767	6m	2.320	TACTTA
1012685	268	6m	1.256	TACTTA
1012740	576	6m	2.943	TACTTA
1012740	622	8m	2.801	TACTTA
1012751	701	7A1	1.848	TACTTA
1012754	556	6m	1.489	TACTTA
1012760	247	o6	1.163	CTACTT
1012776	602	7A1	1.600	TACTTA
1012830	976	o6	1.161	CTACTT
1012839	803	6m	2.090	TACTTA
1012839	844	6m	1.780	TACTTA
1012996	236	o6	1.495	CTACTT
1013068	624	7A1	2.235	TACTTA
1013089	752	8m	2.027	TACTTA
1013108	589	o6	1.328	CTACTT
1013136	95	6m	1.593	TACTTA
1013163	25	6m	1.910	TACTTA
1013204	20	7A1	1.363	TACTTA
1013229	58	6m	1.548	TACTTA
1013229	65	6m	1.548	TACTTA
1013241	345	6m	1.365	TACTTA
1013280	467	7A1	2.085	TACTTA
1013312	2277	7m8	2.073	CTACTT
1013327	233	6m	3.082	TACTTA
1013327	1429	8m	1.712	CTACTT
1013327	1637	7m8	1.027	TACTTA
1013355	42	7m8	1.483	TACTTA
1013413	1012	6m	1.373	TACTTA
1013420	17	6m	1.297	TACTTA
1013440	44	7A1	1.223	TACTTA
1013443	34	6m	1.367	TACTTA
1013443	1442	7A1	2.981	TACTTA
1013444	993	6m	1.563	TACTTA
1013503	225	7A1	1.786	TACTTA
1013521	221	6m	2.235	TACTTA
1013548	198	6m	1.564	TACTTA
1013591	2001	7A1	1.084	TACTTA
1013591	3838	6m	1.095	TACTTA
1013591	4183	6m	1.077	TACTTA
1013591	5110	6m	1.278	TACTTA
1013597	50	7A1	1.229	TACTTA
1013608	313	7m8	1.896	CTACTT
1013613	160	7A1	2.622	TACTTA
1013616	124	6m	2.490	TACTTA
1013670	910	6m	2.246	TACTTA
1013725	867	7A1	1.936	TACTTA
1013826	22	6m	1.194	TACTTA
1013957	198	6m	2.120	TACTTA
1013957	210	7A1	2.170	TACTTA
1013957	313	7A1	2.607	TACTTA
1014295	693	8m	2.807	CTACTT
1014355	160	6m	1.031	TACTTA
1014358	2	o6	2.621	CTACTT
1014358	920	6m	1.577	TACTTA
1014418	560	o6	1.524	CTACTT
1014418	916	o6	1.284	CTACTT
1014418	2417	6m	2.025	TACTTA
1014418	2925	7A1	2.025	TACTTA
1014418	3060	6m	3.005	TACTTA
1014473	2196	8m	2.489	CTACTT
1014480	253	6m	1.285	TACTTA
1014491	122	7m8	1.846	TACTTA
1014588	698	7A1	2.648	TACTTA
1014638	930	o6	1.217	CTACTT
1014711	177	6m	1.513	TACTTA
1014734	44	7m8	1.042	TACTTA
1014813	263	7m8	3.087	CTACTT
1014884	2602	6m	1.818	TACTTA
1014892	439	7m8	2.073	TACTTA
1014892	447	7A1	2.073	TACTTA
1014961	33	7A1	2.915	TACTTA
1014988	922	6m	1.600	TACTTA
1014988	3695	7m8	1.730	TACTTA
1014988	7074	o6	1.068	CTACTT
1015041	4446	o6	1.028	CTACTT
1015085	88	o6	2.544	CTACTT
1015085	293	7A1	1.017	TACTTA
1015085	809	7A1	2.276	TACTTA
1015085	1181	6m	1.322	TACTTA
1015085	1596	7A1	1.679	TACTTA
1015091	2656	8m	1.517	CTACTT
1015091	2825	7m8	1.560	CTACTT
1015106	58	6m	1.227	TACTTA
1015145	1713	6m	1.606	TACTTA
1015145	2417	6m	1.606	TACTTA
1015145	2826	7A1	1.084	TACTTA
1015145	3841	7A1	2.178	TACTTA
1015228	503	6m	3.034	TACTTA
1015228	1386	o6	1.084	CTACTT
1015250	189	8m	1.905	CTACTT
1015259	517	6m	2.723	TACTTA
1015291	991	o6	1.873	CTACTT
1015307	33	6m	1.405	TACTTA
1015329	441	7A1	1.434	TACTTA
1015333	62	8m	2.506	TACTTA
1015369	255	8m	1.053	TACTTA
1015418	1309	6m	2.409	TACTTA
1015480	844	6m	1.705	TACTTA
1015480	1408	6m	2.433	TACTTA
1015480	1905	6m	2.558	TACTTA
1015504	104	7A1	2.321	TACTTA
1015551	380	7A1	1.690	TACTTA
1015555	1173	7A1	1.436	TACTTA
1015555	2514	7A1	1.606	TACTTA
1015555	3366	6m	2.098	TACTTA
1015576	157	o6	1.104	CTACTT
1015690	513	6m	1.461	TACTTA
1015789	685	6m	1.322	TACTTA
1015789	1114	6m	1.382	TACTTA
1015789	1879	7A1	1.198	TACTTA
1015822	25	7A1	1.386	TACTTA
1015835	73	6m	2.277	TACTTA
1015840	1106	7A1	2.377	TACTTA
1015844	238	6m	1.592	TACTTA
1015870	620	6m	1.649	TACTTA
1015877	239	6m	1.271	TACTTA
1015891	346	6m	2.350	TACTTA
1015895	452	o6	1.818	CTACTT
1015895	849	6m	1.325	TACTTA
1015903	827	o6	2.421	CTACTT
1015906	11	o6	1.638	CTACTT
1015919	130	7A1	2.198	TACTTA
1015924	39	7A1	2.594	TACTTA
1015924	448	7A1	1.280	TACTTA
1015924	926	6m	1.280	TACTTA
1015936	1859	7A1	1.274	TACTTA
1015973	388	6m	1.209	TACTTA
1016011	1678	6m	1.344	TACTTA
1016019	2017	o6	1.620	CTACTT
1016020	2509	6m	1.053	TACTTA
1016026	147	8m	1.777	CTACTT
1016026	2978	6m	1.129	TACTTA
1016029	226	o6	1.284	CTACTT
1016029	1727	6m	2.025	TACTTA
1016029	2235	7A1	2.025	TACTTA
1016029	2370	6m	3.005	TACTTA
1016047	376	o6	1.183	CTACTT
1016067	80	7A1	2.494	TACTTA
1016077	1669	6m	5.187	TACTTA
1016179	562	o6	2.350	CTACTT
1016191	247	o6	1.953	CTACTT
1016200	23	7A1	2.400	TACTTA
1016200	451	6m	1.012	TACTTA
1016245	273	7A1	2.241	TACTTA
1016272	455	7A1	2.481	TACTTA
1016281	341	6m	1.711	TACTTA
1016281	915	6m	1.122	TACTTA
1016356	901	7A1	1.397	TACTTA
1016382	333	7m8	1.644	CTACTT
1016398	249	6m	1.252	TACTTA
1016398	1203	7A1	2.544	TACTTA
1016418	531	6m	1.931	TACTTA
1016428	756	8m	2.283	TACTTA
1016445	657	7m8	1.320	CTACTT
1016449	1773	6m	1.825	TACTTA
1016449	2434	6m	1.316	TACTTA
1016449	4239	6m	1.165	TACTTA
1016469	399	6m	1.808	TACTTA
1016475	360	o6	2.529	CTACTT
1016475	1427	7A1	2.404	TACTTA
1016566	554	6m	1.690	TACTTA
1016574	1811	6m	2.094	TACTTA
1016574	2747	7m8	1.291	CTACTT
1016574	5638	7A1	1.298	TACTTA
1016581	1693	7m8	1.556	TACTTA
1016581	1737	7A1	1.174	TACTTA
1016620	2150	7A1	2.112	TACTTA
1016670	302	o6	2.019	CTACTT
1016695	487	6m	3.232	TACTTA
1016698	888	7A1	2.781	TACTTA
1016698	1474	6m	1.456	TACTTA
1016701	443	8m	1.010	CTACTT
1016707	264	7A1	2.248	TACTTA
1016707	287	6m	2.652	TACTTA
1016713	2176	7A1	1.577	TACTTA
1016713	2349	6m	2.244	TACTTA
1016737	128	7A1	2.050	TACTTA
1016791	179	6m	2.982	TACTTA
1016794	421	6m	1.091	TACTTA
1016826	133	6m	1.047	TACTTA
1016838	551	o6	1.057	CTACTT
1016845	1111	o6	1.656	CTACTT
1016848	23	o6	2.134	CTACTT
1016848	1800	7A1	1.711	TACTTA
1016856	60	6m	1.743	TACTTA
1016860	1060	6m	1.891	TACTTA
1016865	1097	6m	2.187	TACTTA
1016899	117	6m	2.788	TACTTA
1016951	71	7m8	1.690	CTACTT
1016952	487	7m8	1.058	CTACTT
1016958	196	6m	1.226	TACTTA
1016971	2668	o6	1.322	CTACTT
1016971	3652	6m	2.199	TACTTA
1017028	270	6m	1.009	TACTTA
1017042	195	o6	1.284	CTACTT
1017082	218	8m	1.392	TACTTA
1017091	357	7A1	3.175	TACTTA
1017112	270	6m	1.584	TACTTA
1017126	208	6m	1.571	TACTTA
1017151	131	7m8	2.543	TACTTA
1017157	933	6m	1.500	TACTTA
1017168	689	7A1	2.537	TACTTA
1017168	1258	o6	1.571	CTACTT
1017197	409	7A1	2.276	TACTTA
1017204	1511	6m	1.140	TACTTA
1017207	534	o6	1.696	CTACTT
1017245	41	7A1	3.639	TACTTA
1017318	32	6m	1.879	TACTTA
1017348	340	6m	1.499	TACTTA
1017410	407	6m	1.027	TACTTA
1017428	78	o6	1.787	CTACTT
1017434	330	7A1	1.511	TACTTA
1017478	855	8m	2.017	CTACTT
1017496	1133	7A1	2.801	TACTTA
1017614	3533	6m	1.684	TACTTA
1017618	1040	6m	1.327	TACTTA
1017630	115	6m	1.841	TACTTA
1017696	89	6m	1.254	TACTTA
1017700	141	7A1	1.459	TACTTA
1017742	92	7A1	1.061	TACTTA
1017830	552	7A1	2.025	TACTTA
1017830	844	7A1	2.552	TACTTA
1017967	34	7A1	2.006	TACTTA
1018008	238	6m	2.854	TACTTA
1018008	396	6m	1.560	TACTTA
1018021	74	7m8	1.012	TACTTA
1018033	650	7A1	2.168	TACTTA
1018044	30	6m	3.988	TACTTA
1018134	968	6m	2.864	TACTTA
1018134	1074	7A1	1.934	TACTTA
1018134	3165	7A1	1.288	TACTTA
1018135	36	7A1	2.322	TACTTA
1018153	50	7A1	2.068	TACTTA
1018189	81	7m8	1.522	CTACTT
1018194	137	7A1	1.997	TACTTA
1018233	1001	6m	1.291	TACTTA
1018243	612	o6	1.569	CTACTT
1018243	1068	o6	2.339	CTACTT
1018243	1077	6m	2.511	TACTTA
1018243	1135	7A1	2.511	TACTTA
1018243	1234	6m	1.569	TACTTA
1018243	3648	6m	1.864	TACTTA
1018243	3670	o6	1.577	CTACTT
1018272	190	7A1	2.136	TACTTA
1018272	406	7A1	2.136	TACTTA
1018277	603	8m	1.635	CTACTT
1018278	254	o6	1.093	CTACTT
1018284	463	7m8	1.614	TACTTA
1018284	478	6m	1.195	TACTTA
1018353	527	7A1	1.284	TACTTA
1018358	156	7A1	2.544	TACTTA
1018388	39	6m	1.932	TACTTA
1018409	391	7A1	1.936	TACTTA
1018486	397	o6	1.162	CTACTT
1018530	1229	o6	1.322	CTACTT
1018534	78	o6	1.416	CTACTT
1018549	118	7A1	1.047	TACTTA
1018632	492	7A1	1.598	TACTTA
1018632	1381	o6	2.068	CTACTT
1018644	142	o6	2.341	CTACTT
1018661	943	7A1	2.206	TACTTA
1018678	888	6m	1.486	TACTTA
1018766	154	7A1	1.275	TACTTA
1018873	436	6m	1.680	TACTTA
1018992	359	6m	1.187	TACTTA
1019023	180	7A1	1.321	TACTTA
1019037	390	6m	1.723	TACTTA
1019049	227	7A1	1.606	TACTTA
1019076	537	7A1	1.477	TACTTA
1019101	938	7A1	1.597	TACTTA
1019116	450	6m	2.154	TACTTA
1019147	2259	6m	1.321	TACTTA
1019159	92	o6	1.466	CTACTT
1019192	656	7A1	1.563	TACTTA
1019192	837	6m	2.060	TACTTA
1019234	126	7A1	2.017	TACTTA
1019259	8	6m	1.005	TACTTA
1019304	961	6m	1.931	TACTTA
1019304	1092	6m	2.807	TACTTA
1019377	527	7A1	3.502	TACTTA
1019414	102	7m8	1.737	TACTTA
1019456	167	6m	1.333	TACTTA
1019465	1188	6m	2.008	TACTTA
1019579	911	6m	1.284	TACTTA
1019579	1548	7A1	1.573	TACTTA
1019579	1833	6m	1.606	TACTTA
1019579	2158	7A1	1.195	TACTTA
1019669	32	7A1	1.162	TACTTA
1019695	433	7A1	1.053	TACTTA
1019698	1284	6m	1.672	TACTTA
1019703	2	6m	1.064	TACTTA
1019713	249	6m	1.319	TACTTA
1019716	98	6m	1.687	TACTTA
1019749	292	6m	1.738	TACTTA
1019794	76	8m	1.342	TACTTA
1019865	680	7m8	3.132	CTACTT
1019924	12	6m	1.082	TACTTA
1019928	90	8m	1.561	CTACTT
1019950	74	7m8	1.124	TACTTA
1019980	392	7m8	1.082	TACTTA
1019980	976	o6	1.239	CTACTT
1019983	419	7m8	1.880	CTACTT
1020029	262	o6	2.220	CTACTT
1020059	1606	6m	1.307	TACTTA
1020074	1836	6m	1.324	TACTTA
1020131	121	6m	1.041	TACTTA
1020139	915	o6	1.251	CTACTT
1020140	380	6m	1.322	TACTTA
1020227	261	o6	1.298	CTACTT
1020227	944	7A1	1.298	TACTTA
1020241	632	o6	1.777	CTACTT
1020241	846	6m	1.649	TACTTA
1020253	2686	6m	2.030	TACTTA
1020319	1671	7A1	1.156	TACTTA
1020435	1666	7A1	2.599	TACTTA
1020558	74	7A1	2.033	TACTTA
1020564	575	7A1	2.065	TACTTA
1020564	588	6m	1.276	TACTTA
1020564	952	6m	2.652	TACTTA
1020564	1034	6m	1.598	TACTTA
1020604	18	6m	2.317	TACTTA
1020642	785	o6	4.189	CTACTT
1020657	32	7A1	3.842	TACTTA
1020661	447	7A1	2.660	TACTTA
1020661	1463	8m	1.504	TACTTA
1020700	40	6m	1.650	TACTTA
1020719	212	7A1	1.284	TACTTA
1020818	464	6m	1.184	TACTTA
1020824	284	7A1	1.625	TACTTA
1020934	1439	7m8	1.358	CTACTT
1021008	1402	7A1	1.832	TACTTA
1021069	467	6m	1.382	TACTTA
1021152	382	7m8	1.290	CTACTT
1021177	417	7m8	1.606	CTACTT
1021204	97	6m	2.342	TACTTA
1021248	147	7m8	1.555	TACTTA
1021369	56	7A1	2.855	TACTTA
1021412	184	7A1	1.606	TACTTA
1021488	763	7A1	2.660	TACTTA
1021581	429	7A1	1.213	TACTTA
1021613	352	7A1	2.962	TACTTA
1021652	64	6m	1.532	TACTTA
1021741	481	6m	2.321	TACTTA
1021797	2153	o6	1.598	CTACTT
1021818	318	6m	2.329	TACTTA
1021822	50	o6	1.143	CTACTT
1021831	185	7A1	2.483	TACTTA
1021831	207	6m	1.818	TACTTA
1021866	1070	6m	1.006	TACTTA
1021899	1512	6m	1.605	TACTTA
1021941	994	7A1	1.662	TACTTA
1021941	1001	7A1	1.112	TACTTA
1021941	1249	7A1	1.711	TACTTA
1021959	683	6m	2.533	TACTTA
1022110	96	6m	1.203	TACTTA
1022116	99	6m	1.554	TACTTA
1022125	399	7A1	3.335	TACTTA
1022129	1608	7m8	1.227	TACTTA
1022165	603	6m	2.321	TACTTA
1022173	144	7A1	1.343	TACTTA
1022198	775	7A1	2.941	TACTTA
1022212	110	7A1	1.585	TACTTA
1022212	171	6m	1.347	TACTTA
1022235	1316	7A1	2.996	TACTTA
1022256	2242	o6	1.251	CTACTT
1022282	32	6m	1.304	TACTTA
1022383	1025	7A1	2.220	TACTTA
1022383	1105	7A1	1.322	TACTTA
1022383	1868	6m	1.788	TACTTA
1022410	88	o6	3.555	CTACTT
1022495	3771	o6	1.577	CTACTT
1022495	4732	7A1	1.275	TACTTA
1022500	157	7A1	2.537	TACTTA
1022530	216	6m	1.272	TACTTA
1022573	66	6m	1.663	TACTTA
1022601	69	6m	2.317	TACTTA
1022632	603	o6	1.126	CTACTT
1022789	51	7A1	1.190	TACTTA
1022813	162	7m8	1.156	CTACTT
1022837	50	6m	1.394	TACTTA
1022843	326	7A1	3.224	TACTTA
1022932	2312	7A1	2.116	TACTTA
1022985	1311	6m	2.220	TACTTA
1023050	74	6m	1.180	TACTTA
1023062	1960	o6	2.587	CTACTT
1023065	519	6m	1.919	TACTTA
1023085	215	6m	2.220	TACTTA
1023088	161	7A1	2.758	TACTTA
1023091	659	o6	1.653	CTACTT
1023100	1509	6m	1.720	TACTTA
1023104	396	o6	1.254	CTACTT
1023110	284	6m	1.434	TACTTA
1023151	113	o6	2.203	CTACTT
1023154	251	o6	1.661	CTACTT
1023154	794	o6	2.248	CTACTT
1023154	929	o6	2.256	CTACTT
1023157	858	6m	1.053	TACTTA
1023187	26	6m	2.277	TACTTA
1023256	212	6m	1.180	TACTTA
1023256	577	7m8	1.556	CTACTT
1023289	2178	6m	1.690	TACTTA
1023289	2331	o6	1.567	CTACTT
1023292	341	6m	1.574	TACTTA
1023292	496	7A1	1.184	TACTTA
1023298	1368	o6	2.981	CTACTT
1023320	969	6m	1.312	TACTTA
1023340	208	o6	2.866	CTACTT
1023390	127	o6	1.112	CTACTT
1023391	36	6m	1.590	TACTTA
1023391	1666	6m	1.080	TACTTA
1023391	1797	6m	1.550	TACTTA
1023399	284	7A1	1.029	TACTTA
1023419	159	o6	1.875	CTACTT
1023432	522	6m	1.281	TACTTA
1023432	865	7m8	1.519	TACTTA
1023488	533	8m	2.561	CTACTT
1023523	405	7A1	2.544	TACTTA
1023523	643	6m	1.882	TACTTA
1023594	491	o6	1.446	CTACTT
1023594	722	6m	1.687	TACTTA
1023594	753	o6	2.243	CTACTT
1023594	992	7A1	1.337	TACTTA
1023599	6005	6m	1.336	TACTTA
1023717	568	6m	1.084	TACTTA
1023757	338	6m	1.322	TACTTA
1023765	43	6m	1.580	TACTTA
1023774	1701	o6	1.392	CTACTT
1023784	1895	6m	2.493	TACTTA
1023784	2884	6m	1.273	TACTTA
1023790	2641	6m	1.563	TACTTA
1023802	164	7A1	1.729	TACTTA
1023802	584	7A1	1.629	TACTTA
1023805	3971	7A1	1.608	TACTTA
1023846	54	o6	1.511	CTACTT
1023846	507	7A1	1.315	TACTTA
1023850	1213	7A1	1.680	TACTTA
1023850	1412	6m	1.240	TACTTA
1023922	656	6m	1.843	TACTTA
1023991	32	o6	2.400	CTACTT
1024012	711	6m	2.483	TACTTA
1024019	558	6m	1.518	TACTTA
1024025	496	7m8	1.306	CTACTT
1024025	781	6m	2.069	TACTTA
1024028	1249	7m8	2.051	CTACTT
1024031	4190	8m	1.284	CTACTT
1024045	228	6m	1.663	TACTTA
1024118	135	6m	2.548	TACTTA
1024123	231	7A1	1.809	TACTTA
1024129	50	6m	3.266	TACTTA
1024133	2034	6m	2.544	TACTTA
1024211	1429	7A1	2.350	TACTTA
1024228	757	6m	1.808	TACTTA
1024250	221	6m	2.046	TACTTA
1024304	303	6m	1.039	TACTTA
1024349	798	7A1	2.148	TACTTA
1024366	523	7A1	2.191	TACTTA
1024381	2389	7A1	1.244	TACTTA
1024384	812	o6	1.238	CTACTT
1024385	945	8m	1.376	TACTTA
1024393	750	6m	2.183	TACTTA
1024403	773	7m8	1.126	CTACTT
1024418	302	7A1	1.467	TACTTA
1024448	1118	7A1	2.041	TACTTA
1024513	87	6m	1.476	TACTTA
1024529	844	6m	1.348	TACTTA
1024537	768	7A1	2.276	TACTTA
1024556	103	7A1	2.375	TACTTA
1024556	293	7m8	1.008	TACTTA
1024556	1736	7m8	1.655	CTACTT
1024556	1982	7A1	1.224	TACTTA
1024559	285	7A1	2.350	TACTTA
1024609	437	6m	1.662	TACTTA
1024612	1682	8m	1.512	CTACTT
1024619	1193	6m	1.315	TACTTA
1024619	2329	o6	2.537	CTACTT
1024639	2059	6m	1.079	TACTTA
1024648	3195	7A1	1.322	TACTTA
1024648	8801	6m	1.053	TACTTA
1024648	9690	6m	1.079	TACTTA
1024654	58	7A1	2.544	TACTTA
1024654	861	7A1	2.206	TACTTA
1024654	1638	7A1	2.350	TACTTA
1024654	1902	6m	1.647	TACTTA
1024658	1	o6	1.226	CTACTT
1024664	505	7A1	2.061	TACTTA
1024664	530	7A1	1.642	TACTTA
1024672	415	6m	1.236	TACTTA
1024715	2076	o6	1.976	CTACTT
1024720	227	6m	1.284	TACTTA
1024721	1082	o6	1.965	CTACTT
1024774	170	8m	1.818	CTACTT
1024807	619	6m	1.285	TACTTA
1024832	432	6m	1.284	TACTTA
1024843	1116	6m	1.538	TACTTA
1024891	103	7A1	2.298	TACTTA
1024904	2865	o6	1.242	CTACTT
1024904	3746	o6	2.344	CTACTT
1024945	221	7A1	2.409	TACTTA
1024956	950	7A1	1.606	TACTTA
1024956	2167	6m	1.606	TACTTA
1024956	3298	7m8	1.058	TACTTA
1024956	3411	6m	1.407	TACTTA
1024966	246	7m8	1.112	CTACTT
1024971	704	6m	1.933	TACTTA
1025055	403	o6	2.220	CTACTT
1025055	865	o6	1.721	CTACTT
1025064	395	7A1	2.073	TACTTA
1025064	483	7A1	2.976	TACTTA
1025064	809	7m8	2.073	CTACTT
1025064	913	7A1	2.981	TACTTA
1025064	2131	6m	1.950	TACTTA
1025083	392	7A1	1.956	TACTTA
1025101	549	6m	1.568	TACTTA
1025110	144	7A1	2.482	TACTTA
1025125	46	7A1	1.564	TACTTA
1025158	311	6m	2.317	TACTTA
1025168	1568	6m	1.358	TACTTA
1025229	772	7A1	2.076	TACTTA
1025229	1199	8m	1.451	CTACTT
1025269	544	7m8	1.255	CTACTT
1025331	29	7m8	1.035	CTACTT
1025331	92	8m	1.460	CTACTT
1025424	567	6m	2.354	TACTTA
1025427	1434	7m8	3.232	CTACTT
1025431	763	7A1	1.053	TACTTA
1025448	1	o6	4.069	CTACTT
1025455	107	o6	2.498	CTACTT
1025488	105	7m8	2.544	CTACTT
1025536	149	8m	2.326	CTACTT
1025562	142	o6	2.026	CTACTT
1025615	1176	o6	1.687	CTACTT
1025654	913	6m	2.449	TACTTA
1025657	26	6m	1.283	TACTTA
1025657	306	6m	1.964	TACTTA
1025724	149	6m	1.298	TACTTA
1025725	58	8m	2.183	TACTTA
1025742	628	7A1	1.831	TACTTA
1025755	409	6m	1.107	TACTTA
1025799	61	7A1	1.917	TACTTA
1025814	278	o6	1.886	CTACTT
1025904	189	8m	3.250	TACTTA
1025940	99	7A1	2.003	TACTTA
1025955	191	7A1	1.181	TACTTA
1026012	639	o6	2.095	CTACTT
1026012	1057	7A1	2.047	TACTTA
1026095	2735	6m	1.086	TACTTA
1026180	7	7A1	1.550	TACTTA
1026200	40	o6	1.319	CTACTT
1026222	67	7A1	1.619	TACTTA
1026262	1024	o6	1.946	CTACTT
1026262	1305	o6	1.681	CTACTT
1026287	415	6m	2.326	TACTTA
1026375	412	7A1	2.309	TACTTA
1026480	2713	7A1	1.777	TACTTA
1026480	2748	8m	1.564	CTACTT
1026530	1063	6m	1.188	TACTTA
1026551	115	6m	1.717	TACTTA
1026554	637	8m	2.611	CTACTT
1026687	77	8m	2.048	TACTTA
1026688	4125	6m	1.524	TACTTA
1026711	1670	o6	2.608	CTACTT
1026711	1745	6m	1.690	TACTTA
1026711	2222	7m8	2.073	CTACTT
1026711	2396	6m	2.073	TACTTA
1026737	77	6m	1.703	TACTTA
1026761	984	6m	1.971	TACTTA
1026798	1276	6m	2.017	TACTTA
1026798	1282	6m	2.017	TACTTA
1026841	808	6m	1.374	TACTTA
1026841	819	6m	2.122	TACTTA
1026853	2702	6m	2.224	TACTTA
1026877	197	7A1	2.967	TACTTA
1026965	621	8m	2.448	CTACTT
1026965	2358	8m	2.022	CTACTT
1026966	1007	o6	1.009	CTACTT
1026981	1355	6m	1.376	TACTTA
1027073	265	6m	1.387	TACTTA
1027129	81	6m	1.546	TACTTA
1027145	19	7A1	1.943	TACTTA
1027168	865	7A1	1.577	TACTTA
1027226	270	7m8	1.567	CTACTT
1027287	19	o6	1.602	CTACTT
1027287	490	o6	1.035	CTACTT
1027357	383	7A1	1.413	TACTTA
1027363	63	7A1	2.151	TACTTA
1027369	180	6m	1.185	TACTTA
1027417	628	7A1	2.704	TACTTA
1027580	212	7A1	1.036	TACTTA
1027580	312	7A1	1.179	TACTTA
1027637	1218	6m	1.171	TACTTA
1027737	133	6m	1.266	TACTTA
1027756	13	6m	2.545	TACTTA
1027756	173	7A1	2.019	TACTTA
1027756	313	o6	1.278	CTACTT
1027764	1101	o6	1.409	CTACTT
1027773	120	7A1	2.690	TACTTA
1027773	128	6m	2.690	TACTTA
1027814	650	o6	3.829	CTACTT
1027844	805	7A1	1.000	TACTTA
1027891	1038	6m	1.668	TACTTA
1027912	965	o6	1.632	CTACTT
1027938	312	6m	1.786	TACTTA
1027971	246	6m	2.003	TACTTA
1027977	62	8m	1.164	CTACTT
1028023	93	7A1	1.681	TACTTA
1028028	901	8m	1.639	CTACTT
1028087	125	6m	1.084	TACTTA
1028102	561	7A1	1.692	TACTTA
1028103	83	7A1	1.252	TACTTA
1028109	184	6m	2.476	TACTTA
1028146	344	6m	1.326	TACTTA
1028197	44	7m8	2.757	CTACTT
1028441	568	o6	1.711	CTACTT
1028512	464	o6	1.118	CTACTT
1028512	594	8m	1.740	CTACTT
1028672	106	6m	1.545	TACTTA
1028701	221	7A1	2.433	TACTTA
1028731	174	7A1	2.390	TACTTA
1028734	5908	7m8	1.602	TACTTA
1028751	938	o6	2.158	CTACTT
1028866	371	6m	1.724	TACTTA
1028998	1291	o6	1.645	CTACTT
1029037	714	6m	1.706	TACTTA
1029069	1439	7A1	1.316	TACTTA
1029069	3286	7A1	1.322	TACTTA
1029076	160	7A1	1.322	TACTTA
1029091	787	6m	1.606	TACTTA
1029125	155	o6	1.529	CTACTT
1029176	551	o6	2.302	CTACTT
1029369	2780	7m8	1.282	CTACTT
1029391	321	8m	1.169	TACTTA
1029517	1032	6m	2.186	TACTTA
1029647	105	6m	1.428	TACTTA
1029673	186	6m	2.493	TACTTA
1029685	228	7A1	1.997	TACTTA
1029697	501	o6	1.885	CTACTT
1029724	79	6m	2.026	TACTTA
1029787	140	7A1	1.693	TACTTA
1029832	240	6m	2.349	TACTTA
1029832	343	7m8	1.293	TACTTA
1029870	491	7A1	2.718	TACTTA
1029904	195	7A1	1.139	TACTTA
1029927	190	6m	1.906	TACTTA
1029934	404	6m	1.695	TACTTA
1029982	1040	7m8	1.535	TACTTA
1029985	122	6m	1.283	TACTTA
1029994	173	o6	1.134	CTACTT
1030124	85	6m	2.060	TACTTA
1030192	472	7A1	2.335	TACTTA
1030325	65	6m	1.905	TACTTA
1030368	62	7A1	1.345	TACTTA
1030468	421	7A1	1.045	TACTTA
1030482	1124	6m	1.944	TACTTA
1030491	287	7A1	1.275	TACTTA
1030566	361	7A1	1.382	TACTTA
1030566	1262	6m	1.680	TACTTA
1030658	1379	o6	1.484	CTACTT
1030679	238	7A1	2.442	TACTTA
1030688	82	7A1	2.507	TACTTA
1030688	114	6m	1.651	TACTTA
1030688	356	6m	2.183	TACTTA
1030692	673	6m	1.585	TACTTA
1030692	2035	6m	1.189	TACTTA
1030697	10	6m	1.267	TACTTA
1030731	112	6m	2.834	TACTTA
1030812	288	o6	1.421	CTACTT
1030834	193	6m	1.807	TACTTA
1030858	214	7A1	1.932	TACTTA
1030924	235	6m	2.459	TACTTA
1030965	446	o6	1.208	CTACTT
1030973	117	7m8	1.122	TACTTA
1030973	188	o6	1.910	CTACTT
1031001	383	7A1	2.554	TACTTA
1031106	1190	6m	1.922	TACTTA
1031126	151	7m8	1.562	CTACTT
1031145	55	o6	2.028	CTACTT
1031199	2542	6m	1.084	TACTTA
1031227	650	7A1	2.544	TACTTA
1031321	1089	o6	1.594	CTACTT
1031390	4983	6m	1.356	TACTTA
1031426	98	7A1	2.019	TACTTA
1031426	118	7A1	3.142	TACTTA
1031479	1028	7A1	1.891	TACTTA
1031479	1808	o6	1.084	CTACTT
1031498	2307	6m	2.639	TACTTA
1031530	72	6m	2.648	TACTTA
1031667	600	6m	1.734	TACTTA
1031755	568	6m	2.204	TACTTA
1031805	669	6m	2.025	TACTTA
1031814	336	6m	1.323	TACTTA
1031830	868	6m	1.914	TACTTA
1031871	491	7A1	1.700	TACTTA
1031994	278	7A1	1.164	TACTTA
1031994	2541	o6	1.077	CTACTT
1032009	216	8m	1.376	CTACTT
1032325	2400	6m	1.550	TACTTA
1032328	43	o6	1.135	CTACTT
1032333	964	6m	2.469	TACTTA
1032334	61	7A1	1.687	TACTTA
1032411	200	7A1	2.363	TACTTA
1032420	1177	6m	2.970	TACTTA
1032420	1273	6m	2.970	TACTTA
1032430	615	6m	1.132	TACTTA
1032456	415	6m	1.295	TACTTA
1032490	323	6m	1.873	TACTTA
1032508	1876	6m	2.040	TACTTA
1032549	9	6m	2.486	TACTTA
1032607	1128	7m8	2.350	TACTTA
1032607	1136	6m	2.350	TACTTA
1032608	1123	6m	1.284	TACTTA
1032608	1871	o6	2.009	CTACTT
1032616	441	o6	2.220	CTACTT
1032616	457	6m	1.322	TACTTA
1032616	470	6m	2.350	TACTTA
1032616	1870	6m	2.072	TACTTA
1032622	778	o6	2.078	CTACTT
1032622	5126	6m	1.284	TACTTA
1032693	1866	6m	1.577	TACTTA
1032703	197	7A1	2.150	TACTTA
1032713	888	6m	1.407	TACTTA
1032713	1642	o6	1.255	CTACTT
1032799	2049	7A1	1.195	TACTTA
1032813	1426	6m	1.209	TACTTA
1032852	54	o6	1.557	CTACTT
1032852	495	o6	1.295	CTACTT
1032876	1665	6m	1.393	TACTTA
1032902	8	7A1	1.757	TACTTA
1032902	2093	6m	1.544	TACTTA
1032924	92	7A1	1.301	TACTTA
1032929	797	o6	2.369	CTACTT
1032929	1448	o6	2.014	CTACTT
1032929	1715	o6	2.417	CTACTT
1032968	208	7m8	1.687	CTACTT
1032976	439	7A1	2.524	TACTTA
1032987	81	6m	1.815	TACTTA
1033065	272	6m	1.350	TACTTA
1033074	491	6m	1.543	TACTTA
1033082	428	6m	1.082	TACTTA
1033082	757	7A1	1.322	TACTTA
1033088	374	o6	2.029	CTACTT
1033088	476	7A1	1.192	TACTTA
1033141	3403	6m	1.274	TACTTA
1033141	6547	6m	2.433	TACTTA
1033152	496	7m8	1.051	CTACTT
1033152	2096	8m	1.945	TACTTA
1033163	627	o6	1.350	CTACTT
1033221	140	7A1	1.961	TACTTA
1033227	159	7A1	1.485	TACTTA
1033227	558	6m	2.845	TACTTA
1033227	985	7A1	2.845	TACTTA
1033227	1411	7A1	1.663	TACTTA
1033244	589	6m	2.076	TACTTA
1033250	414	7A1	1.968	TACTTA
1033250	633	7A1	2.026	TACTTA
1033254	570	6m	3.299	TACTTA
1033351	1051	7A1	1.424	TACTTA
1033362	161	7A1	1.891	TACTTA
1033384	1421	6m	1.244	TACTTA
1033394	172	o6	1.413	CTACTT
1033409	1927	o6	2.031	CTACTT
1033425	239	7A1	1.284	TACTTA
1033472	113	8m	1.968	TACTTA
1033481	2181	6m	1.560	TACTTA
1033485	62	6m	1.904	TACTTA
1033485	68	6m	2.472	TACTTA
1033485	78	6m	1.978	TACTTA
1033508	535	7m8	3.034	TACTTA
1033547	249	o6	1.190	CTACTT
1033553	346	o6	1.548	CTACTT
1033565	488	6m	1.056	TACTTA
1033571	760	8m	1.322	CTACTT
1033571	3686	7m8	1.282	CTACTT
1033598	1690	6m	2.026	TACTTA
1033598	3595	6m	2.320	TACTTA
1033598	5990	6m	2.026	TACTTA
1033601	944	7A1	2.212	TACTTA
1033678	144	6m	1.322	TACTTA
1033703	67	7A1	1.011	TACTTA
1033715	194	6m	2.092	TACTTA
1033732	873	6m	1.271	TACTTA
1033732	883	7A1	2.372	TACTTA
1033795	329	6m	1.813	TACTTA
1033827	654	o6	1.121	CTACTT
1033859	183	7A1	1.663	TACTTA
1033865	199	7m8	1.032	TACTTA
1033865	347	7m8	1.336	CTACTT
1033877	1632	7m8	1.749	TACTTA
1033877	1647	6m	1.584	TACTTA
1033877	1941	o6	1.086	CTACTT
1033877	1976	6m	1.057	TACTTA
1033877	2914	6m	1.495	TACTTA
1033877	2929	6m	2.785	TACTTA
1033877	2943	7A1	1.973	TACTTA
1033907	1305	6m	1.191	TACTTA
1033971	1187	6m	1.884	TACTTA
1033971	2081	7A1	1.094	TACTTA
1034053	1790	7A1	1.744	TACTTA
1034068	254	7A1	1.643	TACTTA
1034068	309	7A1	1.692	TACTTA
1034068	4889	6m	1.882	TACTTA
1034115	277	6m	1.347	TACTTA
1034121	2572	o6	1.135	CTACTT
1034121	2944	7A1	1.172	TACTTA
1034130	2325	o6	1.225	CTACTT
1034160	1112	6m	1.678	TACTTA
1034160	1899	7A1	1.177	TACTTA
1034202	1732	7A1	2.245	TACTTA
1034259	92	o6	2.194	CTACTT
1034307	187	6m	1.265	TACTTA
1034316	303	7A1	2.453	TACTTA
1034316	2346	o6	2.635	CTACTT
1034322	164	6m	1.463	TACTTA
1034331	1945	6m	1.150	TACTTA
1034331	2093	6m	1.999	TACTTA
1034337	813	7A1	2.996	TACTTA
1034347	725	7A1	2.489	TACTTA
1034347	874	7A1	2.288	TACTTA
1034353	528	o6	1.041	CTACTT
1034358	791	8m	2.377	CTACTT
1034361	537	6m	2.051	TACTTA
1034362	251	8m	1.984	TACTTA
1034389	355	6m	3.267	TACTTA
1034397	350	6m	1.992	TACTTA
1034406	687	7A1	1.065	TACTTA
1034409	684	7A1	2.030	TACTTA
1034416	1157	6m	2.652	TACTTA
1034427	746	6m	2.808	TACTTA
1034499	1105	6m	2.157	TACTTA
1034499	1128	7A1	2.848	TACTTA
1034499	1148	7A1	2.270	TACTTA
1034500	304	6m	1.955	TACTTA
1034508	16	6m	2.520	TACTTA
1034508	381	6m	2.268	TACTTA
1034521	413	7m8	3.028	CTACTT
1034529	461	6m	2.150	TACTTA
1034556	1317	7A1	3.619	TACTTA
1034565	592	6m	1.919	TACTTA
1034569	2703	8m	2.140	TACTTA
1034569	4354	o6	1.073	CTACTT
1034599	155	6m	1.687	TACTTA
1034599	325	6m	1.248	TACTTA
1034679	456	o6	1.521	CTACTT
1034690	137	7A1	2.906	TACTTA
1034706	61	7A1	4.225	TACTTA
1034709	769	6m	1.907	TACTTA
1034709	1109	o6	1.268	CTACTT
1034735	87	6m	1.606	TACTTA
1034736	705	7m8	1.328	CTACTT
1034739	2092	7A1	2.348	TACTTA
1034744	352	7A1	1.818	TACTTA
1034745	707	7A1	2.302	TACTTA
1034763	254	7A1	1.251	TACTTA
1034775	142	7A1	1.990	TACTTA
1034899	3338	o6	1.801	CTACTT
1034899	3387	7A1	1.620	TACTTA
1034942	184	7A1	1.101	TACTTA
1035001	409	6m	2.301	TACTTA
1035010	4181	7A1	3.563	TACTTA
1035010	4955	6m	2.530	TACTTA
1035015	234	6m	3.833	TACTTA
1035093	1453	7A1	1.755	TACTTA
1035153	364	6m	1.097	TACTTA
1035153	1381	6m	1.682	TACTTA
1035165	28	6m	2.854	TACTTA
1035198	1945	6m	1.047	TACTTA
1035203	127	7A1	2.058	TACTTA
1035207	179	o6	1.992	CTACTT
1035213	1025	7A1	1.640	TACTTA
1035213	1148	6m	2.037	TACTTA
1035230	120	6m	1.434	TACTTA
1035248	1374	o6	1.146	CTACTT
1035248	2214	o6	2.017	CTACTT
1035260	478	6m	1.726	TACTTA
1035264	33	6m	1.341	TACTTA
1035288	861	6m	1.025	TACTTA
1035320	7	o6	2.085	CTACTT
1035333	206	7A1	1.560	TACTTA
1035408	428	7m8	2.019	TACTTA
1035426	527	7m8	1.512	CTACTT
1035476	127	7A1	1.244	TACTTA
1035506	546	7A1	3.103	TACTTA
1035506	703	6m	1.066	TACTTA
1035561	601	6m	1.493	TACTTA
1035561	1015	7A1	2.227	TACTTA
1035569	1108	6m	2.262	TACTTA
1035569	6405	6m	1.574	TACTTA
1035569	10835	6m	1.653	TACTTA
1035569	15583	6m	1.284	TACTTA
1035569	16691	6m	1.581	TACTTA
1035569	18025	o6	1.523	CTACTT
1035569	18031	6m	1.307	TACTTA
1035569	18166	6m	2.629	TACTTA
1035575	1507	7A1	1.657	TACTTA
1035636	93	6m	2.377	TACTTA
1035656	3787	6m	2.227	TACTTA
1035656	3797	7m8	1.682	TACTTA
1035684	918	6m	2.341	TACTTA
1035687	389	7A1	3.398	TACTTA
1035687	707	7A1	3.506	TACTTA
1035701	314	6m	1.615	TACTTA
1035701	462	6m	1.975	TACTTA
1035711	808	7m8	1.149	TACTTA
1035719	1447	7A1	1.394	TACTTA
1035720	131	6m	2.321	TACTTA
1035737	269	8m	1.894	TACTTA
1035774	60	6m	1.404	TACTTA
1035779	169	6m	2.517	TACTTA
1035782	484	7m8	1.084	CTACTT
1035843	1523	6m	1.234	TACTTA
1035843	3281	o6	2.236	CTACTT
1035863	571	7A1	2.189	TACTTA
1035900	95	6m	2.608	TACTTA
1035900	151	7A1	1.073	TACTTA
1035945	2464	o6	1.930	CTACTT
1035963	1007	6m	1.374	TACTTA
1035993	456	7A1	1.288	TACTTA
1035993	696	7A1	2.854	TACTTA
1036005	88	7A1	1.575	TACTTA
1036011	138	6m	2.272	TACTTA
1036046	437	6m	1.371	TACTTA
1036127	10976	6m	1.876	TACTTA
1036160	399	7A1	1.589	TACTTA
1036169	981	6m	1.850	TACTTA
1036193	93	7A1	2.986	TACTTA
1036212	95	o6	1.139	CTACTT
1036283	1464	6m	2.864	TACTTA
1036313	107	o6	1.120	CTACTT
1036349	455	6m	1.311	TACTTA
1036367	1173	7A1	2.831	TACTTA
1036367	1217	6m	2.360	TACTTA
1036381	2895	7m8	2.049	CTACTT
1036392	12	o6	3.124	CTACTT
1036413	247	7A1	2.728	TACTTA
1036470	218	6m	4.584	TACTTA
1036471	55	7A1	1.790	TACTTA
1036486	156	6m	2.009	TACTTA
1036497	664	7A1	1.210	TACTTA
1036558	1830	6m	2.973	TACTTA
1036568	3555	6m	1.073	TACTTA
1036586	317	7A1	2.776	TACTTA
1036586	568	7m8	1.056	TACTTA
1036592	217	7A1	2.278	TACTTA
1036598	1545	6m	1.485	TACTTA
1036645	150	6m	1.453	TACTTA
1036648	93	8m	1.172	CTACTT
1036682	1004	7A1	1.118	TACTTA
1036706	1261	6m	1.906	TACTTA
1036706	2586	7m8	2.031	CTACTT
1036727	343	8m	2.016	TACTTA
1036772	193	7A1	1.118	TACTTA
1036787	410	o6	1.311	CTACTT
1036787	986	7A1	2.981	TACTTA
1036787	1413	7m8	1.377	TACTTA
1036788	1776	o6	1.703	CTACTT
1036910	1538	7A1	2.235	TACTTA
1036995	205	6m	1.220	TACTTA
1037031	478	7m8	1.336	TACTTA
1037067	394	7A1	2.194	TACTTA
1037090	1494	o6	1.695	CTACTT
1037180	280	6m	1.468	TACTTA
1037207	149	6m	3.126	TACTTA
1037207	799	7m8	2.106	CTACTT
1037225	140	7A1	1.039	TACTTA
1037239	361	6m	1.569	TACTTA
1037286	73	7m8	1.537	TACTTA
1037297	284	7A1	2.376	TACTTA
1037315	166	7A1	1.488	TACTTA
1037414	409	o6	3.252	CTACTT
1037458	94	o6	1.643	CTACTT
1037474	741	8m	1.413	TACTTA
1037516	593	6m	1.545	TACTTA
1037534	123	7A1	1.162	TACTTA
1037588	615	6m	2.340	TACTTA
1037608	61	6m	1.045	TACTTA
1037709	432	6m	1.313	TACTTA
1037715	368	6m	1.999	TACTTA
1037756	46	o6	1.468	CTACTT
1037832	612	7A1	1.102	TACTTA
1037845	461	7A1	2.194	TACTTA
1037845	626	6m	2.102	TACTTA
1037937	594	o6	1.745	CTACTT
1037982	39	7A1	2.821	TACTTA
1038066	725	8m	2.269	TACTTA
1038066	2411	7A1	2.321	TACTTA
1038067	536	6m	2.776	TACTTA
1038078	416	7A1	1.482	TACTTA
1038119	118	7m8	2.562	CTACTT
1038119	935	7A1	2.764	TACTTA
1038130	32	7A1	1.027	TACTTA
1038223	980	6m	1.246	TACTTA
1038273	151	7A1	3.232	TACTTA
1038273	399	6m	2.073	TACTTA
1038284	132	6m	1.162	TACTTA
1038293	3678	6m	2.235	TACTTA
1038293	4541	6m	2.933	TACTTA
1038312	65	o6	2.958	CTACTT
1038366	22	7A1	2.957	TACTTA
1038366	440	8m	3.956	CTACTT
1038366	773	7m8	1.560	CTACTT
1038371	54	7m8	2.020	CTACTT
1038371	102	6m	1.943	TACTTA
1038393	127	o6	1.073	CTACTT
1038410	304	6m	1.848	TACTTA
1038470	422	7m8	1.602	CTACTT
1038484	567	7A1	1.560	TACTTA
1038485	508	6m	2.135	TACTTA
1038511	288	6m	2.462	TACTTA
1038512	434	7A1	2.497	TACTTA
1038521	55	o6	1.848	CTACTT
1038521	103	7A1	2.059	TACTTA
1038521	650	7m8	1.181	TACTTA
1038521	1325	7A1	1.874	TACTTA
1038640	1666	6m	1.073	TACTTA
1038640	2038	8m	1.690	CTACTT
1038710	1058	6m	2.589	TACTTA
1038748	471	6m	1.682	TACTTA
1038757	716	7A1	1.618	TACTTA
1038833	905	6m	2.301	TACTTA
1038841	211	8m	1.692	TACTTA
1038855	246	7m8	2.306	TACTTA
1038860	136	7A1	1.852	TACTTA
1038860	928	6m	3.649	TACTTA
1038860	1313	7m8	1.015	TACTTA
1038867	474	8m	2.133	TACTTA
1038929	97	o6	1.560	CTACTT
1038930	28	8m	1.426	CTACTT
1038930	163	6m	2.584	TACTTA
1038948	1229	6m	2.110	TACTTA
1038954	1029	6m	2.371	TACTTA
1039224	99	6m	1.784	TACTTA
1039244	55	o6	1.380	CTACTT
1039244	229	8m	1.560	CTACTT
1039250	40	7m8	2.376	TACTTA
1039285	1934	o6	1.298	CTACTT
1039398	454	o6	2.090	CTACTT
1039398	463	6m	1.406	TACTTA
1039431	1450	6m	2.186	TACTTA
1039469	1245	o6	1.889	CTACTT
1039502	4357	7m8	5.179	CTACTT
1039503	1083	7A1	2.377	TACTTA
1039548	80	o6	1.092	CTACTT
1039578	960	o6	1.407	CTACTT
1039578	5328	6m	2.508	TACTTA
1039606	774	6m	2.011	TACTTA
1039606	782	7A1	2.011	TACTTA
1039606	997	7A1	2.627	TACTTA
1039651	633	8m	2.272	TACTTA
1039706	205	7m8	1.280	CTACTT
1039718	836	6m	1.217	TACTTA
1039797	2769	7A1	1.509	TACTTA
1039853	1079	6m	2.073	TACTTA
1039853	2997	7A1	1.700	TACTTA
1039853	3161	6m	1.288	TACTTA
1039858	4806	6m	2.659	TACTTA
1039865	119	6m	2.955	TACTTA
1039908	713	6m	1.645	TACTTA
1039908	1100	7m8	2.858	CTACTT
1039908	4074	6m	1.381	TACTTA
1039908	4113	6m	1.283	TACTTA
1039908	4138	7A1	1.615	TACTTA
1039919	2713	7A1	1.356	TACTTA
1039920	324	7A1	3.679	TACTTA
1039920	1374	8m	2.432	CTACTT
1039971	52	6m	1.658	TACTTA
1040004	271	o6	1.085	CTACTT
1040016	1661	7A1	1.212	TACTTA
1040019	130	7A1	1.735	TACTTA
1040034	70	o6	1.977	CTACTT
1040034	295	6m	1.560	TACTTA
1040048	340	6m	1.891	TACTTA
1040048	1788	o6	2.002	CTACTT
1040048	1943	o6	1.845	CTACTT
1040048	3335	o6	1.952	CTACTT
1040054	436	6m	1.632	TACTTA
1040058	910	7A1	1.271	TACTTA
1040070	3172	o6	2.831	CTACTT
1040070	3453	o6	1.954	CTACTT
1040115	481	6m	2.776	TACTTA
1040123	942	7A1	1.021	TACTTA
1040154	243	6m	2.981	TACTTA
1040165	4048	7A1	3.398	TACTTA
1040165	4304	6m	1.389	TACTTA
1040190	1632	6m	3.395	TACTTA
1040190	2068	6m	1.903	TACTTA
1040190	3950	o6	1.906	CTACTT
1040190	4170	o6	1.203	CTACTT
1040202	629	6m	1.544	TACTTA
1040214	1998	7A1	1.120	TACTTA
1040228	874	7A1	1.690	TACTTA
1040234	508	o6	1.761	CTACTT
1040234	812	7A1	3.449	TACTTA
1040234	1465	7m8	2.433	CTACTT
1040246	164	7m8	1.073	CTACTT
1040283	508	7A1	2.189	TACTTA
1040283	2298	8m	1.482	TACTTA
1040283	6148	6m	1.151	TACTTA
1040286	219	6m	1.087	TACTTA
1040294	1637	o6	1.437	CTACTT
1040298	1610	6m	1.249	TACTTA
1040298	4542	7m8	1.304	TACTTA
1040303	200	6m	1.230	TACTTA
1040304	1093	7m8	1.499	CTACTT
1040304	1391	6m	3.529	TACTTA
1040304	2350	7A1	1.692	TACTTA
1040331	477	6m	1.643	TACTTA
1040337	3121	o6	1.557	CTACTT
1040346	2868	6m	1.491	TACTTA
1040352	3208	6m	1.693	TACTTA
1040367	1590	6m	1.818	TACTTA
1040377	599	7m8	1.065	CTACTT
1040417	757	6m	1.299	TACTTA
1040417	1208	6m	2.785	TACTTA
1040417	1216	7A1	2.785	TACTTA
1040417	2228	7A1	1.441	TACTTA
1040438	1237	6m	1.740	TACTTA
1040458	378	6m	1.740	TACTTA
1040483	821	7A1	1.189	TACTTA
1040492	13	7A1	1.443	TACTTA
1040495	1429	o6	1.037	CTACTT
1040500	1419	7A1	1.468	TACTTA
1040503	187	6m	1.055	TACTTA
1040538	125	6m	2.250	TACTTA
1040584	825	6m	1.786	TACTTA
1040589	1174	8m	1.157	TACTTA
1040589	2989	6m	2.693	TACTTA
1040590	3874	6m	1.518	TACTTA
1040590	5263	6m	1.518	TACTTA
1040590	7562	6m	1.848	TACTTA
1040623	1084	6m	1.271	TACTTA
1040628	203	6m	1.156	TACTTA
1040635	999	o6	2.156	CTACTT
1040635	1688	7A1	2.287	TACTTA
1040635	2014	o6	2.614	CTACTT
1040635	4730	o6	2.904	CTACTT
1040635	5002	6m	2.904	TACTTA
1040646	1153	7A1	2.429	TACTTA
