1000021	689	6m	2.807	GAGCTT
1000021	1032	6m	2.025	GAGCTT
1000066	1093	7m8	2.875	GAGCTT
1000066	2589	6m	2.015	GAGCTT
1000177	244	6m	1.680	GAGCTT
1000200	240	7A1	1.980	GAGCTT
1000281	796	6m	1.487	GAGCTT
1000520	311	6m	1.941	GAGCTT
1000787	363	7m8	1.499	CGAGCT
1000923	1341	6m	1.301	GAGCTT
1000929	914	6m	1.540	GAGCTT
1001000	101	6m	1.094	GAGCTT
1001024	176	6m	1.143	GAGCTT
1001249	789	6m	2.065	GAGCTT
1001256	245	6m	2.406	GAGCTT
1001291	42	6m	2.834	GAGCTT
1001514	944	7A1	2.171	GAGCTT
1001578	381	7m8	1.260	GAGCTT
1001601	678	6m	1.891	GAGCTT
1001601	1757	6m	2.344	GAGCTT
1001629	79	6m	1.029	GAGCTT
1001667	110	8m	2.075	CGAGCT
1001906	1106	6m	1.288	GAGCTT
1001906	2324	6m	1.688	GAGCTT
1001948	2247	7m8	1.322	CGAGCT
1001966	528	o6	2.204	CGAGCT
1002080	5	7A1	1.322	GAGCTT
1002293	340	6m	1.945	GAGCTT
1002304	67	7m8	2.069	GAGCTT
1002527	57	7A1	2.206	GAGCTT
1002578	606	7A1	2.552	GAGCTT
1002743	80	7A1	2.062	GAGCTT
1002826	2306	8m	2.313	CGAGCT
1002877	935	6m	2.377	GAGCTT
1002979	157	o6	2.523	CGAGCT
1003122	1176	6m	1.744	GAGCTT
1003161	24	8m	1.183	GAGCTT
1003209	298	6m	1.079	GAGCTT
1003310	216	6m	1.526	GAGCTT
1003387	734	6m	1.992	GAGCTT
1003498	110	6m	1.598	GAGCTT
1003612	185	o6	1.349	CGAGCT
1003631	1706	7m8	1.563	GAGCTT
1003660	1652	o6	1.167	CGAGCT
1003884	333	6m	1.937	GAGCTT
1003975	74	6m	2.330	GAGCTT
1004817	576	7m8	1.857	CGAGCT
1004868	145	6m	1.047	GAGCTT
1004879	179	6m	1.193	GAGCTT
1005216	712	o6	1.731	CGAGCT
1005216	1577	8m	1.195	GAGCTT
1005568	391	7A1	1.405	GAGCTT
1005595	658	7A1	2.255	GAGCTT
1005646	769	o6	1.690	CGAGCT
1005646	1949	6m	2.396	GAGCTT
1005973	99	7m8	3.782	GAGCTT
1006692	259	o6	1.350	CGAGCT
1006692	301	o6	1.268	CGAGCT
1007290	174	6m	1.210	GAGCTT
1007484	1175	o6	1.053	CGAGCT
1007502	1290	6m	2.292	GAGCTT
1007731	590	o6	1.280	CGAGCT
1007740	2050	6m	2.002	GAGCTT
1007812	2062	o6	2.715	CGAGCT
1007923	179	o6	1.055	CGAGCT
1007936	312	o6	1.027	CGAGCT
1007980	821	7m8	1.346	GAGCTT
1008093	190	6m	1.284	GAGCTT
1008093	1060	o6	1.251	CGAGCT
1008126	229	7A1	1.588	GAGCTT
1008145	3977	6m	1.629	GAGCTT
1008145	9182	7A1	2.013	GAGCTT
1008150	139	6m	1.073	GAGCTT
1008192	714	o6	1.212	CGAGCT
1008372	196	o6	1.980	CGAGCT
1008420	180	o6	1.004	CGAGCT
1008521	982	6m	1.682	GAGCTT
1008614	188	6m	1.722	GAGCTT
1008650	102	o6	1.284	CGAGCT
1008716	143	o6	1.328	CGAGCT
1008750	147	6m	2.349	GAGCTT
1008780	907	6m	1.011	GAGCTT
1008846	510	7A1	2.045	GAGCTT
1008918	402	o6	1.523	CGAGCT
1008965	65	o6	1.130	CGAGCT
1008966	1329	7A1	2.341	GAGCTT
1008995	1297	7A1	1.047	GAGCTT
1009026	167	7A1	2.497	GAGCTT
1009026	1576	6m	1.560	GAGCTT
1009026	1707	8m	1.673	CGAGCT
1009037	182	6m	2.624	GAGCTT
1009037	2422	6m	1.032	GAGCTT
1009074	516	7m8	2.981	GAGCTT
1009101	449	7A1	1.808	GAGCTT
1009150	87	6m	1.322	GAGCTT
1009153	167	7m8	2.891	GAGCTT
1009289	396	o6	1.039	CGAGCT
1009304	339	6m	2.103	GAGCTT
1009348	221	6m	2.378	GAGCTT
1009434	817	o6	2.073	CGAGCT
1009609	57	o6	1.317	CGAGCT
1009647	436	7A1	1.873	GAGCTT
1009798	444	o6	1.117	CGAGCT
1009799	607	o6	1.806	CGAGCT
1009834	1332	6m	1.195	GAGCTT
1009902	68	6m	2.546	GAGCTT
1010129	267	7A1	1.505	GAGCTT
1010160	1058	7A1	2.991	GAGCTT
1010232	1768	7m8	3.034	CGAGCT
1010238	1395	7m8	3.034	CGAGCT
1010250	1153	6m	2.316	GAGCTT
1010250	2401	6m	2.793	GAGCTT
1010260	38	o6	1.020	CGAGCT
1010322	44	o6	1.005	CGAGCT
1010322	109	6m	1.416	GAGCTT
1010397	270	7A1	2.105	GAGCTT
1010401	2882	7A1	1.765	GAGCTT
1010465	479	7m8	1.255	GAGCTT
1010483	840	o6	1.665	CGAGCT
1010511	622	o6	1.584	CGAGCT
1010677	177	o6	1.521	CGAGCT
1010703	48	6m	2.833	GAGCTT
1011107	1859	6m	3.002	GAGCTT
1011490	571	o6	1.171	CGAGCT
1011491	479	6m	2.316	GAGCTT
1011491	833	6m	2.586	GAGCTT
1011534	3	o6	1.191	CGAGCT
1011613	50	6m	1.163	GAGCTT
1011746	391	6m	2.616	GAGCTT
1012002	605	6m	3.143	GAGCTT
1012283	56	6m	2.318	GAGCTT
1012513	28	6m	3.034	GAGCTT
1012671	176	6m	1.064	GAGCTT
1012719	38	o6	1.755	CGAGCT
1012743	116	7A1	1.556	GAGCTT
1012760	82	6m	3.017	GAGCTT
1012776	221	o6	1.278	CGAGCT
1012776	1585	o6	2.226	CGAGCT
1012839	812	7A1	1.255	GAGCTT
1013008	150	o6	1.063	CGAGCT
1013073	656	7m8	3.002	GAGCTT
1013073	1373	o6	2.840	CGAGCT
1013108	1893	6m	3.221	GAGCTT
1013234	15	6m	1.263	GAGCTT
1013241	65	o6	1.432	CGAGCT
1013312	1282	7A1	2.533	GAGCTT
1013330	230	6m	1.928	GAGCTT
1013413	1067	6m	3.165	GAGCTT
1013443	1688	7m8	3.232	GAGCTT
1013444	64	o6	1.073	CGAGCT
1013573	428	o6	1.540	CGAGCT
1013643	613	o6	2.409	CGAGCT
1013687	463	7m8	2.654	GAGCTT
1013988	251	6m	1.067	GAGCTT
1014069	175	6m	1.483	GAGCTT
1014076	179	6m	1.106	GAGCTT
1014295	2168	6m	2.262	GAGCTT
1014358	1284	7m8	1.166	CGAGCT
1014387	93	6m	2.311	GAGCTT
1014436	694	6m	2.981	GAGCTT
1014644	328	o6	2.544	CGAGCT
1014856	2070	o6	1.713	CGAGCT
1014859	281	6m	2.589	GAGCTT
1014884	93	7A1	2.660	GAGCTT
1014961	89	o6	1.383	CGAGCT
1014988	5914	o6	2.654	CGAGCT
1015041	1754	6m	1.660	GAGCTT
1015041	6239	o6	1.322	CGAGCT
1015047	2703	8m	2.085	CGAGCT
1015077	106	o6	1.331	CGAGCT
1015109	72	6m	1.848	GAGCTT
1015122	1261	6m	1.088	GAGCTT
1015125	1055	6m	1.088	GAGCTT
1015128	1515	6m	1.088	GAGCTT
1015171	52	o6	1.517	CGAGCT
1015195	566	o6	1.334	CGAGCT
1015364	277	o6	2.684	CGAGCT
1015465	86	7m8	1.465	GAGCTT
1015465	94	6m	1.465	GAGCTT
1015526	2893	o6	1.186	CGAGCT
1015555	3230	6m	2.262	GAGCTT
1015667	291	o6	1.284	CGAGCT
1015714	241	7m8	1.380	CGAGCT
1015778	663	6m	1.536	GAGCTT
1015789	402	o6	1.248	CGAGCT
1015789	1614	6m	2.350	GAGCTT
1015925	484	6m	1.073	GAGCTT
1015925	545	6m	1.543	GAGCTT
1015936	1240	6m	1.606	GAGCTT
1015946	56	7A1	1.415	GAGCTT
1015952	145	6m	2.467	GAGCTT
1015972	3100	7A1	1.563	GAGCTT
1016019	2074	o6	1.578	CGAGCT
1016026	2031	o6	1.343	CGAGCT
1016047	1259	8m	2.425	CGAGCT
1016143	256	6m	2.312	GAGCTT
1016209	472	6m	1.637	GAGCTT
1016250	1027	o6	2.235	CGAGCT
1016373	100	6m	1.029	GAGCTT
1016382	356	7A1	1.444	GAGCTT
1016452	102	7A1	1.574	GAGCTT
1016539	45	6m	1.138	GAGCTT
1016599	1246	6m	2.196	GAGCTT
1016620	93	7m8	2.537	CGAGCT
1016629	22	6m	1.659	GAGCTT
1016667	46	o6	1.338	CGAGCT
1016692	90	6m	1.973	GAGCTT
1016707	86	7m8	3.026	CGAGCT
1016865	415	7A1	3.034	GAGCTT
1016922	725	o6	2.652	CGAGCT
1016971	2167	6m	1.934	GAGCTT
1017157	582	8m	2.269	GAGCTT
1017227	222	6m	2.528	GAGCTT
1017258	1287	o6	1.084	CGAGCT
1017294	40	7A1	1.082	GAGCTT
1017356	227	6m	2.120	GAGCTT
1017614	4026	6m	2.801	GAGCTT
1017727	220	7m8	1.859	GAGCTT
1017733	999	o6	1.102	CGAGCT
1017776	401	6m	1.690	GAGCTT
1018243	1380	7m8	1.212	CGAGCT
1018284	227	7m8	1.598	GAGCTT
1018353	501	7A1	3.026	GAGCTT
1018766	673	6m	2.660	GAGCTT
1019207	163	6m	1.563	GAGCTT
1019329	761	6m	2.338	GAGCTT
1019579	2548	6m	2.098	GAGCTT
1019698	635	7A1	3.000	GAGCTT
1019713	614	7A1	1.906	GAGCTT
1020145	116	6m	1.053	GAGCTT
1020219	419	6m	2.106	GAGCTT
1020279	82	6m	1.313	GAGCTT
1020319	2170	o6	1.474	CGAGCT
1020654	264	6m	1.163	GAGCTT
1020934	909	7A1	1.473	GAGCTT
1021005	445	6m	2.660	GAGCTT
1021318	91	6m	1.064	GAGCTT
1021348	121	6m	1.322	GAGCTT
1021406	23	7A1	1.513	GAGCTT
1021840	567	6m	1.053	GAGCTT
1021989	658	o6	2.190	CGAGCT
1022066	1746	6m	2.114	GAGCTT
1022168	73	o6	1.498	CGAGCT
1022180	134	6m	1.276	GAGCTT
1022256	38	6m	1.222	GAGCTT
1022418	1118	6m	2.544	GAGCTT
1022495	7	o6	1.051	CGAGCT
1022576	102	6m	1.122	GAGCTT
1022604	770	o6	1.309	CGAGCT
1022932	663	6m	1.310	GAGCTT
1023157	513	7m8	1.891	GAGCTT
1023391	318	6m	1.059	GAGCTT
1023443	43	8m	2.350	CGAGCT
1023599	7053	7A1	2.544	GAGCTT
1023599	7462	6m	2.544	GAGCTT
1023673	865	7m8	1.001	CGAGCT
1023681	1439	o6	1.128	CGAGCT
1023790	918	7A1	1.563	GAGCTT
1023790	4130	o6	2.680	CGAGCT
1023838	50	6m	2.820	GAGCTT
1023850	191	7A1	2.945	GAGCTT
1023850	275	6m	3.034	GAGCTT
1023866	91	6m	1.295	GAGCTT
1023885	478	6m	1.322	GAGCTT
1023897	611	o6	2.453	CGAGCT
1023955	105	6m	1.223	GAGCTT
1023955	618	7m8	1.639	GAGCTT
1023970	429	o6	1.437	CGAGCT
1024012	748	o6	1.093	CGAGCT
1024028	131	o6	1.008	CGAGCT
1024048	63	o6	1.682	CGAGCT
1024048	298	6m	1.697	GAGCTT
1024085	1963	7A1	1.120	GAGCTT
1024114	471	7A1	2.617	GAGCTT
1024178	244	8m	1.589	CGAGCT
1024211	1930	6m	2.544	GAGCTT
1024211	2589	6m	1.251	GAGCTT
1024271	140	6m	1.499	GAGCTT
1024291	140	6m	2.080	GAGCTT
1024297	247	6m	2.280	GAGCTT
1024297	260	7m8	1.742	GAGCTT
1024421	25	6m	2.840	GAGCTT
1024465	2318	7m8	2.544	CGAGCT
1024556	1256	o6	1.987	CGAGCT
1024613	231	6m	1.944	GAGCTT
1024708	357	6m	1.382	GAGCTT
1024715	4706	7A1	2.685	GAGCTT
1024733	463	7A1	2.779	GAGCTT
1024774	158	o6	1.877	CGAGCT
1024935	369	8m	1.409	CGAGCT
1024945	345	6m	2.270	GAGCTT
1024956	5234	o6	1.346	CGAGCT
1024978	1262	o6	1.120	CGAGCT
1025022	3	7A1	3.067	GAGCTT
1025059	1453	7A1	2.641	GAGCTT
1025410	35	6m	3.162	GAGCTT
1025512	691	7A1	2.385	GAGCTT
1025536	70	6m	2.462	GAGCTT
1025600	182	o6	1.150	CGAGCT
1025618	686	o6	1.866	CGAGCT
1025665	710	7m8	3.383	CGAGCT
1025755	836	6m	2.538	GAGCTT
1025949	16	8m	2.162	GAGCTT
1026087	221	6m	1.626	GAGCTT
1026200	1534	o6	1.815	CGAGCT
1026268	284	6m	2.477	GAGCTT
1026287	410	7A1	1.690	GAGCTT
1026369	134	7A1	1.229	GAGCTT
1026471	115	6m	1.053	GAGCTT
1026480	2227	7A1	2.220	GAGCTT
1026554	709	6m	1.288	GAGCTT
1026681	4	7m8	1.078	GAGCTT
1026688	354	o6	1.927	CGAGCT
1026761	429	6m	1.319	GAGCTT
1026791	47	6m	1.227	GAGCTT
1026818	83	7A1	1.559	GAGCTT
1026849	171	6m	1.198	GAGCTT
1026885	188	6m	1.284	GAGCTT
1027138	306	8m	2.286	CGAGCT
1027168	57	6m	1.513	GAGCTT
1027180	173	6m	2.152	GAGCTT
1027214	543	7m8	1.973	GAGCTT
1027262	59	o6	1.950	CGAGCT
1027701	56	o6	2.084	CGAGCT
1027725	339	6m	2.069	GAGCTT
1027764	71	o6	1.871	CGAGCT
1027801	382	6m	1.708	GAGCTT
1027844	437	6m	1.294	GAGCTT
1027977	34	6m	1.267	GAGCTT
1028001	696	6m	3.865	GAGCTT
1028301	79	7A1	1.468	GAGCTT
1028348	115	7A1	1.032	GAGCTT
1028441	367	o6	3.269	CGAGCT
1028508	331	6m	1.958	GAGCTT
1028620	385	6m	1.251	GAGCTT
1028734	565	o6	1.434	CGAGCT
1028931	1068	7A1	1.313	GAGCTT
1029459	958	8m	1.284	CGAGCT
1029558	404	6m	1.394	GAGCTT
1029647	438	7m8	1.470	CGAGCT
1029728	333	o6	1.012	CGAGCT
1029749	898	7A1	1.014	GAGCTT
1029835	783	6m	2.410	GAGCTT
1029885	602	o6	1.657	CGAGCT
1029941	74	o6	1.584	CGAGCT
1029941	80	o6	1.584	CGAGCT
1030189	524	o6	1.008	CGAGCT
1030302	410	6m	1.028	GAGCTT
1030340	457	6m	1.284	GAGCTT
1030340	757	o6	1.830	CGAGCT
1030373	128	6m	1.516	GAGCTT
1030476	503	6m	2.544	GAGCTT
1030716	1215	7A1	1.608	GAGCTT
1030843	141	6m	1.321	GAGCTT
1030951	-1	6m	1.326	GAGCTT
1031126	479	7m8	1.363	GAGCTT
1031142	2355	7A1	1.150	GAGCTT
1031156	1444	7m8	2.981	CGAGCT
1031212	456	o6	1.334	CGAGCT
1031239	175	o6	2.112	CGAGCT
1031315	403	o6	1.088	CGAGCT
1031498	1500	7A1	2.038	GAGCTT
1031503	29	6m	1.240	GAGCTT
1031830	1246	8m	2.815	CGAGCT
1031833	119	o6	1.322	CGAGCT
1031883	1010	o6	1.289	CGAGCT
1031965	317	o6	1.547	CGAGCT
1031994	2094	7m8	2.660	CGAGCT
1032031	1107	o6	1.041	CGAGCT
1032200	30	7A1	2.304	GAGCTT
1032322	226	6m	1.266	GAGCTT
1032406	18	o6	1.283	CGAGCT
1032728	181	6m	2.508	GAGCTT
1032817	93	o6	1.205	CGAGCT
1032829	363	o6	1.581	CGAGCT
1032832	426	6m	2.159	GAGCTT
1032840	558	o6	2.555	CGAGCT
1032896	156	6m	1.833	GAGCTT
1032902	2231	7m8	1.322	GAGCTT
1032918	278	o6	1.041	CGAGCT
1032929	1331	8m	2.656	CGAGCT
1033025	283	7A1	1.073	GAGCTT
1033089	354	7A1	1.467	GAGCTT
1033152	1781	7A1	2.206	GAGCTT
1033196	1265	o6	1.630	CGAGCT
1033205	565	o6	1.912	CGAGCT
1033322	510	7m8	2.660	GAGCTT
1033373	235	o6	1.540	CGAGCT
1033669	547	6m	2.623	GAGCTT
1033824	641	o6	1.932	CGAGCT
1033894	352	6m	1.692	GAGCTT
1034248	6	o6	1.783	CGAGCT
1034262	718	6m	1.235	GAGCTT
1034328	183	o6	2.322	CGAGCT
1034337	690	6m	3.333	GAGCTT
1034347	1519	6m	1.732	GAGCTT
1034347	1563	6m	2.863	GAGCTT
1034361	713	8m	1.126	GAGCTT
1034362	1950	o6	3.347	CGAGCT
1034370	268	7A1	2.826	GAGCTT
1034389	8	6m	2.383	GAGCTT
1034434	503	o6	1.814	CGAGCT
1034652	172	7A1	1.026	GAGCTT
1034836	1149	7A1	2.292	GAGCTT
1034917	2679	6m	1.145	GAGCTT
1035136	589	6m	1.598	GAGCTT
1035192	548	6m	1.801	GAGCTT
1035251	135	7A1	2.301	GAGCTT
1035251	783	8m	1.625	CGAGCT
1035288	1522	6m	2.384	GAGCTT
1035372	436	6m	5.267	GAGCTT
1035380	757	o6	1.606	CGAGCT
1035380	956	6m	3.620	GAGCTT
1035527	3147	7m8	3.602	CGAGCT
1035575	1092	7A1	1.156	GAGCTT
1035582	1125	o6	1.362	CGAGCT
1035656	2670	o6	1.220	CGAGCT
1035656	2681	o6	2.048	CGAGCT
1035704	810	6m	3.328	GAGCTT
1035755	981	6m	3.464	GAGCTT
1035782	1780	7m8	2.065	GAGCTT
1035843	2720	6m	1.278	GAGCTT
1035989	301	o6	1.349	CGAGCT
1035989	370	7m8	1.858	GAGCTT
1036046	1508	6m	2.961	GAGCTT
1036127	3248	o6	1.222	CGAGCT
1036127	8411	o6	1.806	CGAGCT
1036128	139	7m8	1.445	GAGCTT
1036154	1554	o6	2.097	CGAGCT
1036199	445	6m	1.182	GAGCTT
1036343	1465	6m	1.988	GAGCTT
1036367	569	6m	1.635	GAGCTT
1036558	903	6m	1.262	GAGCTT
1036739	29	7A1	1.320	GAGCTT
1036892	122	6m	1.221	GAGCTT
1036899	105	7A1	2.575	GAGCTT
1036910	1639	6m	1.648	GAGCTT
1037090	1103	6m	1.875	GAGCTT
1037386	1168	o6	1.405	CGAGCT
1037440	651	o6	1.193	CGAGCT
1037494	762	6m	1.760	GAGCTT
1037534	509	6m	1.440	GAGCTT
1037615	644	6m	1.331	GAGCTT
1037620	35	6m	1.697	GAGCTT
1037775	108	6m	1.913	GAGCTT
1037844	160	o6	1.103	CGAGCT
1038122	55	6m	1.073	GAGCTT
1038160	989	7m8	1.560	CGAGCT
1038312	1606	7A1	2.073	GAGCTT
1038312	1708	o6	1.084	CGAGCT
1038366	723	8m	1.407	CGAGCT
1038511	630	7A1	2.497	GAGCTT
1038571	647	o6	1.532	CGAGCT
1038640	2021	6m	1.212	GAGCTT
1038652	237	o6	1.157	CGAGCT
1038670	383	o6	1.400	CGAGCT
1038797	41	6m	1.312	GAGCTT
1038808	1561	6m	1.879	GAGCTT
1038936	203	o6	1.306	CGAGCT
1039227	401	8m	1.786	GAGCTT
1039250	15	6m	1.144	GAGCTT
1039282	452	6m	1.859	GAGCTT
1039376	221	7A1	1.661	GAGCTT
1039431	1379	o6	1.460	CGAGCT
1039436	146	6m	1.268	GAGCTT
1039445	414	7A1	1.246	GAGCTT
1039451	390	8m	1.378	GAGCTT
1039502	77	6m	4.576	GAGCTT
1039612	610	7m8	1.710	GAGCTT
1039797	1104	6m	1.201	GAGCTT
1039797	1331	6m	2.048	GAGCTT
1039808	887	o6	3.165	CGAGCT
1039811	842	o6	3.165	CGAGCT
1039949	360	6m	1.463	GAGCTT
1039964	143	7m8	1.030	GAGCTT
1039995	355	7A1	2.001	GAGCTT
1039999	863	7A1	2.321	GAGCTT
1040016	1835	7A1	1.320	GAGCTT
1040019	304	7A1	1.894	GAGCTT
1040037	876	o6	3.165	CGAGCT
1040048	497	7A1	1.560	GAGCTT
1040048	3463	6m	2.775	GAGCTT
1040057	993	o6	1.670	CGAGCT
1040070	1411	6m	1.304	GAGCTT
1040070	1983	7A1	2.869	GAGCTT
1040129	801	o6	1.196	CGAGCT
1040136	875	o6	1.047	CGAGCT
1040145	647	7A1	1.208	GAGCTT
1040190	930	6m	3.477	GAGCTT
1040210	426	7A1	1.130	GAGCTT
1040283	6293	7A1	1.569	GAGCTT
1040286	34	6m	1.603	GAGCTT
1040294	1074	6m	3.649	GAGCTT
1040298	7517	6m	1.185	GAGCTT
1040367	65	o6	1.073	CGAGCT
1040429	1000	6m	1.648	GAGCTT
1040479	2500	o6	1.138	CGAGCT
1040584	146	7A1	1.350	GAGCTT
1040589	648	7m8	3.581	CGAGCT
1040590	6462	7A1	1.542	GAGCTT
