1000066	2517	7m8	1.469	AGTTAA
1000069	1026	6m	1.687	GTTAAC
1000107	369	o6	1.593	AGTTAA
1000114	231	6m	1.251	GTTAAC
1000134	418	o6	1.764	AGTTAA
1000134	1219	o6	1.882	AGTTAA
1000134	1745	6m	1.248	GTTAAC
1000219	1447	o6	1.162	AGTTAA
1000224	295	6m	1.850	GTTAAC
1000249	1875	o6	1.147	AGTTAA
1000269	129	7A1	1.026	GTTAAC
1000272	431	o6	2.267	AGTTAA
1000282	780	o6	1.084	AGTTAA
1000294	351	7m8	2.425	AGTTAA
1000327	754	6m	1.792	GTTAAC
1000345	140	7m8	1.053	AGTTAA
1000360	1955	o6	2.545	AGTTAA
1000373	1365	o6	1.124	AGTTAA
1000373	1489	7m8	1.590	AGTTAA
1000373	1992	o6	2.752	AGTTAA
1000385	893	o6	1.711	AGTTAA
1000385	1117	o6	1.414	AGTTAA
1000386	169	o6	1.329	AGTTAA
1000386	281	6m	1.257	GTTAAC
1000386	385	o6	1.860	AGTTAA
1000391	979	7A1	2.217	GTTAAC
1000395	1051	o6	2.132	AGTTAA
1000436	126	o6	2.922	AGTTAA
1000436	884	o6	1.159	AGTTAA
1000443	171	o6	2.106	AGTTAA
1000443	931	o6	1.563	AGTTAA
1000443	3020	o6	2.148	AGTTAA
1000478	1851	7m8	1.736	AGTTAA
1000478	2010	o6	1.517	AGTTAA
1000490	302	o6	1.846	AGTTAA
1000493	1065	o6	2.343	AGTTAA
1000493	1177	o6	1.931	AGTTAA
1000493	1407	o6	2.228	AGTTAA
1000493	3957	o6	2.029	AGTTAA
1000493	4653	o6	1.053	AGTTAA
1000533	137	8m	1.940	AGTTAA
1000568	357	o6	1.322	AGTTAA
1000580	1094	6m	1.047	GTTAAC
1000610	2156	o6	1.405	AGTTAA
1000613	50	o6	1.073	AGTTAA
1000619	306	6m	1.549	GTTAAC
1000767	309	7m8	1.815	AGTTAA
1000779	3077	o6	1.073	AGTTAA
1000787	421	7A1	2.875	GTTAAC
1000829	2034	o6	1.284	AGTTAA
1000842	1298	o6	1.353	AGTTAA
1000845	3131	o6	1.942	AGTTAA
1000874	105	o6	1.542	AGTTAA
1000890	39	6m	1.522	GTTAAC
1000896	22	o6	2.826	AGTTAA
1000907	476	o6	2.876	AGTTAA
1000920	611	7A1	2.409	GTTAAC
1000947	133	7m8	2.409	AGTTAA
1000968	1494	8m	2.231	AGTTAA
1000979	1382	6m	1.135	GTTAAC
1000991	948	o6	1.966	AGTTAA
1000991	1276	o6	2.786	AGTTAA
1001069	1253	6m	2.854	GTTAAC
1001069	1311	o6	4.343	AGTTAA
1001069	1669	o6	2.595	AGTTAA
1001083	91	7m8	2.386	GTTAAC
1001083	202	8m	1.469	AGTTAA
1001120	46	6m	1.359	GTTAAC
1001125	112	6m	1.117	GTTAAC
1001143	501	6m	1.964	GTTAAC
1001148	30	7A1	2.904	GTTAAC
1001182	30	o6	1.556	AGTTAA
1001291	117	6m	1.484	GTTAAC
1001330	63	7A1	1.616	GTTAAC
1001394	227	8m	1.325	AGTTAA
1001408	556	o6	2.220	AGTTAA
1001440	1413	7m8	3.100	AGTTAA
1001497	61	6m	1.450	GTTAAC
1001500	209	o6	1.649	AGTTAA
1001500	624	o6	2.941	AGTTAA
1001533	354	7A1	1.241	GTTAAC
1001533	1766	o6	1.102	AGTTAA
1001533	4483	8m	2.617	AGTTAA
1001533	5170	7m8	1.563	GTTAAC
1001533	5277	o6	1.152	AGTTAA
1001533	5533	6m	2.617	GTTAAC
1001533	5646	7A1	1.241	GTTAAC
1001533	5854	o6	2.617	AGTTAA
1001545	59	7A1	2.181	GTTAAC
1001577	505	o6	1.131	AGTTAA
1001620	657	o6	1.958	AGTTAA
1001729	32	o6	2.010	AGTTAA
1001729	254	o6	1.373	AGTTAA
1001738	1369	o6	1.108	AGTTAA
1001805	236	o6	1.367	AGTTAA
1001817	3204	o6	4.164	AGTTAA
1001916	229	o6	1.043	AGTTAA
1001933	63	7m8	2.383	AGTTAA
1001948	653	7A1	1.173	GTTAAC
1001949	486	6m	2.474	GTTAAC
1002054	123	7m8	1.883	AGTTAA
1002054	367	o6	2.343	AGTTAA
1002080	728	o6	2.061	AGTTAA
1002084	202	o6	1.205	AGTTAA
1002102	477	o6	3.132	AGTTAA
1002120	152	o6	1.758	AGTTAA
1002155	1055	o6	1.429	AGTTAA
1002176	1716	o6	1.333	AGTTAA
1002176	1723	o6	1.095	AGTTAA
1002176	2020	6m	1.777	GTTAAC
1002224	270	7m8	1.821	AGTTAA
1002260	203	o6	1.232	AGTTAA
1002293	413	7A1	1.598	GTTAAC
1002304	39	o6	2.635	AGTTAA
1002359	39	o6	3.515	AGTTAA
1002368	85	o6	1.448	AGTTAA
1002527	482	o6	2.071	AGTTAA
1002527	2063	o6	2.394	AGTTAA
1002602	98	o6	1.780	AGTTAA
1002641	325	7A1	1.447	GTTAAC
1002794	208	o6	2.647	AGTTAA
1002826	1340	o6	2.061	AGTTAA
1002877	140	7m8	2.289	GTTAAC
1002878	218	o6	1.963	AGTTAA
1002878	223	o6	1.963	AGTTAA
1002901	518	o6	2.116	AGTTAA
1002907	22	7A1	1.445	GTTAAC
1002908	91	6m	1.445	GTTAAC
1002947	301	7m8	1.600	AGTTAA
1002985	329	o6	1.495	AGTTAA
1003018	302	o6	1.264	AGTTAA
1003023	267	o6	1.073	AGTTAA
1003039	79	o6	1.560	AGTTAA
1003137	466	o6	2.046	AGTTAA
1003146	51	7m8	1.520	AGTTAA
1003241	168	6m	1.631	GTTAAC
1003242	799	8m	1.631	GTTAAC
1003248	1667	o6	1.140	AGTTAA
1003254	157	o6	1.520	AGTTAA
1003316	218	o6	2.017	AGTTAA
1003364	50	o6	1.322	AGTTAA
1003379	530	7A1	2.026	GTTAAC
1003379	1056	o6	1.867	AGTTAA
1003417	316	6m	1.284	GTTAAC
1003488	79	6m	2.226	GTTAAC
1003631	64	o6	2.446	AGTTAA
1003631	372	o6	1.861	AGTTAA
1003631	548	o6	2.617	AGTTAA
1003631	1960	o6	1.008	AGTTAA
1003675	415	o6	1.923	AGTTAA
1003699	84	o6	1.120	AGTTAA
1003720	14	o6	1.524	AGTTAA
1003738	24	o6	2.084	AGTTAA
1003756	7	6m	1.053	GTTAAC
1003858	164	o6	1.423	AGTTAA
1003894	25	o6	1.241	AGTTAA
1003960	145	6m	2.213	GTTAAC
1003996	69	o6	1.429	AGTTAA
1003996	112	o6	2.202	AGTTAA
1003999	699	o6	3.185	AGTTAA
1004050	372	o6	2.235	AGTTAA
1004110	87	o6	1.308	AGTTAA
1004127	304	6m	1.694	GTTAAC
1004139	38	6m	1.315	GTTAAC
1004238	563	o6	1.658	AGTTAA
1004248	311	6m	2.206	GTTAAC
1004277	54	7m8	1.240	GTTAAC
1004281	80	o6	1.448	AGTTAA
1004281	137	o6	1.621	AGTTAA
1004382	227	6m	1.514	GTTAAC
1004449	41	o6	1.175	AGTTAA
1004463	2677	7A1	1.130	GTTAAC
1004503	183	7A1	2.013	GTTAAC
1004503	351	o6	2.187	AGTTAA
1004503	1526	o6	1.084	AGTTAA
1004618	614	o6	1.434	AGTTAA
1004750	677	7m8	2.871	AGTTAA
1004811	87	o6	1.544	AGTTAA
1004898	623	o6	1.190	AGTTAA
1004958	931	7m8	3.021	AGTTAA
1005023	109	6m	1.247	GTTAAC
1005061	165	o6	1.606	AGTTAA
1005084	37	o6	1.881	AGTTAA
1005120	1760	o6	2.197	AGTTAA
1005201	64	o6	2.401	AGTTAA
1005349	269	o6	2.163	AGTTAA
1005349	939	o6	1.934	AGTTAA
1005358	595	o6	2.321	AGTTAA
1005358	1000	o6	2.098	AGTTAA
1005358	1758	o6	2.321	AGTTAA
1005358	1867	o6	2.035	AGTTAA
1005455	5	8m	4.560	AGTTAA
1005470	156	o6	2.643	AGTTAA
1005474	1190	6m	2.037	GTTAAC
1005550	156	o6	1.002	AGTTAA
1005557	724	o6	1.311	AGTTAA
1005557	1220	o6	1.731	AGTTAA
1005607	850	o6	1.316	AGTTAA
1005607	1153	o6	2.025	AGTTAA
1005626	442	o6	1.931	AGTTAA
1005646	3598	o6	1.413	AGTTAA
1005683	40	7A1	1.737	GTTAAC
1005709	997	o6	1.437	AGTTAA
1005730	472	o6	1.717	AGTTAA
1006071	74	o6	2.025	AGTTAA
1006094	91	6m	1.059	GTTAAC
1006098	116	o6	1.574	AGTTAA
1006098	461	6m	1.011	GTTAAC
1006098	475	6m	1.212	GTTAAC
1006107	1978	o6	2.017	AGTTAA
1006173	347	o6	1.533	AGTTAA
1006689	158	o6	1.593	AGTTAA
1006699	498	o6	1.084	AGTTAA
1006707	190	o6	2.472	AGTTAA
1006707	289	o6	1.729	AGTTAA
1006707	394	8m	2.648	AGTTAA
1006719	1246	o6	2.571	AGTTAA
1006719	1855	o6	1.437	AGTTAA
1006731	183	6m	2.110	GTTAAC
1006735	2767	o6	1.885	AGTTAA
1006872	1818	6m	1.177	GTTAAC
1006890	465	6m	2.045	GTTAAC
1006890	583	6m	1.168	GTTAAC
1006899	520	o6	1.286	AGTTAA
1006899	822	o6	1.347	AGTTAA
1006940	1867	o6	1.278	AGTTAA
1006940	2931	o6	1.051	AGTTAA
1006940	3102	o6	2.331	AGTTAA
1007031	877	o6	1.149	AGTTAA
1007092	139	o6	1.581	AGTTAA
1007118	1418	o6	1.387	AGTTAA
1007118	1474	7m8	1.424	AGTTAA
1007122	1051	7A1	1.880	GTTAAC
1007206	856	6m	1.017	GTTAAC
1007207	1226	o6	2.341	AGTTAA
1007231	661	o6	1.056	AGTTAA
1007231	1509	o6	2.807	AGTTAA
1007242	354	o6	2.609	AGTTAA
1007242	843	o6	2.396	AGTTAA
1007252	74	o6	2.566	AGTTAA
1007283	1228	7m8	1.687	AGTTAA
1007296	8	o6	2.212	AGTTAA
1007296	19	o6	2.275	AGTTAA
1007296	619	o6	2.181	AGTTAA
1007296	1252	o6	2.807	AGTTAA
1007340	434	o6	2.544	AGTTAA
1007364	3601	o6	1.159	AGTTAA
1007410	427	o6	1.079	AGTTAA
1007481	686	6m	1.562	GTTAAC
1007490	48	7m8	2.350	AGTTAA
1007530	748	o6	1.879	AGTTAA
1007530	1072	o6	1.680	AGTTAA
1007547	1489	7A1	2.060	GTTAAC
1007584	1573	o6	2.153	AGTTAA
1007629	1194	o6	2.544	AGTTAA
1007641	8	o6	1.651	AGTTAA
1007647	1283	7A1	3.034	GTTAAC
1007698	804	o6	1.699	AGTTAA
1007737	850	o6	1.087	AGTTAA
1007789	85	7A1	2.098	GTTAAC
1007792	239	o6	1.231	AGTTAA
1007815	138	8m	2.224	GTTAAC
1007839	73	o6	1.991	AGTTAA
1007861	711	o6	1.485	AGTTAA
1007870	89	o6	1.549	AGTTAA
1007875	157	o6	2.787	AGTTAA
1007878	265	6m	2.384	GTTAAC
1007897	340	6m	1.010	GTTAAC
1007897	349	o6	1.849	AGTTAA
1007897	1528	o6	2.046	AGTTAA
1007897	2207	o6	1.545	AGTTAA
1007897	2230	o6	1.029	AGTTAA
1007909	207	6m	1.248	GTTAAC
1007932	1715	6m	2.433	GTTAAC
1007935	358	7A1	1.439	GTTAAC
1007950	3143	o6	2.079	AGTTAA
1007980	2296	o6	1.278	AGTTAA
1007997	503	o6	1.027	AGTTAA
1008003	45	7m8	1.208	AGTTAA
1008004	96	6m	1.409	GTTAAC
1008019	553	o6	2.514	AGTTAA
1008060	82	o6	2.343	AGTTAA
1008060	187	6m	2.363	GTTAAC
1008072	268	o6	1.799	AGTTAA
1008090	223	o6	1.859	AGTTAA
1008090	312	o6	1.932	AGTTAA
1008093	159	o6	1.166	AGTTAA
1008093	811	o6	2.723	AGTTAA
1008109	87	8m	2.400	AGTTAA
1008145	1327	o6	1.186	AGTTAA
1008145	2531	o6	1.342	AGTTAA
1008145	8092	6m	1.029	GTTAAC
1008151	231	o6	2.388	AGTTAA
1008183	808	7A1	2.314	GTTAAC
1008195	102	o6	1.740	AGTTAA
1008198	332	o6	2.907	AGTTAA
1008204	457	7m8	2.832	AGTTAA
1008220	150	7A1	1.365	GTTAAC
1008240	540	6m	1.053	GTTAAC
1008255	951	7m8	1.343	GTTAAC
1008285	284	7A1	1.743	GTTAAC
1008313	434	o6	3.034	AGTTAA
1008318	419	o6	1.322	AGTTAA
1008331	129	7m8	1.284	GTTAAC
1008358	274	o6	1.120	AGTTAA
1008363	242	o6	2.530	AGTTAA
1008367	89	o6	1.440	AGTTAA
1008406	645	6m	1.278	GTTAAC
1008409	365	o6	2.111	AGTTAA
1008454	257	6m	2.544	GTTAAC
1008477	154	o6	2.235	AGTTAA
1008524	169	o6	1.640	AGTTAA
1008524	288	o6	1.783	AGTTAA
1008527	56	o6	1.195	AGTTAA
1008527	64	o6	1.195	AGTTAA
1008528	284	o6	1.206	AGTTAA
1008560	367	o6	2.058	AGTTAA
1008560	880	7A1	1.500	GTTAAC
1008560	985	o6	2.047	AGTTAA
1008569	234	6m	1.226	GTTAAC
1008572	171	o6	1.084	AGTTAA
1008593	379	o6	1.252	AGTTAA
1008597	198	7m8	1.882	AGTTAA
1008605	528	o6	1.288	AGTTAA
1008624	551	7m8	2.347	AGTTAA
1008665	31	7A1	2.834	GTTAAC
1008740	939	7m8	1.685	AGTTAA
1008740	1040	o6	1.619	AGTTAA
1008780	253	o6	2.462	AGTTAA
1008789	358	o6	1.960	AGTTAA
1008822	248	o6	2.720	AGTTAA
1008846	387	o6	1.708	AGTTAA
1008846	470	o6	1.142	AGTTAA
1008849	81	o6	2.243	AGTTAA
1008852	965	o6	2.788	AGTTAA
1008890	856	o6	1.600	AGTTAA
1008894	37	o6	1.504	AGTTAA
1008918	394	o6	2.382	AGTTAA
1008933	928	o6	2.333	AGTTAA
1008966	397	o6	1.276	AGTTAA
1008984	604	o6	1.119	AGTTAA
1008990	324	o6	1.080	AGTTAA
1008995	1780	o6	1.053	AGTTAA
1009026	1540	o6	1.091	AGTTAA
1009037	1913	o6	2.987	AGTTAA
1009037	2934	6m	1.006	GTTAAC
1009037	3446	7A1	1.632	GTTAAC
1009068	91	7A1	2.660	GTTAAC
1009068	206	7m8	3.034	AGTTAA
1009083	330	6m	1.053	GTTAAC
1009093	84	o6	1.606	AGTTAA
1009101	135	o6	1.641	AGTTAA
1009101	492	o6	3.177	AGTTAA
1009143	28	o6	2.449	AGTTAA
1009153	874	7A1	2.306	GTTAAC
1009205	130	o6	1.328	AGTTAA
1009216	61	7m8	1.741	AGTTAA
1009217	51	o6	1.383	AGTTAA
1009217	62	o6	1.292	AGTTAA
1009222	894	o6	1.110	AGTTAA
1009267	244	7A1	1.102	GTTAAC
1009331	90	o6	1.614	AGTTAA
1009334	339	o6	1.433	AGTTAA
1009334	411	o6	2.130	AGTTAA
1009352	331	6m	1.700	GTTAAC
1009369	2350	7A1	3.232	GTTAAC
1009411	86	o6	1.505	AGTTAA
1009411	146	7A1	1.653	GTTAAC
1009434	56	7m8	2.229	GTTAAC
1009469	220	o6	1.607	AGTTAA
1009469	1145	6m	2.184	GTTAAC
1009479	368	7A1	1.375	GTTAAC
1009632	174	o6	1.867	AGTTAA
1009638	52	o6	1.316	AGTTAA
1009763	434	o6	3.034	AGTTAA
1009763	527	o6	1.190	AGTTAA
1009781	886	o6	1.053	AGTTAA
1009781	1525	o6	1.221	AGTTAA
1009837	160	7A1	1.365	GTTAAC
1009841	1144	8m	1.600	AGTTAA
1009873	360	o6	2.268	AGTTAA
1009873	754	8m	2.460	AGTTAA
1009873	1039	o6	1.426	AGTTAA
1009891	489	8m	2.363	AGTTAA
1009891	619	o6	1.562	AGTTAA
1009915	563	o6	1.212	AGTTAA
1009933	131	o6	1.001	AGTTAA
1009948	169	o6	1.284	AGTTAA
1010043	87	o6	1.577	AGTTAA
1010054	980	6m	2.802	GTTAAC
1010054	1243	o6	1.450	AGTTAA
1010082	470	7A1	3.751	GTTAAC
1010103	35	6m	1.101	GTTAAC
1010175	402	o6	3.250	AGTTAA
1010229	172	6m	2.030	GTTAAC
1010232	611	6m	2.461	GTTAAC
1010232	683	o6	1.241	AGTTAA
1010232	805	o6	1.294	AGTTAA
1010232	1393	6m	2.660	GTTAAC
1010238	238	6m	2.461	GTTAAC
1010238	310	o6	1.241	AGTTAA
1010238	432	o6	1.294	AGTTAA
1010238	1020	6m	2.660	GTTAAC
1010250	285	7A1	2.793	GTTAAC
1010332	935	7m8	2.223	AGTTAA
1010347	136	o6	1.956	AGTTAA
1010401	3518	6m	1.010	GTTAAC
1010401	3527	o6	1.849	AGTTAA
1010401	4706	o6	2.046	AGTTAA
1010401	5385	o6	1.545	AGTTAA
1010401	5408	o6	1.029	AGTTAA
1010465	948	o6	2.390	AGTTAA
1010465	1025	7m8	2.660	AGTTAA
1010483	340	7A1	3.034	GTTAAC
1010483	613	o6	1.321	AGTTAA
1010483	724	7m8	1.284	AGTTAA
1010511	1075	o6	1.588	AGTTAA
1010608	470	o6	1.924	AGTTAA
1010608	755	o6	2.118	AGTTAA
1010625	172	o6	1.178	AGTTAA
1010649	964	o6	3.382	AGTTAA
1010670	1748	o6	1.642	AGTTAA
1010670	2182	8m	1.322	AGTTAA
1010707	124	o6	1.381	AGTTAA
1010785	67	o6	2.144	AGTTAA
1010846	349	7A1	3.090	GTTAAC
1010950	1224	o6	4.470	AGTTAA
1010974	722	6m	1.013	GTTAAC
1011042	841	o6	1.547	AGTTAA
1011107	1418	o6	2.379	AGTTAA
1011194	491	o6	2.451	AGTTAA
1011245	196	7m8	1.302	AGTTAA
1011245	1093	6m	2.321	GTTAAC
1011297	28	o6	1.660	AGTTAA
1011327	457	o6	1.690	AGTTAA
1011333	947	o6	1.361	AGTTAA
1011379	688	7m8	1.073	AGTTAA
1011393	1117	o6	1.434	AGTTAA
1011397	267	o6	2.288	AGTTAA
1011425	1169	6m	2.620	GTTAAC
1011430	147	o6	3.139	AGTTAA
1011430	233	7A1	1.820	GTTAAC
1011430	738	6m	2.937	GTTAAC
1011430	1210	7m8	3.139	AGTTAA
1011430	1382	o6	3.139	AGTTAA
1011484	57	o6	1.517	AGTTAA
1011487	876	o6	1.974	AGTTAA
1011534	49	o6	1.900	AGTTAA
1011541	19	6m	1.695	GTTAAC
1011607	834	o6	1.053	AGTTAA
1011608	200	o6	1.884	AGTTAA
1011613	104	o6	1.484	AGTTAA
1011634	46	o6	1.325	AGTTAA
1011695	611	o6	1.154	AGTTAA
1011698	680	6m	1.251	GTTAAC
1011809	60	o6	1.084	AGTTAA
1011827	342	o6	2.350	AGTTAA
1011880	86	o6	1.485	AGTTAA
1011892	631	o6	2.093	AGTTAA
1011897	1164	o6	3.198	AGTTAA
1011932	659	o6	1.164	AGTTAA
1011982	265	8m	3.649	GTTAAC
1012008	37	o6	1.117	AGTTAA
1012074	19	o6	1.026	AGTTAA
1012169	525	8m	1.977	GTTAAC
1012174	872	o6	3.137	AGTTAA
1012174	882	o6	1.726	AGTTAA
1012262	100	o6	1.106	AGTTAA
1012329	1	o6	2.703	AGTTAA
1012412	3	7m8	1.464	AGTTAA
1012479	879	7m8	1.687	AGTTAA
1012479	1167	o6	1.322	AGTTAA
1012533	10	o6	1.405	AGTTAA
1012537	1	o6	3.396	AGTTAA
1012579	317	8m	2.123	AGTTAA
1012602	72	o6	1.566	AGTTAA
1012602	712	7m8	1.256	AGTTAA
1012642	52	o6	2.318	AGTTAA
1012666	460	7m8	1.139	AGTTAA
1012712	62	o6	2.181	AGTTAA
1012718	460	o6	2.587	AGTTAA
1012719	196	7m8	1.687	GTTAAC
1012719	465	7m8	2.029	AGTTAA
1012740	437	o6	2.889	AGTTAA
1012754	259	o6	1.127	AGTTAA
1012754	273	o6	1.970	AGTTAA
1012754	279	o6	1.970	AGTTAA
1012839	1190	o6	1.584	AGTTAA
1012879	136	o6	2.025	AGTTAA
1012882	161	o6	1.606	AGTTAA
1012896	611	o6	1.416	AGTTAA
1012912	96	o6	2.055	AGTTAA
1012947	120	o6	2.781	AGTTAA
1013068	327	7A1	2.533	GTTAAC
1013089	277	6m	2.486	GTTAAC
1013089	990	7m8	1.445	AGTTAA
1013108	352	7m8	3.025	AGTTAA
1013108	834	o6	1.690	AGTTAA
1013127	181	7m8	1.293	AGTTAA
1013193	210	o6	1.810	AGTTAA
1013193	218	o6	1.810	AGTTAA
1013280	672	o6	1.615	AGTTAA
1013306	462	7m8	2.646	GTTAAC
1013306	889	o6	2.940	AGTTAA
1013306	932	o6	1.342	AGTTAA
1013312	1428	o6	2.058	AGTTAA
1013327	1978	o6	1.698	AGTTAA
1013355	80	o6	1.248	AGTTAA
1013356	77	o6	1.361	AGTTAA
1013382	184	o6	1.707	AGTTAA
1013397	438	o6	2.333	AGTTAA
1013416	47	o6	3.398	AGTTAA
1013426	49	o6	1.020	AGTTAA
1013443	352	o6	1.443	AGTTAA
1013541	1383	o6	1.359	AGTTAA
1013573	336	8m	1.011	AGTTAA
1013573	1555	o6	1.670	AGTTAA
1013581	434	7A1	1.380	GTTAAC
1013608	541	6m	3.221	GTTAAC
1013670	2354	o6	2.098	AGTTAA
1013682	22	7A1	1.030	GTTAAC
1013687	598	6m	1.486	GTTAAC
1013782	362	o6	1.260	AGTTAA
1013902	40	6m	2.366	GTTAAC
1013988	89	o6	3.000	AGTTAA
1013988	2244	o6	1.912	AGTTAA
1014057	59	o6	1.575	AGTTAA
1014174	994	o6	1.668	AGTTAA
1014265	483	o6	1.011	AGTTAA
1014270	247	6m	1.814	GTTAAC
1014382	110	o6	1.376	AGTTAA
1014418	2224	6m	1.606	GTTAAC
1014447	452	8m	2.220	AGTTAA
1014465	146	6m	2.409	GTTAAC
1014486	136	o6	2.457	AGTTAA
1014588	2505	8m	3.626	AGTTAA
1014655	147	8m	3.398	AGTTAA
1014697	8	o6	3.024	AGTTAA
1014697	1493	o6	1.683	AGTTAA
1014813	129	o6	1.545	AGTTAA
1014859	1695	8m	3.221	AGTTAA
1014864	676	o6	2.134	AGTTAA
1014869	44	o6	2.388	AGTTAA
1014869	410	o6	1.228	AGTTAA
1014877	94	o6	1.523	AGTTAA
1014898	232	7A1	3.034	GTTAAC
1014898	1792	7A1	3.034	GTTAAC
1014899	846	6m	1.063	GTTAAC
1014978	919	o6	2.026	AGTTAA
1014981	563	o6	1.242	AGTTAA
1014988	1269	o6	2.427	AGTTAA
1015003	89	7m8	1.328	AGTTAA
1015015	539	7A1	1.284	GTTAAC
1015041	5478	7m8	1.543	GTTAAC
1015085	1490	7m8	1.302	AGTTAA
1015085	1570	6m	2.544	GTTAAC
1015085	2433	6m	2.085	GTTAAC
1015091	1126	o6	2.179	AGTTAA
1015109	492	6m	1.036	GTTAAC
1015145	2793	o6	2.444	AGTTAA
1015188	75	7m8	2.350	AGTTAA
1015188	279	6m	1.057	GTTAAC
1015188	503	o6	1.317	AGTTAA
1015188	514	o6	1.824	AGTTAA
1015192	325	7m8	1.642	AGTTAA
1015259	841	7A1	3.034	GTTAAC
1015307	102	o6	1.703	AGTTAA
1015329	760	6m	1.006	GTTAAC
1015341	718	o6	2.592	AGTTAA
1015376	630	7A1	2.763	GTTAAC
1015385	87	o6	1.009	AGTTAA
1015394	379	o6	2.688	AGTTAA
1015394	1204	o6	1.556	AGTTAA
1015397	276	8m	2.342	AGTTAA
1015418	1073	o6	1.082	AGTTAA
1015480	650	o6	1.255	AGTTAA
1015551	251	o6	1.073	AGTTAA
1015555	1713	8m	2.652	AGTTAA
1015572	1893	6m	2.305	GTTAAC
1015604	159	o6	1.534	AGTTAA
1015690	1103	o6	1.823	AGTTAA
1015789	7	o6	1.747	AGTTAA
1015792	51	o6	1.986	AGTTAA
1015810	978	o6	2.400	AGTTAA
1015834	598	o6	1.546	AGTTAA
1015844	311	o6	2.723	AGTTAA
1015915	238	o6	3.289	AGTTAA
1015931	923	6m	1.932	GTTAAC
1015967	501	8m	1.251	GTTAAC
1015972	368	7m8	2.200	AGTTAA
1016011	1435	o6	2.108	AGTTAA
1016029	1534	6m	1.606	GTTAAC
1016047	464	7m8	1.462	AGTTAA
1016073	395	7m8	1.585	AGTTAA
1016077	1681	7m8	1.187	AGTTAA
1016103	39	7A1	1.292	GTTAAC
1016103	647	o6	1.745	AGTTAA
1016110	1	o6	1.198	AGTTAA
1016151	529	7m8	1.065	AGTTAA
1016154	308	6m	1.268	GTTAAC
1016176	1162	6m	1.606	GTTAAC
1016179	325	o6	1.606	AGTTAA
1016179	1036	o6	2.026	AGTTAA
1016191	229	o6	2.962	AGTTAA
1016200	1237	o6	1.096	AGTTAA
1016209	218	7m8	1.939	AGTTAA
1016209	362	o6	1.343	AGTTAA
1016256	101	o6	1.535	AGTTAA
1016272	427	7m8	2.253	AGTTAA
1016281	85	7m8	1.328	AGTTAA
1016347	795	7m8	1.828	GTTAAC
1016368	598	7m8	1.010	AGTTAA
1016397	847	o6	2.858	AGTTAA
1016398	178	8m	1.787	GTTAAC
1016398	230	7m8	1.129	AGTTAA
1016398	2204	o6	1.976	AGTTAA
1016398	2360	o6	2.181	AGTTAA
1016431	812	o6	2.544	AGTTAA
1016445	739	o6	2.043	AGTTAA
1016445	979	6m	1.178	GTTAAC
1016449	1001	7m8	1.238	AGTTAA
1016449	1689	o6	2.201	AGTTAA
1016449	1968	o6	1.316	AGTTAA
1016449	1973	o6	1.316	AGTTAA
1016449	4118	o6	1.150	AGTTAA
1016449	5096	o6	1.678	AGTTAA
1016458	166	o6	1.041	AGTTAA
1016469	370	o6	1.467	AGTTAA
1016469	419	o6	2.584	AGTTAA
1016562	528	o6	1.690	AGTTAA
1016565	852	o6	1.191	AGTTAA
1016566	1519	o6	1.690	AGTTAA
1016571	428	o6	2.046	AGTTAA
1016571	1534	o6	2.694	AGTTAA
1016571	1540	o6	2.694	AGTTAA
1016574	145	o6	1.921	AGTTAA
1016574	2226	o6	1.907	AGTTAA
1016574	2703	o6	1.291	AGTTAA
1016574	3998	7A1	1.900	GTTAAC
1016577	196	7m8	1.430	GTTAAC
1016581	732	7A1	1.997	GTTAAC
1016605	1349	7A1	1.248	GTTAAC
1016616	684	o6	2.409	AGTTAA
1016616	1043	o6	1.322	AGTTAA
1016640	1407	o6	1.155	AGTTAA
1016640	1419	o6	1.868	AGTTAA
1016652	141	o6	1.198	AGTTAA
1016652	490	o6	1.140	AGTTAA
1016661	60	6m	1.982	GTTAAC
1016676	274	o6	1.328	AGTTAA
1016682	164	8m	2.749	GTTAAC
1016685	528	6m	1.413	GTTAAC
1016691	1295	8m	1.322	AGTTAA
1016698	666	o6	1.595	AGTTAA
1016701	660	o6	2.162	AGTTAA
1016701	1125	o6	3.133	AGTTAA
1016713	426	o6	1.108	AGTTAA
1016728	194	o6	1.689	AGTTAA
1016749	306	o6	1.919	AGTTAA
1016760	146	o6	1.173	AGTTAA
1016782	394	o6	2.137	AGTTAA
1016782	641	6m	1.906	GTTAAC
1016787	352	o6	1.016	AGTTAA
1016787	2555	o6	1.824	AGTTAA
1016787	3653	8m	1.874	AGTTAA
1016806	479	o6	1.177	AGTTAA
1016823	260	o6	2.462	AGTTAA
1016823	612	8m	2.462	AGTTAA
1016832	672	o6	3.082	AGTTAA
1016838	318	o6	1.508	AGTTAA
1016848	258	7A1	2.495	GTTAAC
1016848	1014	7m8	1.328	AGTTAA
1016848	1552	o6	3.174	AGTTAA
1016856	9	o6	1.480	AGTTAA
1016860	532	o6	2.085	AGTTAA
1016913	485	o6	2.025	AGTTAA
1016917	233	o6	1.358	AGTTAA
1016917	326	7m8	1.468	GTTAAC
1016951	950	o6	1.632	AGTTAA
1016965	1140	o6	1.158	AGTTAA
1016971	1327	o6	2.138	AGTTAA
1016971	1836	o6	1.567	AGTTAA
1016971	2987	o6	1.680	AGTTAA
1016998	827	o6	1.183	AGTTAA
1017019	233	o6	1.439	AGTTAA
1017046	439	o6	2.039	AGTTAA
1017046	1462	o6	1.241	AGTTAA
1017046	1634	o6	1.874	AGTTAA
1017046	1841	o6	1.884	AGTTAA
1017069	58	6m	2.596	GTTAAC
1017082	297	7A1	1.220	GTTAAC
1017096	653	o6	1.822	AGTTAA
1017135	679	o6	2.500	AGTTAA
1017135	1090	o6	2.301	AGTTAA
1017135	1279	o6	1.786	AGTTAA
1017157	803	7A1	1.268	GTTAAC
1017160	194	o6	1.713	AGTTAA
1017203	102	8m	2.377	AGTTAA
1017203	164	o6	1.926	AGTTAA
1017204	116	o6	1.811	AGTTAA
1017207	1464	o6	2.372	AGTTAA
1017254	1245	7A1	1.529	GTTAAC
1017254	1535	o6	1.946	AGTTAA
1017258	113	o6	2.025	AGTTAA
1017306	151	6m	1.560	GTTAAC
1017335	926	6m	1.284	GTTAAC
1017348	109	o6	1.481	AGTTAA
1017381	444	8m	1.891	GTTAAC
1017511	1562	o6	1.059	AGTTAA
1017511	2072	8m	2.981	AGTTAA
1017511	2129	o6	1.162	AGTTAA
1017511	2144	o6	2.024	AGTTAA
1017511	2290	o6	2.178	AGTTAA
1017521	37	o6	3.099	AGTTAA
1017557	1291	7m8	1.084	AGTTAA
1017614	2224	6m	2.442	GTTAAC
1017623	606	6m	2.321	GTTAAC
1017624	295	8m	1.073	AGTTAA
1017805	36	7A1	1.168	GTTAAC
1017848	1	6m	2.026	GTTAAC
1017862	96	o6	1.372	AGTTAA
1017886	516	o6	2.648	AGTTAA
1017886	535	o6	2.476	AGTTAA
1017916	273	o6	1.294	AGTTAA
1017919	1769	7m8	1.606	AGTTAA
1018017	142	o6	3.397	AGTTAA
1018020	493	o6	2.544	AGTTAA
1018020	952	o6	2.544	AGTTAA
1018036	8	6m	1.745	GTTAAC
1018045	320	o6	1.125	AGTTAA
1018078	599	o6	2.004	AGTTAA
1018081	78	o6	1.186	AGTTAA
1018134	335	o6	2.443	AGTTAA
1018152	235	o6	1.189	AGTTAA
1018189	661	o6	1.241	AGTTAA
1018233	708	o6	1.978	AGTTAA
1018240	48	o6	2.242	AGTTAA
1018243	1606	o6	1.083	AGTTAA
1018243	3715	o6	1.091	AGTTAA
1018358	36	7m8	1.521	AGTTAA
1018383	114	6m	1.194	GTTAAC
1018409	713	7A1	2.131	GTTAAC
1018455	307	6m	2.404	GTTAAC
1018460	24	7A1	2.404	GTTAAC
1018530	82	o6	2.085	AGTTAA
1018619	1026	o6	1.689	AGTTAA
1018619	1694	6m	1.636	GTTAAC
1018632	1910	o6	1.397	AGTTAA
1018632	3272	7A1	2.090	GTTAAC
1018632	4482	7m8	2.464	AGTTAA
1018661	1289	o6	1.709	AGTTAA
1018678	202	7m8	1.808	AGTTAA
1018678	559	o6	1.322	AGTTAA
1018678	934	7A1	2.220	GTTAAC
1018678	959	o6	2.084	AGTTAA
1018678	1111	o6	2.085	AGTTAA
1018720	102	o6	1.328	AGTTAA
1018727	809	6m	1.322	GTTAAC
1018754	298	7A1	1.632	GTTAAC
1018766	1845	o6	1.240	AGTTAA
1018778	546	o6	1.065	AGTTAA
1018844	76	o6	2.958	AGTTAA
1018887	138	o6	1.952	AGTTAA
1019023	41	o6	1.284	AGTTAA
1019064	361	8m	1.437	AGTTAA
1019137	122	o6	2.350	AGTTAA
1019147	666	6m	2.460	GTTAAC
1019147	2788	7A1	2.433	GTTAAC
1019180	636	o6	1.372	AGTTAA
1019192	721	7A1	1.040	GTTAAC
1019207	259	7A1	1.515	GTTAAC
1019219	652	o6	1.308	AGTTAA
1019286	327	7A1	1.906	GTTAAC
1019287	5	o6	1.485	AGTTAA
1019304	173	6m	2.433	GTTAAC
1019346	172	7A1	2.760	GTTAAC
1019354	365	6m	1.111	GTTAAC
1019362	29	o6	1.598	AGTTAA
1019384	165	o6	1.316	AGTTAA
1019405	890	6m	1.987	GTTAAC
1019465	967	o6	1.753	AGTTAA
1019474	189	o6	1.611	AGTTAA
1019486	376	o6	2.957	AGTTAA
1019486	706	o6	3.374	AGTTAA
1019514	1425	8m	1.322	AGTTAA
1019534	21	o6	2.807	AGTTAA
1019558	137	o6	1.054	AGTTAA
1019579	2378	o6	2.552	AGTTAA
1019721	350	o6	1.129	AGTTAA
1019728	141	o6	3.923	AGTTAA
1019772	56	6m	1.040	GTTAAC
1019773	28	7A1	1.040	GTTAAC
1019797	80	6m	1.053	GTTAAC
1019800	104	6m	1.957	GTTAAC
1019800	187	7m8	2.029	AGTTAA
1019854	114	7A1	2.736	GTTAAC
1019899	480	o6	1.328	AGTTAA
1019939	228	7A1	2.340	GTTAAC
1019956	1090	o6	2.015	AGTTAA
1019956	1381	o6	1.632	AGTTAA
1019960	641	o6	1.349	AGTTAA
1019980	1008	o6	1.040	AGTTAA
1019996	53	o6	1.073	AGTTAA
1020059	786	6m	1.668	GTTAAC
1020074	346	o6	1.082	AGTTAA
1020125	201	6m	1.485	GTTAAC
1020128	111	8m	2.029	AGTTAA
1020131	138	o6	1.006	AGTTAA
1020139	693	o6	1.251	AGTTAA
1020163	97	o6	1.534	AGTTAA
1020219	773	o6	2.120	AGTTAA
1020253	1697	o6	1.471	AGTTAA
1020264	34	o6	1.461	AGTTAA
1020435	161	o6	1.480	AGTTAA
1020435	960	6m	2.898	GTTAAC
1020435	1376	6m	1.507	GTTAAC
1020435	1464	o6	1.252	AGTTAA
1020435	2337	7m8	1.990	AGTTAA
1020435	2844	8m	3.149	AGTTAA
1020449	842	7A1	2.316	GTTAAC
1020480	327	6m	3.210	GTTAAC
1020535	341	o6	1.747	AGTTAA
1020535	347	o6	1.747	AGTTAA
1020595	368	6m	1.322	GTTAAC
1020595	377	o6	2.125	AGTTAA
1020615	2837	o6	1.606	AGTTAA
1020636	120	o6	2.502	AGTTAA
1020636	501	o6	2.074	AGTTAA
1020636	512	o6	2.671	AGTTAA
1020661	344	6m	1.813	GTTAAC
1020684	73	6m	2.011	GTTAAC
1020686	913	o6	1.032	AGTTAA
1020740	877	7A1	3.034	GTTAAC
1020787	569	o6	1.075	AGTTAA
1020934	981	7m8	1.880	AGTTAA
1020934	1514	o6	1.690	AGTTAA
1020992	1098	o6	2.660	AGTTAA
1021008	106	6m	2.569	GTTAAC
1021055	163	6m	1.403	GTTAAC
1021074	137	7A1	2.235	GTTAAC
1021084	1963	o6	1.711	AGTTAA
1021113	209	o6	1.273	AGTTAA
1021327	72	o6	1.632	AGTTAA
1021378	160	o6	1.708	AGTTAA
1021406	456	o6	1.152	AGTTAA
1021409	513	o6	1.787	AGTTAA
1021484	25	7A1	1.715	GTTAAC
1021488	404	7m8	1.321	AGTTAA
1021501	184	o6	1.284	AGTTAA
1021681	212	7m8	1.442	AGTTAA
1021756	25	o6	1.783	AGTTAA
1021797	2040	o6	3.026	AGTTAA
1021797	2112	o6	1.479	AGTTAA
1021850	435	8m	2.518	AGTTAA
1021866	1300	8m	1.569	AGTTAA
1021866	1614	7A1	2.015	GTTAAC
1021876	45	o6	1.086	AGTTAA
1021899	197	6m	1.451	GTTAAC
1021899	880	o6	1.459	AGTTAA
1021906	241	o6	2.660	AGTTAA
1022038	584	o6	2.617	AGTTAA
1022102	239	o6	1.966	AGTTAA
1022129	28	6m	1.588	GTTAAC
1022173	453	6m	1.024	GTTAAC
1022191	1	6m	1.548	GTTAAC
1022338	1827	o6	1.944	AGTTAA
1022439	244	7A1	1.167	GTTAAC
1022495	656	o6	1.728	AGTTAA
1022495	661	o6	1.728	AGTTAA
1022495	1676	6m	1.053	GTTAAC
1022495	3871	o6	2.019	AGTTAA
1022500	85	7m8	1.291	AGTTAA
1022531	1034	6m	2.597	GTTAAC
1022573	158	7A1	2.544	GTTAAC
1022632	408	o6	1.271	AGTTAA
1022710	35	7m8	2.054	GTTAAC
1022808	242	o6	2.018	AGTTAA
1022814	615	o6	1.129	AGTTAA
1022838	433	o6	2.215	AGTTAA
1022885	300	7m8	1.328	AGTTAA
1022935	16	o6	2.500	AGTTAA
1022938	1165	8m	2.578	AGTTAA
1022938	1785	7m8	1.161	GTTAAC
1022941	508	o6	1.598	AGTTAA
1022941	1122	7A1	2.868	GTTAAC
1022985	710	o6	1.915	AGTTAA
1022985	1137	o6	2.220	AGTTAA
1022997	396	8m	1.736	AGTTAA
1023009	740	o6	1.084	AGTTAA
1023032	1005	7m8	1.121	AGTTAA
1023035	21	6m	1.471	GTTAAC
1023062	4083	o6	2.544	AGTTAA
1023062	4542	o6	2.544	AGTTAA
1023069	288	o6	2.597	AGTTAA
1023080	29	7m8	3.519	GTTAAC
1023085	625	o6	1.053	AGTTAA
1023104	1135	o6	1.286	AGTTAA
1023157	527	o6	1.719	AGTTAA
1023206	342	7A1	1.690	GTTAAC
1023256	1186	o6	1.321	AGTTAA
1023289	2147	6m	1.073	GTTAAC
1023298	609	o6	1.262	AGTTAA
1023298	1140	7m8	1.192	AGTTAA
1023298	1378	o6	2.319	AGTTAA
1023320	1228	6m	1.606	GTTAAC
1023337	1093	o6	1.620	AGTTAA
1023340	61	o6	2.443	AGTTAA
1023351	643	o6	1.606	AGTTAA
1023362	425	o6	1.628	AGTTAA
1023391	1642	6m	1.318	GTTAAC
1023419	153	7m8	1.545	AGTTAA
1023438	565	o6	2.159	AGTTAA
1023459	61	6m	1.307	GTTAAC
1023466	115	o6	1.053	AGTTAA
1023572	1790	o6	1.690	AGTTAA
1023599	3548	o6	1.046	AGTTAA
1023599	8874	o6	2.026	AGTTAA
1023617	150	o6	1.142	AGTTAA
1023661	59	o6	2.047	AGTTAA
1023681	4036	o6	1.563	AGTTAA
1023681	4327	o6	1.241	AGTTAA
1023684	93	o6	1.436	AGTTAA
1023684	101	6m	1.997	GTTAAC
1023706	724	6m	1.765	GTTAAC
1023717	887	o6	1.780	AGTTAA
1023717	922	o6	1.606	AGTTAA
1023717	1162	o6	1.445	AGTTAA
1023757	64	o6	1.774	AGTTAA
1023769	21	o6	1.719	AGTTAA
1023774	1605	o6	1.860	AGTTAA
1023783	899	7A1	2.730	GTTAAC
1023784	881	7A1	2.587	GTTAAC
1023784	1208	o6	1.321	AGTTAA
1023784	1235	o6	1.310	AGTTAA
1023784	2839	o6	2.144	AGTTAA
1023784	2845	o6	2.144	AGTTAA
1023784	3438	o6	3.181	AGTTAA
1023784	5164	o6	2.392	AGTTAA
1023790	1923	o6	2.505	AGTTAA
1023790	4229	o6	2.878	AGTTAA
1023825	31	o6	1.171	AGTTAA
1023846	715	o6	1.315	AGTTAA
1023846	1666	o6	1.172	AGTTAA
1023846	1755	7A1	2.212	GTTAAC
1023846	1771	o6	1.053	AGTTAA
1023846	2323	o6	1.882	AGTTAA
1023850	184	o6	1.821	AGTTAA
1023853	269	o6	2.606	AGTTAA
1023853	803	o6	2.606	AGTTAA
1023853	1537	o6	1.711	AGTTAA
1023863	751	6m	1.636	GTTAAC
1023866	187	6m	1.322	GTTAAC
1023881	362	o6	2.125	AGTTAA
1023882	355	o6	1.012	AGTTAA
1023882	502	o6	1.053	AGTTAA
1023902	664	7A1	4.229	GTTAAC
1023922	1015	8m	1.012	AGTTAA
1023927	280	7A1	1.053	GTTAAC
1023931	643	o6	1.577	AGTTAA
1023936	3436	8m	2.029	AGTTAA
1023936	3507	o6	1.063	AGTTAA
1023955	3011	8m	1.284	AGTTAA
1023955	3073	o6	1.029	AGTTAA
1023998	1467	7m8	2.031	AGTTAA
1024012	161	7m8	3.592	AGTTAA
1024012	719	o6	2.121	AGTTAA
1024012	892	7A1	3.592	GTTAAC
1024019	2253	7m8	2.256	AGTTAA
1024019	2758	o6	2.660	AGTTAA
1024025	1615	7A1	2.091	GTTAAC
1024028	1651	o6	2.470	AGTTAA
1024031	2425	o6	1.575	AGTTAA
1024031	3413	o6	1.593	AGTTAA
1024031	4240	o6	1.084	AGTTAA
1024031	4562	6m	1.134	GTTAAC
1024045	159	o6	1.849	AGTTAA
1024085	1981	7A1	1.822	GTTAAC
1024114	1215	6m	1.969	GTTAAC
1024123	149	o6	1.990	AGTTAA
1024145	939	o6	1.240	AGTTAA
1024169	861	7A1	1.668	GTTAAC
1024172	560	o6	1.494	AGTTAA
1024178	39	o6	1.166	AGTTAA
1024178	278	o6	1.240	AGTTAA
1024181	217	8m	1.780	AGTTAA
1024184	779	o6	2.063	AGTTAA
1024189	801	o6	2.222	AGTTAA
1024195	46	o6	1.922	AGTTAA
1024211	509	o6	2.333	AGTTAA
1024211	1402	7m8	1.687	AGTTAA
1024211	2274	o6	2.350	AGTTAA
1024228	43	o6	1.198	AGTTAA
1024228	170	6m	1.398	GTTAAC
1024229	47	6m	1.571	GTTAAC
1024282	125	o6	1.447	AGTTAA
1024304	153	6m	2.145	GTTAAC
1024304	1093	o6	1.053	AGTTAA
1024331	224	o6	1.288	AGTTAA
1024342	1921	7A1	2.220	GTTAAC
1024349	805	o6	2.343	AGTTAA
1024369	253	o6	1.267	AGTTAA
1024381	1515	6m	2.170	GTTAAC
1024381	1653	6m	2.402	GTTAAC
1024381	2426	6m	1.787	GTTAAC
1024406	68	o6	1.105	AGTTAA
1024418	82	o6	1.529	AGTTAA
1024445	59	7A1	2.103	GTTAAC
1024445	806	o6	1.722	AGTTAA
1024465	2831	o6	2.544	AGTTAA
1024529	426	7m8	2.398	AGTTAA
1024529	514	o6	2.025	AGTTAA
1024537	147	o6	1.596	AGTTAA
1024556	729	7m8	2.182	AGTTAA
1024556	1544	o6	1.857	AGTTAA
1024582	336	o6	1.292	AGTTAA
1024583	26	8m	2.072	AGTTAA
1024601	232	o6	1.080	AGTTAA
1024609	210	o6	1.225	AGTTAA
1024612	2167	o6	1.864	AGTTAA
1024613	1	7m8	2.133	AGTTAA
1024613	396	o6	1.605	AGTTAA
1024613	417	o6	2.206	AGTTAA
1024619	1464	6m	1.853	GTTAAC
1024619	2844	o6	2.047	AGTTAA
1024631	25	o6	1.142	AGTTAA
1024639	559	6m	1.453	GTTAAC
1024639	902	o6	1.771	AGTTAA
1024648	1189	o6	1.053	AGTTAA
1024648	1242	o6	2.061	AGTTAA
1024648	1249	7A1	1.313	GTTAAC
1024648	1417	o6	1.322	AGTTAA
1024648	1422	7m8	1.687	AGTTAA
1024648	2789	o6	1.687	AGTTAA
1024648	4722	o6	2.247	AGTTAA
1024648	5165	o6	1.257	AGTTAA
1024648	11310	7m8	1.220	AGTTAA
1024654	1952	6m	1.904	GTTAAC
1024664	514	7m8	2.350	AGTTAA
1024672	318	7A1	2.385	GTTAAC
1024715	5125	o6	1.284	AGTTAA
1024721	911	o6	1.272	AGTTAA
1024721	1288	7A1	2.516	GTTAAC
1024754	58	o6	1.997	AGTTAA
1024762	755	o6	2.251	AGTTAA
1024762	941	o6	2.265	AGTTAA
1024762	1083	6m	1.053	GTTAAC
1024763	224	o6	1.814	AGTTAA
1024783	237	o6	1.862	AGTTAA
1024843	379	o6	2.587	AGTTAA
1024843	558	7m8	2.403	AGTTAA
1024843	757	o6	1.040	AGTTAA
1024847	-1	7A1	2.254	GTTAAC
1024847	808	8m	2.360	AGTTAA
1024861	137	o6	2.065	AGTTAA
1024892	417	o6	1.560	AGTTAA
1024904	1041	o6	1.882	AGTTAA
1024939	2136	o6	2.686	AGTTAA
1024945	354	o6	1.485	AGTTAA
1025032	447	o6	2.544	AGTTAA
1025059	3116	o6	2.150	AGTTAA
1025064	1460	8m	3.058	AGTTAA
1025064	2039	o6	1.713	AGTTAA
1025067	202	6m	1.015	GTTAAC
1025106	138	o6	1.258	AGTTAA
1025153	22	o6	1.004	AGTTAA
1025168	259	6m	1.435	GTTAAC
1025204	817	7m8	1.328	AGTTAA
1025221	182	o6	1.535	AGTTAA
1025222	102	6m	1.001	GTTAAC
1025229	1740	6m	2.603	GTTAAC
1025235	303	7m8	2.271	AGTTAA
1025268	447	o6	1.715	AGTTAA
1025293	166	8m	1.582	AGTTAA
1025340	986	o6	2.504	AGTTAA
1025340	1892	o6	1.780	AGTTAA
1025352	548	o6	2.420	AGTTAA
1025371	691	o6	2.494	AGTTAA
1025377	176	o6	2.544	AGTTAA
1025377	1084	7m8	1.297	AGTTAA
1025431	1574	o6	1.082	AGTTAA
1025475	472	o6	1.255	AGTTAA
1025475	1359	o6	1.353	AGTTAA
1025491	902	o6	3.525	AGTTAA
1025502	364	o6	1.480	AGTTAA
1025502	446	o6	1.293	AGTTAA
1025502	457	o6	1.694	AGTTAA
1025512	1122	7A1	1.578	GTTAAC
1025542	219	o6	2.318	AGTTAA
1025542	362	o6	1.993	AGTTAA
1025608	838	o6	2.022	AGTTAA
1025630	1404	7m8	2.584	GTTAAC
1025638	92	o6	1.872	AGTTAA
1025642	270	7A1	1.109	GTTAAC
1025642	551	o6	1.665	AGTTAA
1025654	2567	o6	2.199	AGTTAA
1025654	2825	o6	3.015	AGTTAA
1025654	3175	o6	1.199	AGTTAA
1025669	358	o6	1.322	AGTTAA
1025672	179	o6	1.284	AGTTAA
1025675	9	o6	1.400	AGTTAA
1025675	15	o6	1.654	AGTTAA
1025696	128	7m8	1.731	GTTAAC
1025725	851	o6	1.290	AGTTAA
1025730	134	6m	2.447	GTTAAC
1025755	1436	o6	2.300	AGTTAA
1025772	220	7A1	2.122	GTTAAC
1025814	179	7A1	1.797	GTTAAC
1025815	371	6m	1.687	GTTAAC
1025871	26	o6	2.233	AGTTAA
1025877	153	6m	1.682	GTTAAC
1025914	60	o6	1.015	AGTTAA
1025949	236	6m	1.339	GTTAAC
1025956	57	o6	1.879	AGTTAA
1026030	66	o6	1.059	AGTTAA
1026104	19	o6	1.737	AGTTAA
1026111	649	o6	1.311	AGTTAA
1026200	310	o6	2.166	AGTTAA
1026212	334	o6	1.893	AGTTAA
1026244	121	o6	1.009	AGTTAA
1026262	274	o6	2.048	AGTTAA
1026414	32	o6	1.292	AGTTAA
1026480	2183	o6	1.954	AGTTAA
1026485	23	8m	1.101	GTTAAC
1026530	1171	6m	1.701	GTTAAC
1026545	278	o6	1.322	AGTTAA
1026545	412	o6	1.322	AGTTAA
1026554	649	o6	1.352	AGTTAA
1026558	938	6m	1.028	GTTAAC
1026606	45	6m	1.003	GTTAAC
1026622	62	6m	2.058	GTTAAC
1026633	511	6m	1.897	GTTAAC
1026633	517	6m	1.897	GTTAAC
1026657	813	7A1	2.256	GTTAAC
1026657	1741	7A1	2.215	GTTAAC
1026660	290	7A1	2.256	GTTAAC
1026660	1218	7A1	2.215	GTTAAC
1026707	68	8m	1.131	GTTAAC
1026708	744	o6	1.328	AGTTAA
1026711	4112	o6	1.751	AGTTAA
1026758	397	o6	1.028	AGTTAA
1026761	918	o6	2.045	AGTTAA
1026791	391	o6	1.105	AGTTAA
1026841	183	o6	2.310	AGTTAA
1026841	585	6m	2.215	GTTAAC
1026841	5255	6m	2.487	GTTAAC
1026853	3332	7m8	2.312	AGTTAA
1026914	239	7A1	2.108	GTTAAC
1026930	56	o6	2.820	AGTTAA
1026947	35	o6	1.834	AGTTAA
1026966	116	o6	2.073	AGTTAA
1026975	330	o6	1.682	AGTTAA
1026975	349	o6	2.023	AGTTAA
1026999	511	o6	1.573	AGTTAA
1026999	1688	7A1	2.635	GTTAAC
1026999	1868	o6	2.635	AGTTAA
1026999	2060	o6	2.635	AGTTAA
1027002	463	o6	2.025	AGTTAA
1027049	69	o6	1.952	AGTTAA
1027157	234	o6	1.100	AGTTAA
1027187	208	6m	1.365	GTTAAC
1027226	276	o6	2.015	AGTTAA
1027266	140	6m	1.294	GTTAAC
1027423	363	o6	1.223	AGTTAA
1027516	121	7A1	1.907	GTTAAC
1027564	217	o6	3.163	AGTTAA
1027564	252	o6	1.738	AGTTAA
1027605	149	8m	2.520	AGTTAA
1027629	306	o6	1.409	AGTTAA
1027637	452	o6	1.290	AGTTAA
1027637	834	6m	2.385	GTTAAC
1027707	76	o6	1.882	AGTTAA
1027725	53	6m	1.055	GTTAAC
1027764	852	o6	2.144	AGTTAA
1027764	1008	6m	3.549	GTTAAC
1027781	57	7A1	3.034	GTTAAC
1027814	857	6m	3.965	GTTAAC
1027825	3	o6	2.158	AGTTAA
1027887	40	o6	1.976	AGTTAA
1027891	884	o6	1.427	AGTTAA
1027900	220	o6	2.383	AGTTAA
1027930	262	6m	1.814	GTTAAC
1028007	745	o6	1.325	AGTTAA
1028037	61	o6	1.284	AGTTAA
1028088	447	o6	1.120	AGTTAA
1028102	142	o6	1.156	AGTTAA
1028102	358	7A1	1.581	GTTAAC
1028109	141	o6	1.246	AGTTAA
1028115	85	o6	1.229	AGTTAA
1028115	688	o6	2.556	AGTTAA
1028115	940	7A1	2.377	GTTAAC
1028126	298	o6	1.439	AGTTAA
1028230	663	o6	1.996	AGTTAA
1028326	109	6m	1.731	GTTAAC
1028344	323	o6	1.535	AGTTAA
1028354	281	o6	1.042	AGTTAA
1028381	75	6m	1.100	GTTAAC
1028441	16	o6	2.031	AGTTAA
1028447	1841	o6	1.982	AGTTAA
1028469	266	o6	1.908	AGTTAA
1028512	144	o6	1.581	AGTTAA
1028527	1293	o6	2.579	AGTTAA
1028645	181	6m	1.945	GTTAAC
1028710	1921	6m	1.259	GTTAAC
1028734	5468	8m	3.025	AGTTAA
1028734	5876	o6	1.456	AGTTAA
1028751	325	o6	1.562	AGTTAA
1028751	1223	o6	2.757	AGTTAA
1028755	302	o6	1.277	AGTTAA
1028866	325	8m	2.588	AGTTAA
1028910	210	o6	1.195	AGTTAA
1029003	27	o6	2.006	AGTTAA
1029003	278	6m	2.015	GTTAAC
1029051	322	o6	1.563	AGTTAA
1029069	1869	o6	1.719	AGTTAA
1029069	2273	o6	2.201	AGTTAA
1029069	4493	6m	1.882	GTTAAC
1029073	400	o6	1.075	AGTTAA
1029091	819	7m8	2.275	AGTTAA
1029189	2327	6m	1.577	GTTAAC
1029189	2335	o6	1.055	AGTTAA
1029218	73	o6	1.444	AGTTAA
1029246	912	o6	3.398	AGTTAA
1029369	956	o6	1.952	AGTTAA
1029369	2674	o6	2.544	AGTTAA
1029384	3122	7A1	2.033	GTTAAC
1029394	413	o6	2.738	AGTTAA
1029532	108	7m8	1.284	GTTAAC
1029532	984	6m	1.006	GTTAAC
1029532	2448	o6	2.807	AGTTAA
1029564	347	o6	1.254	AGTTAA
1029564	1367	o6	2.945	AGTTAA
1029569	208	o6	2.196	AGTTAA
1029728	822	o6	1.993	AGTTAA
1029742	132	6m	1.577	GTTAAC
1029749	1943	7m8	1.032	AGTTAA
1029782	1476	o6	2.220	AGTTAA
1029813	86	o6	1.288	AGTTAA
1029825	60	o6	1.468	AGTTAA
1029909	356	o6	2.945	AGTTAA
1029982	987	o6	1.497	AGTTAA
1030027	436	6m	1.126	GTTAAC
1030099	48	o6	1.425	AGTTAA
1030205	766	o6	2.108	AGTTAA
1030248	917	o6	1.322	AGTTAA
1030248	1106	o6	1.931	AGTTAA
1030255	233	7A1	2.807	GTTAAC
1030340	1090	o6	2.054	AGTTAA
1030451	368	6m	3.398	GTTAAC
1030461	43	6m	3.186	GTTAAC
1030468	997	o6	1.059	AGTTAA
1030471	26	o6	2.112	AGTTAA
1030476	550	6m	1.717	GTTAAC
1030556	895	o6	1.053	AGTTAA
1030556	1640	o6	1.251	AGTTAA
1030566	986	7A1	1.244	GTTAAC
1030566	1064	o6	1.744	AGTTAA
1030584	808	o6	2.068	AGTTAA
1030631	384	o6	2.560	AGTTAA
1030653	642	o6	2.773	AGTTAA
1030716	376	o6	2.425	AGTTAA
1030731	576	o6	1.606	AGTTAA
1030742	442	o6	1.089	AGTTAA
1030754	45	o6	2.746	AGTTAA
1030782	1621	7m8	2.544	GTTAAC
1030782	2336	o6	2.435	AGTTAA
1030858	102	o6	1.510	AGTTAA
1030903	271	o6	1.664	AGTTAA
1030903	395	o6	1.815	AGTTAA
1031036	594	o6	3.446	AGTTAA
1031052	183	o6	3.398	AGTTAA
1031142	2223	o6	2.142	AGTTAA
1031156	288	8m	1.654	GTTAAC
1031199	2939	7m8	1.211	AGTTAA
1031227	359	6m	1.210	GTTAAC
1031239	207	o6	2.353	AGTTAA
1031263	308	o6	1.223	AGTTAA
1031307	2306	7m8	1.690	AGTTAA
1031369	37	o6	1.918	AGTTAA
1031375	796	o6	1.124	AGTTAA
1031390	1587	8m	1.899	AGTTAA
1031426	187	o6	1.600	AGTTAA
1031435	105	o6	1.091	AGTTAA
1031498	1433	o6	1.736	AGTTAA
1031535	64	7A1	1.255	GTTAAC
1031583	353	6m	3.125	GTTAAC
1031584	541	7A1	2.240	GTTAAC
1031698	593	o6	1.291	AGTTAA
1031770	56	o6	1.989	AGTTAA
1031782	904	o6	2.135	AGTTAA
1031787	281	o6	2.293	AGTTAA
1031808	20	6m	1.246	GTTAAC
1031818	68	6m	2.055	GTTAAC
1031821	72	o6	2.023	AGTTAA
1031830	1917	o6	2.030	AGTTAA
1031833	448	7A1	2.026	GTTAAC
1031887	514	o6	1.995	AGTTAA
1031887	808	o6	2.220	AGTTAA
1031975	136	8m	1.995	AGTTAA
1031994	1829	8m	2.660	AGTTAA
1032022	405	o6	1.585	AGTTAA
1032028	42	o6	2.219	AGTTAA
1032203	739	o6	1.032	AGTTAA
1032333	727	6m	1.070	GTTAAC
1032333	2349	o6	2.823	AGTTAA
1032369	2010	o6	1.928	AGTTAA
1032369	2481	o6	1.711	AGTTAA
1032369	2729	7m8	1.260	AGTTAA
1032369	2987	o6	1.137	AGTTAA
1032430	531	6m	1.396	GTTAAC
1032438	97	6m	1.073	GTTAAC
1032471	1562	o6	1.664	AGTTAA
1032475	232	7m8	1.242	AGTTAA
1032475	1202	o6	2.025	AGTTAA
1032489	190	7A1	1.393	GTTAAC
1032490	581	o6	1.006	AGTTAA
1032498	740	o6	1.195	AGTTAA
1032607	284	o6	2.350	AGTTAA
1032608	586	o6	1.530	AGTTAA
1032613	976	o6	1.395	AGTTAA
1032622	3053	o6	1.606	AGTTAA
1032622	3131	o6	2.807	AGTTAA
1032622	4835	o6	2.025	AGTTAA
1032634	432	o6	1.576	AGTTAA
1032687	579	o6	1.787	AGTTAA
1032718	386	o6	1.711	AGTTAA
1032799	1054	o6	2.676	AGTTAA
1032813	759	o6	1.019	AGTTAA
1032822	220	o6	1.857	AGTTAA
1032822	241	6m	2.457	GTTAAC
1032822	1304	o6	1.792	AGTTAA
1032829	384	7m8	1.606	GTTAAC
1032829	1134	o6	1.069	AGTTAA
1032840	181	o6	2.792	AGTTAA
1032843	216	o6	2.449	AGTTAA
1032876	502	6m	2.159	GTTAAC
1032876	1887	o6	1.504	AGTTAA
1032884	977	7A1	1.145	GTTAAC
1032902	1226	7m8	1.251	AGTTAA
1032908	128	o6	1.485	AGTTAA
1032935	413	o6	1.606	AGTTAA
1032948	77	o6	2.321	AGTTAA
1032965	1548	o6	1.567	AGTTAA
1032968	189	o6	2.409	AGTTAA
1032968	1135	7A1	1.004	GTTAAC
1033008	686	7m8	2.807	GTTAAC
1033008	2726	o6	3.034	AGTTAA
1033008	2839	o6	3.034	AGTTAA
1033008	3584	o6	1.251	AGTTAA
1033052	32	6m	2.683	GTTAAC
1033074	215	8m	1.238	AGTTAA
1033074	536	o6	1.255	AGTTAA
1033085	231	8m	2.520	AGTTAA
1033085	1856	o6	2.169	AGTTAA
1033085	2037	o6	1.476	AGTTAA
1033089	182	o6	1.575	AGTTAA
1033141	1522	6m	1.577	GTTAAC
1033141	1865	7A1	1.284	GTTAAC
1033141	5660	7m8	1.496	AGTTAA
1033239	328	o6	1.497	AGTTAA
1033250	583	o6	2.061	AGTTAA
1033281	736	o6	2.098	AGTTAA
1033328	627	6m	2.789	GTTAAC
1033328	2146	6m	2.511	GTTAAC
1033354	89	8m	2.893	AGTTAA
1033362	2767	o6	1.260	AGTTAA
1033362	2931	7m8	1.233	AGTTAA
1033384	609	o6	1.998	AGTTAA
1033384	2486	o6	1.456	AGTTAA
1033414	702	7m8	2.523	AGTTAA
1033414	710	7m8	2.523	AGTTAA
1033421	53	o6	1.240	AGTTAA
1033431	236	o6	2.141	AGTTAA
1033452	1877	6m	2.149	GTTAAC
1033452	2215	o6	1.011	AGTTAA
1033481	237	o6	2.086	AGTTAA
1033553	495	8m	2.411	AGTTAA
1033565	586	7A1	2.231	GTTAAC
1033565	4376	8m	2.520	AGTTAA
1033571	588	o6	1.082	AGTTAA
1033571	2267	6m	1.510	GTTAAC
1033571	2745	o6	1.082	AGTTAA
1033571	5252	o6	1.015	AGTTAA
1033598	159	o6	1.766	AGTTAA
1033598	3626	o6	2.326	AGTTAA
1033598	6081	o6	2.090	AGTTAA
1033601	1064	6m	1.467	GTTAAC
1033601	1423	o6	2.715	AGTTAA
1033616	821	8m	2.002	AGTTAA
1033616	889	7m8	1.227	AGTTAA
1033634	74	o6	4.359	AGTTAA
1033634	335	7m8	1.164	AGTTAA
1033669	41	o6	1.042	AGTTAA
1033669	319	o6	1.034	AGTTAA
1033678	2035	o6	1.001	AGTTAA
1033685	366	o6	2.146	AGTTAA
1033685	658	o6	1.368	AGTTAA
1033786	1073	7A1	2.132	GTTAAC
1033789	1817	6m	1.606	GTTAAC
1033789	4377	o6	1.240	AGTTAA
1033792	313	6m	1.577	GTTAAC
1033803	176	6m	1.609	GTTAAC
1033859	528	o6	2.161	AGTTAA
1033865	627	6m	1.032	GTTAAC
1033877	559	o6	1.462	AGTTAA
1033883	431	o6	2.854	AGTTAA
1033924	73	o6	2.098	AGTTAA
1033960	332	o6	2.201	AGTTAA
1033960	492	o6	1.284	AGTTAA
1033960	505	o6	2.178	AGTTAA
1033971	180	o6	1.973	AGTTAA
1033971	196	o6	2.179	AGTTAA
1033971	4358	6m	3.034	GTTAAC
1033984	959	o6	2.058	AGTTAA
1033984	1010	6m	2.073	GTTAAC
1034068	5837	7A1	1.301	GTTAAC
1034074	2250	o6	1.548	AGTTAA
1034160	636	o6	1.031	AGTTAA
1034170	902	o6	1.063	AGTTAA
1034230	26	7A1	1.311	GTTAAC
1034289	567	6m	1.243	GTTAAC
1034331	1327	7m8	1.574	AGTTAA
1034331	2331	o6	1.435	AGTTAA
1034331	4431	o6	1.615	AGTTAA
1034347	1221	o6	2.314	AGTTAA
1034358	784	6m	2.377	GTTAAC
1034361	1067	6m	1.764	GTTAAC
1034362	1898	7A1	3.571	GTTAAC
1034370	1112	o6	1.894	AGTTAA
1034397	999	o6	1.073	AGTTAA
1034400	523	o6	2.383	AGTTAA
1034401	198	7m8	1.361	AGTTAA
1034406	1095	7A1	1.320	GTTAAC
1034419	159	7A1	1.328	GTTAAC
1034451	700	o6	1.218	AGTTAA
1034469	954	o6	2.463	AGTTAA
1034481	152	7A1	2.266	GTTAAC
1034496	625	o6	2.383	AGTTAA
1034496	631	o6	2.037	AGTTAA
1034496	1310	7A1	1.906	GTTAAC
1034539	476	7m8	1.073	GTTAAC
1034539	1556	o6	2.015	AGTTAA
1034545	383	o6	2.470	AGTTAA
1034556	2454	o6	2.321	AGTTAA
1034556	2691	o6	1.719	AGTTAA
1034565	1445	o6	1.174	AGTTAA
1034586	1214	6m	2.605	GTTAAC
1034617	114	7m8	1.317	GTTAAC
1034620	230	6m	1.818	GTTAAC
1034635	317	o6	1.098	AGTTAA
1034665	804	8m	2.563	AGTTAA
1034679	825	o6	1.770	AGTTAA
1034679	1881	o6	1.296	AGTTAA
1034679	3406	8m	1.811	AGTTAA
1034687	853	o6	1.315	AGTTAA
1034726	782	8m	1.434	AGTTAA
1034739	792	6m	3.312	GTTAAC
1034766	530	o6	1.245	AGTTAA
1034766	843	6m	1.006	GTTAAC
1034771	1196	8m	1.280	AGTTAA
1034771	1863	o6	1.779	AGTTAA
1034831	398	7m8	1.557	AGTTAA
1034896	720	o6	1.010	AGTTAA
1034899	979	7A1	1.647	GTTAAC
1034917	1064	o6	1.199	AGTTAA
1034917	3267	o6	1.137	AGTTAA
1034953	165	o6	2.521	AGTTAA
1034953	415	o6	2.017	AGTTAA
1034983	470	o6	1.006	AGTTAA
1034984	365	6m	1.336	GTTAAC
1034995	6045	7A1	1.378	GTTAAC
1035001	2935	o6	2.377	AGTTAA
1035010	2767	8m	3.563	AGTTAA
1035010	3567	6m	3.945	GTTAAC
1035010	3979	6m	1.815	GTTAAC
1035015	385	7m8	1.554	AGTTAA
1035043	224	o6	1.595	AGTTAA
1035043	592	6m	2.230	GTTAAC
1035043	2239	o6	1.487	AGTTAA
1035055	10	7m8	3.374	AGTTAA
1035093	1613	o6	1.690	AGTTAA
1035103	1686	6m	1.131	GTTAAC
1035114	282	6m	1.850	GTTAAC
1035114	390	o6	2.854	AGTTAA
1035120	207	8m	1.488	AGTTAA
1035133	257	o6	1.027	AGTTAA
1035153	1313	o6	1.065	AGTTAA
1035181	212	8m	2.017	AGTTAA
1035192	1011	7A1	3.310	GTTAAC
1035198	323	o6	1.558	AGTTAA
1035198	3312	o6	1.201	AGTTAA
1035204	474	o6	2.480	AGTTAA
1035213	2442	o6	1.502	AGTTAA
1035251	547	o6	1.193	AGTTAA
1035314	1307	6m	2.497	GTTAAC
1035320	1289	o6	2.689	AGTTAA
1035366	189	7m8	1.397	GTTAAC
1035380	286	8m	2.793	AGTTAA
1035447	627	o6	2.114	AGTTAA
1035447	647	o6	1.070	AGTTAA
1035467	46	o6	2.835	AGTTAA
1035473	167	o6	1.895	AGTTAA
1035527	1406	6m	2.493	GTTAAC
1035536	4075	7A1	1.282	GTTAAC
1035551	74	o6	1.437	AGTTAA
1035554	56	o6	1.227	AGTTAA
1035561	607	o6	1.688	AGTTAA
1035561	907	o6	2.227	AGTTAA
1035566	1065	8m	1.560	AGTTAA
1035566	1294	8m	3.148	AGTTAA
1035569	9884	o6	1.874	AGTTAA
1035569	13452	7m8	1.598	AGTTAA
1035575	1255	o6	1.346	AGTTAA
1035585	1368	7A1	2.208	GTTAAC
1035602	351	6m	1.024	GTTAAC
1035605	177	o6	1.442	AGTTAA
1035656	191	7m8	1.038	AGTTAA
1035677	36	o6	2.175	AGTTAA
1035768	478	7m8	1.908	AGTTAA
1035797	171	o6	1.294	AGTTAA
1035798	1733	7m8	1.359	AGTTAA
1035798	2303	6m	1.199	GTTAAC
1035809	405	6m	1.284	GTTAAC
1035816	285	6m	1.463	GTTAAC
1035831	1224	o6	1.284	AGTTAA
1035843	1372	7A1	1.166	GTTAAC
1035940	23	o6	1.333	AGTTAA
1035945	389	6m	1.314	GTTAAC
1035945	2380	o6	1.679	AGTTAA
1035945	3827	o6	3.039	AGTTAA
1035974	625	o6	1.690	AGTTAA
1035974	631	o6	1.690	AGTTAA
1035974	1014	o6	1.690	AGTTAA
1035986	50	8m	1.961	AGTTAA
1035993	525	o6	1.225	AGTTAA
1036043	205	o6	1.162	AGTTAA
1036046	1054	o6	1.211	AGTTAA
1036053	1165	6m	3.723	GTTAAC
1036053	1924	7A1	3.723	GTTAAC
1036065	110	o6	2.233	AGTTAA
1036080	237	o6	1.069	AGTTAA
1036088	298	7m8	2.783	AGTTAA
1036127	10890	8m	1.073	AGTTAA
1036127	11368	o6	1.860	AGTTAA
1036127	13906	o6	1.783	AGTTAA
1036160	211	o6	1.404	AGTTAA
1036169	1598	6m	1.817	GTTAAC
1036170	278	8m	1.817	AGTTAA
1036178	426	7A1	1.992	GTTAAC
1036188	48	o6	2.108	AGTTAA
1036208	640	6m	2.284	GTTAAC
1036254	95	o6	2.053	AGTTAA
1036259	273	o6	2.029	AGTTAA
1036259	364	o6	1.513	AGTTAA
1036280	119	o6	2.298	AGTTAA
1036283	961	6m	2.864	GTTAAC
1036290	664	o6	1.703	AGTTAA
1036329	22	7A1	1.340	GTTAAC
1036343	559	6m	1.371	GTTAAC
1036346	362	o6	1.132	AGTTAA
1036350	20	o6	3.535	AGTTAA
1036367	1061	o6	2.587	AGTTAA
1036374	135	o6	1.857	AGTTAA
1036374	1878	7A1	2.951	GTTAAC
1036381	2996	7m8	1.954	AGTTAA
1036381	3261	o6	1.447	AGTTAA
1036399	294	o6	3.048	AGTTAA
1036404	879	o6	2.383	AGTTAA
1036404	959	o6	1.152	AGTTAA
1036405	191	8m	1.188	AGTTAA
1036443	286	o6	1.690	AGTTAA
1036443	294	8m	1.690	AGTTAA
1036492	197	o6	1.045	AGTTAA
1036501	599	o6	2.757	AGTTAA
1036533	212	o6	1.483	AGTTAA
1036558	984	7A1	2.073	GTTAAC
1036601	1670	7m8	1.674	AGTTAA
1036601	2218	7A1	1.695	GTTAAC
1036630	460	6m	2.394	GTTAAC
1036671	145	o6	2.400	AGTTAA
1036682	1543	6m	1.576	GTTAAC
1036682	1636	o6	2.509	AGTTAA
1036751	52	6m	1.116	GTTAAC
1036787	352	7m8	1.690	AGTTAA
1036788	1167	6m	1.073	GTTAAC
1036814	95	8m	2.068	AGTTAA
1036815	80	6m	1.658	GTTAAC
1036884	520	o6	3.857	AGTTAA
1036884	694	o6	3.857	AGTTAA
1036899	454	o6	1.959	AGTTAA
1036899	996	o6	1.770	AGTTAA
1036910	1318	o6	2.900	AGTTAA
1036928	309	7m8	2.377	AGTTAA
1036991	2544	o6	1.997	AGTTAA
1037036	186	o6	2.927	AGTTAA
1037036	518	o6	1.863	AGTTAA
1037119	73	6m	2.306	GTTAAC
1037153	528	6m	1.926	GTTAAC
1037171	429	6m	1.777	GTTAAC
1037198	74	6m	1.926	GTTAAC
1037219	1159	o6	1.997	AGTTAA
1037246	1251	6m	2.048	GTTAAC
1037339	2113	6m	2.649	GTTAAC
1037361	819	6m	1.936	GTTAAC
1037389	197	6m	1.463	GTTAAC
1037395	376	8m	1.468	AGTTAA
1037474	891	o6	1.432	AGTTAA
1037507	86	o6	2.991	AGTTAA
1037519	99	o6	1.815	AGTTAA
1037575	41	7A1	1.290	GTTAAC
1037588	719	o6	2.127	AGTTAA
1037620	201	o6	3.508	AGTTAA
1037635	197	6m	1.950	GTTAAC
1037646	127	o6	1.233	AGTTAA
1037705	1413	6m	2.300	GTTAAC
1037709	291	7A1	1.957	GTTAAC
1037709	587	o6	1.465	AGTTAA
1037715	676	o6	2.459	AGTTAA
1037736	36	o6	1.257	AGTTAA
1037739	38	o6	1.359	AGTTAA
1037845	1477	8m	2.194	AGTTAA
1037871	97	o6	2.017	AGTTAA
1037920	84	6m	2.044	GTTAAC
1037923	110	o6	1.560	AGTTAA
1037937	328	o6	1.487	AGTTAA
1037937	386	o6	1.487	AGTTAA
1038034	131	6m	1.771	GTTAAC
1038061	18	o6	1.925	AGTTAA
1038066	1411	o6	2.776	AGTTAA
1038067	177	o6	2.049	AGTTAA
1038067	425	6m	2.067	GTTAAC
1038067	612	6m	2.194	GTTAAC
1038088	838	o6	2.448	AGTTAA
1038160	950	o6	2.022	AGTTAA
1038192	357	o6	1.506	AGTTAA
1038214	317	o6	1.349	AGTTAA
1038223	1117	6m	1.531	GTTAAC
1038228	415	o6	1.887	AGTTAA
1038293	2694	o6	1.563	AGTTAA
1038293	2962	o6	3.100	AGTTAA
1038293	3282	7A1	2.321	GTTAAC
1038293	3649	o6	3.100	AGTTAA
1038302	209	o6	1.260	AGTTAA
1038306	281	o6	5.179	AGTTAA
1038312	792	o6	1.393	AGTTAA
1038312	2318	7m8	3.649	GTTAAC
1038366	581	7A1	1.126	GTTAAC
1038366	679	o6	1.318	AGTTAA
1038378	357	o6	2.155	AGTTAA
1038407	70	o6	1.151	AGTTAA
1038440	2656	o6	2.792	AGTTAA
1038465	685	o6	1.832	AGTTAA
1038521	198	o6	2.751	AGTTAA
1038521	641	o6	1.337	AGTTAA
1038521	758	o6	1.092	AGTTAA
1038529	893	o6	1.373	AGTTAA
1038548	618	6m	1.034	GTTAAC
1038548	1136	o6	2.025	AGTTAA
1038601	82	8m	1.555	AGTTAA
1038601	201	o6	1.624	AGTTAA
1038605	633	o6	2.365	AGTTAA
1038622	1145	7A1	2.601	GTTAAC
1038640	1629	o6	1.059	AGTTAA
1038640	3396	o6	2.446	AGTTAA
1038703	202	o6	1.945	AGTTAA
1038710	1650	6m	1.055	GTTAAC
1038710	2070	6m	1.929	GTTAAC
1038727	158	o6	1.065	AGTTAA
1038727	545	o6	1.426	AGTTAA
1038748	1423	o6	1.046	AGTTAA
1038752	421	6m	1.380	GTTAAC
1038752	712	7m8	1.077	AGTTAA
1038796	714	7A1	1.652	GTTAAC
1038797	134	6m	1.101	GTTAAC
1038867	213	o6	1.189	AGTTAA
1038873	407	6m	1.642	GTTAAC
1038890	421	o6	1.673	AGTTAA
1038890	568	6m	2.564	GTTAAC
1038923	238	o6	3.506	AGTTAA
1038923	718	7A1	2.943	GTTAAC
1038923	1461	7m8	1.759	GTTAAC
1038954	1306	o6	1.152	AGTTAA
1039004	278	o6	3.267	AGTTAA
1039033	585	6m	2.508	GTTAAC
1039048	1023	o6	1.397	AGTTAA
1039052	781	6m	1.962	GTTAAC
1039061	2202	o6	2.661	AGTTAA
1039073	195	6m	2.166	GTTAAC
1039147	163	o6	2.210	AGTTAA
1039147	171	6m	1.863	GTTAAC
1039202	1659	7A1	2.395	GTTAAC
1039282	342	6m	2.377	GTTAAC
1039356	62	o6	1.354	AGTTAA
1039376	1893	o6	1.345	AGTTAA
1039376	2404	o6	2.724	AGTTAA
1039398	268	o6	1.309	AGTTAA
1039398	354	6m	1.155	GTTAAC
1039398	480	6m	1.309	GTTAAC
1039422	1345	o6	1.169	AGTTAA
1039422	3925	o6	1.772	AGTTAA
1039422	3930	8m	1.772	AGTTAA
1039445	1701	o6	2.967	AGTTAA
1039445	1854	o6	2.891	AGTTAA
1039469	1040	o6	1.793	AGTTAA
1039469	1280	7m8	2.349	AGTTAA
1039474	30	6m	1.533	GTTAAC
1039474	329	o6	2.286	AGTTAA
1039481	755	o6	1.085	AGTTAA
1039496	1433	6m	1.707	GTTAAC
1039497	23	o6	1.700	AGTTAA
1039533	143	o6	1.560	AGTTAA
1039557	529	7A1	2.841	GTTAAC
1039557	1230	o6	2.533	AGTTAA
1039563	2402	7A1	1.517	GTTAAC
1039568	3	o6	1.315	AGTTAA
1039578	1511	7m8	2.763	AGTTAA
1039578	5592	o6	1.560	AGTTAA
1039631	289	o6	1.842	AGTTAA
1039697	28	7m8	1.232	GTTAAC
1039703	344	o6	1.328	AGTTAA
1039703	509	7A1	1.711	GTTAAC
1039703	1902	7A1	3.032	GTTAAC
1039703	2262	8m	4.039	AGTTAA
1039706	1789	o6	2.356	AGTTAA
1039718	1129	o6	2.351	AGTTAA
1039805	756	o6	1.643	AGTTAA
1039831	1482	o6	2.055	AGTTAA
1039852	544	o6	3.270	AGTTAA
1039853	792	6m	1.690	GTTAAC
1039853	1125	6m	2.941	GTTAAC
1039853	2444	o6	1.434	AGTTAA
1039853	3999	o6	2.068	AGTTAA
1039853	7883	o6	3.275	AGTTAA
1039858	1424	o6	3.083	AGTTAA
1039858	3585	6m	1.924	GTTAAC
1039865	194	o6	2.423	AGTTAA
1039908	2491	7m8	1.500	AGTTAA
1039908	4088	7m8	1.616	AGTTAA
1039920	341	7A1	1.380	GTTAAC
1039920	917	o6	2.189	AGTTAA
1039928	136	6m	1.309	GTTAAC
1039931	297	o6	1.116	AGTTAA
1039950	270	o6	1.073	AGTTAA
1039950	329	7m8	1.677	AGTTAA
1039955	1257	o6	1.162	AGTTAA
1039959	1278	6m	1.095	GTTAAC
1039959	2727	o6	1.661	AGTTAA
1039965	225	6m	1.268	GTTAAC
1039995	185	6m	2.197	GTTAAC
1040007	246	o6	1.850	AGTTAA
1040007	1788	o6	1.273	AGTTAA
1040012	2772	7m8	3.529	AGTTAA
1040019	591	o6	1.361	AGTTAA
1040031	1435	6m	1.931	GTTAAC
1040045	122	7A1	1.729	GTTAAC
1040048	2237	6m	2.429	GTTAAC
1040048	2273	o6	2.761	AGTTAA
1040049	2431	o6	1.370	AGTTAA
1040069	50	8m	1.961	AGTTAA
1040070	3589	o6	3.285	AGTTAA
1040070	3594	o6	3.285	AGTTAA
1040070	3664	6m	1.039	GTTAAC
1040078	838	o6	1.234	AGTTAA
1040099	201	o6	2.854	AGTTAA
1040120	724	o6	2.141	AGTTAA
1040120	755	o6	1.437	AGTTAA
1040136	1612	o6	1.672	AGTTAA
1040148	1532	o6	1.602	AGTTAA
1040168	395	o6	3.731	AGTTAA
1040171	1112	7A1	1.118	GTTAAC
1040183	790	o6	1.394	AGTTAA
1040189	403	o6	3.758	AGTTAA
1040190	3452	o6	1.897	AGTTAA
1040202	989	o6	1.894	AGTTAA
1040210	1303	7m8	1.013	AGTTAA
1040210	2293	7A1	1.041	GTTAAC
1040228	638	7A1	1.299	GTTAAC
1040234	1379	o6	2.351	AGTTAA
1040283	1872	o6	1.057	AGTTAA
1040283	4314	o6	1.321	AGTTAA
1040294	400	o6	2.073	AGTTAA
1040297	605	o6	2.436	AGTTAA
1040298	3739	o6	1.889	AGTTAA
1040298	8352	7m8	1.910	AGTTAA
1040303	1583	7m8	3.032	AGTTAA
1040303	1875	6m	2.055	GTTAAC
1040303	3248	o6	1.340	AGTTAA
1040304	1099	8m	1.468	AGTTAA
1040304	1756	8m	1.940	AGTTAA
1040304	2010	6m	1.945	GTTAAC
1040331	565	o6	1.457	AGTTAA
1040337	4519	o6	1.288	AGTTAA
1040343	151	o6	1.600	AGTTAA
1040346	1482	6m	1.340	GTTAAC
1040346	1931	o6	2.549	AGTTAA
1040346	2908	o6	2.015	AGTTAA
1040346	4155	7m8	1.646	AGTTAA
1040367	1817	6m	1.317	GTTAAC
1040398	187	o6	1.680	AGTTAA
1040404	1406	o6	1.109	AGTTAA
1040411	623	o6	1.212	AGTTAA
1040417	2519	o6	1.764	AGTTAA
1040417	2593	o6	1.463	AGTTAA
1040443	976	o6	1.073	AGTTAA
1040458	452	o6	2.837	AGTTAA
1040479	1958	6m	1.309	GTTAAC
1040479	3392	o6	1.447	AGTTAA
1040486	2135	o6	1.591	AGTTAA
1040500	785	6m	3.832	GTTAAC
1040521	194	o6	1.136	AGTTAA
1040538	39	8m	1.288	AGTTAA
1040538	517	o6	2.233	AGTTAA
1040538	3055	o6	2.043	AGTTAA
1040542	2487	7m8	2.667	GTTAAC
1040547	523	o6	1.262	AGTTAA
1040553	121	7m8	1.341	AGTTAA
1040590	758	o6	1.297	AGTTAA
1040590	1892	6m	1.232	GTTAAC
1040590	4625	7A1	2.173	GTTAAC
1040590	7048	o6	1.186	AGTTAA
1040623	642	7A1	1.071	GTTAAC
1040635	178	o6	1.064	AGTTAA
1040635	2539	o6	1.327	AGTTAA
1040635	3139	o6	1.566	AGTTAA
1040635	5173	o6	1.327	AGTTAA
1040646	1921	7m8	1.297	AGTTAA
1040647	8	7m8	1.232	GTTAAC
1040650	8	7m8	1.232	GTTAAC
1040653	8	7m8	1.232	GTTAAC
