1000077	166	o6	2.646	CACTGC
1000122	143	6m	2.544	ACTGCC
1000156	598	6m	1.101	ACTGCC
1000195	607	7m8	2.682	ACTGCC
1000436	512	o6	1.009	CACTGC
1000446	283	8m	2.533	CACTGC
1000536	70	o6	1.048	CACTGC
1000580	1275	7A1	1.316	ACTGCC
1000598	183	7A1	1.336	ACTGCC
1000610	1287	8m	3.301	CACTGC
1000649	805	7A1	1.268	ACTGCC
1000698	14	7A1	1.909	ACTGCC
1000770	24	7A1	1.380	ACTGCC
1000773	54	7A1	2.256	ACTGCC
1000817	388	6m	1.320	ACTGCC
1000845	2127	8m	1.876	CACTGC
1000850	183	7A1	1.906	ACTGCC
1000869	473	7A1	1.053	ACTGCC
1000896	249	7m8	2.026	CACTGC
1000896	258	o6	2.218	CACTGC
1000923	87	o6	1.545	CACTGC
1000923	355	7A1	2.449	ACTGCC
1000928	1130	8m	2.350	CACTGC
1000979	946	6m	1.690	ACTGCC
1001024	288	o6	1.524	CACTGC
1001148	36	o6	3.287	CACTGC
1001217	173	o6	1.053	CACTGC
1001440	793	o6	2.652	CACTGC
1001577	830	o6	2.171	CACTGC
1001817	2337	7A1	1.726	ACTGCC
1001891	809	o6	2.508	CACTGC
1001921	345	o6	1.622	CACTGC
1002155	628	6m	2.215	ACTGCC
1002176	1328	6m	1.029	ACTGCC
1002215	209	6m	1.135	ACTGCC
1002240	328	o6	1.304	CACTGC
1002383	497	o6	3.387	CACTGC
1002481	1957	7A1	2.795	ACTGCC
1002527	13	o6	1.053	CACTGC
1002584	258	7A1	1.298	ACTGCC
1002772	115	6m	1.475	ACTGCC
1002877	1215	7m8	1.769	CACTGC
1002908	35	6m	1.486	ACTGCC
1003048	11	6m	2.366	ACTGCC
1003108	106	7m8	1.276	CACTGC
1003143	107	8m	1.903	ACTGCC
1003143	355	o6	1.864	CACTGC
1003251	337	o6	1.214	CACTGC
1003263	627	o6	1.954	CACTGC
1003379	795	7A1	2.026	ACTGCC
1003576	940	7m8	1.403	CACTGC
1003582	66	8m	1.065	CACTGC
1003612	112	6m	2.090	ACTGCC
1003615	802	o6	1.059	CACTGC
1003631	308	6m	2.459	ACTGCC
1003631	1952	7m8	2.617	ACTGCC
1003660	485	6m	2.340	ACTGCC
1003675	459	6m	2.755	ACTGCC
1003930	657	8m	2.351	CACTGC
1003951	336	7m8	1.373	CACTGC
1003957	93	o6	1.399	CACTGC
1003999	920	7A1	2.037	ACTGCC
1004389	6	7m8	1.718	CACTGC
1004419	168	7A1	2.515	ACTGCC
1004835	161	6m	1.073	ACTGCC
1004855	20	7A1	1.284	ACTGCC
1004987	382	7A1	3.347	ACTGCC
1004999	7	7A1	1.251	ACTGCC
1005034	298	o6	1.645	CACTGC
1005078	216	7m8	1.295	ACTGCC
1005084	186	o6	1.583	CACTGC
1005120	2261	7A1	2.091	ACTGCC
1005438	161	o6	2.994	CACTGC
1005470	2171	7m8	2.893	CACTGC
1005581	488	o6	2.381	CACTGC
1005646	703	8m	4.239	CACTGC
1005829	26	6m	1.187	ACTGCC
1006107	422	7A1	2.054	ACTGCC
1006107	681	6m	2.544	ACTGCC
1006107	981	7A1	2.544	ACTGCC
1006548	1155	o6	1.519	CACTGC
1006615	195	8m	2.343	CACTGC
1006650	251	6m	1.690	ACTGCC
1006708	57	6m	1.073	ACTGCC
1006708	550	7m8	1.934	ACTGCC
1006708	1165	7A1	1.831	ACTGCC
1006719	1718	o6	1.339	CACTGC
1006838	260	7A1	2.026	ACTGCC
1006875	144	8m	2.652	CACTGC
1006940	1352	o6	1.606	CACTGC
1006948	44	6m	1.101	ACTGCC
1007148	1693	6m	2.458	ACTGCC
1007169	29	7A1	2.033	ACTGCC
1007172	124	8m	2.519	CACTGC
1007213	1457	7A1	1.340	ACTGCC
1007227	173	o6	1.529	CACTGC
1007231	302	7A1	2.718	ACTGCC
1007231	755	7m8	1.100	CACTGC
1007242	1036	7A1	2.997	ACTGCC
1007403	146	6m	1.095	ACTGCC
1007484	1109	8m	2.758	CACTGC
1007521	169	6m	1.126	ACTGCC
1007521	429	o6	1.890	CACTGC
1007547	660	6m	2.085	ACTGCC
1007576	243	o6	1.065	CACTGC
1007584	1054	o6	1.011	CACTGC
1007608	541	o6	1.322	CACTGC
1007624	1111	o6	1.535	CACTGC
1007637	299	7m8	1.749	CACTGC
1007646	179	6m	2.326	ACTGCC
1007750	331	o6	1.405	CACTGC
1007758	8	o6	1.220	CACTGC
1007759	96	7A1	1.073	ACTGCC
1007812	3804	6m	2.457	ACTGCC
1007812	5126	o6	3.010	CACTGC
1007812	6355	6m	2.544	ACTGCC
1007875	2485	o6	2.413	CACTGC
1007903	3536	8m	2.537	CACTGC
1007903	4068	8m	2.019	CACTGC
1007936	239	o6	1.053	CACTGC
1008072	137	8m	2.781	CACTGC
1008108	77	8m	2.212	CACTGC
1008192	94	o6	2.214	CACTGC
1008271	271	7A1	2.114	ACTGCC
1008307	1719	6m	2.025	ACTGCC
1008355	671	7A1	1.288	ACTGCC
1008372	60	o6	2.031	CACTGC
1008432	663	o6	2.592	CACTGC
1008498	383	6m	2.075	ACTGCC
1008510	353	6m	2.183	ACTGCC
1008510	361	8m	2.183	CACTGC
1008621	207	6m	1.285	ACTGCC
1008650	399	o6	1.240	CACTGC
1008716	114	6m	2.005	ACTGCC
1008755	874	6m	2.000	ACTGCC
1008788	248	6m	2.133	ACTGCC
1008813	222	7A1	2.085	ACTGCC
1008881	603	8m	1.415	CACTGC
1008890	551	6m	1.086	ACTGCC
1009026	343	o6	2.025	CACTGC
1009074	953	7A1	1.434	ACTGCC
1009349	227	o6	1.906	CACTGC
1009352	193	6m	2.158	ACTGCC
1009369	666	7A1	1.690	ACTGCC
1009369	974	6m	3.232	ACTGCC
1009369	1244	8m	2.073	CACTGC
1009408	292	o6	1.042	CACTGC
1009412	140	7A1	2.544	ACTGCC
1009647	547	6m	1.385	ACTGCC
1009665	324	8m	2.220	CACTGC
1009763	177	o6	2.768	CACTGC
1009804	16	7A1	2.625	ACTGCC
1009838	191	o6	1.437	CACTGC
1009906	15	o6	1.193	CACTGC
1009927	278	o6	1.711	CACTGC
1010047	444	o6	1.255	CACTGC
1010229	350	o6	1.266	CACTGC
1010237	224	o6	1.349	CACTGC
1010250	2694	o6	3.659	CACTGC
1010278	659	6m	2.858	ACTGCC
1010331	374	o6	2.231	CACTGC
1010359	52	7A1	1.916	ACTGCC
1010401	3029	o6	1.316	CACTGC
1010412	282	8m	1.906	CACTGC
1010483	20	6m	3.034	ACTGCC
1010824	73	7m8	2.253	CACTGC
1010862	64	6m	1.220	ACTGCC
1010950	1515	6m	1.778	ACTGCC
1010950	1797	6m	2.019	ACTGCC
1011083	493	6m	2.821	ACTGCC
1011107	316	7A1	2.187	ACTGCC
1011117	702	o6	1.853	CACTGC
1011194	483	7A1	3.393	ACTGCC
1011242	55	7m8	1.535	ACTGCC
1011245	317	8m	2.187	CACTGC
1011327	239	7A1	2.598	ACTGCC
1011416	360	o6	1.355	CACTGC
1011469	235	7A1	2.779	ACTGCC
1011620	119	o6	2.121	CACTGC
1011698	440	8m	1.479	CACTGC
1011956	24	6m	1.723	ACTGCC
1011982	294	6m	2.235	ACTGCC
1012060	20	o6	1.147	CACTGC
1012262	706	6m	1.284	ACTGCC
1012262	1306	6m	3.026	ACTGCC
1012320	86	6m	1.705	ACTGCC
1012421	133	o6	1.282	CACTGC
1012424	149	o6	1.058	CACTGC
1012430	599	o6	1.690	CACTGC
1012543	55	6m	1.405	ACTGCC
1012561	39	7A1	2.184	ACTGCC
1012593	51	o6	1.016	CACTGC
1012719	200	6m	1.753	ACTGCC
1012719	267	7A1	2.271	ACTGCC
1012719	299	7A1	1.753	ACTGCC
1012833	18	8m	1.322	CACTGC
1012839	995	6m	2.523	ACTGCC
1013089	362	8m	1.008	CACTGC
1013365	60	o6	1.500	CACTGC
1013486	80	7m8	1.162	ACTGCC
1013541	667	7A1	1.973	ACTGCC
1013541	1724	o6	1.567	CACTGC
1013573	98	6m	1.084	ACTGCC
1013591	553	8m	2.876	CACTGC
1013670	1165	o6	1.284	CACTGC
1013855	23	7m8	1.284	CACTGC
1014060	193	o6	1.240	CACTGC
1014066	534	7A1	1.103	ACTGCC
1014212	328	6m	1.548	ACTGCC
1014473	1230	7m8	2.262	CACTGC
1014480	1362	6m	1.171	ACTGCC
1014559	833	7A1	1.322	ACTGCC
1014588	326	7A1	2.807	ACTGCC
1014588	1776	o6	1.606	CACTGC
1014638	1524	6m	1.060	ACTGCC
1014723	46	o6	1.023	CACTGC
1014740	306	o6	1.588	CACTGC
1014856	1138	6m	1.319	ACTGCC
1014856	1343	6m	1.062	ACTGCC
1014856	2025	7m8	1.645	CACTGC
1014856	2102	7m8	1.042	CACTGC
1014866	359	6m	2.176	ACTGCC
1014904	2216	6m	1.084	ACTGCC
1014966	130	o6	2.504	CACTGC
1014981	1210	8m	2.981	CACTGC
1015047	576	8m	1.669	CACTGC
1015047	1145	7A1	2.544	ACTGCC
1015076	295	8m	2.270	CACTGC
1015091	1567	8m	2.052	CACTGC
1015091	4352	6m	2.615	ACTGCC
1015209	191	o6	1.292	CACTGC
1015259	371	o6	1.284	CACTGC
1015291	452	6m	2.350	ACTGCC
1015291	1232	6m	2.112	ACTGCC
1015336	401	6m	1.672	ACTGCC
1015348	228	8m	1.495	CACTGC
1015375	1709	8m	1.019	CACTGC
1015397	8	6m	1.512	ACTGCC
1015435	867	o6	2.106	CACTGC
1015480	1889	o6	1.517	CACTGC
1015551	50	o6	1.690	CACTGC
1015572	3543	6m	2.970	ACTGCC
1015667	242	o6	1.157	CACTGC
1015697	934	7A1	2.459	ACTGCC
1015789	1272	7A1	1.295	ACTGCC
1015840	84	o6	1.315	CACTGC
1015852	76	6m	2.377	ACTGCC
1015925	233	6m	2.518	ACTGCC
1015972	1483	7A1	2.651	ACTGCC
1015995	40	7m8	1.202	CACTGC
1015995	224	6m	1.214	ACTGCC
1016019	1078	7m8	1.718	ACTGCC
1016026	1927	o6	1.322	CACTGC
1016026	3301	8m	2.220	CACTGC
1016097	30	6m	2.523	ACTGCC
1016155	46	o6	1.053	CACTGC
1016176	1173	8m	2.076	CACTGC
1016176	1322	7m8	2.220	CACTGC
1016205	904	7A1	2.220	ACTGCC
1016281	380	6m	1.328	ACTGCC
1016373	835	o6	1.332	CACTGC
1016431	449	7A1	2.350	ACTGCC
1016449	1502	6m	2.403	ACTGCC
1016565	2013	o6	1.283	CACTGC
1016577	203	6m	2.370	ACTGCC
1016728	141	6m	2.017	ACTGCC
1016787	1253	7m8	1.915	CACTGC
1016832	714	6m	2.544	ACTGCC
1016838	170	8m	3.082	CACTGC
1016971	2026	o6	2.069	CACTGC
1016986	843	8m	3.475	CACTGC
1017012	863	o6	2.578	CACTGC
1017019	618	8m	2.134	ACTGCC
1017024	599	o6	1.393	CACTGC
1017258	711	7A1	2.415	ACTGCC
1017348	47	8m	1.229	ACTGCC
1017381	654	o6	1.032	CACTGC
1017381	941	7A1	1.649	ACTGCC
1017443	180	8m	2.033	ACTGCC
1017485	186	7A1	1.313	ACTGCC
1017485	226	7m8	2.220	CACTGC
1017562	28	8m	2.350	CACTGC
1017618	929	o6	1.508	CACTGC
1017669	261	6m	2.660	ACTGCC
1017749	114	7m8	1.004	CACTGC
1017981	871	o6	1.328	CACTGC
1018033	817	o6	1.479	CACTGC
1018078	67	7A1	2.166	ACTGCC
1018081	461	7A1	2.981	ACTGCC
1018134	2285	6m	1.671	ACTGCC
1018134	3541	8m	2.387	CACTGC
1018194	29	7A1	2.771	ACTGCC
1018233	691	o6	2.158	CACTGC
1018248	390	o6	1.550	CACTGC
1018248	1671	7m8	1.440	CACTGC
1018287	218	6m	1.649	ACTGCC
1018398	195	7m8	1.541	CACTGC
1018619	512	7A1	2.537	ACTGCC
1018661	422	6m	1.717	ACTGCC
1018682	163	o6	2.025	CACTGC
1018682	387	6m	1.512	ACTGCC
1018732	156	o6	1.946	CACTGC
1018784	48	6m	1.711	ACTGCC
1018944	135	o6	1.122	CACTGC
1019240	170	7A1	2.065	ACTGCC
1019352	358	6m	1.690	ACTGCC
1019374	177	6m	1.783	ACTGCC
1019474	32	7A1	2.369	ACTGCC
1019486	728	o6	1.328	CACTGC
1019570	454	7A1	2.489	ACTGCC
1019728	3	7A1	1.730	ACTGCC
1019938	92	7A1	2.508	ACTGCC
1019939	38	8m	3.174	CACTGC
1020163	592	6m	1.604	ACTGCC
1020219	1660	7m8	1.987	CACTGC
1020241	851	6m	2.611	ACTGCC
1020435	2594	o6	1.245	CACTGC
1020567	59	6m	1.048	ACTGCC
1020600	387	6m	1.314	ACTGCC
1020642	718	o6	3.266	CACTGC
1020782	241	o6	1.950	CACTGC
1020859	88	7A1	1.575	ACTGCC
1020861	1931	7A1	1.575	ACTGCC
1020901	389	6m	2.377	ACTGCC
1021028	55	7A1	2.321	ACTGCC
1021412	132	7A1	2.376	ACTGCC
1021531	47	7A1	3.631	ACTGCC
1021566	1704	o6	1.573	CACTGC
1021962	900	o6	1.384	CACTGC
1022180	619	7m8	2.196	CACTGC
1022180	1431	o6	1.029	CACTGC
1022253	268	o6	1.882	CACTGC
1022256	1323	7A1	2.298	ACTGCC
1022480	127	o6	1.485	CACTGC
1022853	457	o6	1.993	CACTGC
1023047	673	7A1	1.997	ACTGCC
1023062	2355	7m8	1.315	CACTGC
1023062	2533	8m	1.758	ACTGCC
1023100	1847	7m8	2.214	CACTGC
1023100	1866	7m8	1.569	CACTGC
1023101	20	6m	1.506	ACTGCC
1023109	1249	7A1	1.084	ACTGCC
1023151	69	o6	2.949	CACTGC
1023289	1527	7A1	3.232	ACTGCC
1023320	1219	o6	1.284	CACTGC
1023350	377	o6	1.039	CACTGC
1023599	3797	o6	1.131	CACTGC
1023678	1095	o6	1.162	CACTGC
1023717	355	6m	2.025	ACTGCC
1023727	793	6m	1.649	ACTGCC
1023783	1154	o6	1.190	CACTGC
1023790	433	8m	2.505	CACTGC
1023790	1615	o6	2.628	CACTGC
1023846	208	8m	2.248	CACTGC
1023846	1412	8m	2.537	CACTGC
1023853	736	o6	1.577	CACTGC
1023882	400	6m	1.808	ACTGCC
1023991	301	7A1	2.392	ACTGCC
1024019	2068	7m8	2.652	CACTGC
1024028	1507	o6	1.349	CACTGC
1024031	2073	o6	1.191	CACTGC
1024045	450	o6	1.298	CACTGC
1024085	720	6m	1.505	ACTGCC
1024184	503	7A1	1.907	ACTGCC
1024229	74	6m	1.744	ACTGCC
1024229	246	8m	2.999	CACTGC
1024258	828	o6	1.413	CACTGC
1024393	325	o6	2.177	CACTGC
1024397	2033	6m	2.807	ACTGCC
1024403	381	6m	2.201	ACTGCC
1024415	251	o6	2.063	CACTGC
1024465	2108	8m	2.544	CACTGC
1024576	48	7A1	1.320	ACTGCC
1024576	979	o6	1.473	CACTGC
1024613	261	7A1	1.809	ACTGCC
1024622	1103	7A1	2.790	ACTGCC
1024648	936	o6	1.295	CACTGC
1024829	5993	7A1	2.033	ACTGCC
1024873	267	7m8	1.931	CACTGC
1024907	369	o6	1.687	CACTGC
1024915	36	o6	1.560	CACTGC
1024935	1077	7A1	4.089	ACTGCC
1024939	235	8m	1.984	CACTGC
1024978	729	o6	2.115	CACTGC
1024983	82	o6	1.363	CACTGC
1025064	865	o6	2.392	CACTGC
1025158	1000	7A1	1.695	ACTGCC
1025207	704	o6	1.890	CACTGC
1025235	577	o6	1.292	CACTGC
1025268	155	6m	1.328	ACTGCC
1025353	493	6m	1.284	ACTGCC
1025391	360	o6	1.375	CACTGC
1025410	124	8m	1.955	ACTGCC
1025475	1121	6m	1.058	ACTGCC
1025475	1690	o6	1.255	CACTGC
1025608	506	6m	2.520	ACTGCC
1025624	100	o6	3.163	CACTGC
1025654	2392	6m	1.244	ACTGCC
1025878	394	6m	2.326	ACTGCC
1025878	507	7m8	1.029	ACTGCC
1026053	35	7A1	1.647	ACTGCC
1026095	1540	8m	2.178	ACTGCC
1026110	201	7A1	2.125	ACTGCC
1026111	1050	7A1	1.315	ACTGCC
1026165	499	o6	1.970	CACTGC
1026185	673	6m	1.882	ACTGCC
1026212	180	6m	1.408	ACTGCC
1026262	520	6m	1.441	ACTGCC
1026268	373	6m	1.574	ACTGCC
1026284	359	o6	2.643	CACTGC
1026429	297	7m8	1.489	ACTGCC
1026429	425	o6	1.585	CACTGC
1026480	446	8m	1.277	ACTGCC
1026480	1310	7m8	2.214	CACTGC
1026652	2407	6m	1.031	ACTGCC
1026657	424	6m	1.882	ACTGCC
1026688	533	o6	1.272	CACTGC
1026708	172	o6	1.418	CACTGC
1026853	153	7A1	2.425	ACTGCC
1026894	283	o6	2.081	CACTGC
1026965	2211	o6	1.971	CACTGC
1026966	1025	o6	1.084	CACTGC
1026975	173	7A1	1.065	ACTGCC
1027276	693	7m8	1.280	CACTGC
1027308	87	o6	1.515	CACTGC
1027410	148	8m	1.524	CACTGC
1027426	231	o6	1.671	CACTGC
1027773	355	8m	2.790	CACTGC
1027814	396	o6	1.700	CACTGC
1027825	305	7A1	2.073	ACTGCC
1027826	58	o6	2.662	CACTGC
1028007	504	7A1	1.525	ACTGCC
1028115	830	8m	2.820	ACTGCC
1028176	100	8m	1.499	CACTGC
1028311	278	o6	2.327	CACTGC
1028447	312	6m	2.651	ACTGCC
1028469	172	8m	1.968	CACTGC
1028755	90	7A1	1.240	ACTGCC
1028755	126	7m8	1.649	CACTGC
1028995	22	7A1	2.138	ACTGCC
1029003	447	6m	1.328	ACTGCC
1029164	19	7m8	1.692	CACTGC
1029165	815	o6	1.267	CACTGC
1029348	4	o6	2.220	CACTGC
1029384	1338	7A1	1.541	ACTGCC
1029504	420	o6	1.010	CACTGC
1029564	1139	7A1	3.034	ACTGCC
1029686	141	7A1	2.233	ACTGCC
1029710	22	o6	1.555	CACTGC
1029715	56	8m	2.350	ACTGCC
1029733	108	o6	1.632	CACTGC
1029749	492	o6	2.754	CACTGC
1029791	34	7m8	1.567	ACTGCC
1029838	45	7m8	1.288	ACTGCC
1029879	85	7m8	3.046	CACTGC
1029909	307	6m	1.936	ACTGCC
1029934	44	o6	1.959	CACTGC
1029982	574	7A1	1.053	ACTGCC
1030157	389	o6	2.504	CACTGC
1030157	431	o6	3.141	CACTGC
1030192	715	o6	1.221	CACTGC
1030213	15	7m8	1.434	ACTGCC
1030340	985	o6	1.284	CACTGC
1030377	86	7A1	2.026	ACTGCC
1030566	869	o6	1.837	CACTGC
1030584	570	6m	1.564	ACTGCC
1030713	306	6m	1.092	ACTGCC
1030782	97	7m8	2.544	CACTGC
1030872	55	7A1	2.017	ACTGCC
1031078	55	7A1	2.351	ACTGCC
1031142	2154	7A1	1.242	ACTGCC
1031199	4490	8m	3.034	CACTGC
1031245	258	6m	1.080	ACTGCC
1031304	697	7m8	1.207	CACTGC
1031390	3820	o6	2.807	CACTGC
1031390	5823	o6	1.103	CACTGC
1031479	1367	o6	1.606	CACTGC
1031495	540	6m	2.022	ACTGCC
1031906	45	7A1	2.631	ACTGCC
1032031	1045	o6	2.975	CACTGC
1032226	286	o6	1.030	CACTGC
1032369	3371	o6	1.193	CACTGC
1032442	401	o6	1.713	CACTGC
1032445	52	o6	2.067	CACTGC
1032466	1006	6m	2.566	ACTGCC
1032498	370	7m8	1.027	CACTGC
1032622	1017	7A1	1.241	ACTGCC
1032670	39	6m	2.667	ACTGCC
1032750	637	o6	2.202	CACTGC
1032813	424	o6	1.940	CACTGC
1032855	378	6m	1.256	ACTGCC
1032858	265	6m	1.256	ACTGCC
1032861	158	6m	1.256	ACTGCC
1032876	478	7A1	1.533	ACTGCC
1032891	332	o6	1.106	CACTGC
1032918	216	o6	2.975	CACTGC
1032929	784	o6	1.008	CACTGC
1032956	785	8m	1.034	CACTGC
1033152	1040	o6	1.651	CACTGC
1033221	105	7A1	1.115	ACTGCC
1033227	1058	o6	1.724	CACTGC
1033322	20	8m	1.255	CACTGC
1033384	295	6m	1.228	ACTGCC
1033384	1103	6m	1.699	ACTGCC
1033394	347	o6	1.482	CACTGC
1033394	352	o6	1.482	CACTGC
1033403	21	o6	1.482	CACTGC
1033403	26	o6	1.482	CACTGC
1033452	955	o6	1.195	CACTGC
1033469	783	6m	1.254	ACTGCC
1033565	2012	7m8	3.045	CACTGC
1033565	3527	o6	1.292	CACTGC
1033634	215	7A1	3.819	ACTGCC
1033742	938	7A1	1.234	ACTGCC
1033745	473	7A1	1.486	ACTGCC
1033751	275	6m	1.474	ACTGCC
1033792	20	o6	1.267	CACTGC
1033792	317	6m	2.778	ACTGCC
1033838	436	o6	1.274	CACTGC
1033844	202	o6	1.283	CACTGC
1033877	2499	6m	1.584	ACTGCC
1033883	1292	7A1	2.166	ACTGCC
1033883	2272	6m	3.347	ACTGCC
1033906	195	6m	2.350	ACTGCC
1033945	525	o6	1.949	CACTGC
1033948	545	7A1	2.015	ACTGCC
1033948	1433	o6	1.398	CACTGC
1033960	951	7A1	2.262	ACTGCC
1033971	1584	6m	1.604	ACTGCC
1033971	3885	6m	1.284	ACTGCC
1034028	41	6m	1.161	ACTGCC
1034071	80	8m	2.929	CACTGC
1034121	2252	6m	1.016	ACTGCC
1034160	1647	7A1	1.866	ACTGCC
1034208	256	7A1	1.685	ACTGCC
1034331	204	o6	1.027	CACTGC
1034389	125	o6	1.380	CACTGC
1034416	637	7A1	2.494	ACTGCC
1034493	126	6m	2.081	ACTGCC
1034500	40	7A1	2.862	ACTGCC
1034539	3305	o6	2.150	CACTGC
1034569	717	6m	2.652	ACTGCC
1034744	236	7A1	3.128	ACTGCC
1034977	285	o6	1.262	CACTGC
1034995	1453	7m8	1.032	CACTGC
1035001	1709	7A1	3.421	ACTGCC
1035001	2005	7m8	2.869	CACTGC
1035127	97	7A1	2.820	ACTGCC
1035133	23	6m	1.653	ACTGCC
1035172	14	6m	2.666	ACTGCC
1035248	1211	7A1	2.347	ACTGCC
1035288	319	7A1	2.064	ACTGCC
1035380	299	o6	1.845	CACTGC
1035506	732	6m	1.116	ACTGCC
1035506	805	o6	1.084	CACTGC
1035527	2782	o6	3.499	CACTGC
1035543	231	o6	1.380	CACTGC
1035569	9106	o6	1.072	CACTGC
1035569	13464	o6	1.598	CACTGC
1035719	787	o6	1.377	CACTGC
1035729	444	o6	2.148	CACTGC
1035783	1716	o6	1.373	CACTGC
1035801	3329	o6	2.341	CACTGC
1036127	2601	o6	2.220	CACTGC
1036127	7576	6m	1.442	ACTGCC
1036127	11887	o6	1.500	CACTGC
1036290	581	6m	3.224	ACTGCC
1036343	1056	7A1	2.058	ACTGCC
1036358	209	7A1	3.906	ACTGCC
1036374	535	6m	2.377	ACTGCC
1036375	47	o6	1.101	CACTGC
1036449	2497	o6	1.360	CACTGC
1036497	380	6m	2.776	ACTGCC
1036497	618	7m8	2.776	CACTGC
1036497	809	o6	1.790	CACTGC
1036568	2990	o6	2.005	CACTGC
1036601	1695	7m8	1.906	CACTGC
1036706	1336	8m	3.038	ACTGCC
1036718	31	7A1	2.812	ACTGCC
1036788	2595	7A1	2.866	ACTGCC
1036910	604	8m	2.483	CACTGC
1036910	1299	7A1	2.900	ACTGCC
1037028	151	7A1	2.007	ACTGCC
1037031	1105	o6	1.772	CACTGC
1037036	454	7m8	2.210	CACTGC
1037485	384	7A1	2.785	ACTGCC
1037551	54	6m	1.401	ACTGCC
1037630	283	o6	2.630	CACTGC
1037687	75	8m	3.037	CACTGC
1037687	81	7m8	3.037	CACTGC
1037824	710	6m	1.524	ACTGCC
1038021	858	o6	1.740	CACTGC
1038060	233	7m8	2.776	CACTGC
1038066	126	o6	1.210	CACTGC
1038067	495	o6	2.067	CACTGC
1038192	810	7A1	2.122	ACTGCC
1038279	241	7A1	2.215	ACTGCC
1038371	71	7m8	2.252	CACTGC
1038426	467	o6	1.641	CACTGC
1038440	1217	6m	2.543	ACTGCC
1038512	42	7m8	1.123	CACTGC
1038529	360	o6	1.971	CACTGC
1038685	33	7m8	2.770	CACTGC
1038757	879	7m8	1.468	ACTGCC
1038861	177	6m	1.288	ACTGCC
1038929	56	6m	2.286	ACTGCC
1038968	49	7A1	1.079	ACTGCC
1039048	1188	o6	1.187	CACTGC
1039069	190	7A1	3.757	ACTGCC
1039165	66	o6	1.580	CACTGC
1039202	2087	o6	1.209	CACTGC
1039282	252	o6	1.560	CACTGC
1039337	35	8m	1.770	CACTGC
1039431	1273	o6	2.237	CACTGC
1039502	5275	o6	1.468	CACTGC
1039563	3163	7m8	1.084	CACTGC
1039578	4444	6m	1.691	ACTGCC
1039639	75	6m	1.201	ACTGCC
1039765	14	6m	1.809	ACTGCC
1039808	1769	o6	3.582	CACTGC
1039811	1724	o6	3.582	CACTGC
1039823	64	o6	1.216	CACTGC
1039853	2403	8m	3.398	CACTGC
1039853	4530	7A1	2.981	ACTGCC
1039853	5234	6m	2.652	ACTGCC
1039858	1954	7A1	1.160	ACTGCC
1039858	2746	7A1	2.459	ACTGCC
1039919	492	7m8	1.285	CACTGC
1039931	471	7A1	3.633	ACTGCC
1039932	656	7A1	2.392	ACTGCC
1039959	1924	o6	3.109	CACTGC
1040001	296	8m	1.155	CACTGC
1040027	88	7A1	1.065	ACTGCC
1040037	1758	o6	3.582	CACTGC
1040045	33	7A1	1.457	ACTGCC
1040054	297	o6	2.070	CACTGC
1040058	6884	6m	1.600	ACTGCC
1040091	860	o6	4.484	CACTGC
1040151	176	o6	1.328	CACTGC
1040154	358	7m8	1.434	CACTGC
1040162	1095	o6	1.032	CACTGC
1040165	4017	o6	3.398	CACTGC
1040190	2077	o6	2.301	CACTGC
1040202	697	o6	1.856	CACTGC
1040210	2356	6m	2.655	ACTGCC
1040234	712	6m	1.073	ACTGCC
1040240	295	o6	1.241	CACTGC
1040283	1290	6m	2.433	ACTGCC
1040286	190	8m	1.906	CACTGC
1040360	638	7m8	1.023	CACTGC
1040395	1566	o6	2.915	CACTGC
1040429	687	6m	3.232	ACTGCC
1040443	851	7A1	1.197	ACTGCC
1040447	311	7A1	1.925	ACTGCC
1040461	407	7A1	2.421	ACTGCC
1040486	4	6m	1.209	ACTGCC
1040533	83	7m8	1.457	CACTGC
1040538	1036	o6	1.792	CACTGC
1040590	2638	7m8	2.232	CACTGC
