1000021	74	o6	1.028	TGAGCT
1000021	689	7m8	2.807	TGAGCT
1000021	1032	6m	2.025	GAGCTT
1000066	1093	6m	2.875	GAGCTT
1000066	2589	7m8	2.015	GAGCTT
1000177	244	6m	1.680	GAGCTT
1000200	240	8m	1.980	GAGCTT
1000281	796	7m8	1.487	TGAGCT
1000520	311	7m8	1.941	GAGCTT
1000706	793	o6	1.122	TGAGCT
1000787	363	6m	1.499	GAGCTT
1000842	758	o6	1.448	TGAGCT
1000923	1341	6m	1.301	GAGCTT
1000929	914	6m	1.540	GAGCTT
1001000	101	6m	1.094	GAGCTT
1001024	176	7m8	1.143	TGAGCT
1001024	1125	o6	1.724	TGAGCT
1001249	789	7m8	2.065	TGAGCT
1001256	245	6m	2.406	GAGCTT
1001291	42	7m8	2.834	GAGCTT
1001514	944	8m	2.171	TGAGCT
1001578	381	6m	1.260	GAGCTT
1001601	678	7m8	1.891	GAGCTT
1001601	1757	6m	2.344	GAGCTT
1001629	79	7m8	1.029	GAGCTT
1001667	110	7A1	2.075	GAGCTT
1001906	336	o6	1.305	TGAGCT
1001906	1106	7m8	1.432	TGAGCT
1001906	2324	6m	1.688	GAGCTT
1001934	121	o6	1.187	TGAGCT
1001948	2046	o6	1.626	TGAGCT
1001948	2247	6m	1.322	GAGCTT
1001978	58	o6	1.154	TGAGCT
1002080	5	7A1	1.322	GAGCTT
1002123	281	o6	1.052	TGAGCT
1002293	340	6m	1.945	GAGCTT
1002304	67	6m	2.069	GAGCTT
1002527	57	7A1	2.206	GAGCTT
1002527	1643	o6	1.832	TGAGCT
1002527	2041	o6	1.223	TGAGCT
1002578	606	7A1	2.552	GAGCTT
1002743	80	8m	2.062	GAGCTT
1002826	2306	7A1	2.313	GAGCTT
1002877	935	7m8	2.377	GAGCTT
1003122	1176	6m	1.744	GAGCTT
1003161	24	7A1	1.183	GAGCTT
1003209	298	6m	1.079	GAGCTT
1003298	238	o6	1.663	TGAGCT
1003310	216	7m8	1.526	GAGCTT
1003387	734	7m8	1.992	GAGCTT
1003498	110	6m	1.598	GAGCTT
1003523	18	o6	2.262	TGAGCT
1003612	69	o6	1.288	TGAGCT
1003631	1706	6m	1.563	GAGCTT
1003695	1024	o6	1.167	TGAGCT
1003884	333	7m8	1.937	GAGCTT
1003975	74	7m8	2.330	GAGCTT
1004817	576	6m	1.780	GAGCTT
1004868	145	6m	1.047	GAGCTT
1004879	179	6m	1.193	GAGCTT
1005216	1577	7A1	1.195	GAGCTT
1005216	1826	o6	2.055	TGAGCT
1005568	391	8m	1.405	GAGCTT
1005595	658	8m	2.255	TGAGCT
1005646	1949	6m	2.396	GAGCTT
1005830	1394	o6	1.202	TGAGCT
1005973	99	6m	3.782	GAGCTT
1006012	448	o6	1.302	TGAGCT
1006107	191	o6	1.619	TGAGCT
1006758	306	o6	1.229	TGAGCT
1007031	128	o6	2.357	TGAGCT
1007206	780	o6	1.755	TGAGCT
1007213	1662	o6	1.108	TGAGCT
1007227	240	o6	1.513	TGAGCT
1007290	174	6m	1.210	GAGCTT
1007502	1290	6m	2.292	GAGCTT
1007731	2782	o6	2.053	TGAGCT
1007740	637	o6	1.882	TGAGCT
1007740	2050	6m	2.002	GAGCTT
1007812	1701	o6	2.607	TGAGCT
1007950	3472	o6	1.289	TGAGCT
1007972	439	o6	1.145	TGAGCT
1007980	821	6m	1.346	GAGCTT
1007997	996	o6	1.610	TGAGCT
1008093	190	6m	1.284	GAGCTT
1008126	1	o6	1.066	TGAGCT
1008126	229	7A1	1.588	GAGCTT
1008145	3977	7m8	1.629	TGAGCT
1008145	9182	7A1	2.013	GAGCTT
1008150	139	6m	1.073	GAGCTT
1008396	193	o6	1.164	TGAGCT
1008521	982	7m8	1.682	TGAGCT
1008528	232	o6	2.016	TGAGCT
1008614	188	6m	1.722	GAGCTT
1008750	147	7m8	2.349	GAGCTT
1008780	907	7m8	1.011	TGAGCT
1008846	510	8m	2.045	GAGCTT
1008846	608	o6	1.631	TGAGCT
1008966	1329	8m	2.341	TGAGCT
1008995	1297	7A1	1.047	GAGCTT
1009026	167	7A1	2.497	GAGCTT
1009026	1576	6m	1.560	GAGCTT
1009026	1707	7A1	1.281	GAGCTT
1009037	182	6m	2.624	GAGCTT
1009037	2422	6m	1.032	GAGCTT
1009074	516	6m	2.981	GAGCTT
1009101	449	7A1	1.808	GAGCTT
1009150	87	7m8	1.322	TGAGCT
1009153	167	6m	2.891	GAGCTT
1009304	339	6m	2.103	GAGCTT
1009348	221	6m	2.378	GAGCTT
1009647	436	7A1	1.873	GAGCTT
1009834	1332	6m	1.195	GAGCTT
1009834	2852	o6	1.573	TGAGCT
1009902	68	6m	2.546	GAGCTT
1010129	267	7A1	1.505	GAGCTT
1010160	1058	7A1	2.991	GAGCTT
1010232	1768	6m	3.034	GAGCTT
1010237	534	o6	1.409	TGAGCT
1010238	1395	6m	3.034	GAGCTT
1010250	1153	6m	2.316	GAGCTT
1010250	2401	6m	2.793	GAGCTT
1010322	109	6m	1.416	GAGCTT
1010397	270	7A1	2.105	GAGCTT
1010401	2688	o6	2.385	TGAGCT
1010401	2882	7A1	1.765	GAGCTT
1010465	479	6m	1.255	GAGCTT
1010649	929	o6	3.339	TGAGCT
1010652	1124	o6	1.099	TGAGCT
1010703	48	6m	2.833	GAGCTT
1010749	121	o6	1.082	TGAGCT
1011068	632	o6	1.242	TGAGCT
1011107	1859	7m8	3.002	TGAGCT
1011490	360	7m8	1.746	TGAGCT
1011491	479	6m	2.316	GAGCTT
1011491	833	6m	2.586	GAGCTT
1011613	50	6m	1.163	GAGCTT
1011634	73	o6	1.910	TGAGCT
1011746	391	7m8	2.616	TGAGCT
1011951	143	o6	1.687	TGAGCT
1012002	605	6m	3.143	GAGCTT
1012283	56	6m	2.318	GAGCTT
1012513	28	6m	3.034	GAGCTT
1012671	176	6m	1.064	GAGCTT
1012743	116	8m	1.556	GAGCTT
1012760	82	7m8	3.017	GAGCTT
1012839	812	7A1	1.255	GAGCTT
1012900	1218	o6	1.284	TGAGCT
1012977	248	o6	1.584	TGAGCT
1013073	656	6m	3.002	GAGCTT
1013108	1893	6m	3.221	GAGCTT
1013234	15	7m8	1.263	GAGCTT
1013312	1282	8m	2.533	TGAGCT
1013330	230	7m8	2.213	TGAGCT
1013413	1067	6m	3.165	GAGCTT
1013443	1688	6m	3.232	GAGCTT
1013591	4044	o6	1.058	TGAGCT
1013687	463	6m	2.654	GAGCTT
1013927	146	o6	2.814	TGAGCT
1013988	139	o6	2.275	TGAGCT
1013988	251	6m	1.067	GAGCTT
1014069	175	7m8	1.483	TGAGCT
1014069	674	o6	1.742	TGAGCT
1014076	179	7m8	1.106	GAGCTT
1014295	2168	7m8	2.262	TGAGCT
1014358	1284	6m	1.166	GAGCTT
1014387	93	6m	2.311	GAGCTT
1014436	694	7m8	2.981	TGAGCT
1014859	56	o6	3.213	TGAGCT
1014859	281	6m	2.589	GAGCTT
1014869	338	o6	2.098	TGAGCT
1014884	93	8m	2.660	GAGCTT
1014898	671	o6	1.131	TGAGCT
1014966	45	o6	1.781	TGAGCT
1015041	1754	7m8	1.660	TGAGCT
1015041	3702	o6	1.573	TGAGCT
1015047	2703	7A1	2.085	GAGCTT
1015109	72	6m	1.848	GAGCTT
1015122	1261	7m8	1.088	TGAGCT
1015125	1055	7m8	1.088	TGAGCT
1015128	1515	7m8	1.088	TGAGCT
1015153	44	o6	2.255	TGAGCT
1015162	1035	7m8	1.387	TGAGCT
1015247	43	o6	1.180	TGAGCT
1015250	624	o6	1.548	TGAGCT
1015394	1035	o6	2.778	TGAGCT
1015465	86	6m	1.465	GAGCTT
1015465	94	7m8	1.465	GAGCTT
1015555	3230	7m8	2.262	TGAGCT
1015572	2664	o6	2.384	TGAGCT
1015637	261	o6	1.184	TGAGCT
1015714	241	6m	1.229	GAGCTT
1015777	1281	o6	1.977	TGAGCT
1015778	663	6m	1.536	GAGCTT
1015789	1614	7m8	2.350	TGAGCT
1015925	484	6m	1.073	GAGCTT
1015925	545	6m	1.543	GAGCTT
1015936	1240	6m	1.606	GAGCTT
1015940	2261	o6	2.031	TGAGCT
1015946	56	7A1	1.415	GAGCTT
1015952	32	o6	3.449	TGAGCT
1015952	145	6m	2.467	GAGCTT
1015972	3100	8m	1.563	TGAGCT
1015995	1123	o6	1.084	TGAGCT
1016019	166	o6	2.111	TGAGCT
1016020	1547	o6	1.208	TGAGCT
1016047	1259	7A1	2.425	GAGCTT
1016143	256	6m	2.312	GAGCTT
1016209	472	6m	1.637	GAGCTT
1016284	231	o6	2.148	TGAGCT
1016373	100	7m8	1.858	TGAGCT
1016382	356	7A1	1.444	GAGCTT
1016452	102	7A1	1.574	GAGCTT
1016539	45	6m	1.138	GAGCTT
1016574	3076	o6	1.029	TGAGCT
1016599	1246	6m	2.196	GAGCTT
1016619	5	o6	1.930	TGAGCT
1016620	93	6m	2.537	GAGCTT
1016629	22	6m	1.659	GAGCTT
1016692	90	7m8	1.973	GAGCTT
1016707	86	6m	3.026	GAGCTT
1016713	3984	o6	2.275	TGAGCT
1016851	345	o6	1.322	TGAGCT
1016865	415	7A1	3.034	GAGCTT
1016971	869	o6	2.095	TGAGCT
1016971	2167	7m8	1.934	TGAGCT
1017036	793	o6	1.180	TGAGCT
1017157	582	7A1	2.269	GAGCTT
1017227	222	6m	2.528	GAGCTT
1017294	40	8m	1.082	TGAGCT
1017356	227	7m8	2.120	TGAGCT
1017614	132	o6	1.315	TGAGCT
1017614	4026	7m8	2.801	TGAGCT
1017614	4212	o6	1.094	TGAGCT
1017623	36	o6	2.249	TGAGCT
1017623	51	o6	2.067	TGAGCT
1017727	220	6m	1.859	GAGCTT
1017776	401	6m	1.690	GAGCTT
1017945	157	o6	1.376	TGAGCT
1018158	150	o6	1.280	TGAGCT
1018243	1380	6m	1.212	GAGCTT
1018284	227	6m	1.598	GAGCTT
1018353	501	8m	3.026	TGAGCT
1018661	833	o6	1.279	TGAGCT
1018766	673	7m8	2.660	GAGCTT
1018822	71	o6	1.225	TGAGCT
1019073	130	o6	2.074	TGAGCT
1019207	163	7m8	1.563	TGAGCT
1019311	106	o6	2.046	TGAGCT
1019329	761	7m8	2.338	TGAGCT
1019579	2548	6m	2.098	GAGCTT
1019698	635	8m	3.000	TGAGCT
1019713	614	7A1	1.906	GAGCTT
1020145	116	7m8	1.053	TGAGCT
1020219	419	7m8	2.106	TGAGCT
1020241	1771	o6	1.021	TGAGCT
1020279	82	6m	1.313	GAGCTT
1020280	1476	o6	2.016	TGAGCT
1020319	1	o6	1.577	TGAGCT
1020435	1458	o6	1.351	TGAGCT
1020491	89	o6	1.007	TGAGCT
1020615	303	o6	2.660	TGAGCT
1020654	168	o6	1.108	TGAGCT
1020654	264	6m	1.163	GAGCTT
1020787	182	o6	1.496	TGAGCT
1020934	909	8m	1.473	GAGCTT
1021005	445	6m	2.660	GAGCTT
1021020	261	o6	1.906	TGAGCT
1021299	129	o6	1.800	TGAGCT
1021318	91	7m8	1.064	TGAGCT
1021348	121	6m	1.322	GAGCTT
1021406	23	8m	1.606	TGAGCT
1021540	4675	o6	1.199	TGAGCT
1021540	4913	o6	2.870	TGAGCT
1021566	4219	o6	2.578	TGAGCT
1021566	4541	o6	1.284	TGAGCT
1021742	226	o6	1.415	TGAGCT
1021831	46	o6	1.709	TGAGCT
1021840	567	6m	1.053	GAGCTT
1022066	1746	6m	2.114	GAGCTT
1022180	134	7m8	1.764	TGAGCT
1022180	1423	o6	1.298	TGAGCT
1022180	1483	o6	1.298	TGAGCT
1022256	38	6m	1.222	GAGCTT
1022418	1118	7m8	2.544	GAGCTT
1022495	770	o6	1.013	TGAGCT
1022576	102	6m	1.122	GAGCTT
1022632	599	o6	1.141	TGAGCT
1022853	21	o6	1.670	TGAGCT
1022932	663	6m	1.310	GAGCTT
1022941	1081	o6	1.308	TGAGCT
1023100	2243	o6	2.531	TGAGCT
1023157	513	6m	1.891	GAGCTT
1023391	318	7m8	1.059	TGAGCT
1023443	43	7A1	2.350	GAGCTT
1023599	7053	7A1	2.544	GAGCTT
1023599	7462	6m	2.544	GAGCTT
1023673	865	6m	1.001	GAGCTT
1023783	913	o6	1.162	TGAGCT
1023790	918	7A1	1.563	GAGCTT
1023790	3407	o6	2.263	TGAGCT
1023805	721	o6	1.621	TGAGCT
1023834	6	o6	2.033	TGAGCT
1023838	50	7m8	2.820	GAGCTT
1023850	191	8m	2.945	GAGCTT
1023850	275	6m	3.034	GAGCTT
1023866	91	7m8	2.060	TGAGCT
1023885	478	7m8	1.322	TGAGCT
1023955	105	6m	1.223	GAGCTT
1023955	618	6m	1.639	GAGCTT
1023998	259	o6	1.608	TGAGCT
1024048	298	6m	1.697	GAGCTT
1024085	1963	8m	1.120	TGAGCT
1024114	471	7A1	2.617	GAGCTT
1024169	1754	o6	2.191	TGAGCT
1024178	244	7A1	1.589	GAGCTT
1024204	296	o6	1.307	TGAGCT
1024211	1930	7m8	2.544	GAGCTT
1024211	2589	7m8	1.251	GAGCTT
1024271	140	6m	1.499	GAGCTT
1024291	140	6m	2.080	GAGCTT
1024297	247	6m	2.280	GAGCTT
1024297	260	6m	1.742	GAGCTT
1024421	25	7m8	2.840	TGAGCT
1024465	2318	6m	2.544	GAGCTT
1024613	231	6m	1.944	GAGCTT
1024648	13739	o6	1.260	TGAGCT
1024708	357	7m8	1.938	TGAGCT
1024715	4706	7A1	2.685	GAGCTT
1024733	463	8m	2.779	TGAGCT
1024829	2753	o6	2.147	TGAGCT
1024935	369	7A1	1.409	GAGCTT
1024945	345	6m	2.270	GAGCTT
1024956	4876	o6	2.635	TGAGCT
1025022	3	7A1	3.067	GAGCTT
1025059	1453	7A1	2.641	GAGCTT
1025168	1016	o6	1.317	TGAGCT
1025410	35	6m	3.162	GAGCTT
1025431	293	o6	1.407	TGAGCT
1025512	691	7A1	2.385	GAGCTT
1025536	70	6m	2.462	GAGCTT
1025665	710	6m	3.150	GAGCTT
1025721	342	o6	1.027	TGAGCT
1025755	836	6m	2.538	GAGCTT
1025808	678	o6	1.317	TGAGCT
1025919	4	7m8	2.854	TGAGCT
1025949	16	7A1	2.162	GAGCTT
1026087	221	6m	1.626	GAGCTT
1026268	284	6m	2.477	GAGCTT
1026287	410	7A1	1.690	GAGCTT
1026369	134	8m	1.229	GAGCTT
1026471	115	7m8	1.053	GAGCTT
1026480	2227	8m	2.220	TGAGCT
1026554	709	7m8	1.649	TGAGCT
1026681	4	6m	1.078	GAGCTT
1026711	1290	o6	1.632	TGAGCT
1026761	429	7m8	1.319	GAGCTT
1026791	47	6m	1.227	GAGCTT
1026818	83	7A1	1.559	GAGCTT
1026841	1401	o6	2.129	TGAGCT
1026849	171	7m8	1.198	GAGCTT
1026885	188	6m	1.284	GAGCTT
1026974	11	o6	2.133	TGAGCT
1027111	628	o6	1.337	TGAGCT
1027138	306	7A1	2.286	GAGCTT
1027168	57	6m	1.513	GAGCTT
1027180	173	6m	2.152	GAGCTT
1027214	543	6m	1.973	GAGCTT
1027387	27	o6	1.648	TGAGCT
1027438	440	o6	1.818	TGAGCT
1027725	339	7m8	2.069	GAGCTT
1027761	172	o6	1.027	TGAGCT
1027801	382	6m	1.708	GAGCTT
1027844	437	6m	1.294	GAGCTT
1027887	204	o6	1.235	TGAGCT
1027954	320	o6	1.914	TGAGCT
1027977	34	6m	1.267	GAGCTT
1028001	696	6m	3.865	GAGCTT
1028301	79	7A1	1.468	GAGCTT
1028348	115	7A1	1.032	GAGCTT
1028444	473	o6	2.405	TGAGCT
1028508	331	7m8	1.958	TGAGCT
1028578	526	o6	1.298	TGAGCT
1028614	456	o6	1.715	TGAGCT
1028620	385	7m8	1.251	TGAGCT
1028734	583	o6	2.235	TGAGCT
1028734	604	o6	1.220	TGAGCT
1028931	1068	7A1	1.313	GAGCTT
1029024	326	o6	1.060	TGAGCT
1029210	113	o6	1.575	TGAGCT
1029278	132	o6	1.266	TGAGCT
1029369	2894	o6	1.053	TGAGCT
1029384	2682	o6	1.401	TGAGCT
1029459	958	7A1	1.284	GAGCTT
1029558	404	6m	1.394	GAGCTT
1029647	438	6m	1.470	GAGCTT
1029749	898	7A1	1.014	GAGCTT
1029835	783	6m	2.410	GAGCTT
1029870	126	o6	1.846	TGAGCT
1029944	6	o6	1.820	TGAGCT
1030177	468	7m8	1.151	TGAGCT
1030302	410	7m8	1.028	GAGCTT
1030340	457	7m8	1.284	GAGCTT
1030373	128	7m8	1.989	TGAGCT
1030476	503	6m	2.544	GAGCTT
1030716	1215	7A1	1.608	GAGCTT
1030843	141	6m	1.321	GAGCTT
1030927	67	o6	2.072	TGAGCT
1030951	-1	6m	1.326	GAGCTT
1031061	505	o6	1.849	TGAGCT
1031106	1427	o6	3.013	TGAGCT
1031126	479	6m	1.363	GAGCTT
1031142	2355	8m	1.150	TGAGCT
1031156	1444	6m	2.981	GAGCTT
1031171	79	o6	1.070	TGAGCT
1031390	1699	o6	3.404	TGAGCT
1031431	125	o6	1.174	TGAGCT
1031498	1500	7A1	2.038	GAGCTT
1031503	29	6m	1.240	GAGCTT
1031616	1182	7m8	1.188	TGAGCT
1031667	179	o6	1.737	TGAGCT
1031830	1246	7A1	2.815	GAGCTT
1031929	377	o6	2.136	TGAGCT
1031994	2094	6m	2.660	GAGCTT
1032200	30	7A1	2.304	GAGCTT
1032295	1384	o6	1.129	TGAGCT
1032322	226	7m8	1.569	TGAGCT
1032328	848	o6	1.484	TGAGCT
1032334	143	o6	2.013	TGAGCT
1032369	2492	o6	2.593	TGAGCT
1032471	93	o6	2.355	TGAGCT
1032486	481	o6	1.045	TGAGCT
1032622	80	o6	1.405	TGAGCT
1032693	1849	o6	2.593	TGAGCT
1032728	181	7m8	2.508	GAGCTT
1032832	426	7m8	2.159	GAGCTT
1032843	468	o6	2.507	TGAGCT
1032896	156	6m	1.833	GAGCTT
1032902	2023	o6	1.687	TGAGCT
1032902	2231	6m	1.322	GAGCTT
1032929	950	o6	1.957	TGAGCT
1033025	283	7A1	1.073	GAGCTT
1033089	354	7A1	1.467	GAGCTT
1033141	838	o6	1.690	TGAGCT
1033152	1781	8m	2.206	GAGCTT
1033322	510	6m	2.660	GAGCTT
1033406	82	o6	1.887	TGAGCT
1033452	1669	o6	1.707	TGAGCT
1033517	544	o6	1.994	TGAGCT
1033565	2611	o6	1.911	TGAGCT
1033669	547	6m	2.623	GAGCTT
1033700	129	o6	2.025	TGAGCT
1033824	1549	o6	2.217	TGAGCT
1033894	352	7m8	1.692	TGAGCT
1034262	718	7m8	1.235	TGAGCT
1034337	690	7m8	3.333	TGAGCT
1034347	1519	7m8	1.732	GAGCTT
1034347	1563	6m	2.863	GAGCTT
1034358	743	o6	1.560	TGAGCT
1034361	713	7A1	1.126	GAGCTT
1034370	268	8m	2.826	TGAGCT
1034389	8	6m	2.383	GAGCTT
1034406	1173	o6	1.509	TGAGCT
1034569	3325	o6	1.384	TGAGCT
1034569	4051	o6	1.022	TGAGCT
1034652	172	7A1	1.026	GAGCTT
1034655	351	o6	1.106	TGAGCT
1034679	2850	o6	1.107	TGAGCT
1034766	434	7m8	1.205	TGAGCT
1034771	1473	o6	1.356	TGAGCT
1034836	1149	7A1	2.292	GAGCTT
1034917	2679	7m8	1.145	GAGCTT
1034962	333	o6	1.649	TGAGCT
1034983	319	o6	1.122	TGAGCT
1035136	589	7m8	1.598	TGAGCT
1035192	548	6m	1.801	GAGCTT
1035248	2397	o6	1.292	TGAGCT
1035251	135	7A1	2.301	GAGCTT
1035251	783	7A1	1.625	GAGCTT
1035288	1522	7m8	2.384	GAGCTT
1035372	436	6m	5.267	GAGCTT
1035380	956	7m8	3.620	GAGCTT
1035527	3147	6m	3.602	GAGCTT
1035575	1092	7A1	1.156	GAGCTT
1035704	810	7m8	3.328	TGAGCT
1035755	981	6m	3.464	GAGCTT
1035782	1780	6m	2.065	GAGCTT
1035843	2720	6m	1.278	GAGCTT
1035989	370	6m	1.858	GAGCTT
1036046	1508	7m8	2.961	TGAGCT
1036128	139	6m	1.445	GAGCTT
1036199	445	7m8	1.182	GAGCTT
1036343	1465	6m	1.988	GAGCTT
1036367	569	6m	1.635	GAGCTT
1036381	382	o6	2.048	TGAGCT
1036449	2301	7m8	1.228	TGAGCT
1036558	903	7m8	1.262	GAGCTT
1036739	29	7A1	1.320	GAGCTT
1036892	122	7m8	1.221	TGAGCT
1036899	105	7A1	2.575	GAGCTT
1036910	1639	7m8	1.648	TGAGCT
1037090	1103	6m	1.875	GAGCTT
1037474	1024	o6	1.432	TGAGCT
1037494	762	7m8	1.760	TGAGCT
1037534	509	6m	1.440	GAGCTT
1037587	288	o6	1.120	TGAGCT
1037615	246	o6	1.954	TGAGCT
1037615	644	6m	1.331	GAGCTT
1037615	1508	o6	1.257	TGAGCT
1037620	35	7m8	1.697	GAGCTT
1037775	108	7m8	1.913	TGAGCT
1038119	328	o6	2.343	TGAGCT
1038122	55	6m	1.073	GAGCTT
1038160	989	6m	1.560	GAGCTT
1038273	916	o6	1.092	TGAGCT
1038312	1606	8m	2.073	GAGCTT
1038366	723	7A1	1.407	GAGCTT
1038511	630	7A1	2.497	GAGCTT
1038640	2021	6m	1.212	GAGCTT
1038797	41	6m	1.312	GAGCTT
1038808	1561	7m8	2.377	TGAGCT
1039227	401	7A1	1.786	GAGCTT
1039250	15	6m	1.144	GAGCTT
1039259	159	o6	1.388	TGAGCT
1039282	452	6m	1.859	GAGCTT
1039376	221	7A1	1.661	GAGCTT
1039436	146	6m	1.268	GAGCTT
1039445	414	8m	1.246	TGAGCT
1039451	390	7A1	1.378	GAGCTT
1039502	77	6m	4.576	GAGCTT
1039612	610	6m	1.710	GAGCTT
1039764	1133	o6	1.276	TGAGCT
1039797	1104	7m8	1.201	GAGCTT
1039797	1331	6m	2.048	GAGCTT
1039949	360	7m8	1.463	GAGCTT
1039964	143	6m	1.030	GAGCTT
1039995	355	7A1	2.001	GAGCTT
1039999	863	7A1	2.321	GAGCTT
1040016	666	o6	1.549	TGAGCT
1040016	1835	7A1	1.320	GAGCTT
1040019	304	7A1	1.894	GAGCTT
1040031	49	7m8	1.296	TGAGCT
1040048	497	7A1	1.560	GAGCTT
1040048	1445	o6	1.409	TGAGCT
1040048	3463	6m	2.775	GAGCTT
1040070	1411	6m	1.304	GAGCTT
1040070	1983	8m	2.869	TGAGCT
1040091	517	o6	1.005	TGAGCT
1040145	647	8m	1.335	TGAGCT
1040148	592	o6	1.240	TGAGCT
1040190	930	6m	3.477	GAGCTT
1040210	426	7A1	1.130	GAGCTT
1040283	1699	o6	1.606	TGAGCT
1040283	6293	7A1	1.569	GAGCTT
1040286	34	7m8	1.603	GAGCTT
1040294	1074	7m8	3.649	TGAGCT
1040298	6691	o6	3.052	TGAGCT
1040298	7517	6m	1.185	GAGCTT
1040429	1000	6m	1.648	GAGCTT
1040434	1404	o6	1.187	TGAGCT
1040479	2551	o6	1.257	TGAGCT
1040500	3131	o6	3.180	TGAGCT
1040584	146	8m	1.350	TGAGCT
1040589	648	6m	3.581	GAGCTT
1040590	2888	o6	2.187	TGAGCT
1040590	6462	7A1	1.542	GAGCTT
