1000021	863	o6	1.294	GTATAC
1000021	1155	o6	1.274	GTATAC
1000057	299	6m	1.195	TATACG
1000074	134	7A1	1.687	TATACG
1000081	340	7A1	1.437	TATACG
1000122	176	6m	1.440	TATACG
1000122	1369	7A1	1.456	TATACG
1000209	135	6m	1.265	TATACG
1000336	123	7A1	2.847	TATACG
1000345	148	6m	1.053	TATACG
1000360	232	o6	2.149	GTATAC
1000373	2005	o6	3.299	GTATAC
1000391	150	o6	1.606	GTATAC
1000442	411	o6	1.245	GTATAC
1000454	375	o6	1.194	GTATAC
1000472	1350	8m	1.264	GTATAC
1000478	347	o6	1.026	GTATAC
1000478	1873	7A1	1.931	TATACG
1000493	3810	o6	1.053	GTATAC
1000542	281	6m	1.272	TATACG
1000580	705	o6	2.224	GTATAC
1000610	2055	7A1	1.084	TATACG
1000613	126	7m8	1.233	GTATAC
1000619	1179	7A1	1.151	TATACG
1000649	351	o6	1.328	GTATAC
1000649	559	o6	1.905	GTATAC
1000665	382	o6	1.201	GTATAC
1000676	403	o6	1.606	GTATAC
1000706	193	o6	2.025	GTATAC
1000767	160	o6	1.162	GTATAC
1000767	337	o6	1.287	GTATAC
1000779	1319	6m	1.709	TATACG
1000779	3263	6m	1.690	TATACG
1000779	3296	o6	2.073	GTATAC
1000784	195	o6	1.308	GTATAC
1000803	648	o6	2.061	GTATAC
1000824	305	o6	2.524	GTATAC
1000845	1204	o6	1.011	GTATAC
1000884	94	6m	1.606	TATACG
1000890	415	8m	1.264	GTATAC
1000923	1536	6m	1.322	TATACG
1000953	110	7m8	1.205	GTATAC
1000962	544	6m	1.376	TATACG
1000968	2649	7A1	1.180	TATACG
1000991	308	7A1	1.271	TATACG
1001015	885	6m	1.183	TATACG
1001030	103	7A1	1.606	TATACG
1001075	1192	o6	2.922	GTATAC
1001140	305	o6	1.959	GTATAC
1001143	89	o6	2.671	GTATAC
1001169	22	o6	1.560	GTATAC
1001169	363	o6	1.499	GTATAC
1001194	83	o6	2.148	GTATAC
1001243	41	7A1	1.043	TATACG
1001249	817	o6	1.315	GTATAC
1001249	919	7A1	1.517	TATACG
1001285	27	o6	1.690	GTATAC
1001295	434	o6	1.084	GTATAC
1001408	501	7A1	1.012	TATACG
1001411	123	6m	1.437	TATACG
1001423	470	6m	1.717	TATACG
1001423	818	o6	2.544	GTATAC
1001482	602	8m	2.608	GTATAC
1001497	81	o6	2.184	GTATAC
1001511	26	o6	1.053	GTATAC
1001533	675	6m	1.734	TATACG
1001607	1090	o6	1.073	GTATAC
1001738	1053	7m8	3.649	GTATAC
1001738	1251	7m8	3.232	GTATAC
1001738	1502	8m	3.058	GTATAC
1001765	92	7A1	1.356	TATACG
1001862	1593	7A1	1.606	TATACG
1001912	737	7m8	1.155	GTATAC
1001937	594	o6	2.846	GTATAC
1001937	866	o6	2.473	GTATAC
1001937	2907	6m	1.746	TATACG
1001937	3865	o6	1.201	GTATAC
1001949	700	7A1	3.706	TATACG
1001966	766	o6	2.160	GTATAC
1001966	997	o6	1.212	GTATAC
1002084	262	o6	1.437	GTATAC
1002236	316	6m	1.082	TATACG
1002382	320	8m	3.326	GTATAC
1002383	35	7m8	2.013	GTATAC
1002506	94	o6	1.800	GTATAC
1002619	124	o6	1.316	GTATAC
1002784	217	8m	1.563	GTATAC
1002830	742	o6	1.320	GTATAC
1002898	509	o6	2.428	GTATAC
1002901	729	o6	1.074	GTATAC
1003053	800	o6	1.190	GTATAC
1003215	517	7A1	1.282	TATACG
1003226	73	o6	2.872	GTATAC
1003226	505	7A1	1.244	TATACG
1003271	81	o6	1.225	GTATAC
1003297	603	6m	1.055	TATACG
1003355	63	7A1	1.060	TATACG
1003393	651	7m8	1.945	GTATAC
1003631	2246	o6	1.479	GTATAC
1003776	492	7A1	1.053	TATACG
1003945	1013	o6	3.880	GTATAC
1003945	1251	o6	1.357	GTATAC
1003951	320	7m8	4.080	GTATAC
1004238	596	o6	1.146	GTATAC
1004299	98	7m8	2.254	GTATAC
1004304	24	6m	1.029	TATACG
1004463	1690	o6	1.056	GTATAC
1004503	2040	7A1	2.278	TATACG
1004573	1366	o6	3.379	GTATAC
1004591	390	o6	2.741	GTATAC
1004591	609	6m	1.284	TATACG
1004591	615	o6	1.321	GTATAC
1004693	387	7A1	1.364	TATACG
1004750	81	7A1	1.426	TATACG
1004898	164	6m	1.080	TATACG
1004898	632	7A1	1.350	TATACG
1004948	326	o6	2.073	GTATAC
1004987	19	o6	1.315	GTATAC
1004999	218	7A1	1.573	TATACG
1004999	234	o6	1.606	GTATAC
1005165	1237	7A1	1.005	TATACG
1005349	577	o6	1.875	GTATAC
1005349	1945	o6	2.393	GTATAC
1005408	47	7A1	1.687	TATACG
1005455	723	o6	1.288	GTATAC
1005507	278	o6	2.342	GTATAC
1005568	512	6m	1.444	TATACG
1005701	305	o6	1.205	GTATAC
1005715	174	6m	1.082	TATACG
1005715	359	o6	1.098	GTATAC
1005724	165	o6	1.252	GTATAC
1005752	2608	7A1	1.164	TATACG
1005891	51	6m	1.410	TATACG
1006066	1110	o6	1.207	GTATAC
1006071	869	o6	1.053	GTATAC
1006103	96	7m8	2.694	GTATAC
1006131	698	o6	1.529	GTATAC
1006518	935	6m	1.809	TATACG
1006548	723	o6	1.536	GTATAC
1006599	176	6m	1.011	TATACG
1006599	842	o6	1.704	GTATAC
1006599	955	7A1	1.248	TATACG
1006714	1740	7A1	1.461	TATACG
1006726	99	o6	1.514	GTATAC
1006758	118	o6	2.377	GTATAC
1006818	182	o6	2.275	GTATAC
1006823	107	o6	3.657	GTATAC
1006916	398	7A1	1.187	TATACG
1006933	971	7A1	1.534	TATACG
1007031	843	o6	1.016	GTATAC
1007053	799	o6	2.098	GTATAC
1007122	659	6m	1.084	TATACG
1007231	1334	7A1	1.525	TATACG
1007242	5643	7A1	1.093	TATACG
1007251	1205	o6	1.687	GTATAC
1007283	1355	7m8	1.647	GTATAC
1007283	1452	o6	1.687	GTATAC
1007314	1146	o6	2.184	GTATAC
1007364	1535	o6	2.007	GTATAC
1007481	671	o6	2.460	GTATAC
1007530	708	6m	1.390	TATACG
1007547	20	7m8	2.537	GTATAC
1007547	2589	o6	1.082	GTATAC
1007584	63	o6	2.544	GTATAC
1007584	112	o6	2.544	GTATAC
1007584	330	o6	1.814	GTATAC
1007584	848	o6	1.082	GTATAC
1007584	866	7m8	1.079	TATACG
1007608	624	o6	2.085	GTATAC
1007611	304	6m	1.809	TATACG
1007629	465	6m	1.322	TATACG
1007764	1091	6m	2.199	TATACG
1007792	609	6m	1.074	TATACG
1007803	468	o6	1.904	GTATAC
1007807	239	6m	2.508	TATACG
1007812	2128	o6	1.068	GTATAC
1007812	3076	7A1	1.344	TATACG
1007812	6388	6m	1.440	TATACG
1007812	7581	7A1	1.456	TATACG
1007854	144	o6	1.376	GTATAC
1007869	560	7A1	1.004	TATACG
1007875	2009	7A1	1.041	TATACG
1007878	514	o6	2.410	GTATAC
1007897	1782	o6	1.248	GTATAC
1007920	1200	7A1	1.053	TATACG
1007941	64	6m	1.370	TATACG
1007956	154	6m	1.029	TATACG
1007993	533	8m	2.350	GTATAC
1007997	1343	o6	2.544	GTATAC
1008082	98	o6	1.023	GTATAC
1008114	1056	7A1	1.344	TATACG
1008126	959	o6	1.949	GTATAC
1008145	6392	6m	1.015	TATACG
1008174	191	o6	1.412	GTATAC
1008225	102	o6	1.629	GTATAC
1008237	784	6m	1.664	TATACG
1008279	640	o6	1.753	GTATAC
1008286	1802	7A1	1.368	TATACG
1008286	2268	o6	1.817	GTATAC
1008301	375	7A1	1.420	TATACG
1008307	1450	7A1	1.151	TATACG
1008379	21	7m8	1.085	TATACG
1008445	115	6m	1.362	TATACG
1008472	33	7A1	1.366	TATACG
1008478	140	6m	1.322	TATACG
1008492	459	7A1	1.278	TATACG
1008534	83	7m8	1.383	GTATAC
1008557	324	7A1	1.161	TATACG
1008605	330	6m	1.435	TATACG
1008720	209	8m	2.962	GTATAC
1008720	347	8m	1.434	GTATAC
1008720	527	o6	1.122	GTATAC
1008780	1413	o6	1.600	GTATAC
1008840	49	o6	2.345	GTATAC
1008866	162	7A1	1.459	TATACG
1008903	292	o6	1.579	GTATAC
1008918	123	o6	1.174	GTATAC
1008957	133	o6	1.391	GTATAC
1008957	962	o6	1.882	GTATAC
1009074	154	7A1	1.270	TATACG
1009101	458	o6	2.220	GTATAC
1009216	38	o6	3.332	GTATAC
1009267	362	o6	1.232	GTATAC
1009289	41	o6	1.456	GTATAC
1009300	194	o6	1.079	GTATAC
1009369	3338	6m	1.055	TATACG
1009385	963	7A1	1.343	TATACG
1009500	683	6m	1.001	TATACG
1009684	552	o6	2.660	GTATAC
1009684	1360	6m	1.284	TATACG
1009684	1487	o6	2.977	GTATAC
1009732	219	7A1	2.453	TATACG
1009769	1017	6m	1.877	TATACG
1009861	130	6m	1.265	TATACG
1009864	57	7A1	1.527	TATACG
1009930	237	6m	1.633	TATACG
1009948	830	6m	1.011	TATACG
1010026	675	7m8	1.251	GTATAC
1010054	123	6m	2.802	TATACG
1010160	711	o6	1.956	GTATAC
1010293	353	6m	1.447	TATACG
1010310	32	o6	1.379	GTATAC
1010401	127	8m	2.017	GTATAC
1010401	4960	o6	1.248	GTATAC
1010511	602	o6	1.523	GTATAC
1010608	504	o6	1.149	GTATAC
1010956	2465	o6	1.355	GTATAC
1011117	442	o6	1.284	GTATAC
1011327	652	6m	1.224	TATACG
1011327	848	6m	1.054	TATACG
1011333	223	o6	1.938	GTATAC
1011333	446	7A1	1.085	TATACG
1011333	842	o6	2.047	GTATAC
1011393	1093	o6	1.790	GTATAC
1011430	818	o6	2.314	GTATAC
1011430	1077	6m	3.139	TATACG
1011430	2257	6m	1.101	TATACG
1011490	1201	7A1	1.789	TATACG
1011491	1035	7A1	2.033	TATACG
1011607	1358	7A1	1.053	TATACG
1011637	890	6m	1.797	TATACG
1011695	204	o6	1.030	GTATAC
1011776	495	o6	1.439	GTATAC
1011851	292	8m	1.526	TATACG
1011860	573	o6	1.434	GTATAC
1011951	667	7A1	1.229	TATACG
1012060	26	7m8	2.611	GTATAC
1012168	12	7A1	1.487	TATACG
1012174	461	6m	1.673	TATACG
1012304	218	6m	1.377	TATACG
1012308	128	o6	3.100	GTATAC
1012479	356	o6	1.053	GTATAC
1012479	975	o6	2.276	GTATAC
1012582	763	7A1	1.606	TATACG
1012776	566	o6	1.278	GTATAC
1012839	650	o6	2.357	GTATAC
1012878	582	o6	1.606	GTATAC
1012930	128	7A1	2.072	TATACG
1012987	51	o6	1.397	GTATAC
1013118	221	7A1	1.326	TATACG
1013223	6	o6	1.322	GTATAC
1013252	184	6m	2.017	TATACG
1013306	759	o6	1.359	GTATAC
1013397	116	7m8	2.513	TATACG
1013453	103	7A1	1.809	TATACG
1013503	301	7A1	1.335	TATACG
1013536	403	o6	3.492	GTATAC
1013591	953	6m	1.159	TATACG
1013591	1412	o6	2.331	GTATAC
1013591	2934	o6	1.600	GTATAC
1013600	623	o6	2.170	GTATAC
1013608	41	o6	2.062	GTATAC
1013608	443	7m8	1.023	TATACG
1013643	63	7A1	2.466	TATACG
1013648	741	7A1	1.560	TATACG
1013676	767	o6	2.046	GTATAC
1013682	227	7A1	1.456	TATACG
1013687	516	o6	1.079	GTATAC
1013716	100	7m8	1.432	GTATAC
1013725	95	7A1	1.073	TATACG
1013953	252	6m	1.448	TATACG
1013988	601	7A1	2.542	TATACG
1014198	847	o6	1.442	GTATAC
1014273	309	o6	1.397	GTATAC
1014464	312	o6	2.847	GTATAC
1014485	187	o6	1.447	GTATAC
1014486	467	6m	1.183	TATACG
1014559	295	7A1	1.027	TATACG
1014864	1658	6m	1.007	TATACG
1014864	1729	7A1	2.329	TATACG
1014883	100	o6	1.328	GTATAC
1014884	2459	6m	2.204	TATACG
1014898	139	7A1	2.336	TATACG
1014899	841	7m8	2.001	GTATAC
1014899	1800	o6	1.633	GTATAC
1014961	184	o6	1.541	GTATAC
1014978	757	6m	2.544	TATACG
1014981	2280	o6	1.434	GTATAC
1014988	641	6m	2.200	TATACG
1014988	824	o6	1.278	GTATAC
1014988	3719	7A1	2.427	TATACG
1015073	1675	o6	1.322	GTATAC
1015077	168	6m	2.111	TATACG
1015091	141	o6	2.615	GTATAC
1015106	202	6m	1.577	TATACG
1015145	4454	7A1	2.477	TATACG
1015259	484	7A1	1.251	TATACG
1015274	140	6m	1.285	TATACG
1015329	75	7A1	1.350	TATACG
1015336	552	6m	1.053	TATACG
1015369	534	o6	2.215	GTATAC
1015370	168	o6	1.397	GTATAC
1015375	412	o6	1.138	GTATAC
1015394	776	o6	2.635	GTATAC
1015397	592	6m	1.512	TATACG
1015426	119	7m8	2.377	GTATAC
1015480	1749	7A1	1.284	TATACG
1015555	673	o6	1.606	GTATAC
1015676	311	6m	1.156	TATACG
1015777	569	o6	1.084	GTATAC
1015777	780	o6	2.588	GTATAC
1015778	1344	o6	1.441	GTATAC
1015840	1028	7m8	3.485	TATACG
1015919	516	7A1	2.127	TATACG
1015924	930	7A1	1.699	TATACG
1015931	613	o6	2.196	GTATAC
1015987	106	o6	1.379	GTATAC
1015995	1542	o6	1.530	GTATAC
1015995	1891	o6	1.284	GTATAC
1016016	2393	o6	1.438	GTATAC
1016026	2812	7A1	1.478	TATACG
1016026	2820	7m8	1.478	TATACG
1016073	453	o6	1.082	GTATAC
1016098	6455	6m	5.235	TATACG
1016116	242	o6	1.516	GTATAC
1016143	447	o6	1.934	GTATAC
1016151	609	6m	2.065	TATACG
1016154	351	o6	1.293	GTATAC
1016179	1214	o6	1.053	GTATAC
1016205	259	8m	1.980	TATACG
1016281	686	6m	1.478	TATACG
1016398	898	o6	2.544	GTATAC
1016449	2423	7A1	2.004	TATACG
1016511	859	o6	1.888	GTATAC
1016512	414	o6	1.500	GTATAC
1016550	178	o6	2.409	GTATAC
1016562	315	7A1	1.590	TATACG
1016577	47	7m8	1.029	GTATAC
1016605	519	o6	1.053	GTATAC
1016616	940	o6	2.350	GTATAC
1016644	721	o6	2.271	GTATAC
1016676	489	6m	1.117	TATACG
1016695	1197	o6	2.760	GTATAC
1016698	1492	7A1	1.328	TATACG
1016713	1727	o6	1.512	GTATAC
1016713	4983	7A1	1.606	TATACG
1016749	138	8m	1.616	TATACG
1016787	2864	7A1	2.004	TATACG
1016797	30	6m	1.286	TATACG
1016806	1999	o6	1.316	GTATAC
1016832	641	o6	3.082	GTATAC
1016844	188	7m8	1.260	GTATAC
1016845	1087	o6	2.226	GTATAC
1016848	493	7A1	1.441	TATACG
1016848	2110	7A1	1.475	TATACG
1016857	175	8m	2.256	GTATAC
1016860	465	6m	2.058	TATACG
1016860	1087	6m	1.689	TATACG
1016869	88	6m	1.139	TATACG
1016951	922	7A1	1.434	TATACG
1016971	2196	7A1	1.315	TATACG
1016998	879	7A1	1.261	TATACG
1017012	750	o6	1.295	GTATAC
1017036	1280	o6	1.598	GTATAC
1017091	516	o6	1.661	GTATAC
1017135	863	7A1	1.053	TATACG
1017135	1204	7A1	1.319	TATACG
1017157	762	o6	1.293	GTATAC
1017335	122	o6	1.533	GTATAC
1017335	1162	o6	1.513	GTATAC
1017336	342	7A1	2.544	TATACG
1017381	717	6m	1.288	TATACG
1017451	975	o6	3.034	GTATAC
1017496	1422	6m	1.744	TATACG
1017505	143	o6	2.581	GTATAC
1017614	2393	7A1	2.324	TATACG
1017614	3230	6m	1.462	TATACG
1017614	4984	7A1	1.505	TATACG
1017618	1073	7m8	1.205	GTATAC
1017695	915	7A1	1.710	TATACG
1017782	251	o6	1.815	GTATAC
1017830	1360	o6	3.021	GTATAC
1017886	474	o6	1.284	GTATAC
1017890	476	6m	1.269	TATACG
1017916	231	7m8	1.087	TATACG
1017967	196	o6	1.112	GTATAC
1018020	511	7A1	1.411	TATACG
1018059	167	8m	2.012	GTATAC
1018099	82	6m	1.846	TATACG
1018099	139	7m8	3.303	GTATAC
1018104	12	7m8	1.513	GTATAC
1018104	294	o6	1.606	GTATAC
1018134	2444	o6	1.777	GTATAC
1018134	3163	o6	1.288	GTATAC
1018233	901	o6	2.097	GTATAC
1018233	1011	7A1	1.294	TATACG
1018243	544	o6	1.255	GTATAC
1018243	3276	o6	1.577	GTATAC
1018325	280	8m	1.987	TATACG
1018530	768	6m	1.156	TATACG
1018530	1792	6m	1.808	TATACG
1018530	2685	o6	1.157	GTATAC
1018546	170	o6	1.616	GTATAC
1018619	1104	7A1	2.078	TATACG
1018632	133	6m	1.928	TATACG
1018632	947	o6	1.284	GTATAC
1018632	2472	7A1	1.210	TATACG
1018632	3406	o6	1.554	GTATAC
1018632	4842	7A1	2.017	TATACG
1018644	122	o6	1.598	GTATAC
1018682	200	o6	3.034	GTATAC
1018921	331	6m	1.455	TATACG
1018932	79	o6	1.481	GTATAC
1018992	357	o6	1.187	GTATAC
1019049	543	o6	1.268	GTATAC
1019055	1048	7m8	1.153	GTATAC
1019128	357	7A1	1.090	TATACG
1019147	2257	o6	1.818	GTATAC
1019198	831	o6	1.321	GTATAC
1019198	1343	o6	2.231	GTATAC
1019233	112	o6	1.529	GTATAC
1019240	131	7A1	2.098	TATACG
1019311	479	o6	2.309	GTATAC
1019328	262	o6	1.048	GTATAC
1019514	3781	o6	1.053	GTATAC
1019521	1773	7m8	2.454	GTATAC
1019669	40	7m8	1.097	GTATAC
1019695	750	o6	2.125	GTATAC
1019698	1112	o6	1.328	GTATAC
1019925	409	7A1	1.321	TATACG
1019928	279	o6	1.650	GTATAC
1019932	341	7m8	2.507	GTATAC
1019935	146	o6	1.975	GTATAC
1019989	64	o6	1.613	GTATAC
1019995	511	7A1	2.073	TATACG
1020077	160	6m	1.322	TATACG
1020166	2326	o6	1.118	GTATAC
1020166	2338	7A1	1.034	TATACG
1020219	2356	o6	1.188	GTATAC
1020220	411	o6	1.188	GTATAC
1020250	164	o6	1.682	GTATAC
1020250	386	7A1	1.112	TATACG
1020253	2086	7A1	2.030	TATACG
1020253	2095	o6	1.186	GTATAC
1020253	2537	o6	2.030	GTATAC
1020319	735	o6	1.577	GTATAC
1020495	749	o6	1.316	GTATAC
1020595	323	o6	1.952	GTATAC
1020636	556	7A1	1.397	TATACG
1020700	38	o6	1.936	GTATAC
1020787	297	o6	1.053	GTATAC
1020839	441	o6	1.631	GTATAC
1020900	172	6m	1.825	TATACG
1021011	401	7A1	1.084	TATACG
1021084	1460	7m8	3.049	GTATAC
1021177	193	6m	1.606	TATACG
1021178	678	o6	1.169	GTATAC
1021260	774	o6	2.025	GTATAC
1021293	20	o6	1.198	GTATAC
1021299	67	o6	1.439	GTATAC
1021434	742	7A1	1.316	TATACG
1021488	650	6m	2.175	TATACG
1021492	43	6m	1.820	TATACG
1021540	676	o6	1.278	GTATAC
1021540	912	6m	1.896	TATACG
1021566	4534	6m	3.005	TATACG
1021619	400	o6	1.560	GTATAC
1021681	677	o6	2.064	GTATAC
1021691	236	7A1	1.702	TATACG
1021812	154	7m8	2.023	TATACG
1021822	63	o6	1.073	GTATAC
1021853	111	7A1	2.275	TATACG
1021879	567	6m	1.606	TATACG
1021962	1020	o6	1.616	GTATAC
1022168	753	8m	3.560	GTATAC
1022180	2217	o6	1.298	GTATAC
1022253	1346	o6	1.882	GTATAC
1022256	2762	6m	1.179	TATACG
1022338	1950	o6	2.138	GTATAC
1022364	127	6m	1.545	TATACG
1022370	551	o6	1.485	GTATAC
1022418	732	7m8	2.350	GTATAC
1022495	5191	6m	1.440	TATACG
1022568	1249	o6	1.284	GTATAC
1022763	393	7m8	1.405	GTATAC
1022837	111	6m	1.391	TATACG
1022932	143	o6	1.591	GTATAC
1022932	1247	o6	1.485	GTATAC
1022941	120	6m	1.565	TATACG
1022941	671	7m8	1.598	GTATAC
1022992	184	6m	1.075	TATACG
1023015	417	6m	1.681	TATACG
1023015	494	o6	2.328	GTATAC
1023062	4101	7A1	1.411	TATACG
1023069	415	8m	1.966	TATACG
1023100	746	7A1	1.012	TATACG
1023100	1266	o6	1.389	GTATAC
1023100	1452	o6	2.134	GTATAC
1023145	346	o6	1.649	GTATAC
1023216	529	6m	2.206	TATACG
1023219	61	o6	1.616	GTATAC
1023271	631	6m	1.043	TATACG
1023298	777	6m	1.690	TATACG
1023298	1530	o6	1.376	GTATAC
1023351	532	7A1	1.084	TATACG
1023391	941	o6	2.329	GTATAC
1023469	310	o6	2.335	GTATAC
1023533	307	6m	1.053	TATACG
1023533	1028	o6	2.400	GTATAC
1023594	990	o6	1.345	GTATAC
1023594	1486	6m	1.365	TATACG
1023599	3422	6m	2.418	TATACG
1023599	5764	7A1	1.737	TATACG
1023599	6174	7A1	1.808	TATACG
1023599	6957	7A1	2.544	TATACG
1023681	524	6m	1.043	TATACG
1023706	435	7m8	2.538	GTATAC
1023706	441	o6	2.538	GTATAC
1023706	1231	7A1	1.053	TATACG
1023774	823	6m	2.350	TATACG
1023805	2356	6m	1.795	TATACG
1023846	526	o6	2.017	GTATAC
1023853	1823	7A1	1.292	TATACG
1023863	306	o6	1.135	GTATAC
1023882	1673	o6	1.322	GTATAC
1023927	949	7A1	1.402	TATACG
1023931	532	7A1	1.055	TATACG
1023937	366	7A1	1.012	TATACG
1024003	1347	8m	2.341	GTATAC
1024012	676	o6	2.417	GTATAC
1024025	1376	6m	2.260	TATACG
1024025	2186	6m	2.227	TATACG
1024025	2281	6m	2.393	TATACG
1024037	-1	7A1	1.053	TATACG
1024114	742	o6	1.593	GTATAC
1024114	1087	6m	2.025	TATACG
1024123	130	o6	1.717	GTATAC
1024133	861	7A1	2.400	TATACG
1024211	407	o6	2.544	GTATAC
1024211	1318	7m8	1.687	GTATAC
1024211	1770	6m	2.544	TATACG
1024211	2030	8m	2.544	GTATAC
1024211	2210	7A1	2.210	TATACG
1024211	2217	7A1	2.544	TATACG
1024211	2380	8m	2.544	GTATAC
1024211	2914	7m8	3.177	GTATAC
1024313	68	o6	1.739	GTATAC
1024366	682	6m	2.391	TATACG
1024397	1477	o6	1.570	GTATAC
1024397	3657	6m	2.027	TATACG
1024406	574	8m	1.328	GTATAC
1024415	422	o6	2.192	GTATAC
1024418	714	o6	1.450	GTATAC
1024489	77	o6	1.916	GTATAC
1024537	722	6m	1.251	TATACG
1024553	35	o6	1.264	GTATAC
1024556	1377	7m8	2.182	GTATAC
1024556	1670	6m	2.375	TATACG
1024559	500	o6	1.055	GTATAC
1024559	722	o6	1.053	GTATAC
1024576	45	o6	1.534	GTATAC
1024576	283	6m	1.311	TATACG
1024619	2288	7m8	2.537	GTATAC
1024648	668	7m8	1.322	GTATAC
1024648	1407	6m	1.713	TATACG
1024648	13161	o6	1.011	GTATAC
1024648	14347	7A1	2.258	TATACG
1024648	14830	o6	1.206	GTATAC
1024667	95	7m8	1.853	TATACG
1024708	405	6m	1.745	TATACG
1024709	914	o6	1.593	GTATAC
1024715	3850	o6	1.476	GTATAC
1024715	5013	o6	1.390	GTATAC
1024721	1054	6m	2.682	TATACG
1024762	1121	6m	1.217	TATACG
1024774	434	7A1	1.224	TATACG
1024843	1114	o6	1.536	GTATAC
1024847	493	o6	1.418	GTATAC
1024847	774	o6	1.179	GTATAC
1024873	238	8m	1.183	GTATAC
1024892	37	o6	1.373	GTATAC
1024935	144	6m	1.162	TATACG
1024945	219	o6	1.687	GTATAC
1024956	2010	o6	1.563	GTATAC
1024956	3754	o6	1.397	GTATAC
1025029	1360	o6	1.715	GTATAC
1025029	2342	o6	1.273	GTATAC
1025029	3412	7A1	1.321	TATACG
1025046	731	o6	1.307	GTATAC
1025064	1248	7A1	2.073	TATACG
1025064	2129	o6	1.668	GTATAC
1025150	695	o6	1.568	GTATAC
1025158	446	o6	2.072	GTATAC
1025167	915	o6	2.617	GTATAC
1025207	441	o6	1.623	GTATAC
1025210	398	7A1	1.498	TATACG
1025268	456	o6	2.235	GTATAC
1025269	558	o6	1.151	GTATAC
1025331	551	6m	1.652	TATACG
1025340	1460	o6	2.676	GTATAC
1025377	826	o6	1.053	GTATAC
1025427	332	o6	1.672	GTATAC
1025427	704	o6	2.870	GTATAC
1025434	412	7A1	1.313	TATACG
1025452	305	8m	2.918	GTATAC
1025455	1242	o6	2.479	GTATAC
1025472	61	7A1	1.407	TATACG
1025475	559	o6	1.163	GTATAC
1025476	120	7m8	2.317	TATACG
1025491	888	6m	2.463	TATACG
1025615	1136	o6	2.378	GTATAC
1025642	484	o6	2.680	GTATAC
1025654	189	o6	2.404	GTATAC
1025669	273	7A1	1.225	TATACG
1025790	747	6m	1.484	TATACG
1025808	708	7A1	1.328	TATACG
1025808	1305	7A1	2.801	TATACG
1025850	201	o6	2.121	GTATAC
1025851	1261	o6	1.687	GTATAC
1025854	74	6m	3.655	TATACG
1025854	150	o6	2.014	GTATAC
1025878	365	o6	1.663	GTATAC
1025878	422	6m	1.283	TATACG
1025956	328	6m	1.157	TATACG
1026074	250	o6	1.483	GTATAC
1026095	99	7m8	1.475	GTATAC
1026155	37	o6	1.322	GTATAC
1026156	104	o6	1.322	GTATAC
1026188	116	6m	1.115	TATACG
1026200	368	7m8	1.037	GTATAC
1026363	250	7A1	1.157	TATACG
1026375	133	o6	1.037	GTATAC
1026461	136	o6	2.149	GTATAC
1026471	332	o6	2.324	GTATAC
1026530	895	7A1	1.591	TATACG
1026554	84	7m8	1.720	GTATAC
1026597	63	8m	3.353	GTATAC
1026622	177	7m8	2.276	GTATAC
1026708	1071	o6	1.865	GTATAC
1026711	1030	o6	2.073	GTATAC
1026719	144	o6	1.322	GTATAC
1026841	421	o6	1.209	GTATAC
1026853	2682	6m	2.584	TATACG
1026965	2118	o6	1.777	GTATAC
1026966	448	o6	1.376	GTATAC
1026966	878	6m	2.267	TATACG
1026981	1207	7A1	1.073	TATACG
1027103	122	o6	1.910	GTATAC
1027115	156	o6	2.387	GTATAC
1027138	170	7A1	1.680	TATACG
1027181	268	7m8	1.421	GTATAC
1027187	546	6m	1.240	TATACG
1027196	89	o6	1.738	GTATAC
1027266	237	6m	2.904	TATACG
1027390	488	o6	1.973	GTATAC
1027423	828	o6	1.606	GTATAC
1027502	910	7m8	1.524	GTATAC
1027502	2081	7m8	1.630	TATACG
1027564	302	o6	3.276	GTATAC
1027725	705	7A1	1.292	TATACG
1027887	179	7A1	1.034	TATACG
1028007	130	7m8	2.555	GTATAC
1028028	44	o6	1.284	GTATAC
1028070	13	o6	1.853	GTATAC
1028183	62	6m	1.310	TATACG
1028269	159	o6	1.927	GTATAC
1028372	567	8m	1.298	GTATAC
1028447	852	o6	1.079	GTATAC
1028486	164	o6	1.589	GTATAC
1028734	3058	7m8	1.567	GTATAC
1028784	57	7A1	1.251	TATACG
1028911	435	o6	1.548	GTATAC
1028935	4	o6	1.132	GTATAC
1028959	583	o6	1.016	GTATAC
1028998	121	6m	1.328	TATACG
1029046	789	8m	2.375	GTATAC
1029046	1161	o6	1.313	GTATAC
1029069	3421	7m8	1.874	GTATAC
1029133	21	6m	1.740	TATACG
1029180	213	7m8	1.720	GTATAC
1029189	650	6m	2.233	TATACG
1029189	1654	o6	2.320	GTATAC
1029192	73	o6	1.055	GTATAC
1029192	123	o6	2.491	GTATAC
1029192	499	7A1	2.158	TATACG
1029192	1582	o6	2.246	GTATAC
1029192	1721	o6	1.376	GTATAC
1029209	197	6m	1.249	TATACG
1029209	660	6m	2.264	TATACG
1029241	47	6m	1.053	TATACG
1029369	1430	o6	2.544	GTATAC
1029369	1919	o6	2.085	GTATAC
1029384	406	6m	2.369	TATACG
1029384	1080	7A1	1.056	TATACG
1029490	108	7A1	1.320	TATACG
1029558	239	7A1	1.556	TATACG
1029592	113	o6	2.807	GTATAC
1029592	1010	o6	1.405	GTATAC
1029673	119	7m8	1.933	TATACG
1029673	244	6m	1.133	TATACG
1029686	56	6m	1.183	TATACG
1029728	855	o6	1.029	GTATAC
1029782	576	o6	1.642	GTATAC
1029934	355	o6	2.379	GTATAC
1029944	605	6m	1.355	TATACG
1030135	48	o6	1.679	GTATAC
1030136	213	o6	2.016	GTATAC
1030245	1358	o6	1.082	GTATAC
1030258	482	o6	2.317	GTATAC
1030266	1504	7m8	3.005	GTATAC
1030266	2478	o6	3.005	GTATAC
1030302	135	8m	3.153	TATACG
1030308	250	7A1	1.612	TATACG
1030308	289	6m	1.053	TATACG
1030332	64	o6	1.176	GTATAC
1030335	474	o6	1.690	GTATAC
1030343	41	6m	1.976	TATACG
1030343	435	8m	1.271	GTATAC
1030405	109	6m	1.524	TATACG
1030405	853	6m	1.335	TATACG
1030468	273	6m	1.576	TATACG
1030468	769	6m	1.158	TATACG
1030566	359	o6	1.577	GTATAC
1030813	260	7A1	1.006	TATACG
1030882	686	o6	1.971	GTATAC
1031090	77	8m	2.568	GTATAC
1031090	614	7A1	1.956	TATACG
1031111	1183	o6	1.606	GTATAC
1031118	106	o6	1.212	GTATAC
1031156	2716	7m8	1.305	GTATAC
1031199	661	o6	1.756	GTATAC
1031199	2693	o6	1.232	GTATAC
1031224	2627	o6	1.695	GTATAC
1031304	666	o6	1.500	GTATAC
1031315	757	7m8	2.757	GTATAC
1031398	23	7m8	1.073	GTATAC
1031498	1068	7m8	1.051	TATACG
1031498	1760	6m	2.412	TATACG
1031593	1152	o6	1.409	GTATAC
1031602	40	7A1	1.190	TATACG
1031667	687	o6	1.198	GTATAC
1031670	27	o6	1.042	GTATAC
1031677	30	7A1	1.240	TATACG
1031734	35	7A1	1.416	TATACG
1031743	38	7m8	1.207	GTATAC
1031791	82	6m	1.282	TATACG
1031791	119	o6	2.400	GTATAC
1031791	555	o6	2.466	GTATAC
1032009	60	6m	1.314	TATACG
1032022	378	o6	1.384	GTATAC
1032022	440	6m	1.207	TATACG
1032169	226	6m	2.262	TATACG
1032279	634	o6	1.759	GTATAC
1032279	656	o6	1.786	GTATAC
1032295	326	7m8	1.105	GTATAC
1032325	1753	o6	1.137	GTATAC
1032328	932	o6	1.055	GTATAC
1032328	1177	7A1	1.212	TATACG
1032333	2228	o6	2.577	GTATAC
1032334	751	o6	2.172	GTATAC
1032369	3221	7A1	2.665	TATACG
1032420	1072	o6	1.241	GTATAC
1032466	753	o6	2.073	GTATAC
1032526	73	7m8	1.632	TATACG
1032607	916	6m	1.687	TATACG
1032616	455	o6	1.322	GTATAC
1032622	2060	o6	1.485	GTATAC
1032622	3341	6m	2.233	TATACG
1032622	4393	7A1	1.084	TATACG
1032622	4940	o6	2.648	GTATAC
1032622	5298	o6	2.807	GTATAC
1032631	425	7A1	1.294	TATACG
1032693	412	o6	2.807	GTATAC
1032693	1834	6m	1.504	TATACG
1032728	314	6m	1.362	TATACG
1032763	679	7m8	2.184	GTATAC
1032799	3366	o6	1.284	GTATAC
1032802	244	7m8	1.891	GTATAC
1032802	391	6m	2.068	TATACG
1032829	392	6m	1.162	TATACG
1032832	121	7A1	1.736	TATACG
1032873	1454	7A1	1.460	TATACG
1032880	465	o6	1.927	GTATAC
1032884	1383	o6	2.648	GTATAC
1032902	2365	o6	1.285	GTATAC
1032948	50	o6	2.321	GTATAC
1032948	112	6m	2.067	TATACG
1032956	1008	7A1	1.447	TATACG
1032964	33	7m8	2.483	GTATAC
1032965	976	6m	1.029	TATACG
1032965	986	o6	1.461	GTATAC
1032968	1080	o6	2.409	GTATAC
1033008	500	7m8	2.534	TATACG
1033065	237	6m	2.107	TATACG
1033070	1021	o6	1.970	GTATAC
1033085	1231	7m8	1.663	GTATAC
1033088	344	o6	1.073	GTATAC
1033089	298	7m8	1.976	GTATAC
1033089	2000	o6	1.445	GTATAC
1033118	486	7A1	2.040	TATACG
1033141	640	7A1	1.261	TATACG
1033160	506	o6	2.515	GTATAC
1033160	1672	7A1	1.255	TATACG
1033218	831	o6	2.068	GTATAC
1033227	-1	7A1	1.854	TATACG
1033227	1684	o6	1.949	GTATAC
1033235	49	7m8	2.766	GTATAC
1033239	170	o6	1.295	GTATAC
1033293	475	7A1	1.992	TATACG
1033293	499	6m	1.040	TATACG
1033351	778	o6	1.638	GTATAC
1033373	847	o6	1.322	GTATAC
1033378	473	7A1	1.708	TATACG
1033409	202	o6	2.781	GTATAC
1033409	513	6m	1.784	TATACG
1033409	1677	7A1	1.548	TATACG
1033409	2598	7A1	2.007	TATACG
1033409	2662	o6	1.975	GTATAC
1033452	3081	o6	1.606	GTATAC
1033469	50	6m	2.473	TATACG
1033469	224	o6	1.596	GTATAC
1033478	190	o6	1.042	GTATAC
1033481	152	7m8	3.026	GTATAC
1033481	3148	o6	3.347	GTATAC
1033488	946	7A1	1.068	TATACG
1033488	953	7A1	1.068	TATACG
1033488	1267	o6	1.439	GTATAC
1033565	2140	6m	1.285	TATACG
1033565	2226	6m	3.045	TATACG
1033571	4002	o6	1.053	GTATAC
1033598	1637	o6	2.026	GTATAC
1033598	2452	o6	2.350	GTATAC
1033598	3020	6m	2.350	TATACG
1033598	7104	8m	2.215	GTATAC
1033598	7800	7m8	1.223	GTATAC
1033789	2501	6m	1.103	TATACG
1033795	1347	o6	1.137	GTATAC
1033838	65	o6	1.197	GTATAC
1033883	524	o6	1.858	GTATAC
1033971	3302	o6	1.084	GTATAC
1033978	156	7A1	2.075	TATACG
1033984	201	o6	1.398	GTATAC
1033995	308	o6	1.048	GTATAC
1034053	3868	7m8	1.964	GTATAC
1034068	265	6m	1.692	TATACG
1034068	6740	o6	1.897	GTATAC
1034101	1435	o6	1.274	GTATAC
1034247	912	7A1	1.026	TATACG
1034247	2534	o6	1.606	GTATAC
1034259	6183	7A1	2.516	TATACG
1034259	6241	7A1	2.276	TATACG
1034268	43	7A1	2.087	TATACG
1034284	441	o6	1.392	GTATAC
1034316	2722	o6	1.315	GTATAC
1034322	70	7A1	2.611	TATACG
1034322	78	o6	2.611	GTATAC
1034331	2296	6m	1.615	TATACG
1034331	3375	6m	2.907	TATACG
1034340	706	8m	2.321	GTATAC
1034340	871	8m	2.321	GTATAC
1034340	961	8m	2.321	GTATAC
1034397	2790	7m8	1.073	GTATAC
1034401	144	7m8	1.548	GTATAC
1034416	1129	6m	1.313	TATACG
1034493	1785	o6	2.194	GTATAC
1034499	75	o6	2.270	GTATAC
1034499	861	7A1	1.303	TATACG
1034508	305	6m	1.076	TATACG
1034514	282	o6	1.168	GTATAC
1034526	51	o6	1.079	GTATAC
1034529	327	o6	2.318	GTATAC
1034539	846	o6	1.548	GTATAC
1034551	538	o6	1.156	GTATAC
1034589	269	o6	1.170	GTATAC
1034589	313	6m	2.308	TATACG
1034589	322	7A1	2.308	TATACG
1034641	91	o6	1.065	GTATAC
1034739	396	6m	1.948	TATACG
1034739	751	o6	1.465	GTATAC
1034744	350	o6	1.818	GTATAC
1034748	141	o6	2.149	GTATAC
1034748	1038	6m	2.001	TATACG
1034828	373	6m	2.276	TATACG
1034893	726	o6	3.129	GTATAC
1034899	2972	o6	1.805	GTATAC
1034909	906	7A1	1.718	TATACG
1034909	2336	o6	1.021	GTATAC
1034917	2036	o6	1.416	GTATAC
1034941	1439	o6	1.863	GTATAC
1034953	102	o6	2.776	GTATAC
1034995	267	o6	2.314	GTATAC
1034995	5612	7A1	1.711	TATACG
1035007	286	7A1	1.646	TATACG
1035024	14	o6	1.389	GTATAC
1035037	806	o6	1.658	GTATAC
1035040	4647	o6	1.031	GTATAC
1035093	1393	o6	1.073	GTATAC
1035093	1451	o6	1.602	GTATAC
1035136	509	7A1	1.237	TATACG
1035136	637	o6	2.349	GTATAC
1035153	1387	7A1	1.682	TATACG
1035153	1459	o6	1.426	GTATAC
1035252	513	7A1	1.809	TATACG
1035288	2214	o6	1.155	GTATAC
1035311	96	7m8	1.935	GTATAC
1035356	993	o6	2.574	GTATAC
1035384	477	o6	1.584	GTATAC
1035408	183	7A1	1.416	TATACG
1035477	593	7A1	1.490	TATACG
1035527	1360	6m	1.863	TATACG
1035527	2880	7A1	2.426	TATACG
1035530	112	6m	1.236	TATACG
1035536	3590	6m	1.412	TATACG
1035536	3984	6m	1.651	TATACG
1035569	75	6m	1.966	TATACG
1035569	4447	o6	1.040	GTATAC
1035569	5731	7A1	1.784	TATACG
1035569	15243	o6	1.112	GTATAC
1035575	1478	o6	1.836	GTATAC
1035582	1973	6m	1.766	TATACG
1035585	-1	7A1	1.322	TATACG
1035620	29	8m	1.718	GTATAC
1035711	665	8m	1.542	GTATAC
1035744	94	o6	1.096	GTATAC
1035762	1173	6m	2.537	TATACG
1035768	53	o6	3.190	GTATAC
1035773	2502	7A1	1.950	TATACG
1035783	2865	o6	2.575	GTATAC
1035783	2873	o6	1.906	GTATAC
1035798	3170	7A1	1.389	TATACG
1035828	318	7m8	2.990	GTATAC
1035843	1131	7A1	1.399	TATACG
1035945	1093	7m8	1.384	GTATAC
1035974	2632	o6	1.690	GTATAC
1035993	650	o6	1.847	GTATAC
1036002	139	7A1	1.970	TATACG
1036046	1092	o6	1.222	GTATAC
1036053	155	6m	1.307	TATACG
1036053	1591	7A1	3.415	TATACG
1036053	1618	o6	2.935	GTATAC
1036127	1382	6m	1.471	TATACG
1036154	2189	o6	3.034	GTATAC
1036232	697	o6	2.480	GTATAC
1036280	66	6m	1.462	TATACG
1036283	1624	o6	1.683	GTATAC
1036286	809	6m	1.587	TATACG
1036313	117	o6	1.135	GTATAC
1036399	167	o6	2.025	GTATAC
1036419	590	6m	1.499	TATACG
1036419	1329	o6	2.937	GTATAC
1036419	1914	7A1	1.695	TATACG
1036420	166	8m	1.560	GTATAC
1036462	735	o6	1.270	GTATAC
1036497	894	6m	1.941	TATACG
1036537	1566	o6	2.031	GTATAC
1036558	625	o6	1.095	GTATAC
1036568	2547	o6	1.250	GTATAC
1036568	3291	7A1	1.006	TATACG
1036621	27	7m8	1.048	TATACG
1036645	619	7m8	1.228	TATACG
1036668	34	8m	1.755	GTATAC
1036682	1287	7A1	1.446	TATACG
1036692	156	6m	2.289	TATACG
1036727	246	6m	1.032	TATACG
1036779	565	6m	2.561	TATACG
1036841	169	o6	1.062	GTATAC
1036967	427	8m	3.121	GTATAC
1037036	536	o6	2.164	GTATAC
1037036	627	o6	2.581	GTATAC
1037036	681	o6	2.927	GTATAC
1037147	130	o6	1.992	GTATAC
1037153	1097	7A1	1.909	TATACG
1037207	851	7A1	2.053	TATACG
1037440	740	o6	2.645	GTATAC
1037447	54	o6	1.465	GTATAC
1037507	265	o6	1.468	GTATAC
1037534	121	o6	1.484	GTATAC
1037537	153	7A1	2.393	TATACG
1037691	532	7m8	1.849	TATACG
1037705	988	o6	1.434	GTATAC
1037845	826	6m	1.120	TATACG
1037937	589	o6	1.745	GTATAC
1037959	81	6m	1.943	TATACG
1037968	572	6m	2.194	TATACG
1037988	50	o6	1.795	GTATAC
1037992	525	6m	1.144	TATACG
1038000	273	7A1	1.377	TATACG
1038100	27	6m	1.417	TATACG
1038119	947	7A1	1.348	TATACG
1038122	767	o6	3.222	GTATAC
1038174	168	o6	1.380	GTATAC
1038214	391	7A1	1.904	TATACG
1038223	1265	8m	2.425	GTATAC
1038273	671	7m8	1.158	GTATAC
1038279	33	8m	1.649	GTATAC
1038293	3755	7A1	1.690	TATACG
1038529	1176	o6	2.031	GTATAC
1038529	2299	6m	1.940	TATACG
1038535	681	6m	2.508	TATACG
1038592	67	o6	1.372	GTATAC
1038622	1380	o6	2.321	GTATAC
1038640	1165	6m	1.446	TATACG
1038643	287	7A1	1.815	TATACG
1038643	1891	o6	2.563	GTATAC
1038670	1794	o6	1.468	GTATAC
1038710	1099	6m	1.555	TATACG
1038748	532	6m	2.375	TATACG
1038752	1859	7A1	1.468	TATACG
1038836	47	6m	1.044	TATACG
1038948	740	7A1	1.187	TATACG
1039199	304	6m	1.303	TATACG
1039199	1200	6m	2.326	TATACG
1039199	1347	6m	1.867	TATACG
1039202	1083	6m	2.007	TATACG
1039202	1093	o6	2.007	GTATAC
1039224	163	o6	1.943	GTATAC
1039244	213	o6	1.560	GTATAC
1039250	116	6m	1.190	TATACG
1039262	62	o6	1.042	GTATAC
1039267	1404	o6	1.632	GTATAC
1039274	349	6m	1.898	TATACG
1039285	2173	o6	1.546	GTATAC
1039285	2275	o6	2.018	GTATAC
1039445	1642	7A1	1.303	TATACG
1039451	139	7A1	1.059	TATACG
1039481	2067	o6	1.103	GTATAC
1039502	1593	7m8	2.719	GTATAC
1039628	62	o6	1.042	GTATAC
1039703	2081	7A1	2.015	TATACG
1039703	2366	o6	2.837	GTATAC
1039703	2918	o6	3.032	GTATAC
1039718	900	o6	1.990	GTATAC
1039805	1403	o6	1.549	GTATAC
1039805	1693	o6	3.009	GTATAC
1039808	2714	o6	2.007	GTATAC
1039811	2669	o6	2.007	GTATAC
1039853	1338	o6	2.235	GTATAC
1039853	4076	o6	2.073	GTATAC
1039853	6954	6m	1.776	TATACG
1039853	7834	o6	1.632	GTATAC
1039858	4724	6m	1.810	TATACG
1039865	281	7A1	1.242	TATACG
1039865	694	o6	2.354	GTATAC
1039908	3676	6m	2.450	TATACG
1039908	4848	o6	1.799	GTATAC
1039911	855	o6	2.409	GTATAC
1039920	1499	o6	2.220	GTATAC
1039949	1100	6m	1.691	TATACG
1039950	932	7A1	1.073	TATACG
1039959	330	7m8	1.627	GTATAC
1039959	368	7m8	1.971	GTATAC
1040007	1701	6m	3.398	TATACG
1040031	738	o6	2.493	GTATAC
1040037	2703	o6	2.007	GTATAC
1040048	535	o6	1.560	GTATAC
1040048	3572	o6	2.740	GTATAC
1040049	1652	o6	2.659	GTATAC
1040070	3523	o6	2.554	GTATAC
1040070	3534	7A1	1.442	TATACG
1040070	3608	7A1	2.217	TATACG
1040091	1805	o6	2.763	GTATAC
1040123	905	6m	3.184	TATACG
1040129	2092	6m	2.090	TATACG
1040136	796	o6	1.047	GTATAC
1040210	1362	o6	1.204	GTATAC
1040210	2675	o6	2.472	GTATAC
1040214	2063	6m	1.512	TATACG
1040228	835	6m	1.648	TATACG
1040234	432	6m	1.377	TATACG
1040246	451	6m	1.384	TATACG
1040283	6252	7m8	1.062	GTATAC
1040297	242	7A1	1.240	TATACG
1040297	549	6m	1.299	TATACG
1040297	2391	7A1	1.458	TATACG
1040298	1371	o6	1.155	GTATAC
1040298	3317	7A1	1.210	TATACG
1040298	8955	o6	1.338	GTATAC
1040303	1954	o6	2.604	GTATAC
1040304	1914	7A1	1.455	TATACG
1040352	3223	6m	1.006	TATACG
1040367	1596	7A1	2.608	TATACG
1040407	283	o6	1.041	GTATAC
1040407	703	7A1	1.419	TATACG
1040407	774	7A1	1.751	TATACG
1040411	292	o6	1.580	GTATAC
1040437	2343	o6	1.103	GTATAC
1040438	1622	7A1	1.039	TATACG
1040444	1063	7A1	2.073	TATACG
1040483	447	8m	1.560	GTATAC
1040492	192	6m	1.632	TATACG
1040495	291	o6	1.098	GTATAC
1040524	240	6m	2.589	TATACG
1040527	188	6m	1.640	TATACG
1040542	3546	o6	3.353	GTATAC
1040584	1180	o6	1.157	GTATAC
1040589	191	o6	1.073	GTATAC
1040590	5130	7A1	2.246	TATACG
1040623	2475	o6	1.284	GTATAC
1040635	1424	6m	2.904	TATACG
1040661	127	o6	1.428	GTATAC
1040661	536	o6	2.508	GTATAC
