1000021	1544	o6	2.517	AACACC
1000081	17	o6	1.211	AACACC
1000138	25	6m	1.359	ACACCA
1000156	667	o6	1.164	AACACC
1000219	1270	7m8	2.337	AACACC
1000249	1623	7A1	1.485	ACACCA
1000386	1223	8m	1.370	ACACCA
1000391	886	o6	2.256	AACACC
1000478	898	8m	3.034	AACACC
1000478	1061	6m	1.289	ACACCA
1000478	1917	7m8	3.034	AACACC
1000533	1376	7m8	1.160	AACACC
1000533	1386	6m	2.031	ACACCA
1000580	504	8m	2.350	AACACC
1000665	4	7m8	1.006	AACACC
1000730	156	6m	1.305	ACACCA
1000880	229	7m8	2.894	AACACC
1000992	159	6m	1.271	ACACCA
1001030	1747	6m	2.635	ACACCA
1001030	1758	7A1	1.606	ACACCA
1001054	48	7m8	1.284	AACACC
1001104	651	o6	1.481	AACACC
1001255	145	7A1	1.185	ACACCA
1001295	677	8m	1.001	AACACC
1001366	246	6m	1.234	ACACCA
1001440	711	7m8	1.711	AACACC
1001451	419	8m	2.516	AACACC
1001487	25	7A1	2.403	ACACCA
1001511	383	7m8	1.275	AACACC
1001533	3276	6m	1.393	ACACCA
1001574	308	6m	1.086	ACACCA
1001620	606	6m	1.295	ACACCA
1001680	147	7A1	2.184	ACACCA
1001738	1600	o6	1.494	AACACC
1001817	2348	o6	1.030	AACACC
1001897	81	8m	4.549	AACACC
1001921	33	o6	1.546	AACACC
1001937	4461	8m	1.584	AACACC
1002176	2631	o6	2.344	AACACC
1002203	115	6m	1.009	ACACCA
1002679	52	8m	3.688	AACACC
1002767	473	7A1	1.682	ACACCA
1002797	173	6m	3.196	ACACCA
1003143	255	6m	1.100	ACACCA
1003143	496	8m	1.053	AACACC
1003184	791	7A1	1.426	ACACCA
1003236	378	8m	2.187	AACACC
1003576	1016	7A1	1.268	ACACCA
1003640	56	6m	1.126	ACACCA
1003640	207	7A1	1.907	ACACCA
1004130	708	6m	2.073	ACACCA
1004145	213	6m	1.284	ACACCA
1004173	69	o6	1.397	AACACC
1004287	407	8m	1.073	AACACC
1004299	328	o6	1.300	AACACC
1004364	34	6m	1.734	ACACCA
1004463	3317	6m	1.031	ACACCA
1004502	230	7A1	2.540	ACACCA
1004539	224	o6	1.344	AACACC
1004688	489	6m	1.120	ACACCA
1004693	224	7A1	1.016	ACACCA
1004693	394	8m	1.016	AACACC
1004723	727	8m	1.284	AACACC
1004927	912	6m	2.350	ACACCA
1005216	917	6m	1.034	ACACCA
1005259	333	o6	1.117	AACACC
1005343	427	o6	3.006	AACACC
1005352	2277	6m	1.816	ACACCA
1005358	291	6m	2.098	ACACCA
1005407	211	7A1	1.053	ACACCA
1005449	1356	7m8	1.994	ACACCA
1005456	206	6m	1.795	ACACCA
1005470	1602	7A1	1.523	ACACCA
1005470	2465	o6	1.135	AACACC
1005557	116	o6	1.212	AACACC
1005646	1674	7A1	1.434	ACACCA
1005680	72	o6	1.105	AACACC
1005709	386	8m	1.535	AACACC
1005937	292	6m	1.376	ACACCA
1006548	148	7A1	1.137	ACACCA
1006548	160	8m	1.241	AACACC
1006557	58	6m	1.037	ACACCA
1006707	1658	8m	2.635	AACACC
1006719	348	o6	1.179	AACACC
1006800	25	6m	1.067	ACACCA
1006866	135	7m8	2.723	ACACCA
1006940	926	6m	1.321	ACACCA
1007172	56	7A1	2.279	ACACCA
1007203	289	7A1	2.233	ACACCA
1007439	549	6m	1.981	ACACCA
1007520	238	6m	2.268	ACACCA
1007521	1511	6m	2.047	ACACCA
1007547	2623	7A1	1.119	ACACCA
1007624	2378	7m8	2.118	AACACC
1007638	356	7A1	2.645	ACACCA
1007647	327	8m	3.034	AACACC
1007731	912	7A1	1.691	ACACCA
1007740	1506	8m	1.053	AACACC
1007807	457	6m	1.002	ACACCA
1007812	805	o6	3.060	AACACC
1007812	3047	o6	2.713	AACACC
1007812	3248	6m	2.118	ACACCA
1007824	657	6m	1.606	ACACCA
1007848	130	7m8	1.256	AACACC
1007861	560	8m	2.249	AACACC
1007869	30	6m	1.495	ACACCA
1007875	2637	7m8	1.517	AACACC
1007903	1127	7A1	1.586	ACACCA
1007908	143	o6	2.209	AACACC
1007950	95	o6	1.244	AACACC
1008031	61	o6	1.210	AACACC
1008114	1003	o6	1.053	AACACC
1008123	493	6m	1.219	ACACCA
1008145	1586	7m8	1.322	AACACC
1008145	3760	7A1	1.833	ACACCA
1008145	3883	6m	2.132	ACACCA
1008145	4665	6m	2.486	ACACCA
1008145	9902	8m	2.350	ACACCA
1008151	1685	8m	1.780	AACACC
1008174	284	o6	2.433	AACACC
1008192	156	6m	1.080	ACACCA
1008237	85	7m8	1.149	AACACC
1008291	54	7A1	2.226	ACACCA
1008318	254	8m	2.544	AACACC
1008318	261	o6	2.517	AACACC
1008355	73	6m	1.611	ACACCA
1008355	780	o6	1.221	AACACC
1008602	540	o6	1.053	AACACC
1008611	534	o6	1.140	AACACC
1008708	454	8m	1.434	AACACC
1008789	61	8m	1.979	AACACC
1008789	542	8m	1.979	AACACC
1008863	77	7A1	1.592	ACACCA
1008933	816	6m	2.106	ACACCA
1008978	231	7m8	1.082	AACACC
1008999	129	7m8	1.135	AACACC
1009348	1403	8m	2.378	AACACC
1009369	171	7A1	1.254	ACACCA
1009388	36	6m	1.401	ACACCA
1009434	452	7m8	1.032	AACACC
1009475	887	6m	1.000	ACACCA
1009684	1032	6m	2.648	ACACCA
1009763	894	6m	1.129	ACACCA
1009861	92	7A1	2.412	ACACCA
1009927	199	8m	1.399	AACACC
1009948	2167	8m	1.562	AACACC
1009974	66	7A1	1.284	ACACCA
1010047	614	7m8	1.981	ACACCA
1010111	305	o6	1.317	AACACC
1010287	872	o6	3.049	AACACC
1010332	26	8m	1.967	AACACC
1010332	893	7m8	1.023	AACACC
1010401	286	7A1	1.322	ACACCA
1010421	329	7A1	1.729	ACACCA
1010483	76	7m8	1.461	AACACC
1010498	631	8m	1.891	AACACC
1010522	123	6m	1.649	ACACCA
1010670	1344	8m	1.891	ACACCA
1010703	216	6m	1.147	ACACCA
1010712	162	6m	1.186	ACACCA
1010998	53	o6	1.676	AACACC
1011131	376	6m	1.084	ACACCA
1011327	1390	6m	1.690	ACACCA
1011369	658	6m	1.700	ACACCA
1011393	252	o6	1.073	AACACC
1011430	1553	8m	1.474	AACACC
1011487	167	6m	1.316	ACACCA
1011487	995	7A1	1.316	ACACCA
1011658	111	o6	1.782	AACACC
1011790	241	8m	1.687	ACACCA
1011856	1431	7A1	1.213	ACACCA
1011915	47	7m8	1.786	AACACC
1011932	556	7A1	1.884	ACACCA
1011982	366	o6	1.046	AACACC
1012002	275	6m	1.377	ACACCA
1012074	-1	7A1	2.003	ACACCA
1012169	740	8m	2.254	AACACC
1012208	53	8m	2.242	ACACCA
1012271	779	6m	1.761	ACACCA
1012320	205	8m	1.209	AACACC
1012323	320	6m	1.073	ACACCA
1012377	823	7m8	1.220	ACACCA
1012406	60	o6	1.680	AACACC
1012582	789	7A1	1.596	ACACCA
1012740	570	6m	1.906	ACACCA
1012875	184	7m8	1.147	ACACCA
1012878	27	7A1	1.284	ACACCA
1012977	324	6m	3.417	ACACCA
1013246	1253	o6	1.448	AACACC
1013334	393	6m	1.803	ACACCA
1013584	212	o6	2.512	AACACC
1013670	951	8m	2.660	AACACC
1013670	1335	7m8	2.243	AACACC
1013782	45	8m	2.544	ACACCA
1013802	252	7A1	1.082	ACACCA
1013988	906	6m	1.077	ACACCA
1014066	666	8m	1.240	AACACC
1014300	759	7A1	1.321	ACACCA
1014358	46	7A1	1.047	ACACCA
1014403	2388	o6	1.368	AACACC
1014417	245	o6	1.125	AACACC
1014480	577	7m8	1.815	ACACCA
1014480	1768	7m8	1.361	AACACC
1014486	275	6m	2.404	ACACCA
1014497	37	7m8	1.146	AACACC
1014626	103	6m	1.222	ACACCA
1014697	779	6m	1.074	ACACCA
1014884	1838	8m	3.024	ACACCA
1014884	2687	8m	2.660	AACACC
1014904	964	6m	1.138	ACACCA
1014904	1242	6m	2.037	ACACCA
1015006	100	6m	1.760	ACACCA
1015041	605	7m8	1.040	AACACC
1015047	545	7A1	1.494	ACACCA
1015047	1158	6m	1.687	ACACCA
1015085	2143	8m	2.544	ACACCA
1015091	261	6m	1.165	ACACCA
1015091	2333	6m	1.051	ACACCA
1015122	1503	o6	1.749	AACACC
1015125	1297	o6	1.749	AACACC
1015128	1757	o6	1.749	AACACC
1015145	2021	6m	1.284	ACACCA
1015228	1811	8m	1.423	ACACCA
1015228	3156	6m	2.025	ACACCA
1015267	325	6m	1.034	ACACCA
1015285	416	o6	1.678	AACACC
1015341	504	7A1	2.592	ACACCA
1015435	164	6m	1.307	ACACCA
1015447	333	7A1	1.352	ACACCA
1015526	1020	o6	1.590	AACACC
1015551	180	7A1	1.193	ACACCA
1015555	24	8m	1.274	AACACC
1015555	463	8m	1.027	AACACC
1015555	724	8m	1.405	AACACC
1015572	1673	o6	2.073	AACACC
1015725	1105	7m8	1.322	AACACC
1015778	236	o6	2.025	AACACC
1015903	1279	6m	1.882	ACACCA
1015972	52	6m	1.849	ACACCA
1015972	3493	6m	1.495	ACACCA
1015973	52	8m	1.240	ACACCA
1016011	484	7m8	1.540	AACACC
1016019	1298	7m8	1.787	ACACCA
1016020	352	7A1	2.397	ACACCA
1016026	2320	6m	2.121	ACACCA
1016098	117	6m	2.067	ACACCA
1016098	6783	7A1	3.121	ACACCA
1016103	181	o6	1.023	AACACC
1016116	286	7m8	1.902	AACACC
1016116	295	o6	1.902	AACACC
1016176	1090	8m	1.145	AACACC
1016176	1904	6m	1.264	ACACCA
1016265	320	6m	1.001	ACACCA
1016373	68	8m	2.421	AACACC
1016398	155	8m	1.548	AACACC
1016422	102	7m8	2.147	AACACC
1016449	718	o6	1.509	AACACC
1016449	1246	7A1	1.681	ACACCA
1016470	177	6m	1.073	ACACCA
1016677	161	7A1	2.171	ACACCA
1016698	1752	o6	1.328	AACACC
1016754	166	6m	1.073	ACACCA
1016848	179	8m	2.509	AACACC
1016860	61	o6	1.053	AACACC
1016860	212	o6	1.026	AACACC
1016869	530	7m8	1.298	AACACC
1016913	53	o6	1.112	AACACC
1016917	279	7A1	1.690	ACACCA
1016971	31	6m	1.297	ACACCA
1016982	49	7A1	1.086	ACACCA
1017018	1171	8m	1.554	ACACCA
1017018	1212	o6	1.400	AACACC
1017106	102	8m	2.050	AACACC
1017157	946	o6	2.567	AACACC
1017160	420	7m8	1.298	ACACCA
1017254	1304	o6	1.047	AACACC
1017257	116	o6	1.449	AACACC
1017257	360	8m	1.610	AACACC
1017261	590	o6	2.220	AACACC
1017375	383	o6	1.400	AACACC
1017381	200	o6	1.032	AACACC
1017511	903	8m	1.078	ACACCA
1017580	138	7A1	1.322	ACACCA
1017614	101	7m8	1.497	ACACCA
1017733	421	o6	1.366	AACACC
1017800	55	7A1	2.060	ACACCA
1017814	1539	6m	2.563	ACACCA
1017886	554	7A1	1.284	ACACCA
1017916	405	6m	1.333	ACACCA
1018033	27	7m8	1.180	ACACCA
1018059	193	o6	1.469	AACACC
1018081	240	6m	1.144	ACACCA
1018126	63	o6	1.846	AACACC
1018131	62	o6	1.315	AACACC
1018168	121	8m	1.500	AACACC
1018225	886	o6	1.211	AACACC
1018233	855	6m	2.152	ACACCA
1018243	2575	6m	1.376	ACACCA
1018243	3105	7A1	2.292	ACACCA
1018251	187	o6	1.163	AACACC
1018317	114	6m	1.967	ACACCA
1018335	100	6m	1.009	ACACCA
1018353	361	8m	1.099	ACACCA
1018353	1391	7A1	1.055	ACACCA
1018530	1556	8m	2.409	ACACCA
1018632	14	6m	1.417	ACACCA
1018632	847	7m8	1.084	AACACC
1018682	110	6m	1.600	ACACCA
1018682	203	6m	1.284	ACACCA
1018799	50	8m	1.627	ACACCA
1018884	406	o6	1.946	AACACC
1018884	869	7A1	1.454	ACACCA
1018890	44	6m	1.091	ACACCA
1019064	229	7m8	1.058	AACACC
1019101	139	o6	1.257	AACACC
1019147	1702	8m	1.462	AACACC
1019147	2719	8m	1.284	AACACC
1019192	158	7A1	1.241	ACACCA
1019210	91	6m	1.905	ACACCA
1019219	532	6m	1.235	ACACCA
1019279	53	o6	1.930	AACACC
1019405	49	6m	1.299	ACACCA
1019521	1843	7A1	1.070	ACACCA
1019716	437	8m	1.314	ACACCA
1019742	217	8m	1.856	AACACC
1019800	208	6m	1.663	ACACCA
1019942	401	o6	1.188	AACACC
1020219	1978	8m	2.834	AACACC
1020241	2396	o6	1.152	AACACC
1020253	423	o6	1.639	AACACC
1020253	2602	7A1	1.474	ACACCA
1020280	1414	o6	1.190	AACACC
1020435	2280	8m	1.228	AACACC
1020495	150	7A1	1.316	ACACCA
1020564	739	o6	2.425	AACACC
1020643	1595	o6	2.220	AACACC
1020839	185	6m	1.082	ACACCA
1020859	119	6m	3.234	ACACCA
1020861	1962	6m	3.234	ACACCA
1020934	82	7A1	1.328	ACACCA
1021152	600	7A1	1.533	ACACCA
1021288	68	7m8	1.614	ACACCA
1021525	1682	6m	1.590	ACACCA
1021562	129	7m8	1.031	AACACC
1021681	576	7m8	1.421	ACACCA
1021742	40	6m	1.053	ACACCA
1021818	64	7m8	1.818	AACACC
1021834	75	7A1	1.606	ACACCA
1021850	456	8m	2.831	AACACC
1021909	1798	6m	2.343	ACACCA
1021909	1855	6m	2.541	ACACCA
1021941	458	7A1	1.504	ACACCA
1022129	1093	6m	1.165	ACACCA
1022180	71	6m	2.060	ACACCA
1022235	2184	6m	2.899	ACACCA
1022256	1602	8m	1.496	AACACC
1022338	2350	7m8	1.944	AACACC
1022495	4212	7A1	1.412	ACACCA
1022632	589	7A1	1.376	ACACCA
1022932	77	7m8	2.336	AACACC
1022989	62	6m	1.236	ACACCA
1023027	109	6m	1.015	ACACCA
1023085	1	o6	1.582	AACACC
1023104	621	7m8	1.556	AACACC
1023145	382	o6	1.909	AACACC
1023151	393	7A1	2.041	ACACCA
1023154	213	6m	1.916	ACACCA
1023253	483	o6	1.284	AACACC
1023289	1167	7A1	1.078	ACACCA
1023320	1648	7m8	1.351	AACACC
1023334	145	7m8	2.062	AACACC
1023579	67	7m8	1.263	ACACCA
1023599	6129	o6	1.156	AACACC
1023681	1215	o6	1.077	AACACC
1023717	13	7m8	2.025	ACACCA
1023790	1665	6m	1.555	ACACCA
1023790	4105	7m8	2.680	AACACC
1023850	1777	7m8	2.788	ACACCA
1023882	1377	o6	1.244	AACACC
1023885	749	7A1	2.442	ACACCA
1023885	1983	6m	1.372	ACACCA
1023897	358	6m	1.259	ACACCA
1023927	657	8m	1.936	ACACCA
1023930	206	o6	1.118	AACACC
1023970	413	8m	1.241	AACACC
1023980	544	8m	2.909	AACACC
1023998	1489	7A1	1.033	ACACCA
1024031	1831	8m	1.180	ACACCA
1024159	158	7A1	1.244	ACACCA
1024159	941	6m	1.156	ACACCA
1024169	149	6m	1.457	ACACCA
1024169	307	7m8	1.764	AACACC
1024228	1076	8m	2.061	ACACCA
1024241	2363	6m	1.195	ACACCA
1024301	99	8m	2.258	AACACC
1024304	187	7m8	1.048	AACACC
1024304	418	o6	1.053	AACACC
1024342	424	8m	1.053	AACACC
1024342	993	7A1	1.808	ACACCA
1024349	867	6m	1.029	ACACCA
1024376	348	o6	1.583	AACACC
1024376	357	8m	1.541	ACACCA
1024376	372	o6	1.736	AACACC
1024393	811	7A1	2.048	ACACCA
1024505	113	8m	1.314	AACACC
1024514	136	o6	1.291	AACACC
1024582	962	o6	1.063	AACACC
1024595	64	o6	1.554	AACACC
1024619	2938	o6	2.341	AACACC
1024648	570	o6	1.053	AACACC
1024648	1492	8m	1.313	AACACC
1024648	2017	o6	2.449	AACACC
1024648	9205	6m	1.298	ACACCA
1024654	943	o6	1.247	AACACC
1024654	2351	8m	1.110	AACACC
1024715	252	o6	1.380	AACACC
1024715	3691	7A1	1.235	ACACCA
1024721	20	6m	1.328	ACACCA
1024721	62	8m	1.377	AACACC
1024754	292	7A1	2.061	ACACCA
1024763	985	7A1	1.616	ACACCA
1024843	172	7A1	2.213	ACACCA
1024939	17	7m8	1.199	ACACCA
1024956	4931	8m	1.606	AACACC
1024956	5132	7A1	1.278	ACACCA
1024956	5773	o6	1.114	AACACC
1025026	65	6m	1.123	ACACCA
1025029	966	7m8	1.606	AACACC
1025032	47	6m	2.215	ACACCA
1025032	56	6m	1.975	ACACCA
1025038	191	o6	1.328	AACACC
1025064	984	8m	2.073	AACACC
1025110	188	7A1	1.324	ACACCA
1025146	81	7m8	1.211	AACACC
1025158	51	o6	1.659	AACACC
1025158	1055	6m	1.313	ACACCA
1025213	363	8m	1.244	AACACC
1025229	2587	8m	1.504	AACACC
1025275	303	o6	1.350	AACACC
1025293	1291	7A1	1.086	ACACCA
1025293	1828	8m	1.257	AACACC
1025343	23	7A1	2.460	ACACCA
1025391	114	o6	1.959	AACACC
1025443	359	8m	2.149	AACACC
1025455	567	8m	1.948	AACACC
1025455	790	o6	1.252	AACACC
1025455	2036	8m	1.564	AACACC
1025455	2482	7m8	1.255	AACACC
1025475	105	7A1	1.904	ACACCA
1025475	111	8m	1.904	ACACCA
1025475	255	o6	1.126	AACACC
1025479	182	o6	1.315	AACACC
1025502	19	8m	1.373	AACACC
1025542	312	o6	1.425	AACACC
1025630	578	6m	1.101	ACACCA
1025654	206	7A1	2.404	ACACCA
1025689	198	8m	1.163	ACACCA
1025689	205	7m8	1.082	ACACCA
1025693	1844	o6	1.339	AACACC
1025708	125	6m	1.472	ACACCA
1025890	43	7m8	1.687	AACACC
1025895	90	6m	1.151	ACACCA
1025946	822	6m	1.205	ACACCA
1026188	325	o6	1.855	AACACC
1026480	259	6m	2.298	ACACCA
1026480	3143	7A1	2.212	ACACCA
1026652	452	o6	1.652	AACACC
1026711	107	o6	1.320	AACACC
1026711	2591	8m	2.608	ACACCA
1026965	441	6m	1.328	ACACCA
1027002	971	o6	1.221	AACACC
1027186	279	o6	1.065	AACACC
1027378	162	7m8	1.430	ACACCA
1027417	42	8m	2.704	AACACC
1027502	2697	o6	1.579	AACACC
1027522	29	7A1	1.328	ACACCA
1027817	47	7A1	1.434	ACACCA
1028112	204	6m	1.190	ACACCA
1028434	709	7A1	2.405	ACACCA
1028533	39	7m8	1.804	AACACC
1028578	429	o6	2.017	AACACC
1028598	41	8m	1.893	AACACC
1028734	6298	8m	1.328	AACACC
1028734	6354	6m	2.614	ACACCA
1029069	2096	7A1	1.937	ACACCA
1029097	22	o6	1.164	AACACC
1029189	580	6m	1.640	ACACCA
1029189	916	o6	2.631	AACACC
1029189	1489	8m	2.631	AACACC
1029189	2433	8m	2.246	AACACC
1029192	1039	6m	1.534	ACACCA
1029288	487	8m	2.464	AACACC
1029325	16	o6	1.108	AACACC
1029561	81	7m8	1.719	AACACC
1029575	37	6m	1.313	ACACCA
1029575	220	7A1	1.006	ACACCA
1029575	226	o6	1.277	AACACC
1029679	8	o6	1.089	AACACC
1029715	300	o6	1.485	AACACC
1029715	358	o6	1.322	AACACC
1029944	310	8m	1.633	AACACC
1030105	445	7m8	1.305	AACACC
1030189	167	7m8	1.306	AACACC
1030205	9	6m	1.089	ACACCA
1030266	1395	7A1	1.121	ACACCA
1030275	89	7A1	1.279	ACACCA
1030340	1253	8m	2.847	ACACCA
1030908	407	o6	1.236	AACACC
1031085	131	o6	1.547	AACACC
1031106	361	o6	1.048	AACACC
1031224	246	6m	1.274	ACACCA
1031307	690	6m	1.127	ACACCA
1031375	371	8m	1.773	AACACC
1031375	531	8m	1.510	AACACC
1031375	1052	6m	1.391	ACACCA
1031541	184	7m8	2.377	AACACC
1031667	140	7A1	2.631	ACACCA
1031830	929	o6	1.381	AACACC
1031830	944	8m	2.565	AACACC
1031883	2275	7A1	1.322	ACACCA
1031965	550	o6	2.099	AACACC
1031975	140	o6	1.995	AACACC
1031994	1199	6m	2.016	ACACCA
1032028	332	7m8	1.327	AACACC
1032182	255	6m	2.206	ACACCA
1032328	1042	6m	2.588	ACACCA
1032333	1079	o6	2.502	AACACC
1032426	1167	o6	1.027	AACACC
1032442	383	7m8	1.003	ACACCA
1032442	388	7A1	1.620	ACACCA
1032445	34	7m8	1.201	ACACCA
1032445	39	7A1	1.945	ACACCA
1032490	430	o6	1.203	AACACC
1032498	122	6m	1.857	ACACCA
1032508	580	6m	1.880	ACACCA
1032508	1745	6m	1.059	ACACCA
1032608	1900	6m	1.614	ACACCA
1032613	1017	6m	1.341	ACACCA
1032622	384	6m	1.190	ACACCA
1032693	415	7A1	2.025	ACACCA
1032799	3457	6m	1.212	ACACCA
1032855	745	6m	1.130	ACACCA
1032858	632	6m	1.130	ACACCA
1032861	525	6m	1.130	ACACCA
1032864	337	6m	1.130	ACACCA
1032929	1574	6m	1.346	ACACCA
1033041	174	7m8	1.325	AACACC
1033046	947	o6	1.209	AACACC
1033085	2048	o6	1.298	AACACC
1033085	2301	o6	2.520	AACACC
1033141	233	8m	1.606	AACACC
1033193	1128	o6	1.750	AACACC
1033196	347	o6	1.475	AACACC
1033202	221	o6	1.475	AACACC
1033218	138	6m	1.960	ACACCA
1033218	900	7m8	2.442	ACACCA
1033244	851	8m	1.053	ACACCA
1033281	1294	7A1	1.178	ACACCA
1033362	804	o6	1.641	AACACC
1033384	2135	7A1	2.021	ACACCA
1033409	1149	o6	2.981	AACACC
1033409	1434	o6	1.443	AACACC
1033409	1739	7A1	1.335	ACACCA
1033452	652	o6	1.234	AACACC
1033481	3061	o6	2.207	AACACC
1033488	123	7m8	1.010	AACACC
1033535	1081	o6	1.160	AACACC
1033575	576	6m	2.117	ACACCA
1033602	101	7A1	1.577	ACACCA
1033658	810	o6	3.600	AACACC
1033742	210	6m	1.055	ACACCA
1033789	558	o6	1.390	AACACC
1033907	201	o6	1.298	AACACC
1033948	822	7m8	1.140	AACACC
1033956	1362	7m8	1.423	AACACC
1033956	1814	8m	1.367	AACACC
1033960	149	7m8	1.606	AACACC
1033960	231	8m	2.477	ACACCA
1033960	2298	6m	1.190	ACACCA
1034101	225	o6	1.090	AACACC
1034235	146	8m	1.467	AACACC
1034235	183	6m	2.030	ACACCA
1034248	247	6m	1.084	ACACCA
1034289	485	8m	1.607	AACACC
1034304	2631	8m	2.598	AACACC
1034304	2758	8m	2.390	AACACC
1034304	2864	7A1	2.772	ACACCA
1034304	2896	8m	2.843	ACACCA
1034304	3584	8m	2.366	AACACC
1034316	3583	8m	2.012	AACACC
1034361	1239	8m	3.011	AACACC
1034370	672	6m	1.083	ACACCA
1034397	1366	o6	1.328	AACACC
1034469	839	7m8	1.917	ACACCA
1034496	35	o6	1.033	AACACC
1034514	80	7A1	1.485	ACACCA
1034556	171	8m	1.449	AACACC
1034557	175	o6	1.138	AACACC
1034569	2640	8m	1.632	AACACC
1034569	7471	7A1	1.683	ACACCA
1034671	217	8m	1.817	AACACC
1034690	1001	o6	1.403	AACACC
1034744	105	7m8	1.453	AACACC
1034748	204	7m8	1.506	ACACCA
1034748	741	o6	2.641	AACACC
1034760	820	o6	1.466	AACACC
1034873	206	8m	1.054	ACACCA
1034893	218	7A1	2.149	ACACCA
1034909	124	8m	1.335	AACACC
1034917	1356	7m8	1.368	AACACC
1034918	210	8m	2.160	ACACCA
1034941	150	o6	1.468	AACACC
1034977	638	7m8	1.260	AACACC
1035010	338	8m	1.588	AACACC
1035015	700	o6	1.995	AACACC
1035015	1373	7A1	4.994	ACACCA
1035040	2163	6m	1.522	ACACCA
1035040	3490	6m	1.170	ACACCA
1035147	340	o6	1.636	AACACC
1035192	54	6m	3.671	ACACCA
1035213	1876	7m8	1.101	AACACC
1035288	294	7m8	1.700	ACACCA
1035288	648	8m	2.064	ACACCA
1035288	746	7A1	1.690	ACACCA
1035288	812	8m	1.434	AACACC
1035348	77	6m	1.082	ACACCA
1035380	109	8m	1.755	ACACCA
1035384	762	6m	1.320	ACACCA
1035404	478	7m8	1.100	ACACCA
1035543	330	7A1	1.786	ACACCA
1035566	1093	8m	3.694	AACACC
1035569	1708	6m	1.377	ACACCA
1035569	5087	7m8	1.539	ACACCA
1035569	7879	6m	1.534	ACACCA
1035569	10439	8m	1.112	ACACCA
1035569	10559	8m	1.555	ACACCA
1035569	12201	6m	1.504	ACACCA
1035588	136	7A1	3.251	ACACCA
1035684	398	7m8	2.631	AACACC
1035783	2685	6m	1.373	ACACCA
1035783	3509	7A1	1.268	ACACCA
1035783	4198	8m	1.560	AACACC
1035791	362	6m	1.244	ACACCA
1035798	1622	8m	3.398	AACACC
1036001	69	7m8	1.257	AACACC
1036046	901	o6	2.961	AACACC
1036127	265	o6	1.298	AACACC
1036127	756	6m	2.435	ACACCA
1036127	2830	o6	1.324	AACACC
1036127	4970	o6	1.030	AACACC
1036127	9656	o6	2.453	AACACC
1036127	10554	6m	2.085	ACACCA
1036154	2295	6m	1.047	ACACCA
1036355	79	o6	1.521	AACACC
1036374	1493	6m	1.107	ACACCA
1036374	2110	7A1	1.843	ACACCA
1036399	1364	8m	1.862	AACACC
1036404	1119	7m8	1.389	ACACCA
1036443	386	7A1	1.565	ACACCA
1036501	335	7m8	2.177	ACACCA
1036645	134	7m8	1.276	ACACCA
1036686	147	7A1	1.956	ACACCA
1036788	630	7A1	3.358	ACACCA
1036899	377	8m	1.120	ACACCA
1036899	1649	7m8	1.132	ACACCA
1037051	28	6m	1.610	ACACCA
1037207	449	6m	1.018	ACACCA
1037207	561	6m	2.366	ACACCA
1037297	64	7A1	1.545	ACACCA
1037339	2057	o6	1.682	AACACC
1037398	1204	6m	1.773	ACACCA
1037461	13	6m	1.064	ACACCA
1037516	123	8m	1.466	ACACCA
1037615	598	6m	1.170	ACACCA
1037630	38	8m	1.922	AACACC
1037630	480	7A1	2.089	ACACCA
1037635	378	8m	1.822	AACACC
1037712	109	6m	1.336	ACACCA
1037923	235	7A1	1.560	ACACCA
1038066	55	6m	1.687	ACACCA
1038119	941	o6	2.357	AACACC
1038122	723	7m8	1.434	AACACC
1038122	740	8m	1.435	AACACC
1038192	853	6m	1.189	ACACCA
1038223	220	8m	1.592	AACACC
1038264	60	6m	2.286	ACACCA
1038293	455	6m	1.690	ACACCA
1038293	619	7A1	1.690	ACACCA
1038293	3175	6m	1.690	ACACCA
1038293	3286	8m	3.100	AACACC
1038317	783	6m	3.598	ACACCA
1038440	789	7A1	2.453	ACACCA
1038440	1228	o6	3.387	AACACC
1038484	246	o6	1.572	AACACC
1038505	35	o6	2.014	AACACC
1038670	1054	8m	2.994	ACACCA
1038670	1168	8m	1.707	AACACC
1038686	207	7m8	1.845	ACACCA
1038752	1901	6m	1.122	ACACCA
1038796	24	6m	1.356	ACACCA
1038796	331	o6	2.044	AACACC
1038833	34	7m8	1.516	AACACC
1038860	987	8m	2.217	AACACC
1038953	192	o6	1.070	AACACC
1039052	594	o6	2.735	AACACC
1039061	2371	8m	3.420	AACACC
1039103	71	o6	1.335	AACACC
1039118	1164	6m	1.041	ACACCA
1039236	110	6m	1.251	ACACCA
1039285	447	6m	1.380	ACACCA
1039422	533	8m	1.325	AACACC
1039469	691	7A1	1.187	ACACCA
1039502	6291	8m	3.428	AACACC
1039503	567	7m8	1.428	ACACCA
1039636	1321	7m8	1.691	AACACC
1039706	1872	7A1	1.050	ACACCA
1039712	145	o6	2.154	AACACC
1039718	2051	7A1	1.542	ACACCA
1039744	200	7A1	1.359	ACACCA
1039797	398	8m	3.383	AACACC
1039808	1796	7A1	2.390	ACACCA
1039811	1751	7A1	2.390	ACACCA
1039831	540	o6	1.834	AACACC
1039877	97	6m	1.073	ACACCA
1039908	2101	8m	2.958	AACACC
1039919	326	o6	1.283	AACACC
1039920	1140	6m	1.152	ACACCA
1039925	420	7A1	1.276	ACACCA
1039955	1496	o6	2.356	AACACC
1039959	15	6m	1.006	ACACCA
1039959	2782	6m	1.605	ACACCA
1039996	20	8m	2.847	AACACC
1039996	444	8m	1.273	AACACC
1039996	656	8m	1.139	ACACCA
1040037	1785	7A1	2.390	ACACCA
1040048	2435	8m	2.754	AACACC
1040049	2693	8m	1.351	AACACC
1040058	7568	6m	1.806	ACACCA
1040078	371	o6	1.262	AACACC
1040091	887	7A1	3.046	ACACCA
1040099	67	7m8	2.854	ACACCA
1040099	120	8m	1.349	AACACC
1040115	166	8m	2.648	AACACC
1040159	535	8m	1.254	AACACC
1040190	437	6m	1.070	ACACCA
1040190	1263	8m	2.037	ACACCA
1040190	2615	7A1	2.508	ACACCA
1040202	502	7m8	1.158	ACACCA
1040202	512	6m	1.158	ACACCA
1040298	4663	7A1	1.787	ACACCA
1040303	984	o6	2.781	AACACC
1040318	1669	6m	1.210	ACACCA
1040334	724	7A1	1.808	ACACCA
1040334	1204	6m	1.227	ACACCA
1040337	169	7A1	1.332	ACACCA
1040337	175	8m	1.714	ACACCA
1040337	187	8m	1.495	ACACCA
1040337	217	8m	1.748	ACACCA
1040337	527	8m	2.590	AACACC
1040337	707	6m	1.288	ACACCA
1040346	2209	8m	1.632	AACACC
1040346	5163	6m	1.645	ACACCA
1040377	690	8m	2.922	ACACCA
1040387	413	7m8	1.365	AACACC
1040392	71	7m8	1.512	AACACC
1040542	3379	6m	1.102	ACACCA
1040560	1177	8m	2.098	AACACC
1040575	641	7m8	1.361	AACACC
1040589	3049	6m	1.473	ACACCA
1040623	646	o6	1.120	AACACC
