1000021	95	6m	1.099	GCACAA
1000021	106	o6	1.284	CGCACA
1000026	1245	7A1	1.568	GCACAA
1000057	304	o6	1.284	CGCACA
1000066	827	o6	1.873	CGCACA
1000069	552	o6	2.209	CGCACA
1000138	143	8m	2.233	CGCACA
1000146	689	7m8	1.073	CGCACA
1000176	595	6m	2.040	GCACAA
1000177	174	7m8	1.477	CGCACA
1000224	275	7A1	1.030	GCACAA
1000261	563	6m	2.035	GCACAA
1000278	7	o6	1.151	CGCACA
1000321	667	6m	1.701	GCACAA
1000324	130	7A1	1.300	GCACAA
1000350	226	7A1	1.207	GCACAA
1000443	1422	6m	1.818	GCACAA
1000443	2562	7A1	2.390	GCACAA
1000478	640	o6	1.311	CGCACA
1000478	673	6m	2.056	GCACAA
1000478	870	o6	1.599	CGCACA
1000478	884	o6	2.675	CGCACA
1000493	1636	o6	1.322	CGCACA
1000580	236	o6	2.292	CGCACA
1000586	159	7A1	1.031	GCACAA
1000635	126	6m	2.520	GCACAA
1000767	120	6m	1.560	GCACAA
1000779	888	6m	2.297	GCACAA
1000779	2762	7A1	2.073	GCACAA
1000787	8	8m	1.189	GCACAA
1000829	805	6m	1.099	GCACAA
1000829	1687	6m	1.316	GCACAA
1000920	856	7m8	1.687	CGCACA
1000928	842	6m	2.544	GCACAA
1000929	667	8m	2.447	GCACAA
1000947	890	o6	1.092	CGCACA
1000968	1545	6m	2.403	GCACAA
1000992	473	o6	1.242	CGCACA
1001024	1000	8m	1.258	GCACAA
1001072	237	6m	2.495	GCACAA
1001075	761	7A1	1.606	GCACAA
1001099	289	6m	2.452	GCACAA
1001312	30	6m	1.846	GCACAA
1001322	50	8m	1.053	CGCACA
1001440	734	8m	1.377	CGCACA
1001440	1405	7A1	2.981	GCACAA
1001494	389	7m8	1.650	GCACAA
1001533	654	6m	2.031	GCACAA
1001533	887	o6	2.364	CGCACA
1001533	3274	o6	2.095	CGCACA
1001578	637	8m	2.206	CGCACA
1001601	1706	8m	1.604	GCACAA
1001607	33	o6	2.900	CGCACA
1001620	1286	6m	2.206	GCACAA
1001625	188	o6	2.592	CGCACA
1001667	53	7A1	1.651	GCACAA
1001667	303	6m	2.170	GCACAA
1001683	203	7m8	1.183	CGCACA
1001689	425	o6	1.433	CGCACA
1001745	433	o6	2.395	CGCACA
1001753	33	o6	1.053	CGCACA
1001783	186	o6	1.008	CGCACA
1001817	1190	o6	2.704	CGCACA
1001865	187	6m	2.376	GCACAA
1001891	417	o6	4.339	CGCACA
1001897	1372	6m	1.664	GCACAA
1001912	414	o6	1.204	CGCACA
1001937	2912	o6	3.271	CGCACA
1001948	1697	7A1	1.594	GCACAA
1002054	505	7A1	2.220	GCACAA
1002084	34	o6	2.058	CGCACA
1002176	1210	7A1	1.463	GCACAA
1002176	2372	7m8	2.148	CGCACA
1002215	783	o6	3.548	CGCACA
1002293	43	6m	2.390	GCACAA
1002305	68	6m	1.687	GCACAA
1002326	169	o6	1.065	CGCACA
1002331	179	7A1	1.534	GCACAA
1002340	24	6m	1.109	GCACAA
1002481	431	6m	1.006	GCACAA
1002503	192	7A1	1.887	GCACAA
1002503	291	o6	2.527	CGCACA
1002532	117	6m	1.690	GCACAA
1002607	98	7m8	2.109	CGCACA
1002628	103	7m8	2.480	GCACAA
1002662	38	7A1	2.533	GCACAA
1002704	199	6m	2.046	GCACAA
1002815	518	7A1	1.925	GCACAA
1002826	1713	7A1	2.288	GCACAA
1002847	81	o6	1.019	CGCACA
1002877	800	6m	1.447	GCACAA
1002985	175	o6	1.333	CGCACA
1003018	548	8m	1.370	GCACAA
1003134	346	6m	2.073	GCACAA
1003184	789	o6	1.053	CGCACA
1003313	49	8m	2.165	GCACAA
1003313	95	7m8	3.013	GCACAA
1003325	206	6m	1.294	GCACAA
1003346	44	o6	1.415	CGCACA
1003417	331	7m8	2.515	CGCACA
1003424	42	6m	1.780	GCACAA
1003424	683	6m	2.707	GCACAA
1003589	374	7A1	2.239	GCACAA
1003589	1296	o6	1.227	CGCACA
1003603	136	6m	1.498	GCACAA
1003821	11	o6	1.073	CGCACA
1003825	69	6m	1.053	GCACAA
1003951	272	o6	1.798	CGCACA
1003999	440	6m	1.906	GCACAA
1004002	132	6m	2.003	GCACAA
1004077	789	7A1	2.307	GCACAA
1004107	197	o6	1.377	CGCACA
1004364	32	o6	3.251	CGCACA
1004406	546	o6	3.396	CGCACA
1004427	155	o6	1.248	CGCACA
1004436	88	8m	1.855	GCACAA
1004490	148	8m	1.560	GCACAA
1004502	330	7m8	3.270	CGCACA
1004502	371	o6	1.461	CGCACA
1004573	1089	o6	2.943	CGCACA
1004580	38	o6	1.304	CGCACA
1004606	105	7A1	1.227	GCACAA
1004657	213	7A1	2.472	GCACAA
1004661	701	o6	1.031	CGCACA
1004838	75	o6	1.845	CGCACA
1005003	239	6m	2.016	GCACAA
1005129	335	8m	1.244	CGCACA
1005130	241	7A1	2.433	GCACAA
1005204	85	7A1	2.103	GCACAA
1005329	151	o6	1.073	CGCACA
1005349	2936	6m	2.199	GCACAA
1005402	56	7A1	1.053	GCACAA
1005443	478	o6	2.377	CGCACA
1005443	526	o6	1.257	CGCACA
1005449	429	8m	2.561	GCACAA
1005470	2125	o6	1.936	CGCACA
1005607	1306	7A1	1.202	GCACAA
1005622	130	7A1	2.377	GCACAA
1005646	1659	o6	2.428	CGCACA
1005646	2270	6m	1.818	GCACAA
1005646	4707	7A1	3.475	GCACAA
1005646	4934	8m	2.190	CGCACA
1005677	428	o6	2.309	CGCACA
1005733	410	6m	1.792	GCACAA
1005752	1086	7A1	1.284	GCACAA
1005830	38	6m	2.635	GCACAA
1005859	66	o6	2.278	CGCACA
1005951	368	6m	1.277	GCACAA
1006103	742	7m8	1.180	CGCACA
1006107	615	o6	1.403	CGCACA
1006107	1004	8m	2.544	CGCACA
1006107	1791	7A1	1.322	GCACAA
1006158	473	o6	1.062	CGCACA
1006166	1226	6m	1.765	GCACAA
1006570	656	o6	1.084	CGCACA
1006692	336	6m	2.345	GCACAA
1006692	374	7A1	1.425	GCACAA
1006692	417	6m	1.002	GCACAA
1006708	1214	o6	1.415	CGCACA
1006719	159	7A1	1.961	GCACAA
1006719	1621	7A1	2.146	GCACAA
1006734	297	o6	1.397	CGCACA
1006734	332	7A1	1.313	GCACAA
1006735	135	o6	1.125	CGCACA
1006738	1363	6m	1.097	GCACAA
1006845	199	o6	1.915	CGCACA
1006875	978	6m	2.181	GCACAA
1006875	2553	6m	1.097	GCACAA
1006878	49	7A1	1.016	GCACAA
1006884	36	8m	1.711	GCACAA
1006940	957	o6	1.993	CGCACA
1007031	793	7A1	2.152	GCACAA
1007115	883	7A1	3.031	GCACAA
1007148	1398	7A1	1.606	GCACAA
1007242	456	o6	1.178	CGCACA
1007251	561	o6	2.072	CGCACA
1007283	131	6m	2.350	GCACAA
1007283	833	o6	1.048	CGCACA
1007314	1316	o6	2.055	CGCACA
1007340	213	7A1	2.103	GCACAA
1007364	2031	o6	1.103	CGCACA
1007364	2172	o6	2.413	CGCACA
1007364	2648	7A1	2.816	GCACAA
1007385	492	6m	1.272	GCACAA
1007466	182	6m	1.167	GCACAA
1007490	340	o6	1.448	CGCACA
1007508	107	8m	1.149	GCACAA
1007576	351	o6	1.009	CGCACA
1007624	338	7A1	2.082	GCACAA
1007629	72	6m	2.544	GCACAA
1007656	182	o6	1.735	CGCACA
1007659	182	o6	1.885	CGCACA
1007710	562	6m	1.514	GCACAA
1007731	1405	o6	1.872	CGCACA
1007731	1495	o6	1.426	CGCACA
1007731	2464	6m	1.199	GCACAA
1007740	1891	6m	1.457	GCACAA
1007740	2671	6m	1.871	GCACAA
1007749	1266	o6	1.877	CGCACA
1007779	619	6m	1.084	GCACAA
1007812	1655	7A1	2.408	GCACAA
1007812	3882	6m	2.752	GCACAA
1007812	4734	6m	1.856	GCACAA
1007812	5481	6m	2.988	GCACAA
1007812	5673	6m	3.082	GCACAA
1007812	5952	6m	3.904	GCACAA
1007824	204	o6	1.825	CGCACA
1007840	1817	o6	3.034	CGCACA
1007870	114	7A1	2.025	GCACAA
1007878	834	7A1	2.224	GCACAA
1007888	646	6m	2.652	GCACAA
1007891	249	6m	1.055	GCACAA
1007903	3789	o6	1.991	CGCACA
1007923	2992	6m	2.025	GCACAA
1007927	749	o6	1.060	CGCACA
1007950	127	6m	2.544	GCACAA
1007950	1446	8m	1.316	CGCACA
1007950	1940	o6	1.316	CGCACA
1007969	401	7A1	1.508	GCACAA
1007980	782	7A1	1.990	GCACAA
1008081	228	7A1	2.031	GCACAA
1008093	1221	6m	2.023	GCACAA
1008145	1096	6m	2.343	GCACAA
1008145	2836	o6	2.343	CGCACA
1008145	5523	o6	1.148	CGCACA
1008145	9990	6m	2.350	GCACAA
1008150	489	6m	2.259	GCACAA
1008162	28	o6	1.441	CGCACA
1008192	812	6m	1.946	GCACAA
1008286	655	8m	2.483	CGCACA
1008327	298	7m8	2.330	CGCACA
1008327	473	o6	1.485	CGCACA
1008454	861	o6	1.053	CGCACA
1008472	280	6m	1.575	GCACAA
1008498	397	o6	1.284	CGCACA
1008501	31	6m	1.736	GCACAA
1008524	915	6m	1.581	GCACAA
1008557	263	o6	1.059	CGCACA
1008557	404	6m	2.015	GCACAA
1008593	833	6m	2.606	GCACAA
1008597	48	6m	1.747	GCACAA
1008597	370	7A1	2.026	GCACAA
1008602	187	o6	1.687	CGCACA
1008621	258	6m	1.082	GCACAA
1008624	289	7A1	1.030	GCACAA
1008755	761	o6	1.744	CGCACA
1008780	791	7m8	2.494	CGCACA
1008831	223	7A1	2.502	GCACAA
1008849	572	7A1	1.057	GCACAA
1008849	655	8m	2.053	CGCACA
1008885	58	o6	2.196	CGCACA
1008890	359	o6	1.606	CGCACA
1008893	226	7A1	2.026	GCACAA
1008966	209	7A1	1.306	GCACAA
1008966	986	6m	2.341	GCACAA
1008981	687	6m	2.255	GCACAA
1009026	100	o6	1.792	CGCACA
1009026	325	o6	1.640	CGCACA
1009026	1879	o6	3.000	CGCACA
1009056	237	7A1	1.298	GCACAA
1009068	510	o6	2.660	CGCACA
1009074	607	o6	1.690	CGCACA
1009083	49	7A1	2.276	GCACAA
1009101	271	o6	2.506	CGCACA
1009229	30	7m8	2.585	CGCACA
1009303	196	o6	1.046	CGCACA
1009303	204	o6	1.058	CGCACA
1009313	42	o6	2.288	CGCACA
1009334	27	o6	1.165	CGCACA
1009352	220	6m	1.645	GCACAA
1009360	180	7A1	1.322	GCACAA
1009369	241	o6	2.858	CGCACA
1009369	1016	7m8	2.804	CGCACA
1009369	1904	7A1	3.058	GCACAA
1009391	215	7A1	3.108	GCACAA
1009408	295	6m	3.855	GCACAA
1009411	219	6m	2.807	GCACAA
1009511	93	o6	1.886	CGCACA
1009576	819	o6	3.451	CGCACA
1009609	6	6m	1.409	GCACAA
1009684	1556	o6	1.142	CGCACA
1009736	962	o6	1.150	CGCACA
1009748	1967	6m	2.552	GCACAA
1009769	675	o6	1.747	CGCACA
1009769	874	7A1	2.220	GCACAA
1009834	92	7A1	2.415	GCACAA
1009834	801	6m	1.517	GCACAA
1009838	76	6m	2.180	GCACAA
1009838	419	o6	2.038	CGCACA
1009948	1132	o6	2.807	CGCACA
1009974	179	o6	1.851	CGCACA
1010175	258	6m	3.005	GCACAA
1010184	101	7m8	2.830	GCACAA
1010205	552	8m	1.012	CGCACA
1010232	556	8m	2.991	CGCACA
1010238	183	8m	2.991	CGCACA
1010250	775	o6	1.683	CGCACA
1010250	3058	6m	1.631	GCACAA
1010274	308	o6	1.882	CGCACA
1010293	406	6m	2.220	GCACAA
1010332	660	6m	2.223	GCACAA
1010365	146	o6	2.481	CGCACA
1010365	159	o6	2.025	CGCACA
1010401	109	8m	2.206	GCACAA
1010401	186	o6	1.322	CGCACA
1010511	903	o6	2.551	CGCACA
1010533	1646	7A1	3.673	GCACAA
1010578	364	7A1	1.040	GCACAA
1010646	191	6m	2.876	GCACAA
1010646	669	7A1	2.630	GCACAA
1010646	1419	6m	2.460	GCACAA
1010646	2301	6m	1.120	GCACAA
1010652	1212	6m	1.284	GCACAA
1010670	1050	o6	2.409	CGCACA
1010670	1111	6m	2.013	GCACAA
1010674	129	7A1	1.768	GCACAA
1010703	207	7A1	2.135	GCACAA
1010712	284	7A1	1.582	GCACAA
1010712	385	6m	2.060	GCACAA
1010846	531	o6	1.073	CGCACA
1010872	40	6m	2.203	GCACAA
1010950	608	7A1	3.172	GCACAA
1010950	834	7A1	1.323	GCACAA
1010950	1182	7A1	3.081	GCACAA
1011117	29	o6	1.084	CGCACA
1011131	489	7A1	2.029	GCACAA
1011216	380	7A1	2.215	GCACAA
1011321	1228	o6	2.062	CGCACA
1011327	1137	o6	2.543	CGCACA
1011349	170	7A1	1.899	GCACAA
1011355	148	6m	1.622	GCACAA
1011369	502	7m8	2.214	GCACAA
1011369	878	o6	1.816	CGCACA
1011416	144	6m	1.437	GCACAA
1011438	38	o6	2.017	CGCACA
1011491	125	6m	2.065	GCACAA
1011607	955	6m	1.322	GCACAA
1011607	1005	7A1	1.946	GCACAA
1011742	1578	o6	1.520	CGCACA
1011776	507	o6	2.289	CGCACA
1011842	319	7A1	1.504	GCACAA
1011851	335	6m	1.600	GCACAA
1011897	367	o6	1.268	CGCACA
1011932	181	o6	1.167	CGCACA
1011944	1112	6m	2.781	GCACAA
1012074	94	7A1	1.508	GCACAA
1012205	42	o6	1.316	CGCACA
1012208	84	7A1	1.358	GCACAA
1012323	306	o6	1.298	CGCACA
1012458	167	6m	1.274	GCACAA
1012543	191	o6	1.290	CGCACA
1012620	405	o6	2.704	CGCACA
1012685	11	o6	1.548	CGCACA
1012743	771	7m8	1.284	CGCACA
1012896	361	7m8	2.786	CGCACA
1012912	682	7m8	1.572	CGCACA
1013068	930	6m	1.628	GCACAA
1013114	141	8m	2.505	CGCACA
1013177	90	o6	1.165	CGCACA
1013184	213	7m8	2.073	CGCACA
1013240	6	o6	1.278	CGCACA
1013334	231	o6	1.444	CGCACA
1013506	231	7A1	2.073	GCACAA
1013573	433	6m	1.597	GCACAA
1013573	570	7A1	2.433	GCACAA
1013591	202	7A1	2.178	GCACAA
1013608	149	6m	2.582	GCACAA
1013643	1047	6m	1.037	GCACAA
1013670	2335	7A1	2.750	GCACAA
1013676	54	o6	1.563	CGCACA
1013676	1388	o6	1.328	CGCACA
1013725	240	o6	1.936	CGCACA
1013781	61	7m8	3.265	CGCACA
1013927	41	6m	2.217	GCACAA
1013988	1340	7m8	1.366	GCACAA
1013991	211	6m	1.056	GCACAA
1014295	672	o6	1.916	CGCACA
1014358	480	6m	2.665	GCACAA
1014367	52	6m	2.341	GCACAA
1014387	18	7A1	1.287	GCACAA
1014403	822	o6	3.102	CGCACA
1014403	1062	7m8	1.874	CGCACA
1014468	544	o6	1.814	CGCACA
1014588	939	o6	2.433	CGCACA
1014588	2424	7A1	2.660	GCACAA
1014711	278	6m	2.635	GCACAA
1014819	301	6m	3.116	GCACAA
1014856	1082	o6	1.094	CGCACA
1014869	622	6m	1.665	GCACAA
1014899	868	7m8	1.548	CGCACA
1014938	64	o6	2.654	CGCACA
1014981	548	o6	2.807	CGCACA
1014987	232	o6	1.600	CGCACA
1014988	2451	7A1	2.092	GCACAA
1014988	3451	8m	1.618	GCACAA
1014988	5663	7A1	1.996	GCACAA
1014988	5839	o6	1.846	CGCACA
1015015	559	6m	2.408	GCACAA
1015018	93	7m8	2.446	CGCACA
1015038	248	6m	1.690	GCACAA
1015076	188	o6	3.137	CGCACA
1015145	2256	o6	1.284	CGCACA
1015195	343	6m	1.320	GCACAA
1015267	215	o6	1.600	CGCACA
1015303	306	o6	3.714	CGCACA
1015348	447	7m8	2.687	CGCACA
1015375	873	6m	2.107	GCACAA
1015385	48	7m8	2.635	CGCACA
1015411	163	o6	1.088	CGCACA
1015421	199	6m	2.544	GCACAA
1015504	336	o6	2.390	CGCACA
1015552	1798	7A1	1.513	GCACAA
1015555	354	6m	2.084	GCACAA
1015555	3471	6m	2.433	GCACAA
1015572	272	7A1	1.563	GCACAA
1015572	1698	8m	1.839	GCACAA
1015572	2729	7m8	3.641	CGCACA
1015637	816	6m	1.606	GCACAA
1015777	120	7m8	1.405	CGCACA
1015777	284	7m8	1.396	GCACAA
1015784	892	o6	1.753	CGCACA
1015789	833	o6	2.061	CGCACA
1015823	1072	6m	2.070	GCACAA
1015870	352	6m	1.047	GCACAA
1015972	775	7A1	2.819	GCACAA
1015973	38	o6	2.550	CGCACA
1016019	222	6m	1.891	GCACAA
1016019	897	6m	3.230	GCACAA
1016019	1644	6m	2.648	GCACAA
1016122	155	o6	1.607	CGCACA
1016179	839	7A1	1.687	GCACAA
1016214	75	6m	2.749	GCACAA
1016214	94	7m8	1.073	GCACAA
1016220	632	6m	1.971	GCACAA
1016284	182	o6	1.050	CGCACA
1016328	145	7m8	1.953	CGCACA
1016347	1031	7A1	2.807	GCACAA
1016373	713	7m8	1.505	CGCACA
1016398	241	o6	1.322	CGCACA
1016398	1886	6m	1.322	GCACAA
1016449	2049	6m	1.047	GCACAA
1016464	295	7A1	1.282	GCACAA
1016500	39	6m	1.443	GCACAA
1016511	646	7A1	1.535	GCACAA
1016517	51	o6	1.328	CGCACA
1016556	665	o6	2.460	CGCACA
1016562	182	o6	1.226	CGCACA
1016574	3322	o6	1.919	CGCACA
1016605	143	7m8	1.322	CGCACA
1016620	1190	7A1	2.076	GCACAA
1016695	988	7m8	1.328	CGCACA
1016712	180	8m	2.788	GCACAA
1016713	4205	7A1	1.606	GCACAA
1016787	2432	6m	1.325	GCACAA
1016794	333	o6	2.433	CGCACA
1016832	1104	o6	1.245	CGCACA
1016845	1097	6m	1.284	GCACAA
1016848	893	7A1	1.389	GCACAA
1016865	1024	6m	3.034	GCACAA
1016899	1045	7A1	1.284	GCACAA
1016951	471	o6	2.073	CGCACA
1017018	596	6m	2.415	GCACAA
1017018	683	6m	1.928	GCACAA
1017106	85	7A1	1.810	GCACAA
1017135	290	7m8	1.016	GCACAA
1017151	189	6m	2.218	GCACAA
1017157	776	7A1	1.649	GCACAA
1017168	926	o6	1.888	CGCACA
1017169	1564	o6	2.019	CGCACA
1017224	253	o6	1.247	CGCACA
1017249	123	6m	1.971	GCACAA
1017282	584	6m	1.448	GCACAA
1017395	329	o6	2.104	CGCACA
1017395	515	6m	1.294	GCACAA
1017451	1306	6m	2.807	GCACAA
1017451	1776	7A1	3.034	GCACAA
1017524	475	o6	1.965	CGCACA
1017562	47	o6	1.687	CGCACA
1017614	5110	o6	2.124	CGCACA
1017618	699	o6	1.527	CGCACA
1017630	164	o6	1.943	CGCACA
1017654	25	7A1	1.051	GCACAA
1017669	311	6m	1.151	GCACAA
1017733	974	6m	1.706	GCACAA
1017743	368	6m	1.618	GCACAA
1017814	2119	6m	1.198	GCACAA
1017814	3184	6m	3.020	GCACAA
1017967	53	7A1	3.034	GCACAA
1018044	114	o6	2.413	CGCACA
1018066	190	7m8	1.845	CGCACA
1018077	1058	o6	1.882	CGCACA
1018081	539	6m	1.145	GCACAA
1018134	1562	8m	2.643	CGCACA
1018134	3698	o6	2.808	CGCACA
1018149	140	6m	1.432	GCACAA
1018168	408	7m8	2.780	CGCACA
1018225	308	7m8	3.005	CGCACA
1018272	458	6m	2.510	GCACAA
1018277	46	7A1	2.774	GCACAA
1018287	263	8m	1.328	CGCACA
1018328	63	o6	1.952	CGCACA
1018406	34	o6	1.212	CGCACA
1018409	357	6m	2.161	GCACAA
1018442	68	7A1	1.246	GCACAA
1018530	160	6m	2.132	GCACAA
1018577	33	7A1	2.085	GCACAA
1018632	871	7A1	2.686	GCACAA
1018632	1635	7A1	2.540	GCACAA
1018632	4602	o6	1.598	CGCACA
1018661	78	o6	1.660	CGCACA
1018703	78	o6	1.731	CGCACA
1018727	417	o6	1.042	CGCACA
1018766	1305	6m	2.187	GCACAA
1018793	135	7A1	1.750	GCACAA
1018799	99	o6	1.541	CGCACA
1018873	1041	o6	2.163	CGCACA
1018873	1197	7A1	1.989	GCACAA
1019128	28	7A1	1.687	GCACAA
1019147	657	7A1	2.025	GCACAA
1019147	1049	7A1	2.652	GCACAA
1019173	32	7A1	1.588	GCACAA
1019180	122	7A1	2.449	GCACAA
1019192	156	o6	1.563	CGCACA
1019298	518	7m8	2.544	CGCACA
1019298	750	6m	1.322	GCACAA
1019413	102	7A1	1.552	GCACAA
1019465	194	o6	2.734	CGCACA
1019535	352	7A1	1.606	GCACAA
1019579	148	6m	3.034	GCACAA
1019691	373	o6	2.220	CGCACA
1019721	314	6m	2.072	GCACAA
1019767	43	7A1	1.577	GCACAA
1019899	61	6m	1.105	GCACAA
1019925	1136	7A1	2.991	GCACAA
1019938	16	7A1	1.651	GCACAA
1019945	52	7A1	2.321	GCACAA
1019995	117	o6	1.054	CGCACA
1020077	4	6m	1.521	GCACAA
1020077	285	o6	1.301	CGCACA
1020139	969	7m8	2.178	CGCACA
1020241	961	6m	3.191	GCACAA
1020253	1220	7A1	2.640	GCACAA
1020319	1290	6m	1.183	GCACAA
1020319	2164	o6	1.577	CGCACA
1020435	121	o6	2.850	CGCACA
1020441	180	o6	1.228	CGCACA
1020615	929	7A1	1.606	GCACAA
1020615	1118	7m8	1.284	CGCACA
1020615	3356	8m	1.606	CGCACA
1020642	829	o6	2.302	CGCACA
1020654	107	o6	1.372	CGCACA
1020661	458	o6	2.660	CGCACA
1020661	1038	6m	1.606	GCACAA
1020740	347	7m8	2.011	GCACAA
1020771	186	o6	1.180	CGCACA
1020895	629	6m	1.227	GCACAA
1020992	163	7A1	1.732	GCACAA
1020992	343	6m	2.276	GCACAA
1020992	441	7m8	2.261	GCACAA
1020996	347	o6	1.808	CGCACA
1021005	728	7A1	3.257	GCACAA
1021273	1022	7m8	2.981	CGCACA
1021419	140	8m	1.449	GCACAA
1021434	637	7A1	1.053	GCACAA
1021488	560	7A1	1.405	GCACAA
1021540	2540	7m8	1.321	CGCACA
1021566	3566	7A1	1.533	GCACAA
1021581	188	o6	1.358	CGCACA
1021619	173	7A1	1.546	GCACAA
1021681	478	7A1	2.056	GCACAA
1021712	56	7A1	2.377	GCACAA
1021866	869	6m	2.015	GCACAA
1021866	1275	6m	2.015	GCACAA
1021962	2019	o6	2.466	CGCACA
1021993	62	7A1	1.560	GCACAA
1022066	819	7A1	1.587	GCACAA
1022066	1872	o6	1.553	CGCACA
1022165	49	o6	3.047	CGCACA
1022165	615	6m	2.017	GCACAA
1022165	784	o6	2.017	CGCACA
1022180	57	o6	2.220	CGCACA
1022180	283	7m8	1.273	CGCACA
1022278	124	6m	1.133	GCACAA
1022285	27	6m	2.243	GCACAA
1022370	408	7A1	1.491	GCACAA
1022383	1113	o6	1.277	CGCACA
1022386	258	o6	1.716	CGCACA
1022457	485	8m	2.341	GCACAA
1022480	26	7A1	1.948	GCACAA
1022495	1168	7A1	2.019	GCACAA
1022534	37	6m	1.922	GCACAA
1022568	418	7A1	2.013	GCACAA
1022604	241	8m	1.001	CGCACA
1022710	275	7A1	2.227	GCACAA
1022904	43	7A1	1.622	GCACAA
1022932	2178	6m	2.537	GCACAA
1022938	1150	7m8	1.786	CGCACA
1022941	3352	6m	1.898	GCACAA
1023009	52	8m	1.984	GCACAA
1023062	2238	o6	1.691	CGCACA
1023062	2325	6m	2.667	GCACAA
1023062	3042	7A1	2.430	GCACAA
1023072	419	6m	1.117	GCACAA
1023072	627	6m	2.863	GCACAA
1023097	551	o6	1.887	CGCACA
1023097	3210	6m	2.433	GCACAA
1023109	637	7A1	1.040	GCACAA
1023127	108	o6	1.638	CGCACA
1023145	489	o6	3.191	CGCACA
1023151	577	7m8	1.274	CGCACA
1023219	1060	o6	2.466	CGCACA
1023253	49	6m	1.374	GCACAA
1023289	2554	o6	2.533	CGCACA
1023340	73	o6	2.630	CGCACA
1023350	77	6m	1.295	GCACAA
1023391	436	o6	1.103	CGCACA
1023399	44	6m	1.284	GCACAA
1023419	212	7m8	2.309	GCACAA
1023435	6	6m	1.328	GCACAA
1023530	48	6m	2.131	GCACAA
1023533	612	7m8	1.981	CGCACA
1023594	999	6m	1.808	GCACAA
1023669	1144	7m8	2.293	GCACAA
1023681	310	7A1	1.563	GCACAA
1023681	610	o6	1.325	CGCACA
1023684	505	7A1	2.610	GCACAA
1023712	1728	7A1	1.687	GCACAA
1023724	26	o6	1.405	CGCACA
1023738	34	o6	1.165	CGCACA
1023774	1055	8m	1.687	CGCACA
1023783	1256	8m	1.372	GCACAA
1023784	4708	o6	1.120	CGCACA
1023790	1618	6m	1.354	GCACAA
1023805	4437	6m	2.544	GCACAA
1023850	359	6m	2.025	GCACAA
1023882	2951	6m	1.112	GCACAA
1023909	172	6m	2.000	GCACAA
1023912	856	6m	1.205	GCACAA
1023918	85	o6	1.985	CGCACA
1023946	161	7A1	1.822	GCACAA
1023970	10	6m	1.189	GCACAA
1024003	768	o6	1.140	CGCACA
1024012	834	7A1	1.078	GCACAA
1024031	606	6m	1.556	GCACAA
1024048	118	7m8	1.127	CGCACA
1024052	136	7A1	3.524	GCACAA
1024085	2020	o6	2.193	CGCACA
1024145	356	7A1	1.292	GCACAA
1024286	117	o6	2.401	CGCACA
1024313	185	7A1	1.306	GCACAA
1024349	690	7A1	1.730	GCACAA
1024369	122	7m8	1.671	CGCACA
1024372	664	7A1	1.436	GCACAA
1024381	722	6m	2.402	GCACAA
1024385	776	6m	1.176	GCACAA
1024393	498	o6	1.216	CGCACA
1024397	801	o6	1.277	CGCACA
1024397	3217	6m	2.722	GCACAA
1024397	3617	6m	1.432	GCACAA
1024403	571	o6	1.414	CGCACA
1024403	654	8m	1.248	CGCACA
1024415	366	7A1	2.027	GCACAA
1024445	584	o6	1.514	CGCACA
1024448	1828	7A1	2.500	GCACAA
1024465	3715	o6	1.053	CGCACA
1024510	845	o6	2.563	CGCACA
1024514	141	o6	1.477	CGCACA
1024537	37	7m8	1.727	GCACAA
1024601	554	6m	1.733	GCACAA
1024612	410	7A1	2.183	GCACAA
1024612	847	8m	1.283	GCACAA
1024612	854	6m	1.283	GCACAA
1024619	293	7A1	2.382	GCACAA
1024619	953	7A1	1.233	GCACAA
1024639	1302	o6	2.350	CGCACA
1024648	4615	8m	1.366	GCACAA
1024721	1729	o6	2.073	CGCACA
1024763	536	7m8	2.507	CGCACA
1024829	1033	o6	1.032	CGCACA
1024843	2390	o6	1.797	CGCACA
1024944	105	6m	1.876	GCACAA
1024956	1341	6m	1.606	GCACAA
1025029	1756	o6	2.090	CGCACA
1025029	2980	7m8	2.275	GCACAA
1025032	78	6m	2.867	GCACAA
1025046	408	8m	1.421	GCACAA
1025106	38	6m	1.468	GCACAA
1025132	316	6m	1.548	GCACAA
1025173	515	7A1	2.123	GCACAA
1025179	711	6m	2.684	GCACAA
1025204	700	7A1	1.073	GCACAA
1025204	751	o6	2.522	CGCACA
1025207	119	o6	1.690	CGCACA
1025229	2756	8m	2.559	CGCACA
1025293	38	o6	1.954	CGCACA
1025308	128	6m	1.927	GCACAA
1025308	244	o6	1.606	CGCACA
1025340	286	7A1	1.278	GCACAA
1025421	44	7m8	1.053	GCACAA
1025421	382	6m	1.485	GCACAA
1025431	356	o6	2.061	CGCACA
1025590	4	6m	1.200	GCACAA
1025608	429	7A1	1.328	GCACAA
1025618	74	6m	1.936	GCACAA
1025654	1604	7m8	2.360	CGCACA
1025665	740	6m	1.077	GCACAA
1025693	1254	7A1	1.884	GCACAA
1025721	229	7A1	1.735	GCACAA
1025755	253	6m	1.007	GCACAA
1025755	481	7A1	2.379	GCACAA
1025755	1284	7A1	1.255	GCACAA
1025883	521	7A1	1.815	GCACAA
1025929	559	o6	2.665	CGCACA
1025952	4	7A1	1.284	GCACAA
1026056	47	8m	2.852	CGCACA
1026095	1157	8m	2.660	CGCACA
1026185	86	7A1	1.891	GCACAA
1026185	142	o6	2.095	CGCACA
1026254	163	o6	2.157	CGCACA
1026262	348	o6	1.360	CGCACA
1026364	311	7m8	2.020	CGCACA
1026369	60	6m	1.285	GCACAA
1026406	122	6m	1.255	GCACAA
1026477	491	6m	2.859	GCACAA
1026558	905	6m	1.227	GCACAA
1026633	332	7A1	2.088	GCACAA
1026652	766	o6	1.546	CGCACA
1026652	2241	8m	1.791	GCACAA
1026652	2430	7m8	1.167	GCACAA
1026657	215	o6	1.125	CGCACA
1026682	739	o6	2.763	CGCACA
1026688	2398	o6	2.363	CGCACA
1026711	2560	7A1	1.190	GCACAA
1026761	651	o6	1.732	CGCACA
1026761	848	o6	1.169	CGCACA
1026791	307	6m	1.284	GCACAA
1026812	41	6m	2.103	GCACAA
1026853	458	7A1	1.284	GCACAA
1026865	64	7A1	1.569	GCACAA
1026907	252	6m	1.328	GCACAA
1026915	52	o6	2.186	CGCACA
1026951	140	7m8	1.425	CGCACA
1026965	384	o6	1.808	CGCACA
1026966	1248	7m8	1.504	GCACAA
1026971	68	8m	2.018	GCACAA
1026974	55	o6	1.891	CGCACA
1026981	70	o6	2.073	CGCACA
1026999	2327	6m	1.356	GCACAA
1027058	589	6m	2.544	GCACAA
1027153	260	o6	1.909	CGCACA
1027168	152	7A1	1.284	GCACAA
1027255	177	7A1	1.447	GCACAA
1027262	73	7m8	1.690	CGCACA
1027287	114	7A1	2.954	GCACAA
1027332	437	7A1	4.132	GCACAA
1027390	386	6m	1.186	GCACAA
1027390	519	7A1	2.520	GCACAA
1027417	483	7A1	2.232	GCACAA
1027608	1502	o6	2.094	CGCACA
1027616	62	7A1	1.606	GCACAA
1027637	1090	7A1	1.583	GCACAA
1027761	227	6m	2.501	GCACAA
1027831	747	6m	2.704	GCACAA
1027912	1072	7A1	1.711	GCACAA
1027938	516	o6	2.314	CGCACA
1027989	407	7A1	1.162	GCACAA
1028007	145	7A1	1.945	GCACAA
1028029	236	6m	1.441	GCACAA
1028106	425	o6	1.782	CGCACA
1028115	771	7m8	2.002	GCACAA
1028230	1317	o6	1.971	CGCACA
1028301	42	o6	2.106	CGCACA
1028326	156	6m	1.266	GCACAA
1028447	1731	o6	2.111	CGCACA
1028486	29	o6	2.538	CGCACA
1028526	101	7m8	1.320	GCACAA
1028648	260	o6	1.169	CGCACA
1028701	42	6m	1.284	GCACAA
1028734	984	6m	1.062	GCACAA
1028734	2525	7A1	2.160	GCACAA
1028734	5401	7A1	3.398	GCACAA
1028755	187	7m8	1.394	CGCACA
1028866	340	7A1	2.588	GCACAA
1028869	272	6m	1.604	GCACAA
1028931	80	o6	2.091	CGCACA
1029003	249	8m	2.015	GCACAA
1029003	564	8m	1.376	CGCACA
1029037	342	o6	3.511	CGCACA
1029069	1613	o6	1.316	CGCACA
1029079	46	7m8	2.742	GCACAA
1029084	33	8m	1.415	CGCACA
1029179	116	7A1	1.891	GCACAA
1029180	803	o6	1.873	CGCACA
1029189	1277	8m	2.069	CGCACA
1029189	1397	7A1	1.534	GCACAA
1029192	1247	6m	1.314	GCACAA
1029246	569	o6	2.442	CGCACA
1029246	584	o6	2.635	CGCACA
1029288	218	7A1	1.032	GCACAA
1029288	334	o6	1.185	CGCACA
1029369	1683	o6	1.053	CGCACA
1029369	2337	6m	2.544	GCACAA
1029384	1239	6m	1.144	GCACAA
1029462	488	o6	2.682	CGCACA
1029462	1019	o6	2.073	CGCACA
1029546	137	7A1	2.026	GCACAA
1029558	344	6m	2.648	GCACAA
1029558	1406	o6	1.147	CGCACA
1029625	208	7A1	1.598	GCACAA
1029685	564	7m8	1.612	CGCACA
1029686	579	7m8	1.751	CGCACA
1029749	1415	6m	1.524	GCACAA
1029749	1923	7A1	3.358	GCACAA
1029846	19	7A1	1.913	GCACAA
1029862	4	7m8	2.807	CGCACA
1029934	811	7m8	1.802	CGCACA
1029955	23	6m	2.854	GCACAA
1030001	79	o6	1.215	CGCACA
1030127	110	7A1	2.120	GCACAA
1030141	219	7A1	2.167	GCACAA
1030335	219	6m	1.965	GCACAA
1030340	668	8m	1.284	CGCACA
1030340	1113	7A1	2.233	GCACAA
1030395	47	o6	1.188	CGCACA
1030451	2048	7m8	1.711	CGCACA
1030477	233	7A1	2.207	GCACAA
1030520	317	7A1	2.477	GCACAA
1030601	262	8m	2.404	CGCACA
1030659	690	7A1	1.965	GCACAA
1030688	265	7A1	2.139	GCACAA
1030692	2528	o6	1.700	CGCACA
1030716	1233	6m	1.965	GCACAA
1030746	190	7A1	2.261	GCACAA
1030767	280	6m	1.287	GCACAA
1030791	49	7A1	1.255	GCACAA
1030882	246	6m	2.898	GCACAA
1031118	4	o6	1.808	CGCACA
1031118	158	6m	2.025	GCACAA
1031118	165	7m8	2.025	CGCACA
1031156	1662	6m	1.690	GCACAA
1031199	2985	6m	2.807	GCACAA
1031227	338	7A1	1.053	GCACAA
1031236	84	o6	1.218	CGCACA
1031245	308	8m	1.320	GCACAA
1031307	2500	7A1	1.290	GCACAA
1031390	4126	6m	2.766	GCACAA
1031390	7200	o6	1.573	CGCACA
1031390	7287	6m	1.088	GCACAA
1031404	28	7A1	2.342	GCACAA
1031480	874	6m	2.742	GCACAA
1031495	671	7m8	2.961	CGCACA
1031498	359	o6	1.652	CGCACA
1031498	371	o6	1.814	CGCACA
1031498	930	8m	1.660	CGCACA
1031541	1619	6m	1.116	GCACAA
1031593	617	8m	2.185	GCACAA
1031616	617	o6	1.055	CGCACA
1031651	40	7A1	2.544	GCACAA
1031657	300	o6	2.940	CGCACA
1031731	326	7A1	1.485	GCACAA
1031755	397	o6	1.577	CGCACA
1031833	534	o6	1.717	CGCACA
1031975	121	8m	1.467	GCACAA
1032040	25	6m	2.783	GCACAA
1032203	317	7A1	1.284	GCACAA
1032265	37	6m	1.123	GCACAA
1032333	1320	6m	2.872	GCACAA
1032333	1668	6m	2.901	GCACAA
1032369	1165	6m	2.219	GCACAA
1032466	40	o6	3.166	CGCACA
1032475	37	o6	1.827	CGCACA
1032498	843	7A1	1.577	GCACAA
1032508	564	6m	3.346	GCACAA
1032519	663	o6	2.475	CGCACA
1032607	264	7m8	1.054	CGCACA
1032607	689	7m8	1.511	CGCACA
1032607	744	7A1	1.689	GCACAA
1032616	1676	8m	2.017	CGCACA
1032617	0	6m	3.187	GCACAA
1032622	637	o6	1.613	CGCACA
1032622	1168	o6	2.103	CGCACA
1032631	397	6m	2.062	GCACAA
1032670	100	o6	2.327	CGCACA
1032799	58	o6	1.126	CGCACA
1032822	3200	8m	1.114	CGCACA
1032840	160	o6	1.588	CGCACA
1032855	705	o6	1.328	CGCACA
1032858	592	o6	1.328	CGCACA
1032861	485	o6	1.328	CGCACA
1032864	297	o6	1.328	CGCACA
1032880	291	6m	1.327	GCACAA
1032884	1296	7A1	2.713	GCACAA
1032929	83	6m	1.241	GCACAA
1033008	2421	8m	2.588	CGCACA
1033008	2544	7A1	2.178	GCACAA
1033028	906	7m8	1.169	GCACAA
1033046	165	6m	1.720	GCACAA
1033046	1308	6m	1.396	GCACAA
1033047	389	o6	1.709	CGCACA
1033082	185	8m	2.384	CGCACA
1033160	1012	7m8	1.183	GCACAA
1033187	525	6m	2.291	GCACAA
1033193	1670	6m	2.328	GCACAA
1033199	281	6m	1.923	GCACAA
1033202	763	6m	1.923	GCACAA
1033235	36	7m8	2.080	CGCACA
1033250	58	7A1	2.175	GCACAA
1033250	69	o6	1.942	CGCACA
1033250	120	6m	1.897	GCACAA
1033250	1118	6m	1.992	GCACAA
1033250	1163	6m	1.688	GCACAA
1033281	664	7A1	2.098	GCACAA
1033293	405	o6	2.312	CGCACA
1033328	633	o6	3.385	CGCACA
1033328	1369	6m	1.284	GCACAA
1033362	683	6m	2.026	GCACAA
1033362	2591	o6	1.829	CGCACA
1033378	229	6m	1.251	GCACAA
1033390	44	6m	2.544	GCACAA
1033425	1174	o6	1.324	CGCACA
1033469	682	7A1	2.465	GCACAA
1033469	984	6m	2.349	GCACAA
1033527	299	7A1	2.530	GCACAA
1033535	462	o6	1.457	CGCACA
1033565	1452	6m	2.613	GCACAA
1033565	2442	6m	3.335	GCACAA
1033571	5567	7A1	1.322	GCACAA
1033598	2646	6m	1.053	GCACAA
1033601	2341	o6	1.470	CGCACA
1033602	1671	6m	2.074	GCACAA
1033616	144	6m	2.363	GCACAA
1033616	746	7A1	1.842	GCACAA
1033658	333	o6	1.271	CGCACA
1033691	24	7m8	2.027	CGCACA
1033721	66	7A1	1.681	GCACAA
1033742	388	o6	1.785	CGCACA
1033751	806	6m	1.990	GCACAA
1033751	1736	7A1	1.291	GCACAA
1033754	435	6m	1.990	GCACAA
1033754	1365	7A1	1.291	GCACAA
1033757	784	7A1	1.291	GCACAA
1033760	388	7A1	1.546	GCACAA
1033766	725	6m	1.159	GCACAA
1033795	881	6m	2.399	GCACAA
1033824	826	o6	1.996	CGCACA
1033827	173	6m	2.199	GCACAA
1033865	3	6m	2.301	GCACAA
1033865	95	7A1	2.237	GCACAA
1033882	39	6m	1.869	GCACAA
1033883	1058	o6	2.377	CGCACA
1033883	1064	o6	2.377	CGCACA
1033894	248	6m	2.605	GCACAA
1033925	157	6m	2.673	GCACAA
1033948	690	o6	2.644	CGCACA
1033971	963	7A1	3.026	GCACAA
1034004	1157	7A1	2.119	GCACAA
1034028	62	7m8	1.926	CGCACA
1034047	424	o6	3.668	CGCACA
1034074	100	o6	1.796	CGCACA
1034077	57	6m	1.612	GCACAA
1034089	162	7A1	1.321	GCACAA
1034202	197	7A1	1.336	GCACAA
1034235	126	6m	1.945	GCACAA
1034239	104	o6	1.930	CGCACA
1034247	1387	7A1	1.606	GCACAA
1034296	369	o6	1.952	CGCACA
1034304	145	o6	2.503	CGCACA
1034304	2608	7A1	2.178	GCACAA
1034308	376	o6	1.871	CGCACA
1034316	1629	7A1	2.016	GCACAA
1034337	343	o6	2.226	CGCACA
1034340	737	6m	1.447	GCACAA
1034340	1008	o6	2.321	CGCACA
1034347	46	7A1	2.288	GCACAA
1034406	783	o6	2.065	CGCACA
1034427	115	7m8	2.403	CGCACA
1034427	242	o6	1.048	CGCACA
1034448	612	7m8	2.065	CGCACA
1034472	25	8m	1.360	CGCACA
1034481	641	7A1	2.518	GCACAA
1034505	43	6m	1.186	GCACAA
1034521	48	7m8	2.370	GCACAA
1034536	289	7A1	1.138	GCACAA
1034545	1091	6m	3.108	GCACAA
1034548	54	6m	1.560	GCACAA
1034565	1801	o6	1.508	CGCACA
1034569	3661	o6	1.624	CGCACA
1034589	127	7m8	2.178	CGCACA
1034620	355	6m	2.073	GCACAA
1034620	489	o6	1.434	CGCACA
1034690	642	o6	1.356	CGCACA
1034690	1303	7A1	1.897	GCACAA
1034718	127	7A1	1.828	GCACAA
1034739	643	o6	1.315	CGCACA
1034744	444	o6	1.228	CGCACA
1034766	802	6m	1.262	GCACAA
1034766	822	6m	2.007	GCACAA
1034784	35	o6	2.062	CGCACA
1034842	34	7A1	1.894	GCACAA
1034909	330	o6	1.335	CGCACA
1034995	1332	7A1	3.399	GCACAA
1034995	2478	8m	1.247	GCACAA
1034995	4716	7A1	1.434	GCACAA
1035010	3697	o6	2.129	CGCACA
1035015	1094	o6	1.759	CGCACA
1035040	2553	6m	2.730	GCACAA
1035043	1829	7A1	2.086	GCACAA
1035093	1598	6m	3.649	GCACAA
1035192	52	o6	2.992	CGCACA
1035198	844	7A1	1.569	GCACAA
1035213	327	7A1	1.101	GCACAA
1035248	710	6m	1.588	GCACAA
1035276	507	o6	2.031	CGCACA
1035276	694	o6	1.361	CGCACA
1035276	823	6m	1.361	GCACAA
1035314	685	7A1	1.208	GCACAA
1035314	977	7A1	1.819	GCACAA
1035315	138	6m	1.560	GCACAA
1035323	315	7A1	1.222	GCACAA
1035372	206	o6	1.044	CGCACA
1035536	193	7A1	2.152	GCACAA
1035561	583	6m	2.383	GCACAA
1035569	10540	6m	1.657	GCACAA
1035569	17474	7A1	1.600	GCACAA
1035582	672	7m8	1.438	CGCACA
1035594	111	o6	1.064	CGCACA
1035602	371	o6	1.868	CGCACA
1035602	1429	o6	1.024	CGCACA
1035692	943	6m	1.470	GCACAA
1035719	781	o6	1.391	CGCACA
1035720	59	o6	2.321	CGCACA
1035755	28	6m	1.380	GCACAA
1035762	678	o6	1.380	CGCACA
1035768	2330	7m8	2.065	CGCACA
1035783	3032	6m	1.906	GCACAA
1035786	250	o6	2.132	CGCACA
1035798	659	6m	1.556	GCACAA
1035816	84	o6	3.338	CGCACA
1035828	394	8m	2.011	CGCACA
1035836	493	o6	3.685	CGCACA
1035945	533	7m8	1.292	CGCACA
1035993	688	7A1	2.854	GCACAA
1036118	21	6m	1.960	GCACAA
1036127	8383	6m	2.192	GCACAA
1036127	10588	7m8	2.925	CGCACA
1036128	50	o6	1.029	CGCACA
1036170	737	8m	2.446	CGCACA
1036170	1101	o6	1.320	CGCACA
1036283	578	7A1	2.864	GCACAA
1036299	494	8m	2.617	CGCACA
1036299	526	7m8	1.705	CGCACA
1036328	170	o6	1.348	CGCACA
1036328	943	o6	1.122	CGCACA
1036340	8	7m8	2.749	GCACAA
1036343	1591	7A1	2.966	GCACAA
1036367	129	7A1	3.011	GCACAA
1036396	103	8m	1.995	GCACAA
1036405	1196	o6	1.351	CGCACA
1036420	133	6m	1.857	GCACAA
1036449	964	6m	1.446	GCACAA
1036462	472	o6	1.548	CGCACA
1036568	3754	7m8	2.005	CGCACA
1036568	4338	o6	1.041	CGCACA
1036598	269	o6	1.959	CGCACA
1036676	841	o6	1.328	CGCACA
1036686	363	8m	2.302	CGCACA
1036727	336	6m	1.633	GCACAA
1036787	228	o6	1.146	CGCACA
1036814	458	o6	1.126	CGCACA
1036909	356	o6	2.282	CGCACA
1036950	65	6m	1.633	GCACAA
1036973	224	7m8	1.359	CGCACA
1036995	103	o6	2.609	CGCACA
1037028	448	6m	2.007	GCACAA
1037031	633	7A1	1.664	GCACAA
1037067	647	o6	2.067	CGCACA
1037134	80	o6	2.338	CGCACA
1037164	449	6m	1.405	GCACAA
1037191	918	6m	1.672	GCACAA
1037291	220	6m	1.849	GCACAA
1037333	1839	7A1	4.346	GCACAA
1037333	1907	o6	1.667	CGCACA
1037386	684	8m	1.131	CGCACA
1037386	984	o6	1.769	CGCACA
1037414	60	6m	3.139	GCACAA
1037494	1019	7A1	2.216	GCACAA
1037515	263	7A1	1.081	GCACAA
1037537	67	8m	2.867	CGCACA
1037691	498	o6	1.170	CGCACA
1037702	201	o6	1.750	CGCACA
1037705	934	6m	3.010	GCACAA
1037745	141	7A1	1.087	GCACAA
1037753	730	7m8	1.319	CGCACA
1037845	1324	6m	2.174	GCACAA
1037971	178	6m	1.468	GCACAA
1037982	75	o6	1.632	CGCACA
1037992	847	8m	2.446	CGCACA
1038013	246	o6	2.088	CGCACA
1038013	395	6m	1.441	GCACAA
1038021	356	8m	2.286	GCACAA
1038127	992	o6	2.391	CGCACA
1038214	1818	o6	1.328	CGCACA
1038293	1913	o6	2.037	CGCACA
1038293	3173	o6	2.235	CGCACA
1038312	1347	7A1	1.042	GCACAA
1038363	71	o6	1.966	CGCACA
1038416	193	6m	2.321	GCACAA
1038426	403	7A1	2.502	GCACAA
1038440	1470	o6	1.634	CGCACA
1038484	109	7m8	1.560	CGCACA
1038484	124	o6	1.318	CGCACA
1038626	264	o6	2.776	CGCACA
1038640	840	6m	1.490	GCACAA
1038652	355	7m8	1.690	CGCACA
1038670	1266	7A1	2.530	GCACAA
1038752	1031	o6	2.197	CGCACA
1038808	78	6m	1.560	GCACAA
1038817	183	7m8	1.560	CGCACA
1038817	279	7m8	1.162	CGCACA
1038833	953	7A1	1.682	GCACAA
1038841	689	7A1	1.690	GCACAA
1038867	609	7A1	2.377	GCACAA
1038930	398	7A1	1.065	GCACAA
1038960	580	8m	1.466	GCACAA
1038977	35	o6	2.368	CGCACA
1039007	802	7A1	2.067	GCACAA
1039073	205	6m	2.840	GCACAA
1039114	1119	o6	2.925	CGCACA
1039199	309	o6	1.303	CGCACA
1039199	1069	o6	1.928	CGCACA
1039202	531	o6	1.368	CGCACA
1039202	1613	6m	1.389	GCACAA
1039202	2198	7A1	1.924	GCACAA
1039285	1258	o6	3.620	CGCACA
1039285	1807	6m	1.486	GCACAA
1039285	2210	o6	1.286	CGCACA
1039285	2224	o6	1.148	CGCACA
1039422	1264	o6	1.509	CGCACA
1039497	991	6m	1.303	GCACAA
1039502	1754	6m	2.214	GCACAA
1039502	2398	6m	1.135	GCACAA
1039502	3840	o6	1.066	CGCACA
1039502	5142	7A1	2.508	GCACAA
1039502	5821	7A1	2.087	GCACAA
1039556	672	o6	2.807	CGCACA
1039563	3496	o6	1.598	CGCACA
1039563	4112	7A1	1.598	GCACAA
1039578	1435	6m	2.126	GCACAA
1039578	2808	6m	2.366	GCACAA
1039578	2856	7A1	1.683	GCACAA
1039703	213	o6	1.073	CGCACA
1039711	387	o6	1.891	CGCACA
1039764	2202	7m8	1.073	CGCACA
1039797	2249	7A1	1.469	GCACAA
1039805	1421	o6	1.481	CGCACA
1039820	354	7A1	2.022	GCACAA
1039831	1946	8m	2.612	CGCACA
1039853	6256	o6	2.073	CGCACA
1039853	6429	6m	1.690	GCACAA
1039865	323	7A1	1.327	GCACAA
1039911	1086	7m8	2.776	CGCACA
1039920	1239	6m	3.015	GCACAA
1039935	14	7m8	1.009	CGCACA
1039949	3045	7A1	1.524	GCACAA
1039959	1460	8m	3.272	GCACAA
1039971	313	6m	2.252	GCACAA
1039996	673	7A1	1.288	GCACAA
1039999	451	6m	1.174	GCACAA
1040012	2326	6m	1.699	GCACAA
1040019	159	o6	1.310	CGCACA
1040048	1105	6m	1.988	GCACAA
1040049	2672	7m8	1.571	CGCACA
1040058	1440	7A1	2.635	GCACAA
1040070	164	6m	1.270	GCACAA
1040070	2424	7m8	2.580	GCACAA
1040135	1195	6m	1.201	GCACAA
1040165	1196	6m	2.073	GCACAA
1040183	704	6m	1.108	GCACAA
1040202	1199	o6	1.856	CGCACA
1040237	645	7A1	2.992	GCACAA
1040283	4954	6m	1.606	GCACAA
1040304	1906	7A1	2.763	GCACAA
1040318	773	6m	2.076	GCACAA
1040318	2216	7A1	1.086	GCACAA
1040325	424	6m	2.670	GCACAA
1040337	2197	7m8	3.585	CGCACA
1040352	2460	6m	1.949	GCACAA
1040392	14	6m	3.084	GCACAA
1040434	3022	6m	1.468	GCACAA
1040506	203	o6	1.461	CGCACA
1040560	974	6m	1.737	GCACAA
1040584	55	o6	2.576	CGCACA
1040590	358	6m	1.350	GCACAA
1040590	6114	o6	1.185	CGCACA
1040590	7194	7A1	2.375	GCACAA
1040635	5571	o6	1.701	CGCACA
1040658	49	o6	1.383	CGCACA
