1000038	34	6m	3.232	CCAAAG
1000048	923	o6	2.723	ACCAAA
1000054	9	o6	2.343	ACCAAA
1000066	3032	o6	2.015	ACCAAA
1000069	1473	o6	2.255	ACCAAA
1000069	1629	o6	2.449	ACCAAA
1000077	190	o6	2.573	ACCAAA
1000084	179	o6	1.846	ACCAAA
1000141	24	o6	3.221	ACCAAA
1000150	113	6m	2.544	CCAAAG
1000176	224	o6	1.563	ACCAAA
1000176	738	7m8	2.040	ACCAAA
1000195	328	o6	1.971	ACCAAA
1000227	50	o6	2.699	ACCAAA
1000228	14	6m	1.764	CCAAAG
1000245	303	o6	1.246	ACCAAA
1000249	327	o6	1.040	ACCAAA
1000261	727	o6	1.618	ACCAAA
1000261	742	o6	1.495	ACCAAA
1000264	134	o6	2.005	ACCAAA
1000264	916	6m	3.608	CCAAAG
1000278	60	o6	1.711	ACCAAA
1000320	1098	o6	2.492	ACCAAA
1000321	249	6m	2.179	CCAAAG
1000321	467	o6	1.116	ACCAAA
1000327	77	8m	2.363	ACCAAA
1000327	149	o6	1.904	ACCAAA
1000339	75	7A1	2.514	CCAAAG
1000360	808	o6	2.660	ACCAAA
1000360	1412	o6	2.064	ACCAAA
1000360	1748	o6	3.034	ACCAAA
1000380	68	o6	1.082	ACCAAA
1000380	208	o6	2.313	ACCAAA
1000386	1165	o6	1.887	ACCAAA
1000386	1284	o6	1.089	ACCAAA
1000386	1733	o6	1.737	ACCAAA
1000421	293	6m	3.034	CCAAAG
1000436	548	o6	1.284	ACCAAA
1000443	60	8m	2.056	ACCAAA
1000443	893	o6	1.025	ACCAAA
1000443	912	o6	1.027	ACCAAA
1000443	1845	o6	1.040	ACCAAA
1000443	2460	o6	2.390	ACCAAA
1000443	3598	o6	1.731	ACCAAA
1000478	901	o6	2.945	ACCAAA
1000493	4245	o6	1.051	ACCAAA
1000493	4735	o6	1.369	ACCAAA
1000541	512	7m8	1.650	CCAAAG
1000553	23	o6	2.060	ACCAAA
1000553	377	7m8	2.592	ACCAAA
1000568	454	8m	1.787	ACCAAA
1000575	154	6m	1.606	CCAAAG
1000580	1169	o6	1.076	ACCAAA
1000587	457	6m	1.745	CCAAAG
1000605	541	o6	2.053	ACCAAA
1000631	938	o6	1.124	ACCAAA
1000665	329	o6	1.690	ACCAAA
1000706	1025	o6	1.448	ACCAAA
1000734	94	6m	1.998	CCAAAG
1000734	752	o6	3.027	ACCAAA
1000748	108	o6	1.886	ACCAAA
1000761	167	6m	3.647	CCAAAG
1000779	2150	o6	2.384	ACCAAA
1000779	3274	o6	1.950	ACCAAA
1000784	617	o6	1.027	ACCAAA
1000824	35	o6	1.235	ACCAAA
1000824	1603	8m	2.799	ACCAAA
1000835	678	o6	3.429	ACCAAA
1000845	177	8m	2.026	ACCAAA
1000845	495	7m8	2.350	ACCAAA
1000845	759	7A1	2.350	CCAAAG
1000863	295	7m8	2.544	ACCAAA
1000869	598	o6	1.045	ACCAAA
1000880	575	o6	1.606	ACCAAA
1000890	22	6m	1.981	CCAAAG
1000896	96	o6	1.473	ACCAAA
1000896	202	o6	1.542	ACCAAA
1000896	314	o6	2.674	ACCAAA
1000928	798	7A1	1.245	CCAAAG
1000947	128	6m	1.312	CCAAAG
1000947	162	o6	1.940	ACCAAA
1000947	313	o6	1.254	ACCAAA
1000956	489	o6	1.589	ACCAAA
1001015	964	6m	1.010	CCAAAG
1001024	447	o6	1.414	ACCAAA
1001024	980	o6	1.068	ACCAAA
1001030	1134	o6	1.984	ACCAAA
1001037	65	o6	3.679	ACCAAA
1001083	1093	o6	1.378	ACCAAA
1001090	78	o6	1.322	ACCAAA
1001090	1422	7A1	2.206	CCAAAG
1001116	827	o6	2.544	ACCAAA
1001158	13	o6	1.502	ACCAAA
1001158	54	o6	2.377	ACCAAA
1001182	121	7A1	2.872	CCAAAG
1001217	227	7m8	2.939	ACCAAA
1001271	390	o6	2.276	ACCAAA
1001285	117	o6	1.623	ACCAAA
1001294	182	o6	1.606	ACCAAA
1001295	523	o6	2.141	ACCAAA
1001315	146	6m	1.340	CCAAAG
1001369	42	o6	1.647	ACCAAA
1001402	38	8m	3.366	CCAAAG
1001408	194	8m	1.918	ACCAAA
1001412	233	o6	1.667	ACCAAA
1001423	635	o6	1.851	ACCAAA
1001440	816	7A1	1.973	CCAAAG
1001440	1430	7m8	2.533	ACCAAA
1001440	1451	o6	2.235	ACCAAA
1001440	1655	o6	1.239	ACCAAA
1001451	422	o6	2.900	ACCAAA
1001487	28	o6	2.648	ACCAAA
1001497	66	o6	2.323	ACCAAA
1001533	3545	o6	1.241	ACCAAA
1001533	4397	o6	1.137	ACCAAA
1001533	4658	o6	1.563	ACCAAA
1001533	5246	o6	1.048	ACCAAA
1001574	386	o6	1.512	ACCAAA
1001578	1496	o6	1.195	ACCAAA
1001593	49	o6	2.228	ACCAAA
1001593	71	o6	1.553	ACCAAA
1001601	1015	o6	1.511	ACCAAA
1001601	1055	o6	1.687	ACCAAA
1001601	4101	o6	1.378	ACCAAA
1001604	32	o6	1.606	ACCAAA
1001620	750	o6	1.039	ACCAAA
1001629	138	o6	2.076	ACCAAA
1001661	273	o6	1.316	ACCAAA
1001667	33	8m	2.170	ACCAAA
1001680	150	o6	2.184	ACCAAA
1001683	211	6m	1.264	CCAAAG
1001689	1012	o6	2.544	ACCAAA
1001735	105	o6	1.660	ACCAAA
1001748	309	6m	2.065	CCAAAG
1001813	30	6m	1.153	CCAAAG
1001861	103	7m8	1.540	ACCAAA
1001861	139	7m8	1.808	ACCAAA
1001862	13	8m	2.025	ACCAAA
1001862	544	6m	1.284	CCAAAG
1001862	704	o6	1.606	ACCAAA
1001862	720	o6	2.694	ACCAAA
1001862	1232	6m	2.694	CCAAAG
1001862	1240	o6	2.027	ACCAAA
1001891	406	6m	1.198	CCAAAG
1001906	1062	7m8	1.948	ACCAAA
1001916	111	o6	2.348	ACCAAA
1001937	3196	o6	1.413	ACCAAA
1001937	3405	o6	1.329	ACCAAA
1001960	406	o6	1.284	ACCAAA
1002008	97	o6	1.302	ACCAAA
1002017	686	o6	1.248	ACCAAA
1002017	712	6m	1.606	CCAAAG
1002017	731	7m8	2.010	ACCAAA
1002080	1236	o6	1.852	ACCAAA
1002081	50	o6	1.606	ACCAAA
1002149	44	7A1	1.981	CCAAAG
1002155	970	o6	1.464	ACCAAA
1002182	492	6m	1.976	CCAAAG
1002182	1800	6m	1.284	CCAAAG
1002192	51	o6	1.951	ACCAAA
1002203	14	6m	2.493	CCAAAG
1002236	372	o6	1.771	ACCAAA
1002281	47	7A1	2.015	CCAAAG
1002293	28	6m	1.343	CCAAAG
1002308	198	8m	1.151	CCAAAG
1002326	55	6m	2.065	CCAAAG
1002340	10	o6	1.926	ACCAAA
1002374	112	7A1	1.980	CCAAAG
1002404	996	o6	1.745	ACCAAA
1002415	80	o6	1.560	ACCAAA
1002478	70	o6	1.258	ACCAAA
1002521	65	o6	1.791	ACCAAA
1002578	877	7A1	1.718	CCAAAG
1002583	2	7m8	1.714	CCAAAG
1002595	944	o6	1.099	ACCAAA
1002595	1073	7A1	2.082	CCAAAG
1002679	55	o6	3.538	ACCAAA
1002688	132	o6	1.321	ACCAAA
1002695	674	o6	1.585	ACCAAA
1002731	141	o6	2.173	ACCAAA
1002731	185	o6	1.591	ACCAAA
1002731	306	o6	2.523	ACCAAA
1002731	409	o6	1.127	ACCAAA
1002731	570	o6	1.076	ACCAAA
1002731	816	8m	1.316	ACCAAA
1002767	476	7m8	1.682	ACCAAA
1002772	27	6m	1.189	CCAAAG
1002785	89	7m8	1.579	CCAAAG
1002797	97	o6	2.001	ACCAAA
1002797	288	o6	1.978	ACCAAA
1002815	686	6m	2.221	CCAAAG
1002818	432	o6	1.786	ACCAAA
1002826	1621	o6	1.373	ACCAAA
1002826	1911	o6	2.070	ACCAAA
1002826	2144	7A1	1.015	CCAAAG
1002830	872	o6	1.982	ACCAAA
1002842	101	8m	3.407	ACCAAA
1002842	367	o6	3.167	ACCAAA
1002854	1	8m	1.032	ACCAAA
1002878	316	7m8	1.840	ACCAAA
1002943	13	8m	2.404	CCAAAG
1002978	328	7m8	1.747	ACCAAA
1003015	598	o6	1.649	ACCAAA
1003039	51	o6	3.937	ACCAAA
1003084	306	7m8	1.414	ACCAAA
1003108	424	o6	1.110	ACCAAA
1003128	0	o6	1.376	ACCAAA
1003140	543	o6	1.579	ACCAAA
1003143	538	o6	1.932	ACCAAA
1003178	400	7A1	1.445	CCAAAG
1003184	794	7m8	1.211	CCAAAG
1003233	45	o6	1.446	ACCAAA
1003236	381	o6	1.368	ACCAAA
1003257	243	o6	2.076	ACCAAA
1003263	426	6m	3.867	CCAAAG
1003297	1053	o6	1.916	ACCAAA
1003393	195	o6	2.974	ACCAAA
1003417	419	6m	1.180	CCAAAG
1003424	740	7A1	1.851	CCAAAG
1003495	211	o6	1.573	ACCAAA
1003505	180	o6	1.090	ACCAAA
1003612	117	7A1	3.603	CCAAAG
1003631	287	o6	1.362	ACCAAA
1003631	1878	o6	1.814	ACCAAA
1003640	222	o6	1.864	ACCAAA
1003660	528	6m	1.700	CCAAAG
1003660	618	o6	1.839	ACCAAA
1003675	250	7A1	1.690	CCAAAG
1003683	260	o6	2.888	ACCAAA
1003762	54	o6	1.319	ACCAAA
1003776	191	o6	1.731	ACCAAA
1003788	18	o6	1.330	ACCAAA
1003800	659	6m	1.084	CCAAAG
1003821	24	7m8	1.690	ACCAAA
1003945	616	o6	1.194	ACCAAA
1003975	68	o6	2.433	ACCAAA
1003984	73	o6	1.654	ACCAAA
1003999	1289	o6	1.704	ACCAAA
1004022	7	o6	1.156	ACCAAA
1004023	82	8m	3.649	ACCAAA
1004043	617	6m	1.718	CCAAAG
1004092	47	o6	2.065	ACCAAA
1004107	70	o6	3.341	ACCAAA
1004119	413	o6	1.632	ACCAAA
1004122	502	o6	1.059	ACCAAA
1004145	69	6m	2.477	CCAAAG
1004287	410	o6	1.429	ACCAAA
1004299	163	7A1	2.427	CCAAAG
1004299	324	o6	1.238	ACCAAA
1004299	782	7m8	1.034	ACCAAA
1004389	54	6m	1.437	CCAAAG
1004389	61	7A1	1.437	CCAAAG
1004437	661	7m8	1.982	ACCAAA
1004437	1975	o6	1.049	ACCAAA
1004446	35	8m	1.855	ACCAAA
1004463	73	7m8	1.321	ACCAAA
1004463	258	o6	1.065	ACCAAA
1004463	659	o6	1.086	ACCAAA
1004463	3523	7A1	2.876	CCAAAG
1004463	3546	8m	1.606	ACCAAA
1004463	3894	o6	1.936	ACCAAA
1004502	233	o6	2.540	ACCAAA
1004503	972	o6	1.606	ACCAAA
1004503	1112	6m	2.025	CCAAAG
1004512	224	o6	2.026	ACCAAA
1004606	112	o6	1.327	ACCAAA
1004712	203	7m8	1.373	ACCAAA
1004718	22	7m8	1.587	ACCAAA
1004724	361	o6	1.535	ACCAAA
1004843	155	o6	1.322	ACCAAA
1004843	179	7A1	1.297	CCAAAG
1004898	182	7A1	1.606	CCAAAG
1004948	35	o6	1.283	ACCAAA
1005023	74	o6	1.999	ACCAAA
1005049	604	o6	2.660	ACCAAA
1005049	758	o6	1.284	ACCAAA
1005108	324	o6	1.447	ACCAAA
1005120	232	8m	2.592	ACCAAA
1005253	484	6m	3.032	CCAAAG
1005349	2633	o6	2.199	ACCAAA
1005352	2580	o6	1.151	ACCAAA
1005358	76	o6	2.321	ACCAAA
1005358	2023	o6	1.120	ACCAAA
1005364	9	o6	1.606	ACCAAA
1005374	39	o6	2.073	ACCAAA
1005407	58	7A1	2.400	CCAAAG
1005407	125	7m8	2.400	CCAAAG
1005449	151	7m8	2.149	ACCAAA
1005449	595	o6	1.366	ACCAAA
1005462	90	7A1	1.709	CCAAAG
1005479	126	o6	1.411	ACCAAA
1005507	498	o6	2.342	ACCAAA
1005507	510	o6	2.342	ACCAAA
1005538	14	o6	1.920	ACCAAA
1005550	110	7A1	1.053	CCAAAG
1005550	293	7m8	1.304	ACCAAA
1005557	1172	6m	2.489	CCAAAG
1005557	1202	o6	1.825	ACCAAA
1005646	1677	7m8	1.434	ACCAAA
1005646	2564	o6	1.081	ACCAAA
1005646	2716	o6	2.066	ACCAAA
1005646	4472	o6	1.030	ACCAAA
1005653	128	6m	1.606	CCAAAG
1005674	352	7m8	1.448	ACCAAA
1005697	66	o6	1.994	ACCAAA
1005701	34	o6	1.212	ACCAAA
1005715	399	o6	2.544	ACCAAA
1005752	230	o6	1.975	ACCAAA
1005752	2070	8m	1.606	ACCAAA
1005752	2369	o6	1.240	ACCAAA
1005752	2563	o6	1.453	ACCAAA
1005903	558	6m	1.970	CCAAAG
1005973	66	o6	3.511	ACCAAA
1005984	296	7m8	1.086	ACCAAA
1006012	357	o6	1.389	ACCAAA
1006056	66	7m8	1.294	CCAAAG
1006131	613	6m	1.002	CCAAAG
1006137	1007	6m	1.038	CCAAAG
1006548	853	7A1	2.218	CCAAAG
1006599	252	7A1	2.394	CCAAAG
1006608	91	7m8	3.177	ACCAAA
1006699	595	o6	2.025	ACCAAA
1006699	766	o6	2.025	ACCAAA
1006707	1661	o6	2.262	ACCAAA
1006707	1941	o6	2.187	ACCAAA
1006726	1014	o6	2.534	ACCAAA
1006726	1299	o6	2.025	ACCAAA
1006734	31	o6	2.380	ACCAAA
1006735	701	7m8	1.132	ACCAAA
1006735	1807	o6	2.178	ACCAAA
1006735	2293	7A1	2.326	CCAAAG
1006738	544	o6	2.494	ACCAAA
1006766	62	7m8	2.449	ACCAAA
1006790	35	o6	2.807	ACCAAA
1006814	38	7A1	1.322	CCAAAG
1006815	696	8m	1.817	ACCAAA
1006875	1734	o6	2.494	ACCAAA
1006890	1854	o6	1.120	ACCAAA
1006920	401	7m8	1.163	ACCAAA
1006940	2752	8m	1.189	ACCAAA
1007004	435	6m	1.315	CCAAAG
1007004	1168	o6	1.053	ACCAAA
1007031	312	o6	1.016	ACCAAA
1007031	604	o6	1.064	ACCAAA
1007050	478	7m8	2.408	ACCAAA
1007053	803	8m	1.990	ACCAAA
1007092	74	o6	1.328	ACCAAA
1007118	123	7m8	1.427	ACCAAA
1007128	49	8m	1.351	CCAAAG
1007172	59	o6	2.279	ACCAAA
1007207	126	o6	1.581	ACCAAA
1007207	432	7A1	2.544	CCAAAG
1007231	1499	o6	1.982	ACCAAA
1007242	1104	o6	1.751	ACCAAA
1007242	1368	7m8	2.643	ACCAAA
1007242	2106	o6	1.354	ACCAAA
1007242	2111	o6	1.354	ACCAAA
1007242	4239	7m8	1.376	ACCAAA
1007242	5580	o6	1.664	ACCAAA
1007264	92	o6	2.726	ACCAAA
1007283	998	o6	1.221	ACCAAA
1007319	126	o6	1.910	ACCAAA
1007340	128	7m8	2.544	ACCAAA
1007340	244	8m	2.544	ACCAAA
1007340	409	6m	2.469	CCAAAG
1007364	440	o6	1.637	ACCAAA
1007364	990	o6	1.493	ACCAAA
1007379	404	6m	1.687	CCAAAG
1007403	163	o6	1.169	ACCAAA
1007427	108	8m	2.289	CCAAAG
1007466	164	o6	3.394	ACCAAA
1007481	675	o6	1.949	ACCAAA
1007502	459	o6	1.816	ACCAAA
1007502	632	o6	1.223	ACCAAA
1007521	403	7m8	2.357	ACCAAA
1007521	890	o6	2.534	ACCAAA
1007521	2577	o6	2.220	ACCAAA
1007521	2731	o6	1.053	ACCAAA
1007530	79	o6	2.467	ACCAAA
1007530	907	7A1	2.032	CCAAAG
1007590	225	o6	2.635	ACCAAA
1007624	724	o6	1.461	ACCAAA
1007624	1230	o6	2.537	ACCAAA
1007629	1181	6m	1.129	CCAAAG
1007637	595	o6	2.178	ACCAAA
1007638	359	o6	2.645	ACCAAA
1007638	835	o6	1.163	ACCAAA
1007647	1415	6m	2.876	CCAAAG
1007673	61	o6	1.390	ACCAAA
1007673	78	7m8	2.317	ACCAAA
1007673	567	7m8	1.481	ACCAAA
1007676	5	o6	1.448	ACCAAA
1007749	1058	o6	1.038	ACCAAA
1007764	523	o6	1.315	ACCAAA
1007797	139	o6	1.623	ACCAAA
1007807	573	o6	1.002	ACCAAA
1007824	446	o6	2.876	ACCAAA
1007840	90	o6	2.276	ACCAAA
1007840	648	o6	2.003	ACCAAA
1007840	1779	o6	1.382	ACCAAA
1007861	563	o6	2.249	ACCAAA
1007869	412	6m	1.039	CCAAAG
1007875	1189	o6	1.737	ACCAAA
1007875	3402	o6	1.156	ACCAAA
1007897	1246	o6	1.047	ACCAAA
1007903	1130	o6	1.992	ACCAAA
1007909	528	o6	1.521	ACCAAA
1007920	575	o6	1.408	ACCAAA
1007932	866	o6	2.433	ACCAAA
1007950	158	o6	1.485	ACCAAA
1007950	245	7A1	2.544	CCAAAG
1007950	687	o6	1.268	ACCAAA
1007950	961	o6	1.392	ACCAAA
1007950	2319	o6	2.214	ACCAAA
1007950	3667	o6	1.527	ACCAAA
1007969	516	o6	1.057	ACCAAA
1007980	2444	7A1	1.600	CCAAAG
1007993	480	o6	1.687	ACCAAA
1007993	711	o6	1.053	ACCAAA
1007993	839	o6	1.322	ACCAAA
1007997	225	o6	1.322	ACCAAA
1007997	959	o6	1.322	ACCAAA
1008003	132	o6	2.235	ACCAAA
1008036	40	o6	1.084	ACCAAA
1008039	225	7A1	1.405	CCAAAG
1008126	765	7A1	2.537	CCAAAG
1008126	857	o6	2.537	ACCAAA
1008129	57	o6	2.814	ACCAAA
1008136	110	6m	1.009	CCAAAG
1008141	79	o6	2.502	ACCAAA
1008145	652	o6	1.053	ACCAAA
1008145	956	o6	2.350	ACCAAA
1008145	8543	o6	1.075	ACCAAA
1008145	9265	o6	2.184	ACCAAA
1008145	11360	8m	1.150	ACCAAA
1008145	12632	o6	1.150	ACCAAA
1008151	1688	o6	2.025	ACCAAA
1008163	48	o6	2.064	ACCAAA
1008183	68	6m	2.377	CCAAAG
1008183	784	o6	2.854	ACCAAA
1008192	722	7A1	2.344	CCAAAG
1008195	176	o6	1.844	ACCAAA
1008198	634	o6	3.092	ACCAAA
1008198	738	o6	1.663	ACCAAA
1008213	1636	o6	2.098	ACCAAA
1008216	128	6m	1.485	CCAAAG
1008225	106	8m	1.150	ACCAAA
1008255	305	o6	1.521	ACCAAA
1008259	1405	o6	1.690	ACCAAA
1008270	50	7m8	3.034	ACCAAA
1008276	197	o6	2.467	ACCAAA
1008279	772	o6	1.810	ACCAAA
1008279	841	o6	1.761	ACCAAA
1008285	368	7A1	1.362	CCAAAG
1008285	905	o6	1.068	ACCAAA
1008286	2167	o6	1.483	ACCAAA
1008291	57	o6	2.226	ACCAAA
1008307	612	7m8	1.028	ACCAAA
1008312	501	6m	1.082	CCAAAG
1008313	440	7A1	3.034	CCAAAG
1008318	257	o6	1.687	ACCAAA
1008331	124	6m	1.180	CCAAAG
1008372	922	6m	2.350	CCAAAG
1008421	357	o6	1.322	ACCAAA
1008421	496	o6	1.455	ACCAAA
1008460	72	o6	2.103	ACCAAA
1008465	70	o6	1.284	ACCAAA
1008472	11	7A1	1.091	CCAAAG
1008510	1016	7m8	2.507	CCAAAG
1008510	1876	o6	1.227	ACCAAA
1008537	698	o6	3.232	ACCAAA
1008557	441	o6	1.073	ACCAAA
1008560	564	o6	1.690	ACCAAA
1008572	789	o6	2.433	ACCAAA
1008573	329	o6	2.434	ACCAAA
1008593	554	o6	1.261	ACCAAA
1008593	680	7m8	1.084	ACCAAA
1008647	285	o6	1.131	ACCAAA
1008650	960	o6	1.300	ACCAAA
1008650	1124	o6	1.284	ACCAAA
1008708	140	o6	1.780	ACCAAA
1008720	100	o6	2.277	ACCAAA
1008755	456	6m	2.700	CCAAAG
1008768	640	o6	2.544	ACCAAA
1008773	87	o6	1.926	ACCAAA
1008789	393	o6	1.592	ACCAAA
1008855	527	o6	1.245	ACCAAA
1008855	539	o6	2.132	ACCAAA
1008866	465	8m	3.124	ACCAAA
1008875	22	7A1	1.573	CCAAAG
1008897	268	o6	1.677	ACCAAA
1008933	763	o6	2.333	ACCAAA
1008966	218	o6	1.721	ACCAAA
1008974	120	7A1	3.224	CCAAAG
1008978	222	o6	1.409	ACCAAA
1008981	797	o6	1.931	ACCAAA
1008981	1096	o6	1.663	ACCAAA
1008989	133	6m	2.962	CCAAAG
1008989	147	o6	2.180	ACCAAA
1008989	916	o6	1.212	ACCAAA
1009037	2747	7A1	2.794	CCAAAG
1009043	730	7m8	1.118	ACCAAA
1009043	1869	o6	1.338	ACCAAA
1009056	391	o6	1.283	ACCAAA
1009153	731	o6	1.142	ACCAAA
1009216	66	7m8	1.906	ACCAAA
1009229	43	7m8	3.198	ACCAAA
1009252	156	o6	1.284	ACCAAA
1009256	1	o6	1.681	ACCAAA
1009297	474	o6	1.846	ACCAAA
1009300	487	o6	1.322	ACCAAA
1009307	39	o6	3.277	ACCAAA
1009352	169	7A1	2.073	CCAAAG
1009352	248	o6	1.690	ACCAAA
1009360	33	o6	2.220	ACCAAA
1009360	601	o6	1.376	ACCAAA
1009369	699	7A1	1.690	CCAAAG
1009385	64	o6	1.282	ACCAAA
1009391	160	o6	1.029	ACCAAA
1009439	281	8m	2.419	ACCAAA
1009464	27	6m	2.606	CCAAAG
1009464	35	o6	2.433	ACCAAA
1009469	1241	o6	1.011	ACCAAA
1009475	318	6m	1.034	CCAAAG
1009500	1742	6m	1.408	CCAAAG
1009503	48	8m	1.825	CCAAAG
1009511	277	6m	2.183	CCAAAG
1009576	966	o6	3.290	ACCAAA
1009576	978	o6	3.827	ACCAAA
1009632	58	o6	2.276	ACCAAA
1009646	89	o6	1.418	ACCAAA
1009714	70	7A1	3.649	CCAAAG
1009732	115	o6	2.902	ACCAAA
1009736	1061	o6	1.674	ACCAAA
1009748	1683	o6	1.244	ACCAAA
1009769	262	o6	1.315	ACCAAA
1009781	574	o6	1.762	ACCAAA
1009841	510	6m	1.131	CCAAAG
1009861	95	o6	1.818	ACCAAA
1009903	20	7A1	2.140	CCAAAG
1009915	37	6m	1.284	CCAAAG
1009927	65	o6	1.093	ACCAAA
1009930	39	o6	3.128	ACCAAA
1009930	515	o6	2.533	ACCAAA
1009930	1099	o6	2.405	ACCAAA
1009948	2170	o6	1.562	ACCAAA
1009954	172	o6	1.235	ACCAAA
1009974	69	8m	2.922	ACCAAA
1009975	258	6m	2.660	CCAAAG
1010050	454	6m	1.198	CCAAAG
1010054	231	o6	1.294	ACCAAA
1010054	612	o6	1.591	ACCAAA
1010054	967	o6	1.575	ACCAAA
1010054	1109	o6	2.211	ACCAAA
1010064	715	o6	1.635	ACCAAA
1010129	65	6m	2.868	CCAAAG
1010129	107	7m8	1.902	ACCAAA
1010201	152	6m	1.578	CCAAAG
1010210	215	6m	2.283	CCAAAG
1010211	287	o6	1.575	ACCAAA
1010232	3300	o6	1.374	ACCAAA
1010237	1896	6m	1.349	CCAAAG
1010238	2927	o6	1.374	ACCAAA
1010249	157	6m	1.560	CCAAAG
1010278	335	7A1	1.649	CCAAAG
1010299	258	o6	1.316	ACCAAA
1010322	222	6m	1.677	CCAAAG
1010332	29	o6	2.071	ACCAAA
1010335	37	o6	2.296	ACCAAA
1010358	606	6m	2.750	CCAAAG
1010365	823	o6	3.864	ACCAAA
1010401	2473	o6	3.076	ACCAAA
1010401	4424	o6	1.047	ACCAAA
1010412	511	6m	1.440	CCAAAG
1010415	147	7A1	1.598	CCAAAG
1010421	332	o6	1.729	ACCAAA
1010483	367	o6	1.488	ACCAAA
1010498	634	o6	1.891	ACCAAA
1010533	705	o6	2.377	ACCAAA
1010533	1301	6m	1.309	CCAAAG
1010590	23	7m8	1.507	ACCAAA
1010649	1168	o6	1.073	ACCAAA
1010658	34	o6	1.627	ACCAAA
1010670	935	o6	1.749	ACCAAA
1010670	1340	o6	1.891	ACCAAA
1010670	1347	o6	1.891	ACCAAA
1010670	1612	o6	2.085	ACCAAA
1010682	263	o6	1.780	ACCAAA
1010682	294	o6	1.825	ACCAAA
1010682	571	o6	1.655	ACCAAA
1010733	46	o6	1.338	ACCAAA
1010737	70	7A1	2.299	CCAAAG
1010764	160	o6	3.101	ACCAAA
1010793	54	o6	1.368	ACCAAA
1010821	35	o6	2.004	ACCAAA
1010846	853	o6	2.203	ACCAAA
1010877	31	6m	1.244	CCAAAG
1010950	1358	6m	1.257	CCAAAG
1010974	129	o6	1.360	ACCAAA
1011036	38	o6	1.361	ACCAAA
1011042	171	o6	2.030	ACCAAA
1011095	521	o6	1.815	ACCAAA
1011161	6	7A1	1.640	CCAAAG
1011173	1	7A1	1.002	CCAAAG
1011207	389	o6	1.815	ACCAAA
1011251	468	o6	2.111	ACCAAA
1011277	1284	7m8	1.687	ACCAAA
1011322	251	o6	1.019	ACCAAA
1011379	328	7m8	2.392	ACCAAA
1011393	223	7A1	1.073	CCAAAG
1011403	33	7m8	1.362	ACCAAA
1011430	1422	o6	1.349	ACCAAA
1011460	40	o6	2.292	ACCAAA
1011464	29	o6	1.234	ACCAAA
1011487	998	8m	1.316	ACCAAA
1011487	1192	o6	1.201	ACCAAA
1011491	1596	7A1	3.232	CCAAAG
1011511	11	o6	2.723	ACCAAA
1011511	41	o6	2.799	ACCAAA
1011515	62	7A1	2.025	CCAAAG
1011607	1716	o6	1.264	ACCAAA
1011679	7	7A1	1.510	CCAAAG
1011686	20	7m8	2.439	ACCAAA
1011695	12	o6	1.505	ACCAAA
1011742	507	o6	1.219	ACCAAA
1011742	585	6m	2.439	CCAAAG
1011746	4	7m8	1.573	CCAAAG
1011790	244	o6	1.687	ACCAAA
1011841	550	7A1	1.405	CCAAAG
1011856	1684	8m	1.322	CCAAAG
1011856	1691	7m8	1.687	ACCAAA
1011859	49	8m	1.606	CCAAAG
1011859	56	7m8	2.025	ACCAAA
1011860	312	7A1	1.158	CCAAAG
1011863	5	o6	1.754	ACCAAA
1011941	63	o6	1.079	ACCAAA
1012033	217	o6	2.608	ACCAAA
1012039	107	o6	1.966	ACCAAA
1012074	2	7m8	1.718	ACCAAA
1012093	107	o6	2.061	ACCAAA
1012136	219	6m	2.433	CCAAAG
1012208	56	o6	2.621	ACCAAA
1012216	230	o6	1.690	ACCAAA
1012262	1041	o6	2.749	ACCAAA
1012308	163	o6	2.232	ACCAAA
1012317	0	o6	1.284	ACCAAA
1012383	69	o6	2.683	ACCAAA
1012398	114	8m	3.034	ACCAAA
1012425	428	o6	1.320	ACCAAA
1012513	95	7A1	3.034	CCAAAG
1012533	130	o6	1.690	ACCAAA
1012533	150	o6	1.744	ACCAAA
1012554	38	o6	1.312	ACCAAA
1012558	7	o6	1.633	ACCAAA
1012558	26	o6	1.706	ACCAAA
1012609	28	7A1	3.349	CCAAAG
1012636	38	o6	1.467	ACCAAA
1012636	70	7m8	2.632	ACCAAA
1012642	157	o6	2.232	ACCAAA
1012671	122	7A1	2.202	CCAAAG
1012740	432	7m8	3.649	ACCAAA
1012743	38	8m	1.606	ACCAAA
1012743	777	8m	2.025	ACCAAA
1012754	644	7m8	2.726	ACCAAA
1012755	151	7m8	2.360	ACCAAA
1012776	632	o6	1.278	ACCAAA
1012776	1361	o6	1.408	ACCAAA
1012797	865	7A1	1.187	CCAAAG
1012905	59	7m8	2.350	ACCAAA
1013059	1	7A1	2.431	CCAAAG
1013068	62	o6	2.533	ACCAAA
1013068	374	o6	1.567	ACCAAA
1013068	388	6m	2.073	CCAAAG
1013109	158	o6	2.424	ACCAAA
1013135	2	8m	1.487	CCAAAG
1013136	151	o6	1.284	ACCAAA
1013141	148	o6	3.475	ACCAAA
1013193	24	o6	1.502	ACCAAA
1013306	765	o6	1.745	ACCAAA
1013383	444	o6	1.284	ACCAAA
1013398	331	o6	3.287	ACCAAA
1013443	1205	o6	1.093	ACCAAA
1013467	182	6m	1.082	CCAAAG
1013467	293	6m	1.322	CCAAAG
1013467	423	o6	1.205	ACCAAA
1013584	100	8m	2.882	ACCAAA
1013591	443	7m8	2.723	ACCAAA
1013643	783	6m	1.555	CCAAAG
1013670	472	o6	1.606	ACCAAA
1013670	813	o6	1.091	ACCAAA
1013670	1412	o6	2.588	ACCAAA
1013676	1188	o6	1.647	ACCAAA
1013682	176	6m	2.073	CCAAAG
1013682	235	o6	2.073	ACCAAA
1013687	220	o6	1.355	ACCAAA
1013719	113	6m	3.299	CCAAAG
1013772	219	7A1	1.690	CCAAAG
1013781	403	7A1	2.539	CCAAAG
1013782	48	7m8	2.544	ACCAAA
1013802	35	o6	1.980	ACCAAA
1013802	342	o6	1.008	ACCAAA
1013879	27	8m	3.857	ACCAAA
1013879	35	6m	2.227	CCAAAG
1013902	46	6m	2.366	CCAAAG
1013957	478	o6	1.140	ACCAAA
1014066	32	o6	1.396	ACCAAA
1014183	1727	8m	1.010	ACCAAA
1014198	968	o6	2.214	ACCAAA
1014235	686	o6	1.227	ACCAAA
1014265	425	6m	1.953	CCAAAG
1014265	630	o6	1.015	ACCAAA
1014295	1496	7m8	2.660	ACCAAA
1014300	762	o6	2.375	ACCAAA
1014342	233	o6	3.751	ACCAAA
1014349	117	o6	3.182	ACCAAA
1014349	209	o6	1.930	ACCAAA
1014358	1324	o6	2.046	ACCAAA
1014411	50	7A1	3.657	CCAAAG
1014418	2376	6m	1.284	CCAAAG
1014418	2499	o6	1.211	ACCAAA
1014436	49	o6	2.524	ACCAAA
1014436	90	o6	1.767	ACCAAA
1014447	205	7A1	1.679	CCAAAG
1014447	545	o6	2.061	ACCAAA
1014448	341	o6	1.149	ACCAAA
1014464	898	7m8	2.473	ACCAAA
1014464	1409	6m	2.847	CCAAAG
1014473	1240	o6	1.071	ACCAAA
1014473	1885	o6	1.522	ACCAAA
1014480	35	6m	2.184	CCAAAG
1014480	43	o6	2.026	ACCAAA
1014480	2284	o6	1.148	ACCAAA
1014559	1272	o6	2.206	ACCAAA
1014588	262	o6	1.583	ACCAAA
1014588	3113	8m	1.530	ACCAAA
1014626	230	o6	1.355	ACCAAA
1014655	1029	7A1	2.608	CCAAAG
1014655	1434	o6	2.620	ACCAAA
1014819	106	o6	4.116	ACCAAA
1014841	172	o6	2.086	ACCAAA
1014864	916	o6	2.327	ACCAAA
1014864	967	7A1	1.046	CCAAAG
1014877	2141	7m8	1.383	ACCAAA
1014884	1583	o6	1.031	ACCAAA
1014892	373	o6	2.015	ACCAAA
1014898	647	6m	2.785	CCAAAG
1014898	1701	o6	1.730	ACCAAA
1014898	1810	o6	1.183	ACCAAA
1014898	1827	o6	2.660	ACCAAA
1014899	1573	6m	1.062	CCAAAG
1014904	2534	7m8	2.526	ACCAAA
1014988	3824	o6	1.154	ACCAAA
1014988	5492	o6	1.600	ACCAAA
1014988	6344	o6	2.385	ACCAAA
1014988	6523	o6	1.077	ACCAAA
1014988	6644	o6	2.121	ACCAAA
1015047	1617	o6	2.085	ACCAAA
1015062	163	7m8	1.482	CCAAAG
1015067	7	o6	3.324	ACCAAA
1015077	193	6m	2.004	CCAAAG
1015085	2146	o6	1.156	ACCAAA
1015091	117	o6	1.361	ACCAAA
1015091	1001	8m	2.807	ACCAAA
1015109	442	7A1	1.569	CCAAAG
1015145	2713	6m	2.477	CCAAAG
1015145	2819	o6	2.477	ACCAAA
1015145	3913	o6	1.084	ACCAAA
1015145	3928	o6	1.718	ACCAAA
1015145	4207	o6	1.321	ACCAAA
1015157	70	7A1	2.460	CCAAAG
1015222	38	o6	1.361	ACCAAA
1015228	258	7m8	1.932	CCAAAG
1015228	267	7A1	1.231	CCAAAG
1015228	736	6m	2.504	CCAAAG
1015300	45	7A1	1.030	CCAAAG
1015307	9	8m	2.460	ACCAAA
1015341	507	o6	2.592	ACCAAA
1015354	400	6m	1.423	CCAAAG
1015354	427	o6	2.208	ACCAAA
1015355	184	o6	1.485	ACCAAA
1015358	225	7m8	1.613	ACCAAA
1015369	430	o6	1.958	ACCAAA
1015375	1221	7A1	1.757	CCAAAG
1015375	2096	7A1	1.734	CCAAAG
1015375	2796	o6	2.112	ACCAAA
1015376	646	6m	2.286	CCAAAG
1015376	660	o6	1.660	ACCAAA
1015381	574	o6	1.643	ACCAAA
1015394	1024	o6	2.807	ACCAAA
1015435	11	7m8	2.047	ACCAAA
1015435	28	o6	2.239	ACCAAA
1015447	336	o6	1.441	ACCAAA
1015480	643	7A1	1.324	CCAAAG
1015480	1695	o6	2.807	ACCAAA
1015526	1486	6m	2.506	CCAAAG
1015555	27	o6	1.274	ACCAAA
1015555	659	7m8	2.433	ACCAAA
1015555	768	o6	1.606	ACCAAA
1015555	927	o6	2.040	ACCAAA
1015555	3915	o6	2.433	ACCAAA
1015572	2815	8m	3.649	CCAAAG
1015631	58	o6	1.964	ACCAAA
1015676	802	o6	2.350	ACCAAA
1015685	439	7A1	1.078	CCAAAG
1015690	141	o6	1.290	ACCAAA
1015697	616	6m	1.606	CCAAAG
1015725	849	o6	1.747	ACCAAA
1015755	81	o6	1.053	ACCAAA
1015771	245	o6	1.560	ACCAAA
1015777	977	o6	2.446	ACCAAA
1015777	1272	o6	1.367	ACCAAA
1015777	1548	o6	1.903	ACCAAA
1015777	1553	o6	1.903	ACCAAA
1015778	961	7m8	1.825	ACCAAA
1015778	1003	o6	1.002	ACCAAA
1015826	730	o6	2.076	ACCAAA
1015826	774	o6	2.341	ACCAAA
1015826	781	o6	2.544	ACCAAA
1015858	42	7A1	2.550	CCAAAG
1015895	305	o6	1.307	ACCAAA
1015903	1522	o6	1.284	ACCAAA
1015936	1249	o6	3.034	ACCAAA
1015952	4	7m8	2.410	CCAAAG
1015952	162	6m	1.328	CCAAAG
1015972	2200	o6	1.563	ACCAAA
1015995	2054	o6	1.086	ACCAAA
1016007	32	7m8	1.858	ACCAAA
1016007	186	o6	1.020	ACCAAA
1016011	33	7A1	2.187	CCAAAG
1016016	804	7A1	1.774	CCAAAG
1016020	355	o6	1.916	ACCAAA
1016026	2281	7A1	1.190	CCAAAG
1016029	1686	6m	1.284	CCAAAG
1016029	1809	o6	1.211	ACCAAA
1016047	242	o6	1.240	ACCAAA
1016047	759	o6	1.240	ACCAAA
1016067	286	6m	1.686	CCAAAG
1016067	307	o6	1.846	ACCAAA
1016082	28	o6	1.525	ACCAAA
1016098	6270	7A1	4.947	CCAAAG
1016115	49	6m	2.212	CCAAAG
1016116	358	o6	1.053	ACCAAA
1016146	50	6m	2.544	CCAAAG
1016151	423	6m	1.320	CCAAAG
1016176	1093	o6	1.088	ACCAAA
1016191	224	7m8	2.962	ACCAAA
1016200	1142	o6	1.322	ACCAAA
1016205	184	o6	2.085	ACCAAA
1016220	264	o6	1.791	ACCAAA
1016250	568	o6	1.031	ACCAAA
1016256	20	o6	1.297	ACCAAA
1016256	370	o6	1.285	ACCAAA
1016287	112	o6	1.053	ACCAAA
1016287	264	o6	1.244	ACCAAA
1016317	153	6m	2.219	CCAAAG
1016317	374	8m	2.852	ACCAAA
1016347	405	o6	1.180	ACCAAA
1016356	63	o6	1.284	ACCAAA
1016373	71	o6	2.421	ACCAAA
1016382	225	6m	2.025	CCAAAG
1016398	2049	o6	2.544	ACCAAA
1016418	1488	o6	1.322	ACCAAA
1016428	979	o6	3.171	ACCAAA
1016431	1054	6m	2.544	CCAAAG
1016449	2078	o6	1.454	ACCAAA
1016449	2357	o6	1.434	ACCAAA
1016449	2362	o6	1.434	ACCAAA
1016449	3281	7A1	2.126	CCAAAG
1016455	161	o6	1.625	ACCAAA
1016469	61	7m8	2.617	ACCAAA
1016469	433	o6	2.617	ACCAAA
1016475	574	o6	1.376	ACCAAA
1016503	23	7A1	2.204	CCAAAG
1016506	28	o6	2.108	ACCAAA
1016512	474	o6	1.973	ACCAAA
1016512	739	8m	1.288	ACCAAA
1016521	261	o6	1.739	ACCAAA
1016556	332	8m	3.631	ACCAAA
1016556	1067	7A1	2.433	CCAAAG
1016562	659	7m8	2.048	ACCAAA
1016571	285	o6	1.074	ACCAAA
1016571	290	o6	1.074	ACCAAA
1016571	813	o6	1.511	ACCAAA
1016571	2038	o6	2.639	ACCAAA
1016574	1525	7m8	1.162	ACCAAA
1016574	1615	o6	1.777	ACCAAA
1016574	2086	7m8	1.215	ACCAAA
1016574	2380	7m8	2.094	ACCAAA
1016574	5410	o6	1.058	ACCAAA
1016577	240	o6	1.392	ACCAAA
1016604	88	7A1	2.981	CCAAAG
1016605	369	o6	2.745	ACCAAA
1016620	1987	8m	2.400	ACCAAA
1016623	1100	o6	1.140	ACCAAA
1016629	274	o6	1.349	ACCAAA
1016632	179	o6	1.605	ACCAAA
1016640	292	o6	2.114	ACCAAA
1016640	1555	o6	1.824	ACCAAA
1016644	399	o6	2.098	ACCAAA
1016685	1356	o6	2.504	ACCAAA
1016691	384	o6	2.220	ACCAAA
1016691	1492	o6	1.053	ACCAAA
1016698	36	o6	3.198	ACCAAA
1016698	418	o6	1.711	ACCAAA
1016698	521	o6	2.682	ACCAAA
1016698	527	o6	2.073	ACCAAA
1016698	1428	o6	1.711	ACCAAA
1016701	1224	o6	1.278	ACCAAA
1016713	4010	o6	1.589	ACCAAA
1016713	4091	o6	1.241	ACCAAA
1016713	4185	7m8	2.433	ACCAAA
1016713	4764	o6	1.538	ACCAAA
1016736	86	o6	1.525	ACCAAA
1016782	241	o6	1.560	ACCAAA
1016806	942	8m	1.239	ACCAAA
1016806	1662	6m	2.227	CCAAAG
1016820	189	o6	1.322	ACCAAA
1016838	72	o6	1.098	ACCAAA
1016844	213	7m8	2.220	ACCAAA
1016860	1318	o6	1.845	ACCAAA
1016865	147	o6	3.034	ACCAAA
1016869	168	8m	2.189	ACCAAA
1016917	282	o6	1.690	ACCAAA
1016931	181	o6	1.141	ACCAAA
1016951	53	o6	2.073	ACCAAA
1016971	3964	o6	1.082	ACCAAA
1016971	4038	o6	1.053	ACCAAA
1016982	52	o6	1.117	ACCAAA
1017012	2	7A1	3.174	CCAAAG
1017018	508	o6	1.513	ACCAAA
1017046	274	8m	2.125	ACCAAA
1017046	1806	7m8	2.197	ACCAAA
1017055	71	o6	1.089	ACCAAA
1017106	28	7m8	2.501	ACCAAA
1017106	105	o6	2.510	ACCAAA
1017130	69	7A1	1.906	CCAAAG
1017157	415	7m8	2.567	ACCAAA
1017157	941	o6	2.567	ACCAAA
1017160	258	o6	1.891	ACCAAA
1017160	706	o6	1.456	ACCAAA
1017197	1438	o6	1.571	ACCAAA
1017227	1006	o6	2.501	ACCAAA
1017237	62	o6	1.042	ACCAAA
1017249	44	o6	3.450	ACCAAA
1017258	949	o6	1.593	ACCAAA
1017261	485	o6	2.085	ACCAAA
1017282	858	o6	1.120	ACCAAA
1017306	105	o6	2.854	ACCAAA
1017306	118	o6	2.854	ACCAAA
1017368	40	o6	2.236	ACCAAA
1017399	112	o6	1.054	ACCAAA
1017496	73	8m	2.807	ACCAAA
1017496	269	7A1	1.362	CCAAAG
1017496	420	8m	2.162	ACCAAA
1017496	840	o6	1.603	ACCAAA
1017496	890	o6	2.427	ACCAAA
1017496	902	o6	2.427	ACCAAA
1017496	945	7m8	2.206	ACCAAA
1017511	1863	6m	1.262	CCAAAG
1017524	164	o6	1.981	ACCAAA
1017539	384	o6	2.776	ACCAAA
1017556	61	o6	2.073	ACCAAA
1017556	80	o6	2.073	ACCAAA
1017570	47	6m	2.034	CCAAAG
1017599	83	o6	3.916	ACCAAA
1017614	1583	o6	1.411	ACCAAA
1017614	3710	o6	2.642	ACCAAA
1017614	4594	o6	1.535	ACCAAA
1017614	5085	8m	2.310	ACCAAA
1017614	5969	o6	1.925	ACCAAA
1017614	5974	7m8	1.925	ACCAAA
1017618	990	8m	2.444	ACCAAA
1017618	1055	o6	1.810	ACCAAA
1017629	161	6m	1.747	CCAAAG
1017645	59	7A1	2.073	CCAAAG
1017645	159	o6	3.001	ACCAAA
1017657	2	o6	1.027	ACCAAA
1017657	7	o6	2.772	ACCAAA
1017683	257	7m8	2.283	ACCAAA
1017743	331	6m	1.425	CCAAAG
1017787	314	6m	3.034	CCAAAG
1017787	546	8m	3.034	ACCAAA
1017800	58	o6	2.587	ACCAAA
1017809	515	o6	2.020	ACCAAA
1017830	473	o6	1.857	ACCAAA
1017883	298	6m	1.935	CCAAAG
1017886	567	o6	1.208	ACCAAA
1017911	45	7m8	1.150	CCAAAG
1017919	494	o6	2.060	ACCAAA
1017967	61	o6	1.780	ACCAAA
1018020	16	o6	2.270	ACCAAA
1018026	456	6m	1.128	CCAAAG
1018062	1212	8m	1.473	CCAAAG
1018081	1254	o6	2.073	ACCAAA
1018092	282	o6	1.250	ACCAAA
1018134	1832	o6	1.286	ACCAAA
1018134	2060	o6	1.649	ACCAAA
1018135	100	o6	1.014	ACCAAA
1018153	126	6m	2.613	CCAAAG
1018167	243	7A1	1.108	CCAAAG
1018167	672	o6	1.160	ACCAAA
1018168	557	o6	1.618	ACCAAA
1018177	164	o6	1.652	ACCAAA
1018189	393	6m	1.514	CCAAAG
1018233	660	o6	1.045	ACCAAA
1018243	1394	6m	1.569	CCAAAG
1018243	1601	6m	1.083	CCAAAG
1018243	2363	o6	1.651	ACCAAA
1018243	3920	7A1	1.970	CCAAAG
1018257	438	o6	1.408	ACCAAA
1018262	374	o6	3.432	ACCAAA
1018268	1522	7m8	1.002	ACCAAA
1018278	64	o6	2.415	ACCAAA
1018278	69	o6	2.415	ACCAAA
1018284	37	o6	2.037	ACCAAA
1018296	114	6m	1.770	CCAAAG
1018353	1394	8m	1.055	ACCAAA
1018409	440	o6	1.606	ACCAAA
1018409	445	o6	1.606	ACCAAA
1018455	87	o6	2.233	ACCAAA
1018486	262	o6	1.484	ACCAAA
1018498	493	o6	1.524	ACCAAA
1018498	722	o6	1.909	ACCAAA
1018519	188	8m	1.692	ACCAAA
1018530	1343	o6	1.882	ACCAAA
1018616	1149	o6	1.290	ACCAAA
1018619	1782	o6	1.636	ACCAAA
1018632	210	o6	1.598	ACCAAA
1018632	503	o6	1.585	ACCAAA
1018632	1132	o6	1.284	ACCAAA
1018632	1430	o6	1.235	ACCAAA
1018632	1959	o6	1.084	ACCAAA
1018632	2492	o6	1.254	ACCAAA
1018632	2598	o6	2.841	ACCAAA
1018632	2606	6m	1.598	CCAAAG
1018632	3038	o6	1.177	ACCAAA
1018644	126	o6	1.418	ACCAAA
1018661	1213	8m	2.544	ACCAAA
1018678	402	o6	1.053	ACCAAA
1018702	91	7A1	1.747	CCAAAG
1018702	114	o6	1.079	ACCAAA
1018702	377	7A1	1.733	CCAAAG
1018727	1066	o6	1.980	ACCAAA
1018727	1225	6m	1.322	CCAAAG
1018750	96	o6	1.797	ACCAAA
1018766	813	6m	2.651	CCAAAG
1018766	2159	o6	2.433	ACCAAA
1018822	63	6m	1.055	CCAAAG
1018873	677	7A1	2.139	CCAAAG
1018873	878	6m	1.080	CCAAAG
1018884	427	o6	1.186	ACCAAA
1019055	507	6m	2.524	CCAAAG
1019055	798	o6	3.359	ACCAAA
1019055	865	7m8	1.319	ACCAAA
1019113	54	7A1	2.460	CCAAAG
1019138	119	7m8	1.309	ACCAAA
1019147	30	o6	2.288	ACCAAA
1019147	609	o6	2.676	ACCAAA
1019147	2946	7m8	1.241	ACCAAA
1019204	28	o6	2.067	ACCAAA
1019233	786	o6	1.308	ACCAAA
1019237	461	o6	1.726	ACCAAA
1019282	59	o6	1.053	ACCAAA
1019311	541	o6	1.428	ACCAAA
1019320	231	8m	2.074	CCAAAG
1019352	347	6m	1.328	CCAAAG
1019440	193	7m8	1.073	ACCAAA
1019465	404	8m	1.649	ACCAAA
1019465	1039	o6	1.370	ACCAAA
1019465	1052	o6	2.008	ACCAAA
1019474	50	7A1	2.369	CCAAAG
1019514	305	o6	1.053	ACCAAA
1019521	1987	o6	1.343	ACCAAA
1019535	85	o6	2.187	ACCAAA
1019578	56	o6	3.649	ACCAAA
1019579	1282	o6	1.084	ACCAAA
1019579	2019	o6	2.049	ACCAAA
1019691	283	8m	2.220	ACCAAA
1019695	617	o6	1.271	ACCAAA
1019704	300	o6	2.137	ACCAAA
1019704	1107	7m8	1.185	CCAAAG
1019716	114	o6	2.350	ACCAAA
1019716	119	o6	2.544	ACCAAA
1019716	471	o6	1.445	ACCAAA
1019743	559	8m	1.285	ACCAAA
1019772	61	o6	1.040	ACCAAA
1019785	252	7A1	1.029	CCAAAG
1019800	109	7m8	1.691	ACCAAA
1019800	381	o6	1.298	ACCAAA
1019925	607	o6	1.561	ACCAAA
1019938	117	o6	1.982	ACCAAA
1019939	42	7A1	3.174	CCAAAG
1019942	331	6m	1.387	CCAAAG
1019942	854	o6	1.103	ACCAAA
1019956	582	o6	1.532	ACCAAA
1020066	48	6m	2.704	CCAAAG
1020086	137	o6	1.508	ACCAAA
1020090	331	o6	1.107	ACCAAA
1020090	434	7m8	3.319	ACCAAA
1020105	113	o6	1.165	ACCAAA
1020163	71	8m	1.577	CCAAAG
1020196	46	o6	1.298	ACCAAA
1020220	263	o6	1.577	ACCAAA
1020241	436	o6	2.400	ACCAAA
1020253	194	7m8	1.682	CCAAAG
1020253	695	o6	1.030	ACCAAA
1020253	2416	o6	1.262	ACCAAA
1020253	2453	o6	1.654	ACCAAA
1020253	3000	o6	1.542	ACCAAA
1020253	3030	o6	1.139	ACCAAA
1020258	138	o6	3.723	ACCAAA
1020280	1440	o6	1.606	ACCAAA
1020319	997	o6	1.407	ACCAAA
1020333	757	8m	1.787	ACCAAA
1020333	1374	6m	1.278	CCAAAG
1020363	31	8m	2.721	ACCAAA
1020465	68	6m	1.228	CCAAAG
1020480	48	o6	2.721	ACCAAA
1020480	576	6m	1.262	CCAAAG
1020480	588	7m8	1.180	CCAAAG
1020495	153	o6	1.316	ACCAAA
1020495	158	o6	1.316	ACCAAA
1020532	81	6m	1.910	CCAAAG
1020558	6	o6	2.671	ACCAAA
1020564	696	o6	2.494	ACCAAA
1020564	837	6m	2.425	CCAAAG
1020595	427	o6	1.270	ACCAAA
1020600	422	o6	1.057	ACCAAA
1020615	1577	7A1	1.692	CCAAAG
1020642	578	o6	1.656	ACCAAA
1020642	772	6m	2.452	CCAAAG
1020642	1203	o6	2.577	ACCAAA
1020643	1052	o6	1.814	ACCAAA
1020661	549	o6	2.660	ACCAAA
1020661	573	o6	2.660	ACCAAA
1020719	297	o6	2.016	ACCAAA
1020740	567	o6	1.236	ACCAAA
1020745	399	7A1	1.236	CCAAAG
1020766	643	6m	1.973	CCAAAG
1020782	1635	o6	1.409	ACCAAA
1020839	378	o6	1.244	ACCAAA
1020839	664	o6	1.461	ACCAAA
1020850	28	7A1	1.283	CCAAAG
1020850	42	o6	1.848	ACCAAA
1020858	138	7A1	1.899	CCAAAG
1020916	974	7m8	3.477	ACCAAA
1020934	642	7A1	2.533	CCAAAG
1021001	117	o6	2.536	ACCAAA
1021008	1442	o6	2.572	ACCAAA
1021008	2285	o6	2.952	ACCAAA
1021011	119	6m	1.878	CCAAAG
1021014	829	o6	2.321	ACCAAA
1021084	1330	o6	3.382	ACCAAA
1021242	67	o6	1.622	ACCAAA
1021248	114	o6	2.368	ACCAAA
1021248	457	7m8	2.118	CCAAAG
1021260	191	o6	1.292	ACCAAA
1021260	507	o6	1.606	ACCAAA
1021260	816	o6	1.070	ACCAAA
1021273	984	o6	2.923	ACCAAA
1021311	374	6m	2.045	CCAAAG
1021341	82	7m8	3.708	ACCAAA
1021347	34	7A1	1.572	CCAAAG
1021351	61	o6	1.448	ACCAAA
1021439	210	o6	1.606	ACCAAA
1021452	313	7m8	2.316	ACCAAA
1021458	94	6m	1.282	CCAAAG
1021458	118	o6	2.613	ACCAAA
1021458	132	7A1	2.758	CCAAAG
1021458	202	o6	2.999	ACCAAA
1021501	268	o6	2.292	ACCAAA
1021525	727	7m8	1.292	ACCAAA
1021531	22	7m8	3.653	ACCAAA
1021540	1921	o6	1.904	ACCAAA
1021540	4807	o6	1.230	ACCAAA
1021556	44	6m	2.464	CCAAAG
1021607	154	o6	2.407	ACCAAA
1021636	28	o6	2.220	ACCAAA
1021645	171	o6	1.405	ACCAAA
1021669	32	6m	1.304	CCAAAG
1021681	496	6m	2.590	CCAAAG
1021696	263	6m	1.368	CCAAAG
1021744	27	7m8	2.544	ACCAAA
1021818	1578	o6	2.335	ACCAAA
1021834	78	o6	1.533	ACCAAA
1021899	1728	7A1	2.026	CCAAAG
1021909	22	6m	2.970	CCAAAG
1021978	1374	o6	1.298	ACCAAA
1021989	44	7A1	2.377	CCAAAG
1022043	203	o6	2.383	ACCAAA
1022043	216	o6	2.778	ACCAAA
1022043	234	o6	2.301	ACCAAA
1022050	33	7A1	1.065	CCAAAG
1022054	167	o6	1.512	ACCAAA
1022066	301	o6	1.304	ACCAAA
1022066	883	7A1	1.304	CCAAAG
1022066	1741	7A1	2.014	CCAAAG
1022066	2011	6m	2.332	CCAAAG
1022070	782	o6	2.642	ACCAAA
1022191	91	6m	1.643	CCAAAG
1022198	685	o6	2.033	ACCAAA
1022235	348	6m	3.060	CCAAAG
1022235	592	6m	1.157	CCAAAG
1022256	2317	o6	1.251	ACCAAA
1022256	2322	o6	1.573	ACCAAA
1022256	2740	o6	1.394	ACCAAA
1022256	2848	o6	1.623	ACCAAA
1022270	359	o6	2.538	ACCAAA
1022278	39	o6	2.433	ACCAAA
1022282	105	6m	1.084	CCAAAG
1022320	103	6m	1.891	CCAAAG
1022343	98	7m8	1.529	ACCAAA
1022386	302	6m	1.031	CCAAAG
1022397	105	o6	1.740	ACCAAA
1022402	56	6m	2.544	CCAAAG
1022418	494	8m	1.365	ACCAAA
1022418	523	o6	2.026	ACCAAA
1022418	529	7m8	2.026	ACCAAA
1022418	619	7A1	2.148	CCAAAG
1022443	179	o6	3.020	ACCAAA
1022495	2701	o6	2.019	ACCAAA
1022495	3786	o6	1.583	ACCAAA
1022495	4215	o6	1.385	ACCAAA
1022568	171	6m	3.034	CCAAAG
1022568	178	6m	3.034	CCAAAG
1022601	64	o6	2.635	ACCAAA
1022820	1698	6m	2.196	CCAAAG
1022838	70	o6	2.215	ACCAAA
1022858	53	o6	2.522	ACCAAA
1022932	1780	o6	2.084	ACCAAA
1022938	46	6m	2.749	CCAAAG
1022941	53	8m	2.221	CCAAAG
1022941	4037	o6	1.171	ACCAAA
1022941	4141	o6	1.431	ACCAAA
1022985	740	o6	1.244	ACCAAA
1022997	51	o6	2.983	ACCAAA
1023062	3606	o6	2.270	ACCAAA
1023097	2589	6m	1.340	CCAAAG
1023097	3322	6m	1.382	CCAAAG
1023100	41	o6	2.805	ACCAAA
1023100	854	o6	2.631	ACCAAA
1023145	350	o6	3.191	ACCAAA
1023157	964	o6	1.260	ACCAAA
1023167	698	o6	4.317	ACCAAA
1023256	163	o6	3.026	ACCAAA
1023289	1226	8m	1.003	ACCAAA
1023298	241	o6	1.677	ACCAAA
1023334	22	7m8	3.649	ACCAAA
1023334	156	7m8	1.873	ACCAAA
1023340	246	o6	1.362	ACCAAA
1023354	105	6m	2.402	CCAAAG
1023354	801	o6	2.312	ACCAAA
1023390	275	6m	1.448	CCAAAG
1023391	350	6m	1.907	CCAAAG
1023419	24	o6	1.650	ACCAAA
1023469	465	o6	2.501	ACCAAA
1023482	411	7A1	1.936	CCAAAG
1023488	198	o6	1.510	ACCAAA
1023488	258	o6	1.148	ACCAAA
1023488	444	7m8	2.235	CCAAAG
1023488	473	o6	1.633	ACCAAA
1023527	105	6m	2.854	CCAAAG
1023527	801	o6	2.413	ACCAAA
1023530	54	o6	1.004	ACCAAA
1023593	22	o6	2.647	ACCAAA
1023594	1437	7m8	2.400	ACCAAA
1023599	1325	o6	1.334	ACCAAA
1023599	1530	o6	2.544	ACCAAA
1023599	2651	o6	2.220	ACCAAA
1023599	7071	o6	1.275	ACCAAA
1023599	7076	o6	1.670	ACCAAA
1023599	7176	7A1	1.066	CCAAAG
1023599	7194	7m8	1.053	ACCAAA
1023599	7653	o6	1.322	ACCAAA
1023669	730	o6	2.064	ACCAAA
1023669	1056	7A1	2.062	CCAAAG
1023681	3528	o6	1.168	ACCAAA
1023684	56	6m	3.005	CCAAAG
1023684	492	o6	2.610	ACCAAA
1023706	423	o6	2.538	ACCAAA
1023733	87	o6	2.854	ACCAAA
1023757	93	7m8	2.212	ACCAAA
1023775	156	6m	1.751	CCAAAG
1023784	372	6m	2.358	CCAAAG
1023784	968	o6	2.819	ACCAAA
1023784	3902	o6	1.356	ACCAAA
1023784	5238	o6	1.976	ACCAAA
1023784	5414	o6	1.321	ACCAAA
1023790	2612	o6	1.481	ACCAAA
1023790	3191	o6	1.795	ACCAAA
1023805	1956	o6	1.480	ACCAAA
1023805	2141	7m8	2.029	ACCAAA
1023805	2464	o6	1.247	ACCAAA
1023805	3242	o6	1.110	ACCAAA
1023805	4092	o6	1.571	ACCAAA
1023834	232	o6	3.062	ACCAAA
1023838	176	o6	2.759	ACCAAA
1023843	25	8m	1.456	CCAAAG
1023843	66	6m	1.173	CCAAAG
1023846	1517	o6	1.075	ACCAAA
1023847	1335	6m	2.631	CCAAAG
1023850	520	o6	1.180	ACCAAA
1023850	2006	o6	1.514	ACCAAA
1023853	13	o6	2.492	ACCAAA
1023882	516	8m	1.053	ACCAAA
1023882	594	o6	1.808	ACCAAA
1023882	661	o6	1.322	ACCAAA
1023882	1513	o6	1.322	ACCAAA
1023882	1835	7A1	1.163	CCAAAG
1023882	2395	7A1	1.082	CCAAAG
1023885	752	o6	2.442	ACCAAA
1023885	878	7m8	1.458	CCAAAG
1023885	1691	o6	1.083	ACCAAA
1023885	2909	6m	2.262	CCAAAG
1023885	3468	7A1	1.013	CCAAAG
1023902	482	o6	3.875	ACCAAA
1023913	200	o6	1.680	ACCAAA
1023918	427	o6	1.236	ACCAAA
1023927	660	o6	1.936	ACCAAA
1023927	937	o6	1.119	ACCAAA
1023937	359	8m	2.691	ACCAAA
1023955	1569	o6	1.532	ACCAAA
1023970	416	o6	2.074	ACCAAA
1023983	143	o6	1.079	ACCAAA
1023998	498	o6	1.629	ACCAAA
1024003	560	o6	1.946	ACCAAA
1024009	28	o6	1.284	ACCAAA
1024019	1872	o6	1.535	ACCAAA
1024019	2619	o6	1.254	ACCAAA
1024031	859	o6	1.177	ACCAAA
1024031	2780	7A1	3.034	CCAAAG
1024031	4815	o6	1.120	ACCAAA
1024045	107	o6	2.078	ACCAAA
1024045	114	o6	1.629	ACCAAA
1024079	537	6m	1.027	CCAAAG
1024109	285	o6	1.646	ACCAAA
1024141	91	o6	1.621	ACCAAA
1024145	781	o6	2.218	ACCAAA
1024145	915	o6	1.294	ACCAAA
1024159	709	o6	1.285	ACCAAA
1024160	194	8m	1.169	ACCAAA
1024169	1118	6m	2.326	CCAAAG
1024169	1161	o6	2.326	ACCAAA
1024196	351	6m	2.342	CCAAAG
1024204	147	o6	2.134	ACCAAA
1024208	32	o6	1.271	ACCAAA
1024211	2502	o6	2.220	ACCAAA
1024228	1079	o6	2.112	ACCAAA
1024240	104	o6	1.145	ACCAAA
1024241	1300	o6	2.433	ACCAAA
1024264	92	6m	2.350	CCAAAG
1024279	65	o6	1.335	ACCAAA
1024279	573	7m8	1.514	ACCAAA
1024283	490	o6	1.259	ACCAAA
1024301	401	o6	2.129	ACCAAA
1024310	196	7A1	1.453	CCAAAG
1024327	112	o6	1.002	ACCAAA
1024342	996	o6	1.737	ACCAAA
1024342	2015	o6	1.053	ACCAAA
1024349	357	7m8	1.875	ACCAAA
1024349	739	o6	2.019	ACCAAA
1024366	181	o6	2.520	ACCAAA
1024381	1250	7A1	2.094	CCAAAG
1024381	1659	6m	1.053	CCAAAG
1024381	1686	o6	2.260	ACCAAA
1024381	2083	o6	1.075	ACCAAA
1024381	2868	8m	2.402	ACCAAA
1024393	814	o6	2.183	ACCAAA
1024394	124	o6	2.400	ACCAAA
1024441	463	7A1	2.333	CCAAAG
1024465	1847	o6	1.150	ACCAAA
1024465	2112	6m	2.544	CCAAAG
1024489	24	8m	2.204	ACCAAA
1024489	58	7A1	2.204	CCAAAG
1024540	226	o6	1.906	ACCAAA
1024598	21	o6	1.243	ACCAAA
1024634	1114	o6	2.778	ACCAAA
1024639	1026	o6	1.105	ACCAAA
1024639	2014	o6	1.500	ACCAAA
1024639	2258	7m8	1.015	ACCAAA
1024645	94	o6	1.412	ACCAAA
1024648	149	6m	1.808	CCAAAG
1024648	484	o6	1.082	ACCAAA
1024648	1237	7m8	2.449	ACCAAA
1024648	1495	o6	1.313	ACCAAA
1024648	4167	o6	2.040	ACCAAA
1024648	4246	o6	2.412	ACCAAA
1024648	7081	o6	1.931	ACCAAA
1024648	9032	o6	1.322	ACCAAA
1024648	10154	o6	1.322	ACCAAA
1024648	12643	o6	1.687	ACCAAA
1024648	14041	o6	1.749	ACCAAA
1024658	97	7m8	1.560	ACCAAA
1024699	25	8m	2.642	ACCAAA
1024715	3067	o6	2.757	ACCAAA
1024721	1837	6m	1.003	CCAAAG
1024726	143	o6	1.541	ACCAAA
1024753	58	7m8	1.313	ACCAAA
1024753	685	o6	2.223	ACCAAA
1024762	1088	o6	1.322	ACCAAA
1024763	988	o6	1.576	ACCAAA
1024774	423	o6	1.759	ACCAAA
1024819	29	o6	2.744	ACCAAA
1024829	3605	o6	1.421	ACCAAA
1024832	110	o6	2.630	ACCAAA
1024843	643	7A1	2.587	CCAAAG
1024843	1495	7A1	2.409	CCAAAG
1024844	228	7m8	1.876	ACCAAA
1024844	242	o6	1.652	ACCAAA
1024847	11	6m	1.892	CCAAAG
1024862	16	o6	1.463	ACCAAA
1024895	1357	6m	1.721	CCAAAG
1024895	1502	o6	1.429	ACCAAA
1024904	4375	o6	2.250	ACCAAA
1024939	1177	o6	2.073	ACCAAA
1024956	354	o6	2.250	ACCAAA
1024956	1919	o6	1.780	ACCAAA
1024956	2014	8m	2.262	ACCAAA
1024956	2350	o6	1.606	ACCAAA
1024956	2629	8m	1.284	ACCAAA
1024956	2643	6m	1.512	CCAAAG
1024956	3384	o6	2.635	ACCAAA
1024956	4061	o6	2.184	ACCAAA
1024956	4393	o6	1.048	ACCAAA
1024966	225	o6	2.625	ACCAAA
1025023	187	o6	1.430	ACCAAA
1025029	997	o6	1.050	ACCAAA
1025029	2263	o6	3.404	ACCAAA
1025046	433	6m	1.297	CCAAAG
1025055	585	8m	2.083	ACCAAA
1025055	724	o6	1.849	ACCAAA
1025059	883	o6	1.933	ACCAAA
1025064	790	7m8	1.652	ACCAAA
1025064	987	o6	2.007	ACCAAA
1025077	53	6m	2.002	CCAAAG
1025128	44	6m	1.651	CCAAAG
1025135	846	o6	1.880	ACCAAA
1025173	824	7A1	2.350	CCAAAG
1025179	47	o6	2.807	ACCAAA
1025179	483	o6	2.608	ACCAAA
1025204	537	o6	1.871	ACCAAA
1025204	552	o6	1.584	ACCAAA
1025207	664	o6	2.900	ACCAAA
1025216	442	7m8	2.368	ACCAAA
1025225	335	o6	1.081	ACCAAA
1025229	1453	o6	1.944	ACCAAA
1025242	1337	o6	2.025	ACCAAA
1025298	770	o6	1.036	ACCAAA
1025298	853	o6	2.253	ACCAAA
1025343	26	o6	2.460	ACCAAA
1025352	361	o6	3.340	ACCAAA
1025367	753	o6	1.690	ACCAAA
1025367	1185	o6	1.434	ACCAAA
1025367	1190	o6	1.434	ACCAAA
1025421	69	6m	1.807	CCAAAG
1025427	1038	o6	1.201	ACCAAA
1025443	362	o6	1.577	ACCAAA
1025455	2039	o6	1.022	ACCAAA
1025475	450	o6	2.665	ACCAAA
1025491	691	o6	3.288	ACCAAA
1025506	177	6m	1.099	CCAAAG
1025512	682	o6	2.385	ACCAAA
1025521	458	8m	2.056	ACCAAA
1025536	195	o6	1.898	ACCAAA
1025565	249	o6	1.194	ACCAAA
1025565	910	o6	1.061	ACCAAA
1025590	27	o6	2.056	ACCAAA
1025630	20	6m	1.838	CCAAAG
1025630	2221	6m	1.162	CCAAAG
1025642	43	o6	2.158	ACCAAA
1025650	21	o6	1.513	ACCAAA
1025654	3755	o6	1.953	ACCAAA
1025715	134	6m	2.833	CCAAAG
1025725	694	8m	1.199	ACCAAA
1025737	1076	6m	2.002	CCAAAG
1025755	3	o6	2.984	ACCAAA
1025755	748	7A1	2.610	CCAAAG
1025790	807	o6	1.251	ACCAAA
1025829	28	7m8	1.782	ACCAAA
1025850	319	7m8	2.360	CCAAAG
1025863	43	o6	1.780	ACCAAA
1025929	114	o6	1.805	ACCAAA
1025929	1212	6m	1.267	CCAAAG
1025929	1698	7A1	1.485	CCAAAG
1025946	228	o6	2.753	ACCAAA
1025946	244	o6	2.416	ACCAAA
1025996	7	7m8	3.693	CCAAAG
1026110	205	7A1	1.169	CCAAAG
1026117	29	o6	2.608	ACCAAA
1026129	300	6m	1.251	CCAAAG
1026150	53	o6	2.807	ACCAAA
1026165	284	7A1	1.667	CCAAAG
1026165	565	o6	1.820	ACCAAA
1026185	360	o6	1.941	ACCAAA
1026200	218	o6	3.286	ACCAAA
1026200	625	8m	1.288	ACCAAA
1026200	1111	o6	2.508	ACCAAA
1026244	95	6m	1.523	CCAAAG
1026254	25	8m	2.486	ACCAAA
1026262	530	o6	2.538	ACCAAA
1026262	871	o6	1.047	ACCAAA
1026265	72	8m	2.544	ACCAAA
1026270	40	8m	2.544	ACCAAA
1026284	564	7m8	1.262	CCAAAG
1026287	74	7m8	1.016	ACCAAA
1026287	212	o6	3.082	ACCAAA
1026296	216	o6	1.997	ACCAAA
1026299	80	o6	2.458	ACCAAA
1026299	265	o6	2.408	ACCAAA
1026378	52	o6	2.377	ACCAAA
1026384	91	o6	1.053	ACCAAA
1026452	283	7A1	1.233	CCAAAG
1026467	77	o6	1.998	ACCAAA
1026477	502	o6	1.235	ACCAAA
1026480	17	o6	1.082	ACCAAA
1026480	35	o6	1.212	ACCAAA
1026480	251	o6	1.338	ACCAAA
1026480	3146	o6	2.212	ACCAAA
1026489	52	o6	2.354	ACCAAA
1026530	310	6m	3.118	CCAAAG
1026545	465	o6	1.286	ACCAAA
1026558	483	o6	2.321	ACCAAA
1026558	1021	7m8	1.606	ACCAAA
1026570	329	o6	1.082	ACCAAA
1026590	102	o6	1.309	ACCAAA
1026591	67	7m8	2.292	ACCAAA
1026598	24	6m	1.509	CCAAAG
1026652	464	7A1	1.058	CCAAAG
1026652	1270	o6	1.563	ACCAAA
1026657	1673	7m8	1.447	ACCAAA
1026660	1150	7m8	1.447	ACCAAA
1026682	563	o6	2.694	ACCAAA
1026687	166	o6	1.058	ACCAAA
1026688	4059	o6	2.029	ACCAAA
1026688	4715	o6	1.890	ACCAAA
1026711	1038	o6	2.608	ACCAAA
1026711	1605	6m	1.224	CCAAAG
1026711	1830	6m	2.309	CCAAAG
1026711	2519	o6	2.065	ACCAAA
1026732	112	6m	1.262	CCAAAG
1026749	265	6m	1.162	CCAAAG
1026761	112	7A1	1.832	CCAAAG
1026792	76	6m	1.500	CCAAAG
1026798	1447	7m8	2.141	CCAAAG
1026838	1089	o6	1.322	ACCAAA
1026841	4743	6m	1.134	CCAAAG
1026849	603	o6	2.782	ACCAAA
1026853	1863	o6	1.598	ACCAAA
1026885	571	o6	2.248	ACCAAA
1026962	109	o6	1.649	ACCAAA
1026965	611	6m	2.798	CCAAAG
1026971	119	o6	1.931	ACCAAA
1027036	45	8m	3.207	ACCAAA
1027150	376	o6	2.409	ACCAAA
1027153	672	o6	1.833	ACCAAA
1027168	749	7A1	2.063	CCAAAG
1027168	804	o6	1.249	ACCAAA
1027246	291	6m	1.245	CCAAAG
1027246	348	o6	1.255	ACCAAA
1027266	5	7A1	1.035	CCAAAG
1027311	36	6m	1.017	CCAAAG
1027417	45	o6	2.704	ACCAAA
1027438	550	6m	1.143	CCAAAG
1027486	75	o6	2.702	ACCAAA
1027522	32	o6	1.328	ACCAAA
1027580	220	o6	1.322	ACCAAA
1027580	265	o6	2.215	ACCAAA
1027701	109	o6	3.005	ACCAAA
1027725	282	o6	1.068	ACCAAA
1027725	287	o6	1.161	ACCAAA
1027761	279	o6	2.223	ACCAAA
1027817	50	o6	1.177	ACCAAA
1027841	101	7m8	2.758	CCAAAG
1027912	808	o6	2.447	ACCAAA
1027971	46	6m	1.002	CCAAAG
1028011	506	o6	1.359	ACCAAA
1028063	221	6m	2.103	CCAAAG
1028073	94	7A1	1.348	CCAAAG
1028078	9	o6	1.042	ACCAAA
1028081	437	7A1	1.399	CCAAAG
1028088	255	6m	1.284	CCAAAG
1028115	783	o6	2.377	ACCAAA
1028188	95	6m	1.304	CCAAAG
1028214	50	o6	2.684	ACCAAA
1028229	32	o6	2.509	ACCAAA
1028229	94	7A1	2.073	CCAAAG
1028235	53	o6	1.937	ACCAAA
1028245	6	7A1	1.970	CCAAAG
1028263	768	7A1	2.026	CCAAAG
1028301	500	o6	2.103	ACCAAA
1028311	144	6m	2.514	CCAAAG
1028344	33	o6	1.949	ACCAAA
1028368	43	o6	1.395	ACCAAA
1028396	32	o6	2.468	ACCAAA
1028438	498	o6	1.582	ACCAAA
1028461	26	o6	1.707	ACCAAA
1028470	8	7m8	1.707	ACCAAA
1028486	90	6m	1.102	CCAAAG
1028532	124	o6	1.114	ACCAAA
1028556	107	6m	1.083	CCAAAG
1028645	320	o6	1.073	ACCAAA
1028693	159	o6	3.618	ACCAAA
1028701	56	7A1	2.433	CCAAAG
1028710	1763	o6	1.997	ACCAAA
1028710	1772	o6	1.997	ACCAAA
1028734	4584	o6	2.377	ACCAAA
1028734	6033	8m	3.024	ACCAAA
1028734	6093	7m8	1.973	ACCAAA
1028751	1891	o6	2.098	ACCAAA
1028794	640	7A1	2.111	CCAAAG
1028931	1083	o6	1.180	ACCAAA
1028947	7	o6	2.308	ACCAAA
1028959	343	6m	1.306	CCAAAG
1029024	510	o6	1.690	ACCAAA
1029055	62	8m	1.149	CCAAAG
1029097	1178	o6	1.785	ACCAAA
1029125	89	o6	1.279	ACCAAA
1029125	321	o6	2.343	ACCAAA
1029143	62	o6	1.416	ACCAAA
1029149	338	o6	2.353	ACCAAA
1029165	337	7m8	1.265	CCAAAG
1029176	268	7A1	2.660	CCAAAG
1029179	12	o6	1.832	ACCAAA
1029189	260	o6	1.255	ACCAAA
1029189	2436	8m	2.037	ACCAAA
1029192	60	6m	1.903	CCAAAG
1029192	96	o6	2.384	ACCAAA
1029192	1122	o6	1.577	ACCAAA
1029192	1341	6m	2.404	CCAAAG
1029209	799	o6	1.114	ACCAAA
1029218	100	6m	1.533	CCAAAG
1029246	862	6m	1.073	CCAAAG
1029369	2261	o6	1.585	ACCAAA
1029369	2402	o6	1.560	ACCAAA
1029388	317	o6	2.635	ACCAAA
1029459	1241	o6	1.606	ACCAAA
1029462	147	7m8	2.522	CCAAAG
1029474	112	7A1	2.216	CCAAAG
1029479	107	6m	2.033	CCAAAG
1029480	61	7A1	2.723	CCAAAG
1029520	312	o6	2.204	ACCAAA
1029532	401	o6	1.025	ACCAAA
1029558	290	7A1	1.606	CCAAAG
1029558	375	o6	1.084	ACCAAA
1029647	97	6m	1.475	CCAAAG
1029679	434	o6	1.255	ACCAAA
1029706	7	o6	1.207	ACCAAA
1029749	348	o6	1.180	ACCAAA
1029782	75	o6	1.980	ACCAAA
1029782	469	7m8	1.687	ACCAAA
1029832	126	o6	1.701	ACCAAA
1029835	0	o6	1.838	ACCAAA
1029847	55	6m	2.262	CCAAAG
1029862	272	6m	2.321	CCAAAG
1029874	19	6m	2.131	CCAAAG
1029915	79	7m8	1.009	CCAAAG
1029949	6	o6	1.400	ACCAAA
1030000	308	6m	3.888	CCAAAG
1030001	105	o6	2.694	ACCAAA
1030135	139	o6	1.322	ACCAAA
1030141	176	7A1	2.745	CCAAAG
1030147	52	o6	1.764	ACCAAA
1030189	468	o6	1.965	ACCAAA
1030189	473	o6	1.965	ACCAAA
1030205	733	o6	2.408	ACCAAA
1030245	1589	o6	1.484	ACCAAA
1030255	379	o6	1.365	ACCAAA
1030295	24	7A1	2.134	CCAAAG
1030325	34	o6	1.649	ACCAAA
1030392	133	o6	1.135	ACCAAA
1030392	341	7m8	2.386	CCAAAG
1030392	364	6m	1.414	CCAAAG
1030405	34	o6	2.608	ACCAAA
1030432	245	6m	1.221	CCAAAG
1030491	49	7m8	2.872	ACCAAA
1030566	642	o6	1.029	ACCAAA
1030566	1180	8m	2.393	ACCAAA
1030658	952	o6	2.477	ACCAAA
1030670	246	o6	1.289	ACCAAA
1030679	131	7A1	1.982	CCAAAG
1030692	659	o6	1.096	ACCAAA
1030692	832	o6	2.239	ACCAAA
1030692	1108	o6	1.058	ACCAAA
1030692	2400	o6	1.120	ACCAAA
1030751	403	7A1	1.001	CCAAAG
1030759	54	o6	2.858	ACCAAA
1030759	133	o6	1.186	ACCAAA
1030879	123	o6	1.818	ACCAAA
1030882	222	7A1	2.448	CCAAAG
1030882	758	6m	1.594	CCAAAG
1031043	530	o6	1.690	ACCAAA
1031052	135	6m	1.154	CCAAAG
1031061	592	o6	1.030	ACCAAA
1031090	145	o6	2.226	ACCAAA
1031091	247	7m8	2.608	CCAAAG
1031156	482	o6	2.533	ACCAAA
1031156	2122	o6	1.431	ACCAAA
1031199	1902	o6	2.851	ACCAAA
1031199	1907	8m	2.940	CCAAAG
1031199	2752	o6	1.039	ACCAAA
1031199	3430	o6	2.807	ACCAAA
1031223	218	o6	2.868	ACCAAA
1031263	486	7A1	1.074	CCAAAG
1031307	2769	7A1	1.647	CCAAAG
1031307	2998	o6	2.781	ACCAAA
1031375	534	o6	1.600	ACCAAA
1031375	708	o6	1.278	ACCAAA
1031390	2061	o6	1.892	ACCAAA
1031498	571	o6	2.639	ACCAAA
1031503	20	7A1	1.784	CCAAAG
1031563	285	o6	1.581	ACCAAA
1031657	318	7A1	3.494	CCAAAG
1031667	143	8m	3.005	CCAAAG
1031731	283	7A1	1.681	CCAAAG
1031746	60	6m	2.004	CCAAAG
1031782	201	o6	2.635	ACCAAA
1031805	582	7A1	1.205	CCAAAG
1031830	1228	7m8	2.030	ACCAAA
1031883	2278	8m	1.376	ACCAAA
1031883	2390	o6	1.301	ACCAAA
1031994	1966	o6	1.284	ACCAAA
1031997	923	o6	1.645	ACCAAA
1032009	388	o6	1.148	ACCAAA
1032022	68	o6	2.481	ACCAAA
1032043	134	o6	1.506	ACCAAA
1032182	356	6m	2.182	CCAAAG
1032285	407	o6	1.231	ACCAAA
1032285	1902	7A1	1.809	CCAAAG
1032298	89	o6	1.846	ACCAAA
1032333	182	6m	1.556	CCAAAG
1032333	504	o6	1.976	ACCAAA
1032334	97	o6	2.544	ACCAAA
1032334	288	o6	1.952	ACCAAA
1032366	853	o6	1.701	ACCAAA
1032395	41	o6	1.936	ACCAAA
1032420	59	6m	2.511	CCAAAG
1032420	1454	7m8	2.828	ACCAAA
1032442	391	o6	1.306	ACCAAA
1032445	42	o6	1.585	ACCAAA
1032466	27	o6	1.590	ACCAAA
1032471	1958	o6	1.019	ACCAAA
1032475	673	7A1	3.631	CCAAAG
1032490	257	o6	2.509	ACCAAA
1032490	913	o6	2.204	ACCAAA
1032581	128	7A1	1.985	CCAAAG
1032607	49	6m	1.687	CCAAAG
1032608	443	8m	2.922	ACCAAA
1032608	1864	o6	1.558	ACCAAA
1032622	73	o6	2.045	ACCAAA
1032622	1567	o6	1.483	ACCAAA
1032622	2950	o6	2.807	ACCAAA
1032622	4074	o6	1.362	ACCAAA
1032622	4230	o6	2.433	ACCAAA
1032622	4638	o6	1.759	ACCAAA
1032622	4647	o6	1.111	ACCAAA
1032631	666	o6	1.369	ACCAAA
1032631	673	o6	1.369	ACCAAA
1032631	702	o6	1.702	ACCAAA
1032634	839	o6	1.813	ACCAAA
1032643	51	6m	1.576	CCAAAG
1032675	361	o6	1.061	ACCAAA
1032675	539	6m	2.033	CCAAAG
1032684	69	6m	1.484	CCAAAG
1032684	140	o6	2.749	ACCAAA
1032687	634	o6	2.183	ACCAAA
1032693	2049	o6	1.521	ACCAAA
1032710	89	o6	2.178	ACCAAA
1032793	712	o6	1.560	ACCAAA
1032793	717	o6	1.560	ACCAAA
1032799	412	7A1	1.217	CCAAAG
1032802	784	o6	1.384	ACCAAA
1032813	295	6m	3.005	CCAAAG
1032876	590	o6	2.033	ACCAAA
1032876	1799	o6	1.835	ACCAAA
1032876	1902	o6	1.211	ACCAAA
1032885	159	o6	1.537	ACCAAA
1032902	1623	o6	2.288	ACCAAA
1032902	1794	6m	1.053	CCAAAG
1032941	88	o6	3.331	ACCAAA
1032965	1058	7A1	2.255	CCAAAG
1032965	1152	o6	2.350	ACCAAA
1032968	748	o6	2.085	ACCAAA
1032968	1345	7m8	2.409	ACCAAA
1032976	455	o6	1.618	ACCAAA
1032987	440	o6	1.115	ACCAAA
1033037	62	6m	1.579	CCAAAG
1033037	688	o6	2.178	ACCAAA
1033037	776	o6	1.391	ACCAAA
1033041	2680	7m8	1.030	CCAAAG
1033041	3410	o6	2.809	ACCAAA
1033055	386	o6	1.090	ACCAAA
1033074	104	o6	1.577	ACCAAA
1033141	1745	o6	1.311	ACCAAA
1033141	6591	o6	1.182	ACCAAA
1033151	460	o6	1.560	ACCAAA
1033152	667	o6	2.026	ACCAAA
1033205	1399	o6	1.420	ACCAAA
1033208	743	o6	1.763	ACCAAA
1033218	1066	o6	3.149	ACCAAA
1033218	1640	7m8	3.175	ACCAAA
1033250	1247	o6	1.322	ACCAAA
1033322	948	o6	1.030	ACCAAA
1033328	681	o6	1.522	ACCAAA
1033328	1289	8m	1.980	ACCAAA
1033328	1852	o6	1.776	ACCAAA
1033333	1	o6	1.320	ACCAAA
1033333	8	6m	2.241	CCAAAG
1033378	350	6m	1.725	CCAAAG
1033384	29	6m	1.123	CCAAAG
1033384	2138	o6	2.021	ACCAAA
1033399	123	o6	1.241	ACCAAA
1033452	2910	6m	1.241	CCAAAG
1033478	474	o6	2.247	ACCAAA
1033481	1722	7A1	2.174	CCAAAG
1033481	2697	o6	1.560	ACCAAA
1033481	2713	o6	1.560	ACCAAA
1033481	2724	o6	1.129	ACCAAA
1033488	493	o6	1.011	ACCAAA
1033508	545	6m	2.571	CCAAAG
1033535	208	6m	1.322	CCAAAG
1033535	781	o6	2.441	ACCAAA
1033565	2341	o6	2.918	ACCAAA
1033565	4125	o6	2.520	ACCAAA
1033571	696	o6	1.931	ACCAAA
1033571	1239	o6	1.053	ACCAAA
1033571	2235	7m8	2.255	ACCAAA
1033571	2380	7m8	2.255	ACCAAA
1033571	3619	o6	2.015	ACCAAA
1033571	5079	o6	1.059	ACCAAA
1033571	5218	8m	1.904	ACCAAA
1033583	179	6m	1.289	CCAAAG
1033583	369	o6	1.764	ACCAAA
1033598	17	o6	1.322	ACCAAA
1033598	391	o6	1.245	ACCAAA
1033598	1535	o6	1.015	ACCAAA
1033598	1648	o6	1.076	ACCAAA
1033598	6281	6m	2.350	CCAAAG
1033598	6632	6m	1.227	CCAAAG
1033616	90	6m	1.273	CCAAAG
1033616	1323	6m	1.298	CCAAAG
1033625	16	6m	3.357	CCAAAG
1033634	27	o6	3.816	ACCAAA
1033634	51	o6	2.317	ACCAAA
1033634	311	6m	4.515	CCAAAG
1033658	704	o6	1.095	ACCAAA
1033669	369	o6	2.807	ACCAAA
1033685	650	8m	4.242	ACCAAA
1033694	10	o6	1.766	ACCAAA
1033721	15	6m	1.495	CCAAAG
1033732	344	o6	2.544	ACCAAA
1033748	196	7A1	1.453	CCAAAG
1033751	772	o6	2.396	ACCAAA
1033754	401	o6	2.396	ACCAAA
1033786	173	o6	1.535	ACCAAA
1033789	258	o6	2.912	ACCAAA
1033792	101	o6	2.069	ACCAAA
1033844	60	o6	1.693	ACCAAA
1033844	194	o6	1.712	ACCAAA
1033859	479	o6	2.326	ACCAAA
1033915	86	o6	2.041	ACCAAA
1033948	369	o6	1.186	ACCAAA
1033956	383	o6	2.288	ACCAAA
1033956	1817	o6	1.273	ACCAAA
1033960	482	o6	1.405	ACCAAA
1033960	2040	o6	1.374	ACCAAA
1033960	2380	o6	1.593	ACCAAA
1033971	727	7m8	3.026	ACCAAA
1033971	1174	o6	4.166	ACCAAA
1033978	193	o6	1.390	ACCAAA
1034004	506	o6	3.084	ACCAAA
1034004	533	o6	3.217	ACCAAA
1034004	1164	o6	2.355	ACCAAA
1034007	168	o6	1.164	ACCAAA
1034053	2033	o6	1.150	ACCAAA
1034068	181	8m	3.348	ACCAAA
1034068	7233	o6	1.560	ACCAAA
1034074	1093	o6	1.027	ACCAAA
1034074	2321	o6	1.116	ACCAAA
1034221	1035	o6	1.018	ACCAAA
1034235	484	6m	2.171	CCAAAG
1034247	3316	o6	1.864	ACCAAA
1034247	3371	o6	1.524	ACCAAA
1034253	543	o6	3.048	ACCAAA
1034262	793	o6	1.124	ACCAAA
1034281	116	o6	1.560	ACCAAA
1034289	488	7m8	1.260	ACCAAA
1034304	2603	6m	2.093	CCAAAG
1034304	2705	o6	1.301	ACCAAA
1034304	2761	o6	1.554	ACCAAA
1034304	3150	o6	1.306	ACCAAA
1034304	3587	o6	2.767	ACCAAA
1034316	89	o6	1.584	ACCAAA
1034316	1668	7m8	2.016	ACCAAA
1034316	3342	o6	1.283	ACCAAA
1034316	3586	8m	2.012	ACCAAA
1034331	1320	o6	1.516	ACCAAA
1034331	2162	o6	1.435	ACCAAA
1034331	2172	o6	2.196	ACCAAA
1034331	3262	7A1	1.743	CCAAAG
1034331	3720	o6	1.085	ACCAAA
1034331	3768	o6	3.157	ACCAAA
1034331	4097	o6	1.700	ACCAAA
1034347	116	6m	2.288	CCAAAG
1034347	122	6m	2.288	CCAAAG
1034353	1539	6m	1.041	CCAAAG
1034362	850	7m8	3.347	CCAAAG
1034406	1946	o6	1.386	ACCAAA
1034416	98	o6	1.005	ACCAAA
1034416	103	o6	1.005	ACCAAA
1034427	74	o6	2.808	ACCAAA
1034427	81	o6	2.732	ACCAAA
1034448	690	6m	1.138	CCAAAG
1034481	434	o6	1.030	ACCAAA
1034496	509	o6	2.508	ACCAAA
1034496	664	o6	2.854	ACCAAA
1034499	79	7m8	3.390	ACCAAA
1034499	918	7m8	3.994	ACCAAA
1034508	123	7m8	1.073	CCAAAG
1034514	83	o6	1.762	ACCAAA
1034539	161	o6	2.981	ACCAAA
1034539	946	6m	3.475	CCAAAG
1034539	3117	6m	1.548	CCAAAG
1034544	660	o6	2.026	ACCAAA
1034556	2367	o6	2.321	ACCAAA
1034565	2106	o6	1.577	ACCAAA
1034569	2643	8m	2.143	ACCAAA
1034569	3512	8m	1.682	ACCAAA
1034569	4617	o6	1.368	ACCAAA
1034617	138	o6	1.381	ACCAAA
1034655	409	o6	1.293	ACCAAA
1034665	1301	o6	1.084	ACCAAA
1034671	79	7m8	2.763	ACCAAA
1034679	378	o6	1.322	ACCAAA
1034679	810	6m	2.013	CCAAAG
1034679	1555	o6	1.079	ACCAAA
1034679	1689	o6	1.725	ACCAAA
1034687	367	o6	3.289	ACCAAA
1034690	1450	6m	2.201	CCAAAG
1034736	69	o6	2.252	ACCAAA
1034736	262	6m	1.377	CCAAAG
1034739	653	6m	1.349	CCAAAG
1034739	2172	o6	1.274	ACCAAA
1034748	1571	o6	2.858	ACCAAA
1034757	80	o6	2.302	ACCAAA
1034771	1364	o6	2.194	ACCAAA
1034789	231	o6	2.306	ACCAAA
1034789	377	o6	2.276	ACCAAA
1034831	324	o6	2.321	ACCAAA
1034836	1492	o6	1.546	ACCAAA
1034873	35	o6	4.680	ACCAAA
1034879	889	o6	2.807	ACCAAA
1034884	753	o6	1.818	ACCAAA
1034893	221	o6	2.648	ACCAAA
1034893	230	o6	2.648	ACCAAA
1034899	995	o6	1.454	ACCAAA
1034899	2572	o6	1.607	ACCAAA
1034899	3535	o6	3.089	ACCAAA
1034941	1012	o6	1.230	ACCAAA
1034941	1443	o6	2.581	ACCAAA
1034941	1449	o6	2.581	ACCAAA
1034942	266	o6	1.519	ACCAAA
1034953	216	o6	2.776	ACCAAA
1034995	5409	o6	1.240	ACCAAA
1034995	5491	o6	1.706	ACCAAA
1034995	5871	o6	1.107	ACCAAA
1034995	6028	o6	1.019	ACCAAA
1035001	686	o6	2.286	ACCAAA
1035010	341	o6	2.143	ACCAAA
1035010	4056	o6	1.815	ACCAAA
1035010	4208	o6	3.945	ACCAAA
1035015	1376	o6	4.994	ACCAAA
1035033	769	o6	1.156	ACCAAA
1035037	986	o6	1.066	ACCAAA
1035040	3469	7A1	1.026	CCAAAG
1035049	260	o6	1.803	ACCAAA
1035055	628	6m	1.359	CCAAAG
1035097	377	o6	1.724	ACCAAA
1035103	1054	o6	1.557	ACCAAA
1035126	661	o6	1.120	ACCAAA
1035132	687	o6	1.242	ACCAAA
1035189	291	o6	1.428	ACCAAA
1035230	219	7m8	1.679	CCAAAG
1035248	547	8m	1.563	CCAAAG
1035248	1936	o6	2.309	ACCAAA
1035251	330	6m	1.540	CCAAAG
1035260	51	o6	1.339	ACCAAA
1035276	753	o6	2.530	ACCAAA
1035288	323	6m	1.690	CCAAAG
1035288	805	o6	1.038	ACCAAA
1035288	815	8m	1.073	ACCAAA
1035314	1038	7A1	2.497	CCAAAG
1035314	1402	o6	2.116	ACCAAA
1035320	547	6m	2.924	CCAAAG
1035323	253	o6	2.761	ACCAAA
1035351	107	o6	3.701	ACCAAA
1035356	785	o6	1.538	ACCAAA
1035407	224	7A1	2.267	CCAAAG
1035426	350	o6	1.047	ACCAAA
1035431	292	o6	3.390	ACCAAA
1035453	215	o6	3.026	ACCAAA
1035473	186	7A1	2.333	CCAAAG
1035477	1106	o6	1.690	ACCAAA
1035477	1679	o6	1.818	ACCAAA
1035506	91	o6	3.744	ACCAAA
1035527	3185	o6	3.511	ACCAAA
1035536	2074	7m8	1.367	ACCAAA
1035536	3344	8m	1.117	ACCAAA
1035569	1422	o6	1.504	ACCAAA
1035569	1883	o6	1.355	ACCAAA
1035569	3206	6m	1.009	CCAAAG
1035569	3630	o6	1.606	ACCAAA
1035569	4274	o6	1.284	ACCAAA
1035569	5304	7A1	2.463	CCAAAG
1035569	6778	o6	1.284	ACCAAA
1035569	6943	o6	1.308	ACCAAA
1035569	8946	o6	2.247	ACCAAA
1035569	9513	o6	2.509	ACCAAA
1035569	9907	o6	1.391	ACCAAA
1035569	9931	7m8	1.287	ACCAAA
1035569	10442	o6	1.313	ACCAAA
1035569	13352	o6	1.598	ACCAAA
1035569	13372	o6	1.201	ACCAAA
1035569	15815	o6	2.607	ACCAAA
1035569	16167	o6	1.600	ACCAAA
1035569	18459	o6	1.847	ACCAAA
1035576	354	o6	3.101	ACCAAA
1035588	139	o6	2.325	ACCAAA
1035602	566	7m8	3.475	ACCAAA
1035627	20	o6	2.086	ACCAAA
1035644	195	o6	2.544	ACCAAA
1035669	153	o6	2.341	ACCAAA
1035672	257	7A1	2.834	CCAAAG
1035677	86	o6	1.921	ACCAAA
1035687	77	6m	2.321	CCAAAG
1035687	449	o6	3.162	ACCAAA
1035687	598	o6	3.392	ACCAAA
1035711	956	6m	1.888	CCAAAG
1035738	97	o6	3.684	ACCAAA
1035755	48	o6	1.566	ACCAAA
1035768	1305	o6	1.679	ACCAAA
1035768	2728	o6	1.348	ACCAAA
1035773	3043	7m8	1.045	ACCAAA
1035779	198	o6	2.020	ACCAAA
1035779	300	o6	1.874	ACCAAA
1035782	1502	o6	1.872	ACCAAA
1035783	2027	o6	1.585	ACCAAA
1035794	309	o6	2.377	ACCAAA
1035798	1625	o6	3.398	ACCAAA
1035843	2446	o6	2.268	ACCAAA
1035843	3043	o6	1.558	ACCAAA
1035945	3929	7m8	2.031	ACCAAA
1035963	193	7A1	2.003	CCAAAG
1035986	558	o6	2.321	ACCAAA
1035993	40	6m	1.634	CCAAAG
1035993	752	o6	2.854	ACCAAA
1036046	897	o6	2.650	ACCAAA
1036053	169	8m	3.751	CCAAAG
1036058	3	8m	1.129	ACCAAA
1036059	51	o6	1.404	ACCAAA
1036080	169	7A1	1.855	CCAAAG
1036080	1012	7A1	1.880	CCAAAG
1036127	227	o6	1.681	ACCAAA
1036127	237	o6	1.681	ACCAAA
1036127	255	6m	1.313	CCAAAG
1036127	3854	7A1	1.080	CCAAAG
1036127	5274	o6	1.324	ACCAAA
1036149	578	6m	1.122	CCAAAG
1036154	953	o6	1.308	ACCAAA
1036154	2689	o6	1.815	ACCAAA
1036154	3842	o6	1.145	ACCAAA
1036178	366	7A1	2.133	CCAAAG
1036179	128	o6	2.794	ACCAAA
1036188	367	7A1	2.816	CCAAAG
1036208	372	o6	2.615	ACCAAA
1036220	190	o6	1.077	ACCAAA
1036232	1576	o6	1.391	ACCAAA
1036274	183	o6	1.691	ACCAAA
1036289	244	7A1	2.179	CCAAAG
1036316	77	o6	1.123	ACCAAA
1036349	300	6m	1.205	CCAAAG
1036358	103	6m	3.084	CCAAAG
1036374	2113	o6	2.383	ACCAAA
1036374	2168	o6	2.063	ACCAAA
1036381	2	o6	4.162	ACCAAA
1036381	113	6m	1.871	CCAAAG
1036404	1272	7A1	1.373	CCAAAG
1036404	1283	o6	1.373	ACCAAA
1036405	971	7m8	2.377	ACCAAA
1036420	408	6m	1.189	CCAAAG
1036432	783	o6	3.149	ACCAAA
1036432	1508	6m	1.368	CCAAAG
1036449	899	o6	2.686	ACCAAA
1036462	790	6m	1.820	CCAAAG
1036462	831	7m8	1.888	ACCAAA
1036462	1075	7m8	1.409	ACCAAA
1036462	1113	o6	1.663	ACCAAA
1036462	1164	o6	1.033	ACCAAA
1036471	246	7A1	1.790	CCAAAG
1036482	247	7m8	3.058	ACCAAA
1036492	263	o6	1.373	ACCAAA
1036533	145	o6	1.891	ACCAAA
1036558	57	o6	2.892	ACCAAA
1036558	2028	o6	1.279	ACCAAA
1036563	152	o6	2.533	ACCAAA
1036566	337	o6	3.347	ACCAAA
1036566	424	6m	1.409	CCAAAG
1036566	702	o6	1.169	ACCAAA
1036568	813	o6	1.377	ACCAAA
1036568	1623	8m	1.159	ACCAAA
1036568	3009	o6	1.464	ACCAAA
1036568	3408	o6	2.005	ACCAAA
1036568	3989	6m	1.882	CCAAAG
1036568	4150	o6	2.016	ACCAAA
1036592	275	7A1	1.979	CCAAAG
1036601	42	o6	1.744	ACCAAA
1036601	77	o6	1.906	ACCAAA
1036601	2322	o6	1.546	ACCAAA
1036610	71	o6	3.261	ACCAAA
1036645	42	6m	1.362	CCAAAG
1036645	452	7A1	2.619	CCAAAG
1036668	114	o6	2.232	ACCAAA
1036676	60	o6	2.396	ACCAAA
1036676	65	o6	1.818	ACCAAA
1036686	150	o6	1.956	ACCAAA
1036715	165	o6	2.690	ACCAAA
1036718	2	6m	1.499	CCAAAG
1036724	576	o6	2.508	ACCAAA
1036788	633	o6	3.358	ACCAAA
1036788	2441	o6	2.907	ACCAAA
1036788	3192	o6	1.006	ACCAAA
1036899	303	o6	1.073	ACCAAA
1036899	827	o6	3.166	ACCAAA
1036899	1014	o6	1.227	ACCAAA
1036916	34	o6	2.039	ACCAAA
1036967	418	o6	2.066	ACCAAA
1036967	615	o6	2.141	ACCAAA
1036973	486	o6	1.410	ACCAAA
1036976	35	6m	2.194	CCAAAG
1037031	739	o6	2.626	ACCAAA
1037031	1084	o6	2.626	ACCAAA
1037031	1424	o6	2.358	ACCAAA
1037036	685	o6	2.914	ACCAAA
1037051	1383	o6	1.202	ACCAAA
1037098	233	7m8	1.045	ACCAAA
1037107	0	o6	1.829	ACCAAA
1037111	277	o6	1.597	ACCAAA
1037134	42	6m	2.926	CCAAAG
1037171	526	o6	1.209	ACCAAA
1037171	939	o6	1.673	ACCAAA
1037192	73	6m	2.018	CCAAAG
1037197	367	o6	2.318	ACCAAA
1037198	22	7A1	1.926	CCAAAG
1037207	460	6m	2.489	CCAAAG
1037215	8	o6	1.175	ACCAAA
1037297	90	o6	2.801	ACCAAA
1037301	216	o6	1.154	ACCAAA
1037327	201	o6	1.057	ACCAAA
1037339	1423	o6	1.427	ACCAAA
1037339	1507	o6	2.304	ACCAAA
1037339	1531	o6	2.413	ACCAAA
1037339	1728	o6	2.341	ACCAAA
1037360	185	o6	1.834	ACCAAA
1037386	969	o6	1.065	ACCAAA
1037389	169	o6	1.132	ACCAAA
1037390	603	7A1	1.056	CCAAAG
1037398	1231	7m8	2.156	CCAAAG
1037413	140	6m	1.921	CCAAAG
1037452	47	o6	2.143	ACCAAA
1037474	880	o6	1.055	ACCAAA
1037474	988	o6	1.432	ACCAAA
1037485	1602	6m	1.389	CCAAAG
1037494	1087	o6	1.077	ACCAAA
1037494	1358	o6	1.683	ACCAAA
1037494	1460	o6	1.449	ACCAAA
1037494	1938	o6	1.288	ACCAAA
1037516	126	o6	1.162	ACCAAA
1037615	960	o6	2.243	ACCAAA
1037615	1124	o6	1.211	ACCAAA
1037630	41	o6	1.521	ACCAAA
1037646	11	6m	1.269	CCAAAG
1037684	196	o6	4.161	ACCAAA
1037982	55	6m	3.695	CCAAAG
1037982	160	7A1	2.269	CCAAAG
1038000	134	o6	1.633	ACCAAA
1038021	1520	6m	2.286	CCAAAG
1038066	29	6m	2.017	CCAAAG
1038067	132	o6	2.776	ACCAAA
1038085	407	6m	2.663	CCAAAG
1038118	212	o6	1.863	ACCAAA
1038122	920	o6	2.064	ACCAAA
1038127	531	o6	1.172	ACCAAA
1038192	185	o6	1.380	ACCAAA
1038192	217	o6	2.654	ACCAAA
1038193	61	o6	1.015	ACCAAA
1038214	365	7A1	3.803	CCAAAG
1038214	1806	o6	1.843	ACCAAA
1038223	223	o6	1.246	ACCAAA
1038223	562	o6	1.262	ACCAAA
1038223	930	6m	1.277	CCAAAG
1038244	121	7m8	2.093	ACCAAA
1038293	3289	o6	3.100	ACCAAA
1038309	45	o6	1.711	ACCAAA
1038312	2313	6m	3.387	CCAAAG
1038312	2672	7A1	1.548	CCAAAG
1038398	54	o6	1.322	ACCAAA
1038407	478	o6	1.358	ACCAAA
1038426	666	o6	1.936	ACCAAA
1038440	39	8m	2.683	ACCAAA
1038440	106	o6	1.056	ACCAAA
1038440	816	o6	2.523	ACCAAA
1038440	877	o6	1.962	ACCAAA
1038470	667	o6	2.366	ACCAAA
1038485	208	o6	1.240	ACCAAA
1038485	213	o6	1.240	ACCAAA
1038485	374	o6	1.774	ACCAAA
1038499	230	7m8	1.328	CCAAAG
1038499	456	o6	1.311	ACCAAA
1038512	566	o6	2.497	ACCAAA
1038535	1	o6	1.209	ACCAAA
1038544	405	7m8	3.284	ACCAAA
1038544	1107	o6	1.209	ACCAAA
1038571	1269	6m	1.470	CCAAAG
1038574	63	6m	2.138	CCAAAG
1038616	758	7m8	1.932	CCAAAG
1038622	368	7m8	3.781	ACCAAA
1038640	1405	8m	2.058	ACCAAA
1038640	1415	o6	1.524	ACCAAA
1038640	1458	7m8	1.577	ACCAAA
1038640	1506	o6	2.788	ACCAAA
1038640	2662	o6	1.557	ACCAAA
1038643	932	6m	1.998	CCAAAG
1038653	174	o6	1.073	ACCAAA
1038670	30	7A1	1.546	CCAAAG
1038670	42	6m	1.539	CCAAAG
1038670	48	6m	1.478	CCAAAG
1038670	1057	o6	1.323	ACCAAA
1038670	1205	o6	1.512	ACCAAA
1038676	151	6m	1.618	CCAAAG
1038686	1660	o6	1.156	ACCAAA
1038686	1769	o6	1.090	ACCAAA
1038695	15	o6	1.067	ACCAAA
1038727	365	o6	2.973	ACCAAA
1038748	1341	o6	2.600	ACCAAA
1038748	1721	o6	1.022	ACCAAA
1038796	54	7A1	3.848	CCAAAG
1038817	33	7A1	1.416	CCAAAG
1038833	921	7m8	1.426	ACCAAA
1038841	230	7A1	1.979	CCAAAG
1038860	194	o6	1.971	ACCAAA
1038860	990	o6	1.357	ACCAAA
1038860	1186	o6	1.350	ACCAAA
1038867	521	o6	1.162	ACCAAA
1038872	356	o6	1.281	ACCAAA
1038890	395	7m8	3.600	CCAAAG
1038908	303	o6	1.926	ACCAAA
1038930	118	7A1	3.201	CCAAAG
1038960	474	o6	1.451	ACCAAA
1038965	98	7A1	3.379	CCAAAG
1038983	86	7m8	1.288	CCAAAG
1038983	99	o6	2.809	ACCAAA
1038983	292	o6	1.158	ACCAAA
1039039	13	6m	1.931	CCAAAG
1039061	2185	o6	1.224	ACCAAA
1039061	2851	6m	1.910	CCAAAG
1039114	1012	o6	1.559	ACCAAA
1039178	152	o6	2.299	ACCAAA
1039178	244	o6	1.150	ACCAAA
1039178	386	o6	1.766	ACCAAA
1039178	519	o6	1.264	ACCAAA
1039271	570	o6	1.204	ACCAAA
1039285	292	o6	1.053	ACCAAA
1039285	455	o6	3.645	ACCAAA
1039285	1718	o6	3.588	ACCAAA
1039285	2354	o6	1.455	ACCAAA
1039286	1142	o6	1.450	ACCAAA
1039300	218	6m	2.289	CCAAAG
1039301	835	7A1	2.286	CCAAAG
1039376	1603	o6	1.248	ACCAAA
1039376	1685	o6	2.043	ACCAAA
1039376	2854	o6	1.789	ACCAAA
1039389	138	o6	1.943	ACCAAA
1039421	335	6m	2.634	CCAAAG
1039421	496	o6	2.904	ACCAAA
1039422	2857	o6	1.377	ACCAAA
1039431	407	o6	1.888	ACCAAA
1039445	536	o6	1.297	ACCAAA
1039445	1071	o6	2.405	ACCAAA
1039469	635	6m	2.265	CCAAAG
1039469	694	o6	1.228	ACCAAA
1039484	81	o6	1.892	ACCAAA
1039490	412	8m	1.894	ACCAAA
1039502	483	o6	1.655	ACCAAA
1039502	1630	6m	1.213	CCAAAG
1039502	6239	o6	1.252	ACCAAA
1039539	156	o6	2.040	ACCAAA
1039563	3377	o6	1.313	ACCAAA
1039563	5829	o6	1.145	ACCAAA
1039568	83	6m	1.686	CCAAAG
1039568	543	6m	1.942	CCAAAG
1039568	560	o6	1.916	ACCAAA
1039578	4826	o6	2.157	ACCAAA
1039606	529	6m	1.208	CCAAAG
1039606	709	o6	2.627	ACCAAA
1039606	1017	o6	1.417	ACCAAA
1039703	1642	o6	1.434	ACCAAA
1039703	2094	o6	1.031	ACCAAA
1039703	2306	7A1	1.957	CCAAAG
1039706	1800	7A1	2.973	CCAAAG
1039764	1178	7A1	2.112	CCAAAG
1039764	2052	7A1	1.038	CCAAAG
1039794	690	o6	1.468	ACCAAA
1039797	2409	o6	1.722	ACCAAA
1039805	1106	6m	1.690	CCAAAG
1039808	2581	7A1	1.139	CCAAAG
1039811	2536	7A1	1.139	CCAAAG
1039817	122	6m	1.257	CCAAAG
1039831	581	6m	1.389	CCAAAG
1039853	220	o6	3.398	ACCAAA
1039853	802	o6	2.073	ACCAAA
1039853	1304	o6	1.818	ACCAAA
1039853	2263	8m	2.708	ACCAAA
1039853	3042	o6	2.073	ACCAAA
1039853	4579	o6	1.582	ACCAAA
1039853	7977	o6	1.182	ACCAAA
1039853	8259	o6	1.355	ACCAAA
1039853	8328	o6	1.186	ACCAAA
1039853	8339	o6	1.073	ACCAAA
1039865	443	o6	1.527	ACCAAA
1039908	651	o6	2.007	ACCAAA
1039908	1040	7m8	2.541	ACCAAA
1039908	1156	o6	1.416	ACCAAA
1039908	2052	o6	1.304	ACCAAA
1039908	2104	o6	2.541	ACCAAA
1039908	3713	o6	1.110	ACCAAA
1039908	4628	o6	1.013	ACCAAA
1039935	302	o6	1.380	ACCAAA
1039949	433	o6	2.413	ACCAAA
1039949	531	7A1	3.449	CCAAAG
1039949	702	7m8	1.021	CCAAAG
1039955	1470	o6	2.101	ACCAAA
1039959	821	o6	1.149	ACCAAA
1039959	1592	7A1	3.640	CCAAAG
1039959	1723	o6	1.153	ACCAAA
1039959	1730	o6	1.772	ACCAAA
1039996	447	o6	1.274	ACCAAA
1040004	690	7m8	1.655	CCAAAG
1040007	1709	o6	1.320	ACCAAA
1040012	2648	o6	1.745	ACCAAA
1040012	2711	6m	1.677	CCAAAG
1040016	1066	6m	1.102	CCAAAG
1040037	2570	7A1	1.139	CCAAAG
1040040	102	o6	1.162	ACCAAA
1040040	372	7m8	1.467	ACCAAA
1040049	60	o6	2.640	ACCAAA
1040049	66	o6	2.640	ACCAAA
1040049	221	7m8	1.481	ACCAAA
1040049	599	o6	1.483	ACCAAA
1040049	1664	o6	2.659	ACCAAA
1040049	1927	8m	1.790	ACCAAA
1040049	2696	7m8	1.338	ACCAAA
1040058	2307	o6	1.405	ACCAAA
1040058	2380	7A1	1.284	CCAAAG
1040058	3695	o6	1.010	ACCAAA
1040058	4092	7A1	1.010	CCAAAG
1040069	556	o6	2.321	ACCAAA
1040070	1991	7m8	2.106	CCAAAG
1040070	3600	o6	1.904	ACCAAA
1040078	238	7m8	2.964	ACCAAA
1040091	1672	7A1	1.571	CCAAAG
1040115	76	o6	2.321	ACCAAA
1040129	303	7m8	3.609	ACCAAA
1040144	129	o6	1.328	ACCAAA
1040154	249	o6	2.981	ACCAAA
1040159	538	o6	1.615	ACCAAA
1040162	640	o6	1.939	ACCAAA
1040165	3404	o6	1.073	ACCAAA
1040168	420	7m8	4.077	ACCAAA
1040183	223	o6	1.169	ACCAAA
1040183	1215	o6	1.228	ACCAAA
1040190	1266	o6	2.037	ACCAAA
1040190	2618	o6	2.349	ACCAAA
1040190	2920	o6	2.875	ACCAAA
1040202	2224	o6	1.003	ACCAAA
1040202	2578	o6	1.218	ACCAAA
1040210	3123	o6	2.163	ACCAAA
1040210	3794	o6	2.163	ACCAAA
1040237	525	o6	3.834	ACCAAA
1040240	243	o6	1.579	ACCAAA
1040283	572	o6	1.180	ACCAAA
1040283	2446	o6	1.492	ACCAAA
1040283	2955	o6	2.149	ACCAAA
1040283	2961	o6	2.149	ACCAAA
1040289	36	6m	2.079	CCAAAG
1040294	1171	o6	3.649	ACCAAA
1040298	1348	o6	1.490	ACCAAA
1040298	3130	o6	1.163	ACCAAA
1040298	3542	6m	2.375	CCAAAG
1040303	42	o6	1.576	ACCAAA
1040303	457	o6	2.169	ACCAAA
1040303	1261	7m8	1.524	ACCAAA
1040303	1880	o6	2.738	ACCAAA
1040303	2831	6m	1.006	CCAAAG
1040303	3085	o6	1.081	ACCAAA
1040304	1976	6m	1.885	CCAAAG
1040325	409	o6	4.797	ACCAAA
1040337	80	o6	3.654	ACCAAA
1040346	2570	o6	1.632	ACCAAA
1040346	2935	o6	1.220	ACCAAA
1040346	4806	8m	2.015	ACCAAA
1040352	14	o6	1.693	ACCAAA
1040361	65	o6	1.905	ACCAAA
1040361	70	o6	2.033	ACCAAA
1040377	1137	o6	1.287	ACCAAA
1040387	483	o6	1.062	ACCAAA
1040395	2187	o6	1.389	ACCAAA
1040417	2389	o6	1.040	ACCAAA
1040417	2939	o6	1.253	ACCAAA
1040420	38	8m	4.010	ACCAAA
1040434	825	o6	2.763	ACCAAA
1040434	836	o6	2.687	ACCAAA
1040438	72	o6	1.995	ACCAAA
1040438	853	o6	1.446	ACCAAA
1040438	1496	6m	3.585	CCAAAG
1040444	247	o6	1.062	ACCAAA
1040495	794	o6	3.173	ACCAAA
1040500	1224	o6	1.792	ACCAAA
1040500	1511	o6	2.429	ACCAAA
1040524	403	o6	2.470	ACCAAA
1040538	3944	o6	1.032	ACCAAA
1040542	1296	7m8	2.302	CCAAAG
1040542	1356	o6	3.596	ACCAAA
1040542	2497	o6	2.370	ACCAAA
1040542	2699	o6	3.226	ACCAAA
1040542	3401	o6	3.353	ACCAAA
1040542	3563	6m	1.339	CCAAAG
1040584	374	o6	3.248	ACCAAA
1040584	1708	o6	1.384	ACCAAA
1040584	1750	o6	2.547	ACCAAA
1040589	833	o6	1.235	ACCAAA
1040589	2567	o6	2.157	ACCAAA
1040589	3918	o6	1.550	ACCAAA
1040590	1581	o6	2.069	ACCAAA
1040590	6758	o6	1.373	ACCAAA
1040590	7068	o6	2.375	ACCAAA
1040590	7112	o6	2.569	ACCAAA
1040590	7349	o6	1.365	ACCAAA
1040590	7508	7A1	2.375	CCAAAG
1040590	7575	o6	1.548	ACCAAA
1040635	924	o6	1.182	ACCAAA
1040635	2271	o6	1.204	ACCAAA
1040635	3560	7m8	1.335	ACCAAA
1040635	3608	o6	1.195	ACCAAA
1040646	637	7m8	1.409	CCAAAG
