1000134	692	o6	1.156	TACCTT
1000219	542	7A1	1.812	ACCTTG
1000249	906	o6	1.316	TACCTT
1000321	418	o6	2.503	TACCTT
1000451	14	6m	1.016	ACCTTG
1000595	790	o6	1.061	TACCTT
1000653	599	7m8	1.092	TACCTT
1000673	645	o6	1.270	TACCTT
1000706	711	o6	1.240	TACCTT
1000706	1228	o6	1.284	TACCTT
1000767	80	o6	1.515	TACCTT
1000779	907	o6	3.232	TACCTT
1000835	736	o6	1.955	TACCTT
1000845	1076	o6	2.350	TACCTT
1000893	18	o6	1.120	TACCTT
1001075	3067	6m	1.827	ACCTTG
1001135	320	7m8	1.278	TACCTT
1001243	119	o6	2.149	TACCTT
1001440	2706	o6	1.633	TACCTT
1001518	620	6m	3.037	ACCTTG
1001518	884	6m	1.534	ACCTTG
1001906	1755	6m	1.932	ACCTTG
1001906	2096	6m	1.085	ACCTTG
1001934	445	6m	1.178	ACCTTG
1001981	43	o6	1.015	TACCTT
1002084	383	o6	1.873	TACCTT
1002236	220	o6	1.285	TACCTT
1002293	35	o6	2.479	TACCTT
1002358	45	o6	1.232	TACCTT
1002383	445	6m	1.480	ACCTTG
1002731	55	o6	2.276	TACCTT
1002877	1102	o6	2.021	TACCTT
1002985	235	o6	1.274	TACCTT
1003143	874	6m	1.321	ACCTTG
1003298	357	o6	2.520	TACCTT
1003355	464	o6	1.058	TACCTT
1004034	283	8m	2.098	TACCTT
1004104	-1	7A1	1.113	ACCTTG
1004437	1264	o6	2.764	TACCTT
1004437	1775	o6	1.729	TACCTT
1004661	897	o6	3.259	TACCTT
1005078	378	6m	1.915	ACCTTG
1005103	400	o6	2.002	TACCTT
1005259	16	6m	1.935	ACCTTG
1005301	54	7A1	1.633	ACCTTG
1005335	380	6m	2.626	ACCTTG
1005349	3808	o6	2.199	TACCTT
1005438	107	7m8	2.136	TACCTT
1005443	355	o6	3.347	TACCTT
1005646	3254	o6	1.775	TACCTT
1005680	299	7A1	3.107	ACCTTG
1005709	89	o6	1.053	TACCTT
1005826	290	6m	2.174	ACCTTG
1006032	184	6m	1.328	ACCTTG
1006173	339	o6	1.533	TACCTT
1006548	404	o6	2.218	TACCTT
1006708	1357	6m	2.299	ACCTTG
1006940	918	7m8	1.606	TACCTT
1007017	704	6m	2.160	ACCTTG
1007031	185	o6	2.357	TACCTT
1007231	920	o6	2.807	TACCTT
1007251	1619	o6	2.045	TACCTT
1007364	1864	o6	2.007	TACCTT
1007629	170	o6	1.448	TACCTT
1007740	2358	6m	1.124	ACCTTG
1007807	274	6m	2.854	ACCTTG
1007923	1628	o6	1.001	TACCTT
1007935	413	o6	1.059	TACCTT
1007980	794	7A1	3.026	ACCTTG
1007980	2098	7m8	3.028	TACCTT
1008109	97	o6	2.544	TACCTT
1008213	994	o6	1.202	TACCTT
1008301	52	6m	1.157	ACCTTG
1008510	91	o6	2.305	TACCTT
1008584	46	6m	1.590	ACCTTG
1008597	126	o6	1.053	TACCTT
1008606	376	o6	1.147	TACCTT
1008788	208	o6	2.133	TACCTT
1008789	382	o6	1.979	TACCTT
1008789	387	o6	1.979	TACCTT
1008789	403	o6	1.891	TACCTT
1008852	1469	6m	1.284	ACCTTG
1008933	827	o6	1.563	TACCTT
1009037	261	o6	3.591	TACCTT
1009352	53	o6	1.690	TACCTT
1009411	202	o6	1.410	TACCTT
1009647	230	o6	1.761	TACCTT
1009647	236	o6	2.371	TACCTT
1009658	211	7m8	1.641	TACCTT
1009736	764	7A1	2.323	ACCTTG
1009861	104	o6	2.720	TACCTT
1009870	28	o6	1.928	TACCTT
1009942	225	8m	2.073	TACCTT
1009945	1116	o6	1.320	TACCTT
1009948	1035	o6	2.561	TACCTT
1009960	209	o6	1.316	TACCTT
1009975	246	6m	1.902	ACCTTG
1010082	636	6m	1.028	ACCTTG
1010332	416	o6	2.057	TACCTT
1010359	319	7m8	1.030	TACCTT
1010851	83	o6	1.414	TACCTT
1010956	913	8m	2.007	TACCTT
1011321	1456	o6	2.537	TACCTT
1011487	704	o6	2.011	TACCTT
1011596	44	7A1	1.499	ACCTTG
1011743	608	o6	2.616	TACCTT
1011868	144	o6	1.035	TACCTT
1011932	309	o6	2.025	TACCTT
1011932	679	6m	1.027	ACCTTG
1012008	434	o6	2.294	TACCTT
1012032	353	6m	2.356	ACCTTG
1012074	535	o6	1.065	TACCTT
1012081	51	8m	1.683	TACCTT
1012286	353	o6	1.252	TACCTT
1012479	1009	6m	1.053	ACCTTG
1012564	54	o6	1.495	TACCTT
1012660	129	7A1	1.048	ACCTTG
1012797	636	6m	1.867	ACCTTG
1012801	250	7m8	1.220	ACCTTG
1012830	934	6m	1.999	ACCTTG
1012879	71	6m	2.025	ACCTTG
1012900	739	o6	1.562	TACCTT
1012912	821	o6	1.321	TACCTT
1012996	91	o6	2.736	TACCTT
1013073	1013	o6	1.292	TACCTT
1013088	42	o6	1.254	TACCTT
1013089	820	7m8	1.647	ACCTTG
1013166	45	o6	1.682	TACCTT
1013458	115	o6	1.658	TACCTT
1013461	332	7m8	1.814	TACCTT
1013518	2395	7m8	1.501	TACCTT
1013529	263	o6	2.316	TACCTT
1013536	177	o6	2.039	TACCTT
1013643	477	o6	2.525	TACCTT
1013670	376	6m	1.011	ACCTTG
1013670	2240	o6	2.376	TACCTT
1013687	35	6m	1.247	ACCTTG
1013782	169	o6	2.409	TACCTT
1014294	99	o6	1.495	TACCTT
1014411	113	o6	2.037	TACCTT
1014473	2235	o6	2.819	TACCTT
1014883	1023	o6	2.015	TACCTT
1014988	5941	o6	2.782	TACCTT
1015021	1241	6m	1.705	ACCTTG
1015085	1968	o6	3.082	TACCTT
1015145	2199	7A1	1.480	ACCTTG
1015259	480	o6	1.593	TACCTT
1015300	69	7A1	1.976	ACCTTG
1015329	396	6m	1.674	ACCTTG
1015329	403	o6	1.876	TACCTT
1015348	214	7m8	1.185	TACCTT
1015354	27	6m	2.450	ACCTTG
1015394	517	o6	1.278	TACCTT
1015435	173	6m	1.285	ACCTTG
1015572	1675	6m	1.892	ACCTTG
1015647	92	6m	2.084	ACCTTG
1015676	783	o6	2.026	TACCTT
1015676	1663	o6	2.526	TACCTT
1015915	761	6m	1.073	ACCTTG
1015928	446	o6	3.398	TACCTT
1015940	428	6m	1.051	ACCTTG
1016011	1574	7A1	1.729	ACCTTG
1016026	2428	o6	1.181	TACCTT
1016176	1429	o6	2.220	TACCTT
1016200	1347	o6	2.544	TACCTT
1016220	3	o6	4.659	TACCTT
1016265	229	6m	1.993	ACCTTG
1016418	231	o6	2.220	TACCTT
1016418	280	o6	1.729	TACCTT
1016500	1425	6m	1.687	ACCTTG
1016512	684	o6	2.033	TACCTT
1016565	1198	o6	2.660	TACCTT
1016565	1426	6m	1.731	ACCTTG
1016623	440	6m	1.252	ACCTTG
1016632	137	7m8	1.000	TACCTT
1016695	997	o6	1.201	TACCTT
1016698	1247	o6	1.328	TACCTT
1016701	1082	o6	1.403	TACCTT
1016707	42	6m	1.598	ACCTTG
1016721	22	o6	2.448	TACCTT
1016800	417	7A1	1.148	ACCTTG
1016922	585	7m8	2.781	TACCTT
1016951	3	7A1	1.211	ACCTTG
1016951	601	o6	2.073	TACCTT
1017103	44	6m	1.150	ACCTTG
1017127	802	o6	1.629	TACCTT
1017169	382	o6	1.078	TACCTT
1017197	1785	o6	2.544	TACCTT
1017245	418	o6	1.873	TACCTT
1017437	506	6m	2.427	ACCTTG
1017511	1756	6m	2.073	ACCTTG
1017614	4744	o6	3.028	TACCTT
1017614	5871	o6	3.028	TACCTT
1017618	1025	o6	1.242	TACCTT
1017985	553	6m	2.031	ACCTTG
1018008	115	6m	1.444	ACCTTG
1018029	85	o6	1.186	TACCTT
1018134	2447	7m8	1.777	TACCTT
1018134	3186	6m	2.741	ACCTTG
1018167	644	6m	2.323	ACCTTG
1018257	457	o6	2.273	TACCTT
1018530	2688	o6	1.157	TACCTT
1018632	3535	o6	1.122	TACCTT
1018708	58	6m	1.658	ACCTTG
1018884	1146	6m	2.073	ACCTTG
1018944	711	6m	1.721	ACCTTG
1019065	78	6m	2.076	ACCTTG
1019076	228	6m	2.406	ACCTTG
1019113	26	6m	1.851	ACCTTG
1019198	803	o6	2.417	TACCTT
1019233	567	o6	2.331	TACCTT
1019354	1038	6m	1.143	ACCTTG
1019441	607	o6	2.129	TACCTT
1019465	1419	o6	1.288	TACCTT
1019579	2600	o6	1.070	TACCTT
1019695	486	o6	1.251	TACCTT
1019722	45	6m	1.322	ACCTTG
1019983	162	o6	2.183	TACCTT
1020253	1321	o6	1.421	TACCTT
1020253	2377	o6	2.640	TACCTT
1020253	2385	o6	2.640	TACCTT
1020345	332	6m	1.468	ACCTTG
1020550	132	o6	2.854	TACCTT
1020564	1077	o6	1.284	TACCTT
1020615	3445	8m	1.606	TACCTT
1020636	55	o6	2.162	TACCTT
1020787	352	o6	1.175	TACCTT
1021178	409	o6	1.832	TACCTT
1021327	58	o6	1.400	TACCTT
1021526	85	6m	2.083	ACCTTG
1021540	2469	o6	1.562	TACCTT
1021540	3634	8m	3.034	TACCTT
1021562	70	6m	1.462	ACCTTG
1021608	531	o6	1.342	TACCTT
1021613	715	6m	1.126	ACCTTG
1021741	181	o6	2.660	TACCTT
1021741	230	o6	2.075	TACCTT
1021800	178	7m8	1.596	TACCTT
1021899	1924	o6	2.220	TACCTT
1021918	675	o6	1.112	TACCTT
1022066	3021	o6	1.379	TACCTT
1022168	640	o6	2.564	TACCTT
1022256	735	o6	3.001	TACCTT
1022495	1031	o6	1.135	TACCTT
1022656	88	o6	1.516	TACCTT
1022843	350	o6	1.694	TACCTT
1022846	999	7A1	1.115	ACCTTG
1022963	102	o6	1.019	TACCTT
1022963	242	o6	1.371	TACCTT
1023100	982	o6	3.005	TACCTT
1023154	1709	6m	1.671	ACCTTG
1023228	62	6m	1.804	ACCTTG
1023289	1125	6m	1.690	ACCTTG
1023426	489	o6	1.264	TACCTT
1023681	956	o6	1.047	TACCTT
1023784	4455	8m	2.592	TACCTT
1023805	4659	o6	2.544	TACCTT
1023828	603	6m	2.262	ACCTTG
1023846	1251	7m8	2.537	TACCTT
1023882	1523	6m	1.322	ACCTTG
1023897	1068	o6	1.394	TACCTT
1023940	107	6m	1.071	ACCTTG
1024085	1370	7A1	2.073	ACCTTG
1024196	15	6m	1.051	ACCTTG
1024204	963	o6	1.362	TACCTT
1024211	912	o6	1.103	TACCTT
1024381	2372	o6	2.698	TACCTT
1024397	2908	6m	1.254	ACCTTG
1024418	552	o6	1.753	TACCTT
1024465	513	7A1	3.082	ACCTTG
1024465	4176	6m	2.350	ACCTTG
1024489	310	o6	1.044	TACCTT
1024522	167	o6	1.234	TACCTT
1024571	766	7A1	1.585	ACCTTG
1024612	2052	o6	2.563	TACCTT
1024622	1451	o6	1.920	TACCTT
1024715	2340	8m	1.484	TACCTT
1024753	281	o6	1.555	TACCTT
1024935	1574	o6	1.258	TACCTT
1025046	215	7A1	2.377	ACCTTG
1025131	179	7A1	1.166	ACCTTG
1025158	1111	6m	1.599	ACCTTG
1025168	1830	6m	3.116	ACCTTG
1025204	519	o6	2.981	TACCTT
1025293	366	o6	1.582	TACCTT
1025298	1334	o6	1.241	TACCTT
1025340	40	o6	2.670	TACCTT
1025380	307	o6	1.266	TACCTT
1025391	15	o6	2.321	TACCTT
1025392	46	o6	2.015	TACCTT
1025424	992	8m	1.089	TACCTT
1025475	1076	6m	2.153	ACCTTG
1025487	387	6m	3.304	ACCTTG
1025488	254	o6	2.775	TACCTT
1025488	260	6m	1.082	ACCTTG
1025491	637	o6	3.205	TACCTT
1025502	178	7A1	1.400	ACCTTG
1025548	941	6m	1.204	ACCTTG
1025651	137	6m	1.042	ACCTTG
1025678	81	7m8	1.040	TACCTT
1025690	219	o6	1.555	TACCTT
1025725	76	o6	1.747	TACCTT
1025878	645	7A1	1.000	ACCTTG
1025926	5	7A1	2.661	ACCTTG
1026095	592	6m	1.606	ACCTTG
1026554	756	8m	1.074	TACCTT
1026652	566	6m	1.295	ACCTTG
1026711	913	o6	2.608	TACCTT
1026711	1180	o6	2.309	TACCTT
1026711	1723	o6	2.608	TACCTT
1026711	3024	o6	1.073	TACCTT
1026853	2676	o6	2.425	TACCTT
1027073	261	o6	2.127	TACCTT
1027115	145	o6	2.559	TACCTT
1027186	44	o6	2.493	TACCTT
1027348	312	o6	1.295	TACCTT
1027556	14	o6	1.263	TACCTT
1027598	104	7A1	1.241	ACCTTG
1027825	155	o6	1.184	TACCTT
1027831	558	7A1	1.271	ACCTTG
1027887	171	o6	1.394	TACCTT
1027989	247	7A1	1.162	ACCTTG
1028001	589	o6	1.560	TACCTT
1028001	1040	o6	2.098	TACCTT
1028003	108	6m	2.661	ACCTTG
1028049	307	o6	1.535	TACCTT
1028262	362	o6	1.604	TACCTT
1028269	836	o6	1.340	TACCTT
1028508	491	6m	1.616	ACCTTG
1028734	2037	6m	1.145	ACCTTG
1028959	41	o6	2.088	TACCTT
1029125	523	7A1	1.323	ACCTTG
1029192	919	7m8	2.404	TACCTT
1029192	2721	7m8	1.504	ACCTTG
1029309	490	o6	1.245	TACCTT
1029384	3045	o6	1.905	TACCTT
1029385	139	o6	1.029	TACCTT
1029391	134	7m8	1.687	TACCTT
1029394	128	6m	1.073	ACCTTG
1029773	119	o6	1.053	TACCTT
1029891	365	o6	1.324	TACCTT
1029995	175	o6	1.086	TACCTT
1030027	142	7m8	1.185	TACCTT
1030245	265	o6	1.944	TACCTT
1030266	1610	o6	3.005	TACCTT
1030417	34	7A1	1.894	ACCTTG
1030451	511	7A1	3.398	ACCTTG
1030451	2221	7A1	2.608	ACCTTG
1030491	65	o6	1.632	TACCTT
1030692	795	6m	2.341	ACCTTG
1030731	52	7m8	1.562	TACCTT
1030782	305	o6	2.544	TACCTT
1030912	307	6m	1.318	ACCTTG
1031013	477	o6	2.350	TACCTT
1031028	165	7A1	2.254	ACCTTG
1031043	393	7A1	1.690	ACCTTG
1031224	2389	o6	1.218	TACCTT
1031495	825	o6	1.710	TACCTT
1031616	111	8m	1.804	TACCTT
1031616	1703	6m	3.058	ACCTTG
1031782	943	8m	1.396	TACCTT
1031830	2415	o6	2.815	TACCTT
1031883	1534	8m	2.537	TACCTT
1031944	152	o6	1.006	TACCTT
1032022	85	o6	1.585	TACCTT
1032052	69	6m	1.076	ACCTTG
1032369	2473	o6	2.593	TACCTT
1032420	247	6m	1.719	ACCTTG
1032640	107	o6	1.155	TACCTT
1032687	396	o6	1.440	TACCTT
1032799	3268	o6	1.154	TACCTT
1032965	736	o6	2.301	TACCTT
1033089	2003	o6	1.258	TACCTT
1033138	620	o6	1.912	TACCTT
1033141	444	o6	1.449	TACCTT
1033141	5774	o6	2.433	TACCTT
1033184	5	o6	2.012	TACCTT
1033184	110	o6	2.404	TACCTT
1033281	384	o6	1.397	TACCTT
1033293	835	6m	1.241	ACCTTG
1033328	1027	7A1	1.464	ACCTTG
1033333	852	o6	1.861	TACCTT
1033384	1991	o6	2.244	TACCTT
1033481	1907	7A1	2.854	ACCTTG
1033481	2776	6m	3.347	ACCTTG
1033547	95	7m8	1.284	TACCTT
1033616	901	o6	2.002	TACCTT
1033803	1087	7A1	1.055	ACCTTG
1033806	136	7A1	1.055	ACCTTG
1033877	1841	o6	2.549	TACCTT
1033933	50	o6	1.222	TACCTT
1033971	1458	7m8	3.009	TACCTT
1033977	99	o6	1.039	TACCTT
1033987	468	o6	1.284	TACCTT
1034074	2093	o6	1.300	TACCTT
1034089	1375	7A1	2.356	ACCTTG
1034109	244	o6	2.372	TACCTT
1034121	2982	o6	1.560	TACCTT
1034160	1249	o6	1.201	TACCTT
1034161	85	o6	1.061	TACCTT
1034304	1609	7m8	3.097	TACCTT
1034316	2090	7A1	2.262	ACCTTG
1034331	851	o6	2.802	TACCTT
1034370	1378	6m	1.146	ACCTTG
1034496	79	6m	1.412	ACCTTG
1034514	182	6m	1.266	ACCTTG
1034641	64	o6	1.065	TACCTT
1034739	3004	o6	3.238	TACCTT
1034771	1039	6m	1.410	ACCTTG
1034771	1179	o6	2.428	TACCTT
1034795	147	o6	1.512	TACCTT
1034800	96	o6	2.592	TACCTT
1034873	865	7A1	2.757	ACCTTG
1034995	5321	o6	2.608	TACCTT
1035033	697	o6	1.167	TACCTT
1035213	1058	7m8	2.529	TACCTT
1035251	227	6m	1.009	ACCTTG
1035327	120	o6	3.154	TACCTT
1035356	305	6m	3.025	ACCTTG
1035380	951	8m	2.595	ACCTTG
1035446	91	o6	2.045	TACCTT
1035453	325	8m	1.733	TACCTT
1035569	11916	o6	2.244	TACCTT
1035569	13978	o6	1.112	TACCTT
1035569	14093	7A1	2.254	ACCTTG
1035704	120	6m	2.907	ACCTTG
1035773	1315	6m	2.719	ACCTTG
1035773	1411	7A1	2.054	ACCTTG
1035773	1501	7A1	1.853	ACCTTG
1035773	1672	7A1	2.301	ACCTTG
1035773	1762	7A1	2.533	ACCTTG
1035783	1971	7m8	3.157	ACCTTG
1035783	2456	o6	3.358	TACCTT
1035783	4717	o6	3.360	TACCTT
1035783	5001	o6	1.487	TACCTT
1035791	289	6m	1.845	ACCTTG
1035798	2017	o6	1.234	TACCTT
1035843	1601	o6	2.427	TACCTT
1035945	1659	7A1	1.421	ACCTTG
1035951	138	6m	2.719	ACCTTG
1035992	43	7m8	1.793	TACCTT
1036002	154	7m8	2.377	TACCTT
1036053	1193	o6	3.214	TACCTT
1036208	66	o6	3.267	TACCTT
1036209	72	6m	1.310	ACCTTG
1036283	1190	6m	1.894	ACCTTG
1036286	276	o6	1.560	TACCTT
1036299	42	6m	1.145	ACCTTG
1036328	845	7m8	1.038	ACCTTG
1036340	18	o6	2.067	TACCTT
1036346	29	6m	1.220	ACCTTG
1036601	2091	o6	2.301	TACCTT
1036745	712	o6	1.958	TACCTT
1036967	181	o6	1.687	TACCTT
1037207	633	7m8	2.977	TACCTT
1037301	2845	6m	1.254	ACCTTG
1037398	1165	o6	1.900	TACCTT
1037437	61	6m	1.967	ACCTTG
1037437	342	o6	1.317	TACCTT
1037757	353	7A1	1.081	ACCTTG
1037835	238	6m	1.622	ACCTTG
1037888	186	o6	2.321	TACCTT
1037988	169	7A1	1.468	ACCTTG
1037992	789	7m8	2.013	ACCTTG
1038067	671	7m8	1.394	TACCTT
1038084	320	o6	2.093	TACCTT
1038127	1369	o6	1.473	TACCTT
1038214	662	o6	1.349	TACCTT
1038223	71	o6	2.864	TACCTT
1038431	533	o6	1.560	TACCTT
1038440	464	7m8	2.073	TACCTT
1038465	803	6m	2.674	ACCTTG
1038485	1778	o6	2.301	TACCTT
1038529	1995	o6	1.560	TACCTT
1038589	1002	o6	1.740	TACCTT
1038652	458	6m	1.004	ACCTTG
1038841	481	o6	2.309	TACCTT
1038897	1406	o6	1.645	TACCTT
1038900	2428	o6	1.645	TACCTT
1038908	274	o6	3.740	TACCTT
1039084	58	o6	1.807	TACCTT
1039114	1429	o6	3.641	TACCTT
1039187	331	7m8	1.940	ACCTTG
1039202	1449	o6	1.623	TACCTT
1039218	905	o6	2.269	TACCTT
1039267	1229	o6	1.896	TACCTT
1039496	1462	o6	1.277	TACCTT
1039502	348	7A1	1.233	ACCTTG
1039794	107	7A1	2.756	ACCTTG
1039852	426	o6	2.194	TACCTT
1039935	36	o6	1.169	TACCTT
1039949	516	7m8	2.972	TACCTT
1039949	2668	o6	1.639	TACCTT
1039971	879	o6	1.413	TACCTT
1039974	252	o6	1.600	TACCTT
1040048	1696	o6	2.429	TACCTT
1040054	446	o6	1.339	TACCTT
1040058	8535	7A1	2.704	ACCTTG
1040096	229	o6	1.349	TACCTT
1040129	190	6m	1.309	ACCTTG
1040132	20	o6	2.007	TACCTT
1040135	381	6m	1.287	ACCTTG
1040168	163	o6	1.560	TACCTT
1040210	3117	o6	2.227	TACCTT
1040214	2894	o6	2.433	TACCTT
1040337	1461	o6	1.525	TACCTT
1040483	927	o6	1.560	TACCTT
1040635	3845	7A1	1.693	ACCTTG
1040635	4694	o6	1.880	TACCTT
1040635	4886	o6	2.447	TACCTT
