1000026	1154	6m	1.345	TACTTT
1000029	115	6m	2.842	TACTTT
1000042	202	o6	1.687	TTACTT
1000048	862	6m	1.268	TACTTT
1000048	885	7m8	2.723	TACTTT
1000062	609	7m8	2.125	TTACTT
1000066	2036	6m	1.466	TACTTT
1000069	972	7m8	1.322	TTACTT
1000069	1307	6m	1.207	TACTTT
1000069	1413	o6	1.656	TTACTT
1000081	1399	7A1	2.999	TACTTT
1000084	71	7A1	1.016	TACTTT
1000107	313	7m8	1.079	TACTTT
1000122	155	o6	1.792	TTACTT
1000134	165	6m	1.193	TACTTT
1000134	1167	o6	1.882	TTACTT
1000146	697	7A1	2.998	TACTTT
1000146	1337	o6	1.268	TTACTT
1000249	966	6m	1.241	TACTTT
1000249	1369	6m	1.563	TACTTT
1000264	50	6m	3.232	TACTTT
1000282	677	o6	2.026	TTACTT
1000320	595	6m	2.778	TACTTT
1000379	26	o6	4.061	TTACTT
1000386	939	o6	2.350	TTACTT
1000395	186	o6	1.193	TTACTT
1000406	446	6m	1.110	TACTTT
1000407	550	o6	1.053	TTACTT
1000443	539	7m8	1.040	TTACTT
1000443	2675	6m	1.168	TACTTT
1000466	35	7m8	1.902	TTACTT
1000484	65	6m	2.148	TACTTT
1000493	1834	o6	1.931	TTACTT
1000493	2158	7A1	2.255	TACTTT
1000493	5273	o6	1.205	TTACTT
1000493	5435	6m	1.470	TACTTT
1000512	132	o6	2.104	TTACTT
1000512	163	6m	1.440	TACTTT
1000536	198	6m	2.232	TACTTT
1000536	273	o6	1.306	TTACTT
1000598	425	7m8	2.760	TTACTT
1000613	222	o6	1.989	TTACTT
1000619	252	6m	2.807	TACTTT
1000649	269	o6	1.690	TTACTT
1000734	508	o6	1.165	TTACTT
1000764	76	7A1	1.799	TACTTT
1000779	2302	6m	3.047	TACTTT
1000784	197	6m	1.321	TACTTT
1000784	656	6m	1.122	TACTTT
1000817	317	7m8	2.176	TACTTT
1000832	87	o6	2.471	TTACTT
1000845	707	7m8	1.419	TTACTT
1000857	45	7m8	1.560	TACTTT
1000880	541	7m8	2.000	TACTTT
1000890	406	o6	1.244	TTACTT
1000923	1400	6m	1.322	TACTTT
1000929	735	6m	1.008	TACTTT
1000991	176	7m8	1.780	TTACTT
1000992	147	7m8	1.512	TTACTT
1001037	157	o6	1.030	TTACTT
1001061	306	o6	2.402	TTACTT
1001090	992	6m	1.322	TACTTT
1001113	18	7A1	1.554	TACTTT
1001135	192	7m8	3.224	TTACTT
1001249	423	6m	1.644	TACTTT
1001315	139	o6	1.268	TTACTT
1001322	25	o6	1.822	TTACTT
1001340	165	o6	2.025	TTACTT
1001372	649	7A1	2.144	TACTTT
1001373	833	8m	2.076	TTACTT
1001440	462	7m8	3.037	TTACTT
1001469	50	6m	2.377	TACTTT
1001482	38	7m8	2.073	TTACTT
1001500	156	6m	1.434	TACTTT
1001530	73	6m	1.113	TACTTT
1001533	406	8m	2.390	TTACTT
1001533	1366	6m	2.371	TACTTT
1001533	2995	o6	1.563	TTACTT
1001533	3580	7A1	2.390	TACTTT
1001533	4191	7m8	1.455	TACTTT
1001533	5149	8m	2.287	TTACTT
1001574	419	6m	2.192	TACTTT
1001577	171	6m	2.073	TACTTT
1001607	900	o6	1.006	TTACTT
1001661	805	6m	2.538	TACTTT
1001667	183	6m	1.534	TACTTT
1001738	485	6m	2.908	TACTTT
1001810	379	6m	1.100	TACTTT
1001817	2068	6m	2.875	TACTTT
1001822	80	o6	1.112	TTACTT
1001861	246	7m8	2.220	TTACTT
1001891	300	7A1	1.565	TACTTT
1001907	74	8m	1.101	TTACTT
1001916	99	o6	4.576	TTACTT
1001937	492	o6	1.576	TTACTT
1002014	176	7m8	1.067	TTACTT
1002020	213	6m	1.932	TACTTT
1002020	481	6m	2.708	TACTTT
1002069	63	o6	1.755	TTACTT
1002131	231	o6	2.025	TTACTT
1002171	20	6m	1.183	TACTTT
1002176	1357	7m8	2.102	TTACTT
1002182	716	o6	1.181	TTACTT
1002224	59	o6	2.507	TTACTT
1002224	125	7A1	1.980	TACTTT
1002236	246	6m	2.507	TACTTT
1002293	678	8m	1.495	TTACTT
1002298	50	o6	1.183	TTACTT
1002344	70	o6	1.486	TTACTT
1002409	15	6m	1.091	TACTTT
1002418	114	o6	2.228	TTACTT
1002481	960	7A1	2.981	TACTTT
1002484	284	6m	1.762	TACTTT
1002503	50	o6	1.179	TTACTT
1002527	1812	6m	2.400	TACTTT
1002527	2006	8m	1.681	TTACTT
1002595	799	6m	1.284	TACTTT
1002628	383	8m	1.931	TTACTT
1002662	164	6m	1.381	TACTTT
1002683	399	7m8	1.242	TTACTT
1002734	1428	6m	2.723	TACTTT
1002734	1443	8m	1.948	TTACTT
1002737	50	o6	1.244	TTACTT
1002743	85	o6	2.073	TTACTT
1002767	48	8m	2.600	TTACTT
1002767	87	7m8	2.600	TTACTT
1002767	575	7A1	1.982	TACTTT
1002848	147	6m	1.408	TACTTT
1002872	525	7m8	1.919	TTACTT
1002872	545	o6	1.015	TTACTT
1002901	1096	7A1	1.842	TACTTT
1002982	208	o6	1.378	TTACTT
1002985	280	6m	1.606	TACTTT
1003023	496	7m8	1.445	TACTTT
1003036	216	o6	1.230	TTACTT
1003053	537	o6	2.713	TTACTT
1003062	474	8m	2.350	TTACTT
1003122	529	7A1	1.078	TACTTT
1003122	773	8m	1.744	TTACTT
1003262	72	6m	1.132	TACTTT
1003330	344	o6	1.010	TTACTT
1003387	80	7m8	3.224	TTACTT
1003393	718	6m	2.724	TACTTT
1003417	474	6m	1.348	TACTTT
1003430	86	6m	1.032	TACTTT
1003439	354	o6	2.160	TTACTT
1003570	678	7m8	2.045	TACTTT
1003576	828	7A1	1.966	TACTTT
1003576	1303	o6	1.468	TTACTT
1003597	102	7m8	1.944	TTACTT
1003631	2094	o6	2.287	TTACTT
1003631	2317	o6	1.893	TTACTT
1003631	2966	6m	1.550	TACTTT
1003671	173	o6	1.950	TTACTT
1003720	91	6m	1.690	TACTTT
1003734	109	7A1	1.110	TACTTT
1003797	580	o6	1.053	TTACTT
1003926	529	7A1	1.373	TACTTT
1003930	175	7A1	1.226	TACTTT
1003992	280	7m8	1.389	TACTTT
1003999	975	o6	1.229	TTACTT
1004013	396	7A1	2.635	TACTTT
1004013	505	o6	1.606	TTACTT
1004035	582	o6	1.529	TTACTT
1004145	123	o6	1.284	TTACTT
1004286	155	7A1	2.698	TACTTT
1004286	347	7m8	2.356	TTACTT
1004316	78	7m8	1.386	TTACTT
1004437	259	o6	2.218	TTACTT
1004437	668	7m8	1.982	TTACTT
1004463	3454	6m	1.138	TACTTT
1004503	245	o6	1.041	TTACTT
1004538	57	7A1	1.789	TACTTT
1004554	46	7m8	1.084	TTACTT
1004619	313	6m	1.728	TACTTT
1004661	387	7m8	1.328	TTACTT
1004724	766	6m	1.322	TACTTT
1004750	802	7A1	1.690	TACTTT
1004817	721	o6	2.807	TTACTT
1004835	382	o6	1.073	TTACTT
1004948	724	7m8	1.136	TACTTT
1004958	814	6m	2.129	TACTTT
1004973	305	o6	1.474	TTACTT
1005006	405	7A1	1.510	TACTTT
1005006	514	7A1	2.220	TACTTT
1005114	299	6m	1.249	TACTTT
1005129	217	6m	2.103	TACTTT
1005335	1282	7m8	3.398	TTACTT
1005349	977	6m	1.004	TACTTT
1005358	299	o6	2.321	TTACTT
1005358	1113	7A1	1.271	TACTTT
1005449	708	7m8	1.871	TTACTT
1005455	1052	o6	3.797	TTACTT
1005470	2537	6m	2.893	TACTTT
1005474	1211	o6	1.084	TTACTT
1005479	180	o6	1.096	TTACTT
1005496	50	8m	2.538	TTACTT
1005496	62	o6	2.538	TTACTT
1005496	575	o6	2.344	TTACTT
1005557	717	o6	1.115	TTACTT
1005557	792	o6	1.028	TTACTT
1005565	428	o6	1.908	TTACTT
1005565	797	7A1	1.248	TACTTT
1005568	118	7A1	1.393	TACTTT
1005595	134	8m	1.931	TTACTT
1005595	236	8m	2.255	TTACTT
1005595	324	8m	1.053	TTACTT
1005646	682	6m	2.640	TACTTT
1005646	4524	6m	3.398	TACTTT
1005646	5256	7A1	2.142	TACTTT
1005683	263	o6	1.847	TTACTT
1005709	953	6m	1.739	TACTTT
1005724	448	o6	1.532	TTACTT
1005730	302	7A1	2.085	TACTTT
1005733	198	o6	1.084	TTACTT
1005862	399	8m	1.023	TACTTT
1005873	587	7m8	3.757	TTACTT
1005898	618	7A1	1.723	TACTTT
1005898	914	7A1	1.412	TACTTT
1006098	538	6m	1.168	TACTTT
1006107	1531	7A1	2.544	TACTTT
1006131	482	6m	2.070	TACTTT
1006587	943	o6	1.184	TTACTT
1006689	102	7m8	1.079	TACTTT
1006699	1187	6m	2.807	TACTTT
1006708	1967	8m	1.328	TACTTT
1006711	114	o6	1.491	TTACTT
1006731	610	6m	1.204	TACTTT
1006734	371	7m8	2.598	TTACTT
1006735	1700	6m	2.124	TACTTT
1006758	342	6m	2.137	TACTTT
1006803	62	7m8	1.180	TTACTT
1006829	391	8m	1.512	TTACTT
1006893	45	o6	1.007	TTACTT
1006916	383	7A1	1.154	TACTTT
1006933	372	o6	1.401	TTACTT
1006940	1526	6m	1.573	TACTTT
1006940	1845	7m8	2.103	TTACTT
1006940	2200	6m	1.259	TACTTT
1006940	2620	6m	1.606	TACTTT
1007017	1606	7m8	2.807	TTACTT
1007050	331	8m	1.282	TACTTT
1007061	14	o6	1.201	TTACTT
1007194	136	7m8	2.234	TTACTT
1007206	638	7m8	2.458	TACTTT
1007230	1114	8m	1.033	TTACTT
1007242	4706	7m8	1.577	TTACTT
1007251	1521	6m	1.260	TACTTT
1007283	221	8m	1.483	TTACTT
1007314	328	6m	1.104	TACTTT
1007335	35	o6	1.093	TTACTT
1007364	3332	o6	1.916	TTACTT
1007364	3357	8m	3.287	TTACTT
1007484	1088	6m	1.781	TACTTT
1007490	14	6m	1.948	TACTTT
1007494	724	6m	1.284	TACTTT
1007502	951	7m8	2.292	TTACTT
1007508	129	6m	2.292	TACTTT
1007521	803	6m	1.860	TACTTT
1007547	1163	7m8	1.156	TACTTT
1007547	2731	o6	1.808	TTACTT
1007584	1257	o6	1.411	TTACTT
1007624	2186	7A1	1.053	TACTTT
1007624	2356	6m	1.315	TACTTT
1007637	1202	o6	1.353	TTACTT
1007638	789	6m	1.137	TACTTT
1007641	2	o6	1.184	TTACTT
1007647	87	8m	1.740	TACTTT
1007652	337	8m	1.197	TTACTT
1007789	265	6m	1.418	TACTTT
1007789	272	o6	1.090	TTACTT
1007806	538	o6	2.377	TTACTT
1007812	1722	o6	2.118	TTACTT
1007812	6367	o6	1.792	TTACTT
1007888	116	6m	2.341	TACTTT
1007897	2044	7A1	2.076	TACTTT
1007897	3972	o6	1.285	TTACTT
1007908	503	6m	2.544	TACTTT
1007932	532	7A1	2.187	TACTTT
1007936	74	7m8	1.545	TTACTT
1007950	3130	8m	2.214	TACTTT
1007989	60	o6	1.071	TTACTT
1007989	130	6m	1.067	TACTTT
1008000	61	7m8	1.730	TTACTT
1008000	256	6m	1.180	TACTTT
1008036	476	6m	2.076	TACTTT
1008036	624	o6	2.638	TTACTT
1008036	2428	7m8	2.605	TTACTT
1008072	410	7A1	1.678	TACTTT
1008093	1599	8m	2.723	TTACTT
1008145	3917	7A1	1.629	TACTTT
1008145	4607	7m8	1.247	TTACTT
1008145	7163	6m	1.521	TACTTT
1008145	8433	o6	2.051	TTACTT
1008225	902	6m	2.486	TACTTT
1008240	775	o6	1.322	TTACTT
1008255	108	8m	2.982	TTACTT
1008259	1529	6m	2.073	TACTTT
1008276	298	6m	2.552	TACTTT
1008285	756	o6	2.542	TTACTT
1008286	1254	o6	1.084	TTACTT
1008312	654	6m	2.255	TACTTT
1008409	1064	6m	1.257	TACTTT
1008409	2073	6m	1.076	TACTTT
1008420	311	7m8	1.485	TTACTT
1008453	102	o6	1.504	TTACTT
1008454	897	7A1	1.322	TACTTT
1008477	24	6m	2.533	TACTTT
1008498	155	6m	1.084	TACTTT
1008513	43	6m	1.763	TACTTT
1008524	61	o6	1.152	TTACTT
1008527	79	o6	1.445	TTACTT
1008534	108	o6	1.383	TTACTT
1008537	284	7m8	2.882	TTACTT
1008572	504	o6	1.122	TTACTT
1008647	409	o6	1.411	TTACTT
1008650	905	6m	2.004	TACTTT
1008707	1195	8m	2.054	TTACTT
1008720	725	7m8	1.311	TTACTT
1008737	188	o6	1.051	TTACTT
1008740	286	o6	1.750	TTACTT
1008740	694	6m	1.808	TACTTT
1008749	28	o6	1.322	TTACTT
1008749	664	o6	1.608	TTACTT
1008755	1188	o6	1.422	TTACTT
1008768	319	o6	2.378	TTACTT
1008803	224	o6	1.322	TTACTT
1008822	195	8m	1.208	TTACTT
1008846	108	o6	1.521	TTACTT
1008849	354	6m	1.151	TACTTT
1008849	362	7A1	1.151	TACTTT
1008903	366	6m	1.040	TACTTT
1008903	906	o6	1.084	TTACTT
1008903	1864	8m	1.007	TTACTT
1008918	47	o6	1.202	TTACTT
1008933	118	o6	1.563	TTACTT
1008933	579	o6	2.106	TTACTT
1008947	72	o6	2.628	TTACTT
1008966	1383	7A1	1.658	TACTTT
1008975	559	8m	1.423	TTACTT
1008995	259	6m	2.126	TACTTT
1008995	872	8m	2.538	TTACTT
1008995	965	o6	1.606	TTACTT
1008995	1566	o6	2.350	TTACTT
1009026	204	6m	2.020	TACTTT
1009043	2239	7m8	2.420	TACTTT
1009138	56	o6	1.542	TTACTT
1009153	703	7m8	1.056	TTACTT
1009176	41	6m	1.690	TACTTT
1009217	39	8m	2.533	TTACTT
1009225	128	6m	1.108	TACTTT
1009300	72	7m8	2.350	TTACTT
1009300	196	6m	1.322	TACTTT
1009300	442	7m8	2.544	TTACTT
1009316	17	6m	4.786	TACTTT
1009366	801	7m8	1.606	TACTTT
1009381	62	7A1	1.135	TACTTT
1009478	24	7m8	1.409	TACTTT
1009581	460	6m	1.779	TACTTT
1009588	238	o6	1.132	TTACTT
1009665	1	o6	1.101	TTACTT
1009679	109	7A1	2.017	TACTTT
1009693	221	o6	1.499	TTACTT
1009714	130	o6	1.623	TTACTT
1009723	74	6m	1.284	TACTTT
1009736	1100	7m8	2.832	TTACTT
1009748	1935	6m	2.548	TACTTT
1009798	696	7m8	1.162	TTACTT
1009814	199	6m	1.036	TACTTT
1009834	1965	o6	1.208	TTACTT
1009915	313	o6	1.606	TTACTT
1009930	1042	7A1	1.690	TACTTT
1009945	984	o6	1.942	TTACTT
1009945	1091	6m	2.065	TACTTT
1009948	126	o6	1.606	TTACTT
1009948	1590	o6	2.723	TTACTT
1009948	2201	o6	2.990	TTACTT
1010082	694	o6	1.125	TTACTT
1010111	465	6m	2.000	TACTTT
1010129	225	6m	1.322	TACTTT
1010151	318	o6	2.170	TTACTT
1010229	403	o6	3.232	TTACTT
1010232	1752	o6	3.034	TTACTT
1010238	1379	o6	3.034	TTACTT
1010249	177	6m	2.377	TACTTT
1010250	1200	6m	2.105	TACTTT
1010293	301	7m8	2.188	TTACTT
1010313	265	o6	1.251	TTACTT
1010326	833	7A1	2.349	TACTTT
1010358	1620	o6	1.456	TTACTT
1010359	492	6m	1.273	TACTTT
1010359	502	7m8	1.215	TACTTT
1010401	5222	7A1	2.076	TACTTT
1010498	491	o6	1.012	TTACTT
1010511	591	6m	1.186	TACTTT
1010539	431	7m8	1.690	TTACTT
1010587	150	o6	1.009	TTACTT
1010645	404	o6	1.205	TTACTT
1010698	389	7A1	2.220	TACTTT
1010715	350	7m8	1.053	TTACTT
1010846	55	7A1	1.726	TACTTT
1010938	287	6m	1.002	TACTTT
1010950	1789	o6	4.470	TTACTT
1010956	2429	6m	1.326	TACTTT
1011003	44	o6	1.660	TTACTT
1011030	129	7m8	1.449	TTACTT
1011147	169	6m	1.005	TACTTT
1011195	9	o6	1.322	TTACTT
1011233	346	o6	2.383	TTACTT
1011264	190	7m8	1.045	TTACTT
1011327	766	o6	1.226	TTACTT
1011333	225	6m	2.047	TACTTT
1011333	233	6m	2.047	TACTTT
1011336	223	7A1	1.348	TACTTT
1011369	402	6m	2.347	TACTTT
1011379	362	6m	1.377	TACTTT
1011425	382	7m8	1.182	TTACTT
1011430	456	6m	2.155	TACTTT
1011430	811	6m	2.254	TACTTT
1011487	523	7A1	1.316	TACTTT
1011491	1050	o6	3.102	TTACTT
1011491	1356	8m	2.620	TTACTT
1011523	318	6m	1.952	TACTTT
1011607	299	8m	1.322	TTACTT
1011608	767	6m	1.505	TACTTT
1011614	53	6m	1.524	TACTTT
1011629	118	7m8	1.598	TTACTT
1011652	66	6m	1.163	TACTTT
1011658	645	o6	1.288	TTACTT
1011791	83	8m	1.156	TTACTT
1011841	253	o6	1.199	TTACTT
1011842	629	7A1	1.219	TACTTT
1011892	790	6m	1.132	TACTTT
1011902	127	8m	1.195	TTACTT
1011918	65	6m	2.854	TACTTT
1011932	74	o6	1.284	TTACTT
1011950	1032	7m8	1.825	TTACTT
1012008	1127	6m	1.653	TACTTT
1012136	78	7A1	1.979	TACTTT
1012177	283	6m	1.682	TACTTT
1012181	184	6m	1.169	TACTTT
1012308	370	6m	1.434	TACTTT
1012326	47	6m	1.740	TACTTT
1012329	123	6m	2.427	TACTTT
1012433	16	8m	1.362	TACTTT
1012479	1266	6m	2.085	TACTTT
1012537	172	7m8	1.857	TTACTT
1012593	360	6m	2.515	TACTTT
1012602	767	o6	2.320	TTACTT
1012629	335	6m	1.205	TACTTT
1012685	268	o6	1.391	TTACTT
1012689	22	7A1	2.657	TACTTT
1012694	68	8m	1.132	TTACTT
1012719	528	8m	1.193	TTACTT
1012740	591	6m	2.533	TACTTT
1012776	434	8m	3.239	TTACTT
1012776	448	8m	2.642	TTACTT
1012839	844	o6	1.284	TTACTT
1012878	541	6m	1.932	TACTTT
1012912	403	7m8	1.740	TACTTT
1012930	32	o6	1.602	TTACTT
1013068	550	6m	1.605	TACTTT
1013088	76	6m	1.002	TACTTT
1013088	231	6m	1.069	TACTTT
1013108	589	6m	1.328	TACTTT
1013108	1872	8m	3.221	TTACTT
1013163	25	o6	1.491	TTACTT
1013184	248	7m8	1.995	TTACTT
1013222	72	7m8	2.607	TTACTT
1013229	58	o6	1.548	TTACTT
1013229	65	o6	1.548	TTACTT
1013334	205	7A1	2.033	TACTTT
1013349	84	7A1	1.563	TACTTT
1013383	256	6m	1.191	TACTTT
1013397	243	6m	1.322	TACTTT
1013443	1442	o6	2.981	TTACTT
1013443	1868	7A1	1.085	TACTTT
1013444	993	o6	1.946	TTACTT
1013461	813	o6	2.050	TTACTT
1013503	166	6m	1.322	TACTTT
1013503	225	o6	1.082	TTACTT
1013573	223	7m8	1.244	TTACTT
1013573	903	7m8	2.433	TACTTT
1013578	64	o6	1.408	TTACTT
1013591	4183	o6	1.278	TTACTT
1013597	50	o6	1.229	TTACTT
1013613	160	o6	2.013	TTACTT
1013616	124	o6	2.490	TTACTT
1013670	140	o6	1.606	TTACTT
1013670	213	6m	1.284	TACTTT
1013670	2014	6m	1.606	TACTTT
1013722	16	8m	1.219	TTACTT
1013771	346	6m	1.485	TACTTT
1013852	468	7m8	1.728	TACTTT
1013927	402	6m	2.217	TACTTT
1013957	198	o6	2.120	TTACTT
1014155	69	6m	1.259	TACTTT
1014235	94	7A1	2.029	TACTTT
1014235	512	8m	1.606	TTACTT
1014273	311	6m	1.171	TACTTT
1014277	36	7m8	2.305	TTACTT
1014295	856	7A1	1.284	TACTTT
1014300	109	8m	2.981	TTACTT
1014355	160	o6	1.031	TTACTT
1014418	916	7A1	1.284	TACTTT
1014418	2417	o6	2.025	TTACTT
1014418	3060	o6	2.619	TTACTT
1014418	3145	o6	2.922	TTACTT
1014485	189	7A1	1.687	TACTTT
1014588	1202	6m	1.284	TACTTT
1014588	1876	8m	1.606	TTACTT
1014588	2471	6m	3.034	TACTTT
1014655	2400	8m	2.680	TTACTT
1014844	204	7A1	2.615	TACTTT
1014847	1034	7m8	1.728	TACTTT
1014866	422	7A1	1.893	TACTTT
1014877	1167	8m	2.095	TTACTT
1014884	1890	8m	3.034	TACTTT
1014884	2602	o6	1.818	TTACTT
1014898	1428	7m8	1.040	TTACTT
1014961	33	o6	2.915	TTACTT
1014961	43	o6	2.915	TTACTT
1014987	484	o6	1.201	TTACTT
1014997	171	6m	1.016	TACTTT
1015021	572	6m	1.525	TACTTT
1015041	4446	6m	1.833	TACTTT
1015041	4818	6m	1.345	TACTTT
1015047	957	8m	1.687	TTACTT
1015047	1062	8m	2.544	TTACTT
1015073	594	o6	1.260	TTACTT
1015085	88	6m	2.544	TACTTT
1015091	375	6m	1.440	TACTTT
1015145	1208	7m8	1.278	TACTTT
1015145	1713	o6	1.606	TTACTT
1015145	3841	o6	1.893	TTACTT
1015228	503	o6	3.034	TTACTT
1015228	772	7m8	1.352	TTACTT
1015228	2084	6m	2.807	TACTTT
1015259	517	o6	1.893	TTACTT
1015286	34	7m8	2.544	TACTTT
1015291	820	6m	1.975	TACTTT
1015303	321	o6	3.734	TTACTT
1015307	33	o6	1.405	TTACTT
1015307	110	6m	1.905	TACTTT
1015336	643	6m	1.306	TACTTT
1015354	294	6m	1.737	TACTTT
1015370	117	7m8	2.189	TTACTT
1015375	2215	o6	1.714	TTACTT
1015385	494	o6	1.322	TTACTT
1015388	620	6m	1.453	TACTTT
1015397	1031	6m	1.162	TACTTT
1015418	654	8m	2.372	TTACTT
1015435	1595	7m8	1.629	TACTTT
1015447	41	o6	2.748	TTACTT
1015480	1729	o6	1.195	TTACTT
1015490	116	6m	2.639	TACTTT
1015493	133	8m	1.284	TACTTT
1015552	439	7m8	1.485	TTACTT
1015555	2514	o6	1.484	TTACTT
1015555	2786	8m	2.262	TTACTT
1015555	3366	o6	2.098	TTACTT
1015555	3900	8m	2.375	TTACTT
1015572	3526	o6	2.073	TTACTT
1015575	277	o6	1.077	TTACTT
1015697	674	7m8	2.472	TACTTT
1015697	948	7m8	1.159	TACTTT
1015725	1482	7m8	1.082	TACTTT
1015777	1223	6m	2.288	TACTTT
1015789	685	o6	1.322	TTACTT
1015826	130	o6	1.223	TTACTT
1015834	102	7m8	1.933	TTACTT
1015835	60	7m8	1.560	TTACTT
1015835	73	o6	2.277	TTACTT
1015840	1106	o6	1.395	TTACTT
1015852	237	7m8	1.828	TACTTT
1015864	140	7m8	1.629	TACTTT
1015870	620	o6	1.650	TTACTT
1015895	363	6m	1.073	TACTTT
1015895	452	7A1	1.818	TACTTT
1015895	638	o6	2.474	TTACTT
1015903	827	6m	1.882	TACTTT
1015903	1576	7m8	1.642	TACTTT
1015931	857	7m8	2.639	TTACTT
1015973	81	o6	1.437	TTACTT
1015973	388	o6	1.679	TTACTT
1016011	1678	o6	1.251	TTACTT
1016020	2520	6m	2.036	TACTTT
1016026	2978	o6	1.101	TTACTT
1016029	226	7A1	1.284	TACTTT
1016029	1727	o6	2.025	TTACTT
1016029	2370	o6	2.619	TTACTT
1016029	2455	o6	2.922	TTACTT
1016047	376	6m	1.281	TACTTT
1016097	134	6m	1.906	TACTTT
1016097	173	7m8	1.027	TTACTT
1016116	244	6m	2.249	TACTTT
1016116	419	6m	2.350	TACTTT
1016179	562	6m	2.112	TACTTT
1016184	959	6m	2.544	TACTTT
1016200	495	6m	1.110	TACTTT
1016244	361	6m	1.405	TACTTT
1016256	59	o6	1.053	TTACTT
1016272	455	o6	2.322	TTACTT
1016281	935	6m	1.588	TACTTT
1016332	199	7m8	1.104	TTACTT
1016368	736	7m8	2.580	TTACTT
1016398	249	o6	1.252	TTACTT
1016418	557	o6	2.220	TTACTT
1016422	443	o6	1.170	TTACTT
1016431	465	6m	2.117	TACTTT
1016449	1130	7m8	2.119	TACTTT
1016449	2604	8m	2.538	TTACTT
1016464	175	6m	1.287	TACTTT
1016469	399	o6	1.609	TTACTT
1016470	731	8m	1.875	TTACTT
1016475	1427	o6	1.987	TTACTT
1016497	72	6m	1.116	TACTTT
1016500	702	6m	1.220	TACTTT
1016500	1065	7A1	2.341	TACTTT
1016511	793	8m	2.009	TTACTT
1016511	861	6m	1.998	TACTTT
1016566	1466	6m	1.818	TACTTT
1016566	1682	7m8	1.645	TACTTT
1016574	1766	6m	2.094	TACTTT
1016574	1811	o6	2.094	TTACTT
1016574	4644	7A1	2.101	TACTTT
1016598	62	8m	1.053	TTACTT
1016599	470	8m	2.501	TTACTT
1016599	1736	o6	2.536	TTACTT
1016608	312	o6	2.708	TTACTT
1016613	138	6m	1.331	TACTTT
1016620	439	o6	1.729	TTACTT
1016620	809	6m	1.679	TACTTT
1016620	2150	o6	2.112	TTACTT
1016620	2394	7m8	1.082	TTACTT
1016644	766	6m	2.321	TACTTT
1016670	302	6m	2.019	TACTTT
1016673	265	6m	1.161	TACTTT
1016698	1142	7m8	1.383	TTACTT
1016701	1645	8m	2.500	TTACTT
1016707	264	o6	1.924	TTACTT
1016713	3527	6m	1.740	TACTTT
1016728	156	7A1	1.812	TACTTT
1016794	421	o6	1.091	TTACTT
1016826	106	8m	1.740	TTACTT
1016832	434	o6	1.521	TTACTT
1016838	551	7A1	1.057	TACTTT
1016845	1111	6m	1.935	TACTTT
1016860	1060	o6	1.891	TTACTT
1016865	1016	7A1	2.025	TACTTT
1016869	859	8m	1.935	TTACTT
1016892	81	6m	1.990	TACTTT
1016922	116	8m	1.286	TTACTT
1016952	239	7m8	1.815	TACTTT
1016958	320	7A1	1.223	TACTTT
1016965	228	7m8	1.680	TTACTT
1016971	1300	8m	1.053	TTACTT
1016971	2668	6m	1.156	TACTTT
1016971	3652	o6	2.199	TTACTT
1017001	284	6m	1.831	TACTTT
1017091	357	o6	2.498	TTACTT
1017112	270	o6	1.584	TTACTT
1017168	619	8m	1.217	TTACTT
1017168	1258	6m	2.078	TACTTT
1017169	436	7m8	1.528	TACTTT
1017169	756	7A1	1.488	TACTTT
1017207	728	6m	1.319	TACTTT
1017207	1003	7A1	1.548	TACTTT
1017249	104	7m8	2.731	TACTTT
1017258	105	6m	1.780	TACTTT
1017258	315	8m	1.153	TACTTT
1017276	354	6m	1.373	TACTTT
1017290	75	6m	1.053	TACTTT
1017290	81	7m8	1.322	TACTTT
1017348	146	7m8	1.489	TTACTT
1017428	78	6m	1.801	TACTTT
1017429	535	7m8	2.119	TTACTT
1017524	740	6m	1.051	TACTTT
1017614	1715	8m	1.600	TTACTT
1017614	3447	7m8	1.249	TACTTT
1017614	3458	7m8	1.474	TTACTT
1017614	3533	o6	1.684	TTACTT
1017614	5668	o6	1.897	TTACTT
1017629	167	6m	1.053	TACTTT
1017630	345	6m	2.506	TACTTT
1017660	115	7m8	1.036	TTACTT
1017695	51	8m	2.843	TTACTT
1017696	89	o6	1.749	TTACTT
1017700	141	o6	1.646	TTACTT
1017782	38	o6	1.284	TTACTT
1017808	750	o6	2.019	TTACTT
1017967	34	o6	2.006	TTACTT
1017981	93	6m	1.073	TACTTT
1018008	396	o6	1.560	TTACTT
1018020	118	o6	1.180	TTACTT
1018062	466	o6	2.569	TTACTT
1018065	178	6m	2.374	TACTTT
1018077	2011	7A1	1.882	TACTTT
1018081	652	7m8	3.024	TTACTT
1018126	127	6m	1.288	TACTTT
1018134	828	o6	1.592	TTACTT
1018153	50	o6	2.068	TTACTT
1018176	205	o6	2.425	TTACTT
1018194	137	o6	1.997	TTACTT
1018233	633	7m8	1.160	TACTTT
1018243	39	7A1	1.569	TACTTT
1018243	612	6m	2.339	TACTTT
1018243	1030	o6	1.569	TTACTT
1018243	1077	o6	2.511	TTACTT
1018243	3670	6m	1.577	TACTTT
1018248	804	o6	3.062	TTACTT
1018257	180	7A1	2.069	TACTTT
1018278	254	7A1	1.987	TACTTT
1018344	90	6m	2.544	TACTTT
1018344	238	7m8	1.975	TTACTT
1018344	844	8m	2.220	TTACTT
1018344	1220	6m	1.309	TACTTT
1018353	193	o6	1.312	TTACTT
1018486	950	7A1	1.440	TACTTT
1018530	1229	6m	1.322	TACTTT
1018530	1336	7A1	1.053	TACTTT
1018530	2099	6m	2.013	TACTTT
1018549	118	o6	1.579	TTACTT
1018619	109	6m	1.730	TACTTT
1018619	1394	o6	1.053	TTACTT
1018619	1490	8m	1.731	TTACTT
1018632	451	7m8	1.221	TACTTT
1018632	492	o6	1.598	TTACTT
1018632	1381	7A1	2.141	TACTTT
1018678	641	6m	1.315	TACTTT
1018727	409	o6	1.207	TTACTT
1018799	451	7m8	1.101	TTACTT
1018844	50	8m	2.415	TTACTT
1018867	14	7A1	2.341	TACTTT
1018873	436	o6	1.053	TTACTT
1018873	445	7A1	1.149	TACTTT
1018909	111	6m	1.313	TACTTT
1018909	254	6m	1.047	TACTTT
1018918	266	6m	1.040	TACTTT
1018944	21	8m	1.672	TTACTT
1018992	430	6m	2.507	TACTTT
1019049	227	o6	1.284	TTACTT
1019076	537	o6	1.477	TTACTT
1019101	938	o6	1.535	TTACTT
1019101	947	6m	2.154	TACTTT
1019113	171	7m8	2.413	TTACTT
1019116	399	7m8	2.103	TTACTT
1019116	454	o6	1.287	TTACTT
1019128	232	7A1	1.687	TACTTT
1019159	92	6m	1.466	TACTTT
1019159	136	7A1	1.741	TACTTT
1019192	656	o6	1.563	TTACTT
1019198	1755	o6	2.252	TTACTT
1019234	126	o6	2.017	TTACTT
1019237	1030	7m8	1.593	TTACTT
1019255	32	6m	1.449	TACTTT
1019314	73	7A1	1.364	TACTTT
1019323	855	7m8	2.078	TTACTT
1019329	298	o6	2.537	TTACTT
1019377	463	7m8	2.086	TTACTT
1019405	985	6m	1.854	TACTTT
1019405	1240	7A1	1.099	TACTTT
1019429	36	6m	2.978	TACTTT
1019452	78	8m	1.290	TTACTT
1019480	258	7A1	2.788	TACTTT
1019514	392	6m	1.322	TACTTT
1019534	573	7A1	1.148	TACTTT
1019579	161	7A1	1.284	TACTTT
1019579	2158	o6	1.284	TTACTT
1019661	286	7m8	2.030	TTACTT
1019713	249	o6	1.146	TTACTT
1019713	619	o6	2.050	TTACTT
1019716	98	o6	1.687	TTACTT
1019721	393	7m8	1.248	TACTTT
1019761	59	o6	1.042	TTACTT
1019847	155	o6	1.495	TTACTT
1019899	74	6m	1.186	TACTTT
1019899	204	7m8	1.058	TACTTT
1019956	102	6m	1.073	TACTTT
1019996	658	7A1	1.073	TACTTT
1020035	83	6m	1.787	TACTTT
1020074	1517	6m	1.322	TACTTT
1020163	578	6m	2.823	TACTTT
1020166	159	6m	2.178	TACTTT
1020166	188	6m	2.548	TACTTT
1020166	2265	7A1	2.025	TACTTT
1020191	77	7A1	1.711	TACTTT
1020220	216	o6	1.062	TTACTT
1020227	261	7A1	1.298	TACTTT
1020227	944	o6	1.298	TTACTT
1020241	846	o6	1.526	TTACTT
1020253	1325	7m8	1.652	TACTTT
1020253	1858	7m8	2.630	TTACTT
1020253	2043	7m8	1.547	TTACTT
1020253	2620	o6	1.285	TTACTT
1020280	1945	7m8	2.134	TTACTT
1020333	1245	8m	1.522	TACTTT
1020453	89	6m	1.381	TACTTT
1020486	748	6m	2.101	TACTTT
1020491	484	7m8	1.491	TTACTT
1020558	74	o6	2.033	TTACTT
1020564	863	o6	2.253	TTACTT
1020564	874	8m	2.187	TTACTT
1020615	1266	6m	2.660	TACTTT
1020615	2898	6m	1.311	TACTTT
1020615	3885	7m8	1.606	TTACTT
1020661	447	o6	2.660	TTACTT
1020686	380	o6	1.073	TTACTT
1020686	823	7A1	2.033	TACTTT
1020728	606	7A1	1.802	TACTTT
1020745	170	6m	1.147	TACTTT
1020760	56	8m	2.007	TTACTT
1020760	678	7m8	1.053	TTACTT
1020766	1260	6m	1.600	TACTTT
1020824	284	o6	1.687	TTACTT
1020861	286	o6	1.698	TTACTT
1020889	826	7A1	1.039	TACTTT
1020900	162	7m8	1.606	TACTTT
1020916	985	7m8	4.078	TTACTT
1020934	1026	7m8	2.073	TTACTT
1020995	41	o6	1.450	TTACTT
1021005	708	7m8	1.976	TACTTT
1021008	1053	o6	2.732	TTACTT
1021084	1418	6m	2.768	TACTTT
1021233	531	6m	1.053	TACTTT
1021255	86	o6	1.533	TTACTT
1021255	206	8m	2.588	TTACTT
1021409	727	7m8	1.251	TTACTT
1021412	184	o6	1.606	TTACTT
1021434	1794	8m	1.053	TACTTT
1021566	3220	o6	1.254	TTACTT
1021700	231	o6	1.241	TTACTT
1021712	153	8m	1.873	TACTTT
1021741	507	o6	2.660	TTACTT
1021797	2153	6m	2.481	TACTTT
1021818	318	o6	2.329	TTACTT
1021822	50	6m	1.086	TACTTT
1021899	1521	7A1	1.193	TACTTT
1021902	52	6m	1.159	TACTTT
1022014	144	o6	1.151	TTACTT
1022020	58	6m	1.298	TACTTT
1022054	420	7A1	1.981	TACTTT
1022066	1099	8m	2.526	TTACTT
1022066	2254	6m	1.535	TACTTT
1022110	96	o6	1.423	TTACTT
1022137	113	8m	1.184	TTACTT
1022149	19	7m8	1.292	TTACTT
1022168	804	6m	2.182	TACTTT
1022235	616	o6	1.737	TTACTT
1022235	1316	o6	2.996	TTACTT
1022235	3078	7m8	1.450	TTACTT
1022256	1632	7A1	2.628	TACTTT
1022370	45	8m	1.235	TACTTT
1022383	327	6m	1.282	TACTTT
1022383	1025	o6	2.220	TTACTT
1022402	193	o6	2.544	TTACTT
1022443	684	7m8	1.278	TTACTT
1022495	3771	6m	1.577	TACTTT
1022495	3842	8m	1.979	TTACTT
1022495	5199	6m	2.019	TACTTT
1022530	216	o6	1.272	TTACTT
1022598	5	o6	2.137	TTACTT
1022632	603	6m	1.268	TACTTT
1022675	76	6m	2.324	TACTTT
1022837	38	7m8	1.391	TACTTT
1022837	50	o6	1.394	TTACTT
1022838	472	8m	2.215	TTACTT
1022838	507	7m8	2.215	TTACTT
1022846	1074	7A1	2.506	TACTTT
1022932	44	7m8	1.316	TTACTT
1022950	78	o6	1.338	TTACTT
1022950	241	o6	2.216	TTACTT
1022985	1311	o6	2.220	TTACTT
1022985	1323	6m	2.017	TACTTT
1023004	114	7A1	1.775	TACTTT
1023009	435	8m	2.425	TACTTT
1023032	993	7A1	1.073	TACTTT
1023062	1960	6m	1.479	TACTTT
1023062	3708	o6	1.180	TTACTT
1023072	488	o6	1.290	TTACTT
1023080	56	7m8	1.618	TTACTT
1023080	291	6m	2.553	TACTTT
1023091	659	7A1	1.555	TACTTT
1023100	1332	6m	1.080	TACTTT
1023100	1440	8m	1.255	TTACTT
1023104	970	o6	1.284	TTACTT
1023110	100	o6	2.802	TTACTT
1023110	1315	8m	1.895	TTACTT
1023154	251	6m	1.053	TACTTT
1023167	514	o6	1.735	TTACTT
1023253	1728	7m8	1.903	TTACTT
1023256	325	7A1	1.223	TACTTT
1023292	496	o6	1.140	TTACTT
1023320	1463	7A1	1.086	TACTTT
1023340	214	7A1	2.992	TACTTT
1023345	255	6m	1.205	TACTTT
1023373	37	8m	1.120	TACTTT
1023390	127	7A1	1.540	TACTTT
1023391	628	7m8	1.946	TTACTT
1023419	159	6m	1.492	TACTTT
1023426	588	7A1	1.873	TACTTT
1023443	339	7A1	2.544	TACTTT
1023523	162	8m	2.544	TACTTT
1023533	1003	o6	1.687	TTACTT
1023536	47	7A1	1.322	TACTTT
1023579	442	o6	1.563	TTACTT
1023594	491	7A1	1.685	TACTTT
1023594	597	6m	1.808	TACTTT
1023594	722	o6	1.687	TTACTT
1023599	6005	o6	1.134	TTACTT
1023599	7241	6m	1.274	TACTTT
1023599	9272	o6	2.161	TTACTT
1023727	572	7m8	1.649	TTACTT
1023757	338	o6	1.322	TTACTT
1023774	1116	7A1	1.687	TACTTT
1023774	1701	6m	1.392	TACTTT
1023783	341	6m	1.932	TACTTT
1023790	782	o6	1.040	TTACTT
1023790	2641	o6	1.563	TTACTT
1023805	526	7A1	1.642	TACTTT
1023805	3125	6m	2.344	TACTTT
1023805	3142	7A1	2.344	TACTTT
1023805	3683	6m	1.316	TACTTT
1023834	179	6m	3.062	TACTTT
1023850	1755	6m	1.533	TACTTT
1023902	613	6m	4.229	TACTTT
1023922	525	o6	1.328	TTACTT
1023998	772	7m8	1.002	TTACTT
1024031	1984	8m	1.993	TACTTT
1024031	3919	o6	3.034	TTACTT
1024031	4600	8m	2.660	TTACTT
1024085	668	8m	1.856	TACTTT
1024114	538	6m	2.275	TACTTT
1024118	135	o6	2.548	TTACTT
1024133	2005	o6	2.094	TTACTT
1024159	559	6m	2.449	TACTTT
1024184	749	7A1	1.799	TACTTT
1024211	1360	6m	1.651	TACTTT
1024211	1429	o6	2.350	TTACTT
1024264	155	6m	1.580	TACTTT
1024283	36	8m	3.037	TACTTT
1024301	194	o6	2.761	TTACTT
1024304	1359	o6	2.544	TTACTT
1024346	70	7m8	1.285	TTACTT
1024366	523	o6	1.882	TTACTT
1024384	812	6m	1.389	TACTTT
1024385	87	6m	2.284	TACTTT
1024393	750	o6	2.183	TTACTT
1024400	673	7A1	2.116	TACTTT
1024406	218	6m	1.690	TACTTT
1024406	369	7A1	3.207	TACTTT
1024406	1391	6m	2.957	TACTTT
1024418	526	7m8	1.736	TTACTT
1024432	2	7m8	1.791	TACTTT
1024448	796	o6	1.154	TTACTT
1024448	1641	6m	2.438	TACTTT
1024477	13	7m8	3.242	TACTTT
1024529	464	6m	1.267	TACTTT
1024529	844	o6	1.348	TTACTT
1024537	768	o6	2.924	TTACTT
1024556	103	o6	2.375	TTACTT
1024556	1740	o6	1.035	TTACTT
1024556	1809	8m	1.448	TTACTT
1024576	29	o6	1.659	TTACTT
1024612	194	8m	1.146	TTACTT
1024613	761	o6	1.253	TTACTT
1024619	581	6m	1.669	TACTTT
1024634	1129	7m8	1.255	TTACTT
1024639	1708	6m	1.244	TACTTT
1024648	1445	8m	2.449	TTACTT
1024648	1450	o6	2.449	TTACTT
1024648	5125	6m	1.887	TACTTT
1024648	8801	o6	1.053	TTACTT
1024648	9690	o6	1.023	TTACTT
1024654	861	o6	2.071	TTACTT
1024658	1	7A1	1.491	TACTTT
1024715	414	7m8	1.362	TTACTT
1024715	1374	8m	2.573	TACTTT
1024715	2076	6m	1.976	TACTTT
1024715	2807	8m	2.383	TTACTT
1024715	3275	6m	1.086	TACTTT
1024715	3808	o6	1.090	TTACTT
1024721	1082	6m	1.965	TACTTT
1024729	88	o6	1.498	TTACTT
1024763	486	7m8	1.360	TTACTT
1024807	619	o6	1.285	TTACTT
1024829	6198	6m	1.253	TACTTT
1024832	432	o6	1.284	TTACTT
1024832	699	6m	1.606	TACTTT
1024891	48	8m	1.037	TTACTT
1024904	2477	8m	2.469	TTACTT
1024904	2865	7A1	1.276	TACTTT
1024904	3746	7A1	2.344	TACTTT
1024939	1605	o6	2.254	TTACTT
1024956	2167	o6	1.606	TTACTT
1024956	4842	o6	1.456	TTACTT
1024971	704	o6	1.120	TTACTT
1024975	562	o6	2.023	TTACTT
1024987	1161	6m	1.851	TACTTT
1025022	54	8m	1.485	TACTTT
1025022	590	o6	1.266	TTACTT
1025022	1751	7m8	1.964	TTACTT
1025022	1829	7m8	1.792	TTACTT
1025029	1021	o6	2.125	TTACTT
1025029	2870	6m	1.202	TACTTT
1025055	403	6m	2.220	TACTTT
1025055	865	7A1	2.334	TACTTT
1025064	913	o6	3.000	TTACTT
1025077	107	o6	1.058	TTACTT
1025135	522	7m8	2.433	TACTTT
1025158	177	6m	1.820	TACTTT
1025158	1294	7m8	3.785	TTACTT
1025168	1505	6m	1.115	TACTTT
1025179	188	7m8	2.807	TACTTT
1025179	424	6m	1.691	TACTTT
1025207	228	8m	1.292	TACTTT
1025213	197	6m	1.284	TACTTT
1025229	772	o6	1.501	TTACTT
1025229	2921	7A1	1.210	TACTTT
1025298	478	o6	1.780	TTACTT
1025371	470	7A1	1.284	TACTTT
1025421	595	7A1	1.053	TACTTT
1025424	1017	8m	1.179	TTACTT
1025427	469	7m8	3.232	TTACTT
1025455	107	6m	1.901	TACTTT
1025475	286	8m	2.778	TTACTT
1025502	27	8m	2.582	TTACTT
1025503	36	6m	1.002	TACTTT
1025562	142	7A1	2.026	TACTTT
1025654	913	o6	2.449	TTACTT
1025654	2997	6m	2.734	TACTTT
1025689	117	o6	1.647	TTACTT
1025693	2263	7A1	1.618	TACTTT
1025742	628	o6	1.831	TTACTT
1025742	816	6m	1.401	TACTTT
1025755	111	7A1	1.556	TACTTT
1025755	156	6m	2.984	TACTTT
1025776	1131	7A1	1.058	TACTTT
1025814	278	6m	1.947	TACTTT
1025854	103	6m	1.391	TACTTT
1025872	546	8m	1.284	TTACTT
1025872	805	o6	1.697	TTACTT
1025878	342	6m	1.869	TACTTT
1025878	353	o6	2.326	TTACTT
1025883	489	7A1	1.047	TACTTT
1025940	99	o6	2.003	TTACTT
1025955	154	7A1	1.402	TACTTT
1025955	191	o6	1.465	TTACTT
1025965	66	7A1	1.455	TACTTT
1025965	174	6m	1.199	TACTTT
1026008	256	6m	1.880	TACTTT
1026012	639	7A1	2.095	TACTTT
1026012	1057	o6	1.700	TTACTT
1026150	467	o6	1.050	TTACTT
1026161	410	7A1	1.387	TACTTT
1026180	7	o6	1.309	TTACTT
1026200	40	6m	1.319	TACTTT
1026247	136	7A1	1.894	TACTTT
1026262	1024	6m	1.946	TACTTT
1026262	1133	7A1	1.648	TACTTT
1026262	1305	7A1	1.681	TACTTT
1026287	415	o6	1.929	TTACTT
1026385	392	7A1	1.053	TACTTT
1026400	102	7m8	2.183	TTACTT
1026477	755	6m	1.711	TACTTT
1026518	57	o6	1.105	TTACTT
1026518	122	6m	1.932	TACTTT
1026554	589	o6	1.245	TTACTT
1026575	44	7A1	1.316	TACTTT
1026657	1190	7A1	2.544	TACTTT
1026657	1204	7A1	2.544	TACTTT
1026657	1748	6m	1.053	TACTTT
1026660	667	7A1	2.544	TACTTT
1026660	681	7A1	2.544	TACTTT
1026660	1225	6m	1.053	TACTTT
1026711	1240	7m8	1.328	TTACTT
1026711	1670	7A1	2.608	TACTTT
1026711	1745	o6	1.690	TTACTT
1026711	2396	o6	1.690	TTACTT
1026711	2934	6m	2.608	TACTTT
1026737	77	o6	1.260	TTACTT
1026791	275	6m	2.229	TACTTT
1026798	273	7m8	1.159	TACTTT
1026841	643	7A1	2.179	TACTTT
1026841	808	o6	1.374	TTACTT
1026841	2986	o6	2.037	TTACTT
1026841	3623	8m	2.496	TTACTT
1026841	4668	7m8	2.208	TACTTT
1026841	5293	6m	1.569	TACTTT
1026853	2702	o6	1.112	TTACTT
1026877	197	o6	2.600	TTACTT
1026921	74	6m	1.614	TACTTT
1026950	284	7m8	2.215	TACTTT
1026974	581	8m	2.427	TTACTT
1026999	288	7m8	2.252	TTACTT
1027002	931	7A1	2.262	TACTTT
1027073	265	o6	1.387	TTACTT
1027073	413	6m	1.938	TACTTT
1027168	69	8m	2.635	TTACTT
1027287	490	7A1	1.035	TACTTT
1027332	492	7m8	3.407	TTACTT
1027357	700	7m8	2.321	TTACTT
1027398	159	6m	1.264	TACTTT
1027493	58	6m	2.286	TACTTT
1027502	2780	o6	1.991	TTACTT
1027637	1218	o6	1.171	TTACTT
1027646	11	o6	1.809	TTACTT
1027646	17	7A1	2.044	TACTTT
1027756	17	o6	1.510	TTACTT
1027764	1101	6m	1.409	TACTTT
1027773	1324	8m	2.962	TACTTT
1027814	650	6m	3.829	TACTTT
1027844	500	6m	1.044	TACTTT
1027844	800	8m	1.688	TACTTT
1027844	805	o6	1.807	TTACTT
1027887	418	7m8	1.854	TACTTT
1027891	1268	8m	1.154	TTACTT
1027912	965	7A1	1.632	TACTTT
1027912	1324	8m	2.749	TTACTT
1027942	282	6m	1.036	TACTTT
1027971	250	o6	2.003	TTACTT
1027990	7	7A1	1.579	TACTTT
1028082	343	6m	1.751	TACTTT
1028102	561	o6	1.895	TTACTT
1028143	250	7m8	3.497	TTACTT
1028164	39	7m8	2.576	TACTTT
1028235	576	7m8	1.016	TTACTT
1028372	388	7m8	3.200	TACTTT
1028396	291	6m	1.638	TACTTT
1028441	568	6m	1.711	TACTTT
1028444	542	o6	1.577	TTACTT
1028447	854	7A1	1.005	TACTTT
1028512	464	6m	1.118	TACTTT
1028526	1475	7A1	2.069	TACTTT
1028593	73	7m8	2.024	TTACTT
1028602	50	7A1	1.277	TACTTT
1028707	42	7A1	1.030	TACTTT
1028734	1885	o6	1.971	TTACTT
1028743	73	7A1	2.197	TACTTT
1028751	938	6m	2.158	TACTTT
1028794	867	6m	2.226	TACTTT
1028910	201	6m	1.222	TACTTT
1028947	362	6m	1.531	TACTTT
1029024	36	6m	1.550	TACTTT
1029024	181	7A1	1.025	TACTTT
1029051	426	7m8	2.142	TACTTT
1029051	433	7m8	2.142	TACTTT
1029069	4177	8m	1.152	TACTTT
1029076	160	o6	1.012	TTACTT
1029076	347	7m8	1.015	TTACTT
1029125	155	7A1	1.529	TACTTT
1029180	509	6m	1.068	TACTTT
1029192	1703	7m8	2.045	TACTTT
1029309	648	6m	1.373	TACTTT
1029343	46	o6	1.599	TTACTT
1029369	378	7A1	1.930	TACTTT
1029369	1142	6m	2.544	TACTTT
1029369	1342	8m	2.544	TTACTT
1029369	2774	o6	1.322	TTACTT
1029385	144	7m8	1.058	TTACTT
1029391	464	8m	1.227	TACTTT
1029504	816	o6	1.523	TTACTT
1029517	1032	o6	2.460	TTACTT
1029592	115	7A1	2.025	TACTTT
1029619	375	6m	1.118	TACTTT
1029619	389	7m8	1.217	TTACTT
1029686	277	7A1	1.484	TACTTT
1029724	79	o6	1.999	TTACTT
1029773	73	7A1	2.220	TACTTT
1029862	451	7m8	1.896	TACTTT
1029870	491	o6	2.241	TTACTT
1029927	311	7A1	1.468	TACTTT
1029927	500	7A1	4.317	TACTTT
1029934	404	o6	1.695	TTACTT
1029934	950	6m	2.394	TACTTT
1029944	580	7m8	1.383	TACTTT
1029973	40	7m8	1.050	TTACTT
1029982	1044	7m8	1.053	TACTTT
1029994	173	7A1	1.147	TACTTT
1030124	89	o6	1.016	TTACTT
1030189	541	8m	2.528	TTACTT
1030266	362	6m	1.764	TACTTT
1030465	59	6m	1.240	TACTTT
1030468	173	8m	1.980	TACTTT
1030468	421	o6	1.053	TTACTT
1030477	52	6m	1.044	TACTTT
1030491	287	o6	1.214	TTACTT
1030547	223	6m	1.235	TACTTT
1030565	293	o6	1.668	TTACTT
1030565	412	6m	1.053	TACTTT
1030566	114	6m	1.991	TACTTT
1030653	628	7A1	1.944	TACTTT
1030658	194	o6	1.052	TTACTT
1030658	1379	7A1	1.687	TACTTT
1030688	314	6m	1.258	TACTTT
1030692	2035	o6	1.600	TTACTT
1030692	2323	8m	2.183	TTACTT
1030716	484	o6	1.097	TTACTT
1030716	712	6m	2.502	TACTTT
1030716	1190	8m	1.715	TTACTT
1030742	187	o6	1.195	TTACTT
1030742	205	7m8	1.606	TTACTT
1030742	302	8m	2.025	TACTTT
1030782	85	o6	1.053	TTACTT
1030782	2231	6m	1.747	TACTTT
1030782	2584	7A1	1.082	TACTTT
1030782	2685	7A1	1.918	TACTTT
1030792	66	6m	1.142	TACTTT
1030804	13	o6	1.217	TTACTT
1030828	77	7A1	3.284	TACTTT
1030834	97	7A1	1.322	TACTTT
1030858	145	6m	1.130	TACTTT
1030888	129	6m	1.295	TACTTT
1030924	235	o6	2.459	TTACTT
1030942	116	8m	1.745	TTACTT
1030973	188	6m	1.910	TACTTT
1031043	292	7m8	1.069	TTACTT
1031061	407	6m	1.032	TACTTT
1031078	38	7A1	2.313	TACTTT
1031115	112	7A1	1.388	TACTTT
1031156	754	7A1	1.311	TACTTT
1031199	4559	6m	2.191	TACTTT
1031205	212	6m	3.234	TACTTT
1031307	2814	8m	3.132	TTACTT
1031307	3040	7A1	3.232	TACTTT
1031307	3121	7A1	1.434	TACTTT
1031321	534	7A1	2.835	TACTTT
1031375	1142	o6	1.136	TTACTT
1031390	5635	7m8	2.807	TTACTT
1031426	98	o6	1.556	TTACTT
1031426	118	o6	2.580	TTACTT
1031479	1028	o6	2.082	TTACTT
1031479	1808	6m	1.084	TACTTT
1031498	347	o6	1.060	TTACTT
1031498	1373	o6	1.206	TTACTT
1031498	2307	o6	2.639	TTACTT
1031602	155	6m	1.246	TACTTT
1031616	1690	o6	3.058	TTACTT
1031616	1829	o6	2.885	TTACTT
1031755	568	o6	2.204	TTACTT
1031755	632	7A1	1.577	TACTTT
1031782	278	6m	1.464	TACTTT
1031794	104	7A1	1.535	TACTTT
1031830	868	o6	1.914	TTACTT
1031906	233	6m	2.166	TACTTT
1031968	620	o6	2.087	TTACTT
1032132	65	6m	1.515	TACTTT
1032203	719	6m	1.904	TACTTT
1032252	53	7A1	1.308	TACTTT
1032333	657	6m	1.966	TACTTT
1032333	705	6m	1.544	TACTTT
1032333	964	o6	2.502	TTACTT
1032411	200	o6	2.363	TTACTT
1032411	292	6m	1.187	TACTTT
1032420	1168	o6	1.241	TTACTT
1032456	571	8m	2.409	TACTTT
1032475	1075	6m	3.034	TACTTT
1032498	970	o6	2.007	TTACTT
1032607	1132	o6	2.350	TTACTT
1032608	1871	7A1	2.231	TACTTT
1032616	441	6m	2.220	TACTTT
1032616	470	o6	2.350	TTACTT
1032617	1275	8m	3.175	TTACTT
1032622	778	6m	2.078	TACTTT
1032675	25	o6	1.032	TTACTT
1032713	1642	7A1	1.909	TACTTT
1032956	596	8m	1.590	TTACTT
1032964	1200	8m	2.870	TTACTT
1032964	1221	o6	3.009	TTACTT
1032964	1323	o6	1.600	TTACTT
1032968	77	o6	1.120	TTACTT
1032976	439	o6	2.524	TTACTT
1032987	81	o6	1.448	TTACTT
1032987	2061	6m	1.319	TACTTT
1033008	3173	o6	1.606	TTACTT
1033008	3189	o6	1.136	TTACTT
1033037	389	o6	1.284	TTACTT
1033041	2611	7A1	1.820	TACTTT
1033082	428	o6	1.322	TTACTT
1033082	440	o6	1.424	TTACTT
1033088	374	6m	2.131	TACTTT
1033115	23	7m8	1.056	TTACTT
1033138	657	7m8	2.465	TTACTT
1033141	1968	o6	2.025	TTACTT
1033141	1993	8m	2.648	TACTTT
1033141	3572	o6	2.489	TTACTT
1033141	5957	7m8	1.002	TACTTT
1033141	6547	o6	2.433	TTACTT
1033144	33	o6	2.533	TTACTT
1033221	140	o6	1.961	TTACTT
1033227	159	o6	1.529	TTACTT
1033227	1411	o6	1.663	TTACTT
1033250	414	o6	1.968	TTACTT
1033254	570	o6	3.299	TTACTT
1033281	1270	7A1	1.068	TACTTT
1033322	782	6m	1.456	TACTTT
1033328	1947	8m	2.112	TTACTT
1033328	2612	6m	2.503	TACTTT
1033362	161	o6	2.026	TTACTT
1033409	672	7m8	1.030	TTACTT
1033409	1927	7A1	2.031	TACTTT
1033409	2505	6m	1.073	TACTTT
1033414	1067	7A1	1.731	TACTTT
1033425	239	o6	1.090	TTACTT
1033451	78	7A1	1.560	TACTTT
1033481	1112	6m	2.854	TACTTT
1033481	3150	7A1	3.347	TACTTT
1033550	2	6m	1.766	TACTTT
1033553	346	6m	1.274	TACTTT
1033583	461	8m	2.225	TTACTT
1033598	3595	o6	2.320	TTACTT
1033598	4771	6m	2.350	TACTTT
1033598	5990	o6	2.026	TTACTT
1033795	329	o6	1.813	TTACTT
1033795	1387	8m	2.025	TTACTT
1033833	548	6m	2.055	TACTTT
1033847	16	7m8	1.985	TTACTT
1033859	183	o6	1.663	TTACTT
1033865	243	6m	1.195	TACTTT
1033877	1310	6m	1.457	TACTTT
1033877	1941	7A1	1.190	TACTTT
1033877	1976	o6	1.057	TTACTT
1033877	2929	o6	2.785	TTACTT
1033883	1784	6m	1.973	TACTTT
1033907	752	6m	1.200	TACTTT
1033942	36	6m	1.098	TACTTT
1033945	705	6m	1.285	TACTTT
1033948	1613	6m	1.098	TACTTT
1033956	1228	7m8	2.280	TTACTT
1033971	1187	o6	1.884	TTACTT
1033977	493	7A1	1.434	TACTTT
1033978	731	7A1	2.660	TACTTT
1033984	1037	8m	1.328	TTACTT
1034068	215	7m8	1.409	TTACTT
1034068	254	o6	1.830	TTACTT
1034068	4806	6m	1.051	TACTTT
1034068	4871	o6	1.690	TTACTT
1034068	4889	o6	1.882	TTACTT
1034068	7108	7m8	1.659	TTACTT
1034121	2572	6m	1.135	TACTTT
1034121	3556	o6	1.045	TTACTT
1034130	2325	6m	2.475	TACTTT
1034209	1186	7m8	1.809	TTACTT
1034220	320	o6	1.033	TTACTT
1034248	165	o6	1.029	TTACTT
1034253	51	6m	1.062	TACTTT
1034259	6248	6m	2.725	TACTTT
1034262	103	7A1	1.087	TACTTT
1034277	435	7A1	1.061	TACTTT
1034281	272	7m8	1.560	TTACTT
1034304	282	6m	1.217	TACTTT
1034304	2326	7A1	2.366	TACTTT
1034304	2924	8m	2.366	TTACTT
1034307	187	o6	1.265	TTACTT
1034308	776	o6	1.121	TTACTT
1034316	303	o6	2.395	TTACTT
1034316	2150	7A1	2.523	TACTTT
1034316	2196	6m	1.713	TACTTT
1034316	2346	7A1	2.627	TACTTT
1034328	101	7m8	1.538	TTACTT
1034331	2093	o6	1.999	TTACTT
1034331	4446	o6	1.254	TTACTT
1034334	508	6m	1.773	TACTTT
1034347	183	7m8	1.405	TACTTT
1034358	506	6m	3.081	TACTTT
1034361	1222	o6	2.723	TTACTT
1034362	440	o6	1.108	TTACTT
1034397	2289	o6	1.073	TTACTT
1034401	126	7A1	1.673	TACTTT
1034427	165	8m	1.710	TACTTT
1034427	770	6m	1.548	TACTTT
1034448	669	8m	1.810	TTACTT
1034469	378	6m	1.135	TACTTT
1034508	60	6m	1.142	TACTTT
1034514	173	7m8	1.213	TTACTT
1034529	461	o6	1.755	TTACTT
1034556	1317	o6	3.619	TTACTT
1034569	4354	7A1	1.073	TACTTT
1034569	7383	o6	1.690	TTACTT
1034577	274	7m8	2.321	TTACTT
1034635	476	7m8	1.082	TTACTT
1034679	70	o6	2.076	TTACTT
1034679	1887	6m	1.553	TACTTT
1034679	2493	6m	1.008	TACTTT
1034690	137	o6	2.906	TTACTT
1034690	561	7m8	1.084	TTACTT
1034706	61	o6	4.225	TTACTT
1034709	769	o6	1.545	TTACTT
1034709	1109	6m	1.524	TACTTT
1034735	79	7A1	1.281	TACTTT
1034775	85	6m	1.561	TACTTT
1034775	561	7m8	1.524	TACTTT
1034775	644	7m8	2.073	TTACTT
1034801	204	7m8	1.111	TACTTT
1034869	79	6m	1.572	TACTTT
1034873	394	8m	3.942	TACTTT
1034899	2651	7m8	2.786	TACTTT
1034899	3338	7A1	1.785	TACTTT
1034899	3387	o6	1.951	TTACTT
1034909	360	6m	2.913	TACTTT
1034909	1789	6m	1.718	TACTTT
1034984	1178	7m8	1.251	TACTTT
1035001	409	o6	2.377	TTACTT
1035015	234	o6	3.307	TTACTT
1035037	352	o6	1.474	TTACTT
1035132	606	8m	1.279	TACTTT
1035147	95	6m	1.476	TACTTT
1035165	28	o6	2.854	TTACTT
1035198	1402	6m	1.073	TACTTT
1035198	1945	o6	1.047	TTACTT
1035218	160	7A1	1.456	TACTTT
1035248	1374	7A1	1.753	TACTTT
1035248	2214	7A1	1.276	TACTTT
1035252	170	7m8	1.222	TACTTT
1035264	307	6m	1.132	TACTTT
1035314	1353	7A1	2.159	TACTTT
1035320	7	6m	1.046	TACTTT
1035332	188	6m	2.049	TACTTT
1035356	905	7m8	1.478	TTACTT
1035447	1464	7A1	2.348	TACTTT
1035527	720	7A1	1.772	TACTTT
1035530	491	6m	1.818	TACTTT
1035530	611	7A1	3.219	TACTTT
1035536	1014	o6	1.100	TTACTT
1035561	1015	o6	1.865	TTACTT
1035566	1131	6m	1.782	TACTTT
1035569	1108	o6	2.262	TTACTT
1035569	4973	7A1	1.540	TACTTT
1035569	15013	6m	1.284	TACTTT
1035569	17536	o6	2.556	TTACTT
1035569	18025	6m	1.523	TACTTT
1035569	18031	o6	1.307	TTACTT
1035569	18166	o6	2.629	TTACTT
1035684	918	o6	2.341	TTACTT
1035705	105	6m	2.367	TACTTT
1035719	272	6m	1.201	TACTTT
1035719	1447	o6	1.394	TTACTT
1035737	335	7A1	2.366	TACTTT
1035768	1322	7m8	2.163	TTACTT
1035783	859	o6	1.500	TTACTT
1035783	1943	6m	3.157	TACTTT
1035783	1992	8m	2.929	TTACTT
1035783	2818	6m	3.110	TACTTT
1035783	4080	6m	1.468	TACTTT
1035836	384	6m	5.802	TACTTT
1035843	3281	6m	2.236	TACTTT
1035863	417	6m	3.347	TACTTT
1035863	571	o6	2.189	TTACTT
1035900	95	o6	2.608	TTACTT
1035939	159	o6	1.274	TTACTT
1035945	1577	6m	2.062	TACTTT
1035945	3767	7m8	1.742	TACTTT
1035963	969	o6	1.413	TTACTT
1035974	1054	o6	1.073	TTACTT
1035993	696	o6	2.581	TTACTT
1036011	138	o6	2.272	TTACTT
1036022	130	6m	1.554	TACTTT
1036053	1823	o6	2.409	TTACTT
1036080	376	7A1	1.771	TACTTT
1036089	171	7A1	3.622	TACTTT
1036089	249	8m	3.809	TTACTT
1036160	399	o6	1.589	TTACTT
1036283	1112	6m	2.481	TACTTT
1036283	1660	o6	2.025	TTACTT
1036289	346	7A1	1.691	TACTTT
1036304	225	7A1	1.292	TACTTT
1036343	1308	7A1	1.073	TACTTT
1036343	1780	6m	1.053	TACTTT
1036349	455	o6	1.377	TTACTT
1036367	1217	o6	2.360	TTACTT
1036381	2939	o6	1.314	TTACTT
1036432	1582	7A1	1.727	TACTTT
1036479	110	o6	1.617	TTACTT
1036568	3555	o6	1.073	TTACTT
1036568	3977	6m	1.758	TACTTT
1036568	4199	o6	1.120	TTACTT
1036592	217	o6	2.278	TTACTT
1036645	570	6m	2.308	TACTTT
1036656	1101	6m	2.432	TACTTT
1036668	197	7A1	1.283	TACTTT
1036739	46	6m	1.178	TACTTT
1036788	1776	6m	1.703	TACTTT
1036836	105	7A1	1.030	TACTTT
1036836	116	8m	1.064	TACTTT
1036968	538	6m	1.956	TACTTT
1037051	878	6m	1.708	TACTTT
1037111	220	o6	1.457	TTACTT
1037111	226	6m	1.126	TACTTT
1037207	270	o6	1.009	TTACTT
1037269	260	7A1	2.692	TACTTT
1037339	2144	8m	2.309	TTACTT
1037414	234	7m8	1.251	TACTTT
1037414	409	7A1	3.252	TACTTT
1037440	451	o6	2.299	TTACTT
1037474	80	6m	1.101	TACTTT
1037480	126	7m8	1.109	TTACTT
1037494	1696	8m	1.288	TTACTT
1037534	316	o6	1.155	TTACTT
1037588	475	6m	1.165	TACTTT
1037588	615	o6	1.774	TTACTT
1037655	366	7m8	1.004	TTACTT
1037690	70	7m8	1.074	TTACTT
1037756	46	7A1	1.468	TACTTT
1037832	604	o6	1.102	TTACTT
1037832	612	o6	1.102	TTACTT
1037876	11	o6	1.066	TTACTT
1037909	233	7m8	1.218	TACTTT
1037931	13	o6	1.427	TTACTT
1037937	594	6m	1.745	TACTTT
1038021	1073	o6	1.465	TTACTT
1038021	1758	7A1	2.159	TACTTT
1038055	217	8m	1.078	TTACTT
1038066	2411	o6	2.321	TTACTT
1038085	295	7m8	2.967	TTACTT
1038119	922	o6	2.301	TTACTT
1038211	127	7A1	1.976	TACTTT
1038211	236	7m8	2.231	TTACTT
1038223	742	7m8	1.683	TTACTT
1038234	313	o6	1.144	TTACTT
1038235	467	o6	1.092	TTACTT
1038293	4541	o6	2.933	TTACTT
1038303	559	6m	1.320	TACTTT
1038312	3138	7A1	2.882	TACTTT
1038312	3806	7A1	2.073	TACTTT
1038333	138	6m	1.380	TACTTT
1038378	393	6m	2.497	TACTTT
1038390	687	o6	2.049	TTACTT
1038407	83	6m	1.027	TACTTT
1038407	882	7A1	3.848	TACTTT
1038410	304	o6	1.975	TTACTT
1038416	98	7A1	3.339	TACTTT
1038431	816	o6	2.210	TTACTT
1038465	81	6m	1.845	TACTTT
1038470	614	8m	2.674	TTACTT
1038485	508	o6	1.789	TTACTT
1038496	119	o6	2.321	TTACTT
1038496	127	8m	2.321	TTACTT
1038512	217	7m8	1.089	TTACTT
1038521	55	7A1	2.099	TACTTT
1038544	985	7m8	1.507	TTACTT
1038626	183	o6	1.975	TTACTT
1038640	1553	6m	2.058	TACTTT
1038703	269	6m	1.040	TACTTT
1038796	667	7m8	2.321	TTACTT
1038860	136	o6	1.630	TTACTT
1038905	716	8m	1.037	TTACTT
1038923	17	7m8	3.139	TACTTT
1038930	163	o6	2.584	TTACTT
1038933	440	6m	2.521	TACTTT
1038977	206	o6	1.086	TTACTT
1038983	438	o6	1.839	TTACTT
1038992	220	6m	1.480	TACTTT
1039007	645	8m	2.434	TTACTT
1039033	458	6m	1.851	TACTTT
1039061	2486	7m8	1.380	TTACTT
1039073	216	7A1	2.301	TACTTT
1039114	129	7A1	1.432	TACTTT
1039114	1004	7m8	2.973	TACTTT
1039151	473	8m	2.960	TTACTT
1039199	1102	7A1	1.306	TACTTT
1039218	216	6m	1.614	TACTTT
1039250	47	o6	1.484	TTACTT
1039285	558	7A1	1.029	TACTTT
1039398	454	7A1	1.742	TACTTT
1039422	428	6m	1.183	TACTTT
1039431	1450	o6	1.815	TTACTT
1039445	1332	o6	1.396	TTACTT
1039481	2127	8m	1.348	TACTTT
1039556	594	7m8	2.105	TTACTT
1039578	1498	o6	3.414	TTACTT
1039578	3762	o6	2.268	TTACTT
1039606	774	o6	1.585	TTACTT
1039606	782	o6	1.585	TTACTT
1039606	1269	7m8	1.541	TTACTT
1039706	1596	6m	2.973	TACTTT
1039797	2166	o6	1.948	TTACTT
1039797	2737	7m8	1.811	TACTTT
1039853	1079	o6	2.073	TTACTT
1039853	4029	6m	2.016	TACTTT
1039853	4816	8m	2.048	TTACTT
1039853	6282	7m8	1.690	TTACTT
1039853	6508	7A1	2.047	TACTTT
1039858	4305	7A1	2.833	TACTTT
1039861	189	6m	2.073	TACTTT
1039865	696	6m	2.311	TACTTT
1039908	4018	6m	1.637	TACTTT
1039908	4122	7m8	1.516	TTACTT
1039908	4138	o6	1.615	TTACTT
1039911	256	6m	1.996	TACTTT
1039911	811	6m	1.573	TACTTT
1039919	2045	6m	2.564	TACTTT
1039920	324	o6	3.679	TTACTT
1039931	624	6m	1.440	TACTTT
1039932	935	6m	1.059	TACTTT
1039949	1581	7m8	3.519	TTACTT
1039949	2738	7m8	2.485	TTACTT
1039949	4252	7m8	1.826	TACTTT
1039950	201	8m	2.100	TTACTT
1039950	510	7A1	1.073	TACTTT
1039968	797	6m	2.479	TACTTT
1039968	803	8m	2.881	TTACTT
1039971	52	o6	1.658	TTACTT
1039971	796	7m8	1.256	TTACTT
1040004	271	6m	1.779	TACTTT
1040004	1413	6m	1.871	TACTTT
1040048	319	7A1	1.891	TACTTT
1040048	2498	7m8	2.760	TACTTT
1040048	2598	8m	2.775	TTACTT
1040048	3376	8m	2.715	TTACTT
1040049	678	7m8	1.849	TTACTT
1040058	1346	7A1	1.940	TACTTT
1040058	5816	o6	1.077	TTACTT
1040078	288	7m8	1.750	TTACTT
1040115	422	6m	2.321	TACTTT
1040129	237	7m8	2.292	TACTTT
1040129	1155	6m	1.754	TACTTT
1040162	66	6m	1.899	TACTTT
1040165	3959	6m	1.434	TACTTT
1040165	4048	o6	3.271	TTACTT
1040190	1632	o6	2.898	TTACTT
1040190	2414	6m	1.635	TACTTT
1040190	2720	6m	2.383	TACTTT
1040190	4170	7A1	1.203	TACTTT
1040201	253	7A1	2.925	TACTTT
1040202	619	7m8	1.856	TACTTT
1040214	1940	7m8	1.903	TTACTT
1040228	816	8m	2.807	TTACTT
1040234	508	7A1	2.221	TACTTT
1040234	1563	o6	3.449	TTACTT
1040237	2071	6m	1.062	TACTTT
1040240	713	7m8	1.888	TTACTT
1040283	508	o6	1.205	TTACTT
1040294	1352	o6	1.032	TTACTT
1040298	4447	6m	2.705	TACTTT
1040298	4680	6m	2.043	TACTTT
1040298	4996	6m	2.023	TACTTT
1040298	7042	7m8	1.016	TTACTT
1040303	1746	6m	1.690	TACTTT
1040304	1391	o6	3.529	TTACTT
1040304	2587	7A1	1.281	TACTTT
1040331	765	7m8	1.178	TTACTT
1040337	1094	6m	1.635	TACTTT
1040337	4089	o6	1.115	TTACTT
1040337	4677	6m	3.699	TACTTT
1040346	3967	8m	1.676	TTACTT
1040346	4347	8m	2.006	TTACTT
1040352	1398	o6	1.849	TTACTT
1040352	3372	7m8	1.006	TACTTT
1040411	175	6m	1.106	TACTTT
1040417	264	7A1	1.537	TACTTT
1040417	1208	o6	1.954	TTACTT
1040434	1578	6m	1.782	TACTTT
1040437	1718	6m	1.780	TACTTT
1040444	1178	7m8	2.398	TACTTT
1040458	332	7A1	2.560	TACTTT
1040483	821	o6	1.348	TTACTT
1040495	830	8m	1.605	TTACTT
1040503	187	o6	1.055	TTACTT
1040548	238	o6	1.614	TTACTT
1040584	684	7m8	2.270	TTACTT
1040584	1079	6m	1.265	TACTTT
1040590	3874	o6	1.518	TTACTT
1040623	1084	o6	1.271	TTACTT
1040635	999	6m	2.156	TACTTT
1040635	1707	7m8	1.335	TTACTT
1040635	2465	7A1	2.896	TACTTT
1040635	3459	6m	2.272	TACTTT
1040635	3653	6m	2.689	TACTTT
1040661	76	o6	1.815	TTACTT
