1000021	1029	o6	1.207	AAAAGA
1000026	181	8m	2.014	AAAAGA
1000026	207	8m	1.618	AAAAGA
1000026	296	o6	1.287	AAAAGA
1000026	955	o6	1.115	AAAAGA
1000038	736	7A1	1.596	AAAGAC
1000042	633	6m	1.447	AAAGAC
1000048	43	8m	1.612	AAAAGA
1000048	658	7m8	2.723	AAAAGA
1000066	3091	o6	1.632	AAAAGA
1000066	3157	o6	2.475	AAAAGA
1000069	204	6m	2.449	AAAGAC
1000069	216	6m	2.449	AAAGAC
1000077	194	o6	1.326	AAAAGA
1000090	517	o6	1.082	AAAAGA
1000122	1884	7m8	1.716	AAAAGA
1000125	1071	o6	1.345	AAAAGA
1000125	1225	o6	1.314	AAAAGA
1000125	1245	o6	1.631	AAAAGA
1000126	333	6m	2.071	AAAGAC
1000134	731	o6	1.396	AAAAGA
1000159	21	6m	1.395	AAAGAC
1000177	168	7m8	1.680	AAAAGA
1000182	123	8m	2.999	AAAAGA
1000219	301	6m	1.447	AAAGAC
1000219	430	6m	1.279	AAAGAC
1000249	712	o6	1.831	AAAAGA
1000249	723	o6	2.027	AAAAGA
1000261	833	7m8	1.763	AAAAGA
1000272	451	o6	1.663	AAAAGA
1000272	510	o6	1.367	AAAAGA
1000306	355	8m	2.029	AAAGAC
1000320	960	7m8	2.438	AAAAGA
1000321	525	6m	2.503	AAAGAC
1000360	2247	o6	1.730	AAAAGA
1000373	908	6m	2.433	AAAGAC
1000386	989	o6	1.120	AAAAGA
1000386	1763	o6	1.057	AAAAGA
1000395	611	7A1	2.132	AAAGAC
1000406	492	6m	2.296	AAAGAC
1000442	318	o6	2.435	AAAAGA
1000442	864	o6	1.623	AAAAGA
1000442	1020	o6	1.224	AAAAGA
1000443	1322	o6	2.218	AAAAGA
1000443	2797	o6	1.165	AAAAGA
1000446	128	o6	1.711	AAAAGA
1000466	222	7m8	1.045	AAAAGA
1000466	249	o6	1.607	AAAAGA
1000490	683	o6	1.155	AAAAGA
1000493	92	o6	2.212	AAAAGA
1000493	1361	o6	1.447	AAAAGA
1000493	1373	o6	1.322	AAAAGA
1000493	1964	o6	2.194	AAAAGA
1000493	4113	6m	1.535	AAAGAC
1000493	4711	o6	2.061	AAAAGA
1000494	380	o6	2.164	AAAAGA
1000545	185	o6	1.339	AAAAGA
1000545	281	6m	2.055	AAAGAC
1000553	116	o6	1.953	AAAAGA
1000590	1108	o6	1.329	AAAAGA
1000598	396	7A1	3.206	AAAGAC
1000602	81	7A1	1.966	AAAGAC
1000602	168	o6	1.050	AAAAGA
1000619	1249	6m	1.606	AAAGAC
1000680	265	6m	1.017	AAAGAC
1000683	97	7m8	2.399	AAAAGA
1000725	56	7m8	1.120	AAAAGA
1000779	1450	7A1	1.073	AAAGAC
1000803	602	7m8	2.409	AAAAGA
1000803	901	o6	1.043	AAAAGA
1000803	906	o6	1.128	AAAAGA
1000803	914	o6	1.478	AAAAGA
1000814	733	o6	1.727	AAAAGA
1000824	227	o6	2.425	AAAAGA
1000824	1605	6m	2.799	AAAGAC
1000824	1729	o6	1.783	AAAAGA
1000829	659	6m	2.807	AAAGAC
1000835	702	o6	4.106	AAAAGA
1000845	761	6m	2.350	AAAGAC
1000845	3258	o6	2.003	AAAAGA
1000845	3281	o6	1.597	AAAAGA
1000901	852	o6	1.239	AAAAGA
1000920	1029	8m	2.409	AAAAGA
1000928	1663	o6	1.111	AAAAGA
1000928	1697	o6	1.423	AAAAGA
1001012	589	o6	1.164	AAAAGA
1001012	2502	o6	1.812	AAAAGA
1001015	426	o6	2.232	AAAAGA
1001024	555	6m	1.179	AAAGAC
1001030	93	6m	2.635	AAAGAC
1001030	318	o6	1.071	AAAAGA
1001030	2354	o6	1.634	AAAAGA
1001054	26	7m8	1.857	AAAGAC
1001054	306	7m8	2.578	AAAGAC
1001139	463	o6	2.025	AAAAGA
1001217	356	o6	2.939	AAAAGA
1001223	31	o6	1.224	AAAAGA
1001249	666	8m	1.110	AAAGAC
1001366	72	o6	1.680	AAAAGA
1001412	285	o6	1.042	AAAAGA
1001417	59	7m8	1.284	AAAAGA
1001423	405	7m8	1.563	AAAAGA
1001440	767	o6	1.063	AAAAGA
1001440	854	o6	2.095	AAAAGA
1001515	187	7A1	1.253	AAAGAC
1001533	14	7A1	1.563	AAAGAC
1001533	397	7A1	1.468	AAAGAC
1001541	10	8m	1.619	AAAAGA
1001554	4	o6	1.002	AAAAGA
1001578	1305	o6	1.107	AAAAGA
1001584	667	o6	2.085	AAAAGA
1001584	725	o6	2.291	AAAAGA
1001601	3814	o6	1.547	AAAAGA
1001601	4078	o6	2.148	AAAAGA
1001601	4083	o6	2.148	AAAAGA
1001683	371	7A1	1.283	AAAGAC
1001735	100	7m8	1.228	AAAAGA
1001862	730	o6	1.215	AAAAGA
1001862	1608	o6	1.150	AAAAGA
1001865	141	7m8	2.660	AAAAGA
1001906	1628	6m	1.240	AAAGAC
1001937	3555	7m8	1.613	AAAAGA
1002080	497	o6	1.220	AAAAGA
1002102	633	o6	3.333	AAAAGA
1002155	300	8m	1.999	AAAAGA
1002176	1533	o6	3.516	AAAAGA
1002236	628	o6	1.277	AAAAGA
1002383	387	6m	1.525	AAAGAC
1002562	63	o6	1.379	AAAAGA
1002590	198	7m8	1.227	AAAAGA
1002628	229	7A1	1.606	AAAGAC
1002734	1118	o6	1.284	AAAAGA
1002826	775	o6	1.009	AAAAGA
1002826	910	6m	1.020	AAAGAC
1002826	1595	6m	2.313	AAAGAC
1002830	60	7m8	2.605	AAAAGA
1002830	1477	o6	1.038	AAAAGA
1002833	237	o6	1.209	AAAAGA
1002842	370	o6	2.863	AAAAGA
1002877	586	o6	1.244	AAAAGA
1002928	61	6m	2.455	AAAGAC
1003023	597	7m8	1.781	AAAGAC
1003044	125	o6	1.874	AAAAGA
1003053	384	o6	1.115	AAAAGA
1003077	557	o6	1.240	AAAAGA
1003119	76	6m	1.925	AAAGAC
1003154	67	7m8	1.264	AAAAGA
1003166	320	o6	1.394	AAAAGA
1003170	451	7A1	2.775	AAAGAC
1003178	402	6m	1.445	AAAGAC
1003184	465	o6	1.271	AAAAGA
1003297	98	7A1	1.255	AAAGAC
1003298	373	7A1	1.498	AAAGAC
1003417	632	7A1	2.017	AAAGAC
1003589	1529	6m	1.939	AAAGAC
1003631	1496	7A1	1.241	AAAGAC
1003631	2596	o6	2.617	AAAAGA
1003631	2639	o6	2.617	AAAAGA
1003631	3509	o6	1.054	AAAAGA
1003631	3772	o6	2.413	AAAAGA
1003671	388	8m	2.085	AAAAGA
1003702	165	7m8	1.292	AAAGAC
1003776	38	o6	1.272	AAAAGA
1003800	284	o6	1.246	AAAAGA
1003873	546	7A1	3.093	AAAGAC
1003930	1371	o6	1.015	AAAAGA
1003945	1471	o6	1.502	AAAAGA
1003992	54	6m	2.595	AAAGAC
1003996	386	o6	1.302	AAAAGA
1003999	1110	o6	1.556	AAAAGA
1003999	1514	o6	1.349	AAAAGA
1004077	915	o6	1.680	AAAAGA
1004097	160	o6	1.143	AAAAGA
1004119	65	o6	2.757	AAAAGA
1004119	276	o6	1.598	AAAAGA
1004182	321	o6	1.468	AAAAGA
1004281	321	o6	1.351	AAAAGA
1004374	121	o6	1.320	AAAAGA
1004437	1070	7A1	2.218	AAAGAC
1004457	36	o6	1.050	AAAAGA
1004463	617	o6	1.971	AAAAGA
1004463	2645	o6	1.235	AAAAGA
1004463	3858	o6	1.055	AAAAGA
1004490	61	o6	2.588	AAAAGA
1004503	1856	o6	1.094	AAAAGA
1004545	77	7m8	1.518	AAAAGA
1004573	1434	o6	1.036	AAAAGA
1004627	145	6m	2.064	AAAGAC
1004684	76	6m	1.183	AAAGAC
1004697	114	o6	1.113	AAAAGA
1004709	119	8m	1.607	AAAAGA
1004709	126	7m8	1.157	AAAAGA
1004738	101	o6	2.144	AAAAGA
1004850	135	o6	1.012	AAAAGA
1004898	184	7A1	1.606	AAAGAC
1004898	330	7m8	3.034	AAAAGA
1004898	1759	o6	1.335	AAAAGA
1004943	27	o6	1.445	AAAAGA
1004948	473	8m	1.657	AAAGAC
1004958	174	o6	1.522	AAAAGA
1004999	284	8m	1.606	AAAAGA
1005034	669	o6	1.389	AAAAGA
1005045	539	o6	3.263	AAAAGA
1005045	558	o6	1.907	AAAAGA
1005078	70	7m8	2.503	AAAAGA
1005103	675	o6	1.059	AAAAGA
1005120	770	o6	1.273	AAAAGA
1005124	166	7m8	1.880	AAAGAC
1005129	121	o6	1.190	AAAAGA
1005130	261	6m	2.660	AAAGAC
1005150	637	7A1	3.449	AAAGAC
1005216	398	6m	1.083	AAAGAC
1005216	1709	o6	1.484	AAAAGA
1005240	75	6m	1.030	AAAGAC
1005335	1320	o6	1.073	AAAAGA
1005349	3168	6m	1.382	AAAGAC
1005352	938	8m	1.035	AAAAGA
1005374	343	o6	1.413	AAAAGA
1005374	821	o6	1.229	AAAAGA
1005407	43	o6	1.982	AAAAGA
1005408	284	7m8	1.485	AAAGAC
1005450	459	o6	1.689	AAAAGA
1005455	1098	o6	1.820	AAAAGA
1005474	1241	o6	1.688	AAAAGA
1005496	168	7m8	2.993	AAAAGA
1005507	176	6m	2.342	AAAGAC
1005565	101	o6	1.925	AAAAGA
1005595	127	o6	1.537	AAAAGA
1005595	1168	o6	1.480	AAAAGA
1005646	4400	o6	1.136	AAAAGA
1005674	1264	7m8	1.700	AAAAGA
1005701	248	7m8	1.997	AAAAGA
1005709	595	6m	1.437	AAAGAC
1005730	374	o6	1.687	AAAAGA
1005733	464	o6	1.179	AAAAGA
1005752	747	o6	1.385	AAAAGA
1005906	294	8m	1.135	AAAAGA
1006071	677	6m	2.209	AAAGAC
1006071	856	7A1	1.360	AAAGAC
1006107	167	o6	1.951	AAAAGA
1006107	546	6m	2.203	AAAGAC
1006107	1009	o6	1.658	AAAAGA
1006107	1209	o6	1.808	AAAAGA
1006107	1965	o6	2.503	AAAAGA
1006137	980	o6	1.002	AAAAGA
1006137	1025	7A1	2.377	AAAGAC
1006173	434	o6	1.288	AAAAGA
1006186	38	o6	1.147	AAAAGA
1006692	1131	o6	1.207	AAAAGA
1006708	2187	o6	1.272	AAAAGA
1006731	570	o6	1.257	AAAAGA
1006734	339	o6	1.356	AAAAGA
1006734	344	o6	1.597	AAAAGA
1006735	1709	o6	2.326	AAAAGA
1006814	971	o6	1.322	AAAAGA
1006839	256	7m8	2.166	AAAAGA
1006890	714	o6	1.776	AAAAGA
1006890	1591	o6	1.367	AAAAGA
1006899	554	7m8	2.624	AAAAGA
1006920	504	o6	1.673	AAAAGA
1007004	1712	8m	1.417	AAAGAC
1007031	41	o6	1.023	AAAAGA
1007031	1302	6m	2.164	AAAGAC
1007053	805	6m	2.275	AAAGAC
1007118	349	7m8	2.013	AAAAGA
1007118	689	7m8	2.013	AAAGAC
1007189	82	o6	2.540	AAAAGA
1007206	405	7m8	2.840	AAAAGA
1007207	1206	o6	1.787	AAAAGA
1007231	933	o6	1.722	AAAAGA
1007242	11	o6	1.758	AAAAGA
1007242	5583	o6	1.971	AAAAGA
1007242	5850	o6	1.624	AAAAGA
1007251	1319	o6	1.163	AAAAGA
1007296	590	o6	2.390	AAAAGA
1007296	622	6m	1.256	AAAGAC
1007311	309	o6	1.609	AAAAGA
1007314	659	o6	1.685	AAAAGA
1007314	1031	o6	1.681	AAAAGA
1007364	94	o6	1.516	AAAAGA
1007364	1006	o6	2.799	AAAAGA
1007364	1099	7m8	1.755	AAAGAC
1007364	1762	7A1	1.624	AAAGAC
1007364	1874	7m8	1.703	AAAAGA
1007364	3840	o6	1.650	AAAAGA
1007382	157	7A1	2.318	AAAGAC
1007388	27	o6	1.152	AAAAGA
1007466	156	8m	1.340	AAAAGA
1007490	360	8m	1.322	AAAAGA
1007494	143	o6	1.391	AAAAGA
1007494	964	7m8	1.015	AAAGAC
1007502	1274	o6	1.264	AAAAGA
1007629	505	o6	1.099	AAAAGA
1007647	128	o6	1.868	AAAAGA
1007647	1441	o6	2.660	AAAAGA
1007673	246	6m	1.584	AAAGAC
1007710	450	o6	1.541	AAAAGA
1007710	762	o6	1.120	AAAAGA
1007714	91	o6	1.980	AAAAGA
1007726	100	6m	1.012	AAAGAC
1007749	262	o6	1.051	AAAAGA
1007764	1521	8m	2.199	AAAAGA
1007840	1796	8m	2.866	AAAAGA
1007875	106	o6	3.378	AAAAGA
1007875	1895	7A1	1.517	AAAGAC
1007875	4988	7A1	1.195	AAAGAC
1007885	447	6m	3.128	AAAGAC
1007888	972	o6	1.491	AAAAGA
1007897	256	o6	1.723	AAAAGA
1007897	1354	o6	1.693	AAAAGA
1007897	1379	7A1	1.316	AAAGAC
1007897	1455	6m	2.400	AAAGAC
1007897	3936	o6	1.258	AAAAGA
1007903	1133	7m8	1.995	AAAAGA
1007903	2264	6m	1.315	AAAGAC
1007908	519	o6	1.011	AAAAGA
1007920	1967	o6	1.573	AAAAGA
1007923	949	o6	1.394	AAAAGA
1007932	777	o6	1.057	AAAAGA
1007936	384	o6	1.072	AAAAGA
1007950	986	o6	1.459	AAAAGA
1007950	991	o6	1.536	AAAAGA
1007950	2323	o6	1.561	AAAAGA
1007950	3685	o6	1.993	AAAAGA
1007972	220	6m	1.682	AAAGAC
1007975	51	o6	2.092	AAAAGA
1007980	480	o6	1.084	AAAAGA
1007980	2403	8m	2.768	AAAAGA
1007980	2446	6m	1.600	AAAGAC
1008018	533	o6	1.321	AAAAGA
1008036	666	o6	1.584	AAAAGA
1008072	152	o6	1.296	AAAAGA
1008093	72	8m	3.383	AAAGAC
1008093	975	8m	2.438	AAAGAC
1008108	355	o6	1.041	AAAAGA
1008126	110	o6	1.421	AAAAGA
1008129	638	6m	1.605	AAAGAC
1008135	59	6m	2.486	AAAGAC
1008136	38	7m8	2.801	AAAAGA
1008145	1133	8m	2.343	AAAAGA
1008145	1548	o6	1.675	AAAAGA
1008145	4333	o6	1.905	AAAAGA
1008145	6915	o6	1.612	AAAAGA
1008151	165	o6	1.040	AAAAGA
1008240	156	7m8	2.220	AAAAGA
1008270	361	8m	2.807	AAAAGA
1008301	48	6m	2.337	AAAGAC
1008301	207	o6	1.094	AAAAGA
1008312	724	o6	1.325	AAAAGA
1008318	89	o6	2.627	AAAAGA
1008318	171	o6	2.097	AAAAGA
1008318	379	o6	1.824	AAAAGA
1008318	390	o6	1.255	AAAAGA
1008318	413	o6	2.148	AAAAGA
1008318	423	o6	2.853	AAAAGA
1008318	473	o6	2.215	AAAAGA
1008318	582	o6	2.272	AAAAGA
1008318	608	o6	2.651	AAAAGA
1008355	617	7m8	2.188	AAAGAC
1008363	721	8m	1.350	AAAAGA
1008405	67	o6	1.606	AAAAGA
1008409	297	o6	1.252	AAAAGA
1008409	1626	o6	2.297	AAAAGA
1008454	704	8m	2.544	AAAAGA
1008468	373	o6	1.452	AAAAGA
1008471	153	o6	2.299	AAAAGA
1008472	13	6m	1.183	AAAGAC
1008510	1943	7m8	1.918	AAAAGA
1008521	69	6m	1.682	AAAGAC
1008521	974	6m	3.441	AAAGAC
1008534	149	7A1	1.112	AAAGAC
1008537	756	o6	1.383	AAAAGA
1008596	147	6m	2.624	AAAGAC
1008597	179	7m8	1.163	AAAAGA
1008597	329	8m	1.149	AAAAGA
1008606	278	8m	2.085	AAAAGA
1008611	527	o6	1.788	AAAAGA
1008624	220	6m	2.610	AAAGAC
1008666	660	7A1	1.204	AAAGAC
1008681	156	7m8	1.842	AAAAGA
1008707	1153	8m	2.054	AAAAGA
1008707	1179	o6	1.079	AAAAGA
1008708	135	6m	1.284	AAAGAC
1008720	183	7m8	2.962	AAAAGA
1008789	160	o6	1.979	AAAAGA
1008852	767	o6	1.474	AAAAGA
1008860	485	o6	2.067	AAAAGA
1008867	40	8m	1.034	AAAGAC
1008875	127	o6	2.206	AAAAGA
1008882	240	7A1	1.322	AAAGAC
1008903	852	o6	1.333	AAAAGA
1008903	1983	o6	1.373	AAAAGA
1008903	2072	o6	1.652	AAAAGA
1008957	102	o6	1.140	AAAAGA
1008966	1548	o6	1.883	AAAAGA
1008999	223	6m	2.544	AAAGAC
1009037	977	7m8	1.054	AAAGAC
1009037	1729	6m	2.678	AAAGAC
1009037	3438	o6	1.765	AAAAGA
1009056	174	8m	2.281	AAAGAC
1009132	31	6m	1.198	AAAGAC
1009153	390	o6	1.075	AAAAGA
1009202	3	6m	1.251	AAAGAC
1009225	335	8m	1.196	AAAAGA
1009300	7	8m	1.682	AAAAGA
1009300	400	o6	1.527	AAAAGA
1009307	315	8m	2.135	AAAAGA
1009360	191	o6	1.144	AAAAGA
1009369	701	6m	1.690	AAAGAC
1009385	213	o6	1.019	AAAAGA
1009448	252	7A1	1.255	AAAGAC
1009475	271	8m	2.138	AAAAGA
1009503	50	6m	1.825	AAAGAC
1009548	364	o6	1.158	AAAAGA
1009588	137	6m	1.422	AAAGAC
1009606	107	o6	1.036	AAAAGA
1009652	175	8m	1.073	AAAGAC
1009661	84	7m8	1.036	AAAAGA
1009668	178	o6	1.005	AAAAGA
1009684	1028	7A1	1.793	AAAGAC
1009684	1151	7A1	1.562	AAAGAC
1009736	159	o6	1.545	AAAAGA
1009748	1875	8m	1.176	AAAGAC
1009814	247	o6	1.117	AAAAGA
1009834	1281	6m	3.034	AAAGAC
1009930	802	7A1	1.336	AAAGAC
1010054	616	o6	1.245	AAAAGA
1010178	202	o6	2.119	AAAAGA
1010229	199	7A1	3.232	AAAGAC
1010232	602	o6	1.241	AAAAGA
1010238	229	o6	1.241	AAAAGA
1010250	2318	o6	2.703	AAAAGA
1010265	50	7A1	1.625	AAAGAC
1010278	337	6m	2.170	AAAGAC
1010332	547	7m8	2.180	AAAGAC
1010385	58	o6	2.650	AAAAGA
1010401	34	7m8	1.125	AAAAGA
1010401	3434	o6	1.723	AAAAGA
1010401	4532	o6	1.693	AAAAGA
1010401	4557	7A1	1.316	AAAGAC
1010401	4633	6m	2.400	AAAGAC
1010421	427	o6	1.193	AAAAGA
1010511	1196	8m	2.073	AAAAGA
1010569	141	o6	1.315	AAAAGA
1010652	643	o6	1.060	AAAAGA
1010652	1496	o6	1.152	AAAAGA
1010670	633	8m	2.085	AAAGAC
1010682	309	o6	2.025	AAAAGA
1010682	324	8m	2.849	AAAAGA
1010698	499	o6	1.619	AAAAGA
1010712	253	7A1	2.688	AAAGAC
1010790	40	o6	1.058	AAAAGA
1010821	38	o6	2.190	AAAAGA
1010821	109	o6	1.281	AAAAGA
1010862	1013	o6	1.575	AAAAGA
1010937	98	6m	2.331	AAAGAC
1010941	282	6m	2.463	AAAGAC
1010950	853	o6	1.146	AAAAGA
1010950	868	o6	1.202	AAAAGA
1010956	993	o6	1.470	AAAAGA
1010998	42	8m	2.026	AAAGAC
1011042	460	o6	2.077	AAAAGA
1011042	556	7A1	1.376	AAAGAC
1011078	16	o6	1.079	AAAAGA
1011107	1582	o6	1.155	AAAAGA
1011107	2109	o6	1.485	AAAAGA
1011107	2275	o6	1.236	AAAAGA
1011107	2340	o6	1.526	AAAAGA
1011120	45	o6	1.373	AAAAGA
1011131	262	7m8	2.302	AAAAGA
1011144	256	7A1	1.098	AAAGAC
1011186	319	o6	1.422	AAAAGA
1011194	1031	6m	1.434	AAAGAC
1011206	75	7m8	1.047	AAAGAC
1011215	122	6m	2.016	AAAGAC
1011219	1467	6m	1.714	AAAGAC
1011237	290	6m	1.091	AAAGAC
1011327	778	o6	1.060	AAAAGA
1011369	185	o6	1.154	AAAAGA
1011393	434	o6	1.545	AAAAGA
1011397	167	o6	1.218	AAAAGA
1011430	1063	6m	3.139	AAAGAC
1011487	793	6m	1.194	AAAGAC
1011487	991	7A1	1.279	AAAGAC
1011487	1292	o6	1.194	AAAAGA
1011490	121	o6	1.798	AAAAGA
1011511	98	6m	2.648	AAAGAC
1011523	1150	o6	1.055	AAAAGA
1011613	107	7A1	2.964	AAAGAC
1011658	236	7m8	2.780	AAAAGA
1011680	84	o6	1.032	AAAAGA
1011694	133	7m8	1.392	AAAGAC
1011698	491	6m	1.551	AAAGAC
1011706	119	o6	1.113	AAAAGA
1011715	359	o6	1.023	AAAAGA
1011746	88	o6	2.070	AAAAGA
1011776	72	7A1	1.898	AAAGAC
1011799	344	o6	2.538	AAAAGA
1011809	285	o6	1.981	AAAAGA
1011856	1686	6m	1.521	AAAGAC
1011859	51	6m	1.825	AAAGAC
1011892	98	o6	1.242	AAAAGA
1011936	735	o6	1.876	AAAAGA
1011968	108	6m	1.333	AAAGAC
1012008	585	o6	1.494	AAAAGA
1012045	424	o6	1.978	AAAAGA
1012075	149	6m	1.186	AAAGAC
1012174	585	o6	1.410	AAAAGA
1012329	65	8m	1.690	AAAAGA
1012430	718	6m	2.073	AAAGAC
1012479	1319	o6	1.268	AAAAGA
1012479	1389	o6	1.309	AAAAGA
1012479	1414	o6	1.613	AAAAGA
1012491	708	6m	1.078	AAAGAC
1012513	97	6m	3.034	AAAGAC
1012537	862	6m	1.284	AAAGAC
1012546	15	6m	1.045	AAAGAC
1012588	111	7m8	1.690	AAAGAC
1012617	88	6m	1.973	AAAGAC
1012639	301	o6	1.923	AAAAGA
1012755	110	7A1	2.360	AAAGAC
1012776	534	o6	1.257	AAAAGA
1012785	53	o6	1.087	AAAAGA
1012801	131	o6	1.112	AAAAGA
1012822	80	7A1	1.610	AAAGAC
1012830	612	o6	1.103	AAAAGA
1012900	1337	o6	1.244	AAAAGA
1013059	3	7A1	2.431	AAAGAC
1013068	220	8m	1.328	AAAAGA
1013068	294	6m	1.690	AAAGAC
1013114	55	7m8	2.505	AAAAGA
1013135	4	6m	1.759	AAAGAC
1013258	174	7A1	1.347	AAAGAC
1013312	1731	o6	1.311	AAAAGA
1013443	1502	6m	1.328	AAAGAC
1013443	1726	6m	1.415	AAAGAC
1013444	960	o6	1.196	AAAAGA
1013461	515	7A1	1.784	AAAGAC
1013503	118	o6	2.148	AAAAGA
1013518	3196	6m	2.069	AAAGAC
1013591	2385	6m	2.870	AAAGAC
1013603	27	o6	2.305	AAAAGA
1013648	36	8m	3.880	AAAAGA
1013648	231	7m8	2.658	AAAGAC
1013670	1318	8m	1.055	AAAAGA
1013676	1395	o6	1.328	AAAAGA
1013772	221	7A1	1.250	AAAGAC
1013799	365	6m	1.411	AAAGAC
1013988	1454	7m8	2.368	AAAGAC
1014009	380	7m8	3.398	AAAAGA
1014069	276	7m8	1.217	AAAAGA
1014294	150	7m8	2.404	AAAAGA
1014295	257	o6	1.033	AAAAGA
1014349	370	6m	3.182	AAAGAC
1014379	140	8m	1.005	AAAGAC
1014418	2071	7A1	1.606	AAAGAC
1014421	108	o6	2.030	AAAAGA
1014430	191	o6	2.866	AAAAGA
1014448	49	6m	2.508	AAAGAC
1014465	217	7A1	1.055	AAAGAC
1014465	865	o6	1.027	AAAAGA
1014473	1906	7A1	1.562	AAAGAC
1014485	39	7m8	1.193	AAAGAC
1014588	533	7m8	1.205	AAAAGA
1014588	3146	o6	1.267	AAAAGA
1014655	1031	6m	1.690	AAAGAC
1014823	72	7m8	1.569	AAAGAC
1014834	51	o6	1.752	AAAAGA
1014869	544	7m8	2.824	AAAAGA
1014966	148	7A1	2.740	AAAGAC
1014978	270	o6	1.082	AAAAGA
1014978	477	o6	1.245	AAAAGA
1014981	1798	o6	1.456	AAAAGA
1014981	2398	o6	2.553	AAAAGA
1014987	1001	6m	2.235	AAAGAC
1014988	1011	7m8	2.801	AAAGAC
1014988	5901	o6	1.005	AAAAGA
1015006	129	o6	1.002	AAAAGA
1015041	2771	o6	1.410	AAAAGA
1015047	1140	o6	2.544	AAAAGA
1015062	1197	8m	1.871	AAAAGA
1015073	745	o6	1.065	AAAAGA
1015095	463	o6	1.120	AAAAGA
1015109	518	o6	1.210	AAAAGA
1015145	432	o6	1.815	AAAAGA
1015145	884	6m	1.932	AAAGAC
1015169	48	o6	1.031	AAAAGA
1015176	334	8m	2.606	AAAAGA
1015228	269	7A1	1.156	AAAGAC
1015291	1548	o6	1.687	AAAAGA
1015307	11	7A1	2.460	AAAGAC
1015348	66	7m8	2.764	AAAAGA
1015348	933	o6	1.934	AAAAGA
1015351	167	8m	1.818	AAAAGA
1015354	500	o6	1.058	AAAAGA
1015369	362	o6	1.553	AAAAGA
1015397	499	o6	1.221	AAAAGA
1015397	1018	o6	1.512	AAAAGA
1015441	447	o6	2.433	AAAAGA
1015444	844	6m	1.963	AAAGAC
1015493	268	o6	1.209	AAAAGA
1015493	691	7A1	1.012	AAAGAC
1015493	1140	7A1	2.098	AAAGAC
1015496	120	7A1	1.120	AAAGAC
1015504	330	7m8	1.089	AAAAGA
1015552	544	o6	1.156	AAAAGA
1015555	3169	8m	1.312	AAAGAC
1015555	3314	o6	1.377	AAAAGA
1015572	2491	o6	1.437	AAAAGA
1015637	1616	o6	1.284	AAAAGA
1015685	171	8m	1.048	AAAGAC
1015690	161	o6	1.673	AAAAGA
1015690	217	7A1	1.110	AAAGAC
1015690	963	6m	1.980	AAAGAC
1015697	749	7m8	2.472	AAAGAC
1015725	190	o6	1.322	AAAAGA
1015725	270	o6	1.490	AAAAGA
1015725	1567	o6	1.300	AAAAGA
1015774	628	o6	2.070	AAAAGA
1015778	1241	o6	1.932	AAAAGA
1015789	145	6m	2.865	AAAGAC
1015810	210	6m	2.025	AAAGAC
1015870	867	o6	1.007	AAAAGA
1015903	658	o6	1.342	AAAAGA
1015903	837	o6	1.322	AAAAGA
1015925	566	o6	1.165	AAAAGA
1015931	273	o6	1.857	AAAAGA
1015937	146	6m	1.139	AAAGAC
1016011	1527	o6	2.591	AAAAGA
1016011	1658	o6	1.755	AAAAGA
1016016	2232	o6	1.011	AAAAGA
1016029	1381	7A1	1.606	AAAGAC
1016047	725	o6	1.073	AAAAGA
1016047	786	6m	1.764	AAAGAC
1016098	602	7A1	5.032	AAAGAC
1016098	777	o6	1.118	AAAAGA
1016098	6331	6m	4.515	AAAGAC
1016116	446	o6	1.882	AAAAGA
1016143	201	o6	1.510	AAAAGA
1016143	569	8m	1.146	AAAGAC
1016184	1087	o6	1.091	AAAAGA
1016200	405	o6	1.420	AAAAGA
1016205	1257	6m	2.220	AAAGAC
1016208	26	7m8	1.648	AAAAGA
1016209	572	8m	2.076	AAAGAC
1016214	358	7A1	2.912	AAAGAC
1016223	794	o6	1.558	AAAAGA
1016239	83	6m	1.467	AAAGAC
1016244	450	o6	1.039	AAAAGA
1016250	1504	7m8	1.027	AAAGAC
1016256	274	6m	2.148	AAAGAC
1016257	102	o6	1.485	AAAAGA
1016317	593	o6	2.219	AAAAGA
1016347	1070	7m8	3.661	AAAAGA
1016356	711	o6	1.563	AAAAGA
1016382	273	6m	1.284	AAAGAC
1016382	362	7A1	1.562	AAAGAC
1016394	376	6m	2.889	AAAGAC
1016397	1099	8m	2.858	AAAAGA
1016398	1445	6m	2.544	AAAGAC
1016431	1197	o6	2.182	AAAAGA
1016449	4569	o6	1.539	AAAAGA
1016455	145	o6	1.260	AAAAGA
1016475	795	6m	1.577	AAAGAC
1016500	556	o6	1.053	AAAAGA
1016511	1179	8m	2.660	AAAAGA
1016527	44	o6	1.375	AAAAGA
1016556	87	o6	1.235	AAAAGA
1016556	334	6m	3.631	AAAGAC
1016557	1067	o6	1.245	AAAAGA
1016565	515	7m8	1.484	AAAGAC
1016565	1998	6m	1.440	AAAGAC
1016566	799	o6	2.353	AAAAGA
1016566	1064	o6	1.905	AAAAGA
1016571	1464	o6	1.011	AAAAGA
1016571	1469	o6	1.011	AAAAGA
1016571	1474	o6	1.211	AAAAGA
1016571	1516	o6	2.120	AAAAGA
1016571	2546	7A1	1.577	AAAGAC
1016574	3985	7m8	1.900	AAAGAC
1016574	4092	6m	2.094	AAAGAC
1016599	1541	o6	2.158	AAAAGA
1016604	234	6m	2.513	AAAGAC
1016620	306	o6	1.939	AAAAGA
1016620	342	o6	1.316	AAAAGA
1016640	1272	o6	1.751	AAAAGA
1016647	368	o6	2.267	AAAAGA
1016661	416	8m	1.341	AAAAGA
1016670	317	o6	1.780	AAAAGA
1016673	120	7m8	1.088	AAAGAC
1016676	323	7A1	1.780	AAAGAC
1016698	255	o6	1.022	AAAAGA
1016698	421	o6	2.048	AAAAGA
1016698	483	o6	1.269	AAAAGA
1016698	1048	o6	1.474	AAAAGA
1016698	1708	o6	1.229	AAAAGA
1016713	1847	o6	1.024	AAAAGA
1016713	4305	o6	1.118	AAAAGA
1016754	338	o6	1.073	AAAAGA
1016787	419	o6	1.288	AAAAGA
1016787	2012	o6	1.315	AAAAGA
1016787	2729	o6	1.866	AAAAGA
1016787	4215	o6	1.325	AAAAGA
1016794	922	o6	1.284	AAAAGA
1016806	130	o6	1.254	AAAAGA
1016806	1985	o6	1.316	AAAAGA
1016809	679	8m	2.452	AAAAGA
1016814	3	6m	1.882	AAAGAC
1016820	1177	o6	1.792	AAAAGA
1016823	662	o6	1.362	AAAAGA
1016832	336	o6	1.053	AAAAGA
1016832	1419	o6	1.914	AAAAGA
1016838	511	o6	1.207	AAAAGA
1016845	977	o6	1.335	AAAAGA
1016869	132	o6	1.455	AAAAGA
1016869	170	6m	2.189	AAAGAC
1016869	1429	o6	2.163	AAAAGA
1016952	580	8m	1.746	AAAGAC
1016971	346	o6	1.582	AAAAGA
1016971	769	o6	1.360	AAAAGA
1016971	3175	7A1	2.276	AAAGAC
1016971	3449	6m	1.747	AAAGAC
1016971	3625	7m8	1.953	AAAAGA
1016971	3889	o6	1.025	AAAAGA
1017006	59	o6	2.486	AAAAGA
1017012	13	o6	2.236	AAAAGA
1017012	969	o6	1.112	AAAAGA
1017015	5	8m	1.410	AAAAGA
1017018	901	8m	1.190	AAAAGA
1017024	506	o6	1.283	AAAAGA
1017024	884	6m	1.918	AAAGAC
1017036	1429	o6	1.160	AAAAGA
1017126	53	7A1	2.220	AAAGAC
1017126	78	8m	1.687	AAAAGA
1017130	197	o6	1.229	AAAAGA
1017188	242	o6	1.053	AAAAGA
1017197	717	6m	2.537	AAAGAC
1017203	219	8m	1.349	AAAGAC
1017227	384	8m	2.501	AAAAGA
1017254	1621	o6	1.529	AAAAGA
1017257	723	7m8	2.544	AAAAGA
1017257	749	o6	1.760	AAAAGA
1017258	335	7m8	1.995	AAAAGA
1017261	11	o6	1.322	AAAAGA
1017261	600	7m8	2.220	AAAAGA
1017306	475	7A1	2.383	AAAGAC
1017335	659	6m	1.005	AAAGAC
1017381	1113	6m	1.177	AAAGAC
1017381	1130	6m	1.016	AAAGAC
1017384	44	7m8	2.433	AAAAGA
1017404	678	7m8	1.027	AAAAGA
1017416	64	7m8	2.035	AAAAGA
1017485	195	6m	2.026	AAAGAC
1017511	292	o6	1.176	AAAAGA
1017511	427	o6	1.633	AAAAGA
1017511	482	o6	1.569	AAAAGA
1017511	1774	o6	1.006	AAAAGA
1017592	262	7A1	2.826	AAAGAC
1017614	5087	6m	1.818	AAAGAC
1017618	25	8m	2.955	AAAAGA
1017618	183	o6	2.582	AAAAGA
1017623	492	o6	1.422	AAAAGA
1017623	497	o6	1.422	AAAAGA
1017623	644	o6	1.501	AAAAGA
1017677	81	o6	1.815	AAAAGA
1017677	296	o6	1.906	AAAAGA
1017695	758	6m	2.371	AAAGAC
1017787	358	7A1	1.284	AAAGAC
1017805	756	o6	1.681	AAAAGA
1017814	997	o6	1.450	AAAAGA
1017868	555	6m	1.527	AAAGAC
1017908	366	o6	1.422	AAAAGA
1017919	380	o6	1.112	AAAAGA
1017919	398	6m	2.489	AAAGAC
1017927	87	6m	1.322	AAAGAC
1018021	118	7m8	1.582	AAAAGA
1018032	352	o6	1.338	AAAAGA
1018062	1063	o6	3.538	AAAAGA
1018062	1069	8m	3.538	AAAAGA
1018077	332	o6	1.062	AAAAGA
1018077	460	o6	1.626	AAAAGA
1018077	643	o6	1.403	AAAAGA
1018077	806	o6	1.163	AAAAGA
1018134	2542	6m	1.288	AAAGAC
1018135	226	o6	1.303	AAAAGA
1018168	737	6m	1.846	AAAGAC
1018243	1934	o6	1.376	AAAAGA
1018243	3101	7A1	1.152	AAAGAC
1018243	3233	7m8	2.519	AAAAGA
1018248	404	8m	2.763	AAAAGA
1018272	92	8m	1.935	AAAGAC
1018290	31	6m	1.590	AAAGAC
1018334	342	6m	1.329	AAAGAC
1018353	384	7A1	3.034	AAAGAC
1018376	31	7A1	1.112	AAAGAC
1018398	247	o6	2.313	AAAAGA
1018437	113	6m	1.392	AAAGAC
1018530	717	o6	1.071	AAAAGA
1018530	1045	o6	1.880	AAAAGA
1018530	1832	o6	1.403	AAAAGA
1018530	1867	o6	1.891	AAAAGA
1018530	2883	o6	1.343	AAAAGA
1018530	3264	o6	1.783	AAAAGA
1018616	879	6m	2.105	AAAGAC
1018619	519	o6	1.264	AAAAGA
1018619	1764	o6	1.293	AAAAGA
1018632	1497	o6	1.462	AAAAGA
1018661	1215	6m	2.544	AAAGAC
1018688	184	6m	1.137	AAAGAC
1018736	368	o6	2.172	AAAAGA
1018754	458	7A1	3.140	AAAGAC
1018766	175	6m	1.598	AAAGAC
1018766	1299	o6	1.327	AAAAGA
1018798	207	7m8	1.082	AAAAGA
1018831	49	6m	1.241	AAAGAC
1018866	35	6m	2.378	AAAGAC
1018931	626	o6	1.624	AAAAGA
1018984	522	o6	1.317	AAAAGA
1018998	362	o6	2.507	AAAAGA
1019079	27	o6	1.062	AAAAGA
1019104	14	7m8	2.124	AAAAGA
1019105	78	6m	2.031	AAAGAC
1019116	157	o6	1.046	AAAAGA
1019116	515	o6	1.402	AAAAGA
1019147	154	o6	1.953	AAAAGA
1019147	172	o6	1.614	AAAAGA
1019147	342	7m8	2.606	AAAGAC
1019198	1762	o6	1.241	AAAAGA
1019198	2009	o6	1.981	AAAAGA
1019215	309	o6	1.417	AAAAGA
1019279	685	o6	1.463	AAAAGA
1019286	336	o6	1.664	AAAAGA
1019299	66	o6	2.279	AAAAGA
1019328	449	8m	2.017	AAAAGA
1019354	617	7A1	1.702	AAAGAC
1019362	175	o6	1.372	AAAAGA
1019362	180	o6	1.372	AAAAGA
1019383	123	o6	1.441	AAAAGA
1019383	233	o6	1.062	AAAAGA
1019440	161	6m	1.568	AAAGAC
1019464	735	o6	3.454	AAAAGA
1019514	424	o6	1.322	AAAAGA
1019514	1635	o6	1.157	AAAAGA
1019514	3313	o6	1.095	AAAAGA
1019578	60	o6	2.551	AAAAGA
1019579	2625	7m8	2.347	AAAAGA
1019709	195	o6	1.290	AAAAGA
1019722	58	o6	1.485	AAAAGA
1019797	308	8m	2.061	AAAAGA
1019800	204	7A1	1.021	AAAGAC
1019817	47	6m	2.093	AAAGAC
1019862	145	7A1	1.778	AAAGAC
1019980	1013	o6	1.960	AAAAGA
1019983	24	6m	1.342	AAAGAC
1020059	1387	o6	1.105	AAAAGA
1020074	95	o6	1.791	AAAAGA
1020074	201	o6	1.322	AAAAGA
1020166	1510	o6	2.187	AAAAGA
1020166	2515	o6	1.705	AAAAGA
1020219	2378	o6	1.533	AAAAGA
1020219	2385	o6	1.292	AAAAGA
1020227	255	7m8	1.298	AAAGAC
1020227	270	o6	1.298	AAAAGA
1020241	448	o6	1.027	AAAAGA
1020253	843	o6	1.964	AAAAGA
1020253	1420	7m8	2.640	AAAAGA
1020253	3060	o6	2.482	AAAAGA
1020280	459	o6	2.103	AAAAGA
1020280	615	o6	1.350	AAAAGA
1020280	1529	7m8	2.433	AAAGAC
1020319	399	7m8	2.631	AAAAGA
1020333	759	6m	1.805	AAAGAC
1020345	265	o6	1.049	AAAAGA
1020345	597	o6	1.433	AAAAGA
1020356	87	o6	1.317	AAAAGA
1020357	131	7A1	1.189	AAAGAC
1020395	188	o6	1.853	AAAAGA
1020408	209	6m	1.089	AAAGAC
1020435	447	o6	1.153	AAAAGA
1020462	35	6m	1.725	AAAGAC
1020480	394	o6	2.235	AAAAGA
1020480	819	o6	1.141	AAAAGA
1020485	126	7m8	1.394	AAAGAC
1020486	733	6m	1.849	AAAGAC
1020495	131	7m8	2.189	AAAAGA
1020574	226	o6	1.319	AAAAGA
1020615	279	7m8	2.660	AAAGAC
1020615	1579	7A1	1.321	AAAGAC
1020615	3202	o6	1.255	AAAAGA
1020615	3700	6m	1.606	AAAGAC
1020636	563	o6	2.302	AAAAGA
1020643	1482	8m	1.322	AAAAGA
1020661	1753	o6	1.316	AAAAGA
1020686	844	o6	1.896	AAAAGA
1020728	76	6m	2.712	AAAGAC
1020728	98	8m	1.520	AAAAGA
1020728	672	8m	1.073	AAAGAC
1020766	670	7m8	1.521	AAAGAC
1020787	318	o6	1.481	AAAAGA
1020835	23	7m8	1.820	AAAGAC
1020839	102	6m	1.053	AAAGAC
1020861	1361	o6	2.210	AAAAGA
1020880	101	o6	1.342	AAAAGA
1020880	274	8m	3.025	AAAAGA
1020889	575	6m	1.649	AAAGAC
1020889	607	8m	1.324	AAAGAC
1020895	653	o6	1.755	AAAAGA
1020916	771	7m8	3.294	AAAAGA
1020934	1813	o6	1.030	AAAAGA
1021008	2012	o6	1.304	AAAAGA
1021008	2288	o6	1.793	AAAAGA
1021084	2160	o6	1.254	AAAAGA
1021213	12	o6	1.044	AAAAGA
1021273	695	7m8	2.115	AAAAGA
1021327	17	6m	1.069	AAAGAC
1021341	327	6m	1.755	AAAGAC
1021434	1787	o6	1.004	AAAAGA
1021540	574	o6	1.505	AAAAGA
1021540	978	7m8	2.471	AAAGAC
1021540	1009	7m8	1.719	AAAAGA
1021540	1902	o6	1.167	AAAAGA
1021540	1924	o6	1.357	AAAAGA
1021540	3321	7A1	1.271	AAAGAC
1021540	3654	o6	1.348	AAAAGA
1021608	545	8m	1.091	AAAAGA
1021645	259	8m	2.350	AAAGAC
1021645	270	6m	2.427	AAAGAC
1021681	683	o6	1.139	AAAAGA
1021818	455	6m	2.142	AAAGAC
1021818	1416	o6	1.339	AAAAGA
1021822	74	6m	2.926	AAAGAC
1021831	122	7m8	2.766	AAAAGA
1021850	307	7m8	3.009	AAAGAC
1021853	961	o6	1.560	AAAAGA
1021866	1533	6m	2.015	AAAGAC
1021870	27	o6	1.094	AAAAGA
1021899	1730	6m	2.026	AAAGAC
1021941	470	8m	1.993	AAAAGA
1021959	74	o6	1.581	AAAAGA
1022005	394	6m	1.180	AAAGAC
1022066	436	o6	1.086	AAAAGA
1022066	1055	o6	2.106	AAAAGA
1022066	1139	o6	1.119	AAAAGA
1022066	2184	6m	1.316	AAAGAC
1022102	275	7m8	1.882	AAAAGA
1022129	754	8m	3.232	AAAAGA
1022165	804	8m	3.047	AAAAGA
1022180	1881	7m8	2.196	AAAAGA
1022198	669	7A1	2.811	AAAGAC
1022270	354	6m	1.849	AAAGAC
1022285	204	o6	1.360	AAAAGA
1022338	202	o6	1.248	AAAAGA
1022338	816	7A1	1.944	AAAGAC
1022370	488	o6	2.100	AAAAGA
1022383	1742	o6	1.053	AAAAGA
1022418	621	7A1	1.658	AAAGAC
1022480	111	o6	1.891	AAAAGA
1022495	413	6m	2.343	AAAGAC
1022495	2082	o6	1.080	AAAAGA
1022495	5065	o6	1.195	AAAAGA
1022495	5455	o6	1.822	AAAAGA
1022495	5596	o6	2.019	AAAAGA
1022495	5770	8m	2.013	AAAAGA
1022531	784	o6	2.807	AAAAGA
1022531	789	o6	1.239	AAAAGA
1022568	2105	o6	1.338	AAAAGA
1022710	239	8m	2.125	AAAGAC
1022750	314	o6	2.361	AAAAGA
1022820	500	o6	1.107	AAAAGA
1022820	1252	o6	1.394	AAAAGA
1022846	346	o6	1.442	AAAAGA
1022849	316	6m	1.806	AAAGAC
1022858	56	o6	2.522	AAAAGA
1022932	32	o6	1.316	AAAAGA
1022941	730	o6	1.353	AAAAGA
1022941	4122	o6	1.032	AAAAGA
1023009	886	o6	1.080	AAAAGA
1023062	1725	o6	3.666	AAAAGA
1023062	1731	o6	3.666	AAAAGA
1023065	174	o6	1.039	AAAAGA
1023079	69	o6	1.046	AAAAGA
1023085	751	8m	1.322	AAAAGA
1023097	1503	6m	1.744	AAAGAC
1023100	1704	7m8	1.920	AAAGAC
1023110	147	o6	1.996	AAAAGA
1023191	30	7m8	1.873	AAAAGA
1023213	105	o6	1.282	AAAAGA
1023248	285	o6	2.712	AAAAGA
1023256	167	o6	1.018	AAAAGA
1023256	688	7m8	2.415	AAAGAC
1023295	856	o6	1.137	AAAAGA
1023320	1197	6m	2.202	AAAGAC
1023387	1123	6m	1.284	AAAGAC
1023482	62	o6	1.328	AAAAGA
1023482	460	o6	1.377	AAAAGA
1023585	465	o6	1.085	AAAAGA
1023599	838	6m	1.053	AAAGAC
1023599	2754	7A1	1.322	AAAGAC
1023599	3324	7m8	2.544	AAAAGA
1023599	4777	o6	1.051	AAAAGA
1023599	5622	o6	1.905	AAAAGA
1023599	6638	o6	1.866	AAAAGA
1023669	582	o6	1.510	AAAAGA
1023669	1058	7A1	1.690	AAAGAC
1023678	240	o6	1.023	AAAAGA
1023681	602	6m	1.065	AAAGAC
1023681	2140	o6	1.528	AAAAGA
1023706	46	7A1	2.538	AAAGAC
1023712	855	o6	2.220	AAAAGA
1023712	1516	7m8	2.350	AAAAGA
1023717	556	7A1	1.053	AAAGAC
1023775	135	o6	1.161	AAAAGA
1023784	606	o6	1.740	AAAAGA
1023784	3864	o6	1.026	AAAAGA
1023784	4443	8m	1.663	AAAAGA
1023790	3498	o6	1.152	AAAAGA
1023790	4123	o6	2.680	AAAAGA
1023790	4330	o6	1.191	AAAAGA
1023805	271	8m	1.808	AAAGAC
1023805	580	o6	1.138	AAAAGA
1023805	3431	6m	2.332	AAAGAC
1023805	3986	6m	1.959	AAAGAC
1023820	25	o6	1.196	AAAAGA
1023846	1744	8m	2.068	AAAAGA
1023846	2627	8m	1.606	AAAAGA
1023847	137	o6	1.323	AAAAGA
1023847	889	o6	1.618	AAAAGA
1023853	292	o6	1.550	AAAAGA
1023853	1589	8m	2.361	AAAAGA
1023882	313	o6	1.400	AAAAGA
1023882	623	7m8	1.808	AAAAGA
1023882	1837	7A1	1.322	AAAGAC
1023882	2397	6m	1.322	AAAGAC
1023885	608	o6	2.537	AAAAGA
1023885	1667	o6	1.277	AAAAGA
1023885	3487	o6	2.910	AAAAGA
1023902	17	o6	2.031	AAAAGA
1023912	596	8m	1.494	AAAGAC
1023927	682	6m	2.369	AAAGAC
1023955	2295	o6	1.600	AAAAGA
1023955	2879	o6	1.350	AAAAGA
1023998	721	o6	1.349	AAAAGA
1024009	50	8m	2.502	AAAAGA
1024019	1430	8m	2.648	AAAAGA
1024019	2828	o6	1.247	AAAAGA
1024031	2642	o6	1.038	AAAAGA
1024031	2834	7A1	2.098	AAAGAC
1024031	3115	o6	2.863	AAAAGA
1024031	4288	o6	1.606	AAAAGA
1024034	318	6m	2.698	AAAGAC
1024066	83	7m8	1.076	AAAGAC
1024133	74	7m8	1.322	AAAAGA
1024141	730	o6	1.146	AAAAGA
1024159	669	7m8	1.763	AAAGAC
1024159	712	8m	2.449	AAAAGA
1024169	1165	o6	1.429	AAAAGA
1024169	1735	6m	1.116	AAAGAC
1024195	399	o6	1.256	AAAAGA
1024195	1188	8m	2.541	AAAGAC
1024211	464	o6	1.619	AAAAGA
1024211	3320	o6	1.140	AAAAGA
1024211	3471	o6	1.418	AAAAGA
1024211	3799	o6	2.220	AAAAGA
1024228	452	o6	1.345	AAAAGA
1024241	664	o6	1.606	AAAAGA
1024241	1872	o6	1.030	AAAAGA
1024282	249	o6	1.340	AAAAGA
1024283	758	o6	1.359	AAAAGA
1024304	101	o6	2.544	AAAAGA
1024349	991	7m8	2.343	AAAAGA
1024381	430	o6	1.223	AAAAGA
1024381	1252	6m	2.168	AAAGAC
1024381	2776	o6	1.090	AAAAGA
1024384	94	7m8	4.529	AAAAGA
1024385	1117	o6	1.088	AAAAGA
1024393	1679	8m	1.829	AAAAGA
1024397	2960	o6	1.170	AAAAGA
1024397	4581	o6	2.766	AAAAGA
1024418	638	o6	2.301	AAAAGA
1024465	165	8m	1.251	AAAGAC
1024502	713	6m	1.869	AAAGAC
1024543	162	7A1	1.835	AAAGAC
1024556	2064	o6	1.000	AAAAGA
1024559	153	8m	1.634	AAAGAC
1024601	886	8m	1.427	AAAAGA
1024604	458	o6	1.269	AAAAGA
1024612	1346	6m	2.556	AAAGAC
1024618	70	7A1	1.228	AAAGAC
1024619	2368	o6	1.200	AAAAGA
1024639	676	8m	2.206	AAAGAC
1024648	4249	o6	1.016	AAAAGA
1024648	10166	6m	1.427	AAAGAC
1024648	10830	o6	1.525	AAAAGA
1024648	12633	o6	1.407	AAAAGA
1024694	381	o6	2.090	AAAAGA
1024715	3505	7A1	1.556	AAAGAC
1024715	3662	7m8	3.349	AAAAGA
1024715	5208	o6	1.357	AAAAGA
1024721	481	o6	1.434	AAAAGA
1024721	1789	o6	1.262	AAAAGA
1024730	232	8m	2.233	AAAGAC
1024730	351	7A1	2.194	AAAGAC
1024774	678	8m	1.818	AAAAGA
1024829	260	o6	1.288	AAAAGA
1024829	1734	o6	1.590	AAAAGA
1024829	3500	o6	1.481	AAAAGA
1024843	87	o6	1.341	AAAAGA
1024843	656	o6	1.079	AAAAGA
1024904	1252	7A1	2.220	AAAGAC
1024926	50	8m	3.649	AAAAGA
1024935	636	7m8	1.755	AAAGAC
1024944	263	6m	1.107	AAAGAC
1024944	470	7A1	1.220	AAAGAC
1024956	303	o6	1.017	AAAAGA
1024956	389	o6	1.294	AAAAGA
1024956	4705	7A1	1.555	AAAGAC
1024975	802	o6	1.256	AAAAGA
1024975	809	o6	1.687	AAAAGA
1024975	825	o6	1.070	AAAAGA
1024975	1256	o6	1.094	AAAAGA
1024978	780	o6	2.063	AAAAGA
1024987	108	o6	1.029	AAAAGA
1024987	118	o6	1.600	AAAAGA
1024987	430	o6	1.170	AAAAGA
1025022	431	o6	1.066	AAAAGA
1025029	727	o6	2.675	AAAAGA
1025032	619	o6	1.463	AAAAGA
1025059	2594	7m8	3.056	AAAAGA
1025059	2646	o6	2.036	AAAAGA
1025059	2653	o6	2.504	AAAAGA
1025064	844	6m	2.031	AAAGAC
1025064	922	7m8	3.232	AAAGAC
1025101	219	o6	2.023	AAAAGA
1025109	209	7m8	1.958	AAAGAC
1025135	258	o6	1.571	AAAAGA
1025167	1013	o6	1.759	AAAAGA
1025168	270	8m	2.548	AAAAGA
1025229	903	o6	1.924	AAAAGA
1025229	911	o6	1.924	AAAAGA
1025262	146	7A1	1.818	AAAGAC
1025284	25	o6	2.873	AAAAGA
1025293	381	o6	2.532	AAAAGA
1025293	1958	o6	1.301	AAAAGA
1025316	109	o6	1.648	AAAAGA
1025364	52	o6	1.207	AAAAGA
1025367	274	o6	1.524	AAAAGA
1025377	133	o6	1.485	AAAAGA
1025415	19	6m	1.178	AAAGAC
1025428	153	7m8	2.764	AAAGAC
1025536	530	o6	1.065	AAAAGA
1025551	155	o6	1.009	AAAAGA
1025608	605	o6	1.711	AAAAGA
1025630	2470	7A1	1.002	AAAGAC
1025654	489	o6	1.619	AAAAGA
1025654	3844	o6	1.953	AAAAGA
1025742	159	7A1	1.606	AAAGAC
1025754	81	o6	1.766	AAAAGA
1025755	750	6m	1.556	AAAGAC
1025821	360	7A1	1.955	AAAGAC
1025851	448	o6	1.494	AAAAGA
1025868	22	6m	1.440	AAAGAC
1025872	251	7m8	1.707	AAAAGA
1025923	193	7m8	1.036	AAAAGA
1025926	203	6m	2.473	AAAGAC
1025934	526	o6	2.364	AAAAGA
1025946	247	8m	2.500	AAAAGA
1026012	386	o6	1.224	AAAAGA
1026012	867	7m8	1.384	AAAAGA
1026095	1400	o6	1.375	AAAAGA
1026129	138	o6	1.587	AAAAGA
1026143	51	o6	2.173	AAAAGA
1026215	404	7A1	2.794	AAAGAC
1026235	254	o6	1.879	AAAAGA
1026235	326	o6	1.690	AAAAGA
1026235	502	8m	3.198	AAAAGA
1026254	27	6m	2.486	AAAGAC
1026262	287	o6	1.969	AAAAGA
1026268	432	o6	1.389	AAAAGA
1026287	230	o6	1.717	AAAAGA
1026400	265	o6	1.446	AAAAGA
1026429	1005	o6	1.079	AAAAGA
1026545	540	7A1	1.322	AAAGAC
1026555	88	7A1	1.292	AAAGAC
1026558	311	6m	1.606	AAAGAC
1026558	461	7A1	2.321	AAAGAC
1026558	469	6m	2.321	AAAGAC
1026657	1804	o6	1.195	AAAAGA
1026660	1281	o6	1.195	AAAAGA
1026669	54	o6	1.937	AAAAGA
1026687	243	o6	1.083	AAAAGA
1026708	59	6m	1.595	AAAGAC
1026711	507	o6	2.246	AAAAGA
1026711	1047	6m	2.608	AAAGAC
1026711	2487	o6	1.076	AAAAGA
1026711	2854	o6	2.034	AAAAGA
1026711	3180	o6	1.600	AAAAGA
1026732	56	8m	1.379	AAAAGA
1026791	411	7m8	2.149	AAAAGA
1026838	373	o6	3.011	AAAAGA
1026841	1098	8m	2.408	AAAAGA
1026841	1953	6m	2.063	AAAGAC
1026841	2299	7A1	2.014	AAAGAC
1026853	2510	7m8	3.022	AAAAGA
1026888	252	o6	1.283	AAAAGA
1026888	281	6m	1.298	AAAGAC
1026962	113	o6	1.288	AAAAGA
1026965	626	7A1	2.740	AAAGAC
1026965	2364	o6	1.434	AAAAGA
1026999	129	o6	1.116	AAAAGA
1027037	506	o6	3.398	AAAAGA
1027037	554	o6	1.719	AAAAGA
1027120	164	7A1	1.690	AAAGAC
1027138	468	8m	2.286	AAAAGA
1027150	300	8m	2.122	AAAGAC
1027168	650	6m	1.292	AAAGAC
1027196	192	o6	1.340	AAAAGA
1027214	113	o6	1.239	AAAAGA
1027225	47	o6	1.600	AAAAGA
1027246	327	7m8	1.245	AAAGAC
1027369	497	7m8	2.433	AAAGAC
1027417	776	7A1	1.349	AAAGAC
1027423	720	7m8	1.606	AAAAGA
1027438	1190	o6	1.545	AAAAGA
1027486	307	o6	1.069	AAAAGA
1027502	1238	7A1	2.552	AAAGAC
1027502	1996	o6	1.011	AAAAGA
1027608	1300	o6	1.179	AAAAGA
1027637	735	6m	2.520	AAAGAC
1027652	204	o6	1.079	AAAAGA
1027737	413	6m	2.701	AAAGAC
1027749	62	o6	2.073	AAAAGA
1027756	141	6m	2.019	AAAGAC
1027761	438	o6	2.538	AAAAGA
1027814	587	o6	3.196	AAAAGA
1027844	611	o6	1.550	AAAAGA
1027983	41	o6	1.451	AAAAGA
1028001	693	o6	3.709	AAAAGA
1028007	707	o6	1.490	AAAAGA
1028007	2207	o6	1.104	AAAAGA
1028028	304	o6	1.471	AAAAGA
1028088	135	6m	1.904	AAAGAC
1028097	62	o6	1.146	AAAAGA
1028102	599	7A1	2.053	AAAGAC
1028102	696	o6	1.280	AAAAGA
1028103	468	o6	1.276	AAAAGA
1028140	214	o6	1.161	AAAAGA
1028143	364	o6	2.135	AAAAGA
1028146	298	6m	1.060	AAAGAC
1028304	85	o6	1.701	AAAAGA
1028344	291	8m	1.535	AAAAGA
1028447	1020	o6	1.241	AAAAGA
1028478	46	7m8	1.858	AAAGAC
1028499	17	o6	2.439	AAAAGA
1028508	210	o6	2.182	AAAAGA
1028512	110	o6	1.038	AAAAGA
1028512	1063	7A1	1.212	AAAGAC
1028526	926	8m	2.759	AAAAGA
1028677	170	o6	1.797	AAAAGA
1028701	92	6m	1.807	AAAGAC
1028731	215	7A1	1.579	AAAGAC
1028734	2319	7A1	1.818	AAAGAC
1028794	71	o6	1.906	AAAAGA
1028910	303	o6	1.180	AAAAGA
1028911	348	o6	1.219	AAAAGA
1028911	361	o6	1.470	AAAAGA
1028922	85	o6	1.750	AAAAGA
1028931	436	7A1	1.662	AAAGAC
1028959	30	8m	2.014	AAAAGA
1029037	450	6m	2.867	AAAGAC
1029037	602	7A1	3.290	AAAGAC
1029051	792	8m	2.400	AAAGAC
1029069	2549	o6	1.122	AAAAGA
1029076	433	o6	1.249	AAAAGA
1029125	768	o6	1.024	AAAAGA
1029192	485	8m	1.255	AAAGAC
1029209	727	7m8	2.839	AAAAGA
1029210	157	7m8	1.755	AAAAGA
1029369	1215	8m	1.274	AAAAGA
1029384	663	6m	1.612	AAAGAC
1029493	159	o6	1.042	AAAAGA
1029532	2602	6m	2.390	AAAGAC
1029558	322	7m8	2.648	AAAAGA
1029558	1594	o6	1.322	AAAAGA
1029592	816	o6	1.321	AAAAGA
1029598	28	7A1	1.048	AAAGAC
1029626	186	8m	1.737	AAAAGA
1029653	176	7m8	1.605	AAAGAC
1029749	644	o6	2.493	AAAAGA
1029749	1563	o6	3.358	AAAAGA
1029769	189	8m	1.009	AAAGAC
1029782	870	o6	1.210	AAAAGA
1029782	2056	7m8	1.436	AAAAGA
1029835	379	o6	1.055	AAAAGA
1029835	476	o6	1.184	AAAAGA
1029891	76	7A1	2.348	AAAGAC
1030147	591	8m	1.298	AAAGAC
1030245	106	7A1	1.152	AAAGAC
1030245	462	7A1	1.407	AAAGAC
1030245	1492	o6	1.178	AAAAGA
1030248	649	o6	1.159	AAAAGA
1030266	128	o6	1.484	AAAAGA
1030335	599	o6	1.647	AAAAGA
1030400	222	8m	1.326	AAAAGA
1030432	45	8m	1.151	AAAAGA
1030432	158	7m8	2.807	AAAAGA
1030468	531	8m	1.951	AAAGAC
1030468	1441	8m	1.245	AAAAGA
1030477	215	o6	1.968	AAAAGA
1030525	303	7A1	1.184	AAAGAC
1030556	686	o6	1.266	AAAAGA
1030658	1682	7A1	2.483	AAAGAC
1030670	241	6m	1.259	AAAGAC
1030680	128	o6	1.034	AAAAGA
1030683	73	7m8	1.658	AAAGAC
1030782	2072	7m8	2.220	AAAGAC
1030882	224	6m	1.796	AAAGAC
1030951	326	7A1	2.278	AAAGAC
1030959	57	o6	1.288	AAAAGA
1030965	468	6m	1.180	AAAGAC
1031013	523	6m	1.248	AAAGAC
1031040	92	7m8	1.244	AAAAGA
1031106	1713	o6	1.892	AAAAGA
1031106	1727	7A1	1.395	AAAGAC
1031111	301	6m	2.275	AAAGAC
1031129	75	o6	2.350	AAAAGA
1031142	520	o6	2.344	AAAAGA
1031142	697	o6	1.282	AAAAGA
1031142	872	o6	1.532	AAAAGA
1031156	2152	7A1	1.916	AAAGAC
1031183	211	6m	1.165	AAAGAC
1031183	402	o6	2.319	AAAAGA
1031211	721	o6	1.825	AAAAGA
1031211	749	o6	1.103	AAAAGA
1031224	573	o6	1.329	AAAAGA
1031224	2870	7m8	1.758	AAAGAC
1031227	211	7m8	2.544	AAAAGA
1031245	771	8m	2.139	AAAAGA
1031307	2490	o6	1.708	AAAAGA
1031375	1672	o6	2.587	AAAAGA
1031390	5562	6m	1.118	AAAGAC
1031390	5670	o6	1.354	AAAAGA
1031495	320	o6	1.059	AAAAGA
1031498	875	o6	1.428	AAAAGA
1031498	1857	o6	1.168	AAAAGA
1031538	80	o6	1.844	AAAAGA
1031538	85	o6	1.903	AAAAGA
1031538	90	o6	1.244	AAAAGA
1031541	1380	o6	2.663	AAAAGA
1031541	1696	o6	2.186	AAAAGA
1031547	39	6m	2.904	AAAGAC
1031616	1173	7A1	1.240	AAAGAC
1031657	320	6m	4.122	AAAGAC
1031698	2	7A1	1.074	AAAGAC
1031698	194	o6	1.056	AAAAGA
1031698	206	8m	1.058	AAAGAC
1031698	624	o6	1.149	AAAAGA
1031698	880	o6	1.003	AAAAGA
1031782	151	o6	1.825	AAAAGA
1031782	220	o6	1.009	AAAAGA
1031782	517	7m8	2.635	AAAAGA
1031791	192	o6	1.215	AAAAGA
1031833	65	o6	1.223	AAAAGA
1031833	815	o6	1.082	AAAAGA
1031871	46	8m	1.053	AAAAGA
1031877	52	o6	1.780	AAAAGA
1031883	237	7m8	1.340	AAAAGA
1031883	1208	o6	1.215	AAAAGA
1031883	1613	o6	1.366	AAAAGA
1031883	1712	o6	1.487	AAAAGA
1031883	1727	o6	1.070	AAAAGA
1032009	592	8m	1.521	AAAAGA
1032022	71	o6	1.932	AAAAGA
1032107	45	6m	2.153	AAAGAC
1032279	110	o6	1.378	AAAAGA
1032292	242	o6	1.144	AAAAGA
1032309	647	o6	1.987	AAAAGA
1032333	930	7m8	1.417	AAAAGA
1032333	948	o6	1.211	AAAAGA
1032333	2530	o6	1.508	AAAAGA
1032369	279	o6	1.280	AAAAGA
1032369	3623	7A1	1.255	AAAGAC
1032386	684	6m	2.073	AAAGAC
1032386	695	o6	1.434	AAAAGA
1032426	1769	6m	1.135	AAAGAC
1032466	30	7m8	3.224	AAAAGA
1032471	1183	6m	2.197	AAAGAC
1032475	675	6m	3.631	AAAGAC
1032565	40	7A1	2.069	AAAGAC
1032581	130	7A1	2.427	AAAGAC
1032581	150	o6	1.525	AAAAGA
1032608	293	o6	2.025	AAAAGA
1032617	1260	7A1	4.145	AAAGAC
1032622	1148	7A1	2.027	AAAGAC
1032631	325	o6	1.009	AAAAGA
1032640	72	o6	1.042	AAAAGA
1032684	152	7m8	2.296	AAAAGA
1032713	2177	o6	1.004	AAAAGA
1032747	235	o6	1.101	AAAAGA
1032783	268	o6	1.483	AAAAGA
1032783	273	o6	1.483	AAAAGA
1032793	200	o6	1.104	AAAAGA
1032802	923	o6	1.197	AAAAGA
1032816	87	o6	1.265	AAAAGA
1032822	1182	o6	2.318	AAAAGA
1032843	40	o6	1.196	AAAAGA
1032855	802	o6	1.167	AAAAGA
1032855	1063	o6	1.745	AAAAGA
1032858	689	o6	1.167	AAAAGA
1032858	950	o6	1.745	AAAAGA
1032861	582	o6	1.167	AAAAGA
1032861	843	o6	1.745	AAAAGA
1032864	394	o6	1.167	AAAAGA
1032864	655	o6	1.745	AAAAGA
1032891	440	o6	1.596	AAAAGA
1032902	66	o6	1.140	AAAAGA
1032915	1082	o6	1.163	AAAAGA
1032941	83	7m8	1.953	AAAAGA
1032962	173	o6	1.045	AAAAGA
1032965	1019	7A1	2.326	AAAGAC
1033008	2562	o6	1.444	AAAAGA
1033028	900	6m	1.122	AAAGAC
1033046	681	o6	1.439	AAAAGA
1033047	410	6m	2.794	AAAGAC
1033070	856	6m	2.031	AAAGAC
1033085	245	8m	2.520	AAAGAC
1033085	993	o6	1.944	AAAAGA
1033141	1852	7A1	2.025	AAAGAC
1033141	1859	o6	1.758	AAAAGA
1033141	2707	o6	1.807	AAAAGA
1033141	3453	o6	1.056	AAAAGA
1033193	1165	o6	1.576	AAAAGA
1033196	384	o6	1.227	AAAAGA
1033202	258	o6	1.227	AAAAGA
1033244	760	8m	1.002	AAAGAC
1033250	272	7m8	1.808	AAAAGA
1033328	1291	6m	1.989	AAAGAC
1033333	1052	o6	1.846	AAAAGA
1033384	2384	o6	1.225	AAAAGA
1033409	643	o6	1.660	AAAAGA
1033409	1721	o6	1.238	AAAAGA
1033425	1248	o6	1.170	AAAAGA
1033431	1341	o6	2.401	AAAAGA
1033481	1724	6m	1.782	AAAGAC
1033481	2469	7m8	3.000	AAAAGA
1033535	323	o6	3.912	AAAAGA
1033535	512	o6	2.867	AAAAGA
1033565	2274	o6	3.053	AAAAGA
1033565	4390	8m	2.520	AAAGAC
1033571	582	o6	1.082	AAAAGA
1033571	1528	6m	1.285	AAAGAC
1033571	1674	6m	1.053	AAAGAC
1033598	1561	6m	1.224	AAAGAC
1033598	1923	o6	1.228	AAAAGA
1033598	2565	8m	1.690	AAAAGA
1033598	2973	o6	2.028	AAAAGA
1033598	3647	7m8	1.073	AAAAGA
1033598	5113	o6	2.218	AAAAGA
1033602	590	o6	1.567	AAAAGA
1033616	343	o6	1.298	AAAAGA
1033658	832	8m	3.600	AAAAGA
1033658	1158	o6	2.418	AAAAGA
1033669	650	6m	2.734	AAAGAC
1033670	31	o6	1.268	AAAAGA
1033712	768	o6	2.149	AAAAGA
1033712	792	o6	1.555	AAAAGA
1033786	1489	7m8	1.079	AAAAGA
1033789	969	o6	1.606	AAAAGA
1033789	4528	o6	1.556	AAAAGA
1033792	104	o6	2.404	AAAAGA
1033795	1859	o6	1.444	AAAAGA
1033815	731	8m	1.019	AAAAGA
1033824	1486	7m8	1.612	AAAAGA
1033838	79	o6	1.186	AAAAGA
1033856	152	8m	1.322	AAAAGA
1033865	577	6m	1.425	AAAGAC
1033907	762	6m	1.298	AAAGAC
1033907	1051	7A1	1.295	AAAGAC
1033956	1852	o6	1.037	AAAAGA
1033978	202	6m	2.559	AAAGAC
1033978	399	o6	1.284	AAAAGA
1033978	683	o6	1.056	AAAAGA
1034007	461	7A1	1.906	AAAGAC
1034068	183	6m	3.148	AAAGAC
1034121	3013	7m8	2.568	AAAAGA
1034133	1998	o6	1.122	AAAAGA
1034134	140	6m	1.122	AAAGAC
1034157	226	o6	1.058	AAAAGA
1034170	698	o6	1.034	AAAAGA
1034202	2756	o6	1.018	AAAAGA
1034202	4612	7m8	2.449	AAAGAC
1034235	164	o6	1.668	AAAAGA
1034235	495	o6	2.870	AAAAGA
1034247	566	o6	1.465	AAAAGA
1034247	2568	o6	1.524	AAAAGA
1034247	2722	o6	1.253	AAAAGA
1034259	6160	8m	3.288	AAAGAC
1034304	1183	o6	1.227	AAAAGA
1034316	1616	7m8	1.703	AAAGAC
1034316	2374	o6	1.206	AAAAGA
1034316	3588	6m	1.469	AAAGAC
1034316	3706	o6	1.009	AAAAGA
1034331	1449	o6	1.353	AAAAGA
1034331	3762	o6	2.859	AAAAGA
1034331	4363	o6	1.134	AAAAGA
1034331	4661	o6	2.420	AAAAGA
1034337	939	o6	1.238	AAAAGA
1034347	743	7m8	2.489	AAAAGA
1034361	1189	o6	1.431	AAAAGA
1034397	856	o6	1.462	AAAAGA
1034400	363	8m	1.261	AAAAGA
1034413	177	o6	1.519	AAAAGA
1034424	3	o6	1.119	AAAAGA
1034469	851	o6	1.867	AAAAGA
1034469	873	o6	1.188	AAAAGA
1034496	411	o6	2.545	AAAAGA
1034499	139	o6	1.055	AAAAGA
1034499	552	7m8	2.825	AAAAGA
1034499	1169	7A1	1.780	AAAGAC
1034500	136	o6	1.906	AAAAGA
1034500	433	o6	1.182	AAAAGA
1034514	294	o6	1.988	AAAAGA
1034518	651	8m	2.657	AAAAGA
1034530	871	7A1	1.976	AAAGAC
1034539	1663	6m	1.078	AAAGAC
1034539	1670	7A1	1.779	AAAGAC
1034544	394	o6	1.172	AAAAGA
1034545	1708	o6	1.165	AAAAGA
1034556	1197	6m	2.048	AAAGAC
1034556	2464	o6	2.067	AAAAGA
1034557	389	6m	1.190	AAAGAC
1034565	962	o6	1.552	AAAAGA
1034569	10	7m8	2.700	AAAGAC
1034569	2690	o6	2.309	AAAAGA
1034569	3251	o6	1.803	AAAAGA
1034569	4875	o6	1.378	AAAAGA
1034569	4901	6m	2.981	AAAGAC
1034569	5492	o6	1.481	AAAAGA
1034569	6269	o6	1.262	AAAAGA
1034593	1346	o6	1.432	AAAAGA
1034598	455	6m	1.892	AAAGAC
1034649	61	7A1	2.044	AAAGAC
1034655	120	o6	2.025	AAAAGA
1034665	1352	o6	1.409	AAAAGA
1034665	1890	o6	1.055	AAAAGA
1034671	270	o6	1.805	AAAAGA
1034679	818	o6	2.050	AAAAGA
1034679	4216	6m	2.104	AAAGAC
1034718	324	8m	1.536	AAAAGA
1034718	525	o6	1.057	AAAAGA
1034723	806	o6	2.220	AAAAGA
1034739	842	o6	1.347	AAAAGA
1034739	2188	o6	1.040	AAAAGA
1034745	698	o6	2.224	AAAAGA
1034748	1088	o6	2.194	AAAAGA
1034756	867	o6	2.606	AAAAGA
1034879	68	o6	1.740	AAAAGA
1034879	74	o6	1.294	AAAAGA
1034899	1187	o6	1.697	AAAAGA
1034899	3109	o6	1.319	AAAAGA
1034899	3120	o6	1.060	AAAAGA
1034909	677	o6	2.640	AAAAGA
1034909	1956	o6	1.418	AAAAGA
1034909	2021	o6	1.142	AAAAGA
1034917	3116	8m	2.451	AAAAGA
1034918	100	6m	2.391	AAAGAC
1034924	344	o6	1.484	AAAAGA
1034962	96	o6	1.058	AAAAGA
1034995	154	o6	1.068	AAAAGA
1034995	6622	o6	1.410	AAAAGA
1035001	654	6m	1.468	AAAGAC
1035001	2659	o6	1.707	AAAAGA
1035010	471	o6	2.755	AAAAGA
1035010	4673	o6	1.172	AAAAGA
1035010	5065	7A1	2.261	AAAGAC
1035010	5151	o6	1.376	AAAAGA
1035049	104	7A1	1.363	AAAGAC
1035055	659	o6	1.369	AAAAGA
1035093	1587	6m	3.275	AAAGAC
1035093	1844	o6	1.491	AAAAGA
1035103	1447	7m8	1.391	AAAAGA
1035117	3	6m	2.067	AAAGAC
1035181	285	7m8	2.017	AAAAGA
1035198	1033	o6	1.328	AAAAGA
1035198	1206	o6	1.118	AAAAGA
1035198	1745	6m	1.328	AAAGAC
1035207	101	7m8	1.501	AAAAGA
1035213	2202	7A1	2.232	AAAGAC
1035213	2315	o6	1.702	AAAAGA
1035248	1940	o6	3.848	AAAAGA
1035252	641	o6	1.171	AAAAGA
1035272	522	o6	1.957	AAAAGA
1035288	641	7A1	1.105	AAAGAC
1035314	259	7A1	1.575	AAAGAC
1035314	1040	6m	2.497	AAAGAC
1035320	599	6m	2.156	AAAGAC
1035363	250	o6	1.018	AAAAGA
1035380	1222	o6	2.006	AAAAGA
1035447	1540	o6	1.851	AAAAGA
1035453	87	7A1	1.625	AAAGAC
1035477	2156	7A1	2.073	AAAGAC
1035506	78	8m	2.841	AAAAGA
1035506	1283	7A1	1.240	AAAGAC
1035506	1396	o6	1.770	AAAAGA
1035527	2711	6m	1.118	AAAGAC
1035527	3741	o6	1.449	AAAAGA
1035530	468	8m	1.006	AAAGAC
1035530	500	8m	1.434	AAAAGA
1035536	29	8m	4.125	AAAAGA
1035536	1966	o6	1.624	AAAAGA
1035566	1587	7m8	1.804	AAAGAC
1035575	348	7m8	2.378	AAAGAC
1035575	618	o6	1.749	AAAAGA
1035594	64	8m	3.836	AAAAGA
1035602	1613	o6	2.489	AAAAGA
1035602	1627	o6	1.157	AAAAGA
1035633	115	o6	1.631	AAAAGA
1035644	211	o6	1.353	AAAAGA
1035656	506	o6	1.687	AAAAGA
1035656	3018	7A1	2.425	AAAGAC
1035656	3030	8m	1.927	AAAAGA
1035656	3271	o6	1.558	AAAAGA
1035656	3640	7m8	2.842	AAAAGA
1035656	3657	6m	2.992	AAAGAC
1035672	259	7A1	2.819	AAAGAC
1035677	89	o6	1.409	AAAAGA
1035711	611	o6	2.283	AAAAGA
1035719	921	o6	1.146	AAAAGA
1035719	928	o6	1.146	AAAAGA
1035720	188	8m	2.321	AAAAGA
1035726	568	6m	1.532	AAAGAC
1035729	168	o6	1.513	AAAAGA
1035762	315	7m8	1.844	AAAAGA
1035762	487	6m	1.380	AAAGAC
1035783	2183	o6	1.059	AAAAGA
1035786	184	6m	1.368	AAAGAC
1035794	225	7A1	3.394	AAAGAC
1035797	183	o6	1.737	AAAAGA
1035798	1174	o6	1.088	AAAAGA
1035798	3511	o6	1.823	AAAAGA
1035822	187	o6	1.762	AAAAGA
1035836	28	o6	5.513	AAAAGA
1035836	43	o6	3.162	AAAAGA
1035836	280	o6	2.749	AAAAGA
1035843	2038	7A1	1.315	AAAGAC
1035963	195	6m	2.030	AAAGAC
1035974	487	o6	1.532	AAAAGA
1035974	510	o6	1.110	AAAAGA
1035993	175	o6	1.169	AAAAGA
1036001	2027	o6	1.161	AAAAGA
1036001	2032	o6	1.241	AAAAGA
1036070	241	o6	1.198	AAAAGA
1036127	5029	7m8	3.076	AAAAGA
1036127	13002	8m	1.412	AAAAGA
1036127	14834	o6	1.029	AAAAGA
1036154	2721	7A1	2.202	AAAGAC
1036154	3601	6m	3.024	AAAGAC
1036154	3718	o6	1.027	AAAAGA
1036154	3733	o6	1.200	AAAAGA
1036160	321	8m	2.048	AAAGAC
1036188	369	6m	2.816	AAAGAC
1036203	600	6m	1.126	AAAGAC
1036208	594	o6	1.089	AAAAGA
1036232	358	o6	1.764	AAAAGA
1036232	1599	o6	1.471	AAAAGA
1036239	167	o6	1.113	AAAAGA
1036259	86	7A1	2.025	AAAGAC
1036262	745	7A1	1.631	AAAGAC
1036283	1770	7m8	1.371	AAAAGA
1036313	404	o6	1.321	AAAAGA
1036346	339	o6	1.151	AAAAGA
1036404	1274	7A1	1.101	AAAGAC
1036404	1584	o6	1.956	AAAAGA
1036404	1598	o6	1.780	AAAAGA
1036404	2381	o6	1.970	AAAAGA
1036419	1008	7A1	1.560	AAAGAC
1036419	1047	7m8	3.208	AAAAGA
1036432	544	o6	3.149	AAAAGA
1036432	1033	o6	1.343	AAAAGA
1036443	480	o6	1.031	AAAAGA
1036453	122	8m	1.006	AAAGAC
1036471	368	7m8	1.790	AAAAGA
1036482	492	o6	1.759	AAAAGA
1036482	687	6m	1.053	AAAGAC
1036482	1152	8m	2.371	AAAAGA
1036497	371	o6	2.321	AAAAGA
1036497	407	o6	1.576	AAAAGA
1036537	1793	7A1	1.328	AAAGAC
1036558	60	o6	1.022	AAAAGA
1036558	2000	o6	1.476	AAAAGA
1036568	1670	o6	2.016	AAAAGA
1036568	1675	7m8	2.016	AAAAGA
1036568	3098	o6	2.526	AAAAGA
1036568	3106	o6	2.692	AAAAGA
1036568	3416	6m	1.633	AAAGAC
1036568	3423	6m	1.633	AAAGAC
1036601	52	o6	1.161	AAAAGA
1036601	2266	o6	1.447	AAAAGA
1036653	31	o6	2.046	AAAAGA
1036656	939	o6	1.307	AAAAGA
1036656	1171	o6	1.937	AAAAGA
1036676	70	8m	3.299	AAAGAC
1036682	563	o6	1.614	AAAAGA
1036706	486	o6	1.560	AAAAGA
1036706	1397	o6	1.906	AAAAGA
1036706	3161	o6	1.560	AAAAGA
1036727	412	o6	1.068	AAAAGA
1036746	358	7m8	2.195	AAAGAC
1036772	443	7m8	1.611	AAAAGA
1036787	495	8m	3.389	AAAGAC
1036887	24	6m	1.046	AAAGAC
1036899	1090	o6	1.434	AAAAGA
1036899	1227	6m	3.398	AAAGAC
1036991	3179	o6	1.701	AAAAGA
1036991	3215	o6	2.566	AAAAGA
1036994	86	o6	1.012	AAAAGA
1037021	278	o6	2.331	AAAAGA
1037031	438	o6	2.391	AAAAGA
1037031	444	8m	2.391	AAAAGA
1037081	739	o6	2.961	AAAAGA
1037098	192	7A1	1.077	AAAGAC
1037153	100	7A1	2.762	AAAGAC
1037153	1137	o6	1.503	AAAAGA
1037191	821	7m8	1.427	AAAAGA
1037246	996	o6	1.034	AAAAGA
1037291	328	7A1	1.613	AAAGAC
1037301	1180	o6	1.031	AAAAGA
1037301	2483	o6	2.089	AAAAGA
1037301	2977	o6	1.600	AAAAGA
1037339	2150	7A1	2.379	AAAGAC
1037390	548	7m8	1.273	AAAGAC
1037398	235	o6	1.270	AAAAGA
1037485	771	7m8	2.433	AAAAGA
1037494	1024	o6	2.237	AAAAGA
1037494	1091	o6	1.227	AAAAGA
1037516	474	o6	1.065	AAAAGA
1037516	480	o6	1.065	AAAAGA
1037516	1008	7m8	1.119	AAAAGA
1037534	675	o6	1.479	AAAAGA
1037534	749	8m	1.262	AAAAGA
1037615	1034	o6	1.159	AAAAGA
1037615	1256	8m	2.442	AAAAGA
1037679	139	o6	1.106	AAAAGA
1037684	8	7A1	1.623	AAAGAC
1037691	777	o6	1.458	AAAAGA
1037715	316	o6	1.229	AAAAGA
1037832	307	o6	1.871	AAAAGA
1037845	1590	o6	1.056	AAAAGA
1037982	162	7A1	2.269	AAAGAC
1038021	361	o6	2.014	AAAAGA
1038060	561	7A1	1.122	AAAGAC
1038067	135	o6	2.897	AAAAGA
1038085	428	o6	1.343	AAAAGA
1038105	249	o6	1.180	AAAAGA
1038122	52	o6	3.222	AAAAGA
1038160	1045	8m	1.906	AAAAGA
1038192	556	o6	1.392	AAAAGA
1038214	930	o6	1.692	AAAAGA
1038214	1218	o6	1.829	AAAAGA
1038217	189	o6	1.719	AAAAGA
1038228	396	6m	1.532	AAAGAC
1038273	244	7m8	1.888	AAAAGA
1038279	39	6m	2.689	AAAGAC
1038293	401	o6	1.143	AAAAGA
1038293	2516	o6	1.220	AAAAGA
1038293	2966	o6	1.440	AAAAGA
1038407	745	o6	3.285	AAAAGA
1038431	560	o6	1.324	AAAAGA
1038465	92	6m	2.022	AAAGAC
1038500	30	7A1	1.568	AAAGAC
1038622	1152	7m8	3.818	AAAAGA
1038643	1874	o6	1.336	AAAAGA
1038670	233	6m	1.850	AAAGAC
1038676	141	7m8	3.397	AAAGAC
1038703	374	o6	1.205	AAAAGA
1038748	455	o6	1.070	AAAAGA
1038767	64	7A1	1.469	AAAGAC
1038796	170	o6	1.317	AAAAGA
1038796	1111	6m	1.363	AAAGAC
1038833	11	o6	1.516	AAAAGA
1038867	839	7m8	2.667	AAAAGA
1038905	931	o6	1.037	AAAAGA
1038920	518	o6	1.568	AAAAGA
1038933	533	7m8	3.156	AAAAGA
1038936	73	o6	1.137	AAAAGA
1038936	462	o6	1.683	AAAAGA
1038965	100	6m	3.379	AAAGAC
1038979	96	7m8	1.297	AAAGAC
1039033	690	o6	1.288	AAAAGA
1039042	325	7m8	1.628	AAAAGA
1039079	98	o6	1.062	AAAAGA
1039084	417	7A1	2.175	AAAGAC
1039088	371	8m	1.614	AAAAGA
1039114	1483	8m	2.200	AAAGAC
1039114	1890	o6	1.055	AAAAGA
1039118	564	8m	1.277	AAAGAC
1039196	527	6m	3.267	AAAGAC
1039199	708	8m	2.232	AAAAGA
1039199	725	o6	2.731	AAAAGA
1039202	361	o6	1.262	AAAAGA
1039250	94	7A1	1.326	AAAGAC
1039267	364	o6	1.376	AAAAGA
1039271	551	o6	1.453	AAAAGA
1039286	1	6m	1.390	AAAGAC
1039286	25	o6	2.927	AAAAGA
1039376	1680	6m	1.628	AAAGAC
1039376	2077	o6	1.482	AAAAGA
1039398	78	7A1	1.297	AAAGAC
1039398	97	6m	1.068	AAAGAC
1039466	338	8m	1.777	AAAGAC
1039474	531	o6	1.147	AAAAGA
1039502	525	o6	1.288	AAAAGA
1039502	2891	8m	2.037	AAAAGA
1039502	6453	o6	2.383	AAAAGA
1039503	472	o6	1.388	AAAAGA
1039533	132	7m8	2.575	AAAGAC
1039533	156	o6	1.560	AAAAGA
1039563	2361	o6	1.295	AAAAGA
1039563	4441	o6	1.339	AAAAGA
1039592	40	6m	1.637	AAAGAC
1039606	713	o6	1.867	AAAAGA
1039703	1955	o6	2.533	AAAAGA
1039703	2373	o6	1.796	AAAAGA
1039754	343	o6	1.156	AAAAGA
1039754	618	8m	1.693	AAAAGA
1039797	2924	o6	1.589	AAAAGA
1039797	2930	o6	1.589	AAAAGA
1039808	538	o6	1.398	AAAAGA
1039808	2583	7A1	1.266	AAAGAC
1039811	493	o6	1.398	AAAAGA
1039811	2538	7A1	1.266	AAAGAC
1039831	719	o6	2.436	AAAAGA
1039831	1360	o6	1.503	AAAAGA
1039853	1400	o6	1.061	AAAAGA
1039853	1497	o6	1.285	AAAAGA
1039853	1600	7A1	1.141	AAAGAC
1039853	2703	6m	2.994	AAAGAC
1039853	5966	o6	2.981	AAAAGA
1039853	6017	o6	1.947	AAAAGA
1039853	6270	6m	2.073	AAAGAC
1039853	6306	6m	1.265	AAAGAC
1039853	8012	7A1	1.162	AAAGAC
1039858	0	6m	3.706	AAAGAC
1039858	1634	o6	1.134	AAAAGA
1039858	2354	o6	1.597	AAAAGA
1039858	2379	o6	2.105	AAAAGA
1039919	3312	8m	1.233	AAAAGA
1039931	560	o6	2.370	AAAAGA
1039932	436	o6	1.083	AAAAGA
1039949	1066	6m	1.563	AAAGAC
1039949	1751	o6	1.320	AAAAGA
1039949	2370	o6	1.364	AAAAGA
1039950	837	o6	1.178	AAAAGA
1039955	653	o6	1.727	AAAAGA
1039959	2828	o6	2.282	AAAAGA
1040007	256	o6	1.425	AAAAGA
1040007	806	7m8	2.072	AAAAGA
1040019	893	o6	1.227	AAAAGA
1040027	542	o6	1.002	AAAAGA
1040031	589	7A1	1.262	AAAGAC
1040037	527	o6	1.398	AAAAGA
1040037	2572	7A1	1.266	AAAGAC
1040048	3636	o6	1.193	AAAAGA
1040049	1922	7m8	1.790	AAAGAC
1040058	558	o6	1.524	AAAAGA
1040058	626	o6	1.108	AAAAGA
1040058	2310	o6	1.284	AAAAGA
1040058	2412	o6	1.053	AAAAGA
1040058	4005	8m	1.390	AAAGAC
1040058	4652	o6	1.241	AAAAGA
1040058	5749	o6	1.232	AAAAGA
1040058	6964	6m	1.405	AAAGAC
1040069	44	o6	1.226	AAAAGA
1040069	559	o6	1.392	AAAAGA
1040070	1171	o6	1.745	AAAAGA
1040070	1836	o6	1.461	AAAAGA
1040070	2365	o6	1.890	AAAAGA
1040070	2370	o6	1.890	AAAAGA
1040070	3889	7m8	1.762	AAAAGA
1040087	171	o6	1.021	AAAAGA
1040091	1674	7A1	1.765	AAAGAC
1040096	71	8m	1.831	AAAGAC
1040096	546	o6	1.019	AAAAGA
1040096	551	o6	1.019	AAAAGA
1040099	86	7A1	2.018	AAAGAC
1040115	350	o6	2.086	AAAAGA
1040120	712	o6	1.097	AAAAGA
1040120	1245	8m	1.162	AAAAGA
1040135	695	6m	1.715	AAAGAC
1040145	1299	o6	1.788	AAAAGA
1040154	254	8m	2.981	AAAAGA
1040162	542	o6	1.266	AAAAGA
1040162	1188	o6	1.687	AAAAGA
1040165	1275	6m	1.328	AAAGAC
1040165	1399	6m	1.357	AAAGAC
1040165	4064	o6	2.066	AAAAGA
1040177	468	o6	1.149	AAAAGA
1040190	2467	7A1	1.846	AAAGAC
1040190	3092	7A1	1.879	AAAGAC
1040190	3637	o6	1.288	AAAAGA
1040201	743	7m8	2.319	AAAAGA
1040210	2814	6m	3.017	AAAGAC
1040214	2155	o6	1.050	AAAAGA
1040214	2609	7m8	1.284	AAAGAC
1040234	785	o6	1.184	AAAAGA
1040237	217	o6	1.540	AAAAGA
1040298	2630	o6	1.223	AAAAGA
1040298	3006	8m	1.151	AAAAGA
1040298	3650	o6	1.504	AAAAGA
1040298	4429	o6	1.588	AAAAGA
1040298	5712	o6	1.667	AAAAGA
1040298	7675	o6	1.846	AAAAGA
1040298	9182	o6	2.419	AAAAGA
1040303	87	o6	1.117	AAAAGA
1040304	912	7A1	2.417	AAAGAC
1040304	1710	o6	1.130	AAAAGA
1040304	2184	o6	1.085	AAAAGA
1040325	1164	o6	1.248	AAAAGA
1040337	601	o6	2.432	AAAAGA
1040342	108	7m8	1.145	AAAAGA
1040352	3568	o6	1.822	AAAAGA
1040387	1819	6m	1.687	AAAGAC
1040395	1872	o6	1.274	AAAAGA
1040398	190	6m	1.438	AAAGAC
1040461	524	o6	1.085	AAAAGA
1040500	1078	o6	1.228	AAAAGA
1040500	1186	6m	4.068	AAAGAC
1040500	2225	6m	1.407	AAAGAC
1040506	128	o6	1.073	AAAAGA
1040507	66	8m	2.007	AAAAGA
1040524	323	o6	1.164	AAAAGA
1040527	1112	o6	1.030	AAAAGA
1040533	456	o6	1.310	AAAAGA
1040533	519	o6	2.370	AAAAGA
1040538	2151	8m	1.573	AAAAGA
1040538	3983	o6	1.125	AAAAGA
1040542	2058	7A1	1.412	AAAGAC
1040542	3396	7m8	2.378	AAAAGA
1040542	3598	7A1	3.353	AAAGAC
1040547	50	7A1	1.268	AAAGAC
1040547	165	6m	2.715	AAAGAC
1040575	315	8m	2.907	AAAAGA
1040589	1816	o6	1.235	AAAAGA
1040589	2583	o6	1.950	AAAAGA
1040589	2701	o6	1.410	AAAAGA
1040589	3355	o6	1.184	AAAAGA
1040589	3932	o6	1.028	AAAAGA
1040590	2357	8m	2.173	AAAAGA
1040590	3141	o6	1.807	AAAAGA
1040590	3363	o6	1.122	AAAAGA
1040590	4440	o6	1.484	AAAAGA
1040590	6298	6m	2.257	AAAGAC
1040590	7255	o6	1.375	AAAAGA
1040590	7958	o6	1.534	AAAAGA
1040623	2445	o6	1.130	AAAAGA
1040623	2897	o6	1.005	AAAAGA
1040635	616	o6	2.904	AAAAGA
1040635	2211	o6	1.267	AAAAGA
1040635	2754	o6	1.204	AAAAGA
1040635	4769	o6	1.145	AAAAGA
1040635	4802	o6	1.178	AAAAGA
1040658	253	6m	2.054	AAAGAC
