1000021	691	7m8	3.404	AGCTTT
1000021	1034	o6	2.025	AGCTTT
1000066	770	7A1	2.923	GCTTTA
1000066	2591	7m8	2.549	GCTTTA
1000066	2623	6m	1.632	GCTTTA
1000069	956	7A1	2.449	GCTTTA
1000069	1248	7m8	2.255	AGCTTT
1000125	107	7A1	2.544	GCTTTA
1000134	743	7A1	1.322	GCTTTA
1000176	747	7A1	2.003	GCTTTA
1000177	112	7A1	2.019	GCTTTA
1000177	234	o6	1.680	AGCTTT
1000177	246	o6	1.680	AGCTTT
1000182	278	7A1	1.153	GCTTTA
1000195	681	7A1	1.950	GCTTTA
1000200	285	7A1	2.503	GCTTTA
1000203	542	o6	1.570	AGCTTT
1000249	1392	6m	1.563	GCTTTA
1000261	630	6m	3.034	GCTTTA
1000278	643	6m	1.328	GCTTTA
1000282	608	7m8	1.313	GCTTTA
1000306	150	8m	2.635	AGCTTT
1000311	15	7m8	2.584	GCTTTA
1000345	288	6m	1.664	GCTTTA
1000360	678	6m	2.807	GCTTTA
1000373	869	6m	1.722	GCTTTA
1000373	963	8m	2.371	GCTTTA
1000385	384	o6	2.073	AGCTTT
1000386	839	6m	2.049	GCTTTA
1000386	1902	o6	2.480	AGCTTT
1000395	283	7A1	2.132	GCTTTA
1000395	430	7A1	1.016	GCTTTA
1000422	23	6m	2.316	GCTTTA
1000446	365	o6	1.690	AGCTTT
1000466	31	6m	1.629	GCTTTA
1000478	1808	7A1	2.876	GCTTTA
1000520	313	7m8	1.053	AGCTTT
1000533	619	7m8	2.377	AGCTTT
1000542	82	6m	2.213	GCTTTA
1000610	2172	6m	2.477	GCTTTA
1000619	976	8m	2.807	AGCTTT
1000665	393	o6	1.320	AGCTTT
1000680	83	8m	1.687	AGCTTT
1000683	443	7A1	1.322	GCTTTA
1000706	230	o6	1.562	AGCTTT
1000706	1058	o6	1.606	AGCTTT
1000707	88	7m8	2.350	AGCTTT
1000730	449	o6	2.350	AGCTTT
1000767	517	o6	2.854	AGCTTT
1000779	104	7m8	1.711	AGCTTT
1000779	1564	o6	3.174	AGCTTT
1000779	2724	7m8	2.981	AGCTTT
1000787	365	o6	1.499	AGCTTT
1000817	1083	6m	1.673	GCTTTA
1000842	912	8m	2.807	AGCTTT
1000866	327	o6	1.319	AGCTTT
1000880	516	8m	2.502	AGCTTT
1000929	916	o6	1.811	AGCTTT
1000968	565	8m	1.284	AGCTTT
1000968	1690	7A1	2.403	GCTTTA
1000979	616	6m	1.950	GCTTTA
1000991	798	7A1	1.939	GCTTTA
1001015	141	7m8	1.529	AGCTTT
1001116	248	6m	1.042	GCTTTA
1001135	65	6m	1.161	GCTTTA
1001140	186	7m8	2.125	AGCTTT
1001170	38	o6	2.506	AGCTTT
1001182	46	6m	2.008	GCTTTA
1001249	791	o6	2.065	AGCTTT
1001256	247	o6	2.406	AGCTTT
1001256	323	7m8	1.677	AGCTTT
1001291	44	8m	2.834	AGCTTT
1001295	186	6m	1.478	GCTTTA
1001315	39	o6	1.268	AGCTTT
1001322	80	o6	1.053	AGCTTT
1001373	1177	8m	2.076	AGCTTT
1001403	48	o6	2.869	AGCTTT
1001412	319	8m	1.241	AGCTTT
1001478	317	7A1	1.941	GCTTTA
1001514	951	o6	2.171	AGCTTT
1001533	427	o6	2.189	AGCTTT
1001533	815	7m8	2.459	AGCTTT
1001533	2735	7A1	1.563	GCTTTA
1001533	3312	7A1	2.218	GCTTTA
1001533	4018	8m	2.459	AGCTTT
1001577	789	o6	2.073	AGCTTT
1001578	383	o6	1.260	AGCTTT
1001601	680	7m8	1.891	AGCTTT
1001601	1759	7m8	2.344	AGCTTT
1001601	2720	o6	2.332	AGCTTT
1001610	106	o6	1.377	AGCTTT
1001619	100	o6	2.147	AGCTTT
1001667	173	7m8	2.004	AGCTTT
1001689	271	o6	1.053	AGCTTT
1001745	108	o6	1.537	AGCTTT
1001757	334	o6	1.104	AGCTTT
1001888	487	7A1	2.171	GCTTTA
1001948	233	6m	2.225	GCTTTA
1001960	52	7m8	1.397	AGCTTT
1001966	559	7A1	2.576	GCTTTA
1002053	34	8m	1.146	GCTTTA
1002053	97	o6	2.442	AGCTTT
1002098	84	6m	2.187	GCTTTA
1002128	163	o6	1.817	AGCTTT
1002176	32	o6	2.196	AGCTTT
1002183	4	7A1	1.609	GCTTTA
1002292	114	o6	1.124	AGCTTT
1002293	573	7A1	2.552	GCTTTA
1002304	81	o6	1.073	AGCTTT
1002359	51	8m	3.609	GCTTTA
1002388	24	7m8	1.183	AGCTTT
1002481	666	7m8	2.981	AGCTTT
1002493	32	7A1	2.266	GCTTTA
1002493	85	o6	2.331	AGCTTT
1002629	349	6m	1.120	GCTTTA
1002641	290	7A1	1.322	GCTTTA
1002658	32	7m8	1.311	AGCTTT
1002718	37	o6	1.687	AGCTTT
1002718	89	7A1	1.930	GCTTTA
1002767	400	o6	2.600	AGCTTT
1002767	587	8m	2.799	AGCTTT
1002826	92	7A1	1.063	GCTTTA
1002833	40	7m8	3.678	AGCTTT
1002833	46	8m	3.590	AGCTTT
1002842	294	6m	1.863	GCTTTA
1002901	506	7A1	2.944	GCTTTA
1002963	46	8m	2.233	AGCTTT
1002985	319	6m	2.635	GCTTTA
1003077	540	o6	2.399	AGCTTT
1003108	27	7A1	2.230	GCTTTA
1003122	972	o6	2.740	AGCTTT
1003137	451	o6	1.163	AGCTTT
1003151	58	o6	2.449	AGCTTT
1003209	300	o6	1.079	AGCTTT
1003221	174	6m	1.181	GCTTTA
1003236	51	7m8	1.623	AGCTTT
1003236	59	7m8	1.965	GCTTTA
1003236	372	7A1	3.158	GCTTTA
1003248	639	7A1	2.276	GCTTTA
1003248	1697	7A1	1.107	GCTTTA
1003310	218	7m8	1.231	AGCTTT
1003325	247	7m8	1.288	AGCTTT
1003349	260	7m8	2.256	AGCTTT
1003355	274	o6	2.102	AGCTTT
1003379	228	7m8	2.026	AGCTTT
1003387	401	7m8	2.531	GCTTTA
1003417	75	6m	2.515	GCTTTA
1003495	34	o6	1.467	AGCTTT
1003498	112	o6	1.313	AGCTTT
1003660	54	7m8	1.855	AGCTTT
1003851	212	6m	2.377	GCTTTA
1003884	335	o6	2.029	AGCTTT
1003930	1400	6m	2.218	GCTTTA
1003975	76	o6	2.340	AGCTTT
1004035	495	7A1	1.200	GCTTTA
1004035	578	7m8	1.232	AGCTTT
1004077	741	7m8	1.174	AGCTTT
1004097	166	o6	1.104	AGCTTT
1004122	518	o6	2.476	AGCTTT
1004238	110	8m	1.322	AGCTTT
1004385	281	o6	1.066	AGCTTT
1004446	587	6m	1.992	GCTTTA
1004463	3538	o6	1.606	AGCTTT
1004463	3622	8m	2.477	AGCTTT
1004503	193	o6	2.717	AGCTTT
1004657	162	o6	1.084	AGCTTT
1004673	28	o6	1.135	AGCTTT
1004810	389	7m8	2.374	AGCTTT
1004817	114	6m	1.284	GCTTTA
1004817	491	6m	2.749	GCTTTA
1004898	1715	8m	3.034	AGCTTT
1004948	113	8m	2.073	GCTTTA
1004955	267	8m	2.025	GCTTTA
1005045	77	6m	1.418	GCTTTA
1005049	334	o6	2.660	AGCTTT
1005103	422	o6	2.617	AGCTTT
1005114	1285	6m	1.168	GCTTTA
1005235	238	6m	1.606	GCTTTA
1005352	2203	o6	2.392	AGCTTT
1005358	344	7m8	2.055	AGCTTT
1005367	46	8m	2.406	AGCTTT
1005407	130	o6	2.400	AGCTTT
1005443	331	6m	2.118	GCTTTA
1005507	603	6m	1.427	GCTTTA
1005590	8	o6	1.046	AGCTTT
1005646	3896	8m	2.981	AGCTTT
1005646	4267	o6	3.398	AGCTTT
1005674	1021	7A1	2.582	GCTTTA
1005683	47	o6	1.571	AGCTTT
1005701	271	o6	1.505	AGCTTT
1005752	885	o6	1.606	AGCTTT
1005898	564	o6	2.803	AGCTTT
1005973	83	o6	3.782	AGCTTT
1005973	101	o6	3.311	AGCTTT
1006041	494	7m8	2.017	AGCTTT
1006066	438	6m	2.298	GCTTTA
1006066	744	7m8	1.517	AGCTTT
1006137	334	7A1	1.288	GCTTTA
1006166	487	6m	1.474	GCTTTA
1006599	237	o6	1.156	AGCTTT
1006693	94	7A1	1.557	GCTTTA
1006708	1994	7A1	1.880	GCTTTA
1006735	706	8m	1.132	AGCTTT
1006735	1348	o6	2.026	AGCTTT
1006790	89	8m	2.807	AGCTTT
1006800	365	8m	4.317	AGCTTT
1006815	1470	7A1	1.110	GCTTTA
1006829	380	6m	1.301	GCTTTA
1006845	288	7A1	2.494	GCTTTA
1006845	419	o6	3.174	AGCTTT
1006940	490	8m	2.863	AGCTTT
1007004	220	7m8	1.457	AGCTTT
1007004	1424	7m8	2.350	AGCTTT
1007017	33	o6	1.730	AGCTTT
1007031	289	7A1	1.986	GCTTTA
1007031	696	7m8	1.267	AGCTTT
1007172	289	7A1	2.158	GCTTTA
1007231	173	8m	2.731	AGCTTT
1007242	1373	8m	2.997	AGCTTT
1007346	20	7m8	1.606	AGCTTT
1007502	828	o6	1.561	AGCTTT
1007502	1292	8m	2.292	AGCTTT
1007508	626	o6	2.292	AGCTTT
1007514	286	7A1	1.648	GCTTTA
1007521	2307	o6	2.220	AGCTTT
1007530	495	o6	2.915	AGCTTT
1007547	281	o6	2.026	AGCTTT
1007547	2429	8m	2.544	AGCTTT
1007585	82	7A1	1.053	GCTTTA
1007590	186	6m	2.486	GCTTTA
1007624	1259	7m8	3.527	AGCTTT
1007638	781	7A1	2.572	GCTTTA
1007806	970	o6	2.377	AGCTTT
1007840	656	8m	3.034	AGCTTT
1007861	153	7A1	1.672	GCTTTA
1007875	1282	o6	1.039	AGCTTT
1007875	2097	8m	1.316	AGCTTT
1007875	4541	7m8	1.517	AGCTTT
1007888	349	7m8	1.308	AGCTTT
1007897	2122	o6	2.076	AGCTTT
1007903	1540	o6	1.514	AGCTTT
1007923	842	6m	3.034	GCTTTA
1007923	2025	o6	1.606	AGCTTT
1007932	1291	o6	1.987	AGCTTT
1007990	35	7A1	2.400	GCTTTA
1007990	129	7A1	2.400	GCTTTA
1008093	192	7m8	1.195	AGCTTT
1008093	1067	o6	2.630	AGCTTT
1008114	106	8m	2.814	AGCTTT
1008145	1958	7A1	2.659	GCTTTA
1008145	3979	7m8	1.629	AGCTTT
1008145	12192	6m	2.350	GCTTTA
1008150	570	6m	2.353	GCTTTA
1008151	1002	o6	1.284	AGCTTT
1008166	9	6m	2.298	GCTTTA
1008198	436	o6	2.279	AGCTTT
1008226	116	o6	2.314	AGCTTT
1008255	1110	8m	2.490	AGCTTT
1008267	15	o6	1.304	AGCTTT
1008267	125	8m	1.906	AGCTTT
1008271	586	o6	2.370	AGCTTT
1008285	765	8m	2.617	AGCTTT
1008304	252	7A1	1.565	GCTTTA
1008307	283	7m8	1.600	AGCTTT
1008307	1584	6m	2.277	GCTTTA
1008313	674	6m	1.210	GCTTTA
1008331	111	o6	1.445	AGCTTT
1008343	81	6m	1.322	GCTTTA
1008439	335	7m8	1.510	AGCTTT
1008445	142	o6	1.982	AGCTTT
1008510	2279	8m	2.480	AGCTTT
1008593	244	8m	1.328	AGCTTT
1008621	74	o6	1.981	AGCTTT
1008642	354	7m8	1.073	AGCTTT
1008698	154	6m	1.259	GCTTTA
1008707	453	8m	2.592	AGCTTT
1008707	612	8m	1.814	AGCTTT
1008720	21	o6	3.558	AGCTTT
1008749	836	7A1	1.774	GCTTTA
1008749	1334	6m	1.725	GCTTTA
1008750	149	8m	2.502	GCTTTA
1008783	99	o6	2.601	AGCTTT
1008819	94	o6	3.151	AGCTTT
1008852	47	o6	3.034	AGCTTT
1008855	362	6m	1.322	GCTTTA
1008863	515	7A1	1.099	GCTTTA
1008882	384	6m	1.016	GCTTTA
1008885	22	6m	1.029	GCTTTA
1008894	157	8m	2.062	AGCTTT
1008897	941	7A1	2.509	GCTTTA
1008903	917	6m	1.007	GCTTTA
1008929	110	6m	2.029	GCTTTA
1009026	1275	6m	1.828	GCTTTA
1009026	1380	8m	1.132	GCTTTA
1009026	1578	o6	1.500	AGCTTT
1009037	184	o6	3.174	AGCTTT
1009074	250	7m8	1.073	AGCTTT
1009093	62	8m	1.687	AGCTTT
1009096	52	o6	1.322	AGCTTT
1009149	129	6m	1.057	GCTTTA
1009153	817	7m8	1.284	AGCTTT
1009165	129	7A1	1.036	GCTTTA
1009188	345	6m	1.053	GCTTTA
1009267	751	7m8	2.413	AGCTTT
1009304	341	o6	2.230	AGCTTT
1009348	223	o6	2.378	AGCTTT
1009360	15	6m	2.061	GCTTTA
1009369	2376	7A1	2.627	GCTTTA
1009408	267	o6	2.065	AGCTTT
1009411	51	7A1	1.703	GCTTTA
1009448	190	8m	2.778	AGCTTT
1009469	1157	7m8	2.050	GCTTTA
1009736	1108	6m	2.200	GCTTTA
1009748	2215	o6	1.227	AGCTTT
1009759	610	o6	2.807	AGCTTT
1009769	1031	8m	2.544	AGCTTT
1009834	869	8m	3.626	AGCTTT
1009834	1351	o6	1.284	AGCTTT
1009834	1467	6m	2.716	GCTTTA
1009834	2269	7m8	2.876	AGCTTT
1009838	387	6m	1.186	GCTTTA
1009841	321	7m8	2.561	GCTTTA
1009841	1092	8m	1.278	AGCTTT
1009858	56	6m	1.952	GCTTTA
1009878	37	6m	1.086	GCTTTA
1009902	70	8m	2.546	AGCTTT
1009930	353	7m8	2.533	AGCTTT
1009948	721	7A1	1.606	GCTTTA
1009974	36	8m	2.922	AGCTTT
1009974	520	7m8	1.703	AGCTTT
1010047	494	7m8	1.255	GCTTTA
1010054	826	7A1	2.211	GCTTTA
1010054	897	6m	2.251	GCTTTA
1010082	528	o6	3.029	AGCTTT
1010160	510	7m8	1.563	AGCTTT
1010222	3	8m	1.153	AGCTTT
1010229	513	6m	1.168	GCTTTA
1010232	2537	8m	2.660	AGCTTT
1010238	2164	8m	2.660	AGCTTT
1010250	1155	o6	2.316	AGCTTT
1010250	1219	7A1	1.122	GCTTTA
1010250	2403	o6	2.793	AGCTTT
1010293	46	6m	1.974	GCTTTA
1010299	290	6m	2.119	GCTTTA
1010332	755	7m8	2.223	AGCTTT
1010382	43	o6	3.096	AGCTTT
1010385	525	o6	1.027	AGCTTT
1010401	5300	o6	2.076	AGCTTT
1010415	174	o6	1.195	AGCTTT
1010418	209	7A1	2.247	GCTTTA
1010462	136	o6	1.635	AGCTTT
1010465	481	o6	1.284	AGCTTT
1010465	803	7A1	1.606	GCTTTA
1010510	97	o6	2.073	AGCTTT
1010511	712	6m	2.807	GCTTTA
1010511	1175	8m	2.073	AGCTTT
1010611	161	o6	1.806	AGCTTT
1010649	229	6m	2.073	GCTTTA
1010652	1705	6m	1.284	GCTTTA
1010677	124	o6	1.521	AGCTTT
1010745	9	7m8	2.345	AGCTTT
1010776	28	6m	2.045	GCTTTA
1010776	68	6m	1.405	GCTTTA
1010785	559	7m8	1.640	AGCTTT
1010851	76	o6	1.906	AGCTTT
1010862	1065	o6	3.094	AGCTTT
1010926	41	o6	1.212	AGCTTT
1010956	2836	6m	1.623	GCTTTA
1011107	1861	o6	3.002	AGCTTT
1011117	211	6m	1.983	GCTTTA
1011131	172	7m8	1.606	AGCTTT
1011173	162	6m	1.288	GCTTTA
1011194	336	7m8	2.278	AGCTTT
1011200	286	7A1	1.548	GCTTTA
1011245	1030	o6	2.660	AGCTTT
1011277	126	6m	2.544	GCTTTA
1011333	206	o6	1.852	AGCTTT
1011348	127	o6	3.303	AGCTTT
1011349	87	8m	1.852	AGCTTT
1011379	460	6m	1.059	GCTTTA
1011393	84	8m	1.073	AGCTTT
1011410	80	8m	2.181	AGCTTT
1011416	271	7m8	1.437	AGCTTT
1011425	1024	6m	2.248	GCTTTA
1011430	2142	6m	2.314	GCTTTA
1011438	402	8m	3.207	AGCTTT
1011484	78	6m	1.209	GCTTTA
1011487	563	6m	1.718	GCTTTA
1011607	533	7A1	1.222	GCTTTA
1011607	656	7A1	1.893	GCTTTA
1011608	428	8m	1.891	AGCTTT
1011637	133	7A1	1.773	GCTTTA
1011637	681	7A1	2.037	GCTTTA
1011658	74	8m	1.515	AGCTTT
1011658	819	7A1	2.780	GCTTTA
1011658	1022	o6	2.704	AGCTTT
1011695	623	7A1	2.030	GCTTTA
1011709	31	6m	1.907	GCTTTA
1011710	502	8m	1.126	AGCTTT
1011746	393	o6	2.616	AGCTTT
1011827	50	7m8	2.350	AGCTTT
1011841	428	o6	1.068	AGCTTT
1011851	155	6m	1.853	GCTTTA
1011856	1778	6m	1.682	GCTTTA
1011859	143	6m	2.023	GCTTTA
1011932	81	o6	1.284	AGCTTT
1011950	881	7A1	2.017	GCTTTA
1012080	153	8m	2.502	AGCTTT
1012122	230	o6	2.486	AGCTTT
1012122	306	7A1	1.936	GCTTTA
1012136	242	o6	2.687	AGCTTT
1012169	547	6m	1.887	GCTTTA
1012205	211	6m	1.083	GCTTTA
1012283	58	8m	2.341	AGCTTT
1012304	295	o6	2.177	AGCTTT
1012421	470	7A1	2.317	GCTTTA
1012430	701	7A1	2.050	GCTTTA
1012504	58	6m	1.079	GCTTTA
1012507	228	o6	1.950	AGCTTT
1012513	30	o6	2.819	AGCTTT
1012537	473	8m	1.598	AGCTTT
1012561	66	7m8	1.385	AGCTTT
1012671	178	o6	1.146	AGCTTT
1012694	64	6m	1.322	GCTTTA
1012719	171	8m	2.016	AGCTTT
1012760	354	6m	1.973	GCTTTA
1012830	1382	o6	1.999	AGCTTT
1012833	327	o6	2.813	AGCTTT
1012857	98	7A1	1.846	GCTTTA
1012896	346	7m8	3.018	AGCTTT
1012912	467	7A1	1.780	GCTTTA
1012977	350	o6	3.548	AGCTTT
1013073	658	o6	2.641	AGCTTT
1013102	179	7A1	2.064	GCTTTA
1013144	30	7A1	1.682	GCTTTA
1013163	14	8m	1.190	AGCTTT
1013241	779	o6	2.065	AGCTTT
1013246	213	6m	2.174	GCTTTA
1013279	35	8m	1.891	AGCTTT
1013286	355	7A1	3.213	GCTTTA
1013330	25	7m8	2.302	AGCTTT
1013413	1069	o6	3.165	AGCTTT
1013443	1690	o6	3.232	AGCTTT
1013518	1267	8m	2.433	AGCTTT
1013518	1565	6m	1.151	GCTTTA
1013521	189	7A1	1.374	GCTTTA
1013530	174	7A1	1.224	GCTTTA
1013584	218	6m	1.161	GCTTTA
1013591	1757	7m8	1.284	AGCTTT
1013608	269	o6	1.426	AGCTTT
1013613	61	7A1	1.562	GCTTTA
1013625	98	o6	1.279	AGCTTT
1013643	254	7A1	3.190	GCTTTA
1013670	2132	6m	1.773	GCTTTA
1013687	102	o6	2.181	AGCTTT
1013725	465	7m8	2.014	AGCTTT
1013772	532	o6	1.765	AGCTTT
1013817	312	8m	1.099	AGCTTT
1013820	59	7A1	4.188	GCTTTA
1013939	531	7A1	3.504	GCTTTA
1013947	137	o6	2.018	AGCTTT
1013971	554	6m	1.649	GCTTTA
1014066	176	o6	2.189	AGCTTT
1014066	183	6m	1.166	GCTTTA
1014069	177	o6	1.750	AGCTTT
1014076	192	8m	1.979	AGCTTT
1014173	432	o6	1.345	AGCTTT
1014183	796	o6	1.251	AGCTTT
1014183	1641	7A1	1.351	GCTTTA
1014198	300	7A1	1.166	GCTTTA
1014244	359	7m8	2.166	AGCTTT
1014250	24	7m8	1.818	AGCTTT
1014265	296	8m	1.903	AGCTTT
1014295	895	8m	1.606	AGCTTT
1014295	2170	o6	1.857	AGCTTT
1014403	2457	o6	3.269	AGCTTT
1014436	696	o6	3.232	AGCTTT
1014458	22	o6	2.317	AGCTTT
1014464	285	o6	2.847	AGCTTT
1014464	426	8m	2.847	AGCTTT
1014464	455	7A1	2.847	GCTTTA
1014515	16	o6	1.096	AGCTTT
1014629	23	o6	2.533	AGCTTT
1014638	1249	o6	1.430	AGCTTT
1014655	705	6m	1.690	GCTTTA
1014697	452	6m	2.031	GCTTTA
1014828	142	8m	2.062	AGCTTT
1014856	1534	o6	1.580	AGCTTT
1014859	124	7m8	2.589	AGCTTT
1014859	283	7m8	2.589	AGCTTT
1014859	389	6m	1.987	GCTTTA
1014859	816	8m	3.047	AGCTTT
1014880	82	6m	1.241	GCTTTA
1014884	290	6m	2.807	GCTTTA
1014892	88	7m8	1.690	AGCTTT
1014898	135	6m	2.922	GCTTTA
1014978	464	8m	2.341	AGCTTT
1014981	2211	7A1	2.966	GCTTTA
1014982	377	o6	1.328	AGCTTT
1014988	4801	o6	1.278	AGCTTT
1014988	5830	o6	1.719	AGCTTT
1015047	434	6m	1.423	GCTTTA
1015047	683	8m	2.350	AGCTTT
1015047	2507	7m8	2.409	AGCTTT
1015085	63	8m	2.544	AGCTTT
1015085	1151	o6	3.082	AGCTTT
1015091	1191	7m8	1.980	AGCTTT
1015091	1778	7A1	1.258	GCTTTA
1015109	74	o6	1.936	AGCTTT
1015162	1037	8m	1.254	AGCTTT
1015228	1378	6m	1.241	GCTTTA
1015228	1466	6m	2.267	GCTTTA
1015291	744	o6	2.544	AGCTTT
1015291	1178	7m8	1.316	AGCTTT
1015336	200	7m8	2.069	AGCTTT
1015394	787	6m	2.807	GCTTTA
1015435	154	o6	1.261	AGCTTT
1015465	88	o6	1.465	AGCTTT
1015465	96	o6	1.465	AGCTTT
1015480	472	7m8	2.472	GCTTTA
1015526	1522	o6	1.391	AGCTTT
1015548	239	7A1	2.220	GCTTTA
1015555	2819	8m	2.079	AGCTTT
1015555	3232	8m	2.262	AGCTTT
1015576	91	o6	3.332	AGCTTT
1015604	123	o6	1.265	AGCTTT
1015637	1551	6m	2.025	GCTTTA
1015676	298	6m	2.350	GCTTTA
1015676	737	6m	2.350	GCTTTA
1015696	300	6m	1.732	GCTTTA
1015696	455	8m	2.515	AGCTTT
1015714	243	o6	1.229	AGCTTT
1015722	377	7A1	2.544	GCTTTA
1015777	1043	o6	1.356	AGCTTT
1015784	599	8m	2.757	AGCTTT
1015789	163	o6	2.889	AGCTTT
1015789	898	7m8	1.786	GCTTTA
1015819	209	7m8	1.731	AGCTTT
1015834	660	6m	1.690	GCTTTA
1015841	390	7m8	1.983	AGCTTT
1015867	219	o6	1.910	AGCTTT
1015903	645	o6	1.027	AGCTTT
1015924	397	o6	1.306	AGCTTT
1015924	580	o6	1.174	AGCTTT
1015925	486	o6	1.328	AGCTTT
1015925	547	o6	1.965	AGCTTT
1015936	1348	6m	2.552	GCTTTA
1015937	61	o6	1.906	AGCTTT
1015972	830	o6	1.563	AGCTTT
1015995	1158	o6	1.606	AGCTTT
1016016	1815	7m8	3.292	AGCTTT
1016047	1928	7A1	2.425	GCTTTA
1016115	80	o6	1.185	AGCTTT
1016122	202	7A1	1.065	GCTTTA
1016127	44	8m	2.025	AGCTTT
1016127	91	8m	1.606	AGCTTT
1016127	149	8m	2.178	AGCTTT
1016176	2175	8m	1.737	AGCTTT
1016176	2529	o6	1.053	AGCTTT
1016184	379	8m	2.544	AGCTTT
1016205	331	8m	2.220	AGCTTT
1016220	278	6m	2.915	GCTTTA
1016373	102	o6	1.029	AGCTTT
1016397	659	6m	1.690	GCTTTA
1016397	1294	o6	2.073	AGCTTT
1016398	1257	o6	2.544	AGCTTT
1016418	1002	8m	2.220	AGCTTT
1016431	679	8m	2.544	AGCTTT
1016439	903	7m8	2.101	AGCTTT
1016455	245	o6	1.614	AGCTTT
1016565	859	7A1	2.098	GCTTTA
1016565	1553	o6	2.660	AGCTTT
1016565	1916	6m	1.606	GCTTTA
1016571	1942	o6	3.005	AGCTTT
1016574	3281	7m8	1.369	AGCTTT
1016599	1095	7A1	1.952	GCTTTA
1016613	575	7A1	1.056	GCTTTA
1016629	161	7A1	3.663	GCTTTA
1016637	30	7A1	2.026	GCTTTA
1016643	131	7A1	1.061	GCTTTA
1016655	802	7A1	1.240	GCTTTA
1016691	733	o6	1.435	AGCTTT
1016698	1664	o6	2.533	AGCTTT
1016706	78	6m	2.073	GCTTTA
1016707	458	8m	2.622	AGCTTT
1016713	3903	6m	1.556	GCTTTA
1016800	66	7A1	1.490	GCTTTA
1016806	961	o6	2.436	AGCTTT
1016845	262	7m8	1.838	GCTTTA
1016848	820	o6	2.015	AGCTTT
1016916	38	7A1	3.649	GCTTTA
1016951	239	6m	1.690	GCTTTA
1016965	646	6m	1.535	GCTTTA
1016971	393	o6	1.156	AGCTTT
1016985	514	7A1	2.365	GCTTTA
1016992	36	7A1	2.025	GCTTTA
1016995	86	6m	2.076	GCTTTA
1017012	392	o6	1.321	AGCTTT
1017015	52	o6	1.295	AGCTTT
1017018	1383	6m	1.321	GCTTTA
1017019	625	8m	1.910	AGCTTT
1017106	186	7A1	2.100	GCTTTA
1017165	67	6m	1.186	GCTTTA
1017169	786	8m	2.212	AGCTTT
1017204	901	o6	1.322	AGCTTT
1017207	1118	7m8	2.518	AGCTTT
1017227	200	o6	2.393	AGCTTT
1017227	224	8m	2.528	AGCTTT
1017227	642	o6	2.331	AGCTTT
1017230	46	o6	2.026	AGCTTT
1017249	252	7m8	3.294	AGCTTT
1017254	1422	o6	1.316	AGCTTT
1017258	504	8m	1.284	AGCTTT
1017275	57	8m	3.024	AGCTTT
1017326	239	6m	2.523	GCTTTA
1017339	124	6m	2.016	GCTTTA
1017356	198	7m8	2.302	AGCTTT
1017369	355	7A1	2.265	GCTTTA
1017433	41	6m	1.032	GCTTTA
1017451	596	8m	3.034	AGCTTT
1017496	809	7m8	2.019	AGCTTT
1017511	961	6m	1.073	GCTTTA
1017511	1671	o6	1.334	AGCTTT
1017527	32	7m8	1.208	AGCTTT
1017573	22	7A1	1.267	GCTTTA
1017580	231	7A1	1.882	GCTTTA
1017599	353	6m	1.002	GCTTTA
1017614	2920	7A1	2.427	GCTTTA
1017614	4028	o6	2.801	AGCTTT
1017653	443	o6	1.582	AGCTTT
1017754	176	8m	2.331	GCTTTA
1017782	65	7m8	2.025	AGCTTT
1017787	524	o6	1.944	AGCTTT
1017787	669	7m8	2.415	AGCTTT
1017808	460	6m	2.545	GCTTTA
1017808	557	6m	1.363	GCTTTA
1017808	607	6m	1.399	GCTTTA
1017883	125	7A1	2.592	GCTTTA
1017886	310	7A1	2.648	GCTTTA
1017890	505	6m	1.227	GCTTTA
1017908	243	o6	2.409	AGCTTT
1017919	1951	8m	2.489	AGCTTT
1017990	55	7m8	2.544	AGCTTT
1018017	106	6m	3.299	GCTTTA
1018020	55	7A1	1.316	GCTTTA
1018033	254	6m	1.079	GCTTTA
1018056	41	7A1	1.400	GCTTTA
1018062	1396	8m	1.410	AGCTTT
1018066	416	o6	2.377	AGCTTT
1018081	121	6m	3.232	GCTTTA
1018081	648	7m8	3.224	AGCTTT
1018120	30	6m	1.013	GCTTTA
1018146	99	7m8	2.520	AGCTTT
1018173	45	7m8	1.598	GCTTTA
1018194	86	7m8	1.804	AGCTTT
1018194	92	o6	1.903	AGCTTT
1018225	79	7A1	1.255	GCTTTA
1018243	1382	o6	1.255	AGCTTT
1018243	2299	6m	2.147	GCTTTA
1018248	426	6m	1.160	GCTTTA
1018257	151	7A1	2.473	GCTTTA
1018257	840	7A1	1.555	GCTTTA
1018262	451	o6	1.260	AGCTTT
1018284	229	7m8	1.598	AGCTTT
1018340	47	6m	1.053	GCTTTA
1018361	145	7A1	1.725	GCTTTA
1018361	171	8m	1.284	AGCTTT
1018455	246	8m	1.809	AGCTTT
1018485	48	6m	1.893	GCTTTA
1018515	73	6m	1.071	GCTTTA
1018546	145	6m	2.070	GCTTTA
1018554	204	o6	1.047	AGCTTT
1018619	699	o6	2.537	AGCTTT
1018619	1714	o6	1.278	AGCTTT
1018632	2551	8m	2.626	AGCTTT
1018678	807	7A1	2.220	GCTTTA
1018784	64	8m	1.873	AGCTTT
1018860	49	7m8	2.520	AGCTTT
1018924	8	7m8	2.128	AGCTTT
1018958	115	6m	2.970	GCTTTA
1018981	112	7A1	2.086	GCTTTA
1019129	123	7m8	1.313	AGCTTT
1019188	111	7A1	1.696	GCTTTA
1019192	710	o6	1.563	AGCTTT
1019203	213	6m	1.651	GCTTTA
1019216	104	7m8	1.272	AGCTTT
1019298	568	7A1	2.276	GCTTTA
1019298	605	o6	2.194	AGCTTT
1019311	335	7m8	2.457	AGCTTT
1019328	78	6m	1.112	GCTTTA
1019329	463	o6	1.053	AGCTTT
1019329	763	o6	2.338	AGCTTT
1019362	198	7m8	1.263	AGCTTT
1019398	37	7m8	1.306	AGCTTT
1019401	39	7m8	1.322	GCTTTA
1019405	598	6m	1.275	GCTTTA
1019453	50	o6	1.899	AGCTTT
1019461	266	6m	1.708	GCTTTA
1019474	152	7m8	1.043	AGCTTT
1019480	398	7A1	1.147	GCTTTA
1019514	2146	7A1	1.207	GCTTTA
1019579	2550	o6	2.098	AGCTTT
1019579	3212	o6	2.502	AGCTTT
1019703	25	o6	1.272	AGCTTT
1019709	55	7m8	1.687	AGCTTT
1019721	97	o6	1.023	AGCTTT
1019737	15	7A1	2.148	GCTTTA
1019800	44	7A1	2.520	GCTTTA
1019865	864	o6	1.973	AGCTTT
1019925	895	7A1	2.991	GCTTTA
1019945	62	7m8	2.321	AGCTTT
1019956	1239	8m	2.015	GCTTTA
1020074	726	7m8	1.156	AGCTTT
1020090	148	8m	1.103	AGCTTT
1020149	22	7m8	2.034	AGCTTT
1020241	712	8m	2.941	AGCTTT
1020241	1694	7A1	1.824	GCTTTA
1020241	1724	o6	3.191	AGCTTT
1020253	312	o6	2.632	AGCTTT
1020253	1034	o6	2.030	AGCTTT
1020253	2319	6m	2.640	GCTTTA
1020253	2616	6m	1.285	GCTTTA
1020279	84	o6	1.606	AGCTTT
1020279	102	8m	1.086	AGCTTT
1020326	264	7A1	1.375	GCTTTA
1020519	51	o6	2.073	AGCTTT
1020574	135	o6	2.373	AGCTTT
1020643	441	7m8	1.261	AGCTTT
1020643	1395	7A1	2.016	GCTTTA
1020654	266	7m8	1.163	AGCTTT
1020661	1325	7m8	1.284	AGCTTT
1020684	0	7A1	1.161	GCTTTA
1020684	11	7A1	1.589	GCTTTA
1020782	515	6m	3.127	GCTTTA
1020839	424	8m	2.350	AGCTTT
1020880	118	8m	1.328	AGCTTT
1020992	265	7m8	1.270	AGCTTT
1021008	1419	o6	1.810	AGCTTT
1021049	56	o6	1.166	AGCTTT
1021087	116	8m	2.161	AGCTTT
1021222	148	7A1	1.375	GCTTTA
1021255	323	7A1	1.574	GCTTTA
1021378	105	o6	1.709	AGCTTT
1021519	406	7A1	2.864	GCTTTA
1021540	289	o6	1.221	AGCTTT
1021540	1249	6m	1.937	GCTTTA
1021642	140	6m	1.005	GCTTTA
1021678	122	7m8	1.785	AGCTTT
1021696	677	6m	1.930	GCTTTA
1021715	74	7A1	2.076	GCTTTA
1021715	200	7A1	1.316	GCTTTA
1021777	74	7A1	2.387	GCTTTA
1021777	200	7A1	2.146	GCTTTA
1021840	569	7m8	2.544	AGCTTT
1021899	761	8m	2.125	AGCTTT
1021906	294	o6	2.415	AGCTTT
1021909	1360	8m	1.328	GCTTTA
1021941	1300	o6	1.088	AGCTTT
1021978	1073	o6	1.137	AGCTTT
1022066	2162	o6	2.537	AGCTTT
1022066	2652	o6	1.053	AGCTTT
1022173	213	6m	2.507	GCTTTA
1022191	142	o6	1.217	AGCTTT
1022235	2730	o6	2.493	AGCTTT
1022253	516	8m	1.076	GCTTTA
1022253	1017	8m	1.787	AGCTTT
1022256	40	o6	1.222	AGCTTT
1022256	2213	8m	1.446	AGCTTT
1022278	77	7m8	1.284	AGCTTT
1022383	1556	7A1	1.675	GCTTTA
1022418	1120	o6	2.544	AGCTTT
1022443	1200	6m	1.600	GCTTTA
1022495	1920	o6	1.315	AGCTTT
1022495	2750	6m	2.019	GCTTTA
1022495	5351	o6	2.322	AGCTTT
1022531	2860	6m	3.180	GCTTTA
1022539	178	o6	2.641	AGCTTT
1022568	625	7A1	2.502	GCTTTA
1022576	104	o6	1.452	AGCTTT
1022619	17	8m	1.142	GCTTTA
1022632	150	7m8	1.201	GCTTTA
1022656	75	7m8	2.914	GCTTTA
1022774	139	7A1	1.690	GCTTTA
1022820	1015	o6	1.717	AGCTTT
1022846	852	6m	1.542	GCTTTA
1022932	665	7m8	1.310	AGCTTT
1022938	434	o6	1.340	AGCTTT
1022938	2444	o6	1.942	AGCTTT
1022985	1155	8m	2.544	AGCTTT
1023004	106	o6	2.220	AGCTTT
1023032	48	6m	2.073	GCTTTA
1023062	3645	7A1	1.316	GCTTTA
1023100	1483	7A1	2.631	GCTTTA
1023110	349	6m	2.801	GCTTTA
1023145	14	6m	2.531	GCTTTA
1023157	515	o6	1.891	AGCTTT
1023188	100	8m	1.119	AGCTTT
1023253	623	7m8	1.180	AGCTTT
1023289	2006	7A1	2.533	GCTTTA
1023334	224	7m8	1.434	AGCTTT
1023354	49	7m8	2.389	AGCTTT
1023354	79	o6	2.402	AGCTTT
1023391	583	7m8	2.433	AGCTTT
1023391	1901	7m8	2.641	AGCTTT
1023432	395	7A1	2.272	GCTTTA
1023438	179	o6	1.261	AGCTTT
1023466	245	o6	1.053	AGCTTT
1023517	2	o6	1.998	AGCTTT
1023527	49	7m8	2.841	AGCTTT
1023527	79	o6	2.674	AGCTTT
1023599	83	7m8	2.980	AGCTTT
1023636	127	7m8	1.690	AGCTTT
1023673	867	7m8	1.240	AGCTTT
1023681	4185	8m	1.563	GCTTTA
1023706	462	7A1	2.223	GCTTTA
1023774	278	o6	1.923	AGCTTT
1023774	819	7m8	2.350	AGCTTT
1023775	116	7m8	2.415	AGCTTT
1023783	783	7m8	1.284	GCTTTA
1023784	168	7m8	1.540	GCTTTA
1023790	2558	6m	1.563	GCTTTA
1023847	652	o6	2.047	AGCTTT
1023850	277	o6	3.034	AGCTTT
1023850	1388	7A1	1.271	GCTTTA
1023866	93	o6	1.295	AGCTTT
1023882	668	8m	1.808	AGCTTT
1023882	676	6m	1.808	GCTTTA
1023882	2610	7m8	1.679	AGCTTT
1023885	1083	o6	1.245	AGCTTT
1023885	1158	o6	2.507	AGCTTT
1023930	89	6m	1.667	GCTTTA
1023955	611	o6	1.253	AGCTTT
1023970	479	7m8	1.264	AGCTTT
1023991	209	8m	2.234	AGCTTT
1024003	1033	o6	2.220	AGCTTT
1024009	129	7A1	1.802	GCTTTA
1024009	241	7A1	1.575	GCTTTA
1024028	1510	6m	2.276	GCTTTA
1024031	2292	8m	2.863	AGCTTT
1024031	3999	o6	2.990	AGCTTT
1024031	4457	6m	2.130	GCTTTA
1024048	300	o6	2.022	AGCTTT
1024052	42	o6	1.082	AGCTTT
1024079	32	7m8	1.596	AGCTTT
1024114	302	6m	2.636	GCTTTA
1024118	62	6m	2.025	GCTTTA
1024172	566	8m	1.322	AGCTTT
1024184	265	o6	1.298	AGCTTT
1024184	494	6m	1.907	GCTTTA
1024237	410	7m8	2.544	AGCTTT
1024241	115	6m	1.948	GCTTTA
1024241	830	8m	2.648	AGCTTT
1024264	341	8m	2.350	AGCTTT
1024271	63	8m	2.984	GCTTTA
1024271	142	7m8	2.565	AGCTTT
1024274	146	7m8	2.350	AGCTTT
1024274	175	7m8	2.889	GCTTTA
1024274	222	8m	2.326	AGCTTT
1024282	58	7m8	2.350	GCTTTA
1024282	72	6m	2.889	GCTTTA
1024282	146	6m	1.687	GCTTTA
1024291	29	8m	2.458	GCTTTA
1024291	67	7A1	1.298	GCTTTA
1024291	142	8m	2.544	AGCTTT
1024297	37	7m8	2.520	AGCTTT
1024300	134	7m8	3.058	AGCTTT
1024358	9	7A1	2.288	GCTTTA
1024366	613	o6	2.253	AGCTTT
1024369	114	o6	1.679	AGCTTT
1024369	128	8m	1.890	AGCTTT
1024384	774	o6	1.201	AGCTTT
1024385	124	o6	1.189	AGCTTT
1024403	841	7A1	1.987	GCTTTA
1024403	848	o6	2.201	AGCTTT
1024421	27	8m	3.332	AGCTTT
1024448	1334	6m	2.365	GCTTTA
1024456	205	7m8	1.045	AGCTTT
1024465	1511	o6	1.053	AGCTTT
1024465	2320	o6	2.544	AGCTTT
1024465	3289	o6	1.787	AGCTTT
1024502	246	6m	1.485	GCTTTA
1024525	994	o6	2.209	AGCTTT
1024537	300	7A1	1.687	GCTTTA
1024613	233	7m8	1.944	AGCTTT
1024619	1185	7A1	1.886	GCTTTA
1024619	1869	7A1	2.537	GCTTTA
1024648	939	6m	1.470	GCTTTA
1024654	895	7A1	1.012	GCTTTA
1024705	101	7m8	2.127	AGCTTT
1024708	156	7m8	2.857	AGCTTT
1024708	230	7A1	1.367	GCTTTA
1024715	1049	6m	2.163	GCTTTA
1024715	2039	7A1	2.757	GCTTTA
1024715	2307	6m	2.599	GCTTTA
1024715	3733	o6	2.757	AGCTTT
1024721	255	o6	2.384	AGCTTT
1024763	661	7A1	2.183	GCTTTA
1024774	313	6m	2.769	GCTTTA
1024783	308	o6	1.755	AGCTTT
1024829	165	o6	2.552	AGCTTT
1024829	1798	6m	1.022	GCTTTA
1024829	4164	8m	2.654	GCTTTA
1024829	4318	7A1	2.769	GCTTTA
1024843	715	6m	2.183	GCTTTA
1024847	360	6m	1.858	GCTTTA
1024880	265	6m	2.377	GCTTTA
1024891	543	7A1	3.250	GCTTTA
1024935	139	o6	2.232	AGCTTT
1024956	5241	o6	1.399	AGCTTT
1024971	688	6m	1.303	GCTTTA
1025029	1291	6m	3.034	GCTTTA
1025055	888	7m8	2.076	AGCTTT
1025101	1143	o6	1.577	AGCTTT
1025146	122	o6	1.202	AGCTTT
1025168	1554	6m	1.278	GCTTTA
1025183	28	7m8	2.350	AGCTTT
1025198	63	6m	1.483	GCTTTA
1025204	33	8m	2.135	AGCTTT
1025204	292	7m8	1.690	AGCTTT
1025204	333	7m8	2.520	AGCTTT
1025245	31	7A1	1.508	GCTTTA
1025275	742	6m	2.427	GCTTTA
1025275	1000	o6	2.354	AGCTTT
1025298	1076	o6	2.630	AGCTTT
1025344	185	7m8	1.069	AGCTTT
1025410	37	7m8	4.026	GCTTTA
1025428	174	7A1	1.666	GCTTTA
1025434	365	7A1	1.285	GCTTTA
1025440	124	7m8	2.086	GCTTTA
1025455	689	8m	2.721	AGCTTT
1025455	1026	o6	1.484	AGCTTT
1025512	93	6m	2.385	GCTTTA
1025536	72	8m	2.462	AGCTTT
1025536	166	o6	1.178	AGCTTT
1025577	37	o6	1.029	AGCTTT
1025614	92	7m8	2.639	AGCTTT
1025654	919	8m	1.953	GCTTTA
1025657	64	6m	1.942	GCTTTA
1025715	145	7m8	1.606	AGCTTT
1025724	24	o6	1.043	AGCTTT
1025725	768	6m	1.057	GCTTTA
1025730	527	6m	1.182	GCTTTA
1025742	325	6m	2.025	GCTTTA
1025743	255	8m	2.889	AGCTTT
1025821	195	7A1	1.098	GCTTTA
1025850	355	6m	2.360	GCTTTA
1025877	288	o6	2.525	AGCTTT
1025878	112	6m	1.029	GCTTTA
1025904	92	8m	2.361	AGCTTT
1025934	668	8m	2.533	AGCTTT
1026074	1	8m	2.691	GCTTTA
1026087	223	o6	1.626	AGCTTT
1026125	1	7m8	2.854	AGCTTT
1026262	692	8m	2.538	AGCTTT
1026268	286	7m8	2.477	AGCTTT
1026275	287	7A1	1.629	GCTTTA
1026364	128	o6	2.310	AGCTTT
1026452	81	6m	1.170	GCTTTA
1026471	117	o6	1.053	AGCTTT
1026480	1980	o6	1.322	AGCTTT
1026489	23	7A1	2.354	GCTTTA
1026518	36	8m	1.284	AGCTTT
1026558	503	6m	1.606	GCTTTA
1026633	303	o6	1.278	AGCTTT
1026652	111	7m8	1.681	GCTTTA
1026682	28	o6	1.405	AGCTTT
1026682	450	o6	1.982	AGCTTT
1026688	4324	7A1	1.248	GCTTTA
1026688	4659	6m	2.098	GCTTTA
1026711	1349	7A1	2.608	GCTTTA
1026711	1616	6m	1.948	GCTTTA
1026711	2161	8m	2.608	AGCTTT
1026737	90	7A1	3.005	GCTTTA
1026792	149	o6	1.002	AGCTTT
1026818	72	8m	1.571	AGCTTT
1026841	3970	6m	1.979	GCTTTA
1026849	173	o6	1.198	AGCTTT
1026885	190	7m8	2.170	AGCTTT
1026894	6	7A1	3.000	GCTTTA
1026950	216	o6	1.120	AGCTTT
1026965	1434	7A1	2.064	GCTTTA
1027002	501	o6	2.262	AGCTTT
1027138	253	7A1	2.286	GCTTTA
1027153	155	7m8	2.493	GCTTTA
1027168	41	o6	2.635	AGCTTT
1027168	939	7m8	1.255	AGCTTT
1027168	1090	6m	2.439	GCTTTA
1027180	175	7m8	2.246	AGCTTT
1027220	43	7m8	2.017	AGCTTT
1027255	92	7m8	2.048	AGCTTT
1027357	696	7m8	2.321	AGCTTT
1027417	-1	6m	2.047	GCTTTA
1027608	185	o6	1.484	AGCTTT
1027725	341	o6	2.069	AGCTTT
1027776	16	o6	1.535	AGCTTT
1027801	384	7m8	1.784	AGCTTT
1027825	90	6m	1.377	GCTTTA
1027826	61	6m	2.662	GCTTTA
1027831	105	7A1	1.936	GCTTTA
1027834	31	o6	1.791	AGCTTT
1027887	437	8m	2.054	AGCTTT
1027887	589	o6	1.611	AGCTTT
1027933	196	o6	1.646	AGCTTT
1027938	200	6m	2.092	GCTTTA
1027938	532	6m	1.285	GCTTTA
1027971	111	6m	1.584	GCTTTA
1027995	22	o6	1.442	AGCTTT
1028001	698	8m	3.865	AGCTTT
1028028	218	7A1	2.474	GCTTTA
1028049	169	6m	1.053	GCTTTA
1028081	481	7A1	1.461	GCTTTA
1028140	280	7A1	3.456	GCTTTA
1028208	31	7m8	3.624	AGCTTT
1028263	860	7m8	1.198	AGCTTT
1028301	127	7m8	2.548	AGCTTT
1028301	197	6m	1.545	GCTTTA
1028301	415	o6	1.911	AGCTTT
1028372	384	6m	1.533	GCTTTA
1028435	410	o6	1.558	AGCTTT
1028438	219	7A1	1.973	GCTTTA
1028447	275	8m	2.651	AGCTTT
1028447	446	8m	1.241	AGCTTT
1028447	1378	6m	2.405	GCTTTA
1028512	265	7A1	2.041	GCTTTA
1028527	1266	8m	2.759	AGCTTT
1028645	171	8m	2.073	AGCTTT
1028702	69	o6	1.843	AGCTTT
1028778	285	o6	1.170	AGCTTT
1028869	127	7m8	1.968	AGCTTT
1028901	128	7A1	1.144	GCTTTA
1028931	584	6m	2.091	GCTTTA
1028944	2	o6	2.031	AGCTTT
1028998	836	o6	1.711	AGCTTT
1029037	193	6m	1.631	GCTTTA
1029073	422	7A1	2.210	GCTTTA
1029179	70	6m	1.805	GCTTTA
1029180	285	8m	1.338	AGCTTT
1029192	1998	o6	2.404	AGCTTT
1029234	122	8m	1.013	AGCTTT
1029348	107	6m	1.580	GCTTTA
1029369	946	7A1	2.276	GCTTTA
1029369	1303	o6	2.544	AGCTTT
1029369	1397	8m	1.687	AGCTTT
1029384	1636	6m	2.057	GCTTTA
1029421	43	6m	2.259	GCTTTA
1029496	103	o6	1.010	AGCTTT
1029525	94	6m	1.269	GCTTTA
1029532	2296	o6	1.284	AGCTTT
1029558	434	o6	1.040	AGCTTT
1029558	1265	7A1	2.807	GCTTTA
1029564	187	o6	2.834	AGCTTT
1029569	218	6m	1.029	GCTTTA
1029647	440	o6	1.440	AGCTTT
1029647	560	o6	2.370	AGCTTT
1029679	502	8m	3.005	AGCTTT
1029686	375	6m	2.450	GCTTTA
1029691	89	o6	1.016	AGCTTT
1029828	30	6m	1.336	GCTTTA
1029835	785	o6	2.216	AGCTTT
1029859	47	8m	2.206	AGCTTT
1029865	67	8m	2.080	AGCTTT
1029885	595	7m8	1.730	AGCTTT
1029921	62	7A1	1.155	GCTTTA
1029927	485	6m	3.657	GCTTTA
1029934	943	o6	2.259	AGCTTT
1029994	103	o6	1.500	AGCTTT
1030009	160	8m	1.288	AGCTTT
1030177	451	6m	1.069	GCTTTA
1030192	277	7A1	1.306	GCTTTA
1030245	551	8m	2.182	AGCTTT
1030245	1053	7m8	1.650	AGCTTT
1030245	1479	o6	1.207	AGCTTT
1030258	135	7m8	2.904	AGCTTT
1030302	412	o6	1.398	AGCTTT
1030340	459	8m	1.606	AGCTTT
1030405	447	8m	2.073	GCTTTA
1030451	917	7A1	1.003	GCTTTA
1030451	1162	8m	1.956	GCTTTA
1030451	1651	o6	3.398	AGCTTT
1030451	1870	6m	2.467	GCTTTA
1030465	199	8m	3.026	AGCTTT
1030471	41	7m8	2.350	AGCTTT
1030476	517	6m	1.687	GCTTTA
1030580	161	o6	1.005	AGCTTT
1030620	179	6m	1.322	GCTTTA
1030692	943	o6	2.507	AGCTTT
1030692	957	7A1	2.024	GCTTTA
1030692	2315	6m	2.183	GCTTTA
1030782	527	7m8	1.090	AGCTTT
1030798	105	7A1	1.084	GCTTTA
1030798	141	7A1	2.477	GCTTTA
1030903	109	o6	2.788	AGCTTT
1030951	95	6m	1.818	GCTTTA
1030970	123	7m8	2.326	AGCTTT
1030994	47	8m	1.557	AGCTTT
1031049	236	o6	1.335	AGCTTT
1031052	93	o6	4.239	AGCTTT
1031156	2898	7m8	3.600	AGCTTT
1031178	29	6m	1.215	GCTTTA
1031199	2237	8m	2.876	GCTTTA
1031199	3443	6m	1.780	GCTTTA
1031224	2888	8m	2.949	AGCTTT
1031227	77	o6	2.165	AGCTTT
1031227	395	7A1	1.447	GCTTTA
1031236	329	o6	1.887	AGCTTT
1031395	12	7A1	1.874	GCTTTA
1031426	362	7A1	2.019	GCTTTA
1031498	1327	o6	1.430	AGCTTT
1031541	293	7A1	1.700	GCTTTA
1031544	91	6m	2.648	GCTTTA
1031551	22	7m8	2.689	GCTTTA
1031584	507	8m	2.133	GCTTTA
1031616	1848	7A1	2.393	GCTTTA
1031698	1056	o6	1.166	AGCTTT
1031731	49	o6	1.053	AGCTTT
1031731	179	6m	1.053	GCTTTA
1031731	199	o6	1.053	AGCTTT
1031731	255	8m	1.485	AGCTTT
1031782	758	7m8	2.635	AGCTTT
1031830	1020	6m	2.565	GCTTTA
1031830	1046	8m	2.565	AGCTTT
1031830	1175	o6	2.815	AGCTTT
1031830	1639	7A1	1.354	GCTTTA
1031833	828	o6	1.188	AGCTTT
1031871	136	o6	1.882	AGCTTT
1031887	331	7A1	2.184	GCTTTA
1031997	748	6m	1.463	GCTTTA
1032004	68	o6	1.649	AGCTTT
1032022	193	7A1	2.481	GCTTTA
1032039	53	o6	2.053	AGCTTT
1032203	904	o6	2.148	AGCTTT
1032328	1138	7A1	1.255	GCTTTA
1032333	1535	6m	1.976	GCTTTA
1032369	3168	6m	1.041	GCTTTA
1032386	450	o6	1.251	AGCTTT
1032426	39	6m	2.360	GCTTTA
1032426	612	o6	1.500	AGCTTT
1032490	522	7A1	1.611	GCTTTA
1032490	857	6m	2.608	GCTTTA
1032508	1188	7A1	1.164	GCTTTA
1032608	755	o6	3.034	AGCTTT
1032617	37	7m8	4.142	AGCTTT
1032622	428	6m	2.156	GCTTTA
1032634	1876	o6	2.807	AGCTTT
1032663	33	o6	2.276	AGCTTT
1032713	477	7m8	1.651	AGCTTT
1032713	963	8m	2.314	AGCTTT
1032713	1320	7A1	2.039	GCTTTA
1032713	1908	7A1	1.285	GCTTTA
1032799	1523	7A1	2.229	GCTTTA
1032799	2324	7A1	2.104	GCTTTA
1032799	3469	8m	1.780	GCTTTA
1032822	782	7A1	2.375	GCTTTA
1032832	199	7A1	1.438	GCTTTA
1032832	428	8m	2.626	AGCTTT
1032843	206	6m	1.989	GCTTTA
1032891	487	6m	1.303	GCTTTA
1032896	1085	6m	2.276	GCTTTA
1032902	988	7A1	1.322	GCTTTA
1032929	2037	o6	1.082	AGCTTT
1032987	1947	8m	2.333	AGCTTT
1032998	447	7m8	1.082	AGCTTT
1033001	41	7m8	1.082	AGCTTT
1033008	1734	o6	1.529	AGCTTT
1033028	452	o6	1.108	AGCTTT
1033089	2329	8m	2.349	AGCTTT
1033118	70	7A1	1.908	GCTTTA
1033141	3568	7m8	2.660	AGCTTT
1033160	1718	6m	3.262	GCTTTA
1033181	115	o6	1.606	AGCTTT
1033218	1304	8m	3.349	AGCTTT
1033244	607	8m	2.400	AGCTTT
1033281	1248	7A1	2.098	GCTTTA
1033322	512	7m8	2.660	AGCTTT
1033328	1778	6m	2.284	GCTTTA
1033362	643	8m	1.573	AGCTTT
1033384	1839	8m	2.244	AGCTTT
1033409	248	o6	1.648	AGCTTT
1033409	1955	7A1	2.073	GCTTTA
1033409	2648	6m	1.671	GCTTTA
1033425	1505	7A1	2.025	GCTTTA
1033431	1243	7A1	4.317	GCTTTA
1033452	2319	7A1	1.284	GCTTTA
1033508	448	6m	2.415	GCTTTA
1033553	276	6m	1.488	GCTTTA
1033565	2177	7A1	3.140	GCTTTA
1033571	2130	o6	1.053	AGCTTT
1033575	680	o6	1.592	AGCTTT
1033598	1414	7A1	1.098	GCTTTA
1033598	4249	o6	1.687	AGCTTT
1033602	1698	7A1	1.606	GCTTTA
1033669	291	7m8	1.606	AGCTTT
1033669	297	o6	1.606	AGCTTT
1033711	605	7A1	2.509	GCTTTA
1033739	706	o6	1.400	AGCTTT
1033789	1640	7A1	2.395	GCTTTA
1033789	2736	6m	1.870	GCTTTA
1033856	62	o6	1.720	AGCTTT
1033859	179	6m	2.520	GCTTTA
1033883	1683	6m	3.663	GCTTTA
1033883	1974	o6	1.358	AGCTTT
1033894	354	o6	1.692	AGCTTT
1033956	746	6m	2.191	GCTTTA
1034040	41	8m	2.471	AGCTTT
1034074	270	o6	1.077	AGCTTT
1034092	810	o6	1.034	AGCTTT
1034170	20	o6	1.008	AGCTTT
1034202	4682	6m	1.201	GCTTTA
1034208	185	7m8	3.197	AGCTTT
1034208	281	6m	1.341	GCTTTA
1034259	723	7m8	1.834	AGCTTT
1034259	5966	8m	4.720	AGCTTT
1034262	720	o6	1.235	AGCTTT
1034284	28	8m	2.726	AGCTTT
1034304	334	6m	3.409	GCTTTA
1034304	1798	7A1	3.688	GCTTTA
1034304	2807	7A1	3.409	GCTTTA
1034311	279	o6	2.707	AGCTTT
1034331	3370	o6	2.907	AGCTTT
1034347	1521	o6	2.570	AGCTTT
1034347	1565	o6	2.863	AGCTTT
1034347	1763	o6	2.376	AGCTTT
1034389	10	7m8	2.383	AGCTTT
1034406	303	6m	1.389	GCTTTA
1034536	174	8m	1.045	AGCTTT
1034545	990	o6	1.645	AGCTTT
1034560	45	o6	1.768	AGCTTT
1034589	307	o6	2.321	AGCTTT
1034593	425	7A1	1.748	GCTTTA
1034593	1057	o6	1.088	AGCTTT
1034679	1905	6m	2.191	GCTTTA
1034709	736	o6	1.907	AGCTTT
1034709	921	7A1	2.551	GCTTTA
1034726	239	8m	1.690	AGCTTT
1034726	789	o6	1.729	AGCTTT
1034757	5	7m8	2.757	AGCTTT
1034771	226	o6	1.995	AGCTTT
1034800	123	7m8	2.366	GCTTTA
1034828	749	o6	1.815	AGCTTT
1034831	299	o6	1.970	AGCTTT
1034884	121	7A1	2.047	GCTTTA
1034902	283	8m	1.998	AGCTTT
1034909	2004	o6	2.178	AGCTTT
1034917	2681	o6	1.636	AGCTTT
1034924	133	6m	1.548	GCTTTA
1034941	118	7m8	2.210	AGCTTT
1034984	784	o6	2.212	AGCTTT
1034995	1339	7m8	3.408	AGCTTT
1035027	53	8m	1.150	GCTTTA
1035027	144	7A1	1.635	GCTTTA
1035027	164	7A1	1.615	GCTTTA
1035103	569	7A1	2.719	GCTTTA
1035103	1109	o6	1.302	AGCTTT
1035121	282	8m	2.533	AGCTTT
1035132	726	6m	2.249	GCTTTA
1035136	483	7A1	3.034	GCTTTA
1035136	591	o6	1.548	AGCTTT
1035192	550	7m8	1.801	AGCTTT
1035198	1541	o6	2.711	AGCTTT
1035230	89	8m	2.353	AGCTTT
1035242	428	o6	3.322	AGCTTT
1035257	507	8m	2.552	AGCTTT
1035287	162	6m	2.037	GCTTTA
1035288	990	o6	1.211	AGCTTT
1035288	1524	7m8	2.384	AGCTTT
1035323	183	o6	4.037	AGCTTT
1035380	958	7m8	3.620	AGCTTT
1035426	5	7A1	4.576	GCTTTA
1035432	566	7m8	2.031	AGCTTT
1035513	397	6m	1.413	GCTTTA
1035536	737	8m	1.636	AGCTTT
1035543	371	o6	1.515	AGCTTT
1035566	1227	6m	2.340	GCTTTA
1035569	1154	o6	2.149	AGCTTT
1035569	4076	7A1	1.507	GCTTTA
1035569	4877	o6	1.391	AGCTTT
1035569	6143	6m	2.003	GCTTTA
1035569	8433	o6	2.247	AGCTTT
1035569	9325	7A1	2.247	GCTTTA
1035569	11390	6m	1.098	GCTTTA
1035569	13170	7A1	1.598	GCTTTA
1035569	16461	o6	3.226	AGCTTT
1035594	1963	7A1	1.850	GCTTTA
1035656	1673	o6	1.882	AGCTTT
1035663	43	o6	2.801	AGCTTT
1035687	781	7m8	3.271	AGCTTT
1035692	165	7m8	3.326	AGCTTT
1035701	281	6m	2.907	GCTTTA
1035701	480	6m	2.883	GCTTTA
1035755	983	7m8	3.464	AGCTTT
1035768	1381	o6	2.841	AGCTTT
1035768	2320	o6	2.065	AGCTTT
1035782	1782	o6	1.962	AGCTTT
1035783	2357	o6	1.394	AGCTTT
1035783	2602	o6	1.566	AGCTTT
1035783	3663	o6	1.560	AGCTTT
1035791	187	o6	1.958	AGCTTT
1035798	2704	o6	2.171	AGCTTT
1035843	2208	o6	1.349	AGCTTT
1035843	2722	o6	1.453	AGCTTT
1035974	167	o6	1.535	AGCTTT
1035974	1264	6m	2.235	GCTTTA
1035986	207	8m	1.470	GCTTTA
1035989	372	o6	2.269	AGCTTT
1035993	551	6m	1.776	GCTTTA
1036008	149	o6	1.300	AGCTTT
1036031	478	6m	1.843	GCTTTA
1036046	755	6m	2.488	GCTTTA
1036046	1510	o6	2.961	AGCTTT
1036053	661	8m	2.233	AGCTTT
1036085	62	6m	1.397	GCTTTA
1036127	1212	o6	1.622	AGCTTT
1036154	1070	7A1	1.600	GCTTTA
1036154	1248	o6	3.028	AGCTTT
1036154	2252	7m8	3.034	AGCTTT
1036154	2446	8m	2.660	AGCTTT
1036160	201	7m8	2.557	AGCTTT
1036178	24	o6	1.785	AGCTTT
1036199	447	8m	1.468	AGCTTT
1036202	354	7A1	3.347	GCTTTA
1036289	193	o6	1.220	AGCTTT
1036299	1139	6m	1.081	GCTTTA
1036346	278	o6	1.175	AGCTTT
1036374	1237	o6	2.615	AGCTTT
1036374	1730	o6	2.804	AGCTTT
1036374	2098	o6	2.037	AGCTTT
1036404	1754	o6	1.844	AGCTTT
1036443	49	8m	1.632	AGCTTT
1036462	1004	8m	2.854	AGCTTT
1036527	138	7m8	2.007	AGCTTT
1036558	1396	6m	1.348	GCTTTA
1036706	2157	o6	2.218	AGCTTT
1036778	232	o6	1.043	AGCTTT
1036784	45	7A1	2.366	GCTTTA
1036835	176	o6	4.526	AGCTTT
1036836	453	8m	3.041	GCTTTA
1036899	930	6m	3.166	GCTTTA
1036910	1634	o6	1.690	AGCTTT
1036910	1641	o6	1.690	AGCTTT
1036991	96	8m	1.347	GCTTTA
1036991	1902	o6	2.145	AGCTTT
1036998	125	7A1	1.513	GCTTTA
1037090	1105	o6	2.294	AGCTTT
1037171	997	8m	1.346	AGCTTT
1037207	356	6m	1.633	GCTTTA
1037269	222	o6	2.070	AGCTTT
1037269	231	7m8	2.362	AGCTTT
1037318	164	8m	1.300	AGCTTT
1037333	732	6m	3.921	GCTTTA
1037334	426	7m8	1.343	GCTTTA
1037494	76	o6	2.237	AGCTTT
1037504	394	7m8	1.376	AGCTTT
1037534	511	o6	1.440	AGCTTT
1037600	353	7A1	1.974	GCTTTA
1037646	115	6m	1.319	GCTTTA
1037652	62	8m	2.093	AGCTTT
1037658	23	8m	1.098	AGCTTT
1037690	8	7m8	1.423	AGCTTT
1037702	334	o6	1.463	AGCTTT
1037705	786	8m	2.377	AGCTTT
1037715	658	o6	1.999	AGCTTT
1037721	50	6m	2.322	GCTTTA
1037745	769	o6	1.633	AGCTTT
1037745	893	o6	1.710	AGCTTT
1037775	110	7m8	1.913	AGCTTT
1037775	189	6m	1.105	GCTTTA
1037845	180	o6	1.645	AGCTTT
1037923	176	6m	1.560	GCTTTA
1037968	118	o6	1.487	AGCTTT
1037968	379	6m	1.201	GCTTTA
1037995	35	7m8	1.537	AGCTTT
1038021	2521	o6	2.286	AGCTTT
1038061	83	7A1	2.397	GCTTTA
1038067	1210	6m	1.652	GCTTTA
1038067	1584	o6	2.648	AGCTTT
1038135	430	8m	1.349	AGCTTT
1038174	323	7m8	1.560	AGCTTT
1038243	101	7m8	1.002	GCTTTA
1038259	108	7m8	2.683	AGCTTT
1038293	2121	7m8	3.964	AGCTTT
1038342	831	6m	1.906	GCTTTA
1038378	416	o6	3.830	AGCTTT
1038407	290	6m	1.314	GCTTTA
1038407	533	o6	2.194	AGCTTT
1038465	572	8m	1.502	GCTTTA
1038484	203	o6	1.820	AGCTTT
1038485	1696	6m	1.098	GCTTTA
1038496	110	o6	1.028	AGCTTT
1038499	199	7m8	3.438	AGCTTT
1038511	342	7m8	2.497	AGCTTT
1038521	732	7A1	3.668	GCTTTA
1038571	861	o6	1.478	AGCTTT
1038589	726	o6	3.398	AGCTTT
1038640	2023	o6	1.831	AGCTTT
1038643	269	8m	3.912	AGCTTT
1038643	440	o6	1.048	AGCTTT
1038682	102	8m	1.216	GCTTTA
1038752	1442	7A1	3.785	GCTTTA
1038860	821	o6	1.679	AGCTTT
1038885	99	o6	1.722	AGCTTT
1038900	1014	7A1	1.101	GCTTTA
1038923	649	8m	3.459	AGCTTT
1038923	809	7m8	3.506	AGCTTT
1038933	1276	6m	1.978	GCTTTA
1038945	236	8m	1.499	AGCTTT
1038986	554	7A1	1.504	GCTTTA
1038992	149	o6	2.051	AGCTTT
1039084	550	o6	1.940	AGCTTT
1039114	857	7A1	1.368	GCTTTA
1039114	1570	6m	3.050	GCTTTA
1039202	799	6m	2.094	GCTTTA
1039262	105	7A1	2.799	GCTTTA
1039282	454	o6	1.859	AGCTTT
1039285	2956	7A1	1.742	GCTTTA
1039301	50	7m8	3.255	AGCTTT
1039422	1891	7A1	2.143	GCTTTA
1039422	2325	7A1	2.340	GCTTTA
1039431	1313	7A1	4.333	GCTTTA
1039451	377	7A1	1.613	GCTTTA
1039469	751	7m8	3.214	GCTTTA
1039469	825	7A1	1.889	GCTTTA
1039469	1790	o6	1.228	AGCTTT
1039563	2072	6m	1.935	GCTTTA
1039563	2078	7m8	1.978	AGCTTT
1039563	2084	7m8	1.512	AGCTTT
1039612	41	o6	1.820	AGCTTT
1039612	612	o6	1.315	AGCTTT
1039628	105	7A1	2.799	GCTTTA
1039700	105	7A1	2.555	GCTTTA
1039703	149	o6	1.696	AGCTTT
1039706	415	6m	1.965	GCTTTA
1039759	90	o6	1.271	AGCTTT
1039797	1601	7m8	3.273	AGCTTT
1039803	664	8m	1.197	AGCTTT
1039831	590	6m	2.191	GCTTTA
1039853	6923	8m	3.988	AGCTTT
1039858	2250	6m	1.600	GCTTTA
1039858	4415	6m	1.924	GCTTTA
1039858	5229	8m	2.459	AGCTTT
1039858	5300	7A1	2.459	GCTTTA
1039911	240	o6	2.049	AGCTTT
1039949	362	o6	1.691	AGCTTT
1039950	158	o6	1.073	AGCTTT
1039950	1029	7A1	1.328	GCTTTA
1039950	1425	o6	1.328	AGCTTT
1040007	384	6m	2.583	GCTTTA
1040012	3270	o6	2.030	AGCTTT
1040034	263	o6	1.349	AGCTTT
1040040	599	6m	1.148	GCTTTA
1040048	2423	o6	2.298	AGCTTT
1040048	3465	o6	2.775	AGCTTT
1040054	203	6m	3.297	GCTTTA
1040069	207	8m	1.470	GCTTTA
1040070	1413	o6	1.905	AGCTTT
1040129	1594	8m	2.405	AGCTTT
1040136	1230	o6	1.292	AGCTTT
1040154	145	8m	2.226	GCTTTA
1040202	706	7A1	1.601	GCTTTA
1040210	2887	o6	1.065	AGCTTT
1040234	84	6m	2.016	GCTTTA
1040234	1159	6m	3.135	GCTTTA
1040237	1230	o6	2.830	AGCTTT
1040283	5051	6m	2.635	GCTTTA
1040283	5890	8m	1.606	AGCTTT
1040294	942	6m	2.977	GCTTTA
1040294	1076	7m8	3.649	AGCTTT
1040294	1204	7m8	3.649	AGCTTT
1040298	6545	o6	1.184	AGCTTT
1040298	7519	o6	1.426	AGCTTT
1040298	8103	o6	2.084	AGCTTT
1040303	282	6m	3.091	GCTTTA
1040303	1837	o6	2.533	AGCTTT
1040331	311	7A1	2.646	GCTTTA
1040346	4343	7m8	2.006	AGCTTT
1040352	1172	8m	4.114	AGCTTT
1040355	280	6m	2.616	GCTTTA
1040434	1234	6m	2.210	GCTTTA
1040444	1101	8m	3.649	AGCTTT
1040474	425	o6	1.005	AGCTTT
1040474	437	7m8	1.005	AGCTTT
1040479	2754	o6	1.087	AGCTTT
1040486	587	7A1	1.064	GCTTTA
1040495	1321	7A1	1.613	GCTTTA
1040495	1423	o6	1.275	AGCTTT
1040527	1397	o6	1.041	AGCTTT
1040542	1921	8m	3.808	AGCTTT
1040542	2169	6m	1.662	GCTTTA
1040542	2439	8m	4.841	AGCTTT
1040589	650	o6	3.581	AGCTTT
1040589	928	o6	1.158	AGCTTT
1040590	6476	6m	1.469	GCTTTA
1040590	6740	o6	2.365	AGCTTT
1040632	23	o6	2.061	AGCTTT
1040635	4748	7A1	2.904	GCTTTA
1040646	2431	7m8	1.906	GCTTTA
1040646	2437	o6	1.560	AGCTTT
