1000006	413	o6	1.026	ACATAT
1000026	1180	o6	1.476	ACATAT
1000026	1210	7m8	1.322	ACATAT
1000048	390	o6	1.737	ACATAT
1000066	485	o6	2.668	ACATAT
1000066	2454	o6	2.246	ACATAT
1000066	2803	o6	1.063	ACATAT
1000069	626	o6	1.097	ACATAT
1000074	60	7m8	3.082	ACATAT
1000074	357	o6	1.366	ACATAT
1000081	816	o6	1.027	ACATAT
1000084	313	o6	1.467	ACATAT
1000084	377	6m	1.771	CATATC
1000122	475	o6	2.544	ACATAT
1000125	838	7m8	1.847	ACATAT
1000134	1446	o6	1.623	ACATAT
1000134	1458	o6	1.812	ACATAT
1000176	705	6m	2.993	CATATC
1000182	494	6m	1.316	CATATC
1000182	610	o6	1.445	ACATAT
1000195	543	7A1	1.690	CATATC
1000195	787	o6	1.430	ACATAT
1000200	379	o6	1.031	ACATAT
1000203	590	o6	1.285	ACATAT
1000227	543	o6	1.350	ACATAT
1000234	285	7A1	3.082	CATATC
1000249	1284	o6	1.563	ACATAT
1000249	1380	o6	2.060	ACATAT
1000249	1930	o6	1.776	ACATAT
1000281	602	o6	1.462	ACATAT
1000281	661	o6	1.100	ACATAT
1000282	419	o6	1.190	ACATAT
1000282	757	o6	1.491	ACATAT
1000320	1239	o6	1.236	ACATAT
1000320	1781	7m8	2.196	CATATC
1000320	1847	o6	1.710	ACATAT
1000360	2134	o6	1.315	ACATAT
1000373	633	7A1	2.619	CATATC
1000373	1684	o6	1.058	ACATAT
1000385	593	o6	1.073	ACATAT
1000386	1568	o6	1.793	ACATAT
1000386	1889	7A1	2.480	CATATC
1000391	1092	o6	1.577	ACATAT
1000421	280	o6	3.034	ACATAT
1000442	35	o6	2.080	ACATAT
1000443	792	o6	2.148	ACATAT
1000454	96	7A1	1.882	CATATC
1000454	185	o6	1.911	ACATAT
1000469	474	7m8	1.690	ACATAT
1000472	1218	o6	1.858	ACATAT
1000493	1074	o6	2.343	ACATAT
1000493	1812	o6	1.322	ACATAT
1000493	1842	o6	1.156	ACATAT
1000493	2007	o6	1.322	ACATAT
1000493	2037	o6	1.931	ACATAT
1000493	2280	o6	2.399	ACATAT
1000493	3077	o6	1.316	ACATAT
1000493	3159	o6	2.061	ACATAT
1000493	5260	o6	1.886	ACATAT
1000493	5637	o6	2.090	ACATAT
1000580	407	o6	1.824	ACATAT
1000580	556	o6	1.304	ACATAT
1000586	580	o6	1.380	ACATAT
1000610	328	o6	1.800	ACATAT
1000610	685	o6	1.725	ACATAT
1000619	60	o6	1.084	ACATAT
1000619	391	o6	1.284	ACATAT
1000619	416	o6	1.533	ACATAT
1000631	29	o6	2.794	ACATAT
1000631	106	7A1	1.662	CATATC
1000631	1427	7m8	1.460	CATATC
1000743	810	o6	2.061	ACATAT
1000779	193	6m	1.950	CATATC
1000779	730	7A1	2.073	CATATC
1000779	1551	7m8	3.232	ACATAT
1000779	2355	o6	2.047	ACATAT
1000779	2444	o6	1.995	ACATAT
1000779	2489	o6	1.759	ACATAT
1000779	2671	o6	2.028	ACATAT
1000784	124	o6	1.056	ACATAT
1000802	324	7A1	1.490	CATATC
1000824	1354	o6	1.328	ACATAT
1000845	283	o6	2.061	ACATAT
1000845	816	o6	1.891	ACATAT
1000845	842	o6	1.115	ACATAT
1000845	2493	o6	1.008	ACATAT
1000845	2564	o6	1.545	ACATAT
1000901	628	o6	1.512	ACATAT
1000901	787	o6	2.193	ACATAT
1000901	1170	o6	1.606	ACATAT
1000923	632	o6	1.060	ACATAT
1000923	719	o6	1.892	ACATAT
1000923	933	o6	2.214	ACATAT
1000928	1933	o6	1.447	ACATAT
1000947	893	o6	1.059	ACATAT
1000962	595	o6	1.123	ACATAT
1000962	761	o6	1.874	ACATAT
1000968	957	o6	1.084	ACATAT
1000968	1123	o6	1.763	ACATAT
1000968	1524	o6	1.122	ACATAT
1000968	1530	o6	1.122	ACATAT
1000968	1683	7m8	2.403	ACATAT
1000979	2198	6m	1.205	CATATC
1000991	1635	o6	1.284	ACATAT
1000997	278	o6	2.537	ACATAT
1001012	724	o6	1.832	ACATAT
1001015	1052	o6	2.070	ACATAT
1001042	65	o6	1.540	ACATAT
1001075	1231	o6	2.259	ACATAT
1001090	244	o6	1.004	ACATAT
1001099	182	o6	2.148	ACATAT
1001105	359	o6	1.969	ACATAT
1001135	139	o6	1.285	ACATAT
1001169	26	o6	1.002	ACATAT
1001169	367	o6	2.147	ACATAT
1001340	66	o6	1.321	ACATAT
1001366	29	o6	2.537	ACATAT
1001366	168	o6	3.075	ACATAT
1001366	197	6m	3.075	CATATC
1001373	204	7m8	1.873	ACATAT
1001408	144	o6	2.400	ACATAT
1001500	643	o6	1.328	ACATAT
1001514	2072	6m	3.034	CATATC
1001518	379	o6	1.352	ACATAT
1001533	1396	o6	1.241	ACATAT
1001533	1435	o6	1.534	ACATAT
1001533	1611	o6	2.218	ACATAT
1001533	3079	7m8	2.055	ACATAT
1001533	4488	o6	2.617	ACATAT
1001533	4620	o6	1.321	ACATAT
1001533	5356	o6	2.057	ACATAT
1001577	305	7A1	2.533	CATATC
1001577	327	7A1	2.533	CATATC
1001577	748	o6	1.690	ACATAT
1001578	1076	7m8	2.206	ACATAT
1001578	2181	7A1	1.740	CATATC
1001578	3071	o6	1.375	ACATAT
1001601	930	7m8	2.350	CATATC
1001601	1744	o6	1.316	ACATAT
1001620	617	o6	2.102	ACATAT
1001620	1017	o6	1.687	ACATAT
1001620	1029	8m	2.206	ACATAT
1001629	93	o6	1.436	ACATAT
1001738	1287	o6	1.066	ACATAT
1001748	22	o6	1.092	ACATAT
1001748	30	o6	1.583	ACATAT
1001826	416	7A1	3.146	CATATC
1001921	363	o6	3.028	ACATAT
1001937	598	o6	3.263	ACATAT
1001937	695	o6	2.734	ACATAT
1001937	710	o6	1.975	ACATAT
1001937	2328	o6	1.276	ACATAT
1001937	3484	o6	1.476	ACATAT
1001937	3873	o6	1.654	ACATAT
1001937	3883	o6	1.584	ACATAT
1001937	4010	o6	2.482	ACATAT
1001949	734	o6	2.486	ACATAT
1001966	916	o6	1.504	ACATAT
1002048	568	o6	1.095	ACATAT
1002060	342	o6	1.584	ACATAT
1002102	603	o6	3.160	ACATAT
1002116	264	o6	1.678	ACATAT
1002120	194	8m	2.723	ACATAT
1002120	276	8m	1.513	CATATC
1002131	158	7m8	2.025	ACATAT
1002176	262	o6	2.184	ACATAT
1002246	622	7A1	1.241	CATATC
1002359	66	o6	1.831	ACATAT
1002418	29	7m8	2.228	ACATAT
1002481	2148	6m	2.981	CATATC
1002527	1505	o6	1.061	ACATAT
1002527	1511	o6	1.061	ACATAT
1002545	49	o6	1.147	ACATAT
1002595	770	o6	1.585	ACATAT
1002607	159	8m	2.528	ACATAT
1002695	692	7A1	2.148	CATATC
1002695	793	7A1	2.148	CATATC
1002695	935	o6	1.485	ACATAT
1002731	641	o6	1.731	ACATAT
1002778	54	o6	1.973	ACATAT
1002794	233	o6	2.074	ACATAT
1002794	823	8m	2.427	ACATAT
1002805	26	o6	1.264	ACATAT
1002818	89	6m	1.078	CATATC
1002818	120	7A1	1.981	CATATC
1002830	1335	o6	2.522	ACATAT
1002872	135	o6	1.631	ACATAT
1002890	17	o6	1.115	ACATAT
1002898	498	o6	1.623	ACATAT
1002901	25	o6	2.630	ACATAT
1002901	232	o6	1.466	ACATAT
1002901	733	o6	1.074	ACATAT
1002973	279	o6	2.273	ACATAT
1003077	638	o6	1.982	ACATAT
1003119	108	o6	1.643	ACATAT
1003122	924	o6	2.223	ACATAT
1003122	1721	o6	1.119	ACATAT
1003137	501	7A1	3.069	CATATC
1003143	817	7m8	2.376	ACATAT
1003187	39	o6	1.545	ACATAT
1003215	404	6m	1.207	CATATC
1003226	67	o6	2.872	ACATAT
1003226	406	7A1	2.645	CATATC
1003241	71	o6	1.322	ACATAT
1003248	1305	o6	1.140	ACATAT
1003251	58	6m	1.527	CATATC
1003263	642	6m	3.196	CATATC
1003263	850	7m8	2.941	ACATAT
1003266	287	o6	1.735	ACATAT
1003324	48	7A1	2.756	CATATC
1003360	98	6m	1.747	CATATC
1003430	746	o6	1.126	ACATAT
1003514	108	o6	1.156	ACATAT
1003576	1295	o6	1.872	ACATAT
1003603	483	8m	1.632	ACATAT
1003631	1132	o6	1.137	ACATAT
1003631	1398	o6	2.287	ACATAT
1003631	1424	o6	1.241	ACATAT
1003660	463	6m	2.518	CATATC
1003717	25	o6	2.413	ACATAT
1003851	240	o6	2.377	ACATAT
1003852	177	o6	1.349	ACATAT
1003852	373	o6	1.507	ACATAT
1003857	38	o6	1.612	ACATAT
1003926	423	7A1	2.615	CATATC
1003930	49	o6	1.400	ACATAT
1003992	410	o6	1.190	ACATAT
1003999	1546	o6	3.208	ACATAT
1004013	246	6m	1.084	CATATC
1004077	945	o6	1.053	ACATAT
1004110	186	o6	1.566	ACATAT
1004223	76	7A1	1.606	CATATC
1004407	404	o6	2.544	ACATAT
1004446	573	8m	3.218	ACATAT
1004446	681	6m	3.583	CATATC
1004446	714	o6	1.703	ACATAT
1004446	1041	6m	1.096	CATATC
1004446	1091	o6	1.730	ACATAT
1004503	1088	7m8	2.807	ACATAT
1004503	2292	o6	1.780	ACATAT
1004508	31	o6	1.048	ACATAT
1004512	461	o6	1.015	ACATAT
1004535	126	o6	1.518	ACATAT
1004591	688	7m8	2.660	ACATAT
1004619	183	7m8	1.747	ACATAT
1004631	424	7A1	2.588	CATATC
1004657	89	7m8	2.723	ACATAT
1004661	147	7A1	1.328	CATATC
1004676	302	o6	1.205	ACATAT
1004700	328	o6	1.103	ACATAT
1004712	93	o6	1.518	ACATAT
1004838	39	o6	2.660	ACATAT
1004859	338	o6	1.430	ACATAT
1004898	51	o6	1.195	ACATAT
1004927	194	o6	1.182	ACATAT
1004958	518	6m	1.065	CATATC
1005023	549	o6	1.585	ACATAT
1005045	37	7m8	2.025	CATATC
1005048	342	o6	2.608	ACATAT
1005066	75	o6	1.300	ACATAT
1005108	204	o6	1.013	ACATAT
1005130	1185	o6	1.909	ACATAT
1005165	347	o6	1.557	ACATAT
1005216	1621	7A1	2.332	CATATC
1005349	2087	o6	2.393	ACATAT
1005349	3389	o6	2.065	ACATAT
1005358	1052	o6	1.864	ACATAT
1005358	1551	o6	1.090	ACATAT
1005374	767	7m8	2.533	ACATAT
1005402	6	o6	1.053	ACATAT
1005449	1111	o6	1.029	ACATAT
1005449	1471	o6	1.192	ACATAT
1005450	526	o6	1.029	ACATAT
1005467	70	o6	1.552	ACATAT
1005470	2491	o6	2.108	ACATAT
1005496	497	o6	1.635	ACATAT
1005507	609	o6	1.753	ACATAT
1005550	659	o6	2.061	ACATAT
1005595	1198	o6	1.128	ACATAT
1005595	1471	o6	1.053	ACATAT
1005595	1507	o6	2.055	ACATAT
1005646	5437	o6	3.232	ACATAT
1005653	495	o6	1.097	ACATAT
1005674	600	7m8	2.770	ACATAT
1005694	7	o6	2.031	ACATAT
1005709	124	o6	1.109	ACATAT
1005709	171	7m8	2.402	ACATAT
1005830	1419	6m	2.255	CATATC
1005830	1432	o6	1.673	ACATAT
1005862	122	7A1	1.637	CATATC
1006023	89	o6	1.265	ACATAT
1006066	124	o6	2.331	ACATAT
1006103	135	7m8	1.606	ACATAT
1006103	755	6m	1.606	CATATC
1006131	339	o6	2.135	ACATAT
1006137	142	o6	1.057	ACATAT
1006137	875	7A1	2.286	CATATC
1006166	432	o6	2.286	ACATAT
1006166	794	7A1	2.294	CATATC
1006173	320	o6	2.202	ACATAT
1006599	477	o6	1.515	ACATAT
1006599	498	7A1	2.400	CATATC
1006672	60	o6	1.177	ACATAT
1006699	705	o6	1.330	ACATAT
1006708	918	7m8	3.060	ACATAT
1006708	1560	o6	1.700	ACATAT
1006714	140	6m	3.269	CATATC
1006714	1858	o6	1.590	ACATAT
1006726	1283	6m	1.533	CATATC
1006735	1248	o6	1.084	ACATAT
1006735	1664	o6	2.002	ACATAT
1006735	2605	o6	1.667	ACATAT
1006738	1032	7A1	1.284	CATATC
1006738	1079	o6	1.854	ACATAT
1006815	459	7m8	2.223	ACATAT
1006829	327	8m	1.872	ACATAT
1006842	413	6m	1.515	CATATC
1006872	577	o6	1.060	ACATAT
1006875	2222	7A1	1.284	CATATC
1006875	2269	o6	1.854	ACATAT
1006899	311	6m	2.220	CATATC
1006899	331	6m	2.467	CATATC
1006920	903	o6	1.028	ACATAT
1006920	931	o6	1.570	ACATAT
1006940	930	7A1	1.606	CATATC
1006940	2855	o6	1.893	ACATAT
1006940	2861	o6	1.321	ACATAT
1007004	772	o6	1.005	ACATAT
1007028	226	o6	1.643	ACATAT
1007031	1524	o6	1.108	ACATAT
1007106	45	o6	1.410	ACATAT
1007118	49	o6	1.034	ACATAT
1007118	301	o6	1.749	ACATAT
1007148	267	7A1	1.563	CATATC
1007207	1183	7A1	2.350	CATATC
1007219	290	o6	1.101	ACATAT
1007231	495	8m	2.807	ACATAT
1007231	1332	o6	1.883	ACATAT
1007242	1637	o6	1.751	ACATAT
1007242	2679	o6	1.419	ACATAT
1007242	3970	o6	1.824	ACATAT
1007242	4250	o6	1.944	ACATAT
1007242	4797	o6	1.259	ACATAT
1007251	434	o6	1.747	ACATAT
1007296	964	o6	1.507	ACATAT
1007305	79	o6	2.565	ACATAT
1007305	85	o6	2.470	ACATAT
1007314	731	o6	1.864	ACATAT
1007346	9	6m	1.015	CATATC
1007355	219	8m	1.741	ACATAT
1007364	2239	8m	2.014	ACATAT
1007364	3253	o6	2.723	ACATAT
1007379	1237	o6	1.273	ACATAT
1007410	354	o6	1.174	ACATAT
1007475	498	6m	2.130	CATATC
1007481	680	7m8	2.660	ACATAT
1007508	679	o6	2.292	ACATAT
1007547	2013	8m	2.868	ACATAT
1007584	83	o6	1.447	ACATAT
1007584	612	6m	2.304	CATATC
1007584	1207	o6	1.407	ACATAT
1007624	557	o6	1.050	ACATAT
1007624	934	o6	1.275	ACATAT
1007629	452	o6	2.125	ACATAT
1007629	582	o6	1.322	ACATAT
1007629	1286	o6	2.132	ACATAT
1007646	660	7A1	2.520	CATATC
1007646	672	o6	1.821	ACATAT
1007646	731	7A1	2.379	CATATC
1007647	96	6m	2.739	CATATC
1007647	1841	o6	3.034	ACATAT
1007673	317	o6	1.642	ACATAT
1007673	328	o6	1.399	ACATAT
1007673	505	o6	1.322	ACATAT
1007698	65	7m8	2.628	ACATAT
1007698	474	7A1	2.817	CATATC
1007698	511	o6	1.198	ACATAT
1007734	418	o6	1.963	ACATAT
1007740	866	6m	1.508	CATATC
1007750	1272	o6	1.084	ACATAT
1007764	562	7A1	1.875	CATATC
1007789	547	o6	1.751	ACATAT
1007792	474	6m	2.196	CATATC
1007807	362	o6	1.695	ACATAT
1007812	6687	o6	2.544	ACATAT
1007840	566	o6	1.323	ACATAT
1007840	1702	o6	1.529	ACATAT
1007840	1928	o6	1.279	ACATAT
1007840	1986	o6	1.060	ACATAT
1007840	2093	o6	2.433	ACATAT
1007843	279	o6	1.602	ACATAT
1007851	181	o6	2.187	ACATAT
1007854	110	o6	1.887	ACATAT
1007875	1018	o6	2.530	ACATAT
1007875	1688	o6	2.359	ACATAT
1007875	1870	o6	1.517	ACATAT
1007875	2325	6m	2.167	CATATC
1007878	317	o6	2.568	ACATAT
1007878	518	o6	2.078	ACATAT
1007882	400	o6	1.361	ACATAT
1007897	3635	o6	1.332	ACATAT
1007909	448	6m	2.305	CATATC
1007920	1175	o6	2.139	ACATAT
1007923	3261	o6	1.496	ACATAT
1007932	1837	o6	1.681	ACATAT
1007932	2090	o6	1.130	ACATAT
1007950	506	o6	1.053	ACATAT
1007950	522	o6	1.687	ACATAT
1007950	741	o6	1.029	ACATAT
1007950	1473	6m	1.047	CATATC
1007950	2782	o6	1.906	ACATAT
1007980	320	6m	1.312	CATATC
1007990	145	o6	1.183	ACATAT
1007993	252	7A1	2.565	CATATC
1007993	272	o6	2.273	ACATAT
1007993	290	7A1	2.184	CATATC
1007993	678	6m	1.053	CATATC
1007993	727	7m8	2.061	ACATAT
1007997	1176	o6	1.088	ACATAT
1008036	1116	o6	2.411	ACATAT
1008090	246	o6	1.321	ACATAT
1008093	1717	o6	2.723	ACATAT
1008093	1788	o6	1.447	ACATAT
1008126	419	7A1	1.843	CATATC
1008126	599	7A1	2.366	CATATC
1008136	898	o6	1.058	ACATAT
1008141	100	7A1	2.876	CATATC
1008141	117	6m	2.876	CATATC
1008145	1413	o6	1.687	ACATAT
1008145	1590	7A1	2.544	CATATC
1008145	2947	8m	2.537	ACATAT
1008145	4486	o6	1.264	ACATAT
1008145	6234	o6	1.781	ACATAT
1008145	6378	o6	1.747	ACATAT
1008145	6388	o6	1.681	ACATAT
1008145	9346	o6	1.929	ACATAT
1008145	10471	7m8	1.606	ACATAT
1008150	216	7m8	1.073	ACATAT
1008204	328	7A1	2.832	CATATC
1008216	453	o6	1.363	ACATAT
1008255	543	o6	1.127	ACATAT
1008270	586	8m	2.807	ACATAT
1008270	738	6m	1.112	CATATC
1008270	764	o6	1.071	ACATAT
1008271	503	o6	1.323	ACATAT
1008279	1023	6m	1.376	CATATC
1008279	1200	o6	1.818	ACATAT
1008279	1693	o6	1.456	ACATAT
1008279	1848	o6	1.649	ACATAT
1008285	566	o6	1.563	ACATAT
1008286	1624	6m	2.863	CATATC
1008286	2387	o6	1.284	ACATAT
1008300	432	o6	1.052	ACATAT
1008307	70	6m	2.807	CATATC
1008307	726	6m	2.801	CATATC
1008307	1508	o6	1.579	ACATAT
1008307	1646	o6	1.606	ACATAT
1008307	1741	o6	1.040	ACATAT
1008307	1974	o6	2.635	ACATAT
1008307	2017	o6	2.807	ACATAT
1008313	379	o6	1.606	ACATAT
1008327	173	6m	1.294	CATATC
1008346	660	6m	2.383	CATATC
1008363	72	o6	1.129	ACATAT
1008397	154	7A1	2.321	CATATC
1008436	122	o6	1.021	ACATAT
1008445	121	6m	2.508	CATATC
1008454	309	o6	1.322	ACATAT
1008454	336	o6	1.108	ACATAT
1008498	404	6m	2.504	CATATC
1008521	159	o6	2.376	ACATAT
1008521	171	7A1	2.376	CATATC
1008521	302	o6	1.065	ACATAT
1008521	1048	o6	1.706	ACATAT
1008524	477	o6	1.156	ACATAT
1008527	87	o6	1.085	ACATAT
1008528	96	6m	2.794	CATATC
1008560	643	o6	2.030	ACATAT
1008573	403	o6	1.082	ACATAT
1008593	921	o6	1.405	ACATAT
1008602	243	o6	1.691	ACATAT
1008605	226	6m	2.047	CATATC
1008605	514	8m	2.047	ACATAT
1008606	309	o6	1.193	ACATAT
1008614	127	o6	1.027	ACATAT
1008650	434	o6	1.988	ACATAT
1008650	1010	o6	1.744	ACATAT
1008650	1032	o6	1.694	ACATAT
1008654	126	o6	2.604	ACATAT
1008666	1604	o6	1.225	ACATAT
1008666	1961	o6	1.958	ACATAT
1008681	192	o6	3.477	ACATAT
1008698	212	o6	1.136	ACATAT
1008702	147	7A1	2.471	CATATC
1008711	336	o6	2.258	ACATAT
1008737	106	o6	1.655	ACATAT
1008740	979	o6	1.685	ACATAT
1008755	415	8m	3.117	ACATAT
1008780	53	o6	1.606	ACATAT
1008780	456	8m	2.449	CATATC
1008789	248	o6	1.979	ACATAT
1008789	257	o6	1.979	ACATAT
1008840	176	o6	1.600	ACATAT
1008846	680	o6	1.637	ACATAT
1008866	685	7m8	2.747	ACATAT
1008881	352	6m	1.262	CATATC
1008881	517	6m	2.387	CATATC
1008897	175	o6	1.218	ACATAT
1008897	797	o6	1.026	ACATAT
1008966	1558	o6	1.313	ACATAT
1008981	617	o6	1.178	ACATAT
1008995	167	o6	1.953	ACATAT
1008995	192	o6	2.102	ACATAT
1008996	60	o6	1.316	ACATAT
1009013	31	o6	1.990	ACATAT
1009013	234	o6	1.864	ACATAT
1009023	46	7m8	1.452	ACATAT
1009026	111	7A1	1.226	CATATC
1009026	1292	o6	1.343	ACATAT
1009026	1995	7m8	1.403	ACATAT
1009034	70	6m	1.682	CATATC
1009037	1106	6m	1.030	CATATC
1009037	2444	o6	1.171	ACATAT
1009074	775	7m8	2.210	CATATC
1009074	800	o6	1.691	ACATAT
1009191	376	o6	1.430	ACATAT
1009199	104	o6	1.799	ACATAT
1009255	42	o6	2.478	ACATAT
1009267	366	o6	2.009	ACATAT
1009267	463	8m	2.413	CATATC
1009267	928	o6	1.763	ACATAT
1009300	141	o6	1.808	ACATAT
1009328	326	7A1	3.026	CATATC
1009334	484	o6	1.241	ACATAT
1009348	1452	o6	1.852	ACATAT
1009360	49	o6	1.098	ACATAT
1009369	186	o6	2.807	ACATAT
1009369	194	o6	2.807	ACATAT
1009369	2752	o6	2.681	ACATAT
1009369	2889	o6	1.995	ACATAT
1009385	862	o6	1.367	ACATAT
1009385	913	o6	1.417	ACATAT
1009385	961	o6	1.122	ACATAT
1009448	390	6m	1.488	CATATC
1009448	860	o6	2.055	ACATAT
1009448	1443	o6	1.373	ACATAT
1009469	91	o6	1.564	ACATAT
1009469	453	o6	1.939	ACATAT
1009542	163	o6	1.188	ACATAT
1009560	520	o6	1.000	ACATAT
1009585	257	o6	1.083	ACATAT
1009658	168	7A1	2.827	CATATC
1009684	369	o6	1.323	ACATAT
1009684	618	o6	1.590	ACATAT
1009684	1036	6m	2.648	CATATC
1009693	119	o6	1.069	ACATAT
1009748	468	6m	1.025	CATATC
1009781	1345	o6	1.289	ACATAT
1009808	158	o6	2.566	ACATAT
1009823	243	o6	1.322	ACATAT
1009834	74	6m	2.302	CATATC
1009834	142	o6	1.854	ACATAT
1009834	316	o6	1.462	ACATAT
1009834	328	o6	1.219	ACATAT
1009834	1733	o6	2.807	ACATAT
1009834	1746	o6	2.029	ACATAT
1009834	1945	7A1	1.251	CATATC
1009834	3134	o6	1.780	ACATAT
1009841	47	6m	1.606	CATATC
1009841	719	6m	2.427	CATATC
1009841	793	o6	1.387	ACATAT
1009844	446	7m8	2.807	CATATC
1009915	493	o6	1.201	ACATAT
1009930	1088	o6	1.118	ACATAT
1009933	238	o6	1.571	ACATAT
1009945	379	8m	2.718	CATATC
1009945	880	6m	1.938	CATATC
1009945	911	8m	3.641	ACATAT
1009945	1087	o6	1.703	ACATAT
1009948	233	o6	1.513	ACATAT
1009948	812	o6	2.005	ACATAT
1009953	98	o6	1.545	ACATAT
1010026	154	7m8	1.524	ACATAT
1010136	96	8m	1.960	CATATC
1010136	119	8m	1.875	CATATC
1010139	381	o6	1.873	ACATAT
1010160	1072	8m	2.991	ACATAT
1010160	1437	o6	1.340	ACATAT
1010175	214	o6	2.301	ACATAT
1010201	254	8m	2.088	ACATAT
1010229	212	7m8	2.286	ACATAT
1010237	1943	o6	1.560	ACATAT
1010274	544	o6	2.341	ACATAT
1010275	11	o6	1.209	ACATAT
1010332	53	7A1	2.223	CATATC
1010365	456	7m8	2.512	ACATAT
1010385	416	o6	1.323	ACATAT
1010385	483	o6	1.300	ACATAT
1010385	818	o6	1.562	ACATAT
1010391	27	o6	2.088	ACATAT
1010391	155	o6	1.345	ACATAT
1010412	535	o6	1.531	ACATAT
1010412	556	6m	2.840	CATATC
1010466	131	o6	1.322	ACATAT
1010498	456	o6	1.737	ACATAT
1010511	803	o6	1.456	ACATAT
1010511	934	o6	1.456	ACATAT
1010533	1827	6m	1.236	CATATC
1010608	634	o6	1.315	ACATAT
1010646	1117	7m8	1.606	ACATAT
1010649	762	6m	3.398	CATATC
1010652	1306	o6	1.086	ACATAT
1010670	370	o6	2.085	ACATAT
1010670	900	o6	1.053	ACATAT
1010670	1510	o6	1.138	ACATAT
1010670	1600	o6	1.053	ACATAT
1010682	432	6m	1.321	CATATC
1010846	43	o6	1.752	ACATAT
1010846	96	o6	1.857	ACATAT
1010846	395	o6	2.598	ACATAT
1010846	550	6m	1.147	CATATC
1010926	176	o6	1.694	ACATAT
1010956	2382	o6	1.371	ACATAT
1010986	19	o6	1.166	ACATAT
1011059	113	o6	1.492	ACATAT
1011107	1850	7A1	3.115	CATATC
1011107	1965	o6	1.172	ACATAT
1011117	130	o6	2.025	ACATAT
1011117	715	7m8	2.433	ACATAT
1011117	1105	o6	2.561	ACATAT
1011117	1501	o6	1.896	ACATAT
1011131	656	o6	1.763	ACATAT
1011277	81	7m8	2.544	ACATAT
1011277	184	o6	1.787	ACATAT
1011277	192	o6	1.713	ACATAT
1011277	1205	o6	2.304	ACATAT
1011277	1694	o6	1.026	ACATAT
1011333	968	7A1	2.047	CATATC
1011355	31	6m	1.037	CATATC
1011369	50	o6	1.284	ACATAT
1011393	870	o6	1.227	ACATAT
1011416	409	o6	1.065	ACATAT
1011416	417	o6	1.065	ACATAT
1011430	166	o6	2.757	ACATAT
1011430	180	o6	2.880	ACATAT
1011430	194	o6	2.498	ACATAT
1011430	402	o6	1.159	ACATAT
1011430	1483	o6	1.152	ACATAT
1011432	44	7m8	2.358	CATATC
1011479	144	o6	1.227	ACATAT
1011479	276	o6	1.481	ACATAT
1011487	218	o6	1.925	ACATAT
1011487	861	o6	1.076	ACATAT
1011487	1440	o6	1.723	ACATAT
1011490	966	o6	1.187	ACATAT
1011491	981	6m	2.772	CATATC
1011607	1431	o6	1.629	ACATAT
1011637	1267	o6	2.252	ACATAT
1011641	182	8m	1.137	ACATAT
1011670	76	o6	1.244	ACATAT
1011698	533	o6	1.051	ACATAT
1011739	51	o6	1.208	ACATAT
1011742	872	o6	2.765	ACATAT
1011742	1521	o6	3.182	ACATAT
1011743	358	o6	2.616	ACATAT
1011802	102	o6	1.094	ACATAT
1011821	223	o6	1.171	ACATAT
1011841	26	o6	1.651	ACATAT
1011841	200	7A1	1.284	CATATC
1011851	129	6m	2.807	CATATC
1011851	166	6m	1.137	CATATC
1011856	475	6m	1.574	CATATC
1011868	499	o6	2.073	ACATAT
1012002	240	o6	1.516	ACATAT
1012042	197	o6	1.894	ACATAT
1012122	1062	o6	1.167	ACATAT
1012169	440	6m	2.254	CATATC
1012177	693	o6	1.317	ACATAT
1012216	545	o6	1.496	ACATAT
1012469	62	o6	1.859	ACATAT
1012479	376	o6	1.322	ACATAT
1012479	811	7A1	2.409	CATATC
1012542	119	7A1	2.613	CATATC
1012599	25	o6	1.665	ACATAT
1012666	82	o6	1.320	ACATAT
1012680	47	7m8	1.120	ACATAT
1012743	203	o6	2.548	ACATAT
1012751	713	o6	1.465	ACATAT
1012754	660	o6	1.700	ACATAT
1012809	83	o6	1.359	ACATAT
1012833	901	o6	1.005	ACATAT
1012878	675	o6	2.025	ACATAT
1012882	182	o6	1.606	ACATAT
1012896	599	o6	1.032	ACATAT
1012912	714	7m8	2.561	ACATAT
1012977	92	6m	1.205	CATATC
1013068	836	7m8	2.533	CATATC
1013073	475	o6	3.519	ACATAT
1013073	1761	o6	1.000	ACATAT
1013089	606	o6	1.510	ACATAT
1013089	732	o6	1.082	ACATAT
1013108	1375	o6	1.645	ACATAT
1013109	77	6m	1.929	CATATC
1013166	23	o6	1.638	ACATAT
1013193	142	o6	1.320	ACATAT
1013261	38	7m8	1.680	ACATAT
1013267	184	o6	1.109	ACATAT
1013312	532	o6	1.518	ACATAT
1013312	708	o6	1.907	ACATAT
1013312	714	o6	1.799	ACATAT
1013312	1655	o6	1.690	ACATAT
1013312	2262	o6	2.058	ACATAT
1013318	243	o6	1.189	ACATAT
1013327	1925	o6	1.440	ACATAT
1013383	137	6m	1.362	CATATC
1013383	346	7A1	1.982	CATATC
1013383	636	o6	1.254	ACATAT
1013413	1040	6m	1.808	CATATC
1013444	230	o6	2.043	ACATAT
1013461	274	6m	2.085	CATATC
1013506	188	6m	2.440	CATATC
1013518	1506	o6	1.969	ACATAT
1013518	1618	o6	1.831	ACATAT
1013518	1636	o6	1.011	ACATAT
1013518	2437	o6	1.741	ACATAT
1013541	82	o6	1.590	ACATAT
1013541	170	o6	1.288	ACATAT
1013541	1613	o6	1.630	ACATAT
1013581	620	o6	1.203	ACATAT
1013584	47	o6	1.030	ACATAT
1013591	2457	o6	1.119	ACATAT
1013616	287	o6	1.749	ACATAT
1013643	335	o6	1.257	ACATAT
1013648	84	o6	1.229	ACATAT
1013670	54	o6	1.692	ACATAT
1013670	624	o6	1.251	ACATAT
1013670	722	o6	1.069	ACATAT
1013676	247	o6	1.062	ACATAT
1013687	450	o6	1.962	ACATAT
1013687	629	7A1	2.660	CATATC
1013687	832	o6	1.284	ACATAT
1013799	129	6m	3.161	CATATC
1013820	341	6m	3.936	CATATC
1013866	25	7m8	1.285	ACATAT
1013885	2238	7A1	1.139	CATATC
1013953	184	7A1	3.321	CATATC
1013953	415	o6	2.137	ACATAT
1013988	1792	o6	1.399	ACATAT
1013988	2048	o6	3.153	ACATAT
1014060	340	o6	1.230	ACATAT
1014117	174	o6	1.322	ACATAT
1014143	25	7A1	1.952	CATATC
1014198	937	o6	1.125	ACATAT
1014198	947	o6	1.922	ACATAT
1014220	262	6m	1.179	CATATC
1014358	886	7m8	2.665	ACATAT
1014358	1146	6m	2.392	CATATC
1014358	1214	o6	1.055	ACATAT
1014403	510	o6	1.690	ACATAT
1014418	1783	o6	1.618	ACATAT
1014418	2737	o6	1.534	ACATAT
1014418	3066	o6	2.493	ACATAT
1014418	3140	o6	3.001	ACATAT
1014436	544	o6	1.328	ACATAT
1014447	417	o6	1.131	ACATAT
1014464	318	o6	1.676	ACATAT
1014464	559	o6	1.796	ACATAT
1014464	655	o6	1.253	ACATAT
1014464	870	7m8	2.473	CATATC
1014465	751	o6	1.251	ACATAT
1014465	801	o6	1.274	ACATAT
1014468	302	7A1	3.889	CATATC
1014468	434	o6	1.309	ACATAT
1014473	855	8m	2.227	ACATAT
1014473	918	8m	1.502	ACATAT
1014473	996	8m	2.863	CATATC
1014473	1030	8m	2.863	ACATAT
1014473	1363	7A1	1.506	CATATC
1014473	1471	7A1	2.489	CATATC
1014473	2116	8m	2.552	ACATAT
1014485	137	o6	1.156	ACATAT
1014548	183	o6	1.345	ACATAT
1014559	264	o6	2.544	ACATAT
1014559	539	o6	1.482	ACATAT
1014559	916	7A1	2.145	CATATC
1014559	1030	7A1	2.544	CATATC
1014559	1363	o6	1.635	ACATAT
1014588	1065	o6	1.059	ACATAT
1014588	2007	7A1	1.189	CATATC
1014593	72	o6	1.051	ACATAT
1014697	367	o6	1.627	ACATAT
1014697	1075	o6	2.841	ACATAT
1014697	1115	7A1	3.464	CATATC
1014697	1419	6m	1.257	CATATC
1014758	200	o6	2.403	ACATAT
1014840	715	o6	3.492	ACATAT
1014859	658	8m	2.062	ACATAT
1014859	844	o6	2.316	ACATAT
1014866	313	o6	2.215	ACATAT
1014866	635	o6	1.581	ACATAT
1014866	1113	o6	2.183	ACATAT
1014869	593	6m	1.915	CATATC
1014869	616	o6	1.853	ACATAT
1014877	558	o6	1.125	ACATAT
1014883	636	o6	1.214	ACATAT
1014883	743	6m	3.988	CATATC
1014884	2773	o6	1.325	ACATAT
1014898	150	o6	1.091	ACATAT
1014898	160	o6	1.898	ACATAT
1014898	641	o6	2.807	ACATAT
1014899	589	o6	1.486	ACATAT
1014981	233	o6	1.093	ACATAT
1014981	2170	o6	1.200	ACATAT
1014981	2411	o6	1.402	ACATAT
1014988	782	o6	2.991	ACATAT
1014988	828	o6	2.011	ACATAT
1014988	2011	o6	2.801	ACATAT
1014988	2038	6m	2.801	CATATC
1014988	2651	o6	1.600	ACATAT
1014988	2988	o6	1.047	ACATAT
1014988	3194	o6	1.809	ACATAT
1014988	4038	o6	1.001	ACATAT
1014988	7365	o6	2.149	ACATAT
1015038	236	o6	1.415	ACATAT
1015047	40	8m	3.082	ACATAT
1015073	1692	o6	1.687	ACATAT
1015077	641	o6	1.086	ACATAT
1015077	675	o6	1.676	ACATAT
1015085	445	o6	1.311	ACATAT
1015085	1175	o6	1.485	ACATAT
1015085	2223	7m8	2.544	ACATAT
1015091	1723	7A1	2.331	CATATC
1015091	2448	7m8	2.634	ACATAT
1015091	3638	o6	1.510	ACATAT
1015091	4002	o6	2.023	ACATAT
1015091	4027	o6	2.023	ACATAT
1015145	234	o6	1.444	ACATAT
1015145	1992	o6	1.780	ACATAT
1015145	3388	o6	1.194	ACATAT
1015145	3554	o6	2.102	ACATAT
1015145	4367	o6	1.606	ACATAT
1015145	4477	o6	2.477	ACATAT
1015157	153	o6	1.556	ACATAT
1015157	254	7m8	2.460	ACATAT
1015228	868	7A1	2.178	CATATC
1015228	1886	o6	1.095	ACATAT
1015243	81	o6	1.005	ACATAT
1015267	218	o6	1.759	ACATAT
1015285	406	o6	1.946	ACATAT
1015291	961	o6	2.031	ACATAT
1015291	1497	o6	1.053	ACATAT
1015332	100	o6	1.739	ACATAT
1015343	109	7A1	1.139	CATATC
1015369	269	6m	2.544	CATATC
1015375	292	6m	2.107	CATATC
1015375	350	6m	2.107	CATATC
1015375	2955	6m	1.961	CATATC
1015385	486	6m	1.349	CATATC
1015394	615	o6	1.718	ACATAT
1015394	816	o6	1.227	ACATAT
1015397	401	o6	1.946	ACATAT
1015411	320	6m	1.646	CATATC
1015444	310	o6	1.038	ACATAT
1015447	189	o6	1.344	ACATAT
1015551	62	6m	2.235	CATATC
1015551	376	o6	2.533	ACATAT
1015552	1145	o6	2.326	ACATAT
1015555	1325	7A1	1.588	CATATC
1015555	3361	o6	1.563	ACATAT
1015572	4237	6m	1.319	CATATC
1015661	345	6m	2.700	CATATC
1015667	470	o6	1.778	ACATAT
1015725	565	o6	1.777	ACATAT
1015725	582	o6	1.129	ACATAT
1015725	855	o6	1.932	ACATAT
1015725	1276	o6	1.322	ACATAT
1015774	373	7m8	2.233	CATATC
1015774	409	o6	1.935	ACATAT
1015777	563	o6	1.617	ACATAT
1015777	743	6m	2.512	CATATC
1015778	931	6m	3.034	CATATC
1015792	304	o6	1.906	ACATAT
1015810	741	7m8	2.876	ACATAT
1015834	297	o6	1.069	ACATAT
1015834	417	o6	1.049	ACATAT
1015834	818	o6	1.852	ACATAT
1015840	175	6m	3.240	CATATC
1015844	289	o6	1.828	ACATAT
1015870	517	o6	2.049	ACATAT
1015870	554	o6	1.760	ACATAT
1015891	285	o6	1.651	ACATAT
1015895	346	o6	2.227	ACATAT
1015895	397	o6	2.776	ACATAT
1015895	431	7m8	3.193	ACATAT
1015903	996	o6	1.314	ACATAT
1015903	1014	o6	1.664	ACATAT
1015924	947	o6	1.996	ACATAT
1015931	280	o6	1.995	ACATAT
1015931	299	o6	2.157	ACATAT
1015936	1026	o6	1.450	ACATAT
1015936	1427	o6	1.468	ACATAT
1015952	14	o6	3.649	ACATAT
1015972	47	o6	1.846	ACATAT
1015972	959	7A1	2.651	CATATC
1015972	1201	8m	2.279	CATATC
1015972	3093	7m8	1.563	ACATAT
1015980	33	o6	2.598	ACATAT
1015995	941	o6	1.347	ACATAT
1015995	949	o6	1.477	ACATAT
1015995	1041	o6	1.321	ACATAT
1015995	1261	o6	3.005	ACATAT
1015995	1267	o6	2.025	ACATAT
1015995	1367	o6	2.120	ACATAT
1016016	1304	o6	1.844	ACATAT
1016020	2126	6m	1.507	CATATC
1016029	1093	o6	1.618	ACATAT
1016029	2047	o6	1.534	ACATAT
1016029	2376	o6	2.493	ACATAT
1016029	2450	o6	3.001	ACATAT
1016034	303	o6	1.149	ACATAT
1016047	622	o6	1.498	ACATAT
1016047	1519	o6	1.706	ACATAT
1016052	170	o6	1.567	ACATAT
1016067	116	6m	2.847	CATATC
1016073	457	o6	1.207	ACATAT
1016077	1441	o6	1.296	ACATAT
1016098	697	o6	3.459	ACATAT
1016098	707	o6	4.810	ACATAT
1016098	717	o6	4.379	ACATAT
1016098	930	o6	1.686	ACATAT
1016158	135	o6	1.263	ACATAT
1016161	138	o6	1.154	ACATAT
1016179	502	o6	1.690	ACATAT
1016179	1075	o6	1.053	ACATAT
1016220	340	8m	4.056	ACATAT
1016244	837	o6	1.759	ACATAT
1016328	324	o6	1.897	ACATAT
1016347	590	8m	2.025	ACATAT
1016356	472	o6	1.087	ACATAT
1016356	485	o6	1.770	ACATAT
1016373	362	o6	1.385	ACATAT
1016373	376	o6	1.508	ACATAT
1016373	579	o6	1.004	ACATAT
1016382	379	o6	1.291	ACATAT
1016397	58	o6	1.221	ACATAT
1016398	583	o6	1.405	ACATAT
1016398	611	o6	2.544	ACATAT
1016398	878	o6	2.085	ACATAT
1016398	1683	6m	2.243	CATATC
1016418	1043	o6	1.778	ACATAT
1016431	2038	o6	1.966	ACATAT
1016445	917	o6	1.616	ACATAT
1016449	281	o6	2.538	ACATAT
1016512	99	7A1	3.408	CATATC
1016512	571	8m	2.033	ACATAT
1016524	118	o6	1.447	ACATAT
1016556	1257	o6	2.029	ACATAT
1016557	312	o6	1.322	ACATAT
1016557	626	o6	2.373	ACATAT
1016562	384	7m8	1.436	ACATAT
1016565	221	7m8	2.723	ACATAT
1016571	1414	o6	2.847	ACATAT
1016581	276	o6	1.198	ACATAT
1016581	470	o6	2.558	ACATAT
1016598	484	o6	1.294	ACATAT
1016608	98	o6	1.128	ACATAT
1016616	753	o6	1.148	ACATAT
1016685	1053	o6	1.040	ACATAT
1016691	1330	o6	2.542	ACATAT
1016695	638	7A1	1.317	CATATC
1016698	122	o6	2.372	ACATAT
1016698	1284	o6	1.054	ACATAT
1016713	643	6m	2.380	CATATC
1016713	2786	o6	1.488	ACATAT
1016713	3633	o6	1.783	ACATAT
1016713	4161	o6	2.433	ACATAT
1016713	4444	o6	2.275	ACATAT
1016713	4601	o6	2.180	ACATAT
1016713	4787	o6	1.606	ACATAT
1016788	22	6m	2.544	CATATC
1016794	645	7m8	2.433	ACATAT
1016794	775	8m	2.433	ACATAT
1016794	969	7m8	2.098	ACATAT
1016806	1582	o6	1.659	ACATAT
1016820	807	o6	1.486	ACATAT
1016832	227	o6	2.265	ACATAT
1016832	627	o6	3.005	ACATAT
1016844	231	o6	1.053	ACATAT
1016860	22	o6	1.053	ACATAT
1016860	93	o6	1.251	ACATAT
1016860	754	o6	1.162	ACATAT
1016865	745	8m	2.648	ACATAT
1016907	170	o6	1.667	ACATAT
1016917	446	8m	2.073	ACATAT
1016951	221	7A1	3.232	CATATC
1016965	539	o6	1.607	ACATAT
1016965	1199	o6	1.282	ACATAT
1016965	1222	o6	1.200	ACATAT
1016971	144	o6	1.140	ACATAT
1016971	2270	o6	1.639	ACATAT
1016971	3358	o6	2.207	ACATAT
1016971	3393	o6	1.891	ACATAT
1016971	3412	o6	2.215	ACATAT
1016971	3440	o6	1.582	ACATAT
1016985	208	7m8	2.243	ACATAT
1017012	762	o6	1.374	ACATAT
1017012	909	o6	1.040	ACATAT
1017019	677	o6	1.008	ACATAT
1017036	1160	7m8	1.598	ACATAT
1017046	1276	7m8	2.197	ACATAT
1017082	289	o6	1.759	ACATAT
1017126	277	o6	1.156	ACATAT
1017135	1043	o6	2.013	ACATAT
1017142	46	o6	1.147	ACATAT
1017157	33	6m	2.459	CATATC
1017157	56	o6	2.567	ACATAT
1017157	498	o6	1.791	ACATAT
1017168	1198	o6	1.295	ACATAT
1017197	237	o6	1.852	ACATAT
1017197	1958	o6	1.156	ACATAT
1017224	325	o6	1.434	ACATAT
1017227	944	o6	2.009	ACATAT
1017230	336	o6	1.179	ACATAT
1017254	789	o6	1.006	ACATAT
1017282	291	o6	1.285	ACATAT
1017293	97	o6	1.965	ACATAT
1017306	180	o6	2.377	ACATAT
1017335	908	o6	1.048	ACATAT
1017368	68	o6	2.007	ACATAT
1017451	910	o6	1.977	ACATAT
1017451	1039	o6	1.084	ACATAT
1017451	1179	o6	1.369	ACATAT
1017457	166	o6	2.362	ACATAT
1017490	284	7m8	1.621	ACATAT
1017496	1302	6m	2.799	CATATC
1017520	93	6m	2.292	CATATC
1017539	97	8m	1.048	ACATAT
1017547	108	7m8	2.098	CATATC
1017592	409	6m	2.370	CATATC
1017592	598	6m	1.832	CATATC
1017599	21	o6	1.815	ACATAT
1017614	1365	o6	1.331	ACATAT
1017614	3699	o6	2.642	ACATAT
1017614	6688	o6	1.955	ACATAT
1017630	158	6m	2.544	CATATC
1017654	55	o6	2.576	ACATAT
1017690	464	o6	2.058	ACATAT
1017782	173	o6	2.231	ACATAT
1017787	94	o6	3.026	ACATAT
1017830	1342	o6	2.863	ACATAT
1017883	275	7A1	1.311	CATATC
1017886	370	o6	1.284	ACATAT
1017916	636	7A1	2.178	CATATC
1017921	57	o6	1.737	ACATAT
1017964	27	o6	1.224	ACATAT
1018020	413	o6	1.012	ACATAT
1018045	62	6m	1.182	CATATC
1018066	505	o6	1.155	ACATAT
1018066	512	o6	1.155	ACATAT
1018066	519	o6	1.155	ACATAT
1018077	1458	6m	1.156	CATATC
1018077	1615	o6	1.094	ACATAT
1018096	49	o6	1.060	ACATAT
1018119	290	o6	1.856	ACATAT
1018125	160	6m	1.760	CATATC
1018134	2121	o6	2.309	ACATAT
1018134	3309	o6	1.006	ACATAT
1018189	691	o6	1.391	ACATAT
1018233	1007	o6	2.632	ACATAT
1018243	548	o6	1.324	ACATAT
1018243	1119	8m	2.511	ACATAT
1018243	1303	o6	1.423	ACATAT
1018243	3342	o6	1.055	ACATAT
1018243	3387	o6	1.541	ACATAT
1018257	419	o6	1.255	ACATAT
1018262	433	o6	1.839	ACATAT
1018268	610	7m8	2.523	ACATAT
1018268	705	7A1	2.523	CATATC
1018277	82	o6	1.169	ACATAT
1018284	175	o6	1.082	ACATAT
1018304	69	o6	2.015	ACATAT
1018344	396	o6	1.717	ACATAT
1018353	389	o6	2.695	ACATAT
1018353	547	o6	1.057	ACATAT
1018353	553	o6	1.245	ACATAT
1018414	87	6m	1.196	CATATC
1018460	57	o6	2.233	ACATAT
1018519	230	o6	1.247	ACATAT
1018560	149	7m8	1.036	ACATAT
1018619	1746	o6	1.680	ACATAT
1018632	99	o6	2.715	ACATAT
1018632	141	o6	1.793	ACATAT
1018632	1510	7A1	1.598	CATATC
1018632	2140	7A1	2.017	CATATC
1018632	3410	o6	1.554	ACATAT
1018632	3505	o6	1.679	ACATAT
1018632	3605	o6	1.598	ACATAT
1018661	902	7A1	2.206	CATATC
1018727	678	7A1	1.687	CATATC
1018766	2277	o6	1.405	ACATAT
1018790	294	o6	1.395	ACATAT
1018860	369	7m8	1.011	CATATC
1018873	715	6m	1.910	CATATC
1018873	829	7A1	2.584	CATATC
1018992	120	6m	2.507	CATATC
1019004	95	o6	1.031	ACATAT
1019049	415	7A1	2.863	CATATC
1019055	734	o6	1.823	ACATAT
1019055	839	7m8	4.339	ACATAT
1019064	86	o6	2.009	ACATAT
1019073	275	o6	1.053	ACATAT
1019101	889	o6	2.154	ACATAT
1019173	52	o6	1.366	ACATAT
1019188	145	7A1	1.220	CATATC
1019192	599	o6	1.486	ACATAT
1019197	93	o6	1.328	ACATAT
1019233	96	o6	1.495	ACATAT
1019233	210	o6	1.412	ACATAT
1019237	996	o6	1.657	ACATAT
1019286	65	o6	1.906	ACATAT
1019305	527	7m8	1.031	ACATAT
1019328	230	o6	1.080	ACATAT
1019335	102	7A1	1.560	CATATC
1019384	113	o6	1.316	ACATAT
1019405	943	o6	1.217	ACATAT
1019465	276	6m	2.008	CATATC
1019465	620	o6	1.129	ACATAT
1019486	663	6m	3.374	CATATC
1019486	877	6m	2.048	CATATC
1019514	1264	o6	1.183	ACATAT
1019579	2389	o6	1.462	ACATAT
1019582	9	o6	1.037	ACATAT
1019590	99	8m	1.110	ACATAT
1019683	67	o6	1.689	ACATAT
1019683	77	o6	1.381	ACATAT
1019695	162	6m	1.687	CATATC
1019695	730	o6	2.085	ACATAT
1019698	625	o6	1.755	ACATAT
1019767	57	8m	2.246	ACATAT
1019797	334	o6	1.037	ACATAT
1019808	56	6m	1.294	CATATC
1019854	141	o6	2.875	ACATAT
1019862	226	o6	1.268	ACATAT
1019899	167	o6	1.865	ACATAT
1019899	182	o6	2.176	ACATAT
1019899	563	o6	1.234	ACATAT
1019925	360	o6	2.287	ACATAT
1019925	366	o6	2.135	ACATAT
1019925	376	o6	1.563	ACATAT
1019928	283	o6	1.423	ACATAT
1019942	322	6m	1.182	CATATC
1019942	830	o6	1.998	ACATAT
1019956	1080	6m	2.015	CATATC
1019983	231	7m8	2.183	ACATAT
1020074	1061	o6	1.016	ACATAT
1020074	1407	o6	1.285	ACATAT
1020083	48	o6	1.120	ACATAT
1020139	540	o6	2.660	ACATAT
1020140	363	o6	1.267	ACATAT
1020219	1420	o6	1.215	ACATAT
1020219	2396	o6	1.711	ACATAT
1020241	326	o6	1.196	ACATAT
1020241	1111	6m	2.033	CATATC
1020253	2084	o6	2.030	ACATAT
1020253	2541	o6	2.030	ACATAT
1020280	43	o6	3.228	ACATAT
1020280	496	o6	2.433	ACATAT
1020319	2543	o6	1.577	ACATAT
1020435	1348	o6	1.118	ACATAT
1020435	1508	o6	1.192	ACATAT
1020435	2210	8m	3.149	ACATAT
1020486	318	o6	1.928	ACATAT
1020519	290	o6	2.073	ACATAT
1020532	458	7m8	1.277	CATATC
1020615	560	o6	2.660	ACATAT
1020615	1282	o6	1.217	ACATAT
1020661	421	o6	1.589	ACATAT
1020661	1575	o6	1.085	ACATAT
1020675	172	6m	1.032	CATATC
1020686	99	o6	1.073	ACATAT
1020782	406	8m	1.902	CATATC
1020818	159	o6	1.485	ACATAT
1020824	399	o6	1.423	ACATAT
1020839	384	o6	2.026	ACATAT
1020839	396	o6	2.026	ACATAT
1020895	57	o6	1.227	ACATAT
1020934	1637	o6	1.253	ACATAT
1021008	235	o6	2.284	ACATAT
1021008	1328	6m	1.018	CATATC
1021087	437	7m8	1.873	ACATAT
1021138	175	o6	1.414	ACATAT
1021178	368	o6	1.690	ACATAT
1021233	497	o6	1.180	ACATAT
1021255	124	o6	1.248	ACATAT
1021255	136	o6	1.676	ACATAT
1021255	142	o6	2.315	ACATAT
1021255	163	o6	1.525	ACATAT
1021272	145	6m	2.019	CATATC
1021272	173	o6	1.545	ACATAT
1021288	170	o6	1.386	ACATAT
1021311	467	8m	1.561	CATATC
1021341	175	7m8	2.232	ACATAT
1021377	278	o6	1.320	ACATAT
1021389	224	o6	2.489	ACATAT
1021406	1	o6	1.405	ACATAT
1021412	222	6m	1.284	CATATC
1021434	751	6m	1.316	CATATC
1021434	1109	o6	1.053	ACATAT
1021488	808	7m8	2.660	ACATAT
1021488	994	o6	1.676	ACATAT
1021540	680	o6	1.064	ACATAT
1021540	4318	o6	1.606	ACATAT
1021581	197	o6	1.639	ACATAT
1021691	84	o6	2.076	ACATAT
1021691	217	o6	1.584	ACATAT
1021696	707	o6	1.059	ACATAT
1021700	384	o6	1.341	ACATAT
1021797	782	7A1	2.715	CATATC
1021797	1831	o6	1.008	ACATAT
1021797	1871	o6	2.370	ACATAT
1021840	1000	o6	2.400	ACATAT
1021853	625	o6	1.043	ACATAT
1021866	497	o6	2.370	ACATAT
1021866	1449	o6	2.015	ACATAT
1021884	75	7A1	1.294	CATATC
1021909	139	o6	2.646	ACATAT
1021941	960	8m	1.186	ACATAT
1021959	20	7A1	2.073	CATATC
1021959	548	6m	3.033	CATATC
1021986	617	7A1	2.377	CATATC
1021989	986	o6	2.377	ACATAT
1022038	107	7A1	2.368	CATATC
1022066	1072	7m8	2.526	ACATAT
1022066	1807	o6	1.790	ACATAT
1022101	269	7m8	1.032	ACATAT
1022101	439	7A1	1.184	CATATC
1022129	864	o6	2.007	ACATAT
1022129	874	o6	1.711	ACATAT
1022146	172	o6	1.219	ACATAT
1022168	250	6m	2.018	CATATC
1022168	737	o6	1.822	ACATAT
1022173	492	7m8	2.507	ACATAT
1022191	73	o6	1.179	ACATAT
1022198	849	o6	2.175	ACATAT
1022212	186	7m8	1.585	ACATAT
1022212	644	7m8	2.639	CATATC
1022212	716	7A1	2.639	CATATC
1022224	271	o6	2.436	ACATAT
1022235	2117	7m8	2.005	ACATAT
1022235	2524	o6	2.497	ACATAT
1022253	1236	6m	1.808	CATATC
1022279	61	6m	2.025	CATATC
1022279	77	7m8	2.552	CATATC
1022279	196	o6	2.306	ACATAT
1022285	101	o6	2.114	ACATAT
1022338	913	7m8	1.944	ACATAT
1022338	1853	o6	1.240	ACATAT
1022338	1896	o6	1.240	ACATAT
1022495	1693	o6	1.124	ACATAT
1022495	2614	o6	1.029	ACATAT
1022495	2641	o6	1.182	ACATAT
1022495	3495	o6	1.652	ACATAT
1022568	123	o6	1.600	ACATAT
1022568	1808	o6	1.676	ACATAT
1022568	2049	o6	2.472	ACATAT
1022576	48	7m8	2.552	CATATC
1022707	263	o6	1.339	ACATAT
1022846	282	o6	1.418	ACATAT
1022846	468	o6	1.245	ACATAT
1022846	474	o6	1.797	ACATAT
1022893	59	o6	1.866	ACATAT
1022932	1529	6m	1.529	CATATC
1022932	1610	6m	2.194	CATATC
1022950	115	8m	1.929	ACATAT
1022986	66	6m	1.048	CATATC
1023009	994	o6	3.254	ACATAT
1023015	272	o6	1.516	ACATAT
1023027	213	o6	1.737	ACATAT
1023062	4003	o6	1.012	ACATAT
1023065	513	o6	1.609	ACATAT
1023065	531	o6	1.084	ACATAT
1023080	755	o6	1.329	ACATAT
1023091	2137	o6	2.304	ACATAT
1023094	271	o6	4.104	ACATAT
1023100	183	o6	1.824	ACATAT
1023100	563	o6	2.114	ACATAT
1023100	1180	o6	2.847	ACATAT
1023100	1199	o6	2.101	ACATAT
1023100	1215	o6	1.020	ACATAT
1023113	28	o6	1.010	ACATAT
1023145	238	o6	2.212	ACATAT
1023157	188	8m	2.544	ACATAT
1023187	177	7A1	2.277	CATATC
1023253	1786	o6	1.284	ACATAT
1023253	1808	o6	1.593	ACATAT
1023288	124	o6	1.649	ACATAT
1023289	2121	o6	1.027	ACATAT
1023289	2192	o6	1.562	ACATAT
1023292	783	7A1	1.598	CATATC
1023292	1281	o6	1.142	ACATAT
1023295	404	o6	1.319	ACATAT
1023337	49	7m8	2.544	ACATAT
1023337	1048	o6	1.200	ACATAT
1023350	518	6m	1.147	CATATC
1023351	395	o6	1.407	ACATAT
1023351	526	o6	1.405	ACATAT
1023362	389	6m	1.003	CATATC
1023387	87	o6	2.456	ACATAT
1023387	757	o6	1.392	ACATAT
1023390	371	7A1	2.600	CATATC
1023391	1452	o6	1.550	ACATAT
1023391	1494	o6	1.560	ACATAT
1023391	1516	o6	1.850	ACATAT
1023443	493	o6	1.319	ACATAT
1023443	553	o6	1.567	ACATAT
1023443	666	7A1	1.322	CATATC
1023469	110	o6	1.726	ACATAT
1023503	565	8m	2.544	ACATAT
1023523	662	o6	1.962	ACATAT
1023533	303	o6	1.464	ACATAT
1023572	1494	8m	3.622	ACATAT
1023594	91	o6	1.322	ACATAT
1023599	2864	o6	1.197	ACATAT
1023599	3737	o6	1.676	ACATAT
1023599	3790	7m8	2.544	ACATAT
1023599	3887	o6	2.279	ACATAT
1023599	3901	7m8	2.544	CATATC
1023599	5423	o6	1.547	ACATAT
1023599	5672	o6	1.926	ACATAT
1023599	7418	o6	1.808	ACATAT
1023599	8524	o6	1.042	ACATAT
1023599	8563	o6	2.020	ACATAT
1023599	9146	6m	1.322	CATATC
1023636	100	o6	2.062	ACATAT
1023673	418	6m	1.654	CATATC
1023678	1230	o6	1.579	ACATAT
1023681	4026	6m	1.563	CATATC
1023706	861	o6	1.285	ACATAT
1023706	874	o6	1.082	ACATAT
1023706	1014	o6	1.524	ACATAT
1023706	1612	o6	1.398	ACATAT
1023706	1963	o6	2.486	ACATAT
1023706	2049	o6	2.246	ACATAT
1023712	1706	o6	1.322	ACATAT
1023712	2314	o6	2.544	ACATAT
1023757	529	o6	2.076	ACATAT
1023774	1622	o6	2.184	ACATAT
1023783	1126	o6	1.294	ACATAT
1023784	3250	o6	1.304	ACATAT
1023784	4749	7A1	1.321	CATATC
1023790	709	o6	1.893	ACATAT
1023790	1581	6m	1.241	CATATC
1023790	2924	o6	1.934	ACATAT
1023790	2932	o6	1.560	ACATAT
1023790	3460	o6	1.766	ACATAT
1023790	3753	o6	1.623	ACATAT
1023790	3930	o6	2.310	ACATAT
1023790	4456	o6	2.637	ACATAT
1023805	3138	o6	2.209	ACATAT
1023805	3710	o6	1.781	ACATAT
1023805	5454	o6	1.007	ACATAT
1023805	5669	o6	1.647	ACATAT
1023825	62	o6	1.062	ACATAT
1023828	443	o6	1.606	ACATAT
1023846	1559	o6	2.537	ACATAT
1023850	1781	7A1	2.944	CATATC
1023850	1957	o6	2.586	ACATAT
1023881	54	o6	1.532	ACATAT
1023882	724	o6	1.168	ACATAT
1023882	1240	8m	2.085	ACATAT
1023897	1447	o6	1.114	ACATAT
1023897	1764	o6	1.119	ACATAT
1023913	35	7A1	2.544	CATATC
1023927	98	o6	2.341	ACATAT
1023927	417	o6	1.082	ACATAT
1023927	826	o6	1.687	ACATAT
1023931	395	o6	1.979	ACATAT
1023931	526	o6	1.577	ACATAT
1023970	171	6m	2.247	CATATC
1023991	477	o6	1.883	ACATAT
1023998	1253	o6	1.560	ACATAT
1023998	1409	o6	2.031	ACATAT
1024003	1184	7m8	2.544	CATATC
1024019	1740	o6	1.356	ACATAT
1024025	2182	o6	1.319	ACATAT
1024028	1273	o6	1.456	ACATAT
1024028	1288	o6	2.165	ACATAT
1024028	1298	o6	2.231	ACATAT
1024031	1015	8m	2.433	ACATAT
1024031	1391	7A1	2.433	CATATC
1024031	3715	8m	3.034	ACATAT
1024031	4656	o6	1.606	ACATAT
1024031	4802	o6	1.606	ACATAT
1024034	351	o6	1.446	ACATAT
1024034	377	o6	1.123	ACATAT
1024085	2062	o6	1.827	ACATAT
1024093	577	o6	1.845	ACATAT
1024109	399	o6	2.298	ACATAT
1024109	417	o6	1.822	ACATAT
1024114	52	8m	3.239	ACATAT
1024114	887	8m	2.807	CATATC
1024115	187	o6	1.649	ACATAT
1024133	1803	o6	1.050	ACATAT
1024195	1074	o6	1.906	ACATAT
1024211	3012	o6	1.053	ACATAT
1024228	258	o6	1.004	ACATAT
1024279	613	8m	2.377	CATATC
1024283	56	o6	2.910	ACATAT
1024283	2016	o6	1.124	ACATAT
1024304	118	o6	2.544	ACATAT
1024304	828	7m8	1.737	CATATC
1024342	236	o6	2.212	ACATAT
1024342	942	o6	2.076	ACATAT
1024358	133	6m	1.362	CATATC
1024381	2350	o6	1.149	ACATAT
1024393	685	o6	1.545	ACATAT
1024393	692	o6	1.285	ACATAT
1024397	97	o6	2.315	ACATAT
1024397	672	o6	1.387	ACATAT
1024397	2333	o6	1.256	ACATAT
1024397	3086	o6	1.509	ACATAT
1024397	3754	o6	1.821	ACATAT
1024397	4509	o6	1.284	ACATAT
1024397	4569	o6	2.799	ACATAT
1024445	677	o6	1.786	ACATAT
1024448	54	7A1	2.980	CATATC
1024465	170	o6	1.322	ACATAT
1024486	647	7A1	2.074	CATATC
1024540	143	7A1	3.221	CATATC
1024550	128	o6	1.377	ACATAT
1024559	232	o6	1.031	ACATAT
1024571	357	o6	1.606	ACATAT
1024619	2256	o6	1.053	ACATAT
1024619	3957	o6	1.655	ACATAT
1024634	1182	o6	1.255	ACATAT
1024639	501	o6	1.498	ACATAT
1024639	1753	o6	2.544	ACATAT
1024639	1777	o6	1.314	ACATAT
1024648	3160	o6	2.255	ACATAT
1024648	5795	8m	2.255	ACATAT
1024648	5948	o6	1.053	ACATAT
1024648	8472	o6	1.726	ACATAT
1024648	10299	o6	1.171	ACATAT
1024654	1718	o6	1.521	ACATAT
1024654	1724	o6	1.687	ACATAT
1024658	145	6m	2.854	CATATC
1024715	315	8m	3.404	ACATAT
1024715	2220	o6	1.309	ACATAT
1024715	3214	o6	1.140	ACATAT
1024715	3235	o6	1.235	ACATAT
1024715	3759	o6	1.631	ACATAT
1024715	3784	o6	1.693	ACATAT
1024715	4428	o6	2.440	ACATAT
1024715	4978	o6	1.904	ACATAT
1024720	76	6m	3.034	CATATC
1024720	491	7m8	1.606	ACATAT
1024721	926	o6	1.063	ACATAT
1024721	932	o6	1.063	ACATAT
1024721	1128	o6	2.384	ACATAT
1024726	149	o6	1.572	ACATAT
1024754	313	o6	1.740	ACATAT
1024757	806	o6	2.098	ACATAT
1024762	1238	o6	2.342	ACATAT
1024774	444	o6	1.667	ACATAT
1024829	6146	o6	1.898	ACATAT
1024843	279	o6	2.188	ACATAT
1024892	100	o6	1.500	ACATAT
1024904	2776	o6	1.758	ACATAT
1024904	3083	o6	2.126	ACATAT
1024904	3104	8m	2.394	ACATAT
1024935	1462	6m	2.447	CATATC
1024935	1653	o6	1.578	ACATAT
1024956	542	o6	1.618	ACATAT
1024956	2689	o6	1.288	ACATAT
1024956	2714	o6	2.231	ACATAT
1024956	2720	o6	2.469	ACATAT
1024956	3225	7A1	2.075	CATATC
1024956	3836	7A1	2.635	CATATC
1024956	4473	o6	1.321	ACATAT
1024956	4861	8m	2.635	ACATAT
1024956	6256	o6	1.932	ACATAT
1024956	6991	o6	1.033	ACATAT
1024956	7063	o6	1.428	ACATAT
1024956	7615	o6	1.311	ACATAT
1024998	213	6m	1.059	CATATC
1024998	361	o6	2.017	ACATAT
1025022	833	o6	1.729	ACATAT
1025022	1481	o6	1.306	ACATAT
1025022	1957	o6	1.207	ACATAT
1025029	24	o6	1.064	ACATAT
1025029	1554	o6	2.552	ACATAT
1025029	1920	o6	2.027	ACATAT
1025029	3445	o6	1.214	ACATAT
1025064	1056	o6	2.073	ACATAT
1025064	2239	o6	1.166	ACATAT
1025077	122	o6	1.635	ACATAT
1025101	1003	o6	1.069	ACATAT
1025109	95	o6	1.484	ACATAT
1025149	20	o6	2.350	ACATAT
1025158	398	o6	1.695	ACATAT
1025158	406	o6	1.320	ACATAT
1025158	1032	7A1	2.888	CATATC
1025183	87	o6	1.212	ACATAT
1025229	1519	o6	2.400	ACATAT
1025229	1968	8m	2.547	CATATC
1025235	445	o6	1.376	ACATAT
1025269	562	o6	1.255	ACATAT
1025269	601	o6	1.484	ACATAT
1025298	975	o6	1.284	ACATAT
1025340	1351	o6	1.736	ACATAT
1025340	1427	o6	2.302	ACATAT
1025340	1464	o6	2.306	ACATAT
1025352	370	7m8	3.340	CATATC
1025352	428	8m	1.389	ACATAT
1025370	378	o6	2.184	ACATAT
1025370	617	o6	3.034	ACATAT
1025391	731	7m8	2.341	ACATAT
1025421	606	o6	1.095	ACATAT
1025443	248	6m	2.519	CATATC
1025452	409	o6	1.235	ACATAT
1025455	1246	o6	2.275	ACATAT
1025458	53	o6	1.285	ACATAT
1025475	309	o6	1.255	ACATAT
1025487	303	6m	1.359	CATATC
1025487	425	6m	1.393	CATATC
1025521	148	7A1	1.253	CATATC
1025521	414	o6	1.292	ACATAT
1025562	38	o6	2.350	ACATAT
1025562	154	o6	1.652	ACATAT
1025562	160	o6	2.209	ACATAT
1025608	866	o6	2.246	ACATAT
1025608	935	o6	2.321	ACATAT
1025615	1200	o6	2.145	ACATAT
1025615	1360	o6	1.015	ACATAT
1025642	478	o6	3.185	ACATAT
1025654	147	o6	1.953	ACATAT
1025654	1950	o6	1.011	ACATAT
1025654	1962	o6	1.835	ACATAT
1025669	408	o6	1.322	ACATAT
1025690	226	o6	1.974	ACATAT
1025693	603	7A1	1.116	CATATC
1025693	1137	6m	4.515	CATATC
1025693	2535	o6	1.114	ACATAT
1025724	613	7m8	1.298	ACATAT
1025725	349	6m	2.876	CATATC
1025737	959	o6	1.663	ACATAT
1025737	1010	o6	2.231	ACATAT
1025772	161	o6	1.270	ACATAT
1025776	901	o6	1.047	ACATAT
1025781	162	o6	1.290	ACATAT
1025790	458	7A1	1.573	CATATC
1025790	1368	o6	1.473	ACATAT
1025808	1325	o6	1.309	ACATAT
1025829	108	o6	1.273	ACATAT
1025850	378	o6	1.757	ACATAT
1025854	70	o6	1.500	ACATAT
1025878	369	o6	2.326	ACATAT
1025883	475	o6	1.874	ACATAT
1025982	56	o6	1.177	ACATAT
1026053	97	o6	2.433	ACATAT
1026095	654	o6	1.596	ACATAT
1026095	666	o6	1.263	ACATAT
1026095	2216	o6	1.807	ACATAT
1026111	315	o6	1.082	ACATAT
1026117	569	o6	1.701	ACATAT
1026156	73	o6	1.919	ACATAT
1026188	289	o6	2.346	ACATAT
1026209	304	o6	1.074	ACATAT
1026215	455	o6	2.157	ACATAT
1026222	63	o6	1.305	ACATAT
1026390	104	o6	1.574	ACATAT
1026414	445	o6	2.622	ACATAT
1026429	347	o6	1.766	ACATAT
1026477	74	o6	3.087	ACATAT
1026530	555	6m	2.744	CATATC
1026530	618	o6	1.614	ACATAT
1026530	1018	o6	1.433	ACATAT
1026554	495	7m8	1.326	ACATAT
1026554	605	7A1	1.032	CATATC
1026558	920	6m	1.606	CATATC
1026657	717	o6	1.576	ACATAT
1026657	782	o6	1.662	ACATAT
1026660	194	o6	1.576	ACATAT
1026660	259	o6	1.662	ACATAT
1026688	3206	6m	2.477	CATATC
1026798	1291	o6	1.399	ACATAT
1026818	32	o6	1.322	ACATAT
1026841	3046	8m	2.496	ACATAT
1026841	4652	o6	1.562	ACATAT
1026853	1133	o6	2.224	ACATAT
1026853	1312	o6	1.925	ACATAT
1026853	1643	o6	1.032	ACATAT
1026853	1653	o6	1.509	ACATAT
1026853	3078	o6	1.598	ACATAT
1026864	323	o6	1.598	ACATAT
1026877	2	7m8	2.038	CATATC
1026920	380	o6	2.228	ACATAT
1026921	173	o6	1.343	ACATAT
1026921	708	o6	1.043	ACATAT
1026950	534	7m8	2.215	ACATAT
1026962	152	o6	1.439	ACATAT
1026965	499	8m	2.798	ACATAT
1026965	2122	o6	1.991	ACATAT
1026966	810	6m	1.048	CATATC
1026966	1135	7A1	1.162	CATATC
1026974	60	8m	2.092	ACATAT
1026974	217	6m	1.921	CATATC
1026975	647	o6	2.065	ACATAT
1026999	2480	o6	1.284	ACATAT
1026999	2550	o6	2.025	ACATAT
1027002	1008	o6	1.373	ACATAT
1027138	562	o6	1.919	ACATAT
1027186	56	o6	1.724	ACATAT
1027186	62	o6	1.146	ACATAT
1027205	31	o6	1.212	ACATAT
1027273	125	o6	1.513	ACATAT
1027276	975	o6	1.248	ACATAT
1027287	343	o6	1.591	ACATAT
1027287	407	7m8	3.062	ACATAT
1027345	232	o6	1.963	ACATAT
1027348	453	6m	1.227	CATATC
1027357	597	o6	1.413	ACATAT
1027357	609	o6	1.660	ACATAT
1027357	633	o6	1.704	ACATAT
1027378	197	6m	1.326	CATATC
1027390	323	6m	2.073	CATATC
1027423	233	7A1	1.517	CATATC
1027426	133	o6	1.251	ACATAT
1027564	324	o6	2.488	ACATAT
1027564	350	o6	2.309	ACATAT
1027608	912	o6	1.294	ACATAT
1027655	90	o6	1.132	ACATAT
1027725	703	o6	1.199	ACATAT
1027756	326	7m8	1.976	CATATC
1027756	355	6m	2.198	CATATC
1027756	446	7m8	2.419	CATATC
1027756	672	6m	2.019	CATATC
1027756	1070	o6	1.285	ACATAT
1027831	329	o6	1.893	ACATAT
1027831	542	o6	2.136	ACATAT
1027854	244	o6	1.663	ACATAT
1027887	725	6m	1.356	CATATC
1027938	290	7m8	2.314	ACATAT
1027977	416	7m8	1.659	CATATC
1028028	35	7A1	2.267	CATATC
1028028	973	7A1	2.440	CATATC
1028087	206	6m	1.456	CATATC
1028093	336	o6	1.120	ACATAT
1028097	44	6m	2.533	CATATC
1028112	371	o6	1.489	ACATAT
1028133	58	o6	1.086	ACATAT
1028146	358	o6	1.069	ACATAT
1028372	276	o6	1.400	ACATAT
1028372	284	o6	1.400	ACATAT
1028372	327	8m	3.374	ACATAT
1028372	410	o6	2.079	ACATAT
1028401	53	6m	1.944	CATATC
1028401	321	o6	1.338	ACATAT
1028426	515	o6	1.234	ACATAT
1028447	1455	o6	1.490	ACATAT
1028447	1561	o6	1.321	ACATAT
1028447	1938	o6	1.399	ACATAT
1028472	372	o6	1.184	ACATAT
1028512	1055	o6	1.533	ACATAT
1028526	144	6m	1.135	CATATC
1028527	78	o6	2.724	ACATAT
1028648	623	7m8	1.500	ACATAT
1028672	251	o6	1.036	ACATAT
1028672	368	o6	1.055	ACATAT
1028710	354	8m	2.745	ACATAT
1028710	621	8m	1.786	ACATAT
1028710	668	8m	1.711	ACATAT
1028710	760	6m	1.222	CATATC
1028710	2020	8m	2.778	ACATAT
1028734	6513	o6	1.907	ACATAT
1028959	282	6m	1.011	CATATC
1029007	66	8m	1.153	ACATAT
1029046	1165	o6	1.606	ACATAT
1029046	1227	7m8	1.295	CATATC
1029046	1295	7A1	2.660	CATATC
1029051	499	7A1	2.433	CATATC
1029069	906	o6	1.088	ACATAT
1029069	2321	o6	1.807	ACATAT
1029069	4223	o6	1.042	ACATAT
1029073	260	o6	1.027	ACATAT
1029097	1334	7m8	2.794	ACATAT
1029176	684	o6	1.440	ACATAT
1029176	706	o6	1.430	ACATAT
1029180	730	o6	1.544	ACATAT
1029189	977	o6	2.320	ACATAT
1029189	2402	o6	1.504	ACATAT
1029192	617	o6	1.022	ACATAT
1029192	1586	o6	2.246	ACATAT
1029192	2399	o6	1.623	ACATAT
1029246	300	o6	2.073	ACATAT
1029349	92	7A1	1.303	CATATC
1029364	171	6m	1.284	CATATC
1029369	1138	o6	2.265	ACATAT
1029369	1204	8m	2.544	ACATAT
1029369	1855	o6	2.061	ACATAT
1029369	2815	o6	1.521	ACATAT
1029369	2845	o6	1.511	ACATAT
1029384	998	7m8	2.611	CATATC
1029384	3164	o6	2.014	ACATAT
1029394	252	o6	1.234	ACATAT
1029459	118	o6	2.403	ACATAT
1029459	387	o6	1.740	ACATAT
1029459	1211	o6	2.472	ACATAT
1029462	969	7m8	2.073	ACATAT
1029507	133	6m	1.755	CATATC
1029532	142	7A1	2.648	CATATC
1029532	451	o6	2.561	ACATAT
1029532	1319	6m	1.208	CATATC
1029532	2282	6m	1.606	CATATC
1029558	514	o6	1.284	ACATAT
1029558	733	6m	2.807	CATATC
1029558	795	o6	1.572	ACATAT
1029569	539	7m8	2.134	CATATC
1029592	837	6m	1.241	CATATC
1029686	528	o6	2.030	ACATAT
1029728	685	o6	1.866	ACATAT
1029773	165	o6	1.469	ACATAT
1029778	305	o6	1.446	ACATAT
1029782	955	o6	1.003	ACATAT
1029782	1463	o6	1.298	ACATAT
1029835	811	o6	1.120	ACATAT
1029847	352	o6	1.407	ACATAT
1029870	364	o6	1.439	ACATAT
1029870	397	o6	1.303	ACATAT
1029871	305	o6	1.075	ACATAT
1029955	279	7m8	1.539	ACATAT
1030027	388	o6	1.524	ACATAT
1030136	160	o6	1.564	ACATAT
1030157	672	o6	1.148	ACATAT
1030189	203	o6	2.193	ACATAT
1030192	817	o6	1.122	ACATAT
1030231	558	o6	1.150	ACATAT
1030248	1308	o6	1.270	ACATAT
1030258	384	o6	2.317	ACATAT
1030266	286	o6	1.010	ACATAT
1030405	314	7A1	2.720	CATATC
1030405	772	o6	2.094	ACATAT
1030405	780	o6	1.200	ACATAT
1030428	41	7m8	1.092	ACATAT
1030468	265	o6	2.458	ACATAT
1030468	808	o6	1.526	ACATAT
1030476	570	o6	1.199	ACATAT
1030482	391	o6	1.975	ACATAT
1030482	488	7A1	2.544	CATATC
1030499	21	7m8	1.036	CATATC
1030565	240	o6	1.315	ACATAT
1030566	1410	o6	1.242	ACATAT
1030617	169	o6	2.102	ACATAT
1030667	177	o6	1.061	ACATAT
1030670	293	7m8	1.691	ACATAT
1030692	104	7A1	2.019	CATATC
1030692	2836	o6	1.651	ACATAT
1030692	2851	o6	1.285	ACATAT
1030716	455	o6	2.375	ACATAT
1030742	358	o6	2.323	ACATAT
1030782	2676	o6	1.484	ACATAT
1030812	474	7A1	1.510	CATATC
1030882	481	o6	1.422	ACATAT
1030930	109	o6	2.486	ACATAT
1030951	133	7A1	3.032	CATATC
1031013	496	6m	2.350	CATATC
1031046	231	7m8	2.773	ACATAT
1031061	540	7A1	3.358	CATATC
1031111	827	7m8	2.433	ACATAT
1031111	887	o6	1.606	ACATAT
1031111	1126	o6	2.635	ACATAT
1031142	139	6m	1.723	CATATC
1031156	58	7A1	2.981	CATATC
1031156	806	o6	2.652	ACATAT
1031184	187	o6	2.972	ACATAT
1031199	2590	6m	3.631	CATATC
1031199	4334	o6	2.363	ACATAT
1031223	641	o6	1.364	ACATAT
1031223	774	o6	2.302	ACATAT
1031223	787	o6	2.090	ACATAT
1031227	126	o6	2.544	ACATAT
1031227	546	o6	1.067	ACATAT
1031263	25	7m8	2.442	ACATAT
1031304	300	6m	1.484	CATATC
1031304	1316	7A1	1.732	CATATC
1031304	1447	o6	2.661	ACATAT
1031315	42	7m8	1.017	ACATAT
1031321	388	o6	2.046	ACATAT
1031321	499	o6	2.488	ACATAT
1031325	52	7m8	1.581	ACATAT
1031390	1574	o6	2.807	ACATAT
1031390	7840	6m	2.262	CATATC
1031404	257	o6	1.229	ACATAT
1031479	1040	o6	1.214	ACATAT
1031480	594	o6	1.456	ACATAT
1031480	608	o6	2.278	ACATAT
1031498	374	o6	1.541	ACATAT
1031498	1645	o6	1.541	ACATAT
1031544	533	o6	1.211	ACATAT
1031547	281	7A1	1.633	CATATC
1031547	495	7m8	1.515	ACATAT
1031563	94	o6	1.095	ACATAT
1031584	459	6m	1.106	CATATC
1031619	136	7m8	1.733	ACATAT
1031651	20	7A1	1.613	CATATC
1031698	19	6m	1.823	CATATC
1031701	60	o6	1.005	ACATAT
1031749	254	o6	1.288	ACATAT
1031749	573	o6	1.174	ACATAT
1031766	13	7A1	1.818	CATATC
1031791	70	o6	2.341	ACATAT
1031830	955	6m	1.520	CATATC
1031830	1459	7m8	2.385	ACATAT
1031830	2316	o6	1.493	ACATAT
1031883	2088	8m	2.350	ACATAT
1031883	2178	8m	2.344	ACATAT
1031883	2193	8m	2.350	ACATAT
1031883	2627	8m	1.584	ACATAT
1031887	167	o6	1.587	ACATAT
1031968	316	6m	1.171	CATATC
1031994	537	o6	1.529	ACATAT
1031994	2478	o6	1.384	ACATAT
1031994	2685	o6	2.180	ACATAT
1031997	697	o6	1.469	ACATAT
1032009	248	o6	1.027	ACATAT
1032009	300	o6	1.094	ACATAT
1032028	81	6m	2.168	CATATC
1032173	118	7m8	1.687	ACATAT
1032200	668	o6	1.560	ACATAT
1032264	380	o6	3.033	ACATAT
1032279	138	o6	1.053	ACATAT
1032282	341	o6	1.241	ACATAT
1032285	2327	o6	1.241	ACATAT
1032325	2412	o6	1.973	ACATAT
1032325	2418	o6	1.860	ACATAT
1032328	94	o6	1.200	ACATAT
1032328	127	o6	2.310	ACATAT
1032328	154	o6	1.188	ACATAT
1032333	76	6m	1.055	CATATC
1032333	942	o6	2.001	ACATAT
1032333	957	o6	2.422	ACATAT
1032333	1360	o6	1.177	ACATAT
1032333	1379	o6	1.627	ACATAT
1032333	1865	8m	2.527	ACATAT
1032333	2192	7A1	2.901	CATATC
1032334	812	o6	2.194	ACATAT
1032366	135	o6	1.690	ACATAT
1032369	158	o6	1.316	ACATAT
1032369	1550	o6	1.304	ACATAT
1032369	1558	o6	1.241	ACATAT
1032369	1912	o6	1.183	ACATAT
1032369	2163	o6	1.220	ACATAT
1032369	2691	8m	2.219	ACATAT
1032369	3010	6m	1.964	CATATC
1032420	148	7m8	2.769	ACATAT
1032430	558	o6	2.141	ACATAT
1032456	441	o6	2.085	ACATAT
1032466	1786	7A1	2.680	CATATC
1032466	2203	o6	2.073	ACATAT
1032508	1763	6m	2.663	CATATC
1032586	51	o6	1.109	ACATAT
1032608	1331	o6	1.353	ACATAT
1032613	548	o6	1.784	ACATAT
1032616	83	6m	2.473	CATATC
1032616	252	7m8	2.544	ACATAT
1032622	3117	8m	3.404	ACATAT
1032622	3369	o6	1.984	ACATAT
1032622	3407	o6	1.579	ACATAT
1032622	4420	o6	2.026	ACATAT
1032634	683	o6	1.347	ACATAT
1032634	1208	o6	1.900	ACATAT
1032634	1513	o6	2.117	ACATAT
1032640	61	7m8	2.964	ACATAT
1032640	92	6m	2.047	CATATC
1032640	268	o6	2.953	ACATAT
1032640	357	o6	2.031	ACATAT
1032687	155	o6	1.099	ACATAT
1032693	331	o6	1.195	ACATAT
1032693	339	o6	1.755	ACATAT
1032718	579	o6	1.585	ACATAT
1032738	196	7A1	2.818	CATATC
1032741	355	o6	1.901	ACATAT
1032786	13	6m	1.058	CATATC
1032799	871	o6	1.284	ACATAT
1032799	2910	8m	3.273	ACATAT
1032799	3308	8m	2.676	ACATAT
1032802	408	o6	1.399	ACATAT
1032813	817	o6	1.014	ACATAT
1032813	1095	o6	1.473	ACATAT
1032829	19	7A1	2.229	CATATC
1032843	627	o6	1.264	ACATAT
1032855	714	7m8	1.202	ACATAT
1032858	601	7m8	1.202	ACATAT
1032861	494	7m8	1.202	ACATAT
1032864	306	7m8	1.202	ACATAT
1032879	100	6m	1.292	CATATC
1032902	170	o6	2.027	ACATAT
1032902	311	o6	2.544	ACATAT
1032902	552	7A1	1.295	CATATC
1032902	1673	7m8	2.215	ACATAT
1032902	1862	6m	2.544	CATATC
1032902	2611	o6	1.634	ACATAT
1032935	222	6m	1.500	CATATC
1032945	194	o6	1.592	ACATAT
1032965	604	o6	1.080	ACATAT
1033008	1385	o6	2.441	ACATAT
1033008	3461	o6	1.536	ACATAT
1033008	3844	o6	1.234	ACATAT
1033037	1148	o6	1.825	ACATAT
1033037	1159	o6	2.807	ACATAT
1033037	1340	o6	1.120	ACATAT
1033041	3219	o6	1.991	ACATAT
1033070	1070	o6	2.031	ACATAT
1033074	266	o6	1.343	ACATAT
1033088	348	o6	1.507	ACATAT
1033089	1352	8m	2.178	ACATAT
1033089	1650	6m	2.149	CATATC
1033141	674	o6	2.018	ACATAT
1033141	727	o6	1.845	ACATAT
1033141	739	o6	1.903	ACATAT
1033141	753	o6	1.397	ACATAT
1033141	1828	7m8	2.178	ACATAT
1033141	2009	o6	1.645	ACATAT
1033141	6555	o6	2.627	ACATAT
1033141	7109	o6	2.660	ACATAT
1033141	7417	o6	2.648	ACATAT
1033152	741	o6	1.275	ACATAT
1033152	1437	o6	1.945	ACATAT
1033160	568	7A1	2.686	CATATC
1033160	1000	7m8	2.283	ACATAT
1033167	121	o6	1.114	ACATAT
1033218	100	7m8	2.640	CATATC
1033218	176	o6	1.054	ACATAT
1033218	403	7m8	2.443	ACATAT
1033218	616	6m	1.294	CATATC
1033218	1041	o6	1.114	ACATAT
1033218	1478	o6	1.228	ACATAT
1033227	620	o6	1.724	ACATAT
1033227	810	o6	1.372	ACATAT
1033227	1282	o6	1.329	ACATAT
1033244	77	7m8	2.400	ACATAT
1033281	212	o6	2.098	ACATAT
1033281	301	o6	1.122	ACATAT
1033281	531	o6	1.606	ACATAT
1033281	934	o6	1.758	ACATAT
1033293	1087	o6	1.438	ACATAT
1033328	554	o6	1.169	ACATAT
1033328	777	o6	2.561	ACATAT
1033328	944	o6	2.433	ACATAT
1033328	952	o6	3.109	ACATAT
1033328	1324	o6	1.363	ACATAT
1033351	801	o6	1.950	ACATAT
1033351	807	o6	1.950	ACATAT
1033362	494	o6	1.082	ACATAT
1033362	2959	o6	1.455	ACATAT
1033409	1136	8m	2.981	ACATAT
1033409	1818	7m8	1.945	CATATC
1033409	1871	o6	1.004	ACATAT
1033409	1887	o6	1.562	ACATAT
1033414	79	o6	1.438	ACATAT
1033414	107	o6	1.163	ACATAT
1033414	575	o6	1.780	ACATAT
1033414	600	o6	1.671	ACATAT
1033452	2124	o6	1.517	ACATAT
1033461	435	o6	1.663	ACATAT
1033469	168	8m	2.788	CATATC
1033469	228	o6	1.606	ACATAT
1033475	137	o6	1.021	ACATAT
1033475	150	o6	1.246	ACATAT
1033475	160	o6	1.042	ACATAT
1033481	822	o6	1.802	ACATAT
1033488	1103	o6	1.165	ACATAT
1033553	35	6m	1.383	CATATC
1033565	819	7A1	1.322	CATATC
1033565	1887	6m	2.544	CATATC
1033565	1934	8m	3.534	ACATAT
1033565	2075	o6	3.045	ACATAT
1033571	815	o6	2.196	ACATAT
1033571	1938	7A1	2.053	CATATC
1033571	2803	7A1	2.255	CATATC
1033571	3490	8m	2.054	ACATAT
1033571	3726	6m	1.053	CATATC
1033571	3738	o6	1.134	ACATAT
1033571	4244	o6	1.326	ACATAT
1033571	4259	o6	1.308	ACATAT
1033571	4533	8m	2.772	ACATAT
1033571	4570	o6	1.737	ACATAT
1033580	26	o6	1.510	ACATAT
1033583	497	o6	1.267	ACATAT
1033583	514	o6	1.370	ACATAT
1033583	766	o6	1.499	ACATAT
1033598	1320	o6	1.225	ACATAT
1033598	1730	o6	1.786	ACATAT
1033598	1893	o6	2.350	ACATAT
1033598	2460	o6	2.050	ACATAT
1033598	2479	o6	2.350	ACATAT
1033598	4067	o6	1.598	ACATAT
1033598	6812	6m	1.687	CATATC
1033598	7423	o6	1.909	ACATAT
1033616	433	o6	1.581	ACATAT
1033634	579	7m8	2.716	ACATAT
1033634	587	o6	3.098	ACATAT
1033658	514	o6	1.192	ACATAT
1033699	105	o6	1.753	ACATAT
1033735	126	o6	1.901	ACATAT
1033739	512	6m	4.317	CATATC
1033742	892	7A1	1.860	CATATC
1033745	427	7A1	2.295	CATATC
1033786	1026	8m	2.194	ACATAT
1033786	1825	o6	1.156	ACATAT
1033786	1972	o6	2.269	ACATAT
1033789	2499	o6	1.200	ACATAT
1033789	3323	o6	2.040	ACATAT
1033803	1270	o6	1.550	ACATAT
1033806	319	o6	1.550	ACATAT
1033820	102	o6	1.944	ACATAT
1033820	226	o6	2.274	ACATAT
1033838	69	o6	2.057	ACATAT
1033847	28	o6	2.520	ACATAT
1033847	83	o6	2.326	ACATAT
1033850	164	o6	1.675	ACATAT
1033865	145	o6	1.374	ACATAT
1033877	728	7m8	3.012	CATATC
1033877	1950	o6	2.151	ACATAT
1033883	190	7A1	3.347	CATATC
1033883	1750	o6	2.717	ACATAT
1033906	309	o6	1.322	ACATAT
1033906	315	o6	2.184	ACATAT
1033906	321	o6	1.806	ACATAT
1033933	350	o6	1.322	ACATAT
1033945	61	7m8	1.624	CATATC
1033948	969	7m8	1.158	CATATC
1033971	132	o6	1.401	ACATAT
1033971	833	o6	1.352	ACATAT
1033971	939	6m	2.140	CATATC
1033971	950	8m	3.618	ACATAT
1033971	1138	8m	4.166	ACATAT
1033971	1219	o6	2.530	ACATAT
1033971	1233	6m	2.861	CATATC
1033971	1771	8m	3.028	CATATC
1033971	2236	o6	1.986	ACATAT
1033971	2309	o6	1.278	ACATAT
1033971	2370	o6	1.049	ACATAT
1033971	3528	7m8	1.251	ACATAT
1033971	3778	7A1	1.405	CATATC
1033995	412	o6	1.009	ACATAT
1034001	93	7m8	2.321	ACATAT
1034058	32	o6	2.219	ACATAT
1034068	240	o6	1.648	ACATAT
1034068	5816	o6	1.150	ACATAT
1034068	6847	o6	1.315	ACATAT
1034088	27	o6	1.565	ACATAT
1034089	1387	o6	2.356	ACATAT
1034134	610	7m8	3.052	ACATAT
1034152	180	o6	1.051	ACATAT
1034152	413	o6	1.086	ACATAT
1034160	1097	o6	1.096	ACATAT
1034164	267	o6	1.618	ACATAT
1034164	669	6m	1.073	CATATC
1034185	850	8m	1.831	ACATAT
1034185	1272	7m8	1.831	ACATAT
1034202	1743	7m8	2.122	CATATC
1034230	728	8m	3.941	ACATAT
1034247	1532	6m	1.291	CATATC
1034247	2392	o6	1.284	ACATAT
1034247	2538	o6	2.275	ACATAT
1034248	335	o6	1.914	ACATAT
1034248	354	o6	3.781	ACATAT
1034262	236	o6	1.239	ACATAT
1034268	39	o6	1.010	ACATAT
1034277	968	o6	2.443	ACATAT
1034277	980	o6	1.623	ACATAT
1034296	262	o6	1.560	ACATAT
1034308	118	6m	1.707	CATATC
1034311	716	7m8	2.459	CATATC
1034316	383	o6	1.189	ACATAT
1034316	2262	o6	1.618	ACATAT
1034316	3192	o6	1.494	ACATAT
1034316	3820	o6	1.241	ACATAT
1034319	37	o6	1.648	ACATAT
1034328	795	o6	1.017	ACATAT
1034328	815	o6	1.357	ACATAT
1034331	868	o6	1.337	ACATAT
1034331	1604	o6	2.151	ACATAT
1034334	96	o6	1.892	ACATAT
1034340	675	o6	1.642	ACATAT
1034353	316	6m	3.318	CATATC
1034361	69	o6	2.030	ACATAT
1034361	77	o6	1.120	ACATAT
1034361	1494	o6	1.678	ACATAT
1034361	1500	o6	1.415	ACATAT
1034362	1882	o6	3.663	ACATAT
1034397	907	o6	1.073	ACATAT
1034397	1277	o6	1.073	ACATAT
1034397	3060	o6	1.328	ACATAT
1034397	3182	o6	1.073	ACATAT
1034400	510	o6	2.226	ACATAT
1034406	744	6m	2.065	CATATC
1034406	997	o6	1.927	ACATAT
1034427	57	6m	1.373	CATATC
1034496	90	8m	2.840	ACATAT
1034496	999	o6	1.349	ACATAT
1034496	1272	o6	2.377	ACATAT
1034499	999	o6	1.167	ACATAT
1034518	325	7m8	1.751	ACATAT
1034545	2146	7A1	2.204	CATATC
1034556	1326	o6	3.619	ACATAT
1034556	2380	o6	2.321	ACATAT
1034565	842	o6	1.906	ACATAT
1034565	2012	o6	1.508	ACATAT
1034569	1111	7A1	1.711	CATATC
1034569	4077	7A1	1.703	CATATC
1034569	4476	7m8	2.807	ACATAT
1034577	99	7A1	1.487	CATATC
1034586	537	o6	1.244	ACATAT
1034589	494	o6	1.652	ACATAT
1034589	600	o6	2.321	ACATAT
1034589	634	o6	2.035	ACATAT
1034589	1043	o6	1.567	ACATAT
1034589	1058	o6	2.127	ACATAT
1034593	818	o6	1.448	ACATAT
1034593	844	o6	1.130	ACATAT
1034593	1278	o6	2.209	ACATAT
1034599	298	o6	1.737	ACATAT
1034613	80	o6	1.261	ACATAT
1034614	588	o6	1.873	ACATAT
1034617	45	6m	1.336	CATATC
1034620	384	o6	1.711	ACATAT
1034665	398	7m8	1.792	ACATAT
1034665	1256	7A1	2.149	CATATC
1034671	309	6m	1.436	CATATC
1034679	1262	6m	1.891	CATATC
1034679	1642	o6	1.074	ACATAT
1034679	1683	o6	1.507	ACATAT
1034679	3164	7A1	2.344	CATATC
1034679	3680	o6	1.316	ACATAT
1034684	47	o6	1.001	ACATAT
1034687	75	o6	1.088	ACATAT
1034687	116	o6	1.712	ACATAT
1034690	600	o6	1.514	ACATAT
1034690	1830	o6	2.375	ACATAT
1034690	1851	o6	2.307	ACATAT
1034709	1050	7m8	1.035	ACATAT
1034723	782	o6	1.652	ACATAT
1034726	983	7m8	2.073	ACATAT
1034739	2060	o6	1.928	ACATAT
1034739	2231	o6	1.198	ACATAT
1034739	2298	o6	1.600	ACATAT
1034739	2996	o6	2.566	ACATAT
1034744	384	o6	1.328	ACATAT
1034766	681	o6	2.530	ACATAT
1034771	1439	o6	1.299	ACATAT
1034771	1756	o6	3.379	ACATAT
1034771	1930	o6	2.816	ACATAT
1034818	83	o6	1.120	ACATAT
1034828	464	o6	1.683	ACATAT
1034836	1377	o6	1.906	ACATAT
1034842	168	o6	1.860	ACATAT
1034884	86	o6	2.309	ACATAT
1034884	337	7A1	2.807	CATATC
1034893	302	o6	1.106	ACATAT
1034899	1229	o6	1.834	ACATAT
1034899	2976	o6	1.805	ACATAT
1034909	688	o6	2.568	ACATAT
1034909	700	o6	1.691	ACATAT
1034909	3048	o6	2.043	ACATAT
1034917	1494	o6	1.502	ACATAT
1034918	261	o6	1.894	ACATAT
1034923	341	8m	1.872	ACATAT
1034941	264	6m	1.093	CATATC
1034962	412	o6	1.010	ACATAT
1034995	4941	o6	1.225	ACATAT
1035001	137	o6	1.149	ACATAT
1035001	2581	o6	2.534	ACATAT
1035001	2823	o6	3.297	ACATAT
1035010	2682	o6	1.161	ACATAT
1035010	2738	o6	1.765	ACATAT
1035010	3669	o6	1.288	ACATAT
1035010	4487	7m8	3.258	ACATAT
1035015	568	o6	1.649	ACATAT
1035015	709	o6	2.943	ACATAT
1035037	130	o6	1.200	ACATAT
1035037	1311	o6	1.753	ACATAT
1035040	5152	o6	1.230	ACATAT
1035093	159	8m	1.548	ACATAT
1035114	88	o6	1.144	ACATAT
1035114	96	o6	1.144	ACATAT
1035136	226	o6	1.951	ACATAT
1035136	458	o6	1.863	ACATAT
1035154	167	o6	1.010	ACATAT
1035181	217	o6	1.762	ACATAT
1035181	252	o6	1.358	ACATAT
1035181	268	7m8	1.745	ACATAT
1035192	1121	o6	1.112	ACATAT
1035198	1499	o6	1.079	ACATAT
1035198	3126	o6	1.291	ACATAT
1035204	630	o6	1.227	ACATAT
1035213	1346	o6	1.512	ACATAT
1035213	2272	o6	2.775	ACATAT
1035213	2321	o6	1.906	ACATAT
1035213	2426	o6	1.563	ACATAT
1035242	183	6m	1.762	CATATC
1035252	501	o6	1.084	ACATAT
1035252	545	o6	1.107	ACATAT
1035252	766	o6	1.180	ACATAT
1035257	226	7A1	2.098	CATATC
1035260	109	o6	1.069	ACATAT
1035260	117	o6	1.266	ACATAT
1035260	233	7A1	1.162	CATATC
1035260	335	7m8	1.139	ACATAT
1035276	724	o6	3.093	ACATAT
1035279	26	o6	1.306	ACATAT
1035288	1191	7m8	2.849	ACATAT
1035314	1002	8m	2.497	ACATAT
1035314	1327	o6	2.497	ACATAT
1035384	456	o6	1.760	ACATAT
1035408	206	o6	2.181	ACATAT
1035408	382	o6	1.926	ACATAT
1035408	493	o6	2.801	ACATAT
1035426	190	6m	1.112	CATATC
1035453	537	o6	1.241	ACATAT
1035476	512	o6	1.524	ACATAT
1035477	567	o6	1.690	ACATAT
1035477	2128	o6	2.781	ACATAT
1035494	25	o6	1.682	ACATAT
1035494	333	8m	1.036	ACATAT
1035506	899	o6	2.082	ACATAT
1035513	557	o6	1.288	ACATAT
1035536	2571	o6	1.260	ACATAT
1035540	375	o6	2.776	ACATAT
1035561	841	6m	2.050	CATATC
1035566	1454	o6	1.617	ACATAT
1035569	1127	o6	1.731	ACATAT
1035569	1566	o6	1.903	ACATAT
1035569	5729	o6	2.011	ACATAT
1035569	5746	o6	1.992	ACATAT
1035569	6185	o6	1.793	ACATAT
1035569	6201	o6	1.793	ACATAT
1035569	6215	o6	1.088	ACATAT
1035569	6401	o6	2.230	ACATAT
1035569	6411	o6	1.574	ACATAT
1035569	7733	8m	2.240	ACATAT
1035569	9748	o6	1.934	ACATAT
1035569	9798	o6	1.495	ACATAT
1035569	9809	o6	1.750	ACATAT
1035569	10284	o6	2.443	ACATAT
1035569	11539	7m8	1.512	ACATAT
1035569	11707	7m8	1.040	ACATAT
1035569	13951	o6	1.368	ACATAT
1035569	14900	o6	1.323	ACATAT
1035569	15098	o6	2.244	ACATAT
1035569	15247	o6	1.112	ACATAT
1035569	15907	o6	1.254	ACATAT
1035569	16794	8m	2.629	ACATAT
1035569	17789	o6	1.288	ACATAT
1035569	17840	o6	2.629	ACATAT
1035569	17897	o6	1.444	ACATAT
1035569	17907	o6	1.423	ACATAT
1035582	290	o6	1.241	ACATAT
1035582	1969	o6	1.882	ACATAT
1035585	635	o6	1.341	ACATAT
1035594	1300	o6	2.320	ACATAT
1035594	1862	o6	5.323	ACATAT
1035602	313	o6	1.736	ACATAT
1035656	2694	8m	2.783	ACATAT
1035656	3127	o6	1.328	ACATAT
1035656	3424	6m	1.434	CATATC
1035687	368	6m	1.994	CATATC
1035687	519	o6	1.220	ACATAT
1035692	55	o6	1.757	ACATAT
1035701	263	7A1	2.907	CATATC
1035701	328	o6	1.254	ACATAT
1035701	335	o6	1.615	ACATAT
1035704	739	7A1	1.708	CATATC
1035714	234	o6	2.924	ACATAT
1035729	832	o6	2.615	ACATAT
1035768	1208	o6	1.155	ACATAT
1035768	1310	o6	2.662	ACATAT
1035768	1511	o6	1.112	ACATAT
1035779	82	o6	1.620	ACATAT
1035782	1664	o6	2.195	ACATAT
1035783	2845	o6	1.340	ACATAT
1035783	2855	o6	1.291	ACATAT
1035783	2877	o6	2.386	ACATAT
1035783	3478	o6	1.459	ACATAT
1035783	4425	o6	1.340	ACATAT
1035783	4481	7A1	3.371	CATATC
1035809	332	o6	1.563	ACATAT
1035809	446	o6	2.098	ACATAT
1035810	52	o6	1.757	ACATAT
1035843	978	o6	1.171	ACATAT
1035843	1149	o6	1.482	ACATAT
1035843	2176	o6	1.114	ACATAT
1035843	2416	o6	1.191	ACATAT
1035945	3910	o6	1.126	ACATAT
1035963	552	7m8	1.635	ACATAT
1035963	690	7A1	1.276	CATATC
1035963	828	7A1	1.276	CATATC
1035974	179	o6	1.032	ACATAT
1035993	155	6m	1.154	CATATC
1036043	5	6m	4.216	CATATC
1036046	1202	o6	1.370	ACATAT
1036080	1062	o6	1.587	ACATAT
1036080	1140	o6	2.763	ACATAT
1036089	162	6m	1.666	CATATC
1036127	869	o6	2.409	ACATAT
1036128	167	o6	1.265	ACATAT
1036154	130	o6	1.358	ACATAT
1036154	260	o6	1.223	ACATAT
1036154	1135	o6	1.523	ACATAT
1036154	1168	o6	1.942	ACATAT
1036154	1391	o6	1.114	ACATAT
1036154	3406	o6	1.629	ACATAT
1036170	464	o6	2.922	ACATAT
1036193	57	o6	1.843	ACATAT
1036208	405	o6	1.560	ACATAT
1036232	1122	o6	1.776	ACATAT
1036239	34	o6	2.639	ACATAT
1036283	1298	o6	1.136	ACATAT
1036283	1390	o6	1.374	ACATAT
1036283	1571	o6	1.796	ACATAT
1036286	105	6m	1.002	CATATC
1036290	271	o6	1.446	ACATAT
1036343	729	6m	1.006	CATATC
1036355	512	o6	1.335	ACATAT
1036359	75	7m8	2.102	CATATC
1036367	1085	o6	1.322	ACATAT
1036374	587	6m	2.031	CATATC
1036374	1883	o6	2.575	ACATAT
1036374	2456	o6	4.116	ACATAT
1036381	2916	o6	1.298	ACATAT
1036381	3034	o6	1.540	ACATAT
1036392	65	o6	3.942	ACATAT
1036399	474	o6	1.150	ACATAT
1036399	1149	o6	1.169	ACATAT
1036405	1033	o6	2.414	ACATAT
1036419	588	o6	1.499	ACATAT
1036419	888	o6	1.334	ACATAT
1036419	1294	o6	2.016	ACATAT
1036420	57	6m	2.016	CATATC
1036470	371	o6	1.187	ACATAT
1036479	194	o6	1.726	ACATAT
1036479	200	o6	1.726	ACATAT
1036482	1578	o6	1.432	ACATAT
1036528	146	o6	1.076	ACATAT
1036537	1128	o6	1.209	ACATAT
1036537	1927	o6	1.536	ACATAT
1036558	385	o6	1.502	ACATAT
1036558	689	7A1	3.390	CATATC
1036558	1015	7m8	3.398	ACATAT
1036568	3362	o6	1.633	ACATAT
1036598	284	o6	1.959	ACATAT
1036601	289	o6	1.906	ACATAT
1036636	269	8m	1.814	CATATC
1036637	161	o6	1.314	ACATAT
1036645	232	o6	1.156	ACATAT
1036653	164	o6	1.740	ACATAT
1036676	927	o6	2.016	ACATAT
1036682	986	o6	1.220	ACATAT
1036682	992	o6	1.220	ACATAT
1036691	108	o6	1.161	ACATAT
1036707	36	o6	1.265	ACATAT
1036715	307	o6	1.874	ACATAT
1036719	273	o6	3.177	ACATAT
1036724	642	o6	2.447	ACATAT
1036727	202	o6	1.425	ACATAT
1036745	616	o6	1.108	ACATAT
1036745	769	o6	3.464	ACATAT
1036772	84	o6	2.722	ACATAT
1036787	387	o6	1.448	ACATAT
1036787	1360	o6	2.981	ACATAT
1036788	388	o6	1.902	ACATAT
1036788	394	o6	1.628	ACATAT
1036788	446	o6	1.635	ACATAT
1036835	167	o6	2.835	ACATAT
1036841	130	o6	1.547	ACATAT
1036899	500	o6	1.110	ACATAT
1036928	299	o6	2.189	ACATAT
1036928	317	o6	2.377	ACATAT
1036968	384	o6	1.590	ACATAT
1036968	394	o6	1.906	ACATAT
1036968	409	o6	1.946	ACATAT
1037021	90	o6	2.080	ACATAT
1037036	540	o6	1.863	ACATAT
1037098	550	o6	1.083	ACATAT
1037101	140	o6	1.391	ACATAT
1037153	105	o6	2.350	ACATAT
1037153	215	o6	2.770	ACATAT
1037153	270	o6	2.635	ACATAT
1037153	1074	o6	1.861	ACATAT
1037191	133	o6	1.117	ACATAT
1037191	856	6m	1.216	CATATC
1037191	1013	o6	1.277	ACATAT
1037207	673	o6	2.149	ACATAT
1037207	845	o6	2.691	ACATAT
1037301	1262	o6	1.054	ACATAT
1037301	2942	o6	1.613	ACATAT
1037301	3131	o6	1.360	ACATAT
1037307	416	o6	1.645	ACATAT
1037339	59	6m	1.188	CATATC
1037339	2064	o6	1.041	ACATAT
1037361	513	6m	2.214	CATATC
1037380	44	o6	1.260	ACATAT
1037386	2421	o6	1.485	ACATAT
1037389	64	o6	1.712	ACATAT
1037485	1547	o6	1.134	ACATAT
1037494	1813	o6	1.188	ACATAT
1037498	2	6m	2.100	CATATC
1037504	186	o6	1.071	ACATAT
1037516	1129	o6	1.148	ACATAT
1037588	447	7A1	1.304	CATATC
1037615	395	o6	1.623	ACATAT
1037620	11	o6	2.369	ACATAT
1037620	100	o6	1.815	ACATAT
1037630	389	8m	3.164	ACATAT
1037635	169	6m	1.950	CATATC
1037679	111	o6	1.329	ACATAT
1037684	423	o6	1.351	ACATAT
1037691	479	o6	1.230	ACATAT
1037705	683	o6	1.241	ACATAT
1037705	734	7A1	2.401	CATATC
1037705	1342	o6	1.904	ACATAT
1037709	227	o6	1.977	ACATAT
1037732	329	6m	2.648	CATATC
1037750	46	o6	1.606	ACATAT
1037768	252	o6	1.036	ACATAT
1037768	264	o6	1.036	ACATAT
1037824	553	o6	1.466	ACATAT
1037824	868	o6	1.403	ACATAT
1037832	215	o6	2.198	ACATAT
1037853	393	o6	1.763	ACATAT
1037923	242	o6	1.303	ACATAT
1037937	148	o6	1.657	ACATAT
1037949	115	o6	1.665	ACATAT
1037958	52	o6	1.308	ACATAT
1038021	802	7m8	1.494	ACATAT
1038025	127	o6	1.449	ACATAT
1038066	693	o6	2.409	ACATAT
1038066	1089	o6	1.831	ACATAT
1038066	2359	o6	2.755	ACATAT
1038067	1573	o6	2.344	ACATAT
1038122	1585	o6	2.008	ACATAT
1038217	174	o6	1.380	ACATAT
1038235	407	o6	1.751	ACATAT
1038284	49	o6	2.454	ACATAT
1038285	653	o6	1.722	ACATAT
1038293	841	o6	1.491	ACATAT
1038293	1745	o6	1.893	ACATAT
1038293	1955	o6	1.109	ACATAT
1038293	3701	o6	2.008	ACATAT
1038312	1509	o6	1.095	ACATAT
1038312	2736	o6	1.378	ACATAT
1038312	3870	o6	2.384	ACATAT
1038339	81	o6	1.348	ACATAT
1038342	218	o6	1.009	ACATAT
1038366	536	8m	3.956	CATATC
1038410	778	o6	1.890	ACATAT
1038410	788	o6	1.762	ACATAT
1038410	994	8m	2.194	ACATAT
1038437	90	o6	1.273	ACATAT
1038470	758	o6	1.379	ACATAT
1038485	524	7m8	2.854	ACATAT
1038511	278	o6	1.831	ACATAT
1038529	681	o6	2.188	ACATAT
1038529	1180	o6	1.349	ACATAT
1038529	2337	o6	2.195	ACATAT
1038535	661	o6	2.020	ACATAT
1038589	171	o6	1.214	ACATAT
1038611	111	o6	1.900	ACATAT
1038629	600	o6	5.917	ACATAT
1038640	371	o6	1.259	ACATAT
1038640	463	o6	2.669	ACATAT
1038640	1145	o6	1.105	ACATAT
1038640	2269	7m8	2.836	ACATAT
1038640	2829	o6	1.232	ACATAT
1038643	647	6m	3.236	CATATC
1038670	1137	8m	2.775	ACATAT
1038670	1724	o6	1.560	ACATAT
1038682	428	o6	1.941	ACATAT
1038682	434	o6	1.941	ACATAT
1038686	412	o6	3.151	ACATAT
1038704	540	o6	1.027	ACATAT
1038710	386	6m	1.219	CATATC
1038710	1260	8m	2.589	ACATAT
1038727	185	o6	1.320	ACATAT
1038727	203	o6	1.624	ACATAT
1038727	411	o6	1.865	ACATAT
1038748	575	o6	1.439	ACATAT
1038748	1749	o6	2.450	ACATAT
1038748	1963	o6	1.999	ACATAT
1038752	785	o6	1.303	ACATAT
1038752	1715	o6	2.037	ACATAT
1038832	313	o6	1.151	ACATAT
1038833	970	o6	1.682	ACATAT
1038854	706	6m	2.008	CATATC
1038855	333	o6	2.117	ACATAT
1038860	1364	o6	1.746	ACATAT
1038867	60	o6	1.784	ACATAT
1038867	399	o6	1.710	ACATAT
1038878	143	o6	1.199	ACATAT
1038897	1311	o6	1.699	ACATAT
1038897	1375	o6	1.946	ACATAT
1038900	2333	o6	1.699	ACATAT
1038900	2397	o6	1.946	ACATAT
1038936	7	6m	1.596	CATATC
1038948	736	o6	1.648	ACATAT
1038954	603	o6	1.281	ACATAT
1038992	169	o6	1.563	ACATAT
1038992	175	o6	1.606	ACATAT
1038997	22	7m8	3.582	CATATC
1039007	813	o6	2.868	ACATAT
1039007	825	8m	3.913	ACATAT
1039048	207	6m	1.997	CATATC
1039061	3286	o6	2.568	ACATAT
1039061	3311	o6	3.133	ACATAT
1039114	328	o6	1.729	ACATAT
1039114	340	o6	1.207	ACATAT
1039118	1325	o6	1.684	ACATAT
1039218	327	o6	1.254	ACATAT
1039250	114	o6	1.040	ACATAT
1039267	303	6m	3.211	CATATC
1039267	1302	o6	1.208	ACATAT
1039267	1385	o6	1.713	ACATAT
1039274	208	o6	1.108	ACATAT
1039285	2160	o6	2.495	ACATAT
1039285	2269	o6	2.607	ACATAT
1039285	2428	o6	2.495	ACATAT
1039285	2440	o6	2.540	ACATAT
1039285	2518	o6	2.439	ACATAT
1039300	352	o6	1.178	ACATAT
1039300	981	o6	1.141	ACATAT
1039301	514	o6	1.253	ACATAT
1039301	646	o6	2.517	ACATAT
1039301	683	o6	1.830	ACATAT
1039301	695	o6	1.894	ACATAT
1039376	669	o6	2.207	ACATAT
1039421	86	o6	2.053	ACATAT
1039422	1128	7m8	2.169	ACATAT
1039445	852	8m	2.405	ACATAT
1039445	1029	o6	1.423	ACATAT
1039445	1041	o6	1.928	ACATAT
1039445	1625	6m	1.457	CATATC
1039469	2090	6m	3.041	CATATC
1039469	2144	o6	1.329	ACATAT
1039469	2209	o6	2.624	ACATAT
1039469	2405	o6	2.309	ACATAT
1039474	370	o6	1.224	ACATAT
1039481	1273	7m8	2.051	CATATC
1039502	95	o6	4.317	ACATAT
1039502	3457	6m	2.060	CATATC
1039502	6183	o6	1.074	ACATAT
1039557	935	o6	1.350	ACATAT
1039563	5418	7A1	1.606	CATATC
1039563	5541	o6	1.284	ACATAT
1039563	5745	o6	2.231	ACATAT
1039607	110	8m	1.079	ACATAT
1039612	1194	o6	1.331	ACATAT
1039625	482	o6	1.873	ACATAT
1039694	588	o6	1.873	ACATAT
1039703	794	o6	1.711	ACATAT
1039703	800	o6	1.469	ACATAT
1039703	834	o6	1.711	ACATAT
1039706	470	8m	2.065	ACATAT
1039706	580	6m	2.065	CATATC
1039776	35	o6	1.757	ACATAT
1039783	214	o6	1.285	ACATAT
1039797	434	o6	1.439	ACATAT
1039797	730	o6	1.267	ACATAT
1039797	1960	o6	1.177	ACATAT
1039797	2369	o6	2.581	ACATAT
1039808	1468	o6	1.755	ACATAT
1039808	2375	o6	1.325	ACATAT
1039811	1423	o6	1.755	ACATAT
1039811	2330	o6	1.325	ACATAT
1039853	1156	o6	1.288	ACATAT
1039853	1188	o6	1.862	ACATAT
1039853	4080	8m	2.981	ACATAT
1039853	6259	7m8	2.073	ACATAT
1039853	7372	o6	1.703	ACATAT
1039853	7384	o6	1.434	ACATAT
1039858	1506	o6	1.351	ACATAT
1039858	1658	o6	1.818	ACATAT
1039858	4225	o6	1.247	ACATAT
1039858	4239	o6	1.588	ACATAT
1039858	4779	o6	2.070	ACATAT
1039865	269	o6	2.354	ACATAT
1039865	369	o6	1.367	ACATAT
1039870	636	o6	2.030	ACATAT
1039891	238	o6	1.151	ACATAT
1039891	250	o6	1.610	ACATAT
1039891	258	o6	1.333	ACATAT
1039908	3062	o6	1.516	ACATAT
1039908	3857	o6	1.156	ACATAT
1039908	4671	o6	1.237	ACATAT
1039919	2387	o6	1.082	ACATAT
1039919	2898	o6	1.864	ACATAT
1039931	260	o6	1.320	ACATAT
1039931	284	o6	1.783	ACATAT
1039932	989	o6	1.714	ACATAT
1039932	1072	o6	2.125	ACATAT
1039950	703	o6	1.073	ACATAT
1039955	830	o6	1.524	ACATAT
1039959	161	7m8	2.558	CATATC
1039964	169	6m	3.514	CATATC
1039964	801	7m8	2.854	ACATAT
1039964	915	o6	2.899	ACATAT
1039971	238	o6	2.168	ACATAT
1039971	257	o6	1.795	ACATAT
1040001	88	7A1	3.529	CATATC
1040001	98	7A1	3.529	CATATC
1040007	1508	6m	1.201	CATATC
1040007	1605	o6	1.456	ACATAT
1040007	1620	6m	1.633	CATATC
1040007	2140	o6	1.548	ACATAT
1040012	2641	o6	3.843	ACATAT
1040019	495	7m8	1.091	ACATAT
1040031	796	o6	1.408	ACATAT
1040031	824	o6	1.112	ACATAT
1040037	1457	o6	1.755	ACATAT
1040037	2364	o6	1.325	ACATAT
1040048	135	o6	1.560	ACATAT
1040049	135	o6	1.029	ACATAT
1040049	150	o6	2.040	ACATAT
1040049	2326	o6	1.506	ACATAT
1040058	89	o6	2.262	ACATAT
1040058	2962	o6	1.040	ACATAT
1040058	4554	o6	2.074	ACATAT
1040070	3515	o6	3.158	ACATAT
1040091	559	o6	2.264	ACATAT
1040091	1458	o6	1.086	ACATAT
1040091	1466	o6	1.511	ACATAT
1040115	640	o6	3.338	ACATAT
1040115	648	o6	2.137	ACATAT
1040129	1668	o6	1.225	ACATAT
1040129	1790	7m8	2.274	ACATAT
1040136	412	7m8	1.360	ACATAT
1040148	2394	o6	1.727	ACATAT
1040162	398	o6	2.062	ACATAT
1040162	412	o6	1.143	ACATAT
1040162	498	o6	3.232	ACATAT
1040165	3279	o6	1.073	ACATAT
1040165	3301	o6	1.589	ACATAT
1040190	964	o6	2.778	ACATAT
1040190	1403	o6	2.210	ACATAT
1040190	2367	o6	2.449	ACATAT
1040190	2384	o6	1.295	ACATAT
1040202	551	o6	1.857	ACATAT
1040202	1561	o6	1.087	ACATAT
1040202	1964	o6	1.144	ACATAT
1040210	1195	o6	1.125	ACATAT
1040210	1366	o6	1.445	ACATAT
1040210	1752	6m	2.301	CATATC
1040214	192	o6	1.227	ACATAT
1040228	1559	o6	1.203	ACATAT
1040231	599	o6	1.611	ACATAT
1040237	966	o6	2.553	ACATAT
1040237	1281	o6	1.219	ACATAT
1040237	1425	o6	1.681	ACATAT
1040258	31	o6	1.000	ACATAT
1040283	468	o6	1.007	ACATAT
1040283	2183	o6	1.156	ACATAT
1040283	3614	o6	1.903	ACATAT
1040294	190	o6	2.048	ACATAT
1040294	569	6m	1.711	CATATC
1040297	2840	o6	1.040	ACATAT
1040298	2965	7A1	1.238	CATATC
1040298	3569	o6	2.047	ACATAT
1040298	3575	o6	2.047	ACATAT
1040298	5032	o6	2.317	ACATAT
1040298	6589	o6	1.125	ACATAT
1040298	6700	o6	2.455	ACATAT
1040298	8620	o6	1.067	ACATAT
1040303	117	o6	1.810	ACATAT
1040304	559	o6	1.548	ACATAT
1040304	2594	o6	2.728	ACATAT
1040318	321	o6	1.643	ACATAT
1040318	502	o6	1.373	ACATAT
1040318	1662	o6	1.254	ACATAT
1040318	2309	o6	1.453	ACATAT
1040325	43	o6	1.697	ACATAT
1040325	199	7A1	2.757	CATATC
1040331	493	7m8	1.032	ACATAT
1040337	4442	o6	1.265	ACATAT
1040337	4624	o6	3.239	ACATAT
1040346	1586	7A1	2.549	CATATC
1040346	2082	o6	1.073	ACATAT
1040346	2169	6m	1.073	CATATC
1040346	2237	o6	1.896	ACATAT
1040346	2287	o6	1.632	ACATAT
1040346	3156	7m8	1.328	ACATAT
1040352	197	o6	1.183	ACATAT
1040352	1074	o6	1.266	ACATAT
1040352	1086	o6	2.409	ACATAT
1040352	1107	o6	2.004	ACATAT
1040352	3398	7A1	3.524	CATATC
1040366	162	o6	1.120	ACATAT
1040367	1734	o6	1.377	ACATAT
1040367	1834	o6	2.252	ACATAT
1040367	1870	o6	1.286	ACATAT
1040387	2343	o6	2.232	ACATAT
1040392	954	7A1	2.722	CATATC
1040392	1680	o6	1.268	ACATAT
1040395	1468	o6	1.331	ACATAT
1040411	323	o6	1.013	ACATAT
1040411	423	o6	1.562	ACATAT
1040411	2550	o6	1.107	ACATAT
1040417	728	o6	1.796	ACATAT
1040417	747	o6	1.061	ACATAT
1040417	961	o6	1.359	ACATAT
1040417	2896	o6	1.034	ACATAT
1040429	166	o6	2.065	ACATAT
1040429	185	o6	2.844	ACATAT
1040434	1046	o6	1.621	ACATAT
1040434	1935	o6	1.815	ACATAT
1040434	1995	o6	1.673	ACATAT
1040434	2507	o6	1.309	ACATAT
1040434	2713	o6	1.750	ACATAT
1040437	1923	8m	2.005	ACATAT
1040438	86	o6	2.991	ACATAT
1040444	192	7A1	1.423	CATATC
1040444	1167	o6	1.599	ACATAT
1040471	52	o6	1.600	ACATAT
1040479	154	o6	3.785	ACATAT
1040479	3423	o6	2.099	ACATAT
1040486	1219	o6	1.049	ACATAT
1040486	3079	o6	2.786	ACATAT
1040500	2294	o6	1.104	ACATAT
1040527	174	7A1	3.050	CATATC
1040528	143	7A1	1.402	CATATC
1040538	2097	o6	1.084	ACATAT
1040539	79	o6	1.314	ACATAT
1040542	1334	o6	4.154	ACATAT
1040542	1568	o6	2.082	ACATAT
1040542	2790	o6	1.042	ACATAT
1040547	223	o6	1.040	ACATAT
1040589	105	o6	1.195	ACATAT
1040589	545	o6	1.262	ACATAT
1040590	3546	o6	1.967	ACATAT
1040590	6897	o6	1.575	ACATAT
1040632	82	o6	1.885	ACATAT
1040635	2514	o6	2.208	ACATAT
1040635	3177	o6	1.059	ACATAT
1040635	3436	o6	1.332	ACATAT
1040635	3585	o6	1.059	ACATAT
1040646	1034	o6	2.377	ACATAT
1040647	482	o6	2.189	ACATAT
1040650	482	o6	2.530	ACATAT
1040653	482	o6	2.643	ACATAT
