1000069	519	7m8	2.230	TATTCT
1000069	1638	7A1	2.247	ATTCTA
1000209	157	7m8	1.307	TATTCT
1000227	307	o6	1.285	TATTCT
1000264	733	o6	1.368	TATTCT
1000272	84	7m8	2.220	TATTCT
1000324	320	6m	1.030	ATTCTA
1000324	403	o6	1.427	TATTCT
1000327	502	7m8	1.711	TATTCT
1000327	526	7m8	1.651	TATTCT
1000360	1706	7A1	1.405	ATTCTA
1000446	139	o6	1.328	TATTCT
1000478	725	o6	1.212	TATTCT
1000490	296	6m	1.042	ATTCTA
1000530	625	6m	1.485	ATTCTA
1000553	171	o6	1.706	TATTCT
1000553	690	6m	1.321	ATTCTA
1000587	564	7A1	2.196	ATTCTA
1000602	61	o6	1.986	TATTCT
1000602	390	o6	1.043	TATTCT
1000619	429	8m	1.271	TATTCT
1000686	169	7A1	1.081	ATTCTA
1000706	1652	6m	2.660	ATTCTA
1000743	921	6m	1.891	ATTCTA
1000842	687	8m	1.562	TATTCT
1000845	979	8m	2.202	TATTCT
1000853	285	o6	1.115	TATTCT
1000863	474	7m8	1.002	TATTCT
1000923	320	o6	2.184	TATTCT
1000923	415	o6	1.584	TATTCT
1000932	1	o6	1.753	TATTCT
1000947	907	6m	1.200	ATTCTA
1000947	917	7A1	1.200	ATTCTA
1000962	242	o6	2.632	TATTCT
1001012	913	8m	1.126	TATTCT
1001012	1889	6m	2.073	ATTCTA
1001015	247	7A1	1.409	ATTCTA
1001054	234	o6	1.084	TATTCT
1001075	3246	7A1	1.112	ATTCTA
1001086	64	o6	1.820	TATTCT
1001090	933	6m	1.481	ATTCTA
1001108	65	o6	1.053	TATTCT
1001139	129	7m8	1.565	TATTCT
1001169	294	8m	2.147	TATTCT
1001249	621	7m8	1.215	ATTCTA
1001355	32	7A1	1.053	ATTCTA
1001402	166	o6	1.008	TATTCT
1001500	256	8m	1.232	TATTCT
1001515	351	7A1	1.006	ATTCTA
1001530	259	7A1	1.075	ATTCTA
1001533	1141	7A1	1.321	ATTCTA
1001533	1153	7A1	1.137	ATTCTA
1001533	1177	6m	1.227	ATTCTA
1001533	1207	7A1	1.352	ATTCTA
1001577	129	6m	1.946	ATTCTA
1001578	3444	8m	1.680	TATTCT
1001601	2198	o6	1.681	TATTCT
1001753	534	6m	2.077	ATTCTA
1001823	468	6m	1.104	ATTCTA
1001826	466	6m	1.874	ATTCTA
1001861	262	6m	1.691	ATTCTA
1001861	296	6m	2.026	ATTCTA
1001966	834	7m8	1.409	TATTCT
1002048	465	o6	1.599	TATTCT
1002155	878	o6	2.215	TATTCT
1002176	2536	o6	1.005	TATTCT
1002263	136	7m8	1.324	TATTCT
1002398	76	7m8	1.289	TATTCT
1002415	293	o6	1.398	TATTCT
1002544	112	o6	1.030	TATTCT
1002562	46	8m	1.322	TATTCT
1002625	28	7m8	1.010	TATTCT
1002628	446	o6	2.025	TATTCT
1002731	993	o6	1.687	TATTCT
1002794	317	6m	1.436	ATTCTA
1002872	1188	6m	2.209	ATTCTA
1002898	266	o6	1.052	TATTCT
1002898	413	o6	1.240	TATTCT
1002929	45	o6	2.292	TATTCT
1002969	675	6m	1.292	ATTCTA
1003023	4	7m8	1.296	TATTCT
1003081	36	7A1	1.159	ATTCTA
1003123	11	7m8	1.349	TATTCT
1003137	876	7A1	1.316	ATTCTA
1003248	1360	7m8	1.164	TATTCT
1003316	94	o6	1.425	TATTCT
1003316	102	8m	1.591	TATTCT
1003324	84	7m8	1.639	ATTCTA
1003387	373	6m	1.073	ATTCTA
1003417	360	o6	1.924	TATTCT
1003517	4	6m	1.693	ATTCTA
1003556	157	6m	1.123	ATTCTA
1003570	524	6m	2.446	ATTCTA
1003643	46	o6	1.563	TATTCT
1003660	2006	o6	1.308	TATTCT
1003797	479	o6	1.545	TATTCT
1003839	283	o6	1.154	TATTCT
1003900	27	7m8	1.488	TATTCT
1004145	37	6m	1.367	ATTCTA
1004145	95	o6	1.703	TATTCT
1004185	99	7A1	1.682	ATTCTA
1004190	16	8m	1.793	TATTCT
1004190	96	o6	1.045	TATTCT
1004328	105	7m8	1.533	ATTCTA
1004406	143	7A1	2.073	ATTCTA
1004437	676	o6	2.183	TATTCT
1004463	4046	o6	1.423	TATTCT
1004577	600	6m	1.973	ATTCTA
1004810	176	8m	2.704	TATTCT
1004948	806	7A1	1.437	ATTCTA
1005259	85	7A1	2.546	ATTCTA
1005349	2881	7A1	2.199	ATTCTA
1005352	1415	o6	1.190	TATTCT
1005419	80	6m	1.241	ATTCTA
1005550	790	7A1	1.094	ATTCTA
1005646	3337	6m	1.582	ATTCTA
1005701	49	6m	1.068	ATTCTA
1005752	638	o6	1.741	TATTCT
1006166	385	6m	2.048	ATTCTA
1006524	57	7m8	1.048	ATTCTA
1006599	512	6m	1.965	ATTCTA
1006707	1640	6m	1.857	ATTCTA
1006726	2043	7A1	2.098	ATTCTA
1006791	19	6m	1.184	ATTCTA
1006814	1563	6m	1.322	ATTCTA
1006838	425	o6	1.304	TATTCT
1006872	1221	7m8	1.200	ATTCTA
1006890	1131	6m	1.074	ATTCTA
1006893	70	7m8	2.871	TATTCT
1007028	183	7m8	2.810	TATTCT
1007122	337	o6	1.738	TATTCT
1007143	319	7m8	1.270	TATTCT
1007242	3614	o6	1.133	TATTCT
1007242	5832	7A1	2.778	ATTCTA
1007311	578	7A1	1.392	ATTCTA
1007379	26	o6	1.053	TATTCT
1007502	292	o6	2.486	TATTCT
1007521	1027	6m	1.047	ATTCTA
1007647	310	6m	3.034	ATTCTA
1007731	2861	7A1	1.703	ATTCTA
1007737	44	7A1	2.415	ATTCTA
1007740	1093	o6	1.650	TATTCT
1007750	757	o6	1.286	TATTCT
1007821	60	7m8	1.322	TATTCT
1007824	488	7m8	1.454	ATTCTA
1007869	472	7A1	1.270	ATTCTA
1007875	3833	o6	1.517	TATTCT
1007875	4953	6m	2.185	ATTCTA
1007903	1412	8m	1.833	TATTCT
1007950	2313	6m	1.780	ATTCTA
1007980	94	7m8	3.034	TATTCT
1008081	298	o6	1.499	TATTCT
1008081	343	6m	2.508	ATTCTA
1008081	483	6m	1.400	ATTCTA
1008109	196	7A1	1.464	ATTCTA
1008145	4355	o6	2.486	TATTCT
1008150	714	6m	1.694	ATTCTA
1008162	141	o6	1.373	TATTCT
1008259	1607	7A1	1.307	ATTCTA
1008270	946	8m	1.606	TATTCT
1008286	1798	6m	1.329	ATTCTA
1008291	112	6m	1.279	ATTCTA
1008346	409	o6	1.284	TATTCT
1008346	540	6m	1.084	ATTCTA
1008355	448	7m8	1.936	TATTCT
1008358	327	7m8	1.322	ATTCTA
1008372	929	o6	1.687	TATTCT
1008406	584	7m8	1.396	TATTCT
1008409	1588	o6	1.150	TATTCT
1008468	249	o6	1.202	TATTCT
1008487	41	8m	1.637	TATTCT
1008501	216	6m	2.425	ATTCTA
1008521	677	6m	1.284	ATTCTA
1008521	989	6m	3.441	ATTCTA
1008527	222	7m8	2.663	ATTCTA
1008584	34	6m	2.235	ATTCTA
1008606	1072	6m	1.651	ATTCTA
1008611	72	7m8	1.505	ATTCTA
1008611	226	o6	2.024	TATTCT
1008624	426	o6	1.656	TATTCT
1008720	489	o6	1.212	TATTCT
1008774	265	o6	1.528	TATTCT
1008789	251	7m8	1.979	TATTCT
1008800	54	7A1	1.208	ATTCTA
1008813	531	8m	2.390	TATTCT
1008816	150	7m8	1.518	ATTCTA
1008846	683	7m8	1.521	TATTCT
1008933	1254	o6	1.099	TATTCT
1008995	1900	o6	2.215	TATTCT
1009026	981	6m	1.210	ATTCTA
1009043	902	8m	2.692	ATTCTA
1009083	522	7A1	1.285	ATTCTA
1009101	391	7A1	2.013	ATTCTA
1009153	46	6m	1.513	ATTCTA
1009217	30	8m	1.634	TATTCT
1009273	353	7A1	2.031	ATTCTA
1009321	107	7A1	1.040	ATTCTA
1009348	520	8m	2.176	TATTCT
1009385	134	7m8	2.807	TATTCT
1009385	1024	o6	2.592	TATTCT
1009714	169	7m8	1.073	TATTCT
1009759	528	o6	1.274	TATTCT
1009834	1751	7m8	1.606	TATTCT
1009841	469	7m8	1.379	TATTCT
1009930	546	o6	1.690	TATTCT
1009948	2220	6m	1.767	ATTCTA
1009975	22	6m	1.068	ATTCTA
1010047	499	o6	1.577	TATTCT
1010095	75	o6	1.448	TATTCT
1010139	388	7m8	1.462	TATTCT
1010151	2	o6	1.671	TATTCT
1010160	1051	8m	1.374	TATTCT
1010249	271	6m	1.696	ATTCTA
1010250	2889	7A1	1.288	ATTCTA
1010274	324	7A1	1.687	ATTCTA
1010293	362	o6	2.385	TATTCT
1010332	530	6m	1.858	ATTCTA
1010397	141	6m	1.149	ATTCTA
1010426	261	o6	1.820	TATTCT
1010511	1098	o6	1.690	TATTCT
1010511	1186	o6	2.073	TATTCT
1010646	937	o6	1.241	TATTCT
1010649	1161	7A1	2.123	ATTCTA
1010652	1264	o6	1.034	TATTCT
1010682	109	6m	1.596	ATTCTA
1010703	702	o6	2.326	TATTCT
1010758	40	o6	2.013	TATTCT
1010827	61	6m	1.567	ATTCTA
1010851	570	7A1	2.000	ATTCTA
1010862	769	7A1	1.905	ATTCTA
1010862	1051	o6	1.169	TATTCT
1010946	13	6m	1.404	ATTCTA
1010956	1851	o6	1.163	TATTCT
1010974	790	o6	1.289	TATTCT
1010998	25	8m	1.914	ATTCTA
1011042	688	7A1	2.011	ATTCTA
1011107	1889	7A1	2.518	ATTCTA
1011117	834	7A1	1.207	ATTCTA
1011167	215	o6	1.086	TATTCT
1011195	27	7A1	2.185	ATTCTA
1011195	200	8m	1.485	TATTCT
1011206	63	o6	1.012	TATTCT
1011224	23	6m	1.005	ATTCTA
1011280	67	o6	1.294	TATTCT
1011327	325	o6	1.623	TATTCT
1011397	233	7m8	2.517	TATTCT
1011416	257	o6	1.312	TATTCT
1011430	312	7A1	2.848	ATTCTA
1011430	2430	o6	2.314	TATTCT
1011491	1103	6m	1.317	ATTCTA
1011491	2065	7A1	1.186	ATTCTA
1011524	822	o6	2.024	TATTCT
1011779	29	6m	2.433	ATTCTA
1011842	70	o6	1.162	TATTCT
1011860	769	6m	1.065	ATTCTA
1011909	25	8m	1.060	TATTCT
1012087	337	o6	2.350	TATTCT
1012141	38	8m	1.296	TATTCT
1012205	174	o6	1.479	TATTCT
1012205	199	6m	1.316	ATTCTA
1012329	146	o6	1.546	TATTCT
1012382	245	7m8	2.309	TATTCT
1012383	872	7A1	1.314	ATTCTA
1012479	1368	o6	2.409	TATTCT
1012491	468	8m	1.156	TATTCT
1012492	30	o6	1.497	TATTCT
1012522	464	6m	1.076	ATTCTA
1012542	357	6m	1.040	ATTCTA
1012554	133	7m8	1.405	ATTCTA
1012579	94	7m8	1.156	TATTCT
1012626	58	o6	1.234	TATTCT
1012754	108	8m	2.734	TATTCT
1012822	55	6m	2.755	ATTCTA
1012839	79	7A1	2.149	ATTCTA
1012866	81	7m8	1.322	TATTCT
1012878	893	8m	2.025	TATTCT
1013041	58	6m	1.168	ATTCTA
1013136	136	o6	1.180	TATTCT
1013223	47	8m	1.322	TATTCT
1013327	466	o6	1.926	TATTCT
1013327	1435	6m	1.322	ATTCTA
1013349	444	o6	2.764	TATTCT
1013391	89	6m	2.507	ATTCTA
1013518	1621	o6	1.139	TATTCT
1013591	1762	o6	1.284	TATTCT
1013591	5236	o6	2.496	TATTCT
1013643	221	8m	1.938	TATTCT
1013902	218	6m	1.304	ATTCTA
1013988	148	o6	2.093	TATTCT
1013988	861	6m	1.746	ATTCTA
1014004	15	o6	1.496	TATTCT
1014043	359	8m	2.484	TATTCT
1014198	513	8m	1.047	ATTCTA
1014334	70	6m	3.329	ATTCTA
1014465	263	o6	1.282	TATTCT
1014480	2945	o6	1.065	TATTCT
1014486	198	o6	1.104	TATTCT
1014545	83	6m	1.053	ATTCTA
1014686	157	7A1	1.094	ATTCTA
1014813	259	7m8	2.321	TATTCT
1014813	540	7m8	1.352	TATTCT
1014874	210	7m8	1.082	TATTCT
1014892	846	o6	2.073	TATTCT
1014898	1658	6m	1.405	ATTCTA
1014899	122	6m	1.332	ATTCTA
1014997	36	o6	1.143	TATTCT
1015041	632	o6	1.303	TATTCT
1015067	255	7A1	1.505	ATTCTA
1015085	536	6m	1.617	ATTCTA
1015085	787	8m	2.074	ATTCTA
1015145	1758	o6	1.284	TATTCT
1015145	2907	7A1	1.202	ATTCTA
1015157	399	o6	1.439	TATTCT
1015195	688	6m	1.036	ATTCTA
1015228	1253	8m	1.599	TATTCT
1015228	1942	o6	3.034	TATTCT
1015329	555	o6	2.055	TATTCT
1015341	284	8m	1.441	ATTCTA
1015375	134	7A1	1.153	ATTCTA
1015471	475	6m	2.073	ATTCTA
1015480	887	8m	2.807	TATTCT
1015526	735	o6	1.542	TATTCT
1015552	976	7A1	2.865	ATTCTA
1015572	3295	o6	3.649	TATTCT
1015637	33	8m	2.801	TATTCT
1015697	109	7m8	1.562	TATTCT
1015714	712	o6	1.820	TATTCT
1015729	154	o6	1.780	TATTCT
1015774	517	7m8	1.142	TATTCT
1015778	1253	6m	2.723	ATTCTA
1015778	1395	8m	3.034	ATTCTA
1015784	346	7m8	1.652	TATTCT
1015870	366	6m	1.052	ATTCTA
1015990	47	o6	1.322	TATTCT
1016016	1866	o6	2.949	TATTCT
1016016	2032	o6	2.840	TATTCT
1016020	1451	o6	1.483	TATTCT
1016176	1156	o6	1.120	TATTCT
1016179	1785	o6	2.350	TATTCT
1016205	754	7A1	1.322	ATTCTA
1016214	202	6m	1.442	ATTCTA
1016220	250	o6	1.977	TATTCT
1016223	355	7m8	1.692	TATTCT
1016265	384	7m8	2.173	TATTCT
1016284	423	7m8	1.172	TATTCT
1016373	911	7A1	1.520	ATTCTA
1016397	173	8m	1.393	ATTCTA
1016398	1535	o6	2.169	TATTCT
1016431	236	7m8	1.285	TATTCT
1016445	715	7A1	1.022	ATTCTA
1016445	1050	7A1	1.158	ATTCTA
1016445	1305	o6	1.095	TATTCT
1016449	3905	7A1	2.538	ATTCTA
1016470	659	7A1	2.251	ATTCTA
1016475	1389	6m	1.287	ATTCTA
1016557	998	6m	1.298	ATTCTA
1016565	60	7m8	1.405	TATTCT
1016574	627	6m	1.706	ATTCTA
1016599	1141	7A1	2.220	ATTCTA
1016599	1172	7A1	1.322	ATTCTA
1016599	1535	8m	2.544	TATTCT
1016613	129	6m	1.273	ATTCTA
1016652	553	6m	1.413	ATTCTA
1016685	1574	6m	2.219	ATTCTA
1016695	623	7m8	1.073	TATTCT
1016698	3	6m	1.866	ATTCTA
1016698	249	8m	2.420	TATTCT
1016698	757	6m	2.178	ATTCTA
1016698	1189	o6	1.073	TATTCT
1016701	1229	6m	1.982	ATTCTA
1016776	111	7m8	1.279	TATTCT
1016794	206	6m	1.405	ATTCTA
1016800	101	7A1	1.163	ATTCTA
1016848	678	o6	1.509	TATTCT
1016896	151	8m	1.162	TATTCT
1016917	475	6m	2.073	ATTCTA
1016922	692	6m	1.109	ATTCTA
1016965	71	8m	2.014	TATTCT
1016971	3433	o6	2.350	TATTCT
1016982	347	o6	2.275	TATTCT
1016986	555	6m	3.013	ATTCTA
1017012	148	o6	1.290	TATTCT
1017018	1878	o6	2.660	TATTCT
1017019	488	8m	2.174	ATTCTA
1017036	697	7A1	1.180	ATTCTA
1017096	498	7A1	2.400	ATTCTA
1017151	194	6m	1.644	ATTCTA
1017168	638	7A1	1.681	ATTCTA
1017169	1741	6m	1.944	ATTCTA
1017204	1516	o6	1.322	TATTCT
1017257	302	o6	1.008	TATTCT
1017261	461	7A1	2.220	ATTCTA
1017266	60	o6	2.125	TATTCT
1017282	383	8m	1.285	TATTCT
1017413	155	o6	1.857	TATTCT
1017437	1083	o6	1.901	TATTCT
1017496	182	6m	2.106	ATTCTA
1017496	687	6m	2.396	ATTCTA
1017524	188	o6	1.322	TATTCT
1017580	127	6m	2.544	ATTCTA
1017614	719	o6	1.600	TATTCT
1017614	1294	7A1	1.600	ATTCTA
1017696	1004	8m	1.284	TATTCT
1017787	398	7A1	2.489	ATTCTA
1017830	1406	6m	2.660	ATTCTA
1017927	176	o6	1.887	TATTCT
1018033	271	o6	1.051	TATTCT
1018134	1362	6m	1.654	ATTCTA
1018134	1703	7m8	1.032	TATTCT
1018168	760	7m8	1.088	TATTCT
1018243	458	6m	2.909	ATTCTA
1018243	1659	6m	1.376	ATTCTA
1018248	1166	8m	1.782	TATTCT
1018277	455	6m	2.317	ATTCTA
1018278	307	7m8	2.160	ATTCTA
1018278	669	o6	2.235	TATTCT
1018284	83	7A1	1.284	ATTCTA
1018310	75	6m	1.492	ATTCTA
1018353	572	7A1	1.338	ATTCTA
1018530	2630	6m	1.802	ATTCTA
1018682	89	o6	1.375	TATTCT
1018931	575	6m	1.950	ATTCTA
1018992	212	o6	1.285	TATTCT
1019064	395	6m	1.053	ATTCTA
1019101	877	6m	2.059	ATTCTA
1019128	155	7m8	1.322	TATTCT
1019335	72	7m8	1.410	TATTCT
1019414	205	6m	1.053	ATTCTA
1019429	114	6m	1.304	ATTCTA
1019464	685	6m	2.143	ATTCTA
1019465	1326	o6	2.817	TATTCT
1019503	21	o6	1.136	TATTCT
1019514	3059	6m	1.285	ATTCTA
1019514	3870	6m	1.874	ATTCTA
1019579	843	7A1	2.105	ATTCTA
1019579	1157	o6	1.606	TATTCT
1019579	1291	6m	1.606	ATTCTA
1019749	297	o6	1.203	TATTCT
1019847	25	6m	2.522	ATTCTA
1019847	34	6m	2.522	ATTCTA
1019899	292	7m8	1.062	TATTCT
1019932	367	o6	2.159	TATTCT
1019935	628	7A1	1.207	ATTCTA
1019956	449	6m	2.015	ATTCTA
1020017	59	o6	1.355	TATTCT
1020173	44	o6	1.764	TATTCT
1020204	20	o6	2.764	TATTCT
1020204	47	o6	1.536	TATTCT
1020204	56	8m	1.972	TATTCT
1020219	1265	6m	1.151	ATTCTA
1020253	482	7m8	1.277	TATTCT
1020253	2033	o6	1.265	TATTCT
1020280	267	o6	1.126	TATTCT
1020280	1367	o6	1.168	TATTCT
1020280	1758	o6	1.194	TATTCT
1020280	2015	6m	2.271	ATTCTA
1020319	1909	7A1	1.577	ATTCTA
1020535	452	6m	1.322	ATTCTA
1020601	684	6m	1.932	ATTCTA
1020615	1620	6m	2.040	ATTCTA
1020636	222	7m8	1.405	TATTCT
1020643	600	6m	1.186	ATTCTA
1020654	752	o6	1.284	TATTCT
1020661	583	o6	1.575	TATTCT
1020728	443	o6	1.488	TATTCT
1021005	345	o6	1.529	TATTCT
1021037	106	8m	1.649	TATTCT
1021055	640	8m	2.155	TATTCT
1021081	134	o6	1.006	TATTCT
1021137	139	7A1	1.084	ATTCTA
1021260	349	o6	1.606	TATTCT
1021293	107	o6	1.760	TATTCT
1021360	180	7m8	1.459	TATTCT
1021365	331	6m	1.210	ATTCTA
1021365	401	o6	1.555	TATTCT
1021378	185	6m	1.156	ATTCTA
1021452	278	7m8	2.293	TATTCT
1021488	708	6m	1.091	ATTCTA
1021504	281	8m	1.032	TATTCT
1021550	105	7m8	2.073	TATTCT
1021681	600	o6	1.097	TATTCT
1021812	26	6m	1.212	ATTCTA
1021906	506	6m	2.617	ATTCTA
1022034	111	7m8	1.646	TATTCT
1022066	724	8m	1.012	TATTCT
1022110	150	o6	3.714	TATTCT
1022165	729	6m	3.047	ATTCTA
1022235	469	o6	2.517	TATTCT
1022285	457	6m	1.711	ATTCTA
1022383	1036	7A1	1.322	ATTCTA
1022383	1672	7A1	1.322	ATTCTA
1022457	157	6m	1.082	ATTCTA
1022457	516	o6	1.119	TATTCT
1022846	401	7A1	2.017	ATTCTA
1022932	2016	6m	1.047	ATTCTA
1022932	2272	6m	1.316	ATTCTA
1023032	468	6m	1.073	ATTCTA
1023077	123	6m	1.861	ATTCTA
1023085	677	o6	1.910	TATTCT
1023100	50	7m8	3.005	TATTCT
1023104	81	o6	1.284	TATTCT
1023253	767	7A1	2.489	ATTCTA
1023256	1075	7A1	1.321	ATTCTA
1023378	2106	6m	1.155	ATTCTA
1023381	1617	6m	1.155	ATTCTA
1023443	323	o6	2.544	TATTCT
1023469	248	7A1	2.501	ATTCTA
1023599	5729	o6	2.889	TATTCT
1023599	8534	6m	2.020	ATTCTA
1023611	56	o6	1.108	TATTCT
1023681	3395	6m	1.563	ATTCTA
1023706	72	o6	1.952	TATTCT
1023706	546	7m8	1.467	TATTCT
1023706	674	o6	1.627	TATTCT
1023712	1470	6m	1.016	ATTCTA
1023765	36	7m8	1.587	TATTCT
1023790	1411	7A1	1.152	ATTCTA
1023805	3693	o6	1.822	TATTCT
1023828	651	7m8	1.405	TATTCT
1023881	258	o6	1.127	TATTCT
1023927	945	7m8	1.156	TATTCT
1023970	131	7m8	1.766	TATTCT
1023991	455	8m	1.711	TATTCT
1024003	943	o6	2.304	TATTCT
1024009	337	7A1	1.606	ATTCTA
1024012	948	8m	3.232	TATTCT
1024031	2663	6m	1.180	ATTCTA
1024031	3162	8m	1.780	TATTCT
1024031	4509	6m	1.255	ATTCTA
1024118	101	6m	1.854	ATTCTA
1024133	1077	6m	2.350	ATTCTA
1024165	131	o6	2.409	TATTCT
1024189	181	6m	2.385	ATTCTA
1024195	315	7m8	1.221	TATTCT
1024195	657	7m8	1.249	TATTCT
1024196	141	6m	1.142	ATTCTA
1024211	1375	8m	1.082	TATTCT
1024241	1344	7A1	1.597	ATTCTA
1024385	1039	7A1	1.920	ATTCTA
1024393	1259	6m	2.183	ATTCTA
1024394	281	o6	2.255	TATTCT
1024397	1001	7m8	1.284	TATTCT
1024397	1006	8m	1.284	TATTCT
1024397	2489	7m8	1.397	TATTCT
1024448	1668	6m	2.365	ATTCTA
1024465	529	o6	1.687	TATTCT
1024465	878	7A1	1.248	ATTCTA
1024465	1550	7A1	1.053	ATTCTA
1024525	1003	6m	1.629	ATTCTA
1024529	744	6m	2.225	ATTCTA
1024529	1310	7m8	2.757	TATTCT
1024556	2013	6m	2.375	ATTCTA
1024645	56	7m8	1.048	TATTCT
1024648	7214	6m	2.449	ATTCTA
1024648	10572	6m	1.080	ATTCTA
1024672	344	7A1	1.298	ATTCTA
1024709	462	o6	2.025	TATTCT
1024720	368	7m8	1.051	ATTCTA
1024733	1186	6m	2.050	ATTCTA
1024748	27	7A1	1.841	ATTCTA
1024748	40	6m	1.113	ATTCTA
1024892	126	o6	1.409	TATTCT
1024935	495	7A1	1.409	ATTCTA
1024939	300	7m8	1.765	TATTCT
1024983	509	8m	1.006	TATTCT
1025022	533	o6	1.665	TATTCT
1025022	1540	6m	1.672	ATTCTA
1025029	1557	8m	2.723	ATTCTA
1025055	399	6m	1.156	ATTCTA
1025055	512	8m	2.544	TATTCT
1025059	815	6m	1.621	ATTCTA
1025059	2515	7m8	1.278	TATTCT
1025059	2661	7A1	1.321	ATTCTA
1025158	1147	o6	2.759	TATTCT
1025207	718	o6	1.633	TATTCT
1025216	471	7m8	1.563	TATTCT
1025229	1924	o6	1.019	TATTCT
1025242	807	7m8	2.060	TATTCT
1025242	1135	7A1	1.730	ATTCTA
1025275	1416	o6	2.433	TATTCT
1025331	88	6m	1.460	ATTCTA
1025352	184	8m	1.488	TATTCT
1025371	12	8m	1.573	TATTCT
1025374	69	8m	2.025	TATTCT
1025377	895	7m8	1.251	TATTCT
1025397	155	o6	2.794	TATTCT
1025403	943	o6	1.882	TATTCT
1025424	764	o6	2.328	TATTCT
1025466	237	o6	1.560	TATTCT
1025512	785	8m	2.001	TATTCT
1025542	466	o6	1.029	TATTCT
1025611	70	o6	1.760	TATTCT
1025618	41	o6	1.563	TATTCT
1025743	120	o6	1.550	TATTCT
1025790	1419	6m	3.034	ATTCTA
1025808	564	o6	1.328	TATTCT
1025824	202	o6	1.564	TATTCT
1025883	342	6m	1.085	ATTCTA
1025895	1957	7m8	2.555	TATTCT
1025934	985	7A1	1.947	ATTCTA
1026041	192	6m	1.899	ATTCTA
1026215	29	7m8	1.104	ATTCTA
1026247	395	o6	1.055	TATTCT
1026262	639	6m	2.467	ATTCTA
1026321	666	o6	1.563	TATTCT
1026333	90	7m8	1.245	ATTCTA
1026336	681	6m	1.151	ATTCTA
1026364	28	o6	1.185	TATTCT
1026375	640	6m	1.521	ATTCTA
1026480	2772	6m	1.973	ATTCTA
1026512	58	o6	2.159	TATTCT
1026590	5	7m8	1.250	ATTCTA
1026681	46	o6	1.126	TATTCT
1026688	4130	o6	1.009	TATTCT
1026688	4215	6m	1.058	ATTCTA
1026711	1324	o6	1.632	TATTCT
1026711	1359	7A1	1.690	ATTCTA
1026719	119	o6	1.282	TATTCT
1026798	1007	7A1	2.799	ATTCTA
1026841	3814	o6	1.279	TATTCT
1026841	4991	7m8	2.487	TATTCT
1026920	72	o6	1.288	TATTCT
1026920	371	o6	2.228	TATTCT
1026920	383	7m8	2.228	TATTCT
1026924	59	o6	1.235	TATTCT
1026924	124	o6	1.235	TATTCT
1026974	350	7m8	1.399	TATTCT
1026981	176	o6	1.529	TATTCT
1026981	583	7A1	2.073	ATTCTA
1026981	739	6m	1.632	ATTCTA
1026981	1184	7m8	1.073	TATTCT
1026999	1613	o6	1.279	TATTCT
1027138	594	6m	2.286	ATTCTA
1027150	501	6m	1.228	ATTCTA
1027153	832	6m	2.567	ATTCTA
1027160	22	7m8	1.360	TATTCT
1027168	796	6m	1.122	ATTCTA
1027186	737	6m	2.026	ATTCTA
1027341	171	6m	1.016	ATTCTA
1027348	73	7m8	1.582	TATTCT
1027357	786	6m	1.011	ATTCTA
1027369	146	7m8	1.031	TATTCT
1027398	303	6m	1.873	ATTCTA
1027637	726	6m	1.399	ATTCTA
1027831	118	7A1	1.321	ATTCTA
1027844	783	o6	1.539	TATTCT
1027938	131	o6	1.285	TATTCT
1028069	79	o6	1.647	TATTCT
1028103	107	7A1	1.332	ATTCTA
1028115	170	o6	2.820	TATTCT
1028360	55	o6	1.741	TATTCT
1028423	1	o6	1.962	TATTCT
1028441	564	6m	1.328	ATTCTA
1028470	135	7m8	1.846	TATTCT
1028509	91	o6	1.439	TATTCT
1028648	377	7A1	1.558	ATTCTA
1028648	974	6m	2.299	ATTCTA
1028687	82	o6	1.385	TATTCT
1028751	836	8m	1.740	ATTCTA
1028875	22	7m8	2.031	ATTCTA
1028911	368	6m	1.248	ATTCTA
1028959	106	6m	2.088	ATTCTA
1029003	441	7A1	1.376	ATTCTA
1029051	461	o6	2.189	TATTCT
1029051	905	7m8	2.074	TATTCT
1029055	275	7A1	1.826	ATTCTA
1029069	2257	7A1	2.201	ATTCTA
1029180	561	o6	1.687	TATTCT
1029309	720	7A1	1.525	ATTCTA
1029325	95	7m8	1.162	TATTCT
1029394	627	o6	1.423	TATTCT
1029459	154	6m	2.025	ATTCTA
1029532	525	6m	1.244	ATTCTA
1029532	2442	6m	2.184	ATTCTA
1029679	479	o6	1.255	TATTCT
1029685	518	7A1	2.448	ATTCTA
1029685	524	6m	2.448	ATTCTA
1029710	209	6m	1.434	ATTCTA
1029715	154	6m	1.558	ATTCTA
1029773	79	8m	2.053	TATTCT
1029782	2461	o6	1.579	TATTCT
1029828	129	6m	1.304	ATTCTA
1029891	93	8m	1.958	TATTCT
1029988	254	6m	1.016	ATTCTA
1030147	553	o6	2.507	TATTCT
1030205	564	o6	1.879	TATTCT
1030245	63	7A1	1.650	ATTCTA
1030245	642	7m8	1.165	TATTCT
1030335	891	o6	2.073	TATTCT
1030335	900	o6	2.073	TATTCT
1030373	480	6m	1.179	ATTCTA
1030451	304	7A1	3.398	ATTCTA
1030454	188	6m	2.533	ATTCTA
1030491	256	6m	1.425	ATTCTA
1030525	115	7A1	1.316	ATTCTA
1030565	243	o6	1.053	TATTCT
1030798	30	7m8	1.827	ATTCTA
1030869	90	o6	1.284	TATTCT
1030918	151	7m8	1.483	TATTCT
1030918	156	7m8	1.667	TATTCT
1031126	147	6m	1.562	ATTCTA
1031156	463	7m8	1.382	TATTCT
1031156	1837	6m	1.020	ATTCTA
1031351	54	6m	1.956	ATTCTA
1031390	3825	6m	1.479	ATTCTA
1031390	5007	6m	2.713	ATTCTA
1031390	8116	6m	1.007	ATTCTA
1031473	57	o6	1.116	TATTCT
1031479	1625	6m	1.240	ATTCTA
1031530	155	o6	1.284	TATTCT
1031557	183	8m	1.284	TATTCT
1031805	1134	6m	1.971	ATTCTA
1031818	515	7A1	2.275	ATTCTA
1031887	575	7A1	1.980	ATTCTA
1031887	975	6m	1.322	ATTCTA
1031994	385	7A1	1.462	ATTCTA
1031997	954	7A1	1.415	ATTCTA
1031998	122	7A1	1.109	ATTCTA
1032264	72	o6	1.038	TATTCT
1032264	371	o6	3.033	TATTCT
1032264	383	7m8	3.033	TATTCT
1032309	437	6m	1.751	ATTCTA
1032333	313	6m	2.872	ATTCTA
1032369	1351	7m8	1.633	TATTCT
1032386	350	6m	1.059	ATTCTA
1032400	317	6m	1.081	ATTCTA
1032466	1572	o6	1.089	TATTCT
1032475	667	o6	3.034	TATTCT
1032490	328	o6	1.336	TATTCT
1032490	413	6m	1.352	ATTCTA
1032616	437	6m	2.085	ATTCTA
1032616	2188	7m8	1.680	TATTCT
1032634	589	7A1	3.034	ATTCTA
1032687	491	7A1	1.147	ATTCTA
1032710	101	7m8	2.178	TATTCT
1032718	138	7A1	1.322	ATTCTA
1032728	235	o6	1.120	TATTCT
1032738	282	6m	1.000	ATTCTA
1032741	193	6m	1.460	ATTCTA
1032843	239	7m8	1.053	TATTCT
1032884	894	7m8	1.284	ATTCTA
1032902	114	7A1	2.017	ATTCTA
1032902	2080	8m	1.534	ATTCTA
1032956	1663	o6	1.155	TATTCT
1033052	157	o6	1.193	TATTCT
1033141	1567	7A1	1.316	ATTCTA
1033152	116	o6	1.261	TATTCT
1033152	448	o6	1.414	TATTCT
1033160	750	6m	1.086	ATTCTA
1033187	879	o6	1.041	TATTCT
1033190	196	o6	1.515	TATTCT
1033227	787	6m	2.132	ATTCTA
1033244	145	8m	1.210	TATTCT
1033293	452	o6	1.493	TATTCT
1033333	974	8m	1.254	TATTCT
1033362	2243	7A1	2.026	ATTCTA
1033414	520	8m	2.694	TATTCT
1033425	1019	o6	2.807	TATTCT
1033425	1346	7m8	1.026	TATTCT
1033475	278	6m	1.218	ATTCTA
1033481	4103	7m8	2.674	ATTCTA
1033517	262	8m	1.322	TATTCT
1033535	418	o6	1.322	TATTCT
1033575	358	7A1	1.479	ATTCTA
1033598	1810	6m	1.179	ATTCTA
1033598	3600	o6	2.326	TATTCT
1033598	4091	o6	1.460	TATTCT
1033601	1934	o6	1.177	TATTCT
1033607	297	7A1	1.338	ATTCTA
1033611	108	o6	1.567	TATTCT
1033625	8	6m	1.402	ATTCTA
1033669	35	7m8	2.103	TATTCT
1033669	71	7A1	1.713	ATTCTA
1033685	284	o6	1.159	TATTCT
1033712	833	7m8	1.606	TATTCT
1033789	1530	7m8	1.606	TATTCT
1033789	1929	6m	1.284	ATTCTA
1033789	2856	7m8	1.857	ATTCTA
1033789	4575	o6	2.863	TATTCT
1033800	-1	6m	1.032	ATTCTA
1033844	96	7A1	1.914	ATTCTA
1033850	167	8m	1.890	TATTCT
1033877	688	7A1	1.767	ATTCTA
1033956	218	8m	1.058	TATTCT
1033971	3692	7m8	1.606	TATTCT
1034058	947	o6	1.124	TATTCT
1034068	5776	6m	1.303	ATTCTA
1034068	6557	7A1	1.595	ATTCTA
1034160	1639	o6	1.280	TATTCT
1034202	93	o6	2.063	TATTCT
1034208	177	7m8	4.174	TATTCT
1034235	363	o6	2.472	TATTCT
1034253	295	o6	1.045	TATTCT
1034277	591	o6	2.218	TATTCT
1034304	2823	7A1	1.157	ATTCTA
1034316	1840	7A1	1.284	ATTCTA
1034322	59	o6	2.611	TATTCT
1034370	471	7A1	1.315	ATTCTA
1034397	910	o6	1.073	TATTCT
1034406	396	6m	1.516	ATTCTA
1034406	737	6m	2.347	ATTCTA
1034530	332	o6	1.138	TATTCT
1034545	1224	o6	1.311	TATTCT
1034556	2228	o6	2.687	TATTCT
1034569	3345	7A1	2.059	ATTCTA
1034569	4994	7A1	1.373	ATTCTA
1034569	5650	6m	1.328	ATTCTA
1034593	806	o6	1.110	TATTCT
1034593	1397	7m8	2.130	ATTCTA
1034593	1410	o6	1.663	TATTCT
1034736	455	o6	1.044	TATTCT
1034739	1981	7m8	1.649	ATTCTA
1034745	387	8m	2.302	TATTCT
1034843	272	6m	3.424	ATTCTA
1034884	127	6m	1.318	ATTCTA
1034884	163	o6	2.051	TATTCT
1034893	666	6m	2.493	ATTCTA
1034899	3334	6m	1.405	ATTCTA
1034909	190	7A1	1.171	ATTCTA
1034983	221	7A1	1.373	ATTCTA
1035001	3025	7A1	1.563	ATTCTA
1035007	43	6m	1.223	ATTCTA
1035010	497	6m	1.257	ATTCTA
1035015	1303	7m8	2.563	TATTCT
1035030	265	7m8	2.215	ATTCTA
1035037	1305	6m	1.265	ATTCTA
1035040	2474	7m8	1.684	TATTCT
1035043	2148	8m	2.321	TATTCT
1035046	281	o6	1.297	TATTCT
1035069	471	7A1	1.321	ATTCTA
1035126	686	8m	2.321	TATTCT
1035136	6	7m8	1.321	TATTCT
1035136	167	o6	1.405	TATTCT
1035198	3532	7A1	1.328	ATTCTA
1035204	489	o6	1.711	TATTCT
1035204	733	7A1	2.855	ATTCTA
1035213	2731	7m8	2.047	TATTCT
1035242	367	7m8	2.365	TATTCT
1035248	1025	o6	1.799	TATTCT
1035263	68	6m	1.318	ATTCTA
1035288	671	o6	2.064	TATTCT
1035314	86	8m	1.484	ATTCTA
1035399	128	7m8	1.140	TATTCT
1035420	8	o6	1.318	TATTCT
1035432	649	6m	1.914	ATTCTA
1035527	2279	o6	1.036	TATTCT
1035536	2157	7m8	4.728	ATTCTA
1035554	904	o6	1.999	TATTCT
1035566	602	o6	1.189	TATTCT
1035569	11898	7A1	2.053	ATTCTA
1035569	17834	6m	2.383	ATTCTA
1035605	150	7A1	1.470	ATTCTA
1035615	266	6m	1.884	ATTCTA
1035714	177	6m	1.099	ATTCTA
1035714	332	6m	2.030	ATTCTA
1035783	2610	o6	2.024	TATTCT
1035783	3192	7m8	1.499	TATTCT
1035783	4102	o6	1.539	TATTCT
1035783	4583	o6	1.193	TATTCT
1035783	4894	o6	1.126	TATTCT
1035828	564	7m8	1.469	TATTCT
1035843	2095	6m	1.278	ATTCTA
1035989	443	7A1	1.558	ATTCTA
1035993	573	o6	1.153	TATTCT
1036046	1843	o6	1.240	TATTCT
1036053	1889	6m	3.723	ATTCTA
1036080	275	o6	1.012	TATTCT
1036080	312	o6	1.815	TATTCT
1036127	14499	7A1	1.634	ATTCTA
1036154	49	6m	2.807	ATTCTA
1036154	1578	7A1	2.629	ATTCTA
1036155	205	7m8	1.152	TATTCT
1036212	91	7m8	1.201	TATTCT
1036274	229	6m	2.228	ATTCTA
1036283	1181	6m	1.894	ATTCTA
1036355	210	o6	1.603	TATTCT
1036381	3390	6m	3.375	ATTCTA
1036482	816	6m	1.931	ATTCTA
1036558	705	7A1	1.458	ATTCTA
1036568	1059	6m	1.235	ATTCTA
1036568	2133	7m8	1.328	ATTCTA
1036568	4563	7A1	1.073	ATTCTA
1036667	180	o6	1.160	TATTCT
1036682	969	8m	1.395	ATTCTA
1036751	296	8m	2.723	ATTCTA
1036778	9	o6	1.292	TATTCT
1036788	57	o6	2.981	TATTCT
1036788	2091	o6	1.613	TATTCT
1036788	2956	o6	1.165	TATTCT
1036967	314	6m	1.151	ATTCTA
1036968	700	o6	1.590	TATTCT
1036976	175	o6	1.098	TATTCT
1036991	2033	o6	1.874	TATTCT
1037010	73	o6	1.276	TATTCT
1037066	385	o6	2.432	TATTCT
1037134	636	o6	1.267	TATTCT
1037150	245	o6	1.316	TATTCT
1037246	589	o6	1.723	TATTCT
1037286	482	o6	2.006	TATTCT
1037327	19	6m	2.630	ATTCTA
1037380	69	o6	2.246	TATTCT
1037646	186	6m	2.079	ATTCTA
1037744	43	8m	1.096	TATTCT
1037845	803	7m8	1.939	TATTCT
1037845	1832	o6	2.194	TATTCT
1037850	745	6m	1.457	ATTCTA
1037871	111	o6	1.677	TATTCT
1037895	248	o6	1.502	TATTCT
1037937	204	o6	1.657	TATTCT
1037962	4	6m	1.810	ATTCTA
1038013	407	o6	1.073	TATTCT
1038048	153	7m8	1.741	TATTCT
1038060	549	o6	1.337	TATTCT
1038118	62	o6	1.634	TATTCT
1038153	221	7A1	2.822	ATTCTA
1038259	51	6m	1.627	ATTCTA
1038278	235	o6	1.743	TATTCT
1038284	106	o6	1.172	TATTCT
1038293	2104	7m8	3.953	TATTCT
1038293	3957	o6	1.690	TATTCT
1038312	992	o6	2.073	TATTCT
1038366	220	8m	2.031	TATTCT
1038465	215	6m	1.560	ATTCTA
1038470	574	o6	1.791	TATTCT
1038485	326	7A1	1.851	ATTCTA
1038529	1276	6m	1.863	ATTCTA
1038571	964	o6	1.132	TATTCT
1038626	341	8m	1.814	TATTCT
1038640	1259	7m8	1.313	ATTCTA
1038670	1644	7m8	1.560	TATTCT
1038752	788	7m8	1.116	TATTCT
1038803	27	o6	1.034	TATTCT
1038841	566	o6	1.590	TATTCT
1038920	172	6m	1.500	ATTCTA
1038920	204	6m	1.970	ATTCTA
1038929	93	6m	2.816	ATTCTA
1038954	686	o6	1.723	TATTCT
1039227	287	o6	1.529	TATTCT
1039285	587	o6	1.162	TATTCT
1039398	450	6m	1.155	ATTCTA
1039422	1297	6m	1.964	ATTCTA
1039442	48	7m8	1.143	TATTCT
1039445	2009	6m	2.802	ATTCTA
1039718	1170	6m	1.548	ATTCTA
1039776	48	o6	1.169	TATTCT
1039797	2822	7A1	1.152	ATTCTA
1039853	1150	6m	2.269	ATTCTA
1039853	2845	6m	2.073	ATTCTA
1039858	4425	6m	1.512	ATTCTA
1039870	321	o6	1.073	TATTCT
1039870	641	7m8	1.939	TATTCT
1039908	219	7A1	1.348	ATTCTA
1039908	808	6m	1.395	ATTCTA
1039920	244	o6	1.002	TATTCT
1039920	1490	o6	1.560	TATTCT
1039928	113	o6	1.600	TATTCT
1039950	478	o6	1.073	TATTCT
1039971	585	6m	1.634	ATTCTA
1039971	777	o6	1.633	TATTCT
1039971	1097	6m	1.195	ATTCTA
1039996	125	8m	1.133	TATTCT
1039996	156	o6	1.184	TATTCT
1040058	4817	o6	1.038	TATTCT
1040145	345	7A1	1.073	ATTCTA
1040190	3488	o6	1.906	TATTCT
1040202	771	7A1	1.494	ATTCTA
1040237	1141	7A1	1.896	ATTCTA
1040283	1926	7A1	1.396	ATTCTA
1040294	27	6m	3.099	ATTCTA
1040297	2450	6m	1.548	ATTCTA
1040304	1089	7m8	1.993	TATTCT
1040318	74	8m	3.187	TATTCT
1040337	2868	o6	1.129	TATTCT
1040352	210	7m8	2.734	TATTCT
1040360	308	o6	1.349	TATTCT
1040438	1506	7m8	1.311	TATTCT
1040479	1052	6m	1.468	ATTCTA
1040486	2216	6m	1.384	ATTCTA
1040524	210	7m8	3.651	ATTCTA
1040538	3648	7A1	1.970	ATTCTA
1040542	2595	6m	2.845	ATTCTA
1040553	1564	7m8	1.367	ATTCTA
1040590	2168	o6	1.187	TATTCT
1040623	2632	7m8	1.284	TATTCT
1040635	992	6m	1.012	ATTCTA
1040635	2163	7m8	1.701	TATTCT
1040661	37	7A1	3.171	ATTCTA
