1000021	573	6m	1.284	ATCAAA
1000021	611	o6	1.503	AATCAA
1000029	390	o6	2.119	AATCAA
1000029	979	o6	2.066	AATCAA
1000038	728	7A1	1.417	ATCAAA
1000048	857	o6	1.040	AATCAA
1000048	870	7A1	2.552	ATCAAA
1000051	134	o6	1.053	AATCAA
1000054	57	o6	1.345	AATCAA
1000066	1540	o6	1.187	AATCAA
1000066	2156	o6	1.584	AATCAA
1000069	1698	7A1	2.255	ATCAAA
1000084	402	6m	2.363	ATCAAA
1000090	207	o6	1.185	AATCAA
1000101	450	7m8	2.533	AATCAA
1000113	110	o6	1.012	AATCAA
1000122	404	o6	1.814	AATCAA
1000122	630	o6	2.469	AATCAA
1000122	1754	o6	1.882	AATCAA
1000125	76	6m	2.544	ATCAAA
1000129	471	7m8	1.611	AATCAA
1000134	1578	7m8	1.915	ATCAAA
1000134	1937	7A1	1.248	ATCAAA
1000135	197	o6	5.120	AATCAA
1000195	368	8m	1.145	ATCAAA
1000264	720	7m8	3.398	AATCAA
1000281	162	8m	2.366	AATCAA
1000282	180	o6	1.121	AATCAA
1000282	815	6m	1.180	ATCAAA
1000320	747	6m	1.664	ATCAAA
1000320	873	o6	1.301	AATCAA
1000321	567	o6	2.035	AATCAA
1000324	376	o6	1.097	AATCAA
1000327	771	o6	1.504	AATCAA
1000350	176	o6	2.056	AATCAA
1000373	1045	8m	1.850	AATCAA
1000406	625	6m	2.561	ATCAAA
1000436	1034	o6	2.263	AATCAA
1000442	375	6m	1.982	ATCAAA
1000443	41	6m	1.513	ATCAAA
1000443	2793	7A1	1.241	ATCAAA
1000454	99	6m	1.042	ATCAAA
1000463	52	o6	1.397	AATCAA
1000466	144	o6	1.134	AATCAA
1000478	1004	7m8	3.034	AATCAA
1000478	1200	8m	2.178	AATCAA
1000493	5764	7A1	2.255	ATCAAA
1000493	6350	6m	1.053	ATCAAA
1000494	522	o6	2.164	AATCAA
1000494	530	7m8	2.164	AATCAA
1000500	364	7m8	1.164	AATCAA
1000512	521	8m	1.329	AATCAA
1000530	598	o6	1.377	AATCAA
1000533	1178	7m8	1.315	ATCAAA
1000533	1443	o6	1.169	AATCAA
1000553	773	6m	1.321	ATCAAA
1000580	159	o6	2.325	AATCAA
1000586	570	o6	2.235	AATCAA
1000590	594	o6	1.149	AATCAA
1000610	1241	6m	2.552	ATCAAA
1000610	1447	o6	1.513	AATCAA
1000613	424	7m8	1.288	AATCAA
1000631	785	6m	1.073	ATCAAA
1000635	105	o6	2.449	AATCAA
1000640	268	o6	1.172	AATCAA
1000668	62	8m	1.444	AATCAA
1000686	17	8m	1.661	AATCAA
1000686	183	o6	1.094	AATCAA
1000686	195	8m	1.737	ATCAAA
1000730	761	8m	2.409	AATCAA
1000767	86	o6	1.098	AATCAA
1000779	381	o6	3.064	AATCAA
1000779	2329	6m	1.073	ATCAAA
1000817	27	8m	2.894	ATCAAA
1000824	1077	7m8	1.014	AATCAA
1000845	275	7m8	2.112	AATCAA
1000845	3014	o6	1.322	AATCAA
1000875	902	7m8	2.226	AATCAA
1000920	685	6m	1.126	ATCAAA
1000923	1608	o6	2.409	AATCAA
1000929	513	o6	1.844	AATCAA
1000947	334	8m	2.074	AATCAA
1000997	898	o6	2.402	AATCAA
1001030	90	7m8	2.635	AATCAA
1001030	255	6m	3.227	ATCAAA
1001055	32	7m8	1.040	AATCAA
1001069	1243	o6	1.560	AATCAA
1001075	1298	o6	3.034	AATCAA
1001075	1311	7m8	2.807	AATCAA
1001075	2965	o6	2.827	AATCAA
1001075	3480	o6	2.591	AATCAA
1001083	883	o6	2.781	AATCAA
1001104	640	8m	1.328	AATCAA
1001105	303	7m8	3.060	AATCAA
1001143	494	7m8	1.973	AATCAA
1001169	411	6m	2.086	ATCAAA
1001250	137	6m	1.645	ATCAAA
1001255	580	8m	1.623	ATCAAA
1001256	108	7m8	2.576	AATCAA
1001301	151	7m8	1.053	AATCAA
1001318	132	6m	1.600	ATCAAA
1001373	818	8m	1.953	AATCAA
1001378	416	6m	2.007	ATCAAA
1001423	795	o6	1.322	AATCAA
1001440	524	6m	3.398	ATCAAA
1001440	1660	7m8	2.073	AATCAA
1001440	2003	6m	1.780	ATCAAA
1001478	472	8m	2.220	AATCAA
1001487	378	7m8	1.077	AATCAA
1001500	717	o6	3.398	AATCAA
1001514	1734	7m8	3.034	ATCAAA
1001514	2034	8m	1.495	AATCAA
1001515	110	o6	2.054	AATCAA
1001518	1467	o6	1.322	AATCAA
1001518	1477	o6	1.029	AATCAA
1001533	1468	o6	1.563	AATCAA
1001533	5319	7m8	2.617	AATCAA
1001533	5500	8m	2.617	AATCAA
1001574	201	o6	1.283	AATCAA
1001577	278	8m	2.533	AATCAA
1001577	817	7m8	2.073	AATCAA
1001578	1338	o6	1.053	AATCAA
1001578	1715	o6	1.055	AATCAA
1001578	2441	7m8	1.855	AATCAA
1001584	271	7m8	4.004	AATCAA
1001601	41	o6	3.341	AATCAA
1001601	3132	o6	1.369	AATCAA
1001601	3728	o6	1.245	AATCAA
1001610	202	o6	2.876	AATCAA
1001620	1485	6m	1.567	ATCAAA
1001629	189	o6	1.322	AATCAA
1001667	250	7m8	1.140	AATCAA
1001667	344	o6	1.576	AATCAA
1001671	32	o6	1.832	AATCAA
1001689	1109	7A1	2.220	ATCAAA
1001738	689	6m	1.692	ATCAAA
1001745	336	o6	1.356	AATCAA
1001817	95	o6	2.667	AATCAA
1001817	136	o6	3.347	AATCAA
1001817	1437	o6	1.640	AATCAA
1001865	256	o6	2.110	AATCAA
1001897	166	7m8	4.564	AATCAA
1001906	2452	o6	2.036	AATCAA
1001906	2478	o6	1.207	AATCAA
1001921	240	8m	1.600	AATCAA
1001930	481	o6	1.851	AATCAA
1001930	497	o6	3.398	AATCAA
1001949	821	7A1	2.704	ATCAAA
1001966	261	o6	2.734	AATCAA
1001966	902	7m8	1.533	AATCAA
1001978	102	o6	1.073	AATCAA
1002021	121	o6	1.058	AATCAA
1002054	340	7A1	2.343	ATCAAA
1002054	827	o6	2.343	AATCAA
1002098	287	7A1	2.648	ATCAAA
1002098	702	7m8	2.103	ATCAAA
1002155	7	7m8	1.053	AATCAA
1002155	186	o6	1.545	AATCAA
1002155	353	7A1	1.053	ATCAAA
1002176	621	7m8	1.485	AATCAA
1002176	2584	8m	1.260	AATCAA
1002182	364	o6	1.740	AATCAA
1002203	91	o6	2.292	AATCAA
1002237	12	6m	1.483	ATCAAA
1002319	380	o6	2.065	AATCAA
1002319	388	o6	2.065	AATCAA
1002367	145	7m8	2.484	AATCAA
1002383	19	7A1	1.294	ATCAAA
1002404	253	o6	1.007	AATCAA
1002428	175	6m	1.335	ATCAAA
1002496	87	8m	1.728	AATCAA
1002527	1095	7m8	1.322	AATCAA
1002527	1118	8m	2.076	AATCAA
1002527	1375	7A1	2.391	ATCAAA
1002578	580	6m	1.248	ATCAAA
1002595	283	o6	1.284	AATCAA
1002595	566	6m	1.797	ATCAAA
1002595	1246	7m8	2.082	AATCAA
1002602	377	8m	1.384	ATCAAA
1002607	162	6m	1.693	ATCAAA
1002613	160	o6	1.059	AATCAA
1002695	1127	8m	1.485	AATCAA
1002731	160	o6	2.748	AATCAA
1002779	23	7A1	1.210	ATCAAA
1002784	56	6m	1.486	ATCAAA
1002797	189	o6	3.196	AATCAA
1002797	563	o6	1.609	AATCAA
1002797	694	o6	3.196	AATCAA
1002809	74	6m	1.010	ATCAAA
1002818	427	o6	1.082	AATCAA
1002877	1970	8m	2.641	AATCAA
1002878	399	8m	2.650	AATCAA
1002895	53	7m8	1.325	AATCAA
1002901	538	7m8	2.862	AATCAA
1002973	404	o6	2.162	AATCAA
1003018	445	o6	1.295	AATCAA
1003023	426	8m	1.877	AATCAA
1003023	445	8m	1.184	ATCAAA
1003023	451	7m8	1.877	ATCAAA
1003029	73	o6	1.117	AATCAA
1003062	549	o6	1.131	AATCAA
1003063	365	o6	1.373	AATCAA
1003077	520	8m	2.807	AATCAA
1003108	149	o6	1.052	AATCAA
1003108	539	7m8	2.230	ATCAAA
1003122	1337	7m8	1.735	AATCAA
1003122	1402	7m8	1.868	AATCAA
1003122	1666	8m	1.536	AATCAA
1003143	978	7m8	1.652	ATCAAA
1003166	316	7A1	2.064	ATCAAA
1003170	448	7m8	1.880	AATCAA
1003212	24	7A1	1.550	ATCAAA
1003233	50	o6	2.110	AATCAA
1003236	92	7m8	2.007	AATCAA
1003242	124	7m8	1.120	ATCAAA
1003248	583	o6	1.449	AATCAA
1003248	592	o6	1.449	AATCAA
1003263	766	o6	1.428	AATCAA
1003288	31	7A1	2.383	ATCAAA
1003297	596	o6	1.083	AATCAA
1003298	473	7m8	2.052	AATCAA
1003310	164	7A1	1.720	ATCAAA
1003346	112	o6	2.767	AATCAA
1003349	95	o6	1.070	AATCAA
1003387	619	o6	1.907	AATCAA
1003393	785	7m8	1.818	AATCAA
1003433	19	o6	1.546	AATCAA
1003501	808	o6	1.210	AATCAA
1003509	187	o6	2.192	AATCAA
1003579	238	8m	1.468	AATCAA
1003579	333	6m	1.482	ATCAAA
1003589	512	o6	2.351	AATCAA
1003589	601	o6	1.468	AATCAA
1003589	776	8m	2.040	AATCAA
1003594	559	6m	2.558	ATCAAA
1003597	117	o6	1.744	AATCAA
1003631	1883	o6	1.308	AATCAA
1003631	2203	o6	1.901	AATCAA
1003675	124	6m	1.390	ATCAAA
1003695	1089	o6	3.957	AATCAA
1003788	286	o6	1.515	AATCAA
1003945	1036	6m	1.135	ATCAAA
1003945	1189	6m	1.002	ATCAAA
1003960	155	o6	2.964	AATCAA
1003975	301	o6	1.898	AATCAA
1003995	68	7A1	1.815	ATCAAA
1003999	1568	o6	1.559	AATCAA
1004002	18	8m	1.068	ATCAAA
1004040	38	7m8	1.332	AATCAA
1004130	331	o6	1.648	AATCAA
1004163	236	o6	1.754	AATCAA
1004281	368	7A1	1.695	ATCAAA
1004299	804	7m8	1.009	AATCAA
1004350	14	7m8	1.541	AATCAA
1004370	69	6m	1.464	ATCAAA
1004406	116	o6	3.024	AATCAA
1004419	116	7m8	2.434	ATCAAA
1004446	919	8m	1.972	AATCAA
1004463	3769	8m	2.876	AATCAA
1004467	81	o6	1.859	AATCAA
1004482	166	o6	2.782	AATCAA
1004503	99	8m	1.308	AATCAA
1004503	1030	7m8	2.433	AATCAA
1004503	1387	7m8	2.189	ATCAAA
1004503	2129	7m8	1.606	AATCAA
1004580	32	o6	2.404	AATCAA
1004613	75	7A1	1.294	ATCAAA
1004648	640	7m8	2.435	AATCAA
1004661	602	8m	1.667	AATCAA
1004666	53	8m	3.384	AATCAA
1004693	542	o6	2.507	AATCAA
1004700	563	7m8	1.153	ATCAAA
1004750	120	7m8	3.213	AATCAA
1004775	5	7A1	1.375	ATCAAA
1004817	127	6m	1.725	ATCAAA
1004817	284	7A1	2.876	ATCAAA
1004817	562	8m	2.807	AATCAA
1004864	102	7m8	1.002	ATCAAA
1004898	1920	o6	1.405	AATCAA
1004921	371	7m8	1.298	AATCAA
1004937	114	8m	3.473	AATCAA
1004948	590	7m8	2.352	AATCAA
1004966	510	7m8	1.053	AATCAA
1005006	434	6m	1.808	ATCAAA
1005034	275	o6	2.939	AATCAA
1005037	442	7m8	1.633	AATCAA
1005049	1052	o6	1.207	AATCAA
1005049	2317	7m8	1.122	AATCAA
1005049	2394	7m8	1.978	ATCAAA
1005091	339	7A1	2.073	ATCAAA
1005150	199	7A1	3.449	ATCAAA
1005181	529	7m8	1.033	AATCAA
1005343	516	7m8	3.488	AATCAA
1005349	986	6m	1.315	ATCAAA
1005352	959	o6	2.508	AATCAA
1005352	2697	8m	3.287	ATCAAA
1005352	2721	o6	3.287	AATCAA
1005358	1007	o6	1.321	AATCAA
1005358	1286	7m8	1.321	AATCAA
1005359	385	7m8	1.105	ATCAAA
1005379	73	7m8	3.466	AATCAA
1005407	185	8m	2.198	AATCAA
1005408	215	o6	1.667	AATCAA
1005408	239	o6	1.237	AATCAA
1005443	453	8m	2.383	AATCAA
1005456	170	o6	2.867	AATCAA
1005461	44	7m8	1.235	AATCAA
1005470	871	6m	2.643	ATCAAA
1005470	1369	o6	1.526	AATCAA
1005470	1578	8m	2.313	AATCAA
1005496	158	o6	2.344	AATCAA
1005496	182	6m	1.417	ATCAAA
1005496	558	o6	1.316	AATCAA
1005502	264	6m	1.092	ATCAAA
1005502	355	8m	1.022	AATCAA
1005538	462	o6	1.137	AATCAA
1005550	383	8m	1.156	AATCAA
1005550	389	o6	1.156	AATCAA
1005595	1424	7A1	2.255	ATCAAA
1005607	908	o6	1.961	AATCAA
1005607	1334	7m8	1.689	AATCAA
1005622	240	7m8	1.692	AATCAA
1005646	389	7m8	3.024	ATCAAA
1005646	2439	6m	1.623	ATCAAA
1005646	4771	7m8	2.850	AATCAA
1005646	4864	7m8	3.352	AATCAA
1005701	216	o6	1.005	AATCAA
1005709	558	8m	1.801	AATCAA
1005715	469	o6	2.544	AATCAA
1005733	491	o6	2.544	AATCAA
1005752	739	7m8	1.517	AATCAA
1005752	822	7m8	1.321	AATCAA
1005752	2378	7A1	1.606	ATCAAA
1005796	253	6m	1.801	ATCAAA
1005830	0	7m8	2.635	AATCAA
1005830	61	7m8	1.948	AATCAA
1005830	614	7m8	2.255	ATCAAA
1005984	371	8m	1.955	AATCAA
1005984	424	7m8	3.698	AATCAA
1005985	33	o6	1.461	AATCAA
1006066	169	7m8	1.825	AATCAA
1006066	368	o6	1.025	AATCAA
1006066	530	7m8	1.321	AATCAA
1006066	821	7m8	2.477	AATCAA
1006131	382	o6	1.849	AATCAA
1006137	878	6m	2.377	ATCAAA
1006158	863	o6	2.062	AATCAA
1006158	999	o6	2.349	AATCAA
1006166	797	7A1	2.071	ATCAAA
1006173	520	o6	1.937	AATCAA
1006258	46	7m8	1.396	AATCAA
1006548	962	o6	1.005	AATCAA
1006570	583	6m	1.438	ATCAAA
1006587	1184	7m8	1.718	AATCAA
1006599	368	7m8	2.400	AATCAA
1006599	501	7A1	2.400	ATCAAA
1006599	700	8m	1.286	AATCAA
1006599	731	8m	1.316	AATCAA
1006599	789	7m8	1.452	AATCAA
1006599	812	8m	1.248	ATCAAA
1006608	101	7m8	1.153	ATCAAA
1006632	253	7m8	3.320	AATCAA
1006650	234	o6	2.255	AATCAA
1006662	151	6m	2.854	ATCAAA
1006677	79	o6	2.187	AATCAA
1006707	156	7m8	2.459	ATCAAA
1006707	184	7m8	2.807	AATCAA
1006707	757	o6	1.074	AATCAA
1006707	1368	o6	1.606	AATCAA
1006707	1653	7m8	2.262	AATCAA
1006707	1956	7m8	2.807	AATCAA
1006708	662	o6	2.422	AATCAA
1006726	1315	o6	1.436	AATCAA
1006731	115	6m	2.350	ATCAAA
1006731	536	o6	2.350	AATCAA
1006731	802	6m	1.079	ATCAAA
1006734	306	8m	1.062	AATCAA
1006734	682	o6	1.356	AATCAA
1006735	2754	7m8	2.541	ATCAAA
1006738	1285	8m	1.476	AATCAA
1006738	1678	6m	1.090	ATCAAA
1006761	324	o6	1.322	AATCAA
1006761	392	6m	1.947	ATCAAA
1006814	568	7m8	1.251	AATCAA
1006814	805	7A1	1.847	ATCAAA
1006866	124	o6	3.140	AATCAA
1006872	1240	7m8	1.690	AATCAA
1006875	2475	8m	1.476	AATCAA
1006875	2868	6m	1.090	ATCAAA
1006920	244	o6	1.295	AATCAA
1006920	719	8m	2.831	AATCAA
1006933	187	7m8	1.854	AATCAA
1006933	1429	7m8	1.439	AATCAA
1006940	1086	6m	1.606	ATCAAA
1006948	150	7A1	2.670	ATCAAA
1007004	518	7m8	2.889	AATCAA
1007011	316	o6	2.377	AATCAA
1007028	159	o6	2.810	AATCAA
1007031	1283	6m	2.152	ATCAAA
1007037	58	7m8	1.283	ATCAAA
1007047	44	7A1	1.439	ATCAAA
1007050	342	6m	1.373	ATCAAA
1007053	1017	o6	1.606	AATCAA
1007106	107	o6	1.309	AATCAA
1007118	1497	8m	1.375	ATCAAA
1007143	110	6m	1.226	ATCAAA
1007189	50	7A1	1.676	ATCAAA
1007206	489	8m	2.964	AATCAA
1007206	672	o6	1.315	AATCAA
1007207	442	7A1	2.341	ATCAAA
1007207	666	8m	2.544	AATCAA
1007242	1109	8m	1.828	AATCAA
1007242	2116	o6	1.163	AATCAA
1007242	5068	7m8	1.418	AATCAA
1007251	551	8m	1.322	AATCAA
1007269	869	8m	2.259	AATCAA
1007283	1157	8m	2.026	AATCAA
1007296	532	o6	1.861	AATCAA
1007296	1127	6m	1.606	ATCAAA
1007296	1302	o6	2.694	AATCAA
1007301	256	7m8	1.661	AATCAA
1007314	418	6m	1.362	ATCAAA
1007314	543	o6	1.046	AATCAA
1007314	1109	8m	1.283	AATCAA
1007314	1423	7m8	2.344	AATCAA
1007319	61	o6	1.970	AATCAA
1007319	131	o6	4.225	AATCAA
1007364	3671	o6	1.019	AATCAA
1007419	116	8m	2.149	AATCAA
1007448	549	7m8	1.829	AATCAA
1007475	226	8m	1.073	AATCAA
1007484	795	7m8	2.265	ATCAAA
1007508	938	6m	2.292	ATCAAA
1007517	73	6m	1.086	ATCAAA
1007521	212	8m	1.009	ATCAAA
1007521	376	7A1	2.011	ATCAAA
1007521	884	7m8	2.559	AATCAA
1007521	1363	7m8	1.931	AATCAA
1007521	4367	7m8	1.645	ATCAAA
1007530	1123	7m8	2.007	AATCAA
1007547	1452	7m8	1.453	AATCAA
1007547	2091	7m8	1.369	AATCAA
1007547	2601	8m	1.739	ATCAAA
1007608	653	o6	2.085	AATCAA
1007624	1496	6m	1.071	ATCAAA
1007629	98	6m	1.612	ATCAAA
1007637	762	o6	2.341	AATCAA
1007637	877	7m8	1.122	ATCAAA
1007646	734	7A1	2.381	ATCAAA
1007647	680	6m	1.040	ATCAAA
1007663	98	7m8	1.251	AATCAA
1007663	227	6m	1.295	ATCAAA
1007691	66	6m	2.249	ATCAAA
1007698	477	7A1	2.809	ATCAAA
1007698	2603	7m8	1.329	AATCAA
1007710	134	o6	2.790	AATCAA
1007710	145	7m8	2.535	AATCAA
1007710	605	o6	1.115	AATCAA
1007731	231	8m	1.067	AATCAA
1007731	3693	7m8	1.292	ATCAAA
1007734	28	7m8	1.327	AATCAA
1007737	876	7m8	1.905	ATCAAA
1007740	2720	7A1	2.073	ATCAAA
1007743	57	o6	1.330	AATCAA
1007743	638	o6	1.004	AATCAA
1007746	480	o6	1.004	AATCAA
1007749	813	7m8	1.173	AATCAA
1007750	1074	o6	1.853	AATCAA
1007759	85	o6	2.758	AATCAA
1007764	98	8m	1.680	AATCAA
1007782	39	o6	1.497	AATCAA
1007792	392	7m8	1.334	AATCAA
1007807	388	6m	3.013	ATCAAA
1007812	6616	o6	1.814	AATCAA
1007812	6842	o6	2.469	AATCAA
1007840	1614	o6	1.513	AATCAA
1007840	1625	7m8	2.991	AATCAA
1007848	234	8m	1.365	ATCAAA
1007851	0	6m	1.120	ATCAAA
1007854	78	6m	1.711	ATCAAA
1007875	1044	7m8	2.530	AATCAA
1007875	1676	6m	2.758	ATCAAA
1007875	4612	8m	1.440	AATCAA
1007888	871	o6	2.097	AATCAA
1007897	1684	8m	1.285	AATCAA
1007903	1010	7A1	1.053	ATCAAA
1007903	1214	8m	1.941	AATCAA
1007903	1403	7m8	2.343	AATCAA
1007920	-1	7A1	1.905	ATCAAA
1007920	777	6m	1.171	ATCAAA
1007920	1844	7A1	1.687	ATCAAA
1007926	144	7m8	1.433	AATCAA
1007932	773	7A1	2.149	ATCAAA
1007932	2238	8m	1.606	AATCAA
1007950	149	7A1	2.400	ATCAAA
1007950	1505	8m	1.479	AATCAA
1007950	3032	7m8	1.731	AATCAA
1007950	3206	7m8	1.006	AATCAA
1007953	64	6m	2.341	ATCAAA
1007956	120	7m8	1.860	AATCAA
1007965	151	7A1	1.950	ATCAAA
1007980	476	7A1	1.284	ATCAAA
1007989	89	o6	1.007	AATCAA
1007993	255	6m	1.363	ATCAAA
1007993	629	8m	2.889	ATCAAA
1007997	486	8m	3.082	AATCAA
1008036	906	7m8	1.584	AATCAA
1008072	643	8m	2.723	AATCAA
1008073	99	8m	1.079	AATCAA
1008093	544	6m	2.349	ATCAAA
1008093	1402	8m	2.178	AATCAA
1008093	1432	6m	1.606	ATCAAA
1008093	2209	7m8	1.705	AATCAA
1008114	177	7m8	1.545	AATCAA
1008135	295	o6	1.251	AATCAA
1008136	651	7m8	1.311	ATCAAA
1008136	926	o6	1.490	AATCAA
1008141	103	6m	2.876	ATCAAA
1008141	870	o6	1.254	AATCAA
1008141	1082	7A1	2.428	ATCAAA
1008145	1593	6m	2.544	ATCAAA
1008145	1811	o6	2.220	AATCAA
1008145	2950	7A1	1.053	ATCAAA
1008145	3816	7m8	1.782	AATCAA
1008145	4840	7m8	1.629	AATCAA
1008145	7305	o6	1.053	AATCAA
1008145	9045	o6	1.345	AATCAA
1008150	612	7m8	3.198	AATCAA
1008163	119	8m	1.446	AATCAA
1008174	622	7m8	1.180	ATCAAA
1008174	730	6m	2.181	ATCAAA
1008187	104	o6	1.053	AATCAA
1008192	228	6m	1.681	ATCAAA
1008195	211	o6	1.655	AATCAA
1008198	692	o6	1.031	AATCAA
1008204	439	o6	1.634	AATCAA
1008204	559	7m8	1.195	ATCAAA
1008213	286	8m	3.435	AATCAA
1008213	863	o6	1.779	AATCAA
1008220	135	7A1	2.788	ATCAAA
1008225	336	8m	1.629	AATCAA
1008225	1076	8m	1.951	AATCAA
1008255	670	o6	2.030	AATCAA
1008255	678	o6	2.030	AATCAA
1008256	155	8m	1.896	ATCAAA
1008259	1448	7A1	1.690	ATCAAA
1008270	593	o6	1.473	AATCAA
1008279	479	7m8	1.065	AATCAA
1008279	1584	8m	1.818	AATCAA
1008286	986	6m	1.431	ATCAAA
1008286	2023	7m8	1.853	AATCAA
1008300	281	o6	2.840	AATCAA
1008300	297	o6	2.751	AATCAA
1008300	313	o6	1.953	AATCAA
1008301	471	o6	1.420	AATCAA
1008307	1291	6m	1.606	ATCAAA
1008307	1564	6m	2.635	ATCAAA
1008307	1574	8m	2.807	AATCAA
1008313	138	7m8	2.025	AATCAA
1008318	199	o6	2.768	AATCAA
1008346	140	7A1	2.807	ATCAAA
1008346	374	o6	1.011	AATCAA
1008363	691	o6	1.075	AATCAA
1008409	456	6m	1.973	ATCAAA
1008409	1268	8m	2.537	AATCAA
1008409	1687	o6	2.282	AATCAA
1008427	343	o6	1.553	AATCAA
1008432	211	8m	1.723	AATCAA
1008432	483	7m8	1.669	AATCAA
1008486	390	o6	2.512	AATCAA
1008487	31	o6	1.359	AATCAA
1008524	580	8m	1.629	AATCAA
1008524	1022	8m	1.205	ATCAAA
1008537	198	8m	1.111	ATCAAA
1008557	366	o6	1.294	AATCAA
1008560	750	o6	1.711	AATCAA
1008593	1057	o6	1.051	AATCAA
1008593	1117	6m	1.702	ATCAAA
1008647	883	7m8	2.220	AATCAA
1008650	7	o6	1.235	AATCAA
1008654	422	o6	1.254	AATCAA
1008654	714	o6	2.093	AATCAA
1008666	1211	7m8	1.357	ATCAAA
1008666	1950	6m	1.130	ATCAAA
1008666	2527	7m8	2.922	AATCAA
1008707	364	6m	1.156	ATCAAA
1008708	109	o6	1.157	AATCAA
1008728	93	7m8	1.073	AATCAA
1008740	1135	o6	2.294	AATCAA
1008755	126	7m8	1.688	AATCAA
1008755	139	8m	1.679	ATCAAA
1008764	65	7m8	1.284	AATCAA
1008822	59	8m	2.243	AATCAA
1008855	466	7m8	1.687	AATCAA
1008863	144	o6	1.296	AATCAA
1008866	43	8m	2.619	AATCAA
1008881	691	7A1	2.637	ATCAAA
1008890	866	o6	1.063	AATCAA
1008903	1846	7A1	1.038	ATCAAA
1008912	61	6m	1.009	ATCAAA
1008933	776	6m	2.039	ATCAAA
1008933	905	8m	2.106	AATCAA
1008938	52	o6	1.663	AATCAA
1008966	657	6m	1.223	ATCAAA
1008966	991	o6	2.246	AATCAA
1008966	1201	7m8	1.045	AATCAA
1008966	1450	o6	1.667	AATCAA
1008975	724	7A1	2.009	ATCAAA
1008990	112	7A1	1.147	ATCAAA
1009026	571	o6	2.482	AATCAA
1009026	1026	o6	2.020	AATCAA
1009026	1849	o6	1.400	AATCAA
1009034	84	o6	2.345	AATCAA
1009037	1034	7m8	1.285	AATCAA
1009037	2721	o6	1.354	AATCAA
1009043	680	7m8	2.665	ATCAAA
1009043	980	7A1	1.996	ATCAAA
1009068	37	8m	1.852	ATCAAA
1009068	161	o6	1.606	AATCAA
1009068	368	7m8	1.606	AATCAA
1009068	514	6m	1.606	ATCAAA
1009083	198	o6	1.053	AATCAA
1009107	199	6m	1.972	ATCAAA
1009153	1118	o6	1.441	AATCAA
1009222	1754	6m	2.449	ATCAAA
1009274	287	6m	1.459	ATCAAA
1009289	227	7m8	2.073	AATCAA
1009303	1279	6m	1.397	ATCAAA
1009307	311	8m	2.135	AATCAA
1009313	308	7m8	2.076	AATCAA
1009321	113	o6	2.171	AATCAA
1009328	392	7m8	1.598	AATCAA
1009328	397	8m	2.095	AATCAA
1009334	445	o6	1.855	AATCAA
1009339	199	o6	1.469	AATCAA
1009348	1541	7m8	2.378	AATCAA
1009366	704	o6	1.084	AATCAA
1009385	515	7m8	1.780	AATCAA
1009391	145	8m	1.935	ATCAAA
1009391	480	6m	3.108	ATCAAA
1009434	438	8m	1.906	ATCAAA
1009434	470	o6	1.286	AATCAA
1009439	476	7m8	2.025	AATCAA
1009445	203	6m	2.073	ATCAAA
1009448	924	7A1	1.530	ATCAAA
1009448	1467	o6	1.211	AATCAA
1009469	112	8m	2.184	ATCAAA
1009469	833	7m8	1.036	ATCAAA
1009469	849	6m	1.781	ATCAAA
1009479	261	7A1	1.373	ATCAAA
1009588	251	8m	1.753	AATCAA
1009617	680	6m	2.576	ATCAAA
1009623	30	o6	1.460	AATCAA
1009665	302	o6	1.322	AATCAA
1009684	1346	8m	2.262	AATCAA
1009684	1612	7m8	1.245	ATCAAA
1009684	1623	7m8	2.007	AATCAA
1009720	55	7m8	1.477	AATCAA
1009763	417	7m8	3.034	AATCAA
1009763	422	o6	3.034	AATCAA
1009781	266	o6	1.453	AATCAA
1009834	2256	7A1	2.502	ATCAAA
1009878	26	6m	1.019	ATCAAA
1009891	212	8m	2.138	AATCAA
1009906	66	7m8	2.390	ATCAAA
1009915	438	6m	1.321	ATCAAA
1009927	69	7m8	2.235	AATCAA
1009930	69	7A1	1.456	ATCAAA
1009948	300	7m8	1.251	ATCAAA
1009948	1429	8m	2.807	AATCAA
1009948	2043	o6	1.859	AATCAA
1009948	2059	8m	2.990	AATCAA
1010054	419	o6	1.591	AATCAA
1010054	524	o6	1.288	AATCAA
1010103	381	o6	2.383	AATCAA
1010111	359	7m8	1.949	ATCAAA
1010111	595	7m8	1.632	AATCAA
1010120	38	o6	1.108	AATCAA
1010120	178	8m	1.120	AATCAA
1010160	594	8m	1.563	AATCAA
1010160	751	7m8	1.241	ATCAAA
1010201	144	7A1	1.573	ATCAAA
1010232	543	7m8	1.164	AATCAA
1010232	2778	7m8	1.367	AATCAA
1010232	3149	7m8	1.596	AATCAA
1010232	3360	o6	1.780	AATCAA
1010232	3632	o6	2.630	AATCAA
1010238	170	7m8	1.164	AATCAA
1010238	2405	7m8	1.367	AATCAA
1010238	2776	7m8	1.596	AATCAA
1010238	2987	o6	1.780	AATCAA
1010238	3259	o6	2.630	AATCAA
1010250	1552	7m8	2.316	AATCAA
1010274	247	6m	1.615	ATCAAA
1010278	381	o6	1.018	AATCAA
1010332	482	7A1	1.688	ATCAAA
1010332	692	7m8	1.218	AATCAA
1010358	1678	o6	2.731	AATCAA
1010385	182	7m8	1.850	ATCAAA
1010385	1000	8m	2.242	AATCAA
1010391	134	7m8	2.088	AATCAA
1010398	133	7m8	1.817	ATCAAA
1010401	4862	8m	1.285	AATCAA
1010429	51	7m8	1.063	AATCAA
1010456	101	6m	1.002	ATCAAA
1010465	549	7m8	1.321	AATCAA
1010498	472	7A1	1.891	ATCAAA
1010498	625	7A1	1.891	ATCAAA
1010511	1217	6m	1.690	ATCAAA
1010533	1108	o6	4.576	AATCAA
1010533	1744	7m8	2.136	ATCAAA
1010553	98	o6	2.673	AATCAA
1010596	24	7m8	1.073	ATCAAA
1010602	502	o6	1.471	AATCAA
1010602	595	o6	2.258	AATCAA
1010646	1011	7m8	1.235	AATCAA
1010652	297	6m	1.606	ATCAAA
1010670	135	o6	1.062	AATCAA
1010670	830	o6	1.919	AATCAA
1010670	1420	8m	1.891	AATCAA
1010677	192	7m8	1.053	AATCAA
1010682	51	6m	1.180	ATCAAA
1010682	586	8m	1.124	AATCAA
1010712	135	7A1	2.492	ATCAAA
1010725	128	7A1	1.690	ATCAAA
1010818	422	o6	1.811	AATCAA
1010821	413	o6	1.084	AATCAA
1010851	478	7m8	1.676	AATCAA
1010851	565	7m8	1.798	AATCAA
1010916	58	6m	2.162	ATCAAA
1010926	287	6m	1.139	ATCAAA
1010956	2083	7m8	1.169	AATCAA
1010974	301	7m8	1.812	AATCAA
1010974	360	7m8	1.496	AATCAA
1011009	11	7A1	1.048	ATCAAA
1011059	476	6m	2.408	ATCAAA
1011068	827	o6	1.104	AATCAA
1011087	61	o6	3.474	AATCAA
1011095	704	o6	2.840	AATCAA
1011096	113	7m8	2.166	AATCAA
1011107	2413	o6	2.518	AATCAA
1011120	10	o6	1.304	AATCAA
1011131	794	7m8	1.405	AATCAA
1011194	637	7m8	1.163	AATCAA
1011194	645	o6	1.818	AATCAA
1011237	715	7m8	3.034	AATCAA
1011268	24	o6	1.487	AATCAA
1011277	1156	o6	3.082	AATCAA
1011322	375	6m	3.026	ATCAAA
1011333	6	7m8	1.672	AATCAA
1011333	653	7m8	2.116	AATCAA
1011349	178	7m8	1.822	AATCAA
1011379	431	6m	1.107	ATCAAA
1011393	446	6m	2.699	ATCAAA
1011393	848	8m	1.377	AATCAA
1011393	1064	o6	2.571	AATCAA
1011403	188	7m8	1.949	ATCAAA
1011403	203	7m8	2.460	AATCAA
1011403	208	8m	2.460	AATCAA
1011403	229	7m8	1.654	AATCAA
1011430	1587	o6	1.843	AATCAA
1011430	2385	o6	1.654	AATCAA
1011460	25	6m	2.292	ATCAAA
1011487	790	7m8	1.316	AATCAA
1011487	1517	o6	2.214	AATCAA
1011491	1733	7m8	1.195	AATCAA
1011523	912	o6	2.087	AATCAA
1011523	1165	6m	2.298	ATCAAA
1011564	106	6m	1.915	ATCAAA
1011607	-1	7A1	1.073	ATCAAA
1011607	1140	8m	1.279	AATCAA
1011658	782	8m	2.780	AATCAA
1011715	694	o6	2.203	AATCAA
1011739	398	7m8	1.762	AATCAA
1011742	131	6m	2.269	ATCAAA
1011742	613	7m8	3.182	AATCAA
1011746	222	o6	1.573	AATCAA
1011776	69	6m	1.978	ATCAAA
1011776	213	7m8	1.502	AATCAA
1011812	214	8m	1.087	AATCAA
1011821	90	7A1	1.618	ATCAAA
1011892	225	7m8	1.802	AATCAA
1011897	892	8m	3.024	AATCAA
1011897	939	8m	3.198	AATCAA
1011936	904	o6	2.263	AATCAA
1011936	1017	o6	1.453	AATCAA
1011990	102	7m8	1.385	AATCAA
1012017	142	o6	1.633	AATCAA
1012042	222	o6	1.961	AATCAA
1012045	520	8m	1.969	AATCAA
1012099	244	7m8	1.150	AATCAA
1012169	25	o6	2.163	AATCAA
1012169	349	7m8	1.468	AATCAA
1012169	916	7A1	2.063	ATCAAA
1012174	773	7A1	1.355	ATCAAA
1012177	164	6m	2.477	ATCAAA
1012225	95	o6	1.814	AATCAA
1012292	25	7A1	1.485	ATCAAA
1012308	668	o6	2.498	AATCAA
1012382	320	8m	1.861	AATCAA
1012383	269	7m8	1.690	AATCAA
1012383	274	7m8	1.690	AATCAA
1012424	106	o6	2.544	AATCAA
1012425	381	o6	2.544	AATCAA
1012430	943	7m8	3.350	AATCAA
1012479	628	8m	2.098	AATCAA
1012491	485	o6	1.210	AATCAA
1012533	171	6m	1.267	ATCAAA
1012543	259	7A1	2.206	ATCAAA
1012575	101	8m	3.026	AATCAA
1012593	303	7m8	2.029	AATCAA
1012636	42	o6	1.283	AATCAA
1012655	60	7m8	1.413	AATCAA
1012685	182	7m8	1.582	AATCAA
1012718	521	8m	1.244	AATCAA
1012743	244	6m	1.606	ATCAAA
1012743	414	o6	1.453	AATCAA
1012743	725	7m8	2.009	AATCAA
1012743	912	7A1	2.704	ATCAAA
1012754	982	7m8	1.513	AATCAA
1012754	1078	o6	1.981	AATCAA
1012754	1108	7m8	1.162	AATCAA
1012754	1113	8m	1.333	AATCAA
1012755	121	o6	1.533	AATCAA
1012776	1310	8m	2.269	AATCAA
1012822	95	o6	1.469	AATCAA
1012839	1113	o6	1.529	AATCAA
1012878	145	8m	2.552	AATCAA
1012878	359	7m8	2.356	ATCAAA
1012879	166	o6	2.025	AATCAA
1012896	573	7m8	3.191	AATCAA
1012900	127	o6	2.991	AATCAA
1013004	64	6m	2.570	ATCAAA
1013031	123	o6	1.404	AATCAA
1013068	283	7A1	2.073	ATCAAA
1013073	709	o6	1.231	AATCAA
1013108	529	o6	1.006	AATCAA
1013108	794	o6	1.548	AATCAA
1013108	804	6m	1.328	ATCAAA
1013108	2252	8m	1.146	ATCAAA
1013108	2358	8m	1.690	AATCAA
1013108	2378	6m	1.434	ATCAAA
1013141	165	7m8	1.506	AATCAA
1013166	152	o6	1.199	AATCAA
1013172	168	7A1	1.782	ATCAAA
1013183	117	o6	1.815	AATCAA
1013193	324	7m8	1.091	AATCAA
1013306	788	8m	4.080	AATCAA
1013306	794	7m8	3.886	AATCAA
1013312	805	o6	2.073	AATCAA
1013312	2369	o6	1.632	AATCAA
1013327	1108	7A1	1.322	ATCAAA
1013327	1871	8m	1.322	AATCAA
1013330	272	o6	2.101	AATCAA
1013334	276	8m	2.400	AATCAA
1013365	740	7m8	2.073	AATCAA
1013383	250	6m	1.606	ATCAAA
1013386	72	o6	3.350	AATCAA
1013397	463	6m	1.822	ATCAAA
1013443	1210	7m8	1.107	AATCAA
1013443	2201	6m	1.208	ATCAAA
1013461	262	6m	1.099	ATCAAA
1013461	788	o6	1.041	AATCAA
1013467	379	6m	1.053	ATCAAA
1013503	187	7A1	2.215	ATCAAA
1013518	1646	o6	1.212	AATCAA
1013524	232	o6	1.389	AATCAA
1013541	6	o6	1.711	AATCAA
1013573	13	7m8	1.435	ATCAAA
1013573	18	o6	1.435	AATCAA
1013585	36	7m8	1.403	AATCAA
1013591	118	8m	1.606	AATCAA
1013591	1050	8m	1.040	AATCAA
1013591	1145	7m8	1.241	AATCAA
1013591	1150	o6	1.135	AATCAA
1013591	1405	6m	2.134	ATCAAA
1013591	1552	o6	1.195	AATCAA
1013591	4298	6m	2.310	ATCAAA
1013591	4401	8m	1.653	AATCAA
1013603	304	6m	1.101	ATCAAA
1013643	460	o6	1.615	AATCAA
1013670	1554	o6	1.010	AATCAA
1013676	1065	o6	1.150	AATCAA
1013687	632	6m	2.660	ATCAAA
1013691	84	7m8	1.450	AATCAA
1013772	131	7m8	1.703	ATCAAA
1013772	185	7m8	1.286	AATCAA
1013781	45	o6	2.302	AATCAA
1013782	349	7m8	1.447	AATCAA
1013802	29	6m	1.980	ATCAAA
1013820	384	8m	2.866	AATCAA
1013916	181	8m	1.010	ATCAAA
1013939	93	8m	1.320	ATCAAA
1013963	419	o6	1.650	AATCAA
1013971	286	o6	1.208	AATCAA
1013971	307	7m8	2.033	AATCAA
1013988	1246	7m8	3.642	AATCAA
1014009	501	7A1	2.471	ATCAAA
1014043	23	8m	1.007	AATCAA
1014060	265	o6	1.284	AATCAA
1014069	942	6m	2.137	ATCAAA
1014235	898	6m	1.405	ATCAAA
1014241	238	o6	1.447	AATCAA
1014295	253	8m	1.585	AATCAA
1014295	1839	o6	1.157	AATCAA
1014295	2354	7m8	1.484	AATCAA
1014295	2401	7m8	2.066	ATCAAA
1014295	2436	8m	1.511	AATCAA
1014295	2543	8m	2.017	AATCAA
1014301	141	7m8	1.474	AATCAA
1014319	26	7m8	1.663	AATCAA
1014355	557	o6	1.154	AATCAA
1014379	157	8m	1.412	AATCAA
1014418	2486	8m	1.284	AATCAA
1014418	2886	o6	3.034	AATCAA
1014448	540	o6	2.433	AATCAA
1014464	1532	7m8	2.847	AATCAA
1014465	309	o6	1.074	AATCAA
1014465	756	7A1	1.251	ATCAAA
1014473	999	7A1	1.583	ATCAAA
1014473	1114	6m	1.284	ATCAAA
1014473	1474	6m	1.321	ATCAAA
1014473	2119	7A1	2.149	ATCAAA
1014473	2244	o6	2.084	AATCAA
1014473	2437	o6	2.455	AATCAA
1014480	2456	7m8	1.512	AATCAA
1014480	2515	7m8	1.247	AATCAA
1014559	41	6m	2.572	ATCAAA
1014559	336	o6	1.248	AATCAA
1014568	264	7m8	2.544	AATCAA
1014588	2940	o6	2.098	AATCAA
1014588	3680	o6	1.284	AATCAA
1014655	1066	6m	1.456	ATCAAA
1014655	1429	o6	2.364	AATCAA
1014679	24	6m	1.262	ATCAAA
1014697	616	7m8	1.407	ATCAAA
1014697	1446	o6	1.560	AATCAA
1014754	55	o6	1.322	AATCAA
1014819	64	7m8	2.854	AATCAA
1014864	1292	o6	1.965	AATCAA
1014864	1496	8m	2.381	AATCAA
1014869	846	6m	1.577	ATCAAA
1014869	1111	7m8	3.074	AATCAA
1014874	255	6m	2.026	ATCAAA
1014883	119	7A1	2.016	ATCAAA
1014883	847	7m8	2.073	AATCAA
1014883	1444	7m8	1.335	AATCAA
1014883	1472	7m8	1.727	AATCAA
1014884	66	o6	1.932	AATCAA
1014884	414	7A1	1.606	ATCAAA
1014884	1652	8m	1.177	AATCAA
1014884	1658	7m8	1.177	AATCAA
1014892	259	8m	2.981	AATCAA
1014892	271	7m8	2.852	AATCAA
1014898	217	o6	3.034	AATCAA
1014898	275	8m	2.638	AATCAA
1014898	1168	o6	1.522	AATCAA
1014898	1262	8m	1.606	AATCAA
1014899	427	o6	1.711	AATCAA
1014957	55	7m8	1.316	AATCAA
1014978	60	8m	1.824	AATCAA
1014978	608	7m8	2.145	AATCAA
1014981	1715	6m	1.497	ATCAAA
1014981	2394	8m	2.852	AATCAA
1014987	772	o6	1.120	AATCAA
1014987	1015	7m8	1.634	AATCAA
1014988	700	8m	2.295	AATCAA
1014988	1605	o6	2.555	AATCAA
1014988	1626	o6	2.801	AATCAA
1014988	2545	7m8	2.181	AATCAA
1014988	5897	8m	2.350	AATCAA
1014988	6055	o6	1.600	AATCAA
1015021	106	6m	1.156	ATCAAA
1015041	5860	8m	1.220	ATCAAA
1015047	621	7A1	1.322	ATCAAA
1015062	463	6m	1.435	ATCAAA
1015073	258	6m	1.687	ATCAAA
1015076	325	o6	1.101	AATCAA
1015080	171	7m8	1.077	AATCAA
1015085	1738	o6	2.544	AATCAA
1015086	66	o6	1.490	AATCAA
1015091	2268	7m8	1.560	AATCAA
1015091	4100	o6	1.178	AATCAA
1015098	140	7m8	1.162	AATCAA
1015106	163	8m	2.025	ATCAAA
1015145	2726	8m	2.103	AATCAA
1015145	3231	7A1	2.704	ATCAAA
1015145	4211	o6	1.606	AATCAA
1015150	298	o6	1.348	AATCAA
1015228	2580	6m	3.034	ATCAAA
1015267	154	o6	1.278	AATCAA
1015291	1512	7m8	1.053	AATCAA
1015348	27	o6	1.123	AATCAA
1015375	720	8m	1.058	AATCAA
1015375	889	8m	2.107	ATCAAA
1015376	188	o6	3.255	AATCAA
1015388	258	8m	2.652	AATCAA
1015388	348	8m	1.923	AATCAA
1015394	478	6m	1.315	ATCAAA
1015394	831	7m8	1.284	AATCAA
1015394	1394	6m	1.207	ATCAAA
1015405	52	o6	2.544	AATCAA
1015405	134	7A1	2.475	ATCAAA
1015408	5	o6	2.377	AATCAA
1015418	327	7m8	2.372	AATCAA
1015418	936	o6	1.870	AATCAA
1015444	184	8m	2.240	AATCAA
1015480	1319	8m	2.807	AATCAA
1015504	99	o6	1.593	AATCAA
1015526	1141	6m	1.835	ATCAAA
1015526	1168	6m	2.025	ATCAAA
1015526	1834	6m	2.379	ATCAAA
1015551	522	6m	1.690	ATCAAA
1015552	3	o6	2.026	AATCAA
1015552	564	o6	1.316	AATCAA
1015555	431	o6	1.235	AATCAA
1015555	2572	7m8	1.901	AATCAA
1015555	3910	o6	1.083	AATCAA
1015555	3934	o6	2.660	AATCAA
1015555	4123	o6	1.606	AATCAA
1015555	4146	7m8	2.433	AATCAA
1015572	1154	8m	2.073	AATCAA
1015572	2292	o6	1.073	AATCAA
1015575	116	6m	1.201	ATCAAA
1015676	730	7m8	1.322	AATCAA
1015676	1599	7m8	1.521	AATCAA
1015676	1999	6m	1.260	ATCAAA
1015725	195	o6	2.544	AATCAA
1015761	58	o6	1.790	AATCAA
1015774	583	o6	2.396	AATCAA
1015774	1000	8m	1.681	AATCAA
1015777	575	o6	1.239	AATCAA
1015777	678	o6	1.034	AATCAA
1015778	1327	o6	1.405	AATCAA
1015810	207	6m	1.084	ATCAAA
1015811	194	8m	2.037	ATCAAA
1015814	158	o6	1.109	AATCAA
1015819	293	8m	1.731	AATCAA
1015823	745	7m8	1.016	AATCAA
1015826	175	o6	2.220	AATCAA
1015826	187	7m8	2.220	AATCAA
1015840	300	o6	1.499	AATCAA
1015852	276	o6	3.332	AATCAA
1015874	44	6m	1.952	ATCAAA
1015915	752	7m8	1.434	AATCAA
1015919	492	7m8	2.270	AATCAA
1015936	336	8m	1.284	AATCAA
1015936	1648	7m8	1.819	AATCAA
1015967	384	o6	1.442	AATCAA
1015967	719	8m	1.084	AATCAA
1015972	920	o6	2.089	AATCAA
1015972	938	o6	1.468	AATCAA
1015972	962	7A1	1.655	ATCAAA
1015972	1204	6m	1.852	ATCAAA
1015972	1698	7m8	2.651	AATCAA
1015972	1747	8m	2.405	AATCAA
1015972	2577	o6	2.764	AATCAA
1015995	1183	7m8	2.177	AATCAA
1016007	576	o6	1.320	AATCAA
1016011	963	6m	2.023	ATCAAA
1016011	1650	7m8	1.605	ATCAAA
1016016	1224	6m	3.099	ATCAAA
1016016	1452	7A1	1.785	ATCAAA
1016016	1765	6m	3.088	ATCAAA
1016026	3279	o6	1.322	AATCAA
1016029	1796	8m	1.284	AATCAA
1016029	2196	o6	3.034	AATCAA
1016052	492	7m8	2.062	ATCAAA
1016067	881	o6	1.895	AATCAA
1016098	6833	7A1	5.063	ATCAAA
1016103	313	8m	1.778	AATCAA
1016116	101	o6	1.053	AATCAA
1016179	945	7m8	1.535	AATCAA
1016179	1445	o6	2.350	AATCAA
1016200	1121	8m	1.053	ATCAAA
1016205	113	8m	2.220	AATCAA
1016208	85	6m	2.073	ATCAAA
1016238	39	6m	1.772	ATCAAA
1016265	237	6m	1.150	ATCAAA
1016265	402	7A1	1.281	ATCAAA
1016272	71	6m	2.481	ATCAAA
1016272	521	o6	1.340	AATCAA
1016275	625	7A1	1.618	ATCAAA
1016298	241	o6	1.322	AATCAA
1016347	1009	o6	2.860	AATCAA
1016382	270	6m	1.190	ATCAAA
1016398	40	o6	1.535	AATCAA
1016398	753	o6	1.485	AATCAA
1016398	2858	6m	1.687	ATCAAA
1016407	424	o6	2.558	AATCAA
1016431	1188	o6	1.322	AATCAA
1016431	1938	7m8	1.941	AATCAA
1016439	994	8m	1.784	AATCAA
1016439	1001	8m	1.784	AATCAA
1016445	881	8m	1.612	AATCAA
1016449	401	8m	2.538	AATCAA
1016449	523	7A1	1.079	ATCAAA
1016449	935	8m	1.681	AATCAA
1016449	1385	o6	1.157	AATCAA
1016449	3112	o6	1.681	AATCAA
1016449	3137	8m	2.538	AATCAA
1016449	4564	7A1	1.047	ATCAAA
1016475	565	o6	1.869	AATCAA
1016475	1257	7m8	1.360	AATCAA
1016475	1538	o6	1.163	AATCAA
1016500	835	8m	2.544	AATCAA
1016512	1186	o6	1.523	AATCAA
1016550	90	o6	2.220	AATCAA
1016556	1083	8m	1.853	AATCAA
1016557	519	7m8	2.265	AATCAA
1016557	1157	7m8	2.265	AATCAA
1016562	547	o6	1.921	AATCAA
1016565	891	7m8	2.834	AATCAA
1016565	1049	8m	1.606	AATCAA
1016565	1228	o6	1.448	AATCAA
1016566	564	8m	2.807	AATCAA
1016566	795	8m	1.690	AATCAA
1016566	958	o6	1.690	AATCAA
1016574	1101	8m	1.777	ATCAAA
1016574	5717	o6	1.298	AATCAA
1016581	1552	7m8	1.198	AATCAA
1016598	437	6m	2.220	ATCAAA
1016598	1072	o6	1.053	AATCAA
1016599	1000	8m	2.220	AATCAA
1016599	1185	7m8	2.054	AATCAA
1016637	37	7m8	1.366	AATCAA
1016640	644	7A1	1.186	ATCAAA
1016644	745	6m	1.529	ATCAAA
1016644	866	o6	1.787	AATCAA
1016655	1119	7m8	1.381	ATCAAA
1016685	170	6m	1.495	ATCAAA
1016685	670	o6	1.731	AATCAA
1016685	1380	8m	2.504	AATCAA
1016685	1391	7A1	1.780	ATCAAA
1016691	76	8m	2.544	ATCAAA
1016691	348	o6	1.834	AATCAA
1016692	195	7m8	3.549	ATCAAA
1016698	19	6m	1.460	ATCAAA
1016698	1007	o6	1.633	AATCAA
1016698	1715	o6	1.545	AATCAA
1016698	2009	8m	1.488	AATCAA
1016698	2310	o6	1.186	AATCAA
1016701	786	6m	1.598	ATCAAA
1016701	1316	7A1	1.204	ATCAAA
1016713	4002	7m8	2.262	AATCAA
1016713	4178	7A1	1.808	ATCAAA
1016713	4486	7A1	2.275	ATCAAA
1016764	183	6m	2.258	ATCAAA
1016769	175	7m8	1.566	AATCAA
1016806	1907	o6	1.048	AATCAA
1016820	675	7A1	2.835	ATCAAA
1016820	1020	8m	2.220	ATCAAA
1016823	652	o6	2.462	AATCAA
1016832	360	7m8	2.544	AATCAA
1016832	1365	8m	1.479	AATCAA
1016838	111	7m8	2.220	AATCAA
1016845	801	7m8	1.370	AATCAA
1016848	455	o6	1.759	AATCAA
1016848	1960	6m	1.748	ATCAAA
1016848	2156	7m8	3.292	AATCAA
1016848	2188	o6	3.000	AATCAA
1016857	467	7A1	1.921	ATCAAA
1016860	1302	7m8	1.477	AATCAA
1016916	210	8m	1.711	AATCAA
1016922	812	7A1	2.073	ATCAAA
1016931	552	7m8	1.225	AATCAA
1016936	36	6m	2.077	ATCAAA
1016948	153	6m	1.322	ATCAAA
1016952	66	7m8	2.520	AATCAA
1016965	327	8m	2.343	AATCAA
1016971	3477	o6	1.663	AATCAA
1016971	3587	o6	1.687	AATCAA
1016982	453	7A1	1.606	ATCAAA
1016985	347	8m	2.496	ATCAAA
1016986	894	7m8	3.475	AATCAA
1017018	698	6m	3.034	ATCAAA
1017018	1307	o6	1.529	AATCAA
1017018	1588	o6	1.966	AATCAA
1017018	1618	o6	2.194	AATCAA
1017018	1761	o6	1.455	AATCAA
1017024	893	6m	1.026	ATCAAA
1017028	78	7m8	2.278	AATCAA
1017046	1655	7m8	2.172	AATCAA
1017046	1830	7A1	1.542	ATCAAA
1017081	47	o6	1.017	AATCAA
1017091	326	7m8	1.123	AATCAA
1017118	284	7m8	1.515	ATCAAA
1017135	1234	o6	1.053	AATCAA
1017135	1491	7m8	1.845	AATCAA
1017138	47	o6	1.759	AATCAA
1017151	384	o6	2.000	AATCAA
1017169	487	8m	2.442	AATCAA
1017169	798	8m	2.212	AATCAA
1017197	710	7m8	1.315	AATCAA
1017197	2122	8m	1.483	AATCAA
1017203	95	8m	3.081	ATCAAA
1017204	403	7m8	2.220	AATCAA
1017245	881	7m8	1.690	AATCAA
1017254	964	7m8	1.731	AATCAA
1017254	1567	7A1	1.265	ATCAAA
1017258	670	8m	1.529	AATCAA
1017267	219	7m8	2.460	AATCAA
1017276	3	8m	1.190	AATCAA
1017276	700	o6	1.529	AATCAA
1017293	459	7m8	3.124	AATCAA
1017302	546	6m	1.654	ATCAAA
1017306	414	7m8	2.377	AATCAA
1017336	395	6m	1.011	ATCAAA
1017336	1463	7m8	1.494	ATCAAA
1017339	81	6m	2.100	ATCAAA
1017369	22	8m	2.099	AATCAA
1017369	32	7m8	1.868	AATCAA
1017404	499	7A1	1.379	ATCAAA
1017429	18	o6	1.292	AATCAA
1017434	345	7m8	1.284	AATCAA
1017451	1768	8m	3.034	AATCAA
1017485	373	6m	1.295	ATCAAA
1017511	1444	o6	2.073	AATCAA
1017511	2444	7m8	1.307	AATCAA
1017521	96	o6	1.044	AATCAA
1017524	1357	8m	1.176	ATCAAA
1017539	296	6m	5.710	ATCAAA
1017557	677	7m8	2.409	AATCAA
1017570	326	o6	2.345	AATCAA
1017592	464	6m	1.892	ATCAAA
1017608	29	7m8	1.083	ATCAAA
1017614	3653	8m	2.512	ATCAAA
1017614	5098	7m8	2.542	AATCAA
1017614	5741	7A1	2.915	ATCAAA
1017614	5812	8m	2.097	ATCAAA
1017645	118	o6	2.226	AATCAA
1017645	172	7m8	1.105	AATCAA
1017653	495	o6	1.328	AATCAA
1017689	88	6m	1.336	ATCAAA
1017695	217	o6	1.217	AATCAA
1017754	145	6m	2.349	ATCAAA
1017799	63	7A1	1.742	ATCAAA
1017799	198	6m	1.304	ATCAAA
1017805	498	8m	2.475	AATCAA
1017805	861	6m	1.636	ATCAAA
1017808	57	6m	1.737	ATCAAA
1017830	862	7A1	1.240	ATCAAA
1017868	552	7m8	2.840	ATCAAA
1017890	396	7m8	2.460	ATCAAA
1017916	836	6m	1.606	ATCAAA
1017919	1721	7m8	1.556	AATCAA
1017921	38	o6	1.053	AATCAA
1017924	180	o6	1.284	AATCAA
1017981	446	7m8	2.193	ATCAAA
1017981	451	7m8	2.193	ATCAAA
1017981	1072	7m8	1.046	AATCAA
1018008	188	7m8	2.539	AATCAA
1018026	513	o6	1.642	AATCAA
1018032	307	6m	1.875	ATCAAA
1018045	283	6m	1.533	ATCAAA
1018065	133	7m8	2.241	AATCAA
1018077	731	6m	1.193	ATCAAA
1018081	1004	6m	1.584	ATCAAA
1018120	127	o6	1.389	AATCAA
1018134	2009	8m	2.033	AATCAA
1018134	2106	o6	1.397	AATCAA
1018134	2317	o6	1.032	AATCAA
1018134	2764	o6	1.526	AATCAA
1018134	3859	o6	1.777	AATCAA
1018222	98	o6	1.055	AATCAA
1018225	40	6m	1.796	ATCAAA
1018225	396	o6	1.134	AATCAA
1018233	908	o6	2.555	AATCAA
1018240	57	6m	1.010	ATCAAA
1018243	81	6m	1.569	ATCAAA
1018243	475	6m	1.559	ATCAAA
1018243	799	o6	2.141	AATCAA
1018268	333	o6	2.523	AATCAA
1018278	546	8m	2.109	AATCAA
1018344	1124	8m	2.076	AATCAA
1018344	1451	6m	1.053	ATCAAA
1018367	194	7A1	2.350	ATCAAA
1018409	726	7A1	2.376	ATCAAA
1018420	106	o6	1.130	AATCAA
1018485	71	o6	2.496	AATCAA
1018498	497	7m8	1.772	AATCAA
1018498	552	o6	2.410	AATCAA
1018530	1877	8m	2.409	AATCAA
1018530	2639	7m8	1.683	AATCAA
1018530	2700	o6	1.885	AATCAA
1018533	82	6m	3.657	ATCAAA
1018549	63	7m8	2.394	AATCAA
1018572	89	o6	1.072	AATCAA
1018616	618	o6	1.549	AATCAA
1018619	320	o6	2.402	AATCAA
1018619	574	7m8	2.132	AATCAA
1018632	3076	o6	1.058	AATCAA
1018632	4465	o6	1.298	AATCAA
1018644	306	7A1	2.226	ATCAAA
1018661	823	7m8	1.485	AATCAA
1018661	905	6m	1.521	ATCAAA
1018661	954	7m8	2.372	ATCAAA
1018675	86	7m8	1.569	AATCAA
1018678	563	o6	1.257	AATCAA
1018702	222	o6	1.676	AATCAA
1018703	233	7m8	2.502	AATCAA
1018703	611	7m8	2.502	AATCAA
1018727	712	8m	1.027	AATCAA
1018753	86	7m8	3.187	AATCAA
1018763	300	o6	1.202	AATCAA
1018766	383	7m8	1.484	AATCAA
1018766	653	8m	2.660	AATCAA
1018766	1990	7m8	2.262	AATCAA
1018766	1995	7m8	2.262	AATCAA
1018766	2213	o6	1.201	AATCAA
1018766	2795	6m	2.275	ATCAAA
1018766	2919	6m	2.807	ATCAAA
1018766	2929	o6	2.807	AATCAA
1018825	218	o6	3.034	AATCAA
1018825	305	o6	2.834	AATCAA
1018893	81	o6	1.286	AATCAA
1018909	291	o6	2.304	AATCAA
1018921	657	8m	1.392	AATCAA
1018949	27	o6	1.262	AATCAA
1018984	412	6m	1.201	ATCAAA
1019031	18	o6	2.533	AATCAA
1019031	35	o6	2.533	AATCAA
1019037	141	8m	2.112	AATCAA
1019037	185	7A1	2.533	ATCAAA
1019041	21	6m	1.273	ATCAAA
1019049	882	o6	1.284	AATCAA
1019059	78	o6	1.736	AATCAA
1019095	64	7m8	1.543	AATCAA
1019116	368	6m	2.417	ATCAAA
1019116	491	6m	2.204	ATCAAA
1019147	264	8m	1.223	AATCAA
1019147	2148	o6	1.312	AATCAA
1019147	2171	o6	2.025	AATCAA
1019164	149	7m8	1.415	AATCAA
1019180	177	8m	1.197	AATCAA
1019198	1485	8m	2.055	AATCAA
1019298	311	6m	1.107	ATCAAA
1019304	366	o6	1.606	AATCAA
1019304	666	6m	1.168	ATCAAA
1019305	371	o6	2.301	AATCAA
1019311	310	o6	1.032	AATCAA
1019311	368	o6	1.017	AATCAA
1019329	705	7m8	1.310	AATCAA
1019377	679	o6	3.398	AATCAA
1019441	864	7m8	1.792	AATCAA
1019465	534	o6	1.550	AATCAA
1019465	831	o6	1.649	AATCAA
1019486	248	6m	2.957	ATCAAA
1019488	581	o6	2.826	AATCAA
1019514	239	o6	2.255	AATCAA
1019514	326	o6	2.544	AATCAA
1019514	995	o6	1.401	AATCAA
1019514	2035	o6	1.322	AATCAA
1019514	3195	7m8	1.747	AATCAA
1019514	3207	o6	2.076	AATCAA
1019514	3898	7m8	1.874	AATCAA
1019570	693	7m8	1.247	AATCAA
1019570	703	7m8	1.469	AATCAA
1019570	708	7m8	1.513	AATCAA
1019579	1277	o6	3.466	AATCAA
1019606	117	o6	1.170	AATCAA
1019639	29	6m	1.110	ATCAAA
1019649	16	7m8	1.176	AATCAA
1019695	202	o6	2.064	AATCAA
1019695	631	8m	3.192	AATCAA
1019695	682	8m	1.322	AATCAA
1019713	673	7m8	1.618	AATCAA
1019722	34	8m	2.544	AATCAA
1019728	447	o6	1.322	AATCAA
1019808	317	7m8	1.228	ATCAAA
1019870	162	8m	1.171	ATCAAA
1019878	99	6m	2.863	ATCAAA
1019899	500	7m8	1.302	AATCAA
1019925	311	7m8	1.241	AATCAA
1019925	1103	7m8	1.966	AATCAA
1019935	1450	6m	1.276	ATCAAA
1019935	1592	7A1	1.651	ATCAAA
1019935	1736	o6	1.491	AATCAA
1019995	252	o6	1.053	AATCAA
1019995	418	7m8	3.264	AATCAA
1020029	1051	o6	1.082	AATCAA
1020044	25	6m	1.120	ATCAAA
1020063	37	8m	1.286	AATCAA
1020071	35	o6	1.195	AATCAA
1020074	36	6m	2.252	ATCAAA
1020090	34	o6	3.340	AATCAA
1020139	474	7m8	1.284	AATCAA
1020139	479	7m8	1.284	ATCAAA
1020140	348	8m	2.220	AATCAA
1020166	559	6m	2.548	ATCAAA
1020166	1412	o6	2.010	AATCAA
1020187	91	7m8	1.298	AATCAA
1020214	584	o6	2.261	AATCAA
1020219	1140	7m8	1.530	AATCAA
1020219	1362	o6	1.166	AATCAA
1020220	472	8m	1.703	AATCAA
1020241	1033	o6	2.033	AATCAA
1020241	2019	6m	1.805	ATCAAA
1020241	2049	6m	3.062	ATCAAA
1020241	2657	7A1	2.453	ATCAAA
1020250	99	o6	1.303	AATCAA
1020253	449	o6	1.277	AATCAA
1020253	839	7A1	1.964	ATCAAA
1020253	1619	7A1	2.030	ATCAAA
1020253	1883	6m	1.591	ATCAAA
1020280	516	7m8	2.433	AATCAA
1020315	206	o6	1.321	AATCAA
1020319	1491	o6	1.161	AATCAA
1020319	1970	7m8	1.371	AATCAA
1020319	2008	o6	1.210	AATCAA
1020319	2064	o6	1.577	AATCAA
1020333	874	7A1	1.828	ATCAAA
1020333	991	7A1	2.256	ATCAAA
1020344	15	o6	1.244	AATCAA
1020357	125	o6	3.160	AATCAA
1020369	69	6m	1.590	ATCAAA
1020372	459	o6	1.043	AATCAA
1020435	684	6m	1.481	ATCAAA
1020435	2061	7m8	1.628	AATCAA
1020476	68	7A1	2.044	ATCAAA
1020486	596	7A1	2.556	ATCAAA
1020532	636	7m8	1.116	AATCAA
1020535	238	7A1	2.076	ATCAAA
1020564	301	o6	1.852	AATCAA
1020564	370	7A1	1.598	ATCAAA
1020579	89	8m	2.220	AATCAA
1020615	408	6m	1.539	ATCAAA
1020615	474	7A1	1.084	ATCAAA
1020615	582	6m	2.660	ATCAAA
1020615	771	8m	1.606	AATCAA
1020615	955	8m	2.233	AATCAA
1020615	2759	8m	1.043	AATCAA
1020615	3458	8m	1.606	AATCAA
1020615	3511	8m	2.548	AATCAA
1020615	3566	8m	1.010	ATCAAA
1020615	3718	8m	1.606	AATCAA
1020615	3739	7m8	2.548	AATCAA
1020615	3997	8m	2.433	AATCAA
1020615	4050	7A1	2.502	ATCAAA
1020642	8896	o6	1.677	AATCAA
1020643	686	o6	1.762	AATCAA
1020643	746	7m8	1.298	AATCAA
1020649	91	6m	1.246	ATCAAA
1020661	1100	o6	2.318	AATCAA
1020661	1110	8m	2.318	AATCAA
1020661	1310	7m8	1.284	AATCAA
1020661	1315	7m8	1.284	AATCAA
1020700	132	7A1	1.809	ATCAAA
1020700	138	7m8	1.809	ATCAAA
1020706	351	7m8	2.891	AATCAA
1020706	438	o6	1.253	AATCAA
1020706	458	7A1	1.413	ATCAAA
1020719	159	o6	2.025	AATCAA
1020740	515	o6	2.759	AATCAA
1020740	787	o6	3.034	AATCAA
1020745	277	o6	1.598	AATCAA
1020746	285	o6	3.403	AATCAA
1020760	133	o6	1.298	AATCAA
1020787	381	8m	1.015	AATCAA
1020787	397	7A1	1.053	ATCAAA
1020850	170	o6	1.186	AATCAA
1020992	44	8m	2.275	AATCAA
1020992	451	o6	2.661	AATCAA
1020992	527	6m	1.485	ATCAAA
1021001	193	o6	2.544	AATCAA
1021008	1435	8m	2.661	ATCAAA
1021011	25	7m8	2.910	AATCAA
1021020	205	7m8	2.939	ATCAAA
1021041	156	6m	1.259	ATCAAA
1021081	41	8m	2.309	AATCAA
1021084	168	o6	2.309	AATCAA
1021084	1269	6m	1.818	ATCAAA
1021087	851	6m	1.249	ATCAAA
1021102	100	6m	1.637	ATCAAA
1021152	634	o6	1.606	AATCAA
1021204	125	7m8	2.018	ATCAAA
1021223	25	o6	2.880	AATCAA
1021248	222	o6	1.002	AATCAA
1021260	341	7m8	1.737	AATCAA
1021273	1122	7m8	1.692	AATCAA
1021302	271	7A1	2.614	ATCAAA
1021365	207	o6	1.321	AATCAA
1021378	569	6m	2.060	ATCAAA
1021381	200	7m8	1.048	ATCAAA
1021386	283	o6	1.349	AATCAA
1021406	244	7m8	1.044	ATCAAA
1021409	839	7m8	1.547	AATCAA
1021434	1509	7m8	1.545	AATCAA
1021445	110	6m	1.002	ATCAAA
1021485	26	o6	2.383	AATCAA
1021505	558	6m	1.047	ATCAAA
1021540	2070	8m	2.807	AATCAA
1021540	4211	7m8	2.643	AATCAA
1021545	613	o6	1.567	AATCAA
1021566	3769	7m8	2.749	AATCAA
1021581	339	7m8	3.781	AATCAA
1021581	344	7m8	3.781	AATCAA
1021675	515	7m8	1.322	AATCAA
1021797	500	8m	1.598	AATCAA
1021797	653	7m8	2.544	AATCAA
1021797	1801	8m	1.218	AATCAA
1021818	1069	o6	1.053	AATCAA
1021818	1388	6m	1.306	ATCAAA
1021830	585	8m	1.487	ATCAAA
1021831	117	7A1	1.690	ATCAAA
1021853	159	8m	1.606	AATCAA
1021866	136	o6	2.870	AATCAA
1021879	172	7A1	1.007	ATCAAA
1021887	48	7m8	1.762	AATCAA
1021899	800	o6	1.053	AATCAA
1021899	1598	7m8	1.931	AATCAA
1021899	2131	7m8	1.122	AATCAA
1021909	1939	o6	2.413	AATCAA
1021941	988	7m8	2.160	AATCAA
1021962	1525	o6	1.155	AATCAA
1021975	54	o6	1.455	AATCAA
1021989	786	o6	2.031	AATCAA
1021989	1143	o6	1.906	AATCAA
1022057	372	6m	1.112	ATCAAA
1022057	1343	7A1	2.868	ATCAAA
1022066	224	7m8	2.850	AATCAA
1022066	265	o6	1.669	AATCAA
1022066	580	6m	1.584	ATCAAA
1022066	2521	7m8	2.213	AATCAA
1022070	474	7m8	2.078	AATCAA
1022070	890	8m	1.731	AATCAA
1022173	464	8m	1.845	AATCAA
1022173	563	8m	2.139	AATCAA
1022173	587	8m	1.016	AATCAA
1022191	54	o6	1.303	AATCAA
1022198	119	o6	1.758	AATCAA
1022198	907	7m8	1.608	AATCAA
1022235	1039	o6	2.493	AATCAA
1022235	1896	7m8	2.643	AATCAA
1022256	1564	7m8	2.628	AATCAA
1022256	1875	7m8	1.915	AATCAA
1022256	2805	7m8	2.929	AATCAA
1022270	92	8m	2.227	AATCAA
1022285	498	8m	1.711	ATCAAA
1022294	115	o6	1.963	AATCAA
1022338	404	8m	2.138	AATCAA
1022383	2116	o6	2.378	AATCAA
1022410	204	6m	1.820	ATCAAA
1022418	486	8m	2.148	AATCAA
1022418	508	8m	2.350	AATCAA
1022443	341	8m	1.571	AATCAA
1022443	1177	o6	2.446	AATCAA
1022443	1332	o6	1.245	AATCAA
1022457	504	8m	1.219	AATCAA
1022495	3366	6m	2.019	ATCAAA
1022495	3708	o6	1.315	AATCAA
1022495	4784	7m8	2.019	AATCAA
1022495	5508	o6	1.053	AATCAA
1022495	5763	o6	2.343	AATCAA
1022500	221	7m8	2.537	AATCAA
1022530	113	7m8	1.949	ATCAAA
1022530	407	6m	1.370	ATCAAA
1022531	2232	7m8	3.180	AATCAA
1022568	1214	o6	2.029	AATCAA
1022580	46	o6	2.150	AATCAA
1022626	381	7A1	2.947	ATCAAA
1022626	463	6m	2.806	ATCAAA
1022676	11	8m	1.568	AATCAA
1022719	243	8m	1.393	AATCAA
1022814	633	o6	2.069	AATCAA
1022843	61	7m8	1.596	ATCAAA
1022843	66	7m8	1.596	ATCAAA
1022846	607	6m	1.658	ATCAAA
1022849	188	o6	1.137	AATCAA
1022858	166	o6	2.187	AATCAA
1022892	30	6m	1.053	ATCAAA
1022932	86	o6	2.402	AATCAA
1022932	352	o6	1.942	AATCAA
1022932	682	8m	1.310	AATCAA
1022932	1374	8m	2.531	AATCAA
1022938	0	o6	2.749	AATCAA
1022938	113	7A1	1.476	ATCAAA
1022938	1678	o6	1.683	AATCAA
1022938	2172	6m	1.950	ATCAAA
1022938	2414	6m	1.568	ATCAAA
1022941	198	8m	1.313	AATCAA
1022941	432	7m8	1.313	AATCAA
1022941	1035	8m	1.397	AATCAA
1022941	1493	8m	1.367	ATCAAA
1022941	1873	8m	2.866	AATCAA
1022941	1908	8m	3.084	AATCAA
1022941	2158	o6	2.822	AATCAA
1022963	198	6m	1.197	ATCAAA
1022985	547	7m8	1.322	AATCAA
1022985	619	7m8	2.220	AATCAA
1022985	1407	7m8	1.824	AATCAA
1022989	284	7m8	2.950	AATCAA
1022989	479	6m	1.515	ATCAAA
1023004	377	7A1	2.341	ATCAAA
1023009	834	7m8	1.698	AATCAA
1023027	190	o6	1.053	AATCAA
1023032	4	o6	1.945	AATCAA
1023080	768	o6	3.002	AATCAA
1023085	925	7A1	1.008	ATCAAA
1023088	217	7m8	1.010	AATCAA
1023091	318	7m8	1.660	AATCAA
1023097	2122	o6	1.875	AATCAA
1023097	2897	7m8	2.271	AATCAA
1023100	1067	7m8	1.091	ATCAAA
1023100	1358	8m	1.877	AATCAA
1023100	1654	8m	1.455	AATCAA
1023136	296	7m8	1.990	ATCAAA
1023145	412	7m8	3.191	AATCAA
1023157	690	7A1	1.680	ATCAAA
1023157	767	7m8	1.053	AATCAA
1023157	814	7A1	1.322	ATCAAA
1023157	844	o6	1.027	AATCAA
1023167	325	7A1	4.317	ATCAAA
1023188	536	o6	1.460	AATCAA
1023219	566	o6	1.155	AATCAA
1023253	463	8m	1.958	AATCAA
1023256	1303	8m	2.660	AATCAA
1023289	353	o6	1.020	AATCAA
1023289	1720	6m	1.711	ATCAAA
1023292	1362	7m8	1.284	AATCAA
1023320	176	7A1	1.284	ATCAAA
1023320	280	8m	2.409	AATCAA
1023351	548	8m	1.606	AATCAA
1023351	554	7m8	1.284	AATCAA
1023378	1797	o6	4.576	AATCAA
1023378	1884	o6	4.229	AATCAA
1023381	1308	o6	4.576	AATCAA
1023381	1395	o6	4.229	AATCAA
1023391	648	7m8	1.522	AATCAA
1023391	1929	7A1	1.550	ATCAAA
1023423	30	6m	1.032	ATCAAA
1023432	735	6m	1.322	ATCAAA
1023469	469	o6	1.418	AATCAA
1023503	407	8m	1.222	AATCAA
1023503	568	6m	2.544	ATCAAA
1023585	530	o6	2.449	AATCAA
1023593	26	7m8	2.138	AATCAA
1023594	648	7m8	2.160	AATCAA
1023594	1122	o6	1.053	AATCAA
1023594	1881	7m8	2.265	AATCAA
1023599	3477	7A1	1.053	ATCAAA
1023599	4398	o6	1.592	AATCAA
1023599	6103	6m	2.220	ATCAAA
1023603	75	o6	1.193	AATCAA
1023658	477	6m	1.168	ATCAAA
1023669	1074	6m	1.328	ATCAAA
1023673	720	o6	2.343	AATCAA
1023706	43	6m	1.656	ATCAAA
1023706	813	o6	1.419	AATCAA
1023712	1531	o6	1.322	AATCAA
1023712	1692	7m8	2.544	AATCAA
1023717	721	o6	1.284	AATCAA
1023717	1166	o6	1.495	AATCAA
1023733	96	8m	2.794	AATCAA
1023774	1145	7m8	1.053	ATCAAA
1023784	1623	7m8	1.191	AATCAA
1023784	1839	7m8	2.276	AATCAA
1023784	3264	6m	1.313	ATCAAA
1023784	3704	o6	1.241	AATCAA
1023784	4183	7m8	2.592	AATCAA
1023784	4267	8m	2.592	AATCAA
1023784	5276	8m	2.592	AATCAA
1023790	413	6m	2.306	ATCAAA
1023790	1433	6m	1.313	ATCAAA
1023790	2093	7A1	1.147	ATCAAA
1023805	2272	7m8	1.061	AATCAA
1023805	2320	7A1	1.893	ATCAAA
1023805	2887	6m	1.124	ATCAAA
1023805	3220	6m	1.681	ATCAAA
1023805	5049	7m8	1.008	AATCAA
1023837	197	o6	2.025	AATCAA
1023846	1740	8m	2.212	AATCAA
1023847	393	7m8	1.205	ATCAAA
1023850	2032	6m	2.788	ATCAAA
1023850	2054	6m	1.103	ATCAAA
1023853	363	6m	2.494	ATCAAA
1023853	1580	8m	1.997	AATCAA
1023882	1243	6m	1.867	ATCAAA
1023885	425	6m	2.220	ATCAAA
1023885	1174	o6	1.203	AATCAA
1023885	2517	6m	1.359	ATCAAA
1023885	3310	8m	1.159	AATCAA
1023897	1241	7A1	2.472	ATCAAA
1023897	1954	8m	1.584	AATCAA
1023902	461	o6	2.848	AATCAA
1023902	488	7m8	4.229	ATCAAA
1023913	77	7m8	2.182	AATCAA
1023918	493	o6	1.244	AATCAA
1023927	679	7m8	2.544	AATCAA
1023927	850	6m	1.082	ATCAAA
1023927	878	7m8	1.322	AATCAA
1023930	123	o6	1.063	AATCAA
1023931	548	8m	1.577	AATCAA
1023931	554	7m8	1.255	AATCAA
1023937	245	7m8	1.440	AATCAA
1023955	3004	8m	1.903	ATCAAA
1023998	158	o6	1.500	AATCAA
1023998	963	8m	1.640	ATCAAA
1023998	1007	8m	1.880	AATCAA
1024003	61	8m	2.506	ATCAAA
1024019	1404	8m	2.648	AATCAA
1024025	2150	7m8	1.306	AATCAA
1024031	797	o6	1.307	AATCAA
1024031	3707	7m8	2.660	AATCAA
1024037	259	7A1	2.544	ATCAAA
1024079	554	7m8	1.049	ATCAAA
1024093	263	6m	2.073	ATCAAA
1024109	528	8m	1.702	AATCAA
1024114	1150	6m	1.328	ATCAAA
1024123	86	o6	1.151	AATCAA
1024130	52	7m8	2.095	AATCAA
1024133	1591	o6	1.567	AATCAA
1024141	332	o6	2.247	AATCAA
1024145	334	o6	1.647	AATCAA
1024148	192	o6	1.113	AATCAA
1024159	124	7A1	1.189	ATCAAA
1024169	947	7m8	2.231	AATCAA
1024169	1154	7A1	2.326	ATCAAA
1024169	1513	7m8	2.326	AATCAA
1024178	389	7m8	1.663	ATCAAA
1024184	581	o6	1.032	AATCAA
1024189	156	7A1	1.029	ATCAAA
1024195	418	7A1	1.931	ATCAAA
1024195	1042	8m	1.581	AATCAA
1024195	1239	7m8	1.058	AATCAA
1024196	529	7m8	1.255	ATCAAA
1024196	534	7m8	1.255	ATCAAA
1024196	709	7A1	2.005	ATCAAA
1024237	159	7A1	1.233	ATCAAA
1024250	153	7m8	2.157	AATCAA
1024250	352	8m	1.264	AATCAA
1024264	390	8m	1.011	AATCAA
1024271	69	o6	1.085	AATCAA
1024283	714	7A1	1.467	ATCAAA
1024291	179	7A1	1.747	ATCAAA
1024304	65	o6	1.082	AATCAA
1024304	429	o6	2.132	AATCAA
1024349	41	7m8	1.365	AATCAA
1024355	132	7A1	1.511	ATCAAA
1024358	186	8m	2.288	AATCAA
1024372	671	o6	2.544	AATCAA
1024373	59	7m8	1.102	AATCAA
1024373	70	o6	1.021	AATCAA
1024397	3496	8m	2.799	AATCAA
1024406	950	o6	1.616	AATCAA
1024418	289	7A1	1.496	ATCAAA
1024448	1348	7A1	1.291	ATCAAA
1024448	1809	8m	1.278	AATCAA
1024465	212	8m	2.544	AATCAA
1024465	334	o6	1.891	AATCAA
1024465	3509	o6	2.218	AATCAA
1024486	30	o6	1.836	AATCAA
1024486	828	8m	2.204	AATCAA
1024489	298	6m	1.069	ATCAAA
1024489	330	7m8	1.824	ATCAAA
1024502	688	7A1	2.880	ATCAAA
1024525	288	o6	1.239	AATCAA
1024537	513	7m8	1.148	AATCAA
1024540	188	6m	1.161	ATCAAA
1024559	177	8m	2.544	AATCAA
1024583	73	7m8	1.178	AATCAA
1024601	21	o6	1.020	AATCAA
1024604	641	7m8	1.445	AATCAA
1024612	1928	o6	1.013	AATCAA
1024612	2631	6m	1.212	ATCAAA
1024619	2214	7m8	2.008	AATCAA
1024619	2701	6m	2.019	ATCAAA
1024619	3119	o6	1.174	AATCAA
1024619	3891	o6	1.427	AATCAA
1024619	3986	6m	1.687	ATCAAA
1024634	1323	6m	1.513	ATCAAA
1024639	575	o6	1.129	AATCAA
1024648	1284	o6	1.322	AATCAA
1024648	4677	7m8	1.282	AATCAA
1024648	5173	8m	1.122	ATCAAA
1024648	5241	o6	1.027	AATCAA
1024648	5798	6m	1.755	ATCAAA
1024648	6202	o6	1.322	AATCAA
1024648	6533	8m	1.016	AATCAA
1024648	7590	6m	1.922	ATCAAA
1024648	9398	o6	1.179	AATCAA
1024648	9472	7m8	1.495	AATCAA
1024654	2320	6m	1.955	ATCAAA
1024654	2478	7m8	2.026	AATCAA
1024667	83	o6	1.448	AATCAA
1024715	1328	7A1	2.557	ATCAAA
1024715	1367	7m8	2.685	AATCAA
1024715	2058	8m	2.757	AATCAA
1024715	3001	6m	1.112	ATCAAA
1024715	3748	7m8	2.383	AATCAA
1024715	4601	7A1	1.564	ATCAAA
1024720	148	7m8	1.284	AATCAA
1024720	449	7A1	1.034	ATCAAA
1024733	32	o6	1.340	AATCAA
1024733	420	o6	2.374	AATCAA
1024733	608	7m8	2.779	ATCAAA
1024733	613	7m8	2.779	ATCAAA
1024733	674	7A1	2.700	ATCAAA
1024753	602	8m	1.452	AATCAA
1024762	630	7A1	2.544	ATCAAA
1024774	105	6m	1.434	ATCAAA
1024829	174	8m	1.649	AATCAA
1024829	2435	o6	1.424	AATCAA
1024843	1149	o6	1.300	AATCAA
1024877	48	7m8	1.348	ATCAAA
1024904	958	o6	1.142	AATCAA
1024904	1046	o6	1.500	AATCAA
1024904	2049	8m	2.544	AATCAA
1024904	2241	7m8	2.537	AATCAA
1024904	3024	o6	1.502	AATCAA
1024904	4203	7m8	2.538	AATCAA
1024904	4219	7m8	1.441	AATCAA
1024907	30	6m	1.322	ATCAAA
1024926	56	6m	1.226	ATCAAA
1024935	485	o6	1.042	AATCAA
1024935	631	7A1	1.249	ATCAAA
1024935	1664	6m	1.617	ATCAAA
1024939	205	6m	1.139	ATCAAA
1024939	1850	8m	2.030	AATCAA
1024939	1952	o6	2.171	AATCAA
1024945	207	o6	1.737	AATCAA
1024956	4702	6m	1.598	ATCAAA
1024956	5968	7m8	1.153	AATCAA
1024986	48	6m	1.642	ATCAAA
1024987	636	o6	1.264	AATCAA
1025022	2550	o6	1.306	AATCAA
1025029	2115	o6	1.952	AATCAA
1025064	906	o6	1.883	AATCAA
1025064	1519	o6	2.750	AATCAA
1025131	138	6m	1.151	ATCAAA
1025132	37	7A1	1.073	ATCAAA
1025143	174	6m	2.076	ATCAAA
1025167	1326	o6	2.276	AATCAA
1025173	171	o6	1.082	AATCAA
1025179	462	o6	1.503	AATCAA
1025179	510	o6	1.918	AATCAA
1025201	119	6m	2.310	ATCAAA
1025207	580	o6	1.572	AATCAA
1025213	391	o6	1.051	AATCAA
1025229	127	o6	2.394	AATCAA
1025229	1536	o6	1.924	AATCAA
1025229	2020	o6	1.183	AATCAA
1025229	2894	o6	1.296	AATCAA
1025235	659	7m8	1.255	AATCAA
1025242	260	8m	2.351	AATCAA
1025242	330	8m	2.922	AATCAA
1025242	424	7m8	2.807	AATCAA
1025272	510	6m	2.049	ATCAAA
1025275	674	o6	1.235	AATCAA
1025293	1173	6m	1.954	ATCAAA
1025293	1265	o6	1.492	AATCAA
1025293	1575	7m8	1.582	AATCAA
1025331	143	8m	1.003	AATCAA
1025343	173	o6	1.751	AATCAA
1025352	365	o6	2.464	AATCAA
1025371	717	7m8	2.807	AATCAA
1025377	353	7A1	1.824	ATCAAA
1025377	562	6m	1.004	ATCAAA
1025380	397	o6	1.229	AATCAA
1025380	511	7m8	1.266	AATCAA
1025388	16	7m8	1.014	AATCAA
1025403	398	7m8	1.053	AATCAA
1025403	409	7m8	1.687	AATCAA
1025421	304	7m8	2.160	ATCAAA
1025427	770	7m8	2.807	AATCAA
1025440	38	7m8	1.070	AATCAA
1025455	990	8m	1.904	ATCAAA
1025479	162	7m8	2.069	AATCAA
1025511	81	o6	2.719	AATCAA
1025521	567	o6	1.253	AATCAA
1025533	31	7m8	1.855	AATCAA
1025541	443	6m	2.377	ATCAAA
1025551	89	o6	1.705	AATCAA
1025565	687	7m8	1.226	AATCAA
1025608	147	8m	2.512	AATCAA
1025608	601	8m	2.520	AATCAA
1025608	929	6m	1.711	ATCAAA
1025630	253	8m	2.698	AATCAA
1025630	609	8m	3.286	AATCAA
1025630	840	o6	2.117	AATCAA
1025654	3862	o6	1.533	AATCAA
1025665	886	6m	2.235	ATCAAA
1025669	211	8m	1.717	AATCAA
1025689	541	7m8	2.544	AATCAA
1025689	549	7m8	2.544	AATCAA
1025693	796	o6	2.197	AATCAA
1025693	1237	8m	4.576	AATCAA
1025693	2371	o6	1.787	AATCAA
1025724	847	7m8	1.220	AATCAA
1025724	852	o6	1.220	AATCAA
1025725	669	8m	2.014	AATCAA
1025736	226	o6	1.247	AATCAA
1025737	106	7A1	2.061	ATCAAA
1025742	620	8m	1.606	AATCAA
1025742	683	8m	1.389	AATCAA
1025754	69	o6	1.373	AATCAA
1025790	958	o6	1.357	AATCAA
1025790	1323	8m	2.788	AATCAA
1025790	1454	6m	1.825	ATCAAA
1025814	254	6m	1.529	ATCAAA
1025851	507	8m	2.400	AATCAA
1025862	36	8m	2.253	AATCAA
1025872	471	8m	1.993	AATCAA
1025926	47	o6	1.243	AATCAA
1025929	535	o6	1.273	AATCAA
1025934	1021	7A1	2.135	ATCAAA
1025934	1051	7A1	1.838	ATCAAA
1025937	379	8m	2.634	AATCAA
1025946	830	7m8	1.343	AATCAA
1026000	82	o6	1.056	AATCAA
1026012	823	o6	2.506	AATCAA
1026073	96	6m	2.379	ATCAAA
1026090	100	o6	2.011	AATCAA
1026095	1411	o6	3.034	AATCAA
1026095	2478	7m8	2.540	AATCAA
1026104	89	o6	1.295	AATCAA
1026161	433	8m	2.684	AATCAA
1026161	1089	8m	2.395	AATCAA
1026161	1096	7m8	2.528	AATCAA
1026188	284	o6	1.945	AATCAA
1026188	321	o6	1.036	AATCAA
1026200	1102	7m8	3.347	AATCAA
1026244	6	o6	1.084	AATCAA
1026262	1595	7m8	2.403	AATCAA
1026262	1600	8m	2.403	AATCAA
1026284	426	7A1	1.880	ATCAAA
1026287	468	6m	1.058	ATCAAA
1026321	626	7m8	1.205	AATCAA
1026321	779	6m	1.038	ATCAAA
1026321	890	o6	2.313	AATCAA
1026352	146	6m	1.063	ATCAAA
1026369	36	7m8	1.748	AATCAA
1026369	174	o6	1.053	AATCAA
1026452	124	o6	2.485	AATCAA
1026477	88	8m	3.287	AATCAA
1026525	978	o6	1.420	AATCAA
1026545	621	6m	1.471	ATCAAA
1026545	804	o6	1.687	AATCAA
1026558	1160	o6	2.035	AATCAA
1026570	246	8m	1.082	ATCAAA
1026711	4147	6m	1.703	ATCAAA
1026711	4155	o6	1.645	AATCAA
1026798	160	7m8	1.936	AATCAA
1026841	160	o6	1.282	AATCAA
1026841	893	o6	2.310	AATCAA
1026841	913	7A1	2.503	ATCAAA
1026841	3908	7A1	2.303	ATCAAA
1026853	2737	o6	2.425	AATCAA
1026853	2930	8m	2.141	AATCAA
1026864	38	8m	1.118	AATCAA
1026965	502	6m	2.798	ATCAAA
1026965	1658	o6	2.064	AATCAA
1026965	1703	o6	2.115	AATCAA
1026966	1189	6m	2.267	ATCAAA
1026975	195	o6	1.912	AATCAA
1026981	271	o6	1.073	AATCAA
1026981	773	8m	2.073	AATCAA
1026981	1153	6m	1.182	ATCAAA
1026999	1367	o6	1.158	AATCAA
1026999	1853	6m	2.523	ATCAAA
1027002	305	o6	2.807	AATCAA
1027002	313	o6	2.807	AATCAA
1027036	623	o6	1.328	AATCAA
1027058	538	o6	1.917	AATCAA
1027073	559	o6	1.540	AATCAA
1027138	110	8m	2.286	AATCAA
1027138	606	6m	2.286	ATCAAA
1027138	616	o6	2.286	AATCAA
1027153	856	6m	1.976	ATCAAA
1027187	500	7A1	1.543	ATCAAA
1027196	179	7m8	2.881	AATCAA
1027196	184	7m8	2.881	AATCAA
1027226	858	o6	1.143	AATCAA
1027338	88	8m	1.943	AATCAA
1027338	441	6m	1.731	ATCAAA
1027345	157	7A1	1.846	ATCAAA
1027390	345	8m	3.102	ATCAAA
1027393	156	o6	1.973	AATCAA
1027410	467	7m8	2.073	AATCAA
1027423	783	o6	1.606	AATCAA
1027423	890	o6	1.318	AATCAA
1027426	414	o6	2.811	AATCAA
1027437	12	6m	2.349	ATCAAA
1027502	1502	6m	1.086	ATCAAA
1027559	76	o6	1.398	AATCAA
1027564	590	7m8	3.580	AATCAA
1027572	119	o6	1.043	AATCAA
1027605	475	o6	2.538	AATCAA
1027629	175	o6	1.055	AATCAA
1027647	39	o6	1.702	AATCAA
1027656	75	6m	1.685	ATCAAA
1027683	282	6m	2.544	ATCAAA
1027725	291	8m	1.134	AATCAA
1027733	222	7m8	1.322	AATCAA
1027761	420	7A1	2.538	ATCAAA
1027761	613	o6	1.681	AATCAA
1027764	1052	6m	1.582	ATCAAA
1027773	1514	7m8	1.574	AATCAA
1027838	20	6m	1.327	ATCAAA
1027912	1513	8m	1.915	ATCAAA
1027912	1591	8m	2.923	AATCAA
1027977	532	8m	2.057	ATCAAA
1028007	223	o6	1.525	AATCAA
1028007	1354	o6	1.945	AATCAA
1028011	745	o6	1.373	AATCAA
1028023	569	o6	1.345	AATCAA
1028049	320	7m8	1.535	AATCAA
1028063	284	8m	2.642	AATCAA
1028073	162	o6	1.254	AATCAA
1028081	427	7m8	1.461	AATCAA
1028081	493	7m8	1.461	AATCAA
1028140	431	o6	2.925	AATCAA
1028143	511	6m	2.673	ATCAAA
1028176	299	8m	1.349	AATCAA
1028235	33	6m	1.635	ATCAAA
1028235	495	6m	1.814	ATCAAA
1028236	284	o6	2.357	AATCAA
1028301	452	6m	1.151	ATCAAA
1028372	77	o6	1.194	AATCAA
1028416	81	6m	1.291	ATCAAA
1028426	860	o6	2.309	AATCAA
1028441	630	7m8	1.690	AATCAA
1028441	717	7m8	2.171	AATCAA
1028447	941	o6	1.809	AATCAA
1028447	1407	o6	2.405	AATCAA
1028447	1415	o6	2.405	AATCAA
1028526	269	6m	1.091	ATCAAA
1028527	1584	o6	2.748	AATCAA
1028559	844	o6	1.172	AATCAA
1028578	425	o6	1.502	AATCAA
1028619	6	o6	1.073	AATCAA
1028645	154	8m	2.073	AATCAA
1028648	436	6m	1.251	ATCAAA
1028672	420	o6	1.240	AATCAA
1028710	624	7A1	1.786	ATCAAA
1028734	944	o6	1.062	AATCAA
1028734	4910	6m	1.234	ATCAAA
1028734	5022	6m	2.246	ATCAAA
1028734	5042	7m8	3.198	AATCAA
1028734	5859	8m	3.069	AATCAA
1028734	6625	7A1	1.328	ATCAAA
1028751	55	6m	1.321	ATCAAA
1028751	1022	7m8	1.211	AATCAA
1028751	1347	6m	1.284	ATCAAA
1028755	323	7A1	1.520	ATCAAA
1028764	84	7A1	1.409	ATCAAA
1028815	18	7m8	1.614	AATCAA
1028911	71	8m	1.228	AATCAA
1028911	120	7m8	1.253	AATCAA
1028931	843	7m8	1.014	ATCAAA
1028947	828	6m	1.746	ATCAAA
1028998	1081	o6	1.711	AATCAA
1029003	821	7m8	1.632	AATCAA
1029046	1298	6m	2.628	ATCAAA
1029051	502	7A1	2.055	ATCAAA
1029069	1171	o6	2.020	AATCAA
1029069	1476	o6	1.804	AATCAA
1029069	3838	8m	2.026	AATCAA
1029097	584	o6	2.316	AATCAA
1029125	449	7m8	1.573	AATCAA
1029125	671	7m8	2.242	AATCAA
1029176	232	o6	3.257	AATCAA
1029189	1051	6m	2.076	ATCAAA
1029189	1065	o6	2.473	AATCAA
1029189	1549	o6	1.376	AATCAA
1029192	1053	o6	2.404	AATCAA
1029210	106	7m8	1.614	AATCAA
1029213	245	o6	1.986	AATCAA
1029235	115	7A1	1.465	ATCAAA
1029298	353	6m	1.606	ATCAAA
1029298	604	7m8	1.120	AATCAA
1029309	301	6m	1.145	ATCAAA
1029364	163	7m8	1.979	AATCAA
1029369	599	o6	2.207	AATCAA
1029384	1385	7m8	2.385	ATCAAA
1029384	1433	6m	2.185	ATCAAA
1029391	721	8m	1.518	AATCAA
1029459	1306	o6	2.081	AATCAA
1029479	13	o6	1.651	AATCAA
1029507	32	o6	1.222	AATCAA
1029517	2024	o6	1.690	AATCAA
1029520	370	o6	1.676	AATCAA
1029556	211	7m8	2.335	AATCAA
1029558	882	7m8	2.799	AATCAA
1029558	887	7m8	2.799	AATCAA
1029558	1069	7m8	1.190	ATCAAA
1029558	1421	o6	1.593	AATCAA
1029564	432	7A1	2.799	ATCAAA
1029569	562	o6	2.196	AATCAA
1029662	54	6m	1.533	ATCAAA
1029679	426	o6	1.255	AATCAA
1029685	369	7m8	1.751	AATCAA
1029685	427	o6	1.055	AATCAA
1029728	184	7A1	1.322	ATCAAA
1029749	18	7m8	2.861	AATCAA
1029781	389	6m	2.719	ATCAAA
1029782	894	7m8	2.220	ATCAAA
1029782	1025	o6	1.004	AATCAA
1029782	1778	7A1	1.000	ATCAAA
1029794	64	6m	2.044	ATCAAA
1029846	115	7m8	1.316	AATCAA
1029871	403	o6	1.063	AATCAA
1029885	61	6m	1.103	ATCAAA
1029934	615	o6	2.185	AATCAA
1029944	496	7A1	1.327	ATCAAA
1029982	953	o6	1.026	AATCAA
1029982	1018	7m8	1.053	AATCAA
1029988	352	6m	1.094	ATCAAA
1029994	535	o6	1.574	AATCAA
1030088	58	o6	1.252	AATCAA
1030123	663	o6	1.328	AATCAA
1030160	32	6m	1.036	ATCAAA
1030189	1304	o6	2.528	AATCAA
1030189	1802	6m	1.361	ATCAAA
1030245	346	6m	2.039	ATCAAA
1030245	391	o6	1.214	AATCAA
1030248	1253	o6	1.881	AATCAA
1030248	1712	7A1	2.248	ATCAAA
1030248	1990	6m	1.082	ATCAAA
1030266	904	6m	3.005	ATCAAA
1030308	500	7m8	1.345	AATCAA
1030340	686	8m	2.275	AATCAA
1030340	1009	6m	2.433	ATCAAA
1030343	205	6m	1.143	ATCAAA
1030405	249	6m	1.716	ATCAAA
1030431	231	o6	2.026	AATCAA
1030441	176	o6	2.007	AATCAA
1030454	100	8m	2.073	AATCAA
1030465	23	o6	2.267	AATCAA
1030468	856	7m8	1.322	AATCAA
1030468	1092	8m	2.220	AATCAA
1030476	427	7m8	1.053	AATCAA
1030482	112	o6	1.473	AATCAA
1030482	906	8m	1.322	AATCAA
1030497	80	7m8	1.575	AATCAA
1030497	119	7m8	1.116	ATCAAA
1030520	667	7m8	1.062	AATCAA
1030556	152	8m	1.029	AATCAA
1030556	929	o6	1.460	AATCAA
1030556	1410	8m	1.082	AATCAA
1030556	1523	7m8	2.305	AATCAA
1030556	1669	7m8	2.544	AATCAA
1030584	132	8m	2.404	AATCAA
1030617	0	7A1	2.350	ATCAAA
1030617	28	o6	2.255	AATCAA
1030617	308	7A1	1.156	ATCAAA
1030631	354	6m	2.495	ATCAAA
1030653	406	o6	1.251	AATCAA
1030692	1260	8m	3.046	AATCAA
1030692	1784	7m8	2.507	AATCAA
1030692	2225	6m	2.143	ATCAAA
1030692	2715	7m8	1.700	AATCAA
1030716	1157	o6	1.284	AATCAA
1030731	554	o6	3.034	AATCAA
1030740	9	o6	1.010	AATCAA
1030742	435	o6	2.091	AATCAA
1030782	878	7A1	2.544	ATCAAA
1030782	1045	8m	2.544	AATCAA
1030812	52	o6	2.377	AATCAA
1030821	203	6m	1.456	ATCAAA
1030882	150	7m8	1.575	AATCAA
1030882	624	6m	1.388	ATCAAA
1031001	394	o6	1.147	AATCAA
1031024	610	7m8	3.034	AATCAA
1031039	112	6m	2.663	ATCAAA
1031039	406	7A1	1.529	ATCAAA
1031091	83	o6	3.276	AATCAA
1031129	486	7A1	2.544	ATCAAA
1031142	792	o6	1.123	AATCAA
1031156	259	8m	2.033	AATCAA
1031156	844	8m	2.608	AATCAA
1031199	3545	6m	1.606	ATCAAA
1031199	3682	o6	2.807	AATCAA
1031223	556	8m	1.122	AATCAA
1031223	1035	8m	1.939	AATCAA
1031224	3037	6m	1.587	ATCAAA
1031239	359	8m	1.068	AATCAA
1031315	652	7m8	1.571	AATCAA
1031369	23	o6	1.259	AATCAA
1031370	91	7m8	1.057	AATCAA
1031375	608	o6	1.278	AATCAA
1031375	756	8m	2.744	AATCAA
1031390	1676	7m8	3.404	AATCAA
1031390	4762	6m	1.223	ATCAAA
1031395	82	8m	1.895	AATCAA
1031495	340	o6	1.569	AATCAA
1031498	475	6m	2.216	ATCAAA
1031580	17	7A1	1.082	ATCAAA
1031584	251	o6	2.763	AATCAA
1031593	200	o6	1.195	AATCAA
1031602	298	o6	1.513	AATCAA
1031611	170	7A1	1.366	ATCAAA
1031611	176	o6	1.423	AATCAA
1031616	605	7A1	2.817	ATCAAA
1031616	1583	7A1	3.058	ATCAAA
1031698	579	o6	1.656	AATCAA
1031749	238	7A1	1.963	ATCAAA
1031766	119	o6	3.092	AATCAA
1031791	786	7m8	2.409	AATCAA
1031821	119	7m8	1.436	AATCAA
1031830	293	o6	1.873	AATCAA
1031830	546	7m8	1.285	ATCAAA
1031830	558	7m8	1.162	AATCAA
1031830	826	6m	1.119	ATCAAA
1031830	2116	8m	2.437	AATCAA
1031833	49	6m	1.467	ATCAAA
1031833	240	7A1	2.026	ATCAAA
1031883	206	o6	1.132	AATCAA
1031883	1906	7A1	1.155	ATCAAA
1031883	2196	6m	2.255	ATCAAA
1031883	2696	7m8	1.150	AATCAA
1031962	23	o6	1.933	AATCAA
1031962	73	o6	1.288	AATCAA
1031962	444	7m8	3.353	ATCAAA
1031994	354	7m8	2.026	AATCAA
1031994	812	o6	1.401	AATCAA
1031994	2122	o6	1.120	AATCAA
1031994	2552	7m8	2.103	AATCAA
1031997	722	o6	1.690	AATCAA
1031997	886	7A1	1.039	ATCAAA
1031997	911	7m8	1.711	AATCAA
1032012	49	o6	1.267	AATCAA
1032022	543	6m	2.481	ATCAAA
1032022	614	6m	1.269	ATCAAA
1032039	325	o6	1.322	AATCAA
1032040	275	o6	1.404	AATCAA
1032132	54	6m	2.551	ATCAAA
1032132	208	o6	3.347	AATCAA
1032132	484	7m8	2.775	AATCAA
1032173	362	8m	1.808	AATCAA
1032200	1141	8m	1.152	AATCAA
1032285	674	8m	1.647	ATCAAA
1032285	960	o6	1.541	AATCAA
1032288	301	7A1	2.759	ATCAAA
1032292	283	o6	3.069	AATCAA
1032292	1178	o6	1.965	AATCAA
1032316	17	7m8	1.162	AATCAA
1032321	70	o6	1.529	AATCAA
1032325	582	6m	1.241	ATCAAA
1032325	1448	7m8	1.563	AATCAA
1032325	1959	6m	2.231	ATCAAA
1032325	2173	8m	2.377	AATCAA
1032333	2559	7m8	2.529	AATCAA
1032334	281	8m	1.322	AATCAA
1032334	660	7m8	1.870	AATCAA
1032366	220	o6	1.328	AATCAA
1032369	525	8m	1.019	AATCAA
1032369	692	o6	1.061	AATCAA
1032369	2445	o6	1.127	AATCAA
1032386	681	7m8	3.058	AATCAA
1032386	836	o6	3.232	AATCAA
1032420	1010	6m	1.231	ATCAAA
1032420	1138	7m8	1.137	AATCAA
1032420	1444	8m	2.567	AATCAA
1032466	1026	6m	2.767	ATCAAA
1032466	1883	o6	1.380	AATCAA
1032471	1089	7m8	1.048	AATCAA
1032471	1118	7m8	2.026	AATCAA
1032471	1313	6m	1.159	ATCAAA
1032475	870	7m8	1.290	ATCAAA
1032498	821	o6	1.577	AATCAA
1032508	1613	6m	2.704	ATCAAA
1032508	1777	8m	4.009	AATCAA
1032519	98	o6	1.467	AATCAA
1032519	375	8m	2.757	AATCAA
1032556	45	6m	1.957	ATCAAA
1032607	519	8m	2.350	AATCAA
1032608	284	o6	3.034	AATCAA
1032613	462	o6	1.494	AATCAA
1032613	953	6m	1.392	ATCAAA
1032622	1715	7m8	2.807	AATCAA
1032622	1882	o6	1.598	AATCAA
1032622	3870	o6	2.807	AATCAA
1032622	4078	8m	1.071	AATCAA
1032622	4188	7m8	1.606	AATCAA
1032622	4210	7m8	2.433	AATCAA
1032622	4254	7A1	1.284	ATCAAA
1032622	4839	7m8	2.648	AATCAA
1032678	8	o6	1.797	AATCAA
1032681	92	7A1	1.772	ATCAAA
1032693	1770	o6	2.580	AATCAA
1032693	2127	7m8	2.148	AATCAA
1032718	42	o6	1.322	AATCAA
1032738	138	o6	1.731	AATCAA
1032741	216	8m	1.973	AATCAA
1032750	733	7A1	2.262	ATCAAA
1032799	3288	7A1	1.903	ATCAAA
1032813	632	6m	1.707	ATCAAA
1032813	839	8m	1.504	AATCAA
1032816	3	7m8	1.063	AATCAA
1032822	1756	7m8	1.199	AATCAA
1032822	2835	8m	3.034	AATCAA
1032829	859	o6	1.199	AATCAA
1032832	397	7m8	1.468	AATCAA
1032843	614	7m8	2.110	AATCAA
1032876	389	o6	1.533	AATCAA
1032876	1643	7m8	1.504	AATCAA
1032876	1687	7A1	1.371	ATCAAA
1032879	127	o6	1.997	AATCAA
1032884	878	8m	1.484	AATCAA
1032902	854	7m8	1.522	ATCAAA
1032902	968	7m8	2.090	ATCAAA
1032902	1573	o6	1.646	AATCAA
1032902	1971	o6	2.544	AATCAA
1032929	1067	7m8	2.495	ATCAAA
1032948	215	6m	2.995	ATCAAA
1032948	286	6m	2.230	ATCAAA
1032964	1490	6m	1.510	ATCAAA
1032965	1177	o6	1.081	AATCAA
1032968	563	o6	1.322	AATCAA
1033008	1490	7A1	2.788	ATCAAA
1033008	1511	7m8	3.034	AATCAA
1033008	3353	7m8	1.606	AATCAA
1033011	537	7m8	1.342	AATCAA
1033028	761	6m	1.168	ATCAAA
1033041	839	o6	1.210	AATCAA
1033047	829	o6	3.169	AATCAA
1033070	1100	o6	2.700	AATCAA
1033073	477	o6	2.042	AATCAA
1033082	357	8m	1.306	AATCAA
1033085	945	7m8	1.663	AATCAA
1033085	1008	7A1	2.520	ATCAAA
1033089	1175	6m	2.149	ATCAAA
1033089	1764	8m	1.084	AATCAA
1033141	2271	8m	1.583	AATCAA
1033141	2277	o6	1.684	AATCAA
1033141	2555	o6	1.556	AATCAA
1033141	3033	o6	1.405	AATCAA
1033141	3602	o6	2.599	AATCAA
1033141	4711	7m8	2.648	AATCAA
1033141	6678	o6	2.551	AATCAA
1033141	6716	o6	3.354	AATCAA
1033141	6737	o6	1.284	AATCAA
1033141	6955	8m	1.780	AATCAA
1033152	632	o6	1.053	AATCAA
1033152	1381	7m8	2.350	AATCAA
1033160	546	o6	1.984	AATCAA
1033218	1076	8m	3.349	AATCAA
1033218	1348	7m8	1.866	AATCAA
1033218	1541	7m8	1.032	AATCAA
1033226	530	6m	2.542	ATCAAA
1033226	621	o6	3.347	AATCAA
1033226	784	o6	2.603	AATCAA
1033227	1246	7m8	1.529	AATCAA
1033232	81	o6	1.902	AATCAA
1033254	352	8m	3.299	AATCAA
1033281	266	o6	2.098	AATCAA
1033310	304	7m8	2.253	AATCAA
1033328	847	8m	2.415	AATCAA
1033328	2182	o6	2.492	AATCAA
1033362	705	7m8	1.125	ATCAAA
1033384	44	7m8	1.787	AATCAA
1033414	1074	7m8	2.031	AATCAA
1033425	722	7A1	1.254	ATCAAA
1033431	560	6m	2.174	ATCAAA
1033431	569	o6	2.661	AATCAA
1033431	1424	8m	2.854	AATCAA
1033431	1469	7m8	4.317	AATCAA
1033448	78	7A1	1.363	ATCAAA
1033452	604	o6	1.145	AATCAA
1033452	752	o6	3.034	AATCAA
1033452	2406	o6	1.983	AATCAA
1033452	3155	8m	1.152	AATCAA
1033469	894	7m8	1.153	AATCAA
1033478	95	7m8	2.402	AATCAA
1033481	1666	o6	1.070	AATCAA
1033481	2772	o6	2.854	AATCAA
1033488	1251	7m8	1.202	AATCAA
1033496	39	o6	2.166	AATCAA
1033496	59	o6	1.820	AATCAA
1033502	9	o6	5.253	AATCAA
1033508	271	7m8	2.472	AATCAA
1033508	424	7m8	3.034	AATCAA
1033508	429	7m8	3.034	AATCAA
1033553	485	7m8	1.289	AATCAA
1033565	307	o6	1.132	AATCAA
1033565	981	7A1	1.813	ATCAAA
1033565	1168	o6	1.045	AATCAA
1033565	2270	7A1	3.053	ATCAAA
1033571	1771	7m8	2.255	AATCAA
1033571	1930	o6	1.687	AATCAA
1033571	4536	6m	2.231	ATCAAA
1033583	355	6m	1.764	ATCAAA
1033583	387	8m	1.764	AATCAA
1033583	670	8m	1.298	AATCAA
1033598	171	o6	1.053	AATCAA
1033598	1075	o6	2.026	AATCAA
1033598	2413	8m	1.716	AATCAA
1033598	2984	7m8	1.891	AATCAA
1033598	3808	8m	2.326	AATCAA
1033598	3931	8m	1.921	AATCAA
1033598	3955	o6	1.298	AATCAA
1033598	4309	8m	2.350	AATCAA
1033598	5308	o6	1.053	AATCAA
1033601	858	7m8	1.926	AATCAA
1033601	1874	8m	2.212	AATCAA
1033602	113	o6	1.495	AATCAA
1033616	225	7A1	1.686	ATCAAA
1033634	133	7m8	3.905	AATCAA
1033678	277	7m8	2.537	AATCAA
1033678	303	7m8	2.537	ATCAAA
1033678	327	7m8	2.070	AATCAA
1033678	349	o6	1.144	AATCAA
1033678	1384	7A1	2.344	ATCAAA
1033678	1399	8m	2.344	AATCAA
1033685	823	6m	2.193	ATCAAA
1033711	189	o6	2.551	AATCAA
1033735	670	7m8	1.430	AATCAA
1033735	777	7A1	1.053	ATCAAA
1033736	195	7m8	1.548	AATCAA
1033736	335	6m	1.263	ATCAAA
1033742	646	7A1	1.074	ATCAAA
1033745	181	7A1	1.405	ATCAAA
1033789	1265	7m8	2.025	AATCAA
1033789	1861	8m	1.284	AATCAA
1033792	957	o6	1.101	AATCAA
1033838	411	o6	1.530	AATCAA
1033865	481	7m8	1.762	AATCAA
1033877	288	o6	1.098	AATCAA
1033877	805	o6	1.284	AATCAA
1033877	813	o6	1.284	AATCAA
1033877	3064	o6	2.584	AATCAA
1033882	44	o6	1.869	AATCAA
1033883	419	7m8	3.347	AATCAA
1033883	436	o6	2.793	AATCAA
1033883	627	7m8	1.735	AATCAA
1033894	117	8m	2.076	AATCAA
1033900	81	7m8	2.226	AATCAA
1033907	819	7m8	1.076	ATCAAA
1033907	935	6m	1.663	ATCAAA
1033945	565	o6	1.312	AATCAA
1033956	1260	o6	1.221	AATCAA
1033971	1315	o6	1.056	AATCAA
1033971	1356	o6	3.020	AATCAA
1033971	2173	6m	3.028	ATCAAA
1033971	3781	7A1	1.362	ATCAAA
1033971	3853	7m8	1.248	AATCAA
1033987	150	o6	2.285	AATCAA
1034004	159	7m8	1.093	AATCAA
1034004	528	o6	1.521	AATCAA
1034004	1078	8m	1.121	ATCAAA
1034007	77	7A1	1.104	ATCAAA
1034022	319	o6	1.188	AATCAA
1034068	1829	o6	1.271	AATCAA
1034068	6586	7m8	2.530	AATCAA
1034089	1040	o6	1.208	AATCAA
1034121	2062	o6	1.101	AATCAA
1034121	3185	o6	1.755	AATCAA
1034134	71	o6	1.986	AATCAA
1034152	708	8m	1.213	AATCAA
1034185	693	7m8	1.831	AATCAA
1034185	1200	7m8	1.130	AATCAA
1034185	1811	7m8	1.311	AATCAA
1034209	1701	8m	1.114	AATCAA
1034215	58	o6	2.016	AATCAA
1034230	731	6m	3.941	ATCAAA
1034235	632	7m8	1.537	AATCAA
1034247	1782	o6	1.321	AATCAA
1034247	2428	o6	2.025	AATCAA
1034259	800	6m	1.678	ATCAAA
1034262	523	o6	1.147	AATCAA
1034262	1081	7m8	1.408	AATCAA
1034265	524	6m	2.603	ATCAAA
1034277	144	7A1	1.262	ATCAAA
1034281	22	7A1	1.380	ATCAAA
1034289	266	7m8	1.481	AATCAA
1034304	1577	7m8	2.558	ATCAAA
1034304	2710	8m	2.371	AATCAA
1034304	3646	o6	1.083	AATCAA
1034316	1153	o6	1.325	AATCAA
1034322	16	7m8	2.268	AATCAA
1034331	2324	8m	1.999	AATCAA
1034331	4132	o6	1.856	AATCAA
1034340	973	6m	2.086	ATCAAA
1034361	2312	7m8	1.804	ATCAAA
1034370	29	o6	2.457	AATCAA
1034386	665	7m8	1.703	AATCAA
1034397	1155	o6	2.100	AATCAA
1034397	2109	8m	1.073	AATCAA
1034397	3304	7m8	1.262	AATCAA
1034400	415	6m	1.556	ATCAAA
1034406	1804	7A1	1.810	ATCAAA
1034413	540	o6	1.844	AATCAA
1034439	43	o6	1.068	AATCAA
1034461	298	o6	4.384	AATCAA
1034469	324	o6	1.188	AATCAA
1034469	1544	6m	3.265	ATCAAA
1034484	128	o6	1.254	AATCAA
1034488	297	7m8	1.030	AATCAA
1034496	262	7m8	2.854	AATCAA
1034499	396	8m	1.488	AATCAA
1034518	626	7A1	2.513	ATCAAA
1034539	1660	6m	2.073	ATCAAA
1034539	1759	7m8	3.224	AATCAA
1034544	587	o6	1.053	AATCAA
1034545	2149	6m	2.448	ATCAAA
1034565	607	8m	2.653	AATCAA
1034569	4796	8m	2.981	ATCAAA
1034569	7250	7m8	1.845	AATCAA
1034569	7288	8m	1.862	ATCAAA
1034577	122	6m	1.719	ATCAAA
1034583	1154	7m8	1.037	ATCAAA
1034589	593	o6	1.563	AATCAA
1034593	1631	8m	1.245	AATCAA
1034613	63	6m	1.303	ATCAAA
1034635	464	o6	1.053	AATCAA
1034649	123	o6	1.395	AATCAA
1034658	177	o6	1.328	AATCAA
1034671	207	7A1	1.282	ATCAAA
1034671	281	o6	1.112	AATCAA
1034679	2235	6m	2.002	ATCAAA
1034679	2838	8m	1.316	AATCAA
1034679	3668	7A1	2.209	ATCAAA
1034679	4056	7m8	1.076	AATCAA
1034679	4204	7m8	2.344	AATCAA
1034718	292	o6	2.427	AATCAA
1034739	872	o6	2.057	AATCAA
1034739	2791	o6	1.037	AATCAA
1034748	1267	o6	2.044	AATCAA
1034766	713	6m	1.310	ATCAAA
1034766	872	o6	1.623	AATCAA
1034771	1333	7m8	2.816	AATCAA
1034828	618	8m	1.940	AATCAA
1034843	553	7A1	1.198	ATCAAA
1034846	60	7m8	1.623	ATCAAA
1034909	1304	7m8	2.200	AATCAA
1034909	1605	o6	1.718	AATCAA
1034909	1697	8m	1.718	AATCAA
1034909	1966	o6	1.210	AATCAA
1034909	3005	8m	1.335	AATCAA
1034917	598	7m8	1.311	AATCAA
1034917	603	o6	1.184	AATCAA
1034917	933	o6	1.006	AATCAA
1034917	941	o6	1.262	AATCAA
1034917	2114	7m8	1.020	AATCAA
1034924	777	o6	1.171	AATCAA
1034941	1729	7m8	1.533	AATCAA
1034941	3015	o6	1.863	AATCAA
1034995	1771	7m8	3.130	AATCAA
1034995	6454	6m	1.073	ATCAAA
1035001	2286	o6	3.571	AATCAA
1035007	79	7m8	1.554	AATCAA
1035007	165	7m8	1.949	ATCAAA
1035010	2722	8m	2.683	AATCAA
1035010	4667	8m	3.249	AATCAA
1035010	5062	6m	2.530	ATCAAA
1035019	322	7m8	1.786	AATCAA
1035033	777	7m8	1.002	AATCAA
1035040	3045	6m	2.646	ATCAAA
1035043	567	o6	2.321	AATCAA
1035093	1	o6	3.449	AATCAA
1035093	1837	o6	1.920	AATCAA
1035093	1856	o6	1.459	AATCAA
1035132	346	o6	2.564	AATCAA
1035136	490	o6	3.034	AATCAA
1035136	620	o6	2.548	AATCAA
1035153	1403	7m8	2.344	AATCAA
1035192	415	6m	2.082	ATCAAA
1035198	265	7m8	3.113	AATCAA
1035213	440	8m	2.237	AATCAA
1035213	1331	6m	1.843	ATCAAA
1035218	97	o6	2.019	AATCAA
1035248	1881	7m8	1.587	ATCAAA
1035260	68	8m	1.051	AATCAA
1035272	508	6m	2.376	ATCAAA
1035272	577	7A1	1.448	ATCAAA
1035276	765	7m8	2.989	AATCAA
1035288	1917	6m	1.006	ATCAAA
1035288	2663	7m8	1.690	AATCAA
1035288	2671	8m	2.353	AATCAA
1035291	237	o6	2.061	AATCAA
1035314	524	7A1	2.674	ATCAAA
1035327	512	6m	1.925	ATCAAA
1035372	431	o6	4.996	AATCAA
1035380	1002	o6	1.560	AATCAA
1035384	78	o6	1.320	AATCAA
1035417	2	o6	1.278	AATCAA
1035417	185	6m	1.671	ATCAAA
1035446	528	8m	1.122	AATCAA
1035477	1870	o6	1.073	AATCAA
1035506	576	8m	1.337	AATCAA
1035513	296	o6	2.133	AATCAA
1035527	634	o6	2.379	AATCAA
1035527	1841	8m	2.855	AATCAA
1035527	2631	7A1	1.375	ATCAAA
1035536	306	o6	2.546	AATCAA
1035536	2185	o6	1.628	AATCAA
1035566	667	6m	2.101	ATCAAA
1035569	5	7m8	2.390	AATCAA
1035569	4304	7m8	2.262	AATCAA
1035569	6152	6m	2.003	ATCAAA
1035569	6770	o6	1.584	AATCAA
1035569	6885	8m	2.755	AATCAA
1035569	7022	o6	1.195	AATCAA
1035569	13289	o6	2.627	AATCAA
1035569	13393	7m8	1.525	AATCAA
1035569	15397	8m	2.095	AATCAA
1035569	16797	7A1	2.629	ATCAAA
1035569	17214	7m8	1.051	AATCAA
1035582	2405	7m8	1.563	AATCAA
1035582	2410	7m8	1.563	AATCAA
1035585	1344	o6	2.343	AATCAA
1035594	1585	o6	5.305	AATCAA
1035594	1823	8m	5.323	AATCAA
1035615	392	o6	1.515	AATCAA
1035656	1692	o6	2.048	AATCAA
1035656	3699	7m8	1.658	AATCAA
1035672	23	o6	1.719	AATCAA
1035692	1117	6m	4.901	ATCAAA
1035701	266	7A1	2.907	ATCAAA
1035711	697	6m	2.016	ATCAAA
1035726	690	o6	1.316	AATCAA
1035729	778	o6	2.443	AATCAA
1035737	799	o6	1.803	AATCAA
1035755	1038	7A1	1.679	ATCAAA
1035755	1107	o6	3.081	AATCAA
1035768	1724	6m	1.637	ATCAAA
1035782	787	6m	1.312	ATCAAA
1035782	1242	o6	1.825	AATCAA
1035783	2507	7m8	1.863	AATCAA
1035783	4605	o6	2.789	AATCAA
1035798	2332	o6	2.608	AATCAA
1035798	3289	7m8	1.100	ATCAAA
1035809	462	o6	1.562	AATCAA
1035843	1269	7m8	2.427	AATCAA
1035843	2460	8m	1.550	AATCAA
1035843	3150	7m8	1.624	ATCAAA
1035910	183	6m	1.101	ATCAAA
1035945	3558	8m	1.864	AATCAA
1035945	3964	6m	1.292	ATCAAA
1035974	408	o6	1.690	AATCAA
1035974	2106	6m	1.690	ATCAAA
1035974	2116	o6	2.073	AATCAA
1036001	1147	o6	2.106	AATCAA
1036001	1642	o6	3.114	AATCAA
1036001	2331	o6	1.312	AATCAA
1036001	2490	6m	3.256	ATCAAA
1036046	227	8m	2.510	ATCAAA
1036080	799	7m8	2.295	AATCAA
1036080	1018	7A1	1.299	ATCAAA
1036088	144	8m	1.043	ATCAAA
1036088	337	6m	3.345	ATCAAA
1036100	148	7m8	2.323	AATCAA
1036127	153	8m	2.126	AATCAA
1036127	171	7m8	2.066	AATCAA
1036127	863	6m	2.239	ATCAAA
1036127	1535	o6	2.538	AATCAA
1036127	5025	8m	3.027	ATCAAA
1036127	9633	7m8	2.468	AATCAA
1036127	9942	o6	1.709	AATCAA
1036127	12616	o6	1.172	AATCAA
1036127	13307	7m8	1.535	AATCAA
1036148	37	o6	2.791	AATCAA
1036154	1897	7A1	1.600	ATCAAA
1036154	2625	6m	1.939	ATCAAA
1036179	153	7A1	1.574	ATCAAA
1036199	464	7m8	1.094	AATCAA
1036199	469	7m8	1.094	AATCAA
1036277	415	6m	1.108	ATCAAA
1036299	1038	o6	1.770	AATCAA
1036299	1714	o6	1.284	AATCAA
1036374	972	o6	1.820	AATCAA
1036381	1929	o6	2.534	AATCAA
1036381	2728	o6	1.907	AATCAA
1036381	3227	o6	3.098	AATCAA
1036381	3309	o6	1.700	AATCAA
1036381	3427	6m	3.194	ATCAAA
1036392	31	7m8	3.942	AATCAA
1036392	85	8m	1.936	AATCAA
1036404	892	6m	1.409	ATCAAA
1036404	1868	o6	2.037	AATCAA
1036405	927	7A1	1.077	ATCAAA
1036419	938	o6	2.035	AATCAA
1036419	975	7m8	2.972	AATCAA
1036419	998	7m8	2.862	ATCAAA
1036432	327	o6	2.446	AATCAA
1036432	420	o6	1.376	AATCAA
1036467	281	7m8	1.110	AATCAA
1036479	141	8m	2.240	AATCAA
1036482	858	7m8	2.449	AATCAA
1036506	235	6m	1.554	ATCAAA
1036515	276	8m	3.857	AATCAA
1036537	1682	7m8	1.700	AATCAA
1036558	680	7m8	3.017	AATCAA
1036558	1556	7m8	1.939	AATCAA
1036568	4271	8m	2.007	AATCAA
1036586	739	7m8	2.017	AATCAA
1036598	1388	7m8	1.490	AATCAA
1036598	1479	7m8	1.707	AATCAA
1036601	1885	8m	2.210	AATCAA
1036610	256	7m8	1.021	AATCAA
1036630	107	o6	1.036	AATCAA
1036653	131	7m8	1.339	AATCAA
1036656	966	7A1	2.223	ATCAAA
1036682	1889	6m	2.822	ATCAAA
1036706	3038	7m8	2.031	AATCAA
1036724	5	6m	1.002	ATCAAA
1036752	154	6m	1.163	ATCAAA
1036755	61	7m8	3.533	AATCAA
1036772	439	8m	1.048	AATCAA
1036787	420	o6	1.434	AATCAA
1036788	1859	8m	1.257	AATCAA
1036845	227	6m	2.065	ATCAAA
1036853	235	o6	1.141	AATCAA
1036859	225	6m	2.321	ATCAAA
1036899	1098	8m	2.073	AATCAA
1036910	695	8m	1.328	AATCAA
1036910	1179	7m8	1.690	AATCAA
1036910	1453	7m8	1.286	AATCAA
1036968	612	7A1	1.964	ATCAAA
1036968	651	7m8	1.836	AATCAA
1036991	432	o6	1.046	AATCAA
1036991	2204	7m8	1.006	ATCAAA
1036991	3196	7m8	2.026	ATCAAA
1036991	3201	7m8	2.026	ATCAAA
1037010	65	7m8	2.257	AATCAA
1037016	106	8m	1.288	AATCAA
1037031	1068	7m8	2.172	AATCAA
1037031	1311	o6	1.387	AATCAA
1037153	804	8m	2.464	AATCAA
1037180	224	7m8	1.842	AATCAA
1037191	817	8m	1.273	AATCAA
1037197	163	o6	1.484	AATCAA
1037198	112	7m8	1.232	AATCAA
1037219	837	7m8	2.065	ATCAAA
1037246	1320	7m8	1.599	AATCAA
1037258	197	o6	2.748	AATCAA
1037297	410	o6	1.358	AATCAA
1037330	48	7m8	2.585	ATCAAA
1037339	2158	7m8	2.581	AATCAA
1037361	535	7m8	1.822	AATCAA
1037414	200	7m8	2.630	AATCAA
1037429	929	7m8	1.113	AATCAA
1037440	731	o6	1.137	AATCAA
1037458	106	7m8	2.280	AATCAA
1037474	29	o6	1.432	AATCAA
1037474	1080	7A1	1.155	ATCAAA
1037474	1116	7m8	1.432	AATCAA
1037507	91	o6	2.286	AATCAA
1037516	316	o6	2.124	AATCAA
1037537	93	o6	2.562	AATCAA
1037635	389	o6	1.939	AATCAA
1037635	459	7m8	1.694	AATCAA
1037637	22	6m	1.348	ATCAAA
1037684	371	o6	1.060	AATCAA
1037720	82	8m	2.156	AATCAA
1037845	862	6m	1.428	ATCAAA
1037920	34	6m	1.283	ATCAAA
1037923	59	o6	1.164	AATCAA
1037923	115	o6	1.380	AATCAA
1037937	492	7m8	2.134	ATCAAA
1037968	88	7m8	1.674	ATCAAA
1037988	197	o6	1.013	AATCAA
1037992	51	o6	1.101	AATCAA
1038013	428	o6	2.254	AATCAA
1038013	436	o6	2.537	AATCAA
1038021	1126	7m8	2.198	AATCAA
1038060	532	7m8	1.936	AATCAA
1038060	857	o6	1.123	AATCAA
1038067	471	o6	2.049	AATCAA
1038067	902	7m8	2.321	AATCAA
1038067	1055	o6	1.798	AATCAA
1038067	1108	7A1	1.449	ATCAAA
1038067	1603	o6	2.687	AATCAA
1038085	519	o6	1.157	AATCAA
1038214	31	o6	1.349	AATCAA
1038223	732	o6	1.438	AATCAA
1038234	255	8m	1.894	AATCAA
1038234	517	o6	1.337	AATCAA
1038293	602	o6	1.647	AATCAA
1038293	1903	7m8	2.300	ATCAAA
1038293	2896	o6	3.100	AATCAA
1038293	3142	7m8	1.633	AATCAA
1038293	3445	o6	1.690	AATCAA
1038293	4440	7m8	1.690	AATCAA
1038312	1562	o6	2.058	AATCAA
1038312	1864	o6	1.690	AATCAA
1038312	2047	o6	2.766	AATCAA
1038312	3612	o6	1.690	AATCAA
1038407	835	o6	2.755	AATCAA
1038410	907	6m	1.798	ATCAAA
1038440	370	o6	2.073	AATCAA
1038440	881	7m8	1.690	AATCAA
1038465	583	6m	1.641	ATCAAA
1038465	639	6m	2.084	ATCAAA
1038465	733	7m8	3.149	AATCAA
1038499	169	7m8	1.170	AATCAA
1038512	115	6m	2.497	ATCAAA
1038512	581	o6	1.548	AATCAA
1038529	802	o6	1.312	AATCAA
1038535	570	7m8	1.123	AATCAA
1038535	690	8m	1.560	AATCAA
1038548	408	8m	1.780	AATCAA
1038548	596	o6	2.024	AATCAA
1038568	287	o6	1.615	AATCAA
1038589	377	7A1	1.423	ATCAAA
1038622	1127	7A1	1.887	ATCAAA
1038629	542	o6	5.371	AATCAA
1038640	1640	o6	2.112	AATCAA
1038640	1933	o6	1.101	AATCAA
1038640	3283	7A1	3.100	ATCAAA
1038643	1981	o6	1.042	AATCAA
1038670	1215	o6	1.468	AATCAA
1038710	557	6m	1.022	ATCAAA
1038748	431	o6	1.178	AATCAA
1038748	1846	o6	1.459	AATCAA
1038808	1769	o6	3.304	AATCAA
1038817	206	7A1	1.222	ATCAAA
1038841	123	6m	1.434	ATCAAA
1038855	282	7A1	2.184	ATCAAA
1038867	492	8m	1.844	AATCAA
1038867	834	8m	2.854	AATCAA
1038890	839	6m	1.845	ATCAAA
1038900	0	o6	1.594	AATCAA
1038900	707	6m	3.023	ATCAAA
1038924	0	6m	1.929	ATCAAA
1038933	822	8m	1.709	AATCAA
1038948	25	7m8	2.242	ATCAAA
1038948	30	8m	2.242	ATCAAA
1038948	42	o6	2.675	AATCAA
1038948	50	o6	2.675	AATCAA
1038954	1121	8m	1.206	ATCAAA
1038983	279	8m	2.728	AATCAA
1038998	117	o6	1.282	AATCAA
1039004	146	o6	1.002	AATCAA
1039007	729	8m	2.343	AATCAA
1039016	196	o6	2.269	AATCAA
1039048	1181	o6	1.954	AATCAA
1039052	1476	6m	3.829	ATCAAA
1039052	1886	6m	3.211	ATCAAA
1039114	1555	6m	1.227	ATCAAA
1039129	126	6m	1.311	ATCAAA
1039147	158	o6	1.567	AATCAA
1039202	1542	7A1	1.006	ATCAAA
1039202	2170	7m8	2.823	ATCAAA
1039250	91	6m	1.946	ATCAAA
1039267	558	6m	1.728	ATCAAA
1039267	926	o6	2.533	AATCAA
1039274	96	7m8	2.779	AATCAA
1039282	565	o6	1.820	AATCAA
1039300	1016	8m	1.630	AATCAA
1039301	713	7m8	1.487	AATCAA
1039301	741	7m8	1.756	AATCAA
1039329	151	6m	1.217	ATCAAA
1039329	207	o6	2.052	AATCAA
1039376	2030	6m	1.863	ATCAAA
1039398	375	8m	1.309	AATCAA
1039422	698	7A1	2.904	ATCAAA
1039422	1292	7m8	2.376	AATCAA
1039422	1802	6m	1.698	ATCAAA
1039431	1298	o6	4.484	AATCAA
1039445	1171	o6	1.297	AATCAA
1039502	339	o6	2.432	AATCAA
1039502	529	7A1	2.420	ATCAAA
1039502	755	o6	1.500	AATCAA
1039502	1557	o6	2.600	AATCAA
1039502	1988	o6	1.313	AATCAA
1039502	2315	o6	2.854	AATCAA
1039502	5031	6m	1.030	ATCAAA
1039502	5481	7m8	4.419	AATCAA
1039556	170	7m8	1.502	ATCAAA
1039556	558	8m	2.661	ATCAAA
1039557	2161	7A1	1.869	ATCAAA
1039563	1000	o6	1.523	AATCAA
1039563	1643	8m	1.492	ATCAAA
1039563	2387	6m	1.606	ATCAAA
1039563	4873	o6	1.316	AATCAA
1039578	794	o6	1.499	AATCAA
1039578	3105	o6	2.828	AATCAA
1039578	3895	o6	3.863	AATCAA
1039578	5335	7A1	2.854	ATCAAA
1039578	5713	7m8	2.854	AATCAA
1039612	744	7m8	2.031	AATCAA
1039703	112	8m	2.305	AATCAA
1039703	118	o6	1.696	AATCAA
1039703	2560	o6	1.690	AATCAA
1039706	346	o6	1.031	AATCAA
1039706	870	7m8	1.065	AATCAA
1039706	1270	7A1	1.682	ATCAAA
1039706	2300	6m	1.073	ATCAAA
1039797	1114	o6	1.690	AATCAA
1039797	1280	6m	1.869	ATCAAA
1039797	2309	o6	1.357	AATCAA
1039797	2435	o6	2.592	AATCAA
1039831	609	o6	2.843	AATCAA
1039831	1427	o6	2.843	AATCAA
1039853	437	o6	2.297	AATCAA
1039853	1914	o6	1.415	AATCAA
1039853	2430	o6	1.329	AATCAA
1039853	4477	8m	2.073	AATCAA
1039853	7176	o6	2.384	AATCAA
1039853	8374	o6	2.533	AATCAA
1039858	1454	6m	2.428	ATCAAA
1039858	5397	o6	1.569	AATCAA
1039861	324	o6	1.541	AATCAA
1039865	474	o6	2.019	AATCAA
1039865	490	7m8	1.926	AATCAA
1039908	1879	o6	2.541	AATCAA
1039908	2228	o6	1.054	AATCAA
1039908	2528	o6	1.006	AATCAA
1039908	2536	o6	1.397	AATCAA
1039908	3321	o6	1.420	AATCAA
1039908	3790	o6	1.615	AATCAA
1039911	189	8m	2.776	AATCAA
1039919	1038	7A1	1.770	ATCAAA
1039919	2700	8m	2.564	AATCAA
1039919	3228	o6	1.020	AATCAA
1039925	238	6m	1.745	ATCAAA
1039949	537	7A1	2.944	ATCAAA
1039949	853	7m8	1.691	AATCAA
1039949	1671	o6	1.321	AATCAA
1039949	2687	o6	1.639	AATCAA
1039949	2762	7m8	3.587	AATCAA
1039955	1065	6m	1.268	ATCAAA
1039955	1814	o6	3.353	AATCAA
1039959	228	o6	1.229	AATCAA
1039959	1412	o6	1.486	AATCAA
1039959	1716	8m	2.550	AATCAA
1039959	1954	8m	1.785	AATCAA
1039959	2202	8m	2.600	AATCAA
1039964	526	7m8	1.522	AATCAA
1039964	815	o6	2.480	AATCAA
1039964	837	7m8	1.186	AATCAA
1039968	819	8m	3.694	AATCAA
1039971	965	7m8	1.848	AATCAA
1039974	58	7m8	1.161	ATCAAA
1039996	843	o6	1.534	AATCAA
1039996	856	o6	1.762	AATCAA
1039999	767	o6	2.086	AATCAA
1039999	1152	7m8	1.795	ATCAAA
1040001	651	6m	1.945	ATCAAA
1040007	92	o6	1.260	AATCAA
1040007	209	8m	1.973	AATCAA
1040007	1384	7m8	2.060	AATCAA
1040007	1854	7m8	2.994	AATCAA
1040012	2380	7m8	4.480	AATCAA
1040012	2417	7m8	3.960	AATCAA
1040012	2950	8m	3.099	AATCAA
1040012	3176	8m	3.459	AATCAA
1040012	3182	8m	3.932	AATCAA
1040016	2243	o6	1.184	AATCAA
1040019	712	o6	1.630	AATCAA
1040028	161	7m8	1.201	AATCAA
1040048	1557	6m	1.940	ATCAAA
1040048	1658	7m8	2.383	AATCAA
1040048	2056	7m8	1.461	AATCAA
1040048	3672	7m8	2.775	AATCAA
1040049	99	o6	1.845	AATCAA
1040049	1570	6m	1.079	ATCAAA
1040049	2067	7m8	1.249	AATCAA
1040049	2247	7m8	2.033	AATCAA
1040054	290	o6	1.610	AATCAA
1040058	499	o6	2.103	AATCAA
1040058	2300	7A1	1.091	ATCAAA
1040070	3797	7m8	3.199	AATCAA
1040070	3802	8m	3.199	AATCAA
1040070	3885	8m	3.398	AATCAA
1040070	4273	7m8	4.199	AATCAA
1040078	754	8m	2.837	AATCAA
1040091	1545	7A1	1.126	ATCAAA
1040099	83	7m8	2.010	AATCAA
1040115	341	7m8	2.776	AATCAA
1040123	891	o6	1.520	AATCAA
1040123	914	o6	2.563	AATCAA
1040129	874	7m8	2.418	AATCAA
1040129	1053	7m8	2.286	AATCAA
1040129	1231	7A1	1.655	ATCAAA
1040145	1284	7m8	2.064	AATCAA
1040165	295	o6	1.017	AATCAA
1040190	2590	8m	2.047	AATCAA
1040210	1774	8m	2.301	AATCAA
1040210	2780	7m8	3.005	AATCAA
1040210	3267	o6	2.054	AATCAA
1040210	3823	7m8	1.865	AATCAA
1040214	1204	7m8	1.598	AATCAA
1040214	2527	7m8	1.284	AATCAA
1040237	1086	7m8	2.952	AATCAA
1040237	2157	8m	1.515	AATCAA
1040283	379	o6	1.375	AATCAA
1040283	4386	7m8	1.978	AATCAA
1040283	5762	8m	1.598	AATCAA
1040297	2674	o6	1.034	AATCAA
1040298	1956	8m	1.563	ATCAAA
1040298	2094	7m8	2.770	AATCAA
1040298	3110	7m8	1.169	AATCAA
1040298	3706	7m8	1.504	AATCAA
1040298	5117	o6	2.317	AATCAA
1040298	6677	o6	2.455	AATCAA
1040304	2366	o6	1.940	AATCAA
1040304	2677	o6	2.187	AATCAA
1040304	2709	7m8	2.763	AATCAA
1040334	1371	7m8	2.860	AATCAA
1040337	293	6m	2.501	ATCAAA
1040346	1101	6m	1.992	ATCAAA
1040346	1893	7m8	2.549	AATCAA
1040346	1967	o6	1.505	AATCAA
1040346	3148	7m8	1.073	AATCAA
1040360	591	o6	1.401	AATCAA
1040377	10	8m	1.460	ATCAAA
1040377	451	6m	2.073	ATCAAA
1040387	83	o6	1.073	AATCAA
1040392	1550	7A1	1.481	ATCAAA
1040392	2802	6m	1.208	ATCAAA
1040395	1139	7m8	2.715	AATCAA
1040395	1811	7m8	2.007	AATCAA
1040404	421	8m	1.282	AATCAA
1040417	1861	7m8	1.299	AATCAA
1040437	539	7m8	1.177	AATCAA
1040437	795	8m	1.552	AATCAA
1040437	1926	7A1	1.780	ATCAAA
1040479	3445	7A1	2.041	ATCAAA
1040500	1257	o6	2.643	AATCAA
1040500	2237	7A1	3.207	ATCAAA
1040500	2396	o6	1.238	AATCAA
1040527	1791	o6	2.789	AATCAA
1040538	1765	o6	1.414	AATCAA
1040538	2456	7m8	1.853	AATCAA
1040538	2461	7m8	1.084	AATCAA
1040542	991	7A1	1.470	ATCAAA
1040547	162	7m8	2.287	AATCAA
1040560	85	6m	1.979	ATCAAA
1040575	746	8m	3.106	AATCAA
1040584	447	o6	1.103	AATCAA
1040589	2151	7A1	1.896	ATCAAA
1040589	2224	o6	1.556	AATCAA
1040590	1407	8m	1.193	AATCAA
1040590	1623	7m8	1.526	AATCAA
1040590	3409	7A1	1.204	ATCAAA
1040590	5170	6m	1.518	ATCAAA
1040590	5292	7m8	2.232	AATCAA
1040590	5533	7m8	1.028	AATCAA
1040623	991	o6	1.129	AATCAA
1040623	1326	o6	1.177	AATCAA
1040623	1339	8m	1.874	AATCAA
1040623	2378	o6	1.027	AATCAA
1040623	2537	o6	2.863	AATCAA
1040628	277	o6	2.158	AATCAA
1040635	589	7A1	2.438	ATCAAA
1040635	612	7A1	2.904	ATCAAA
1040635	4489	7m8	1.709	AATCAA
1040635	4899	o6	2.447	AATCAA
1040646	783	7m8	2.774	AATCAA
1040662	237	7m8	1.047	AATCAA
