1000066	768	6m	2.923	ACGCTT
1000069	1231	o6	1.322	TACGCT
1000074	80	o6	1.980	TACGCT
1000155	781	7A1	3.390	ACGCTT
1000177	110	6m	1.555	ACGCTT
1000219	358	6m	1.298	ACGCTT
1000360	200	o6	1.485	TACGCT
1000436	78	8m	2.922	TACGCT
1000469	102	6m	3.190	ACGCTT
1000500	460	7m8	1.051	TACGCT
1000541	231	6m	1.290	ACGCTT
1000545	828	6m	2.344	ACGCTT
1000590	1217	8m	2.565	ACGCTT
1000598	412	6m	1.377	ACGCTT
1000610	2170	6m	2.192	ACGCTT
1000631	596	7m8	2.473	TACGCT
1000649	437	o6	1.031	TACGCT
1000649	670	7A1	2.522	ACGCTT
1000665	304	o6	1.434	TACGCT
1000706	252	8m	2.419	TACGCT
1000787	70	6m	1.872	ACGCTT
1000835	549	6m	1.910	ACGCTT
1000835	1074	7A1	2.910	ACGCTT
1000928	118	o6	2.544	TACGCT
1000968	247	o6	1.660	TACGCT
1000968	2523	6m	1.780	ACGCTT
1000991	109	6m	2.433	ACGCTT
1000991	1345	6m	2.241	ACGCTT
1001027	173	8m	2.852	TACGCT
1001099	244	6m	1.613	ACGCTT
1001217	378	o6	1.082	TACGCT
1001244	827	o6	1.737	TACGCT
1001285	84	8m	2.584	ACGCTT
1001373	1278	o6	1.355	TACGCT
1001423	840	o6	2.378	TACGCT
1001440	2847	6m	1.201	ACGCTT
1001518	580	6m	1.395	ACGCTT
1001533	4858	7m8	2.390	TACGCT
1001754	392	7m8	2.104	ACGCTT
1001862	1329	8m	2.807	TACGCT
1001916	181	6m	1.560	ACGCTT
1001937	4591	6m	1.563	ACGCTT
1001948	1602	6m	1.191	ACGCTT
1002117	164	8m	1.186	TACGCT
1002182	1725	7A1	1.227	ACGCTT
1002349	63	8m	2.058	TACGCT
1002493	30	6m	2.266	ACGCTT
1002641	288	6m	1.322	ACGCTT
1002734	51	6m	1.606	ACGCTT
1002877	128	o6	2.288	TACGCT
1002901	274	7A1	2.688	ACGCTT
1002901	504	6m	3.167	ACGCTT
1002985	160	7m8	1.271	ACGCTT
1003133	58	8m	2.014	TACGCT
1003133	64	7m8	2.112	TACGCT
1003137	396	7A1	1.278	ACGCTT
1003379	720	7A1	1.497	ACGCTT
1003541	38	8m	1.618	TACGCT
1003597	41	o6	1.082	TACGCT
1003996	103	6m	1.405	ACGCTT
1003996	372	7A1	2.016	ACGCTT
1004019	44	6m	2.478	ACGCTT
1004269	277	o6	1.222	TACGCT
1004359	0	o6	1.122	TACGCT
1004490	46	6m	3.352	ACGCTT
1004723	793	7m8	1.284	TACGCT
1004810	28	8m	3.250	TACGCT
1004811	108	7m8	2.830	TACGCT
1004898	261	6m	1.084	ACGCTT
1004958	801	o6	1.325	TACGCT
1005166	257	6m	2.368	ACGCTT
1005335	548	7A1	3.398	ACGCTT
1005349	4227	o6	1.366	TACGCT
1005419	28	8m	1.014	TACGCT
1005507	601	7m8	1.811	TACGCT
1005646	2476	6m	1.818	ACGCTT
1005646	5422	6m	3.649	ACGCTT
1005701	101	7m8	1.633	ACGCTT
1006071	784	6m	1.321	ACGCTT
1006098	14	7A1	2.076	ACGCTT
1006632	226	6m	1.232	ACGCTT
1006692	1116	6m	1.700	ACGCTT
1006726	900	o6	1.507	TACGCT
1006933	944	6m	2.189	ACGCTT
1007017	872	7A1	2.807	ACGCTT
1007269	683	6m	2.409	ACGCTT
1007275	120	7m8	1.663	ACGCTT
1007355	131	6m	1.046	ACGCTT
1007364	1348	7A1	2.489	ACGCTT
1007382	234	6m	2.450	ACGCTT
1007514	39	7A1	1.073	ACGCTT
1007514	363	8m	2.062	TACGCT
1007647	192	7A1	1.606	ACGCTT
1007647	341	6m	3.034	ACGCTT
1007851	447	6m	2.025	ACGCTT
1007878	1041	6m	2.782	ACGCTT
1007923	2869	6m	2.807	ACGCTT
1008213	1941	7m8	2.353	TACGCT
1008225	22	6m	1.264	ACGCTT
1008226	45	7A1	1.101	ACGCTT
1008280	10	7A1	2.309	ACGCTT
1008286	615	o6	1.205	TACGCT
1008412	99	o6	1.235	TACGCT
1008521	73	6m	3.190	ACGCTT
1008537	837	7m8	1.434	TACGCT
1008560	105	6m	1.376	ACGCTT
1008605	149	7m8	2.047	TACGCT
1008605	323	6m	1.585	ACGCTT
1008605	493	7m8	2.047	ACGCTT
1008749	136	6m	1.008	ACGCTT
1008774	129	o6	1.514	TACGCT
1008846	161	6m	1.982	ACGCTT
1008852	1007	6m	3.034	ACGCTT
1008903	1780	7A1	1.084	ACGCTT
1008933	109	7m8	1.231	TACGCT
1008933	737	o6	2.333	TACGCT
1009075	45	7A1	2.085	ACGCTT
1009083	105	7A1	2.449	ACGCTT
1009083	810	o6	1.908	TACGCT
1009261	50	7m8	1.400	ACGCTT
1009334	284	8m	1.241	TACGCT
1009360	236	7A1	2.544	ACGCTT
1009369	2374	6m	1.818	ACGCTT
1009411	49	6m	1.606	ACGCTT
1009585	364	8m	1.892	ACGCTT
1009705	83	7m8	1.614	TACGCT
1009822	16	7A1	1.057	ACGCTT
1009834	2262	7A1	2.876	ACGCTT
1009933	3	o6	1.808	TACGCT
1009945	94	6m	1.814	ACGCTT
1010044	41	6m	1.058	ACGCTT
1010201	384	7A1	2.239	ACGCTT
1010332	966	7m8	2.223	TACGCT
1010776	26	7m8	1.473	TACGCT
1010785	47	6m	1.990	ACGCTT
1010917	180	o6	2.764	TACGCT
1011195	189	8m	1.485	TACGCT
1011430	579	o6	1.843	TACGCT
1011430	584	o6	1.843	TACGCT
1011457	56	8m	1.577	TACGCT
1011487	97	7m8	2.020	ACGCTT
1011487	312	6m	1.047	ACGCTT
1011487	561	7m8	2.214	ACGCTT
1011534	36	o6	1.162	TACGCT
1011695	508	6m	1.668	ACGCTT
1011698	263	6m	1.089	ACGCTT
1011802	81	8m	2.764	TACGCT
1011847	164	7m8	2.551	ACGCTT
1012169	319	o6	1.341	TACGCT
1012262	1034	8m	3.034	TACGCT
1012430	924	o6	3.649	TACGCT
1012479	785	6m	1.053	ACGCTT
1012537	7	7m8	2.799	TACGCT
1012543	135	o6	1.354	TACGCT
1012666	491	7m8	2.523	ACGCTT
1012712	70	o6	1.006	TACGCT
1012996	281	7m8	1.037	TACGCT
1013059	83	o6	1.491	TACGCT
1013262	81	6m	1.103	ACGCTT
1013276	88	7A1	1.384	ACGCTT
1013312	777	o6	1.059	TACGCT
1013383	771	o6	1.606	TACGCT
1013443	2190	6m	2.976	ACGCTT
1013585	53	8m	1.906	TACGCT
1013608	446	8m	1.023	TACGCT
1013643	252	6m	2.065	ACGCTT
1013953	108	6m	3.449	ACGCTT
1014198	927	7A1	2.214	ACGCTT
1014315	164	o6	1.736	TACGCT
1014582	301	6m	1.590	ACGCTT
1014757	126	6m	2.695	ACGCTT
1014883	550	6m	1.434	ACGCTT
1014883	1004	8m	2.073	TACGCT
1014883	1769	7m8	1.006	TACGCT
1014899	16	6m	2.726	ACGCTT
1015041	5250	o6	1.338	TACGCT
1015047	2204	7A1	1.322	ACGCTT
1015062	1025	7m8	1.029	TACGCT
1015192	151	6m	1.200	ACGCTT
1015209	38	6m	1.777	ACGCTT
1015291	91	6m	1.753	ACGCTT
1015307	86	6m	1.084	ACGCTT
1015351	55	8m	1.328	TACGCT
1015388	167	6m	2.851	ACGCTT
1015411	719	6m	1.039	ACGCTT
1015480	613	7A1	2.234	ACGCTT
1015548	131	6m	1.908	ACGCTT
1015685	453	7m8	2.488	TACGCT
1015685	1067	7m8	1.707	TACGCT
1015696	122	7A1	2.336	ACGCTT
1015778	940	6m	2.130	ACGCTT
1015789	1308	6m	2.015	ACGCTT
1015870	664	7m8	2.531	TACGCT
1015928	470	o6	1.328	TACGCT
1016016	1458	6m	1.148	ACGCTT
1016098	365	6m	2.852	ACGCTT
1016143	685	8m	2.984	ACGCTT
1016191	401	6m	1.740	ACGCTT
1016220	242	o6	1.439	TACGCT
1016256	151	8m	2.212	TACGCT
1016320	62	8m	2.073	TACGCT
1016356	586	8m	2.149	TACGCT
1016469	257	6m	1.208	ACGCTT
1016511	872	7m8	2.318	ACGCTT
1016571	2138	6m	2.843	ACGCTT
1016619	156	8m	2.544	TACGCT
1016619	257	6m	1.931	ACGCTT
1016629	159	6m	2.106	ACGCTT
1016713	382	6m	1.053	ACGCTT
1016800	64	6m	1.478	ACGCTT
1016965	66	o6	2.176	TACGCT
1016995	100	7m8	2.305	TACGCT
1017249	214	7A1	1.596	ACGCTT
1017485	483	7m8	1.053	TACGCT
1017614	2918	6m	2.427	ACGCTT
1017695	872	o6	1.833	TACGCT
1017696	330	o6	1.606	TACGCT
1017868	385	7m8	2.854	TACGCT
1018066	147	6m	1.560	ACGCTT
1018353	868	6m	1.720	ACGCTT
1018460	80	7A1	2.386	ACGCTT
1018546	72	6m	1.468	ACGCTT
1018616	1165	6m	1.026	ACGCTT
1018619	1562	o6	1.053	TACGCT
1018703	240	7m8	2.331	ACGCTT
1018778	273	o6	1.824	TACGCT
1018844	687	o6	1.241	TACGCT
1018958	113	7m8	1.737	ACGCTT
1018965	14	7m8	3.934	ACGCTT
1019055	648	o6	1.560	TACGCT
1019113	68	6m	1.879	ACGCTT
1019305	489	6m	1.781	ACGCTT
1019314	266	7m8	1.684	TACGCT
1019486	342	o6	2.037	TACGCT
1019514	2685	6m	1.484	ACGCTT
1019945	227	o6	1.721	TACGCT
1019956	1320	6m	1.759	ACGCTT
1020077	163	o6	1.322	TACGCT
1020148	69	o6	1.462	TACGCT
1020253	2730	7m8	1.392	TACGCT
1020604	8	o6	1.288	TACGCT
1020649	60	6m	1.193	ACGCTT
1020740	869	6m	3.034	ACGCTT
1020849	60	7A1	1.757	ACGCTT
1020861	1598	o6	1.583	TACGCT
1020883	149	o6	2.025	TACGCT
1020916	949	o6	2.964	TACGCT
1021205	252	7A1	1.883	ACGCTT
1021223	124	7A1	3.857	ACGCTT
1021413	164	6m	1.322	ACGCTT
1021566	3008	6m	2.522	ACGCTT
1021613	25	8m	2.270	TACGCT
1021675	1179	6m	1.112	ACGCTT
1021696	675	6m	1.935	ACGCTT
1021899	1052	o6	1.085	TACGCT
1022173	211	7m8	2.507	TACGCT
1022198	766	o6	2.033	TACGCT
1022256	186	6m	1.288	ACGCTT
1022495	5039	6m	2.019	ACGCTT
1022531	2858	6m	3.180	ACGCTT
1022774	137	7m8	1.690	TACGCT
1022846	936	6m	2.220	ACGCTT
1022846	953	7m8	1.845	ACGCTT
1023091	1258	o6	1.575	TACGCT
1023289	151	6m	1.328	ACGCTT
1023343	107	o6	1.191	TACGCT
1023391	1912	6m	1.933	ACGCTT
1023406	31	8m	1.008	TACGCT
1023681	527	o6	1.043	TACGCT
1023681	4266	6m	1.362	ACGCTT
1023790	1885	7A1	2.878	ACGCTT
1023790	2556	6m	2.878	ACGCTT
1023802	229	7A1	1.463	ACGCTT
1023805	4564	o6	1.535	TACGCT
1023912	278	7m8	1.011	ACGCTT
1023912	1195	6m	1.533	ACGCTT
1023912	1263	o6	1.075	TACGCT
1023930	296	7A1	1.328	ACGCTT
1023998	593	6m	1.844	ACGCTT
1024012	222	6m	1.135	ACGCTT
1024025	928	6m	1.306	ACGCTT
1024085	615	6m	1.328	ACGCTT
1024093	342	6m	1.690	ACGCTT
1024118	60	6m	1.321	ACGCTT
1024189	1188	6m	2.326	ACGCTT
1024211	495	7A1	2.536	ACGCTT
1024211	896	6m	1.612	ACGCTT
1024282	144	6m	1.012	ACGCTT
1024313	47	o6	1.481	TACGCT
1024355	117	6m	2.115	ACGCTT
1024502	561	8m	3.082	TACGCT
1024543	68	7m8	1.547	ACGCTT
1024604	431	7A1	2.783	ACGCTT
1024619	1002	6m	1.070	ACGCTT
1024619	1247	6m	1.278	ACGCTT
1024619	2291	o6	2.537	TACGCT
1024648	5811	o6	1.053	TACGCT
1024654	893	7m8	1.248	ACGCTT
1024658	426	7A1	1.844	ACGCTT
1024708	172	7A1	1.726	ACGCTT
1024715	2823	6m	2.225	ACGCTT
1024715	3077	6m	2.757	ACGCTT
1024721	1057	o6	2.682	TACGCT
1024754	285	7m8	2.435	TACGCT
1024774	481	6m	1.805	ACGCTT
1024778	24	6m	1.494	ACGCTT
1024829	5017	7A1	3.073	ACGCTT
1024892	473	7A1	1.499	ACGCTT
1024939	2153	6m	3.069	ACGCTT
1024956	2123	8m	1.368	ACGCTT
1025029	1369	o6	1.007	TACGCT
1025032	412	7A1	2.449	ACGCTT
1025059	2487	o6	1.550	TACGCT
1025167	73	8m	2.375	TACGCT
1025167	375	6m	2.312	ACGCTT
1025216	38	7m8	2.840	TACGCT
1025216	59	6m	2.235	ACGCTT
1025242	308	o6	1.579	TACGCT
1025293	309	o6	1.954	TACGCT
1025391	907	6m	1.890	ACGCTT
1025521	536	6m	1.253	ACGCTT
1025562	321	o6	1.011	TACGCT
1025642	452	7m8	1.400	TACGCT
1025657	62	6m	1.614	ACGCTT
1025821	193	6m	1.098	ACGCTT
1025854	77	7m8	4.433	TACGCT
1025929	1136	6m	1.462	ACGCTT
1026095	152	6m	1.270	ACGCTT
1026188	119	8m	1.115	TACGCT
1026200	189	7m8	2.190	ACGCTT
1026200	710	6m	1.498	ACGCTT
1026250	77	o6	1.149	TACGCT
1026268	306	8m	1.740	ACGCTT
1026485	150	o6	1.058	TACGCT
1026498	59	o6	2.007	TACGCT
1026545	380	6m	1.129	ACGCTT
1026598	37	8m	1.375	TACGCT
1026688	320	6m	1.914	ACGCTT
1026688	4759	6m	2.648	ACGCTT
1026708	902	6m	1.073	ACGCTT
1026746	98	7A1	2.863	ACGCTT
1026914	302	o6	1.881	TACGCT
1027007	389	7m8	2.217	TACGCT
1027073	281	6m	3.398	ACGCTT
1027516	89	7A1	1.328	ACGCTT
1027773	1249	6m	2.202	ACGCTT
1027900	409	o6	4.240	TACGCT
1027971	320	7A1	1.584	ACGCTT
1028007	495	6m	1.404	ACGCTT
1028197	79	o6	1.400	TACGCT
1028230	961	8m	1.756	TACGCT
1028345	43	7A1	1.241	ACGCTT
1028559	806	6m	1.700	ACGCTT
1028645	356	6m	1.118	ACGCTT
1028734	5134	o6	2.073	TACGCT
1029170	342	6m	2.707	ACGCTT
1029192	2424	6m	1.546	ACGCTT
1029348	105	7m8	1.647	TACGCT
1029466	15	6m	1.931	ACGCTT
1029490	82	o6	1.320	TACGCT
1029558	1263	6m	1.284	ACGCTT
1029564	448	6m	3.034	ACGCTT
1029626	203	7m8	1.129	TACGCT
1029697	1001	o6	1.945	TACGCT
1029782	1806	8m	1.325	ACGCTT
1030189	2072	7A1	1.916	ACGCTT
1030205	194	o6	1.232	TACGCT
1030266	314	o6	1.788	TACGCT
1030340	613	7m8	1.284	ACGCTT
1030400	194	6m	1.140	ACGCTT
1030437	63	6m	1.842	ACGCTT
1030620	177	6m	1.322	ACGCTT
1030813	60	7A1	1.690	ACGCTT
1031111	118	6m	1.579	ACGCTT
1031199	3331	6m	1.223	ACGCTT
1031535	142	7A1	1.577	ACGCTT
1031975	249	6m	1.690	ACGCTT
1031997	739	7m8	2.608	ACGCTT
1032022	191	6m	2.481	ACGCTT
1032022	623	o6	1.932	TACGCT
1032107	24	8m	2.925	TACGCT
1032386	191	o6	1.251	TACGCT
1032456	245	o6	1.737	TACGCT
1032490	957	6m	3.224	ACGCTT
1032498	1144	6m	1.166	ACGCTT
1032634	516	8m	2.415	TACGCT
1032634	1532	8m	2.922	TACGCT
1032693	1837	o6	2.331	TACGCT
1032713	1318	7m8	2.507	TACGCT
1032799	1271	7A1	1.101	ACGCTT
1032799	2162	o6	3.273	TACGCT
1032843	204	7m8	1.584	ACGCTT
1032938	281	8m	1.780	TACGCT
1032948	295	o6	2.321	TACGCT
1033011	637	7A1	1.989	ACGCTT
1033085	1234	o6	1.601	TACGCT
1033118	68	6m	1.668	ACGCTT
1033160	900	7A1	1.152	ACGCTT
1033187	899	6m	1.006	ACGCTT
1033190	216	6m	1.468	ACGCTT
1033384	1816	o6	2.244	TACGCT
1033488	1089	o6	1.117	TACGCT
1033508	446	6m	2.415	ACGCTT
1033517	319	6m	1.687	ACGCTT
1033598	4387	6m	1.053	ACGCTT
1033616	2967	6m	1.178	ACGCTT
1033658	1090	8m	1.024	TACGCT
1033786	712	7m8	1.690	TACGCT
1033803	634	7A1	2.559	ACGCTT
1033883	104	o6	1.851	TACGCT
1033883	702	8m	1.155	TACGCT
1033925	182	6m	1.339	ACGCTT
1034161	2041	o6	1.139	TACGCT
1034209	1247	6m	2.378	ACGCTT
1034247	3086	o6	3.631	TACGCT
1034304	1976	6m	1.397	ACGCTT
1034304	2805	6m	3.409	ACGCTT
1034331	114	8m	2.759	ACGCTT
1034358	738	o6	2.218	TACGCT
1034416	1132	o6	1.313	TACGCT
1034518	117	7m8	1.769	TACGCT
1034569	4323	o6	1.679	TACGCT
1034569	7351	7A1	3.427	ACGCTT
1034679	1903	7m8	2.191	TACGCT
1034690	179	6m	2.793	ACGCTT
1034690	441	o6	1.897	TACGCT
1034718	592	6m	1.685	ACGCTT
1034941	1227	o6	1.468	TACGCT
1035034	455	o6	1.487	TACGCT
1035132	724	6m	2.106	ACGCTT
1035287	160	6m	2.037	ACGCTT
1035288	2	o6	2.040	TACGCT
1035380	261	7m8	1.555	TACGCT
1035426	568	7A1	1.906	ACGCTT
1035506	144	7A1	3.146	ACGCTT
1035527	248	7m8	3.203	ACGCTT
1035536	655	7A1	1.914	ACGCTT
1035561	391	7A1	2.139	ACGCTT
1035569	1478	o6	1.598	TACGCT
1035569	3131	6m	1.941	ACGCTT
1035569	3950	6m	2.236	ACGCTT
1035569	4851	o6	1.013	TACGCT
1035569	5670	7A1	1.599	ACGCTT
1035569	6141	6m	1.803	ACGCTT
1035569	16445	6m	3.226	ACGCTT
1035582	1976	o6	1.401	TACGCT
1035639	44	o6	1.560	TACGCT
1035701	286	o6	1.615	TACGCT
1035714	314	o6	2.247	TACGCT
1035782	1329	6m	2.275	ACGCTT
1035786	171	6m	1.980	ACGCTT
1035836	75	o6	1.302	TACGCT
1036127	14491	o6	1.731	TACGCT
1036154	1717	6m	1.235	ACGCTT
1036283	1854	6m	2.221	ACGCTT
1036374	1186	7m8	2.022	TACGCT
1036405	1027	o6	2.765	TACGCT
1036471	667	7m8	1.662	TACGCT
1036751	56	7A1	1.588	ACGCTT
1036784	89	7A1	2.121	ACGCTT
1036865	161	o6	1.320	TACGCT
1036865	174	7A1	1.193	ACGCTT
1037147	159	7A1	2.396	ACGCTT
1037319	35	8m	1.459	TACGCT
1037446	271	8m	1.885	ACGCTT
1037494	117	6m	1.760	ACGCTT
1037824	223	o6	1.765	TACGCT
1037909	166	7m8	1.466	TACGCT
1038100	30	o6	1.261	TACGCT
1038113	43	8m	1.097	TACGCT
1038122	950	6m	1.220	ACGCTT
1038214	1729	6m	2.681	ACGCTT
1038293	253	6m	1.690	ACGCTT
1038293	2736	6m	3.100	ACGCTT
1038351	43	6m	1.937	ACGCTT
1038605	755	8m	3.783	TACGCT
1038652	165	o6	1.051	TACGCT
1038682	205	o6	1.276	TACGCT
1038682	212	o6	1.276	TACGCT
1038748	1438	6m	2.973	ACGCTT
1038767	229	6m	4.116	ACGCTT
1038832	272	6m	1.065	ACGCTT
1038860	107	6m	2.073	ACGCTT
1038905	547	o6	1.285	TACGCT
1038945	596	6m	1.314	ACGCTT
1038945	798	7A1	2.610	ACGCTT
1038948	787	7A1	1.682	ACGCTT
1038965	89	6m	3.379	ACGCTT
1039091	117	7A1	2.807	ACGCTT
1039091	130	7A1	3.404	ACGCTT
1039199	1152	6m	2.326	ACGCTT
1039218	673	6m	1.582	ACGCTT
1039474	943	6m	2.716	ACGCTT
1039706	1809	7A1	3.390	ACGCTT
1039853	729	8m	1.073	ACGCTT
1039853	1898	6m	1.073	ACGCTT
1039908	192	o6	1.006	TACGCT
1039908	4742	o6	1.111	TACGCT
1040007	2078	o6	3.271	TACGCT
1040031	766	6m	2.810	ACGCTT
1040054	201	6m	3.297	ACGCTT
1040058	5096	7m8	1.019	TACGCT
1040099	313	7m8	2.237	TACGCT
1040115	186	6m	3.465	ACGCTT
1040214	2066	o6	1.190	TACGCT
1040234	82	6m	1.328	ACGCTT
1040234	1452	6m	3.341	ACGCTT
1040283	1244	6m	1.444	ACGCTT
1040294	1066	7A1	3.649	ACGCTT
1040297	225	o6	2.105	TACGCT
1040337	776	o6	3.075	TACGCT
1040337	4539	o6	1.288	TACGCT
1040346	4424	6m	1.509	ACGCTT
1040377	345	6m	1.965	ACGCTT
1040434	1324	8m	2.019	TACGCT
1040434	2894	o6	1.143	TACGCT
1040495	260	6m	1.061	ACGCTT
1040500	1167	7A1	4.068	ACGCTT
1040500	2408	6m	2.540	ACGCTT
1040513	419	7A1	2.541	ACGCTT
1040538	3640	o6	2.092	TACGCT
1040584	664	6m	2.806	ACGCTT
1040646	2621	7m8	2.383	TACGCT
