1000011	351	7m8	1.602	GGAATT
1000021	808	6m	1.162	GAATTG
1000048	569	7m8	2.552	GGAATT
1000054	594	6m	2.519	GAATTG
1000107	403	7A1	2.370	GAATTG
1000113	223	6m	1.009	GAATTG
1000114	136	o6	2.255	GGAATT
1000150	356	8m	1.075	GGAATT
1000219	973	6m	1.000	GAATTG
1000245	621	7m8	1.850	GAATTG
1000264	267	6m	1.486	GAATTG
1000395	585	o6	1.053	GGAATT
1000398	260	o6	1.181	GGAATT
1000407	568	o6	1.980	GGAATT
1000436	775	o6	1.606	GGAATT
1000500	221	6m	1.040	GAATTG
1000536	216	7m8	1.350	GGAATT
1000590	764	7A1	1.322	GAATTG
1000653	637	6m	1.296	GAATTG
1000673	95	6m	1.283	GAATTG
1000692	207	6m	1.086	GAATTG
1000734	1405	o6	1.634	GGAATT
1000767	73	6m	1.378	GAATTG
1000904	278	6m	1.010	GAATTG
1000904	918	o6	1.211	GGAATT
1000932	218	6m	4.193	GAATTG
1000962	617	6m	1.051	GAATTG
1000979	581	6m	2.533	GAATTG
1000979	863	6m	2.019	GAATTG
1000997	451	o6	1.278	GGAATT
1001012	2248	6m	2.807	GAATTG
1001015	318	o6	1.978	GGAATT
1001030	678	6m	1.284	GAATTG
1001075	3209	7A1	2.876	GAATTG
1001075	3239	7A1	1.311	GAATTG
1001075	3254	6m	1.222	GAATTG
1001132	1177	6m	1.064	GAATTG
1001199	81	6m	1.268	GAATTG
1001217	219	o6	2.303	GGAATT
1001285	99	o6	1.335	GGAATT
1001372	942	7A1	2.548	GAATTG
1001373	67	o6	2.076	GGAATT
1001373	1468	6m	1.031	GAATTG
1001417	306	o6	1.533	GGAATT
1001440	424	o6	2.475	GGAATT
1001494	396	7A1	1.210	GAATTG
1001500	437	o6	1.126	GGAATT
1001514	3	7A1	2.379	GAATTG
1001533	225	6m	2.218	GAATTG
1001601	1080	6m	1.105	GAATTG
1001601	1086	o6	1.680	GGAATT
1001601	1320	6m	2.344	GAATTG
1001620	1477	o6	1.322	GGAATT
1001745	570	o6	1.120	GGAATT
1001817	2891	6m	1.138	GAATTG
1001858	219	7m8	1.082	GGAATT
1002084	271	o6	1.226	GGAATT
1002098	743	7m8	1.606	GGAATT
1002176	2929	o6	2.142	GGAATT
1002490	116	7m8	2.525	GGAATT
1002683	10	o6	1.087	GGAATT
1002703	633	7A1	1.394	GAATTG
1002760	8	o6	1.162	GGAATT
1002830	954	7A1	1.146	GAATTG
1002830	1077	7A1	1.240	GAATTG
1003023	349	6m	1.059	GAATTG
1003184	834	7A1	1.117	GAATTG
1003257	175	6m	1.222	GAATTG
1003297	308	7m8	1.070	GAATTG
1003363	49	o6	1.322	GGAATT
1003424	867	6m	1.560	GAATTG
1003631	1146	7A1	1.563	GAATTG
1003631	2049	6m	2.459	GAATTG
1003631	3676	o6	2.660	GGAATT
1003643	364	7A1	1.073	GAATTG
1003797	197	7A1	1.053	GAATTG
1003797	394	o6	1.053	GGAATT
1003851	723	6m	1.027	GAATTG
1003873	557	7A1	1.168	GAATTG
1003930	751	o6	1.227	GGAATT
1003951	496	o6	1.642	GGAATT
1003975	617	o6	2.075	GGAATT
1004085	17	o6	1.904	GGAATT
1004088	302	6m	2.773	GAATTG
1004127	216	o6	1.127	GGAATT
1004173	319	6m	2.807	GAATTG
1004269	331	7A1	1.474	GAATTG
1004371	57	7A1	1.423	GAATTG
1004503	1106	6m	1.598	GAATTG
1004503	2254	6m	1.440	GAATTG
1004512	597	6m	1.613	GAATTG
1004539	150	6m	1.030	GAATTG
1004580	54	8m	1.088	GGAATT
1004676	197	6m	1.740	GAATTG
1004676	213	6m	1.740	GAATTG
1004898	1687	6m	1.949	GAATTG
1005023	578	o6	1.217	GGAATT
1005049	1283	6m	2.571	GAATTG
1005049	1918	6m	1.373	GAATTG
1005061	208	6m	1.606	GAATTG
1005216	1918	6m	2.850	GAATTG
1005253	1603	6m	1.021	GAATTG
1005335	450	6m	2.425	GAATTG
1005407	200	6m	1.600	GAATTG
1005557	894	6m	1.229	GAATTG
1005622	58	o6	1.786	GGAATT
1005646	2256	7m8	2.533	GGAATT
1005653	88	6m	2.618	GAATTG
1005680	188	o6	3.174	GGAATT
1005790	69	o6	1.028	GGAATT
1006032	212	6m	1.313	GAATTG
1006158	745	o6	2.030	GGAATT
1006548	384	o6	1.776	GGAATT
1006615	118	o6	1.378	GGAATT
1006689	192	7A1	2.370	GAATTG
1006714	1448	o6	1.205	GGAATT
1006719	932	o6	2.870	GGAATT
1006761	282	7A1	1.932	GAATTG
1007004	2011	6m	1.132	GAATTG
1007017	774	6m	1.948	GAATTG
1007031	141	6m	1.579	GAATTG
1007031	1079	8m	2.152	GGAATT
1007031	1479	o6	2.357	GGAATT
1007041	830	6m	1.122	GAATTG
1007206	305	6m	1.604	GAATTG
1007213	1795	o6	2.004	GGAATT
1007242	5489	6m	2.153	GAATTG
1007296	138	o6	1.500	GGAATT
1007388	373	7m8	2.075	GAATTG
1007472	108	o6	1.374	GGAATT
1007502	186	o6	2.486	GGAATT
1007521	3256	6m	2.148	GAATTG
1007521	3891	6m	1.129	GAATTG
1007530	714	o6	1.267	GGAATT
1007530	1442	7m8	1.565	GGAATT
1007547	1947	7m8	1.240	GAATTG
1007584	924	7A1	1.218	GAATTG
1007624	499	o6	2.248	GGAATT
1007629	1039	6m	1.322	GAATTG
1007629	1302	o6	2.544	GGAATT
1007646	377	o6	1.049	GGAATT
1007647	1134	7A1	3.034	GAATTG
1007740	693	6m	1.282	GAATTG
1007803	606	6m	2.015	GAATTG
1007806	321	6m	1.607	GAATTG
1007806	659	o6	1.315	GGAATT
1007806	785	o6	1.745	GGAATT
1007888	641	6m	1.208	GAATTG
1007903	1551	6m	1.417	GAATTG
1007903	3108	7A1	2.526	GAATTG
1007903	3878	7A1	1.939	GAATTG
1007920	941	8m	2.400	GGAATT
1007932	993	6m	1.825	GAATTG
1007936	83	7A1	2.002	GAATTG
1007950	1671	6m	1.076	GAATTG
1007980	511	o6	1.284	GGAATT
1007997	2161	o6	1.053	GGAATT
1008019	445	o6	1.288	GGAATT
1008031	149	o6	1.343	GGAATT
1008036	1071	o6	2.327	GGAATT
1008036	1826	6m	2.638	GAATTG
1008060	182	7m8	1.682	GGAATT
1008093	142	6m	1.212	GAATTG
1008097	122	o6	1.481	GGAATT
1008105	415	o6	1.907	GGAATT
1008123	398	6m	2.494	GAATTG
1008145	2746	8m	2.334	GGAATT
1008145	3125	6m	1.485	GAATTG
1008145	3797	7A1	2.206	GAATTG
1008145	10998	6m	1.322	GAATTG
1008145	11424	6m	1.180	GAATTG
1008151	302	7A1	1.752	GAATTG
1008151	502	7A1	2.025	GAATTG
1008213	432	7A1	1.297	GAATTG
1008279	202	7A1	1.441	GAATTG
1008286	304	6m	1.276	GAATTG
1008292	136	6m	1.073	GAATTG
1008366	136	o6	1.458	GGAATT
1008372	308	o6	1.322	GGAATT
1008409	732	6m	1.241	GAATTG
1008501	106	o6	1.480	GGAATT
1008593	969	6m	1.949	GAATTG
1008602	322	7A1	1.322	GAATTG
1008657	120	6m	1.563	GAATTG
1008750	158	o6	1.234	GGAATT
1008755	684	o6	1.614	GGAATT
1008780	674	8m	2.694	GGAATT
1008822	273	7A1	2.542	GAATTG
1008855	56	6m	1.687	GAATTG
1008903	304	6m	1.652	GAATTG
1008966	406	6m	1.641	GAATTG
1008995	1656	o6	1.582	GGAATT
1009037	1062	o6	1.328	GGAATT
1009063	346	o6	1.252	GGAATT
1009074	1028	7A1	2.608	GAATTG
1009304	302	6m	2.566	GAATTG
1009313	328	o6	1.424	GGAATT
1009322	190	o6	1.527	GGAATT
1009366	75	o6	2.524	GGAATT
1009385	317	8m	2.807	GGAATT
1009412	59	7m8	1.053	GGAATT
1009424	243	6m	1.687	GAATTG
1009448	1480	o6	2.150	GGAATT
1009469	910	6m	1.860	GAATTG
1009475	729	o6	1.405	GGAATT
1009511	549	6m	1.657	GAATTG
1009576	1036	6m	3.046	GAATTG
1009717	75	6m	1.103	GAATTG
1009759	30	7A1	1.095	GAATTG
1009763	386	o6	2.721	GGAATT
1009844	113	o6	1.690	GGAATT
1009945	1066	o6	2.065	GGAATT
1010064	823	7A1	3.712	GAATTG
1010103	53	6m	1.906	GAATTG
1010160	1396	6m	1.013	GAATTG
1010175	110	6m	2.075	GAATTG
1010205	593	o6	1.124	GGAATT
1010205	628	6m	1.416	GAATTG
1010237	380	o6	3.347	GGAATT
1010237	631	o6	3.347	GGAATT
1010237	691	o6	3.623	GGAATT
1010287	440	6m	1.373	GAATTG
1010293	78	o6	2.024	GGAATT
1010358	11	o6	1.285	GGAATT
1010421	253	o6	1.189	GGAATT
1010511	704	7m8	1.328	GGAATT
1010533	1821	o6	2.292	GGAATT
1010652	401	6m	1.284	GAATTG
1010677	97	6m	1.407	GAATTG
1010716	276	6m	2.544	GAATTG
1010998	66	o6	2.005	GGAATT
1011277	108	6m	1.053	GAATTG
1011285	38	o6	1.509	GGAATT
1011348	354	o6	2.016	GGAATT
1011409	31	7A1	1.156	GAATTG
1011487	1073	7A1	1.740	GAATTG
1011491	201	7A1	2.313	GAATTG
1011491	642	6m	2.139	GAATTG
1011608	355	o6	2.215	GGAATT
1011634	26	6m	1.430	GAATTG
1011658	426	8m	1.695	GAATTG
1011695	449	8m	1.234	GGAATT
1011698	719	6m	2.065	GAATTG
1011703	199	6m	2.316	GAATTG
1011897	687	o6	1.711	GGAATT
1011927	182	6m	1.271	GAATTG
1012002	103	6m	1.073	GAATTG
1012042	252	7m8	2.105	GGAATT
1012081	75	8m	2.517	GGAATT
1012087	58	o6	2.206	GGAATT
1012122	272	6m	2.544	GAATTG
1012174	404	o6	4.193	GGAATT
1012304	204	6m	1.052	GAATTG
1012383	379	6m	1.548	GAATTG
1012425	388	7A1	2.519	GAATTG
1012439	83	7A1	3.076	GAATTG
1012479	885	7A1	1.322	GAATTG
1012513	294	6m	1.263	GAATTG
1012537	137	o6	1.598	GGAATT
1012579	35	7A1	1.322	GAATTG
1012677	38	6m	1.836	GAATTG
1012776	1096	o6	1.734	GGAATT
1012857	227	7A1	1.567	GAATTG
1012878	844	7A1	2.025	GAATTG
1012896	390	6m	2.033	GAATTG
1012900	933	o6	1.267	GGAATT
1012995	12	6m	1.799	GAATTG
1013068	394	o6	2.073	GGAATT
1013312	331	o6	1.672	GGAATT
1013443	1953	o6	2.073	GGAATT
1013518	1225	o6	1.098	GGAATT
1013573	1280	6m	1.087	GAATTG
1013573	1310	6m	1.874	GAATTG
1013670	2251	o6	1.520	GGAATT
1013687	709	6m	1.207	GAATTG
1013988	1536	6m	4.317	GAATTG
1014319	118	7A1	1.577	GAATTG
1014418	2191	6m	1.362	GAATTG
1014418	3173	o6	3.034	GGAATT
1014464	1391	7m8	2.847	GGAATT
1014588	2810	6m	1.606	GAATTG
1014697	1431	o6	2.133	GGAATT
1014813	313	o6	2.439	GGAATT
1014840	658	6m	1.030	GAATTG
1014856	1623	7m8	1.227	GAATTG
1014869	1262	7A1	1.232	GAATTG
1014884	1816	7A1	1.296	GAATTG
1014884	1949	6m	1.491	GAATTG
1014892	933	o6	2.981	GGAATT
1014898	1787	6m	2.320	GAATTG
1014899	1480	7A1	2.085	GAATTG
1014904	308	6m	1.383	GAATTG
1014910	55	6m	1.363	GAATTG
1014966	187	6m	1.823	GAATTG
1014978	437	6m	2.220	GAATTG
1015038	155	8m	2.150	GAATTG
1015080	270	6m	1.004	GAATTG
1015085	1730	6m	2.076	GAATTG
1015228	419	6m	1.606	GAATTG
1015427	542	o6	1.510	GGAATT
1015480	1332	o6	1.808	GGAATT
1015480	1483	o6	1.356	GGAATT
1015572	2639	o6	3.649	GGAATT
1015575	1	o6	1.161	GGAATT
1015637	169	7A1	1.034	GAATTG
1015637	1187	7A1	2.025	GAATTG
1015661	289	o6	2.377	GGAATT
1015685	57	7m8	1.953	GGAATT
1015697	254	o6	2.059	GGAATT
1015697	441	o6	1.454	GGAATT
1015725	636	6m	1.915	GAATTG
1015725	1316	7m8	2.544	GGAATT
1015777	1217	6m	1.244	GAATTG
1015823	1080	o6	2.314	GGAATT
1015870	147	o6	1.322	GGAATT
1015870	1102	7A1	1.310	GAATTG
1015895	865	6m	1.184	GAATTG
1015952	197	o6	1.690	GGAATT
1015973	181	6m	1.938	GAATTG
1016011	1463	7m8	1.000	GAATTG
1016029	1501	6m	1.362	GAATTG
1016029	2483	o6	3.034	GGAATT
1016047	837	6m	1.169	GAATTG
1016047	1528	6m	2.425	GAATTG
1016047	1622	6m	1.185	GAATTG
1016103	340	7m8	2.514	GGAATT
1016106	259	o6	2.073	GGAATT
1016179	677	7A1	1.053	GAATTG
1016208	214	7A1	2.073	GAATTG
1016223	403	6m	1.811	GAATTG
1016266	166	o6	2.486	GGAATT
1016272	646	o6	1.130	GGAATT
1016287	569	o6	2.544	GGAATT
1016347	1173	6m	2.801	GAATTG
1016368	128	6m	1.298	GAATTG
1016398	398	6m	2.341	GAATTG
1016398	2565	6m	2.544	GAATTG
1016418	1479	7A1	2.220	GAATTG
1016442	61	6m	1.227	GAATTG
1016449	3423	o6	1.208	GGAATT
1016449	4194	6m	1.047	GAATTG
1016458	119	o6	1.284	GGAATT
1016557	289	o6	1.322	GGAATT
1016566	1021	o6	3.232	GGAATT
1016574	2589	7A1	1.061	GAATTG
1016574	4017	7A1	1.298	GAATTG
1016574	4296	o6	1.000	GGAATT
1016574	4524	7A1	2.101	GAATTG
1016577	340	6m	1.620	GAATTG
1016598	231	6m	1.315	GAATTG
1016598	1099	6m	1.986	GAATTG
1016599	529	o6	2.501	GGAATT
1016599	1103	6m	1.322	GAATTG
1016599	1643	7A1	1.565	GAATTG
1016620	1970	7A1	1.053	GAATTG
1016623	258	6m	1.799	GAATTG
1016637	0	o6	1.774	GGAATT
1016647	148	o6	1.260	GGAATT
1016661	597	6m	1.110	GAATTG
1016692	473	7A1	1.569	GAATTG
1016698	502	o6	1.328	GGAATT
1016698	543	6m	2.235	GAATTG
1016698	582	o6	2.415	GGAATT
1016701	1104	o6	1.278	GGAATT
1016713	1704	7A1	2.660	GAATTG
1016713	4116	7A1	2.433	GAATTG
1016721	57	o6	2.778	GGAATT
1016787	542	6m	1.191	GAATTG
1016794	444	7A1	2.433	GAATTG
1016806	499	6m	1.623	GAATTG
1016815	714	8m	2.448	GGAATT
1016839	386	o6	2.368	GGAATT
1016851	487	6m	1.687	GAATTG
1016916	85	o6	1.633	GGAATT
1016916	174	6m	2.073	GAATTG
1016931	397	6m	1.225	GAATTG
1016971	460	6m	1.053	GAATTG
1017012	30	6m	2.483	GAATTG
1017112	112	6m	1.987	GAATTG
1017135	1412	o6	1.258	GGAATT
1017227	867	8m	2.501	GGAATT
1017293	448	o6	3.124	GGAATT
1017306	66	7m8	2.624	GGAATT
1017306	319	7m8	2.154	GGAATT
1017451	1001	6m	1.606	GAATTG
1017478	331	o6	3.026	GGAATT
1017511	355	7m8	2.467	GAATTG
1017524	391	6m	1.981	GAATTG
1017527	120	6m	3.250	GAATTG
1017539	376	7A1	2.499	GAATTG
1017585	301	6m	1.420	GAATTG
1017614	5322	6m	1.991	GAATTG
1017883	285	7m8	1.525	GAATTG
1017886	384	7A1	1.593	GAATTG
1017890	751	7A1	2.243	GAATTG
1017919	1853	6m	1.463	GAATTG
1018021	175	o6	1.986	GGAATT
1018033	197	o6	1.074	GGAATT
1018056	98	6m	1.284	GAATTG
1018066	550	6m	2.057	GAATTG
1018135	229	6m	1.052	GAATTG
1018152	217	6m	1.109	GAATTG
1018158	102	o6	2.238	GGAATT
1018167	496	o6	2.815	GGAATT
1018167	552	o6	1.349	GGAATT
1018168	137	6m	1.288	GAATTG
1018233	777	o6	2.635	GGAATT
1018243	1839	7A1	1.584	GAATTG
1018248	1536	o6	2.833	GGAATT
1018277	453	o6	1.666	GGAATT
1018278	466	6m	1.018	GAATTG
1018287	290	o6	1.471	GGAATT
1018353	469	7A1	1.007	GAATTG
1018376	70	6m	1.725	GAATTG
1018455	53	8m	2.631	GGAATT
1018455	78	o6	1.488	GGAATT
1018498	297	6m	2.105	GAATTG
1018504	505	6m	2.544	GAATTG
1018678	674	o6	1.687	GGAATT
1018703	664	6m	1.084	GAATTG
1018703	795	7A1	2.502	GAATTG
1018703	821	o6	1.934	GGAATT
1018727	474	7m8	2.189	GGAATT
1018884	93	o6	1.771	GGAATT
1018887	96	6m	1.654	GAATTG
1018940	69	6m	1.034	GAATTG
1018959	44	6m	1.100	GAATTG
1018984	525	6m	1.317	GAATTG
1019055	898	6m	1.575	GAATTG
1019055	1112	6m	2.377	GAATTG
1019079	109	6m	1.122	GAATTG
1019116	409	o6	1.874	GGAATT
1019119	32	o6	1.253	GGAATT
1019137	104	6m	1.248	GAATTG
1019147	552	6m	1.606	GAATTG
1019286	142	7m8	2.377	GGAATT
1019441	490	6m	1.399	GAATTG
1019465	128	7A1	1.015	GAATTG
1019465	381	6m	1.646	GAATTG
1019521	921	o6	1.878	GGAATT
1019521	1067	o6	2.396	GGAATT
1019579	1289	o6	1.227	GGAATT
1019664	331	6m	1.492	GAATTG
1019664	337	o6	1.505	GGAATT
1019899	8	8m	1.939	GGAATT
1019924	45	o6	1.048	GGAATT
1019925	545	6m	1.563	GAATTG
1019980	1989	6m	1.455	GAATTG
1020029	317	o6	1.545	GGAATT
1020059	1433	6m	2.073	GAATTG
1020090	102	8m	2.533	GGAATT
1020204	0	6m	1.982	GAATTG
1020253	211	o6	2.246	GGAATT
1020319	943	o6	1.577	GGAATT
1020333	1490	6m	1.137	GAATTG
1020336	71	o6	1.137	GGAATT
1020435	2819	6m	1.990	GAATTG
1020535	268	o6	1.606	GGAATT
1020595	383	6m	1.783	GAATTG
1020642	8978	o6	1.728	GGAATT
1020782	1178	6m	1.300	GAATTG
1020782	1188	7m8	1.300	GAATTG
1020782	1667	7m8	1.355	GAATTG
1020787	121	6m	1.061	GAATTG
1020824	65	o6	1.014	GGAATT
1020880	245	o6	1.694	GGAATT
1020901	363	6m	2.301	GAATTG
1021005	512	6m	1.618	GAATTG
1021011	250	7m8	1.273	GGAATT
1021084	52	6m	1.456	GAATTG
1021084	560	o6	3.058	GGAATT
1021126	110	o6	1.130	GGAATT
1021248	337	6m	1.009	GAATTG
1021273	1135	o6	2.707	GGAATT
1021386	262	6m	1.236	GAATTG
1021406	422	6m	1.606	GAATTG
1021566	882	8m	1.146	GAATTG
1021566	2181	6m	2.175	GAATTG
1021850	713	o6	1.421	GGAATT
1021866	182	o6	2.015	GGAATT
1021866	658	o6	3.174	GGAATT
1021887	91	6m	2.044	GAATTG
1021899	1096	6m	1.212	GAATTG
1021909	2289	6m	1.599	GAATTG
1021941	1240	6m	1.941	GAATTG
1021954	628	6m	1.614	GAATTG
1022038	564	o6	1.851	GGAATT
1022057	20	o6	1.555	GGAATT
1022066	1015	6m	1.304	GAATTG
1022180	2425	o6	1.298	GGAATT
1022251	15	o6	1.211	GGAATT
1022285	407	o6	1.524	GGAATT
1022303	53	6m	1.180	GAATTG
1022418	400	o6	2.350	GGAATT
1022418	459	7A1	2.292	GAATTG
1022418	686	6m	2.350	GAATTG
1022495	2214	7A1	1.240	GAATTG
1022495	5068	6m	2.019	GAATTG
1022495	5251	6m	1.306	GAATTG
1022531	207	o6	2.488	GGAATT
1022719	88	o6	2.490	GGAATT
1022814	534	o6	1.812	GGAATT
1022831	58	o6	2.051	GGAATT
1022843	222	6m	1.456	GAATTG
1022858	146	o6	2.148	GGAATT
1022932	1832	6m	1.310	GAATTG
1022932	2270	o6	1.316	GGAATT
1022941	2551	7A1	1.405	GAATTG
1022997	657	6m	1.604	GAATTG
1023032	681	o6	1.490	GGAATT
1023062	3090	6m	3.141	GAATTG
1023097	1078	6m	1.389	GAATTG
1023100	2046	o6	1.779	GGAATT
1023104	635	o6	1.241	GGAATT
1023110	1613	o6	1.015	GGAATT
1023146	69	7m8	2.486	GGAATT
1023154	1561	o6	2.131	GGAATT
1023289	1617	o6	1.475	GGAATT
1023292	1819	6m	2.040	GAATTG
1023351	787	6m	1.373	GAATTG
1023378	1953	7m8	1.397	GGAATT
1023381	1464	7m8	1.397	GGAATT
1023387	566	6m	1.023	GAATTG
1023387	605	8m	2.786	GGAATT
1023387	610	6m	2.786	GAATTG
1023572	2020	6m	1.690	GAATTG
1023593	384	o6	2.223	GGAATT
1023599	1339	6m	1.273	GAATTG
1023599	3993	8m	1.597	GGAATT
1023599	6953	o6	2.544	GGAATT
1023669	282	o6	1.162	GGAATT
1023673	837	6m	1.016	GAATTG
1023721	17	6m	1.045	GAATTG
1023774	776	o6	2.350	GGAATT
1023784	1087	o6	2.549	GGAATT
1023790	1068	6m	1.079	GAATTG
1023837	39	6m	2.807	GAATTG
1023882	1212	7m8	2.085	GGAATT
1023885	2531	o6	1.192	GGAATT
1023897	1719	o6	2.118	GGAATT
1023931	787	6m	1.344	GAATTG
1023994	110	o6	2.565	GGAATT
1023994	413	6m	1.020	GAATTG
1023998	296	o6	2.031	GGAATT
1023998	807	6m	1.560	GAATTG
1024003	681	6m	1.930	GAATTG
1024019	1419	6m	2.275	GAATTG
1024025	2006	6m	1.229	GAATTG
1024031	2785	7A1	3.034	GAATTG
1024037	215	7A1	1.227	GAATTG
1024048	319	7A1	1.053	GAATTG
1024085	1386	o6	2.650	GGAATT
1024085	1814	o6	1.852	GGAATT
1024085	2090	7A1	1.376	GAATTG
1024085	2388	o6	1.103	GGAATT
1024145	812	o6	1.207	GGAATT
1024196	61	6m	2.806	GAATTG
1024211	1090	o6	1.687	GGAATT
1024211	1720	7A1	1.322	GAATTG
1024211	3516	7A1	1.285	GAATTG
1024372	117	o6	1.012	GGAATT
1024393	802	6m	1.787	GAATTG
1024394	47	7A1	2.017	GAATTG
1024415	122	7A1	1.055	GAATTG
1024529	1514	o6	2.757	GGAATT
1024582	411	6m	2.543	GAATTG
1024619	1632	7A1	1.054	GAATTG
1024619	2949	o6	1.739	GGAATT
1024622	1221	6m	1.011	GAATTG
1024622	1439	o6	1.508	GGAATT
1024654	1552	o6	1.015	GGAATT
1024664	378	8m	1.015	GGAATT
1024664	383	6m	1.015	GAATTG
1024688	31	6m	1.258	GAATTG
1024712	201	6m	1.284	GAATTG
1024715	574	o6	1.619	GGAATT
1024715	667	o6	1.932	GGAATT
1024715	745	6m	1.685	GAATTG
1024720	54	o6	2.945	GGAATT
1024721	1930	6m	2.073	GAATTG
1024733	940	7A1	1.469	GAATTG
1024742	38	7A1	1.377	GAATTG
1024829	4522	o6	1.288	GGAATT
1024829	6486	o6	1.523	GGAATT
1024843	187	7A1	1.191	GAATTG
1024883	140	7A1	1.889	GAATTG
1024891	471	o6	1.315	GGAATT
1024935	216	o6	1.183	GGAATT
1024939	2025	o6	2.652	GGAATT
1024939	2236	o6	2.019	GGAATT
1024956	5294	o6	2.610	GGAATT
1024956	5644	7A1	2.486	GAATTG
1024956	6056	7A1	1.819	GAATTG
1025023	206	6m	1.088	GAATTG
1025059	2004	o6	1.933	GGAATT
1025059	2729	o6	2.457	GGAATT
1025064	317	6m	1.748	GAATTG
1025067	219	o6	1.930	GGAATT
1025168	2273	7m8	1.852	GGAATT
1025265	52	o6	1.133	GGAATT
1025275	737	6m	1.383	GAATTG
1025371	700	7m8	1.405	GGAATT
1025476	52	7A1	2.610	GAATTG
1025565	111	o6	2.178	GGAATT
1025615	1130	6m	1.850	GAATTG
1025618	102	6m	1.606	GAATTG
1025638	122	7A1	1.015	GAATTG
1025654	855	6m	1.346	GAATTG
1025665	629	7m8	1.285	GAATTG
1025665	766	o6	2.233	GGAATT
1025721	380	7m8	1.048	GGAATT
1025808	835	6m	2.953	GAATTG
1025851	478	7A1	1.129	GAATTG
1025934	479	6m	1.392	GAATTG
1025996	13	o6	1.042	GGAATT
1026096	269	o6	1.515	GGAATT
1026129	171	o6	1.780	GGAATT
1026200	225	7A1	1.288	GAATTG
1026212	134	o6	1.288	GGAATT
1026363	229	8m	1.769	GAATTG
1026474	16	o6	3.269	GGAATT
1026558	856	7A1	1.446	GAATTG
1026636	41	o6	1.178	GGAATT
1026688	4298	o6	1.255	GGAATT
1026711	1379	6m	2.608	GAATTG
1026711	1895	6m	2.608	GAATTG
1026711	3884	6m	1.201	GAATTG
1026812	316	6m	1.011	GAATTG
1026838	42	6m	2.215	GAATTG
1026853	612	o6	1.004	GGAATT
1026853	683	6m	1.025	GAATTG
1026853	2667	7A1	2.425	GAATTG
1026921	649	o6	1.275	GGAATT
1026965	1965	6m	1.434	GAATTG
1027002	35	o6	1.099	GGAATT
1027043	418	6m	1.797	GAATTG
1027369	625	6m	1.492	GAATTG
1027423	264	6m	1.606	GAATTG
1027493	555	o6	1.886	GGAATT
1027493	611	o6	1.348	GGAATT
1027564	270	o6	3.163	GGAATT
1027605	507	6m	1.608	GAATTG
1027641	7	o6	1.223	GGAATT
1027725	407	6m	1.255	GAATTG
1027756	1264	6m	1.174	GAATTG
1027814	330	7m8	2.048	GAATTG
1027831	497	7A1	1.288	GAATTG
1027887	777	6m	1.443	GAATTG
1027912	1448	6m	2.015	GAATTG
1027933	210	6m	2.183	GAATTG
1028081	442	7A1	1.461	GAATTG
1028088	367	8m	2.025	GGAATT
1028115	970	o6	2.579	GGAATT
1028235	727	8m	2.357	GGAATT
1028269	153	6m	1.290	GAATTG
1028447	536	7m8	2.651	GGAATT
1028508	273	o6	2.830	GGAATT
1028559	742	o6	1.254	GGAATT
1028620	146	6m	1.122	GAATTG
1028648	517	o6	1.089	GGAATT
1028677	134	6m	1.185	GAATTG
1028710	381	6m	1.351	GAATTG
1028719	56	o6	1.976	GGAATT
1028734	6038	7A1	3.398	GAATTG
1028784	39	o6	1.558	GGAATT
1028794	589	o6	2.377	GGAATT
1028941	85	6m	2.132	GAATTG
1029003	616	6m	2.782	GAATTG
1029024	82	o6	1.137	GGAATT
1029069	3591	6m	2.220	GAATTG
1029091	476	8m	2.275	GGAATT
1029111	52	7m8	1.714	GAATTG
1029125	441	o6	2.102	GGAATT
1029180	299	o6	1.095	GGAATT
1029192	1551	7A1	2.404	GAATTG
1029213	17	o6	1.575	GGAATT
1029213	314	6m	2.222	GAATTG
1029255	118	6m	1.719	GAATTG
1029288	413	8m	1.777	GAATTG
1029340	48	6m	1.846	GAATTG
1029369	934	7A1	1.952	GAATTG
1029384	3030	7m8	1.704	GGAATT
1029415	119	6m	1.012	GAATTG
1029462	803	6m	1.690	GAATTG
1029474	44	o6	2.194	GGAATT
1029479	148	7m8	2.052	GAATTG
1029549	130	6m	1.011	GAATTG
1029558	189	o6	1.370	GGAATT
1029646	108	7m8	1.961	GGAATT
1029697	911	o6	1.434	GGAATT
1029806	229	6m	1.801	GAATTG
1029862	654	6m	1.321	GAATTG
1029934	1029	6m	1.623	GAATTG
1029944	64	6m	1.567	GAATTG
1029994	232	8m	1.320	GGAATT
1030016	323	o6	1.330	GGAATT
1030189	365	6m	2.289	GAATTG
1030189	495	7m8	2.146	GGAATT
1030258	444	7A1	1.971	GAATTG
1030308	375	o6	2.220	GGAATT
1030340	990	6m	1.284	GAATTG
1030340	1003	7A1	1.405	GAATTG
1030451	1247	o6	3.340	GGAATT
1030556	1715	o6	1.027	GGAATT
1030653	144	7m8	1.259	GGAATT
1030658	298	7A1	2.477	GAATTG
1030658	508	6m	1.440	GAATTG
1030679	266	o6	1.055	GGAATT
1030692	2082	o6	1.285	GGAATT
1030798	163	o6	1.564	GGAATT
1030812	217	o6	2.059	GGAATT
1030869	168	o6	1.030	GGAATT
1030882	675	7m8	1.500	GAATTG
1030882	780	o6	2.368	GGAATT
1031106	782	o6	2.395	GGAATT
1031111	957	7A1	1.029	GAATTG
1031129	704	6m	1.678	GAATTG
1031142	580	6m	1.646	GAATTG
1031199	2356	6m	1.032	GAATTG
1031199	2901	7A1	2.522	GAATTG
1031227	203	o6	1.952	GGAATT
1031304	363	6m	1.287	GAATTG
1031351	120	6m	1.562	GAATTG
1031363	47	7A1	1.471	GAATTG
1031370	130	7m8	1.208	GAATTG
1031390	2522	7A1	1.026	GAATTG
1031390	6739	6m	1.520	GAATTG
1031395	7	7m8	1.753	GGAATT
1031423	425	o6	1.240	GGAATT
1031498	1860	6m	1.593	GAATTG
1031541	1505	6m	2.186	GAATTG
1031541	1646	o6	2.186	GGAATT
1031563	234	8m	1.397	GAATTG
1031580	12	o6	1.020	GGAATT
1031667	423	6m	2.522	GAATTG
1031766	51	o6	2.376	GGAATT
1031814	502	6m	2.326	GAATTG
1031868	125	o6	3.529	GGAATT
1031871	157	6m	1.240	GAATTG
1031883	1412	7m8	2.463	GGAATT
1031906	626	6m	1.203	GAATTG
1031994	243	o6	2.660	GGAATT
1032040	8	7m8	1.490	GAATTG
1032148	5	o6	1.399	GGAATT
1032255	114	6m	1.971	GAATTG
1032268	118	o6	1.042	GGAATT
1032325	1346	6m	1.563	GAATTG
1032471	135	7A1	2.576	GAATTG
1032471	165	7A1	1.423	GAATTG
1032490	496	o6	1.494	GGAATT
1032616	435	o6	2.085	GGAATT
1032622	2491	o6	1.195	GGAATT
1032622	2516	o6	1.575	GGAATT
1032693	1720	o6	2.361	GGAATT
1032713	2180	7A1	1.004	GAATTG
1032793	183	6m	1.043	GAATTG
1032802	278	o6	1.819	GGAATT
1032802	864	6m	1.613	GAATTG
1032802	1099	6m	1.391	GAATTG
1032813	301	7m8	3.005	GGAATT
1032822	2402	6m	1.416	GAATTG
1032822	2640	o6	1.606	GGAATT
1032867	215	6m	1.227	GAATTG
1032880	459	6m	1.290	GAATTG
1032896	544	6m	1.047	GAATTG
1032903	273	7A1	1.377	GAATTG
1032944	26	o6	1.002	GGAATT
1033041	3359	8m	2.442	GAATTG
1033047	811	o6	2.352	GGAATT
1033085	271	7A1	2.520	GAATTG
1033089	2029	o6	1.070	GGAATT
1033138	150	6m	1.468	GAATTG
1033152	1077	6m	1.082	GAATTG
1033333	769	o6	1.301	GGAATT
1033350	58	6m	1.007	GAATTG
1033351	885	7A1	3.454	GAATTG
1033362	694	6m	1.244	GAATTG
1033384	594	6m	1.529	GAATTG
1033409	2113	6m	1.030	GAATTG
1033409	2671	7A1	1.065	GAATTG
1033431	1203	o6	3.247	GGAATT
1033431	1477	7m8	4.317	GGAATT
1033457	120	o6	3.034	GGAATT
1033478	526	6m	2.544	GAATTG
1033481	3788	o6	1.499	GGAATT
1033553	219	6m	1.132	GAATTG
1033565	2186	o6	2.850	GGAATT
1033565	2778	6m	1.246	GAATTG
1033565	3631	6m	2.514	GAATTG
1033565	4416	7A1	2.520	GAATTG
1033571	1041	8m	2.255	GGAATT
1033583	277	7m8	1.756	GGAATT
1033583	540	o6	1.298	GGAATT
1033598	3454	6m	2.344	GAATTG
1033607	180	6m	2.314	GAATTG
1033616	1656	o6	1.624	GGAATT
1033669	447	8m	2.009	GAATTG
1033685	348	8m	1.488	GGAATT
1033786	2104	7A1	1.053	GAATTG
1033795	1914	6m	1.606	GAATTG
1033803	619	o6	2.559	GGAATT
1033844	291	6m	1.507	GAATTG
1033877	942	6m	1.004	GAATTG
1033877	2229	6m	1.914	GAATTG
1033883	749	7m8	1.240	GGAATT
1033906	136	6m	1.187	GAATTG
1033960	1675	6m	1.040	GAATTG
1033971	4143	7A1	1.825	GAATTG
1033978	689	o6	2.343	GGAATT
1033987	326	o6	1.568	GGAATT
1033987	896	o6	1.123	GGAATT
1034028	1394	6m	1.247	GAATTG
1034146	63	7A1	1.529	GAATTG
1034185	658	o6	1.001	GGAATT
1034209	1236	6m	2.664	GAATTG
1034230	751	6m	2.385	GAATTG
1034277	1411	o6	2.007	GGAATT
1034311	261	7m8	1.654	GGAATT
1034316	12	o6	2.288	GGAATT
1034316	1301	6m	1.253	GAATTG
1034328	890	6m	1.823	GAATTG
1034331	1039	6m	2.650	GAATTG
1034362	453	7A1	1.010	GAATTG
1034397	1429	6m	1.073	GAATTG
1034397	2581	6m	1.073	GAATTG
1034397	2591	o6	1.736	GGAATT
1034493	157	o6	1.278	GGAATT
1034496	483	6m	1.313	GAATTG
1034500	517	6m	1.423	GAATTG
1034539	171	6m	2.098	GAATTG
1034556	124	6m	2.215	GAATTG
1034569	1542	6m	1.690	GAATTG
1034703	466	7m8	1.296	GGAATT
1034714	203	6m	2.610	GAATTG
1034760	930	7A1	2.302	GAATTG
1034800	285	6m	2.311	GAATTG
1034828	892	o6	1.815	GGAATT
1034839	880	o6	1.073	GGAATT
1034941	1188	6m	2.210	GAATTG
1034995	4244	6m	1.907	GAATTG
1034995	5499	7A1	2.252	GAATTG
1035001	3134	7m8	1.073	GGAATT
1035034	78	o6	2.831	GGAATT
1035043	2253	7A1	2.017	GAATTG
1035126	576	6m	2.412	GAATTG
1035207	374	6m	1.220	GAATTG
1035248	1976	o6	1.073	GGAATT
1035314	624	7A1	2.654	GAATTG
1035314	801	6m	1.188	GAATTG
1035372	404	7m8	1.286	GGAATT
1035527	3381	7A1	1.638	GAATTG
1035561	1929	7m8	1.559	GGAATT
1035569	10356	o6	1.284	GGAATT
1035569	15949	6m	1.282	GAATTG
1035569	16590	o6	1.232	GGAATT
1035692	489	o6	1.399	GGAATT
1035768	1707	6m	3.441	GAATTG
1035791	164	7m8	1.495	GGAATT
1035843	1110	6m	1.399	GAATTG
1035843	3491	6m	1.380	GAATTG
1035974	2183	7A1	2.073	GAATTG
1036001	1540	7A1	1.820	GAATTG
1036053	1775	7m8	2.374	GGAATT
1036088	877	6m	1.439	GAATTG
1036127	830	8m	3.082	GGAATT
1036127	6173	o6	1.661	GGAATT
1036127	6413	6m	1.687	GAATTG
1036127	7721	7m8	1.450	GAATTG
1036127	9271	6m	1.918	GAATTG
1036128	149	o6	1.753	GGAATT
1036208	166	6m	1.409	GAATTG
1036208	185	o6	2.530	GGAATT
1036299	273	o6	1.141	GGAATT
1036343	1344	7A1	1.433	GAATTG
1036374	161	7m8	4.337	GAATTG
1036374	1000	o6	2.166	GGAATT
1036405	438	o6	2.860	GGAATT
1036449	178	o6	1.368	GGAATT
1036497	881	6m	2.153	GAATTG
1036568	2624	6m	2.016	GAATTG
1036568	3382	6m	1.845	GAATTG
1036598	1191	7A1	1.891	GAATTG
1036601	562	o6	1.710	GGAATT
1036645	29	o6	1.343	GGAATT
1036656	276	6m	2.090	GAATTG
1036727	280	o6	1.209	GGAATT
1036779	574	6m	1.629	GAATTG
1036909	179	6m	2.305	GAATTG
1036916	40	6m	1.175	GAATTG
1037013	96	6m	1.815	GAATTG
1037161	830	7A1	2.194	GAATTG
1037197	316	7m8	1.030	GAATTG
1037207	826	6m	3.145	GAATTG
1037286	540	7A1	1.266	GAATTG
1037297	252	8m	1.025	GAATTG
1037301	1354	o6	1.260	GGAATT
1037339	2034	o6	2.087	GGAATT
1037440	298	o6	1.193	GGAATT
1037485	1485	6m	1.028	GAATTG
1037494	1909	6m	2.729	GAATTG
1037503	484	o6	1.120	GGAATT
1037516	324	o6	1.035	GGAATT
1037614	89	7m8	1.042	GAATTG
1037615	1582	6m	1.426	GAATTG
1037705	1114	o6	1.941	GGAATT
1037705	1206	7m8	3.266	GGAATT
1037745	155	7m8	1.310	GGAATT
1037818	269	7A1	1.108	GAATTG
1037845	722	6m	2.194	GAATTG
1038021	533	o6	2.159	GGAATT
1038021	670	o6	2.174	GGAATT
1038028	23	6m	1.044	GAATTG
1038037	131	o6	1.021	GGAATT
1038060	865	o6	1.671	GGAATT
1038067	1000	6m	1.959	GAATTG
1038067	1501	6m	1.034	GAATTG
1038127	1211	7A1	1.965	GAATTG
1038127	1223	7m8	2.323	GAATTG
1038181	43	6m	2.075	GAATTG
1038223	1112	6m	1.246	GAATTG
1038264	205	o6	3.117	GGAATT
1038293	3423	6m	1.307	GAATTG
1038312	1723	7A1	1.112	GAATTG
1038342	120	7m8	3.840	GGAATT
1038416	85	7m8	1.613	GAATTG
1038426	240	8m	1.105	GGAATT
1038440	1585	o6	1.299	GGAATT
1038485	992	6m	1.527	GAATTG
1038521	572	6m	1.277	GAATTG
1038529	1159	7A1	1.844	GAATTG
1038544	162	7A1	1.309	GAATTG
1038605	655	6m	2.524	GAATTG
1038652	439	6m	1.373	GAATTG
1038652	445	7m8	1.390	GGAATT
1038710	1627	6m	1.065	GAATTG
1038748	2095	o6	1.079	GGAATT
1038752	923	6m	1.155	GAATTG
1038791	997	7m8	1.005	GGAATT
1038808	1099	o6	1.070	GGAATT
1038860	117	6m	1.488	GAATTG
1038891	173	6m	1.600	GAATTG
1038936	163	o6	1.564	GGAATT
1039048	130	7m8	3.434	GAATTG
1039069	739	o6	1.037	GGAATT
1039088	307	8m	1.513	GGAATT
1039202	135	7A1	1.957	GAATTG
1039274	358	7A1	2.267	GAATTG
1039301	840	6m	2.873	GAATTG
1039304	100	7m8	1.741	GAATTG
1039376	32	6m	1.312	GAATTG
1039431	190	6m	1.725	GAATTG
1039431	1322	o6	4.284	GGAATT
1039445	316	7m8	1.303	GGAATT
1039445	838	o6	1.740	GGAATT
1039460	121	7A1	1.585	GAATTG
1039466	152	o6	1.590	GGAATT
1039469	1518	6m	2.119	GAATTG
1039481	655	o6	1.415	GGAATT
1039496	235	7m8	1.102	GGAATT
1039496	1286	6m	2.184	GAATTG
1039496	1422	6m	1.277	GAATTG
1039497	850	o6	2.499	GGAATT
1039503	488	6m	1.349	GAATTG
1039539	333	o6	1.218	GGAATT
1039563	1297	6m	1.284	GAATTG
1039578	3903	6m	3.286	GAATTG
1039578	4690	7A1	2.793	GAATTG
1039706	1947	6m	1.703	GAATTG
1039718	1089	6m	1.316	GAATTG
1039718	1101	7A1	1.834	GAATTG
1039718	1976	7A1	1.548	GAATTG
1039797	2912	o6	1.567	GGAATT
1039808	2593	7A1	2.007	GAATTG
1039808	2645	7A1	2.318	GAATTG
1039811	2548	7A1	2.007	GAATTG
1039811	2600	7A1	2.318	GAATTG
1039831	1322	8m	2.297	GGAATT
1039831	1932	6m	3.258	GAATTG
1039852	598	o6	2.648	GGAATT
1039853	2552	o6	1.950	GGAATT
1039853	2591	7m8	2.073	GGAATT
1039853	3345	6m	2.171	GAATTG
1039853	5773	o6	2.981	GGAATT
1039853	8167	o6	1.508	GGAATT
1039853	8385	7A1	3.032	GAATTG
1039911	338	7A1	2.044	GAATTG
1039911	575	6m	1.236	GAATTG
1039928	168	6m	1.155	GAATTG
1039955	347	6m	1.754	GAATTG
1039971	755	7A1	1.964	GAATTG
1040001	895	o6	2.536	GGAATT
1040012	2355	o6	1.630	GGAATT
1040037	2582	7A1	2.007	GAATTG
1040037	2634	7A1	2.318	GAATTG
1040040	791	6m	1.467	GAATTG
1040049	2552	o6	2.063	GGAATT
1040070	2631	6m	1.044	GAATTG
1040078	849	6m	1.710	GAATTG
1040091	1684	7A1	2.763	GAATTG
1040091	1736	7A1	2.998	GAATTG
1040120	817	6m	2.652	GAATTG
1040120	929	6m	1.302	GAATTG
1040148	761	6m	1.284	GAATTG
1040165	1000	o6	1.162	GGAATT
1040165	4032	o6	3.398	GGAATT
1040165	4517	6m	1.055	GAATTG
1040214	2916	o6	2.433	GGAATT
1040234	1135	6m	1.432	GAATTG
1040237	1139	o6	2.104	GGAATT
1040283	1506	o6	1.099	GGAATT
1040283	2536	o6	1.014	GGAATT
1040283	3737	o6	1.190	GGAATT
1040297	2262	6m	1.258	GAATTG
1040298	3639	o6	1.504	GGAATT
1040303	1655	7A1	1.883	GAATTG
1040331	1220	7m8	2.344	GGAATT
1040337	320	o6	1.077	GGAATT
1040346	5026	o6	1.660	GGAATT
1040352	122	o6	1.006	GGAATT
1040395	1599	o6	1.567	GGAATT
1040404	56	7m8	2.179	GGAATT
1040404	1396	o6	1.058	GGAATT
1040407	345	7A1	1.577	GAATTG
1040417	273	o6	1.893	GGAATT
1040434	1094	7A1	1.981	GAATTG
1040434	3007	7A1	1.281	GAATTG
1040500	1436	6m	2.207	GAATTG
1040553	1592	8m	2.694	GGAATT
1040589	1672	6m	2.375	GAATTG
1040590	2982	o6	1.161	GGAATT
1040590	6005	o6	1.221	GGAATT
1040623	1012	8m	2.025	GGAATT
1040635	1697	o6	1.347	GGAATT
1040635	1850	o6	1.701	GGAATT
