1000026	539	o6	1.322	TGATAT
1000029	341	o6	1.229	TGATAT
1000041	495	o6	1.958	TGATAT
1000042	444	7m8	1.477	GATATT
1000048	627	7m8	2.025	TGATAT
1000066	514	6m	2.923	GATATT
1000066	1150	6m	2.015	GATATT
1000138	277	6m	1.029	GATATT
1000155	334	7m8	1.320	TGATAT
1000195	403	8m	1.525	TGATAT
1000224	22	7A1	1.335	GATATT
1000227	465	o6	2.287	TGATAT
1000237	182	6m	1.137	GATATT
1000249	998	o6	1.550	TGATAT
1000261	455	7m8	2.606	TGATAT
1000282	1283	o6	2.807	TGATAT
1000320	672	o6	2.118	TGATAT
1000320	1859	7A1	2.591	GATATT
1000321	716	o6	1.091	TGATAT
1000360	244	o6	2.279	TGATAT
1000379	200	7m8	1.349	TGATAT
1000386	258	o6	2.350	TGATAT
1000386	1750	7m8	2.350	TGATAT
1000442	1303	o6	1.162	TGATAT
1000443	3013	o6	1.159	TGATAT
1000446	136	6m	1.711	GATATT
1000466	9	8m	3.025	GATATT
1000506	167	6m	1.879	GATATT
1000542	279	o6	2.021	TGATAT
1000580	1905	o6	1.645	TGATAT
1000610	82	7m8	1.181	TGATAT
1000610	455	6m	1.726	GATATT
1000619	524	o6	1.227	TGATAT
1000619	770	o6	1.311	TGATAT
1000631	1096	6m	3.519	GATATT
1000649	453	7m8	1.700	GATATT
1000803	748	7m8	2.409	TGATAT
1000824	1510	7A1	1.853	GATATT
1000835	999	o6	1.790	TGATAT
1000835	1039	o6	2.764	TGATAT
1000842	673	6m	1.606	GATATT
1000842	679	7m8	1.512	TGATAT
1000845	1101	o6	2.148	TGATAT
1000845	2402	6m	1.498	GATATT
1000904	128	7m8	2.448	TGATAT
1000904	140	7m8	2.774	TGATAT
1000919	367	o6	1.053	TGATAT
1000920	459	8m	2.409	TGATAT
1000968	1443	o6	1.652	TGATAT
1000979	2326	6m	3.398	GATATT
1000991	499	6m	1.042	GATATT
1000991	759	6m	1.007	GATATT
1001012	1461	8m	1.548	TGATAT
1001012	1775	6m	1.434	GATATT
1001012	2311	6m	1.581	GATATT
1001015	779	o6	2.313	TGATAT
1001069	79	6m	1.169	GATATT
1001075	3169	6m	1.606	GATATT
1001083	151	7m8	2.981	TGATAT
1001105	315	7m8	2.544	TGATAT
1001105	437	o6	1.225	TGATAT
1001116	307	7m8	1.786	TGATAT
1001164	82	7m8	1.053	TGATAT
1001169	107	6m	1.162	GATATT
1001224	99	7m8	1.681	TGATAT
1001244	136	o6	2.267	TGATAT
1001291	128	7A1	1.606	GATATT
1001298	65	7A1	2.932	GATATT
1001322	74	o6	1.053	TGATAT
1001346	435	o6	1.158	TGATAT
1001381	172	8m	1.291	GATATT
1001394	67	7m8	2.117	GATATT
1001394	132	7m8	2.433	TGATAT
1001408	53	6m	1.156	GATATT
1001533	1445	6m	2.055	GATATT
1001577	205	7A1	2.533	GATATT
1001607	101	o6	2.125	TGATAT
1001620	112	o6	1.687	TGATAT
1001620	1308	7m8	1.285	TGATAT
1001667	38	6m	1.642	GATATT
1001689	850	6m	1.053	GATATT
1001724	35	o6	1.533	TGATAT
1001738	1471	o6	1.201	TGATAT
1001738	1528	8m	3.232	TGATAT
1001787	122	7m8	1.502	TGATAT
1001826	283	7m8	1.986	GATATT
1001862	18	6m	1.587	GATATT
1001862	1591	o6	1.469	TGATAT
1001903	60	7A1	2.096	GATATT
1001949	596	o6	1.685	TGATAT
1002017	820	7A1	2.704	GATATT
1002075	289	o6	2.121	TGATAT
1002081	509	8m	2.055	TGATAT
1002155	457	7m8	2.175	TGATAT
1002176	19	o6	1.768	TGATAT
1002176	589	8m	2.544	GATATT
1002236	1183	7m8	2.179	TGATAT
1002245	464	o6	1.241	TGATAT
1002374	151	o6	1.623	TGATAT
1002388	35	7A1	1.940	GATATT
1002398	92	8m	2.807	TGATAT
1002404	55	o6	1.687	TGATAT
1002527	2110	7A1	2.192	GATATT
1002536	54	6m	1.320	GATATT
1002578	241	8m	1.076	GATATT
1002622	39	8m	1.606	TGATAT
1002683	177	8m	1.278	TGATAT
1002731	987	7A1	1.322	GATATT
1002767	158	7m8	1.682	TGATAT
1002767	350	o6	1.320	TGATAT
1002830	1168	7m8	2.389	TGATAT
1002833	166	7A1	2.427	GATATT
1002842	373	6m	2.863	GATATT
1002877	689	o6	3.317	TGATAT
1002901	19	o6	2.793	TGATAT
1002953	35	o6	1.374	TGATAT
1002978	247	7m8	1.311	TGATAT
1002978	253	o6	1.311	TGATAT
1002985	32	7m8	2.477	GATATT
1003011	72	8m	2.635	TGATAT
1003015	99	o6	1.679	TGATAT
1003029	196	o6	1.601	TGATAT
1003143	994	7A1	2.723	GATATT
1003178	280	7m8	1.647	TGATAT
1003178	323	o6	1.042	TGATAT
1003184	97	7m8	3.469	TGATAT
1003203	25	o6	1.196	TGATAT
1003203	32	7m8	1.196	TGATAT
1003212	211	7m8	2.271	TGATAT
1003212	252	7m8	2.383	TGATAT
1003233	64	o6	1.556	TGATAT
1003254	222	7A1	1.314	GATATT
1003263	471	6m	2.063	GATATT
1003291	31	o6	2.598	TGATAT
1003297	768	7m8	2.248	GATATT
1003349	254	o6	2.449	TGATAT
1003498	33	7m8	2.606	TGATAT
1003498	61	o6	1.924	TGATAT
1003509	82	8m	2.715	TGATAT
1003576	210	o6	1.013	TGATAT
1003631	635	o6	1.485	TGATAT
1003631	1782	7m8	2.617	TGATAT
1003631	2301	o6	2.459	TGATAT
1003660	6	o6	1.056	TGATAT
1003660	477	o6	1.016	TGATAT
1003671	162	7m8	1.322	TGATAT
1003675	337	6m	1.220	GATATT
1003695	33	7A1	2.964	GATATT
1003797	495	6m	1.053	GATATT
1003926	501	7A1	1.906	GATATT
1003930	329	7m8	1.347	TGATAT
1003930	356	o6	1.165	TGATAT
1003999	761	6m	2.854	GATATT
1003999	1272	8m	3.916	TGATAT
1003999	1525	7m8	3.916	TGATAT
1004034	535	o6	1.556	TGATAT
1004064	117	o6	1.219	TGATAT
1004107	33	8m	2.326	TGATAT
1004274	133	8m	2.578	GATATT
1004277	26	7m8	1.109	TGATAT
1004292	224	o6	1.205	TGATAT
1004311	53	o6	2.362	TGATAT
1004416	242	o6	3.437	TGATAT
1004446	110	o6	2.007	TGATAT
1004564	169	7m8	3.026	TGATAT
1004573	1377	o6	4.802	TGATAT
1004573	1385	o6	2.708	TGATAT
1004591	786	6m	2.361	GATATT
1004591	814	7m8	2.178	TGATAT
1004618	76	7m8	3.526	TGATAT
1004624	41	o6	2.612	TGATAT
1004630	42	7m8	2.206	TGATAT
1004631	529	7A1	2.050	GATATT
1004657	124	8m	1.977	TGATAT
1004657	144	7m8	1.796	GATATT
1004657	235	6m	1.518	GATATT
1004657	383	6m	1.444	GATATT
1004684	38	7m8	4.425	TGATAT
1004700	95	8m	3.213	TGATAT
1004810	173	7m8	2.704	GATATT
1004816	97	7m8	1.435	GATATT
1004868	44	o6	1.002	TGATAT
1004898	1739	o6	2.756	TGATAT
1004958	646	o6	3.137	TGATAT
1005000	466	6m	3.347	GATATT
1005023	136	8m	1.322	TGATAT
1005023	475	6m	1.322	GATATT
1005037	35	7m8	2.981	TGATAT
1005037	363	7m8	1.286	TGATAT
1005049	22	6m	1.204	GATATT
1005049	796	o6	1.248	TGATAT
1005049	1741	o6	1.055	TGATAT
1005061	152	8m	2.807	TGATAT
1005109	19	o6	2.110	TGATAT
1005301	59	7m8	1.039	TGATAT
1005349	1323	o6	1.075	TGATAT
1005349	1526	7A1	2.931	GATATT
1005358	371	8m	2.321	GATATT
1005374	849	7A1	1.690	GATATT
1005407	386	7A1	1.053	GATATT
1005407	407	7A1	1.974	GATATT
1005408	260	7m8	2.507	GATATT
1005414	52	o6	1.082	TGATAT
1005450	357	7m8	2.060	TGATAT
1005470	1554	7m8	2.313	TGATAT
1005479	49	o6	2.496	TGATAT
1005550	601	8m	2.215	TGATAT
1005557	1155	7m8	3.034	TGATAT
1005565	77	o6	2.544	TGATAT
1005568	890	o6	1.037	TGATAT
1005599	46	8m	2.635	TGATAT
1005607	1262	o6	1.613	TGATAT
1005646	445	o6	3.772	TGATAT
1005646	469	o6	3.814	TGATAT
1005646	3203	o6	2.852	TGATAT
1005646	3271	6m	2.553	GATATT
1005646	3985	o6	2.509	TGATAT
1005677	421	6m	2.817	GATATT
1005677	484	6m	2.200	GATATT
1005683	428	7m8	1.322	TGATAT
1005712	26	o6	2.083	TGATAT
1005715	181	o6	2.544	TGATAT
1005724	390	8m	1.003	GATATT
1005752	1727	7m8	1.219	TGATAT
1005937	269	6m	2.015	GATATT
1005993	175	o6	1.577	TGATAT
1006032	168	o6	3.024	TGATAT
1006032	263	7A1	2.533	GATATT
1006066	1070	6m	2.103	GATATT
1006137	456	7m8	2.509	TGATAT
1006599	417	7m8	2.160	TGATAT
1006707	1802	7m8	2.233	TGATAT
1006708	2181	o6	1.328	TGATAT
1006758	259	6m	2.031	GATATT
1006815	266	o6	2.223	TGATAT
1006815	1029	o6	1.101	TGATAT
1006890	334	7m8	2.807	TGATAT
1006940	1553	o6	1.405	TGATAT
1006940	2937	7m8	1.825	TGATAT
1007004	685	7m8	2.350	GATATT
1007011	211	o6	2.286	TGATAT
1007031	1458	7m8	1.420	GATATT
1007034	1557	o6	2.214	TGATAT
1007034	1935	6m	1.014	GATATT
1007046	206	o6	2.654	TGATAT
1007053	1070	7m8	2.275	TGATAT
1007106	486	o6	2.415	TGATAT
1007118	213	o6	1.264	TGATAT
1007122	334	7m8	1.120	GATATT
1007122	840	o6	1.241	TGATAT
1007148	18	7m8	3.404	TGATAT
1007148	1203	6m	1.517	GATATT
1007186	1096	o6	5.307	TGATAT
1007207	773	o6	1.322	TGATAT
1007207	1091	8m	1.687	TGATAT
1007269	650	o6	1.185	TGATAT
1007275	226	7m8	1.235	GATATT
1007314	1186	o6	1.885	TGATAT
1007364	927	8m	2.773	TGATAT
1007364	3125	o6	1.359	TGATAT
1007364	3169	6m	1.732	GATATT
1007406	26	8m	1.444	TGATAT
1007484	851	o6	3.055	TGATAT
1007484	875	o6	3.082	TGATAT
1007521	763	7A1	2.499	GATATT
1007521	2769	o6	1.034	TGATAT
1007568	105	7m8	1.730	TGATAT
1007590	219	o6	2.016	TGATAT
1007608	30	7m8	2.409	TGATAT
1007624	696	7A1	1.440	GATATT
1007629	402	7A1	2.544	GATATT
1007637	1136	o6	1.053	TGATAT
1007673	142	6m	2.544	GATATT
1007673	350	o6	2.017	TGATAT
1007698	353	7m8	1.573	TGATAT
1007740	3468	o6	1.255	TGATAT
1007749	1357	7m8	1.286	GATATT
1007749	1375	o6	1.322	TGATAT
1007750	1402	7m8	1.517	TGATAT
1007788	923	6m	2.999	GATATT
1007789	531	o6	2.807	TGATAT
1007812	943	o6	2.093	TGATAT
1007824	645	7A1	2.025	GATATT
1007836	64	o6	1.156	TGATAT
1007885	985	6m	1.203	GATATT
1007897	1177	o6	1.635	TGATAT
1007897	2281	o6	1.322	TGATAT
1007897	2430	6m	1.322	GATATT
1007903	3096	6m	2.270	GATATT
1007908	465	o6	1.053	TGATAT
1007915	83	o6	2.922	TGATAT
1007932	743	6m	2.075	GATATT
1007935	373	7m8	3.441	TGATAT
1007941	62	o6	1.276	TGATAT
1007950	3646	o6	1.055	TGATAT
1007972	190	o6	1.682	TGATAT
1008036	866	7m8	2.638	TGATAT
1008036	1194	o6	1.584	TGATAT
1008036	2111	o6	1.081	TGATAT
1008060	197	7m8	2.405	TGATAT
1008093	57	7m8	2.349	TGATAT
1008145	2667	o6	1.961	TGATAT
1008145	9357	o6	1.489	TGATAT
1008145	11214	7A1	1.322	GATATT
1008174	468	o6	2.433	TGATAT
1008178	288	o6	3.037	TGATAT
1008198	486	6m	1.280	GATATT
1008213	163	6m	3.058	GATATT
1008213	1341	6m	1.780	GATATT
1008216	374	o6	1.045	TGATAT
1008240	411	o6	2.544	TGATAT
1008255	271	6m	1.050	GATATT
1008255	1320	6m	2.192	GATATT
1008259	509	o6	2.609	TGATAT
1008259	915	7A1	2.073	GATATT
1008259	1648	7A1	1.524	GATATT
1008270	470	o6	1.284	TGATAT
1008270	475	o6	1.284	TGATAT
1008307	438	6m	1.506	GATATT
1008307	1084	o6	2.685	TGATAT
1008331	11	7m8	1.071	TGATAT
1008346	113	7m8	2.807	TGATAT
1008346	153	6m	1.529	GATATT
1008409	1996	o6	1.681	TGATAT
1008421	600	7A1	1.193	GATATT
1008432	224	o6	2.592	TGATAT
1008432	298	6m	1.228	GATATT
1008454	932	o6	2.184	TGATAT
1008478	135	7A1	2.544	GATATT
1008521	1183	6m	2.270	GATATT
1008573	335	o6	1.422	TGATAT
1008602	497	7m8	1.322	TGATAT
1008614	441	7m8	1.104	TGATAT
1008615	515	o6	1.013	TGATAT
1008624	123	o6	1.006	TGATAT
1008624	567	6m	2.723	GATATT
1008666	2087	6m	1.240	GATATT
1008666	2534	7m8	2.922	TGATAT
1008666	2664	o6	1.524	TGATAT
1008693	130	8m	1.246	TGATAT
1008702	70	o6	2.776	TGATAT
1008719	227	7m8	1.317	TGATAT
1008756	27	7A1	1.233	GATATT
1008761	747	o6	1.084	TGATAT
1008768	577	o6	1.371	TGATAT
1008768	622	6m	2.015	GATATT
1008779	27	7m8	1.946	TGATAT
1008780	1240	o6	1.151	TGATAT
1008780	1266	o6	1.853	TGATAT
1008813	188	6m	2.807	GATATT
1008867	203	6m	1.234	GATATT
1008882	33	7A1	1.029	GATATT
1008890	475	7m8	2.651	TGATAT
1008894	275	7A1	2.022	GATATT
1008897	1355	o6	1.952	TGATAT
1008903	2032	o6	1.647	TGATAT
1008918	473	7A1	1.573	GATATT
1008938	33	o6	2.250	TGATAT
1008981	710	o6	1.931	TGATAT
1009026	1920	7m8	3.570	TGATAT
1009037	2754	6m	1.590	GATATT
1009074	1017	7m8	2.385	TGATAT
1009087	55	8m	1.606	TGATAT
1009222	914	6m	1.200	GATATT
1009261	40	7m8	2.331	TGATAT
1009264	27	8m	2.168	TGATAT
1009289	67	o6	2.073	TGATAT
1009300	437	7A1	2.782	GATATT
1009300	451	o6	2.466	TGATAT
1009304	70	7m8	3.649	TGATAT
1009339	349	7A1	2.145	GATATT
1009348	1423	7m8	2.032	TGATAT
1009385	322	o6	1.931	TGATAT
1009424	33	o6	1.322	TGATAT
1009469	934	8m	2.184	TGATAT
1009475	714	7A1	2.140	GATATT
1009493	21	6m	1.205	GATATT
1009500	959	7m8	2.027	TGATAT
1009632	288	o6	1.163	TGATAT
1009647	38	7m8	3.034	TGATAT
1009658	240	6m	1.177	GATATT
1009705	43	o6	1.053	TGATAT
1009768	46	o6	1.952	TGATAT
1009769	992	o6	1.011	TGATAT
1009781	69	7m8	2.026	TGATAT
1009799	255	6m	1.767	GATATT
1009834	1356	7m8	1.212	TGATAT
1009834	3118	o6	1.606	TGATAT
1009837	178	8m	2.788	TGATAT
1009838	237	6m	1.690	GATATT
1009915	48	o6	1.023	TGATAT
1009945	1015	o6	2.440	TGATAT
1009948	1341	o6	1.235	TGATAT
1009974	117	7m8	1.284	TGATAT
1010017	112	7m8	2.310	GATATT
1010054	315	7A1	1.591	GATATT
1010054	478	o6	1.698	TGATAT
1010054	1371	6m	1.032	GATATT
1010160	919	7A1	1.362	GATATT
1010184	161	o6	1.824	TGATAT
1010201	130	o6	1.692	TGATAT
1010237	1443	o6	1.077	TGATAT
1010244	103	o6	2.425	TGATAT
1010274	135	7m8	2.544	TGATAT
1010278	775	8m	3.319	TGATAT
1010293	316	7m8	1.642	TGATAT
1010358	544	o6	1.474	TGATAT
1010365	924	8m	3.083	GATATT
1010365	1367	7m8	2.377	TGATAT
1010401	1266	6m	1.400	GATATT
1010401	2660	7A1	2.538	GATATT
1010401	3057	6m	1.181	GATATT
1010401	4355	o6	1.635	TGATAT
1010401	5459	o6	1.322	TGATAT
1010401	5608	6m	1.322	GATATT
1010412	222	o6	1.522	TGATAT
1010421	596	7m8	1.053	TGATAT
1010448	70	7m8	3.016	TGATAT
1010465	304	7m8	1.947	GATATT
1010465	310	7m8	2.460	GATATT
1010498	316	7A1	1.689	GATATT
1010510	179	6m	1.434	GATATT
1010511	749	6m	1.818	GATATT
1010511	982	o6	1.818	TGATAT
1010522	218	7m8	1.705	GATATT
1010646	1367	7m8	1.084	TGATAT
1010652	1243	6m	1.780	GATATT
1010652	1518	o6	1.606	TGATAT
1010682	99	6m	1.893	GATATT
1010716	54	6m	1.491	GATATT
1010793	128	o6	1.567	TGATAT
1010818	399	o6	2.536	TGATAT
1010846	731	o6	1.775	TGATAT
1010862	639	7m8	2.068	TGATAT
1010893	213	8m	2.043	TGATAT
1010971	94	o6	3.046	TGATAT
1010974	226	8m	2.649	TGATAT
1010989	29	8m	1.096	TGATAT
1011096	98	7m8	2.049	TGATAT
1011131	215	7m8	1.606	GATATT
1011131	242	7m8	1.405	TGATAT
1011131	288	7A1	2.502	GATATT
1011131	415	o6	1.960	TGATAT
1011277	1129	8m	3.082	TGATAT
1011280	28	8m	2.202	GATATT
1011280	64	7m8	2.477	GATATT
1011306	136	6m	1.249	GATATT
1011321	587	o6	2.537	TGATAT
1011321	1261	7A1	1.355	GATATT
1011327	781	6m	2.826	GATATT
1011394	350	o6	2.675	TGATAT
1011416	198	7A1	2.081	GATATT
1011425	511	6m	1.067	GATATT
1011425	546	o6	1.966	TGATAT
1011430	1729	6m	1.108	GATATT
1011452	4	7m8	1.500	TGATAT
1011487	27	o6	1.683	TGATAT
1011511	334	8m	2.876	TGATAT
1011534	30	8m	2.885	TGATAT
1011564	247	6m	2.265	GATATT
1011607	213	o6	1.092	TGATAT
1011634	94	7A1	2.397	GATATT
1011698	204	o6	2.051	TGATAT
1011709	247	o6	1.505	TGATAT
1011715	329	6m	1.016	GATATT
1011736	35	7m8	1.534	TGATAT
1011851	230	6m	1.086	GATATT
1011851	239	7m8	1.592	TGATAT
1011897	969	6m	1.837	GATATT
1011915	92	8m	1.217	TGATAT
1011932	499	o6	1.614	TGATAT
1011944	29	6m	1.333	GATATT
1012033	65	6m	1.567	GATATT
1012060	65	o6	1.241	TGATAT
1012074	384	7m8	2.626	TGATAT
1012144	76	7m8	1.027	TGATAT
1012177	237	o6	1.147	TGATAT
1012186	7	6m	2.307	GATATT
1012186	13	7m8	2.307	GATATT
1012205	171	6m	1.479	GATATT
1012262	1196	8m	3.034	TGATAT
1012262	1669	6m	3.034	GATATT
1012308	478	6m	1.158	GATATT
1012391	37	8m	1.011	GATATT
1012479	963	o6	2.276	TGATAT
1012513	359	7A1	2.185	GATATT
1012542	229	o6	1.513	TGATAT
1012543	366	o6	1.912	TGATAT
1012579	286	o6	2.220	TGATAT
1012588	55	7m8	3.398	TGATAT
1012620	431	8m	2.704	TGATAT
1012839	875	o6	2.449	TGATAT
1012839	932	7m8	2.149	TGATAT
1012878	287	7A1	1.084	GATATT
1012878	608	7A1	1.825	GATATT
1012878	774	7A1	1.060	GATATT
1012948	19	o6	1.287	TGATAT
1013011	76	o6	2.098	TGATAT
1013064	66	o6	2.704	TGATAT
1013068	263	o6	2.073	TGATAT
1013068	816	7m8	2.073	TGATAT
1013068	912	6m	2.159	GATATT
1013280	809	6m	2.409	GATATT
1013306	698	o6	1.070	TGATAT
1013312	92	6m	2.155	GATATT
1013383	402	7A1	2.807	GATATT
1013383	656	7m8	1.606	TGATAT
1013383	680	6m	2.611	GATATT
1013443	1804	7m8	1.078	TGATAT
1013461	231	o6	1.038	TGATAT
1013548	205	7m8	1.548	TGATAT
1013573	248	o6	2.433	TGATAT
1013591	902	7m8	2.000	TGATAT
1013591	4295	o6	2.142	TGATAT
1013591	5301	7m8	2.496	TGATAT
1013600	647	6m	2.170	GATATT
1013643	858	6m	2.008	GATATT
1013648	215	6m	1.030	GATATT
1013670	1047	o6	1.606	TGATAT
1013670	1052	o6	1.606	TGATAT
1013687	304	6m	1.234	GATATT
1013725	452	7m8	1.936	TGATAT
1013725	605	o6	1.517	TGATAT
1013772	489	7m8	2.606	GATATT
1013781	79	o6	2.485	TGATAT
1013902	605	o6	1.027	TGATAT
1013971	298	7m8	2.567	GATATT
1014014	390	o6	1.328	TGATAT
1014043	116	6m	1.241	GATATT
1014117	151	o6	1.282	TGATAT
1014117	189	o6	1.787	TGATAT
1014174	600	o6	2.772	TGATAT
1014198	891	8m	2.214	TGATAT
1014244	114	8m	1.288	TGATAT
1014265	372	6m	1.489	GATATT
1014265	603	6m	2.055	GATATT
1014295	1811	6m	2.807	GATATT
1014300	3	7A1	1.714	GATATT
1014300	119	7m8	1.524	TGATAT
1014418	1857	o6	1.912	TGATAT
1014436	581	7A1	1.441	GATATT
1014448	490	6m	2.163	GATATT
1014465	160	7m8	2.409	TGATAT
1014473	2159	o6	2.855	TGATAT
1014473	2167	o6	2.020	TGATAT
1014473	2176	8m	1.593	TGATAT
1014480	2381	8m	2.225	TGATAT
1014485	30	8m	1.485	TGATAT
1014529	78	o6	1.344	TGATAT
1014532	71	7m8	1.272	TGATAT
1014556	33	7m8	1.056	TGATAT
1014559	300	6m	1.156	GATATT
1014588	2490	o6	3.034	TGATAT
1014757	184	6m	1.454	GATATT
1014773	61	o6	1.031	TGATAT
1014813	328	o6	1.346	TGATAT
1014816	115	7m8	1.198	GATATT
1014859	403	6m	1.684	GATATT
1014859	1844	8m	2.062	GATATT
1014898	1848	7m8	3.034	TGATAT
1014987	686	6m	1.445	GATATT
1014987	1033	6m	1.378	GATATT
1015073	1537	o6	1.244	TGATAT
1015077	723	7m8	1.780	TGATAT
1015085	2157	o6	2.320	TGATAT
1015085	2208	6m	1.248	GATATT
1015091	297	7m8	2.703	TGATAT
1015091	1064	7A1	1.207	GATATT
1015091	3569	6m	2.615	GATATT
1015118	36	o6	1.880	TGATAT
1015150	59	6m	1.808	GATATT
1015259	817	7A1	2.863	GATATT
1015348	80	o6	2.764	TGATAT
1015355	445	o6	1.485	TGATAT
1015355	476	6m	1.363	GATATT
1015375	1226	6m	1.211	GATATT
1015385	355	7m8	2.197	TGATAT
1015388	441	o6	2.490	TGATAT
1015397	788	7A1	1.014	GATATT
1015430	114	7m8	2.004	GATATT
1015466	324	o6	1.285	TGATAT
1015480	884	7m8	2.807	TGATAT
1015480	1296	o6	1.133	TGATAT
1015480	1415	o6	1.912	TGATAT
1015480	1956	6m	1.860	GATATT
1015526	1499	7m8	1.685	TGATAT
1015552	1077	o6	2.183	TGATAT
1015555	1230	7m8	1.521	GATATT
1015572	3292	6m	3.649	GATATT
1015572	4212	o6	2.073	TGATAT
1015637	822	7A1	1.606	GATATT
1015646	322	6m	1.334	GATATT
1015667	33	6m	1.159	GATATT
1015697	1133	8m	2.339	GATATT
1015725	602	6m	2.194	GATATT
1015725	819	o6	2.054	TGATAT
1015778	1392	7m8	2.660	GATATT
1015789	279	o6	1.082	TGATAT
1015792	238	7m8	2.854	TGATAT
1015834	556	6m	1.491	GATATT
1015835	32	6m	1.155	GATATT
1015895	690	7A1	1.073	GATATT
1015936	1326	6m	1.945	GATATT
1015936	1390	7m8	1.339	TGATAT
1015936	1816	7m8	2.543	GATATT
1016029	1167	o6	1.912	TGATAT
1016047	496	8m	2.425	TGATAT
1016047	1881	7m8	1.726	TGATAT
1016077	1367	6m	1.642	GATATT
1016091	78	o6	1.344	TGATAT
1016098	792	7A1	3.203	GATATT
1016098	6275	7A1	4.947	GATATT
1016098	6316	o6	3.205	TGATAT
1016098	6427	7m8	4.728	TGATAT
1016098	6867	6m	5.032	GATATT
1016130	200	7m8	1.322	TGATAT
1016158	121	o6	1.322	TGATAT
1016176	523	7m8	2.017	TGATAT
1016176	1840	6m	1.024	GATATT
1016179	1192	o6	2.026	TGATAT
1016191	636	7m8	2.314	TGATAT
1016223	689	o6	2.486	TGATAT
1016265	164	6m	1.006	GATATT
1016347	126	7A1	1.740	GATATT
1016347	711	o6	1.284	TGATAT
1016418	427	o6	1.737	TGATAT
1016445	539	o6	1.612	TGATAT
1016458	88	6m	1.284	GATATT
1016475	854	6m	2.046	GATATT
1016475	1713	o6	1.296	TGATAT
1016500	965	o6	2.537	TGATAT
1016521	285	o6	1.322	TGATAT
1016562	49	6m	1.637	GATATT
1016562	622	o6	1.307	TGATAT
1016562	889	8m	1.949	TGATAT
1016571	674	6m	1.022	GATATT
1016581	510	7m8	3.005	TGATAT
1016599	1532	6m	2.544	GATATT
1016599	1631	o6	2.220	TGATAT
1016623	1088	7A1	1.123	GATATT
1016644	541	6m	1.454	GATATT
1016644	787	6m	1.191	GATATT
1016652	702	o6	1.282	TGATAT
1016655	918	6m	2.319	GATATT
1016691	1177	o6	1.285	TGATAT
1016701	780	8m	1.010	TGATAT
1016713	2342	7m8	2.321	TGATAT
1016713	3770	o6	1.026	TGATAT
1016740	78	7m8	2.933	GATATT
1016794	449	o6	2.149	TGATAT
1016806	1445	o6	1.309	TGATAT
1016820	353	7A1	2.054	GATATT
1016845	1135	7m8	1.556	TGATAT
1016848	1021	7m8	2.015	TGATAT
1016848	1796	o6	1.262	TGATAT
1016848	2115	6m	2.015	GATATT
1016916	201	o6	2.073	TGATAT
1016922	42	o6	2.933	TGATAT
1016922	202	7m8	3.175	TGATAT
1016951	899	o6	2.058	TGATAT
1016952	135	6m	1.271	GATATT
1017012	346	o6	1.321	TGATAT
1017019	59	7m8	1.207	GATATT
1017019	595	o6	1.248	TGATAT
1017043	218	6m	1.690	GATATT
1017168	1267	o6	2.537	TGATAT
1017169	81	7m8	1.687	TGATAT
1017197	564	7m8	1.752	TGATAT
1017197	1024	7m8	2.537	TGATAT
1017204	864	8m	1.053	GATATT
1017230	204	7A1	1.120	GATATT
1017254	1390	o6	1.316	TGATAT
1017254	1395	7m8	1.316	TGATAT
1017266	526	6m	2.449	GATATT
1017270	196	8m	1.337	GATATT
1017275	135	8m	3.024	TGATAT
1017275	195	7m8	1.857	TGATAT
1017282	327	7m8	2.507	TGATAT
1017282	380	7m8	2.350	TGATAT
1017282	421	6m	1.777	GATATT
1017290	465	8m	1.322	TGATAT
1017302	91	o6	4.029	TGATAT
1017303	62	6m	1.232	GATATT
1017306	521	o6	2.377	TGATAT
1017336	812	o6	1.328	TGATAT
1017357	22	8m	1.086	GATATT
1017375	44	7m8	1.853	GATATT
1017437	1101	o6	1.279	TGATAT
1017451	1583	7m8	3.034	TGATAT
1017451	1720	7m8	3.034	TGATAT
1017511	2183	7m8	2.981	TGATAT
1017524	297	o6	1.297	TGATAT
1017524	1294	7m8	2.434	TGATAT
1017547	161	7m8	3.034	TGATAT
1017557	249	7A1	2.660	GATATT
1017614	3320	o6	1.193	TGATAT
1017614	4360	6m	1.045	GATATT
1017614	4722	6m	2.343	GATATT
1017696	75	6m	2.637	GATATT
1017782	545	7m8	2.945	TGATAT
1017805	841	o6	1.468	TGATAT
1017808	443	8m	2.856	TGATAT
1017821	36	8m	1.354	GATATT
1017830	1304	6m	1.730	GATATT
1017890	208	o6	1.169	TGATAT
1017911	385	7A1	1.404	GATATT
1017916	846	6m	1.606	GATATT
1017919	766	6m	2.044	GATATT
1017919	1237	o6	1.187	TGATAT
1017985	489	7m8	1.906	TGATAT
1018062	534	o6	1.437	TGATAT
1018077	1210	o6	1.808	TGATAT
1018134	1741	6m	2.033	GATATT
1018134	2847	8m	2.741	TGATAT
1018167	629	6m	1.500	GATATT
1018168	89	o6	2.815	TGATAT
1018177	212	o6	1.936	TGATAT
1018225	268	o6	2.631	TGATAT
1018233	863	7m8	2.635	TGATAT
1018233	887	7m8	2.163	TGATAT
1018243	1701	o6	1.376	TGATAT
1018243	3163	6m	2.292	GATATT
1018243	3197	7A1	2.149	GATATT
1018248	1163	6m	1.782	GATATT
1018257	803	8m	2.380	TGATAT
1018284	474	o6	1.084	TGATAT
1018310	101	8m	1.549	TGATAT
1018328	166	o6	1.082	TGATAT
1018431	156	o6	2.160	TGATAT
1018455	130	8m	1.484	GATATT
1018530	1212	6m	1.042	GATATT
1018533	129	7A1	2.674	GATATT
1018543	6	6m	1.711	GATATT
1018566	54	8m	2.350	TGATAT
1018566	214	7A1	1.204	GATATT
1018576	64	6m	1.845	GATATT
1018580	112	o6	2.807	TGATAT
1018619	439	7m8	1.316	TGATAT
1018632	3284	6m	1.284	GATATT
1018632	3386	6m	1.598	GATATT
1018656	104	8m	2.489	GATATT
1018656	510	o6	3.021	TGATAT
1018682	86	7m8	1.575	GATATT
1018693	46	7m8	1.066	TGATAT
1018727	109	7A1	1.426	GATATT
1018766	1918	o6	1.818	TGATAT
1018814	20	7m8	2.191	GATATT
1018844	191	7m8	1.793	TGATAT
1018884	549	7A1	1.764	GATATT
1018909	71	o6	2.439	TGATAT
1018937	395	7m8	1.012	TGATAT
1018971	71	o6	1.434	TGATAT
1019116	40	o6	1.053	TGATAT
1019137	111	7m8	2.544	TGATAT
1019141	98	8m	2.683	GATATT
1019147	808	8m	3.034	TGATAT
1019176	135	8m	2.070	TGATAT
1019237	693	6m	2.026	GATATT
1019237	1018	o6	2.026	TGATAT
1019323	85	8m	3.076	TGATAT
1019377	29	8m	3.502	TGATAT
1019413	234	7m8	2.548	TGATAT
1019441	178	o6	1.600	TGATAT
1019464	343	o6	3.584	TGATAT
1019514	924	8m	2.026	TGATAT
1019579	183	6m	3.034	GATATT
1019709	90	o6	1.616	TGATAT
1019797	719	6m	1.016	GATATT
1019899	316	o6	2.598	TGATAT
1019916	57	6m	1.349	GATATT
1019925	667	8m	1.469	TGATAT
1019935	96	8m	2.372	TGATAT
1019938	450	6m	1.822	GATATT
1019945	77	6m	2.044	GATATT
1020063	235	6m	1.254	GATATT
1020090	124	8m	3.649	TGATAT
1020140	368	8m	2.530	TGATAT
1020227	281	7m8	1.132	GATATT
1020241	945	o6	3.191	TGATAT
1020253	586	7A1	1.400	GATATT
1020253	874	6m	1.219	GATATT
1020253	3071	7m8	2.640	TGATAT
1020258	180	7m8	1.976	GATATT
1020280	217	o6	1.117	TGATAT
1020319	2203	o6	2.120	TGATAT
1020333	1186	o6	1.100	TGATAT
1020416	345	8m	1.322	TGATAT
1020435	28	6m	1.185	GATATT
1020485	157	7m8	2.475	TGATAT
1020498	305	o6	2.233	TGATAT
1020509	90	7A1	2.258	GATATT
1020532	133	o6	2.220	TGATAT
1020564	679	7m8	1.598	TGATAT
1020642	522	7m8	2.250	TGATAT
1020642	741	o6	2.030	TGATAT
1020642	746	o6	2.539	TGATAT
1020686	794	o6	3.191	TGATAT
1020701	8	8m	1.891	TGATAT
1020719	60	o6	2.025	TGATAT
1020724	46	7m8	1.099	TGATAT
1020766	11	8m	3.299	TGATAT
1020829	40	8m	2.183	TGATAT
1020889	520	8m	1.358	TGATAT
1020934	1164	7m8	1.186	TGATAT
1020981	325	6m	3.093	GATATT
1020981	335	7m8	3.093	TGATAT
1021005	569	6m	2.660	GATATT
1021008	880	7m8	1.039	TGATAT
1021014	127	o6	2.117	TGATAT
1021037	484	8m	2.536	GATATT
1021037	677	7m8	2.409	TGATAT
1021084	235	o6	3.030	TGATAT
1021099	33	o6	2.419	TGATAT
1021125	535	o6	2.467	TGATAT
1021134	33	7m8	1.342	TGATAT
1021183	76	7m8	2.136	GATATT
1021205	98	7m8	1.268	GATATT
1021260	599	o6	2.645	TGATAT
1021341	122	7m8	1.755	TGATAT
1021351	124	6m	1.366	GATATT
1021374	98	7m8	1.893	GATATT
1021374	109	7A1	2.103	GATATT
1021413	176	o6	1.322	TGATAT
1021440	22	6m	1.582	GATATT
1021505	251	o6	2.538	TGATAT
1021519	63	8m	2.073	GATATT
1021519	514	7m8	3.034	TGATAT
1021540	583	7A1	2.517	GATATT
1021545	132	o6	2.628	TGATAT
1021566	1666	6m	1.271	GATATT
1021613	547	7m8	1.048	TGATAT
1021613	809	8m	2.131	GATATT
1021633	335	7m8	3.034	TGATAT
1021691	230	o6	2.076	TGATAT
1021729	158	o6	1.499	TGATAT
1021741	377	o6	2.098	TGATAT
1021792	286	6m	2.544	GATATT
1021797	893	8m	1.710	TGATAT
1021830	227	o6	2.138	TGATAT
1021831	55	7m8	1.907	TGATAT
1021866	1230	6m	1.397	GATATT
1021959	566	o6	2.533	TGATAT
1021989	844	o6	1.373	TGATAT
1022057	1524	7A1	1.178	GATATT
1022066	542	o6	1.053	TGATAT
1022102	289	7m8	2.072	GATATT
1022168	160	o6	1.550	TGATAT
1022232	9	6m	1.055	GATATT
1022253	1378	7m8	1.975	TGATAT
1022256	2039	7m8	2.016	GATATT
1022256	2757	7A1	1.500	GATATT
1022332	31	o6	1.983	TGATAT
1022338	518	7m8	1.240	GATATT
1022383	1856	o6	1.959	TGATAT
1022431	82	6m	2.079	GATATT
1022443	734	o6	1.964	TGATAT
1022457	89	7m8	1.687	TGATAT
1022483	43	6m	2.088	GATATT
1022500	60	7m8	1.026	TGATAT
1022504	171	8m	1.238	TGATAT
1022530	74	7m8	1.084	TGATAT
1022531	105	7m8	2.073	TGATAT
1022531	214	o6	2.233	TGATAT
1022541	599	8m	2.350	TGATAT
1022568	1075	7m8	1.303	TGATAT
1022568	1982	o6	1.114	TGATAT
1022632	800	7m8	2.073	TGATAT
1022707	319	8m	1.805	TGATAT
1022820	770	6m	1.126	GATATT
1022941	2584	7m8	2.275	TGATAT
1022941	2846	8m	1.606	TGATAT
1022997	746	6m	2.824	GATATT
1023015	187	6m	1.485	GATATT
1023032	63	7A1	1.690	GATATT
1023032	976	6m	1.220	GATATT
1023088	464	6m	1.120	GATATT
1023091	2131	o6	2.341	TGATAT
1023094	265	o6	4.193	TGATAT
1023100	568	o6	1.376	TGATAT
1023100	586	o6	1.279	TGATAT
1023100	1381	6m	1.304	GATATT
1023100	1392	6m	1.577	GATATT
1023104	78	6m	1.284	GATATT
1023127	607	6m	2.202	GATATT
1023145	468	7A1	1.415	GATATT
1023154	1694	6m	1.032	GATATT
1023271	202	8m	1.983	GATATT
1023281	119	6m	1.126	GATATT
1023298	545	6m	1.273	GATATT
1023354	441	7A1	2.402	GATATT
1023354	455	o6	2.402	TGATAT
1023391	358	7m8	1.973	TGATAT
1023432	259	7m8	1.315	GATATT
1023443	298	7m8	2.544	TGATAT
1023488	597	o6	2.265	TGATAT
1023517	20	7m8	2.256	TGATAT
1023527	441	7A1	2.854	GATATT
1023527	455	o6	2.854	TGATAT
1023533	990	8m	2.341	TGATAT
1023593	300	8m	2.854	TGATAT
1023599	2897	o6	1.321	TGATAT
1023599	5726	6m	2.889	GATATT
1023681	2652	7A1	1.362	GATATT
1023706	29	6m	1.118	GATATT
1023717	946	6m	1.284	GATATT
1023717	1059	7A1	1.782	GATATT
1023741	81	6m	1.009	GATATT
1023774	877	o6	1.542	TGATAT
1023784	866	7m8	2.991	GATATT
1023790	4436	7m8	2.878	TGATAT
1023805	2408	6m	2.323	GATATT
1023805	3746	o6	2.020	TGATAT
1023838	135	6m	1.183	GATATT
1023838	572	8m	1.196	TGATAT
1023846	974	o6	1.075	TGATAT
1023847	407	6m	1.370	GATATT
1023853	44	o6	2.406	TGATAT
1023853	1033	o6	1.324	TGATAT
1023885	404	o6	1.144	TGATAT
1023885	848	8m	1.605	TGATAT
1023885	3134	8m	1.317	TGATAT
1023952	109	6m	2.202	GATATT
1023994	333	6m	1.392	GATATT
1024003	976	o6	2.628	TGATAT
1024025	1772	7m8	2.068	TGATAT
1024028	1334	8m	2.470	TGATAT
1024031	997	7m8	1.284	GATATT
1024031	1456	8m	2.433	TGATAT
1024031	4684	7A1	1.563	GATATT
1024079	513	7m8	1.024	GATATT
1024093	512	6m	2.608	GATATT
1024165	126	o6	2.409	TGATAT
1024165	547	7A1	1.251	GATATT
1024190	3	7m8	1.196	TGATAT
1024196	880	7A1	1.086	GATATT
1024211	272	8m	2.544	GATATT
1024228	428	7m8	2.449	TGATAT
1024241	1543	7m8	2.807	TGATAT
1024241	2153	o6	2.635	TGATAT
1024264	215	o6	2.184	TGATAT
1024279	771	o6	3.238	TGATAT
1024286	278	6m	2.333	GATATT
1024291	119	6m	2.214	GATATT
1024297	132	o6	1.692	TGATAT
1024304	1044	o6	1.314	TGATAT
1024349	1383	o6	1.884	TGATAT
1024381	750	7A1	2.402	GATATT
1024381	2729	o6	2.402	TGATAT
1024384	385	6m	1.932	GATATT
1024385	520	8m	2.778	TGATAT
1024397	1534	o6	1.195	TGATAT
1024397	3505	8m	1.598	TGATAT
1024397	3701	8m	2.010	TGATAT
1024397	4472	8m	1.112	GATATT
1024397	4588	8m	1.974	GATATT
1024465	452	o6	1.671	TGATAT
1024505	224	6m	2.498	GATATT
1024505	232	8m	2.498	GATATT
1024529	525	8m	2.599	TGATAT
1024537	716	7m8	2.283	GATATT
1024556	513	o6	2.182	TGATAT
1024556	1431	o6	1.242	TGATAT
1024571	1007	o6	2.433	TGATAT
1024601	470	7m8	3.435	TGATAT
1024612	1865	6m	1.248	GATATT
1024612	2514	o6	1.333	TGATAT
1024619	3452	8m	1.113	GATATT
1024634	440	6m	1.255	GATATT
1024634	1254	7m8	2.778	TGATAT
1024648	5363	o6	2.449	TGATAT
1024648	5582	7m8	2.449	TGATAT
1024648	7512	6m	2.987	GATATT
1024648	7747	7m8	1.053	TGATAT
1024648	9182	7m8	2.449	GATATT
1024654	2014	6m	1.210	GATATT
1024712	448	o6	2.300	TGATAT
1024715	3461	6m	1.029	GATATT
1024720	570	6m	1.517	GATATT
1024733	671	o6	2.700	TGATAT
1024753	169	7A1	1.063	GATATT
1024762	625	o6	3.177	TGATAT
1024829	363	7m8	2.941	TGATAT
1024829	6102	6m	1.267	GATATT
1024829	6349	7A1	1.070	GATATT
1024843	1240	7m8	1.932	TGATAT
1024904	1474	o6	2.067	TGATAT
1024904	1991	o6	1.248	TGATAT
1024935	665	8m	1.755	TGATAT
1024935	1028	6m	2.627	GATATT
1024939	809	o6	1.269	TGATAT
1024956	2667	o6	1.608	TGATAT
1024956	3573	6m	2.635	GATATT
1024956	3612	7m8	2.262	GATATT
1024956	3630	o6	2.627	TGATAT
1024983	295	o6	2.921	TGATAT
1024983	435	8m	2.177	TGATAT
1025022	410	o6	2.528	TGATAT
1025029	1639	7m8	2.627	TGATAT
1025059	1810	o6	1.933	TGATAT
1025059	2042	6m	2.533	GATATT
1025059	2374	6m	1.933	GATATT
1025059	2512	6m	1.683	GATATT
1025064	563	6m	1.120	GATATT
1025064	971	7A1	1.907	GATATT
1025064	1131	7m8	1.850	TGATAT
1025064	1333	7A1	1.588	GATATT
1025120	21	7A1	1.427	GATATT
1025135	57	8m	2.210	TGATAT
1025173	255	8m	2.273	TGATAT
1025179	144	o6	2.807	TGATAT
1025204	625	o6	1.019	TGATAT
1025256	43	o6	1.585	TGATAT
1025275	1270	7m8	1.898	TGATAT
1025293	1131	o6	2.532	TGATAT
1025293	1992	6m	2.532	GATATT
1025298	560	8m	3.026	TGATAT
1025367	574	o6	1.434	TGATAT
1025367	918	7m8	2.008	TGATAT
1025371	9	6m	1.007	GATATT
1025391	91	o6	2.233	TGATAT
1025391	971	7m8	2.321	TGATAT
1025415	42	7A1	2.027	GATATT
1025427	196	o6	3.189	TGATAT
1025427	308	o6	1.533	TGATAT
1025427	591	6m	2.189	GATATT
1025427	1055	6m	1.186	GATATT
1025431	1456	6m	1.005	GATATT
1025475	1990	o6	2.577	TGATAT
1025476	99	o6	2.978	TGATAT
1025487	519	7m8	2.934	GATATT
1025488	267	6m	1.511	GATATT
1025491	662	o6	1.288	TGATAT
1025512	977	7m8	1.771	TGATAT
1025536	520	7m8	2.087	GATATT
1025565	478	7A1	1.195	GATATT
1025608	559	o6	2.520	TGATAT
1025608	567	8m	2.520	TGATAT
1025615	436	8m	2.344	TGATAT
1025618	643	6m	1.141	GATATT
1025657	365	6m	1.922	GATATT
1025696	50	7m8	2.159	TGATAT
1025755	297	o6	1.009	TGATAT
1025776	590	6m	1.118	GATATT
1025790	556	o6	1.463	TGATAT
1025800	23	7m8	1.073	GATATT
1025803	112	6m	2.013	GATATT
1025808	1105	8m	2.909	TGATAT
1025824	234	7m8	2.032	TGATAT
1025877	264	7m8	2.525	TGATAT
1025886	263	7m8	1.671	TGATAT
1025962	556	8m	3.082	TGATAT
1026012	331	o6	1.021	TGATAT
1026012	376	o6	1.180	TGATAT
1026012	839	o6	2.313	TGATAT
1026053	191	o6	2.091	TGATAT
1026074	145	8m	2.735	TGATAT
1026095	1510	7m8	1.573	TGATAT
1026111	309	o6	1.557	TGATAT
1026200	694	7A1	1.831	GATATT
1026364	25	7m8	2.179	TGATAT
1026384	172	7m8	1.322	TGATAT
1026400	433	6m	1.322	GATATT
1026474	31	6m	1.308	GATATT
1026480	2765	8m	1.730	TGATAT
1026513	127	6m	1.982	GATATT
1026554	68	o6	1.032	TGATAT
1026558	1511	o6	1.835	TGATAT
1026598	133	o6	1.016	TGATAT
1026633	87	7m8	1.643	TGATAT
1026711	4056	o6	1.194	TGATAT
1026726	659	7m8	1.273	TGATAT
1026731	35	o6	1.585	TGATAT
1026746	41	7m8	2.660	TGATAT
1026841	900	7m8	2.503	TGATAT
1026841	3819	o6	1.329	TGATAT
1026841	4170	6m	1.979	GATATT
1026841	4988	7m8	2.487	TGATAT
1026853	1673	o6	1.313	TGATAT
1026871	-1	6m	1.160	GATATT
1026894	172	6m	1.703	GATATT
1026951	67	7m8	1.092	TGATAT
1026965	1136	6m	2.064	GATATT
1026965	1378	8m	2.798	TGATAT
1026965	1429	o6	1.259	TGATAT
1026974	478	7m8	1.110	TGATAT
1026999	1250	o6	1.114	TGATAT
1026999	1267	8m	1.606	GATATT
1026999	1678	6m	2.350	GATATT
1026999	1752	7m8	2.523	TGATAT
1027002	421	6m	1.272	GATATT
1027021	156	7m8	2.353	GATATT
1027025	40	o6	1.997	TGATAT
1027036	600	7m8	1.524	TGATAT
1027073	420	7m8	3.198	TGATAT
1027153	52	o6	2.033	TGATAT
1027163	57	7m8	1.356	TGATAT
1027214	464	6m	1.477	GATATT
1027226	754	7m8	1.584	TGATAT
1027226	838	o6	2.526	TGATAT
1027226	843	o6	2.526	TGATAT
1027231	36	8m	2.520	TGATAT
1027287	525	7m8	1.649	TGATAT
1027324	15	8m	2.137	TGATAT
1027348	116	7m8	1.288	TGATAT
1027348	226	8m	2.732	TGATAT
1027369	443	7A1	2.546	GATATT
1027378	207	7m8	3.065	TGATAT
1027438	180	o6	1.456	TGATAT
1027486	83	7m8	2.105	TGATAT
1027629	194	7m8	1.577	TGATAT
1027637	1234	o6	2.858	TGATAT
1027679	207	o6	1.292	TGATAT
1027725	238	7m8	2.778	TGATAT
1027725	431	o6	2.404	TGATAT
1027733	207	6m	2.132	GATATT
1027756	44	o6	1.124	TGATAT
1027835	85	6m	2.563	GATATT
1027887	145	o6	1.034	TGATAT
1027891	160	7m8	2.098	GATATT
1027912	489	o6	1.054	TGATAT
1027912	1045	7m8	2.490	TGATAT
1028007	1642	6m	1.141	GATATT
1028029	158	o6	2.209	TGATAT
1028081	354	7A1	1.258	GATATT
1028093	330	o6	1.185	TGATAT
1028102	569	o6	1.684	TGATAT
1028106	237	o6	3.119	TGATAT
1028115	286	7A1	1.726	GATATT
1028235	358	o6	1.112	TGATAT
1028241	72	7m8	2.354	TGATAT
1028269	175	7A1	2.238	GATATT
1028426	294	8m	3.001	TGATAT
1028527	1154	o6	2.042	TGATAT
1028533	282	7m8	2.026	TGATAT
1028677	110	6m	2.120	GATATT
1028734	1295	8m	1.008	GATATT
1028751	1988	7m8	1.401	TGATAT
1028791	306	7m8	3.102	TGATAT
1028832	31	6m	1.310	GATATT
1028838	151	o6	1.364	TGATAT
1028922	11	6m	1.199	GATATT
1029003	709	6m	1.949	GATATT
1029037	441	6m	2.276	GATATT
1029046	1199	6m	1.284	GATATT
1029051	347	7m8	2.390	TGATAT
1029069	4541	o6	2.026	TGATAT
1029097	173	o6	1.560	TGATAT
1029097	1725	6m	2.794	GATATT
1029192	1204	o6	3.001	TGATAT
1029209	58	o6	3.244	TGATAT
1029255	465	7m8	1.563	TGATAT
1029330	104	7A1	1.226	GATATT
1029330	140	7m8	1.328	GATATT
1029369	1885	o6	2.387	TGATAT
1029369	2615	o6	1.264	TGATAT
1029384	404	o6	2.369	TGATAT
1029388	168	7A1	1.743	GATATT
1029391	665	7A1	1.053	GATATT
1029459	213	7m8	2.025	TGATAT
1029459	722	7A1	1.730	GATATT
1029493	127	7m8	1.499	TGATAT
1029504	1149	7m8	1.246	TGATAT
1029517	1416	7m8	1.524	GATATT
1029525	392	6m	2.074	GATATT
1029532	2630	o6	2.025	TGATAT
1029558	824	o6	1.089	TGATAT
1029564	429	o6	3.034	TGATAT
1029679	30	8m	2.721	TGATAT
1029680	184	o6	2.132	TGATAT
1029686	536	7A1	1.739	GATATT
1029728	600	7m8	1.824	GATATT
1029769	340	o6	3.071	TGATAT
1029835	233	o6	1.285	TGATAT
1029847	733	7A1	2.863	GATATT
1029852	51	7m8	1.751	GATATT
1029891	90	7m8	2.435	TGATAT
1029930	56	8m	1.023	TGATAT
1029934	343	7m8	2.917	TGATAT
1029944	36	7m8	1.633	TGATAT
1029988	349	o6	1.944	TGATAT
1029988	430	6m	1.651	GATATT
1030036	28	o6	1.284	TGATAT
1030064	41	8m	1.556	TGATAT
1030100	376	7A1	1.333	GATATT
1030132	30	6m	1.844	GATATT
1030135	169	7m8	2.400	TGATAT
1030147	487	7A1	1.163	GATATT
1030189	1317	7m8	1.889	TGATAT
1030189	1999	8m	1.066	TGATAT
1030245	1380	7m8	1.650	TGATAT
1030265	403	7m8	1.292	TGATAT
1030266	1172	8m	1.418	GATATT
1030314	110	o6	1.573	TGATAT
1030432	295	o6	1.267	TGATAT
1030441	187	6m	1.426	GATATT
1030455	30	6m	2.190	GATATT
1030468	293	o6	2.544	TGATAT
1030482	640	7m8	1.418	GATATT
1030632	138	o6	2.603	TGATAT
1030658	787	8m	1.621	TGATAT
1030659	552	6m	1.788	GATATT
1030659	663	8m	1.171	GATATT
1030782	1283	6m	1.882	GATATT
1030782	1374	7m8	1.787	GATATT
1030834	152	7m8	2.009	TGATAT
1030882	635	o6	1.500	TGATAT
1030888	179	o6	1.082	TGATAT
1031039	127	o6	2.440	TGATAT
1031046	379	7m8	1.810	TGATAT
1031132	28	7A1	1.073	GATATT
1031159	80	7m8	1.780	TGATAT
1031194	78	7m8	2.720	GATATT
1031199	1127	o6	3.034	TGATAT
1031223	333	7m8	1.521	TGATAT
1031223	363	7A1	2.652	GATATT
1031230	250	7m8	1.042	TGATAT
1031351	94	6m	1.261	GATATT
1031390	1739	o6	3.404	TGATAT
1031390	7157	6m	1.058	GATATT
1031390	8050	o6	2.098	TGATAT
1031479	494	7m8	2.357	TGATAT
1031495	718	o6	1.947	TGATAT
1031498	379	o6	1.541	TGATAT
1031498	788	7m8	1.613	GATATT
1031498	827	6m	1.531	GATATT
1031498	1386	8m	1.138	TGATAT
1031557	114	7m8	2.415	TGATAT
1031566	8	o6	1.825	TGATAT
1031593	490	6m	1.932	GATATT
1031593	1123	7m8	1.606	TGATAT
1031593	1144	6m	2.025	GATATT
1031616	1781	o6	3.058	TGATAT
1031667	252	o6	1.209	TGATAT
1031713	60	7m8	2.385	GATATT
1031766	247	6m	1.227	GATATT
1031814	480	7m8	2.002	TGATAT
1031830	495	6m	1.392	GATATT
1031830	2555	o6	2.030	TGATAT
1031883	85	6m	1.646	GATATT
1031883	2299	7m8	1.023	TGATAT
1032040	454	7m8	1.276	GATATT
1032066	41	8m	1.652	GATATT
1032169	48	8m	2.635	TGATAT
1032203	22	7m8	2.799	TGATAT
1032203	435	6m	1.480	GATATT
1032255	131	7m8	1.633	GATATT
1032282	32	7A1	1.736	GATATT
1032285	2018	7A1	1.736	GATATT
1032325	2357	o6	1.550	TGATAT
1032333	1521	o6	1.183	TGATAT
1032369	2869	6m	1.734	GATATT
1032369	3661	o6	1.292	TGATAT
1032426	23	8m	2.846	GATATT
1032442	480	6m	2.010	GATATT
1032445	131	6m	2.412	GATATT
1032456	564	o6	2.372	TGATAT
1032489	277	6m	1.134	GATATT
1032508	1889	o6	2.704	TGATAT
1032608	1115	o6	1.027	TGATAT
1032616	915	7A1	1.251	GATATT
1032616	1602	7m8	1.285	TGATAT
1032622	1735	8m	2.807	TGATAT
1032622	1745	8m	2.807	TGATAT
1032622	1780	7A1	2.025	GATATT
1032622	2233	7m8	1.282	TGATAT
1032622	4388	7A1	1.084	GATATT
1032634	699	6m	1.899	GATATT
1032713	1674	o6	1.498	TGATAT
1032718	584	7m8	1.322	TGATAT
1032802	75	7m8	2.442	TGATAT
1032832	242	o6	2.876	TGATAT
1032843	43	6m	2.544	GATATT
1032880	481	7A1	2.238	GATATT
1032908	103	8m	2.350	TGATAT
1032908	142	o6	1.792	TGATAT
1032929	854	o6	1.594	TGATAT
1032935	298	8m	1.313	TGATAT
1032990	28	o6	1.479	TGATAT
1033008	2734	6m	2.922	GATATT
1033008	3970	o6	1.074	TGATAT
1033037	286	7A1	2.863	GATATT
1033046	1156	o6	1.408	TGATAT
1033047	499	7m8	2.007	TGATAT
1033070	435	8m	1.820	TGATAT
1033118	233	6m	1.082	GATATT
1033141	3353	o6	1.107	TGATAT
1033141	3427	o6	3.034	TGATAT
1033141	6684	6m	2.807	GATATT
1033181	57	8m	2.807	TGATAT
1033218	1094	o6	3.349	TGATAT
1033226	460	o6	1.499	TGATAT
1033227	756	o6	1.239	TGATAT
1033227	1258	o6	1.456	TGATAT
1033250	841	7m8	2.135	GATATT
1033293	162	o6	1.723	TGATAT
1033322	1064	o6	1.828	TGATAT
1033328	210	o6	1.503	TGATAT
1033328	220	o6	1.468	TGATAT
1033328	225	o6	1.468	TGATAT
1033328	230	o6	1.468	TGATAT
1033350	167	o6	1.271	TGATAT
1033351	444	6m	1.880	GATATT
1033351	927	7m8	3.037	TGATAT
1033354	215	o6	1.198	TGATAT
1033373	380	o6	1.865	TGATAT
1033384	2113	7m8	1.244	TGATAT
1033399	419	o6	1.010	TGATAT
1033414	327	6m	1.407	GATATT
1033469	250	6m	1.146	GATATT
1033469	1077	7m8	2.275	TGATAT
1033478	502	7m8	2.334	GATATT
1033478	552	o6	2.239	TGATAT
1033527	122	o6	1.770	TGATAT
1033535	527	6m	1.322	GATATT
1033565	2357	6m	3.504	GATATT
1033571	4454	7m8	2.197	GATATT
1033598	3689	o6	1.298	TGATAT
1033669	334	8m	2.807	TGATAT
1033685	424	7m8	3.403	TGATAT
1033685	723	6m	1.654	GATATT
1033735	913	6m	1.053	GATATT
1033789	4	6m	1.606	GATATT
1033806	411	6m	2.559	GATATT
1033824	998	6m	1.604	GATATT
1033824	1214	7m8	2.268	GATATT
1033865	865	6m	1.621	GATATT
1033960	1597	6m	1.674	GATATT
1033960	2336	o6	1.241	TGATAT
1033971	814	7A1	1.284	GATATT
1033971	1182	8m	4.166	TGATAT
1033971	4195	6m	1.157	GATATT
1033987	683	6m	1.284	GATATT
1034068	1233	6m	1.036	GATATT
1034074	317	o6	1.002	TGATAT
1034170	143	o6	2.209	TGATAT
1034208	239	o6	1.342	TGATAT
1034209	1395	o6	1.067	TGATAT
1034235	270	o6	1.921	TGATAT
1034235	275	o6	1.006	TGATAT
1034235	476	6m	1.328	GATATT
1034235	788	6m	1.073	GATATT
1034247	569	6m	1.893	GATATT
1034247	2583	7m8	2.807	TGATAT
1034253	535	o6	1.883	TGATAT
1034259	377	o6	2.776	TGATAT
1034277	1245	7m8	1.006	GATATT
1034296	130	8m	1.953	GATATT
1034304	2937	6m	1.528	GATATT
1034311	582	7m8	3.108	TGATAT
1034316	3809	7A1	1.469	GATATT
1034328	146	o6	1.155	TGATAT
1034328	490	o6	1.600	TGATAT
1034328	763	6m	2.227	GATATT
1034328	909	o6	3.292	TGATAT
1034328	1026	o6	1.228	TGATAT
1034328	1033	o6	1.228	TGATAT
1034328	1038	o6	1.356	TGATAT
1034331	723	6m	1.999	GATATT
1034331	1663	6m	1.254	GATATT
1034331	1936	6m	1.336	GATATT
1034331	3153	o6	1.999	TGATAT
1034334	53	o6	2.016	TGATAT
1034334	475	7m8	2.989	GATATT
1034397	1697	7m8	1.073	TGATAT
1034400	474	8m	2.826	TGATAT
1034406	1018	o6	1.492	TGATAT
1034406	1892	o6	1.381	TGATAT
1034409	352	7m8	3.398	TGATAT
1034419	59	o6	2.073	TGATAT
1034427	902	o6	1.832	TGATAT
1034481	613	6m	1.563	GATATT
1034496	765	7A1	2.377	GATATT
1034544	43	o6	1.156	TGATAT
1034544	93	o6	2.544	TGATAT
1034545	699	7A1	1.389	GATATT
1034545	1230	7m8	1.311	TGATAT
1034556	1738	o6	1.471	TGATAT
1034565	793	7A1	1.548	GATATT
1034565	863	7A1	1.548	GATATT
1034569	5408	7A1	2.246	GATATT
1034569	7171	6m	1.037	GATATT
1034583	623	7m8	1.041	GATATT
1034586	957	7A1	1.562	GATATT
1034589	640	o6	2.098	TGATAT
1034620	415	6m	1.073	GATATT
1034671	286	7A1	1.282	GATATT
1034679	3003	o6	1.808	TGATAT
1034687	80	o6	1.067	TGATAT
1034687	570	7A1	1.786	GATATT
1034690	185	8m	2.793	TGATAT
1034690	457	o6	1.406	TGATAT
1034723	1027	6m	1.156	GATATT
1034736	117	o6	1.376	TGATAT
1034745	561	o6	1.647	TGATAT
1034766	856	6m	1.623	GATATT
1034771	1957	o6	3.360	TGATAT
1034772	536	o6	3.836	TGATAT
1034822	119	6m	1.362	GATATT
1034858	616	7m8	3.872	TGATAT
1034888	445	6m	2.452	GATATT
1034909	338	7A1	2.497	GATATT
1034917	276	o6	1.368	TGATAT
1034917	1139	o6	1.860	TGATAT
1034917	1157	o6	2.526	TGATAT
1034941	1383	7A1	3.566	GATATT
1034941	2770	7A1	3.766	GATATT
1034953	769	o6	1.336	TGATAT
1034984	27	6m	2.212	GATATT
1034990	57	o6	1.554	TGATAT
1034995	5574	6m	1.266	GATATT
1035001	1840	7A1	1.408	GATATT
1035001	2190	7A1	2.263	GATATT
1035010	2333	o6	1.236	TGATAT
1035010	2419	o6	3.934	TGATAT
1035010	4226	o6	3.362	TGATAT
1035010	4933	8m	3.591	TGATAT
1035015	307	6m	2.648	GATATT
1035037	83	6m	1.937	GATATT
1035040	1260	6m	1.375	GATATT
1035040	3924	6m	1.242	GATATT
1035063	446	7m8	3.013	TGATAT
1035103	248	o6	2.514	TGATAT
1035103	686	7A1	1.557	GATATT
1035103	1629	7m8	1.966	GATATT
1035133	1	7m8	3.280	TGATAT
1035136	545	o6	1.969	TGATAT
1035153	766	7m8	2.452	TGATAT
1035181	246	o6	2.044	TGATAT
1035198	1905	o6	1.032	TGATAT
1035213	1141	6m	1.328	GATATT
1035287	272	7m8	2.704	TGATAT
1035314	575	o6	1.563	TGATAT
1035323	123	o6	1.373	TGATAT
1035323	341	o6	1.059	TGATAT
1035333	96	7m8	2.037	TGATAT
1035333	134	7A1	1.222	GATATT
1035372	881	6m	1.921	GATATT
1035380	1153	o6	2.196	TGATAT
1035407	205	o6	2.776	TGATAT
1035431	49	o6	1.233	TGATAT
1035467	114	o6	2.745	TGATAT
1035527	956	o6	2.585	TGATAT
1035527	3256	7A1	1.359	GATATT
1035551	94	o6	2.377	TGATAT
1035551	120	o6	2.152	TGATAT
1035569	1496	o6	2.635	TGATAT
1035569	2042	6m	1.856	GATATT
1035569	4136	8m	2.262	TGATAT
1035569	6503	7m8	2.445	TGATAT
1035569	7561	6m	1.857	GATATT
1035569	12230	6m	2.085	GATATT
1035569	12426	7m8	2.254	TGATAT
1035569	13033	7m8	2.627	TGATAT
1035575	687	6m	1.487	GATATT
1035582	458	o6	2.279	TGATAT
1035582	1385	7m8	1.480	TGATAT
1035582	2109	7m8	2.500	TGATAT
1035585	716	7A1	1.307	GATATT
1035585	1016	o6	1.762	TGATAT
1035644	16	8m	1.849	GATATT
1035684	517	7m8	1.392	GATATT
1035684	926	o6	2.030	TGATAT
1035704	240	o6	2.215	TGATAT
1035726	419	6m	1.241	GATATT
1035726	432	7m8	1.236	GATATT
1035758	275	7A1	4.424	GATATT
1035768	128	o6	1.037	TGATAT
1035768	133	o6	1.393	TGATAT
1035783	3811	6m	1.726	GATATT
1035783	4147	6m	1.162	GATATT
1035783	4810	6m	1.548	GATATT
1035798	989	7m8	2.981	GATATT
1035798	2140	8m	2.981	GATATT
1035798	2994	6m	1.292	GATATT
1035801	2376	7m8	1.634	GATATT
1035827	224	6m	2.816	GATATT
1035828	273	7m8	2.990	TGATAT
1035843	1275	6m	1.506	GATATT
1035843	3540	o6	1.393	TGATAT
1035910	18	o6	1.707	TGATAT
1035960	114	7m8	3.376	TGATAT
1035974	315	7A1	1.441	GATATT
1035974	2234	o6	2.981	TGATAT
1036002	144	7A1	1.970	GATATT
1036040	108	7A1	2.608	GATATT
1036040	497	7m8	1.292	TGATAT
1036127	5210	6m	1.744	GATATT
1036127	6911	o6	1.764	TGATAT
1036127	11782	6m	1.556	GATATT
1036154	2700	o6	2.660	TGATAT
1036179	284	6m	1.609	GATATT
1036208	420	o6	1.560	TGATAT
1036280	64	o6	2.368	TGATAT
1036283	1450	o6	1.921	TGATAT
1036355	649	7m8	1.890	GATATT
1036381	2142	7m8	1.682	TGATAT
1036381	2149	o6	1.053	TGATAT
1036419	1303	o6	1.400	TGATAT
1036419	1822	7A1	1.906	GATATT
1036432	1578	o6	2.162	TGATAT
1036471	303	8m	1.790	GATATT
1036471	673	o6	1.518	TGATAT
1036471	681	7m8	1.790	GATATT
1036486	190	6m	2.026	GATATT
1036566	414	6m	1.576	GATATT
1036568	2950	6m	2.005	GATATT
1036571	57	o6	2.000	TGATAT
1036586	502	7A1	1.740	GATATT
1036601	724	o6	1.604	TGATAT
1036667	308	6m	1.322	GATATT
1036682	1592	o6	2.244	TGATAT
1036682	1824	o6	2.689	TGATAT
1036706	2963	7A1	1.683	GATATT
1036745	779	o6	1.546	TGATAT
1036745	786	o6	2.031	TGATAT
1036745	867	7m8	3.781	TGATAT
1036761	302	7A1	1.065	GATATT
1036788	54	7m8	3.398	TGATAT
1036899	967	o6	1.375	TGATAT
1036899	972	o6	1.565	TGATAT
1036976	172	7m8	1.402	TGATAT
1036991	2311	o6	1.956	TGATAT
1036991	3382	o6	2.532	TGATAT
1037031	1482	7A1	2.866	GATATT
1037066	0	6m	1.599	GATATT
1037066	98	6m	2.107	GATATT
1037066	140	7m8	1.466	TGATAT
1037067	751	o6	2.194	TGATAT
1037153	604	6m	2.518	GATATT
1037171	423	7m8	1.500	TGATAT
1037171	1392	7m8	2.399	TGATAT
1037197	450	6m	1.529	GATATT
1037198	138	7m8	1.030	TGATAT
1037291	234	8m	1.849	TGATAT
1037291	247	o6	1.162	TGATAT
1037291	363	8m	3.295	TGATAT
1037301	2507	o6	2.336	TGATAT
1037307	381	o6	1.006	TGATAT
1037315	146	7A1	1.274	GATATT
1037349	344	7m8	2.194	TGATAT
1037361	762	7A1	1.144	GATATT
1037361	771	7m8	1.152	TGATAT
1037395	97	8m	1.070	TGATAT
1037422	329	6m	2.257	GATATT
1037428	385	7m8	2.078	GATATT
1037447	72	o6	1.973	TGATAT
1037519	26	o6	1.407	TGATAT
1037524	7	o6	1.281	TGATAT
1037588	731	o6	1.961	TGATAT
1037615	172	o6	2.007	TGATAT
1037615	283	6m	1.006	GATATT
1037658	6	6m	1.775	GATATT
1037679	197	8m	1.005	GATATT
1037679	263	7m8	1.317	GATATT
1037679	278	6m	1.254	GATATT
1037691	43	7A1	1.784	GATATT
1037691	469	o6	1.378	TGATAT
1037824	903	7A1	1.006	GATATT
1037920	127	6m	1.036	GATATT
1037959	55	o6	1.708	TGATAT
1037971	142	7m8	2.501	TGATAT
1038021	2396	6m	1.432	GATATT
1038066	2248	6m	2.194	GATATT
1038066	2365	6m	2.776	GATATT
1038118	59	6m	1.546	GATATT
1038119	1250	7m8	3.005	TGATAT
1038135	700	7A1	1.683	GATATT
1038223	815	7m8	1.977	TGATAT
1038223	822	7m8	1.977	GATATT
1038223	838	o6	1.592	TGATAT
1038264	53	o6	3.679	TGATAT
1038264	241	6m	1.091	GATATT
1038273	554	o6	1.434	TGATAT
1038293	332	o6	2.047	TGATAT
1038293	2921	o6	3.100	TGATAT
1038293	3954	7m8	2.235	TGATAT
1038317	114	7m8	1.776	GATATT
1038317	471	o6	1.030	TGATAT
1038342	80	6m	2.139	GATATT
1038342	307	7A1	3.473	GATATT
1038440	249	o6	2.186	TGATAT
1038440	692	o6	2.641	TGATAT
1038440	1301	7m8	1.434	TGATAT
1038446	95	6m	1.096	GATATT
1038470	203	7m8	2.854	GATATT
1038470	571	7m8	2.328	GATATT
1038485	1113	o6	1.468	TGATAT
1038488	98	8m	1.606	TGATAT
1038511	253	7m8	2.462	TGATAT
1038521	666	o6	1.079	TGATAT
1038521	1463	6m	2.598	GATATT
1038529	1549	6m	1.339	GATATT
1038548	574	8m	2.552	TGATAT
1038589	781	6m	2.321	GATATT
1038589	1010	6m	2.017	GATATT
1038589	1069	8m	3.398	TGATAT
1038622	393	o6	2.491	TGATAT
1038629	529	7A1	2.540	GATATT
1038643	1189	o6	2.302	TGATAT
1038670	449	o6	1.862	TGATAT
1038686	828	8m	1.064	GATATT
1038686	1039	8m	1.502	GATATT
1038710	781	6m	1.065	GATATT
1038727	564	7m8	1.695	GATATT
1038748	583	6m	1.540	GATATT
1038748	1525	6m	2.915	GATATT
1038752	1553	o6	1.259	TGATAT
1038757	75	7m8	1.558	TGATAT
1038788	94	7A1	1.284	GATATT
1038854	649	7m8	2.224	TGATAT
1038860	1643	6m	3.296	GATATT
1038890	459	7m8	1.910	GATATT
1038890	529	7m8	3.765	TGATAT
1038897	1249	o6	2.072	TGATAT
1038900	2271	o6	2.072	TGATAT
1038923	690	6m	2.321	GATATT
1038933	1286	8m	1.798	TGATAT
1038945	123	7m8	2.496	TGATAT
1039033	339	o6	1.257	TGATAT
1039052	1871	o6	3.320	TGATAT
1039061	238	7A1	1.117	GATATT
1039073	124	8m	3.685	TGATAT
1039118	767	7A1	1.871	GATATT
1039118	1465	o6	2.156	TGATAT
1039123	35	7m8	1.186	TGATAT
1039199	1280	6m	1.777	GATATT
1039212	300	o6	1.795	TGATAT
1039244	166	7m8	1.560	TGATAT
1039285	213	6m	1.843	GATATT
1039285	633	6m	1.560	GATATT
1039285	1693	7m8	1.571	TGATAT
1039286	343	8m	2.782	TGATAT
1039329	374	6m	1.062	GATATT
1039329	380	7m8	1.062	GATATT
1039365	349	o6	1.036	TGATAT
1039370	172	7m8	1.815	TGATAT
1039376	1010	7A1	1.423	GATATT
1039376	1083	6m	1.940	GATATT
1039442	45	7m8	1.385	TGATAT
1039445	1640	o6	1.457	TGATAT
1039474	611	7m8	1.533	TGATAT
1039481	772	8m	2.589	TGATAT
1039481	803	7m8	1.694	TGATAT
1039496	1254	7m8	1.062	GATATT
1039503	1370	7A1	3.464	GATATT
1039557	379	o6	2.054	TGATAT
1039557	1580	7m8	3.058	TGATAT
1039631	70	o6	2.324	TGATAT
1039651	971	6m	2.599	GATATT
1039718	873	7m8	3.768	GATATT
1039754	1076	7A1	2.703	GATATT
1039797	2017	o6	1.190	TGATAT
1039797	2111	6m	1.138	GATATT
1039820	408	o6	2.218	TGATAT
1039853	1092	o6	2.854	TGATAT
1039908	2922	6m	1.516	GATATT
1039908	3343	o6	1.743	TGATAT
1039908	4154	6m	1.999	GATATT
1039911	881	o6	2.321	TGATAT
1039949	301	o6	1.328	TGATAT
1039971	451	8m	2.016	GATATT
1039971	468	o6	1.888	TGATAT
1039971	760	7m8	2.016	TGATAT
1039999	1103	7m8	1.956	GATATT
1040031	1007	o6	2.242	TGATAT
1040031	1230	7A1	1.690	GATATT
1040048	2076	7A1	1.560	GATATT
1040054	311	7A1	1.610	GATATT
1040058	4144	7A1	1.864	GATATT
1040058	4602	7m8	2.262	TGATAT
1040058	4655	7A1	1.606	GATATT
1040070	3970	o6	1.359	TGATAT
1040120	264	8m	1.633	TGATAT
1040129	980	o6	3.024	TGATAT
1040129	985	o6	3.177	TGATAT
1040129	2206	7A1	2.219	GATATT
1040154	425	7m8	1.907	TGATAT
1040165	784	o6	2.597	TGATAT
1040165	843	8m	2.542	TGATAT
1040177	124	o6	2.285	TGATAT
1040183	388	6m	1.349	GATATT
1040202	1443	o6	1.728	TGATAT
1040202	1895	7A1	1.473	GATATT
1040202	2166	o6	2.316	TGATAT
1040210	2018	6m	1.065	GATATT
1040214	2865	o6	1.405	TGATAT
1040228	1534	o6	1.228	TGATAT
1040234	5	7m8	1.711	TGATAT
1040237	1357	6m	2.402	GATATT
1040240	200	7m8	2.023	TGATAT
1040283	308	o6	2.635	TGATAT
1040283	1987	o6	1.076	TGATAT
1040294	1184	8m	3.649	TGATAT
1040297	34	o6	2.126	TGATAT
1040297	39	7m8	2.297	GATATT
1040297	2224	o6	2.213	TGATAT
1040298	3618	6m	1.504	GATATT
1040303	1846	o6	2.030	TGATAT
1040304	321	6m	1.068	GATATT
1040304	437	6m	2.286	GATATT
1040304	802	8m	2.980	TGATAT
1040304	1048	7A1	3.386	GATATT
1040304	1068	6m	2.286	GATATT
1040304	1086	6m	2.673	GATATT
1040334	1338	o6	2.906	TGATAT
1040337	290	o6	1.077	TGATAT
1040337	556	8m	3.652	TGATAT
1040342	254	o6	1.606	TGATAT
1040346	5960	o6	2.015	TGATAT
1040352	3069	6m	2.857	GATATT
1040355	631	7A1	1.448	GATATT
1040367	1701	6m	1.633	GATATT
1040387	585	7A1	2.683	GATATT
1040395	1099	6m	1.800	GATATT
1040395	1935	o6	2.618	TGATAT
1040404	257	7A1	1.647	GATATT
1040417	1653	6m	1.294	GATATT
1040420	257	o6	1.318	TGATAT
1040429	1178	6m	1.957	GATATT
1040429	1263	8m	2.973	GATATT
1040434	1099	8m	2.133	TGATAT
1040434	1969	6m	2.277	GATATT
1040434	2874	7A1	1.465	GATATT
1040438	345	6m	1.999	GATATT
1040438	1231	o6	1.740	TGATAT
1040438	1307	7A1	2.467	GATATT
1040483	505	7m8	1.802	TGATAT
1040483	523	7A1	2.377	GATATT
1040503	52	6m	1.284	GATATT
1040533	911	o6	1.352	TGATAT
1040538	931	6m	1.864	GATATT
1040589	3782	o6	1.550	TGATAT
1040590	3701	o6	1.232	TGATAT
1040590	5475	7m8	2.369	TGATAT
1040590	6909	6m	2.375	GATATT
1040646	1173	o6	2.232	TGATAT
