1000048	68	6m	1.284	TGCTCA
1000122	379	o6	2.138	TTGCTC
1000134	286	o6	1.071	TTGCTC
1000237	240	7A1	1.093	TGCTCA
1000248	557	o6	1.909	TTGCTC
1000261	311	8m	2.523	TTGCTC
1000407	474	6m	2.350	TGCTCA
1000442	6	o6	1.357	TTGCTC
1000512	255	8m	1.699	TGCTCA
1000517	17	7A1	2.213	TGCTCA
1000586	516	7m8	1.429	TTGCTC
1000643	502	o6	1.084	TTGCTC
1000676	643	o6	1.606	TTGCTC
1000706	937	6m	2.415	TGCTCA
1000718	34	8m	1.631	TTGCTC
1000779	434	7A1	2.062	TGCTCA
1000880	376	6m	1.384	TGCTCA
1000920	767	7A1	2.387	TGCTCA
1000923	242	o6	1.008	TTGCTC
1000923	1266	7m8	1.952	TTGCTC
1000956	283	o6	2.481	TTGCTC
1000962	707	7m8	2.460	TTGCTC
1001012	71	o6	1.023	TTGCTC
1001012	1014	o6	1.178	TTGCTC
1001069	1534	6m	2.850	TGCTCA
1001411	3	o6	1.228	TTGCTC
1001533	1475	o6	2.390	TTGCTC
1001578	2554	o6	2.199	TTGCTC
1001578	3436	7m8	2.199	TTGCTC
1001584	280	7A1	2.822	TGCTCA
1001670	394	o6	1.595	TTGCTC
1001754	108	o6	2.133	TTGCTC
1001897	1075	7A1	1.529	TGCTCA
1001948	457	7A1	1.350	TGCTCA
1002008	218	6m	1.533	TGCTCA
1002128	172	7A1	2.276	TGCTCA
1002176	2703	6m	1.216	TGCTCA
1002182	153	o6	1.180	TTGCTC
1002182	827	o6	1.017	TTGCTC
1002298	86	8m	2.400	TTGCTC
1002298	93	7A1	2.400	TGCTCA
1002527	232	o6	1.345	TTGCTC
1002578	359	8m	1.484	TTGCTC
1002595	1024	o6	1.857	TTGCTC
1002602	309	o6	1.284	TTGCTC
1002695	1062	8m	1.485	TTGCTC
1002797	151	6m	2.549	TGCTCA
1003122	1824	7A1	2.632	TGCTCA
1003263	145	7m8	2.359	TTGCTC
1003263	552	7m8	3.196	TTGCTC
1003266	501	7m8	1.490	TGCTCA
1003297	800	8m	2.665	TTGCTC
1003393	748	8m	1.378	TTGCTC
1003430	273	o6	2.940	TTGCTC
1003436	13	7m8	1.152	TTGCTC
1003523	954	7m8	1.567	TTGCTC
1003576	142	6m	1.460	TGCTCA
1003664	177	6m	2.073	TGCTCA
1003702	279	7A1	2.309	TGCTCA
1003797	483	6m	1.053	TGCTCA
1003852	501	o6	2.031	TTGCTC
1003926	539	6m	3.038	TGCTCA
1003930	1024	7A1	2.351	TGCTCA
1004050	413	o6	1.286	TTGCTC
1004173	178	7m8	2.807	TTGCTC
1004341	123	7A1	2.533	TGCTCA
1004341	167	7m8	1.711	TGCTCA
1004406	552	7m8	1.818	TTGCTC
1004407	355	o6	2.132	TTGCTC
1004661	586	o6	2.073	TTGCTC
1004661	620	7m8	1.097	TTGCTC
1004817	599	o6	1.180	TTGCTC
1004927	447	7A1	1.625	TGCTCA
1004999	278	8m	1.979	TTGCTC
1005000	323	6m	2.317	TGCTCA
1005009	58	o6	3.392	TTGCTC
1005049	45	6m	2.460	TGCTCA
1005049	800	6m	1.565	TGCTCA
1005049	1104	7m8	1.606	TTGCTC
1005130	140	6m	1.007	TGCTCA
1005130	1037	7A1	2.100	TGCTCA
1005253	1197	7A1	2.058	TGCTCA
1005335	1423	7m8	1.254	TTGCTC
1005352	31	7A1	2.425	TGCTCA
1005358	313	7A1	2.277	TGCTCA
1005557	369	7A1	1.180	TGCTCA
1005646	2581	7A1	1.270	TGCTCA
1006012	423	7A1	1.558	TGCTCA
1006103	239	7A1	2.523	TGCTCA
1006672	398	7A1	1.617	TGCTCA
1006692	401	6m	1.333	TGCTCA
1006714	1580	8m	2.073	TTGCTC
1006735	1352	o6	1.298	TTGCTC
1006860	221	6m	1.517	TGCTCA
1007004	1653	7A1	1.053	TGCTCA
1007031	467	7m8	2.021	TTGCTC
1007031	910	7A1	1.200	TGCTCA
1007034	581	6m	1.422	TGCTCA
1007206	762	o6	1.453	TTGCTC
1007212	194	o6	2.350	TTGCTC
1007212	270	8m	2.350	TTGCTC
1007355	337	7m8	1.645	TTGCTC
1007385	329	7A1	1.726	TGCTCA
1007481	579	6m	2.375	TGCTCA
1007521	1337	6m	1.225	TGCTCA
1007521	1580	6m	2.310	TGCTCA
1007521	2018	6m	2.054	TGCTCA
1007521	2773	6m	1.289	TGCTCA
1007521	3077	7m8	1.322	TTGCTC
1007624	638	8m	2.465	TTGCTC
1007685	478	o6	1.206	TTGCTC
1007740	987	6m	1.846	TGCTCA
1007740	2691	6m	1.041	TGCTCA
1007806	325	o6	2.177	TTGCTC
1007812	464	7m8	1.116	TTGCTC
1007812	6591	o6	2.138	TTGCTC
1007836	133	6m	1.322	TGCTCA
1007920	241	o6	1.015	TTGCTC
1007923	36	6m	1.161	TGCTCA
1007932	997	8m	2.433	TTGCTC
1007950	1877	o6	1.614	TTGCTC
1007950	3074	o6	2.020	TTGCTC
1008093	873	o6	1.084	TTGCTC
1008093	1528	o6	2.723	TTGCTC
1008145	9736	8m	2.026	TTGCTC
1008183	141	6m	2.383	TGCTCA
1008195	421	8m	1.687	TTGCTC
1008213	1620	o6	1.109	TTGCTC
1008510	738	6m	1.544	TGCTCA
1008521	957	o6	1.559	TTGCTC
1008597	322	o6	1.535	TTGCTC
1008605	298	7A1	1.429	TGCTCA
1008746	208	6m	2.198	TGCTCA
1008755	376	7A1	2.180	TGCTCA
1008761	530	8m	2.807	TTGCTC
1008813	540	6m	2.025	TGCTCA
1008894	454	o6	1.284	TTGCTC
1008897	240	7m8	1.775	TTGCTC
1008903	868	7A1	1.119	TGCTCA
1008918	415	8m	2.628	TTGCTC
1008929	221	7A1	2.433	TGCTCA
1008999	271	6m	1.941	TGCTCA
1009026	345	6m	1.548	TGCTCA
1009191	138	6m	2.214	TGCTCA
1009222	1864	7A1	1.074	TGCTCA
1009255	715	o6	3.519	TTGCTC
1009267	394	6m	2.413	TGCTCA
1009300	292	7A1	1.082	TGCTCA
1009303	60	7A1	1.558	TGCTCA
1009303	968	o6	1.690	TTGCTC
1009434	206	6m	2.058	TGCTCA
1009439	79	o6	1.374	TTGCTC
1009497	257	6m	3.649	TGCTCA
1009500	2147	6m	2.544	TGCTCA
1009588	175	6m	3.347	TGCTCA
1009748	1774	o6	1.556	TTGCTC
1009873	13	7A1	2.038	TGCTCA
1009891	438	6m	1.235	TGCTCA
1009902	95	o6	1.011	TTGCTC
1009948	1893	o6	2.306	TTGCTC
1010050	281	o6	1.439	TTGCTC
1010229	532	7A1	1.277	TGCTCA
1010250	697	o6	2.087	TTGCTC
1010259	126	8m	2.637	TGCTCA
1010331	172	8m	1.054	TGCTCA
1010332	251	6m	1.320	TGCTCA
1010415	178	8m	2.741	TTGCTC
1010492	32	6m	1.339	TGCTCA
1010511	272	7m8	2.608	TTGCTC
1010522	156	8m	1.485	TTGCTC
1010634	92	7A1	1.906	TGCTCA
1010686	945	8m	1.032	TGCTCA
1010703	24	o6	1.147	TTGCTC
1010748	1308	o6	1.956	TTGCTC
1010956	1203	8m	1.500	TTGCTC
1011117	704	7A1	2.433	TGCTCA
1011207	94	o6	1.015	TTGCTC
1011207	291	8m	2.054	TTGCTC
1011207	304	8m	2.350	TTGCTC
1011215	182	o6	1.929	TTGCTC
1011322	285	6m	1.732	TGCTCA
1011354	305	6m	2.161	TGCTCA
1011393	507	8m	2.699	TGCTCA
1011416	63	7m8	1.437	TTGCTC
1011425	471	6m	1.635	TGCTCA
1011425	1164	o6	1.096	TTGCTC
1011478	58	6m	1.789	TGCTCA
1011523	237	6m	3.816	TGCTCA
1011695	603	o6	1.339	TTGCTC
1011742	1525	6m	1.558	TGCTCA
1012032	339	o6	2.799	TTGCTC
1012032	1050	o6	2.069	TTGCTC
1012087	136	8m	1.450	TTGCTC
1012122	890	7m8	1.053	TTGCTC
1012174	373	o6	2.781	TTGCTC
1012286	394	6m	1.529	TGCTCA
1012382	59	6m	2.232	TGCTCA
1012507	80	o6	1.456	TTGCTC
1012533	188	8m	2.062	TTGCTC
1012685	644	o6	1.467	TTGCTC
1012754	1098	o6	1.212	TTGCTC
1012819	138	7A1	2.447	TGCTCA
1013108	737	6m	1.328	TGCTCA
1013108	903	6m	2.073	TGCTCA
1013108	1210	o6	1.434	TTGCTC
1013108	1742	8m	2.880	TTGCTC
1013286	341	6m	3.398	TGCTCA
1013362	89	o6	1.282	TTGCTC
1013398	188	7A1	1.328	TGCTCA
1013518	2124	7A1	1.132	TGCTCA
1013573	1584	6m	2.056	TGCTCA
1013957	336	o6	2.343	TTGCTC
1013988	183	8m	3.770	TTGCTC
1014014	585	7m8	2.533	TTGCTC
1014060	48	8m	1.380	TTGCTC
1014143	501	7A1	2.085	TGCTCA
1014342	169	6m	1.212	TGCTCA
1014382	368	o6	1.229	TTGCTC
1014403	2536	7A1	1.690	TGCTCA
1014403	2659	o6	1.524	TTGCTC
1014418	1667	8m	1.606	TTGCTC
1014447	231	o6	1.169	TTGCTC
1014447	768	6m	2.544	TGCTCA
1014464	172	7A1	2.847	TGCTCA
1014464	1187	o6	2.246	TTGCTC
1014480	2060	6m	1.279	TGCTCA
1014638	397	7A1	1.372	TGCTCA
1014644	344	o6	1.053	TTGCTC
1014813	367	6m	1.700	TGCTCA
1014840	662	o6	1.782	TTGCTC
1014856	1312	6m	1.193	TGCTCA
1014883	1193	o6	1.032	TTGCTC
1014892	971	7A1	1.690	TGCTCA
1015041	636	7A1	1.430	TGCTCA
1015041	724	6m	1.531	TGCTCA
1015041	4762	7A1	1.535	TGCTCA
1015041	4808	o6	1.890	TTGCTC
1015041	5628	6m	1.313	TGCTCA
1015073	1309	7A1	2.265	TGCTCA
1015085	1648	o6	1.053	TTGCTC
1015145	2925	6m	2.477	TGCTCA
1015171	94	7m8	1.615	TTGCTC
1015176	3	6m	1.331	TGCTCA
1015180	48	o6	1.212	TTGCTC
1015228	719	7m8	3.034	TTGCTC
1015279	153	7A1	2.286	TGCTCA
1015341	675	o6	1.651	TTGCTC
1015375	809	o6	1.008	TTGCTC
1015411	1066	o6	2.148	TTGCTC
1015414	281	o6	1.146	TTGCTC
1015435	1009	7m8	1.219	TTGCTC
1015555	3145	6m	1.111	TGCTCA
1015601	40	o6	1.526	TTGCTC
1015685	509	7A1	1.953	TGCTCA
1015706	619	7A1	1.434	TGCTCA
1015784	1019	8m	1.781	TTGCTC
1015789	1104	6m	2.350	TGCTCA
1015895	44	7A1	1.850	TGCTCA
1015928	85	6m	1.457	TGCTCA
1015995	1996	o6	3.034	TTGCTC
1016019	398	6m	1.694	TGCTCA
1016020	2218	6m	2.792	TGCTCA
1016026	979	6m	1.538	TGCTCA
1016029	977	8m	1.606	TTGCTC
1016073	130	8m	2.017	TTGCTC
1016077	3	6m	3.274	TGCTCA
1016191	239	6m	2.962	TGCTCA
1016298	228	7m8	1.053	TTGCTC
1016323	295	7A1	2.153	TGCTCA
1016382	114	7A1	3.034	TGCTCA
1016431	301	7A1	2.194	TGCTCA
1016445	703	o6	1.638	TTGCTC
1016449	3256	7A1	2.538	TGCTCA
1016449	4320	8m	2.126	TTGCTC
1016449	4737	8m	1.150	TTGCTC
1016464	116	7m8	2.187	TTGCTC
1016562	170	7m8	1.623	TTGCTC
1016571	2061	7A1	3.005	TGCTCA
1016571	2242	o6	2.217	TTGCTC
1016571	2270	o6	2.473	TTGCTC
1016574	3041	8m	1.764	TTGCTC
1016619	24	7A1	2.399	TGCTCA
1016647	535	o6	1.922	TTGCTC
1016787	1443	6m	2.010	TGCTCA
1016794	323	6m	1.269	TGCTCA
1016848	1764	8m	2.749	TTGCTC
1016860	1271	6m	1.189	TGCTCA
1016916	178	7m8	2.073	TTGCTC
1016936	191	6m	1.016	TGCTCA
1017019	306	7A1	1.864	TGCTCA
1017112	116	o6	2.126	TTGCTC
1017169	179	7m8	1.650	TTGCTC
1017169	371	7A1	2.425	TGCTCA
1017306	525	6m	2.861	TGCTCA
1017326	285	o6	1.178	TTGCTC
1017368	99	7A1	1.328	TGCTCA
1017375	202	8m	1.817	TGCTCA
1017375	327	6m	2.342	TGCTCA
1017381	1020	o6	1.654	TTGCTC
1017538	795	8m	1.201	TTGCTC
1017574	100	o6	2.194	TTGCTC
1017585	308	6m	1.896	TGCTCA
1017589	15	7m8	1.677	TTGCTC
1017614	545	6m	1.077	TGCTCA
1017733	159	7A1	1.271	TGCTCA
1017919	1754	8m	2.103	TTGCTC
1017967	234	7A1	1.513	TGCTCA
1018017	161	6m	1.328	TGCTCA
1018021	35	o6	1.214	TTGCTC
1018065	219	8m	2.403	TTGCTC
1018134	1484	6m	2.033	TGCTCA
1018134	2451	7m8	2.356	TTGCTC
1018134	2625	6m	2.033	TGCTCA
1018135	110	o6	1.055	TTGCTC
1018161	18	o6	1.120	TTGCTC
1018233	693	7A1	2.826	TGCTCA
1018236	24	6m	1.288	TGCTCA
1018248	916	o6	3.062	TTGCTC
1018344	900	o6	1.322	TTGCTC
1018391	35	6m	1.399	TGCTCA
1018530	1325	o6	1.053	TTGCTC
1018534	101	7A1	1.063	TGCTCA
1018632	74	o6	2.544	TTGCTC
1018632	1424	7m8	1.780	TTGCTC
1018632	3656	7A1	1.313	TGCTCA
1018632	4594	8m	2.540	TTGCTC
1018732	328	6m	1.432	TGCTCA
1018992	33	7m8	1.120	TTGCTC
1018992	276	6m	1.285	TGCTCA
1019055	579	8m	4.080	TTGCTC
1019101	150	7A1	2.059	TGCTCA
1019101	316	8m	2.478	TGCTCA
1019147	637	8m	1.931	TTGCTC
1019147	1222	8m	2.660	TTGCTC
1019155	50	7A1	1.533	TGCTCA
1019298	561	6m	2.449	TGCTCA
1019305	324	7m8	1.540	TTGCTC
1019354	244	6m	1.633	TGCTCA
1019456	87	6m	1.255	TGCTCA
1019456	208	7A1	1.411	TGCTCA
1019698	1498	7A1	1.415	TGCTCA
1019743	141	6m	1.016	TGCTCA
1019764	82	7A1	1.152	TGCTCA
1019899	80	7m8	2.598	TGCTCA
1019899	320	7A1	2.598	TGCTCA
1019942	988	6m	1.404	TGCTCA
1019956	538	6m	2.549	TGCTCA
1019983	186	7A1	1.569	TGCTCA
1020029	1153	6m	1.704	TGCTCA
1020074	521	o6	1.322	TTGCTC
1020116	165	7A1	1.590	TGCTCA
1020219	124	6m	2.032	TGCTCA
1020220	559	6m	1.055	TGCTCA
1020261	56	6m	2.125	TGCTCA
1020280	277	o6	1.255	TTGCTC
1020390	141	7A1	1.573	TGCTCA
1020541	162	o6	1.376	TTGCTC
1020615	941	8m	1.606	TTGCTC
1020782	1458	7A1	1.010	TGCTCA
1020916	917	o6	1.799	TTGCTC
1020974	201	6m	2.076	TGCTCA
1021037	555	o6	1.002	TTGCTC
1021056	44	o6	1.670	TTGCTC
1021084	661	o6	1.333	TTGCTC
1021159	148	6m	1.339	TGCTCA
1021248	215	7A1	2.344	TGCTCA
1021347	119	o6	1.988	TTGCTC
1021406	403	7A1	1.529	TGCTCA
1021440	33	o6	1.690	TTGCTC
1021545	700	o6	1.391	TTGCTC
1021645	77	6m	2.421	TGCTCA
1021681	88	o6	1.682	TTGCTC
1021840	206	6m	1.637	TGCTCA
1021866	1428	6m	2.000	TGCTCA
1021909	1298	7m8	1.690	TTGCTC
1021962	437	o6	1.457	TTGCTC
1021962	1902	6m	1.681	TGCTCA
1022001	71	8m	1.328	TTGCTC
1022066	53	7A1	2.526	TGCTCA
1022066	1019	8m	2.526	TTGCTC
1022066	1505	7A1	1.669	TGCTCA
1022125	489	6m	1.726	TGCTCA
1022201	178	7m8	1.591	TTGCTC
1022338	992	7A1	1.240	TGCTCA
1022370	166	o6	1.790	TTGCTC
1022383	119	6m	1.678	TGCTCA
1022410	51	o6	1.660	TTGCTC
1022443	958	6m	2.250	TGCTCA
1022495	1621	6m	2.343	TGCTCA
1022530	153	o6	1.652	TTGCTC
1022583	628	7A1	2.069	TGCTCA
1022808	166	7A1	1.968	TGCTCA
1022849	265	7m8	1.744	TTGCTC
1022858	255	o6	2.522	TTGCTC
1022938	253	6m	2.749	TGCTCA
1022941	3899	6m	2.302	TGCTCA
1023091	1425	6m	1.105	TGCTCA
1023100	1760	o6	1.073	TTGCTC
1023100	1782	7A1	2.214	TGCTCA
1023127	200	6m	1.356	TGCTCA
1023219	943	6m	1.681	TGCTCA
1023523	493	7m8	1.930	TTGCTC
1023533	530	7m8	2.041	TGCTCA
1023599	5186	8m	2.107	TTGCTC
1023599	5470	7m8	2.026	TTGCTC
1023599	7030	8m	1.322	TTGCTC
1023681	1647	6m	1.155	TGCTCA
1023681	3484	6m	2.060	TGCTCA
1023775	11	7A1	2.433	TGCTCA
1023790	3782	6m	3.446	TGCTCA
1023805	2544	o6	2.516	TTGCTC
1023805	5308	o6	1.313	TTGCTC
1023846	1033	8m	2.212	TTGCTC
1023881	28	6m	2.508	TGCTCA
1023955	1818	6m	1.665	TGCTCA
1024019	1025	o6	1.152	TTGCTC
1024057	203	o6	1.187	TTGCTC
1024093	433	6m	1.326	TGCTCA
1024160	93	7A1	1.240	TGCTCA
1024160	105	7A1	1.020	TGCTCA
1024178	80	o6	1.059	TTGCTC
1024258	846	o6	3.196	TTGCTC
1024283	374	7m8	1.499	TTGCTC
1024381	595	o6	2.065	TTGCTC
1024388	692	6m	2.508	TGCTCA
1024648	1878	o6	1.053	TTGCTC
1024648	13209	7m8	2.449	TTGCTC
1024655	227	7A1	1.997	TGCTCA
1024658	562	o6	1.851	TTGCTC
1024721	594	o6	1.690	TTGCTC
1024721	783	6m	2.682	TGCTCA
1024742	108	o6	1.691	TTGCTC
1024774	133	7A1	2.769	TGCTCA
1024847	47	7m8	1.471	TTGCTC
1024891	503	8m	3.825	TTGCTC
1024956	739	8m	2.025	TTGCTC
1024956	4670	7m8	1.313	TGCTCA
1024971	5	6m	2.922	TGCTCA
1024978	419	7A1	2.694	TGCTCA
1025001	742	7A1	3.069	TGCTCA
1025022	1561	o6	2.528	TTGCTC
1025023	1	6m	1.588	TGCTCA
1025101	972	8m	2.323	TTGCTC
1025125	198	o6	1.445	TTGCTC
1025131	65	o6	1.255	TTGCTC
1025179	248	o6	1.945	TTGCTC
1025229	2320	6m	2.933	TGCTCA
1025238	662	o6	1.160	TTGCTC
1025293	1041	8m	2.188	TTGCTC
1025340	1167	o6	1.251	TTGCTC
1025353	825	8m	1.780	TTGCTC
1025353	1279	8m	1.837	TGCTCA
1025371	483	7m8	1.294	TTGCTC
1025377	433	o6	1.297	TTGCTC
1025443	262	7A1	2.631	TGCTCA
1025443	605	7m8	2.473	TTGCTC
1025452	46	7m8	2.662	TTGCTC
1025562	334	o6	1.860	TTGCTC
1025693	1549	7A1	1.409	TGCTCA
1025696	84	6m	1.638	TGCTCA
1025743	244	o6	2.276	TTGCTC
1025824	12	7A1	1.270	TGCTCA
1025985	288	8m	1.593	TGCTCA
1026161	721	6m	1.298	TGCTCA
1026188	128	8m	2.085	TGCTCA
1026200	1303	o6	1.499	TTGCTC
1026209	24	o6	1.408	TTGCTC
1026253	241	6m	1.434	TGCTCA
1026364	337	7A1	2.215	TGCTCA
1026390	158	o6	1.893	TTGCTC
1026400	292	o6	2.054	TTGCTC
1026477	712	o6	1.670	TTGCTC
1026657	658	7m8	1.687	TTGCTC
1026660	135	7m8	1.687	TTGCTC
1026688	535	6m	1.735	TGCTCA
1026688	3213	6m	2.363	TGCTCA
1026698	207	o6	1.053	TTGCTC
1026711	1694	7A1	2.608	TGCTCA
1026832	415	7A1	1.073	TGCTCA
1026885	443	7A1	2.341	TGCTCA
1026950	417	8m	2.000	TTGCTC
1026965	1498	7m8	2.436	TTGCTC
1027002	645	7m8	2.648	TTGCTC
1027007	438	8m	2.409	TTGCTC
1027073	377	6m	1.473	TGCTCA
1027129	53	6m	1.695	TGCTCA
1027150	23	7A1	2.508	TGCTCA
1027153	350	8m	1.879	TTGCTC
1027255	128	6m	2.392	TGCTCA
1027369	512	o6	2.502	TTGCTC
1027369	589	7m8	2.546	TTGCTC
1027423	813	o6	1.284	TTGCTC
1027564	211	6m	2.177	TGCTCA
1027773	1230	7m8	1.533	TGCTCA
1027776	94	o6	1.671	TTGCTC
1027849	27	6m	2.583	TGCTCA
1027849	84	7A1	1.212	TGCTCA
1028023	145	7m8	1.680	TTGCTC
1028028	414	7m8	2.017	TTGCTC
1028088	50	7m8	1.212	TTGCTC
1028088	94	o6	1.606	TTGCTC
1028106	217	7A1	2.204	TGCTCA
1028275	570	o6	2.562	TTGCTC
1028423	10	o6	1.920	TTGCTC
1028533	26	o6	1.084	TTGCTC
1028638	18	o6	2.000	TTGCTC
1028702	52	o6	1.468	TTGCTC
1028710	187	6m	2.778	TGCTCA
1028751	945	o6	2.734	TTGCTC
1028866	136	6m	2.277	TGCTCA
1028931	402	o6	1.485	TTGCTC
1029003	231	o6	1.356	TTGCTC
1029037	351	7m8	3.082	TGCTCA
1029564	640	o6	1.184	TTGCTC
1029934	10	6m	1.666	TGCTCA
1029988	395	7A1	1.915	TGCTCA
1030105	59	o6	1.285	TTGCTC
1030123	964	7m8	1.524	TGCTCA
1030335	161	7A1	1.548	TGCTCA
1030340	709	o6	1.367	TTGCTC
1030451	1272	6m	3.198	TGCTCA
1030566	724	o6	1.053	TTGCTC
1030580	296	o6	1.033	TTGCTC
1030631	327	o6	1.802	TTGCTC
1030653	112	7A1	1.259	TGCTCA
1030658	840	7A1	2.471	TGCTCA
1030670	93	8m	2.160	TTGCTC
1030692	1778	7A1	2.507	TGCTCA
1030759	12	6m	3.068	TGCTCA
1030848	80	7A1	2.490	TGCTCA
1030888	157	7m8	1.510	TTGCTC
1031004	125	8m	2.762	TGCTCA
1031013	109	6m	1.082	TGCTCA
1031024	86	8m	1.556	TTGCTC
1031024	517	7A1	3.034	TGCTCA
1031052	97	o6	3.638	TTGCTC
1031091	74	6m	1.434	TGCTCA
1031094	87	o6	2.882	TTGCTC
1031199	3435	6m	2.807	TGCTCA
1031211	144	6m	2.454	TGCTCA
1031223	430	8m	1.598	TTGCTC
1031239	156	6m	3.198	TGCTCA
1031321	928	8m	2.608	TTGCTC
1031479	1369	6m	1.606	TGCTCA
1031480	145	7A1	2.073	TGCTCA
1031616	1442	o6	1.723	TTGCTC
1031797	61	7m8	1.322	TGCTCA
1032031	1739	7A1	3.229	TGCTCA
1032040	12	7m8	1.880	TTGCTC
1032040	222	8m	2.306	TTGCTC
1032043	116	6m	1.491	TGCTCA
1032048	11	8m	1.225	TTGCTC
1032058	35	o6	1.215	TTGCTC
1032090	243	7A1	1.747	TGCTCA
1032295	1038	7A1	1.051	TGCTCA
1032386	501	o6	1.690	TTGCTC
1032519	951	7m8	2.048	TTGCTC
1032634	1292	8m	2.608	TTGCTC
1032675	29	o6	1.233	TTGCTC
1032675	254	7A1	1.210	TGCTCA
1032693	1566	7m8	1.577	TTGCTC
1032813	397	7A1	2.431	TGCTCA
1032829	161	8m	2.433	TTGCTC
1032840	797	o6	1.700	TTGCTC
1032843	136	7A1	1.687	TGCTCA
1032843	634	o6	2.026	TTGCTC
1032876	614	6m	1.011	TGCTCA
1032876	1394	7A1	2.370	TGCTCA
1032876	1528	7A1	2.547	TGCTCA
1032896	329	6m	1.202	TGCTCA
1032896	1669	o6	1.285	TTGCTC
1032918	910	7A1	3.229	TGCTCA
1032921	151	7A1	2.490	TGCTCA
1032929	708	6m	1.061	TGCTCA
1033011	1434	o6	1.643	TTGCTC
1033089	1311	o6	1.107	TTGCTC
1033141	2324	7m8	1.158	TTGCTC
1033141	3316	6m	2.635	TGCTCA
1033152	304	7A1	2.350	TGCTCA
1033152	311	6m	2.350	TGCTCA
1033163	616	o6	1.067	TTGCTC
1033310	202	o6	1.198	TTGCTC
1033452	1472	o6	1.284	TTGCTC
1033452	1513	o6	1.235	TTGCTC
1033508	500	6m	3.034	TGCTCA
1033535	828	7A1	1.053	TGCTCA
1033542	105	7A1	1.523	TGCTCA
1033598	3768	7m8	1.867	TTGCTC
1033598	6349	o6	2.013	TTGCTC
1033616	809	8m	2.002	TTGCTC
1033637	102	7A1	1.335	TGCTCA
1033658	377	7A1	2.668	TGCTCA
1033700	217	6m	1.575	TGCTCA
1033735	342	7m8	1.781	TTGCTC
1033739	1250	7m8	3.497	TGCTCA
1033742	302	6m	1.118	TGCTCA
1033751	670	7A1	2.026	TGCTCA
1033754	299	7A1	2.026	TGCTCA
1033789	305	7A1	1.284	TGCTCA
1033877	2233	7m8	3.012	TGCTCA
1033948	890	6m	2.721	TGCTCA
1033960	1083	7A1	2.416	TGCTCA
1034007	72	6m	3.701	TGCTCA
1034053	77	7m8	2.032	TTGCTC
1034160	1756	o6	1.711	TTGCTC
1034311	265	o6	1.694	TTGCTC
1034334	194	6m	1.073	TGCTCA
1034347	922	7A1	2.178	TGCTCA
1034358	569	o6	2.377	TTGCTC
1034394	125	o6	1.116	TTGCTC
1034406	1564	6m	1.296	TGCTCA
1034416	1105	6m	1.476	TGCTCA
1034569	1319	o6	1.510	TTGCTC
1034614	150	6m	2.481	TGCTCA
1034687	510	o6	1.416	TTGCTC
1034694	224	6m	1.516	TGCTCA
1034714	108	o6	2.193	TTGCTC
1034899	2707	7m8	2.703	TTGCTC
1034917	591	8m	1.311	TTGCTC
1034917	2641	o6	1.368	TTGCTC
1034941	1706	o6	2.210	TTGCTC
1034995	5674	8m	2.015	TTGCTC
1035248	1465	6m	1.279	TGCTCA
1035251	73	8m	2.461	TGCTCA
1035320	933	o6	1.735	TTGCTC
1035453	410	6m	1.450	TGCTCA
1035476	373	o6	1.263	TTGCTC
1035536	2810	8m	1.808	TTGCTC
1035569	5526	8m	2.089	TTGCTC
1035569	7951	7m8	1.584	TTGCTC
1035569	15019	7m8	2.254	TTGCTC
1035656	1930	o6	1.466	TTGCTC
1035687	399	o6	2.689	TTGCTC
1035701	41	7A1	1.529	TGCTCA
1035704	827	7A1	2.106	TGCTCA
1035704	1076	7m8	2.669	TTGCTC
1035719	1200	7m8	3.008	TTGCTC
1035729	149	7A1	1.563	TGCTCA
1035729	177	o6	1.316	TTGCTC
1035762	470	7A1	2.098	TGCTCA
1035773	1294	6m	2.738	TGCTCA
1035798	844	o6	1.582	TTGCTC
1035963	939	o6	1.391	TTGCTC
1036001	360	8m	1.165	TTGCTC
1036001	765	7m8	1.500	TTGCTC
1036040	561	7m8	1.434	TTGCTC
1036121	139	o6	2.031	TTGCTC
1036127	1041	6m	2.472	TGCTCA
1036127	2913	7A1	2.307	TGCTCA
1036127	3318	6m	2.519	TGCTCA
1036127	4698	7A1	1.178	TGCTCA
1036127	4800	7A1	1.731	TGCTCA
1036127	6204	7m8	1.383	TGCTCA
1036127	7791	o6	1.908	TTGCTC
1036127	9756	7A1	2.194	TGCTCA
1036149	282	6m	2.943	TGCTCA
1036160	581	o6	3.567	TTGCTC
1036203	580	7A1	2.031	TGCTCA
1036328	610	o6	1.348	TTGCTC
1036346	33	o6	1.825	TTGCTC
1036350	239	7A1	2.377	TGCTCA
1036355	122	7A1	1.925	TGCTCA
1036405	1252	8m	2.023	TTGCTC
1036419	291	8m	3.365	TTGCTC
1036432	1472	7m8	1.679	TTGCTC
1036471	268	6m	1.790	TGCTCA
1036479	74	6m	1.844	TGCTCA
1036618	108	o6	2.233	TTGCTC
1036877	57	o6	1.321	TTGCTC
1037090	940	7A1	1.144	TGCTCA
1037207	187	7A1	3.126	TGCTCA
1037333	839	o6	2.836	TTGCTC
1037386	1838	7A1	1.124	TGCTCA
1037422	88	6m	1.468	TGCTCA
1037458	276	o6	1.485	TTGCTC
1037504	570	7A1	1.189	TGCTCA
1037588	818	o6	2.342	TTGCTC
1037615	16	7A1	2.969	TGCTCA
1037652	46	6m	1.550	TGCTCA
1037691	737	o6	1.551	TTGCTC
1037709	439	o6	1.507	TTGCTC
1037715	896	7m8	2.727	TTGCTC
1037829	24	6m	1.512	TGCTCA
1037903	916	8m	1.065	TTGCTC
1037982	514	7A1	1.249	TGCTCA
1038021	1457	8m	1.831	TTGCTC
1038066	1718	7A1	2.648	TGCTCA
1038192	835	7m8	1.579	TTGCTC
1038223	905	7A1	1.276	TGCTCA
1038293	1539	o6	1.405	TTGCTC
1038312	2519	7m8	2.015	TTGCTC
1038390	811	7m8	2.230	TGCTCA
1038470	208	7m8	2.704	TTGCTC
1038511	326	7A1	3.154	TGCTCA
1038640	674	7A1	1.596	TGCTCA
1038640	2890	6m	1.521	TGCTCA
1038649	81	o6	1.468	TTGCTC
1038808	20	7A1	1.786	TGCTCA
1038861	203	7A1	1.286	TGCTCA
1038891	183	7m8	3.745	TTGCTC
1038900	623	7A1	1.298	TGCTCA
1038945	73	o6	1.560	TTGCTC
1039058	171	o6	1.671	TTGCTC
1039165	58	6m	1.242	TGCTCA
1039199	988	8m	2.405	TTGCTC
1039202	102	7A1	3.185	TGCTCA
1039218	162	7m8	1.901	TTGCTC
1039218	168	6m	1.901	TGCTCA
1039286	834	6m	1.500	TGCTCA
1039301	198	7m8	1.940	TTGCTC
1039422	70	o6	1.709	TTGCTC
1039431	1161	7A1	4.484	TGCTCA
1039460	2	o6	1.160	TTGCTC
1039490	345	o6	1.303	TTGCTC
1039497	1078	8m	1.268	TGCTCA
1039502	5014	o6	2.784	TTGCTC
1039502	5846	6m	2.286	TGCTCA
1039503	250	6m	2.417	TGCTCA
1039503	1427	7A1	2.989	TGCTCA
1039563	1157	o6	1.084	TTGCTC
1039563	5534	8m	2.275	TTGCTC
1039578	3240	o6	3.452	TTGCTC
1039578	4564	o6	1.104	TTGCTC
1039612	1123	8m	4.256	TTGCTC
1039625	150	6m	1.548	TGCTCA
1039651	345	o6	2.707	TTGCTC
1039694	150	6m	2.481	TGCTCA
1039697	170	6m	2.030	TGCTCA
1039754	911	8m	1.576	TTGCTC
1039773	288	7A1	1.661	TGCTCA
1039783	130	6m	1.894	TGCTCA
1039797	531	o6	1.201	TTGCTC
1039853	2609	7A1	1.799	TGCTCA
1039865	65	7m8	2.955	TTGCTC
1039908	4751	o6	2.777	TTGCTC
1039950	226	o6	1.073	TTGCTC
1039964	15	o6	1.377	TTGCTC
1039964	924	o6	1.721	TTGCTC
1040007	632	7A1	1.488	TGCTCA
1040048	3399	6m	2.775	TGCTCA
1040070	2640	8m	1.703	TTGCTC
1040070	4086	o6	2.499	TTGCTC
1040078	152	7A1	1.328	TGCTCA
1040078	731	7m8	2.709	TGCTCA
1040088	180	6m	1.361	TGCTCA
1040091	1425	7A1	1.257	TGCTCA
1040135	1438	6m	1.829	TGCTCA
1040202	1336	7A1	1.473	TGCTCA
1040286	261	7m8	3.324	TTGCTC
1040325	261	o6	3.379	TTGCTC
1040331	332	7A1	3.611	TGCTCA
1040346	492	7A1	2.209	TGCTCA
1040352	1787	o6	1.389	TTGCTC
1040352	3050	o6	1.949	TTGCTC
1040411	727	7A1	2.356	TGCTCA
1040429	631	o6	1.392	TTGCTC
1040434	976	8m	3.255	TTGCTC
1040447	322	6m	1.504	TGCTCA
1040458	122	o6	1.101	TTGCTC
1040458	434	o6	2.664	TTGCTC
1040495	1025	8m	3.151	TGCTCA
1040560	499	7A1	1.793	TGCTCA
1040647	150	6m	2.302	TGCTCA
1040650	150	6m	2.030	TGCTCA
1040653	150	6m	2.030	TGCTCA
