1000035	146	7A1	1.422	GAACAA
1000048	295	6m	2.502	GAACAA
1000081	570	6m	1.806	GAACAA
1000093	113	7m8	2.215	CGAACA
1000125	485	7A1	2.220	GAACAA
1000134	1345	7A1	1.322	GAACAA
1000146	633	7A1	2.715	GAACAA
1000146	1190	o6	1.563	CGAACA
1000227	362	7A1	1.086	GAACAA
1000264	351	7A1	1.926	GAACAA
1000327	71	6m	2.065	GAACAA
1000373	1867	7A1	1.228	GAACAA
1000373	2052	7A1	2.585	GAACAA
1000373	2099	7A1	1.156	GAACAA
1000443	993	o6	1.248	CGAACA
1000443	1335	6m	2.390	GAACAA
1000443	1810	7A1	1.281	GAACAA
1000478	261	7A1	3.034	GAACAA
1000478	1184	o6	1.239	CGAACA
1000493	5744	o6	2.255	CGAACA
1000493	5879	7m8	1.114	GAACAA
1000494	483	6m	1.002	GAACAA
1000530	804	o6	2.067	CGAACA
1000545	900	7A1	1.363	GAACAA
1000605	436	6m	1.725	GAACAA
1000610	411	7A1	1.199	GAACAA
1000610	853	8m	1.027	GAACAA
1000619	1260	7A1	2.807	GAACAA
1000620	438	o6	1.113	CGAACA
1000676	69	6m	2.098	GAACAA
1000706	1287	6m	2.660	GAACAA
1000743	1074	7m8	1.053	CGAACA
1000824	1953	6m	2.561	GAACAA
1000845	2442	7A1	1.047	GAACAA
1000890	723	8m	1.053	GAACAA
1000923	463	7A1	1.507	GAACAA
1000923	517	6m	2.061	GAACAA
1000962	53	8m	1.284	CGAACA
1000968	1607	6m	1.050	GAACAA
1000968	2042	6m	2.029	GAACAA
1000992	108	7A1	2.670	GAACAA
1001012	2192	6m	1.169	GAACAA
1001083	547	7A1	1.126	GAACAA
1001151	12	6m	1.578	GAACAA
1001155	82	7A1	2.473	GAACAA
1001169	138	7m8	2.147	CGAACA
1001217	519	o6	1.099	CGAACA
1001373	1409	6m	1.873	GAACAA
1001394	364	7A1	1.190	GAACAA
1001408	305	6m	2.544	GAACAA
1001500	297	7A1	2.119	GAACAA
1001533	3538	7A1	1.131	GAACAA
1001577	913	6m	1.690	GAACAA
1001577	947	7A1	1.376	GAACAA
1001578	690	7A1	1.874	GAACAA
1001578	3535	7m8	1.440	GAACAA
1001620	614	o6	2.112	CGAACA
1001730	86	7A1	2.021	GAACAA
1001745	311	7m8	2.605	GAACAA
1001832	36	o6	1.633	CGAACA
1001865	20	7m8	1.060	CGAACA
1001937	1946	7m8	1.576	CGAACA
1001937	3717	o6	1.159	CGAACA
1001937	4078	7m8	2.501	CGAACA
1002084	643	o6	1.021	CGAACA
1002131	247	6m	1.781	GAACAA
1002176	2943	o6	1.047	CGAACA
1002215	109	7m8	1.711	GAACAA
1002240	562	6m	1.508	GAACAA
1002267	255	6m	1.273	GAACAA
1002382	158	7A1	2.604	GAACAA
1002484	329	o6	2.129	CGAACA
1002527	422	6m	1.739	GAACAA
1002527	1660	6m	2.076	GAACAA
1002527	2052	7A1	1.020	GAACAA
1002628	581	7A1	1.397	GAACAA
1002667	91	7A1	2.445	GAACAA
1002734	410	7A1	2.876	GAACAA
1002734	1260	7A1	2.723	GAACAA
1002767	434	6m	2.600	GAACAA
1002815	623	6m	3.538	GAACAA
1002830	1560	6m	2.763	GAACAA
1002947	67	8m	1.461	CGAACA
1003008	229	7m8	1.027	GAACAA
1003015	1050	6m	1.159	GAACAA
1003023	514	7m8	1.328	CGAACA
1003108	509	7A1	1.110	GAACAA
1003155	146	8m	1.571	GAACAA
1003212	237	6m	1.691	GAACAA
1003215	179	o6	1.282	CGAACA
1003226	124	6m	2.701	GAACAA
1003248	1219	8m	1.249	CGAACA
1003297	366	7A1	1.255	GAACAA
1003297	1016	8m	2.053	CGAACA
1003498	172	7A1	1.112	GAACAA
1003576	552	o6	1.116	CGAACA
1003594	326	o6	1.403	CGAACA
1003615	422	7A1	3.174	GAACAA
1003660	539	o6	2.655	CGAACA
1003695	226	6m	1.906	GAACAA
1003776	445	6m	1.053	GAACAA
1003930	120	7A1	1.799	GAACAA
1003999	733	6m	1.540	GAACAA
1004130	317	7A1	1.690	GAACAA
1004145	151	7A1	2.277	GAACAA
1004173	67	o6	2.061	CGAACA
1004190	82	6m	2.348	GAACAA
1004274	40	6m	1.010	GAACAA
1004419	259	7A1	2.407	GAACAA
1004538	156	7A1	1.245	GAACAA
1004591	781	o6	1.190	CGAACA
1004591	838	6m	2.217	GAACAA
1004661	939	7m8	1.328	GAACAA
1004688	700	6m	1.321	GAACAA
1004693	392	o6	1.143	CGAACA
1004709	39	7A1	1.850	GAACAA
1005049	1047	6m	1.207	GAACAA
1005049	1630	6m	1.148	GAACAA
1005204	149	7A1	2.033	GAACAA
1005216	2008	6m	1.284	GAACAA
1005349	4345	6m	1.291	GAACAA
1005349	4380	7A1	1.315	GAACAA
1005358	780	7A1	2.120	GAACAA
1005455	60	o6	2.963	CGAACA
1005470	220	6m	2.643	GAACAA
1005474	682	6m	2.420	GAACAA
1005557	1244	o6	1.247	CGAACA
1005646	759	o6	1.690	CGAACA
1005646	5288	6m	1.717	GAACAA
1006107	709	7m8	2.544	GAACAA
1006570	666	7A1	2.837	GAACAA
1006761	399	o6	1.642	CGAACA
1006890	1318	7A1	1.048	GAACAA
1006916	149	7A1	1.445	GAACAA
1007004	2189	7A1	1.291	GAACAA
1007206	716	8m	1.906	GAACAA
1007227	45	7A1	1.693	GAACAA
1007242	361	o6	1.555	CGAACA
1007242	492	7m8	1.168	GAACAA
1007242	1995	7m8	1.180	GAACAA
1007242	5910	6m	2.606	GAACAA
1007251	1125	7A1	1.687	GAACAA
1007251	1609	6m	2.045	GAACAA
1007264	72	6m	1.593	GAACAA
1007275	166	o6	2.025	CGAACA
1007364	3397	6m	1.030	GAACAA
1007379	939	7A1	1.053	GAACAA
1007385	603	7A1	1.782	GAACAA
1007484	347	6m	1.322	GAACAA
1007484	1165	o6	1.053	CGAACA
1007502	226	6m	1.506	GAACAA
1007502	1322	7A1	1.667	GAACAA
1007521	1152	7m8	2.415	CGAACA
1007530	1180	o6	1.623	CGAACA
1007547	2407	7A1	1.745	GAACAA
1007608	636	7A1	2.085	GAACAA
1007629	1032	7A1	1.625	GAACAA
1007646	910	7m8	1.277	GAACAA
1007647	1876	7A1	2.834	GAACAA
1007663	612	7A1	1.207	GAACAA
1007673	252	7m8	2.544	GAACAA
1007685	109	o6	1.420	CGAACA
1007726	96	8m	1.577	GAACAA
1007731	1286	o6	1.215	CGAACA
1007731	1630	6m	1.309	GAACAA
1007731	2662	6m	1.350	GAACAA
1007740	1279	6m	1.464	GAACAA
1007743	624	6m	1.036	GAACAA
1007746	466	6m	1.036	GAACAA
1007750	1332	6m	1.190	GAACAA
1007792	272	7A1	1.123	GAACAA
1007812	1587	6m	1.256	GAACAA
1007840	1524	o6	1.324	CGAACA
1007875	4778	6m	1.238	GAACAA
1007885	297	6m	1.392	GAACAA
1007891	421	o6	1.280	CGAACA
1007897	3258	o6	1.027	CGAACA
1007903	2294	7A1	1.098	GAACAA
1007920	446	6m	1.571	GAACAA
1007923	1807	o6	1.069	CGAACA
1007932	693	8m	2.433	CGAACA
1007932	1688	7A1	1.208	GAACAA
1007972	37	8m	1.724	GAACAA
1007980	1716	8m	1.077	GAACAA
1008036	1431	7m8	1.207	GAACAA
1008081	477	7A1	2.031	GAACAA
1008105	379	6m	1.880	GAACAA
1008136	317	8m	2.801	GAACAA
1008145	6678	7A1	1.466	GAACAA
1008145	7313	7A1	1.053	GAACAA
1008145	11005	7A1	2.350	GAACAA
1008151	350	o6	1.230	CGAACA
1008151	396	7m8	1.606	GAACAA
1008151	515	7A1	2.103	GAACAA
1008174	277	7A1	2.198	GAACAA
1008174	510	7A1	2.014	GAACAA
1008187	58	7A1	1.979	GAACAA
1008195	745	6m	1.123	GAACAA
1008372	914	7A1	2.215	GAACAA
1008432	570	7A1	1.504	GAACAA
1008454	422	o6	2.305	CGAACA
1008454	428	7A1	2.482	GAACAA
1008468	304	6m	1.390	GAACAA
1008477	335	7A1	1.818	GAACAA
1008510	1166	7A1	1.471	GAACAA
1008528	81	o6	1.219	CGAACA
1008560	640	o6	1.505	CGAACA
1008573	497	o6	1.112	CGAACA
1008593	585	7A1	1.405	GAACAA
1008602	69	7A1	1.553	GAACAA
1008611	551	7A1	1.759	GAACAA
1008624	690	6m	1.906	GAACAA
1008641	97	6m	2.435	GAACAA
1008699	200	7m8	1.344	GAACAA
1008707	778	7A1	1.067	GAACAA
1008707	873	6m	1.775	GAACAA
1008707	929	6m	2.054	GAACAA
1008755	412	o6	1.992	CGAACA
1008755	1022	o6	1.120	CGAACA
1008789	54	7A1	1.743	GAACAA
1008846	65	7m8	2.243	CGAACA
1008855	74	6m	1.322	GAACAA
1008890	872	6m	2.377	GAACAA
1008897	579	7A1	1.844	GAACAA
1008903	2067	7A1	2.504	GAACAA
1008966	6	6m	2.228	GAACAA
1008966	1413	7A1	1.147	GAACAA
1008989	221	o6	1.417	CGAACA
1008995	26	6m	1.266	GAACAA
1009013	303	6m	2.004	GAACAA
1009068	212	7m8	1.736	CGAACA
1009075	60	7A1	1.786	GAACAA
1009176	5	o6	1.690	CGAACA
1009222	1018	7A1	1.004	GAACAA
1009267	410	8m	2.311	CGAACA
1009267	763	o6	1.195	CGAACA
1009267	934	7A1	2.185	GAACAA
1009297	272	8m	1.500	CGAACA
1009328	28	8m	2.652	CGAACA
1009339	215	o6	1.410	CGAACA
1009369	2385	8m	1.022	GAACAA
1009369	3046	6m	1.754	GAACAA
1009448	633	7A1	2.386	GAACAA
1009448	1456	6m	1.055	GAACAA
1009475	668	7m8	1.334	GAACAA
1009479	512	6m	1.687	GAACAA
1009684	827	6m	2.459	GAACAA
1009700	168	7A1	2.237	GAACAA
1009763	692	7A1	2.405	GAACAA
1009769	852	7A1	1.395	GAACAA
1009857	18	6m	1.008	GAACAA
1010064	558	7A1	1.815	GAACAA
1010237	438	6m	1.976	GAACAA
1010237	1156	7A1	3.298	GAACAA
1010237	1385	8m	2.223	GAACAA
1010274	188	6m	2.108	GAACAA
1010326	339	o6	1.491	CGAACA
1010365	28	8m	1.086	GAACAA
1010365	751	6m	1.149	GAACAA
1010401	3035	6m	1.001	GAACAA
1010426	216	7m8	1.820	CGAACA
1010429	517	7A1	1.700	GAACAA
1010465	1037	6m	1.284	GAACAA
1010510	147	6m	1.073	GAACAA
1010646	413	7m8	2.477	CGAACA
1010652	819	8m	1.529	CGAACA
1010971	54	7A1	1.474	GAACAA
1010998	51	o6	1.818	CGAACA
1011060	223	7A1	2.119	GAACAA
1011068	928	o6	2.876	CGAACA
1011087	87	7A1	2.377	GAACAA
1011117	127	o6	1.490	CGAACA
1011168	31	7A1	1.690	GAACAA
1011194	412	o6	1.073	CGAACA
1011277	61	8m	1.322	GAACAA
1011321	297	7A1	1.316	GAACAA
1011393	1082	6m	2.171	GAACAA
1011430	191	o6	1.162	CGAACA
1011449	31	7m8	2.707	GAACAA
1011461	37	7A1	1.919	GAACAA
1011511	92	o6	1.996	CGAACA
1011523	1125	8m	2.529	GAACAA
1011607	765	8m	1.251	GAACAA
1011637	759	o6	1.007	CGAACA
1011658	186	8m	2.780	CGAACA
1011695	262	7A1	1.524	GAACAA
1011799	245	o6	1.210	CGAACA
1011818	129	7m8	2.293	CGAACA
1011856	637	o6	1.087	CGAACA
1011897	1233	7A1	1.434	GAACAA
1011944	603	o6	1.335	CGAACA
1011950	749	o6	1.056	CGAACA
1011951	618	6m	1.581	GAACAA
1011982	364	o6	1.006	CGAACA
1012008	1763	o6	1.309	CGAACA
1012169	58	6m	1.123	GAACAA
1012181	114	8m	2.504	CGAACA
1012262	1691	7m8	2.876	CGAACA
1012262	1709	6m	2.025	GAACAA
1012308	678	6m	2.661	GAACAA
1012335	109	7A1	1.098	GAACAA
1012377	581	6m	1.890	GAACAA
1012413	336	7m8	1.950	GAACAA
1012479	134	6m	1.447	GAACAA
1012479	534	8m	2.925	CGAACA
1012479	1275	7A1	1.717	GAACAA
1012582	864	6m	1.011	GAACAA
1012609	287	7A1	2.627	GAACAA
1012642	172	7m8	1.568	CGAACA
1012666	596	6m	2.776	GAACAA
1012760	409	7A1	1.958	GAACAA
1012776	518	o6	1.021	CGAACA
1012776	559	o6	1.278	CGAACA
1012866	26	6m	1.524	GAACAA
1013035	98	6m	1.434	GAACAA
1013035	104	6m	1.434	GAACAA
1013118	64	7A1	1.065	GAACAA
1013312	2337	6m	1.328	GAACAA
1013327	1855	8m	1.248	GAACAA
1013327	1863	7m8	1.248	CGAACA
1013334	456	7A1	1.548	GAACAA
1013518	3366	6m	1.120	GAACAA
1013541	804	7A1	1.006	GAACAA
1013591	413	7A1	2.016	GAACAA
1013591	1480	6m	1.606	GAACAA
1013591	1995	6m	1.652	GAACAA
1013591	5324	7A1	1.600	GAACAA
1013643	646	o6	1.402	CGAACA
1013670	370	7A1	1.254	GAACAA
1013687	345	o6	1.278	CGAACA
1013771	146	6m	2.232	GAACAA
1013927	60	o6	1.275	CGAACA
1014009	271	7A1	1.317	GAACAA
1014066	96	o6	1.533	CGAACA
1014174	789	6m	1.216	GAACAA
1014418	262	6m	1.026	GAACAA
1014418	632	7m8	1.079	CGAACA
1014424	31	7A1	2.054	GAACAA
1014447	87	o6	2.009	CGAACA
1014465	826	6m	1.762	GAACAA
1014473	367	6m	1.328	GAACAA
1014473	1915	o6	1.978	CGAACA
1014588	289	7A1	1.646	GAACAA
1014588	494	o6	1.397	CGAACA
1014588	1157	6m	1.324	GAACAA
1014623	131	7A1	1.322	GAACAA
1014638	391	6m	1.158	GAACAA
1014859	488	6m	1.448	GAACAA
1014859	874	6m	1.140	GAACAA
1014898	1302	6m	1.027	GAACAA
1014898	1490	o6	1.834	CGAACA
1014904	1666	6m	1.721	GAACAA
1014961	239	7A1	1.726	GAACAA
1014981	325	7A1	1.329	GAACAA
1014981	665	o6	2.795	CGAACA
1014988	895	6m	1.234	GAACAA
1014988	2554	8m	1.124	GAACAA
1014988	6582	7A1	1.278	GAACAA
1015006	109	o6	2.137	CGAACA
1015073	995	7m8	1.313	GAACAA
1015073	1927	7A1	2.257	GAACAA
1015091	2249	6m	1.517	GAACAA
1015145	2703	6m	2.477	GAACAA
1015171	225	7A1	1.713	GAACAA
1015191	226	6m	1.026	GAACAA
1015206	221	6m	1.080	GAACAA
1015259	45	7A1	2.548	GAACAA
1015348	654	o6	2.041	CGAACA
1015394	365	6m	2.688	GAACAA
1015418	1174	8m	1.310	CGAACA
1015427	706	6m	1.560	GAACAA
1015493	912	6m	2.098	GAACAA
1015555	443	7A1	2.187	GAACAA
1015555	3305	7A1	1.038	GAACAA
1015572	1489	7A1	1.328	GAACAA
1015572	2329	6m	2.033	GAACAA
1015572	3798	6m	1.434	GAACAA
1015572	3991	6m	2.073	GAACAA
1015637	227	7A1	1.600	GAACAA
1015637	581	7A1	1.503	GAACAA
1015679	453	7A1	2.424	GAACAA
1015697	501	7A1	2.472	GAACAA
1015714	667	7m8	1.820	CGAACA
1015774	589	7m8	2.394	CGAACA
1015777	369	7m8	1.120	GAACAA
1015903	3	o6	1.320	CGAACA
1015946	113	7m8	1.203	GAACAA
1015995	1251	7A1	3.034	GAACAA
1016011	1634	6m	1.321	GAACAA
1016016	1107	7A1	2.301	GAACAA
1016019	175	7A1	2.889	GAACAA
1016019	390	6m	2.247	GAACAA
1016020	1781	6m	1.324	GAACAA
1016026	1388	6m	2.678	GAACAA
1016047	1110	7A1	1.094	GAACAA
1016052	468	7A1	1.418	GAACAA
1016064	349	7A1	3.034	GAACAA
1016077	492	o6	1.079	CGAACA
1016154	261	7m8	1.171	CGAACA
1016205	823	8m	1.322	GAACAA
1016205	1148	7m8	1.829	GAACAA
1016209	189	7A1	1.959	GAACAA
1016308	126	8m	2.414	CGAACA
1016317	379	6m	1.120	GAACAA
1016362	17	7A1	1.344	GAACAA
1016397	821	o6	1.120	CGAACA
1016431	227	6m	2.544	GAACAA
1016431	1787	8m	1.027	GAACAA
1016464	188	6m	1.845	GAACAA
1016562	878	6m	1.328	GAACAA
1016565	886	6m	3.034	GAACAA
1016565	983	8m	1.606	GAACAA
1016566	1918	8m	1.690	CGAACA
1016571	2235	o6	2.119	CGAACA
1016571	2522	7m8	2.460	GAACAA
1016574	2041	o6	1.291	CGAACA
1016574	4080	7A1	1.706	GAACAA
1016590	146	7A1	2.220	GAACAA
1016619	190	o6	1.521	CGAACA
1016691	235	7A1	1.952	GAACAA
1016713	1556	6m	2.548	GAACAA
1016787	167	6m	1.721	GAACAA
1016787	1076	7A1	1.247	GAACAA
1016787	2715	7A1	1.053	GAACAA
1016845	72	7A1	2.750	GAACAA
1016845	945	6m	1.235	GAACAA
1016857	497	8m	1.405	CGAACA
1016860	382	6m	1.322	GAACAA
1016899	768	6m	1.084	GAACAA
1016965	872	8m	1.053	GAACAA
1016971	4364	7A1	1.322	GAACAA
1017135	1062	7A1	2.544	GAACAA
1017135	1501	7A1	1.322	GAACAA
1017138	164	7m8	1.008	GAACAA
1017157	51	o6	1.543	CGAACA
1017169	1851	o6	1.416	CGAACA
1017197	1322	7A1	1.700	GAACAA
1017197	1400	6m	1.687	GAACAA
1017230	324	6m	1.625	GAACAA
1017245	624	7m8	1.132	CGAACA
1017254	1678	7m8	1.316	GAACAA
1017261	470	7A1	2.220	GAACAA
1017451	920	6m	1.284	GAACAA
1017458	477	6m	1.210	GAACAA
1017511	465	6m	1.334	GAACAA
1017570	40	6m	1.538	GAACAA
1017592	370	7m8	2.586	GAACAA
1017614	3681	6m	2.013	GAACAA
1017614	4223	7A1	1.361	GAACAA
1017614	6512	o6	1.930	CGAACA
1017614	6766	7m8	1.072	GAACAA
1017653	145	o6	1.009	CGAACA
1017677	299	6m	1.906	GAACAA
1017696	1080	6m	2.504	GAACAA
1017787	322	7A1	1.646	GAACAA
1017830	1291	o6	1.284	CGAACA
1017908	382	8m	1.020	GAACAA
1018066	25	7A1	1.220	GAACAA
1018077	714	6m	1.027	GAACAA
1018104	6	o6	1.021	CGAACA
1018131	9	8m	1.165	GAACAA
1018131	154	6m	1.916	GAACAA
1018134	1800	7A1	1.797	GAACAA
1018134	1963	6m	1.564	GAACAA
1018233	729	o6	1.189	CGAACA
1018248	1215	6m	2.033	GAACAA
1018248	1317	6m	1.777	GAACAA
1018257	266	7m8	3.070	GAACAA
1018257	448	o6	1.087	CGAACA
1018284	208	6m	1.295	GAACAA
1018325	167	6m	2.672	GAACAA
1018334	248	7A1	1.491	GAACAA
1018437	37	7A1	2.739	GAACAA
1018460	70	o6	1.577	CGAACA
1018530	2547	o6	1.408	CGAACA
1018537	53	6m	2.409	GAACAA
1018616	1065	7m8	1.711	GAACAA
1018632	1278	8m	1.464	GAACAA
1018632	2633	6m	1.598	GAACAA
1018632	2643	6m	1.565	GAACAA
1018632	3123	6m	2.686	GAACAA
1018661	1362	6m	1.687	GAACAA
1018732	965	o6	2.235	CGAACA
1018732	1197	8m	2.652	GAACAA
1018732	1206	6m	2.652	GAACAA
1018766	302	7A1	1.177	GAACAA
1018921	480	6m	1.140	GAACAA
1018931	492	7A1	1.126	GAACAA
1018937	680	6m	2.310	GAACAA
1019049	243	6m	2.662	GAACAA
1019101	137	o6	2.019	CGAACA
1019119	174	6m	1.477	GAACAA
1019147	1193	6m	1.699	GAACAA
1019147	1201	7m8	2.433	GAACAA
1019147	1744	7m8	1.383	GAACAA
1019188	286	6m	1.146	GAACAA
1019198	1171	7A1	2.764	GAACAA
1019207	453	8m	1.614	CGAACA
1019237	1007	7A1	1.196	GAACAA
1019298	304	6m	1.609	GAACAA
1019304	414	7A1	1.205	GAACAA
1019311	524	6m	2.046	GAACAA
1019323	746	6m	1.142	GAACAA
1019328	624	o6	1.598	CGAACA
1019354	856	6m	3.639	GAACAA
1019514	68	7m8	1.679	CGAACA
1019558	129	7A1	2.073	GAACAA
1019579	39	o6	2.523	CGAACA
1019698	1470	7m8	2.552	GAACAA
1019704	1295	o6	1.815	CGAACA
1019842	33	7m8	1.560	GAACAA
1019854	193	7A1	1.258	GAACAA
1019925	532	7m8	2.087	CGAACA
1019928	117	6m	2.500	GAACAA
1019935	62	7m8	1.009	GAACAA
1019956	303	7A1	1.302	GAACAA
1020059	1579	6m	1.719	GAACAA
1020059	1942	6m	1.761	GAACAA
1020074	1614	o6	1.190	CGAACA
1020139	1062	o6	1.228	CGAACA
1020166	1523	6m	1.190	GAACAA
1020187	184	7A1	1.430	GAACAA
1020213	19	8m	1.658	GAACAA
1020219	1049	6m	1.376	GAACAA
1020227	247	6m	1.095	GAACAA
1020227	372	7A1	1.298	GAACAA
1020241	553	8m	1.022	CGAACA
1020253	1667	7A1	2.242	GAACAA
1020253	2058	7A1	1.304	GAACAA
1020261	50	o6	1.016	CGAACA
1020333	1403	6m	1.086	GAACAA
1020435	2880	8m	2.698	GAACAA
1020519	326	6m	2.073	GAACAA
1020601	475	7m8	1.321	GAACAA
1020607	371	6m	2.425	GAACAA
1020615	253	6m	1.392	GAACAA
1020615	437	6m	1.321	GAACAA
1020654	496	7A1	1.362	GAACAA
1020719	304	6m	1.780	GAACAA
1020901	222	7A1	1.788	GAACAA
1021087	168	7A1	1.884	GAACAA
1021177	150	6m	1.949	GAACAA
1021267	259	6m	3.198	GAACAA
1021406	74	o6	1.095	CGAACA
1021488	742	6m	2.660	GAACAA
1021545	607	7A1	1.812	GAACAA
1021566	1891	7m8	1.843	GAACAA
1021608	54	6m	1.024	GAACAA
1021681	574	o6	1.288	CGAACA
1021699	79	7m8	2.625	CGAACA
1021768	77	o6	1.154	CGAACA
1021840	997	o6	1.874	CGAACA
1021899	785	6m	1.128	GAACAA
1021941	1102	7A1	2.331	GAACAA
1021989	449	7A1	2.364	GAACAA
1022066	65	7A1	2.201	GAACAA
1022066	471	7A1	1.897	GAACAA
1022101	385	6m	1.133	GAACAA
1022101	782	6m	2.583	GAACAA
1022253	850	6m	1.016	GAACAA
1022338	1222	6m	1.074	GAACAA
1022343	59	7A1	2.269	GAACAA
1022383	1717	6m	1.044	GAACAA
1022418	393	6m	1.242	GAACAA
1022418	883	7A1	1.322	GAACAA
1022418	1029	6m	2.242	GAACAA
1022495	161	6m	1.719	GAACAA
1022495	5382	6m	1.306	GAACAA
1022531	1471	o6	3.221	CGAACA
1022580	151	o6	1.147	CGAACA
1022617	106	7A1	1.164	GAACAA
1022941	68	7m8	1.391	GAACAA
1022941	541	o6	1.284	CGAACA
1022989	327	o6	1.496	CGAACA
1023047	73	6m	1.704	GAACAA
1023065	418	8m	1.294	CGAACA
1023080	509	7m8	1.107	CGAACA
1023088	325	6m	2.341	GAACAA
1023091	1786	6m	1.260	GAACAA
1023145	387	8m	2.486	CGAACA
1023253	1891	6m	1.787	GAACAA
1023298	1505	8m	2.807	CGAACA
1023345	41	6m	2.425	GAACAA
1023354	480	6m	2.402	GAACAA
1023387	766	o6	1.005	CGAACA
1023391	1918	6m	1.807	GAACAA
1023419	75	7A1	1.145	GAACAA
1023527	480	6m	2.854	GAACAA
1023585	445	7A1	1.053	GAACAA
1023599	6673	6m	2.350	GAACAA
1023599	6940	6m	2.350	GAACAA
1023602	356	6m	2.608	GAACAA
1023681	379	6m	2.119	GAACAA
1023681	1298	o6	2.060	CGAACA
1023681	3249	7A1	1.004	GAACAA
1023706	1551	7A1	1.824	GAACAA
1023712	758	6m	1.091	GAACAA
1023712	764	7A1	1.091	GAACAA
1023730	349	6m	1.294	GAACAA
1023774	721	7m8	1.020	GAACAA
1023784	3586	o6	1.810	CGAACA
1023784	3855	7A1	1.947	GAACAA
1023784	4176	7A1	1.241	GAACAA
1023790	2016	7m8	1.040	GAACAA
1023790	4202	6m	1.567	GAACAA
1023790	4216	7A1	1.609	GAACAA
1023834	114	7m8	2.157	CGAACA
1023846	475	6m	2.475	GAACAA
1023846	1262	7A1	1.331	GAACAA
1023846	1441	6m	1.240	GAACAA
1023850	1	7m8	2.460	CGAACA
1023853	1725	6m	1.577	GAACAA
1023885	2147	6m	1.200	GAACAA
1023955	465	6m	1.597	GAACAA
1023980	539	6m	1.561	GAACAA
1023991	72	8m	2.400	CGAACA
1023998	1445	6m	2.031	GAACAA
1024012	203	o6	1.614	CGAACA
1024019	2041	8m	1.284	GAACAA
1024031	1546	6m	1.284	GAACAA
1024045	86	6m	1.088	GAACAA
1024079	486	o6	1.201	CGAACA
1024085	1540	o6	1.120	CGAACA
1024093	441	o6	1.260	CGAACA
1024169	358	o6	1.586	CGAACA
1024229	223	o6	1.388	CGAACA
1024258	20	6m	2.904	GAACAA
1024283	81	o6	1.343	CGAACA
1024286	321	6m	1.024	GAACAA
1024342	405	7m8	1.488	GAACAA
1024349	986	7A1	2.343	GAACAA
1024355	93	6m	1.980	GAACAA
1024381	1171	8m	1.305	CGAACA
1024397	285	8m	1.313	CGAACA
1024397	2128	6m	1.690	GAACAA
1024397	4542	7A1	1.354	GAACAA
1024400	326	7A1	1.260	GAACAA
1024418	472	7A1	1.134	GAACAA
1024441	468	6m	1.964	GAACAA
1024448	984	7A1	1.557	GAACAA
1024448	1381	7A1	2.429	GAACAA
1024448	1785	8m	1.120	GAACAA
1024465	2982	7A1	1.547	GAACAA
1024502	709	7A1	2.207	GAACAA
1024546	85	8m	1.320	GAACAA
1024556	2067	7A1	1.020	GAACAA
1024559	457	6m	2.391	GAACAA
1024582	573	6m	1.849	GAACAA
1024609	363	7m8	2.350	GAACAA
1024619	110	o6	1.138	CGAACA
1024619	2812	7A1	1.655	GAACAA
1024619	2943	o6	1.315	CGAACA
1024619	4042	7A1	1.279	GAACAA
1024648	2091	6m	1.675	GAACAA
1024648	8421	6m	2.425	GAACAA
1024648	9588	6m	1.011	GAACAA
1024648	12395	7m8	1.922	GAACAA
1024654	1506	6m	1.824	GAACAA
1024654	1513	o6	1.787	CGAACA
1024672	650	6m	2.326	GAACAA
1024715	3517	o6	1.356	CGAACA
1024715	4415	7A1	2.677	GAACAA
1024721	745	o6	1.328	CGAACA
1024762	648	6m	2.304	GAACAA
1024762	664	8m	2.125	CGAACA
1024763	605	6m	1.915	GAACAA
1024829	6529	6m	1.749	GAACAA
1024829	6542	o6	2.033	CGAACA
1024895	836	7m8	2.116	CGAACA
1024901	563	o6	1.129	CGAACA
1024904	1397	7A1	2.350	GAACAA
1024935	621	7A1	1.222	GAACAA
1024939	485	7A1	1.203	GAACAA
1024956	879	o6	1.068	CGAACA
1024956	984	8m	1.210	GAACAA
1024956	2686	o6	1.321	CGAACA
1024978	783	7A1	2.797	GAACAA
1025022	2529	6m	1.053	GAACAA
1025029	3790	6m	2.513	GAACAA
1025038	89	6m	1.073	GAACAA
1025059	1683	6m	1.810	GAACAA
1025101	273	o6	1.492	CGAACA
1025131	278	7A1	1.577	GAACAA
1025135	840	6m	1.941	GAACAA
1025173	697	6m	1.181	GAACAA
1025176	85	6m	1.096	GAACAA
1025204	913	7A1	1.505	GAACAA
1025242	465	6m	1.577	GAACAA
1025262	262	o6	1.428	CGAACA
1025269	666	o6	1.526	CGAACA
1025367	256	6m	1.690	GAACAA
1025367	897	o6	1.632	CGAACA
1025377	342	6m	1.251	GAACAA
1025427	499	7A1	2.976	GAACAA
1025427	1101	o6	1.208	CGAACA
1025434	40	6m	1.246	GAACAA
1025434	301	6m	1.987	GAACAA
1025475	196	7m8	2.577	CGAACA
1025533	24	7A1	1.759	GAACAA
1025665	916	7A1	3.677	GAACAA
1025689	868	7A1	1.285	GAACAA
1025715	180	7A1	2.331	GAACAA
1025808	825	7m8	1.328	GAACAA
1025821	48	6m	1.123	GAACAA
1025851	46	6m	1.488	GAACAA
1025851	1447	7A1	1.533	GAACAA
1025877	33	6m	1.173	GAACAA
1025937	371	7A1	2.447	GAACAA
1025946	764	6m	1.290	GAACAA
1026498	502	7A1	1.582	GAACAA
1026554	689	6m	1.550	GAACAA
1026558	7	7A1	1.864	GAACAA
1026652	802	o6	1.243	CGAACA
1026701	127	6m	1.563	GAACAA
1026711	487	7A1	1.711	GAACAA
1026711	1396	6m	2.073	GAACAA
1026711	3441	7m8	1.126	CGAACA
1026726	977	6m	1.945	GAACAA
1026798	961	o6	1.180	CGAACA
1026841	1362	6m	2.013	GAACAA
1026841	5325	o6	1.085	CGAACA
1026853	1881	6m	1.241	GAACAA
1026903	206	7A1	1.053	GAACAA
1026904	263	6m	1.439	GAACAA
1026914	260	6m	1.881	GAACAA
1026921	740	7A1	1.875	GAACAA
1026981	832	7A1	1.623	GAACAA
1027002	506	7A1	2.165	GAACAA
1027002	1072	6m	1.540	GAACAA
1027036	173	6m	1.230	GAACAA
1027037	440	6m	3.121	GAACAA
1027150	250	o6	1.409	CGAACA
1027181	36	o6	1.339	CGAACA
1027187	395	7A1	1.366	GAACAA
1027287	404	o6	1.267	CGAACA
1027348	102	7A1	1.055	GAACAA
1027417	188	6m	1.816	GAACAA
1027564	64	8m	3.580	CGAACA
1027733	416	6m	1.476	GAACAA
1027756	1050	6m	1.506	GAACAA
1027764	1195	7A1	2.433	GAACAA
1027900	290	o6	1.955	CGAACA
1028070	127	7A1	1.255	GAACAA
1028087	320	7m8	1.186	CGAACA
1028112	664	6m	1.315	GAACAA
1028115	226	8m	2.759	GAACAA
1028143	103	7A1	1.932	GAACAA
1028202	101	o6	1.285	CGAACA
1028230	385	o6	1.181	CGAACA
1028416	39	8m	2.118	GAACAA
1028426	247	7A1	1.633	GAACAA
1028426	264	6m	1.690	GAACAA
1028434	1213	o6	1.653	CGAACA
1028508	189	7A1	1.019	GAACAA
1028527	56	7A1	2.566	GAACAA
1028527	1942	o6	1.652	CGAACA
1028527	1963	8m	1.661	CGAACA
1028559	19	7A1	1.758	GAACAA
1028559	38	7A1	1.825	GAACAA
1028672	73	8m	1.747	CGAACA
1028710	572	8m	1.292	GAACAA
1028734	339	o6	3.398	CGAACA
1028734	2437	6m	2.063	GAACAA
1028734	6062	7m8	2.246	GAACAA
1028751	1665	o6	1.525	CGAACA
1028784	398	7A1	1.477	GAACAA
1028959	193	7A1	2.088	GAACAA
1028992	26	7m8	1.710	GAACAA
1028998	1130	7A1	2.321	GAACAA
1029037	662	7A1	1.603	GAACAA
1029076	201	7A1	2.220	GAACAA
1029091	768	6m	1.040	GAACAA
1029097	443	o6	1.677	CGAACA
1029097	609	6m	2.704	GAACAA
1029097	784	7m8	1.254	CGAACA
1029097	1489	8m	1.439	CGAACA
1029125	262	6m	1.573	GAACAA
1029158	64	7A1	2.233	GAACAA
1029189	1633	7m8	1.476	CGAACA
1029373	1	6m	1.944	GAACAA
1029462	154	7m8	1.449	CGAACA
1029474	121	o6	1.032	CGAACA
1029520	175	7A1	2.528	GAACAA
1029532	445	6m	1.284	GAACAA
1029558	295	7A1	1.281	GAACAA
1029558	315	8m	2.605	GAACAA
1029619	288	6m	1.726	GAACAA
1029686	592	6m	1.997	GAACAA
1029724	98	7A1	1.190	GAACAA
1029728	401	6m	1.928	GAACAA
1029782	1194	6m	1.573	GAACAA
1029871	39	o6	3.720	CGAACA
1029934	1405	o6	1.198	CGAACA
1029994	124	7m8	1.161	GAACAA
1030148	353	o6	2.606	CGAACA
1030255	216	7m8	1.027	GAACAA
1030266	1581	7A1	1.055	GAACAA
1030308	313	7A1	2.544	GAACAA
1030308	736	8m	1.004	CGAACA
1030335	105	7A1	2.712	GAACAA
1030566	1117	o6	1.780	CGAACA
1030580	657	8m	1.934	CGAACA
1030580	675	6m	2.066	GAACAA
1030580	682	7m8	2.066	GAACAA
1030584	497	8m	1.014	GAACAA
1030713	337	6m	1.720	GAACAA
1030713	1130	7A1	1.022	GAACAA
1030722	144	6m	3.441	GAACAA
1030742	372	7A1	2.694	GAACAA
1030782	748	7m8	1.412	CGAACA
1030782	2093	6m	1.264	GAACAA
1030782	2552	7m8	1.984	CGAACA
1030882	106	o6	1.500	CGAACA
1031028	183	6m	1.117	GAACAA
1031067	25	8m	3.957	CGAACA
1031085	122	6m	1.053	GAACAA
1031106	1172	o6	1.467	CGAACA
1031106	1708	8m	2.062	GAACAA
1031129	45	7A1	2.110	GAACAA
1031156	2846	7A1	1.313	GAACAA
1031199	611	o6	2.189	CGAACA
1031199	2995	o6	1.321	CGAACA
1031199	3646	6m	3.404	GAACAA
1031211	724	6m	2.724	GAACAA
1031223	792	6m	1.240	GAACAA
1031263	520	8m	2.123	GAACAA
1031304	910	6m	1.180	GAACAA
1031307	1459	8m	2.702	CGAACA
1031307	1474	6m	1.552	GAACAA
1031390	3968	6m	1.481	GAACAA
1031390	4118	6m	1.751	GAACAA
1031390	4155	6m	1.606	GAACAA
1031446	172	7A1	1.328	GAACAA
1031479	945	7A1	1.731	GAACAA
1031480	866	8m	2.452	CGAACA
1031498	1734	6m	1.240	GAACAA
1031541	182	o6	1.596	CGAACA
1031544	621	6m	2.157	GAACAA
1031563	54	7A1	1.259	GAACAA
1031611	107	6m	1.079	GAACAA
1031791	225	6m	1.497	GAACAA
1031805	727	6m	1.782	GAACAA
1031821	86	6m	2.408	GAACAA
1031830	1541	7m8	1.063	CGAACA
1031887	688	o6	2.458	CGAACA
1032040	612	o6	1.959	CGAACA
1032203	75	6m	1.321	GAACAA
1032203	247	8m	1.007	CGAACA
1032279	367	6m	1.984	GAACAA
1032295	1783	6m	2.120	GAACAA
1032309	595	8m	1.612	CGAACA
1032310	70	6m	1.680	GAACAA
1032310	77	o6	1.521	CGAACA
1032325	1075	7m8	1.563	CGAACA
1032325	1131	7A1	1.040	GAACAA
1032328	1001	7m8	2.386	GAACAA
1032334	195	6m	1.448	GAACAA
1032366	972	7m8	1.690	CGAACA
1032369	2074	6m	1.055	GAACAA
1032386	374	7A1	1.230	GAACAA
1032386	943	8m	1.637	GAACAA
1032411	238	6m	1.654	GAACAA
1032420	38	7A1	1.259	GAACAA
1032508	1902	7m8	4.166	GAACAA
1032508	1997	6m	2.977	GAACAA
1032519	2	6m	1.228	GAACAA
1032622	5229	6m	2.016	GAACAA
1032631	373	6m	1.606	GAACAA
1032631	403	6m	2.025	GAACAA
1032713	1851	8m	2.314	CGAACA
1032722	112	o6	1.488	CGAACA
1032750	616	6m	1.827	GAACAA
1032777	139	o6	2.038	CGAACA
1032777	219	7A1	1.222	GAACAA
1032793	763	7m8	2.524	GAACAA
1032799	2532	6m	1.147	GAACAA
1032799	3324	7A1	1.235	GAACAA
1032802	56	6m	1.262	GAACAA
1032813	1168	6m	1.440	GAACAA
1032822	512	6m	3.028	GAACAA
1032829	1118	o6	1.190	CGAACA
1032843	348	8m	2.544	CGAACA
1032884	34	6m	2.262	GAACAA
1032915	422	6m	1.382	GAACAA
1032929	760	6m	3.814	GAACAA
1032987	2126	o6	2.135	CGAACA
1033008	2292	7m8	1.251	GAACAA
1033041	3179	7A1	2.332	GAACAA
1033055	34	6m	1.139	GAACAA
1033073	340	7A1	1.258	GAACAA
1033073	390	6m	1.292	GAACAA
1033085	1208	7m8	1.058	CGAACA
1033138	564	7m8	1.858	GAACAA
1033141	4839	6m	2.025	GAACAA
1033141	6096	o6	1.023	CGAACA
1033160	722	7A1	1.115	GAACAA
1033244	62	7A1	2.400	GAACAA
1033244	918	7A1	2.160	GAACAA
1033250	1148	6m	1.339	GAACAA
1033322	501	7A1	2.408	GAACAA
1033322	627	7A1	1.130	GAACAA
1033328	2459	7m8	1.010	CGAACA
1033351	46	6m	2.194	GAACAA
1033362	775	7A1	1.322	GAACAA
1033362	1713	7A1	1.322	GAACAA
1033362	2314	7A1	1.286	GAACAA
1033384	73	6m	1.511	GAACAA
1033384	1351	6m	1.436	GAACAA
1033475	170	7A1	1.094	GAACAA
1033478	435	7A1	1.687	GAACAA
1033481	3211	6m	2.854	GAACAA
1033481	4075	o6	1.544	CGAACA
1033481	4383	7m8	1.734	CGAACA
1033535	813	6m	1.437	GAACAA
1033571	1766	6m	2.255	GAACAA
1033575	841	7A1	1.148	GAACAA
1033601	933	8m	2.212	CGAACA
1033601	1706	7A1	1.212	GAACAA
1033607	369	6m	2.152	GAACAA
1033736	174	7A1	1.219	GAACAA
1033739	794	7m8	2.854	CGAACA
1033739	1229	6m	2.277	GAACAA
1033786	1456	7A1	2.544	GAACAA
1033789	290	6m	1.720	GAACAA
1033795	1723	7m8	1.084	CGAACA
1033803	441	o6	2.294	CGAACA
1033824	1009	6m	2.010	GAACAA
1033833	734	6m	1.389	GAACAA
1033844	186	7A1	1.128	GAACAA
1033877	2509	6m	1.584	GAACAA
1033960	1453	o6	1.391	CGAACA
1034247	2510	6m	1.606	GAACAA
1034259	793	6m	1.395	GAACAA
1034304	1137	o6	1.303	CGAACA
1034304	2148	6m	1.650	GAACAA
1034304	3453	7A1	1.532	GAACAA
1034316	1541	7A1	1.026	GAACAA
1034331	2970	6m	1.112	GAACAA
1034331	3798	7A1	1.999	GAACAA
1034340	930	6m	2.086	GAACAA
1034347	109	6m	1.043	GAACAA
1034386	216	7A1	2.154	GAACAA
1034397	2650	7A1	1.347	GAACAA
1034406	1339	7m8	1.131	CGAACA
1034427	375	7A1	2.565	GAACAA
1034493	531	7m8	2.265	GAACAA
1034493	927	7A1	1.782	GAACAA
1034496	1024	8m	2.383	CGAACA
1034499	1088	7A1	2.999	GAACAA
1034499	1227	7A1	1.092	GAACAA
1034539	1488	8m	2.270	GAACAA
1034556	2120	o6	2.776	CGAACA
1034557	189	7m8	2.144	GAACAA
1034557	306	6m	1.876	GAACAA
1034557	399	o6	1.484	CGAACA
1034565	2049	6m	2.661	GAACAA
1034569	101	7A1	2.970	GAACAA
1034569	3298	7A1	1.065	GAACAA
1034569	5645	7m8	1.193	CGAACA
1034569	7008	6m	1.840	GAACAA
1034569	7018	7m8	1.690	GAACAA
1034577	639	8m	1.590	GAACAA
1034690	1312	6m	1.133	GAACAA
1034690	1321	7A1	1.318	GAACAA
1034736	346	7m8	1.124	GAACAA
1034736	849	7A1	2.890	GAACAA
1034739	845	7A1	1.953	GAACAA
1034771	1129	7A1	1.198	GAACAA
1034772	715	7m8	1.400	CGAACA
1034909	500	7A1	1.356	GAACAA
1034941	322	o6	1.297	CGAACA
1034941	2928	6m	1.559	GAACAA
1034984	148	6m	1.113	GAACAA
1034995	5355	6m	2.608	GAACAA
1034995	5555	7m8	1.455	GAACAA
1035001	2001	o6	1.318	CGAACA
1035001	2276	7A1	2.149	GAACAA
1035007	345	6m	1.154	GAACAA
1035015	260	6m	3.398	GAACAA
1035015	320	o6	2.812	CGAACA
1035015	1404	6m	4.372	GAACAA
1035046	317	7A1	2.451	GAACAA
1035198	310	6m	1.434	GAACAA
1035198	3515	6m	1.288	GAACAA
1035248	1163	6m	2.469	GAACAA
1035257	292	7A1	2.025	GAACAA
1035269	71	7m8	2.057	CGAACA
1035356	675	7m8	4.151	GAACAA
1035384	722	7m8	1.449	CGAACA
1035408	479	6m	1.463	GAACAA
1035431	337	6m	3.641	GAACAA
1035432	669	6m	1.903	GAACAA
1035513	334	o6	1.241	CGAACA
1035513	767	7A1	1.463	GAACAA
1035527	1452	7A1	1.487	GAACAA
1035527	1602	7A1	1.778	GAACAA
1035566	1493	8m	1.098	CGAACA
1035569	40	7A1	2.031	GAACAA
1035569	9299	8m	1.572	GAACAA
1035569	13590	6m	1.321	GAACAA
1035569	14100	7A1	2.254	GAACAA
1035569	15221	7A1	1.112	GAACAA
1035569	16084	7A1	1.283	GAACAA
1035569	16791	o6	2.255	CGAACA
1035575	954	6m	2.177	GAACAA
1035656	3872	7m8	1.756	GAACAA
1035758	61	o6	1.112	CGAACA
1035773	1932	o6	2.361	CGAACA
1035773	2526	8m	1.548	CGAACA
1035779	279	7A1	2.020	GAACAA
1035783	2494	7m8	1.896	GAACAA
1035794	289	6m	2.031	GAACAA
1035831	492	7A1	1.284	GAACAA
1035974	966	6m	2.781	GAACAA
1035974	2689	o6	1.286	CGAACA
1036088	992	o6	1.661	CGAACA
1036127	2828	o6	1.440	CGAACA
1036127	5056	6m	2.034	GAACAA
1036127	7033	6m	3.164	GAACAA
1036127	8854	o6	2.736	CGAACA
1036127	10346	o6	2.320	CGAACA
1036127	14872	8m	1.159	GAACAA
1036154	1363	6m	2.548	GAACAA
1036154	2137	6m	1.113	GAACAA
1036203	675	o6	2.781	CGAACA
1036289	374	o6	1.434	CGAACA
1036299	1076	o6	1.019	CGAACA
1036299	1509	7A1	1.116	GAACAA
1036404	915	7A1	2.383	GAACAA
1036404	935	7A1	2.794	GAACAA
1036404	1587	7A1	2.508	GAACAA
1036449	1268	7A1	1.351	GAACAA
1036462	985	6m	1.906	GAACAA
1036482	693	o6	1.045	CGAACA
1036497	932	7A1	2.755	GAACAA
1036497	1220	o6	2.321	CGAACA
1036501	431	6m	1.201	GAACAA
1036558	1259	6m	1.924	GAACAA
1036568	1342	o6	1.286	CGAACA
1036568	1711	o6	1.020	CGAACA
1036568	3468	6m	1.073	GAACAA
1036598	153	7A1	1.141	GAACAA
1036601	843	o6	1.955	CGAACA
1036682	558	7A1	1.635	GAACAA
1036682	633	7m8	2.575	GAACAA
1036695	163	7A1	1.799	GAACAA
1036884	583	6m	1.281	GAACAA
1036884	589	6m	1.281	GAACAA
1036910	898	6m	1.073	GAACAA
1036950	281	o6	2.906	CGAACA
1036982	73	o6	1.236	CGAACA
1037051	1760	7A1	2.035	GAACAA
1037134	683	7A1	1.032	GAACAA
1037164	351	6m	1.100	GAACAA
1037191	693	7A1	1.672	GAACAA
1037191	834	8m	1.672	CGAACA
1037261	35	o6	1.005	CGAACA
1037301	2467	7A1	1.045	GAACAA
1037458	5	o6	1.276	CGAACA
1037507	116	7A1	1.955	GAACAA
1037537	78	7A1	1.733	GAACAA
1037786	314	6m	2.521	GAACAA
1037895	123	6m	2.302	GAACAA
1037920	56	o6	1.074	CGAACA
1037971	600	6m	2.776	GAACAA
1038021	307	7A1	1.642	GAACAA
1038021	2036	7m8	1.193	CGAACA
1038021	2285	7A1	2.159	GAACAA
1038060	840	o6	1.798	CGAACA
1038067	485	o6	2.017	CGAACA
1038067	1570	o6	1.919	CGAACA
1038118	116	7m8	1.104	CGAACA
1038223	1039	o6	1.058	CGAACA
1038228	403	6m	1.065	GAACAA
1038273	413	8m	2.015	CGAACA
1038293	1742	o6	1.276	CGAACA
1038312	163	6m	1.690	GAACAA
1038312	668	6m	1.752	GAACAA
1038431	563	7A1	1.396	GAACAA
1038440	648	6m	1.135	GAACAA
1038440	893	6m	1.030	GAACAA
1038440	1630	6m	1.952	GAACAA
1038485	626	6m	1.110	GAACAA
1038499	474	7A1	1.253	GAACAA
1038529	2213	7m8	1.184	CGAACA
1038539	106	7A1	2.666	GAACAA
1038544	353	o6	1.055	CGAACA
1038601	191	6m	1.110	GAACAA
1038727	61	8m	1.277	CGAACA
1038748	445	7m8	1.899	GAACAA
1038748	991	7m8	1.254	CGAACA
1038752	1230	6m	1.407	GAACAA
1038796	329	o6	1.246	CGAACA
1038796	1002	7m8	2.321	CGAACA
1038860	295	6m	1.007	GAACAA
1038873	266	8m	2.317	GAACAA
1038897	1120	7A1	2.837	GAACAA
1038897	1548	6m	1.576	GAACAA
1038900	59	7A1	1.101	GAACAA
1038900	194	7m8	3.014	CGAACA
1038900	2142	7A1	2.837	GAACAA
1038900	2570	6m	1.576	GAACAA
1038923	755	o6	2.106	CGAACA
1038979	74	7A1	1.167	GAACAA
1038983	208	7A1	1.560	GAACAA
1039048	1176	6m	1.027	GAACAA
1039057	76	6m	1.426	GAACAA
1039078	25	6m	1.292	GAACAA
1039114	289	7A1	1.389	GAACAA
1039118	1472	7A1	1.839	GAACAA
1039193	64	8m	1.483	CGAACA
1039199	899	6m	2.952	GAACAA
1039202	1249	6m	1.624	GAACAA
1039285	3044	7A1	1.546	GAACAA
1039285	3072	6m	2.369	GAACAA
1039295	366	6m	1.056	GAACAA
1039376	2661	6m	2.126	GAACAA
1039422	547	7A1	1.347	GAACAA
1039481	1440	o6	1.179	CGAACA
1039496	79	6m	1.831	GAACAA
1039502	6289	o6	1.906	CGAACA
1039503	587	6m	2.282	GAACAA
1039503	976	o6	1.891	CGAACA
1039557	1260	7A1	1.031	GAACAA
1039557	2194	7A1	1.226	GAACAA
1039563	4232	7m8	2.066	CGAACA
1039563	4247	6m	2.066	GAACAA
1039645	257	6m	1.463	GAACAA
1039703	814	7A1	1.097	GAACAA
1039711	219	6m	1.136	GAACAA
1039751	258	7A1	1.132	GAACAA
1039754	348	7A1	1.253	GAACAA
1039759	438	6m	1.537	GAACAA
1039831	1333	o6	1.150	CGAACA
1039832	225	6m	2.818	GAACAA
1039852	246	8m	2.702	CGAACA
1039853	1262	6m	2.190	GAACAA
1039853	1434	o6	2.015	CGAACA
1039853	3258	8m	1.652	CGAACA
1039853	3285	7m8	1.611	CGAACA
1039853	4857	7A1	2.048	GAACAA
1039853	5937	7A1	2.652	GAACAA
1039853	6022	7A1	1.692	GAACAA
1039853	7759	7A1	1.286	GAACAA
1039914	20	6m	1.359	GAACAA
1039931	642	7m8	1.837	CGAACA
1039949	1716	6m	2.292	GAACAA
1039959	1737	8m	1.021	CGAACA
1039995	129	6m	1.886	GAACAA
1040016	1497	o6	1.140	CGAACA
1040048	2430	6m	2.775	GAACAA
1040049	904	7m8	1.200	GAACAA
1040058	2210	7A1	2.435	GAACAA
1040058	7084	8m	1.061	GAACAA
1040070	200	o6	1.809	CGAACA
1040070	2816	6m	3.398	GAACAA
1040088	390	8m	2.020	GAACAA
1040132	175	6m	1.375	GAACAA
1040165	3098	6m	2.816	GAACAA
1040165	3346	7A1	2.970	GAACAA
1040168	389	6m	3.618	GAACAA
1040183	116	7A1	1.077	GAACAA
1040190	2735	6m	2.037	GAACAA
1040190	3031	7A1	2.875	GAACAA
1040201	940	o6	1.592	CGAACA
1040210	1955	7A1	1.736	GAACAA
1040214	2813	6m	1.900	GAACAA
1040228	651	6m	2.101	GAACAA
1040234	1520	7A1	2.475	GAACAA
1040240	813	6m	2.128	GAACAA
1040294	1337	6m	1.328	GAACAA
1040298	3670	7A1	1.504	GAACAA
1040337	276	6m	1.077	GAACAA
1040337	3749	6m	1.578	GAACAA
1040346	4684	7m8	1.853	CGAACA
1040346	4702	6m	1.550	GAACAA
1040352	2322	6m	1.437	GAACAA
1040352	3461	o6	1.187	CGAACA
1040367	1557	7m8	1.979	GAACAA
1040367	2026	7A1	1.633	GAACAA
1040377	688	o6	1.220	CGAACA
1040387	9	6m	2.752	GAACAA
1040395	1191	7m8	1.623	CGAACA
1040408	77	7m8	1.465	GAACAA
1040417	805	7A1	1.874	GAACAA
1040434	1992	o6	2.019	CGAACA
1040458	210	6m	1.468	GAACAA
1040500	1284	7A1	1.104	GAACAA
1040538	4021	8m	1.288	GAACAA
1040553	1597	6m	2.449	GAACAA
1040560	104	6m	2.496	GAACAA
1040584	48	6m	1.402	GAACAA
1040589	3313	6m	1.574	GAACAA
1040589	3361	7A1	1.265	GAACAA
1040589	3685	6m	2.604	GAACAA
1040590	1617	7A1	1.526	GAACAA
1040590	5611	7A1	1.499	GAACAA
1040590	6294	8m	2.257	CGAACA
1040635	1162	6m	1.709	GAACAA
1040667	193	8m	1.726	GAACAA
