1000026	143	6m	3.082	TACGTA
1000042	538	7A1	1.376	TACGTA
1000069	1428	6m	1.298	TACGTA
1000069	1830	7m8	1.787	ATACGT
1000077	314	6m	1.097	TACGTA
1000122	178	o6	1.053	ATACGT
1000176	373	6m	2.956	TACGTA
1000209	137	7m8	1.515	TACGTA
1000261	776	7A1	2.660	TACGTA
1000278	267	6m	1.167	TACGTA
1000282	1292	7m8	1.606	ATACGT
1000342	120	6m	1.004	TACGTA
1000345	150	8m	1.053	ATACGT
1000373	105	7m8	3.139	TACGTA
1000391	131	7m8	1.647	ATACGT
1000472	793	6m	1.535	TACGTA
1000478	1631	6m	1.284	TACGTA
1000493	1007	o6	1.315	ATACGT
1000493	6210	o6	2.090	ATACGT
1000533	546	7A1	1.476	TACGTA
1000542	283	7m8	1.272	ATACGT
1000619	1187	7A1	1.284	TACGTA
1000649	377	7m8	1.262	TACGTA
1000676	466	6m	1.284	TACGTA
1000779	1321	7m8	1.709	ATACGT
1000790	92	6m	1.116	TACGTA
1000824	1342	8m	2.640	ATACGT
1000824	1795	6m	1.284	TACGTA
1000845	216	7A1	1.015	TACGTA
1000923	1538	7m8	1.322	ATACGT
1000991	1639	7m8	1.088	ATACGT
1000992	64	8m	2.764	ATACGT
1001012	1070	6m	2.549	TACGTA
1001015	49	o6	1.056	ATACGT
1001015	887	o6	1.529	ATACGT
1001244	274	8m	1.073	ATACGT
1001411	125	o6	1.437	ATACGT
1001423	472	7m8	2.220	ATACGT
1001511	344	6m	1.053	TACGTA
1001515	176	7A1	1.486	TACGTA
1001533	1495	7A1	2.390	TACGTA
1001661	230	6m	2.538	TACGTA
1001738	1055	8m	3.649	ATACGT
1001817	808	6m	2.854	TACGTA
1001906	503	6m	1.229	TACGTA
1001912	739	o6	1.282	ATACGT
1001937	1694	6m	1.127	TACGTA
1001978	89	6m	1.437	TACGTA
1002155	448	7A1	1.925	TACGTA
1002236	1620	7A1	1.680	TACGTA
1002245	609	8m	1.321	TACGTA
1002246	477	6m	1.321	TACGTA
1002481	2277	o6	1.690	ATACGT
1002506	145	6m	1.027	TACGTA
1002602	58	6m	1.241	TACGTA
1002608	32	6m	1.354	TACGTA
1002608	45	7m8	1.984	TACGTA
1002985	91	6m	1.321	TACGTA
1003297	605	7m8	1.997	ATACGT
1003424	875	7m8	2.840	ATACGT
1003821	164	6m	1.552	TACGTA
1003851	261	6m	2.031	TACGTA
1003852	511	8m	2.031	ATACGT
1003975	339	6m	1.556	TACGTA
1003999	1349	6m	1.906	TACGTA
1004013	68	8m	1.244	ATACGT
1004034	529	o6	2.383	ATACGT
1004050	366	7m8	1.711	ATACGT
1004127	337	7m8	1.094	ATACGT
1004299	100	o6	2.110	ATACGT
1004463	3877	7A1	1.146	TACGTA
1004512	677	8m	2.181	TACGTA
1004573	1163	7m8	2.776	TACGTA
1004573	1279	6m	3.688	TACGTA
1004591	611	7m8	1.284	ATACGT
1004723	820	6m	1.001	TACGTA
1004750	477	7A1	1.582	TACGTA
1005166	446	7m8	1.609	ATACGT
1005484	75	o6	1.568	ATACGT
1005507	312	7m8	1.706	ATACGT
1005557	1633	6m	1.180	TACGTA
1005568	514	7m8	1.606	ATACGT
1005568	803	6m	1.227	TACGTA
1005715	176	o6	1.651	ATACGT
1006599	178	7m8	1.085	TACGTA
1006662	267	7m8	1.077	ATACGT
1006790	68	o6	1.284	ATACGT
1006933	576	o6	1.087	ATACGT
1006940	3096	7m8	1.606	ATACGT
1007061	116	7A1	1.078	TACGTA
1007070	122	6m	1.416	TACGTA
1007115	602	8m	1.310	ATACGT
1007122	661	o6	1.084	ATACGT
1007148	805	o6	1.112	ATACGT
1007230	3110	7m8	2.042	TACGTA
1007283	1357	o6	1.282	ATACGT
1007508	774	8m	2.292	TACGTA
1007547	22	o6	2.537	ATACGT
1007547	2971	6m	1.044	TACGTA
1007629	467	o6	1.322	ATACGT
1007646	40	6m	2.520	TACGTA
1007646	51	6m	2.520	TACGTA
1007659	163	o6	1.265	ATACGT
1007707	185	7m8	2.943	ATACGT
1007792	611	7m8	1.553	ATACGT
1007812	6390	o6	1.053	ATACGT
1007878	582	8m	2.080	ATACGT
1007897	1043	6m	1.279	TACGTA
1007903	3977	7m8	1.752	TACGTA
1007923	976	7A1	3.034	TACGTA
1007932	2061	o6	1.606	ATACGT
1007936	176	o6	2.332	ATACGT
1007941	66	7m8	1.727	ATACGT
1007950	2284	7m8	1.113	ATACGT
1007969	357	6m	1.012	TACGTA
1007980	1738	7A1	1.241	TACGTA
1008018	39	8m	2.749	ATACGT
1008019	504	7m8	1.813	ATACGT
1008093	1842	7m8	1.086	ATACGT
1008136	263	7A1	2.427	TACGTA
1008145	11268	o6	1.264	ATACGT
1008150	647	6m	1.428	TACGTA
1008216	288	8m	1.322	TACGTA
1008220	157	8m	1.118	TACGTA
1008237	786	7m8	1.168	ATACGT
1008286	919	6m	1.606	TACGTA
1008307	515	7m8	2.801	ATACGT
1008358	339	6m	2.026	TACGTA
1008379	23	8m	1.085	ATACGT
1008501	170	6m	1.285	TACGTA
1008528	444	8m	2.701	ATACGT
1008534	85	o6	1.290	ATACGT
1008572	842	7m8	1.563	TACGTA
1008740	746	7A1	1.291	TACGTA
1008813	179	7m8	1.596	ATACGT
1008813	526	6m	1.321	TACGTA
1008830	117	6m	1.592	TACGTA
1008894	354	6m	1.354	TACGTA
1008989	611	7m8	1.440	TACGTA
1009037	2608	6m	1.961	TACGTA
1009074	110	7A1	2.046	TACGTA
1009101	411	6m	2.544	TACGTA
1009101	454	6m	2.544	TACGTA
1009108	110	8m	1.932	TACGTA
1009216	34	7m8	2.689	ATACGT
1009313	376	8m	1.910	TACGTA
1009411	167	7A1	1.487	TACGTA
1009448	1547	8m	3.005	ATACGT
1009475	844	7m8	1.084	ATACGT
1009676	227	6m	1.793	TACGTA
1009684	951	8m	2.275	ATACGT
1009684	1362	7m8	1.284	ATACGT
1009748	1919	o6	1.227	ATACGT
1009823	481	6m	1.941	TACGTA
1009837	153	6m	1.118	TACGTA
1009899	486	o6	1.726	ATACGT
1009930	239	o6	1.633	ATACGT
1009945	1111	7m8	2.318	TACGTA
1009948	313	6m	3.034	TACGTA
1010054	125	o6	2.802	ATACGT
1010229	482	7m8	1.316	ATACGT
1010293	355	7m8	1.616	ATACGT
1010401	4221	6m	1.279	TACGTA
1010956	169	8m	2.286	TACGTA
1011117	493	6m	1.096	TACGTA
1011327	850	7m8	1.054	ATACGT
1011369	378	8m	1.362	ATACGT
1011397	274	7A1	1.405	TACGTA
1011430	353	6m	1.741	TACGTA
1011430	768	6m	2.235	TACGTA
1011487	1016	8m	1.242	ATACGT
1011490	423	o6	2.377	ATACGT
1011607	320	6m	1.082	TACGTA
1011607	1330	8m	1.322	ATACGT
1011637	747	7A1	1.029	TACGTA
1011739	219	6m	1.013	TACGTA
1011897	170	7m8	2.046	ATACGT
1011932	713	6m	2.025	TACGTA
1011944	786	o6	1.245	ATACGT
1011950	891	8m	2.321	ATACGT
1012060	28	8m	2.498	ATACGT
1012093	198	7m8	1.030	TACGTA
1012479	300	o6	1.082	ATACGT
1012537	434	7m8	1.817	ATACGT
1012537	1054	o6	1.475	ATACGT
1012564	159	6m	1.084	TACGTA
1012629	93	7m8	1.099	ATACGT
1012695	22	6m	1.953	TACGTA
1012754	32	7m8	2.324	ATACGT
1012754	970	6m	1.456	TACGTA
1012878	571	6m	2.552	TACGTA
1013252	186	7m8	2.017	ATACGT
1013382	177	8m	2.045	TACGTA
1013383	726	6m	2.045	TACGTA
1013443	579	o6	2.397	ATACGT
1013443	1373	6m	1.777	TACGTA
1013506	20	7m8	1.898	TACGTA
1013518	940	6m	2.104	TACGTA
1013591	955	8m	1.159	ATACGT
1013591	1033	o6	1.218	ATACGT
1013591	2612	8m	2.870	ATACGT
1013591	5291	7A1	2.324	TACGTA
1013643	504	7m8	2.065	TACGTA
1013670	736	7m8	2.025	TACGTA
1013676	790	7m8	3.077	ATACGT
1013687	663	6m	1.163	TACGTA
1013716	102	8m	1.432	ATACGT
1013953	78	o6	1.201	ATACGT
1013963	357	6m	1.650	TACGTA
1013988	1861	o6	1.254	ATACGT
1013988	2058	6m	3.809	TACGTA
1014174	31	8m	1.249	ATACGT
1014358	1313	6m	1.100	TACGTA
1014418	2933	6m	1.189	TACGTA
1014465	103	6m	1.322	TACGTA
1014465	763	7m8	1.251	ATACGT
1014486	469	7m8	1.349	ATACGT
1014697	118	7A1	2.854	TACGTA
1014754	26	6m	1.156	TACGTA
1014784	40	6m	1.298	TACGTA
1014813	611	6m	3.287	TACGTA
1014877	1336	7A1	2.483	TACGTA
1014877	1514	7A1	2.886	TACGTA
1014884	2461	7m8	2.333	TACGTA
1014899	843	o6	1.548	ATACGT
1014899	1204	8m	1.945	ATACGT
1014978	759	8m	2.544	ATACGT
1014988	643	o6	2.540	ATACGT
1014988	2054	6m	2.177	TACGTA
1014988	2102	o6	1.265	ATACGT
1015047	1779	o6	1.266	ATACGT
1015077	56	7A1	1.405	TACGTA
1015077	170	o6	2.188	ATACGT
1015106	204	8m	2.694	TACGTA
1015247	107	o6	1.592	ATACGT
1015250	688	o6	2.054	ATACGT
1015267	228	o6	1.278	ATACGT
1015405	120	7A1	2.537	TACGTA
1015426	121	o6	2.106	ATACGT
1015444	594	7m8	1.082	ATACGT
1015667	329	7A1	1.405	TACGTA
1015703	98	7m8	1.251	ATACGT
1015840	1030	8m	3.408	ATACGT
1015925	172	o6	1.434	ATACGT
1015931	253	o6	1.084	ATACGT
1015972	913	7A1	1.040	TACGTA
1015995	1303	o6	2.076	ATACGT
1016029	2243	6m	1.189	TACGTA
1016047	256	7A1	2.425	TACGTA
1016073	29	6m	2.021	TACGTA
1016098	6457	8m	5.235	ATACGT
1016151	611	8m	2.007	ATACGT
1016179	1897	6m	1.053	TACGTA
1016401	776	o6	3.369	ATACGT
1016422	525	6m	1.048	TACGTA
1016449	2323	6m	1.047	TACGTA
1016449	3818	6m	1.199	TACGTA
1016512	813	7m8	2.818	ATACGT
1016574	234	o6	2.094	ATACGT
1016574	2149	7m8	1.900	ATACGT
1016605	840	6m	1.322	TACGTA
1016620	1175	6m	1.015	TACGTA
1016698	200	7m8	3.449	ATACGT
1016698	1232	6m	1.603	TACGTA
1016698	1486	7m8	1.761	ATACGT
1016698	2275	o6	2.073	ATACGT
1016713	3677	8m	2.807	ATACGT
1016713	4557	7m8	2.400	ATACGT
1016794	100	6m	1.638	TACGTA
1016794	113	6m	1.166	TACGTA
1016797	32	o6	1.286	ATACGT
1016826	111	6m	1.165	TACGTA
1016844	190	7m8	1.260	ATACGT
1016860	467	7m8	2.058	ATACGT
1016865	380	o6	1.084	ATACGT
1016922	580	7m8	1.059	ATACGT
1016936	207	o6	1.789	ATACGT
1016948	252	o6	1.053	ATACGT
1016998	817	7m8	2.415	TACGTA
1017028	250	o6	1.713	ATACGT
1017335	1154	6m	1.556	TACGTA
1017381	719	7m8	1.288	ATACGT
1017434	68	7m8	1.284	ATACGT
1017446	53	6m	1.434	TACGTA
1017451	993	8m	3.034	ATACGT
1017496	1424	8m	1.744	ATACGT
1017614	3232	7m8	1.600	ATACGT
1017618	1075	7m8	1.005	TACGTA
1017653	131	o6	1.938	ATACGT
1017736	194	7A1	1.132	TACGTA
1017743	99	6m	2.553	TACGTA
1017890	478	7m8	1.362	ATACGT
1017919	348	7m8	1.606	ATACGT
1017919	776	o6	1.885	ATACGT
1017921	74	7A1	1.737	TACGTA
1017967	192	7m8	1.185	ATACGT
1018033	646	6m	1.311	TACGTA
1018062	1423	8m	1.973	TACGTA
1018078	593	6m	1.285	TACGTA
1018081	56	7m8	1.973	ATACGT
1018099	84	o6	1.500	ATACGT
1018099	141	8m	3.303	ATACGT
1018134	4178	7A1	1.288	TACGTA
1018233	897	6m	1.751	TACGTA
1018243	2138	o6	1.091	ATACGT
1018329	45	o6	1.243	ATACGT
1018335	54	6m	2.190	TACGTA
1018344	429	o6	1.053	ATACGT
1018344	1424	7m8	1.322	TACGTA
1018406	219	7A1	1.023	TACGTA
1018431	263	7m8	1.053	ATACGT
1018530	770	7m8	2.215	ATACGT
1018619	842	6m	1.958	TACGTA
1018632	135	7m8	2.464	ATACGT
1018632	3647	o6	1.241	ATACGT
1018860	390	6m	1.322	TACGTA
1018921	333	o6	1.563	ATACGT
1018984	167	7m8	1.684	ATACGT
1019116	59	o6	1.643	ATACGT
1019147	131	6m	2.231	TACGTA
1019147	1680	6m	1.284	TACGTA
1019233	490	6m	1.040	TACGTA
1019233	497	6m	1.040	TACGTA
1019329	92	7m8	1.053	ATACGT
1019329	200	6m	2.017	TACGTA
1019465	1313	o6	1.146	ATACGT
1019721	252	o6	1.322	ATACGT
1019932	343	7m8	2.507	ATACGT
1019945	383	6m	1.376	TACGTA
1020441	204	6m	1.420	TACGTA
1020486	849	7m8	1.058	ATACGT
1020615	661	7m8	2.660	ATACGT
1020642	22	6m	5.264	TACGTA
1020642	841	6m	4.987	TACGTA
1020642	947	6m	4.975	TACGTA
1020642	1023	6m	3.942	TACGTA
1020642	1055	6m	5.264	TACGTA
1020642	1136	6m	5.264	TACGTA
1020844	66	o6	2.544	ATACGT
1021084	1462	8m	3.049	ATACGT
1021389	210	6m	1.284	TACGTA
1021488	652	o6	1.927	ATACGT
1021492	45	7m8	1.820	ATACGT
1021525	1222	o6	3.199	ATACGT
1021540	914	o6	2.097	ATACGT
1021566	4536	o6	3.005	ATACGT
1021812	156	8m	2.067	ATACGT
1021840	481	6m	1.486	TACGTA
1021853	369	8m	2.275	ATACGT
1021879	7	7m8	1.606	ATACGT
1021879	569	o6	1.606	ATACGT
1021918	684	6m	1.120	TACGTA
1022057	1506	7m8	1.021	ATACGT
1022129	485	6m	1.950	TACGTA
1022168	87	7m8	1.227	TACGTA
1022173	598	7A1	1.285	TACGTA
1022191	244	7A1	2.068	TACGTA
1022198	35	o6	2.708	ATACGT
1022256	2764	7m8	1.179	ATACGT
1022418	734	8m	2.350	ATACGT
1022611	162	6m	1.548	TACGTA
1022632	415	6m	1.350	TACGTA
1022814	660	6m	1.952	TACGTA
1022837	113	7m8	1.391	ATACGT
1022849	375	8m	1.246	ATACGT
1022932	2345	7m8	2.017	ATACGT
1022941	122	8m	1.598	ATACGT
1022941	667	6m	1.504	TACGTA
1022989	16	o6	1.548	ATACGT
1022989	122	6m	2.397	TACGTA
1022992	186	o6	1.075	ATACGT
1023015	295	6m	2.013	TACGTA
1023015	490	6m	1.666	TACGTA
1023069	411	6m	1.583	TACGTA
1023080	62	6m	2.257	TACGTA
1023216	531	7m8	2.132	ATACGT
1023292	773	8m	1.278	TACGTA
1023351	733	7A1	2.025	TACGTA
1023354	142	6m	2.010	TACGTA
1023443	335	6m	1.074	TACGTA
1023466	189	7m8	1.053	ATACGT
1023527	142	6m	2.556	TACGTA
1023572	1216	8m	2.235	ATACGT
1023572	1814	6m	1.690	TACGTA
1023599	4872	o6	2.889	ATACGT
1023599	6259	6m	1.053	TACGTA
1023661	84	6m	1.370	TACGTA
1023669	1232	7A1	2.636	TACGTA
1023669	1322	7A1	1.934	TACGTA
1023706	437	7m8	2.070	ATACGT
1023712	1837	7A1	1.053	TACGTA
1023774	627	8m	1.824	ATACGT
1023774	887	7m8	1.251	ATACGT
1023853	1175	6m	1.333	TACGTA
1023931	733	7A1	2.347	TACGTA
1023937	197	8m	1.285	ATACGT
1024025	169	8m	2.393	ATACGT
1024025	1101	8m	2.393	ATACGT
1024025	1284	7m8	2.393	ATACGT
1024025	1378	7m8	2.260	ATACGT
1024025	2188	7m8	2.393	ATACGT
1024025	2283	8m	2.393	ATACGT
1024093	600	o6	1.456	ATACGT
1024114	1089	7m8	2.025	ATACGT
1024159	834	o6	1.244	ATACGT
1024211	1320	8m	1.687	ATACGT
1024211	1772	8m	2.544	ATACGT
1024366	684	7m8	2.462	ATACGT
1024397	4515	6m	1.427	TACGTA
1024529	487	o6	1.034	ATACGT
1024529	671	6m	1.034	TACGTA
1024556	213	8m	2.375	ATACGT
1024556	1379	7m8	2.182	ATACGT
1024556	1527	8m	1.714	TACGTA
1024556	1672	8m	2.182	ATACGT
1024576	285	o6	1.069	ATACGT
1024612	81	6m	2.019	TACGTA
1024613	942	8m	1.240	ATACGT
1024648	664	6m	1.322	TACGTA
1024648	670	7m8	1.510	ATACGT
1024648	1409	o6	1.713	ATACGT
1024667	97	8m	2.090	ATACGT
1024720	589	8m	3.034	ATACGT
1024733	536	o6	2.800	ATACGT
1024753	558	6m	1.555	TACGTA
1024904	1055	7A1	2.473	TACGTA
1024935	146	7m8	1.568	TACGTA
1024935	1065	6m	1.409	TACGTA
1024983	160	6m	2.552	TACGTA
1025032	570	7A1	2.400	TACGTA
1025059	573	6m	1.277	TACGTA
1025059	849	6m	1.550	TACGTA
1025179	770	7A1	2.475	TACGTA
1025213	193	6m	2.383	TACGTA
1025216	296	7m8	1.409	ATACGT
1025331	553	7m8	1.908	ATACGT
1025370	516	6m	1.298	TACGTA
1025370	760	o6	2.827	ATACGT
1025424	111	8m	1.920	ATACGT
1025427	212	6m	1.296	TACGTA
1025476	122	7m8	2.978	ATACGT
1025512	669	6m	1.461	TACGTA
1025536	79	7m8	1.581	ATACGT
1025557	157	o6	2.031	ATACGT
1025696	119	6m	1.551	TACGTA
1025776	515	8m	2.061	ATACGT
1025790	749	7m8	1.484	ATACGT
1025878	424	o6	1.029	ATACGT
1025956	330	o6	1.235	ATACGT
1025962	584	6m	1.940	TACGTA
1026008	320	7m8	1.285	TACGTA
1026125	5	7A1	2.078	TACGTA
1026284	301	6m	1.700	TACGTA
1026375	129	7m8	1.037	ATACGT
1026471	16	7m8	1.448	TACGTA
1026480	851	8m	1.666	ATACGT
1026498	472	o6	1.628	ATACGT
1026732	143	7m8	1.480	TACGTA
1026737	99	o6	1.550	ATACGT
1026832	127	6m	1.073	TACGTA
1026841	174	6m	1.012	TACGTA
1026841	2698	7m8	1.269	TACGTA
1026841	3675	6m	1.083	TACGTA
1026841	5277	7m8	2.075	ATACGT
1026853	2684	o6	2.584	ATACGT
1026920	63	6m	1.104	TACGTA
1026930	116	7A1	1.108	TACGTA
1027187	548	8m	1.240	ATACGT
1027196	85	6m	1.991	TACGTA
1027266	239	8m	2.904	ATACGT
1027390	484	6m	1.484	TACGTA
1027393	192	o6	1.779	ATACGT
1027502	912	8m	1.397	ATACGT
1027502	2077	7m8	1.611	ATACGT
1027502	2083	7m8	1.611	ATACGT
1027580	225	8m	2.409	TACGTA
1027707	132	o6	1.160	ATACGT
1027831	894	8m	2.331	ATACGT
1027938	691	6m	1.082	TACGTA
1028007	132	8m	2.555	ATACGT
1028081	614	7m8	1.461	ATACGT
1028082	225	7m8	1.751	ATACGT
1028109	346	o6	1.089	ATACGT
1028140	471	o6	1.785	ATACGT
1028183	64	7m8	1.310	ATACGT
1028266	253	7A1	1.282	TACGTA
1028326	118	6m	1.551	TACGTA
1028354	112	6m	1.524	TACGTA
1028404	203	o6	1.486	ATACGT
1028435	451	o6	1.278	ATACGT
1028477	23	7m8	1.123	ATACGT
1028508	236	8m	1.614	ATACGT
1028572	43	7m8	2.009	TACGTA
1028734	1869	6m	1.622	TACGTA
1028751	337	6m	1.447	TACGTA
1028751	1519	6m	1.825	TACGTA
1028794	655	6m	1.373	TACGTA
1029003	634	7m8	2.015	ATACGT
1029024	528	8m	1.690	ATACGT
1029069	3423	o6	1.874	ATACGT
1029069	3749	6m	2.026	TACGTA
1029133	23	8m	1.941	ATACGT
1029180	209	6m	1.747	TACGTA
1029180	215	7m8	1.261	TACGTA
1029189	652	o6	2.233	ATACGT
1029209	662	7m8	2.264	ATACGT
1029241	49	7m8	1.053	ATACGT
1029255	346	6m	1.615	TACGTA
1029298	305	6m	1.207	TACGTA
1029313	26	7m8	1.556	ATACGT
1029348	589	o6	1.322	ATACGT
1029384	408	7m8	2.861	ATACGT
1029384	2883	8m	1.651	ATACGT
1029517	1932	8m	2.583	TACGTA
1029525	339	7m8	1.245	ATACGT
1029631	46	8m	1.747	ATACGT
1029632	181	6m	1.747	TACGTA
1029673	246	o6	1.383	ATACGT
1029686	58	8m	1.914	ATACGT
1029686	513	7A1	2.000	TACGTA
1029847	716	o6	1.668	ATACGT
1029934	967	o6	1.230	ATACGT
1029941	162	7m8	1.300	ATACGT
1029944	202	7A1	2.476	TACGTA
1029944	607	o6	1.355	ATACGT
1030265	394	o6	1.122	ATACGT
1030266	1506	7m8	3.005	ATACGT
1030340	320	6m	2.321	TACGTA
1030405	111	8m	1.907	ATACGT
1030468	771	8m	2.184	ATACGT
1030556	508	8m	1.321	ATACGT
1030617	213	7m8	2.255	ATACGT
1030658	1413	7m8	1.627	ATACGT
1030688	366	7m8	2.048	TACGTA
1030833	255	8m	1.244	ATACGT
1030834	176	6m	1.220	TACGTA
1031046	424	6m	1.280	TACGTA
1031112	115	6m	1.908	TACGTA
1031142	447	o6	2.066	ATACGT
1031315	759	8m	2.485	ATACGT
1031390	5853	7m8	1.886	TACGTA
1031476	29	7A1	2.142	TACGTA
1031498	1070	7m8	1.051	ATACGT
1031541	772	o6	2.497	ATACGT
1031657	293	o6	1.073	ATACGT
1031743	40	8m	1.207	ATACGT
1031791	84	o6	1.245	ATACGT
1031845	619	o6	1.988	ATACGT
1031887	724	6m	1.244	TACGTA
1031997	814	8m	2.208	ATACGT
1032039	73	7A1	1.297	TACGTA
1032169	228	8m	2.262	ATACGT
1032200	1193	o6	1.531	ATACGT
1032295	328	8m	1.105	ATACGT
1032366	713	6m	1.949	TACGTA
1032369	3061	8m	1.415	ATACGT
1032426	1712	o6	1.293	ATACGT
1032430	397	8m	1.029	TACGTA
1032430	515	7m8	1.298	TACGTA
1032459	315	7A1	2.429	TACGTA
1032607	918	o6	1.687	ATACGT
1032617	1241	o6	2.687	ATACGT
1032622	2366	8m	1.284	TACGTA
1032622	2394	7m8	1.453	TACGTA
1032622	3343	o6	2.233	ATACGT
1032634	401	7m8	1.162	ATACGT
1032687	549	o6	2.175	ATACGT
1032693	1082	7m8	1.932	ATACGT
1032728	316	o6	1.362	ATACGT
1032802	246	o6	1.891	ATACGT
1032802	393	8m	2.068	ATACGT
1032817	155	o6	1.633	ATACGT
1032832	437	7A1	1.418	TACGTA
1032935	77	6m	2.133	TACGTA
1032964	35	8m	2.440	ATACGT
1032965	978	7m8	1.029	ATACGT
1032968	1298	7A1	2.215	TACGTA
1032968	1637	8m	2.409	ATACGT
1032976	425	6m	2.168	TACGTA
1033008	496	6m	2.136	TACGTA
1033085	500	7m8	1.928	TACGTA
1033141	3718	7m8	1.235	ATACGT
1033141	5765	o6	2.226	ATACGT
1033190	257	6m	1.152	TACGTA
1033227	738	7m8	1.174	TACGTA
1033227	1856	o6	1.847	ATACGT
1033281	961	6m	1.284	TACGTA
1033322	1006	8m	1.997	ATACGT
1033384	2040	o6	1.228	ATACGT
1033409	44	6m	1.310	TACGTA
1033409	289	7m8	1.505	ATACGT
1033409	1113	7A1	1.073	TACGTA
1033414	408	o6	1.119	ATACGT
1033431	1431	o6	2.610	ATACGT
1033452	2887	8m	1.606	ATACGT
1033452	3207	o6	1.284	ATACGT
1033565	2142	o6	1.285	ATACGT
1033565	2228	o6	2.507	ATACGT
1033565	2252	o6	3.621	ATACGT
1033565	4645	7m8	1.928	TACGTA
1033571	1948	6m	1.408	TACGTA
1033658	961	6m	1.125	TACGTA
1033732	758	o6	1.016	ATACGT
1033789	2503	7m8	1.519	TACGTA
1033907	181	7m8	2.219	ATACGT
1033971	147	6m	2.855	TACGTA
1034053	3870	o6	1.964	ATACGT
1034068	267	8m	1.886	ATACGT
1034121	4071	7m8	1.763	TACGTA
1034331	2298	7m8	1.615	ATACGT
1034331	3634	7A1	1.254	TACGTA
1034340	239	o6	1.160	ATACGT
1034340	258	8m	1.487	ATACGT
1034340	556	8m	2.321	ATACGT
1034340	867	6m	2.321	TACGTA
1034397	653	7A1	1.328	TACGTA
1034401	146	o6	1.361	ATACGT
1034409	81	o6	1.061	ATACGT
1034481	399	6m	1.455	TACGTA
1034499	71	6m	1.778	TACGTA
1034508	307	o6	1.076	ATACGT
1034530	108	7A1	1.337	TACGTA
1034539	2454	o6	2.406	ATACGT
1034545	837	8m	2.229	ATACGT
1034569	4692	8m	1.434	ATACGT
1034589	265	6m	1.312	TACGTA
1034589	315	o6	2.308	ATACGT
1034665	1096	7m8	1.084	ATACGT
1034687	125	8m	2.070	TACGTA
1034739	364	7m8	2.820	ATACGT
1034748	779	6m	1.670	TACGTA
1034748	1040	o6	2.001	ATACGT
1034760	647	7A1	2.302	TACGTA
1034828	375	o6	2.317	ATACGT
1034836	1354	o6	3.131	ATACGT
1034842	100	6m	2.366	TACGTA
1034899	2594	8m	3.571	ATACGT
1034917	384	8m	1.311	TACGTA
1034941	1064	6m	1.077	TACGTA
1034941	2756	7m8	2.210	ATACGT
1035007	353	6m	1.220	TACGTA
1035034	409	7m8	1.762	ATACGT
1035198	3450	6m	2.267	TACGTA
1035213	1017	6m	2.037	TACGTA
1035272	345	o6	3.175	ATACGT
1035311	98	8m	1.342	TACGTA
1035314	1586	6m	1.652	TACGTA
1035399	111	6m	1.113	TACGTA
1035530	114	7m8	1.344	ATACGT
1035536	2282	7m8	1.652	TACGTA
1035536	3592	8m	1.412	ATACGT
1035536	3986	8m	1.651	ATACGT
1035566	1184	6m	1.303	TACGTA
1035569	12966	7m8	1.857	ATACGT
1035569	15719	7m8	2.010	ATACGT
1035798	2153	o6	1.082	ATACGT
1035945	1089	6m	1.771	TACGTA
1036001	755	7m8	1.288	TACGTA
1036046	907	7A1	2.650	TACGTA
1036053	1411	7m8	1.880	ATACGT
1036154	1558	7A1	2.097	TACGTA
1036160	744	6m	1.478	TACGTA
1036283	1404	6m	1.564	TACGTA
1036367	474	o6	3.285	ATACGT
1036399	1243	o6	1.457	ATACGT
1036405	886	7m8	2.368	ATACGT
1036420	156	6m	1.373	TACGTA
1036482	1000	7A1	2.449	TACGTA
1036497	896	o6	1.487	ATACGT
1036533	323	7m8	1.612	TACGTA
1036586	575	7A1	3.683	TACGTA
1036656	462	6m	1.514	TACGTA
1036668	30	6m	1.825	TACGTA
1036691	484	6m	2.289	TACGTA
1036692	158	o6	2.289	ATACGT
1036779	57	o6	1.961	ATACGT
1036779	567	o6	2.561	ATACGT
1036841	108	6m	1.418	TACGTA
1036968	512	7A1	1.002	TACGTA
1036991	1758	7m8	1.252	ATACGT
1037028	146	7m8	1.120	ATACGT
1037031	490	o6	1.647	ATACGT
1037031	755	7m8	1.664	ATACGT
1037095	413	7m8	1.164	TACGTA
1037134	203	6m	1.525	TACGTA
1037301	738	7m8	1.110	ATACGT
1037301	1224	7m8	1.865	ATACGT
1037339	1897	7m8	1.027	ATACGT
1037361	647	7m8	2.556	ATACGT
1037361	800	6m	1.306	TACGTA
1037485	1289	8m	1.550	TACGTA
1037557	77	6m	1.006	TACGTA
1037615	350	7m8	1.392	TACGTA
1037691	528	6m	1.907	TACGTA
1037691	534	8m	1.907	TACGTA
1037715	917	7A1	2.907	TACGTA
1037937	505	o6	1.490	ATACGT
1037968	574	7m8	2.194	ATACGT
1038010	113	o6	1.866	ATACGT
1038066	283	7A1	2.684	TACGTA
1038181	80	7m8	1.474	ATACGT
1038211	268	o6	3.070	ATACGT
1038223	1261	6m	1.038	TACGTA
1038312	3508	o6	1.690	ATACGT
1038410	1040	6m	1.428	TACGTA
1038529	595	8m	1.349	ATACGT
1038529	2301	o6	1.940	ATACGT
1038682	220	6m	1.496	TACGTA
1038748	534	o6	2.375	ATACGT
1038836	49	o6	1.044	ATACGT
1038929	121	6m	1.628	TACGTA
1039069	625	o6	1.100	ATACGT
1039196	501	6m	2.286	TACGTA
1039202	1085	7m8	2.007	ATACGT
1039244	282	7A1	1.229	TACGTA
1039250	118	7m8	1.318	TACGTA
1039274	351	8m	2.518	ATACGT
1039376	1444	o6	1.023	ATACGT
1039502	1174	8m	1.634	ATACGT
1039502	1589	6m	3.888	TACGTA
1039578	3953	o6	1.500	ATACGT
1039703	2037	6m	3.449	TACGTA
1039853	3097	7m8	2.483	ATACGT
1039870	649	6m	1.690	TACGTA
1039908	3678	7m8	2.577	ATACGT
1039911	359	6m	2.776	TACGTA
1039919	2041	6m	1.322	TACGTA
1039920	9	o6	3.038	ATACGT
1039949	395	7A1	1.165	TACGTA
1039949	1102	7m8	1.691	ATACGT
1039950	221	o6	1.073	ATACGT
1039959	1316	o6	1.151	ATACGT
1039971	564	7A1	1.377	TACGTA
1040004	105	o6	2.351	ATACGT
1040007	1703	7m8	3.398	ATACGT
1040040	740	6m	1.120	TACGTA
1040048	119	7m8	1.499	ATACGT
1040049	124	6m	1.458	TACGTA
1040058	3072	7A1	1.190	TACGTA
1040070	4217	6m	1.726	TACGTA
1040091	1708	7m8	1.281	ATACGT
1040123	907	8m	3.184	ATACGT
1040148	1878	8m	1.562	TACGTA
1040190	1413	7m8	1.815	TACGTA
1040201	709	o6	1.139	ATACGT
1040210	468	7m8	1.653	ATACGT
1040210	487	6m	1.653	TACGTA
1040210	1358	7m8	1.587	TACGTA
1040228	803	7A1	2.807	TACGTA
1040234	434	7m8	1.377	ATACGT
1040283	6254	8m	1.386	ATACGT
1040286	267	7m8	3.151	ATACGT
1040297	962	7A1	2.632	TACGTA
1040297	2826	7m8	1.475	ATACGT
1040303	2582	6m	1.186	TACGTA
1040325	446	o6	2.924	ATACGT
1040352	1101	6m	1.693	TACGTA
1040377	1229	o6	1.690	ATACGT
1040417	2890	7m8	1.235	ATACGT
1040438	293	6m	2.574	TACGTA
1040438	1630	o6	1.006	ATACGT
1040438	2253	8m	1.623	ATACGT
1040444	706	6m	2.680	TACGTA
1040492	128	o6	1.027	ATACGT
1040492	194	o6	1.505	ATACGT
1040513	742	6m	1.612	TACGTA
1040524	242	o6	2.589	ATACGT
1040539	69	6m	1.200	TACGTA
1040560	130	o6	1.709	ATACGT
1040590	3613	o6	2.173	ATACGT
1040635	1426	o6	2.904	ATACGT
1040646	1539	6m	1.409	TACGTA
