1000101	226	6m	1.984	CCAGTG
1000134	443	o6	1.882	CCCAGT
1000227	100	7m8	1.641	CCCAGT
1000321	178	8m	2.503	CCAGTG
1000327	65	6m	2.363	CCAGTG
1000385	690	o6	1.749	CCCAGT
1000436	263	o6	2.922	CCCAGT
1000472	470	o6	2.076	CCCAGT
1000536	546	o6	1.524	CCCAGT
1000734	171	o6	3.106	CCCAGT
1000758	140	o6	1.189	CCCAGT
1000814	278	o6	2.482	CCCAGT
1000880	40	o6	2.427	CCCAGT
1000880	1031	o6	1.606	CCCAGT
1000896	327	o6	3.024	CCCAGT
1000968	124	7A1	1.241	CCAGTG
1000968	1151	o6	1.780	CCCAGT
1000992	57	7A1	2.807	CCAGTG
1001024	549	7A1	1.336	CCAGTG
1001090	587	7A1	1.440	CCAGTG
1001132	182	o6	1.267	CCCAGT
1001244	226	6m	1.078	CCAGTG
1001373	999	7m8	2.076	CCCAGT
1001411	43	7A1	1.611	CCAGTG
1001518	994	7A1	3.246	CCAGTG
1001518	1072	7m8	2.871	CCCAGT
1001518	1330	7m8	2.220	CCCAGT
1001607	681	7A1	1.286	CCAGTG
1001697	67	o6	1.439	CCCAGT
1001813	77	o6	1.824	CCCAGT
1001897	885	7A1	2.301	CCAGTG
1001906	260	o6	3.007	CCCAGT
1001906	548	o6	3.242	CCCAGT
1001937	4323	7m8	1.201	CCCAGT
1002089	82	8m	2.087	CCCAGT
1002182	617	o6	2.626	CCCAGT
1002240	381	7A1	1.688	CCAGTG
1002298	439	7A1	1.261	CCAGTG
1003143	89	6m	1.637	CCAGTG
1003143	168	6m	1.074	CCAGTG
1003146	41	o6	2.529	CCCAGT
1003509	77	7A1	2.414	CCAGTG
1003612	166	6m	1.408	CCAGTG
1003664	362	7m8	1.417	CCCAGT
1003992	170	o6	1.493	CCCAGT
1003996	21	6m	1.069	CCAGTG
1004311	48	7A1	2.527	CCAGTG
1004463	1598	7m8	1.877	CCAGTG
1004580	193	7m8	1.121	CCCAGT
1004688	646	o6	1.562	CCCAGT
1005045	385	o6	1.645	CCCAGT
1005374	62	7m8	2.533	CCCAGT
1005565	493	7A1	2.375	CCAGTG
1005565	856	o6	1.533	CCCAGT
1005626	6	7m8	1.792	CCCAGT
1005646	791	7m8	2.533	CCCAGT
1005646	917	6m	1.645	CCAGTG
1005694	271	8m	1.373	CCCAGT
1006137	748	6m	1.042	CCAGTG
1006554	452	o6	1.789	CCCAGT
1006800	351	o6	1.975	CCCAGT
1006809	452	6m	1.751	CCAGTG
1006875	221	6m	1.259	CCAGTG
1006933	1043	7m8	1.091	CCCAGT
1006940	1068	6m	2.103	CCAGTG
1007172	196	7A1	2.544	CCAGTG
1007370	134	o6	1.499	CCCAGT
1007484	1197	7m8	1.687	CCCAGT
1007484	1323	6m	1.042	CCAGTG
1007521	1225	6m	1.316	CCAGTG
1007521	1281	o6	2.026	CCCAGT
1007530	373	6m	1.266	CCAGTG
1007547	64	7m8	1.908	CCCAGT
1007731	868	6m	1.255	CCAGTG
1007731	2480	6m	1.203	CCAGTG
1007740	2037	6m	1.192	CCAGTG
1007740	2962	6m	1.856	CCAGTG
1007803	551	6m	1.244	CCAGTG
1007812	639	o6	1.285	CCCAGT
1007824	196	o6	1.284	CCCAGT
1007851	233	o6	2.834	CCCAGT
1007875	100	o6	2.787	CCCAGT
1007950	1811	o6	1.053	CCCAGT
1007950	2102	7A1	1.889	CCAGTG
1007969	505	6m	2.392	CCAGTG
1007990	22	o6	1.687	CCCAGT
1008019	35	o6	1.740	CCCAGT
1008067	357	o6	2.218	CCCAGT
1008081	467	o6	1.017	CCCAGT
1008097	26	o6	3.048	CCCAGT
1008114	129	o6	1.964	CCCAGT
1008114	540	7A1	2.814	CCAGTG
1008141	261	6m	1.086	CCAGTG
1008151	1392	o6	2.025	CCCAGT
1008307	874	8m	1.990	CCAGTG
1008372	613	6m	2.544	CCAGTG
1008528	22	6m	2.449	CCAGTG
1008755	387	7m8	2.161	CCCAGT
1008755	1037	7A1	2.000	CCAGTG
1008866	231	o6	2.874	CCCAGT
1008989	475	o6	1.213	CCCAGT
1009303	715	o6	1.165	CCCAGT
1009303	1180	7m8	1.032	CCCAGT
1009434	604	8m	1.441	CCAGTG
1009736	834	o6	1.495	CCCAGT
1009945	925	o6	1.022	CCCAGT
1010044	56	o6	1.669	CCCAGT
1010229	61	o6	2.589	CCCAGT
1010250	1613	o6	1.499	CCCAGT
1010259	60	6m	2.217	CCAGTG
1010287	865	o6	3.121	CCCAGT
1010401	1973	6m	1.057	CCAGTG
1010794	146	6m	1.064	CCAGTG
1010950	2059	6m	2.286	CCAGTG
1010971	251	o6	1.007	CCCAGT
1011095	640	6m	1.161	CCAGTG
1011207	324	6m	1.666	CCAGTG
1011327	589	6m	2.155	CCAGTG
1011337	65	o6	1.111	CCCAGT
1011349	116	6m	1.507	CCAGTG
1011469	139	6m	1.686	CCAGTG
1011511	224	6m	2.876	CCAGTG
1011620	15	6m	1.121	CCAGTG
1011902	277	o6	1.365	CCCAGT
1012174	840	7A1	3.030	CCAGTG
1012262	186	6m	2.509	CCAGTG
1012304	723	7m8	2.526	CCCAGT
1012383	700	6m	1.270	CCAGTG
1012412	112	o6	1.955	CCCAGT
1012754	1240	6m	2.563	CCAGTG
1012776	0	8m	1.600	CCCAGT
1012776	1206	o6	1.035	CCCAGT
1012830	1831	o6	1.101	CCCAGT
1012833	776	o6	1.573	CCCAGT
1013102	104	7A1	2.524	CCAGTG
1013246	552	6m	1.703	CCAGTG
1013397	31	8m	1.373	CCAGTG
1013443	2265	8m	1.456	CCCAGT
1013988	1387	6m	1.137	CCAGTG
1013991	327	o6	1.700	CCCAGT
1014149	27	6m	1.740	CCAGTG
1014215	54	o6	1.147	CCCAGT
1014418	588	o6	2.516	CCCAGT
1014644	515	6m	1.814	CCAGTG
1014864	135	6m	1.202	CCAGTG
1014884	1683	6m	1.325	CCAGTG
1014898	1112	o6	1.040	CCCAGT
1014904	1887	o6	1.520	CCCAGT
1014987	60	o6	1.103	CCCAGT
1015041	4433	6m	1.427	CCAGTG
1015091	1571	6m	1.251	CCAGTG
1015375	1491	o6	1.112	CCCAGT
1015375	1855	6m	2.008	CCAGTG
1015394	1266	6m	2.730	CCAGTG
1015418	54	7A1	2.926	CCAGTG
1015441	396	7A1	1.321	CCAGTG
1015572	138	7m8	1.328	CCCAGT
1016007	714	7m8	1.070	CCAGTG
1016019	1470	7m8	2.221	CCAGTG
1016026	1306	6m	1.748	CCAGTG
1016067	1112	o6	2.241	CCCAGT
1016265	269	7A1	1.238	CCAGTG
1016275	110	7A1	1.903	CCAGTG
1016281	428	o6	1.711	CCCAGT
1016368	202	7m8	1.010	CCCAGT
1016458	31	o6	1.150	CCCAGT
1016565	1409	6m	2.331	CCAGTG
1016574	1545	o6	1.025	CCCAGT
1016787	1260	o6	1.915	CCCAGT
1016806	819	6m	1.047	CCAGTG
1017258	1267	o6	1.112	CCCAGT
1017335	27	6m	1.065	CCAGTG
1017368	46	8m	3.158	CCAGTG
1017496	931	7m8	2.019	CCAGTG
1017787	68	7A1	2.855	CCAGTG
1018153	60	6m	1.525	CCAGTG
1018222	105	o6	1.577	CCCAGT
1018251	246	6m	1.061	CCAGTG
1018268	448	6m	2.523	CCAGTG
1018277	396	o6	1.279	CCCAGT
1018287	127	o6	1.749	CCCAGT
1018317	150	o6	1.285	CCCAGT
1018460	172	6m	1.500	CCAGTG
1018632	2192	o6	1.259	CCCAGT
1018724	140	6m	2.064	CCAGTG
1018867	280	7m8	2.544	CCCAGT
1018873	1514	6m	1.436	CCAGTG
1019233	233	o6	1.321	CCCAGT
1019486	286	o6	1.073	CCCAGT
1019514	2866	6m	2.076	CCAGTG
1019521	817	o6	1.029	CCCAGT
1019578	172	6m	1.140	CCAGTG
1019695	473	7m8	1.940	CCCAGT
1019956	1371	o6	1.253	CCCAGT
1020163	94	o6	1.151	CCCAGT
1020166	69	7A1	3.086	CCAGTG
1020435	2864	o6	3.149	CCCAGT
1020642	632	o6	1.594	CCCAGT
1020728	359	o6	2.073	CCCAGT
1020760	378	7m8	1.848	CCAGTG
1021223	363	6m	1.331	CCAGTG
1021672	26	o6	1.540	CCCAGT
1021681	615	o6	1.940	CCCAGT
1021699	36	o6	2.377	CCCAGT
1021890	238	7A1	1.906	CCAGTG
1021893	238	7A1	1.906	CCAGTG
1021941	489	o6	2.331	CCCAGT
1021962	32	6m	1.874	CCAGTG
1021962	2050	o6	1.317	CCCAGT
1022066	1201	7A1	2.526	CCAGTG
1022101	710	o6	2.135	CCCAGT
1022235	1259	6m	1.593	CCAGTG
1022443	330	7A1	1.571	CCAGTG
1022808	239	o6	1.002	CCCAGT
1022837	45	o6	1.649	CCCAGT
1022985	419	6m	2.220	CCAGTG
1022986	292	o6	2.660	CCCAGT
1023151	340	o6	1.484	CCCAGT
1023188	717	o6	1.216	CCCAGT
1023219	1091	o6	1.317	CCCAGT
1023399	100	o6	1.212	CCCAGT
1023523	252	o6	2.015	CCCAGT
1023599	2043	7m8	2.076	CCCAGT
1023617	92	7m8	1.509	CCAGTG
1023622	37	o6	1.165	CCCAGT
1023622	75	o6	1.998	CCCAGT
1023717	1155	8m	1.235	CCCAGT
1023733	66	o6	1.906	CCCAGT
1023784	2858	6m	2.144	CCAGTG
1023885	3556	o6	1.287	CCCAGT
1023918	56	8m	2.466	CCAGTG
1023955	530	6m	1.734	CCAGTG
1024025	1172	7A1	2.393	CCAGTG
1024037	431	6m	2.372	CCAGTG
1024141	7	o6	1.223	CCCAGT
1024165	84	o6	1.402	CCCAGT
1024177	268	7m8	2.183	CCCAGT
1024195	22	o6	1.292	CCCAGT
1024196	782	7m8	1.671	CCCAGT
1024229	250	6m	2.233	CCAGTG
1024229	383	6m	2.999	CCAGTG
1024283	1110	7m8	2.280	CCAGTG
1024304	1081	7m8	1.053	CCAGTG
1024327	41	7m8	1.628	CCAGTG
1024343	60	8m	2.446	CCAGTG
1024381	271	6m	1.315	CCAGTG
1024381	472	7m8	1.027	CCCAGT
1024381	1583	7m8	1.366	CCCAGT
1024397	2502	o6	1.384	CCCAGT
1024537	699	7A1	2.449	CCAGTG
1024556	2091	7A1	2.375	CCAGTG
1024613	163	6m	1.919	CCAGTG
1024613	265	6m	1.535	CCAGTG
1024619	786	7A1	2.382	CCAGTG
1024861	93	o6	2.125	CCCAGT
1025029	2897	6m	1.352	CCAGTG
1025101	729	7m8	2.745	CCCAGT
1025132	27	o6	1.262	CCCAGT
1025466	216	6m	1.062	CCAGTG
1025491	725	7m8	1.986	CCCAGT
1025615	1151	o6	2.378	CCCAGT
1025630	1401	o6	2.368	CCCAGT
1025746	108	o6	1.324	CCCAGT
1025895	706	6m	1.026	CCAGTG
1026095	1561	o6	1.245	CCCAGT
1026111	1140	6m	1.322	CCAGTG
1026235	695	7A1	1.311	CCAGTG
1026244	87	7A1	1.484	CCAGTG
1026284	453	7A1	1.103	CCAGTG
1026480	486	6m	1.451	CCAGTG
1026530	1205	7A1	1.466	CCAGTG
1026558	233	7A1	1.284	CCAGTG
1026570	7	o6	2.943	CCCAGT
1026652	1762	7m8	1.540	CCCAGT
1026711	1718	o6	2.608	CCCAGT
1026966	711	o6	1.003	CCCAGT
1026974	364	6m	2.427	CCAGTG
1026981	417	8m	2.073	CCCAGT
1027016	56	7A1	2.317	CCAGTG
1027115	90	6m	2.559	CCAGTG
1027716	49	6m	1.755	CCAGTG
1027834	146	7A1	1.953	CCAGTG
1028214	131	o6	2.639	CCCAGT
1028301	160	7A1	2.728	CCAGTG
1028426	125	6m	2.414	CCAGTG
1028625	7	6m	1.257	CCAGTG
1028734	1509	o6	1.006	CCCAGT
1028751	2198	7m8	1.312	CCCAGT
1029480	194	7A1	2.025	CCAGTG
1029504	718	6m	1.139	CCAGTG
1029520	170	8m	2.528	CCCAGT
1029540	178	7m8	1.328	CCCAGT
1029934	338	7A1	2.715	CCAGTG
1030189	170	7A1	1.306	CCAGTG
1030195	84	o6	1.950	CCCAGT
1030255	694	o6	1.122	CCCAGT
1030266	1659	o6	1.215	CCCAGT
1030491	110	7m8	1.967	CCAGTG
1030759	116	o6	1.146	CCCAGT
1030767	363	o6	2.493	CCCAGT
1031199	3820	o6	1.405	CCCAGT
1031304	257	o6	1.255	CCCAGT
1031593	757	o6	2.648	CCCAGT
1031713	55	7A1	2.136	CCAGTG
1031833	462	o6	2.026	CCCAGT
1031968	302	o6	2.777	CCCAGT
1032244	35	o6	3.106	CCCAGT
1032295	517	6m	1.622	CCAGTG
1032295	526	6m	1.622	CCAGTG
1032295	1389	6m	1.129	CCAGTG
1032426	1691	7A1	1.068	CCAGTG
1032466	1091	7m8	2.278	CCCAGT
1032896	761	6m	1.384	CCAGTG
1032902	1887	6m	1.053	CCAGTG
1033041	1076	o6	1.084	CCCAGT
1033041	1287	6m	1.128	CCAGTG
1033041	3062	o6	3.119	CCCAGT
1033152	374	6m	2.350	CCAGTG
1033152	1052	o6	1.336	CCCAGT
1033535	377	6m	1.680	CCAGTG
1033565	3549	6m	2.750	CCAGTG
1033565	3809	6m	1.703	CCAGTG
1033571	647	o6	1.931	CCCAGT
1033658	679	o6	2.517	CCCAGT
1033827	208	6m	1.353	CCAGTG
1033865	760	8m	1.032	CCAGTG
1033883	594	o6	1.220	CCCAGT
1033960	1263	o6	1.040	CCCAGT
1033971	3646	o6	2.502	CCCAGT
1034316	921	8m	2.079	CCAGTG
1034334	48	8m	3.047	CCCAGT
1034434	27	7m8	1.704	CCCAGT
1034460	228	6m	2.480	CCAGTG
1034469	815	o6	1.890	CCCAGT
1034469	842	6m	2.425	CCAGTG
1034545	380	o6	2.606	CCCAGT
1034565	1442	o6	1.548	CCCAGT
1034593	413	6m	2.073	CCAGTG
1034760	732	o6	2.302	CCCAGT
1034941	1696	7m8	2.210	CCCAGT
1034962	364	6m	2.619	CCAGTG
1035007	328	o6	1.949	CCCAGT
1035033	263	6m	1.053	CCAGTG
1035043	1556	o6	1.929	CCCAGT
1035081	194	6m	1.086	CCAGTG
1035121	150	o6	1.766	CCCAGT
1035175	64	8m	3.398	CCCAGT
1035192	376	6m	3.533	CCAGTG
1035198	4	7A1	1.073	CCAGTG
1035639	64	o6	1.499	CCCAGT
1035704	1067	o6	1.326	CCCAGT
1035779	410	7m8	1.649	CCAGTG
1035986	765	7A1	1.652	CCAGTG
1036080	827	7m8	4.458	CCCAGT
1036127	2361	6m	1.317	CCAGTG
1036127	6555	6m	1.605	CCAGTG
1036127	6956	6m	1.884	CCAGTG
1036127	7071	6m	2.452	CCAGTG
1036127	7640	6m	1.385	CCAGTG
1036127	9490	6m	2.002	CCAGTG
1036203	801	o6	2.336	CCCAGT
1036283	1122	6m	2.371	CCAGTG
1036337	90	6m	1.776	CCAGTG
1036381	606	o6	1.743	CCCAGT
1036437	90	o6	1.600	CCCAGT
1036449	1429	7m8	1.017	CCCAGT
1036449	2363	o6	1.902	CCCAGT
1036462	630	6m	2.233	CCAGTG
1036482	436	6m	2.520	CCAGTG
1036506	92	o6	1.036	CCCAGT
1036558	1682	6m	1.690	CCAGTG
1036656	341	7A1	2.371	CCAGTG
1036718	167	o6	2.190	CCCAGT
1036761	249	7A1	1.065	CCAGTG
1036814	431	o6	1.434	CCCAGT
1036967	120	7m8	2.231	CCCAGT
1036982	88	6m	2.092	CCAGTG
1036991	3418	o6	1.368	CCCAGT
1037164	415	6m	1.457	CCAGTG
1037297	370	6m	1.537	CCAGTG
1037410	215	o6	1.603	CCCAGT
1037422	38	7A1	1.009	CCAGTG
1037437	418	7A1	1.703	CCAGTG
1037494	23	6m	1.288	CCAGTG
1037600	110	o6	1.803	CCCAGT
1037694	68	7m8	1.423	CCCAGT
1037796	18	7A1	1.065	CCAGTG
1037909	331	o6	2.321	CCCAGT
1038048	141	6m	2.523	CCAGTG
1038160	792	o6	1.488	CCCAGT
1038228	103	o6	1.548	CCCAGT
1038285	145	o6	2.090	CCCAGT
1038446	45	7m8	1.120	CCAGTG
1038485	37	7A1	1.549	CCAGTG
1038529	1805	6m	1.213	CCAGTG
1038551	154	o6	1.247	CCCAGT
1038605	255	o6	1.668	CCCAGT
1038605	267	o6	1.700	CCCAGT
1038796	1151	6m	1.740	CCAGTG
1039084	202	o6	1.358	CCCAGT
1039084	295	7m8	1.210	CCCAGT
1039199	269	7A1	1.090	CCAGTG
1039445	1510	o6	1.928	CCCAGT
1039578	3020	6m	1.276	CCAGTG
1039582	33	o6	1.483	CCCAGT
1039642	54	7A1	2.086	CCAGTG
1039949	4662	7m8	1.218	CCCAGT
1040001	186	6m	2.210	CCAGTG
1040001	300	7A1	1.309	CCAGTG
1040034	89	7m8	1.500	CCCAGT
1040057	466	6m	1.522	CCAGTG
1040069	775	7A1	1.398	CCAGTG
1040078	31	o6	1.750	CCCAGT
1040129	825	7A1	1.407	CCAGTG
1040135	458	7A1	1.311	CCAGTG
1040177	211	7A1	1.395	CCAGTG
1040190	152	6m	1.726	CCAGTG
1040234	1143	6m	2.427	CCAGTG
1040297	318	6m	1.240	CCAGTG
1040346	139	7A1	1.624	CCAGTG
1040346	570	o6	1.138	CCCAGT
1040434	46	6m	4.070	CCAGTG
1040506	155	7A1	1.690	CCAGTG
1040560	901	6m	1.154	CCAGTG
1040560	1234	o6	1.640	CCCAGT
1040632	493	7m8	2.506	CCCAGT
