1000029	115	o6	2.842	GTACTT
1000042	202	7A1	1.687	TACTTA
1000057	186	7m8	1.986	TACTTA
1000066	166	6m	1.948	TACTTA
1000066	1662	6m	1.490	TACTTA
1000069	1379	7A1	1.132	TACTTA
1000084	71	o6	1.016	GTACTT
1000122	155	7A1	2.234	TACTTA
1000134	1468	6m	1.882	TACTTA
1000135	215	6m	1.417	TACTTA
1000146	697	o6	2.581	GTACTT
1000156	469	o6	1.657	GTACTT
1000195	839	6m	3.649	TACTTA
1000264	50	o6	3.232	GTACTT
1000282	677	7A1	2.226	TACTTA
1000320	150	7A1	3.803	TACTTA
1000320	799	7A1	3.603	TACTTA
1000379	26	7A1	4.047	TACTTA
1000386	939	7A1	2.350	TACTTA
1000442	498	6m	2.890	TACTTA
1000443	734	8m	1.288	GTACTT
1000443	2675	o6	1.168	GTACTT
1000469	506	7A1	2.526	TACTTA
1000472	647	6m	1.514	TACTTA
1000472	672	7A1	1.322	TACTTA
1000478	297	o6	1.137	GTACTT
1000484	65	o6	2.148	GTACTT
1000493	1289	6m	1.687	TACTTA
1000493	1834	6m	1.322	TACTTA
1000493	5435	o6	1.470	GTACTT
1000512	132	7A1	2.621	TACTTA
1000562	12	7A1	2.243	TACTTA
1000580	1771	7m8	1.134	TACTTA
1000610	1179	o6	1.323	GTACTT
1000613	222	6m	1.989	TACTTA
1000619	252	o6	2.433	GTACTT
1000631	635	7A1	1.003	TACTTA
1000649	269	6m	2.062	TACTTA
1000707	606	7m8	1.687	TACTTA
1000734	255	6m	1.298	TACTTA
1000743	1224	6m	1.074	TACTTA
1000761	140	o6	1.746	GTACTT
1000761	148	o6	1.746	GTACTT
1000778	162	6m	4.043	TACTTA
1000784	343	7m8	1.563	GTACTT
1000814	672	7A1	2.734	TACTTA
1000845	1955	o6	2.007	GTACTT
1000875	426	7m8	1.284	GTACTT
1000890	406	6m	1.244	TACTTA
1000943	3	8m	2.505	GTACTT
1001030	2310	6m	1.294	TACTTA
1001054	172	7m8	1.170	GTACTT
1001061	44	6m	1.982	TACTTA
1001061	306	7A1	2.433	TACTTA
1001075	1221	6m	1.084	TACTTA
1001075	2145	o6	1.145	GTACTT
1001075	3515	7m8	1.780	TACTTA
1001099	117	8m	2.702	GTACTT
1001132	576	8m	1.267	GTACTT
1001148	52	6m	2.371	TACTTA
1001158	313	7m8	2.298	TACTTA
1001190	188	6m	1.053	TACTTA
1001249	801	7A1	2.065	TACTTA
1001285	29	7A1	2.373	TACTTA
1001340	165	7A1	2.025	TACTTA
1001372	649	o6	2.144	GTACTT
1001373	403	7A1	1.032	TACTTA
1001373	802	7A1	1.808	TACTTA
1001378	308	o6	1.751	GTACTT
1001381	149	o6	1.318	GTACTT
1001417	732	8m	2.472	GTACTT
1001417	751	8m	2.429	GTACTT
1001481	116	7A1	1.152	TACTTA
1001511	28	6m	1.053	TACTTA
1001518	980	o6	1.989	GTACTT
1001530	711	6m	1.016	TACTTA
1001533	866	6m	1.889	TACTTA
1001533	944	7m8	2.179	GTACTT
1001533	1706	7A1	1.321	TACTTA
1001533	4256	6m	1.313	TACTTA
1001544	61	8m	1.118	TACTTA
1001578	1294	7A1	2.206	TACTTA
1001661	1374	7A1	1.316	TACTTA
1001667	183	o6	1.330	GTACTT
1001689	1001	8m	2.544	GTACTT
1001694	550	7A1	3.649	TACTTA
1001810	379	o6	1.100	GTACTT
1001891	300	o6	1.610	GTACTT
1001897	908	8m	2.570	GTACTT
1001906	876	o6	1.760	GTACTT
1001912	406	o6	1.446	GTACTT
1001916	99	7A1	4.576	TACTTA
1001937	492	6m	1.576	TACTTA
1001937	2076	o6	1.964	GTACTT
1001966	411	6m	1.668	TACTTA
1001969	265	8m	3.335	GTACTT
1002128	115	7m8	2.544	GTACTT
1002128	189	6m	1.957	TACTTA
1002131	231	6m	2.025	TACTTA
1002224	59	6m	2.507	TACTTA
1002236	246	o6	2.507	GTACTT
1002236	955	7m8	1.016	GTACTT
1002260	223	8m	3.261	GTACTT
1002263	158	o6	1.795	GTACTT
1002298	50	6m	1.313	TACTTA
1002319	503	6m	1.133	TACTTA
1002340	85	7m8	1.317	GTACTT
1002344	70	6m	1.486	TACTTA
1002391	97	7A1	2.007	TACTTA
1002404	329	7m8	1.882	GTACTT
1002404	582	8m	1.687	GTACTT
1002451	23	6m	2.878	TACTTA
1002478	244	o6	1.818	GTACTT
1002478	252	7m8	1.818	GTACTT
1002503	443	8m	1.490	GTACTT
1002527	439	7m8	2.363	GTACTT
1002527	710	7A1	1.322	TACTTA
1002535	83	7A1	1.282	TACTTA
1002584	40	6m	1.723	TACTTA
1002590	252	6m	1.100	TACTTA
1002596	55	7m8	1.687	GTACTT
1002602	399	o6	1.541	GTACTT
1002628	589	6m	1.120	TACTTA
1002731	648	7m8	1.681	TACTTA
1002731	934	6m	1.053	TACTTA
1002743	85	7A1	2.807	TACTTA
1002767	533	8m	2.799	GTACTT
1002872	545	7A1	1.015	TACTTA
1002878	331	6m	1.980	TACTTA
1002898	113	6m	2.668	TACTTA
1002901	1096	o6	1.842	GTACTT
1003036	216	7A1	1.032	TACTTA
1003053	537	6m	2.178	TACTTA
1003087	107	8m	2.149	GTACTT
1003087	119	8m	2.233	GTACTT
1003128	537	8m	2.755	TACTTA
1003128	573	6m	1.542	TACTTA
1003137	924	7A1	1.467	TACTTA
1003212	36	6m	1.399	TACTTA
1003226	559	6m	2.030	TACTTA
1003298	174	7m8	1.298	TACTTA
1003349	229	6m	2.243	TACTTA
1003424	1317	8m	1.745	TACTTA
1003439	354	7A1	2.465	TACTTA
1003498	345	7m8	1.451	GTACTT
1003501	914	6m	1.074	TACTTA
1003570	168	7m8	2.135	TACTTA
1003576	151	7m8	1.966	GTACTT
1003576	828	o6	1.966	GTACTT
1003576	1303	6m	1.468	TACTTA
1003598	23	7m8	1.668	GTACTT
1003631	2094	7A1	2.287	TACTTA
1003660	77	o6	1.016	GTACTT
1003671	261	o6	1.053	GTACTT
1003683	248	6m	2.794	TACTTA
1003726	176	6m	1.053	TACTTA
1003776	197	6m	1.053	TACTTA
1003776	293	7A1	2.364	TACTTA
1003930	175	o6	1.226	GTACTT
1003975	343	8m	2.433	GTACTT
1004013	396	o6	2.635	GTACTT
1004013	505	6m	1.606	TACTTA
1004035	582	7A1	1.775	TACTTA
1004238	356	7m8	1.787	GTACTT
1004238	464	8m	1.322	GTACTT
1004238	598	6m	1.760	TACTTA
1004286	155	o6	2.498	GTACTT
1004437	259	6m	1.973	TACTTA
1004437	331	7m8	1.982	GTACTT
1004463	2210	6m	1.189	TACTTA
1004463	3726	6m	2.062	TACTTA
1004482	809	o6	1.442	GTACTT
1004750	77	6m	2.762	TACTTA
1004750	802	o6	1.690	GTACTT
1004750	823	6m	1.073	TACTTA
1004835	219	8m	1.806	GTACTT
1004898	1019	7A1	1.038	TACTTA
1005006	405	o6	1.737	GTACTT
1005078	85	6m	1.274	TACTTA
1005078	236	8m	2.350	TACTTA
1005114	299	o6	1.204	GTACTT
1005253	587	8m	2.533	GTACTT
1005253	599	6m	2.352	TACTTA
1005349	4239	7m8	1.682	GTACTT
1005358	299	6m	2.277	TACTTA
1005379	28	6m	1.099	TACTTA
1005455	1052	6m	3.797	TACTTA
1005496	62	7A1	2.538	TACTTA
1005496	575	7A1	2.344	TACTTA
1005557	644	7m8	2.433	GTACTT
1005557	717	7A1	1.805	TACTTA
1005557	936	8m	2.025	TACTTA
1005557	1717	7A1	1.294	TACTTA
1005557	1735	8m	2.376	TACTTA
1005568	118	o6	1.469	GTACTT
1005626	237	7m8	2.025	GTACTT
1005683	263	7A1	1.618	TACTTA
1005733	198	7A1	1.084	TACTTA
1005787	225	o6	1.086	GTACTT
1005790	115	8m	1.167	TACTTA
1006107	1261	8m	1.933	GTACTT
1006107	1987	7m8	1.053	GTACTT
1006131	482	o6	2.009	GTACTT
1006137	352	o6	1.246	GTACTT
1006587	943	6m	1.184	TACTTA
1006608	160	o6	2.544	GTACTT
1006672	211	o6	2.004	GTACTT
1006699	1187	o6	2.807	GTACTT
1006707	53	6m	2.098	TACTTA
1006711	114	7A1	1.325	TACTTA
1006719	777	7A1	1.442	TACTTA
1006731	610	o6	1.146	GTACTT
1006735	1700	o6	2.124	GTACTT
1006758	342	o6	2.137	GTACTT
1006758	414	8m	2.377	GTACTT
1006758	499	o6	1.379	GTACTT
1006933	372	6m	1.401	TACTTA
1006933	469	o6	1.197	GTACTT
1006934	140	8m	2.206	GTACTT
1006940	1526	o6	1.563	GTACTT
1007028	403	6m	3.095	TACTTA
1007028	411	6m	2.810	TACTTA
1007031	97	8m	2.029	GTACTT
1007061	14	6m	1.691	TACTTA
1007092	145	8m	1.062	GTACTT
1007227	306	7A1	1.730	TACTTA
1007230	3023	6m	1.075	TACTTA
1007242	2229	6m	1.083	TACTTA
1007242	4278	8m	1.255	GTACTT
1007242	5931	6m	2.606	TACTTA
1007251	1375	6m	1.244	TACTTA
1007340	789	8m	1.787	GTACTT
1007364	3328	6m	2.858	TACTTA
1007379	313	o6	1.156	GTACTT
1007472	78	6m	1.349	TACTTA
1007490	280	o6	2.350	GTACTT
1007584	909	7m8	1.322	TACTTA
1007624	2186	o6	1.315	GTACTT
1007641	2	6m	1.307	TACTTA
1007750	1283	7A1	1.286	TACTTA
1007812	6178	o6	1.701	GTACTT
1007812	6367	7A1	2.234	TACTTA
1007821	104	7A1	1.053	TACTTA
1007875	400	7A1	1.195	TACTTA
1007875	1439	8m	1.357	GTACTT
1007875	1549	8m	1.195	GTACTT
1007875	4962	7A1	2.009	TACTTA
1007885	462	7A1	3.094	TACTTA
1007888	539	7m8	1.284	GTACTT
1007888	712	7A1	1.063	TACTTA
1007897	530	8m	1.849	GTACTT
1007897	2044	o6	1.053	GTACTT
1007923	2288	8m	2.575	GTACTT
1007932	1433	6m	2.433	TACTTA
1007989	60	6m	1.120	TACTTA
1007990	69	7A1	1.322	TACTTA
1008000	256	o6	1.352	GTACTT
1008007	71	o6	1.970	GTACTT
1008036	476	o6	2.076	GTACTT
1008036	565	8m	2.638	GTACTT
1008036	624	7A1	2.638	TACTTA
1008093	826	7A1	1.517	TACTTA
1008126	648	o6	1.451	GTACTT
1008145	2113	8m	2.220	GTACTT
1008145	4377	6m	2.161	TACTTA
1008145	4399	6m	2.486	TACTTA
1008145	8433	7A1	2.051	TACTTA
1008145	11930	7m8	1.156	TACTTA
1008174	162	7m8	2.433	GTACTT
1008174	418	o6	1.163	GTACTT
1008198	472	7A1	1.237	TACTTA
1008198	522	7m8	3.081	GTACTT
1008198	686	7A1	1.011	TACTTA
1008198	729	7m8	1.663	GTACTT
1008240	775	7A1	1.322	TACTTA
1008255	1302	6m	2.684	TACTTA
1008259	1529	o6	2.073	GTACTT
1008286	2127	6m	1.284	TACTTA
1008286	2349	7m8	2.098	TACTTA
1008307	409	8m	2.801	GTACTT
1008307	927	6m	1.600	TACTTA
1008307	1940	6m	2.522	TACTTA
1008312	654	o6	2.255	GTACTT
1008313	350	8m	2.737	GTACTT
1008453	102	6m	1.785	TACTTA
1008454	897	o6	1.322	GTACTT
1008465	300	6m	1.284	TACTTA
1008468	325	7m8	1.339	TACTTA
1008498	959	8m	3.034	TACTTA
1008524	696	7A1	1.214	TACTTA
1008527	79	7A1	1.445	TACTTA
1008572	504	7A1	1.122	TACTTA
1008572	817	7A1	1.241	TACTTA
1008593	876	7A1	1.405	TACTTA
1008602	49	7A1	1.666	TACTTA
1008602	377	7A1	2.026	TACTTA
1008606	347	6m	1.709	TACTTA
1008606	456	6m	1.651	TACTTA
1008650	905	o6	2.004	GTACTT
1008650	1137	6m	1.284	TACTTA
1008690	142	o6	2.618	GTACTT
1008707	176	7A1	1.156	TACTTA
1008719	154	7m8	3.275	GTACTT
1008720	438	8m	1.107	TACTTA
1008725	24	7m8	2.515	GTACTT
1008740	282	6m	2.387	TACTTA
1008740	694	o6	1.808	GTACTT
1008755	327	7m8	1.154	TACTTA
1008755	1093	6m	1.653	TACTTA
1008755	1188	7A1	1.441	TACTTA
1008761	554	7m8	2.262	GTACTT
1008803	224	6m	1.545	TACTTA
1008831	181	7A1	1.606	TACTTA
1008846	108	7A1	1.521	TACTTA
1008867	155	7m8	1.606	GTACTT
1008894	151	7m8	1.598	GTACTT
1008903	906	7A1	1.084	TACTTA
1008911	55	8m	2.197	GTACTT
1008911	79	7A1	1.160	TACTTA
1008918	47	6m	1.202	TACTTA
1008933	579	7A1	2.106	TACTTA
1008947	72	7A1	2.628	TACTTA
1008957	722	o6	1.508	GTACTT
1008966	1233	7m8	1.922	GTACTT
1008981	750	7m8	2.255	GTACTT
1008995	921	7A1	1.005	TACTTA
1008995	965	6m	1.053	TACTTA
1008995	1048	8m	1.053	GTACTT
1009026	204	o6	2.020	GTACTT
1009026	268	6m	2.308	TACTTA
1009026	1861	7A1	2.508	TACTTA
1009043	1360	8m	2.430	GTACTT
1009108	181	6m	2.585	TACTTA
1009138	56	7A1	1.542	TACTTA
1009300	302	6m	1.322	TACTTA
1009304	444	7m8	2.406	TACTTA
1009316	6	7m8	3.398	TACTTA
1009369	200	6m	1.647	TACTTA
1009448	1211	6m	1.255	TACTTA
1009464	245	7m8	1.519	GTACTT
1009500	1278	o6	1.112	GTACTT
1009647	856	8m	2.331	GTACTT
1009664	48	o6	1.322	GTACTT
1009665	1	6m	1.129	TACTTA
1009705	47	6m	1.053	TACTTA
1009714	61	7A1	2.030	TACTTA
1009714	91	7A1	1.916	TACTTA
1009714	130	7A1	1.368	TACTTA
1009736	747	6m	1.247	TACTTA
1009748	1559	6m	1.091	TACTTA
1009748	1925	6m	3.034	TACTTA
1009768	399	8m	1.687	TACTTA
1009769	389	6m	1.167	TACTTA
1009808	273	7m8	2.073	GTACTT
1009915	313	6m	1.606	TACTTA
1009945	984	6m	1.942	TACTTA
1009948	126	6m	1.606	TACTTA
1009948	495	o6	1.780	GTACTT
1009948	2201	7A1	2.990	TACTTA
1010054	389	7A1	1.336	TACTTA
1010054	1407	6m	1.288	TACTTA
1010082	694	6m	1.657	TACTTA
1010111	465	o6	2.534	GTACTT
1010129	225	o6	1.322	GTACTT
1010151	318	6m	2.170	TACTTA
1010172	83	6m	1.550	TACTTA
1010229	157	6m	1.949	TACTTA
1010229	403	7A1	3.232	TACTTA
1010232	1752	7A1	3.034	TACTTA
1010232	2792	6m	1.120	TACTTA
1010238	1379	7A1	3.034	TACTTA
1010238	2419	6m	1.120	TACTTA
1010278	875	7A1	1.639	TACTTA
1010313	265	7A1	1.967	TACTTA
1010331	7	6m	1.225	TACTTA
1010401	3708	8m	1.849	GTACTT
1010401	5222	o6	1.053	GTACTT
1010466	173	o6	1.202	GTACTT
1010483	739	o6	1.164	GTACTT
1010498	664	o6	1.725	GTACTT
1010578	258	6m	1.356	TACTTA
1010602	269	o6	1.055	GTACTT
1010646	779	7m8	2.807	GTACTT
1010649	1119	o6	2.360	GTACTT
1010670	1787	8m	2.085	GTACTT
1010670	1931	7m8	2.085	TACTTA
1010697	69	8m	2.275	GTACTT
1010821	229	6m	1.195	TACTTA
1010836	95	7m8	1.682	TACTTA
1010851	531	8m	2.000	GTACTT
1010901	108	o6	1.063	GTACTT
1010941	466	7A1	2.319	TACTTA
1010979	452	6m	1.535	TACTTA
1011003	44	6m	1.857	TACTTA
1011060	308	8m	1.976	GTACTT
1011107	1625	8m	1.040	TACTTA
1011167	17	7A1	1.288	TACTTA
1011194	180	8m	2.352	GTACTT
1011333	233	o6	2.047	GTACTT
1011379	362	o6	1.681	GTACTT
1011393	1095	6m	1.434	TACTTA
1011404	440	o6	1.084	GTACTT
1011430	456	o6	1.496	GTACTT
1011430	1018	6m	1.161	TACTTA
1011430	1293	o6	1.349	GTACTT
1011430	1618	6m	1.820	TACTTA
1011449	236	7m8	2.440	TACTTA
1011490	156	7m8	4.116	GTACTT
1011491	1050	7A1	3.102	TACTTA
1011491	1154	7m8	2.384	TACTTA
1011524	605	6m	2.024	TACTTA
1011588	5	7m8	1.434	TACTTA
1011608	125	7m8	2.536	GTACTT
1011614	53	o6	1.907	GTACTT
1011695	32	6m	2.030	TACTTA
1011695	653	6m	1.964	TACTTA
1011790	164	8m	2.276	GTACTT
1011842	629	o6	2.085	GTACTT
1011868	174	o6	2.073	GTACTT
1011932	74	7A1	1.606	TACTTA
1011936	790	6m	1.560	TACTTA
1011936	997	o6	1.301	GTACTT
1011950	1079	7m8	4.497	GTACTT
1011951	689	7A1	1.523	TACTTA
1012074	417	7A1	1.584	TACTTA
1012136	78	o6	1.979	GTACTT
1012304	511	7m8	2.509	GTACTT
1012320	376	7m8	2.177	GTACTT
1012326	47	o6	1.740	GTACTT
1012513	70	o6	1.037	GTACTT
1012537	716	8m	1.397	GTACTT
1012585	2	7A1	1.286	TACTTA
1012602	767	6m	2.320	TACTTA
1012685	268	6m	1.256	TACTTA
1012740	576	6m	2.943	TACTTA
1012740	591	o6	2.235	GTACTT
1012740	622	7A1	2.801	TACTTA
1012751	701	7A1	1.848	TACTTA
1012754	556	7m8	1.489	TACTTA
1012776	602	8m	1.600	GTACTT
1012839	803	7m8	2.090	GTACTT
1012839	844	6m	1.780	TACTTA
1012866	440	7m8	1.242	GTACTT
1013068	624	8m	2.235	GTACTT
1013088	142	o6	1.741	GTACTT
1013089	752	7A1	2.027	TACTTA
1013136	95	6m	1.593	TACTTA
1013163	25	6m	1.910	TACTTA
1013201	21	o6	1.278	GTACTT
1013204	20	7A1	1.363	TACTTA
1013229	58	6m	1.548	TACTTA
1013229	65	6m	1.548	TACTTA
1013241	345	6m	1.365	TACTTA
1013280	467	7A1	2.085	TACTTA
1013312	2277	6m	2.073	TACTTA
1013327	233	7m8	3.082	GTACTT
1013327	1429	7A1	1.712	TACTTA
1013327	1637	6m	1.027	TACTTA
1013334	205	o6	1.649	GTACTT
1013349	84	o6	1.241	GTACTT
1013355	42	6m	1.483	TACTTA
1013413	1012	7m8	1.690	GTACTT
1013420	17	7m8	1.297	TACTTA
1013440	44	7A1	1.223	TACTTA
1013443	34	6m	1.367	TACTTA
1013443	1442	7A1	2.981	TACTTA
1013444	993	6m	1.563	TACTTA
1013503	166	o6	1.285	GTACTT
1013503	225	7A1	1.786	TACTTA
1013521	221	7m8	2.235	GTACTT
1013548	198	6m	1.564	TACTTA
1013591	2001	7A1	1.084	TACTTA
1013591	3838	6m	1.095	TACTTA
1013591	4183	6m	1.077	TACTTA
1013591	5110	7m8	1.278	GTACTT
1013597	50	7A1	1.229	TACTTA
1013608	313	6m	1.896	TACTTA
1013613	160	7A1	2.622	TACTTA
1013616	124	6m	2.490	TACTTA
1013670	572	o6	1.122	GTACTT
1013670	910	6m	2.246	TACTTA
1013676	43	o6	1.227	GTACTT
1013725	867	8m	1.936	GTACTT
1013826	22	6m	1.194	TACTTA
1013902	155	o6	2.366	GTACTT
1013927	402	o6	1.275	GTACTT
1013957	198	6m	2.120	TACTTA
1013957	210	8m	2.322	GTACTT
1013957	313	8m	2.696	GTACTT
1013988	2187	o6	2.854	GTACTT
1014295	693	7A1	2.807	TACTTA
1014295	856	o6	1.606	GTACTT
1014355	160	6m	1.031	TACTTA
1014358	920	7m8	1.577	GTACTT
1014403	2293	o6	3.089	GTACTT
1014418	2417	6m	2.025	TACTTA
1014418	2925	7A1	2.025	TACTTA
1014418	3060	6m	3.005	TACTTA
1014473	2196	7A1	2.489	TACTTA
1014480	253	7m8	1.285	GTACTT
1014491	122	6m	1.846	TACTTA
1014588	698	7A1	2.648	TACTTA
1014588	2471	o6	3.034	GTACTT
1014588	3633	o6	2.433	GTACTT
1014697	26	o6	3.274	GTACTT
1014697	1384	o6	1.222	GTACTT
1014711	177	7m8	1.932	GTACTT
1014734	44	6m	1.042	TACTTA
1014813	263	6m	3.087	TACTTA
1014883	478	o6	1.523	GTACTT
1014883	854	o6	1.234	GTACTT
1014884	2602	6m	1.818	TACTTA
1014892	439	6m	2.073	TACTTA
1014892	447	8m	2.073	GTACTT
1014961	33	7A1	2.915	TACTTA
1014988	922	6m	1.600	TACTTA
1014988	3695	6m	1.730	TACTTA
1015085	293	7A1	1.017	TACTTA
1015085	809	8m	2.449	GTACTT
1015085	1181	6m	1.322	TACTTA
1015085	1596	7A1	1.679	TACTTA
1015091	375	o6	1.440	GTACTT
1015091	2656	7A1	1.517	TACTTA
1015091	2825	6m	1.560	TACTTA
1015091	3142	o6	2.303	GTACTT
1015106	58	7m8	1.227	GTACTT
1015122	1352	o6	1.723	GTACTT
1015125	1146	o6	1.723	GTACTT
1015128	1606	o6	1.723	GTACTT
1015145	1713	6m	1.606	TACTTA
1015145	2417	6m	1.606	TACTTA
1015145	2826	7A1	1.084	TACTTA
1015145	3841	7A1	2.178	TACTTA
1015228	503	6m	3.034	TACTTA
1015228	2084	o6	2.807	GTACTT
1015250	189	7A1	1.905	TACTTA
1015259	517	6m	2.723	TACTTA
1015307	33	6m	1.405	TACTTA
1015329	441	8m	1.434	GTACTT
1015333	62	7A1	2.506	TACTTA
1015336	643	o6	1.306	GTACTT
1015354	294	o6	1.322	GTACTT
1015369	255	7A1	1.053	TACTTA
1015385	209	o6	3.438	GTACTT
1015385	215	o6	3.438	GTACTT
1015385	343	o6	1.288	GTACTT
1015418	1309	7m8	2.409	TACTTA
1015480	844	6m	1.705	TACTTA
1015480	1408	6m	2.433	TACTTA
1015480	1905	6m	2.558	TACTTA
1015504	104	7A1	2.321	TACTTA
1015551	380	7A1	1.690	TACTTA
1015555	1173	7A1	1.436	TACTTA
1015555	2514	7A1	1.606	TACTTA
1015555	3366	6m	2.098	TACTTA
1015685	1187	o6	2.411	GTACTT
1015690	513	6m	1.461	TACTTA
1015690	619	o6	1.453	GTACTT
1015777	1223	o6	2.288	GTACTT
1015789	685	6m	1.322	TACTTA
1015789	1114	6m	1.382	TACTTA
1015789	1879	8m	1.198	GTACTT
1015822	25	7A1	1.386	TACTTA
1015835	73	6m	2.277	TACTTA
1015840	1106	7A1	2.377	TACTTA
1015844	238	7m8	1.592	GTACTT
1015870	620	6m	1.649	TACTTA
1015877	239	6m	1.271	TACTTA
1015891	346	6m	2.350	TACTTA
1015895	517	o6	2.776	GTACTT
1015895	849	7m8	1.325	GTACTT
1015919	130	7A1	2.198	TACTTA
1015924	39	8m	2.594	GTACTT
1015924	448	7A1	1.280	TACTTA
1015924	926	6m	1.280	TACTTA
1015936	1859	7A1	1.274	TACTTA
1015973	388	6m	1.209	TACTTA
1016011	468	o6	1.804	GTACTT
1016011	846	o6	1.560	GTACTT
1016011	1678	6m	1.344	TACTTA
1016020	2145	o6	1.561	GTACTT
1016020	2509	7m8	1.053	TACTTA
1016026	147	7A1	1.777	TACTTA
1016026	2978	6m	1.129	TACTTA
1016029	1727	6m	2.025	TACTTA
1016029	2235	7A1	2.025	TACTTA
1016029	2370	6m	3.005	TACTTA
1016067	80	8m	2.494	TACTTA
1016077	1669	7m8	5.187	GTACTT
1016098	287	o6	3.291	GTACTT
1016098	6846	o6	3.459	GTACTT
1016176	357	o6	1.282	GTACTT
1016200	23	7A1	2.400	TACTTA
1016200	451	6m	1.012	TACTTA
1016223	392	o6	1.900	GTACTT
1016245	273	8m	2.241	GTACTT
1016272	455	7A1	2.481	TACTTA
1016281	341	7m8	1.711	GTACTT
1016281	915	6m	1.122	TACTTA
1016356	901	7A1	1.397	TACTTA
1016382	333	6m	1.644	TACTTA
1016398	249	6m	1.252	TACTTA
1016398	1097	o6	1.895	GTACTT
1016398	1203	7A1	2.544	TACTTA
1016418	531	6m	1.931	TACTTA
1016428	756	7A1	2.283	TACTTA
1016445	657	6m	1.320	TACTTA
1016449	1773	6m	1.825	TACTTA
1016449	2434	7m8	1.316	GTACTT
1016449	4239	6m	1.165	TACTTA
1016469	399	6m	1.808	TACTTA
1016475	1427	7A1	2.404	TACTTA
1016500	1065	o6	2.341	GTACTT
1016566	554	7m8	1.690	TACTTA
1016574	1811	6m	2.094	TACTTA
1016574	2747	6m	1.291	TACTTA
1016574	4644	o6	1.965	GTACTT
1016574	5638	8m	1.298	TACTTA
1016581	1609	o6	1.831	GTACTT
1016581	1693	6m	1.556	TACTTA
1016581	1737	7A1	1.174	TACTTA
1016620	2150	7A1	2.112	TACTTA
1016623	482	o6	1.129	GTACTT
1016677	111	o6	1.500	GTACTT
1016695	487	7m8	3.232	GTACTT
1016698	888	8m	2.781	GTACTT
1016698	1474	6m	1.456	TACTTA
1016701	443	7A1	1.010	TACTTA
1016707	264	7A1	2.248	TACTTA
1016707	287	6m	2.652	TACTTA
1016713	2176	8m	1.577	GTACTT
1016713	2349	7m8	2.244	GTACTT
1016728	156	o6	1.812	GTACTT
1016737	128	7A1	2.050	TACTTA
1016791	179	6m	2.982	TACTTA
1016794	421	6m	1.091	TACTTA
1016809	113	o6	1.255	GTACTT
1016826	133	6m	1.047	TACTTA
1016848	1800	7A1	1.711	TACTTA
1016856	60	6m	1.743	TACTTA
1016860	1060	6m	1.891	TACTTA
1016865	1016	o6	2.025	GTACTT
1016865	1097	6m	2.187	TACTTA
1016899	117	6m	2.788	TACTTA
1016951	71	6m	1.690	TACTTA
1016952	487	6m	1.058	TACTTA
1016958	196	7m8	1.251	GTACTT
1016958	320	o6	1.223	GTACTT
1016971	3652	6m	2.199	TACTTA
1017028	270	6m	1.009	TACTTA
1017082	218	7A1	1.392	TACTTA
1017091	357	7A1	3.175	TACTTA
1017112	270	6m	1.584	TACTTA
1017126	208	7m8	1.571	TACTTA
1017151	131	6m	2.543	TACTTA
1017157	933	7m8	2.133	GTACTT
1017168	689	8m	2.537	TACTTA
1017169	756	o6	1.488	GTACTT
1017169	1723	8m	2.212	GTACTT
1017197	409	8m	2.276	GTACTT
1017204	1511	6m	1.140	TACTTA
1017207	728	o6	1.359	GTACTT
1017227	215	o6	1.407	GTACTT
1017245	41	7A1	3.639	TACTTA
1017254	116	o6	1.082	GTACTT
1017258	105	o6	1.780	GTACTT
1017282	455	8m	2.005	GTACTT
1017318	32	6m	1.879	TACTTA
1017348	340	6m	1.499	TACTTA
1017410	407	7m8	1.027	GTACTT
1017434	330	7A1	1.511	TACTTA
1017458	132	o6	3.103	GTACTT
1017478	855	7A1	2.017	TACTTA
1017496	210	o6	1.758	GTACTT
1017496	1133	8m	2.801	GTACTT
1017524	228	o6	1.322	GTACTT
1017614	3379	o6	1.359	GTACTT
1017614	3533	6m	1.684	TACTTA
1017614	4914	7m8	1.306	GTACTT
1017614	5609	8m	1.157	GTACTT
1017614	5776	o6	1.278	GTACTT
1017618	1040	7m8	1.327	TACTTA
1017629	167	o6	1.053	GTACTT
1017630	115	6m	1.841	TACTTA
1017630	345	o6	2.506	GTACTT
1017696	89	6m	1.254	TACTTA
1017700	141	7A1	1.459	TACTTA
1017742	92	8m	1.061	GTACTT
1017830	552	8m	2.025	GTACTT
1017830	844	8m	2.552	TACTTA
1017868	596	o6	3.462	GTACTT
1017967	34	7A1	2.006	TACTTA
1018008	238	7m8	2.854	GTACTT
1018008	396	6m	1.560	TACTTA
1018021	74	6m	1.012	TACTTA
1018033	650	8m	2.168	GTACTT
1018044	30	7m8	3.988	GTACTT
1018065	178	o6	2.089	GTACTT
1018066	671	o6	2.031	GTACTT
1018077	2011	o6	1.882	GTACTT
1018134	968	7m8	2.864	GTACTT
1018134	1074	7A1	1.934	TACTTA
1018134	3165	7A1	1.288	TACTTA
1018135	36	7A1	2.322	TACTTA
1018153	50	7A1	2.068	TACTTA
1018189	81	6m	1.522	TACTTA
1018194	137	7A1	1.997	TACTTA
1018233	1001	6m	1.291	TACTTA
1018243	1077	6m	2.511	TACTTA
1018243	1135	7A1	2.511	TACTTA
1018243	1234	7m8	1.569	GTACTT
1018243	3648	6m	1.864	TACTTA
1018251	195	o6	1.315	GTACTT
1018272	190	7A1	2.136	TACTTA
1018272	406	8m	2.136	GTACTT
1018277	603	7A1	1.635	TACTTA
1018284	463	6m	1.614	TACTTA
1018284	478	6m	1.195	TACTTA
1018344	90	o6	2.544	GTACTT
1018344	1220	o6	1.047	GTACTT
1018353	527	8m	1.284	GTACTT
1018358	156	8m	2.544	GTACTT
1018388	39	6m	1.932	TACTTA
1018409	391	8m	1.936	GTACTT
1018530	1336	o6	1.053	GTACTT
1018549	118	7A1	1.047	TACTTA
1018632	492	7A1	1.598	TACTTA
1018661	943	8m	2.206	GTACTT
1018678	888	6m	1.486	TACTTA
1018744	92	o6	1.251	GTACTT
1018766	154	8m	1.275	GTACTT
1018867	14	o6	2.341	GTACTT
1018873	436	6m	1.680	TACTTA
1018873	1373	o6	2.151	GTACTT
1018909	111	o6	1.762	GTACTT
1018992	359	6m	1.187	TACTTA
1018992	430	o6	2.507	GTACTT
1019023	180	8m	1.321	GTACTT
1019037	390	6m	1.723	TACTTA
1019049	227	7A1	1.606	TACTTA
1019076	537	7A1	1.477	TACTTA
1019101	938	7A1	1.597	TACTTA
1019101	947	o6	2.154	GTACTT
1019116	450	7m8	2.154	TACTTA
1019128	232	o6	1.687	GTACTT
1019147	1218	o6	1.284	GTACTT
1019147	2259	6m	1.321	TACTTA
1019164	98	8m	1.073	GTACTT
1019188	104	o6	1.696	GTACTT
1019192	656	7A1	1.563	TACTTA
1019192	837	6m	2.060	TACTTA
1019207	138	o6	1.473	GTACTT
1019234	126	7A1	2.017	TACTTA
1019259	8	7m8	1.177	GTACTT
1019304	961	7m8	2.025	GTACTT
1019304	1092	7m8	2.807	TACTTA
1019314	73	o6	1.364	GTACTT
1019329	237	o6	1.450	GTACTT
1019377	527	7A1	3.502	TACTTA
1019405	985	o6	1.854	GTACTT
1019405	1240	o6	1.099	GTACTT
1019414	102	6m	1.737	TACTTA
1019456	167	6m	1.333	TACTTA
1019465	1188	7m8	2.008	GTACTT
1019480	258	o6	2.788	GTACTT
1019514	392	o6	1.322	GTACTT
1019554	185	o6	1.321	GTACTT
1019579	161	o6	1.606	GTACTT
1019579	911	6m	1.284	TACTTA
1019579	1477	o6	3.034	GTACTT
1019579	1548	7A1	1.573	TACTTA
1019579	1833	7m8	1.606	GTACTT
1019579	2158	7A1	1.195	TACTTA
1019669	32	8m	1.162	GTACTT
1019695	433	7A1	1.053	TACTTA
1019698	1284	6m	1.672	TACTTA
1019703	2	7m8	1.064	TACTTA
1019713	249	6m	1.319	TACTTA
1019716	98	6m	1.687	TACTTA
1019749	292	6m	1.738	TACTTA
1019757	164	o6	2.358	GTACTT
1019794	76	7A1	1.342	TACTTA
1019865	680	6m	3.132	TACTTA
1019899	74	o6	1.557	GTACTT
1019924	12	7m8	1.082	GTACTT
1019928	90	7A1	1.561	TACTTA
1019935	833	o6	2.507	GTACTT
1019950	74	6m	1.124	TACTTA
1019980	392	6m	1.082	TACTTA
1019983	419	6m	1.714	TACTTA
1020035	83	o6	1.584	GTACTT
1020059	1606	6m	1.307	TACTTA
1020074	1517	o6	1.322	GTACTT
1020074	1836	6m	1.324	TACTTA
1020131	121	6m	1.041	TACTTA
1020140	380	6m	1.322	TACTTA
1020220	652	o6	2.460	GTACTT
1020227	56	o6	1.298	GTACTT
1020227	944	7A1	1.298	TACTTA
1020241	846	6m	1.649	TACTTA
1020253	1788	o6	2.375	GTACTT
1020253	2686	6m	2.030	TACTTA
1020319	1671	7A1	1.156	TACTTA
1020435	1666	8m	2.599	GTACTT
1020558	74	7A1	2.033	TACTTA
1020564	107	o6	2.243	GTACTT
1020564	575	8m	2.065	GTACTT
1020564	588	7m8	1.476	GTACTT
1020564	952	7m8	2.652	GTACTT
1020564	1034	7m8	1.598	GTACTT
1020604	18	7m8	2.317	TACTTA
1020615	1266	o6	2.660	GTACTT
1020657	32	8m	3.842	GTACTT
1020661	359	o6	1.606	GTACTT
1020661	447	7A1	2.660	TACTTA
1020661	1463	7A1	1.504	TACTTA
1020686	823	o6	1.288	GTACTT
1020700	40	6m	1.650	TACTTA
1020719	212	8m	1.284	GTACTT
1020766	1260	o6	1.600	GTACTT
1020818	464	6m	1.184	TACTTA
1020824	284	7A1	1.625	TACTTA
1020934	1439	6m	1.273	TACTTA
1021008	1402	8m	1.832	GTACTT
1021069	467	6m	1.382	TACTTA
1021084	1418	o6	2.768	GTACTT
1021087	327	7m8	1.000	GTACTT
1021177	417	6m	1.606	TACTTA
1021178	292	8m	1.510	GTACTT
1021204	97	7m8	2.342	GTACTT
1021248	147	6m	1.555	TACTTA
1021369	56	7A1	2.855	TACTTA
1021386	187	o6	1.076	GTACTT
1021412	184	7A1	1.606	TACTTA
1021488	763	8m	2.660	GTACTT
1021492	49	o6	1.169	GTACTT
1021540	2730	o6	3.034	GTACTT
1021540	4522	o6	1.530	GTACTT
1021566	2724	o6	3.034	GTACTT
1021581	429	7A1	1.213	TACTTA
1021613	352	8m	2.962	GTACTT
1021652	64	6m	1.532	TACTTA
1021741	481	6m	2.321	TACTTA
1021818	318	6m	2.329	TACTTA
1021831	185	8m	2.483	GTACTT
1021831	207	7m8	1.818	GTACTT
1021866	1070	6m	1.006	TACTTA
1021899	1512	6m	1.605	TACTTA
1021909	61	o6	1.117	GTACTT
1021909	2178	o6	2.776	GTACTT
1021941	994	7A1	1.662	TACTTA
1021941	1001	7A1	1.112	TACTTA
1021941	1249	8m	1.711	GTACTT
1021959	683	7m8	2.533	GTACTT
1021962	1937	o6	1.831	GTACTT
1021978	1045	o6	2.194	GTACTT
1022020	58	o6	1.390	GTACTT
1022054	420	o6	2.267	GTACTT
1022101	1069	7m8	1.880	GTACTT
1022110	96	6m	1.203	TACTTA
1022116	99	6m	1.554	TACTTA
1022125	399	8m	3.335	GTACTT
1022129	1608	6m	1.227	TACTTA
1022165	603	7m8	2.321	GTACTT
1022168	804	o6	2.577	GTACTT
1022173	144	8m	1.915	GTACTT
1022198	775	8m	2.941	GTACTT
1022212	110	7A1	1.585	TACTTA
1022212	171	6m	1.347	TACTTA
1022235	1316	7A1	2.996	TACTTA
1022235	3024	o6	1.024	GTACTT
1022256	1632	o6	2.145	GTACTT
1022282	32	6m	1.304	TACTTA
1022383	1025	7A1	2.220	TACTTA
1022383	1105	8m	1.322	TACTTA
1022383	1868	6m	1.788	TACTTA
1022495	4732	7A1	1.275	TACTTA
1022495	5199	o6	2.019	GTACTT
1022500	157	8m	2.537	GTACTT
1022530	216	6m	1.272	TACTTA
1022573	66	6m	1.663	TACTTA
1022601	69	6m	2.317	TACTTA
1022675	76	o6	2.688	GTACTT
1022789	51	7A1	1.190	TACTTA
1022813	162	6m	1.098	TACTTA
1022837	50	6m	1.394	TACTTA
1022843	326	8m	3.224	GTACTT
1022932	2312	8m	2.116	TACTTA
1022941	2546	o6	1.091	GTACTT
1022985	1311	6m	2.220	TACTTA
1022985	1323	o6	2.017	GTACTT
1023004	114	o6	1.786	GTACTT
1023050	74	7m8	1.180	TACTTA
1023065	519	6m	1.919	TACTTA
1023072	216	o6	1.174	GTACTT
1023085	215	7m8	2.220	GTACTT
1023088	161	8m	2.758	GTACTT
1023100	1509	7m8	1.720	TACTTA
1023104	819	o6	2.660	GTACTT
1023110	284	7m8	1.434	GTACTT
1023110	938	o6	1.416	GTACTT
1023157	858	7m8	1.053	GTACTT
1023187	26	6m	2.277	TACTTA
1023219	978	o6	1.831	GTACTT
1023256	212	6m	1.180	TACTTA
1023256	325	o6	1.223	GTACTT
1023256	577	6m	1.556	TACTTA
1023289	2178	7m8	1.690	TACTTA
1023292	341	7m8	1.574	TACTTA
1023292	496	7A1	1.184	TACTTA
1023298	765	o6	1.073	GTACTT
1023320	969	7m8	1.312	TACTTA
1023340	214	o6	2.992	GTACTT
1023378	1234	o6	1.011	GTACTT
1023381	745	o6	1.011	GTACTT
1023391	36	7m8	1.590	GTACTT
1023391	1666	6m	1.080	TACTTA
1023391	1797	7m8	1.550	GTACTT
1023399	284	7A1	1.029	TACTTA
1023432	522	6m	1.281	TACTTA
1023432	865	6m	1.519	TACTTA
1023443	339	o6	2.544	GTACTT
1023488	533	7A1	2.561	TACTTA
1023523	405	7A1	2.544	TACTTA
1023523	643	7m8	1.882	TACTTA
1023594	722	6m	1.687	TACTTA
1023594	992	7A1	1.337	TACTTA
1023599	6005	6m	1.336	TACTTA
1023706	683	o6	1.012	GTACTT
1023717	568	6m	1.084	TACTTA
1023757	338	6m	1.322	TACTTA
1023765	43	7m8	1.580	TACTTA
1023784	1895	7m8	2.735	GTACTT
1023784	2884	6m	1.273	TACTTA
1023790	2523	o6	2.505	GTACTT
1023790	2641	6m	1.563	TACTTA
1023802	164	7A1	1.729	TACTTA
1023802	584	8m	1.629	GTACTT
1023805	526	o6	1.477	GTACTT
1023805	3971	7A1	1.608	TACTTA
1023805	4856	o6	1.545	GTACTT
1023846	507	8m	1.315	TACTTA
1023850	1213	8m	1.680	TACTTA
1023850	1412	6m	1.240	TACTTA
1023850	1450	o6	1.321	GTACTT
1023850	1730	o6	1.227	GTACTT
1023850	1755	o6	1.533	GTACTT
1023897	436	o6	1.230	GTACTT
1023904	106	o6	1.849	GTACTT
1023922	656	6m	1.843	TACTTA
1024012	711	7m8	2.483	GTACTT
1024019	558	6m	1.518	TACTTA
1024025	496	6m	1.306	TACTTA
1024025	781	6m	2.069	TACTTA
1024028	1249	6m	2.051	TACTTA
1024031	1194	o6	1.606	GTACTT
1024031	4190	7A1	1.284	TACTTA
1024045	228	6m	1.663	TACTTA
1024118	135	6m	2.548	TACTTA
1024123	231	7A1	1.809	TACTTA
1024129	50	7m8	3.266	GTACTT
1024133	2034	7m8	2.544	GTACTT
1024189	228	o6	2.031	GTACTT
1024211	1360	o6	1.574	GTACTT
1024211	1429	7A1	2.350	TACTTA
1024228	269	o6	1.012	GTACTT
1024228	757	6m	1.808	TACTTA
1024250	221	6m	2.046	TACTTA
1024304	303	6m	1.039	TACTTA
1024349	798	8m	2.148	GTACTT
1024366	523	7A1	2.191	TACTTA
1024381	2389	7A1	1.244	TACTTA
1024385	945	7A1	1.376	TACTTA
1024393	750	6m	2.183	TACTTA
1024403	773	6m	1.126	TACTTA
1024406	1391	o6	3.207	GTACTT
1024418	302	7A1	1.467	TACTTA
1024448	1118	8m	2.041	GTACTT
1024448	1641	o6	2.438	GTACTT
1024486	807	o6	2.398	GTACTT
1024513	87	7m8	1.476	GTACTT
1024529	844	6m	1.348	TACTTA
1024537	768	7A1	2.276	TACTTA
1024556	103	7A1	2.375	TACTTA
1024556	293	6m	1.008	TACTTA
1024556	1736	6m	1.655	TACTTA
1024556	1982	7A1	1.224	TACTTA
1024559	285	8m	2.350	GTACTT
1024609	437	6m	1.662	TACTTA
1024612	1682	7A1	1.512	TACTTA
1024619	581	o6	1.669	GTACTT
1024619	1193	7m8	1.315	GTACTT
1024631	31	o6	1.524	GTACTT
1024639	1708	o6	1.322	GTACTT
1024639	2059	7m8	1.657	GTACTT
1024648	3195	7A1	1.322	TACTTA
1024648	8801	6m	1.053	TACTTA
1024648	9690	6m	1.079	TACTTA
1024648	13225	8m	1.053	GTACTT
1024654	58	8m	2.544	GTACTT
1024654	861	7A1	2.206	TACTTA
1024654	1638	7A1	2.350	TACTTA
1024654	1902	6m	1.647	TACTTA
1024664	505	7A1	2.061	TACTTA
1024664	530	7A1	1.642	TACTTA
1024672	415	6m	1.236	TACTTA
1024720	227	6m	1.284	TACTTA
1024774	170	7A1	1.818	TACTTA
1024807	619	6m	1.285	TACTTA
1024832	432	6m	1.284	TACTTA
1024843	1116	6m	1.538	TACTTA
1024891	103	8m	2.298	GTACTT
1024945	221	7A1	2.409	TACTTA
1024956	950	8m	2.149	GTACTT
1024956	2167	6m	1.606	TACTTA
1024956	3298	6m	1.058	TACTTA
1024956	3411	7m8	1.407	GTACTT
1024966	246	6m	1.068	TACTTA
1024971	704	6m	1.933	TACTTA
1024987	1161	o6	1.851	GTACTT
1025022	652	7m8	1.053	GTACTT
1025029	83	o6	1.284	GTACTT
1025029	2870	o6	1.202	GTACTT
1025064	395	7A1	2.073	TACTTA
1025064	483	8m	2.976	GTACTT
1025064	809	6m	2.073	TACTTA
1025064	913	7A1	2.981	TACTTA
1025064	1712	o6	2.511	GTACTT
1025064	2131	6m	1.950	TACTTA
1025083	392	7A1	1.956	TACTTA
1025101	549	6m	1.568	TACTTA
1025110	144	8m	3.017	GTACTT
1025125	46	7A1	1.564	TACTTA
1025158	311	6m	2.317	TACTTA
1025168	1505	o6	2.218	GTACTT
1025168	1568	7m8	1.894	GTACTT
1025179	424	o6	1.184	GTACTT
1025213	197	o6	1.606	GTACTT
1025229	772	7A1	2.076	TACTTA
1025229	1199	7A1	1.451	TACTTA
1025269	544	6m	1.255	TACTTA
1025331	29	6m	1.035	TACTTA
1025331	92	7A1	1.402	TACTTA
1025424	567	7m8	2.354	GTACTT
1025427	1434	6m	3.232	TACTTA
1025431	763	8m	1.053	TACTTA
1025488	105	6m	2.544	TACTTA
1025506	207	o6	1.687	GTACTT
1025536	149	7A1	2.326	TACTTA
1025536	413	o6	1.721	GTACTT
1025654	913	6m	2.449	TACTTA
1025654	2997	o6	2.734	GTACTT
1025657	26	7m8	1.283	GTACTT
1025657	306	7m8	1.964	GTACTT
1025675	156	o6	1.542	GTACTT
1025690	311	o6	1.219	GTACTT
1025724	149	7m8	1.298	GTACTT
1025725	58	7A1	2.183	TACTTA
1025742	628	7A1	1.831	TACTTA
1025742	816	o6	1.306	GTACTT
1025755	156	o6	2.610	GTACTT
1025755	409	6m	1.107	TACTTA
1025799	61	7A1	1.917	TACTTA
1025854	103	o6	1.151	GTACTT
1025872	220	o6	1.321	GTACTT
1025872	760	o6	1.563	GTACTT
1025878	342	o6	1.298	GTACTT
1025904	189	7A1	3.250	TACTTA
1025940	99	7A1	2.003	TACTTA
1025955	191	7A1	1.181	TACTTA
1025965	66	o6	1.563	GTACTT
1025965	174	o6	1.199	GTACTT
1026012	1057	7A1	2.047	TACTTA
1026095	2735	7m8	1.086	GTACTT
1026161	410	o6	1.387	GTACTT
1026180	7	7A1	1.550	TACTTA
1026188	49	o6	2.409	GTACTT
1026222	67	7A1	1.619	TACTTA
1026247	136	o6	1.001	GTACTT
1026262	1133	o6	1.464	GTACTT
1026275	468	o6	1.186	GTACTT
1026287	415	6m	2.326	TACTTA
1026375	412	8m	2.309	GTACTT
1026477	762	o6	2.481	GTACTT
1026480	2713	8m	1.777	GTACTT
1026480	2748	7A1	1.564	TACTTA
1026485	115	o6	2.570	GTACTT
1026518	122	o6	1.513	GTACTT
1026525	272	o6	2.180	GTACTT
1026530	1063	6m	1.188	TACTTA
1026551	115	7m8	1.717	GTACTT
1026554	637	7A1	2.611	TACTTA
1026657	1190	o6	2.544	GTACTT
1026660	667	o6	2.544	GTACTT
1026687	77	7A1	2.048	TACTTA
1026688	4125	6m	1.524	TACTTA
1026688	4147	8m	1.029	GTACTT
1026688	4691	o6	1.163	GTACTT
1026711	1745	6m	1.690	TACTTA
1026711	2222	6m	2.073	TACTTA
1026711	2396	6m	2.073	TACTTA
1026737	77	6m	1.703	TACTTA
1026761	984	6m	1.971	TACTTA
1026791	275	o6	2.229	GTACTT
1026798	1276	6m	2.017	TACTTA
1026798	1282	6m	2.017	TACTTA
1026838	575	o6	1.163	GTACTT
1026841	808	6m	1.374	TACTTA
1026841	819	7m8	2.122	TACTTA
1026853	2702	6m	2.224	TACTTA
1026877	197	7A1	2.967	TACTTA
1026965	621	7A1	2.448	TACTTA
1026965	2358	7A1	2.022	TACTTA
1026966	1483	8m	1.219	GTACTT
1026981	1355	6m	1.376	TACTTA
1027002	597	o6	1.180	GTACTT
1027002	931	o6	2.558	GTACTT
1027073	265	6m	1.387	TACTTA
1027129	81	6m	1.546	TACTTA
1027145	19	8m	1.943	GTACTT
1027168	865	8m	1.577	TACTTA
1027186	403	o6	2.493	GTACTT
1027226	270	6m	1.567	TACTTA
1027357	383	8m	1.413	GTACTT
1027363	63	8m	2.151	GTACTT
1027369	180	6m	1.185	TACTTA
1027417	628	8m	2.704	GTACTT
1027417	1017	o6	1.318	GTACTT
1027564	582	o6	3.406	GTACTT
1027580	212	7A1	1.036	TACTTA
1027580	312	7A1	1.179	TACTTA
1027637	1218	6m	1.171	TACTTA
1027646	17	o6	2.044	GTACTT
1027737	133	6m	1.266	TACTTA
1027756	13	6m	2.545	TACTTA
1027756	173	8m	2.019	GTACTT
1027773	120	8m	2.690	TACTTA
1027773	128	6m	2.690	TACTTA
1027844	805	7A1	1.000	TACTTA
1027891	1038	7m8	1.910	GTACTT
1027938	312	7m8	1.786	TACTTA
1027971	246	7m8	2.003	GTACTT
1027977	62	7A1	1.164	TACTTA
1028011	490	o6	1.485	GTACTT
1028023	93	8m	2.344	GTACTT
1028028	901	7A1	1.639	TACTTA
1028087	125	6m	1.084	TACTTA
1028102	561	7A1	1.692	TACTTA
1028103	83	7A1	1.252	TACTTA
1028109	184	6m	2.476	TACTTA
1028146	344	7m8	1.326	GTACTT
1028197	44	6m	2.757	TACTTA
1028396	291	o6	1.638	GTACTT
1028470	150	o6	3.103	GTACTT
1028512	594	7A1	1.248	TACTTA
1028526	1475	o6	2.130	GTACTT
1028559	856	o6	1.602	GTACTT
1028672	106	6m	1.545	TACTTA
1028701	221	8m	2.433	GTACTT
1028731	174	8m	2.390	GTACTT
1028734	5908	6m	1.602	TACTTA
1028743	73	o6	1.906	GTACTT
1028866	371	6m	1.724	TACTTA
1029024	36	o6	1.933	GTACTT
1029037	714	6m	1.706	TACTTA
1029069	1439	7A1	1.316	TACTTA
1029069	3286	7A1	1.322	TACTTA
1029073	269	o6	1.739	GTACTT
1029076	160	7A1	1.322	TACTTA
1029091	787	6m	1.606	TACTTA
1029165	583	o6	1.308	GTACTT
1029309	648	o6	1.505	GTACTT
1029369	2780	6m	1.282	TACTTA
1029391	321	7A1	1.169	TACTTA
1029517	1032	6m	2.186	TACTTA
1029647	105	6m	1.428	TACTTA
1029647	505	o6	1.449	GTACTT
1029673	186	7m8	2.493	GTACTT
1029685	228	7A1	1.997	TACTTA
1029724	79	6m	2.026	TACTTA
1029787	140	7A1	1.693	TACTTA
1029832	240	7m8	2.349	TACTTA
1029832	343	6m	1.293	TACTTA
1029832	496	o6	1.636	GTACTT
1029870	491	7A1	2.718	TACTTA
1029904	195	7A1	1.139	TACTTA
1029927	190	7m8	1.906	TACTTA
1029934	404	6m	1.695	TACTTA
1029934	1059	o6	1.150	GTACTT
1029982	1040	6m	1.535	TACTTA
1029985	122	7m8	1.283	TACTTA
1030004	105	o6	4.497	GTACTT
1030124	85	6m	2.060	TACTTA
1030192	472	7A1	2.335	TACTTA
1030325	65	7m8	1.905	GTACTT
1030368	62	8m	1.345	TACTTA
1030468	421	7A1	1.045	TACTTA
1030482	1124	6m	1.944	TACTTA
1030491	287	7A1	1.275	TACTTA
1030566	114	o6	1.315	GTACTT
1030566	361	7A1	1.382	TACTTA
1030566	1262	7m8	1.680	GTACTT
1030679	238	8m	2.442	GTACTT
1030688	82	8m	2.507	GTACTT
1030688	114	7m8	2.035	GTACTT
1030688	314	o6	1.211	GTACTT
1030688	356	7m8	2.183	TACTTA
1030692	673	6m	1.585	TACTTA
1030692	2035	6m	1.189	TACTTA
1030697	10	7m8	1.267	GTACTT
1030731	112	7m8	2.834	GTACTT
1030759	64	o6	3.475	GTACTT
1030782	2584	o6	1.845	GTACTT
1030834	97	o6	1.322	GTACTT
1030834	193	6m	1.807	TACTTA
1030858	145	o6	1.130	GTACTT
1030858	214	7A1	1.932	TACTTA
1030888	129	o6	1.510	GTACTT
1030903	123	o6	1.606	GTACTT
1030924	235	6m	2.459	TACTTA
1030973	117	6m	1.122	TACTTA
1031001	383	8m	2.554	TACTTA
1031039	152	o6	2.065	GTACTT
1031078	38	o6	2.313	GTACTT
1031106	1190	7m8	1.922	TACTTA
1031126	151	6m	1.562	TACTTA
1031156	1221	o6	1.565	GTACTT
1031199	2536	o6	3.034	GTACTT
1031199	2542	7m8	3.034	GTACTT
1031227	650	8m	2.544	GTACTT
1031307	3040	o6	3.232	GTACTT
1031390	4983	6m	1.356	TACTTA
1031426	98	7A1	2.019	TACTTA
1031426	118	7A1	3.142	TACTTA
1031479	1028	7A1	1.891	TACTTA
1031498	2307	6m	2.639	TACTTA
1031530	72	7m8	2.648	GTACTT
1031557	129	o6	1.284	GTACTT
1031616	923	o6	1.829	GTACTT
1031667	600	7m8	1.896	GTACTT
1031734	43	o6	1.215	GTACTT
1031755	568	6m	2.204	TACTTA
1031755	632	o6	1.577	GTACTT
1031782	819	o6	1.606	GTACTT
1031794	104	o6	1.053	GTACTT
1031805	669	6m	2.025	TACTTA
1031814	336	6m	1.323	TACTTA
1031821	53	o6	1.956	GTACTT
1031830	868	6m	1.914	TACTTA
1031871	491	8m	1.737	GTACTT
1031906	233	o6	2.256	GTACTT
1031994	278	7A1	1.164	TACTTA
1032009	216	7A1	1.251	TACTTA
1032325	2400	6m	1.550	TACTTA
1032333	964	6m	2.469	TACTTA
1032334	61	7A1	1.687	TACTTA
1032411	200	7A1	2.363	TACTTA
1032420	1177	7m8	2.970	GTACTT
1032420	1273	7m8	2.970	GTACTT
1032426	590	o6	1.229	GTACTT
1032430	615	6m	1.132	TACTTA
1032456	415	6m	1.295	TACTTA
1032466	747	o6	1.032	GTACTT
1032486	772	o6	2.144	GTACTT
1032490	323	6m	1.873	TACTTA
1032490	345	8m	1.309	GTACTT
1032490	889	o6	1.525	GTACTT
1032508	1876	6m	2.040	TACTTA
1032519	978	o6	2.827	GTACTT
1032549	9	6m	2.486	TACTTA
1032607	1128	6m	2.350	TACTTA
1032607	1136	6m	2.350	TACTTA
1032608	1123	7m8	1.284	GTACTT
1032616	457	6m	1.322	TACTTA
1032616	470	6m	2.350	TACTTA
1032616	1870	7m8	2.072	TACTTA
1032622	5126	6m	1.284	TACTTA
1032693	1866	6m	1.577	TACTTA
1032703	197	8m	2.150	TACTTA
1032713	888	6m	1.407	TACTTA
1032799	2049	7A1	1.195	TACTTA
1032802	1201	o6	1.391	GTACTT
1032813	1426	6m	1.209	TACTTA
1032876	1665	7m8	1.393	TACTTA
1032884	51	o6	1.780	GTACTT
1032902	8	7A1	1.757	TACTTA
1032902	2093	6m	1.544	TACTTA
1032924	92	7A1	1.301	TACTTA
1032968	208	6m	1.322	TACTTA
1032976	439	7A1	2.524	TACTTA
1032987	81	6m	1.815	TACTTA
1033065	272	7m8	1.350	TACTTA
1033074	22	o6	1.057	GTACTT
1033074	491	6m	1.543	TACTTA
1033082	428	6m	1.082	TACTTA
1033082	757	8m	1.322	GTACTT
1033088	476	8m	1.334	GTACTT
1033141	3403	6m	1.274	TACTTA
1033141	6547	6m	2.433	TACTTA
1033152	2096	7A1	1.945	TACTTA
1033221	140	7A1	1.961	TACTTA
1033227	159	7A1	1.485	TACTTA
1033227	558	6m	2.845	TACTTA
1033227	985	7A1	2.845	TACTTA
1033227	1411	7A1	1.663	TACTTA
1033244	589	7m8	2.076	GTACTT
1033250	414	7A1	1.968	TACTTA
1033250	633	7A1	2.026	TACTTA
1033254	570	6m	3.299	TACTTA
1033322	782	o6	1.533	GTACTT
1033350	37	o6	1.593	GTACTT
1033351	1051	8m	1.424	TACTTA
1033362	161	7A1	1.891	TACTTA
1033384	1421	7m8	1.529	GTACTT
1033414	888	o6	1.257	GTACTT
1033414	1067	o6	1.679	GTACTT
1033425	239	7A1	1.284	TACTTA
1033425	1454	o6	1.284	GTACTT
1033472	113	7A1	1.968	TACTTA
1033481	2181	6m	1.560	TACTTA
1033485	62	7m8	1.904	GTACTT
1033485	68	6m	2.472	TACTTA
1033485	78	7m8	2.009	GTACTT
1033508	535	6m	3.034	TACTTA
1033550	2	o6	1.779	GTACTT
1033565	488	6m	1.056	TACTTA
1033571	760	7A1	1.322	TACTTA
1033571	3686	6m	1.282	TACTTA
1033598	1690	7m8	2.026	GTACTT
1033598	3595	6m	2.320	TACTTA
1033598	4771	o6	2.350	GTACTT
1033598	5990	6m	2.026	TACTTA
1033601	944	7A1	2.212	TACTTA
1033602	1583	o6	1.606	GTACTT
1033678	144	7m8	1.322	TACTTA
1033703	67	7A1	1.011	TACTTA
1033715	194	6m	2.092	TACTTA
1033732	873	6m	1.271	TACTTA
1033732	883	7A1	2.372	TACTTA
1033735	385	o6	1.029	GTACTT
1033795	329	6m	1.813	TACTTA
1033827	69	o6	1.223	GTACTT
1033830	42	o6	1.389	GTACTT
1033839	215	o6	1.283	GTACTT
1033844	265	o6	1.584	GTACTT
1033859	183	7A1	1.663	TACTTA
1033865	199	6m	1.032	TACTTA
1033865	347	6m	1.336	TACTTA
1033877	1632	6m	1.749	TACTTA
1033877	1647	7m8	1.584	TACTTA
1033877	1976	6m	1.057	TACTTA
1033877	2914	6m	1.495	TACTTA
1033877	2929	6m	2.785	TACTTA
1033877	2943	8m	1.973	GTACTT
1033883	562	o6	2.203	GTACTT
1033907	1305	7m8	1.191	TACTTA
1033960	1554	8m	1.422	GTACTT
1033971	1187	6m	1.884	TACTTA
1033971	2081	8m	1.094	TACTTA
1033978	731	o6	2.149	GTACTT
1034053	1790	7A1	1.744	TACTTA
1034068	254	7A1	1.643	TACTTA
1034068	309	8m	1.692	TACTTA
1034068	4889	6m	1.882	TACTTA
1034115	277	7m8	1.347	GTACTT
1034121	2944	7A1	1.172	TACTTA
1034160	1112	6m	1.678	TACTTA
1034160	1899	7A1	1.177	TACTTA
1034202	1732	8m	2.245	TACTTA
1034259	6268	o6	2.298	GTACTT
1034304	2326	o6	2.366	GTACTT
1034307	187	6m	1.265	TACTTA
1034316	303	7A1	2.453	TACTTA
1034322	164	6m	1.463	TACTTA
1034331	1945	6m	1.150	TACTTA
1034331	2093	6m	1.999	TACTTA
1034334	508	o6	1.773	GTACTT
1034337	813	8m	2.996	TACTTA
1034347	725	8m	2.489	GTACTT
1034347	874	7A1	2.288	TACTTA
1034358	506	o6	3.081	GTACTT
1034358	791	7A1	2.377	TACTTA
1034361	537	6m	2.051	TACTTA
1034362	251	7A1	1.984	TACTTA
1034371	54	8m	1.281	GTACTT
1034389	355	6m	3.267	TACTTA
1034397	350	6m	1.992	TACTTA
1034401	126	o6	1.673	GTACTT
1034406	687	7A1	1.065	TACTTA
1034409	684	7A1	2.030	TACTTA
1034416	1157	7m8	2.652	GTACTT
1034427	746	7m8	2.808	GTACTT
1034427	770	o6	2.366	GTACTT
1034499	1105	7m8	2.157	GTACTT
1034499	1128	8m	2.848	TACTTA
1034499	1148	8m	2.457	GTACTT
1034500	304	7m8	1.955	GTACTT
1034508	16	7m8	2.824	GTACTT
1034508	381	6m	2.268	TACTTA
1034521	413	6m	3.028	TACTTA
1034529	461	6m	2.150	TACTTA
1034539	1239	o6	3.475	GTACTT
1034556	1317	7A1	3.619	TACTTA
1034565	592	6m	1.919	TACTTA
1034569	2703	7A1	2.140	TACTTA
1034599	155	7m8	1.687	GTACTT
1034599	325	6m	1.248	TACTTA
1034690	137	7A1	2.906	TACTTA
1034706	61	7A1	4.225	TACTTA
1034709	769	6m	1.907	TACTTA
1034735	79	o6	1.521	GTACTT
1034735	87	7m8	1.606	GTACTT
1034736	705	6m	1.328	TACTTA
1034739	2092	7A1	2.348	TACTTA
1034744	352	7A1	1.818	TACTTA
1034745	707	8m	2.302	GTACTT
1034763	254	7A1	1.251	TACTTA
1034775	85	o6	1.503	GTACTT
1034775	142	8m	1.990	GTACTT
1034869	79	o6	1.607	GTACTT
1034899	3387	7A1	1.620	TACTTA
1034899	3565	o6	3.098	GTACTT
1034909	1789	o6	1.718	GTACTT
1034942	184	7A1	1.101	TACTTA
1035001	409	6m	2.301	TACTTA
1035010	4181	8m	3.563	TACTTA
1035010	4955	7m8	2.530	GTACTT
1035010	5116	o6	2.138	GTACTT
1035015	234	6m	3.833	TACTTA
1035093	1453	7A1	1.755	TACTTA
1035147	95	o6	1.476	GTACTT
1035153	364	6m	1.097	TACTTA
1035153	1381	6m	1.682	TACTTA
1035165	28	6m	2.854	TACTTA
1035198	1945	6m	1.047	TACTTA
1035203	127	7A1	2.058	TACTTA
1035213	281	o6	1.260	GTACTT
1035213	584	o6	2.328	GTACTT
1035213	1025	8m	1.820	GTACTT
1035213	1148	7m8	2.037	TACTTA
1035230	120	7m8	1.434	TACTTA
1035260	478	6m	1.726	TACTTA
1035264	33	6m	1.341	TACTTA
1035288	861	7m8	1.025	GTACTT
1035333	206	7A1	1.560	TACTTA
1035408	428	6m	2.019	TACTTA
1035426	527	6m	1.512	TACTTA
1035476	127	8m	1.244	TACTTA
1035506	546	8m	3.103	GTACTT
1035506	703	7m8	1.066	GTACTT
1035527	720	o6	1.210	GTACTT
1035536	2120	o6	4.492	GTACTT
1035561	601	7m8	1.493	GTACTT
1035561	1015	7A1	2.227	TACTTA
1035569	1108	6m	2.262	TACTTA
1035569	4973	o6	1.540	GTACTT
1035569	6405	6m	1.574	TACTTA
1035569	10835	6m	1.653	TACTTA
1035569	15583	6m	1.284	TACTTA
1035569	16691	7m8	1.581	GTACTT
1035569	18031	6m	1.307	TACTTA
1035569	18166	6m	2.629	TACTTA
1035575	1507	7A1	1.657	TACTTA
1035636	93	6m	2.377	TACTTA
1035656	3787	6m	2.227	TACTTA
1035656	3797	6m	1.682	TACTTA
1035684	918	6m	2.341	TACTTA
1035687	389	8m	3.398	GTACTT
1035687	707	8m	3.506	GTACTT
1035701	314	6m	1.615	TACTTA
1035701	462	6m	1.975	TACTTA
1035705	105	o6	2.367	GTACTT
1035711	808	6m	1.149	TACTTA
1035719	1447	7A1	1.394	TACTTA
1035720	131	7m8	2.321	GTACTT
1035737	269	7A1	1.894	TACTTA
1035737	335	o6	2.366	GTACTT
1035774	60	6m	1.404	TACTTA
1035779	169	6m	2.517	TACTTA
1035782	484	6m	1.084	TACTTA
1035783	2818	o6	2.767	GTACTT
1035783	4080	o6	1.468	GTACTT
1035783	4993	o6	1.030	GTACTT
1035836	384	o6	5.802	GTACTT
1035843	1523	6m	1.234	TACTTA
1035863	571	7A1	2.189	TACTTA
1035900	95	6m	2.608	TACTTA
1035900	151	8m	1.073	TACTTA
1035945	1577	o6	2.062	GTACTT
1035963	1007	7m8	1.374	GTACTT
1035993	456	7A1	1.288	TACTTA
1035993	696	7A1	2.854	TACTTA
1036001	2116	o6	3.923	GTACTT
1036005	88	8m	1.575	TACTTA
1036011	138	6m	2.272	TACTTA
1036046	437	6m	1.371	TACTTA
1036127	8627	o6	3.852	GTACTT
1036127	10976	7m8	1.876	GTACTT
1036154	3077	o6	1.690	GTACTT
1036160	399	7A1	1.589	TACTTA
1036169	981	6m	1.850	TACTTA
1036193	93	8m	2.986	GTACTT
1036217	13	o6	1.631	GTACTT
1036232	1465	o6	2.015	GTACTT
1036283	1464	7m8	2.864	GTACTT
1036283	1647	o6	2.371	GTACTT
1036304	225	o6	1.434	GTACTT
1036349	455	6m	1.311	TACTTA
1036367	1173	7A1	2.831	TACTTA
1036367	1217	6m	2.360	TACTTA
1036381	2895	6m	2.049	TACTTA
1036413	247	8m	2.728	TACTTA
1036419	1268	o6	2.755	GTACTT
1036420	462	o6	1.349	GTACTT
1036470	218	7m8	4.584	GTACTT
1036471	55	8m	1.790	GTACTT
1036486	156	6m	2.009	TACTTA
1036497	664	7A1	1.210	TACTTA
1036497	819	o6	1.359	GTACTT
1036558	1655	o6	1.376	GTACTT
1036558	1830	6m	2.973	TACTTA
1036568	3555	6m	1.073	TACTTA
1036586	317	8m	2.776	GTACTT
1036586	568	6m	1.056	TACTTA
1036592	217	7A1	2.278	TACTTA
1036598	1545	6m	1.485	TACTTA
1036645	150	7m8	1.453	GTACTT
1036645	570	o6	2.308	GTACTT
1036656	1101	o6	2.432	GTACTT
1036682	1004	7A1	1.118	TACTTA
1036706	1261	6m	1.906	TACTTA
1036706	2586	6m	1.560	TACTTA
1036718	203	o6	1.993	GTACTT
1036727	343	7A1	2.016	TACTTA
1036739	46	o6	1.320	GTACTT
1036772	193	7A1	1.118	TACTTA
1036787	986	8m	2.981	GTACTT
1036787	1413	6m	1.377	TACTTA
1036788	986	o6	2.781	GTACTT
1036836	105	o6	1.030	GTACTT
1036910	1538	8m	2.235	GTACTT
1036967	30	o6	2.651	GTACTT
1036968	669	o6	1.907	GTACTT
1036973	72	o6	1.447	GTACTT
1036995	205	6m	1.220	TACTTA
1037031	478	6m	1.336	TACTTA
1037051	878	o6	1.628	GTACTT
1037067	394	7A1	2.194	TACTTA
1037090	756	o6	2.010	GTACTT
1037161	56	o6	1.890	GTACTT
1037180	280	6m	1.468	TACTTA
1037207	149	7m8	3.126	GTACTT
1037207	799	6m	2.106	TACTTA
1037225	140	7A1	1.039	TACTTA
1037239	361	6m	1.569	TACTTA
1037286	73	6m	1.537	TACTTA
1037297	284	8m	2.376	GTACTT
1037315	166	8m	1.488	TACTTA
1037422	1147	o6	1.468	GTACTT
1037474	741	7A1	1.413	TACTTA
1037516	593	7m8	1.545	GTACTT
1037534	123	7A1	1.162	TACTTA
1037588	615	6m	2.340	TACTTA
1037608	61	7m8	1.330	GTACTT
1037709	432	6m	1.313	TACTTA
1037715	368	7m8	1.999	TACTTA
1037757	575	o6	1.375	GTACTT
1037832	612	7A1	1.102	TACTTA
1037845	461	8m	2.194	GTACTT
1037845	626	7m8	2.194	GTACTT
1037982	39	8m	2.821	TACTTA
1038066	725	7A1	2.269	TACTTA
1038066	2411	7A1	2.321	TACTTA
1038067	536	7m8	2.776	GTACTT
1038078	416	8m	1.482	GTACTT
1038085	106	o6	3.174	GTACTT
1038099	133	o6	2.128	GTACTT
1038119	118	6m	2.341	TACTTA
1038119	935	7A1	2.764	TACTTA
1038130	32	7A1	1.027	TACTTA
1038211	127	o6	1.775	GTACTT
1038223	980	7m8	1.412	GTACTT
1038273	151	8m	3.232	GTACTT
1038273	399	7m8	2.073	GTACTT
1038284	132	7m8	1.552	GTACTT
1038293	3678	6m	2.235	TACTTA
1038293	4541	6m	2.933	TACTTA
1038303	559	o6	1.320	GTACTT
1038312	3138	o6	2.496	GTACTT
1038312	3806	o6	2.073	GTACTT
1038333	138	o6	1.191	GTACTT
1038366	22	7A1	2.957	TACTTA
1038366	440	7A1	3.956	TACTTA
1038366	773	6m	1.560	TACTTA
1038371	54	6m	2.020	TACTTA
1038371	102	6m	1.943	TACTTA
1038407	759	o6	3.829	GTACTT
1038407	882	o6	3.848	GTACTT
1038410	304	6m	1.848	TACTTA
1038416	98	o6	3.226	GTACTT
1038416	500	o6	1.700	GTACTT
1038470	422	6m	1.169	TACTTA
1038484	567	7A1	1.560	TACTTA
1038485	508	6m	2.135	TACTTA
1038485	1629	o6	1.633	GTACTT
1038511	288	7m8	2.462	GTACTT
1038512	434	8m	2.497	GTACTT
1038521	103	7A1	2.059	TACTTA
1038521	650	6m	1.181	TACTTA
1038521	1325	8m	2.025	GTACTT
1038640	1666	6m	1.073	TACTTA
1038640	1691	o6	1.073	GTACTT
1038640	2038	7A1	1.690	TACTTA
1038640	2842	o6	1.215	GTACTT
1038643	53	o6	3.291	GTACTT
1038710	1058	7m8	2.589	GTACTT
1038748	471	6m	1.682	TACTTA
1038757	716	8m	1.890	GTACTT
1038833	905	7m8	2.301	GTACTT
1038841	211	7A1	1.692	TACTTA
1038855	246	6m	2.306	TACTTA
1038860	136	7A1	1.852	TACTTA
1038860	928	7m8	3.649	TACTTA
1038860	1313	6m	1.015	TACTTA
1038867	474	7A1	2.133	TACTTA
1038930	28	7A1	1.426	TACTTA
1038930	163	6m	2.584	TACTTA
1038948	1229	6m	2.110	TACTTA
1038954	1029	7m8	2.371	TACTTA
1039033	662	o6	1.847	GTACTT
1039073	216	o6	2.301	GTACTT
1039114	129	o6	1.498	GTACTT
1039178	594	o6	1.263	GTACTT
1039199	1102	o6	1.306	GTACTT
1039218	383	7m8	1.192	GTACTT
1039224	99	7m8	1.784	GTACTT
1039244	229	7A1	1.560	TACTTA
1039250	40	6m	2.376	TACTTA
1039398	463	6m	1.406	TACTTA
1039421	385	o6	2.904	GTACTT
1039431	1450	6m	2.186	TACTTA
1039445	1774	o6	2.405	GTACTT
1039502	4357	6m	5.179	TACTTA
1039503	1083	8m	2.377	GTACTT
1039578	3811	o6	1.951	GTACTT
1039578	5328	7m8	2.508	GTACTT
1039606	774	6m	2.011	TACTTA
1039606	782	7A1	2.011	TACTTA
1039606	997	8m	2.627	GTACTT
1039651	633	7A1	2.272	TACTTA
1039718	836	6m	1.217	TACTTA
1039779	210	o6	1.118	GTACTT
1039797	2769	7A1	1.509	TACTTA
1039852	76	o6	3.270	GTACTT
1039853	1079	6m	2.073	TACTTA
1039853	2997	7A1	1.700	TACTTA
1039853	3161	6m	1.288	TACTTA
1039853	4029	o6	1.402	GTACTT
1039853	6527	o6	1.690	GTACTT
1039853	6736	o6	1.073	GTACTT
1039858	4806	6m	2.659	TACTTA
1039865	119	6m	2.955	TACTTA
1039908	713	7m8	1.645	TACTTA
1039908	1100	6m	2.858	TACTTA
1039908	4074	7m8	1.381	TACTTA
1039908	4113	7m8	1.283	GTACTT
1039908	4138	7A1	1.615	TACTTA
1039919	2045	o6	1.931	GTACTT
1039919	2713	7A1	1.356	TACTTA
1039920	324	7A1	3.679	TACTTA
1039920	1374	7A1	2.432	TACTTA
1039949	2323	o6	1.372	GTACTT
1039971	52	6m	1.658	TACTTA
1040016	1661	7A1	1.212	TACTTA
1040019	130	7A1	1.735	TACTTA
1040031	373	7m8	1.006	GTACTT
1040034	295	7m8	1.560	TACTTA
1040048	340	6m	1.891	TACTTA
1040049	2269	o6	2.058	GTACTT
1040054	436	6m	1.632	TACTTA
1040057	522	o6	1.667	GTACTT
1040058	910	7A1	1.271	TACTTA
1040058	2569	o6	1.857	GTACTT
1040070	2717	o6	1.456	GTACTT
1040115	481	6m	2.776	TACTTA
1040123	942	8m	1.032	GTACTT
1040129	1155	o6	1.754	GTACTT
1040135	999	o6	1.547	GTACTT
1040154	243	6m	2.981	TACTTA
1040162	66	o6	2.261	GTACTT
1040165	989	o6	1.154	GTACTT
1040165	4048	7A1	3.398	TACTTA
1040165	4304	6m	1.389	TACTTA
1040190	1370	o6	2.037	GTACTT
1040190	1632	6m	3.395	TACTTA
1040190	2068	6m	1.903	TACTTA
1040190	2720	o6	2.383	GTACTT
1040202	629	6m	1.544	TACTTA
1040210	1615	o6	1.320	GTACTT
1040214	1998	7A1	1.120	TACTTA
1040228	874	8m	1.690	GTACTT
1040234	812	7A1	3.449	TACTTA
1040234	1465	6m	2.433	TACTTA
1040237	2071	o6	1.447	GTACTT
1040246	164	6m	1.073	TACTTA
1040283	508	7A1	2.189	TACTTA
1040283	2298	7A1	1.482	TACTTA
1040283	6148	6m	1.151	TACTTA
1040286	219	7m8	1.087	GTACTT
1040298	1610	6m	1.249	TACTTA
1040298	4447	o6	2.705	GTACTT
1040298	4542	6m	1.304	TACTTA
1040298	4680	o6	2.317	GTACTT
1040303	200	6m	1.230	TACTTA
1040304	1093	6m	1.499	TACTTA
1040304	1391	6m	3.529	TACTTA
1040304	2350	7A1	1.692	TACTTA
1040331	477	6m	1.643	TACTTA
1040337	1094	o6	1.484	GTACTT
1040346	2868	6m	1.491	TACTTA
1040352	3208	7m8	1.693	GTACTT
1040367	1590	6m	1.818	TACTTA
1040367	1908	o6	1.073	GTACTT
1040377	599	6m	1.065	TACTTA
1040387	2433	o6	1.567	GTACTT
1040417	757	6m	1.299	TACTTA
1040417	1208	6m	2.785	TACTTA
1040417	1216	8m	2.785	TACTTA
1040417	2228	7A1	1.441	TACTTA
1040438	1237	6m	1.740	TACTTA
1040438	2127	o6	1.896	GTACTT
1040444	828	o6	1.633	GTACTT
1040458	378	7m8	1.740	GTACTT
1040483	821	7A1	1.189	TACTTA
1040492	13	8m	1.519	GTACTT
1040500	1419	8m	1.468	GTACTT
1040503	187	6m	1.055	TACTTA
1040538	125	7m8	2.250	GTACTT
1040584	825	6m	1.786	TACTTA
1040589	1174	7A1	1.157	TACTTA
1040589	2498	o6	1.134	GTACTT
1040589	2989	6m	2.693	TACTTA
1040590	3874	6m	1.518	TACTTA
1040590	5263	6m	1.518	TACTTA
1040590	7562	6m	1.848	TACTTA
1040623	1084	6m	1.271	TACTTA
1040628	203	7m8	1.282	GTACTT
1040635	472	7m8	1.705	GTACTT
1040635	1688	7A1	2.287	TACTTA
1040635	2465	o6	2.896	GTACTT
1040635	5002	6m	2.904	TACTTA
1040646	1153	7A1	2.429	TACTTA
