1000011	379	6m	1.285	CATGAC
1000026	453	6m	1.322	CATGAC
1000386	1698	o6	1.319	CCATGA
1000421	275	8m	3.034	CATGAC
1000443	1608	o6	1.152	CCATGA
1000665	245	7A1	1.062	CATGAC
1000856	15	6m	1.615	CATGAC
1000880	260	6m	1.885	CATGAC
1000962	842	7m8	1.480	CCATGA
1001069	1325	o6	4.484	CCATGA
1001075	3202	6m	1.396	CATGAC
1001083	876	7A1	2.313	CATGAC
1001440	2795	7A1	2.073	CATGAC
1001620	537	6m	1.116	CATGAC
1001629	359	7A1	1.779	CATGAC
1001745	459	7m8	1.759	CCATGA
1001817	1193	7A1	2.227	CATGAC
1001891	496	6m	1.663	CATGAC
1001912	309	6m	1.223	CATGAC
1001948	2136	o6	1.655	CCATGA
1002017	217	7m8	3.004	CCATGA
1002215	786	7A1	2.475	CATGAC
1002240	687	6m	1.285	CATGAC
1002374	395	o6	1.033	CCATGA
1002415	489	7A1	2.137	CATGAC
1002703	42	o6	2.533	CCATGA
1003247	65	o6	2.461	CCATGA
1003257	129	6m	1.679	CATGAC
1003298	493	o6	1.667	CCATGA
1003579	458	7A1	2.002	CATGAC
1003615	215	o6	1.632	CCATGA
1003631	2369	o6	1.563	CCATGA
1003791	109	o6	1.195	CCATGA
1004050	400	8m	1.690	CCATGA
1004130	419	o6	1.818	CCATGA
1004281	1272	7m8	1.195	CCATGA
1004427	47	7A1	1.156	CATGAC
1004482	91	o6	1.062	CCATGA
1004652	93	6m	1.162	CATGAC
1004657	270	o6	1.512	CCATGA
1004750	1220	7A1	2.672	CATGAC
1005216	639	o6	2.318	CCATGA
1006012	223	6m	3.071	CATGAC
1006071	327	7A1	1.244	CATGAC
1006158	50	o6	1.690	CCATGA
1006518	1060	o6	1.857	CCATGA
1006587	643	6m	1.690	CATGAC
1006599	62	7m8	1.156	CATGAC
1006632	74	o6	1.802	CCATGA
1006693	611	o6	1.874	CCATGA
1007106	600	6m	2.297	CATGAC
1007213	1786	6m	1.493	CATGAC
1007251	734	6m	2.610	CATGAC
1007364	1775	7A1	1.094	CATGAC
1007547	37	o6	3.075	CCATGA
1007611	429	o6	1.857	CCATGA
1007698	2062	6m	1.312	CATGAC
1007710	129	o6	2.361	CCATGA
1007714	52	7m8	1.695	CATGAC
1007731	877	6m	2.448	CATGAC
1007743	598	o6	1.297	CCATGA
1007746	440	o6	1.297	CCATGA
1007812	876	7A1	1.322	CATGAC
1007812	3252	8m	2.142	CCATGA
1007812	3537	o6	2.354	CCATGA
1007866	392	o6	1.606	CCATGA
1007885	317	7A1	1.305	CATGAC
1007888	177	8m	1.981	CCATGA
1007950	552	7A1	1.285	CATGAC
1007980	2027	o6	1.220	CCATGA
1007993	446	o6	1.687	CCATGA
1008081	176	8m	2.508	CCATGA
1008141	74	7m8	1.450	CCATGA
1008145	2755	7A1	1.055	CATGAC
1008145	8925	8m	1.647	CCATGA
1008279	1009	o6	1.006	CCATGA
1008406	-1	6m	2.531	CATGAC
1008420	194	7A1	2.215	CATGAC
1008755	440	6m	1.868	CATGAC
1008816	187	6m	1.463	CATGAC
1008863	292	o6	2.639	CCATGA
1008966	2574	6m	2.263	CATGAC
1008975	57	6m	1.488	CATGAC
1009434	210	7A1	2.533	CATGAC
1009475	1088	7A1	2.233	CATGAC
1009748	1511	6m	1.040	CATGAC
1009948	1611	o6	3.034	CCATGA
1010401	1841	8m	1.085	CCATGA
1010412	487	o6	4.561	CCATGA
1010522	215	o6	1.117	CCATGA
1010533	1797	o6	1.819	CCATGA
1010683	26	o6	1.284	CCATGA
1010979	125	o6	3.402	CCATGA
1011095	612	o6	1.253	CCATGA
1011608	509	o6	1.260	CCATGA
1011608	730	o6	1.053	CCATGA
1011694	52	6m	1.652	CATGAC
1011698	691	o6	1.573	CCATGA
1011868	167	o6	1.868	CCATGA
1011950	942	7A1	4.497	CATGAC
1012008	1424	8m	1.928	CATGAC
1012181	47	8m	2.006	CCATGA
1012323	337	6m	1.149	CATGAC
1012430	463	7A1	1.690	CATGAC
1012430	782	8m	1.328	CCATGA
1012430	1042	7m8	1.063	CCATGA
1012816	110	7A1	2.099	CATGAC
1012839	186	6m	1.284	CATGAC
1013342	199	6m	1.029	CATGAC
1013413	122	6m	3.649	CATGAC
1013413	822	7A1	1.700	CATGAC
1013426	700	6m	1.165	CATGAC
1013866	80	8m	2.926	CATGAC
1013885	1238	6m	1.359	CATGAC
1014403	2527	7A1	3.269	CATGAC
1014411	399	6m	1.196	CATGAC
1014418	349	8m	1.321	CCATGA
1014473	436	o6	2.504	CCATGA
1014473	1017	o6	2.238	CCATGA
1014697	1051	8m	1.272	CCATGA
1014697	1698	6m	1.434	CATGAC
1014841	167	7m8	2.321	CCATGA
1014856	731	o6	1.173	CCATGA
1014856	914	8m	1.239	CCATGA
1014869	890	o6	1.002	CCATGA
1015041	2643	o6	1.043	CCATGA
1015041	4787	6m	1.019	CATGAC
1015041	5632	7A1	1.687	CATGAC
1015047	54	6m	3.472	CATGAC
1015192	143	6m	2.633	CATGAC
1015300	98	7m8	1.235	CCATGA
1015307	4	7m8	2.214	CCATGA
1015375	2256	6m	2.349	CATGAC
1015414	222	6m	2.033	CATGAC
1015471	60	8m	1.648	CCATGA
1015486	10	o6	1.559	CCATGA
1015685	804	o6	1.212	CCATGA
1015793	567	o6	1.093	CCATGA
1015924	214	8m	1.996	CCATGA
1015931	903	o6	2.082	CCATGA
1015967	575	7A1	1.931	CATGAC
1016011	767	6m	2.955	CATGAC
1016019	744	o6	2.638	CCATGA
1016019	753	7A1	2.542	CATGAC
1016019	1278	o6	3.919	CCATGA
1016019	1614	o6	2.596	CCATGA
1016019	1680	o6	1.873	CCATGA
1016020	1958	6m	2.490	CATGAC
1016026	2324	o6	1.726	CCATGA
1016059	44	o6	1.053	CCATGA
1016176	1765	o6	1.223	CCATGA
1016449	4191	o6	1.316	CCATGA
1016475	832	6m	1.869	CATGAC
1016574	5811	7A1	2.101	CATGAC
1016589	67	o6	1.034	CCATGA
1016769	37	6m	2.806	CATGAC
1016823	419	o6	1.038	CCATGA
1016848	2074	o6	1.030	CCATGA
1016965	210	o6	2.537	CCATGA
1016985	360	8m	1.422	CATGAC
1017150	41	6m	1.606	CATGAC
1017194	297	6m	1.068	CATGAC
1017245	104	8m	2.064	CCATGA
1017282	55	8m	2.183	CATGAC
1017381	429	o6	1.407	CCATGA
1017496	572	6m	1.086	CATGAC
1017733	169	o6	1.022	CCATGA
1017733	857	o6	2.552	CCATGA
1018168	588	7m8	1.500	CATGAC
1018252	220	6m	1.778	CATGAC
1018268	1680	o6	2.523	CCATGA
1018344	764	7A1	1.297	CATGAC
1018361	114	7A1	1.606	CATGAC
1018661	893	8m	1.370	CATGAC
1018675	113	6m	1.560	CATGAC
1018732	148	o6	1.082	CCATGA
1018873	484	7A1	1.002	CATGAC
1018899	445	o6	3.625	CCATGA
1019049	274	7A1	2.863	CATGAC
1019147	73	7A1	2.788	CATGAC
1019192	693	7A1	1.563	CATGAC
1019286	161	o6	1.539	CCATGA
1019304	969	6m	1.606	CATGAC
1019354	878	o6	3.350	CCATGA
1019461	152	8m	1.169	CATGAC
1019514	2443	o6	1.882	CCATGA
1019785	58	7A1	1.029	CATGAC
1019865	834	7A1	1.437	CATGAC
1019945	93	o6	1.082	CCATGA
1020261	146	6m	1.382	CATGAC
1020449	66	6m	2.939	CATGAC
1020491	146	o6	1.533	CCATGA
1020535	37	6m	1.322	CATGAC
1020675	271	o6	1.101	CCATGA
1020782	199	6m	2.352	CATGAC
1021055	215	o6	1.576	CCATGA
1021084	1357	o6	2.142	CCATGA
1021412	161	6m	2.376	CATGAC
1021479	32	7m8	2.202	CCATGA
1021613	41	o6	1.533	CCATGA
1021672	38	6m	1.201	CATGAC
1021909	1737	7A1	1.952	CATGAC
1021989	395	o6	1.400	CCATGA
1022070	499	7A1	1.733	CATGAC
1022129	1673	o6	1.328	CCATGA
1022180	265	7A1	1.290	CATGAC
1022247	159	o6	1.335	CCATGA
1022531	2469	8m	2.021	CCATGA
1022604	829	7A1	2.523	CATGAC
1022774	108	6m	2.047	CATGAC
1023062	1470	6m	2.188	CATGAC
1023288	555	o6	1.394	CCATGA
1023354	551	o6	1.835	CCATGA
1023488	585	o6	2.628	CCATGA
1023488	603	7A1	2.070	CATGAC
1023527	551	o6	1.895	CCATGA
1023599	2646	6m	1.322	CATGAC
1023602	124	7m8	2.073	CCATGA
1023673	792	o6	1.903	CCATGA
1023678	1202	7A1	1.941	CATGAC
1023681	361	o6	1.563	CCATGA
1023757	524	7A1	2.076	CATGAC
1023838	79	7m8	2.301	CCATGA
1023843	448	6m	1.935	CATGAC
1023882	244	7A1	1.244	CATGAC
1023897	1992	6m	1.321	CATGAC
1024037	16	o6	2.142	CCATGA
1024085	89	6m	1.187	CATGAC
1024177	280	o6	1.285	CCATGA
1024217	73	o6	1.349	CCATGA
1024223	101	6m	2.016	CATGAC
1024342	639	6m	1.322	CATGAC
1024540	170	7A1	2.870	CATGAC
1024571	342	o6	1.284	CCATGA
1024612	516	o6	1.527	CCATGA
1024619	116	7A1	1.304	CATGAC
1024634	1458	7A1	2.449	CATGAC
1024648	5918	o6	1.322	CCATGA
1024654	1353	8m	1.322	CCATGA
1024720	34	7A1	2.863	CATGAC
1024829	4922	7A1	2.707	CATGAC
1024926	138	6m	2.190	CATGAC
1024966	284	o6	1.216	CCATGA
1025022	226	o6	1.485	CCATGA
1025101	740	o6	2.443	CCATGA
1025168	757	6m	1.514	CATGAC
1025293	647	7A1	1.220	CATGAC
1025344	113	7m8	2.277	CCATGA
1025487	335	7m8	1.399	CCATGA
1025565	695	o6	1.097	CCATGA
1025895	236	o6	1.779	CCATGA
1026084	118	6m	1.029	CATGAC
1026090	57	6m	1.949	CATGAC
1026095	430	o6	1.130	CCATGA
1026111	452	7A1	1.156	CATGAC
1026111	546	o6	1.860	CCATGA
1026204	85	6m	2.470	CATGAC
1026284	275	6m	1.529	CATGAC
1026567	129	7A1	2.834	CATGAC
1026652	1858	6m	1.897	CATGAC
1026708	1057	o6	1.700	CCATGA
1026954	130	8m	1.577	CCATGA
1027652	3	7A1	2.279	CATGAC
1027891	1169	o6	1.917	CCATGA
1028001	875	o6	2.779	CCATGA
1028620	143	o6	1.288	CCATGA
1028751	2206	7A1	2.472	CATGAC
1028932	121	o6	2.107	CCATGA
1029084	214	7A1	1.356	CATGAC
1029139	169	7m8	1.019	CCATGA
1029165	1770	o6	1.405	CCATGA
1029384	2352	o6	1.300	CCATGA
1029556	179	7A1	2.335	CATGAC
1029647	477	6m	1.947	CATGAC
1029724	31	o6	2.215	CCATGA
1029787	382	7A1	1.322	CATGAC
1029832	331	7A1	1.285	CATGAC
1030093	0	o6	1.162	CCATGA
1030240	351	o6	2.017	CCATGA
1030255	256	6m	1.062	CATGAC
1030692	215	o6	1.123	CCATGA
1030713	1929	7A1	2.681	CATGAC
1031106	1615	o6	1.332	CCATGA
1031153	45	7A1	1.947	CATGAC
1031156	1506	6m	1.759	CATGAC
1031223	330	o6	1.207	CCATGA
1031227	333	o6	1.236	CCATGA
1031307	2759	6m	1.973	CATGAC
1031390	4808	o6	1.396	CCATGA
1031390	5876	6m	2.648	CATGAC
1031590	164	7m8	2.347	CCATGA
1031657	436	6m	1.403	CATGAC
1031698	573	o6	1.298	CCATGA
1031766	166	6m	1.015	CATGAC
1031818	651	o6	1.043	CCATGA
1031887	70	6m	1.193	CATGAC
1032226	79	7A1	1.129	CATGAC
1032426	1478	7m8	1.383	CATGAC
1032564	133	6m	1.288	CATGAC
1032640	5	6m	1.506	CATGAC
1032640	153	7m8	1.502	CATGAC
1032640	283	o6	2.031	CCATGA
1032793	663	o6	2.377	CCATGA
1032902	2294	6m	1.053	CATGAC
1032956	790	o6	2.154	CCATGA
1032976	223	8m	2.524	CCATGA
1032986	116	o6	1.240	CCATGA
1032986	483	6m	1.562	CATGAC
1033085	887	6m	1.298	CATGAC
1033152	389	o6	1.310	CCATGA
1033152	529	o6	1.489	CCATGA
1033218	904	7m8	3.291	CATGAC
1033310	37	7A1	2.472	CATGAC
1033354	75	o6	1.393	CCATGA
1033481	1189	o6	2.661	CCATGA
1033601	435	o6	1.556	CCATGA
1033601	442	o6	1.070	CCATGA
1033711	524	6m	2.659	CATGAC
1033751	813	o6	1.318	CCATGA
1033754	442	o6	1.318	CCATGA
1033956	1207	o6	1.440	CCATGA
1034235	438	7A1	2.358	CATGAC
1034304	62	7A1	5.680	CATGAC
1034347	774	8m	1.373	CATGAC
1034358	416	7A1	3.081	CATGAC
1034409	61	7A1	2.186	CATGAC
1034493	1610	o6	1.133	CCATGA
1034499	542	7A1	2.917	CATGAC
1034500	462	o6	3.394	CCATGA
1034545	652	7A1	2.610	CATGAC
1034569	7816	7A1	1.073	CATGAC
1034610	74	6m	1.335	CATGAC
1034709	681	o6	1.162	CCATGA
1034739	2855	7A1	1.892	CATGAC
1034760	399	7m8	1.969	CCATGA
1034941	2160	o6	1.879	CCATGA
1035007	431	6m	1.046	CATGAC
1035010	2707	o6	3.486	CCATGA
1035040	1155	o6	1.916	CCATGA
1035076	209	6m	1.608	CATGAC
1035248	1007	o6	2.316	CCATGA
1035569	8093	o6	1.805	CCATGA
1035569	16772	7A1	1.858	CATGAC
1035569	18316	o6	1.242	CCATGA
1035684	6	6m	1.179	CATGAC
1035768	469	8m	1.202	CCATGA
1035798	2340	o6	1.003	CCATGA
1035945	1957	6m	1.264	CATGAC
1036053	225	6m	2.741	CATGAC
1036080	1161	7m8	1.567	CCATGA
1036127	3592	6m	2.613	CATGAC
1036127	7549	o6	2.302	CCATGA
1036127	7885	o6	2.827	CCATGA
1036127	8857	6m	3.433	CATGAC
1036374	2387	o6	1.400	CCATGA
1036419	99	7A1	1.744	CATGAC
1036419	112	6m	1.389	CATGAC
1036449	1438	7m8	1.955	CCATGA
1036482	1625	o6	1.017	CCATGA
1036910	1694	o6	1.328	CCATGA
1036913	72	o6	1.322	CCATGA
1036921	77	7m8	1.341	CCATGA
1036921	96	7A1	1.058	CATGAC
1037301	204	7m8	2.054	CATGAC
1037414	48	o6	3.252	CCATGA
1037414	346	7m8	2.175	CATGAC
1037422	247	6m	2.286	CATGAC
1037655	239	o6	1.208	CCATGA
1037845	495	o6	1.662	CCATGA
1038166	13	o6	1.509	CCATGA
1038317	779	7A1	3.960	CATGAC
1038410	281	6m	2.757	CATGAC
1038511	711	6m	1.860	CATGAC
1038605	249	7m8	1.790	CCATGA
1038710	2185	o6	1.178	CCATGA
1038820	77	6m	3.024	CATGAC
1038897	60	o6	1.451	CCATGA
1038897	1482	8m	1.570	CATGAC
1038900	1082	o6	1.451	CCATGA
1038900	2504	8m	1.570	CATGAC
1039199	639	o6	2.515	CCATGA
1039502	2906	7A1	1.499	CATGAC
1039524	142	o6	1.074	CCATGA
1039544	63	o6	2.161	CCATGA
1039891	57	6m	1.700	CATGAC
1040049	771	o6	2.257	CCATGA
1040058	7771	o6	1.529	CCATGA
1040058	8074	7m8	1.147	CCATGA
1040129	224	o6	1.754	CCATGA
1040148	589	o6	2.295	CCATGA
1040154	381	6m	1.567	CATGAC
1040237	1967	o6	1.184	CCATGA
1040283	516	o6	1.857	CCATGA
1040304	1458	7A1	2.417	CATGAC
1040346	220	7m8	1.624	CCATGA
1040458	142	8m	2.175	CATGAC
1040589	1669	o6	1.548	CCATGA
1040590	3929	6m	1.449	CATGAC
1040646	793	o6	2.774	CCATGA
