1000021	89	7m8	2.807	GGGACC
1000327	956	o6	4.114	GGGACC
1000336	40	7A1	1.844	GGACCA
1000436	545	7A1	1.284	GGACCA
1000536	61	6m	2.473	GGACCA
1000653	606	7A1	3.224	GGACCA
1000880	1	6m	2.955	GGACCA
1000991	1108	7A1	1.477	GGACCA
1001244	223	6m	1.205	GGACCA
1001373	685	7A1	2.076	GGACCA
1001440	1427	8m	3.398	GGGACC
1001841	53	6m	1.310	GGACCA
1001862	1237	7A1	2.694	GGACCA
1001883	9	7A1	1.077	GGACCA
1001948	468	7A1	2.486	GGACCA
1002415	77	8m	1.560	GGGACC
1002478	67	7A1	1.393	GGACCA
1002815	755	8m	1.465	GGACCA
1002842	98	7A1	3.407	GGACCA
1003143	764	8m	1.606	GGGACC
1003506	119	8m	1.655	GGGACC
1003589	877	o6	2.351	GGGACC
1003631	916	7A1	2.306	GGACCA
1003999	1334	6m	3.916	GGACCA
1004077	299	6m	2.343	GGACCA
1004281	1178	o6	1.282	GGGACC
1004712	200	7A1	1.373	GGACCA
1004948	32	7A1	3.539	GGACCA
1006518	607	6m	2.023	GGACCA
1006719	941	7A1	2.870	GGACCA
1007231	428	7A1	2.807	GGACCA
1007283	858	6m	2.148	GGACCA
1007340	133	7A1	2.544	GGACCA
1007364	1526	6m	2.915	GGACCA
1007530	1385	o6	2.007	GGGACC
1007624	1088	7m8	3.527	GGGACC
1007740	1016	o6	1.241	GGGACC
1007840	1319	6m	1.240	GGACCA
1007875	1242	6m	1.195	GGACCA
1007909	375	7A1	2.117	GGACCA
1007932	863	7A1	2.433	GGACCA
1008105	518	8m	1.054	GGACCA
1008145	3777	6m	2.400	GGACCA
1008145	9262	8m	2.350	GGGACC
1008157	434	7m8	1.707	GGACCA
1008163	45	7A1	1.690	GGACCA
1009369	407	o6	1.328	GGGACC
1009930	36	7A1	3.128	GGACCA
1010343	4	7A1	3.339	GGACCA
1010359	155	7m8	1.073	GGGACC
1010934	59	o6	1.163	GGGACC
1011327	0	6m	2.169	GGACCA
1011403	30	8m	1.825	GGACCA
1011469	136	6m	1.631	GGACCA
1011524	233	7A1	1.015	GGACCA
1011563	15	6m	1.163	GGACCA
1011695	170	6m	2.030	GGACCA
1012020	957	7A1	1.434	GGACCA
1012620	185	o6	1.374	GGGACC
1012822	9	7A1	1.062	GGACCA
1013443	1887	7A1	2.920	GGACCA
1013649	59	o6	2.321	GGGACC
1013988	568	7m8	3.420	GGGACC
1014066	431	7m8	1.841	GGGACC
1014382	252	6m	1.789	GGACCA
1014382	285	6m	1.851	GGACCA
1014382	327	6m	1.540	GGACCA
1014864	913	8m	2.578	GGGACC
1014884	837	o6	3.034	GGGACC
1015213	195	6m	1.520	GGACCA
1015375	346	6m	2.107	GGACCA
1015427	561	o6	1.315	GGGACC
1015526	1338	o6	2.437	GGGACC
1015823	728	7m8	2.314	GGGACC
1015952	1	7A1	2.499	GGACCA
1015995	248	7A1	1.540	GGACCA
1016019	1409	7A1	2.551	GGACCA
1016605	366	7A1	2.745	GGACCA
1016815	726	o6	4.496	GGGACC
1016896	63	7A1	2.740	GGACCA
1016985	69	6m	1.235	GGACCA
1017157	625	6m	2.033	GGACCA
1017169	1179	6m	2.189	GGACCA
1017194	289	6m	2.349	GGACCA
1017254	1253	7A1	1.731	GGACCA
1017437	371	6m	1.267	GGACCA
1017496	1050	6m	1.523	GGACCA
1017614	2638	6m	2.654	GGACCA
1017623	443	7A1	1.790	GGACCA
1017710	44	7m8	3.581	GGGACC
1017805	881	6m	1.231	GGACCA
1018134	254	6m	3.191	GGACCA
1019037	587	7A1	1.632	GGACCA
1019514	202	6m	2.544	GGACCA
1019521	740	6m	1.356	GGACCA
1019521	841	7A1	1.198	GGACCA
1019521	1083	o6	1.929	GGGACC
1019521	1629	7A1	1.367	GGACCA
1019713	194	7m8	1.288	GGGACC
1020615	2303	o6	1.321	GGGACC
1020861	87	o6	1.082	GGGACC
1021008	2282	7A1	3.183	GGACCA
1021014	47	6m	3.102	GGACCA
1021341	79	7A1	2.227	GGACCA
1021978	803	6m	1.594	GGACCA
1021986	165	7m8	1.092	GGACCA
1022531	2522	8m	3.180	GGGACC
1023390	23	6m	2.641	GGACCA
1023599	1023	7A1	2.544	GGACCA
1023784	4840	o6	1.555	GGGACC
1023912	842	6m	1.084	GGACCA
1023912	1216	7A1	1.953	GGACCA
1023927	119	6m	3.082	GGACCA
1024327	46	7A1	1.229	GGACCA
1024619	19	6m	1.053	GGACCA
1024654	621	7A1	1.687	GGACCA
1024726	140	7A1	1.541	GGACCA
1024916	258	7A1	1.920	GGACCA
1024956	4058	7A1	2.635	GGACCA
1024978	391	8m	1.284	GGGACC
1025225	189	6m	1.403	GGACCA
1025985	12	6m	1.209	GGACCA
1026530	86	6m	1.468	GGACCA
1026711	3033	6m	2.309	GGACCA
1026798	153	o6	2.807	GGGACC
1026965	1675	7A1	2.798	GGACCA
1026966	1038	6m	1.084	GGACCA
1027764	1236	6m	1.422	GGACCA
1028115	71	7A1	2.257	GGACCA
1028611	42	7A1	2.409	GGACCA
1028620	296	7m8	1.713	GGACCA
1028734	4185	6m	1.397	GGACCA
1029189	482	7A1	2.056	GGACCA
1029752	27	7m8	1.690	GGGACC
1029915	99	6m	1.499	GGACCA
1030132	338	6m	1.560	GGACCA
1030325	31	7A1	1.649	GGACCA
1030373	378	6m	2.544	GGACCA
1030451	426	6m	2.105	GGACCA
1030581	40	8m	1.162	GGACCA
1030692	1245	7m8	3.046	GGGACC
1031106	955	6m	1.251	GGACCA
1031142	507	6m	2.883	GGACCA
1031307	1919	6m	1.700	GGACCA
1031307	2995	8m	3.232	GGGACC
1031547	554	6m	1.090	GGACCA
1031994	1963	7A1	2.660	GGACCA
1032090	88	7A1	2.427	GGACCA
1032295	2233	6m	1.795	GGACCA
1032369	1250	7A1	2.219	GGACCA
1032475	520	7A1	3.034	GGACCA
1032604	73	6m	1.795	GGACCA
1032728	168	6m	2.438	GGACCA
1032902	831	6m	3.082	GGACCA
1032987	1234	o6	1.205	GGGACC
1033041	2186	6m	1.155	GGACCA
1033089	1900	7A1	1.606	GGACCA
1033565	14	o6	3.058	GGGACC
1033565	2005	6m	3.082	GGACCA
1033565	3039	6m	1.766	GGACCA
1033565	4056	6m	1.474	GGACCA
1033598	6670	8m	2.215	GGGACC
1033803	843	6m	1.694	GGACCA
1033824	43	6m	1.025	GGACCA
1033827	1007	7A1	1.053	GGACCA
1033971	894	6m	1.565	GGACCA
1033978	1	7A1	2.403	GGACCA
1034230	721	7A1	3.941	GGACCA
1034277	136	7A1	2.518	GGACCA
1034539	1725	7A1	1.376	GGACCA
1034800	324	6m	3.335	GGACCA
1035198	3070	6m	3.372	GGACCA
1035314	1460	6m	1.275	GGACCA
1035356	1	6m	2.516	GGACCA
1035443	15	8m	1.033	GGGACC
1035513	304	6m	3.058	GGACCA
1035546	164	6m	1.310	GGACCA
1035636	76	6m	1.522	GGACCA
1035704	1042	o6	1.834	GGGACC
1035794	675	o6	1.755	GGGACC
1035801	2701	o6	1.171	GGGACC
1036080	908	6m	1.292	GGACCA
1036127	6143	o6	1.267	GGGACC
1036154	2708	o6	2.660	GGGACC
1036299	1046	6m	2.530	GGACCA
1036350	163	6m	1.044	GGACCA
1036405	968	7A1	2.377	GGACCA
1036461	13	7A1	1.395	GGACCA
1036462	528	6m	1.515	GGACCA
1036462	1029	o6	1.819	GGGACC
1036558	1124	7A1	2.652	GGACCA
1036928	462	o6	1.906	GGGACC
1037036	2	6m	1.117	GGACCA
1037036	178	6m	2.927	GGACCA
1037171	523	7A1	1.209	GGACCA
1037301	1586	7A1	1.360	GGACCA
1037474	202	6m	1.942	GGACCA
1037485	150	7A1	2.978	GGACCA
1037588	203	7m8	1.318	GGGACC
1037745	204	6m	2.409	GGACCA
1038521	41	6m	1.181	GGACCA
1038571	301	6m	1.885	GGACCA
1038640	2030	7A1	2.592	GGACCA
1038670	351	o6	1.560	GGGACC
1038686	93	6m	1.906	GGACCA
1038945	9	8m	3.449	GGACCA
1038945	524	7A1	1.560	GGACCA
1038965	47	7m8	1.377	GGACCA
1039422	1683	6m	2.431	GGACCA
1039496	709	o6	2.074	GGGACC
1039496	761	6m	1.964	GGACCA
1039502	1305	o6	1.845	GGGACC
1039706	1293	7A1	1.154	GGACCA
1039808	822	6m	1.827	GGACCA
1039808	1635	o6	3.033	GGGACC
1039811	777	6m	1.827	GGACCA
1039811	1590	o6	3.033	GGGACC
1039853	2260	7A1	3.198	GGACCA
1039950	722	7A1	1.328	GGACCA
1040016	130	6m	1.315	GGACCA
1040037	811	6m	1.827	GGACCA
1040037	1624	o6	3.033	GGGACC
1040057	1087	6m	1.525	GGACCA
1040078	235	7A1	2.964	GGACCA
1040091	726	o6	3.846	GGGACC
1040123	259	6m	1.649	GGACCA
1040183	813	o6	1.493	GGGACC
1040352	2617	7m8	3.107	GGGACC
1040560	1653	o6	1.215	GGGACC
1040631	819	6m	1.049	GGACCA
