1000038	260	7A1	1.694	AGACTG
1000038	433	7A1	1.328	AGACTG
1000062	197	6m	1.687	AGACTG
1000066	1938	o6	1.760	AAGACT
1000078	68	8m	1.606	AAGACT
1000090	173	o6	2.305	AAGACT
1000122	299	7m8	2.544	AAGACT
1000126	335	o6	2.233	AAGACT
1000159	23	8m	2.868	AAGACT
1000215	37	7A1	2.170	AGACTG
1000249	318	6m	1.241	AGACTG
1000282	287	8m	2.713	AGACTG
1000282	293	7A1	2.713	AGACTG
1000320	457	7A1	1.339	AGACTG
1000321	527	7m8	2.503	AAGACT
1000373	910	o6	2.433	AAGACT
1000379	1	o6	2.232	AAGACT
1000386	1079	6m	2.013	AGACTG
1000406	494	7m8	2.011	AAGACT
1000436	463	8m	2.922	AAGACT
1000493	4115	o6	1.859	AAGACT
1000493	4780	6m	2.255	AGACTG
1000545	283	o6	2.055	AAGACT
1000665	310	o6	1.690	AAGACT
1000734	1127	7A1	1.097	AGACTG
1000779	851	o6	1.102	AAGACT
1000779	1479	o6	3.232	AAGACT
1000803	604	o6	2.409	AAGACT
1000824	1607	o6	2.799	AAGACT
1000845	763	7m8	2.350	AAGACT
1000863	34	7A1	1.687	AGACTG
1000920	33	6m	1.322	AGACTG
1000920	405	o6	2.132	AAGACT
1000923	1192	6m	1.952	AGACTG
1001030	95	o6	2.635	AAGACT
1001030	788	o6	1.948	AAGACT
1001054	308	o6	2.863	AAGACT
1001099	157	o6	2.702	AAGACT
1001164	20	7m8	2.409	AAGACT
1001244	179	6m	1.379	AGACTG
1001244	729	7A1	3.398	AGACTG
1001372	720	6m	2.922	AGACTG
1001417	61	o6	1.284	AAGACT
1001423	407	o6	1.322	AAGACT
1001440	472	o6	2.112	AAGACT
1001514	933	6m	1.212	AGACTG
1001533	5908	6m	2.617	AGACTG
1001578	701	o6	2.198	AAGACT
1001689	822	o6	2.220	AAGACT
1001748	174	o6	2.718	AAGACT
1001805	6	o6	1.254	AAGACT
1001810	294	o6	3.346	AAGACT
1001817	3307	6m	3.857	AGACTG
1001831	38	o6	1.031	AAGACT
1001862	182	o6	2.704	AAGACT
1001862	781	o6	1.405	AAGACT
1001891	434	o6	2.118	AAGACT
1001897	1081	o6	1.695	AAGACT
1001948	2429	6m	1.674	AGACTG
1002132	22	7m8	2.422	AGACTG
1002352	0	7A1	1.172	AGACTG
1002383	406	6m	2.192	AGACTG
1002391	158	7A1	1.856	AGACTG
1002404	334	7A1	1.882	AGACTG
1002527	446	6m	2.400	AGACTG
1002590	200	8m	1.300	AAGACT
1002772	113	7m8	2.101	AAGACT
1002784	151	7A1	2.570	AGACTG
1002784	338	7m8	3.732	AAGACT
1002815	461	6m	1.582	AGACTG
1002826	912	o6	1.020	AAGACT
1002826	1597	8m	2.313	AAGACT
1002830	62	o6	2.605	AAGACT
1002830	1678	o6	1.161	AAGACT
1003119	78	o6	1.601	AAGACT
1003154	69	o6	1.629	AAGACT
1003325	338	6m	2.269	AGACTG
1003379	573	o6	1.322	AAGACT
1003589	319	6m	2.351	AGACTG
1003589	1531	o6	2.598	AAGACT
1003624	45	8m	2.758	AAGACT
1003702	167	o6	1.059	AAGACT
1003791	222	o6	1.284	AAGACT
1003825	74	7m8	1.053	AAGACT
1003975	665	o6	2.321	AAGACT
1003984	155	o6	2.026	AAGACT
1003992	56	o6	3.664	AAGACT
1003999	476	7m8	1.309	AAGACT
1004005	29	6m	1.220	AGACTG
1004565	209	o6	1.575	AAGACT
1004627	147	o6	2.972	AAGACT
1004741	191	o6	1.393	AAGACT
1004759	219	6m	2.298	AGACTG
1004855	18	6m	2.704	AGACTG
1004987	43	7m8	1.845	AAGACT
1004999	5	7m8	1.560	AAGACT
1005078	72	o6	2.503	AAGACT
1005108	40	o6	2.288	AAGACT
1005124	168	o6	2.227	AAGACT
1005130	263	8m	2.660	AAGACT
1005216	413	o6	1.543	AAGACT
1005240	77	8m	1.674	AGACTG
1005349	3497	7m8	1.304	AGACTG
1005694	380	6m	2.377	AGACTG
1005709	597	8m	2.208	AGACTG
1005730	1	7m8	1.462	AGACTG
1005829	20	o6	1.120	AAGACT
1005898	183	6m	2.105	AGACTG
1005898	576	7A1	2.803	AGACTG
1005916	193	o6	1.638	AAGACT
1005937	0	6m	1.335	AGACTG
1006107	548	o6	2.243	AAGACT
1006163	90	7m8	2.058	AAGACT
1006599	108	8m	2.400	AAGACT
1006632	26	7A1	1.487	AGACTG
1006707	293	o6	2.388	AAGACT
1006714	526	o6	1.826	AAGACT
1006719	1791	o6	2.870	AAGACT
1006726	869	7A1	3.404	AGACTG
1006803	5	6m	1.275	AGACTG
1006839	258	7m8	2.166	AAGACT
1006890	431	6m	2.262	AGACTG
1006899	556	o6	2.723	AAGACT
1006934	25	7A1	1.322	AGACTG
1007031	1304	o6	2.164	AAGACT
1007053	520	7m8	2.275	AAGACT
1007053	807	o6	2.275	AAGACT
1007118	351	o6	2.013	AAGACT
1007206	407	o6	4.101	AAGACT
1007207	519	7A1	2.544	AGACTG
1007231	300	6m	2.522	AGACTG
1007296	145	o6	1.375	AAGACT
1007301	84	7m8	2.363	AGACTG
1007332	176	o6	4.256	AAGACT
1007494	548	7A1	2.187	AGACTG
1007521	1307	8m	3.017	AAGACT
1007530	608	6m	2.294	AGACTG
1007530	752	o6	2.915	AAGACT
1007547	1858	7A1	2.220	AGACTG
1007710	505	o6	1.840	AAGACT
1007726	69	o6	2.233	AAGACT
1007731	38	7m8	1.401	AGACTG
1007731	2846	7m8	2.063	AAGACT
1007737	29	7m8	2.921	AAGACT
1007740	1755	o6	1.033	AAGACT
1007812	6511	7m8	2.544	AAGACT
1007861	290	6m	2.212	AGACTG
1007875	51	7m8	3.927	AAGACT
1007885	449	o6	3.383	AAGACT
1007897	353	o6	1.279	AAGACT
1007897	1253	7A1	2.528	AGACTG
1007903	1135	o6	1.995	AAGACT
1007903	2266	o6	1.315	AAGACT
1007920	1210	o6	2.544	AAGACT
1007965	95	7m8	3.319	AGACTG
1007972	222	o6	1.682	AAGACT
1008000	144	o6	1.592	AAGACT
1008000	192	7m8	2.234	AAGACT
1008019	150	o6	2.689	AAGACT
1008078	166	o6	1.322	AAGACT
1008114	426	8m	2.490	AGACTG
1008114	740	8m	2.814	AAGACT
1008129	640	o6	1.605	AAGACT
1008135	61	o6	2.486	AAGACT
1008136	40	o6	2.801	AAGACT
1008192	675	o6	1.824	AAGACT
1008195	644	o6	1.687	AAGACT
1008198	831	8m	2.427	AAGACT
1008225	263	6m	1.629	AGACTG
1008240	158	o6	2.220	AAGACT
1008271	3	7A1	1.521	AGACTG
1008355	619	o6	2.188	AAGACT
1008421	202	o6	2.304	AAGACT
1008472	15	7m8	2.227	AGACTG
1008510	512	o6	1.786	AAGACT
1008510	523	8m	1.989	AAGACT
1008510	1945	o6	2.121	AAGACT
1008521	976	o6	3.441	AAGACT
1008596	149	o6	2.682	AAGACT
1008624	222	7m8	3.329	AAGACT
1008720	185	o6	2.962	AAGACT
1008755	872	7m8	2.708	AGACTG
1008780	544	7A1	2.694	AGACTG
1008855	224	o6	2.449	AAGACT
1008894	329	o6	1.602	AAGACT
1008966	1696	o6	2.341	AAGACT
1008999	225	o6	2.544	AAGACT
1009026	1386	7m8	1.288	AAGACT
1009037	2675	o6	2.550	AAGACT
1009037	2980	o6	3.461	AAGACT
1009043	1284	o6	2.273	AAGACT
1009068	572	7A1	2.660	AGACTG
1009074	311	7A1	2.608	AGACTG
1009369	664	6m	1.690	AGACTG
1009369	703	o6	1.690	AAGACT
1009475	54	7A1	2.272	AGACTG
1009503	52	o6	1.825	AAGACT
1009647	799	6m	2.489	AGACTG
1009711	107	7m8	1.413	AAGACT
1009834	1106	6m	2.104	AGACTG
1009834	1283	o6	3.034	AAGACT
1009838	484	o6	1.027	AAGACT
1009861	40	7A1	2.976	AGACTG
1010011	498	8m	1.952	AGACTG
1010332	549	o6	2.180	AAGACT
1010343	10	o6	3.326	AAGACT
1010359	375	o6	1.456	AAGACT
1010365	838	7A1	3.925	AGACTG
1010401	1420	7A1	1.244	AGACTG
1010401	2037	6m	3.074	AGACTG
1010401	2712	6m	1.316	AGACTG
1010401	3531	o6	1.279	AAGACT
1010401	4431	7A1	2.528	AGACTG
1010412	598	6m	1.669	AGACTG
1010465	285	o6	1.971	AAGACT
1010522	76	7m8	2.109	AAGACT
1010677	56	6m	2.449	AGACTG
1010698	293	8m	2.466	AAGACT
1010827	81	7m8	1.925	AAGACT
1010851	283	o6	1.271	AAGACT
1010862	544	6m	1.895	AGACTG
1010937	100	7m8	2.331	AAGACT
1010941	284	o6	2.463	AAGACT
1010950	803	6m	2.688	AGACTG
1011131	264	o6	2.502	AAGACT
1011219	1469	8m	3.224	AGACTG
1011233	26	7A1	2.472	AGACTG
1011327	46	o6	3.389	AAGACT
1011430	1065	8m	3.139	AAGACT
1011487	19	o6	2.020	AAGACT
1011511	100	7m8	2.648	AAGACT
1011524	817	o6	1.015	AAGACT
1011658	238	8m	2.780	AAGACT
1011694	135	o6	1.392	AAGACT
1011698	493	o6	1.551	AAGACT
1011902	354	o6	1.563	AAGACT
1011950	795	o6	2.321	AAGACT
1011951	112	6m	1.543	AGACTG
1011956	22	6m	1.846	AGACTG
1012177	494	7A1	1.664	AGACTG
1012205	63	o6	1.316	AAGACT
1012208	32	6m	2.247	AGACTG
1012283	35	o6	1.192	AAGACT
1012391	139	8m	2.061	AAGACT
1012397	55	6m	1.053	AGACTG
1012430	720	o6	1.839	AAGACT
1012491	710	o6	1.322	AAGACT
1012513	99	8m	3.034	AAGACT
1012588	113	8m	2.073	AAGACT
1012599	308	6m	2.076	AGACTG
1012839	656	8m	2.694	AAGACT
1013108	585	o6	1.328	AAGACT
1013114	57	o6	2.505	AAGACT
1013135	6	o6	2.311	AAGACT
1013144	73	7A1	2.065	AGACTG
1013443	1728	7m8	1.945	AGACTG
1013518	3198	o6	2.069	AAGACT
1013529	1	7m8	2.854	AAGACT
1013541	573	o6	3.649	AAGACT
1013545	57	7A1	2.643	AGACTG
1013566	10	7A1	2.023	AGACTG
1013591	2387	7m8	3.466	AAGACT
1013600	507	o6	2.086	AAGACT
1013772	39	6m	1.696	AGACTG
1013799	367	o6	1.118	AAGACT
1013872	262	7A1	1.907	AGACTG
1013988	1456	o6	2.368	AAGACT
1014009	382	8m	3.398	AAGACT
1014198	162	o6	1.047	AAGACT
1014294	152	o6	2.404	AAGACT
1014349	372	8m	3.182	AAGACT
1014358	1201	o6	1.163	AAGACT
1014418	954	7A1	1.321	AGACTG
1014473	1799	8m	2.863	AAGACT
1014485	41	o6	1.264	AAGACT
1014823	74	o6	1.183	AAGACT
1014840	620	6m	1.076	AGACTG
1014864	1736	8m	2.570	AAGACT
1014869	69	o6	1.532	AAGACT
1014869	546	o6	2.824	AAGACT
1014981	603	o6	2.981	AAGACT
1014987	1003	7m8	1.700	AAGACT
1014988	1013	o6	2.801	AAGACT
1015015	412	7A1	2.502	AGACTG
1015085	1695	o6	2.544	AAGACT
1015128	36	o6	1.024	AAGACT
1015145	494	7A1	2.704	AGACTG
1015145	762	7A1	2.704	AGACTG
1015145	886	8m	2.704	AAGACT
1015191	495	o6	1.596	AAGACT
1015259	364	o6	2.648	AAGACT
1015336	429	o6	1.936	AAGACT
1015341	599	o6	1.241	AAGACT
1015341	695	o6	1.982	AAGACT
1015348	68	o6	2.764	AAGACT
1015402	332	o6	1.073	AAGACT
1015411	790	o6	1.053	AAGACT
1015418	732	o6	2.372	AAGACT
1015444	846	7m8	1.963	AAGACT
1015447	516	o6	1.773	AAGACT
1015480	920	o6	1.120	AAGACT
1015572	4065	7A1	3.124	AGACTG
1015676	647	7A1	2.544	AGACTG
1015690	965	o6	1.980	AAGACT
1015697	751	o6	2.472	AAGACT
1015722	731	o6	1.164	AAGACT
1015777	89	o6	1.071	AAGACT
1015789	147	8m	2.889	AAGACT
1015810	212	o6	2.025	AAGACT
1015826	690	8m	2.409	AGACTG
1015858	48	6m	2.769	AGACTG
1015882	36	7m8	1.188	AAGACT
1015891	204	o6	2.350	AAGACT
1015995	887	o6	1.007	AAGACT
1016019	2271	o6	1.322	AAGACT
1016020	297	6m	1.713	AGACTG
1016029	264	7A1	1.321	AGACTG
1016098	6333	o6	4.515	AAGACT
1016127	51	o6	1.362	AAGACT
1016154	33	8m	1.032	AGACTG
1016179	46	6m	1.315	AGACTG
1016205	1259	7m8	2.220	AAGACT
1016208	28	7m8	2.734	AAGACT
1016214	136	o6	1.759	AAGACT
1016223	59	8m	2.400	AAGACT
1016239	85	o6	1.467	AAGACT
1016244	170	o6	2.800	AAGACT
1016245	-1	7A1	2.496	AGACTG
1016250	1268	6m	1.573	AGACTG
1016251	47	o6	1.692	AAGACT
1016251	159	o6	1.073	AAGACT
1016256	276	o6	2.148	AAGACT
1016317	265	o6	2.219	AAGACT
1016347	1072	8m	3.001	AAGACT
1016382	18	6m	2.788	AGACTG
1016382	94	o6	1.268	AAGACT
1016382	275	o6	1.284	AAGACT
1016394	378	7m8	2.889	AAGACT
1016428	290	7A1	1.948	AGACTG
1016431	324	6m	2.544	AGACTG
1016439	653	o6	1.029	AAGACT
1016439	774	6m	1.907	AGACTG
1016475	797	o6	1.055	AAGACT
1016556	336	8m	3.631	AAGACT
1016574	269	6m	2.094	AGACTG
1016574	3987	o6	1.900	AAGACT
1016574	4094	o6	2.094	AAGACT
1016604	236	o6	3.112	AAGACT
1016620	980	8m	2.544	AAGACT
1016623	222	8m	3.191	AAGACT
1016695	531	8m	2.739	AAGACT
1016713	1970	8m	2.631	AAGACT
1016787	1541	8m	2.203	AAGACT
1016794	757	o6	2.433	AAGACT
1016809	137	8m	2.233	AAGACT
1016814	5	o6	1.882	AAGACT
1016848	1495	7A1	3.174	AGACTG
1016869	172	7m8	2.189	AAGACT
1016896	52	8m	2.740	AAGACT
1016928	0	7A1	1.002	AGACTG
1016965	214	7A1	2.537	AGACTG
1016982	384	6m	2.502	AGACTG
1016986	765	7A1	3.475	AGACTG
1016992	29	6m	2.025	AGACTG
1017018	727	o6	2.025	AAGACT
1017019	362	o6	2.132	AAGACT
1017024	886	o6	2.061	AAGACT
1017036	787	o6	3.034	AAGACT
1017036	973	6m	1.251	AGACTG
1017127	164	7A1	1.824	AGACTG
1017127	476	7m8	2.276	AAGACT
1017157	83	o6	1.146	AAGACT
1017197	719	8m	2.537	AAGACT
1017257	725	o6	2.544	AAGACT
1017258	99	6m	3.034	AGACTG
1017261	18	o6	1.322	AAGACT
1017267	79	6m	2.404	AGACTG
1017270	108	8m	2.648	AAGACT
1017336	382	o6	1.422	AAGACT
1017381	1115	8m	1.795	AAGACT
1017381	1132	o6	1.080	AAGACT
1017384	46	o6	2.660	AAGACT
1017392	62	o6	2.337	AAGACT
1017404	680	7m8	1.874	AAGACT
1017485	197	o6	2.026	AAGACT
1017490	1	7A1	1.988	AGACTG
1017524	386	7A1	1.981	AGACTG
1017585	68	o6	1.780	AAGACT
1017614	4565	o6	2.801	AAGACT
1017677	36	o6	3.262	AAGACT
1017695	760	8m	2.371	AAGACT
1017799	213	o6	1.101	AAGACT
1017919	400	o6	2.489	AAGACT
1018021	120	7m8	2.400	AGACTG
1018077	2047	o6	1.882	AAGACT
1018104	256	o6	2.433	AAGACT
1018134	2050	o6	2.023	AAGACT
1018158	43	6m	2.715	AGACTG
1018167	692	o6	2.086	AAGACT
1018168	739	o6	1.846	AAGACT
1018243	3235	o6	2.519	AAGACT
1018290	33	o6	1.946	AAGACT
1018437	115	7m8	1.392	AAGACT
1018530	1655	o6	2.409	AAGACT
1018530	2115	7A1	2.013	AGACTG
1018616	881	8m	2.105	AAGACT
1018632	1163	o6	2.017	AAGACT
1018661	1217	o6	2.544	AAGACT
1018688	186	o6	1.180	AAGACT
1018763	123	o6	1.484	AAGACT
1018766	177	o6	1.598	AAGACT
1018766	475	o6	2.483	AAGACT
1018778	408	o6	1.467	AAGACT
1018887	90	o6	1.053	AAGACT
1018921	633	o6	1.690	AAGACT
1019049	128	o6	2.863	AAGACT
1019104	16	o6	2.124	AAGACT
1019105	80	7m8	2.031	AAGACT
1019147	344	o6	3.034	AAGACT
1019147	1269	8m	2.433	AAGACT
1019185	10	8m	2.609	AGACTG
1019192	249	6m	2.060	AGACTG
1019320	440	o6	1.505	AAGACT
1019351	63	o6	2.467	AAGACT
1019440	163	o6	1.628	AAGACT
1019488	-1	7A1	4.576	AGACTG
1019579	206	o6	3.034	AAGACT
1019579	214	o6	3.034	AAGACT
1019579	2627	o6	2.347	AAGACT
1019695	510	6m	2.009	AGACTG
1019695	780	6m	2.544	AGACTG
1019713	234	o6	1.032	AAGACT
1019797	254	8m	2.537	AAGACT
1019817	49	8m	2.729	AGACTG
1019935	500	o6	1.786	AAGACT
1019956	1292	o6	1.039	AAGACT
1019983	26	7m8	2.183	AGACTG
1019983	62	o6	2.183	AAGACT
1020029	714	8m	2.220	AAGACT
1020059	1560	6m	2.608	AGACTG
1020116	470	o6	1.082	AAGACT
1020166	181	7A1	2.660	AGACTG
1020227	257	o6	1.298	AAGACT
1020227	309	6m	1.298	AGACTG
1020253	1422	o6	2.640	AAGACT
1020258	163	6m	1.906	AGACTG
1020319	401	7m8	2.631	AAGACT
1020333	761	7m8	2.090	AAGACT
1020435	607	o6	1.607	AAGACT
1020435	1227	o6	2.600	AAGACT
1020462	37	o6	2.490	AAGACT
1020485	128	o6	1.556	AAGACT
1020495	133	o6	2.189	AAGACT
1020574	185	6m	1.380	AGACTG
1020601	74	o6	2.651	AAGACT
1020607	313	o6	2.481	AAGACT
1020615	281	8m	2.660	AAGACT
1020615	974	o6	1.221	AAGACT
1020728	78	7m8	2.712	AAGACT
1020766	672	o6	1.521	AAGACT
1020824	383	7A1	1.891	AGACTG
1020835	25	o6	1.820	AAGACT
1020839	104	o6	1.687	AAGACT
1020889	577	8m	2.642	AAGACT
1020934	1699	7A1	2.981	AGACTG
1021152	269	6m	2.552	AGACTG
1021248	86	7A1	2.383	AGACTG
1021273	697	o6	1.548	AAGACT
1021341	329	o6	1.755	AAGACT
1021409	747	7A1	1.787	AGACTG
1021531	45	6m	3.686	AGACTG
1021540	980	o6	2.381	AAGACT
1021540	1011	o6	1.600	AAGACT
1021566	2705	o6	3.034	AAGACT
1021566	2959	6m	1.540	AGACTG
1021607	68	7m8	2.310	AAGACT
1021633	84	o6	1.374	AAGACT
1021700	203	o6	1.053	AAGACT
1021715	107	8m	1.945	AGACTG
1021777	107	8m	2.392	AGACTG
1021822	76	7m8	2.509	AAGACT
1021840	1016	7A1	2.378	AGACTG
1021850	309	o6	3.633	AAGACT
1021866	1535	o6	2.015	AAGACT
1021896	32	7m8	1.891	AAGACT
1021899	1732	o6	2.350	AAGACT
1021941	676	7m8	2.331	AAGACT
1021941	829	6m	1.880	AGACTG
1021962	366	7m8	1.289	AAGACT
1021989	472	6m	2.377	AGACTG
1022125	439	o6	3.414	AAGACT
1022180	156	6m	1.653	AGACTG
1022180	1883	7m8	2.196	AAGACT
1022212	540	o6	1.666	AAGACT
1022418	818	o6	1.687	AAGACT
1022457	392	o6	2.350	AAGACT
1022495	415	o6	2.343	AAGACT
1022495	2755	7A1	2.019	AGACTG
1022495	5373	o6	2.343	AAGACT
1022849	318	8m	1.806	AAGACT
1023057	356	7A1	3.191	AGACTG
1023097	1505	7m8	2.354	AGACTG
1023100	1706	o6	2.120	AAGACT
1023154	1757	o6	1.577	AAGACT
1023202	115	o6	2.497	AAGACT
1023245	149	o6	2.433	AAGACT
1023256	690	o6	2.660	AAGACT
1023289	2704	o6	2.073	AAGACT
1023320	1199	o6	2.275	AAGACT
1023350	1143	o6	1.257	AAGACT
1023359	62	o6	1.257	AAGACT
1023387	1125	o6	1.284	AAGACT
1023426	61	o6	2.161	AAGACT
1023503	348	o6	2.017	AAGACT
1023594	132	o6	2.005	AAGACT
1023599	2001	6m	2.009	AGACTG
1023599	2976	7A1	2.350	AGACTG
1023599	3326	o6	2.544	AAGACT
1023661	259	7A1	3.032	AGACTG
1023678	381	o6	2.265	AAGACT
1023678	1354	6m	2.265	AGACTG
1023712	1518	o6	2.350	AAGACT
1023712	1871	o6	2.544	AAGACT
1023774	810	o6	2.350	AAGACT
1023805	3988	o6	1.959	AAGACT
1023838	9	6m	2.031	AGACTG
1023918	89	7A1	2.466	AGACTG
1023946	31	7m8	2.506	AAGACT
1023998	417	7A1	2.031	AGACTG
1024003	971	8m	2.544	AAGACT
1024031	2410	o6	2.178	AAGACT
1024034	320	7m8	2.941	AAGACT
1024057	36	7m8	2.759	AAGACT
1024066	85	o6	1.076	AAGACT
1024133	76	7m8	1.322	AAGACT
1024159	671	o6	2.231	AAGACT
1024177	367	7A1	2.183	AGACTG
1024195	439	7A1	2.002	AGACTG
1024229	88	o6	1.218	AAGACT
1024283	911	6m	1.081	AGACTG
1024349	993	o6	2.343	AAGACT
1024381	1254	o6	2.168	AAGACT
1024384	96	o6	4.529	AAGACT
1024559	323	6m	2.544	AGACTG
1024604	1174	7m8	2.881	AAGACT
1024612	1348	7m8	2.556	AAGACT
1024648	7490	6m	2.987	AGACTG
1024648	10053	o6	1.779	AAGACT
1024648	13483	o6	2.125	AAGACT
1024658	285	o6	1.042	AAGACT
1024709	740	o6	1.593	AAGACT
1024715	2334	o6	2.599	AAGACT
1024715	3664	o6	2.757	AAGACT
1024745	101	o6	1.328	AAGACT
1024861	168	o6	1.154	AAGACT
1024904	2759	o6	2.320	AAGACT
1024935	52	o6	2.150	AAGACT
1024936	42	6m	1.248	AGACTG
1024956	5064	o6	1.278	AAGACT
1024998	3	6m	2.220	AGACTG
1025029	2602	6m	2.629	AGACTG
1025043	17	8m	1.768	AGACTG
1025059	2596	8m	2.457	AAGACT
1025064	924	o6	3.232	AAGACT
1025080	140	8m	2.069	AGACTG
1025135	167	o6	2.508	AAGACT
1025167	1006	o6	3.034	AAGACT
1025229	917	o6	2.774	AAGACT
1025275	1030	o6	1.344	AAGACT
1025409	18	o6	1.732	AAGACT
1025415	21	o6	1.500	AAGACT
1025511	67	6m	2.241	AGACTG
1025614	667	7A1	2.639	AGACTG
1025654	944	o6	1.212	AAGACT
1025672	58	o6	2.433	AAGACT
1025755	573	o6	1.462	AAGACT
1025868	24	o6	1.563	AAGACT
1025872	253	o6	1.780	AAGACT
1026012	326	8m	1.650	AAGACT
1026096	255	o6	3.297	AAGACT
1026162	751	7A1	2.646	AGACTG
1026276	144	6m	2.265	AGACTG
1026287	138	o6	2.025	AAGACT
1026471	57	o6	1.288	AAGACT
1026558	471	o6	2.321	AAGACT
1026682	14	6m	1.606	AGACTG
1026711	1049	o6	2.608	AAGACT
1026841	1955	o6	2.063	AAGACT
1026841	3305	7A1	1.640	AGACTG
1026877	269	o6	2.148	AAGACT
1026888	283	o6	1.298	AAGACT
1026924	335	6m	1.235	AGACTG
1026954	65	7A1	1.707	AGACTG
1026965	691	o6	2.064	AAGACT
1026975	375	o6	2.065	AAGACT
1027049	115	6m	3.028	AGACTG
1027168	652	o6	1.292	AAGACT
1027246	329	o6	1.245	AAGACT
1027345	6	7A1	1.188	AGACTG
1027369	499	o6	2.433	AAGACT
1027423	722	o6	1.606	AAGACT
1027470	35	8m	2.377	AGACTG
1027499	358	7A1	1.666	AGACTG
1027502	3334	7A1	1.666	AGACTG
1027637	667	o6	2.196	AAGACT
1027637	737	o6	2.385	AAGACT
1027737	415	o6	2.701	AAGACT
1027756	143	o6	3.028	AAGACT
1027801	783	o6	2.394	AAGACT
1027844	380	o6	1.478	AAGACT
1027912	33	7A1	2.821	AGACTG
1027950	41	o6	1.643	AAGACT
1028037	65	o6	1.223	AAGACT
1028088	137	o6	2.025	AAGACT
1028112	233	o6	2.016	AAGACT
1028434	646	o6	1.320	AAGACT
1028478	48	o6	1.241	AAGACT
1028526	796	o6	1.228	AAGACT
1028701	94	o6	2.054	AAGACT
1028734	6102	o6	1.954	AAGACT
1028811	91	7m8	1.690	AAGACT
1028931	70	o6	2.091	AAGACT
1029037	452	7m8	3.511	AAGACT
1029051	184	o6	2.390	AAGACT
1029069	1103	o6	2.020	AAGACT
1029069	3741	6m	2.026	AGACTG
1029076	401	7A1	1.952	AGACTG
1029165	1885	7m8	1.293	AGACTG
1029192	140	o6	2.631	AAGACT
1029209	729	o6	3.447	AAGACT
1029369	467	o6	2.350	AAGACT
1029520	298	o6	2.528	AAGACT
1029532	1804	o6	2.648	AAGACT
1029558	324	o6	2.648	AAGACT
1029710	106	7A1	3.398	AGACTG
1029782	1073	8m	1.248	AGACTG
1029782	2058	8m	1.507	AAGACT
1029847	390	o6	2.147	AAGACT
1029944	619	8m	1.908	AAGACT
1030039	250	o6	1.126	AAGACT
1030108	62	7m8	1.953	AGACTG
1030141	236	7A1	1.322	AGACTG
1030205	576	7A1	2.079	AGACTG
1030432	160	o6	2.807	AAGACT
1030525	53	7A1	3.020	AGACTG
1030584	333	o6	1.920	AAGACT
1030680	109	o6	1.034	AAGACT
1030683	75	7m8	2.301	AAGACT
1030691	0	7m8	2.507	AAGACT
1030782	2074	o6	2.220	AAGACT
1031013	525	o6	1.808	AAGACT
1031072	219	o6	1.090	AAGACT
1031090	173	6m	2.646	AGACTG
1031111	303	7m8	2.660	AAGACT
1031126	362	o6	2.763	AAGACT
1031126	376	o6	2.554	AAGACT
1031126	416	o6	2.686	AAGACT
1031159	48	o6	1.212	AAGACT
1031199	3697	8m	2.807	AAGACT
1031224	2872	o6	1.281	AAGACT
1031227	213	o6	2.544	AAGACT
1031263	108	7m8	2.803	AAGACT
1031375	454	o6	2.019	AAGACT
1031390	8360	o6	1.650	AAGACT
1031480	135	o6	1.500	AAGACT
1031498	856	o6	1.300	AAGACT
1031547	41	7m8	4.754	AGACTG
1031616	2063	6m	1.146	AGACTG
1031657	322	8m	4.359	AAGACT
1031680	14	7A1	1.435	AGACTG
1031682	43	7m8	2.430	AAGACT
1031782	519	o6	2.635	AAGACT
1031818	369	7A1	2.502	AGACTG
1032107	47	7m8	2.925	AAGACT
1032200	1156	6m	1.703	AGACTG
1032285	839	7A1	1.040	AGACTG
1032285	1876	o6	1.810	AAGACT
1032333	932	7m8	2.872	AAGACT
1032366	798	o6	2.804	AAGACT
1032430	115	8m	2.183	AAGACT
1032466	32	7m8	3.224	AAGACT
1032471	1185	o6	2.889	AAGACT
1032475	677	8m	3.631	AAGACT
1032498	569	6m	2.433	AGACTG
1032508	101	6m	1.183	AGACTG
1032519	483	o6	1.073	AAGACT
1032623	16	7m8	1.284	AGACTG
1033037	1563	7m8	3.034	AAGACT
1033047	412	o6	2.852	AAGACT
1033070	858	o6	2.473	AAGACT
1033160	1017	o6	2.061	AAGACT
1033160	1216	8m	2.657	AAGACT
1033187	776	7A1	1.945	AGACTG
1033190	93	7A1	2.661	AGACTG
1033250	274	o6	1.808	AAGACT
1033293	459	o6	2.141	AAGACT
1033378	240	6m	1.026	AGACTG
1033481	2471	o6	3.347	AAGACT
1033481	4014	o6	1.698	AAGACT
1033514	203	6m	2.834	AGACTG
1033571	1530	o6	1.285	AAGACT
1033571	1676	o6	1.053	AAGACT
1033598	1563	o6	1.224	AAGACT
1033637	9	6m	1.148	AGACTG
1033678	171	7A1	2.544	AGACTG
1033706	40	o6	2.470	AAGACT
1033712	118	7m8	1.469	AGACTG
1033721	27	6m	1.316	AGACTG
1033795	320	7A1	2.648	AGACTG
1033859	157	6m	2.354	AGACTG
1033877	2795	o6	2.335	AAGACT
1033907	764	8m	2.385	AAGACT
1034068	185	o6	3.148	AAGACT
1034121	3015	o6	2.568	AAGACT
1034161	2139	6m	1.782	AGACTG
1034202	4614	7m8	2.449	AAGACT
1034316	1065	6m	1.251	AGACTG
1034316	1618	o6	1.703	AAGACT
1034347	745	o6	2.489	AAGACT
1034370	1343	o6	1.152	AAGACT
1034389	682	7A1	3.267	AGACTG
1034413	73	7A1	3.423	AGACTG
1034448	738	o6	3.341	AAGACT
1034496	865	7A1	3.512	AGACTG
1034499	554	o6	2.835	AAGACT
1034499	733	o6	1.295	AAGACT
1034514	30	o6	3.121	AAGACT
1034539	78	8m	2.933	AAGACT
1034545	729	6m	1.950	AGACTG
1034548	114	8m	1.808	AAGACT
1034556	1199	o6	2.048	AAGACT
1034569	3037	o6	2.054	AAGACT
1034569	4903	7m8	2.981	AAGACT
1034598	457	o6	1.892	AAGACT
1034620	257	o6	1.935	AAGACT
1034679	463	7m8	1.725	AAGACT
1034709	789	o6	2.318	AAGACT
1034709	800	o6	1.907	AAGACT
1034726	360	8m	2.604	AAGACT
1034760	721	6m	2.452	AGACTG
1034831	254	7A1	2.321	AGACTG
1034876	169	7m8	1.759	AAGACT
1034918	102	o6	2.391	AAGACT
1034965	28	o6	1.220	AAGACT
1035058	175	7A1	2.743	AGACTG
1035093	1589	o6	3.449	AAGACT
1035117	5	o6	2.067	AAGACT
1035181	287	o6	2.017	AAGACT
1035192	299	o6	1.744	AAGACT
1035198	1747	o6	1.434	AAGACT
1035207	290	o6	2.309	AAGACT
1035213	1076	7A1	4.419	AGACTG
1035314	115	o6	1.132	AAGACT
1035314	1042	o6	2.497	AAGACT
1035315	70	6m	2.488	AGACTG
1035372	894	7m8	2.247	AAGACT
1035462	123	7A1	2.941	AGACTG
1035554	114	o6	2.674	AAGACT
1035569	14071	o6	2.627	AAGACT
1035575	350	8m	2.378	AAGACT
1035656	3659	o6	2.992	AAGACT
1035759	14	7m8	2.518	AGACTG
1035831	1036	6m	1.084	AGACTG
1035836	482	6m	5.802	AGACTG
1035909	24	7A1	2.703	AGACTG
1035963	197	7m8	2.030	AAGACT
1036080	24	7m8	2.884	AAGACT
1036088	516	6m	1.240	AGACTG
1036127	5031	8m	2.538	AAGACT
1036154	2235	7m8	3.034	AAGACT
1036283	721	o6	1.683	AAGACT
1036293	116	6m	1.118	AGACTG
1036358	207	6m	2.321	AGACTG
1036419	893	6m	2.388	AGACTG
1036419	1049	o6	3.208	AAGACT
1036471	370	o6	1.790	AAGACT
1036482	1106	8m	2.449	AAGACT
1036497	378	6m	2.776	AGACTG
1036497	1011	6m	2.684	AGACTG
1036568	3425	o6	1.633	AAGACT
1036610	40	7A1	3.261	AGACTG
1036653	504	o6	2.301	AAGACT
1036668	91	o6	1.348	AAGACT
1036682	360	o6	2.502	AAGACT
1036706	2553	o6	2.377	AAGACT
1036746	360	o6	2.689	AAGACT
1036787	248	6m	2.138	AGACTG
1036887	26	o6	1.516	AAGACT
1036899	1229	7m8	3.398	AAGACT
1036991	3368	o6	3.149	AAGACT
1037138	77	8m	2.717	AAGACT
1037161	921	7A1	2.648	AGACTG
1037225	87	6m	1.647	AGACTG
1037485	773	o6	2.433	AAGACT
1037937	179	o6	1.745	AAGACT
1038025	72	7A1	4.327	AGACTG
1038060	898	7A1	2.471	AGACTG
1038067	68	o6	1.772	AAGACT
1038127	485	o6	1.411	AAGACT
1038273	566	6m	1.434	AGACTG
1038273	874	o6	1.377	AAGACT
1038278	40	6m	2.135	AGACTG
1038278	253	6m	1.921	AGACTG
1038279	41	7m8	2.689	AAGACT
1038279	204	o6	1.379	AAGACT
1038285	675	6m	3.270	AGACTG
1038410	54	o6	3.848	AAGACT
1038465	94	o6	2.022	AAGACT
1038465	1045	o6	1.496	AAGACT
1038535	8	o6	2.882	AAGACT
1038640	3198	8m	3.372	AGACTG
1038704	508	o6	1.201	AAGACT
1038890	289	7m8	2.915	AAGACT
1038891	188	7A1	3.990	AGACTG
1038933	535	o6	3.156	AAGACT
1038945	279	o6	1.566	AAGACT
1038965	102	o6	3.144	AAGACT
1038979	98	o6	1.297	AAGACT
1039039	477	6m	1.652	AGACTG
1039118	683	8m	3.390	AAGACT
1039196	529	o6	3.267	AAGACT
1039267	352	o6	3.340	AAGACT
1039286	334	o6	3.087	AAGACT
1039376	783	o6	3.337	AAGACT
1039398	99	o6	1.068	AAGACT
1039422	592	o6	1.328	AAGACT
1039436	391	o6	1.474	AAGACT
1039502	3697	o6	1.560	AAGACT
1039569	24	7A1	1.200	AGACTG
1039612	271	7m8	3.284	AAGACT
1039646	306	o6	1.771	AAGACT
1039706	1740	o6	1.413	AAGACT
1039853	3297	o6	1.456	AAGACT
1039858	2	o6	3.706	AAGACT
1039858	1284	7A1	2.946	AGACTG
1039931	53	6m	1.320	AGACTG
1039949	1068	o6	1.563	AAGACT
1040007	808	o6	2.072	AAGACT
1040048	3696	6m	2.775	AGACTG
1040058	6966	8m	2.103	AAGACT
1040070	35	7A1	4.312	AGACTG
1040070	3185	7A1	2.943	AGACTG
1040078	712	o6	1.882	AAGACT
1040115	360	o6	2.776	AAGACT
1040165	1277	o6	1.328	AAGACT
1040165	1401	o6	1.632	AAGACT
1040165	2207	6m	1.073	AGACTG
1040190	81	7A1	1.169	AGACTG
1040201	745	7m8	2.319	AAGACT
1040210	2816	7m8	3.017	AAGACT
1040214	2611	o6	1.284	AAGACT
1040289	22	8m	1.461	AAGACT
1040298	6686	7A1	3.052	AGACTG
1040304	2190	o6	1.945	AAGACT
1040349	241	o6	1.248	AAGACT
1040387	1821	o6	1.687	AAGACT
1040486	1924	o6	2.472	AAGACT
1040500	1188	o6	4.068	AAGACT
1040547	167	8m	2.715	AAGACT
1040589	658	6m	3.581	AGACTG
1040590	3522	o6	2.232	AAGACT
1040590	5627	7A1	2.039	AGACTG
1040658	255	o6	2.514	AAGACT
