1000069	520	o6	1.662	ATTCTA
1000069	1639	7m8	2.391	TTCTAA
1000077	280	7A1	2.316	TTCTAA
1000077	301	6m	1.076	TTCTAA
1000125	948	6m	1.264	TTCTAA
1000165	95	6m	1.270	TTCTAA
1000186	130	7A1	3.109	TTCTAA
1000209	158	o6	1.307	ATTCTA
1000272	85	o6	2.220	ATTCTA
1000324	321	o6	1.030	ATTCTA
1000327	503	o6	1.711	ATTCTA
1000327	527	o6	1.285	ATTCTA
1000345	547	6m	2.442	TTCTAA
1000360	1707	7m8	2.266	TTCTAA
1000478	253	6m	2.187	TTCTAA
1000490	297	o6	1.042	ATTCTA
1000524	81	7A1	1.106	TTCTAA
1000530	626	o6	1.485	ATTCTA
1000553	691	o6	1.321	ATTCTA
1000580	1198	6m	1.276	TTCTAA
1000587	565	7m8	2.262	TTCTAA
1000619	430	8m	1.271	ATTCTA
1000686	170	7m8	1.081	ATTCTA
1000706	1653	o6	2.660	ATTCTA
1000743	922	o6	1.891	ATTCTA
1000778	192	6m	1.210	TTCTAA
1000817	332	6m	2.317	TTCTAA
1000817	442	7A1	2.916	TTCTAA
1000842	137	7A1	1.328	TTCTAA
1000842	688	7m8	1.562	ATTCTA
1000845	980	8m	2.202	ATTCTA
1000863	475	o6	1.002	ATTCTA
1000947	908	o6	1.200	ATTCTA
1000947	918	8m	1.200	ATTCTA
1001012	668	6m	1.160	TTCTAA
1001012	914	8m	1.126	ATTCTA
1001012	1890	o6	2.073	ATTCTA
1001015	248	8m	2.232	TTCTAA
1001054	242	7A1	1.606	TTCTAA
1001075	3247	7m8	1.112	ATTCTA
1001075	3350	6m	1.825	TTCTAA
1001090	934	o6	1.481	ATTCTA
1001117	28	8m	1.456	TTCTAA
1001117	60	7A1	1.584	TTCTAA
1001139	130	o6	1.565	ATTCTA
1001169	295	7m8	2.147	ATTCTA
1001249	622	o6	1.215	ATTCTA
1001315	416	7A1	1.578	TTCTAA
1001322	91	6m	1.053	TTCTAA
1001346	422	7A1	1.084	TTCTAA
1001355	33	7m8	1.053	ATTCTA
1001515	352	8m	1.006	ATTCTA
1001530	260	7m8	1.075	ATTCTA
1001533	1142	7m8	1.321	ATTCTA
1001533	1154	7m8	1.137	ATTCTA
1001533	1178	o6	1.227	ATTCTA
1001533	1208	7m8	1.352	ATTCTA
1001533	1507	7A1	2.277	TTCTAA
1001533	5337	6m	1.321	TTCTAA
1001577	130	o6	1.946	ATTCTA
1001578	2332	7A1	1.875	TTCTAA
1001578	3445	7m8	1.680	ATTCTA
1001601	2205	6m	2.209	TTCTAA
1001667	43	6m	1.380	TTCTAA
1001680	356	7A1	1.529	TTCTAA
1001753	535	o6	2.077	ATTCTA
1001817	969	7A1	1.143	TTCTAA
1001823	469	o6	1.104	ATTCTA
1001826	467	o6	1.874	ATTCTA
1001861	263	o6	1.691	ATTCTA
1001861	297	o6	2.026	ATTCTA
1001891	794	6m	3.347	TTCTAA
1001897	403	7A1	1.152	TTCTAA
1001960	310	7A1	2.321	TTCTAA
1001960	318	6m	2.043	TTCTAA
1001966	835	o6	1.409	ATTCTA
1002054	133	6m	2.319	TTCTAA
1002176	1524	6m	3.082	TTCTAA
1002263	137	o6	1.324	ATTCTA
1002398	77	o6	1.196	ATTCTA
1002562	47	8m	1.298	ATTCTA
1002628	698	6m	1.193	TTCTAA
1002695	723	7A1	1.231	TTCTAA
1002695	996	7A1	1.053	TTCTAA
1002794	318	o6	1.436	ATTCTA
1002872	1189	o6	2.209	ATTCTA
1002877	1981	6m	1.180	TTCTAA
1002901	765	6m	2.060	TTCTAA
1002969	676	o6	1.292	ATTCTA
1002994	24	6m	1.258	TTCTAA
1003023	5	o6	1.296	ATTCTA
1003081	37	7m8	1.159	ATTCTA
1003123	12	o6	1.349	ATTCTA
1003137	877	7m8	1.316	ATTCTA
1003187	-1	6m	1.911	TTCTAA
1003233	132	6m	1.445	TTCTAA
1003248	1361	o6	1.164	ATTCTA
1003324	85	o6	1.639	ATTCTA
1003387	374	o6	1.073	ATTCTA
1003506	53	6m	1.113	TTCTAA
1003517	5	o6	1.693	ATTCTA
1003556	158	o6	1.123	ATTCTA
1003570	525	o6	2.446	ATTCTA
1003603	380	6m	1.194	TTCTAA
1003606	59	6m	1.658	TTCTAA
1003631	2041	6m	2.459	TTCTAA
1003794	198	7A1	1.084	TTCTAA
1003900	28	o6	1.209	ATTCTA
1003975	832	6m	1.120	TTCTAA
1004119	302	6m	1.509	TTCTAA
1004122	585	6m	1.365	TTCTAA
1004145	38	o6	1.367	ATTCTA
1004185	100	7m8	1.682	ATTCTA
1004190	17	7m8	1.793	ATTCTA
1004287	287	7A1	1.668	TTCTAA
1004296	247	6m	2.049	TTCTAA
1004328	106	o6	1.533	ATTCTA
1004406	144	8m	2.533	TTCTAA
1004577	601	o6	1.973	ATTCTA
1004648	319	6m	2.363	TTCTAA
1004750	342	6m	1.214	TTCTAA
1004750	1268	7A1	2.235	TTCTAA
1004810	177	7m8	2.704	ATTCTA
1004886	375	7A1	1.540	TTCTAA
1004948	807	7m8	1.800	TTCTAA
1005120	1692	7A1	1.179	TTCTAA
1005235	273	6m	3.034	TTCTAA
1005259	86	8m	2.546	ATTCTA
1005349	2882	8m	2.199	ATTCTA
1005419	81	o6	1.241	ATTCTA
1005438	247	6m	1.621	TTCTAA
1005470	1836	6m	1.256	TTCTAA
1005550	791	7m8	1.509	TTCTAA
1005646	3338	o6	1.582	ATTCTA
1005701	50	o6	1.068	ATTCTA
1006066	1045	7A1	1.606	TTCTAA
1006166	386	o6	2.048	ATTCTA
1006524	58	o6	1.048	ATTCTA
1006599	513	o6	1.965	ATTCTA
1006608	80	6m	1.053	TTCTAA
1006707	1641	o6	1.857	ATTCTA
1006719	2008	7A1	2.453	TTCTAA
1006726	2044	7m8	2.098	ATTCTA
1006735	1704	7A1	2.197	TTCTAA
1006791	20	o6	1.184	ATTCTA
1006814	1396	6m	1.053	TTCTAA
1006814	1564	o6	1.322	ATTCTA
1006872	1222	o6	1.200	ATTCTA
1006890	1132	o6	1.074	ATTCTA
1006893	71	o6	2.871	ATTCTA
1006920	879	7A1	1.418	TTCTAA
1006933	1206	6m	2.400	TTCTAA
1007004	930	6m	1.027	TTCTAA
1007028	184	o6	2.810	ATTCTA
1007031	995	7A1	2.152	TTCTAA
1007143	320	o6	1.270	ATTCTA
1007231	923	7A1	1.855	TTCTAA
1007231	1070	7A1	1.200	TTCTAA
1007242	4119	7A1	1.577	TTCTAA
1007242	4509	6m	2.515	TTCTAA
1007242	5833	7m8	2.778	ATTCTA
1007311	579	7m8	1.647	TTCTAA
1007514	294	7m8	1.690	TTCTAA
1007514	493	6m	2.465	TTCTAA
1007521	1028	o6	1.047	ATTCTA
1007637	540	7A1	1.245	TTCTAA
1007638	979	6m	1.271	TTCTAA
1007647	311	o6	3.034	ATTCTA
1007731	2862	7m8	1.703	ATTCTA
1007737	45	7m8	2.415	ATTCTA
1007788	820	6m	1.285	TTCTAA
1007821	61	o6	1.322	ATTCTA
1007824	489	o6	1.454	ATTCTA
1007866	522	7A1	1.482	TTCTAA
1007869	473	7m8	1.270	ATTCTA
1007875	2387	7A1	1.549	TTCTAA
1007875	4678	6m	1.758	TTCTAA
1007875	4954	o6	2.185	ATTCTA
1007875	4959	o6	2.185	ATTCTA
1007897	1215	6m	1.047	TTCTAA
1007903	1413	7m8	2.393	TTCTAA
1007950	2314	o6	1.780	ATTCTA
1007950	3052	7A1	2.020	TTCTAA
1007980	95	o6	3.034	ATTCTA
1008060	114	7A1	1.034	TTCTAA
1008067	88	6m	2.301	TTCTAA
1008081	344	o6	2.508	ATTCTA
1008081	484	o6	1.400	ATTCTA
1008109	197	8m	1.464	ATTCTA
1008114	876	6m	1.051	TTCTAA
1008145	6044	6m	2.196	TTCTAA
1008145	10979	7A1	1.322	TTCTAA
1008145	11737	7A1	1.322	TTCTAA
1008145	12480	7A1	1.020	TTCTAA
1008150	715	o6	1.694	ATTCTA
1008259	1608	7m8	1.307	ATTCTA
1008270	947	7m8	1.606	ATTCTA
1008271	354	6m	1.192	TTCTAA
1008279	825	7A1	1.761	TTCTAA
1008286	1799	o6	1.329	ATTCTA
1008291	113	o6	1.279	ATTCTA
1008346	541	o6	1.084	ATTCTA
1008355	449	o6	1.889	ATTCTA
1008358	328	o6	1.322	ATTCTA
1008406	690	6m	1.278	TTCTAA
1008420	33	6m	1.027	TTCTAA
1008454	880	6m	2.209	TTCTAA
1008472	203	6m	1.972	TTCTAA
1008487	42	8m	1.637	ATTCTA
1008501	217	o6	2.425	ATTCTA
1008521	678	o6	1.284	ATTCTA
1008521	990	o6	3.441	ATTCTA
1008527	223	o6	2.663	ATTCTA
1008572	61	6m	2.025	TTCTAA
1008584	35	o6	2.235	ATTCTA
1008606	106	7A1	1.242	TTCTAA
1008606	1073	o6	1.651	ATTCTA
1008611	73	o6	1.505	ATTCTA
1008624	216	7A1	1.548	TTCTAA
1008647	327	7A1	2.123	TTCTAA
1008671	201	6m	1.402	TTCTAA
1008740	506	6m	2.402	TTCTAA
1008740	836	6m	1.101	TTCTAA
1008768	566	6m	2.544	TTCTAA
1008789	252	o6	1.979	ATTCTA
1008800	55	8m	1.208	ATTCTA
1008813	532	7m8	2.268	ATTCTA
1008816	151	o6	1.518	ATTCTA
1008846	684	o6	1.521	ATTCTA
1008947	40	6m	1.544	TTCTAA
1009026	982	o6	1.210	ATTCTA
1009043	903	8m	2.692	ATTCTA
1009083	523	8m	1.322	TTCTAA
1009101	118	6m	1.088	TTCTAA
1009101	392	7m8	2.013	ATTCTA
1009153	47	o6	1.513	ATTCTA
1009217	31	7m8	1.634	ATTCTA
1009225	583	6m	1.126	TTCTAA
1009267	325	6m	1.195	TTCTAA
1009273	354	8m	2.031	ATTCTA
1009321	108	7m8	2.991	TTCTAA
1009348	521	7m8	2.176	ATTCTA
1009385	135	o6	2.807	ATTCTA
1009588	193	7A1	2.357	TTCTAA
1009720	50	6m	1.995	TTCTAA
1009748	1541	6m	1.206	TTCTAA
1009834	1752	o6	1.606	ATTCTA
1009841	470	o6	1.379	ATTCTA
1009858	142	6m	1.613	TTCTAA
1009873	745	7A1	1.462	TTCTAA
1009933	11	6m	1.082	TTCTAA
1009948	2221	o6	1.767	ATTCTA
1009960	432	7A1	1.082	TTCTAA
1009975	23	o6	1.068	ATTCTA
1010139	389	o6	1.462	ATTCTA
1010139	395	6m	1.484	TTCTAA
1010160	1052	7m8	1.039	ATTCTA
1010237	1998	6m	3.857	TTCTAA
1010249	272	o6	1.696	ATTCTA
1010250	2890	8m	1.288	ATTCTA
1010250	2988	6m	1.209	TTCTAA
1010274	325	7m8	1.687	ATTCTA
1010278	743	6m	2.731	TTCTAA
1010332	531	o6	1.858	ATTCTA
1010343	40	6m	2.362	TTCTAA
1010358	171	6m	1.065	TTCTAA
1010397	142	o6	1.149	ATTCTA
1010401	4393	6m	1.047	TTCTAA
1010483	282	7m8	1.180	TTCTAA
1010539	104	7A1	2.760	TTCTAA
1010649	949	6m	1.907	TTCTAA
1010649	1162	7m8	2.316	TTCTAA
1010682	110	o6	1.596	ATTCTA
1010827	62	o6	1.567	ATTCTA
1010851	571	8m	2.000	ATTCTA
1010862	770	8m	1.905	ATTCTA
1010862	860	6m	2.598	TTCTAA
1010946	14	o6	1.404	ATTCTA
1010998	26	8m	1.914	ATTCTA
1011042	689	8m	2.011	ATTCTA
1011050	82	7A1	2.123	TTCTAA
1011086	211	6m	2.411	TTCTAA
1011095	384	6m	1.508	TTCTAA
1011107	856	6m	1.122	TTCTAA
1011107	1890	8m	2.518	ATTCTA
1011117	835	8m	1.207	ATTCTA
1011195	28	8m	2.185	ATTCTA
1011195	201	8m	1.485	ATTCTA
1011207	39	6m	2.391	TTCTAA
1011224	24	o6	1.005	ATTCTA
1011246	18	6m	2.939	TTCTAA
1011327	63	6m	3.003	TTCTAA
1011336	184	7m8	1.100	TTCTAA
1011393	494	6m	1.733	TTCTAA
1011397	234	o6	1.223	ATTCTA
1011410	181	6m	2.378	TTCTAA
1011430	313	8m	2.848	ATTCTA
1011490	1180	7A1	3.318	TTCTAA
1011491	1104	o6	1.317	ATTCTA
1011491	2066	7m8	1.186	ATTCTA
1011649	87	6m	1.463	TTCTAA
1011779	30	o6	2.433	ATTCTA
1011791	115	6m	1.313	TTCTAA
1011860	770	o6	1.065	ATTCTA
1011932	318	6m	1.084	TTCTAA
1011950	1087	6m	3.144	TTCTAA
1012141	39	7m8	1.296	ATTCTA
1012174	859	6m	2.834	TTCTAA
1012205	200	o6	1.316	ATTCTA
1012382	246	o6	2.309	ATTCTA
1012383	536	6m	1.434	TTCTAA
1012383	873	8m	1.314	ATTCTA
1012491	469	7m8	1.322	TTCTAA
1012522	451	6m	1.519	TTCTAA
1012522	465	o6	1.076	ATTCTA
1012542	358	o6	1.040	ATTCTA
1012554	134	o6	1.405	ATTCTA
1012579	19	7A1	2.220	TTCTAA
1012579	95	o6	1.156	ATTCTA
1012754	109	7m8	2.360	ATTCTA
1012822	56	o6	2.755	ATTCTA
1012839	80	7m8	2.149	ATTCTA
1012866	82	o6	1.322	ATTCTA
1012878	894	8m	2.025	ATTCTA
1012930	251	6m	1.254	TTCTAA
1012966	49	6m	1.069	TTCTAA
1013041	59	o6	1.168	ATTCTA
1013088	118	6m	1.503	TTCTAA
1013219	98	6m	1.319	TTCTAA
1013223	48	8m	1.322	ATTCTA
1013246	496	6m	1.178	TTCTAA
1013327	1436	o6	1.322	ATTCTA
1013391	90	o6	2.507	ATTCTA
1013443	2039	7A1	3.105	TTCTAA
1013444	637	6m	2.073	TTCTAA
1013643	222	7m8	1.683	ATTCTA
1013670	1988	7A1	1.780	TTCTAA
1013670	2116	6m	1.195	TTCTAA
1013902	219	o6	1.304	ATTCTA
1013988	862	o6	1.746	ATTCTA
1014043	360	7m8	2.484	ATTCTA
1014198	514	8m	1.047	ATTCTA
1014235	576	7A1	1.606	TTCTAA
1014334	71	o6	3.329	ATTCTA
1014387	184	6m	1.034	TTCTAA
1014403	432	6m	1.328	TTCTAA
1014465	180	6m	1.079	TTCTAA
1014473	1921	6m	1.484	TTCTAA
1014480	497	7A1	2.075	TTCTAA
1014545	84	o6	1.053	ATTCTA
1014686	158	7m8	1.460	TTCTAA
1014813	260	o6	2.321	ATTCTA
1014813	541	o6	1.352	ATTCTA
1014874	211	o6	1.082	ATTCTA
1014883	983	6m	1.945	TTCTAA
1014884	239	6m	1.903	TTCTAA
1014892	473	6m	2.529	TTCTAA
1014898	1659	o6	1.405	ATTCTA
1014899	123	o6	1.332	ATTCTA
1014969	39	6m	3.121	TTCTAA
1014981	1820	6m	2.585	TTCTAA
1014988	6878	6m	3.034	TTCTAA
1015067	256	7m8	1.505	ATTCTA
1015073	1502	7A1	1.061	TTCTAA
1015085	537	o6	1.617	ATTCTA
1015085	717	7A1	2.544	TTCTAA
1015085	788	7m8	2.074	ATTCTA
1015085	795	6m	1.909	TTCTAA
1015145	2446	7A1	2.704	TTCTAA
1015145	2908	8m	1.202	ATTCTA
1015195	689	o6	1.036	ATTCTA
1015228	1254	7m8	1.599	ATTCTA
1015247	50	7A1	1.968	TTCTAA
1015250	631	7A1	2.456	TTCTAA
1015286	20	7A1	2.469	TTCTAA
1015341	285	8m	1.441	ATTCTA
1015375	135	7m8	1.153	ATTCTA
1015394	455	6m	1.278	TTCTAA
1015438	176	6m	2.490	TTCTAA
1015471	476	o6	2.073	ATTCTA
1015480	888	8m	2.807	ATTCTA
1015552	977	7m8	2.865	ATTCTA
1015552	2216	6m	2.350	TTCTAA
1015637	34	7m8	2.801	ATTCTA
1015685	310	7A1	1.973	TTCTAA
1015697	110	o6	1.562	ATTCTA
1015722	737	6m	2.283	TTCTAA
1015774	518	o6	1.142	ATTCTA
1015778	1254	o6	2.723	ATTCTA
1015778	1396	8m	3.034	ATTCTA
1015784	347	o6	1.652	ATTCTA
1015789	1441	6m	1.860	TTCTAA
1015789	1618	6m	2.215	TTCTAA
1015841	360	7A1	2.515	TTCTAA
1015870	367	o6	1.052	ATTCTA
1015973	537	7A1	1.169	TTCTAA
1015995	1161	6m	2.025	TTCTAA
1016097	152	7A1	1.780	TTCTAA
1016179	888	6m	2.112	TTCTAA
1016205	755	8m	1.322	ATTCTA
1016214	203	o6	1.442	ATTCTA
1016223	356	o6	1.073	ATTCTA
1016265	385	o6	2.173	ATTCTA
1016266	117	6m	1.656	TTCTAA
1016284	424	o6	1.172	ATTCTA
1016287	597	6m	1.053	TTCTAA
1016373	912	7m8	1.520	ATTCTA
1016397	174	7m8	1.393	ATTCTA
1016398	2103	7A1	2.400	TTCTAA
1016418	1233	7A1	1.547	TTCTAA
1016431	237	o6	1.258	ATTCTA
1016445	716	7m8	1.022	ATTCTA
1016445	1051	8m	1.158	ATTCTA
1016449	3906	8m	2.538	ATTCTA
1016455	686	6m	1.274	TTCTAA
1016464	232	6m	1.586	TTCTAA
1016470	598	7A1	1.193	TTCTAA
1016470	660	7m8	2.251	ATTCTA
1016475	1390	o6	1.287	ATTCTA
1016500	974	7A1	2.028	TTCTAA
1016557	999	o6	1.298	ATTCTA
1016565	61	o6	1.405	ATTCTA
1016566	1268	7A1	3.105	TTCTAA
1016566	1861	6m	1.588	TTCTAA
1016574	628	o6	1.706	ATTCTA
1016599	1142	7m8	2.220	ATTCTA
1016599	1173	8m	1.322	ATTCTA
1016599	1339	6m	1.545	TTCTAA
1016599	1536	8m	2.220	ATTCTA
1016613	130	o6	1.273	ATTCTA
1016640	811	6m	1.298	TTCTAA
1016652	554	o6	1.413	ATTCTA
1016677	96	6m	2.786	TTCTAA
1016685	1575	o6	2.219	ATTCTA
1016695	624	o6	1.062	ATTCTA
1016698	4	o6	1.866	ATTCTA
1016698	250	8m	2.420	ATTCTA
1016698	703	6m	1.690	TTCTAA
1016698	758	o6	2.178	ATTCTA
1016701	1230	o6	1.982	ATTCTA
1016701	1653	7A1	2.405	TTCTAA
1016706	255	7A1	2.418	TTCTAA
1016776	112	o6	1.279	ATTCTA
1016794	207	o6	1.405	ATTCTA
1016800	102	8m	1.284	TTCTAA
1016869	370	6m	1.220	TTCTAA
1016917	476	o6	2.073	ATTCTA
1016922	693	o6	1.109	ATTCTA
1016928	49	6m	1.002	TTCTAA
1016965	72	8m	1.315	TTCTAA
1016986	556	o6	3.013	ATTCTA
1017012	601	6m	2.003	TTCTAA
1017012	651	6m	2.332	TTCTAA
1017019	489	8m	2.174	ATTCTA
1017036	698	7m8	1.180	ATTCTA
1017096	499	7m8	2.400	ATTCTA
1017151	195	o6	1.644	ATTCTA
1017168	639	8m	1.681	ATTCTA
1017169	1742	o6	1.944	ATTCTA
1017197	858	6m	1.303	TTCTAA
1017249	208	7A1	1.869	TTCTAA
1017257	242	7A1	1.313	TTCTAA
1017261	462	8m	2.220	ATTCTA
1017282	384	8m	1.285	ATTCTA
1017293	385	6m	3.124	TTCTAA
1017309	206	6m	1.582	TTCTAA
1017496	183	o6	2.106	ATTCTA
1017496	688	o6	2.396	ATTCTA
1017580	128	o6	2.544	ATTCTA
1017614	1295	8m	1.600	ATTCTA
1017696	1005	8m	1.241	ATTCTA
1017782	324	6m	2.019	TTCTAA
1017787	188	6m	1.119	TTCTAA
1017787	399	8m	2.489	ATTCTA
1017830	1407	o6	2.660	ATTCTA
1017842	194	7A1	1.322	TTCTAA
1017883	316	6m	1.690	TTCTAA
1018077	949	7A1	1.322	TTCTAA
1018134	1363	o6	1.654	ATTCTA
1018134	1704	o6	1.032	ATTCTA
1018168	761	o6	1.088	ATTCTA
1018243	459	o6	2.909	ATTCTA
1018243	1660	o6	1.376	ATTCTA
1018248	1167	8m	2.642	TTCTAA
1018277	456	o6	2.317	ATTCTA
1018277	578	6m	2.614	TTCTAA
1018278	308	o6	2.160	ATTCTA
1018284	84	7m8	1.284	ATTCTA
1018299	65	6m	1.284	TTCTAA
1018310	76	o6	1.492	ATTCTA
1018353	573	7m8	1.338	ATTCTA
1018376	27	7A1	1.253	TTCTAA
1018486	965	7A1	2.240	TTCTAA
1018530	1772	6m	1.322	TTCTAA
1018530	2631	o6	1.802	ATTCTA
1018649	40	7m8	1.616	TTCTAA
1018678	269	6m	2.544	TTCTAA
1018763	137	7A1	1.322	TTCTAA
1018867	51	7A1	2.065	TTCTAA
1018931	576	o6	1.950	ATTCTA
1019064	396	o6	1.053	ATTCTA
1019101	878	o6	2.059	ATTCTA
1019128	156	o6	1.298	ATTCTA
1019192	511	6m	2.287	TTCTAA
1019198	1725	6m	1.131	TTCTAA
1019237	423	7A1	1.786	TTCTAA
1019304	1099	6m	1.284	TTCTAA
1019335	73	o6	1.410	ATTCTA
1019414	206	o6	1.053	ATTCTA
1019429	115	o6	1.304	ATTCTA
1019456	22	7A1	1.039	TTCTAA
1019464	686	o6	2.143	ATTCTA
1019514	1290	6m	1.322	TTCTAA
1019514	1308	6m	1.713	TTCTAA
1019514	3060	o6	1.285	ATTCTA
1019514	3871	o6	1.874	ATTCTA
1019579	844	7m8	2.105	ATTCTA
1019579	1292	o6	1.606	ATTCTA
1019764	156	7A1	1.164	TTCTAA
1019847	26	o6	2.522	ATTCTA
1019847	35	o6	2.522	ATTCTA
1019899	92	7A1	1.857	TTCTAA
1019899	293	o6	1.062	ATTCTA
1019935	629	7m8	1.207	ATTCTA
1019956	450	o6	2.015	ATTCTA
1020063	81	7A1	1.319	TTCTAA
1020173	236	7A1	1.106	TTCTAA
1020204	57	8m	1.972	ATTCTA
1020219	1266	o6	1.151	ATTCTA
1020253	483	o6	1.277	ATTCTA
1020253	685	6m	1.660	TTCTAA
1020280	2016	o6	2.271	ATTCTA
1020319	1910	8m	1.577	ATTCTA
1020535	453	o6	1.322	ATTCTA
1020601	685	o6	1.932	ATTCTA
1020615	1621	o6	2.040	ATTCTA
1020636	223	o6	1.405	ATTCTA
1020643	601	o6	1.186	ATTCTA
1020661	1665	6m	1.418	TTCTAA
1020794	203	8m	1.154	TTCTAA
1021008	1056	6m	2.732	TTCTAA
1021014	107	6m	2.785	TTCTAA
1021037	107	7m8	1.649	ATTCTA
1021055	641	7m8	2.155	ATTCTA
1021084	20	6m	1.813	TTCTAA
1021137	140	8m	1.084	ATTCTA
1021255	89	6m	1.533	TTCTAA
1021360	181	o6	1.459	ATTCTA
1021365	332	o6	1.210	ATTCTA
1021378	186	o6	1.156	ATTCTA
1021406	734	6m	1.084	TTCTAA
1021452	279	o6	2.293	ATTCTA
1021488	709	o6	1.091	ATTCTA
1021550	106	o6	2.073	ATTCTA
1021566	207	6m	2.763	TTCTAA
1021700	401	6m	1.736	TTCTAA
1021712	167	6m	1.468	TTCTAA
1021812	27	o6	1.212	ATTCTA
1021879	376	7A1	2.025	TTCTAA
1021890	219	6m	1.254	TTCTAA
1021893	219	6m	1.254	TTCTAA
1021906	507	o6	2.617	ATTCTA
1022005	385	6m	1.284	TTCTAA
1022014	102	6m	1.328	TTCTAA
1022057	248	6m	1.313	TTCTAA
1022165	730	o6	3.047	ATTCTA
1022256	180	7A1	2.628	TTCTAA
1022285	458	o6	1.711	ATTCTA
1022338	312	6m	1.972	TTCTAA
1022338	678	8m	1.229	TTCTAA
1022338	1677	6m	2.186	TTCTAA
1022383	216	7A1	2.544	TTCTAA
1022383	508	6m	2.220	TTCTAA
1022383	1037	7m8	1.322	ATTCTA
1022383	1673	8m	1.322	ATTCTA
1022457	158	o6	1.082	ATTCTA
1022495	3726	6m	1.078	TTCTAA
1022531	1138	6m	2.425	TTCTAA
1022568	2569	6m	2.660	TTCTAA
1022568	2870	6m	1.849	TTCTAA
1022820	923	6m	2.101	TTCTAA
1022846	402	8m	2.017	ATTCTA
1022932	2017	o6	1.047	ATTCTA
1022932	2273	o6	1.316	ATTCTA
1023027	59	7A1	1.824	TTCTAA
1023032	469	o6	1.073	ATTCTA
1023077	124	o6	1.861	ATTCTA
1023100	51	o6	3.005	ATTCTA
1023253	768	8m	2.489	ATTCTA
1023256	1076	7m8	1.321	ATTCTA
1023295	689	7A1	1.260	TTCTAA
1023298	768	6m	1.073	TTCTAA
1023320	1316	7A1	1.201	TTCTAA
1023378	2107	o6	1.155	ATTCTA
1023381	1618	o6	1.155	ATTCTA
1023391	1484	7A1	1.933	TTCTAA
1023443	352	7A1	1.860	TTCTAA
1023469	249	8m	2.501	ATTCTA
1023599	8535	o6	2.020	ATTCTA
1023673	616	6m	1.315	TTCTAA
1023681	3396	o6	1.563	ATTCTA
1023706	547	o6	1.467	ATTCTA
1023712	629	7A1	1.807	TTCTAA
1023712	1471	o6	1.016	ATTCTA
1023757	42	6m	2.017	TTCTAA
1023765	37	o6	1.267	ATTCTA
1023790	1412	8m	1.152	ATTCTA
1023805	2939	7A1	2.271	TTCTAA
1023805	5222	7A1	2.110	TTCTAA
1023828	652	o6	1.405	ATTCTA
1023847	560	6m	2.519	TTCTAA
1023853	27	7A1	2.293	TTCTAA
1023863	813	6m	1.180	TTCTAA
1023927	946	o6	1.156	ATTCTA
1023970	132	o6	1.283	ATTCTA
1023991	456	8m	1.416	ATTCTA
1024009	338	7m8	1.759	TTCTAA
1024012	949	8m	3.232	ATTCTA
1024031	2664	o6	1.180	ATTCTA
1024031	3163	7m8	1.780	ATTCTA
1024031	4510	o6	1.255	ATTCTA
1024073	49	7A1	1.015	TTCTAA
1024109	17	6m	1.947	TTCTAA
1024118	102	o6	1.854	ATTCTA
1024133	940	6m	1.053	TTCTAA
1024133	1078	o6	2.350	ATTCTA
1024189	182	o6	2.385	ATTCTA
1024195	658	o6	1.009	ATTCTA
1024195	1220	7A1	2.002	TTCTAA
1024196	142	o6	1.142	ATTCTA
1024204	834	6m	1.032	TTCTAA
1024211	1048	6m	2.544	TTCTAA
1024211	1376	7m8	1.082	ATTCTA
1024241	1345	8m	1.843	TTCTAA
1024282	119	6m	1.318	TTCTAA
1024304	22	6m	1.447	TTCTAA
1024331	29	7A1	1.484	TTCTAA
1024342	1818	6m	1.322	TTCTAA
1024385	1040	8m	1.920	ATTCTA
1024393	1260	o6	2.183	ATTCTA
1024397	1002	o6	1.284	ATTCTA
1024397	1007	8m	1.284	ATTCTA
1024397	2490	o6	1.397	ATTCTA
1024448	1020	6m	1.272	TTCTAA
1024448	1669	o6	2.365	ATTCTA
1024465	879	8m	1.248	ATTCTA
1024465	1551	8m	1.053	ATTCTA
1024465	1814	7A1	2.220	TTCTAA
1024525	1004	o6	1.629	ATTCTA
1024529	745	o6	2.225	ATTCTA
1024529	1311	o6	2.757	ATTCTA
1024556	2014	o6	2.375	ATTCTA
1024639	1992	6m	1.176	TTCTAA
1024645	57	o6	1.048	ATTCTA
1024648	7215	o6	2.449	ATTCTA
1024648	8535	7A1	2.088	TTCTAA
1024648	10573	o6	1.080	ATTCTA
1024672	345	7m8	1.298	ATTCTA
1024672	617	6m	2.326	TTCTAA
1024720	369	o6	1.051	ATTCTA
1024733	1187	o6	2.050	ATTCTA
1024733	1371	6m	1.962	TTCTAA
1024745	66	6m	1.494	TTCTAA
1024748	28	7m8	1.841	ATTCTA
1024748	41	o6	1.113	ATTCTA
1024807	657	6m	1.020	TTCTAA
1024829	4623	6m	2.033	TTCTAA
1024843	1408	7A1	1.212	TTCTAA
1024843	2151	7A1	2.233	TTCTAA
1024935	496	7m8	1.409	ATTCTA
1024935	1055	6m	2.150	TTCTAA
1024939	301	o6	1.765	ATTCTA
1024966	207	7m8	1.160	TTCTAA
1025022	22	6m	3.067	TTCTAA
1025022	1541	o6	1.672	ATTCTA
1025029	1558	8m	2.723	ATTCTA
1025055	400	o6	1.156	ATTCTA
1025055	513	7m8	2.544	ATTCTA
1025055	1049	6m	1.297	TTCTAA
1025059	816	o6	1.621	ATTCTA
1025059	1372	7A1	1.810	TTCTAA
1025059	2516	o6	1.278	ATTCTA
1025059	2662	7m8	2.157	TTCTAA
1025059	3082	6m	2.280	TTCTAA
1025101	1094	7A1	2.778	TTCTAA
1025135	84	7A1	1.590	TTCTAA
1025158	1163	6m	1.986	TTCTAA
1025168	392	7A1	1.329	TTCTAA
1025216	472	o6	1.563	ATTCTA
1025229	2327	6m	1.904	TTCTAA
1025242	808	o6	2.060	ATTCTA
1025242	1136	7m8	1.730	ATTCTA
1025269	594	7A1	1.255	TTCTAA
1025272	236	6m	1.763	TTCTAA
1025331	89	o6	1.460	ATTCTA
1025340	43	7A1	2.670	TTCTAA
1025352	185	7m8	1.488	ATTCTA
1025367	1239	6m	1.217	TTCTAA
1025371	13	8m	1.484	ATTCTA
1025374	70	8m	2.025	ATTCTA
1025377	896	o6	1.173	ATTCTA
1025380	195	6m	1.938	TTCTAA
1025502	212	6m	3.475	TTCTAA
1025512	786	8m	1.663	ATTCTA
1025551	244	6m	1.322	TTCTAA
1025615	1209	7A1	2.544	TTCTAA
1025618	57	7m8	1.218	TTCTAA
1025642	491	6m	2.680	TTCTAA
1025689	787	7A1	1.642	TTCTAA
1025743	94	6m	1.249	TTCTAA
1025790	1420	o6	3.034	ATTCTA
1025803	92	8m	1.398	TTCTAA
1025883	343	o6	1.085	ATTCTA
1025895	1958	o6	2.555	ATTCTA
1025934	986	7m8	2.075	TTCTAA
1025965	197	7A1	1.336	TTCTAA
1025976	359	6m	1.211	TTCTAA
1026041	193	o6	1.899	ATTCTA
1026096	460	6m	2.304	TTCTAA
1026161	282	6m	1.590	TTCTAA
1026215	30	o6	1.104	ATTCTA
1026262	640	o6	2.467	ATTCTA
1026333	91	o6	1.245	ATTCTA
1026336	682	o6	1.151	ATTCTA
1026375	641	o6	1.521	ATTCTA
1026480	2773	o6	1.973	ATTCTA
1026590	6	o6	1.250	ATTCTA
1026688	4216	o6	1.058	ATTCTA
1026711	1360	7m8	1.690	ATTCTA
1026711	1425	7A1	1.328	TTCTAA
1026711	2839	7A1	1.464	TTCTAA
1026761	59	6m	1.386	TTCTAA
1026798	1008	8m	2.799	ATTCTA
1026841	4603	7A1	2.496	TTCTAA
1026841	4992	o6	2.487	ATTCTA
1026888	236	6m	1.713	TTCTAA
1026920	384	o6	2.228	ATTCTA
1026965	2044	6m	1.711	TTCTAA
1026974	351	o6	1.327	ATTCTA
1026981	584	7m8	2.073	ATTCTA
1026981	740	o6	1.632	ATTCTA
1026981	1185	o6	1.073	ATTCTA
1026999	1537	7A1	1.150	TTCTAA
1027073	214	7A1	2.383	TTCTAA
1027115	209	6m	2.274	TTCTAA
1027138	595	o6	2.286	ATTCTA
1027150	502	o6	1.228	ATTCTA
1027153	833	o6	2.567	ATTCTA
1027160	23	o6	1.252	ATTCTA
1027168	797	o6	1.122	ATTCTA
1027186	738	o6	2.026	ATTCTA
1027341	172	o6	1.016	ATTCTA
1027348	74	o6	1.582	ATTCTA
1027357	787	o6	1.011	ATTCTA
1027369	147	o6	1.031	ATTCTA
1027398	304	o6	1.873	ATTCTA
1027493	398	6m	2.627	TTCTAA
1027502	798	6m	1.308	TTCTAA
1027580	338	7A1	2.312	TTCTAA
1027637	727	o6	1.399	ATTCTA
1027756	316	7A1	1.020	TTCTAA
1027764	1144	6m	3.549	TTCTAA
1027831	119	7m8	1.321	ATTCTA
1027831	301	6m	2.528	TTCTAA
1027912	68	6m	3.339	TTCTAA
1027978	182	7A1	1.168	TTCTAA
1028023	886	7A1	2.031	TTCTAA
1028081	621	6m	1.387	TTCTAA
1028103	108	8m	1.826	TTCTAA
1028193	272	6m	1.489	TTCTAA
1028441	565	o6	1.328	ATTCTA
1028444	264	6m	2.893	TTCTAA
1028470	136	o6	1.590	ATTCTA
1028486	150	6m	1.514	TTCTAA
1028517	69	6m	1.561	TTCTAA
1028648	378	8m	1.558	ATTCTA
1028648	975	o6	2.299	ATTCTA
1028751	837	8m	1.740	ATTCTA
1028839	34	7A1	1.103	TTCTAA
1028875	23	o6	2.031	ATTCTA
1028911	369	o6	1.248	ATTCTA
1028959	107	o6	2.088	ATTCTA
1029003	442	7m8	1.376	ATTCTA
1029037	464	7A1	2.463	TTCTAA
1029051	906	o6	2.074	ATTCTA
1029055	276	7m8	1.826	ATTCTA
1029069	2258	8m	2.201	ATTCTA
1029069	2389	6m	1.974	TTCTAA
1029192	257	6m	2.302	TTCTAA
1029192	1707	7A1	1.484	TTCTAA
1029192	2327	7A1	1.577	TTCTAA
1029246	522	6m	3.398	TTCTAA
1029254	56	6m	1.487	TTCTAA
1029309	185	6m	1.505	TTCTAA
1029309	721	8m	1.525	ATTCTA
1029325	96	o6	1.162	ATTCTA
1029459	155	o6	2.025	ATTCTA
1029479	248	6m	1.577	TTCTAA
1029525	492	7A1	1.053	TTCTAA
1029532	526	o6	1.244	ATTCTA
1029532	2443	o6	2.184	ATTCTA
1029685	519	7m8	2.448	ATTCTA
1029685	525	o6	2.448	ATTCTA
1029710	210	o6	1.434	ATTCTA
1029715	155	o6	1.558	ATTCTA
1029773	80	8m	2.053	ATTCTA
1029788	161	7A1	1.204	TTCTAA
1029828	130	o6	1.304	ATTCTA
1029891	94	7m8	1.958	ATTCTA
1029982	174	6m	1.385	TTCTAA
1029988	255	o6	1.016	ATTCTA
1030000	257	6m	1.190	TTCTAA
1030115	58	6m	2.198	TTCTAA
1030115	120	7A1	1.882	TTCTAA
1030245	64	7m8	1.650	ATTCTA
1030245	643	o6	1.165	ATTCTA
1030245	1156	7A1	2.313	TTCTAA
1030340	98	6m	1.212	TTCTAA
1030373	481	o6	1.179	ATTCTA
1030374	100	6m	1.205	TTCTAA
1030451	305	7m8	3.398	ATTCTA
1030454	189	o6	2.533	ATTCTA
1030491	257	o6	1.425	ATTCTA
1030525	116	7m8	1.415	TTCTAA
1030798	31	o6	1.827	ATTCTA
1030843	64	6m	1.418	TTCTAA
1031090	589	6m	1.180	TTCTAA
1031106	334	6m	1.893	TTCTAA
1031126	148	o6	1.562	ATTCTA
1031142	312	6m	1.681	TTCTAA
1031156	464	o6	1.382	ATTCTA
1031156	1838	o6	1.020	ATTCTA
1031322	235	6m	2.350	TTCTAA
1031351	55	o6	1.956	ATTCTA
1031390	3826	o6	1.479	ATTCTA
1031390	5008	o6	2.713	ATTCTA
1031390	8117	o6	1.007	ATTCTA
1031479	210	6m	1.638	TTCTAA
1031479	1626	o6	1.240	ATTCTA
1031557	184	8m	1.284	ATTCTA
1031616	1450	6m	1.563	TTCTAA
1031782	584	7A1	1.517	TTCTAA
1031805	1135	o6	1.971	ATTCTA
1031818	516	8m	2.275	ATTCTA
1031887	576	7m8	1.980	ATTCTA
1031887	644	6m	1.322	TTCTAA
1031887	976	o6	1.322	ATTCTA
1031994	386	7m8	1.462	ATTCTA
1031997	955	8m	1.415	ATTCTA
1031998	123	7m8	1.109	ATTCTA
1032264	384	o6	3.033	ATTCTA
1032309	438	o6	1.751	ATTCTA
1032325	2185	6m	2.377	TTCTAA
1032333	314	o6	2.872	ATTCTA
1032333	1905	6m	2.005	TTCTAA
1032369	1352	o6	1.141	ATTCTA
1032386	351	o6	1.059	ATTCTA
1032400	318	o6	1.081	ATTCTA
1032406	48	6m	2.350	TTCTAA
1032490	414	o6	1.352	ATTCTA
1032616	438	o6	2.085	ATTCTA
1032616	2189	o6	1.680	ATTCTA
1032617	1256	7A1	4.145	TTCTAA
1032634	590	8m	3.034	ATTCTA
1032687	492	7m8	1.240	TTCTAA
1032710	102	o6	2.178	ATTCTA
1032718	139	7m8	1.322	ATTCTA
1032738	283	o6	1.000	ATTCTA
1032741	194	o6	1.460	ATTCTA
1032750	743	6m	2.181	TTCTAA
1032884	895	o6	1.284	ATTCTA
1032902	115	8m	2.017	ATTCTA
1032902	1501	6m	1.690	TTCTAA
1032902	2081	7m8	1.534	ATTCTA
1032965	1640	7A1	2.093	TTCTAA
1032998	399	6m	1.333	TTCTAA
1033085	2003	7A1	1.461	TTCTAA
1033141	1568	7m8	1.410	TTCTAA
1033152	2294	7A1	1.687	TTCTAA
1033160	751	o6	1.086	ATTCTA
1033227	788	o6	2.132	ATTCTA
1033244	22	7A1	1.058	TTCTAA
1033250	212	6m	1.771	TTCTAA
1033281	1051	6m	1.042	TTCTAA
1033281	1503	7A1	1.048	TTCTAA
1033333	975	7m8	1.254	ATTCTA
1033351	1076	6m	1.550	TTCTAA
1033362	2244	8m	2.026	ATTCTA
1033414	521	8m	2.694	ATTCTA
1033425	1347	o6	1.026	ATTCTA
1033475	279	o6	1.218	ATTCTA
1033481	4104	o6	2.674	ATTCTA
1033488	618	6m	2.375	TTCTAA
1033517	263	7m8	2.612	TTCTAA
1033517	295	6m	1.641	TTCTAA
1033517	326	7A1	1.181	TTCTAA
1033571	3973	6m	1.322	TTCTAA
1033575	359	8m	1.479	ATTCTA
1033598	1811	o6	1.179	ATTCTA
1033598	6330	6m	2.123	TTCTAA
1033607	298	7m8	1.338	ATTCTA
1033625	9	o6	1.402	ATTCTA
1033658	768	7A1	1.237	TTCTAA
1033658	1172	6m	2.551	TTCTAA
1033669	36	o6	2.103	ATTCTA
1033669	72	7m8	1.998	TTCTAA
1033712	834	o6	1.606	ATTCTA
1033739	112	6m	1.349	TTCTAA
1033789	1531	o6	1.606	ATTCTA
1033789	1930	o6	1.284	ATTCTA
1033789	2857	o6	1.857	ATTCTA
1033800	0	o6	1.032	ATTCTA
1033844	97	8m	1.914	ATTCTA
1033850	168	8m	1.890	ATTCTA
1033877	689	8m	1.767	ATTCTA
1033906	330	7A1	1.156	TTCTAA
1033916	76	6m	1.916	TTCTAA
1033956	219	7m8	1.058	ATTCTA
1033971	3693	o6	1.606	ATTCTA
1034040	393	7m8	1.045	TTCTAA
1034068	5777	o6	1.303	ATTCTA
1034068	6558	7m8	2.128	TTCTAA
1034097	161	6m	1.113	TTCTAA
1034115	383	7A1	1.194	TTCTAA
1034208	178	o6	4.174	ATTCTA
1034235	854	6m	3.058	TTCTAA
1034262	1136	6m	1.410	TTCTAA
1034265	218	6m	1.384	TTCTAA
1034289	44	6m	2.012	TTCTAA
1034304	76	6m	3.662	TTCTAA
1034304	2824	8m	1.157	ATTCTA
1034316	1841	8m	1.284	ATTCTA
1034322	449	6m	2.611	TTCTAA
1034331	3392	7A1	2.707	TTCTAA
1034337	1013	7A1	1.832	TTCTAA
1034365	29	6m	1.272	TTCTAA
1034370	472	7m8	1.315	ATTCTA
1034389	604	6m	2.482	TTCTAA
1034406	397	o6	1.516	ATTCTA
1034406	738	o6	2.347	ATTCTA
1034406	1233	7A1	1.682	TTCTAA
1034413	871	6m	1.513	TTCTAA
1034416	327	6m	2.095	TTCTAA
1034427	263	7A1	2.301	TTCTAA
1034469	23	6m	2.126	TTCTAA
1034521	392	6m	2.934	TTCTAA
1034539	1242	6m	3.475	TTCTAA
1034569	3346	8m	2.059	ATTCTA
1034569	4995	7m8	1.373	ATTCTA
1034569	5651	o6	1.328	ATTCTA
1034593	1398	o6	2.130	ATTCTA
1034739	1982	o6	1.649	ATTCTA
1034744	253	7A1	3.128	TTCTAA
1034745	388	8m	2.056	ATTCTA
1034745	546	7A1	1.014	TTCTAA
1034843	273	o6	3.424	ATTCTA
1034851	19	8m	1.002	TTCTAA
1034884	128	o6	1.318	ATTCTA
1034893	667	o6	2.493	ATTCTA
1034899	2887	6m	1.834	TTCTAA
1034899	2922	6m	2.980	TTCTAA
1034899	3335	o6	1.405	ATTCTA
1034909	191	7m8	1.171	ATTCTA
1034909	197	7m8	1.335	TTCTAA
1034953	505	7A1	2.233	TTCTAA
1034983	222	7m8	1.373	ATTCTA
1034984	972	7A1	2.009	TTCTAA
1034995	5832	7A1	1.818	TTCTAA
1035001	3026	7m8	1.563	ATTCTA
1035007	44	o6	1.223	ATTCTA
1035010	498	o6	1.257	ATTCTA
1035015	1304	o6	2.563	ATTCTA
1035030	266	o6	2.215	ATTCTA
1035037	1306	o6	1.265	ATTCTA
1035040	2475	o6	1.684	ATTCTA
1035069	472	8m	1.321	ATTCTA
1035093	11	6m	3.449	TTCTAA
1035126	687	8m	2.321	ATTCTA
1035136	7	o6	1.321	ATTCTA
1035198	3533	7m8	1.328	ATTCTA
1035204	734	7m8	3.110	TTCTAA
1035207	182	6m	1.690	TTCTAA
1035213	2732	o6	2.047	ATTCTA
1035242	368	o6	2.365	ATTCTA
1035248	3244	6m	2.236	TTCTAA
1035260	825	6m	3.581	TTCTAA
1035263	69	o6	1.318	ATTCTA
1035314	87	7m8	1.484	ATTCTA
1035380	1742	7A1	2.203	TTCTAA
1035432	650	o6	1.914	ATTCTA
1035527	2007	6m	1.543	TTCTAA
1035536	2158	o6	4.728	ATTCTA
1035543	153	7m8	1.349	TTCTAA
1035569	11899	8m	2.053	ATTCTA
1035569	17835	o6	2.383	ATTCTA
1035605	151	8m	1.470	ATTCTA
1035615	267	o6	1.884	ATTCTA
1035684	52	7A1	1.700	TTCTAA
1035684	440	7A1	1.636	TTCTAA
1035714	178	o6	1.099	ATTCTA
1035714	333	o6	2.030	ATTCTA
1035782	771	6m	2.124	TTCTAA
1035783	2469	6m	2.767	TTCTAA
1035783	3193	o6	1.499	ATTCTA
1035791	195	6m	1.689	TTCTAA
1035798	998	7A1	1.073	TTCTAA
1035828	565	o6	1.469	ATTCTA
1035843	111	7A1	2.226	TTCTAA
1035843	2096	o6	1.278	ATTCTA
1035933	60	6m	3.009	TTCTAA
1035945	1165	7A1	2.294	TTCTAA
1035974	1215	6m	2.031	TTCTAA
1035989	444	7m8	1.558	ATTCTA
1035989	464	7m8	1.837	TTCTAA
1036011	268	7A1	1.511	TTCTAA
1036022	134	6m	1.846	TTCTAA
1036053	1890	o6	3.723	ATTCTA
1036065	156	6m	2.068	TTCTAA
1036127	14500	7m8	1.634	ATTCTA
1036154	50	o6	2.807	ATTCTA
1036154	1570	7A1	2.629	TTCTAA
1036154	1579	8m	2.629	ATTCTA
1036208	384	6m	3.267	TTCTAA
1036212	92	o6	1.201	ATTCTA
1036274	230	o6	2.228	ATTCTA
1036283	1182	o6	1.894	ATTCTA
1036290	14	7A1	1.938	TTCTAA
1036290	90	6m	1.201	TTCTAA
1036381	3391	o6	3.375	ATTCTA
1036381	3416	6m	2.574	TTCTAA
1036420	465	6m	1.560	TTCTAA
1036482	116	7A1	2.525	TTCTAA
1036482	817	o6	1.931	ATTCTA
1036558	706	7m8	1.458	ATTCTA
1036568	1060	o6	1.235	ATTCTA
1036568	2134	o6	1.328	ATTCTA
1036568	4564	8m	1.328	TTCTAA
1036606	50	6m	1.750	TTCTAA
1036682	970	8m	1.395	ATTCTA
1036706	159	6m	2.377	TTCTAA
1036706	351	7A1	2.377	TTCTAA
1036706	1326	7A1	1.385	TTCTAA
1036746	504	7A1	2.776	TTCTAA
1036751	297	8m	2.723	ATTCTA
1036899	1369	6m	1.950	TTCTAA
1036967	315	o6	1.151	ATTCTA
1036973	39	6m	1.599	TTCTAA
1036994	66	6m	2.514	TTCTAA
1037161	434	6m	3.842	TTCTAA
1037327	20	o6	2.630	ATTCTA
1037422	784	6m	2.286	TTCTAA
1037474	1212	6m	1.432	TTCTAA
1037615	864	6m	1.879	TTCTAA
1037630	515	6m	2.710	TTCTAA
1037646	187	o6	2.079	ATTCTA
1037744	44	7m8	1.096	ATTCTA
1037818	492	6m	1.185	TTCTAA
1037845	804	o6	1.939	ATTCTA
1037850	746	o6	1.457	ATTCTA
1037937	95	7A1	1.509	TTCTAA
1037962	5	o6	1.810	ATTCTA
1038000	231	6m	1.073	TTCTAA
1038016	133	8m	1.515	TTCTAA
1038021	475	6m	2.286	TTCTAA
1038048	154	o6	1.530	ATTCTA
1038078	187	6m	1.161	TTCTAA
1038150	112	6m	1.553	TTCTAA
1038153	222	7m8	2.914	TTCTAA
1038259	52	o6	1.627	ATTCTA
1038293	2105	o6	3.953	ATTCTA
1038342	1204	7A1	2.961	TTCTAA
1038366	221	7m8	1.474	ATTCTA
1038440	189	7A1	2.927	TTCTAA
1038440	531	6m	1.331	TTCTAA
1038465	216	o6	1.560	ATTCTA
1038465	528	7A1	1.650	TTCTAA
1038485	327	8m	1.851	ATTCTA
1038529	1277	o6	1.863	ATTCTA
1038548	301	7A1	1.688	TTCTAA
1038626	342	7m8	1.359	ATTCTA
1038640	1260	o6	1.313	ATTCTA
1038670	1645	o6	1.229	ATTCTA
1038752	789	o6	1.116	ATTCTA
1038808	339	6m	1.588	TTCTAA
1038833	573	6m	1.193	TTCTAA
1038836	54	7A1	1.380	TTCTAA
1038891	397	7m8	1.227	TTCTAA
1038920	173	o6	1.500	ATTCTA
1038920	205	o6	1.970	ATTCTA
1038923	486	6m	1.082	TTCTAA
1038929	94	o6	2.816	ATTCTA
1039061	77	7A1	1.117	TTCTAA
1039202	2261	7A1	1.924	TTCTAA
1039286	1043	6m	1.526	TTCTAA
1039326	83	7A1	1.987	TTCTAA
1039376	298	7A1	2.016	TTCTAA
1039398	451	o6	1.155	ATTCTA
1039422	1298	o6	1.964	ATTCTA
1039442	49	o6	1.143	ATTCTA
1039445	2010	o6	2.802	ATTCTA
1039469	2105	6m	3.214	TTCTAA
1039703	1520	6m	2.663	TTCTAA
1039718	1171	o6	1.548	ATTCTA
1039797	2823	8m	1.152	ATTCTA
1039805	134	6m	1.126	TTCTAA
1039853	1151	o6	2.269	ATTCTA
1039853	2846	o6	2.073	ATTCTA
1039858	4426	o6	1.512	ATTCTA
1039870	642	o6	1.479	ATTCTA
1039908	220	7m8	1.603	TTCTAA
1039908	809	o6	1.395	ATTCTA
1039919	1365	7A1	1.123	TTCTAA
1039955	964	6m	1.524	TTCTAA
1039971	586	o6	1.634	ATTCTA
1039971	1098	o6	1.195	ATTCTA
1039996	126	7m8	1.133	ATTCTA
1040049	117	6m	2.418	TTCTAA
1040058	937	8m	1.405	TTCTAA
1040058	5668	6m	2.255	TTCTAA
1040070	1591	7A1	1.677	TTCTAA
1040096	214	6m	1.375	TTCTAA
1040136	847	7A1	1.781	TTCTAA
1040145	346	8m	1.073	ATTCTA
1040165	3790	7A1	2.981	TTCTAA
1040177	24	6m	1.201	TTCTAA
1040190	1442	6m	2.225	TTCTAA
1040190	3767	6m	3.327	TTCTAA
1040202	772	7m8	1.494	ATTCTA
1040228	1520	7A1	1.992	TTCTAA
1040237	1142	8m	1.896	ATTCTA
1040283	1927	8m	1.396	ATTCTA
1040283	4235	6m	2.409	TTCTAA
1040294	28	o6	3.099	ATTCTA
1040297	2451	o6	1.548	ATTCTA
1040298	3645	7A1	2.180	TTCTAA
1040304	1090	o6	1.499	ATTCTA
1040318	75	7m8	3.031	ATTCTA
1040325	1271	6m	1.518	TTCTAA
1040337	2808	7A1	1.129	TTCTAA
1040346	1013	7A1	2.537	TTCTAA
1040352	211	o6	2.734	ATTCTA
1040360	20	6m	2.275	TTCTAA
1040438	1154	6m	2.409	TTCTAA
1040438	1507	o6	1.311	ATTCTA
1040438	1590	6m	2.947	TTCTAA
1040479	1053	o6	1.468	ATTCTA
1040486	2217	o6	1.384	ATTCTA
1040524	211	o6	3.651	ATTCTA
1040538	3649	7m8	1.970	ATTCTA
1040542	2596	o6	2.845	ATTCTA
1040553	1565	o6	1.367	ATTCTA
1040590	5482	6m	2.198	TTCTAA
1040623	2633	o6	1.284	ATTCTA
1040635	-1	6m	3.069	TTCTAA
1040635	993	o6	1.012	ATTCTA
1040635	2164	o6	1.701	ATTCTA
1040635	3531	6m	1.693	TTCTAA
1040661	38	7m8	3.171	ATTCTA
