1000011	979	6m	1.624	TGCCAT
1000021	556	o6	2.807	GTGCCA
1000026	197	o6	2.220	GTGCCA
1000077	254	6m	2.654	TGCCAT
1000156	213	6m	1.611	TGCCAT
1000182	242	7A1	2.231	TGCCAT
1000228	48	o6	1.967	GTGCCA
1000228	241	o6	1.008	GTGCCA
1000282	1333	7A1	2.276	TGCCAT
1000306	776	8m	2.718	GTGCCA
1000386	1695	6m	1.257	TGCCAT
1000395	415	o6	1.322	GTGCCA
1000407	341	o6	2.125	GTGCCA
1000454	262	7A1	1.053	TGCCAT
1000472	1204	7A1	1.687	TGCCAT
1000586	482	6m	1.690	TGCCAT
1000590	837	7A1	2.889	TGCCAT
1000613	19	8m	2.475	GTGCCA
1000698	16	6m	1.653	TGCCAT
1000730	21	7m8	2.544	GTGCCA
1000734	962	6m	3.182	TGCCAT
1000773	56	6m	1.313	TGCCAT
1000779	2207	6m	2.858	TGCCAT
1000880	1092	o6	2.660	GTGCCA
1000890	28	o6	2.414	GTGCCA
1000896	127	7m8	2.870	GTGCCA
1000904	194	6m	1.518	TGCCAT
1000923	357	7A1	2.449	TGCCAT
1000968	692	o6	1.284	GTGCCA
1000979	1527	6m	3.025	TGCCAT
1001012	1643	o6	1.648	GTGCCA
1001012	2113	7A1	2.807	TGCCAT
1001024	708	o6	1.734	GTGCCA
1001030	1143	6m	1.606	TGCCAT
1001291	89	o6	2.696	GTGCCA
1001298	7	6m	1.226	TGCCAT
1001340	93	7m8	2.025	GTGCCA
1001412	67	6m	1.925	TGCCAT
1001440	1359	o6	2.016	GTGCCA
1001533	378	o6	1.321	GTGCCA
1001533	1069	7A1	1.319	TGCCAT
1001577	765	6m	1.711	TGCCAT
1001738	964	o6	3.382	GTGCCA
1001906	596	o6	1.271	GTGCCA
1001906	1483	o6	1.281	GTGCCA
1001930	266	6m	1.275	TGCCAT
1001937	1244	o6	1.744	GTGCCA
1001945	147	o6	1.487	GTGCCA
1002102	487	6m	3.139	TGCCAT
1002117	300	o6	2.541	GTGCCA
1002131	223	6m	2.025	TGCCAT
1002176	2129	6m	2.318	TGCCAT
1002215	198	6m	1.067	TGCCAT
1002215	765	6m	2.778	TGCCAT
1002374	110	o6	1.980	GTGCCA
1002433	13	7m8	2.741	TGCCAT
1002481	1959	6m	2.086	TGCCAT
1002481	2158	o6	1.965	GTGCCA
1002767	453	6m	2.799	TGCCAT
1002884	115	6m	1.499	TGCCAT
1002884	174	7A1	2.676	TGCCAT
1002979	67	6m	2.523	TGCCAT
1003039	36	6m	3.937	TGCCAT
1003226	403	7A1	1.556	TGCCAT
1003248	1177	6m	2.276	TGCCAT
1003263	288	o6	3.867	GTGCCA
1003309	266	6m	2.588	TGCCAT
1003325	22	o6	2.021	GTGCCA
1003349	301	6m	2.600	TGCCAT
1003384	113	7A1	1.614	TGCCAT
1003423	2	6m	3.332	TGCCAT
1003439	69	o6	1.445	GTGCCA
1003439	185	6m	2.408	TGCCAT
1003495	102	6m	2.062	TGCCAT
1003582	68	7A1	1.147	TGCCAT
1003615	229	o6	1.073	GTGCCA
1003615	505	o6	1.032	GTGCCA
1003683	117	6m	1.412	TGCCAT
1003960	111	8m	1.906	TGCCAT
1004130	416	6m	1.818	TGCCAT
1004130	460	o6	1.050	GTGCCA
1004139	29	o6	2.269	GTGCCA
1004190	64	o6	1.073	GTGCCA
1004341	50	o6	2.290	GTGCCA
1004358	201	o6	2.533	GTGCCA
1004503	1815	6m	1.122	TGCCAT
1004503	2135	7A1	2.635	TGCCAT
1004545	64	o6	1.116	GTGCCA
1004573	1073	o6	2.830	GTGCCA
1004661	182	o6	1.328	GTGCCA
1004724	523	7m8	2.220	GTGCCA
1004741	179	o6	2.708	GTGCCA
1004759	207	o6	1.604	GTGCCA
1004886	166	7A1	1.533	TGCCAT
1004987	384	6m	3.347	TGCCAT
1005000	281	7A1	1.288	TGCCAT
1005120	2263	6m	2.091	TGCCAT
1005216	636	6m	1.520	TGCCAT
1005259	38	6m	2.546	TGCCAT
1005438	27	o6	2.280	GTGCCA
1005456	138	o6	3.029	GTGCCA
1005479	142	7A1	2.542	TGCCAT
1005550	275	6m	1.186	TGCCAT
1005568	563	o6	2.704	GTGCCA
1005646	87	o6	1.103	GTGCCA
1005646	705	6m	4.112	TGCCAT
1005796	215	7A1	1.595	TGCCAT
1005903	148	6m	1.502	TGCCAT
1005951	417	6m	1.073	TGCCAT
1006518	788	o6	1.760	GTGCCA
1006615	76	o6	1.485	GTGCCA
1006650	119	o6	1.184	GTGCCA
1006692	978	8m	1.520	GTGCCA
1006738	184	6m	2.263	TGCCAT
1006758	445	7m8	2.377	GTGCCA
1006809	0	6m	1.651	TGCCAT
1006838	262	6m	2.026	TGCCAT
1006875	1374	6m	2.263	TGCCAT
1006884	169	o6	1.949	GTGCCA
1006920	28	7m8	3.715	GTGCCA
1006940	78	o6	2.025	GTGCCA
1006948	174	o6	1.611	GTGCCA
1006948	187	6m	1.966	TGCCAT
1007004	16	7A1	1.585	TGCCAT
1007025	105	6m	1.234	TGCCAT
1007034	1356	7m8	2.214	GTGCCA
1007041	1046	6m	1.239	TGCCAT
1007046	5	7m8	2.654	GTGCCA
1007058	7	o6	1.616	GTGCCA
1007058	23	7m8	2.723	GTGCCA
1007172	126	7A1	2.544	TGCCAT
1007227	33	7A1	2.170	TGCCAT
1007242	3772	o6	1.577	GTGCCA
1007301	251	o6	2.537	GTGCCA
1007403	92	o6	1.448	GTGCCA
1007463	17	o6	2.567	GTGCCA
1007463	57	7A1	1.294	TGCCAT
1007481	196	o6	3.034	GTGCCA
1007484	19	6m	1.047	TGCCAT
1007484	493	o6	1.131	GTGCCA
1007484	1111	6m	2.681	TGCCAT
1007494	49	7A1	1.241	TGCCAT
1007521	266	7A1	1.316	TGCCAT
1007521	1144	o6	1.150	GTGCCA
1007584	554	7m8	2.400	GTGCCA
1007608	0	6m	2.947	TGCCAT
1007611	157	o6	1.760	GTGCCA
1007740	664	o6	1.079	GTGCCA
1007764	415	7A1	1.315	TGCCAT
1007789	342	7m8	2.807	GTGCCA
1007803	75	6m	1.690	TGCCAT
1007806	800	6m	1.560	TGCCAT
1007812	1958	7m8	2.486	GTGCCA
1007812	3534	6m	2.554	TGCCAT
1007812	3675	7m8	2.500	GTGCCA
1007851	365	6m	3.034	TGCCAT
1007861	370	o6	2.249	GTGCCA
1007888	846	6m	2.471	TGCCAT
1007950	820	6m	1.879	TGCCAT
1007950	1470	7A1	1.316	TGCCAT
1007980	317	7A1	1.084	TGCCAT
1007997	247	7m8	2.758	GTGCCA
1008019	475	6m	2.591	TGCCAT
1008036	585	o6	1.299	GTGCCA
1008036	1383	6m	2.081	TGCCAT
1008067	189	o6	1.257	GTGCCA
1008123	382	7m8	2.494	GTGCCA
1008129	268	6m	2.978	TGCCAT
1008145	11714	6m	2.544	TGCCAT
1008174	637	7m8	2.433	GTGCCA
1008183	543	o6	2.383	GTGCCA
1008307	1895	7A1	2.383	TGCCAT
1008372	234	7A1	3.082	TGCCAT
1008409	1607	7A1	2.537	TGCCAT
1008505	30	o6	3.112	GTGCCA
1008510	363	6m	1.731	TGCCAT
1008510	1273	7A1	1.227	TGCCAT
1008524	661	7m8	1.214	GTGCCA
1008537	740	o6	3.232	GTGCCA
1008560	21	o6	1.033	GTGCCA
1008572	470	7m8	2.807	GTGCCA
1008573	339	6m	1.392	TGCCAT
1008624	61	6m	1.906	TGCCAT
1008624	71	6m	2.316	TGCCAT
1008624	616	6m	2.031	TGCCAT
1008629	163	6m	1.609	TGCCAT
1008707	55	7A1	2.054	TGCCAT
1008707	462	6m	2.054	TGCCAT
1008707	501	6m	1.959	TGCCAT
1008761	318	7A1	2.807	TGCCAT
1008761	781	7A1	2.807	TGCCAT
1008852	56	7A1	3.034	TGCCAT
1008881	605	6m	1.400	TGCCAT
1008903	308	7A1	2.448	TGCCAT
1008911	34	o6	2.197	GTGCCA
1008933	952	o6	2.333	GTGCCA
1008995	1322	o6	1.687	GTGCCA
1009037	1282	6m	1.328	TGCCAT
1009043	2053	o6	1.161	GTGCCA
1009068	537	6m	2.458	TGCCAT
1009074	47	7A1	1.226	TGCCAT
1009074	615	6m	2.683	TGCCAT
1009216	132	7m8	3.794	GTGCCA
1009273	131	7A1	3.461	TGCCAT
1009304	19	o6	1.709	GTGCCA
1009369	625	o6	1.690	GTGCCA
1009412	142	6m	2.544	TGCCAT
1009434	245	o6	2.253	GTGCCA
1009448	387	7A1	1.707	TGCCAT
1009500	643	o6	1.028	GTGCCA
1009576	108	6m	1.264	TGCCAT
1009647	661	6m	2.376	TGCCAT
1009717	200	6m	1.031	TGCCAT
1009723	57	6m	1.091	TGCCAT
1009769	526	6m	2.544	TGCCAT
1009781	517	6m	2.350	TGCCAT
1009804	18	7A1	2.625	TGCCAT
1009873	366	o6	2.497	GTGCCA
1010017	27	6m	1.623	TGCCAT
1010054	376	6m	2.802	TGCCAT
1010054	743	6m	1.900	TGCCAT
1010064	468	o6	1.542	GTGCCA
1010178	148	o6	1.550	GTGCCA
1010210	213	o6	1.393	GTGCCA
1010232	1623	o6	2.302	GTGCCA
1010238	1250	o6	2.302	GTGCCA
1010259	58	o6	2.749	GTGCCA
1010293	100	o6	2.544	GTGCCA
1010358	598	6m	2.357	TGCCAT
1010358	1697	6m	1.916	TGCCAT
1010426	128	6m	1.560	TGCCAT
1010441	35	8m	1.563	TGCCAT
1010442	35	8m	1.032	TGCCAT
1010533	1153	6m	3.541	TGCCAT
1010533	1502	6m	3.476	TGCCAT
1010539	310	7m8	1.690	GTGCCA
1010652	759	o6	2.134	GTGCCA
1010683	54	6m	1.606	TGCCAT
1010698	269	7A1	2.466	TGCCAT
1010748	346	7m8	1.097	GTGCCA
1010818	379	6m	2.823	TGCCAT
1010821	203	o6	1.133	GTGCCA
1010824	83	7A1	2.164	TGCCAT
1010862	812	o6	3.700	GTGCCA
1010890	8	o6	1.820	GTGCCA
1010974	851	6m	1.804	TGCCAT
1011092	29	o6	2.544	GTGCCA
1011117	532	o6	1.292	GTGCCA
1011131	42	6m	1.556	TGCCAT
1011162	185	o6	1.886	GTGCCA
1011236	46	7A1	1.857	TGCCAT
1011245	680	7A1	1.606	TGCCAT
1011321	1081	6m	2.529	TGCCAT
1011327	241	6m	2.798	TGCCAT
1011327	1377	7m8	2.064	GTGCCA
1011393	534	7m8	2.699	GTGCCA
1011397	37	6m	1.825	TGCCAT
1011403	518	6m	2.834	TGCCAT
1011415	41	o6	2.176	GTGCCA
1011491	1875	6m	1.406	TGCCAT
1011570	23	6m	1.606	TGCCAT
1011649	72	o6	2.567	GTGCCA
1011658	683	8m	2.780	GTGCCA
1011695	389	7m8	1.931	GTGCCA
1011746	229	6m	1.861	TGCCAT
1011776	414	o6	2.867	GTGCCA
1011826	3	o6	2.069	GTGCCA
1011841	116	6m	2.694	TGCCAT
1011841	721	o6	2.098	GTGCCA
1011856	1110	o6	1.236	GTGCCA
1011932	437	7A1	2.863	TGCCAT
1012122	98	6m	2.544	TGCCAT
1012181	44	6m	2.304	TGCCAT
1012205	122	6m	1.681	TGCCAT
1012216	167	6m	2.280	TGCCAT
1012262	358	6m	1.936	TGCCAT
1012299	43	7A1	1.669	TGCCAT
1012320	235	6m	2.177	TGCCAT
1012323	178	7A1	2.520	TGCCAT
1012377	593	6m	1.353	TGCCAT
1012383	753	o6	2.970	GTGCCA
1012421	174	8m	3.028	GTGCCA
1012430	535	6m	1.042	TGCCAT
1012430	779	6m	1.328	TGCCAT
1012537	112	o6	1.397	GTGCCA
1012636	51	o6	2.962	GTGCCA
1012754	218	o6	2.734	GTGCCA
1012754	1064	o6	2.734	GTGCCA
1012779	26	8m	1.690	GTGCCA
1012809	22	6m	1.651	TGCCAT
1012896	302	7A1	3.018	TGCCAT
1012900	338	o6	2.025	GTGCCA
1012977	334	6m	3.591	TGCCAT
1013089	364	6m	2.544	TGCCAT
1013365	254	7A1	1.521	TGCCAT
1013365	521	o6	2.073	GTGCCA
1013426	1120	6m	1.937	TGCCAT
1013458	2	o6	2.489	GTGCCA
1013541	739	6m	2.338	TGCCAT
1013591	81	7m8	2.683	GTGCCA
1013591	250	6m	1.373	TGCCAT
1013676	28	o6	3.649	GTGCCA
1013676	1373	o6	2.073	GTGCCA
1013782	60	7A1	2.507	TGCCAT
1013814	45	8m	1.226	GTGCCA
1013939	645	o6	1.654	GTGCCA
1013954	42	7A1	2.148	TGCCAT
1014014	109	6m	1.567	TGCCAT
1014117	546	o6	1.987	GTGCCA
1014180	295	7m8	1.902	TGCCAT
1014198	454	7A1	2.538	TGCCAT
1014212	135	o6	2.062	GTGCCA
1014215	241	o6	1.183	GTGCCA
1014220	154	o6	1.517	GTGCCA
1014241	412	7m8	1.052	TGCCAT
1014265	154	7A1	2.716	TGCCAT
1014358	209	6m	1.997	TGCCAT
1014403	1129	7A1	1.690	TGCCAT
1014480	2120	o6	1.210	GTGCCA
1014548	176	7A1	1.053	TGCCAT
1014588	3222	o6	2.025	GTGCCA
1014655	1062	7m8	1.818	GTGCCA
1014655	1413	8m	1.456	TGCCAT
1014655	1724	6m	1.634	TGCCAT
1014655	2340	6m	1.711	TGCCAT
1014697	598	6m	2.508	TGCCAT
1014859	1444	7m8	1.362	TGCCAT
1014883	152	6m	2.073	TGCCAT
1014904	915	o6	2.036	GTGCCA
1015041	4839	o6	1.751	GTGCCA
1015041	5126	6m	1.403	TGCCAT
1015041	5667	o6	1.529	GTGCCA
1015047	419	o6	1.464	GTGCCA
1015073	1164	7A1	2.132	TGCCAT
1015076	43	6m	1.940	TGCCAT
1015077	78	o6	2.816	GTGCCA
1015109	16	6m	1.537	TGCCAT
1015145	2364	7A1	2.704	TGCCAT
1015145	2603	7A1	2.103	TGCCAT
1015291	1222	7m8	2.350	GTGCCA
1015307	1	7m8	2.460	GTGCCA
1015329	34	6m	1.396	TGCCAT
1015351	47	o6	2.316	GTGCCA
1015369	351	7m8	2.544	GTGCCA
1015375	1609	o6	1.275	GTGCCA
1015375	2952	8m	1.303	GTGCCA
1015414	90	6m	1.953	TGCCAT
1015414	157	6m	1.476	TGCCAT
1015471	57	7m8	2.533	TGCCAT
1015526	2194	o6	2.085	GTGCCA
1015572	4386	7m8	3.232	GTGCCA
1015596	28	7A1	2.031	TGCCAT
1015647	446	o6	1.682	GTGCCA
1015661	219	6m	2.377	TGCCAT
1015697	936	6m	2.085	TGCCAT
1015714	579	6m	1.560	TGCCAT
1015729	105	o6	1.495	GTGCCA
1015778	928	8m	3.034	TGCCAT
1015784	183	7A1	1.183	TGCCAT
1015784	621	o6	2.286	GTGCCA
1015789	327	7A1	2.026	TGCCAT
1015789	1274	7A1	1.105	TGCCAT
1015793	1231	7m8	1.089	GTGCCA
1015796	263	7m8	1.358	GTGCCA
1015826	546	6m	2.008	TGCCAT
1015840	762	6m	3.657	TGCCAT
1015894	28	7m8	2.020	TGCCAT
1015912	99	o6	1.048	GTGCCA
1015924	314	6m	1.984	TGCCAT
1015924	366	6m	2.607	TGCCAT
1015924	697	7A1	1.334	TGCCAT
1015940	571	o6	1.496	GTGCCA
1015940	783	7A1	1.709	TGCCAT
1015972	395	6m	2.609	TGCCAT
1016016	1448	6m	1.775	TGCCAT
1016019	70	o6	1.322	GTGCCA
1016019	1209	7m8	2.427	GTGCCA
1016019	1275	6m	2.881	TGCCAT
1016020	716	o6	1.189	GTGCCA
1016052	149	6m	2.073	TGCCAT
1016172	33	o6	2.760	GTGCCA
1016205	906	6m	2.220	TGCCAT
1016250	412	6m	1.447	TGCCAT
1016308	231	o6	2.363	GTGCCA
1016377	8	6m	1.273	TGCCAT
1016431	763	6m	2.122	TGCCAT
1016431	1773	7A1	2.014	TGCCAT
1016431	1944	6m	2.076	TGCCAT
1016431	1972	o6	2.076	GTGCCA
1016500	1137	6m	2.220	TGCCAT
1016511	77	o6	3.005	GTGCCA
1016521	548	o6	1.824	GTGCCA
1016571	505	7m8	2.631	GTGCCA
1016589	64	6m	1.284	TGCCAT
1016698	1691	o6	2.533	GTGCCA
1016917	4	6m	1.456	TGCCAT
1016922	589	6m	2.481	TGCCAT
1016986	194	7A1	2.756	TGCCAT
1016986	678	6m	1.505	TGCCAT
1017028	242	o6	2.544	GTGCCA
1017127	333	7m8	2.026	GTGCCA
1017200	21	6m	1.198	TGCCAT
1017230	153	o6	2.026	GTGCCA
1017258	211	6m	1.487	TGCCAT
1017258	713	6m	2.660	TGCCAT
1017294	28	6m	1.210	TGCCAT
1017336	1093	8m	2.544	GTGCCA
1017348	49	7A1	1.002	TGCCAT
1017369	3	7A1	2.804	TGCCAT
1017429	484	o6	1.592	GTGCCA
1017451	1334	o6	1.321	GTGCCA
1017451	2313	o6	1.139	GTGCCA
1017520	26	7A1	3.660	TGCCAT
1017524	1461	7m8	1.315	GTGCCA
1017539	459	o6	2.776	GTGCCA
1017683	268	6m	2.935	TGCCAT
1017696	1137	7A1	2.306	TGCCAT
1017776	264	6m	3.449	TGCCAT
1017787	224	6m	3.026	TGCCAT
1017886	227	6m	2.476	TGCCAT
1017945	98	6m	1.687	TGCCAT
1017959	54	o6	1.520	GTGCCA
1018008	32	7m8	2.826	GTGCCA
1018044	23	6m	3.398	TGCCAT
1018096	1	7A1	1.113	TGCCAT
1018134	1330	8m	3.191	GTGCCA
1018134	3543	6m	1.529	TGCCAT
1018158	52	6m	2.160	TGCCAT
1018194	31	6m	2.618	TGCCAT
1018198	52	o6	2.180	GTGCCA
1018248	811	7m8	2.408	GTGCCA
1018262	696	7A1	3.619	TGCCAT
1018268	1677	6m	2.523	TGCCAT
1018277	40	o6	2.774	GTGCCA
1018278	390	7m8	2.606	GTGCCA
1018283	1	6m	1.061	TGCCAT
1018353	205	7A1	2.025	TGCCAT
1018437	67	6m	1.130	TGCCAT
1018460	176	o6	2.072	GTGCCA
1018616	969	7A1	1.149	TGCCAT
1018632	927	6m	2.464	TGCCAT
1018632	1322	6m	2.686	TGCCAT
1018656	413	7A1	2.788	TGCCAT
1018661	319	6m	1.275	TGCCAT
1018763	261	7A1	2.350	TGCCAT
1018766	1601	6m	1.405	TGCCAT
1018873	1711	o6	1.133	GTGCCA
1018894	78	6m	2.163	TGCCAT
1018899	141	7m8	1.284	GTGCCA
1018918	65	7m8	1.641	GTGCCA
1018937	310	6m	1.543	TGCCAT
1018944	697	6m	1.162	TGCCAT
1019128	322	o6	2.350	GTGCCA
1019137	77	6m	1.625	TGCCAT
1019137	145	6m	1.787	TGCCAT
1019147	2288	6m	2.763	TGCCAT
1019179	33	7m8	1.184	GTGCCA
1019179	44	7m8	1.284	GTGCCA
1019198	274	7m8	2.991	GTGCCA
1019198	1180	7A1	2.991	TGCCAT
1019198	1456	8m	1.563	TGCCAT
1019240	172	6m	2.288	TGCCAT
1019279	160	6m	3.075	TGCCAT
1019299	45	o6	1.213	GTGCCA
1019354	889	o6	2.933	GTGCCA
1019371	83	o6	2.892	GTGCCA
1019413	399	7A1	2.376	TGCCAT
1019456	37	o6	2.017	GTGCCA
1019464	617	o6	2.559	GTGCCA
1019474	34	7A1	2.369	TGCCAT
1019590	115	7A1	2.544	TGCCAT
1019710	20	o6	1.814	GTGCCA
1019842	83	7A1	1.906	TGCCAT
1019881	72	7A1	1.072	TGCCAT
1020029	209	7m8	2.220	GTGCCA
1020034	150	6m	2.433	TGCCAT
1020066	152	6m	1.556	TGCCAT
1020090	51	o6	3.649	GTGCCA
1020125	228	7m8	2.544	GTGCCA
1020140	183	7m8	1.314	TGCCAT
1020163	81	7m8	1.255	TGCCAT
1020166	568	6m	1.027	TGCCAT
1020166	1494	6m	2.489	TGCCAT
1020166	2031	6m	1.053	TGCCAT
1020297	310	6m	1.012	TGCCAT
1020369	120	6m	2.565	TGCCAT
1020429	114	o6	2.539	GTGCCA
1020485	35	7A1	1.606	TGCCAT
1020515	24	o6	2.832	GTGCCA
1020550	42	7m8	1.851	TGCCAT
1020615	2166	o6	2.098	GTGCCA
1020615	2366	6m	1.227	TGCCAT
1020788	31	7A1	1.547	TGCCAT
1020800	320	o6	1.361	GTGCCA
1020861	1104	o6	3.065	GTGCCA
1020916	754	6m	2.316	TGCCAT
1020951	340	6m	1.073	TGCCAT
1021008	1449	o6	3.081	GTGCCA
1021020	218	o6	2.082	GTGCCA
1021055	389	6m	2.774	TGCCAT
1021159	238	7m8	1.093	TGCCAT
1021223	72	7A1	4.497	TGCCAT
1021233	3	7A1	1.485	TGCCAT
1021248	32	6m	1.906	TGCCAT
1021341	46	7A1	3.376	TGCCAT
1021347	32	o6	2.485	GTGCCA
1021412	134	6m	2.304	TGCCAT
1021412	393	6m	1.160	TGCCAT
1021413	180	6m	1.981	TGCCAT
1021458	35	8m	2.758	GTGCCA
1021458	68	6m	2.758	TGCCAT
1021531	49	6m	2.763	TGCCAT
1021566	125	7A1	2.074	TGCCAT
1021566	3789	7m8	1.021	TGCCAT
1021566	4223	6m	2.749	TGCCAT
1021613	38	6m	2.962	TGCCAT
1021645	106	6m	2.371	TGCCAT
1021645	164	8m	2.834	GTGCCA
1021669	117	6m	2.588	TGCCAT
1021682	72	6m	1.462	TGCCAT
1021797	779	7A1	2.715	TGCCAT
1021797	1914	7A1	1.308	TGCCAT
1021959	545	8m	2.227	TGCCAT
1022038	126	7A1	2.298	TGCCAT
1022066	2758	o6	2.537	GTGCCA
1022125	547	6m	2.377	TGCCAT
1022152	37	6m	2.130	TGCCAT
1022180	877	7A1	1.890	TGCCAT
1022256	2342	o6	2.628	GTGCCA
1022443	448	7A1	1.171	TGCCAT
1022518	180	o6	2.652	GTGCCA
1022568	1315	o6	2.652	GTGCCA
1022808	107	6m	1.117	TGCCAT
1022834	95	o6	2.520	GTGCCA
1022932	1537	6m	1.006	TGCCAT
1022938	1034	6m	1.263	TGCCAT
1022941	493	o6	1.011	GTGCCA
1022985	494	6m	1.322	TGCCAT
1023015	407	7A1	2.344	TGCCAT
1023023	34	o6	1.503	GTGCCA
1023047	718	7m8	2.265	GTGCCA
1023057	28	7m8	2.929	GTGCCA
1023062	2205	6m	1.011	TGCCAT
1023062	3103	o6	1.332	GTGCCA
1023065	270	6m	1.476	TGCCAT
1023104	593	7m8	2.502	GTGCCA
1023139	267	7A1	1.690	TGCCAT
1023151	463	6m	1.711	TGCCAT
1023173	32	o6	1.729	GTGCCA
1023216	252	6m	1.549	TGCCAT
1023271	14	6m	1.056	TGCCAT
1023289	1529	6m	3.232	TGCCAT
1023320	738	6m	2.025	TGCCAT
1023351	885	7A1	2.025	TGCCAT
1023390	182	o6	2.525	GTGCCA
1023390	273	o6	2.065	GTGCCA
1023391	546	7A1	2.306	TGCCAT
1023503	362	o6	2.220	GTGCCA
1023533	574	6m	1.687	TGCCAT
1023599	6828	o6	2.206	GTGCCA
1023599	7174	o6	1.322	GTGCCA
1023599	7664	o6	2.350	GTGCCA
1023661	139	o6	2.047	GTGCCA
1023669	185	o6	2.724	GTGCCA
1023712	474	8m	2.072	GTGCCA
1023712	2043	6m	2.544	TGCCAT
1023774	334	8m	2.343	GTGCCA
1023783	175	o6	1.780	GTGCCA
1023790	3648	o6	2.651	GTGCCA
1023834	191	o6	3.062	GTGCCA
1023885	388	6m	2.766	TGCCAT
1023927	472	7A1	1.322	TGCCAT
1023931	885	7A1	2.149	TGCCAT
1023946	88	6m	2.506	TGCCAT
1023955	2133	o6	1.336	GTGCCA
1023991	239	7A1	1.687	TGCCAT
1023991	501	o6	2.376	GTGCCA
1023998	715	o6	1.952	GTGCCA
1024003	1161	7m8	2.220	GTGCCA
1024025	954	7A1	2.393	TGCCAT
1024085	1067	6m	2.073	TGCCAT
1024093	352	6m	1.434	TGCCAT
1024159	5	o6	1.687	GTGCCA
1024165	228	o6	2.409	GTGCCA
1024169	909	7m8	2.326	GTGCCA
1024172	250	o6	2.544	GTGCCA
1024184	505	7A1	1.907	TGCCAT
1024250	191	8m	1.629	GTGCCA
1024279	668	o6	1.290	GTGCCA
1024358	130	7A1	1.130	TGCCAT
1024381	275	o6	1.315	GTGCCA
1024403	901	7A1	2.201	TGCCAT
1024465	255	7m8	1.708	GTGCCA
1024525	690	6m	1.047	TGCCAT
1024576	915	6m	1.889	TGCCAT
1024612	513	7m8	1.527	GTGCCA
1024622	1105	6m	2.790	TGCCAT
1024648	4558	o6	1.687	GTGCCA
1024648	6061	o6	1.946	GTGCCA
1024654	1350	6m	1.053	TGCCAT
1024712	249	o6	1.284	GTGCCA
1024715	4002	7m8	2.685	GTGCCA
1024720	379	8m	1.936	GTGCCA
1024721	242	7A1	2.667	TGCCAT
1024774	344	o6	2.278	GTGCCA
1024829	3293	6m	3.495	TGCCAT
1024935	1079	7A1	4.089	TGCCAT
1024956	2160	7m8	2.635	GTGCCA
1024971	362	7A1	1.898	TGCCAT
1025022	2344	7A1	1.147	TGCCAT
1025032	326	6m	2.304	TGCCAT
1025059	1656	7A1	1.933	TGCCAT
1025064	386	7A1	1.652	TGCCAT
1025135	502	o6	1.973	GTGCCA
1025173	68	o6	2.026	GTGCCA
1025173	452	o6	2.350	GTGCCA
1025216	259	6m	1.499	TGCCAT
1025229	379	o6	2.774	GTGCCA
1025238	353	6m	1.958	TGCCAT
1025293	1187	7m8	2.532	GTGCCA
1025331	113	7m8	2.046	TGCCAT
1025353	1083	6m	2.528	TGCCAT
1025410	126	6m	1.955	TGCCAT
1025443	343	o6	2.214	GTGCCA
1025452	28	o6	2.662	GTGCCA
1025475	1631	6m	2.778	TGCCAT
1025520	64	6m	1.463	TGCCAT
1025529	132	o6	1.283	GTGCCA
1025551	205	6m	1.322	TGCCAT
1025605	143	6m	2.025	TGCCAT
1025755	742	6m	2.439	TGCCAT
1025776	27	6m	2.061	TGCCAT
1025850	58	7m8	2.504	GTGCCA
1025937	468	7m8	2.660	GTGCCA
1025965	125	o6	1.903	GTGCCA
1026053	37	6m	1.165	TGCCAT
1026095	222	6m	1.440	TGCCAT
1026095	910	6m	1.030	TGCCAT
1026161	489	o6	2.191	GTGCCA
1026200	721	6m	2.350	TGCCAT
1026215	41	6m	1.603	TGCCAT
1026241	25	o6	2.743	GTGCCA
1026254	58	7A1	2.486	TGCCAT
1026262	546	6m	2.142	TGCCAT
1026262	830	6m	2.538	TGCCAT
1026262	840	7A1	2.538	TGCCAT
1026378	13	8m	1.986	TGCCAT
1026471	182	8m	2.888	GTGCCA
1026558	917	7A1	2.321	TGCCAT
1026652	2084	o6	1.517	GTGCCA
1026657	473	6m	2.505	TGCCAT
1026688	281	o6	1.215	GTGCCA
1026841	2413	o6	1.254	GTGCCA
1026841	3391	o6	1.081	GTGCCA
1026841	4514	6m	2.172	TGCCAT
1026841	4972	6m	2.409	TGCCAT
1026907	72	6m	1.548	TGCCAT
1026965	1729	7A1	2.798	TGCCAT
1026971	24	o6	1.854	GTGCCA
1027066	149	7A1	1.995	TGCCAT
1027069	149	7A1	1.609	TGCCAT
1027308	170	o6	1.901	GTGCCA
1027357	265	6m	2.321	TGCCAT
1027357	290	7m8	2.321	GTGCCA
1027410	150	6m	1.169	TGCCAT
1027502	2569	6m	1.131	TGCCAT
1027572	66	o6	2.090	GTGCCA
1027577	178	7A1	2.520	TGCCAT
1027683	75	7m8	1.680	GTGCCA
1027683	173	7A1	2.335	TGCCAT
1027712	57	6m	1.400	TGCCAT
1027716	53	o6	1.755	GTGCCA
1027764	1210	7m8	1.459	GTGCCA
1027773	943	o6	2.962	GTGCCA
1027801	28	6m	2.394	TGCCAT
1027867	29	o6	1.726	GTGCCA
1027900	445	7A1	4.060	TGCCAT
1027971	329	7A1	2.172	TGCCAT
1028007	1244	7A1	1.945	TGCCAT
1028029	137	6m	1.015	TGCCAT
1028106	228	6m	2.433	TGCCAT
1028106	590	o6	3.861	GTGCCA
1028115	294	6m	2.377	TGCCAT
1028188	167	o6	1.259	GTGCCA
1028214	245	o6	1.932	GTGCCA
1028230	348	o6	2.009	GTGCCA
1028269	223	o6	1.500	GTGCCA
1028344	66	6m	1.529	TGCCAT
1028371	56	6m	1.402	TGCCAT
1028469	0	6m	1.605	TGCCAT
1028469	174	6m	1.968	TGCCAT
1028542	258	7m8	1.333	TGCCAT
1028620	409	7m8	1.053	TGCCAT
1028687	27	7A1	2.453	TGCCAT
1028734	3610	7A1	1.564	TGCCAT
1028784	170	o6	2.610	GTGCCA
1028791	179	7A1	2.073	TGCCAT
1028848	96	o6	1.026	GTGCCA
1028869	255	o6	1.638	GTGCCA
1028931	901	o6	1.922	GTGCCA
1028995	24	6m	1.258	TGCCAT
1029003	163	7m8	2.015	GTGCCA
1029051	168	7m8	2.390	GTGCCA
1029055	172	o6	2.502	GTGCCA
1029061	16	7m8	1.269	TGCCAT
1029176	266	o6	3.257	GTGCCA
1029180	39	o6	1.261	GTGCCA
1029180	346	o6	1.966	GTGCCA
1029189	457	o6	1.105	GTGCCA
1029206	18	7m8	2.198	TGCCAT
1029298	195	o6	2.103	GTGCCA
1029424	15	o6	1.123	GTGCCA
1029462	576	6m	2.533	TGCCAT
1029525	531	o6	2.335	GTGCCA
1029532	999	7A1	1.284	TGCCAT
1029532	1483	7m8	1.300	TGCCAT
1029558	1394	7A1	1.606	TGCCAT
1029564	317	o6	3.034	GTGCCA
1029564	984	6m	2.704	TGCCAT
1029569	377	o6	2.169	GTGCCA
1029575	77	6m	3.649	TGCCAT
1029647	352	6m	1.682	TGCCAT
1029650	45	7m8	1.971	GTGCCA
1029686	143	7A1	2.120	TGCCAT
1029715	58	6m	1.392	TGCCAT
1029728	283	o6	2.220	GTGCCA
1029733	251	6m	1.274	TGCCAT
1029871	25	6m	1.500	TGCCAT
1029915	160	o6	1.349	GTGCCA
1029915	168	6m	3.888	TGCCAT
1029918	15	o6	1.679	GTGCCA
1029918	108	6m	2.024	TGCCAT
1029994	330	7A1	1.040	TGCCAT
1030115	153	6m	1.997	TGCCAT
1030240	348	6m	2.017	TGCCAT
1030248	603	6m	1.322	TGCCAT
1030346	113	o6	1.021	GTGCCA
1030389	37	7m8	2.026	GTGCCA
1030392	392	7A1	1.306	TGCCAT
1030451	2103	7A1	2.533	TGCCAT
1030451	2401	7A1	1.909	TGCCAT
1030461	33	6m	3.509	TGCCAT
1030476	263	6m	1.260	TGCCAT
1030658	1173	o6	2.477	GTGCCA
1030713	522	7m8	1.577	GTGCCA
1030713	607	6m	3.005	TGCCAT
1030713	716	6m	3.005	TGCCAT
1030721	174	6m	2.107	TGCCAT
1030759	87	6m	2.496	TGCCAT
1030813	8	7A1	1.690	TGCCAT
1030821	104	6m	2.991	TGCCAT
1030912	507	o6	1.053	GTGCCA
1031013	284	8m	1.610	TGCCAT
1031036	707	7A1	3.646	TGCCAT
1031067	79	6m	1.404	TGCCAT
1031156	918	o6	2.385	GTGCCA
1031230	668	o6	1.563	GTGCCA
1031315	745	o6	1.351	GTGCCA
1031322	92	o6	2.537	GTGCCA
1031375	320	6m	1.095	TGCCAT
1031390	7449	o6	1.000	GTGCCA
1031479	1343	6m	1.405	TGCCAT
1031495	326	o6	2.270	GTGCCA
1031498	644	7m8	2.412	GTGCCA
1031498	922	7A1	1.935	TGCCAT
1031682	36	8m	1.966	TGCCAT
1031782	403	o6	2.613	GTGCCA
1031814	430	6m	1.980	TGCCAT
1031818	192	7m8	2.349	GTGCCA
1031830	403	o6	1.775	GTGCCA
1031868	256	6m	1.510	TGCCAT
1031906	789	o6	3.975	GTGCCA
1031965	661	7A1	1.180	TGCCAT
1032292	814	6m	1.612	TGCCAT
1032295	1252	7m8	1.657	TGCCAT
1032295	2332	7A1	1.129	TGCCAT
1032325	578	6m	1.208	TGCCAT
1032333	215	7A1	2.553	TGCCAT
1032386	611	o6	1.328	GTGCCA
1032386	951	o6	1.812	GTGCCA
1032622	1724	6m	2.807	TGCCAT
1032640	178	7m8	2.964	GTGCCA
1032640	280	7m8	2.031	TGCCAT
1032741	288	6m	1.592	TGCCAT
1032793	991	6m	3.589	TGCCAT
1032822	2498	6m	1.241	TGCCAT
1032840	789	o6	2.792	GTGCCA
1032876	480	6m	1.533	TGCCAT
1032876	487	6m	1.533	TGCCAT
1032880	529	o6	1.500	GTGCCA
1032902	1801	6m	1.485	TGCCAT
1032915	708	6m	1.081	TGCCAT
1032929	574	6m	2.203	TGCCAT
1032964	176	6m	1.296	TGCCAT
1032981	689	7A1	1.611	TGCCAT
1033037	899	7A1	1.084	TGCCAT
1033041	2643	6m	3.061	TGCCAT
1033046	930	6m	2.411	TGCCAT
1033070	398	6m	2.275	TGCCAT
1033082	196	7A1	2.238	TGCCAT
1033089	664	o6	1.241	GTGCCA
1033152	378	o6	2.350	GTGCCA
1033152	526	6m	1.440	TGCCAT
1033152	927	o6	1.224	GTGCCA
1033193	14	7m8	1.543	GTGCCA
1033205	1355	o6	2.544	GTGCCA
1033208	699	o6	3.271	GTGCCA
1033221	107	7A1	1.115	TGCCAT
1033235	177	6m	2.351	TGCCAT
1033310	311	6m	1.924	TGCCAT
1033351	319	o6	2.733	GTGCCA
1033362	1925	o6	1.642	GTGCCA
1033378	148	o6	1.062	GTGCCA
1033431	1142	7A1	1.499	TGCCAT
1033452	1046	6m	1.195	TGCCAT
1033481	1186	6m	2.854	TGCCAT
1033535	534	o6	4.044	GTGCCA
1033565	3813	o6	1.235	GTGCCA
1033583	158	o6	1.764	GTGCCA
1033643	33	o6	1.706	GTGCCA
1033678	1105	o6	2.537	GTGCCA
1033699	134	o6	1.786	GTGCCA
1033751	1758	7m8	1.384	TGCCAT
1033754	1387	7m8	1.384	TGCCAT
1033757	806	7m8	1.384	TGCCAT
1033760	410	7m8	1.628	TGCCAT
1033789	11	o6	4.752	GTGCCA
1033827	1167	o6	1.952	GTGCCA
1033838	318	o6	1.856	GTGCCA
1033883	919	7m8	1.801	GTGCCA
1033995	641	o6	1.285	GTGCCA
1034071	82	7A1	2.929	TGCCAT
1034152	149	7m8	3.182	GTGCCA
1034152	247	7m8	3.339	GTGCCA
1034152	264	7A1	1.804	TGCCAT
1034202	144	o6	3.724	GTGCCA
1034208	258	7A1	1.431	TGCCAT
1034235	367	6m	3.387	TGCCAT
1034271	51	7A1	1.132	TGCCAT
1034307	16	6m	2.612	TGCCAT
1034328	446	o6	2.646	GTGCCA
1034334	171	o6	1.328	GTGCCA
1034347	658	7A1	2.489	TGCCAT
1034469	1555	6m	3.265	TGCCAT
1034551	32	o6	1.682	GTGCCA
1034556	181	o6	1.795	GTGCCA
1034593	1267	6m	2.130	TGCCAT
1034687	276	7m8	2.133	TGCCAT
1034687	309	7A1	3.397	TGCCAT
1034690	1448	o6	2.886	GTGCCA
1034706	49	7m8	4.225	GTGCCA
1034739	1374	o6	1.070	GTGCCA
1034744	238	6m	2.830	TGCCAT
1034744	1080	6m	2.073	TGCCAT
1034766	719	6m	2.007	TGCCAT
1034789	89	6m	2.103	TGCCAT
1034800	172	o6	2.843	GTGCCA
1034899	3220	6m	3.338	TGCCAT
1035010	363	o6	1.649	GTGCCA
1035037	1032	7A1	1.023	TGCCAT
1035040	2561	6m	2.478	TGCCAT
1035103	798	7A1	1.302	TGCCAT
1035103	1064	7A1	1.415	TGCCAT
1035192	380	o6	3.533	GTGCCA
1035248	2159	7m8	1.124	GTGCCA
1035314	1036	o6	2.497	GTGCCA
1035426	269	7m8	2.377	GTGCCA
1035447	37	6m	1.955	TGCCAT
1035453	507	7A1	2.600	TGCCAT
1035569	1598	7A1	2.262	TGCCAT
1035569	4643	6m	1.047	TGCCAT
1035569	8090	7m8	2.199	GTGCCA
1035575	866	7A1	1.860	TGCCAT
1035582	127	7m8	1.037	GTGCCA
1035594	149	6m	2.302	TGCCAT
1035620	0	7m8	1.685	TGCCAT
1035656	17	o6	2.687	GTGCCA
1035656	25	o6	2.048	GTGCCA
1035672	421	6m	1.719	TGCCAT
1035687	75	o6	1.762	GTGCCA
1035687	773	7m8	3.960	GTGCCA
1035711	304	7m8	2.933	GTGCCA
1035783	1698	o6	1.560	GTGCCA
1035783	3006	6m	1.751	TGCCAT
1035909	238	6m	1.746	TGCCAT
1035974	98	6m	1.328	TGCCAT
1035974	855	8m	2.981	GTGCCA
1036001	0	7A1	3.900	TGCCAT
1036040	47	o6	1.025	GTGCCA
1036053	1089	6m	2.687	TGCCAT
1036080	656	6m	2.745	TGCCAT
1036088	266	8m	4.504	GTGCCA
1036100	201	7m8	1.846	GTGCCA
1036127	1495	7A1	3.385	TGCCAT
1036127	1993	7m8	1.035	GTGCCA
1036127	2455	6m	3.008	TGCCAT
1036127	3922	6m	2.624	TGCCAT
1036127	8314	6m	2.641	TGCCAT
1036188	529	7A1	1.027	TGCCAT
1036208	243	6m	2.775	TGCCAT
1036253	9	6m	1.108	TGCCAT
1036274	54	7m8	2.598	GTGCCA
1036274	211	7A1	1.647	TGCCAT
1036290	112	o6	3.649	GTGCCA
1036355	389	7m8	2.467	GTGCCA
1036381	2261	o6	1.809	GTGCCA
1036419	1193	6m	1.925	TGCCAT
1036420	516	o6	2.362	GTGCCA
1036437	33	6m	2.559	TGCCAT
1036462	448	6m	1.057	TGCCAT
1036467	103	o6	2.062	GTGCCA
1036497	860	7A1	2.776	TGCCAT
1036497	924	7A1	3.005	TGCCAT
1036497	947	6m	2.776	TGCCAT
1036537	2171	7A1	2.843	TGCCAT
1036552	171	6m	1.434	TGCCAT
1036558	997	7m8	2.926	TGCCAT
1036568	3761	o6	2.005	GTGCCA
1036586	709	6m	1.790	TGCCAT
1036706	1222	6m	2.377	TGCCAT
1036706	1338	6m	3.038	TGCCAT
1036727	5	7A1	1.184	TGCCAT
1036787	707	6m	1.178	TGCCAT
1036788	305	6m	1.567	TGCCAT
1036788	1482	7A1	1.711	TGCCAT
1036788	2322	6m	1.603	TGCCAT
1036951	315	o6	2.367	GTGCCA
1036991	3315	7m8	2.266	TGCCAT
1037028	153	6m	2.007	TGCCAT
1037051	1367	7A1	1.904	TGCCAT
1037111	163	o6	1.209	GTGCCA
1037134	156	6m	2.106	TGCCAT
1037138	28	8m	1.359	TGCCAT
1037144	23	o6	2.198	GTGCCA
1037161	529	6m	1.027	TGCCAT
1037307	424	o6	1.565	GTGCCA
1037333	759	6m	4.192	TGCCAT
1037360	325	6m	1.769	TGCCAT
1037402	220	o6	1.368	GTGCCA
1037413	132	o6	1.525	GTGCCA
1037414	45	6m	3.252	TGCCAT
1037485	386	7A1	2.785	TGCCAT
1037600	115	7A1	2.274	TGCCAT
1037652	114	6m	1.185	TGCCAT
1037691	391	o6	2.615	GTGCCA
1037694	72	o6	1.336	GTGCCA
1037702	113	7m8	1.485	TGCCAT
1037715	1049	o6	2.902	GTGCCA
1037845	661	o6	2.194	GTGCCA
1037845	858	6m	2.194	TGCCAT
1037982	225	o6	1.155	GTGCCA
1037982	393	7A1	1.778	TGCCAT
1038021	2467	6m	1.616	TGCCAT
1038066	2114	o6	2.755	GTGCCA
1038160	719	o6	3.519	GTGCCA
1038214	1452	o6	2.584	GTGCCA
1038273	890	7A1	2.016	TGCCAT
1038285	132	6m	1.504	TGCCAT
1038293	191	o6	1.006	GTGCCA
1038303	188	6m	3.467	TGCCAT
1038440	1561	o6	1.995	GTGCCA
1038440	2470	o6	1.006	GTGCCA
1038456	124	o6	2.669	GTGCCA
1038529	375	o6	4.317	GTGCCA
1038548	831	6m	1.284	TGCCAT
1038626	53	o6	3.284	GTGCCA
1038640	1927	o6	2.592	GTGCCA
1038640	2052	o6	1.073	GTGCCA
1038649	50	6m	1.922	TGCCAT
1038710	443	6m	1.682	TGCCAT
1038757	156	o6	3.785	GTGCCA
1038796	1149	o6	2.374	GTGCCA
1038832	246	o6	1.682	GTGCCA
1038891	109	o6	3.127	GTGCCA
1038923	362	o6	3.506	GTGCCA
1038930	116	o6	2.918	GTGCCA
1038954	1164	o6	1.754	GTGCCA
1038983	67	7A1	1.709	TGCCAT
1039033	280	7m8	1.185	TGCCAT
1039048	719	6m	1.447	TGCCAT
1039052	1791	6m	1.471	TGCCAT
1039199	636	7m8	3.724	GTGCCA
1039259	135	o6	1.035	GTGCCA
1039268	289	6m	3.189	TGCCAT
1039282	362	o6	1.560	GTGCCA
1039285	2385	7A1	1.843	TGCCAT
1039301	474	o6	3.255	GTGCCA
1039376	1069	6m	1.257	TGCCAT
1039422	2489	6m	1.600	TGCCAT
1039436	403	6m	1.944	TGCCAT
1039445	73	6m	1.303	TGCCAT
1039469	1467	o6	2.624	GTGCCA
1039469	3092	7A1	1.584	TGCCAT
1039556	548	7m8	1.261	GTGCCA
1039578	5372	7m8	3.857	GTGCCA
1039606	482	o6	2.627	GTGCCA
1039606	511	6m	1.818	TGCCAT
1039706	102	o6	2.369	GTGCCA
1039831	531	8m	2.036	GTGCCA
1039853	3070	6m	3.398	TGCCAT
1039853	3953	7A1	1.006	TGCCAT
1039920	19	o6	3.297	GTGCCA
1039932	180	o6	3.597	GTGCCA
1039965	92	o6	2.612	GTGCCA
1040004	1050	o6	1.093	GTGCCA
1040004	1736	7A1	2.966	TGCCAT
1040007	1422	o6	3.398	GTGCCA
1040012	3306	6m	1.993	TGCCAT
1040031	563	7A1	2.976	TGCCAT
1040031	958	7A1	3.321	TGCCAT
1040045	111	6m	1.355	TGCCAT
1040049	768	6m	1.888	TGCCAT
1040057	191	o6	1.395	GTGCCA
1040070	3570	7m8	1.954	GTGCCA
1040148	2576	7m8	1.284	GTGCCA
1040214	1492	6m	1.585	TGCCAT
1040214	2119	8m	2.262	GTGCCA
1040214	2404	6m	2.025	TGCCAT
1040214	2822	6m	2.433	TGCCAT
1040298	4469	o6	2.705	GTGCCA
1040298	8657	6m	1.796	TGCCAT
1040303	1862	o6	3.319	GTGCCA
1040318	94	o6	1.042	GTGCCA
1040318	1612	o6	2.667	GTGCCA
1040324	68	6m	1.249	TGCCAT
1040331	697	o6	1.849	GTGCCA
1040334	435	o6	2.849	GTGCCA
1040337	3700	o6	1.261	GTGCCA
1040352	3384	o6	3.524	GTGCCA
1040355	687	o6	3.331	GTGCCA
1040367	256	o6	2.326	GTGCCA
1040387	1071	7m8	2.048	GTGCCA
1040417	1410	o6	1.584	GTGCCA
1040420	142	6m	3.240	TGCCAT
1040434	1666	o6	2.763	GTGCCA
1040438	1494	o6	3.222	GTGCCA
1040503	394	o6	2.559	GTGCCA
1040503	416	o6	2.559	GTGCCA
1040507	101	6m	2.944	TGCCAT
1040542	2049	o6	3.353	GTGCCA
1040560	265	o6	1.550	GTGCCA
1040575	150	7A1	2.463	TGCCAT
1040590	1668	o6	2.353	GTGCCA
1040623	653	7m8	1.227	GTGCCA
1040623	660	7m8	1.227	GTGCCA
1040623	667	o6	1.133	GTGCCA
1040635	1430	7m8	2.904	GTGCCA
1040646	2695	o6	1.169	GTGCCA
