1000042	784	7A1	1.339	CTTATG
1000054	344	6m	1.319	CTTATG
1000084	252	7m8	1.274	TCTTAT
1000272	378	o6	1.584	TCTTAT
1000320	321	o6	1.478	TCTTAT
1000360	2086	8m	2.801	TCTTAT
1000360	2181	6m	1.695	CTTATG
1000373	894	6m	2.433	CTTATG
1000373	1285	o6	1.170	TCTTAT
1000395	881	o6	1.053	TCTTAT
1000395	890	o6	1.687	TCTTAT
1000530	147	o6	1.399	TCTTAT
1000590	76	o6	1.207	TCTTAT
1000623	22	7m8	1.524	CTTATG
1000640	244	7A1	1.632	CTTATG
1000673	456	o6	1.270	TCTTAT
1000706	255	6m	1.946	CTTATG
1000779	3053	o6	1.169	TCTTAT
1000784	345	6m	1.079	CTTATG
1000796	55	6m	1.869	CTTATG
1000814	706	7m8	1.913	CTTATG
1000824	1764	6m	1.805	CTTATG
1000845	516	7A1	1.687	CTTATG
1000875	428	6m	1.284	CTTATG
1000875	686	8m	2.477	TCTTAT
1000901	551	6m	1.825	CTTATG
1000913	47	o6	1.321	TCTTAT
1000979	1333	7A1	1.328	CTTATG
1000979	1458	o6	3.025	TCTTAT
1001012	687	o6	1.208	TCTTAT
1001049	153	7m8	1.719	CTTATG
1001072	114	o6	1.691	TCTTAT
1001423	624	6m	1.260	CTTATG
1001463	37	o6	1.134	TCTTAT
1001530	247	o6	1.003	TCTTAT
1001533	2951	o6	1.513	TCTTAT
1001533	5491	6m	2.375	CTTATG
1001724	190	o6	1.316	TCTTAT
1001753	553	7m8	1.827	TCTTAT
1001948	2029	7m8	3.024	TCTTAT
1002017	741	6m	1.606	CTTATG
1002080	639	6m	1.563	CTTATG
1002132	228	o6	1.251	TCTTAT
1002155	881	o6	2.050	TCTTAT
1002182	707	o6	1.597	TCTTAT
1002182	1657	7A1	2.635	CTTATG
1002186	114	6m	1.818	CTTATG
1002319	71	6m	1.682	CTTATG
1002595	75	6m	1.585	CTTATG
1002628	591	6m	1.120	CTTATG
1002731	45	o6	1.687	TCTTAT
1002809	71	o6	1.103	TCTTAT
1002826	1095	o6	1.024	TCTTAT
1002923	172	o6	1.639	TCTTAT
1003072	52	o6	1.005	TCTTAT
1003108	332	6m	1.498	CTTATG
1003122	985	o6	1.408	TCTTAT
1003143	382	o6	1.577	TCTTAT
1003251	192	o6	1.279	TCTTAT
1003266	211	o6	1.743	TCTTAT
1003316	306	6m	1.960	CTTATG
1003370	92	o6	1.277	TCTTAT
1003576	668	7m8	1.459	TCTTAT
1003589	1763	o6	1.739	TCTTAT
1003640	123	o6	1.879	TCTTAT
1003675	506	o6	1.690	TCTTAT
1003683	250	6m	2.613	CTTATG
1003779	25	7A1	2.122	CTTATG
1003800	189	o6	1.241	TCTTAT
1003945	963	o6	1.906	TCTTAT
1004110	240	6m	1.241	CTTATG
1004122	337	o6	1.806	TCTTAT
1004503	1800	o6	2.025	TCTTAT
1004750	907	7m8	1.073	TCTTAT
1004750	1099	7m8	2.086	TCTTAT
1005204	130	6m	1.120	CTTATG
1005358	309	6m	2.277	CTTATG
1005429	164	o6	2.220	TCTTAT
1005474	1213	7A1	2.276	CTTATG
1005641	164	o6	2.544	TCTTAT
1005674	1194	6m	1.160	CTTATG
1006094	76	o6	1.032	TCTTAT
1006154	113	o6	2.980	TCTTAT
1006587	456	6m	2.752	CTTATG
1006933	1281	o6	1.534	TCTTAT
1006940	269	6m	2.863	CTTATG
1006940	2446	o6	1.463	TCTTAT
1007004	334	6m	1.044	CTTATG
1007031	1952	8m	2.357	TCTTAT
1007115	989	o6	1.574	TCTTAT
1007118	310	6m	1.256	CTTATG
1007148	1831	7m8	1.164	TCTTAT
1007169	74	o6	1.723	TCTTAT
1007198	81	o6	2.521	TCTTAT
1007258	152	6m	3.162	CTTATG
1007490	31	o6	2.649	TCTTAT
1007502	372	6m	1.024	CTTATG
1007608	547	6m	1.919	CTTATG
1007652	129	o6	2.405	TCTTAT
1007698	1875	6m	2.248	CTTATG
1007806	613	7m8	1.409	TCTTAT
1007875	1065	o6	2.530	TCTTAT
1007897	781	o6	2.214	TCTTAT
1007923	482	o6	2.660	TCTTAT
1007923	3070	7A1	1.086	CTTATG
1007972	172	6m	1.111	CTTATG
1007997	2465	7m8	2.193	CTTATG
1008081	273	8m	1.560	TCTTAT
1008141	1131	o6	1.294	TCTTAT
1008145	4358	o6	2.486	TCTTAT
1008145	6425	o6	1.053	TCTTAT
1008151	1038	7A1	1.284	CTTATG
1008169	31	o6	1.146	TCTTAT
1008174	568	7m8	1.212	TCTTAT
1008255	1304	6m	2.684	CTTATG
1008279	801	6m	1.818	CTTATG
1008285	586	o6	1.563	TCTTAT
1008286	2351	7A1	2.344	CTTATG
1008304	138	o6	1.322	TCTTAT
1008454	736	o6	1.053	TCTTAT
1008690	355	o6	2.017	TCTTAT
1008746	30	6m	1.322	CTTATG
1008774	221	o6	1.112	TCTTAT
1008780	393	6m	1.087	CTTATG
1008911	28	6m	1.259	CTTATG
1008918	49	6m	1.251	CTTATG
1008933	1244	o6	1.359	TCTTAT
1009043	797	7A1	1.546	CTTATG
1009056	297	o6	1.577	TCTTAT
1009083	826	6m	2.341	CTTATG
1009222	241	o6	1.004	TCTTAT
1009280	380	6m	2.025	CTTATG
1009352	99	o6	1.623	TCTTAT
1009385	1027	o6	2.592	TCTTAT
1009408	286	o6	1.946	TCTTAT
1009412	199	6m	1.053	CTTATG
1009412	258	o6	1.082	TCTTAT
1009487	151	o6	1.601	TCTTAT
1009576	918	6m	2.561	CTTATG
1009665	105	7m8	2.758	CTTATG
1009873	732	o6	1.093	TCTTAT
1009899	100	o6	3.235	TCTTAT
1009899	152	o6	1.308	TCTTAT
1009911	142	6m	1.359	CTTATG
1009930	235	o6	1.328	TCTTAT
1009948	458	o6	1.284	TCTTAT
1010064	410	o6	1.296	TCTTAT
1010325	175	7A1	1.483	CTTATG
1010377	192	o6	2.400	TCTTAT
1010401	3959	o6	2.214	TCTTAT
1010421	164	o6	1.687	TCTTAT
1010562	85	6m	1.099	CTTATG
1010649	1175	o6	1.770	TCTTAT
1010670	1971	7m8	1.304	TCTTAT
1010670	2364	o6	1.747	TCTTAT
1010698	418	o6	1.672	TCTTAT
1011042	772	7m8	1.101	TCTTAT
1011194	810	7m8	1.392	TCTTAT
1011298	33	7m8	1.122	CTTATG
1011327	445	7m8	1.777	CTTATG
1011330	125	o6	1.238	TCTTAT
1011333	731	o6	1.222	TCTTAT
1011379	368	o6	1.073	TCTTAT
1011379	587	o6	1.031	TCTTAT
1011487	1371	8m	2.214	TCTTAT
1011490	158	6m	3.811	CTTATG
1011534	18	o6	2.225	TCTTAT
1011564	359	6m	1.322	CTTATG
1011637	1446	7m8	1.021	TCTTAT
1011670	105	6m	1.909	CTTATG
1011695	50	o6	1.609	TCTTAT
1011695	133	7m8	1.647	CTTATG
1011743	560	o6	2.606	TCTTAT
1011743	625	6m	2.616	CTTATG
1011856	1479	6m	1.128	CTTATG
1011950	20	7m8	1.101	CTTATG
1011951	679	o6	1.073	TCTTAT
1012087	327	7m8	2.129	TCTTAT
1012087	340	7m8	2.350	TCTTAT
1012564	67	7A1	2.017	CTTATG
1012620	557	o6	2.086	TCTTAT
1012857	330	6m	1.154	CTTATG
1013312	1784	o6	1.073	TCTTAT
1013432	60	7m8	1.284	TCTTAT
1013444	383	7m8	1.205	TCTTAT
1013548	200	7A1	1.315	CTTATG
1013591	984	7m8	1.084	TCTTAT
1013616	126	6m	2.490	CTTATG
1013670	327	8m	2.876	TCTTAT
1013670	1608	o6	1.517	TCTTAT
1013742	26	o6	1.010	TCTTAT
1013785	87	o6	1.149	TCTTAT
1013885	158	o6	1.082	TCTTAT
1013988	1220	7m8	2.368	CTTATG
1014215	411	o6	1.476	TCTTAT
1014294	577	6m	1.040	CTTATG
1014355	162	6m	1.272	CTTATG
1014358	684	o6	1.024	TCTTAT
1014390	68	8m	1.217	CTTATG
1014403	830	7A1	3.032	CTTATG
1014448	78	6m	2.807	CTTATG
1014548	172	6m	1.053	CTTATG
1014582	374	6m	1.392	CTTATG
1014655	723	o6	3.398	TCTTAT
1014697	520	7A1	1.319	CTTATG
1014856	846	o6	1.082	TCTTAT
1014864	1727	o6	2.557	TCTTAT
1014892	441	6m	1.169	CTTATG
1014899	926	o6	1.681	TCTTAT
1014988	2043	o6	2.751	TCTTAT
1015047	528	8m	1.053	TCTTAT
1015073	451	6m	1.112	CTTATG
1015145	3228	o6	2.704	TCTTAT
1015157	224	o6	2.189	TCTTAT
1015228	1945	o6	2.876	TCTTAT
1015355	540	6m	1.194	CTTATG
1015402	303	o6	2.073	TCTTAT
1015480	1410	7A1	2.157	CTTATG
1015490	76	o6	1.030	TCTTAT
1015493	369	7m8	1.040	TCTTAT
1015496	106	o6	1.443	TCTTAT
1015551	305	7m8	1.490	TCTTAT
1015551	547	o6	1.690	TCTTAT
1015555	1343	o6	1.031	TCTTAT
1015555	3616	7A1	1.011	CTTATG
1015555	3624	7A1	1.011	CTTATG
1015696	125	7A1	2.017	CTTATG
1015725	814	7A1	2.220	CTTATG
1015784	293	o6	1.196	TCTTAT
1015903	1064	7A1	1.053	CTTATG
1015928	714	o6	1.019	TCTTAT
1015931	519	6m	1.342	CTTATG
1015936	1315	o6	1.281	TCTTAT
1015946	59	6m	2.248	CTTATG
1016007	655	6m	1.830	CTTATG
1016026	3082	7m8	2.758	CTTATG
1016200	453	6m	1.053	CTTATG
1016220	247	o6	1.783	TCTTAT
1016323	46	6m	1.053	CTTATG
1016347	38	6m	2.167	CTTATG
1016347	1056	o6	2.786	TCTTAT
1016382	64	7m8	1.446	CTTATG
1016382	213	7m8	3.034	TCTTAT
1016418	282	7A1	1.489	CTTATG
1016431	821	8m	1.053	TCTTAT
1016445	659	6m	1.679	CTTATG
1016446	136	o6	2.636	TCTTAT
1016449	2436	7A1	1.316	CTTATG
1016452	45	o6	1.580	TCTTAT
1016500	187	7m8	1.027	TCTTAT
1016562	104	o6	1.921	TCTTAT
1016562	273	7m8	1.690	TCTTAT
1016571	1018	o6	1.903	TCTTAT
1016574	641	o6	1.242	TCTTAT
1016574	4696	7m8	1.928	TCTTAT
1016598	262	7m8	1.061	CTTATG
1016605	829	7A1	1.322	CTTATG
1016643	170	o6	1.452	TCTTAT
1016655	421	o6	1.366	TCTTAT
1016701	134	o6	1.909	TCTTAT
1016701	321	7A1	2.501	CTTATG
1016787	1850	7m8	2.203	TCTTAT
1016787	3572	o6	1.405	TCTTAT
1016794	423	6m	1.410	CTTATG
1016848	669	o6	1.632	TCTTAT
1016860	2274	o6	2.085	TCTTAT
1016865	403	6m	2.178	CTTATG
1016869	925	7A1	1.298	CTTATG
1017018	1881	o6	2.660	TCTTAT
1017036	940	o6	1.007	TCTTAT
1017142	81	7m8	1.013	TCTTAT
1017168	500	o6	1.283	TCTTAT
1017183	12	8m	1.284	TCTTAT
1017207	736	o6	1.690	TCTTAT
1017245	161	o6	2.006	TCTTAT
1017275	253	o6	1.264	TCTTAT
1017384	491	7m8	2.178	TCTTAT
1017428	190	7A1	1.690	CTTATG
1017485	370	o6	1.555	TCTTAT
1017524	980	8m	1.053	CTTATG
1017614	2954	7A1	1.278	CTTATG
1017614	3535	6m	1.684	CTTATG
1017614	5683	o6	1.140	TCTTAT
1017713	1	o6	1.532	TCTTAT
1017743	325	o6	1.593	TCTTAT
1018066	346	7A1	2.964	CTTATG
1018233	939	o6	2.635	TCTTAT
1018325	325	7m8	1.227	TCTTAT
1018344	263	7m8	1.156	TCTTAT
1018370	53	7A1	1.047	CTTATG
1018414	92	o6	1.249	TCTTAT
1018455	258	7m8	2.106	TCTTAT
1018619	337	o6	2.537	TCTTAT
1018678	179	7A1	2.409	CTTATG
1018678	220	7m8	2.053	TCTTAT
1018678	890	6m	1.495	CTTATG
1018745	49	o6	1.073	TCTTAT
1018790	41	6m	1.281	CTTATG
1018799	240	o6	1.227	TCTTAT
1018873	173	o6	1.076	TCTTAT
1018873	970	o6	1.084	TCTTAT
1018992	361	6m	1.285	CTTATG
1019055	601	7m8	3.286	TCTTAT
1019076	302	o6	2.580	TCTTAT
1019192	839	7A1	2.060	CTTATG
1019198	796	6m	1.563	CTTATG
1019384	94	7A1	1.150	CTTATG
1019441	799	o6	1.647	TCTTAT
1019465	1331	o6	2.617	TCTTAT
1019480	616	7m8	2.694	TCTTAT
1019514	356	o6	2.544	TCTTAT
1019521	363	o6	1.279	TCTTAT
1019526	65	7m8	2.086	TCTTAT
1019579	1963	o6	1.284	TCTTAT
1019698	1090	o6	1.105	TCTTAT
1019713	396	o6	2.377	TCTTAT
1019721	259	7A1	1.122	CTTATG
1019854	221	o6	1.582	TCTTAT
1020166	2298	6m	1.240	CTTATG
1020280	1274	7A1	2.303	CTTATG
1020333	854	o6	1.180	TCTTAT
1020550	122	o6	2.854	TCTTAT
1020601	447	o6	2.660	TCTTAT
1020615	2010	7m8	1.223	TCTTAT
1020728	446	o6	1.317	TCTTAT
1020839	330	7A1	1.008	CTTATG
1020934	1382	o6	2.526	TCTTAT
1021068	72	o6	1.695	TCTTAT
1021125	209	o6	1.814	TCTTAT
1021177	185	o6	2.103	TCTTAT
1021222	98	7m8	1.299	TCTTAT
1021260	352	8m	1.593	TCTTAT
1021272	183	6m	1.315	CTTATG
1021273	651	o6	1.102	TCTTAT
1021357	119	o6	1.441	TCTTAT
1021406	399	6m	1.164	CTTATG
1021519	284	6m	1.096	CTTATG
1021540	694	6m	1.843	CTTATG
1021566	1927	6m	3.034	CTTATG
1021566	2410	o6	1.807	TCTTAT
1021696	725	o6	1.328	TCTTAT
1021741	232	7A1	1.790	CTTATG
1021866	171	o6	3.174	TCTTAT
1021899	1735	7A1	1.687	CTTATG
1021899	1765	o6	1.053	TCTTAT
1022054	444	7m8	1.223	TCTTAT
1022101	274	o6	1.600	TCTTAT
1022116	25	o6	1.313	TCTTAT
1022146	232	6m	1.183	CTTATG
1022168	155	8m	2.362	TCTTAT
1022486	50	6m	1.315	CTTATG
1022487	11	7m8	1.075	TCTTAT
1022495	4816	o6	1.315	TCTTAT
1022500	196	7m8	1.026	TCTTAT
1022530	218	6m	1.007	CTTATG
1022530	365	8m	2.460	TCTTAT
1022583	316	o6	3.196	TCTTAT
1022749	54	o6	2.682	TCTTAT
1022813	164	6m	1.020	CTTATG
1022846	54	7m8	2.220	TCTTAT
1022941	3134	7m8	2.502	TCTTAT
1023080	518	6m	1.500	CTTATG
1023110	344	6m	2.178	CTTATG
1023136	258	o6	1.225	TCTTAT
1023271	552	6m	1.065	CTTATG
1023295	569	o6	1.485	TCTTAT
1023320	863	6m	2.105	CTTATG
1023387	855	o6	1.051	TCTTAT
1023432	388	o6	1.082	TCTTAT
1023443	326	7m8	2.544	TCTTAT
1023599	2403	o6	2.192	TCTTAT
1023599	4121	7A1	2.544	CTTATG
1023599	5732	o6	2.889	TCTTAT
1023717	570	6m	1.084	CTTATG
1023724	77	o6	1.084	TCTTAT
1023724	135	o6	1.120	TCTTAT
1023784	4971	o6	2.584	TCTTAT
1023784	5069	o6	2.592	TCTTAT
1023790	2430	o6	1.292	TCTTAT
1023790	2631	6m	1.563	CTTATG
1023790	3506	8m	1.120	TCTTAT
1023847	1312	o6	1.001	TCTTAT
1023853	1116	6m	2.448	CTTATG
1023853	1795	o6	1.828	TCTTAT
1023866	58	o6	1.053	TCTTAT
1023983	170	o6	2.335	TCTTAT
1023998	622	o6	2.031	TCTTAT
1024003	1174	6m	1.885	CTTATG
1024012	173	7m8	1.212	TCTTAT
1024012	324	8m	1.711	TCTTAT
1024019	566	6m	1.122	CTTATG
1024019	1910	o6	1.785	TCTTAT
1024031	763	8m	2.103	TCTTAT
1024031	1538	7A1	1.248	CTTATG
1024118	419	o6	1.284	TCTTAT
1024133	1452	o6	1.911	TCTTAT
1024211	2067	6m	1.291	CTTATG
1024241	1409	8m	2.275	TCTTAT
1024264	20	o6	1.593	TCTTAT
1024304	992	7A1	1.855	CTTATG
1024486	345	6m	2.098	CTTATG
1024505	313	o6	1.032	TCTTAT
1024648	5297	7A1	1.687	CTTATG
1024715	3373	6m	1.346	CTTATG
1024721	1485	8m	2.682	TCTTAT
1024844	480	7A1	1.606	CTTATG
1024904	4395	7m8	1.330	TCTTAT
1024926	194	o6	1.377	TCTTAT
1024935	379	o6	1.175	TCTTAT
1024956	1728	8m	1.321	TCTTAT
1024956	4819	o6	2.808	TCTTAT
1024956	7367	7m8	2.262	TCTTAT
1024978	646	o6	3.034	TCTTAT
1024998	70	o6	1.643	TCTTAT
1024998	77	o6	1.643	TCTTAT
1025032	415	6m	2.544	CTTATG
1025064	156	7A1	1.073	CTTATG
1025064	2133	7A1	1.950	CTTATG
1025101	551	7A1	1.078	CTTATG
1025110	91	o6	2.104	TCTTAT
1025132	202	o6	1.690	TCTTAT
1025173	438	7m8	1.924	TCTTAT
1025207	652	6m	1.467	CTTATG
1025221	421	o6	1.606	TCTTAT
1025340	1496	6m	2.676	CTTATG
1025377	748	o6	2.040	TCTTAT
1025406	8	o6	1.922	TCTTAT
1025406	30	o6	1.292	TCTTAT
1025431	1344	7m8	1.026	CTTATG
1025475	834	o6	1.278	TCTTAT
1025502	128	6m	1.560	CTTATG
1025542	469	o6	1.029	TCTTAT
1025654	3259	7m8	2.563	TCTTAT
1025654	3466	7m8	2.563	TCTTAT
1025657	28	6m	1.211	CTTATG
1025725	292	7m8	1.395	TCTTAT
1025743	85	6m	2.751	CTTATG
1026161	308	o6	1.744	TCTTAT
1026284	539	6m	4.042	CTTATG
1026290	147	o6	1.291	TCTTAT
1026467	30	o6	3.645	TCTTAT
1026471	10	o6	2.008	TCTTAT
1026480	2408	o6	1.050	TCTTAT
1026558	559	7A1	1.961	CTTATG
1026567	123	6m	3.702	CTTATG
1026591	111	7A1	1.106	CTTATG
1026657	511	7A1	2.304	CTTATG
1026681	49	7m8	1.033	TCTTAT
1026708	1196	6m	1.711	CTTATG
1026798	1208	o6	2.017	TCTTAT
1026798	1221	6m	1.239	CTTATG
1026903	381	o6	1.336	TCTTAT
1026965	2370	o6	2.608	TCTTAT
1026966	876	o6	2.267	TCTTAT
1027036	784	o6	2.048	TCTTAT
1027129	49	7m8	1.004	TCTTAT
1027261	290	7A1	1.201	CTTATG
1027266	22	6m	2.664	CTTATG
1027535	349	o6	1.349	TCTTAT
1027583	97	6m	2.889	CTTATG
1027761	596	o6	1.047	TCTTAT
1027930	574	o6	1.056	TCTTAT
1028023	574	7A1	1.738	CTTATG
1028049	327	o6	1.473	TCTTAT
1028183	124	o6	1.149	TCTTAT
1028426	665	8m	2.235	TCTTAT
1028512	562	7m8	1.195	TCTTAT
1028526	366	o6	1.081	TCTTAT
1028645	202	8m	2.073	TCTTAT
1028752	36	o6	3.449	TCTTAT
1028812	38	o6	1.026	TCTTAT
1028866	159	o6	1.440	TCTTAT
1028931	793	8m	1.052	TCTTAT
1029033	44	o6	1.980	TCTTAT
1029037	506	6m	2.971	CTTATG
1029046	1000	o6	1.512	TCTTAT
1029097	1739	o6	2.794	TCTTAT
1029209	181	o6	1.308	TCTTAT
1029246	257	o6	1.711	TCTTAT
1029459	961	6m	1.086	CTTATG
1029459	1180	o6	1.000	TCTTAT
1029471	79	6m	2.455	CTTATG
1029479	27	o6	1.019	TCTTAT
1029507	52	o6	1.526	TCTTAT
1029510	89	o6	1.011	TCTTAT
1029525	371	7m8	1.672	TCTTAT
1029532	257	o6	1.311	TCTTAT
1029540	25	o6	2.003	TCTTAT
1029569	572	o6	2.196	TCTTAT
1029742	139	o6	1.212	TCTTAT
1029749	621	7m8	3.101	TCTTAT
1029757	310	o6	1.086	TCTTAT
1029927	404	o6	2.854	TCTTAT
1029934	1495	o6	1.489	TCTTAT
1029944	393	6m	1.525	CTTATG
1030027	507	8m	1.284	TCTTAT
1030189	373	o6	2.020	TCTTAT
1030258	732	o6	2.317	TCTTAT
1030405	644	6m	1.133	CTTATG
1030482	1055	7m8	1.260	TCTTAT
1030556	919	7A1	1.241	CTTATG
1030580	700	o6	1.265	TCTTAT
1030692	2008	o6	2.314	TCTTAT
1030731	114	6m	2.460	CTTATG
1030742	104	o6	1.284	TCTTAT
1030751	425	o6	1.249	TCTTAT
1030782	2624	o6	1.585	TCTTAT
1030812	535	o6	1.726	TCTTAT
1030834	195	7A1	1.053	CTTATG
1030924	66	6m	1.492	CTTATG
1031156	1300	o6	1.377	TCTTAT
1031255	50	o6	1.031	TCTTAT
1031307	1328	o6	2.781	TCTTAT
1031378	78	o6	2.015	TCTTAT
1031479	692	8m	2.266	TCTTAT
1031755	335	o6	1.551	TCTTAT
1031782	781	o6	1.524	TCTTAT
1031833	599	o6	1.882	TCTTAT
1032009	516	6m	2.350	CTTATG
1032158	80	o6	1.090	TCTTAT
1032282	119	o6	1.241	TCTTAT
1032285	2105	o6	1.241	TCTTAT
1032325	1065	o6	2.106	TCTTAT
1032333	1311	o6	1.707	TCTTAT
1032369	3580	o6	1.376	TCTTAT
1032386	158	8m	2.015	CTTATG
1032420	308	6m	1.448	CTTATG
1032430	617	6m	1.132	CTTATG
1032456	511	6m	1.687	CTTATG
1032490	331	o6	1.220	TCTTAT
1032607	1138	6m	2.350	CTTATG
1032634	1535	6m	1.011	CTTATG
1032684	508	o6	2.032	TCTTAT
1032697	118	o6	1.933	TCTTAT
1032728	329	6m	1.243	CTTATG
1032750	730	o6	1.606	TCTTAT
1032799	2132	7m8	3.273	TCTTAT
1032902	2077	o6	1.027	TCTTAT
1032987	1777	o6	3.163	TCTTAT
1033008	2659	7A1	2.588	CTTATG
1033070	255	o6	1.002	TCTTAT
1033089	357	7A1	1.918	CTTATG
1033124	89	o6	1.312	TCTTAT
1033138	671	o6	2.023	TCTTAT
1033141	1987	o6	1.407	TCTTAT
1033141	2469	o6	1.592	TCTTAT
1033141	2514	o6	2.801	TCTTAT
1033152	110	o6	1.991	TCTTAT
1033218	983	7m8	2.513	TCTTAT
1033235	140	7m8	2.953	CTTATG
1033254	209	7A1	1.228	CTTATG
1033275	110	o6	1.745	TCTTAT
1033293	657	o6	1.215	TCTTAT
1033351	684	6m	1.129	CTTATG
1033373	934	o6	1.578	TCTTAT
1033384	417	6m	2.244	CTTATG
1033469	541	o6	2.876	TCTTAT
1033511	51	o6	1.033	TCTTAT
1033571	3909	6m	1.891	CTTATG
1033598	644	7m8	1.053	CTTATG
1033601	2081	7A1	1.030	CTTATG
1033629	44	o6	1.286	TCTTAT
1033739	1059	7A1	1.349	CTTATG
1033795	331	6m	1.321	CTTATG
1033795	1361	8m	2.025	TCTTAT
1033833	677	o6	1.681	TCTTAT
1033877	985	8m	3.012	TCTTAT
1033877	2916	7A1	1.584	CTTATG
1033906	119	o6	2.148	TCTTAT
1033906	352	7m8	2.273	TCTTAT
1034068	162	o6	1.222	TCTTAT
1034068	5802	7m8	2.629	TCTTAT
1034202	115	8m	1.468	TCTTAT
1034202	1795	6m	1.358	CTTATG
1034235	560	6m	3.649	CTTATG
1034304	1771	o6	1.368	TCTTAT
1034322	166	6m	1.556	CTTATG
1034347	1190	7m8	1.284	TCTTAT
1034397	1219	o6	1.992	TCTTAT
1034397	1378	o6	1.328	TCTTAT
1034397	1740	o6	1.073	TCTTAT
1034406	1222	o6	1.325	TCTTAT
1034427	740	6m	2.294	CTTATG
1034469	1579	o6	3.030	TCTTAT
1034499	764	o6	1.303	TCTTAT
1034539	1133	7A1	3.649	CTTATG
1034545	1520	7m8	2.403	CTTATG
1034569	1421	8m	2.807	TCTTAT
1034593	1413	o6	1.798	TCTTAT
1034641	43	o6	1.065	TCTTAT
1034739	1038	o6	1.309	TCTTAT
1034748	263	o6	2.302	TCTTAT
1034771	1181	7A1	1.358	CTTATG
1034800	294	o6	2.212	TCTTAT
1034828	371	o6	2.750	TCTTAT
1034836	1079	o6	1.101	TCTTAT
1034839	1317	o6	1.696	TCTTAT
1034924	257	o6	1.096	TCTTAT
1034941	1126	6m	1.450	CTTATG
1035093	927	o6	1.221	TCTTAT
1035103	1857	o6	1.254	TCTTAT
1035204	492	o6	1.711	TCTTAT
1035311	358	6m	1.648	CTTATG
1035314	1637	7A1	1.979	CTTATG
1035380	1339	6m	2.023	CTTATG
1035408	430	7A1	1.926	CTTATG
1035527	2966	7m8	2.943	TCTTAT
1035536	2085	o6	3.763	TCTTAT
1035569	1986	o6	1.720	TCTTAT
1035569	12526	o6	1.320	TCTTAT
1035569	13011	o6	2.085	TCTTAT
1035569	16693	6m	1.581	CTTATG
1035656	2431	o6	1.081	TCTTAT
1035782	1562	7A1	2.648	CTTATG
1035963	1009	6m	1.366	CTTATG
1035974	2643	o6	2.073	TCTTAT
1035993	576	7m8	2.105	CTTATG
1036046	439	6m	1.150	CTTATG
1036046	1838	o6	1.064	TCTTAT
1036160	818	8m	2.924	TCTTAT
1036188	80	6m	1.402	CTTATG
1036227	17	o6	1.173	TCTTAT
1036289	126	6m	2.235	CTTATG
1036374	1980	7m8	1.155	TCTTAT
1036419	1878	o6	2.626	TCTTAT
1036501	511	6m	3.819	CTTATG
1036558	394	o6	1.254	TCTTAT
1036568	4845	o6	1.579	TCTTAT
1036598	1221	7m8	1.741	TCTTAT
1036598	1232	6m	2.414	CTTATG
1036601	296	8m	2.301	TCTTAT
1036814	19	o6	1.393	TCTTAT
1036836	416	6m	1.152	CTTATG
1036865	177	7A1	1.169	CTTATG
1036910	297	o6	2.679	TCTTAT
1036921	26	o6	1.535	TCTTAT
1036968	51	o6	1.140	TCTTAT
1036968	548	o6	1.312	TCTTAT
1036968	663	6m	1.431	CTTATG
1036991	2036	o6	1.874	TCTTAT
1037031	544	6m	1.336	CTTATG
1037171	770	o6	1.546	TCTTAT
1037239	254	o6	1.056	TCTTAT
1037414	133	o6	2.175	TCTTAT
1037422	710	6m	1.815	CTTATG
1037446	274	6m	1.885	CTTATG
1037485	1594	o6	1.724	TCTTAT
1037498	379	7A1	1.160	CTTATG
1037588	768	6m	1.726	CTTATG
1037720	45	o6	1.258	TCTTAT
1037914	63	7m8	1.262	TCTTAT
1038088	973	o6	1.548	TCTTAT
1038119	282	o6	1.474	TCTTAT
1038150	153	6m	1.572	CTTATG
1038278	238	o6	1.466	TCTTAT
1038293	2412	8m	1.006	TCTTAT
1038366	217	o6	2.418	TCTTAT
1038399	264	o6	1.027	TCTTAT
1038431	1371	o6	1.548	TCTTAT
1038440	1247	o6	1.690	TCTTAT
1038465	198	7m8	1.961	CTTATG
1038484	504	6m	1.600	CTTATG
1038529	2293	o6	2.955	TCTTAT
1038640	1113	6m	1.407	CTTATG
1038710	1288	o6	1.692	TCTTAT
1038820	106	o6	1.448	TCTTAT
1038841	569	o6	1.228	TCTTAT
1038860	930	7A1	3.649	CTTATG
1038873	155	6m	2.494	CTTATG
1038873	319	7A1	1.448	CTTATG
1038929	80	o6	1.633	TCTTAT
1038948	748	o6	1.300	TCTTAT
1038954	689	o6	1.723	TCTTAT
1039007	153	o6	1.103	TCTTAT
1039118	1180	6m	1.161	CTTATG
1039202	1079	o6	2.467	TCTTAT
1039436	361	7A1	1.342	CTTATG
1039503	343	o6	2.406	TCTTAT
1039578	3044	7A1	1.707	CTTATG
1039808	2686	o6	1.623	TCTTAT
1039808	2704	o6	2.007	TCTTAT
1039811	2641	o6	1.623	TCTTAT
1039811	2659	o6	2.007	TCTTAT
1039820	50	7m8	1.069	TCTTAT
1039831	1715	o6	1.925	TCTTAT
1039853	6545	o6	2.007	TCTTAT
1039858	2955	o6	1.999	TCTTAT
1039858	4316	7A1	2.833	CTTATG
1039908	590	6m	1.262	CTTATG
1039908	827	o6	1.262	TCTTAT
1039920	841	7m8	1.899	TCTTAT
1039920	1493	7m8	1.560	TCTTAT
1039925	285	o6	2.608	TCTTAT
1039950	481	7m8	1.073	TCTTAT
1039959	2182	o6	1.418	TCTTAT
1039999	866	6m	1.380	CTTATG
1040031	1325	6m	1.234	CTTATG
1040037	2675	o6	1.623	TCTTAT
1040037	2693	o6	2.007	TCTTAT
1040058	3670	8m	1.319	CTTATG
1040058	5066	8m	1.405	TCTTAT
1040063	414	7m8	2.521	TCTTAT
1040070	234	7A1	1.119	CTTATG
1040070	1303	o6	1.081	TCTTAT
1040070	3675	o6	1.538	TCTTAT
1040091	1777	o6	2.286	TCTTAT
1040091	1795	o6	2.763	TCTTAT
1040165	3376	8m	2.981	TCTTAT
1040190	3603	o6	1.815	TCTTAT
1040283	2192	o6	1.070	TCTTAT
1040294	1069	7A1	3.649	CTTATG
1040297	1073	7m8	1.062	CTTATG
1040303	2709	7A1	1.690	CTTATG
1040331	168	o6	1.985	TCTTAT
1040331	1068	o6	1.303	TCTTAT
1040337	4683	o6	3.699	TCTTAT
1040342	238	o6	1.240	TCTTAT
1040346	1138	7A1	2.549	CTTATG
1040346	1900	o6	2.549	TCTTAT
1040346	4072	o6	1.888	TCTTAT
1040346	4794	o6	2.015	TCTTAT
1040352	1052	o6	3.146	TCTTAT
1040352	2468	6m	1.565	CTTATG
1040367	1381	6m	1.745	CTTATG
1040367	1570	o6	1.690	TCTTAT
1040387	2450	o6	2.048	TCTTAT
1040438	639	6m	1.027	CTTATG
1040486	1706	6m	1.144	CTTATG
1040590	3527	o6	2.232	TCTTAT
