1000021	452	o6	1.116	ACATCA
1000066	306	o6	1.509	ACATCA
1000066	2200	8m	2.015	ACATCA
1000134	360	6m	1.264	CATCAC
1000134	1936	o6	1.248	ACATCA
1000360	1658	7m8	2.676	ACATCA
1000373	1232	6m	1.590	CATCAC
1000443	2552	6m	2.390	CATCAC
1000493	297	o6	1.237	ACATCA
1000493	6349	o6	2.061	ACATCA
1000494	258	o6	1.059	ACATCA
1000500	46	o6	2.199	ACATCA
1000586	175	o6	1.434	ACATCA
1000676	83	o6	1.606	ACATCA
1000676	92	o6	1.606	ACATCA
1000779	18	7A1	2.299	CATCAC
1000779	2328	o6	1.285	ACATCA
1000824	1420	8m	1.284	ACATCA
1000920	53	o6	1.513	ACATCA
1000923	805	8m	1.322	ACATCA
1000929	647	o6	1.169	ACATCA
1000937	91	6m	1.189	CATCAC
1001090	639	7m8	1.846	ACATCA
1001140	174	o6	2.758	ACATCA
1001148	8	o6	1.303	ACATCA
1001315	331	7A1	1.771	CATCAC
1001601	1638	8m	2.151	ACATCA
1001906	1613	o6	1.053	ACATCA
1001906	1769	6m	2.419	CATCAC
1001912	771	6m	2.037	CATCAC
1001937	4446	7m8	1.307	CATCAC
1002102	860	o6	3.347	ACATCA
1002182	1664	8m	2.635	ACATCA
1002240	184	6m	1.554	CATCAC
1002352	105	6m	1.738	CATCAC
1002383	18	o6	1.200	ACATCA
1002383	398	6m	2.478	CATCAC
1002418	35	6m	1.898	CATCAC
1002503	294	o6	1.750	ACATCA
1002590	133	o6	2.846	ACATCA
1002590	169	o6	1.704	ACATCA
1002734	154	8m	2.876	CATCAC
1002794	1154	7A1	1.816	CATCAC
1002898	553	o6	2.441	ACATCA
1003008	94	o6	2.157	ACATCA
1003114	629	7A1	1.712	CATCAC
1003251	575	o6	1.472	ACATCA
1003424	1074	o6	1.744	ACATCA
1003495	281	6m	1.440	CATCAC
1003637	85	6m	1.082	CATCAC
1003660	542	o6	3.683	ACATCA
1003660	978	o6	2.722	ACATCA
1003660	1757	8m	2.655	ACATCA
1003695	683	o6	1.409	ACATCA
1003945	295	7A1	1.002	CATCAC
1003965	103	7m8	1.687	CATCAC
1004013	430	7m8	1.484	ACATCA
1004145	51	6m	1.084	CATCAC
1004299	111	8m	1.665	CATCAC
1004416	361	o6	1.380	ACATCA
1004463	3124	8m	2.876	ACATCA
1004724	108	7A1	1.680	CATCAC
1004817	283	o6	2.876	ACATCA
1004886	80	7m8	2.059	ACATCA
1005014	26	6m	1.336	CATCAC
1005034	175	o6	1.032	ACATCA
1005034	294	7m8	2.677	ACATCA
1005646	2184	o6	1.892	ACATCA
1005646	2438	o6	1.073	ACATCA
1006066	150	o6	1.120	ACATCA
1006080	9	7A1	1.548	CATCAC
1006098	36	o6	1.011	ACATCA
1006103	89	o6	3.057	ACATCA
1006137	98	6m	1.499	CATCAC
1006518	1255	o6	1.204	ACATCA
1006599	76	o6	1.248	ACATCA
1006693	140	6m	1.818	CATCAC
1006731	114	o6	2.350	ACATCA
1006761	391	o6	1.322	ACATCA
1006940	2110	o6	1.084	ACATCA
1007031	1245	7A1	1.458	CATCAC
1007031	1282	o6	2.152	ACATCA
1007127	85	6m	1.285	CATCAC
1007148	227	o6	1.284	ACATCA
1007148	290	o6	2.105	ACATCA
1007242	3516	o6	1.299	ACATCA
1007439	508	o6	1.229	ACATCA
1007439	520	6m	1.138	CATCAC
1007439	532	o6	1.669	ACATCA
1007439	559	o6	1.171	ACATCA
1007439	568	o6	1.527	ACATCA
1007508	937	o6	1.264	ACATCA
1007608	600	6m	1.322	CATCAC
1007611	624	o6	1.204	ACATCA
1007624	226	o6	1.012	ACATCA
1007638	492	7A1	2.049	CATCAC
1007646	138	6m	1.627	CATCAC
1007731	1654	o6	1.796	ACATCA
1007737	644	o6	1.367	ACATCA
1007740	610	o6	1.005	ACATCA
1007740	811	o6	2.254	ACATCA
1007740	835	o6	1.541	ACATCA
1007740	1054	o6	2.142	ACATCA
1007740	1256	6m	1.253	CATCAC
1007740	2719	o6	2.500	ACATCA
1007779	51	o6	1.284	ACATCA
1007812	1518	6m	1.256	CATCAC
1007812	2098	7A1	2.585	CATCAC
1007812	4701	o6	2.414	ACATCA
1007812	4920	6m	2.734	CATCAC
1007824	59	6m	1.151	CATCAC
1007878	1025	o6	1.051	ACATCA
1007914	7	7A1	1.295	CATCAC
1007942	184	7A1	2.822	CATCAC
1008039	219	6m	1.193	CATCAC
1008114	211	6m	2.814	CATCAC
1008129	28	8m	2.755	ACATCA
1008145	11717	6m	2.220	CATCAC
1008183	37	o6	1.981	ACATCA
1008183	52	7A1	2.819	CATCAC
1008192	227	o6	2.394	ACATCA
1008255	1479	o6	1.775	ACATCA
1008259	1447	o6	2.073	ACATCA
1008270	423	6m	1.780	CATCAC
1008286	985	o6	1.431	ACATCA
1008327	226	7m8	1.164	ACATCA
1008363	427	8m	2.364	CATCAC
1008405	51	o6	1.093	ACATCA
1008409	742	7m8	1.053	ACATCA
1008409	1782	o6	1.064	ACATCA
1008409	2057	o6	1.316	ACATCA
1008424	310	o6	1.278	ACATCA
1008471	23	o6	1.421	ACATCA
1008498	141	o6	1.328	ACATCA
1008690	11	o6	1.408	ACATCA
1008740	967	o6	1.323	ACATCA
1008768	237	o6	1.301	ACATCA
1008863	46	6m	1.183	CATCAC
1008932	151	6m	2.232	CATCAC
1008951	28	7m8	1.781	ACATCA
1008966	706	o6	1.089	ACATCA
1008995	60	8m	2.070	ACATCA
1009026	1214	6m	3.387	CATCAC
1009026	1979	o6	2.508	ACATCA
1009068	71	o6	1.321	ACATCA
1009068	513	o6	1.606	ACATCA
1009153	64	6m	1.606	CATCAC
1009369	2699	o6	1.690	ACATCA
1009369	3354	o6	1.102	ACATCA
1009451	270	7A1	1.108	CATCAC
1009469	890	o6	1.082	ACATCA
1009475	69	o6	2.435	ACATCA
1009500	1012	6m	1.483	CATCAC
1009617	679	o6	2.576	ACATCA
1009665	320	6m	2.220	CATCAC
1009736	594	6m	1.314	CATCAC
1010115	39	7m8	1.435	CATCAC
1010129	146	8m	1.462	ACATCA
1010157	121	o6	1.277	ACATCA
1010250	253	o6	3.367	ACATCA
1010250	2605	8m	4.041	ACATCA
1010326	854	o6	1.380	ACATCA
1010331	480	o6	1.328	ACATCA
1010358	1802	6m	2.261	CATCAC
1010398	93	o6	1.464	ACATCA
1010401	2226	7A1	1.690	CATCAC
1010412	469	8m	2.840	ACATCA
1010511	906	o6	1.377	ACATCA
1010511	1016	7m8	1.434	ACATCA
1010686	802	o6	2.031	ACATCA
1010712	466	6m	1.582	CATCAC
1010721	212	8m	1.220	ACATCA
1010926	286	o6	1.039	ACATCA
1011107	1329	o6	1.040	ACATCA
1011237	369	o6	1.223	ACATCA
1011321	1231	o6	2.884	ACATCA
1011321	1551	6m	2.703	CATCAC
1011327	1478	o6	2.064	ACATCA
1011487	1429	o6	1.076	ACATCA
1011490	838	7A1	1.349	CATCAC
1011523	169	o6	2.087	ACATCA
1011637	1035	o6	1.342	ACATCA
1011659	9	6m	1.544	CATCAC
1011856	640	o6	1.132	ACATCA
1011892	80	o6	1.935	ACATCA
1011932	368	7A1	1.966	CATCAC
1012032	519	o6	1.838	ACATCA
1012122	476	o6	2.026	ACATCA
1012136	421	o6	2.233	ACATCA
1012271	696	o6	1.286	ACATCA
1012271	775	7A1	1.761	CATCAC
1012377	350	7m8	1.230	CATCAC
1012479	335	o6	1.053	ACATCA
1012479	740	7A1	2.215	CATCAC
1012620	261	o6	2.227	ACATCA
1012740	215	6m	1.162	CATCAC
1012754	718	o6	1.525	ACATCA
1012830	1637	6m	1.474	CATCAC
1012833	582	6m	2.023	CATCAC
1012900	1158	o6	1.606	ACATCA
1013108	669	7m8	1.690	ACATCA
1013246	693	o6	1.022	ACATCA
1013349	75	o6	1.321	ACATCA
1013383	134	o6	1.043	ACATCA
1013426	1456	o6	1.001	ACATCA
1013536	479	o6	1.905	ACATCA
1013541	1708	o6	1.289	ACATCA
1013591	189	8m	2.306	CATCAC
1013591	1404	o6	2.060	ACATCA
1013676	903	7A1	3.198	CATCAC
1013855	19	6m	1.284	CATCAC
1013872	806	6m	1.159	CATCAC
1013968	135	8m	1.284	ACATCA
1013991	395	o6	3.634	ACATCA
1014004	50	o6	1.262	ACATCA
1014235	897	o6	1.084	ACATCA
1014418	177	6m	1.137	CATCAC
1014464	267	6m	1.376	CATCAC
1014480	1529	o6	1.437	ACATCA
1014884	413	o6	1.606	ACATCA
1015021	1165	6m	1.850	CATCAC
1015041	2960	o6	1.989	ACATCA
1015073	1470	8m	1.747	ACATCA
1015091	2298	7m8	1.527	ACATCA
1015109	59	6m	1.759	CATCAC
1015145	1178	7A1	1.884	CATCAC
1015179	24	8m	1.206	CATCAC
1015195	616	o6	1.305	ACATCA
1015375	1597	o6	2.708	ACATCA
1015418	236	o6	1.017	ACATCA
1015676	64	o6	1.616	ACATCA
1015706	627	o6	3.232	ACATCA
1015793	100	8m	1.051	ACATCA
1015915	682	6m	1.139	CATCAC
1015931	880	7m8	1.542	ACATCA
1015931	931	6m	1.625	CATCAC
1015995	412	7A1	3.034	CATCAC
1016011	933	6m	1.757	CATCAC
1016016	1283	o6	1.214	ACATCA
1016016	1729	o6	2.259	ACATCA
1016016	2311	o6	1.734	ACATCA
1016019	1044	6m	2.653	CATCAC
1016019	1074	7m8	2.350	ACATCA
1016020	579	o6	1.087	ACATCA
1016020	1262	7m8	1.204	ACATCA
1016026	1349	7A1	2.045	CATCAC
1016026	2063	6m	1.837	CATCAC
1016026	2558	o6	1.989	ACATCA
1016026	3297	6m	2.220	CATCAC
1016098	32	o6	1.709	ACATCA
1016139	74	o6	1.494	ACATCA
1016146	451	o6	1.042	ACATCA
1016191	500	6m	3.034	CATCAC
1016200	139	6m	2.544	CATCAC
1016223	131	o6	1.315	ACATCA
1016265	772	7A1	1.686	CATCAC
1016332	71	8m	1.651	ACATCA
1016332	223	o6	1.824	ACATCA
1016382	269	o6	1.512	ACATCA
1016397	1038	7A1	1.000	CATCAC
1016398	2857	o6	1.687	ACATCA
1016428	874	o6	1.884	ACATCA
1016431	1259	o6	1.612	ACATCA
1016445	753	7A1	1.508	CATCAC
1016562	174	6m	1.494	CATCAC
1016562	285	6m	1.690	CATCAC
1016565	283	7A1	1.606	CATCAC
1016574	226	8m	1.921	ACATCA
1016574	1278	6m	1.217	CATCAC
1016599	1483	o6	1.015	ACATCA
1016640	643	o6	1.527	ACATCA
1016685	169	o6	1.495	ACATCA
1016695	577	o6	1.006	ACATCA
1016737	76	o6	1.088	ACATCA
1016860	166	o6	1.053	ACATCA
1016865	456	o6	1.284	ACATCA
1016936	152	o6	2.017	ACATCA
1016982	452	o6	1.606	ACATCA
1017103	40	7m8	1.186	ACATCA
1017118	111	o6	1.984	ACATCA
1017207	1226	7A1	1.567	CATCAC
1017258	173	6m	2.004	CATCAC
1017336	394	o6	1.011	ACATCA
1017410	371	8m	2.544	ACATCA
1017437	343	6m	1.415	CATCAC
1017451	1397	7A1	1.294	CATCAC
1017458	77	8m	3.398	ACATCA
1017511	1252	8m	3.145	ACATCA
1017614	108	6m	1.063	CATCAC
1017677	367	o6	1.845	ACATCA
1017696	1063	o6	1.284	ACATCA
1017814	1345	6m	1.593	CATCAC
1017853	265	7A1	1.279	CATCAC
1017916	401	7A1	2.351	CATCAC
1017981	147	6m	1.006	CATCAC
1018021	162	8m	1.251	CATCAC
1018066	656	6m	1.822	CATCAC
1018077	730	o6	1.193	ACATCA
1018077	2037	o6	1.322	ACATCA
1018081	417	7m8	2.553	ACATCA
1018092	111	o6	1.189	ACATCA
1018134	733	o6	1.271	ACATCA
1018134	2629	6m	1.671	CATCAC
1018268	1787	o6	2.523	ACATCA
1018335	104	6m	1.068	CATCAC
1018395	25	6m	1.426	CATCAC
1018478	46	7m8	1.632	ACATCA
1018576	6	6m	1.002	CATCAC
1018632	1841	o6	1.252	ACATCA
1018632	1931	7A1	1.084	CATCAC
1018644	202	6m	2.027	CATCAC
1018661	1479	o6	1.523	ACATCA
1018678	553	o6	1.322	ACATCA
1018732	169	o6	1.418	ACATCA
1018873	627	6m	2.295	CATCAC
1018992	138	o6	1.651	ACATCA
1019064	32	o6	1.291	ACATCA
1019064	38	o6	1.291	ACATCA
1019101	535	8m	1.961	CATCAC
1019147	418	o6	3.034	ACATCA
1019147	1138	o6	1.221	ACATCA
1019173	357	o6	2.912	ACATCA
1019304	543	7A1	1.700	CATCAC
1019329	521	7A1	2.207	CATCAC
1019390	29	6m	1.426	CATCAC
1019465	526	o6	1.523	ACATCA
1019486	507	8m	2.048	ACATCA
1019488	299	7m8	2.707	ACATCA
1019521	1020	7m8	2.342	ACATCA
1019564	150	7A1	1.016	CATCAC
1019579	243	7m8	3.034	ACATCA
1019761	24	o6	1.241	ACATCA
1019928	186	7m8	1.644	ACATCA
1019956	1069	7A1	1.154	CATCAC
1020029	792	6m	2.054	CATCAC
1020034	253	6m	1.212	CATCAC
1020166	558	o6	2.010	ACATCA
1020196	58	7m8	1.053	CATCAC
1020219	2030	o6	1.854	ACATCA
1020241	2018	o6	1.397	ACATCA
1020253	1882	o6	2.030	ACATCA
1020435	1237	o6	1.507	ACATCA
1020519	256	6m	2.073	CATCAC
1020686	1139	o6	3.781	ACATCA
1020800	222	o6	2.682	ACATCA
1020859	229	6m	1.570	CATCAC
1020861	2072	6m	1.570	CATCAC
1021093	202	6m	1.331	CATCAC
1021233	65	o6	2.102	ACATCA
1021412	219	o6	1.284	ACATCA
1021540	4206	o6	2.830	ACATCA
1021566	1807	7A1	2.248	CATCAC
1021607	236	8m	1.187	ACATCA
1021608	509	o6	2.910	ACATCA
1021619	372	6m	1.816	CATCAC
1021645	379	7A1	1.781	CATCAC
1021675	367	6m	1.001	CATCAC
1021899	156	7A1	1.053	CATCAC
1021906	557	o6	1.168	ACATCA
1021909	594	6m	1.495	CATCAC
1021909	604	7m8	1.495	CATCAC
1021918	721	7m8	1.623	CATCAC
1021989	307	o6	1.087	ACATCA
1022066	633	o6	1.060	ACATCA
1022125	550	7A1	2.031	CATCAC
1022180	209	7A1	1.298	CATCAC
1022256	1211	7m8	2.774	CATCAC
1022270	308	o6	4.425	ACATCA
1022338	1228	o6	1.297	ACATCA
1022364	397	6m	1.801	CATCAC
1022531	828	o6	2.062	ACATCA
1022604	691	o6	1.966	ACATCA
1022626	380	o6	1.978	ACATCA
1022713	123	o6	1.225	ACATCA
1022763	407	o6	1.051	ACATCA
1022831	156	o6	2.044	ACATCA
1022938	85	o6	1.130	ACATCA
1023062	3000	o6	1.846	ACATCA
1023062	3555	7A1	2.403	CATCAC
1023085	97	8m	1.786	CATCAC
1023091	682	o6	1.905	ACATCA
1023109	1484	8m	1.284	CATCAC
1023127	130	7A1	1.420	CATCAC
1023151	241	7m8	2.061	ACATCA
1023154	533	7m8	1.654	CATCAC
1023154	542	6m	1.654	CATCAC
1023167	321	o6	4.317	ACATCA
1023426	427	7m8	1.089	ACATCA
1023432	218	7m8	1.801	ACATCA
1023432	894	6m	1.906	CATCAC
1023533	164	o6	1.276	ACATCA
1023594	22	7m8	1.585	ACATCA
1023599	9143	o6	1.282	ACATCA
1023681	2248	o6	1.618	ACATCA
1023706	42	o6	1.454	ACATCA
1023717	379	o6	1.780	ACATCA
1023783	202	o6	1.606	ACATCA
1023784	48	o6	2.029	ACATCA
1023837	192	o6	2.807	ACATCA
1023856	6	o6	2.031	ACATCA
1023885	391	7A1	1.857	CATCAC
1023885	1659	o6	1.231	ACATCA
1023918	30	7A1	1.207	CATCAC
1023922	822	8m	1.246	ACATCA
1023955	720	o6	1.059	ACATCA
1024051	0	o6	2.248	ACATCA
1024093	262	o6	1.690	ACATCA
1024129	101	6m	4.122	CATCAC
1024169	159	o6	1.274	ACATCA
1024169	361	7m8	1.580	ACATCA
1024355	131	o6	1.242	ACATCA
1024384	1410	6m	1.894	CATCAC
1024388	734	o6	1.249	ACATCA
1024418	288	o6	1.130	ACATCA
1024465	489	o6	1.687	ACATCA
1024489	518	o6	1.133	ACATCA
1024495	536	6m	1.603	CATCAC
1024529	1104	6m	2.757	CATCAC
1024571	148	o6	1.195	ACATCA
1024612	801	7m8	1.527	CATCAC
1024612	863	6m	1.987	CATCAC
1024612	2630	o6	1.533	ACATCA
1024639	1728	o6	2.110	ACATCA
1024648	1776	o6	2.125	ACATCA
1024721	230	o6	1.434	ACATCA
1024757	396	o6	1.241	ACATCA
1024829	3912	o6	2.556	ACATCA
1024843	27	o6	1.809	ACATCA
1024843	42	6m	2.188	CATCAC
1024880	149	o6	1.162	ACATCA
1024895	682	6m	1.208	CATCAC
1024895	871	7A1	2.338	CATCAC
1024901	42	o6	1.012	ACATCA
1024901	102	o6	1.563	ACATCA
1024926	55	o6	1.226	ACATCA
1024935	1663	o6	1.617	ACATCA
1024956	882	7m8	1.922	ACATCA
1024956	3312	o6	1.019	ACATCA
1024956	3327	o6	2.523	ACATCA
1025029	459	7A1	1.235	CATCAC
1025055	906	6m	1.639	CATCAC
1025143	173	o6	2.076	ACATCA
1025168	1738	o6	1.356	ACATCA
1025201	118	o6	1.675	ACATCA
1025204	942	o6	1.814	ACATCA
1025229	20	o6	1.292	ACATCA
1025235	710	o6	1.577	ACATCA
1025238	193	o6	1.076	ACATCA
1025367	620	o6	1.588	ACATCA
1025367	758	7m8	1.690	ACATCA
1025424	37	7A1	1.179	CATCAC
1025434	62	o6	1.012	ACATCA
1025475	1315	o6	2.069	ACATCA
1025551	132	8m	1.981	ACATCA
1025608	187	7A1	2.512	CATCAC
1025689	664	6m	2.241	CATCAC
1025776	111	6m	1.118	CATCAC
1025790	1176	o6	1.321	ACATCA
1025790	1453	o6	1.405	ACATCA
1025814	253	o6	1.183	ACATCA
1025850	241	o6	1.011	ACATCA
1026200	782	8m	1.925	ACATCA
1026363	160	o6	1.277	ACATCA
1026375	65	7A1	1.073	CATCAC
1026406	2	o6	1.127	ACATCA
1026480	1436	7m8	2.070	CATCAC
1026525	381	6m	1.115	CATCAC
1026554	14	7A1	2.365	CATCAC
1026652	478	7m8	1.640	ACATCA
1026652	1756	6m	1.296	CATCAC
1026688	1541	o6	1.778	ACATCA
1026711	465	o6	1.073	ACATCA
1026853	123	6m	1.055	CATCAC
1026853	2560	o6	1.598	ACATCA
1026930	75	o6	1.366	ACATCA
1026966	1073	o6	1.299	ACATCA
1026981	466	o6	1.434	ACATCA
1027007	144	8m	1.486	ACATCA
1027037	407	o6	2.776	ACATCA
1027058	259	o6	2.350	ACATCA
1027066	179	7m8	1.370	CATCAC
1027276	41	6m	1.626	CATCAC
1027276	791	6m	1.320	CATCAC
1027287	187	o6	1.649	ACATCA
1027426	223	o6	2.023	ACATCA
1027437	11	o6	2.349	ACATCA
1027608	96	6m	1.533	CATCAC
1027814	412	o6	2.227	ACATCA
1027900	293	o6	2.432	ACATCA
1027900	497	o6	1.312	ACATCA
1027933	233	o6	1.228	ACATCA
1028007	1229	7A1	1.657	CATCAC
1028023	230	7A1	1.241	CATCAC
1028103	508	o6	1.566	ACATCA
1028115	599	6m	1.475	CATCAC
1028193	251	7m8	2.039	ACATCA
1028396	39	o6	1.234	ACATCA
1028677	100	7A1	2.623	CATCAC
1029024	213	7A1	1.649	CATCAC
1029028	25	7A1	2.103	CATCAC
1029069	1370	7m8	2.020	ACATCA
1029069	4296	8m	1.786	CATCAC
1029139	78	o6	1.264	ACATCA
1029176	522	6m	1.132	CATCAC
1029192	490	o6	1.569	ACATCA
1029441	164	6m	2.340	CATCAC
1029679	245	o6	1.055	ACATCA
1029697	1028	o6	1.692	ACATCA
1029715	330	o6	1.085	ACATCA
1029749	284	o6	1.132	ACATCA
1029781	388	o6	2.719	ACATCA
1029788	184	o6	1.448	ACATCA
1029806	237	o6	1.168	ACATCA
1029934	1408	o6	1.198	ACATCA
1030039	449	o6	1.109	ACATCA
1030298	79	6m	1.333	CATCAC
1030335	478	o6	2.073	ACATCA
1030335	789	8m	1.850	ACATCA
1030392	177	8m	1.267	CATCAC
1030679	166	6m	1.070	CATCAC
1030692	319	7m8	1.285	ACATCA
1030692	2224	o6	2.183	ACATCA
1030858	160	o6	1.227	ACATCA
1031043	241	o6	1.618	ACATCA
1031145	91	o6	1.284	ACATCA
1031156	2060	o6	1.690	ACATCA
1031156	2703	6m	1.154	CATCAC
1031199	3528	o6	2.187	ACATCA
1031307	1809	o6	1.456	ACATCA
1031315	86	o6	2.836	ACATCA
1031321	383	7A1	2.073	CATCAC
1031390	996	o6	1.792	ACATCA
1031390	4020	o6	1.011	ACATCA
1031390	4161	o6	1.898	ACATCA
1031390	4173	o6	1.373	ACATCA
1031498	1816	o6	1.300	ACATCA
1031504	10	8m	1.790	ACATCA
1031535	252	o6	1.289	ACATCA
1031584	281	7A1	2.070	CATCAC
1031698	390	o6	1.225	ACATCA
1031791	806	o6	1.045	ACATCA
1031805	675	o6	2.694	ACATCA
1031814	10	o6	1.298	ACATCA
1031833	48	o6	1.521	ACATCA
1031929	158	o6	1.409	ACATCA
1032019	280	o6	3.398	ACATCA
1032295	292	7A1	1.105	CATCAC
1032295	308	o6	1.105	ACATCA
1032386	341	o6	1.076	ACATCA
1032466	2185	o6	2.073	ACATCA
1032471	1629	o6	1.183	ACATCA
1032607	314	o6	1.509	ACATCA
1032622	4253	o6	1.284	ACATCA
1032693	1075	o6	1.613	ACATCA
1032799	97	o6	1.113	ACATCA
1032799	2071	7m8	1.284	ACATCA
1032799	3287	o6	1.183	ACATCA
1032876	1733	7m8	1.219	ACATCA
1032896	124	o6	1.363	ACATCA
1032929	1517	6m	1.933	CATCAC
1032935	330	6m	1.108	CATCAC
1033008	1489	o6	2.503	ACATCA
1033089	320	o6	1.982	ACATCA
1033141	1603	7A1	2.104	CATCAC
1033141	1870	8m	3.034	CATCAC
1033141	5596	8m	1.227	CATCAC
1033141	6239	o6	2.233	ACATCA
1033232	8	o6	2.317	ACATCA
1033250	203	o6	1.270	ACATCA
1033310	452	o6	2.737	ACATCA
1033322	274	7m8	1.255	CATCAC
1033384	712	7A1	1.486	CATCAC
1033535	227	7A1	1.322	CATCAC
1033542	73	o6	2.341	ACATCA
1033565	3147	6m	2.595	CATCAC
1033571	226	6m	1.038	CATCAC
1033598	1625	6m	1.891	CATCAC
1033598	2729	7m8	1.322	ACATCA
1033598	4159	o6	1.008	ACATCA
1033598	4452	8m	1.485	CATCAC
1033601	768	o6	1.255	ACATCA
1033751	1154	7m8	1.897	ACATCA
1033751	2362	6m	2.312	CATCAC
1033754	783	7m8	1.897	ACATCA
1033754	1991	6m	2.312	CATCAC
1033757	202	7m8	1.897	ACATCA
1033757	1410	6m	2.312	CATCAC
1033760	1014	6m	2.726	CATCAC
1033763	414	6m	2.726	CATCAC
1033795	2063	o6	1.259	ACATCA
1033824	349	o6	3.008	ACATCA
1033824	715	o6	2.850	ACATCA
1033824	1258	6m	1.055	CATCAC
1033827	462	6m	1.167	CATCAC
1033907	934	o6	1.663	ACATCA
1034230	293	7A1	1.053	CATCAC
1034235	449	o6	1.039	ACATCA
1034247	55	o6	1.321	ACATCA
1034259	799	o6	1.678	ACATCA
1034265	523	o6	2.603	ACATCA
1034277	143	o6	1.262	ACATCA
1034308	379	o6	2.321	ACATCA
1034394	102	7A1	1.120	CATCAC
1034394	140	6m	1.098	CATCAC
1034455	4	o6	1.126	ACATCA
1034500	258	6m	1.815	CATCAC
1034539	1659	o6	2.073	ACATCA
1034556	380	o6	1.507	ACATCA
1034569	6996	o6	1.073	ACATCA
1034589	471	o6	1.888	ACATCA
1034671	206	o6	1.842	ACATCA
1034726	225	7A1	1.579	CATCAC
1034739	46	6m	1.097	CATCAC
1034748	1515	o6	2.302	ACATCA
1034828	834	o6	1.248	ACATCA
1034843	552	o6	1.198	ACATCA
1034941	3315	o6	1.815	ACATCA
1034977	444	o6	1.006	ACATCA
1034977	1069	o6	3.033	ACATCA
1034995	552	o6	1.076	ACATCA
1035010	4061	7m8	1.257	ACATCA
1035033	74	o6	1.156	ACATCA
1035040	1727	o6	1.881	ACATCA
1035040	2951	o6	2.420	ACATCA
1035040	3432	6m	1.474	CATCAC
1035040	3498	o6	1.619	ACATCA
1035147	191	7A1	1.775	CATCAC
1035189	73	6m	2.321	CATCAC
1035237	51	o6	1.322	ACATCA
1035288	1916	o6	1.434	ACATCA
1035503	342	6m	1.560	CATCAC
1035569	6151	o6	2.003	ACATCA
1035569	13043	o6	2.180	ACATCA
1035569	15924	o6	1.732	ACATCA
1035602	528	o6	1.419	ACATCA
1035684	35	o6	3.088	ACATCA
1035692	194	6m	1.375	CATCAC
1035704	1080	6m	3.314	CATCAC
1035705	290	7m8	2.367	ACATCA
1035755	1037	o6	1.861	ACATCA
1035798	2566	o6	1.073	ACATCA
1035801	2390	7A1	1.286	CATCAC
1035831	692	o6	1.593	ACATCA
1035831	1127	o6	1.284	ACATCA
1035831	1139	7A1	1.284	CATCAC
1035974	2226	o6	2.073	ACATCA
1036001	2489	o6	3.277	ACATCA
1036011	205	6m	1.095	CATCAC
1036100	143	o6	2.323	ACATCA
1036127	8101	o6	1.924	ACATCA
1036127	10213	8m	2.772	ACATCA
1036127	10218	o6	2.772	ACATCA
1036155	113	7A1	1.227	CATCAC
1036169	202	o6	3.203	ACATCA
1036492	432	7m8	1.473	CATCAC
1036537	118	o6	1.073	ACATCA
1036706	2197	8m	1.349	CATCAC
1036909	342	6m	2.808	CATCAC
1036968	611	o6	1.964	ACATCA
1036982	181	6m	1.803	CATCAC
1037090	1301	o6	1.189	ACATCA
1037138	98	6m	2.445	CATCAC
1037164	554	6m	2.277	CATCAC
1037386	2133	6m	1.488	CATCAC
1037630	279	6m	2.630	CATCAC
1037630	412	o6	2.648	ACATCA
1037715	10	6m	2.383	CATCAC
1037871	20	7m8	1.193	ACATCA
1037888	73	o6	2.969	ACATCA
1037920	33	o6	1.814	ACATCA
1037937	602	6m	1.745	CATCAC
1038025	98	6m	1.663	CATCAC
1038067	4	o6	1.036	ACATCA
1038192	123	o6	2.183	ACATCA
1038214	647	6m	2.238	CATCAC
1038285	324	o6	2.037	ACATCA
1038293	1934	o6	1.062	ACATCA
1038317	807	6m	1.263	CATCAC
1038342	559	7A1	1.363	CATCAC
1038366	586	7m8	1.632	ACATCA
1038529	267	o6	1.183	ACATCA
1038563	25	7m8	1.313	ACATCA
1038601	52	o6	1.104	ACATCA
1038605	799	o6	2.502	ACATCA
1038704	160	7m8	1.359	ACATCA
1038791	35	o6	1.005	ACATCA
1038890	813	8m	1.741	ACATCA
1038900	453	8m	1.468	ACATCA
1039165	62	6m	2.025	CATCAC
1039196	41	6m	1.707	CATCAC
1039286	1201	7m8	1.078	ACATCA
1039300	382	o6	1.389	ACATCA
1039422	1267	8m	1.056	ACATCA
1039422	1801	o6	1.009	ACATCA
1039422	2150	o6	1.268	ACATCA
1039431	526	o6	4.484	ACATCA
1039496	131	o6	1.304	ACATCA
1039497	442	7m8	3.649	ACATCA
1039502	2733	o6	1.970	ACATCA
1039502	3906	o6	3.888	ACATCA
1039502	6223	7A1	2.031	CATCAC
1039557	142	6m	1.434	CATCAC
1039568	92	7A1	1.846	CATCAC
1039606	64	o6	2.300	ACATCA
1039764	1195	o6	1.893	ACATCA
1039779	86	6m	1.210	CATCAC
1039794	199	6m	1.208	CATCAC
1039808	512	o6	1.425	ACATCA
1039811	467	o6	1.425	ACATCA
1039853	807	o6	2.073	ACATCA
1039853	893	6m	1.948	CATCAC
1039853	7828	o6	1.541	ACATCA
1039858	263	6m	3.077	CATCAC
1039858	272	6m	1.906	CATCAC
1039865	182	o6	1.205	ACATCA
1039890	361	o6	2.599	ACATCA
1039914	545	o6	1.726	ACATCA
1039931	501	o6	1.073	ACATCA
1039950	1351	o6	1.073	ACATCA
1039965	232	7A1	2.221	CATCAC
1039971	894	o6	1.456	ACATCA
1040037	501	o6	1.425	ACATCA
1040040	252	8m	1.359	ACATCA
1040048	3739	6m	2.298	CATCAC
1040057	708	7A1	1.396	CATCAC
1040115	680	o6	2.776	ACATCA
1040135	584	7m8	1.377	CATCAC
1040136	218	8m	2.394	ACATCA
1040154	43	8m	1.711	CATCAC
1040154	84	o6	1.424	ACATCA
1040154	91	7m8	1.448	CATCAC
1040171	191	6m	3.960	CATCAC
1040178	367	6m	1.146	CATCAC
1040190	2106	o6	1.270	ACATCA
1040190	3099	o6	1.380	ACATCA
1040210	142	7A1	1.065	CATCAC
1040214	2678	o6	1.295	ACATCA
1040297	2351	o6	1.035	ACATCA
1040298	7338	o6	1.033	ACATCA
1040318	541	7m8	3.937	ACATCA
1040331	1027	o6	1.223	ACATCA
1040337	743	6m	1.393	CATCAC
1040337	1135	o6	1.124	ACATCA
1040352	3395	o6	2.199	ACATCA
1040443	871	o6	1.186	ACATCA
1040479	1425	6m	3.638	CATCAC
1040483	483	7A1	1.373	CATCAC
1040589	3635	6m	1.028	CATCAC
1040590	2756	8m	1.518	ACATCA
1040590	3915	o6	1.125	ACATCA
1040635	5114	8m	2.696	ACATCA
1040646	1364	o6	1.500	ACATCA
