1000391	682	6m	1.147	GGTGAA
1000454	139	o6	1.891	AGGTGA
1000545	10	o6	1.706	AGGTGA
1000779	2145	o6	1.950	AGGTGA
1000779	2968	8m	1.690	AGGTGA
1000835	1283	6m	2.383	GGTGAA
1000835	1421	8m	2.598	AGGTGA
1000968	105	6m	1.192	GGTGAA
1000997	225	7m8	1.680	GGTGAA
1001378	502	o6	1.623	AGGTGA
1001378	631	o6	1.006	AGGTGA
1001533	5549	8m	2.617	AGGTGA
1001601	2784	8m	1.669	GGTGAA
1001689	2	6m	2.180	GGTGAA
1001912	333	o6	1.094	AGGTGA
1001937	898	6m	1.559	GGTGAA
1002054	821	7A1	2.300	GGTGAA
1002144	84	8m	2.166	AGGTGA
1002203	248	o6	1.468	AGGTGA
1002703	630	6m	1.383	GGTGAA
1002815	974	o6	1.908	AGGTGA
1003029	189	6m	1.631	GGTGAA
1003114	855	o6	1.221	AGGTGA
1003134	357	7A1	2.073	GGTGAA
1003999	25	6m	1.846	GGTGAA
1004407	43	6m	2.205	GGTGAA
1004591	378	7A1	2.549	GGTGAA
1005038	117	o6	1.328	AGGTGA
1005455	446	7A1	1.560	GGTGAA
1005484	58	7A1	1.976	GGTGAA
1005496	174	6m	2.344	GGTGAA
1006570	451	7A1	1.906	GGTGAA
1006940	1550	o6	1.606	AGGTGA
1007017	277	7A1	1.084	GGTGAA
1007031	28	7m8	2.357	AGGTGA
1007034	1170	o6	1.709	AGGTGA
1007242	4389	7A1	1.091	GGTGAA
1007296	913	7A1	1.780	GGTGAA
1007413	397	7A1	1.546	GGTGAA
1007478	100	7m8	2.776	AGGTGA
1007698	1060	o6	1.391	AGGTGA
1007731	1160	6m	1.217	GGTGAA
1007731	2770	o6	1.739	AGGTGA
1007812	1137	o6	1.658	AGGTGA
1007812	1398	o6	2.343	AGGTGA
1007812	1938	7m8	1.688	AGGTGA
1007812	2814	7A1	1.149	GGTGAA
1007812	4224	6m	1.872	GGTGAA
1007869	593	o6	1.856	AGGTGA
1007897	1573	o6	2.376	AGGTGA
1007897	3530	7m8	1.304	AGGTGA
1007923	166	6m	1.297	GGTGAA
1008093	565	o6	1.241	AGGTGA
1008114	100	6m	1.467	GGTGAA
1008178	103	6m	1.254	GGTGAA
1008286	673	7A1	2.483	GGTGAA
1008521	406	7A1	1.682	GGTGAA
1008693	68	6m	2.409	GGTGAA
1008716	624	6m	1.541	GGTGAA
1008890	472	o6	3.034	AGGTGA
1009300	426	8m	2.544	AGGTGA
1009469	931	o6	1.082	AGGTGA
1009751	103	7A1	1.121	GGTGAA
1009805	74	6m	1.456	GGTGAA
1009899	607	8m	3.232	AGGTGA
1010401	4751	o6	2.376	AGGTGA
1010670	1766	8m	2.085	AGGTGA
1010808	110	8m	1.194	AGGTGA
1010956	980	8m	2.467	AGGTGA
1011068	601	7m8	1.860	AGGTGA
1011162	151	6m	1.151	GGTGAA
1011809	46	6m	1.694	GGTGAA
1011818	514	o6	2.137	AGGTGA
1011915	38	6m	1.560	GGTGAA
1012008	1045	7m8	1.652	AGGTGA
1012008	1456	8m	1.687	AGGTGA
1012020	723	o6	1.084	AGGTGA
1012032	349	o6	2.048	AGGTGA
1012032	420	7m8	1.038	GGTGAA
1012032	846	o6	1.316	AGGTGA
1012292	79	6m	1.053	GGTGAA
1012430	302	6m	1.033	GGTGAA
1012797	1088	7m8	1.237	AGGTGA
1012878	244	7A1	1.190	GGTGAA
1013073	1583	8m	3.221	GGTGAA
1013098	245	6m	2.282	GGTGAA
1013413	146	8m	3.638	AGGTGA
1013541	91	o6	2.016	AGGTGA
1013719	118	o6	3.649	AGGTGA
1013953	573	8m	1.615	GGTGAA
1013988	1211	6m	1.846	GGTGAA
1014069	1093	7A1	1.058	GGTGAA
1014403	384	o6	1.232	AGGTGA
1014655	1977	o6	1.220	AGGTGA
1014655	2054	8m	1.055	GGTGAA
1014697	899	o6	1.499	AGGTGA
1014788	91	6m	2.375	GGTGAA
1014788	97	8m	2.375	GGTGAA
1014856	72	6m	1.322	GGTGAA
1014920	164	7A1	1.524	GGTGAA
1014987	174	6m	1.477	GGTGAA
1015145	1472	o6	2.704	AGGTGA
1015162	255	o6	2.204	AGGTGA
1015348	551	7A1	2.313	GGTGAA
1015351	16	8m	1.073	AGGTGA
1015526	1979	6m	1.634	GGTGAA
1015572	2661	o6	2.933	AGGTGA
1015572	3333	o6	2.030	AGGTGA
1015572	4333	7m8	1.307	AGGTGA
1016011	605	6m	3.195	GGTGAA
1016019	1656	o6	1.786	AGGTGA
1016026	602	7m8	1.743	AGGTGA
1016026	1877	7m8	1.738	GGTGAA
1016176	2853	7m8	1.808	AGGTGA
1016250	1167	o6	1.002	AGGTGA
1016500	2	8m	2.220	AGGTGA
1016598	203	8m	1.306	AGGTGA
1016599	481	o6	2.335	AGGTGA
1016713	2848	7A1	2.502	GGTGAA
1016971	2361	8m	1.941	AGGTGA
1017224	174	o6	1.062	AGGTGA
1017733	1043	o6	1.426	AGGTGA
1017814	3037	o6	1.291	AGGTGA
1017830	40	6m	2.025	GGTGAA
1018134	2759	7m8	1.649	GGTGAA
1018317	252	7m8	1.167	AGGTGA
1018334	245	6m	1.249	GGTGAA
1018455	66	o6	1.577	AGGTGA
1018580	65	8m	2.807	AGGTGA
1018632	3663	o6	1.598	AGGTGA
1018873	499	7m8	1.253	AGGTGA
1018873	1054	o6	2.624	AGGTGA
1018873	1147	6m	2.697	GGTGAA
1018873	1555	6m	1.934	GGTGAA
1018873	1699	6m	1.847	GGTGAA
1019058	88	7A1	1.349	GGTGAA
1019191	86	7m8	1.535	AGGTGA
1019233	160	7A1	1.284	GGTGAA
1019579	2338	7A1	1.606	GGTGAA
1019582	49	7A1	1.290	GGTGAA
1019752	275	8m	1.199	AGGTGA
1019865	1171	o6	1.718	AGGTGA
1020280	952	7A1	1.051	GGTGAA
1020384	46	o6	1.209	AGGTGA
1020535	447	6m	1.244	GGTGAA
1020642	860	o6	2.302	AGGTGA
1020861	1622	6m	1.578	GGTGAA
1021299	167	8m	2.377	AGGTGA
1021899	110	o6	1.164	AGGTGA
1021962	1732	o6	1.120	AGGTGA
1022165	812	6m	3.047	GGTGAA
1022480	156	7A1	2.544	GGTGAA
1022932	916	7m8	1.662	AGGTGA
1023219	773	o6	1.120	AGGTGA
1023253	760	8m	1.259	AGGTGA
1023289	1933	8m	1.690	AGGTGA
1023320	659	7m8	2.472	AGGTGA
1023350	158	6m	1.661	GGTGAA
1023599	3682	8m	1.260	AGGTGA
1023669	1080	o6	1.434	AGGTGA
1023681	2839	o6	1.276	AGGTGA
1023828	231	7m8	1.235	AGGTGA
1023846	2375	6m	2.017	GGTGAA
1023882	1063	7A1	1.322	GGTGAA
1023902	512	o6	4.229	AGGTGA
1023955	2244	7m8	1.962	AGGTGA
1024085	80	o6	1.690	AGGTGA
1024085	1133	o6	1.328	AGGTGA
1024204	15	o6	1.445	AGGTGA
1024648	6929	8m	1.053	AGGTGA
1024672	647	6m	2.326	GGTGAA
1024930	80	7A1	1.690	GGTGAA
1024956	5020	o6	2.629	AGGTGA
1025168	382	o6	2.548	AGGTGA
1025391	457	8m	2.321	AGGTGA
1025545	167	o6	1.073	AGGTGA
1025554	102	o6	1.024	AGGTGA
1025615	1414	o6	1.821	AGGTGA
1025693	1778	o6	1.288	AGGTGA
1025721	160	7m8	1.440	AGGTGA
1025737	830	6m	1.298	GGTGAA
1025872	666	o6	1.780	AGGTGA
1026165	916	6m	1.227	GGTGAA
1026480	1543	o6	1.802	AGGTGA
1026921	593	7A1	1.635	GGTGAA
1027276	359	7m8	2.272	AGGTGA
1027502	1573	7m8	1.656	AGGTGA
1027679	204	o6	2.533	AGGTGA
1027801	947	7A1	1.242	GGTGAA
1027844	109	o6	1.807	AGGTGA
1027912	723	o6	1.286	AGGTGA
1028396	133	o6	1.256	AGGTGA
1028441	750	7A1	3.269	GGTGAA
1028578	364	7A1	1.888	GGTGAA
1028578	457	o6	1.459	AGGTGA
1029003	613	6m	2.004	GGTGAA
1029209	681	6m	1.155	GGTGAA
1029246	405	o6	1.434	AGGTGA
1029309	426	o6	2.326	AGGTGA
1029483	18	7m8	1.130	GGTGAA
1029879	78	7m8	2.314	AGGTGA
1030123	460	8m	1.328	AGGTGA
1030192	154	o6	1.998	AGGTGA
1030231	84	o6	2.801	AGGTGA
1030451	1602	o6	3.271	AGGTGA
1030451	2421	o6	1.186	AGGTGA
1030731	532	6m	2.588	GGTGAA
1031081	24	o6	1.133	AGGTGA
1031106	276	o6	1.467	AGGTGA
1031142	2107	8m	1.023	AGGTGA
1031390	2023	6m	2.680	GGTGAA
1031968	191	o6	2.401	AGGTGA
1032019	160	o6	2.255	AGGTGA
1032322	10	o6	1.032	AGGTGA
1032442	137	6m	1.355	GGTGAA
1032466	842	8m	1.690	AGGTGA
1032604	52	o6	1.710	AGGTGA
1032622	5132	o6	1.321	AGGTGA
1032750	260	o6	1.284	AGGTGA
1032852	434	7m8	1.073	AGGTGA
1032891	323	7m8	1.170	AGGTGA
1032956	1171	7m8	1.246	AGGTGA
1033085	716	7m8	2.483	AGGTGA
1033141	892	o6	2.522	AGGTGA
1033152	1500	6m	1.434	GGTGAA
1033205	1239	o6	1.032	AGGTGA
1033208	583	o6	1.500	AGGTGA
1033227	1255	o6	1.529	AGGTGA
1033425	470	7A1	1.333	GGTGAA
1033452	108	o6	2.349	AGGTGA
1033452	2037	8m	3.034	AGGTGA
1033565	1576	6m	2.925	GGTGAA
1033565	1948	6m	2.696	GGTGAA
1033565	2817	o6	3.076	AGGTGA
1033565	4861	7m8	2.483	AGGTGA
1033571	5383	7m8	1.026	AGGTGA
1033711	320	o6	2.766	AGGTGA
1033786	1481	7A1	2.401	GGTGAA
1033827	266	o6	1.140	AGGTGA
1034160	231	8m	3.328	AGGTGA
1034160	944	8m	3.328	AGGTGA
1034160	1135	8m	3.328	AGGTGA
1034304	2423	7m8	2.481	AGGTGA
1034556	803	6m	1.013	GGTGAA
1034941	2653	8m	2.388	AGGTGA
1035040	1712	6m	1.160	GGTGAA
1035040	3401	o6	1.997	AGGTGA
1035126	5	o6	1.188	AGGTGA
1035192	974	8m	3.310	AGGTGA
1035314	1296	6m	2.420	GGTGAA
1035569	1493	o6	2.635	AGGTGA
1035656	2239	o6	1.073	AGGTGA
1036127	815	6m	2.640	GGTGAA
1036127	1084	6m	1.692	GGTGAA
1036127	1321	6m	2.507	GGTGAA
1036127	6313	6m	2.057	GGTGAA
1036127	9862	6m	1.772	GGTGAA
1036127	10628	6m	1.990	GGTGAA
1036203	588	o6	1.906	AGGTGA
1036208	227	6m	2.298	GGTGAA
1036280	236	8m	1.152	GGTGAA
1036340	127	6m	1.377	GGTGAA
1036343	1585	6m	1.126	GGTGAA
1036381	407	o6	4.217	AGGTGA
1036381	2872	7m8	4.214	AGGTGA
1037031	928	6m	1.337	GGTGAA
1037036	587	6m	2.210	GGTGAA
1037386	963	6m	1.348	GGTGAA
1037823	163	7m8	1.297	AGGTGA
1037937	135	o6	1.109	AGGTGA
1038099	153	o6	2.369	AGGTGA
1038160	696	7A1	3.445	GGTGAA
1038312	665	6m	1.771	GGTGAA
1038485	961	7A1	1.560	GGTGAA
1038808	1342	o6	1.349	AGGTGA
1038817	72	o6	1.560	AGGTGA
1039052	1615	6m	1.740	GGTGAA
1039187	319	o6	1.453	AGGTGA
1039196	14	o6	2.238	AGGTGA
1039300	15	o6	1.056	AGGTGA
1039300	118	o6	1.216	AGGTGA
1039376	2121	8m	3.337	GGTGAA
1039422	4029	o6	1.037	AGGTGA
1039481	674	8m	1.921	GGTGAA
1039718	1874	7m8	1.548	AGGTGA
1039764	2091	o6	1.073	AGGTGA
1039853	4310	7A1	2.981	GGTGAA
1039908	4579	o6	1.085	AGGTGA
1040004	95	7m8	3.127	AGGTGA
1040057	272	7m8	1.046	AGGTGA
1040057	1178	6m	1.394	GGTGAA
1040237	114	o6	1.894	AGGTGA
1040283	5060	6m	2.807	GGTGAA
1040352	3521	8m	2.907	AGGTGA
1040479	365	7m8	1.544	AGGTGA
1040542	1305	o6	5.361	AGGTGA
