1000026	1212	o6	1.625	ATATCT
1000029	343	o6	1.002	ATATCT
1000074	62	o6	2.758	ATATCT
1000081	806	7m8	1.467	ATATCT
1000084	379	o6	1.771	ATATCT
1000171	132	7m8	1.282	TATCTC
1000261	699	o6	3.034	ATATCT
1000264	598	6m	1.425	TATCTC
1000272	90	o6	1.952	ATATCT
1000282	453	6m	1.091	TATCTC
1000345	528	8m	2.298	ATATCT
1000350	21	o6	1.230	ATATCT
1000360	2057	o6	2.166	ATATCT
1000373	74	o6	1.842	ATATCT
1000373	1688	7m8	1.335	ATATCT
1000386	518	6m	1.069	TATCTC
1000443	268	8m	1.563	ATATCT
1000443	1984	7A1	1.563	TATCTC
1000472	1211	o6	1.322	ATATCT
1000478	1536	6m	1.711	TATCTC
1000493	1824	o6	1.737	ATATCT
1000493	4153	o6	2.061	ATATCT
1000530	611	o6	1.331	ATATCT
1000533	851	7m8	1.820	ATATCT
1000595	587	o6	1.166	ATATCT
1000619	772	7m8	1.603	ATATCT
1000631	1429	o6	2.073	ATATCT
1000646	48	o6	1.063	ATATCT
1000653	284	o6	1.761	ATATCT
1000743	288	o6	1.336	ATATCT
1000779	195	o6	1.875	ATATCT
1000779	1553	7m8	3.232	ATATCT
1000779	2284	o6	1.186	ATATCT
1000779	3239	o6	1.802	ATATCT
1000814	497	o6	2.449	ATATCT
1000824	1993	o6	2.652	ATATCT
1000863	538	6m	1.251	TATCTC
1000874	436	6m	1.120	TATCTC
1000904	338	o6	1.035	ATATCT
1000919	110	6m	1.156	TATCTC
1000919	116	6m	1.156	TATCTC
1000923	744	o6	1.435	ATATCT
1000968	607	6m	1.122	TATCTC
1000968	1685	o6	2.202	ATATCT
1000992	27	o6	1.379	ATATCT
1000992	33	o6	1.379	ATATCT
1001012	52	6m	2.385	TATCTC
1001012	494	o6	1.073	ATATCT
1001099	270	o6	2.153	ATATCT
1001099	295	7m8	1.146	ATATCT
1001298	77	o6	1.459	ATATCT
1001322	61	6m	1.053	TATCTC
1001385	170	6m	1.886	TATCTC
1001408	320	o6	1.121	ATATCT
1001440	1582	o6	3.340	ATATCT
1001515	332	o6	1.662	ATATCT
1001533	2862	o6	1.321	ATATCT
1001601	1305	o6	2.882	ATATCT
1001634	117	o6	1.550	ATATCT
1001862	306	o6	1.468	ATATCT
1001930	363	7m8	1.162	ATATCT
1001937	3506	o6	2.070	ATATCT
1001937	3639	o6	1.563	ATATCT
1001937	3950	o6	2.426	ATATCT
1002304	170	7m8	1.218	ATATCT
1002382	114	7m8	1.508	ATATCT
1002401	44	o6	1.198	ATATCT
1002415	222	6m	1.560	TATCTC
1002433	99	o6	1.623	ATATCT
1002481	2150	o6	2.553	ATATCT
1002602	231	o6	1.206	ATATCT
1002700	500	7A1	1.077	TATCTC
1002923	167	6m	2.811	TATCTC
1002923	216	6m	1.985	TATCTC
1003036	125	o6	1.055	ATATCT
1003137	808	o6	2.129	ATATCT
1003151	135	6m	1.322	TATCTC
1003251	60	o6	1.527	ATATCT
1003263	852	o6	1.187	ATATCT
1003552	59	8m	1.101	TATCTC
1003570	26	7A1	1.241	TATCTC
1003660	465	o6	1.913	ATATCT
1003702	376	6m	1.313	TATCTC
1003873	411	7A1	1.922	TATCTC
1003926	418	7A1	1.148	TATCTC
1003954	112	7m8	3.312	TATCTC
1003972	79	8m	1.669	ATATCT
1003999	890	7A1	2.196	TATCTC
1004013	248	8m	1.011	ATATCT
1004223	68	o6	1.084	ATATCT
1004463	442	o6	1.932	ATATCT
1004463	1741	7m8	1.380	ATATCT
1004503	2195	o6	2.734	ATATCT
1004591	758	o6	2.021	ATATCT
1004619	185	o6	1.322	ATATCT
1004657	91	8m	2.723	ATATCT
1004958	520	o6	1.684	ATATCT
1004987	494	o6	2.964	ATATCT
1005023	387	o6	1.045	ATATCT
1005023	553	o6	1.891	ATATCT
1005049	391	o6	1.405	ATATCT
1005049	1949	o6	1.284	ATATCT
1005335	677	6m	3.332	TATCTC
1005462	76	7m8	2.068	ATATCT
1005557	1618	o6	1.040	ATATCT
1005622	328	o6	2.256	ATATCT
1005646	5220	o6	1.802	ATATCT
1005709	173	7m8	2.402	ATATCT
1005709	189	6m	1.075	TATCTC
1005830	1421	o6	1.978	ATATCT
1005862	195	7A1	1.709	TATCTC
1005916	249	7A1	1.322	TATCTC
1006103	757	7m8	1.422	ATATCT
1006107	38	o6	1.012	ATATCT
1006570	589	o6	1.515	ATATCT
1006587	830	7A1	1.189	TATCTC
1006699	199	o6	1.241	ATATCT
1006699	752	6m	1.606	TATCTC
1006726	1285	8m	1.606	ATATCT
1006899	313	o6	2.220	ATATCT
1006920	1042	o6	1.461	ATATCT
1007004	1499	o6	1.245	ATATCT
1007017	1001	6m	2.757	TATCTC
1007148	62	o6	2.807	ATATCT
1007186	1098	8m	5.802	ATATCT
1007207	1211	o6	1.053	ATATCT
1007231	1315	o6	2.807	ATATCT
1007242	5232	o6	2.320	ATATCT
1007314	1219	o6	1.943	ATATCT
1007448	32	8m	1.079	TATCTC
1007521	2364	o6	1.156	ATATCT
1007521	3922	o6	1.053	ATATCT
1007584	614	8m	2.304	ATATCT
1007663	635	o6	2.433	ATATCT
1007789	537	o6	2.135	ATATCT
1007812	3057	o6	1.597	ATATCT
1007821	100	o6	1.053	ATATCT
1007824	453	o6	2.601	ATATCT
1007866	365	o6	1.825	ATATCT
1007888	737	7A1	1.284	TATCTC
1007897	763	7m8	2.394	ATATCT
1007909	436	o6	1.308	ATATCT
1007923	2075	o6	1.084	ATATCT
1007950	1475	o6	1.047	ATATCT
1007980	21	o6	1.606	ATATCT
1007980	322	o6	1.312	ATATCT
1007993	680	o6	1.053	ATATCT
1008045	418	8m	1.290	TATCTC
1008093	1917	o6	1.168	ATATCT
1008141	1006	o6	1.380	ATATCT
1008183	223	o6	1.281	ATATCT
1008216	187	o6	1.957	ATATCT
1008216	280	o6	1.178	ATATCT
1008240	840	o6	1.156	ATATCT
1008255	1397	o6	1.640	ATATCT
1008271	205	o6	2.176	ATATCT
1008276	353	o6	1.284	ATATCT
1008279	1025	o6	1.434	ATATCT
1008307	728	o6	2.801	ATATCT
1008307	1960	o6	1.606	ATATCT
1008313	421	o6	1.171	ATATCT
1008318	217	o6	1.015	ATATCT
1008454	380	o6	1.148	ATATCT
1008454	775	o6	1.314	ATATCT
1008528	98	o6	2.794	ATATCT
1008602	146	o6	1.285	ATATCT
1008654	907	6m	1.581	TATCTC
1008666	1445	o6	1.284	ATATCT
1008740	765	o6	1.323	ATATCT
1008768	579	o6	1.687	ATATCT
1008881	519	o6	2.387	ATATCT
1008989	589	7m8	1.736	ATATCT
1008995	1537	o6	2.026	ATATCT
1009023	48	7m8	1.004	TATCTC
1009034	72	o6	1.682	ATATCT
1009037	3189	o6	1.466	ATATCT
1009043	564	o6	1.216	ATATCT
1009074	804	o6	1.328	ATATCT
1009087	9	o6	1.031	ATATCT
1009153	948	o6	1.206	ATATCT
1009289	69	o6	1.711	ATATCT
1009339	26	o6	1.007	ATATCT
1009352	96	o6	1.464	ATATCT
1009369	2151	7m8	1.328	ATATCT
1009385	324	o6	1.552	ATATCT
1009385	1056	6m	1.606	TATCTC
1009512	36	6m	2.178	TATCTC
1009582	822	o6	1.031	ATATCT
1009684	652	o6	1.191	ATATCT
1009693	182	6m	1.132	TATCTC
1009763	88	7m8	1.254	ATATCT
1009763	652	6m	1.259	TATCTC
1009768	48	o6	1.577	ATATCT
1009808	349	o6	1.296	ATATCT
1009823	51	o6	1.798	ATATCT
1009841	721	o6	2.255	ATATCT
1009841	818	o6	1.278	ATATCT
1009844	448	o6	2.807	ATATCT
1009899	563	6m	2.540	TATCTC
1009930	401	o6	1.648	ATATCT
1009930	625	6m	1.434	TATCTC
1009948	796	o6	1.073	ATATCT
1009948	1343	o6	1.235	ATATCT
1010103	248	o6	1.704	ATATCT
1010160	1294	7m8	1.567	ATATCT
1010178	194	6m	1.447	TATCTC
1010205	370	o6	1.382	ATATCT
1010229	416	6m	1.073	TATCTC
1010232	717	o6	1.079	ATATCT
1010232	1453	6m	1.853	TATCTC
1010232	3661	8m	1.606	ATATCT
1010238	344	o6	1.079	ATATCT
1010238	1080	6m	1.853	TATCTC
1010238	3288	8m	1.606	ATATCT
1010293	29	o6	1.026	ATATCT
1010358	997	o6	1.162	ATATCT
1010401	3941	7m8	2.394	ATATCT
1010412	569	7A1	2.070	TATCTC
1010511	1091	o6	1.690	ATATCT
1010607	99	6m	2.031	TATCTC
1010649	464	6m	1.375	TATCTC
1010670	2345	6m	1.118	TATCTC
1010686	712	6m	1.101	TATCTC
1010846	552	7m8	1.585	TATCTC
1010846	745	6m	1.775	TATCTC
1010950	516	o6	1.494	ATATCT
1010956	2522	o6	1.135	ATATCT
1010980	37	o6	1.041	ATATCT
1011277	83	o6	2.350	ATATCT
1011355	253	o6	1.468	ATATCT
1011479	156	o6	1.321	ATATCT
1011607	1747	o6	1.251	ATATCT
1011608	449	8m	1.036	ATATCT
1011658	873	o6	1.575	ATATCT
1011659	131	6m	2.023	TATCTC
1011698	206	o6	1.245	ATATCT
1011721	53	o6	1.463	ATATCT
1011739	332	6m	1.013	TATCTC
1011739	570	o6	1.186	ATATCT
1011827	239	o6	1.079	ATATCT
1011851	168	o6	2.008	ATATCT
1011860	718	o6	1.582	ATATCT
1012032	234	o6	1.195	ATATCT
1012169	442	o6	2.127	ATATCT
1012262	1270	o6	1.887	ATATCT
1012588	130	o6	1.434	ATATCT
1012719	64	7A1	2.414	TATCTC
1013228	189	o6	1.053	ATATCT
1013280	582	o6	1.322	ATATCT
1013342	36	7A1	2.017	TATCTC
1013413	1042	o6	2.976	ATATCT
1013444	169	o6	1.389	ATATCT
1013444	175	o6	1.389	ATATCT
1013467	337	o6	1.082	ATATCT
1013506	190	7m8	2.483	ATATCT
1013518	3680	o6	1.255	ATATCT
1013600	613	o6	1.439	ATATCT
1013603	143	7A1	1.721	TATCTC
1013676	88	6m	1.155	TATCTC
1013782	399	7A1	1.082	TATCTC
1013953	400	o6	1.682	ATATCT
1014117	153	o6	1.322	ATATCT
1014146	31	7A1	2.598	TATCTC
1014235	198	o6	1.598	ATATCT
1014235	821	7A1	2.433	TATCTC
1014382	53	o6	1.053	ATATCT
1014418	2798	7m8	1.606	ATATCT
1014418	2939	o6	2.025	ATATCT
1014418	3111	o6	1.556	ATATCT
1014436	667	7m8	1.073	ATATCT
1014473	531	o6	2.863	ATATCT
1014473	1709	6m	1.007	TATCTC
1014697	1421	o6	1.257	ATATCT
1014869	595	7m8	1.915	ATATCT
1014884	229	7A1	2.391	TATCTC
1014892	92	6m	1.148	TATCTC
1014895	211	o6	2.400	ATATCT
1014895	217	o6	2.400	ATATCT
1014981	1386	o6	1.402	ATATCT
1014987	650	7A1	1.190	TATCTC
1014988	600	o6	1.571	ATATCT
1014988	2040	o6	2.751	ATATCT
1015015	403	o6	1.405	ATATCT
1015047	991	o6	1.225	ATATCT
1015062	580	o6	1.027	ATATCT
1015077	608	6m	1.284	TATCTC
1015085	2225	o6	2.544	ATATCT
1015118	38	o6	1.700	ATATCT
1015145	250	o6	1.606	ATATCT
1015145	256	o6	1.606	ATATCT
1015145	276	o6	1.205	ATATCT
1015145	2644	o6	1.754	ATATCT
1015145	3894	o6	1.422	ATATCT
1015157	256	o6	2.460	ATATCT
1015228	84	6m	1.089	TATCTC
1015228	1907	o6	1.572	ATATCT
1015228	2110	7A1	1.553	TATCTC
1015228	2149	6m	1.332	TATCTC
1015228	2158	6m	2.233	TATCTC
1015259	804	6m	2.025	TATCTC
1015375	352	o6	2.107	ATATCT
1015418	948	o6	1.009	ATATCT
1015466	330	o6	1.845	ATATCT
1015504	410	o6	1.772	ATATCT
1015526	1454	6m	1.863	TATCTC
1015637	1710	o6	1.606	ATATCT
1015676	2022	o6	1.235	ATATCT
1015697	732	o6	1.321	ATATCT
1015771	185	8m	2.316	ATATCT
1015784	286	o6	1.349	ATATCT
1015784	441	o6	1.002	ATATCT
1015810	743	7m8	2.626	ATATCT
1015819	254	o6	1.079	ATATCT
1015895	433	o6	2.844	ATATCT
1015912	42	7A1	1.062	TATCTC
1015936	132	o6	1.195	ATATCT
1015936	1082	o6	2.178	ATATCT
1015972	3095	o6	1.563	ATATCT
1015995	237	6m	1.199	TATCTC
1016019	189	6m	1.959	TATCTC
1016020	326	7m8	2.276	ATATCT
1016029	2108	7m8	1.606	ATATCT
1016029	2249	o6	2.025	ATATCT
1016029	2421	o6	1.556	ATATCT
1016098	333	o6	4.503	ATATCT
1016098	650	8m	4.776	ATATCT
1016098	6815	o6	3.913	ATATCT
1016151	82	o6	2.238	ATATCT
1016175	115	8m	1.013	TATCTC
1016176	587	6m	1.315	TATCTC
1016179	2325	o6	1.322	ATATCT
1016320	201	o6	1.088	ATATCT
1016397	206	o6	1.461	ATATCT
1016398	931	o6	2.060	ATATCT
1016398	1685	o6	2.074	ATATCT
1016512	355	o6	1.671	ATATCT
1016512	404	o6	2.441	ATATCT
1016557	480	o6	1.542	ATATCT
1016571	1022	o6	1.483	ATATCT
1016574	845	7m8	1.051	ATATCT
1016608	131	o6	1.880	ATATCT
1016623	136	7m8	1.032	ATATCT
1016640	1400	7A1	1.868	TATCTC
1016652	94	o6	1.305	ATATCT
1016655	470	7A1	2.339	TATCTC
1016661	549	6m	1.103	TATCTC
1016698	126	o6	1.333	ATATCT
1016701	1338	7m8	1.075	ATATCT
1016713	1562	7m8	2.660	ATATCT
1016713	4877	o6	2.402	ATATCT
1016787	2302	6m	1.306	TATCTC
1016787	2310	6m	1.306	TATCTC
1016794	416	o6	1.606	ATATCT
1016845	940	o6	1.284	ATATCT
1016857	132	7A1	1.053	TATCTC
1016857	528	7m8	1.284	ATATCT
1016860	26	o6	1.053	ATATCT
1016907	111	o6	1.852	ATATCT
1016985	210	o6	1.284	ATATCT
1017009	93	o6	1.322	ATATCT
1017018	1491	o6	2.331	ATATCT
1017151	182	7A1	2.047	TATCTC
1017157	35	8m	2.459	ATATCT
1017157	363	o6	1.288	ATATCT
1017197	921	6m	1.075	TATCTC
1017197	1834	6m	2.544	TATCTC
1017254	1966	o6	1.853	ATATCT
1017257	70	o6	1.167	ATATCT
1017369	340	o6	1.211	ATATCT
1017369	549	6m	1.210	TATCTC
1017472	122	o6	1.740	ATATCT
1017592	411	o6	2.370	ATATCT
1017592	600	o6	2.303	ATATCT
1017653	459	7m8	1.434	TATCTC
1017695	927	o6	2.702	ATATCT
1017868	115	o6	1.164	ATATCT
1017868	124	o6	1.164	ATATCT
1018045	64	o6	1.590	ATATCT
1018056	107	o6	1.749	ATATCT
1018065	286	o6	1.294	ATATCT
1018066	690	8m	2.190	TATCTC
1018134	1691	o6	2.033	ATATCT
1018189	419	6m	1.681	TATCTC
1018243	280	o6	2.218	ATATCT
1018243	837	7m8	1.382	TATCTC
1018268	1090	o6	1.166	ATATCT
1018278	492	6m	1.835	TATCTC
1018284	469	o6	1.983	ATATCT
1018530	3217	7m8	2.215	ATATCT
1018530	3230	7m8	2.013	ATATCT
1018632	1759	6m	2.870	TATCTC
1018656	464	6m	1.195	TATCTC
1018763	106	o6	1.082	ATATCT
1018860	462	o6	1.463	ATATCT
1018992	122	7m8	2.507	ATATCT
1018998	348	6m	1.016	TATCTC
1019055	738	o6	2.408	ATATCT
1019055	973	o6	1.955	ATATCT
1019064	76	6m	1.285	TATCTC
1019076	363	o6	1.010	ATATCT
1019101	299	o6	1.179	ATATCT
1019138	89	o6	1.161	ATATCT
1019233	227	6m	1.740	TATCTC
1019237	959	o6	1.297	ATATCT
1019335	9	6m	1.494	TATCTC
1019405	511	o6	1.978	ATATCT
1019413	288	7m8	1.086	ATATCT
1019441	43	6m	2.384	TATCTC
1019441	738	o6	1.672	ATATCT
1019465	1271	o6	1.626	ATATCT
1019579	2293	o6	1.284	ATATCT
1019808	533	o6	1.668	ATATCT
1019893	129	6m	1.041	TATCTC
1019928	41	o6	1.395	ATATCT
1020059	117	o6	1.558	ATATCT
1020059	362	7A1	1.698	TATCTC
1020139	988	o6	1.463	ATATCT
1020219	1253	o6	1.055	ATATCT
1020227	875	7A1	1.298	TATCTC
1020241	1113	7m8	2.033	ATATCT
1020253	1079	o6	1.378	ATATCT
1020297	235	7m8	1.778	TATCTC
1020297	761	o6	1.310	ATATCT
1020319	2533	o6	1.577	ATATCT
1020446	388	o6	1.010	ATATCT
1020495	328	o6	1.012	ATATCT
1020532	460	o6	1.045	ATATCT
1020574	364	o6	3.880	ATATCT
1020615	564	7m8	2.660	ATATCT
1020661	271	6m	1.473	TATCTC
1020675	195	o6	1.481	ATATCT
1020889	4	7m8	2.285	TATCTC
1020934	1252	o6	1.219	ATATCT
1021005	78	6m	2.567	TATCTC
1021008	1092	o6	1.875	ATATCT
1021055	652	7m8	1.316	TATCTC
1021233	716	o6	1.156	ATATCT
1021261	83	7A1	1.015	TATCTC
1021412	224	o6	1.284	ATATCT
1021488	810	7m8	2.611	ATATCT
1021540	668	o6	1.278	ATATCT
1021566	1133	o6	2.957	ATATCT
1021696	492	o6	1.426	ATATCT
1021797	608	o6	1.009	ATATCT
1021818	1096	8m	2.335	ATATCT
1021850	388	o6	1.688	ATATCT
1021866	1416	7m8	2.015	ATATCT
1021909	143	o6	1.454	ATATCT
1021989	1206	o6	2.377	ATATCT
1022101	271	o6	1.246	ATATCT
1022224	106	8m	2.191	TATCTC
1022253	1238	o6	1.322	ATATCT
1022576	50	7m8	2.552	ATATCT
1022814	317	7m8	2.118	ATATCT
1022941	2610	7A1	1.321	TATCTC
1022974	14	o6	1.287	ATATCT
1023047	912	6m	1.057	TATCTC
1023047	934	8m	1.586	TATCTC
1023085	509	o6	2.399	ATATCT
1023100	1431	7m8	1.903	ATATCT
1023298	191	o6	1.887	ATATCT
1023345	410	o6	2.034	ATATCT
1023391	1733	o6	1.571	ATATCT
1023443	575	o6	1.952	ATATCT
1023466	144	o6	1.053	ATATCT
1023536	11	o6	1.522	ATATCT
1023572	773	o6	1.384	ATATCT
1023572	854	o6	1.907	ATATCT
1023594	1041	o6	1.053	ATATCT
1023599	4493	o6	2.020	ATATCT
1023669	1193	o6	1.220	ATATCT
1023706	849	o6	1.016	ATATCT
1023717	641	o6	1.606	ATATCT
1023784	1675	o6	1.294	ATATCT
1023790	950	o6	1.241	ATATCT
1023790	2887	o6	1.563	ATATCT
1023790	2964	o6	2.476	ATATCT
1023790	3680	o6	2.545	ATATCT
1023799	128	7m8	1.120	ATATCT
1023805	2283	o6	1.629	ATATCT
1023805	3852	o6	1.552	ATATCT
1023828	815	o6	1.655	ATATCT
1023847	314	o6	1.139	ATATCT
1023850	1604	7A1	1.606	TATCTC
1023897	1337	o6	1.213	ATATCT
1023955	525	6m	1.284	TATCTC
1023991	426	7m8	1.156	TATCTC
1023998	931	7m8	1.560	ATATCT
1024031	1209	o6	2.187	ATATCT
1024048	336	o6	2.433	ATATCT
1024060	251	6m	1.413	TATCTC
1024079	86	o6	2.209	ATATCT
1024085	2502	o6	1.836	ATATCT
1024118	90	o6	1.672	ATATCT
1024133	923	6m	2.544	TATCTC
1024204	524	6m	1.204	TATCTC
1024241	1406	o6	1.517	ATATCT
1024301	162	6m	2.962	TATCTC
1024304	830	o6	2.026	ATATCT
1024358	135	o6	1.362	ATATCT
1024393	346	6m	2.082	TATCTC
1024448	996	o6	1.278	ATATCT
1024529	544	o6	1.174	ATATCT
1024529	896	o6	1.235	ATATCT
1024582	523	8m	1.594	TATCTC
1024613	19	6m	2.807	TATCTC
1024619	1765	6m	1.075	TATCTC
1024619	3326	o6	1.691	ATATCT
1024634	471	6m	1.751	TATCTC
1024667	147	o6	1.235	ATATCT
1024667	153	o6	1.235	ATATCT
1024715	3365	o6	2.383	ATATCT
1024715	3383	o6	2.044	ATATCT
1024715	4594	o6	2.425	ATATCT
1024720	493	o6	1.312	ATATCT
1024762	618	o6	3.177	ATATCT
1024763	154	o6	1.120	ATATCT
1024807	721	o6	1.120	ATATCT
1024829	4958	o6	1.288	ATATCT
1024935	1464	o6	2.447	ATATCT
1024944	375	8m	1.506	ATATCT
1025029	3427	o6	2.059	ATATCT
1025132	340	o6	1.846	ATATCT
1025168	1528	7m8	1.131	ATATCT
1025179	366	o6	1.145	ATATCT
1025204	423	o6	1.996	ATATCT
1025242	19	o6	2.399	ATATCT
1025268	463	o6	1.328	ATATCT
1025269	606	6m	1.555	TATCTC
1025298	456	o6	2.017	ATATCT
1025328	431	o6	1.111	ATATCT
1025352	301	6m	1.270	TATCTC
1025377	663	o6	1.322	ATATCT
1025380	327	o6	1.503	ATATCT
1025391	93	o6	1.745	ATATCT
1025431	588	o6	2.206	ATATCT
1025487	427	o6	1.929	ATATCT
1025491	664	o6	1.760	ATATCT
1025491	791	o6	1.771	ATATCT
1025512	953	o6	1.520	ATATCT
1025542	270	6m	1.029	TATCTC
1025615	640	7m8	1.173	ATATCT
1025624	303	o6	1.318	ATATCT
1025654	1491	7m8	1.212	ATATCT
1025689	388	6m	1.332	TATCTC
1025689	409	6m	1.950	TATCTC
1025724	129	o6	1.029	ATATCT
1025724	252	o6	1.298	ATATCT
1025724	615	o6	1.298	ATATCT
1025725	351	o6	2.876	ATATCT
1025877	213	o6	1.065	ATATCT
1025886	161	o6	1.032	ATATCT
1025997	25	o6	2.665	ATATCT
1026161	791	o6	1.074	ATATCT
1026222	31	o6	2.194	ATATCT
1026222	39	8m	2.194	ATATCT
1026287	62	o6	1.486	ATATCT
1026390	175	o6	2.026	ATATCT
1026467	27	o6	3.194	ATATCT
1026467	32	6m	2.447	TATCTC
1026480	417	6m	1.292	TATCTC
1026512	109	7m8	1.982	ATATCT
1026525	901	o6	1.313	ATATCT
1026545	59	8m	1.687	TATCTC
1026558	922	o6	1.606	ATATCT
1026558	1066	o6	1.180	ATATCT
1026558	1228	7m8	1.013	ATATCT
1026570	322	o6	1.082	ATATCT
1026620	53	7m8	2.194	ATATCT
1026636	136	o6	1.003	ATATCT
1026737	48	7m8	2.893	ATATCT
1026831	41	7A1	2.390	TATCTC
1026849	549	o6	1.802	ATATCT
1026853	1808	o6	1.084	ATATCT
1026920	359	6m	1.560	TATCTC
1026924	926	o6	1.034	ATATCT
1026965	596	7m8	2.064	TATCTC
1026966	469	o6	1.405	ATATCT
1026974	354	7A1	1.005	TATCTC
1026981	33	o6	1.376	ATATCT
1027055	21	o6	1.005	ATATCT
1027103	98	6m	1.485	TATCTC
1027138	260	o6	2.286	ATATCT
1027390	325	o6	2.608	ATATCT
1027549	199	7m8	1.606	ATATCT
1027608	1149	8m	1.232	TATCTC
1027900	251	6m	1.955	TATCTC
1027900	422	o6	4.240	ATATCT
1028023	757	o6	1.464	ATATCT
1028082	487	o6	1.011	ATATCT
1028088	123	7A1	1.606	TATCTC
1028112	504	7A1	2.922	TATCTC
1028112	676	6m	2.025	TATCTC
1028140	410	o6	1.482	ATATCT
1028230	102	6m	1.144	TATCTC
1028235	360	o6	1.270	ATATCT
1028262	307	o6	1.230	ATATCT
1028426	168	o6	1.434	ATATCT
1028435	476	o6	1.555	ATATCT
1028526	135	8m	1.288	TATCTC
1028559	776	o6	1.442	ATATCT
1028710	1517	o6	2.133	ATATCT
1028719	99	o6	1.755	ATATCT
1028931	997	7m8	1.563	ATATCT
1028959	284	o6	1.011	ATATCT
1028988	99	6m	1.002	TATCTC
1029046	1229	8m	1.867	TATCTC
1029051	445	o6	1.241	ATATCT
1029069	3658	o6	2.002	ATATCT
1029069	4112	o6	1.622	ATATCT
1029097	1336	7m8	2.794	ATATCT
1029097	1686	o6	2.718	ATATCT
1029189	502	o6	1.062	ATATCT
1029189	1690	o6	1.199	ATATCT
1029364	173	o6	1.131	ATATCT
1029369	2314	6m	1.322	TATCTC
1029507	135	o6	1.409	ATATCT
1029532	275	o6	1.512	ATATCT
1029532	322	o6	1.606	ATATCT
1029532	346	o6	1.197	ATATCT
1029564	1196	o6	2.084	ATATCT
1029619	88	6m	1.240	TATCTC
1029673	157	6m	1.244	TATCTC
1029749	517	o6	1.032	ATATCT
1029749	720	7m8	1.186	ATATCT
1029847	608	o6	2.863	ATATCT
1029904	571	7m8	1.437	TATCTC
1030135	113	o6	1.021	ATATCT
1030213	54	6m	1.464	TATCTC
1030245	1197	o6	1.666	ATATCT
1030248	618	6m	1.011	TATCTC
1030258	729	o6	1.661	ATATCT
1030428	43	o6	1.092	ATATCT
1030565	472	o6	1.244	ATATCT
1030584	818	7A1	1.494	TATCTC
1030632	140	8m	2.603	ATATCT
1030658	1032	o6	1.357	ATATCT
1030670	295	8m	1.691	ATATCT
1030882	639	o6	1.167	ATATCT
1030893	178	o6	1.284	ATATCT
1031052	126	6m	2.016	TATCTC
1031061	481	o6	1.894	ATATCT
1031156	648	7m8	1.574	ATATCT
1031156	1185	o6	1.201	ATATCT
1031156	1297	o6	1.377	ATATCT
1031199	4344	8m	1.740	ATATCT
1031199	4352	o6	1.740	ATATCT
1031245	157	6m	1.070	TATCTC
1031307	2897	o6	1.711	ATATCT
1031321	424	6m	1.162	TATCTC
1031325	54	o6	1.038	ATATCT
1031378	73	6m	1.632	TATCTC
1031390	3843	7m8	2.807	TATCTC
1031390	3952	o6	1.573	ATATCT
1031390	5935	6m	1.557	TATCTC
1031390	7842	o6	2.262	ATATCT
1031480	598	o6	2.278	ATATCT
1031498	691	6m	1.240	TATCTC
1031743	128	7m8	1.974	TATCTC
1031805	733	7m8	1.084	ATATCT
1031830	1452	o6	1.163	ATATCT
1031830	1461	o6	1.163	ATATCT
1031968	318	o6	1.171	ATATCT
1031997	701	o6	1.328	ATATCT
1032028	83	o6	2.168	ATATCT
1032173	120	o6	1.687	ATATCT
1032264	359	6m	2.048	TATCTC
1032325	1067	7A1	2.106	TATCTC
1032328	102	o6	1.474	ATATCT
1032369	1405	o6	1.219	ATATCT
1032369	3345	6m	1.577	TATCTC
1032369	3877	7m8	2.665	TATCTC
1032420	701	8m	1.961	ATATCT
1032456	566	o6	1.887	ATATCT
1032459	133	o6	1.186	ATATCT
1032498	746	o6	1.240	ATATCT
1032607	543	7A1	1.687	TATCTC
1032616	254	o6	2.544	ATATCT
1032622	231	o6	1.194	ATATCT
1032687	305	6m	1.139	TATCTC
1032687	375	o6	1.688	ATATCT
1032687	385	7m8	1.930	ATATCT
1032687	469	o6	1.440	ATATCT
1032713	936	o6	1.402	ATATCT
1032713	1707	6m	1.169	TATCTC
1032718	347	6m	1.053	TATCTC
1032744	199	7m8	1.063	TATCTC
1032832	262	7m8	1.847	ATATCT
1032876	306	o6	1.533	ATATCT
1032908	378	o6	1.277	ATATCT
1032929	1711	o6	1.075	ATATCT
1032929	2267	7A1	1.989	TATCTC
1032945	37	o6	1.565	ATATCT
1033041	1737	o6	1.137	ATATCT
1033047	418	o6	2.007	ATATCT
1033047	431	o6	1.410	ATATCT
1033070	880	o6	1.986	ATATCT
1033089	1990	7m8	1.028	ATATCT
1033141	1830	o6	1.936	ATATCT
1033141	4557	o6	1.284	ATATCT
1033152	1417	o6	1.687	ATATCT
1033152	1664	o6	1.521	ATATCT
1033160	427	o6	1.418	ATATCT
1033160	1002	8m	2.283	ATATCT
1033232	263	7A1	1.500	TATCTC
1033244	79	o6	1.994	ATATCT
1033293	105	o6	1.934	ATATCT
1033323	82	o6	1.032	ATATCT
1033350	169	o6	1.227	ATATCT
1033394	294	7m8	1.373	ATATCT
1033409	1684	o6	1.417	ATATCT
1033409	1820	o6	1.846	ATATCT
1033547	486	o6	1.084	ATATCT
1033553	37	o6	1.383	ATATCT
1033565	1611	o6	1.874	ATATCT
1033575	184	o6	1.680	ATATCT
1033598	6814	o6	1.687	ATATCT
1033601	1312	o6	1.007	ATATCT
1033634	385	7A1	3.654	TATCTC
1033634	581	o6	2.444	ATATCT
1033685	498	7A1	4.242	TATCTC
1033739	514	o6	4.317	ATATCT
1033789	1408	o6	1.122	ATATCT
1033789	3212	o6	1.084	ATATCT
1033789	4422	o6	1.241	ATATCT
1033789	4474	o6	2.301	ATATCT
1033795	1103	7A1	1.087	TATCTC
1033833	355	8m	1.681	ATATCT
1033847	145	6m	1.029	TATCTC
1033883	1249	7A1	3.863	TATCTC
1033906	163	6m	2.206	TATCTC
1033945	63	o6	1.016	ATATCT
1033960	959	o6	1.227	ATATCT
1033960	2005	8m	1.087	ATATCT
1033971	850	o6	1.251	ATATCT
1033978	764	o6	1.302	ATATCT
1034001	95	7m8	2.321	ATATCT
1034047	180	o6	1.331	ATATCT
1034068	6851	o6	1.486	ATATCT
1034074	1812	o6	1.081	ATATCT
1034074	2368	7m8	1.361	ATATCT
1034121	4415	o6	2.588	ATATCT
1034202	1745	o6	1.479	ATATCT
1034209	1193	6m	1.886	TATCTC
1034247	231	o6	2.010	ATATCT
1034284	114	7A1	1.336	TATCTC
1034289	590	o6	1.015	ATATCT
1034304	1276	7m8	2.127	ATATCT
1034347	236	o6	1.857	ATATCT
1034353	693	6m	1.089	TATCTC
1034353	1659	o6	1.718	ATATCT
1034353	1690	6m	1.194	TATCTC
1034353	1713	o6	1.760	ATATCT
1034362	1717	o6	2.671	ATATCT
1034397	3134	o6	1.073	ATATCT
1034406	400	6m	1.682	TATCTC
1034434	201	8m	2.326	ATATCT
1034434	251	7m8	2.581	ATATCT
1034518	327	o6	1.281	ATATCT
1034529	430	o6	1.646	ATATCT
1034545	1766	o6	1.694	ATATCT
1034569	805	o6	1.040	ATATCT
1034569	3413	o6	1.203	ATATCT
1034569	7396	7m8	1.041	TATCTC
1034614	740	o6	3.335	ATATCT
1034635	556	o6	1.085	ATATCT
1034665	400	o6	1.242	ATATCT
1034671	311	o6	1.436	ATATCT
1034709	1089	o6	1.534	ATATCT
1034723	347	o6	1.169	ATATCT
1034828	468	o6	1.135	ATATCT
1034828	593	6m	1.275	TATCTC
1034839	1314	o6	1.328	ATATCT
1034941	1430	o6	3.307	ATATCT
1034941	1456	o6	1.803	ATATCT
1034953	149	o6	2.755	ATATCT
1034983	166	7m8	1.623	ATATCT
1034984	907	7m8	1.015	TATCTC
1034995	2420	o6	2.073	ATATCT
1035015	1169	7m8	1.922	ATATCT
1035040	1658	o6	1.320	ATATCT
1035046	205	6m	1.120	TATCTC
1035093	1403	o6	3.166	ATATCT
1035153	377	o6	1.320	ATATCT
1035154	411	o6	1.251	ATATCT
1035198	565	8m	1.220	ATATCT
1035204	356	o6	1.973	ATATCT
1035204	618	o6	1.012	ATATCT
1035207	338	o6	1.073	ATATCT
1035257	215	o6	1.507	ATATCT
1035288	2298	7m8	2.561	ATATCT
1035380	1155	o6	1.373	ATATCT
1035408	555	o6	1.842	ATATCT
1035431	236	o6	2.043	ATATCT
1035431	242	o6	2.043	ATATCT
1035431	306	o6	3.583	ATATCT
1035477	654	o6	1.690	ATATCT
1035477	694	o6	1.434	ATATCT
1035477	2132	o6	2.480	ATATCT
1035536	3664	o6	1.126	ATATCT
1035543	86	o6	2.506	ATATCT
1035569	1239	o6	1.657	ATATCT
1035569	1269	o6	1.235	ATATCT
1035569	1498	o6	2.025	ATATCT
1035569	1557	o6	2.435	ATATCT
1035569	6189	o6	1.274	ATATCT
1035569	11541	o6	1.069	ATATCT
1035569	12194	o6	1.315	ATATCT
1035605	90	7A1	1.045	TATCTC
1035656	3426	o6	1.690	ATATCT
1035668	126	7m8	1.393	ATATCT
1035672	323	o6	1.713	ATATCT
1035704	158	6m	2.812	TATCTC
1035719	1143	o6	1.406	ATATCT
1035768	1214	o6	1.065	ATATCT
1035768	2154	o6	1.065	ATATCT
1035779	494	o6	1.718	ATATCT
1035783	1884	o6	3.171	ATATCT
1035783	4578	o6	1.281	ATATCT
1035798	1773	o6	1.167	ATATCT
1035798	3415	6m	1.563	TATCTC
1035798	3454	6m	1.868	TATCTC
1035974	2236	o6	2.683	ATATCT
1035974	2518	7m8	1.152	TATCTC
1035993	157	7m8	1.335	ATATCT
1036043	299	8m	3.420	ATATCT
1036053	1308	o6	2.433	ATATCT
1036088	206	o6	1.835	ATATCT
1036154	1904	o6	1.106	ATATCT
1036154	3383	o6	1.084	ATATCT
1036290	59	6m	1.186	TATCTC
1036325	124	o6	1.328	ATATCT
1036350	596	o6	1.515	ATATCT
1036381	1108	6m	3.356	TATCTC
1036405	421	o6	1.288	ATATCT
1036419	1896	o6	1.906	ATATCT
1036449	2388	6m	2.219	TATCTC
1036462	462	6m	1.748	TATCTC
1036598	1662	o6	1.781	ATATCT
1036601	293	o6	2.301	ATATCT
1036601	1151	7m8	1.846	ATATCT
1036601	1368	o6	1.499	ATATCT
1036636	164	o6	1.039	ATATCT
1036671	61	o6	1.322	ATATCT
1036676	804	7m8	2.111	ATATCT
1036682	1594	o6	2.135	ATATCT
1036745	781	o6	3.657	ATATCT
1036745	788	o6	2.700	ATATCT
1036787	379	o6	1.434	ATATCT
1036787	1093	o6	1.328	ATATCT
1036787	1409	o6	1.947	ATATCT
1037009	57	7A1	1.120	TATCTC
1037291	260	o6	1.167	ATATCT
1037327	1	o6	2.630	ATATCT
1037386	2154	o6	1.277	ATATCT
1037389	325	o6	1.232	ATATCT
1037422	748	7m8	1.815	ATATCT
1037474	941	6m	1.341	TATCTC
1037485	350	7A1	1.228	TATCTC
1037485	1551	o6	1.152	ATATCT
1037485	1773	6m	1.550	TATCTC
1037498	4	7m8	2.100	ATATCT
1037615	1393	o6	1.290	ATATCT
1037691	27	o6	2.007	ATATCT
1037705	1044	o6	1.159	ATATCT
1037903	820	o6	1.065	ATATCT
1038066	483	o6	2.776	ATATCT
1038066	1645	o6	2.321	ATATCT
1038118	295	o6	1.037	ATATCT
1038202	327	o6	2.412	ATATCT
1038228	335	o6	1.250	ATATCT
1038235	372	o6	1.426	ATATCT
1038285	570	o6	1.755	ATATCT
1038285	644	o6	1.244	ATATCT
1038312	2246	7A1	2.608	TATCTC
1038312	2385	o6	1.818	ATATCT
1038312	3475	o6	2.016	ATATCT
1038372	49	7m8	1.548	TATCTC
1038440	377	6m	1.281	TATCTC
1038499	390	o6	1.750	ATATCT
1038521	668	o6	1.397	ATATCT
1038529	2110	8m	1.171	ATATCT
1038589	847	o6	2.776	ATATCT
1038622	46	o6	4.405	ATATCT
1038622	1063	o6	2.067	ATATCT
1038643	649	o6	3.236	ATATCT
1038803	69	6m	2.038	TATCTC
1038841	341	7m8	1.434	TATCTC
1038891	558	o6	1.410	ATATCT
1038923	877	o6	2.666	ATATCT
1038948	807	6m	1.476	TATCTC
1038960	594	o6	1.170	ATATCT
1038997	24	o6	3.582	ATATCT
1039061	3237	8m	1.634	ATATCT
1039084	328	7m8	1.774	ATATCT
1039212	357	o6	2.284	ATATCT
1039267	1276	7A1	1.711	TATCTC
1039285	241	o6	1.325	ATATCT
1039285	2470	o6	1.366	ATATCT
1039286	123	o6	1.667	ATATCT
1039376	1171	6m	2.181	TATCTC
1039422	1130	o6	2.169	ATATCT
1039445	1627	o6	1.457	ATATCT
1039449	58	o6	1.007	ATATCT
1039469	2092	o6	3.041	ATATCT
1039481	1275	o6	1.575	ATATCT
1039496	684	6m	1.326	TATCTC
1039502	3459	7m8	1.319	ATATCT
1039563	952	6m	1.857	TATCTC
1039563	5454	o6	1.452	ATATCT
1039578	5308	7m8	1.515	ATATCT
1039625	634	o6	3.335	ATATCT
1039694	740	o6	3.335	ATATCT
1039711	498	7m8	1.065	TATCTC
1039718	1443	o6	1.029	ATATCT
1039773	310	o6	1.167	ATATCT
1039783	347	o6	2.178	ATATCT
1039797	2335	o6	1.214	ATATCT
1039808	2683	o6	1.623	ATATCT
1039808	2701	o6	2.007	ATATCT
1039811	2638	o6	1.623	ATATCT
1039811	2656	o6	2.007	ATATCT
1039820	410	7m8	2.218	ATATCT
1039831	451	o6	1.307	ATATCT
1039831	463	6m	1.126	TATCTC
1039852	117	8m	2.557	ATATCT
1039853	204	7A1	1.235	TATCTC
1039853	1094	o6	2.854	ATATCT
1039853	3192	6m	1.590	TATCTC
1039853	6540	6m	1.995	TATCTC
1039853	6563	o6	1.186	ATATCT
1039858	1293	o6	1.030	ATATCT
1039858	5824	o6	2.204	ATATCT
1039870	281	o6	1.567	ATATCT
1039949	2656	o6	1.615	ATATCT
1039949	3120	7A1	3.300	TATCTC
1039950	1274	o6	1.073	ATATCT
1039971	572	6m	1.335	TATCTC
1039971	615	7m8	1.931	ATATCT
1040015	188	o6	1.132	ATATCT
1040016	729	o6	1.297	ATATCT
1040031	1048	o6	2.213	ATATCT
1040034	199	7m8	1.002	TATCTC
1040037	2672	o6	1.623	ATATCT
1040037	2690	o6	2.007	ATATCT
1040048	2656	o6	1.952	ATATCT
1040049	1636	o6	2.659	ATATCT
1040058	2970	8m	1.857	ATATCT
1040063	316	o6	1.389	ATATCT
1040091	1774	o6	2.286	ATATCT
1040091	1792	o6	2.763	ATATCT
1040136	786	o6	1.150	ATATCT
1040148	978	6m	1.150	TATCTC
1040148	984	6m	1.150	TATCTC
1040165	786	o6	2.597	ATATCT
1040210	976	o6	1.762	ATATCT
1040228	1536	o6	1.076	ATATCT
1040246	286	o6	1.032	ATATCT
1040294	269	6m	2.475	TATCTC
1040294	338	7m8	1.073	TATCTC
1040298	7646	o6	2.469	ATATCT
1040304	1921	o6	1.845	ATATCT
1040331	259	7A1	2.556	TATCTC
1040331	495	7m8	1.560	TATCTC
1040337	4486	o6	2.961	ATATCT
1040342	256	8m	1.864	ATATCT
1040346	1363	6m	1.006	TATCTC
1040346	3158	o6	1.328	ATATCT
1040346	4055	o6	1.041	ATATCT
1040352	1137	o6	1.565	ATATCT
1040352	1357	o6	1.645	ATATCT
1040366	568	o6	1.751	ATATCT
1040367	949	6m	1.073	TATCTC
1040367	1567	o6	1.651	ATATCT
1040367	1719	o6	1.818	ATATCT
1040377	838	o6	1.073	ATATCT
1040387	854	o6	1.073	ATATCT
1040411	484	o6	1.500	ATATCT
1040438	893	o6	1.251	ATATCT
1040438	2222	o6	1.995	ATATCT
1040458	390	o6	1.226	ATATCT
1040461	726	o6	1.264	ATATCT
1040500	1691	o6	1.468	ATATCT
1040527	1070	6m	3.649	TATCTC
1040542	1720	o6	1.857	ATATCT
1040575	476	o6	1.177	ATATCT
1040590	3827	o6	2.015	ATATCT
1040635	3874	6m	1.108	TATCTC
1040646	1175	7m8	2.037	ATATCT
1040662	145	7m8	2.256	ATATCT
