1000048	66	7m8	1.180	GGTGCT
1000380	121	8m	1.989	TGGTGC
1000500	26	o6	1.550	TGGTGC
1000653	435	o6	2.073	TGGTGC
1000880	176	7m8	1.600	TGGTGC
1000920	703	o6	1.082	TGGTGC
1001054	495	7A1	1.423	GGTGCT
1001069	1532	6m	2.854	GGTGCT
1001440	1357	o6	1.668	TGGTGC
1001440	1402	o6	1.121	TGGTGC
1001514	40	6m	2.390	GGTGCT
1001577	197	7m8	2.533	TGGTGC
1002117	311	8m	2.062	GGTGCT
1002629	55	6m	1.241	GGTGCT
1002641	66	o6	1.893	TGGTGC
1002784	344	6m	1.380	GGTGCT
1002794	174	7m8	1.817	GGTGCT
1003084	1	6m	1.267	GGTGCT
1003122	627	7m8	2.204	TGGTGC
1003197	96	7m8	1.760	TGGTGC
1003393	23	6m	1.945	GGTGCT
1003417	161	6m	2.515	GGTGCT
1003660	998	o6	2.411	TGGTGC
1003660	1588	o6	1.794	TGGTGC
1003660	1600	o6	1.444	TGGTGC
1004931	332	7A1	2.508	GGTGCT
1004958	228	8m	1.682	TGGTGC
1005084	152	6m	1.573	GGTGCT
1005335	933	7A1	1.979	GGTGCT
1005557	1764	7m8	1.593	TGGTGC
1005622	65	6m	2.301	GGTGCT
1005646	1022	6m	1.650	GGTGCT
1005970	186	8m	2.840	GGTGCT
1006672	195	o6	1.763	TGGTGC
1006672	354	6m	1.085	GGTGCT
1006692	549	o6	2.454	TGGTGC
1006814	561	7A1	2.889	GGTGCT
1006899	262	6m	3.011	GGTGCT
1007001	362	6m	1.027	GGTGCT
1007017	1257	7A1	1.579	GGTGCT
1007034	579	7m8	1.673	TGGTGC
1007041	773	o6	1.171	TGGTGC
1007148	349	o6	3.034	TGGTGC
1007251	1153	7A1	2.610	GGTGCT
1007252	329	o6	1.103	TGGTGC
1007301	152	6m	1.514	GGTGCT
1007364	2485	7m8	1.151	TGGTGC
1007364	3552	6m	3.591	GGTGCT
1007410	169	o6	1.818	TGGTGC
1007410	210	7m8	2.883	GGTGCT
1007484	1428	6m	1.055	GGTGCT
1007521	1016	7m8	3.011	TGGTGC
1007521	1056	o6	2.020	TGGTGC
1007521	1500	6m	1.941	GGTGCT
1007521	1615	o6	1.702	TGGTGC
1007812	654	6m	1.648	GGTGCT
1007812	4263	7m8	1.623	TGGTGC
1007812	5256	o6	2.483	TGGTGC
1008145	3602	6m	2.017	GGTGCT
1008145	11438	o6	2.085	TGGTGC
1008255	991	7A1	2.490	GGTGCT
1008271	228	7m8	2.017	TGGTGC
1008882	408	o6	1.687	TGGTGC
1008902	94	o6	1.606	TGGTGC
1009321	30	6m	2.306	GGTGCT
1009479	2	7A1	2.341	GGTGCT
1009841	1039	o6	1.124	TGGTGC
1009844	209	6m	1.105	GGTGCT
1010205	417	8m	1.850	TGGTGC
1010210	211	o6	1.262	TGGTGC
1010232	3183	o6	2.552	TGGTGC
1010238	2810	o6	2.552	TGGTGC
1010335	109	6m	2.021	GGTGCT
1010365	90	6m	2.725	GGTGCT
1010426	303	7m8	1.161	TGGTGC
1010474	152	6m	1.588	GGTGCT
1010511	709	7m8	2.807	TGGTGC
1010531	37	7m8	1.032	GGTGCT
1010716	118	o6	1.061	TGGTGC
1010764	36	6m	1.770	GGTGCT
1010941	169	6m	2.463	GGTGCT
1010950	1445	o6	1.248	TGGTGC
1011271	33	7m8	1.210	TGGTGC
1011327	809	o6	2.960	TGGTGC
1011333	962	o6	2.011	TGGTGC
1011369	1034	6m	1.848	GGTGCT
1011607	261	o6	2.220	TGGTGC
1012045	60	o6	1.798	TGGTGC
1012326	38	o6	2.013	TGGTGC
1012734	44	o6	1.047	TGGTGC
1013443	207	o6	1.181	TGGTGC
1013444	216	7A1	2.435	GGTGCT
1013872	451	7m8	1.031	TGGTGC
1013968	156	7A1	2.502	GGTGCT
1014066	484	o6	2.032	TGGTGC
1014418	463	7m8	1.809	TGGTGC
1014480	1190	o6	1.868	TGGTGC
1014740	677	7m8	1.973	TGGTGC
1014823	28	7A1	2.025	GGTGCT
1014856	1010	6m	1.071	GGTGCT
1014856	2001	7m8	2.022	TGGTGC
1014859	810	o6	2.560	TGGTGC
1014904	913	o6	1.041	TGGTGC
1015041	1436	6m	1.379	GGTGCT
1015041	2864	6m	1.484	GGTGCT
1015041	3139	o6	2.805	TGGTGC
1015062	1314	o6	1.328	TGGTGC
1015122	580	o6	1.071	TGGTGC
1015125	374	o6	1.071	TGGTGC
1015128	834	o6	1.071	TGGTGC
1015191	358	o6	1.374	TGGTGC
1015213	12	6m	1.359	GGTGCT
1015228	3138	7m8	3.034	GGTGCT
1015228	3644	6m	1.736	GGTGCT
1015394	625	7A1	2.807	GGTGCT
1015397	364	8m	2.941	TGGTGC
1015414	8	6m	1.000	GGTGCT
1015572	1850	7A1	1.970	GGTGCT
1015647	39	6m	1.138	GGTGCT
1015653	504	o6	1.254	TGGTGC
1015714	754	7m8	1.161	TGGTGC
1015777	0	7m8	3.430	TGGTGC
1015925	76	8m	2.410	GGTGCT
1015984	116	7m8	2.537	TGGTGC
1016019	660	o6	2.557	TGGTGC
1016020	1418	7m8	1.004	TGGTGC
1016020	1765	6m	1.419	GGTGCT
1016026	2756	7m8	3.210	TGGTGC
1016250	1041	6m	1.935	GGTGCT
1016431	1970	o6	2.076	TGGTGC
1016565	923	8m	3.034	TGGTGC
1016707	136	6m	1.800	GGTGCT
1016713	1154	6m	1.074	GGTGCT
1017046	82	6m	2.006	GGTGCT
1017088	78	7A1	1.053	GGTGCT
1017230	151	o6	1.964	TGGTGC
1017245	547	7A1	2.243	GGTGCT
1017413	32	7m8	1.298	TGGTGC
1017428	219	6m	2.341	GGTGCT
1017437	820	o6	1.676	TGGTGC
1017585	306	7m8	1.288	TGGTGC
1017618	782	o6	2.784	TGGTGC
1017814	1390	6m	2.168	GGTGCT
1017967	91	7m8	2.262	GGTGCT
1018134	295	o6	3.191	TGGTGC
1018158	58	o6	1.997	TGGTGC
1018248	809	o6	2.642	TGGTGC
1018262	332	6m	2.106	GGTGCT
1018530	1082	6m	2.409	GGTGCT
1018534	99	7m8	1.651	GGTGCT
1018766	231	o6	2.660	TGGTGC
1018873	1186	o6	2.774	TGGTGC
1018921	67	o6	1.227	TGGTGC
1019073	247	6m	1.980	GGTGCT
1019535	612	o6	2.433	TGGTGC
1019570	667	8m	3.034	TGGTGC
1019764	80	6m	1.241	GGTGCT
1020090	49	o6	3.649	TGGTGC
1020480	404	7m8	1.313	TGGTGC
1020607	100	7A1	2.214	GGTGCT
1020686	1144	6m	3.191	GGTGCT
1020818	270	7A1	2.544	GGTGCT
1020876	101	o6	2.047	TGGTGC
1020954	33	8m	4.941	GGTGCT
1021014	776	6m	1.096	GGTGCT
1021341	153	7m8	1.183	TGGTGC
1021434	42	o6	1.053	TGGTGC
1021909	2130	o6	1.571	TGGTGC
1021962	1900	6m	1.438	GGTGCT
1021978	1232	o6	1.152	TGGTGC
1022383	117	7m8	1.687	TGGTGC
1022386	138	o6	1.569	TGGTGC
1022386	309	o6	1.002	TGGTGC
1022501	66	6m	2.807	GGTGCT
1022763	219	6m	1.435	GGTGCT
1022882	426	o6	2.918	TGGTGC
1023004	557	o6	2.220	TGGTGC
1023047	26	6m	2.265	GGTGCT
1023062	1830	6m	2.064	GGTGCT
1023062	2010	o6	2.031	TGGTGC
1023097	3189	o6	1.117	TGGTGC
1023127	378	6m	1.267	GGTGCT
1023219	941	6m	1.438	GGTGCT
1023387	455	o6	1.384	TGGTGC
1023533	715	6m	2.139	GGTGCT
1023594	501	6m	2.001	GGTGCT
1023599	4897	o6	2.889	TGGTGC
1023658	459	6m	1.189	GGTGCT
1024019	1411	6m	2.648	GGTGCT
1024349	520	8m	2.343	TGGTGC
1024403	716	8m	1.877	GGTGCT
1024495	613	7m8	1.661	TGGTGC
1024510	734	o6	1.112	TGGTGC
1024655	580	6m	3.202	GGTGCT
1024715	2304	7m8	2.599	TGGTGC
1024829	2246	o6	1.393	TGGTGC
1024832	78	7m8	2.788	GGTGCT
1024956	2158	o6	2.602	TGGTGC
1024978	417	7m8	2.494	TGGTGC
1025029	2607	o6	2.025	TGGTGC
1025225	155	o6	1.482	TGGTGC
1025229	2852	o6	2.933	TGGTGC
1025293	82	o6	1.329	TGGTGC
1025428	91	o6	1.785	TGGTGC
1025494	88	7m8	1.787	GGTGCT
1025529	130	o6	1.283	TGGTGC
1025548	931	7m8	1.459	TGGTGC
1025608	51	o6	1.065	TGGTGC
1025672	36	o6	2.433	TGGTGC
1025824	121	7m8	1.859	TGGTGC
1026035	45	7m8	1.177	GGTGCT
1026201	8	6m	1.103	GGTGCT
1026400	442	7m8	2.544	TGGTGC
1026652	1891	o6	2.409	TGGTGC
1026688	3524	7m8	1.212	TGGTGC
1026711	6	7m8	1.624	TGGTGC
1026877	20	6m	2.680	GGTGCT
1026920	11	o6	1.373	TGGTGC
1026965	1154	o6	1.039	TGGTGC
1027168	1087	6m	2.778	GGTGCT
1027255	41	6m	1.793	GGTGCT
1027272	34	o6	3.044	TGGTGC
1027272	123	8m	1.073	GGTGCT
1027294	171	o6	1.361	TGGTGC
1027348	431	6m	1.418	GGTGCT
1027417	11	6m	1.880	GGTGCT
1027577	29	o6	1.056	TGGTGC
1027826	-1	6m	1.145	GGTGCT
1027849	25	6m	1.145	GGTGCT
1027989	657	o6	1.098	TGGTGC
1028088	387	o6	1.040	TGGTGC
1028311	90	7m8	2.167	GGTGCT
1028311	152	o6	1.254	TGGTGC
1028734	2584	o6	1.070	TGGTGC
1028734	5644	8m	3.358	TGGTGC
1029054	70	7A1	1.487	GGTGCT
1029180	355	o6	1.394	TGGTGC
1029246	225	7m8	1.085	GGTGCT
1029369	830	7m8	2.544	TGGTGC
1029504	578	o6	1.727	TGGTGC
1029504	1207	o6	2.542	TGGTGC
1029504	1433	6m	1.272	GGTGCT
1029525	529	o6	1.506	TGGTGC
1029697	286	o6	1.126	TGGTGC
1029721	26	o6	1.687	TGGTGC
1029749	1412	o6	1.299	TGGTGC
1029832	50	7m8	1.227	GGTGCT
1029847	97	8m	2.523	TGGTGC
1030683	83	o6	1.793	TGGTGC
1030782	799	7A1	2.544	GGTGCT
1030989	139	o6	1.010	TGGTGC
1031129	617	7A1	2.544	GGTGCT
1031156	572	7A1	1.945	GGTGCT
1031390	2311	o6	2.279	TGGTGC
1031593	1059	6m	2.615	GGTGCT
1031906	268	7m8	1.006	TGGTGC
1031965	521	o6	1.709	TGGTGC
1031965	584	o6	1.328	TGGTGC
1031965	908	6m	1.993	GGTGCT
1031968	146	8m	2.989	TGGTGC
1032226	340	6m	1.451	GGTGCT
1032264	11	o6	1.455	TGGTGC
1032285	179	o6	1.960	TGGTGC
1032295	475	6m	1.261	GGTGCT
1032295	757	6m	1.668	GGTGCT
1032295	1036	6m	1.129	GGTGCT
1032295	1147	6m	2.624	GGTGCT
1032295	1729	6m	1.143	GGTGCT
1032386	609	o6	1.006	TGGTGC
1032442	72	o6	1.053	TGGTGC
1032448	-1	6m	1.155	GGTGCT
1032537	114	o6	2.639	TGGTGC
1032613	597	7A1	2.163	GGTGCT
1032616	900	7m8	2.544	TGGTGC
1032725	28	6m	1.388	GGTGCT
1032843	134	6m	2.544	GGTGCT
1032909	137	7m8	1.547	GGTGCT
1032915	521	o6	1.202	TGGTGC
1032929	424	o6	1.116	TGGTGC
1032929	1834	o6	1.986	TGGTGC
1033362	2404	6m	1.260	GGTGCT
1033583	156	o6	1.058	TGGTGC
1033616	2532	o6	1.095	TGGTGC
1033658	187	7m8	1.400	TGGTGC
1033711	233	6m	1.400	GGTGCT
1033742	300	6m	1.040	GGTGCT
1033789	3903	7A1	2.079	GGTGCT
1033827	1193	o6	1.827	TGGTGC
1033877	1758	8m	3.012	TGGTGC
1034121	3590	7m8	1.101	GGTGCT
1034254	39	8m	1.880	TGGTGC
1034316	1809	o6	2.523	TGGTGC
1034331	2913	o6	1.559	TGGTGC
1034416	698	7A1	2.652	GGTGCT
1034427	1045	6m	2.366	GGTGCT
1034451	304	6m	2.054	GGTGCT
1034451	467	6m	1.512	GGTGCT
1034539	143	o6	1.125	TGGTGC
1034569	4	o6	2.062	TGGTGC
1034679	2630	7A1	2.026	GGTGCT
1034709	671	7A1	2.686	GGTGCT
1035040	2315	o6	1.782	TGGTGC
1035040	2336	o6	2.006	TGGTGC
1035040	3145	o6	2.068	TGGTGC
1035040	3188	o6	2.556	TGGTGC
1035248	165	6m	1.556	GGTGCT
1035248	1463	6m	1.417	GGTGCT
1035248	2927	o6	1.354	TGGTGC
1035260	508	o6	2.412	TGGTGC
1035351	264	o6	1.487	TGGTGC
1035768	1622	o6	3.020	TGGTGC
1035773	949	6m	2.297	GGTGCT
1035828	303	6m	2.990	GGTGCT
1035831	101	7m8	3.251	GGTGCT
1036043	261	7m8	1.249	GGTGCT
1036127	2632	7A1	2.736	GGTGCT
1036127	6886	6m	1.719	GGTGCT
1036127	7441	o6	1.866	TGGTGC
1036127	8239	o6	2.497	TGGTGC
1036127	8971	6m	2.276	GGTGCT
1036127	9172	o6	2.182	TGGTGC
1036149	105	6m	2.776	GGTGCT
1036169	13	o6	4.256	TGGTGC
1036203	485	7m8	1.193	TGGTGC
1036262	23	8m	1.010	GGTGCT
1036299	605	7m8	1.352	TGGTGC
1036299	626	o6	1.474	TGGTGC
1036374	1408	6m	1.546	GGTGCT
1036761	25	8m	1.908	GGTGCT
1036788	2650	o6	1.032	TGGTGC
1036814	260	o6	1.927	TGGTGC
1036950	305	o6	2.840	TGGTGC
1037090	1508	o6	1.071	TGGTGC
1037297	77	o6	1.849	TGGTGC
1037386	1107	7m8	2.233	GGTGCT
1037386	1971	o6	1.779	TGGTGC
1037753	664	6m	1.303	GGTGCT
1037844	38	o6	1.919	TGGTGC
1037903	351	6m	1.065	GGTGCT
1038060	331	7m8	2.980	TGGTGC
1038099	201	o6	1.108	TGGTGC
1038127	1607	7m8	1.377	TGGTGC
1038223	395	7A1	3.397	GGTGCT
1038228	302	o6	1.945	TGGTGC
1038571	586	o6	1.346	TGGTGC
1038622	751	7A1	1.490	GGTGCT
1038752	1425	o6	3.734	TGGTGC
1038752	1534	7m8	2.037	GGTGCT
1038861	201	7m8	1.946	GGTGCT
1038867	575	6m	1.928	GGTGCT
1038890	48	o6	2.740	TGGTGC
1038897	1810	6m	1.320	GGTGCT
1038900	621	6m	1.465	GGTGCT
1038900	2832	6m	1.320	GGTGCT
1039052	1622	o6	2.098	TGGTGC
1039301	1190	7m8	1.891	TGGTGC
1039422	1205	8m	3.160	TGGTGC
1039422	4624	o6	1.141	TGGTGC
1039445	321	7m8	1.928	TGGTGC
1039754	107	8m	1.319	TGGTGC
1039764	1378	o6	1.078	TGGTGC
1039779	20	o6	1.438	TGGTGC
1039858	848	o6	1.325	TGGTGC
1039858	1046	7m8	1.244	TGGTGC
1039890	340	o6	2.116	TGGTGC
1039955	1078	6m	1.141	GGTGCT
1040057	500	o6	1.487	TGGTGC
1040058	7530	7A1	2.375	GGTGCT
1040058	8219	6m	1.195	GGTGCT
1040135	1451	o6	2.385	TGGTGC
1040148	31	o6	1.140	TGGTGC
1040190	2826	o6	1.222	TGGTGC
1040298	1766	6m	2.972	GGTGCT
1040325	491	o6	1.771	TGGTGC
1040434	874	7A1	3.255	GGTGCT
1040479	2433	o6	2.763	TGGTGC
1040500	3018	o6	1.940	TGGTGC
1040533	37	7m8	1.871	TGGTGC
1040589	1677	7m8	2.611	TGGTGC
1040590	203	o6	1.198	TGGTGC
1040590	6286	7A1	2.257	GGTGCT
