1000155	877	o6	1.548	AGAGGC
1000249	334	o6	1.040	AGAGGC
1000443	3616	6m	1.290	GAGGCT
1000595	802	o6	1.628	AGAGGC
1000683	1068	7m8	1.248	AGAGGC
1000767	261	6m	1.560	GAGGCT
1000835	46	o6	1.478	AGAGGC
1000842	47	7m8	2.807	AGAGGC
1000928	869	7m8	2.544	AGAGGC
1001116	245	6m	1.082	GAGGCT
1001949	154	8m	1.183	AGAGGC
1001949	578	o6	1.257	AGAGGC
1001966	425	7m8	2.734	AGAGGC
1002005	49	o6	1.254	AGAGGC
1002589	56	o6	2.120	AGAGGC
1002641	234	6m	2.152	GAGGCT
1002641	243	7A1	1.260	GAGGCT
1002827	26	7m8	2.313	AGAGGC
1003113	21	7m8	1.707	GAGGCT
1003122	792	7A1	2.323	GAGGCT
1003263	130	7m8	2.159	GAGGCT
1003492	68	8m	3.501	AGAGGC
1003687	84	o6	2.262	AGAGGC
1004688	33	7m8	2.679	AGAGGC
1004850	16	6m	1.256	GAGGCT
1004850	31	7A1	1.932	GAGGCT
1005114	1282	6m	1.168	GAGGCT
1005150	577	7m8	1.073	GAGGCT
1005349	1790	8m	2.227	AGAGGC
1005455	169	o6	1.009	AGAGGC
1005595	922	8m	1.053	AGAGGC
1005709	544	7A1	1.315	GAGGCT
1005984	179	o6	1.117	AGAGGC
1006071	63	6m	2.635	GAGGCT
1006707	414	7m8	1.312	GAGGCT
1006735	850	6m	1.804	GAGGCT
1007041	961	6m	1.308	GAGGCT
1007172	286	7m8	2.544	AGAGGC
1007251	256	o6	1.610	AGAGGC
1007448	2	6m	1.053	GAGGCT
1007517	55	o6	2.301	AGAGGC
1007520	451	o6	1.103	AGAGGC
1007663	58	7m8	1.606	GAGGCT
1007698	256	8m	1.573	AGAGGC
1007923	1068	o6	1.244	AGAGGC
1007960	79	o6	2.615	AGAGGC
1007980	1789	6m	1.537	GAGGCT
1007993	13	7A1	1.737	GAGGCT
1008081	170	o6	1.168	AGAGGC
1008093	1132	7A1	2.025	GAGGCT
1008114	481	7m8	1.964	AGAGGC
1008126	344	7m8	2.593	AGAGGC
1008162	135	8m	2.411	AGAGGC
1008225	13	o6	2.486	AGAGGC
1008279	1958	o6	1.775	AGAGGC
1008304	692	6m	2.350	GAGGCT
1008307	1356	o6	1.050	AGAGGC
1008412	46	6m	1.221	GAGGCT
1008454	410	o6	2.544	AGAGGC
1008624	37	o6	2.377	AGAGGC
1008780	736	6m	2.694	GAGGCT
1008852	111	o6	1.831	AGAGGC
1008989	722	6m	2.588	GAGGCT
1008995	232	6m	1.157	GAGGCT
1009026	578	8m	3.484	AGAGGC
1009034	35	o6	1.180	AGAGGC
1009334	204	o6	1.040	AGAGGC
1009434	307	o6	1.690	AGAGGC
1009576	914	7m8	2.069	AGAGGC
1009748	697	o6	1.105	AGAGGC
1009902	131	6m	1.010	GAGGCT
1009930	114	o6	1.588	AGAGGC
1009945	685	o6	1.024	AGAGGC
1010214	148	8m	2.946	GAGGCT
1010232	10	7m8	1.015	AGAGGC
1010250	2321	o6	2.930	AGAGGC
1010287	825	6m	1.466	GAGGCT
1010401	2939	7m8	3.076	AGAGGC
1010712	761	7A1	1.104	GAGGCT
1010785	170	6m	1.216	GAGGCT
1010950	661	o6	1.044	AGAGGC
1010950	1114	7A1	1.441	GAGGCT
1011126	10	7A1	1.121	GAGGCT
1011200	165	7A1	4.313	GAGGCT
1011511	51	6m	1.114	GAGGCT
1011743	486	o6	1.119	AGAGGC
1011944	1109	o6	2.781	AGAGGC
1012020	565	7m8	2.533	AGAGGC
1012304	599	7A1	2.835	GAGGCT
1012413	476	6m	1.567	GAGGCT
1012479	75	o6	2.409	AGAGGC
1012685	576	7A1	1.690	GAGGCT
1013327	1313	7m8	1.687	GAGGCT
1013957	248	o6	1.168	AGAGGC
1014318	22	7m8	1.755	GAGGCT
1014486	181	6m	1.408	GAGGCT
1014644	109	6m	1.005	GAGGCT
1014883	1792	6m	1.505	GAGGCT
1014988	4682	6m	2.654	GAGGCT
1015041	5729	o6	1.053	AGAGGC
1015077	505	8m	2.013	GAGGCT
1015157	264	7m8	2.460	AGAGGC
1015397	502	o6	1.760	AGAGGC
1015411	154	7m8	1.669	GAGGCT
1015526	1115	o6	1.133	AGAGGC
1015681	40	o6	1.447	AGAGGC
1015706	485	6m	1.162	GAGGCT
1015796	157	6m	1.031	GAGGCT
1015819	276	o6	1.245	AGAGGC
1015972	644	6m	1.154	GAGGCT
1016019	1573	6m	1.333	GAGGCT
1016208	264	o6	1.162	AGAGGC
1016470	633	o6	1.226	AGAGGC
1016565	1150	o6	1.063	AGAGGC
1016589	9	7m8	1.321	GAGGCT
1016590	46	o6	2.117	AGAGGC
1016685	1230	7m8	1.284	AGAGGC
1016782	92	7m8	2.840	GAGGCT
1017012	7	o6	3.174	AGAGGC
1017082	98	6m	1.228	GAGGCT
1017245	829	7m8	2.022	AGAGGC
1017339	12	6m	1.328	GAGGCT
1017614	3881	8m	1.822	GAGGCT
1017614	5041	o6	1.278	AGAGGC
1017690	243	o6	1.883	AGAGGC
1017826	1	6m	1.268	GAGGCT
1018026	200	6m	3.519	GAGGCT
1018211	247	o6	1.245	AGAGGC
1018243	1937	o6	1.920	AGAGGC
1018455	151	6m	2.075	GAGGCT
1018530	1437	6m	2.409	GAGGCT
1019227	20	7m8	1.315	AGAGGC
1019286	112	o6	2.377	AGAGGC
1019314	234	6m	2.035	GAGGCT
1019329	482	o6	1.610	AGAGGC
1019514	189	o6	2.544	AGAGGC
1019514	1684	o6	1.407	AGAGGC
1019743	57	7m8	2.507	AGAGGC
1019761	145	6m	1.042	GAGGCT
1019800	332	o6	1.162	AGAGGC
1019854	210	6m	1.755	GAGGCT
1020140	19	7A1	1.771	GAGGCT
1020297	782	o6	1.104	AGAGGC
1020522	7	6m	1.584	GAGGCT
1020642	1234	o6	2.647	AGAGGC
1020746	205	o6	2.941	AGAGGC
1021272	13	6m	1.018	GAGGCT
1021299	88	6m	1.145	GAGGCT
1021377	258	o6	1.761	AGAGGC
1021412	210	o6	1.284	AGAGGC
1021541	25	6m	2.837	GAGGCT
1021608	117	6m	1.483	GAGGCT
1021613	604	6m	1.533	GAGGCT
1021696	200	6m	1.548	GAGGCT
1021909	2094	6m	2.772	GAGGCT
1022129	957	6m	2.933	GAGGCT
1022137	299	o6	1.029	AGAGGC
1022165	657	6m	3.047	GAGGCT
1022270	423	6m	1.378	GAGGCT
1022320	2	7m8	1.304	GAGGCT
1022332	92	7m8	2.215	AGAGGC
1022495	1810	o6	1.315	AGAGGC
1022576	91	6m	1.710	GAGGCT
1022583	615	7m8	1.573	AGAGGC
1022819	87	o6	1.465	AGAGGC
1022941	3597	o6	1.284	AGAGGC
1022985	489	6m	1.015	GAGGCT
1023062	3184	6m	1.908	GAGGCT
1023340	151	8m	2.992	AGAGGC
1023593	10	6m	2.854	GAGGCT
1023599	7927	8m	1.322	AGAGGC
1023681	2684	o6	1.027	AGAGGC
1023727	732	6m	2.033	GAGGCT
1023805	697	7A1	1.322	GAGGCT
1023885	3605	o6	1.089	AGAGGC
1023885	3611	o6	1.089	AGAGGC
1023970	3	o6	1.024	AGAGGC
1023994	358	o6	1.636	AGAGGC
1024093	454	6m	1.690	GAGGCT
1024385	490	o6	2.619	AGAGGC
1024465	1184	7A1	1.322	GAGGCT
1024502	364	o6	1.063	AGAGGC
1024829	3716	6m	3.257	GAGGCT
1024873	25	o6	1.751	AGAGGC
1024927	20	6m	1.279	GAGGCT
1024935	1193	6m	2.852	GAGGCT
1025331	423	8m	1.212	GAGGCT
1025353	1060	o6	2.663	AGAGGC
1025397	57	o6	1.312	AGAGGC
1025668	-1	6m	1.084	GAGGCT
1025668	15	7m8	2.375	GAGGCT
1025678	8	6m	1.205	GAGGCT
1026150	81	o6	1.329	AGAGGC
1026357	119	o6	1.073	AGAGGC
1026375	149	o6	1.335	AGAGGC
1026400	86	7A1	2.544	GAGGCT
1026554	468	7m8	1.032	AGAGGC
1026711	1858	o6	1.073	AGAGGC
1026798	279	6m	1.040	GAGGCT
1026877	216	6m	3.741	GAGGCT
1026999	1470	6m	1.082	GAGGCT
1026999	1636	7m8	1.606	AGAGGC
1027111	173	7m8	1.984	GAGGCT
1027423	46	7A1	1.438	GAGGCT
1027844	614	7m8	1.933	AGAGGC
1027912	878	7A1	1.632	GAGGCT
1028007	341	o6	1.212	AGAGGC
1028126	50	6m	2.288	GAGGCT
1028196	36	o6	4.384	AGAGGC
1028734	6605	6m	2.330	GAGGCT
1029097	1533	8m	1.535	AGAGGC
1029192	1034	o6	1.577	AGAGGC
1029679	212	6m	2.618	GAGGCT
1029686	474	o6	1.719	AGAGGC
1029835	457	o6	2.314	AGAGGC
1029862	341	o6	2.433	AGAGGC
1030142	30	o6	1.440	AGAGGC
1030177	537	6m	1.435	GAGGCT
1030205	111	7m8	2.993	GAGGCT
1030266	412	6m	3.005	GAGGCT
1030692	120	7m8	1.098	GAGGCT
1030959	165	o6	1.606	AGAGGC
1031156	1278	7A1	1.031	GAGGCT
1031156	1394	o6	1.052	AGAGGC
1031307	1815	o6	1.548	AGAGGC
1031321	268	7m8	2.652	GAGGCT
1031883	757	7A1	1.558	GAGGCT
1031906	979	6m	1.108	GAGGCT
1032022	49	6m	1.541	GAGGCT
1032090	97	6m	1.184	GAGGCT
1032325	1632	6m	1.241	GAGGCT
1032613	1143	8m	1.596	AGAGGC
1032622	2440	6m	1.084	GAGGCT
1032799	3636	7A1	1.040	GAGGCT
1032829	1074	o6	1.290	AGAGGC
1032891	484	6m	1.102	GAGGCT
1032908	245	o6	1.607	AGAGGC
1032965	888	6m	1.320	GAGGCT
1033041	3048	o6	1.874	AGAGGC
1033138	577	7m8	2.814	GAGGCT
1033152	873	o6	1.220	AGAGGC
1033254	200	6m	1.973	GAGGCT
1033351	22	6m	2.008	GAGGCT
1033452	153	7A1	1.606	GAGGCT
1033565	43	o6	1.784	AGAGGC
1033571	3183	6m	1.297	GAGGCT
1033571	4848	6m	1.931	GAGGCT
1033598	6123	6m	2.350	GAGGCT
1033877	484	o6	1.584	AGAGGC
1034121	3206	7m8	1.957	AGAGGC
1034382	175	o6	2.319	AGAGGC
1034493	735	o6	2.272	AGAGGC
1034499	633	o6	1.880	AGAGGC
1034545	189	o6	1.006	AGAGGC
1034556	602	6m	1.377	GAGGCT
1034556	970	6m	2.302	GAGGCT
1034569	7056	6m	2.372	GAGGCT
1034739	1852	o6	1.387	AGAGGC
1034899	31	6m	3.267	GAGGCT
1034899	1060	o6	1.650	AGAGGC
1034953	282	o6	1.487	AGAGGC
1035001	2957	o6	2.105	AGAGGC
1035049	174	o6	1.126	AGAGGC
1035561	1627	o6	1.799	AGAGGC
1035569	3047	7A1	2.262	GAGGCT
1035569	7672	8m	1.284	AGAGGC
1035615	287	6m	2.883	GAGGCT
1035627	69	6m	2.256	GAGGCT
1035714	2	o6	3.319	AGAGGC
1036259	100	7A1	1.027	GAGGCT
1036262	759	7A1	1.631	GAGGCT
1036283	1738	o6	1.276	AGAGGC
1036310	29	o6	2.769	AGAGGC
1036432	216	8m	2.451	GAGGCT
1036449	1968	o6	1.622	AGAGGC
1036482	234	o6	2.520	AGAGGC
1036537	129	6m	2.398	GAGGCT
1036601	891	7A1	1.339	GAGGCT
1036601	900	6m	1.339	GAGGCT
1036676	459	6m	1.031	GAGGCT
1036853	111	6m	1.055	GAGGCT
1036865	81	8m	1.320	GAGGCT
1037164	20	7m8	1.362	AGAGGC
1037301	47	o6	1.969	AGAGGC
1037375	31	7m8	3.814	AGAGGC
1037474	1145	o6	1.074	AGAGGC
1037551	13	o6	1.137	AGAGGC
1038312	12	o6	1.945	AGAGGC
1038440	1237	o6	1.548	AGAGGC
1038511	71	8m	1.220	AGAGGC
1038670	775	o6	1.560	AGAGGC
1038676	238	o6	1.616	AGAGGC
1038841	102	o6	1.335	AGAGGC
1038854	195	o6	1.879	AGAGGC
1038900	760	o6	3.217	AGAGGC
1038953	0	8m	1.083	GAGGCT
1039187	131	6m	1.753	GAGGCT
1039422	3036	o6	1.018	AGAGGC
1039481	1119	o6	1.741	AGAGGC
1039503	418	o6	2.322	AGAGGC
1039711	83	6m	1.703	GAGGCT
1039831	1016	o6	1.337	AGAGGC
1039996	578	o6	1.394	AGAGGC
1040040	440	o6	1.211	AGAGGC
1040057	1218	6m	1.134	GAGGCT
1040058	866	6m	2.858	GAGGCT
1040294	1778	o6	1.565	AGAGGC
1040298	3986	8m	2.534	AGAGGC
1040303	1967	o6	2.171	AGAGGC
1040304	1716	6m	1.288	GAGGCT
1040377	1038	o6	1.001	AGAGGC
1040387	252	o6	1.376	AGAGGC
1040438	1940	6m	2.007	GAGGCT
1040438	2194	o6	1.006	AGAGGC
