1000011	941	6m	1.855	TGCCAA
1000021	556	7m8	2.807	GTGCCA
1000026	132	6m	1.219	TGCCAA
1000026	197	8m	2.220	GTGCCA
1000077	268	6m	1.278	TGCCAA
1000204	75	7A1	2.215	TGCCAA
1000218	3	7A1	1.205	TGCCAA
1000228	48	8m	2.110	TGCCAA
1000228	241	o6	1.008	GTGCCA
1000264	914	7A1	3.479	TGCCAA
1000306	776	o6	2.718	GTGCCA
1000321	247	7A1	1.842	TGCCAA
1000351	585	6m	2.533	TGCCAA
1000395	415	o6	1.322	GTGCCA
1000406	582	6m	1.128	TGCCAA
1000407	341	8m	2.125	GTGCCA
1000421	291	7A1	3.034	TGCCAA
1000442	1438	6m	1.220	TGCCAA
1000446	285	7A1	2.661	TGCCAA
1000478	2092	6m	1.120	TGCCAA
1000493	1534	6m	2.255	TGCCAA
1000533	1161	6m	1.499	TGCCAA
1000541	78	6m	1.034	TGCCAA
1000541	206	6m	1.512	TGCCAA
1000598	185	6m	1.402	TGCCAA
1000613	19	o6	2.475	GTGCCA
1000649	807	7A1	1.268	TGCCAA
1000730	21	o6	2.544	GTGCCA
1000734	885	6m	1.198	TGCCAA
1000835	531	7m8	1.645	TGCCAA
1000835	1363	7A1	4.106	TGCCAA
1000845	2129	7A1	1.618	TGCCAA
1000880	1092	7m8	2.660	GTGCCA
1000890	28	o6	2.414	GTGCCA
1000896	127	o6	2.870	GTGCCA
1000968	692	o6	1.284	GTGCCA
1001012	315	6m	1.288	TGCCAA
1001012	1643	o6	1.648	GTGCCA
1001015	904	7A1	2.232	TGCCAA
1001024	673	7m8	1.499	TGCCAA
1001024	708	o6	1.734	GTGCCA
1001075	1388	7A1	1.284	TGCCAA
1001080	80	6m	1.168	TGCCAA
1001105	112	7A1	1.494	TGCCAA
1001105	477	7A1	1.053	TGCCAA
1001135	94	6m	1.377	TGCCAA
1001182	119	7A1	2.799	TGCCAA
1001291	89	o6	2.696	GTGCCA
1001340	93	o6	2.025	GTGCCA
1001417	769	6m	1.606	TGCCAA
1001420	82	7A1	3.188	TGCCAA
1001440	1359	7m8	2.016	GTGCCA
1001500	731	7A1	3.398	TGCCAA
1001533	378	o6	1.321	GTGCCA
1001544	49	7A1	1.012	TGCCAA
1001574	294	7A1	1.321	TGCCAA
1001614	96	6m	2.060	TGCCAA
1001629	315	7A1	2.051	TGCCAA
1001671	217	7A1	2.311	TGCCAA
1001738	964	8m	3.382	GTGCCA
1001753	854	6m	1.680	TGCCAA
1001762	140	7A1	1.952	TGCCAA
1001817	894	7A1	4.080	TGCCAA
1001897	439	8m	2.035	TGCCAA
1001897	1203	6m	2.915	TGCCAA
1001906	596	o6	1.271	GTGCCA
1001906	1483	o6	1.281	GTGCCA
1001930	347	6m	1.885	TGCCAA
1001937	602	6m	2.174	TGCCAA
1001937	1244	o6	1.744	GTGCCA
1001945	147	7m8	1.487	GTGCCA
1001949	870	7A1	2.652	TGCCAA
1002017	809	6m	1.529	TGCCAA
1002020	240	6m	1.694	TGCCAA
1002084	209	7A1	1.690	TGCCAA
1002102	853	7A1	2.854	TGCCAA
1002117	300	7m8	2.541	GTGCCA
1002207	74	6m	2.494	TGCCAA
1002236	1673	6m	2.053	TGCCAA
1002281	45	7A1	1.574	TGCCAA
1002298	389	6m	2.400	TGCCAA
1002319	536	6m	1.624	TGCCAA
1002374	110	8m	1.980	GTGCCA
1002433	13	o6	2.385	GTGCCA
1002481	2158	o6	1.965	GTGCCA
1002485	7	7m8	1.522	TGCCAA
1002578	424	7A1	1.430	TGCCAA
1002578	454	7A1	1.651	TGCCAA
1002578	907	6m	2.543	TGCCAA
1002584	260	6m	1.723	TGCCAA
1002730	198	7A1	1.606	TGCCAA
1002731	221	7A1	1.731	TGCCAA
1002767	300	7A1	2.139	TGCCAA
1002794	159	7A1	2.502	TGCCAA
1002830	2059	6m	2.763	TGCCAA
1002877	528	7A1	3.317	TGCCAA
1002898	51	6m	2.668	TGCCAA
1003039	93	6m	1.257	TGCCAA
1003137	725	7A1	3.519	TGCCAA
1003140	47	6m	2.922	TGCCAA
1003143	109	7A1	1.163	TGCCAA
1003215	33	7A1	2.310	TGCCAA
1003248	1022	6m	2.276	TGCCAA
1003257	229	6m	1.560	TGCCAA
1003263	288	8m	3.867	GTGCCA
1003324	208	7A1	2.756	TGCCAA
1003325	22	8m	2.021	GTGCCA
1003379	797	7A1	2.026	TGCCAA
1003417	337	7A1	2.141	TGCCAA
1003424	1131	7A1	1.675	TGCCAA
1003439	69	o6	1.445	GTGCCA
1003532	24	6m	1.419	TGCCAA
1003561	33	7A1	1.651	TGCCAA
1003615	112	7A1	1.466	TGCCAA
1003615	229	o6	1.073	GTGCCA
1003615	505	o6	1.032	GTGCCA
1003631	3496	6m	1.071	TGCCAA
1003695	489	7A1	1.860	TGCCAA
1003702	27	7A1	1.563	TGCCAA
1003851	727	6m	1.560	TGCCAA
1003930	659	7A1	2.351	TGCCAA
1004050	260	6m	1.623	TGCCAA
1004077	426	7A1	2.343	TGCCAA
1004130	460	o6	1.050	GTGCCA
1004139	29	7m8	2.269	GTGCCA
1004145	67	7A1	1.853	TGCCAA
1004190	64	7m8	1.073	GTGCCA
1004341	50	7m8	2.290	GTGCCA
1004358	201	o6	2.533	GTGCCA
1004406	121	7A1	3.224	TGCCAA
1004407	246	7A1	1.200	TGCCAA
1004419	170	7A1	2.592	TGCCAA
1004463	3521	7A1	2.502	TGCCAA
1004503	1110	7A1	2.807	TGCCAA
1004545	64	o6	1.116	GTGCCA
1004573	1073	7m8	2.830	GTGCCA
1004577	358	7A1	2.735	TGCCAA
1004619	278	6m	1.322	TGCCAA
1004648	105	6m	1.976	TGCCAA
1004661	182	8m	1.328	GTGCCA
1004723	527	6m	1.014	TGCCAA
1004724	523	o6	2.220	GTGCCA
1004738	44	6m	1.358	TGCCAA
1004741	179	7m8	2.708	GTGCCA
1004759	207	8m	1.604	GTGCCA
1004801	64	6m	1.436	TGCCAA
1004898	1607	7A1	2.834	TGCCAA
1004999	9	6m	1.226	TGCCAA
1005037	202	6m	1.634	TGCCAA
1005340	211	7A1	2.407	TGCCAA
1005358	1089	7A1	2.060	TGCCAA
1005367	140	6m	2.406	TGCCAA
1005408	12	7A1	1.282	TGCCAA
1005429	64	6m	1.186	TGCCAA
1005438	27	o6	2.280	GTGCCA
1005456	138	o6	3.029	GTGCCA
1005550	178	7A1	2.215	TGCCAA
1005568	563	o6	2.704	GTGCCA
1005568	894	6m	1.084	TGCCAA
1005641	64	6m	1.186	TGCCAA
1005646	87	o6	1.103	GTGCCA
1005646	4329	6m	3.398	TGCCAA
1005683	212	6m	2.276	TGCCAA
1005730	369	7A1	2.544	TGCCAA
1005951	20	7A1	2.302	TGCCAA
1005951	63	7A1	1.292	TGCCAA
1005985	105	6m	1.365	TGCCAA
1006107	424	7A1	2.054	TGCCAA
1006173	206	6m	1.917	TGCCAA
1006173	219	6m	2.202	TGCCAA
1006518	788	o6	1.760	GTGCCA
1006548	863	7A1	2.141	TGCCAA
1006548	1113	6m	1.047	TGCCAA
1006615	76	o6	1.485	GTGCCA
1006650	119	o6	1.184	GTGCCA
1006692	978	o6	1.520	GTGCCA
1006719	315	6m	2.870	TGCCAA
1006719	1664	6m	1.715	TGCCAA
1006735	1530	6m	2.326	TGCCAA
1006738	60	6m	1.195	TGCCAA
1006758	445	o6	2.377	GTGCCA
1006842	465	6m	1.981	TGCCAA
1006875	146	7A1	2.652	TGCCAA
1006875	1250	6m	1.195	TGCCAA
1006884	169	o6	1.949	GTGCCA
1006898	505	7A1	1.986	TGCCAA
1006920	28	o6	3.715	GTGCCA
1006920	490	7A1	2.715	TGCCAA
1006940	78	8m	2.025	GTGCCA
1006940	256	6m	1.517	TGCCAA
1006940	948	7A1	1.606	TGCCAA
1006948	174	o6	1.611	GTGCCA
1007011	403	7A1	1.320	TGCCAA
1007034	762	6m	2.135	TGCCAA
1007034	1356	o6	2.214	GTGCCA
1007046	5	o6	2.654	GTGCCA
1007058	7	o6	1.616	GTGCCA
1007058	23	o6	2.723	GTGCCA
1007118	184	7A1	2.013	TGCCAA
1007143	135	7A1	2.409	TGCCAA
1007169	31	7A1	2.033	TGCCAA
1007213	1342	6m	1.157	TGCCAA
1007219	479	6m	1.687	TGCCAA
1007231	304	6m	2.517	TGCCAA
1007242	1038	7A1	2.997	TGCCAA
1007242	3772	o6	1.577	GTGCCA
1007283	454	7A1	1.800	TGCCAA
1007301	251	7m8	2.537	GTGCCA
1007364	2297	6m	2.221	TGCCAA
1007379	437	6m	1.952	TGCCAA
1007385	232	6m	2.794	TGCCAA
1007403	92	7m8	1.448	GTGCCA
1007410	120	6m	1.681	TGCCAA
1007448	619	7A1	1.850	TGCCAA
1007463	17	7m8	2.567	GTGCCA
1007481	196	o6	3.034	GTGCCA
1007481	594	6m	2.056	TGCCAA
1007484	493	o6	1.131	GTGCCA
1007508	28	7A1	2.350	TGCCAA
1007508	734	6m	1.202	TGCCAA
1007521	1144	o6	1.150	GTGCCA
1007547	285	6m	1.053	TGCCAA
1007584	554	o6	2.400	GTGCCA
1007584	749	6m	1.322	TGCCAA
1007590	334	6m	1.993	TGCCAA
1007611	157	o6	1.760	GTGCCA
1007698	877	7m8	1.928	TGCCAA
1007710	200	7A1	2.412	TGCCAA
1007731	1666	6m	2.065	TGCCAA
1007731	2980	7A1	1.985	TGCCAA
1007737	163	7A1	2.794	TGCCAA
1007740	664	7m8	1.079	GTGCCA
1007789	342	o6	2.807	GTGCCA
1007792	125	6m	1.169	TGCCAA
1007806	305	6m	2.377	TGCCAA
1007812	1244	6m	1.156	TGCCAA
1007812	1958	o6	2.486	GTGCCA
1007812	3675	o6	2.500	GTGCCA
1007812	4497	6m	1.017	TGCCAA
1007812	4707	6m	2.483	TGCCAA
1007861	370	8m	2.249	GTGCCA
1007891	214	6m	1.097	TGCCAA
1007903	3538	7A1	2.537	TGCCAA
1007932	452	7A1	2.361	TGCCAA
1007980	774	6m	2.675	TGCCAA
1007997	247	o6	2.758	GTGCCA
1007997	323	6m	1.786	TGCCAA
1007997	470	6m	2.054	TGCCAA
1008024	139	6m	1.449	TGCCAA
1008036	205	6m	1.584	TGCCAA
1008036	585	o6	1.299	GTGCCA
1008036	1388	6m	1.284	TGCCAA
1008039	232	6m	2.175	TGCCAA
1008067	189	o6	1.257	GTGCCA
1008072	84	6m	1.141	TGCCAA
1008072	139	7A1	2.781	TGCCAA
1008093	1124	7A1	1.011	TGCCAA
1008123	382	o6	2.494	GTGCCA
1008126	763	7A1	2.163	TGCCAA
1008135	125	7A1	2.914	TGCCAA
1008136	1006	6m	2.218	TGCCAA
1008145	2911	7A1	2.537	TGCCAA
1008174	637	o6	2.433	GTGCCA
1008174	799	6m	2.006	TGCCAA
1008183	543	8m	2.383	GTGCCA
1008255	1249	6m	2.982	TGCCAA
1008259	1280	6m	2.858	TGCCAA
1008271	21	7A1	1.787	TGCCAA
1008318	65	7A1	2.350	TGCCAA
1008355	673	7A1	1.026	TGCCAA
1008435	252	6m	1.405	TGCCAA
1008436	139	6m	2.214	TGCCAA
1008505	30	o6	3.112	GTGCCA
1008505	55	7A1	1.844	TGCCAA
1008524	661	o6	1.214	GTGCCA
1008537	740	8m	3.232	GTGCCA
1008560	21	o6	1.033	GTGCCA
1008572	470	o6	2.807	GTGCCA
1008572	478	7A1	1.949	TGCCAA
1008593	626	7A1	1.084	TGCCAA
1008606	47	6m	1.845	TGCCAA
1008615	235	7A1	1.560	TGCCAA
1008719	71	6m	1.421	TGCCAA
1008740	526	7A1	1.793	TGCCAA
1008755	906	6m	2.000	TGCCAA
1008894	77	6m	1.073	TGCCAA
1008911	34	o6	2.197	GTGCCA
1008933	952	7m8	2.333	GTGCCA
1008966	2383	7A1	1.650	TGCCAA
1008995	1225	7A1	1.514	TGCCAA
1008995	1322	8m	1.687	GTGCCA
1009037	2103	7A1	2.025	TGCCAA
1009037	2745	7A1	2.015	TGCCAA
1009043	2010	6m	1.255	TGCCAA
1009043	2053	o6	1.161	GTGCCA
1009074	526	7A1	2.781	TGCCAA
1009153	402	7A1	1.284	TGCCAA
1009216	132	o6	3.794	GTGCCA
1009304	19	o6	1.709	GTGCCA
1009348	475	6m	1.852	TGCCAA
1009349	172	7A1	1.616	TGCCAA
1009369	625	8m	2.073	TGCCAA
1009369	1246	6m	2.073	TGCCAA
1009434	245	o6	2.253	GTGCCA
1009448	647	6m	1.245	TGCCAA
1009500	643	7m8	1.028	GTGCCA
1009632	80	6m	1.952	TGCCAA
1009729	88	6m	3.822	TGCCAA
1009736	1265	7A1	3.034	TGCCAA
1009748	663	6m	3.034	TGCCAA
1009748	669	7A1	3.034	TGCCAA
1009781	1095	6m	1.810	TGCCAA
1009873	366	7m8	2.497	GTGCCA
1009927	58	7A1	2.235	TGCCAA
1009974	546	6m	1.162	TGCCAA
1010017	117	7A1	1.573	TGCCAA
1010064	468	o6	1.542	GTGCCA
1010111	133	6m	1.376	TGCCAA
1010129	63	7A1	2.868	TGCCAA
1010178	148	7m8	1.550	GTGCCA
1010210	213	8m	1.393	GTGCCA
1010232	1623	7m8	2.302	GTGCCA
1010237	1894	7A1	1.349	TGCCAA
1010238	1250	7m8	2.302	GTGCCA
1010259	58	o6	2.749	GTGCCA
1010278	456	6m	2.682	TGCCAA
1010293	100	o6	2.544	GTGCCA
1010299	110	7A1	2.538	TGCCAA
1010343	453	7A1	2.003	TGCCAA
1010401	2459	6m	1.247	TGCCAA
1010429	693	6m	1.225	TGCCAA
1010441	35	o6	1.144	GTGCCA
1010533	75	7A1	2.816	TGCCAA
1010533	1146	7A1	4.419	TGCCAA
1010539	310	o6	1.690	GTGCCA
1010652	759	o6	2.134	GTGCCA
1010659	197	6m	1.668	TGCCAA
1010703	97	6m	2.951	TGCCAA
1010712	734	7A1	2.015	TGCCAA
1010745	124	7A1	1.643	TGCCAA
1010748	346	o6	1.097	GTGCCA
1010821	203	8m	1.133	GTGCCA
1010862	812	7m8	3.700	GTGCCA
1010890	8	8m	1.820	GTGCCA
1010896	133	7A1	1.729	TGCCAA
1010950	962	7A1	2.292	TGCCAA
1010962	77	7A1	1.690	TGCCAA
1010971	203	6m	1.339	TGCCAA
1011042	454	7A1	2.030	TGCCAA
1011086	50	6m	1.321	TGCCAA
1011092	29	8m	2.544	GTGCCA
1011117	532	o6	1.292	GTGCCA
1011162	185	o6	1.886	GTGCCA
1011194	485	6m	3.393	TGCCAA
1011245	319	6m	1.606	TGCCAA
1011327	1147	6m	2.006	TGCCAA
1011327	1377	o6	2.064	GTGCCA
1011379	422	7A1	1.084	TGCCAA
1011393	534	o6	2.699	GTGCCA
1011393	779	7A1	2.699	TGCCAA
1011415	41	o6	2.176	GTGCCA
1011491	882	6m	3.036	TGCCAA
1011491	1594	7A1	3.232	TGCCAA
1011523	1183	6m	2.383	TGCCAA
1011608	347	6m	1.687	TGCCAA
1011649	72	7m8	2.567	GTGCCA
1011658	683	o6	2.780	GTGCCA
1011695	389	o6	1.931	GTGCCA
1011715	787	6m	2.167	TGCCAA
1011742	1843	6m	1.425	TGCCAA
1011776	414	7m8	3.047	TGCCAA
1011826	3	o6	2.069	GTGCCA
1011836	187	6m	1.907	TGCCAA
1011841	721	7m8	2.098	GTGCCA
1011856	161	6m	1.687	TGCCAA
1011856	1110	o6	1.236	GTGCCA
1011982	150	6m	1.784	TGCCAA
1012122	80	6m	2.017	TGCCAA
1012225	89	7A1	1.284	TGCCAA
1012320	46	6m	2.502	TGCCAA
1012383	753	o6	2.970	GTGCCA
1012421	174	o6	3.028	GTGCCA
1012537	112	o6	1.397	GTGCCA
1012561	41	6m	1.686	TGCCAA
1012564	311	6m	2.544	TGCCAA
1012636	51	8m	2.962	GTGCCA
1012754	218	7m8	2.734	GTGCCA
1012754	1064	7m8	2.734	GTGCCA
1012779	26	o6	1.690	GTGCCA
1012797	863	7A1	1.273	TGCCAA
1012822	31	7A1	1.618	TGCCAA
1012900	338	7m8	2.025	GTGCCA
1012995	67	6m	1.133	TGCCAA
1013108	2427	6m	2.235	TGCCAA
1013219	172	6m	1.687	TGCCAA
1013312	1761	6m	1.711	TGCCAA
1013365	133	6m	1.296	TGCCAA
1013365	521	7m8	2.073	GTGCCA
1013458	2	o6	2.489	GTGCCA
1013518	649	7A1	1.577	TGCCAA
1013518	816	6m	1.093	TGCCAA
1013541	669	6m	2.073	TGCCAA
1013573	28	7A1	2.660	TGCCAA
1013591	81	o6	2.683	GTGCCA
1013591	555	7A1	2.876	TGCCAA
1013670	1679	6m	2.373	TGCCAA
1013670	1974	6m	2.552	TGCCAA
1013676	28	o6	3.649	GTGCCA
1013676	1373	7m8	2.073	GTGCCA
1013814	45	o6	1.226	GTGCCA
1013885	1638	7A1	2.466	TGCCAA
1013939	645	o6	1.654	GTGCCA
1013988	1224	7A1	1.541	TGCCAA
1013988	1240	7A1	2.493	TGCCAA
1014022	113	6m	2.278	TGCCAA
1014043	267	7A1	1.356	TGCCAA
1014069	994	6m	2.239	TGCCAA
1014069	1000	6m	2.213	TGCCAA
1014117	139	6m	1.322	TGCCAA
1014117	546	o6	1.987	GTGCCA
1014180	295	o6	1.578	GTGCCA
1014212	135	7m8	2.062	GTGCCA
1014215	241	o6	1.183	GTGCCA
1014215	311	6m	1.575	TGCCAA
1014220	154	o6	1.517	GTGCCA
1014295	1446	7A1	2.763	TGCCAA
1014358	785	7A1	2.571	TGCCAA
1014447	497	6m	2.342	TGCCAA
1014448	260	6m	2.433	TGCCAA
1014468	625	7A1	1.485	TGCCAA
1014477	125	7A1	1.231	TGCCAA
1014480	2120	o6	1.210	GTGCCA
1014486	30	6m	1.400	TGCCAA
1014559	835	6m	1.322	TGCCAA
1014588	3222	o6	2.025	GTGCCA
1014644	198	6m	2.857	TGCCAA
1014655	1062	o6	1.818	GTGCCA
1014655	1576	6m	1.328	TGCCAA
1014697	1559	6m	2.210	TGCCAA
1014831	43	6m	1.147	TGCCAA
1014840	312	7A1	1.540	TGCCAA
1014859	927	7m8	2.026	TGCCAA
1014859	1444	o6	1.006	GTGCCA
1014864	965	7A1	1.046	TGCCAA
1014898	645	7A1	2.807	TGCCAA
1014904	915	7m8	2.036	GTGCCA
1014981	1212	7A1	2.981	TGCCAA
1014988	301	6m	1.278	TGCCAA
1015024	29	7A1	2.386	TGCCAA
1015041	4839	o6	1.751	GTGCCA
1015041	5667	o6	1.529	GTGCCA
1015047	419	7m8	1.675	TGCCAA
1015047	578	7A1	1.411	TGCCAA
1015047	1830	6m	1.477	TGCCAA
1015047	2144	7A1	1.019	TGCCAA
1015076	282	7A1	2.069	TGCCAA
1015076	297	6m	1.798	TGCCAA
1015077	78	7m8	2.816	GTGCCA
1015077	191	7A1	2.531	TGCCAA
1015145	2711	7A1	2.477	TGCCAA
1015291	1222	o6	2.350	GTGCCA
1015300	83	6m	2.739	TGCCAA
1015307	1	o6	2.460	GTGCCA
1015329	262	6m	1.638	TGCCAA
1015348	230	6m	2.066	TGCCAA
1015351	47	o6	2.316	GTGCCA
1015369	351	o6	2.544	GTGCCA
1015375	616	7A1	2.107	TGCCAA
1015375	1609	o6	1.275	GTGCCA
1015375	2952	o6	1.303	GTGCCA
1015388	209	7A1	2.908	TGCCAA
1015471	57	o6	2.410	GTGCCA
1015526	2194	o6	2.085	GTGCCA
1015555	1865	6m	1.084	TGCCAA
1015555	2887	6m	1.077	TGCCAA
1015572	2406	7A1	3.398	TGCCAA
1015572	3272	7A1	3.649	TGCCAA
1015572	4386	o6	3.232	GTGCCA
1015575	292	6m	2.305	TGCCAA
1015637	441	7A1	1.034	TGCCAA
1015647	446	o6	1.682	GTGCCA
1015667	39	7A1	3.034	TGCCAA
1015709	112	6m	1.080	TGCCAA
1015729	105	o6	1.495	GTGCCA
1015755	187	6m	1.859	TGCCAA
1015778	928	o6	2.834	GTGCCA
1015784	621	o6	2.286	GTGCCA
1015793	1231	o6	1.089	GTGCCA
1015796	263	o6	1.358	GTGCCA
1015858	40	7A1	1.990	TGCCAA
1015894	28	o6	1.765	GTGCCA
1015912	99	8m	1.048	GTGCCA
1015915	912	6m	1.073	TGCCAA
1015940	469	6m	1.210	TGCCAA
1015940	571	7m8	1.496	GTGCCA
1015957	124	7A1	1.287	TGCCAA
1015967	333	7A1	2.648	TGCCAA
1015972	1485	7A1	2.480	TGCCAA
1016019	70	8m	1.747	TGCCAA
1016019	999	6m	2.889	TGCCAA
1016019	1209	o6	2.427	GTGCCA
1016020	716	o6	1.189	GTGCCA
1016154	249	7A1	1.343	TGCCAA
1016172	33	8m	2.760	GTGCCA
1016209	466	6m	1.874	TGCCAA
1016308	231	7m8	2.363	GTGCCA
1016382	217	6m	3.034	TGCCAA
1016382	223	7A1	3.034	TGCCAA
1016382	346	7A1	2.025	TGCCAA
1016397	1030	7A1	2.241	TGCCAA
1016431	1972	8m	2.076	GTGCCA
1016511	77	8m	3.005	GTGCCA
1016521	548	8m	1.824	GTGCCA
1016571	505	o6	2.631	GTGCCA
1016604	86	8m	2.854	TGCCAA
1016623	390	7A1	1.038	TGCCAA
1016670	269	7A1	1.075	TGCCAA
1016676	22	7A1	2.749	TGCCAA
1016698	1691	o6	2.533	GTGCCA
1016787	750	7A1	1.829	TGCCAA
1016823	359	6m	2.462	TGCCAA
1016838	172	6m	2.578	TGCCAA
1016986	845	6m	4.113	TGCCAA
1017012	1212	6m	2.301	TGCCAA
1017028	242	8m	2.544	GTGCCA
1017127	333	o6	2.026	GTGCCA
1017151	296	6m	1.397	TGCCAA
1017224	60	7A1	3.232	TGCCAA
1017230	153	8m	2.026	GTGCCA
1017258	330	7A1	2.788	TGCCAA
1017267	10	7A1	2.260	TGCCAA
1017336	1093	o6	2.544	GTGCCA
1017413	57	7A1	1.812	TGCCAA
1017428	58	6m	2.544	TGCCAA
1017429	484	o6	1.592	GTGCCA
1017451	1334	7m8	1.321	GTGCCA
1017451	2313	o6	1.139	GTGCCA
1017485	188	6m	1.313	TGCCAA
1017511	2027	6m	1.682	TGCCAA
1017524	1461	o6	1.315	GTGCCA
1017539	459	o6	2.776	GTGCCA
1017618	388	6m	1.494	TGCCAA
1017630	283	7A1	1.836	TGCCAA
1017787	247	6m	2.558	TGCCAA
1017911	124	6m	1.533	TGCCAA
1017916	258	7A1	3.034	TGCCAA
1017959	54	7m8	1.520	GTGCCA
1018008	32	o6	2.826	GTGCCA
1018008	119	6m	1.309	TGCCAA
1018026	190	7A1	2.599	TGCCAA
1018026	404	7A1	1.186	TGCCAA
1018081	463	7A1	2.981	TGCCAA
1018134	28	7A1	2.021	TGCCAA
1018134	1330	o6	3.191	GTGCCA
1018176	209	6m	2.096	TGCCAA
1018198	52	o6	2.180	GTGCCA
1018233	874	6m	1.340	TGCCAA
1018233	1023	7A1	3.660	TGCCAA
1018248	811	o6	2.408	GTGCCA
1018248	1467	6m	2.586	TGCCAA
1018272	217	6m	2.510	TGCCAA
1018277	40	7m8	2.774	GTGCCA
1018278	390	o6	2.606	GTGCCA
1018353	250	6m	1.405	TGCCAA
1018353	805	7A1	3.034	TGCCAA
1018353	1271	7A1	1.304	TGCCAA
1018370	142	6m	1.202	TGCCAA
1018460	176	o6	2.072	GTGCCA
1018619	514	7A1	2.537	TGCCAA
1018632	352	6m	3.312	TGCCAA
1018632	825	7A1	1.598	TGCCAA
1018682	302	6m	1.577	TGCCAA
1018822	198	7A1	1.029	TGCCAA
1018873	1711	o6	1.133	GTGCCA
1018899	141	o6	1.284	GTGCCA
1018918	65	o6	1.641	GTGCCA
1018971	116	6m	1.632	TGCCAA
1019016	309	6m	2.543	TGCCAA
1019055	505	7A1	3.269	TGCCAA
1019128	248	7A1	2.190	TGCCAA
1019128	322	o6	2.350	GTGCCA
1019179	33	o6	1.184	GTGCCA
1019179	44	o6	1.284	GTGCCA
1019198	274	o6	2.991	GTGCCA
1019198	1456	o6	1.490	GTGCCA
1019207	640	6m	2.488	TGCCAA
1019299	45	8m	1.213	GTGCCA
1019311	179	7A1	1.041	TGCCAA
1019329	397	6m	2.009	TGCCAA
1019352	385	7A1	2.506	TGCCAA
1019354	783	7A1	2.268	TGCCAA
1019354	889	7m8	2.933	GTGCCA
1019362	233	7A1	2.017	TGCCAA
1019371	83	7m8	3.698	TGCCAA
1019441	67	6m	2.384	TGCCAA
1019456	37	8m	2.017	GTGCCA
1019464	617	o6	2.559	GTGCCA
1019514	2180	6m	1.413	TGCCAA
1019570	280	6m	1.180	TGCCAA
1019579	66	6m	2.214	TGCCAA
1019710	20	o6	1.814	GTGCCA
1019785	250	7A1	1.002	TGCCAA
1019797	618	6m	1.618	TGCCAA
1019899	67	6m	1.633	TGCCAA
1019928	10	7m8	1.644	TGCCAA
1019939	40	7A1	3.174	TGCCAA
1019956	946	7A1	1.632	TGCCAA
1020029	209	o6	2.220	GTGCCA
1020059	1724	7A1	1.691	TGCCAA
1020090	51	7m8	3.649	GTGCCA
1020125	228	o6	2.544	GTGCCA
1020219	869	7A1	1.577	TGCCAA
1020241	171	6m	1.735	TGCCAA
1020241	2391	6m	1.383	TGCCAA
1020241	2684	7A1	1.518	TGCCAA
1020333	1113	6m	1.555	TGCCAA
1020429	114	8m	2.539	GTGCCA
1020515	24	7m8	2.832	GTGCCA
1020532	30	7A1	1.793	TGCCAA
1020546	194	6m	1.251	TGCCAA
1020550	42	o6	1.380	GTGCCA
1020601	182	7A1	1.606	TGCCAA
1020615	2166	o6	2.098	GTGCCA
1020642	1281	7A1	2.996	TGCCAA
1020643	654	7A1	2.196	TGCCAA
1020706	346	6m	1.426	TGCCAA
1020740	907	6m	2.237	TGCCAA
1020800	320	o6	1.361	GTGCCA
1020850	26	7A1	1.586	TGCCAA
1020858	172	6m	1.376	TGCCAA
1020861	1104	o6	3.065	GTGCCA
1020895	516	6m	1.592	TGCCAA
1020996	98	6m	1.585	TGCCAA
1021008	1449	7m8	3.081	GTGCCA
1021020	218	8m	2.082	GTGCCA
1021311	372	7A1	2.377	TGCCAA
1021323	158	7A1	2.414	TGCCAA
1021347	32	8m	2.511	TGCCAA
1021360	152	7A1	1.139	TGCCAA
1021406	238	7A1	1.028	TGCCAA
1021457	257	7A1	1.560	TGCCAA
1021458	35	o6	2.758	GTGCCA
1021566	3789	o6	1.003	GTGCCA
1021645	147	6m	2.662	TGCCAA
1021645	153	7A1	2.629	TGCCAA
1021645	164	o6	2.834	GTGCCA
1021696	688	7A1	1.690	TGCCAA
1021774	63	7A1	1.071	TGCCAA
1021840	189	6m	2.544	TGCCAA
1021879	710	7A1	1.513	TGCCAA
1021959	545	o6	1.682	GTGCCA
1022038	507	6m	1.349	TGCCAA
1022057	898	7A1	1.304	TGCCAA
1022066	2146	7A1	2.526	TGCCAA
1022066	2758	8m	2.537	GTGCCA
1022235	346	7A1	3.315	TGCCAA
1022235	489	6m	2.493	TGCCAA
1022235	1792	7A1	1.180	TGCCAA
1022256	1325	7A1	1.251	TGCCAA
1022256	2342	7m8	2.628	GTGCCA
1022338	2275	6m	1.240	TGCCAA
1022383	1212	6m	1.322	TGCCAA
1022402	54	7A1	2.304	TGCCAA
1022495	2901	6m	1.269	TGCCAA
1022518	180	o6	2.652	GTGCCA
1022530	335	6m	1.084	TGCCAA
1022541	86	7A1	1.322	TGCCAA
1022568	1315	7m8	2.652	GTGCCA
1022834	95	o6	2.520	GTGCCA
1022885	243	6m	2.680	TGCCAA
1022893	63	7A1	2.671	TGCCAA
1022938	1448	6m	2.288	TGCCAA
1022941	493	o6	1.011	GTGCCA
1022941	3036	6m	1.688	TGCCAA
1023015	109	6m	1.285	TGCCAA
1023023	34	o6	1.503	GTGCCA
1023047	718	o6	2.265	GTGCCA
1023057	28	o6	2.929	GTGCCA
1023062	3094	7A1	2.998	TGCCAA
1023062	3103	o6	1.332	GTGCCA
1023062	3189	6m	1.830	TGCCAA
1023080	588	7A1	1.679	TGCCAA
1023091	760	6m	2.010	TGCCAA
1023104	593	o6	2.502	GTGCCA
1023139	172	7A1	1.307	TGCCAA
1023154	418	6m	1.327	TGCCAA
1023173	32	o6	1.729	GTGCCA
1023216	57	7A1	3.082	TGCCAA
1023253	1456	7A1	1.284	TGCCAA
1023288	634	6m	1.288	TGCCAA
1023289	1761	6m	2.776	TGCCAA
1023354	103	7A1	2.895	TGCCAA
1023390	182	7m8	2.525	GTGCCA
1023390	273	8m	2.065	GTGCCA
1023419	435	7A1	3.232	TGCCAA
1023503	362	7m8	2.220	GTGCCA
1023527	103	7A1	3.347	TGCCAA
1023578	220	6m	1.321	TGCCAA
1023594	961	7A1	1.906	TGCCAA
1023599	572	7A1	2.544	TGCCAA
1023599	6828	8m	2.206	GTGCCA
1023599	7174	8m	1.322	GTGCCA
1023599	7664	7m8	2.350	GTGCCA
1023661	139	7m8	2.047	GTGCCA
1023669	185	8m	2.724	GTGCCA
1023669	291	6m	1.257	TGCCAA
1023678	1063	7A1	1.941	TGCCAA
1023681	3892	7A1	1.241	TGCCAA
1023706	1702	7A1	1.322	TGCCAA
1023712	474	o6	2.072	GTGCCA
1023712	864	7A1	2.220	TGCCAA
1023727	110	6m	2.033	TGCCAA
1023774	334	o6	2.343	GTGCCA
1023783	175	o6	1.780	GTGCCA
1023784	795	7A1	2.764	TGCCAA
1023784	2599	7A1	2.390	TGCCAA
1023784	4611	7A1	2.218	TGCCAA
1023790	435	6m	2.105	TGCCAA
1023790	1158	7A1	1.556	TGCCAA
1023790	3648	o6	2.651	GTGCCA
1023802	655	7A1	1.389	TGCCAA
1023805	689	6m	1.322	TGCCAA
1023834	191	o6	3.062	GTGCCA
1023846	210	7A1	2.248	TGCCAA
1023846	1414	7A1	2.537	TGCCAA
1023863	1372	7A1	2.063	TGCCAA
1023882	1347	6m	1.808	TGCCAA
1023885	49	7A1	1.473	TGCCAA
1023955	2133	7m8	1.400	TGCCAA
1023991	303	6m	1.950	TGCCAA
1023991	501	7m8	2.376	GTGCCA
1023998	715	8m	1.952	GTGCCA
1024003	1161	o6	2.220	GTGCCA
1024025	923	6m	1.908	TGCCAA
1024031	3104	6m	1.517	TGCCAA
1024031	4010	6m	3.034	TGCCAA
1024034	70	7A1	1.091	TGCCAA
1024079	535	7A1	1.183	TGCCAA
1024159	5	o6	1.687	GTGCCA
1024165	228	8m	2.409	GTGCCA
1024169	909	o6	2.326	GTGCCA
1024172	250	8m	2.544	GTGCCA
1024184	100	7A1	2.029	TGCCAA
1024250	191	o6	1.629	GTGCCA
1024279	668	o6	1.290	GTGCCA
1024349	1074	6m	2.343	TGCCAA
1024376	36	7A1	2.534	TGCCAA
1024381	275	7m8	1.315	GTGCCA
1024384	1110	6m	1.171	TGCCAA
1024406	835	6m	1.073	TGCCAA
1024465	255	o6	1.708	GTGCCA
1024465	469	6m	1.687	TGCCAA
1024465	2110	7A1	2.544	TGCCAA
1024495	857	6m	1.290	TGCCAA
1024499	41	7A1	2.416	TGCCAA
1024513	188	7A1	1.285	TGCCAA
1024571	725	6m	2.548	TGCCAA
1024612	513	o6	1.527	GTGCCA
1024648	4558	8m	1.687	GTGCCA
1024648	6061	o6	1.946	GTGCCA
1024712	249	o6	1.284	GTGCCA
1024715	2046	6m	1.194	TGCCAA
1024715	4002	o6	2.685	GTGCCA
1024720	379	o6	1.936	GTGCCA
1024730	341	6m	2.345	TGCCAA
1024774	344	7m8	2.278	GTGCCA
1024778	46	7A1	2.865	TGCCAA
1024829	3898	6m	1.434	TGCCAA
1024829	5995	6m	2.033	TGCCAA
1024843	1493	7A1	2.409	TGCCAA
1024847	9	7A1	1.471	TGCCAA
1024861	53	7A1	2.283	TGCCAA
1024877	182	6m	1.051	TGCCAA
1024895	616	7A1	1.802	TGCCAA
1024910	66	7A1	1.240	TGCCAA
1024956	2160	o6	2.635	GTGCCA
1024971	424	7A1	2.692	TGCCAA
1024978	841	7A1	2.501	TGCCAA
1025022	594	6m	1.306	TGCCAA
1025022	1342	7A1	1.732	TGCCAA
1025135	502	8m	1.973	GTGCCA
1025146	126	7A1	1.171	TGCCAA
1025158	305	6m	2.759	TGCCAA
1025158	882	6m	3.739	TGCCAA
1025173	68	8m	2.026	GTGCCA
1025173	452	o6	2.350	GTGCCA
1025229	379	8m	2.774	GTGCCA
1025268	427	6m	2.073	TGCCAA
1025293	1187	o6	2.532	GTGCCA
1025293	1467	6m	1.057	TGCCAA
1025371	22	6m	1.606	TGCCAA
1025443	343	8m	2.214	GTGCCA
1025452	28	8m	2.662	GTGCCA
1025455	701	6m	1.932	TGCCAA
1025475	769	6m	1.222	TGCCAA
1025502	13	7A1	2.508	TGCCAA
1025529	132	7m8	1.560	TGCCAA
1025533	306	6m	1.621	TGCCAA
1025551	116	7A1	1.053	TGCCAA
1025554	155	6m	1.563	TGCCAA
1025654	2591	6m	2.576	TGCCAA
1025693	1751	6m	1.002	TGCCAA
1025715	132	7A1	2.927	TGCCAA
1025742	821	6m	1.606	TGCCAA
1025755	502	7A1	2.024	TGCCAA
1025755	632	7A1	1.712	TGCCAA
1025755	854	7A1	2.610	TGCCAA
1025850	58	o6	2.504	GTGCCA
1025937	468	o6	2.660	GTGCCA
1025940	117	6m	1.418	TGCCAA
1025965	125	o6	1.903	GTGCCA
1026087	40	6m	1.663	TGCCAA
1026110	203	7A1	2.125	TGCCAA
1026161	489	7m8	2.191	GTGCCA
1026162	879	6m	1.444	TGCCAA
1026235	394	6m	3.398	TGCCAA
1026241	25	7m8	2.743	GTGCCA
1026268	5	7A1	1.372	TGCCAA
1026375	43	6m	1.885	TGCCAA
1026378	13	o6	1.514	GTGCCA
1026452	281	7A1	1.145	TGCCAA
1026471	182	o6	2.888	GTGCCA
1026530	1100	6m	2.628	TGCCAA
1026622	313	6m	1.119	TGCCAA
1026633	271	6m	1.278	TGCCAA
1026652	2084	o6	1.517	GTGCCA
1026688	281	o6	1.215	GTGCCA
1026711	1887	6m	1.711	TGCCAA
1026761	870	6m	1.910	TGCCAA
1026792	74	7A1	1.400	TGCCAA
1026798	403	7A1	1.122	TGCCAA
1026838	941	6m	1.322	TGCCAA
1026841	2413	8m	1.254	GTGCCA
1026841	3391	8m	1.081	GTGCCA
1026841	5244	7A1	1.025	TGCCAA
1026853	155	7A1	2.425	TGCCAA
1026971	24	7m8	1.931	TGCCAA
1027030	67	6m	1.469	TGCCAA
1027308	170	o6	1.901	GTGCCA
1027357	290	o6	2.321	GTGCCA
1027572	66	8m	2.090	GTGCCA
1027683	75	o6	1.680	GTGCCA
1027716	53	o6	1.755	GTGCCA
1027756	185	7A1	2.801	TGCCAA
1027764	1210	o6	1.459	GTGCCA
1027773	943	8m	2.962	GTGCCA
1027825	307	7A1	1.690	TGCCAA
1027835	15	7A1	1.320	TGCCAA
1027867	29	8m	1.769	TGCCAA
1028001	408	7A1	1.468	TGCCAA
1028003	144	6m	1.618	TGCCAA
1028023	403	6m	1.257	TGCCAA
1028088	253	7A1	1.606	TGCCAA
1028106	590	o6	3.861	GTGCCA
1028115	403	7m8	1.042	TGCCAA
1028143	227	6m	2.415	TGCCAA
1028176	102	6m	1.061	TGCCAA
1028188	167	7m8	1.543	TGCCAA
1028214	71	7A1	2.451	TGCCAA
1028214	245	7m8	1.932	GTGCCA
1028230	348	7m8	2.009	GTGCCA
1028269	223	o6	1.500	GTGCCA
1028269	810	6m	1.846	TGCCAA
1028423	67	6m	1.427	TGCCAA
1028438	479	6m	1.973	TGCCAA
1028438	485	6m	1.973	TGCCAA
1028526	1068	6m	2.413	TGCCAA
1028632	3	7A1	1.601	TGCCAA
1028672	214	7A1	2.805	TGCCAA
1028734	711	6m	1.285	TGCCAA
1028784	170	8m	2.754	TGCCAA
1028848	96	8m	1.026	GTGCCA
1028869	255	7m8	1.638	GTGCCA
1028931	901	o6	1.922	GTGCCA
1028941	20	6m	2.298	TGCCAA
1028988	132	7m8	1.002	TGCCAA
1029003	163	o6	2.015	GTGCCA
1029051	168	o6	2.390	GTGCCA
1029055	172	8m	2.502	GTGCCA
1029097	1162	7A1	2.794	TGCCAA
1029176	266	8m	3.257	GTGCCA
1029180	39	o6	1.261	GTGCCA
1029180	346	7m8	1.966	GTGCCA
1029189	457	o6	1.105	GTGCCA
1029206	18	o6	1.086	GTGCCA
1029209	741	6m	1.431	TGCCAA
1029213	78	7A1	2.299	TGCCAA
1029278	120	6m	1.806	TGCCAA
1029298	195	7m8	2.635	TGCCAA
1029298	630	6m	1.284	TGCCAA
1029424	15	o6	1.123	GTGCCA
1029459	391	6m	2.807	TGCCAA
1029462	569	7A1	2.541	TGCCAA
1029525	531	7m8	2.335	GTGCCA
1029564	317	8m	3.034	GTGCCA
1029564	748	7A1	1.606	TGCCAA
1029564	1141	6m	3.034	TGCCAA
1029569	377	8m	2.169	GTGCCA
1029650	45	o6	1.971	GTGCCA
1029728	283	8m	2.220	GTGCCA
1029749	558	6m	2.390	TGCCAA
1029847	487	7A1	1.932	TGCCAA
1029891	292	6m	1.569	TGCCAA
1029915	160	o6	1.349	GTGCCA
1029918	15	o6	1.679	GTGCCA
1029982	576	6m	1.053	TGCCAA
1030000	306	7A1	2.875	TGCCAA
1030004	98	6m	4.112	TGCCAA
1030004	161	7A1	1.004	TGCCAA
1030192	650	7A1	2.257	TGCCAA
1030201	69	7A1	1.487	TGCCAA
1030245	166	7A1	2.506	TGCCAA
1030255	370	7A1	2.433	TGCCAA
1030266	2677	6m	1.902	TGCCAA
1030346	113	8m	1.021	GTGCCA
1030377	88	7A1	2.026	TGCCAA
1030389	37	o6	2.026	GTGCCA
1030392	362	7A1	1.468	TGCCAA
1030451	1318	7A1	3.398	TGCCAA
1030451	2213	6m	2.073	TGCCAA
1030461	107	6m	1.188	TGCCAA
1030617	328	6m	1.271	TGCCAA
1030632	258	6m	1.786	TGCCAA
1030658	573	6m	1.757	TGCCAA
1030658	1173	o6	2.477	GTGCCA
1030659	130	7A1	3.133	TGCCAA
1030670	138	6m	1.771	TGCCAA
1030713	522	o6	1.577	GTGCCA
1030751	401	7A1	1.501	TGCCAA
1030782	1987	6m	1.741	TGCCAA
1030821	59	6m	2.801	TGCCAA
1030854	67	7A1	1.419	TGCCAA
1030893	218	6m	1.284	TGCCAA
1030912	507	8m	2.341	TGCCAA
1030970	154	7A1	2.520	TGCCAA
1031013	284	o6	1.244	GTGCCA
1031078	57	7A1	2.048	TGCCAA
1031091	92	6m	1.751	TGCCAA
1031091	222	6m	2.608	TGCCAA
1031106	740	7A1	1.552	TGCCAA
1031111	877	6m	2.187	TGCCAA
1031129	275	6m	1.024	TGCCAA
1031129	470	7A1	2.400	TGCCAA
1031156	918	8m	2.385	GTGCCA
1031212	64	6m	1.345	TGCCAA
1031230	668	7m8	1.563	GTGCCA
1031245	180	7A1	1.135	TGCCAA
1031245	765	7A1	2.512	TGCCAA
1031315	745	o6	1.351	GTGCCA
1031322	92	o6	2.537	GTGCCA
1031390	7449	8m	1.033	TGCCAA
1031495	326	7m8	2.270	GTGCCA
1031498	644	o6	2.412	GTGCCA
1031498	1110	6m	1.584	TGCCAA
1031498	1937	7A1	1.240	TGCCAA
1031541	1164	6m	2.962	TGCCAA
1031605	76	6m	2.148	TGCCAA
1031616	1467	6m	3.026	TGCCAA
1031682	36	o6	1.421	GTGCCA
1031698	188	7A1	1.298	TGCCAA
1031782	403	8m	2.635	TGCCAA
1031787	16	6m	2.233	TGCCAA
1031818	192	o6	2.349	GTGCCA
1031830	403	o6	1.775	GTGCCA
1031887	177	6m	2.350	TGCCAA
1031906	47	6m	1.898	TGCCAA
1031906	789	7m8	3.975	GTGCCA
1032295	1252	o6	1.073	GTGCCA
1032325	83	6m	1.982	TGCCAA
1032333	307	7A1	2.684	TGCCAA
1032369	2516	7A1	1.924	TGCCAA
1032386	611	7m8	1.328	GTGCCA
1032386	652	6m	2.073	TGCCAA
1032386	951	7m8	1.812	GTGCCA
1032420	211	6m	1.542	TGCCAA
1032438	26	6m	1.307	TGCCAA
1032471	126	7A1	2.962	TGCCAA
1032519	507	6m	1.037	TGCCAA
1032550	51	7A1	1.798	TGCCAA
1032581	126	7A1	2.753	TGCCAA
1032607	1142	6m	2.350	TGCCAA
1032640	178	o6	2.964	GTGCCA
1032640	280	o6	2.018	GTGCCA
1032693	1243	7A1	1.484	TGCCAA
1032835	2	7A1	2.694	TGCCAA
1032840	257	6m	1.955	TGCCAA
1032840	789	8m	2.792	GTGCCA
1032855	882	6m	1.384	TGCCAA
1032858	769	6m	1.384	TGCCAA
1032861	662	6m	1.384	TGCCAA
1032864	474	6m	1.384	TGCCAA
1032876	495	6m	2.360	TGCCAA
1032876	1019	6m	1.212	TGCCAA
1032880	529	o6	1.500	GTGCCA
1032884	607	6m	2.262	TGCCAA
1032976	176	7A1	1.307	TGCCAA
1033008	44	6m	1.405	TGCCAA
1033008	714	6m	1.541	TGCCAA
1033008	3400	7A1	3.034	TGCCAA
1033008	3878	7A1	1.606	TGCCAA
1033041	1975	6m	1.214	TGCCAA
1033046	861	7A1	1.640	TGCCAA
1033085	2220	7A1	1.028	TGCCAA
1033089	664	o6	1.241	GTGCCA
1033089	1575	6m	1.084	TGCCAA
1033133	442	7A1	2.449	TGCCAA
1033152	378	7m8	2.350	GTGCCA
1033152	927	o6	1.224	GTGCCA
1033163	135	6m	2.019	TGCCAA
1033193	14	o6	1.543	GTGCCA
1033196	1126	6m	1.728	TGCCAA
1033205	426	6m	2.076	TGCCAA
1033205	1355	o6	2.544	GTGCCA
1033208	699	o6	3.271	GTGCCA
1033226	817	6m	1.859	TGCCAA
1033235	260	6m	1.337	TGCCAA
1033351	319	8m	2.733	GTGCCA
1033351	1694	6m	2.000	TGCCAA
1033362	1925	7m8	1.642	GTGCCA
1033378	148	o6	1.062	GTGCCA
1033431	1217	6m	1.017	TGCCAA
1033452	2401	6m	1.185	TGCCAA
1033535	206	7A1	1.941	TGCCAA
1033535	317	7A1	2.648	TGCCAA
1033535	534	o6	4.044	GTGCCA
1033565	3813	o6	1.235	GTGCCA
1033583	158	8m	1.764	GTGCCA
1033598	4263	6m	1.610	TGCCAA
1033602	2005	6m	2.561	TGCCAA
1033616	740	6m	1.713	TGCCAA
1033616	1321	7A1	1.132	TGCCAA
1033616	1707	6m	1.380	TGCCAA
1033634	309	7A1	4.515	TGCCAA
1033637	13	7A1	1.184	TGCCAA
1033643	33	o6	1.706	GTGCCA
1033678	1105	8m	2.537	GTGCCA
1033699	134	o6	1.786	GTGCCA
1033711	295	6m	2.218	TGCCAA
1033726	37	6m	2.719	TGCCAA
1033789	11	o6	4.752	GTGCCA
1033795	1787	6m	1.606	TGCCAA
1033803	550	6m	1.130	TGCCAA
1033827	1167	o6	1.952	GTGCCA
1033838	318	o6	1.856	GTGCCA
1033883	919	o6	1.801	GTGCCA
1033906	190	6m	2.184	TGCCAA
1033960	953	6m	1.606	TGCCAA
1033960	1765	6m	1.084	TGCCAA
1033995	641	7m8	1.285	GTGCCA
1034068	4766	6m	1.348	TGCCAA
1034152	149	o6	3.182	GTGCCA
1034152	247	o6	3.339	GTGCCA
1034161	45	7A1	2.009	TGCCAA
1034202	144	o6	3.724	GTGCCA
1034202	275	8m	2.067	TGCCAA
1034202	4602	6m	1.536	TGCCAA
1034296	228	6m	2.854	TGCCAA
1034304	2601	7A1	2.309	TGCCAA
1034304	3184	6m	2.366	TGCCAA
1034328	446	8m	2.646	GTGCCA
1034334	171	o6	1.328	GTGCCA
1034347	1103	7A1	2.145	TGCCAA
1034386	349	6m	1.417	TGCCAA
1034416	778	7A1	1.934	TGCCAA
1034427	290	7A1	2.377	TGCCAA
1034448	688	7A1	1.027	TGCCAA
1034496	25	6m	2.495	TGCCAA
1034499	350	6m	1.427	TGCCAA
1034500	42	7A1	1.746	TGCCAA
1034500	265	6m	1.158	TGCCAA
1034529	561	7A1	2.689	TGCCAA
1034539	944	7A1	3.475	TGCCAA
1034539	3115	7A1	1.548	TGCCAA
1034551	32	o6	1.682	GTGCCA
1034556	181	o6	1.795	GTGCCA
1034583	1661	7A1	1.784	TGCCAA
1034679	3029	6m	1.325	TGCCAA
1034687	276	o6	1.315	GTGCCA
1034690	1448	8m	2.886	GTGCCA
1034706	49	o6	4.225	GTGCCA
1034739	1374	o6	1.070	GTGCCA
1034745	95	6m	1.484	TGCCAA
1034789	121	7A1	1.180	TGCCAA
1034800	172	8m	2.843	GTGCCA
1034836	993	6m	1.560	TGCCAA
1034984	96	6m	2.212	TGCCAA
1034994	136	6m	1.814	TGCCAA
1035001	1244	7A1	1.560	TGCCAA
1035010	363	7m8	1.649	GTGCCA
1035046	113	7A1	1.623	TGCCAA
1035192	380	o6	3.533	GTGCCA
1035198	2647	7A1	2.231	TGCCAA
1035198	3041	6m	1.822	TGCCAA
1035203	154	6m	1.413	TGCCAA
1035248	719	6m	2.315	TGCCAA
1035248	2159	o6	1.124	GTGCCA
1035288	321	7A1	2.064	TGCCAA
1035314	694	7A1	1.680	TGCCAA
1035314	1036	8m	2.497	GTGCCA
1035426	269	o6	2.377	GTGCCA
1035536	162	6m	1.527	TGCCAA
1035569	5302	7A1	2.463	TGCCAA
1035569	8090	o6	2.199	GTGCCA
1035575	611	7A1	1.156	TGCCAA
1035582	127	o6	1.037	GTGCCA
1035582	1807	7A1	1.191	TGCCAA
1035620	0	o6	1.172	GTGCCA
1035656	17	o6	2.687	GTGCCA
1035656	25	o6	2.048	GTGCCA
1035656	1338	6m	2.958	TGCCAA
1035687	75	8m	1.762	GTGCCA
1035687	773	o6	3.960	GTGCCA
1035711	304	o6	2.933	GTGCCA
1035768	1250	6m	2.065	TGCCAA
1035783	1698	7m8	1.560	GTGCCA
1035783	3064	6m	1.380	TGCCAA
1035801	3270	6m	3.642	TGCCAA
1035882	23	7A1	2.331	TGCCAA
1035910	52	6m	1.373	TGCCAA
1035974	855	o6	2.981	GTGCCA
1035992	15	6m	1.495	TGCCAA
1036001	1530	6m	1.407	TGCCAA
1036040	47	7m8	1.057	TGCCAA
1036053	1667	7A1	2.463	TGCCAA
1036080	167	7A1	1.855	TGCCAA
1036088	266	o6	4.504	GTGCCA
1036100	201	o6	1.846	GTGCCA
1036118	37	7A1	3.177	TGCCAA
1036127	1993	o6	1.035	GTGCCA
1036127	4897	6m	2.163	TGCCAA
1036127	9275	6m	1.395	TGCCAA
1036127	11696	6m	1.531	TGCCAA
1036154	3181	6m	1.084	TGCCAA
1036160	115	7A1	2.195	TGCCAA
1036160	591	6m	3.567	TGCCAA
1036274	54	o6	2.598	GTGCCA
1036290	112	8m	3.649	GTGCCA
1036313	152	6m	1.311	TGCCAA
1036355	389	o6	2.467	GTGCCA
1036374	2318	7A1	1.400	TGCCAA
1036381	2261	o6	1.809	GTGCCA
1036419	302	7A1	3.214	TGCCAA
1036420	516	o6	2.362	GTGCCA
1036467	103	o6	2.062	GTGCCA
1036471	244	7A1	1.790	TGCCAA
1036497	485	6m	1.470	TGCCAA
1036558	997	o6	2.182	GTGCCA
1036568	1770	6m	1.633	TGCCAA
1036568	3761	8m	2.005	GTGCCA
1036601	2002	6m	2.053	TGCCAA
1036682	1470	6m	1.193	TGCCAA
1036779	33	7A1	3.250	TGCCAA
1036788	324	7A1	1.456	TGCCAA
1036788	1601	6m	2.213	TGCCAA
1036788	2597	6m	2.866	TGCCAA
1036910	606	6m	2.426	TGCCAA
1036910	1301	6m	2.900	TGCCAA
1036951	315	7m8	3.981	TGCCAA
1036991	3315	o6	1.623	GTGCCA
1037111	163	7m8	1.396	TGCCAA
1037138	28	o6	1.286	GTGCCA
1037138	72	6m	1.410	TGCCAA
1037144	23	7m8	2.198	GTGCCA
1037307	424	o6	1.565	GTGCCA
1037402	220	8m	1.751	TGCCAA
1037413	132	o6	1.525	GTGCCA
1037422	841	7A1	2.286	TGCCAA
1037437	332	6m	1.341	TGCCAA
1037615	489	6m	1.368	TGCCAA
1037691	391	o6	2.615	GTGCCA
1037694	72	o6	1.336	GTGCCA
1037702	113	o6	1.092	GTGCCA
1037715	1049	o6	2.902	GTGCCA
1037796	74	7A1	1.652	TGCCAA
1037845	661	7m8	2.194	GTGCCA
1037982	225	o6	1.155	GTGCCA
1038066	2114	8m	2.755	GTGCCA
1038085	643	6m	1.015	TGCCAA
1038118	16	7A1	1.400	TGCCAA
1038160	719	o6	3.519	GTGCCA
1038207	16	6m	1.568	TGCCAA
1038214	1452	7m8	2.584	GTGCCA
1038244	341	7A1	1.222	TGCCAA
1038293	191	o6	1.006	GTGCCA
1038312	1689	7A1	1.186	TGCCAA
1038342	841	6m	2.598	TGCCAA
1038410	28	6m	3.848	TGCCAA
1038440	1561	o6	1.995	GTGCCA
1038440	2470	o6	1.006	GTGCCA
1038456	124	7m8	2.669	GTGCCA
1038529	375	8m	4.317	GTGCCA
1038529	1687	7A1	2.394	TGCCAA
1038574	61	7A1	1.459	TGCCAA
1038605	163	7A1	3.143	TGCCAA
1038626	53	7m8	3.284	GTGCCA
1038640	1927	8m	2.592	GTGCCA
1038640	2052	o6	1.073	GTGCCA
1038685	39	7A1	1.727	TGCCAA
1038704	308	6m	1.093	TGCCAA
1038757	156	7m8	3.785	GTGCCA
1038796	1149	o6	2.374	GTGCCA
1038832	246	o6	1.682	GTGCCA
1038885	138	6m	2.740	TGCCAA
1038891	109	7m8	3.314	TGCCAA
1038923	362	7m8	3.506	GTGCCA
1038923	1628	6m	1.971	TGCCAA
1038930	116	8m	2.918	GTGCCA
1038936	151	7A1	2.612	TGCCAA
1038954	1164	o6	1.754	GTGCCA
1039069	192	7A1	3.757	TGCCAA
1039147	59	6m	1.067	TGCCAA
1039151	14	7A1	1.400	TGCCAA
1039151	503	7A1	1.952	TGCCAA
1039199	636	o6	3.724	GTGCCA
1039218	16	6m	2.556	TGCCAA
1039259	135	o6	1.035	GTGCCA
1039267	88	7A1	3.340	TGCCAA
1039282	362	o6	1.560	GTGCCA
1039282	577	6m	1.851	TGCCAA
1039301	474	7m8	3.255	GTGCCA
1039337	37	6m	1.270	TGCCAA
1039376	36	6m	2.748	TGCCAA
1039445	25	7A1	4.260	TGCCAA
1039469	1467	7m8	2.624	GTGCCA
1039481	22	7A1	3.754	TGCCAA
1039481	984	6m	1.103	TGCCAA
1039502	1930	6m	3.516	TGCCAA
1039502	5475	7A1	3.937	TGCCAA
1039556	548	o6	1.261	GTGCCA
1039578	1233	7A1	1.349	TGCCAA
1039578	5372	o6	3.857	GTGCCA
1039606	482	8m	2.627	GTGCCA
1039606	527	7A1	1.591	TGCCAA
1039636	1589	6m	1.040	TGCCAA
1039706	102	8m	2.603	TGCCAA
1039797	569	6m	1.931	TGCCAA
1039808	553	6m	1.188	TGCCAA
1039811	508	6m	1.188	TGCCAA
1039831	531	o6	2.036	GTGCCA
1039831	970	6m	2.843	TGCCAA
1039831	1737	6m	1.753	TGCCAA
1039831	1780	6m	2.497	TGCCAA
1039831	1936	7A1	1.626	TGCCAA
1039853	2405	6m	2.533	TGCCAA
1039853	4532	6m	2.981	TGCCAA
1039858	1297	6m	2.392	TGCCAA
1039858	5390	7A1	1.924	TGCCAA
1039919	0	6m	2.255	TGCCAA
1039920	19	7m8	3.297	GTGCCA
1039931	473	6m	3.633	TGCCAA
1039932	180	7m8	3.597	GTGCCA
1039950	738	6m	1.845	TGCCAA
1039959	1590	7A1	3.244	TGCCAA
1039959	1697	7A1	2.794	TGCCAA
1039965	92	8m	2.612	GTGCCA
1040004	1050	7m8	1.093	GTGCCA
1040007	1422	8m	3.398	GTGCCA
1040031	999	6m	3.213	TGCCAA
1040037	542	6m	1.188	TGCCAA
1040048	995	6m	1.455	TGCCAA
1040048	2533	7A1	2.775	TGCCAA
1040057	191	o6	1.395	GTGCCA
1040070	1240	6m	1.413	TGCCAA
1040070	3570	o6	1.954	GTGCCA
1040148	2576	o6	1.284	GTGCCA
1040165	204	6m	1.700	TGCCAA
1040189	59	6m	1.018	TGCCAA
1040210	13	8m	1.493	TGCCAA
1040214	2015	6m	2.262	TGCCAA
1040214	2119	o6	2.262	GTGCCA
1040228	976	7A1	2.807	TGCCAA
1040234	707	6m	1.073	TGCCAA
1040234	1122	6m	1.751	TGCCAA
1040298	4469	7m8	2.705	GTGCCA
1040303	1862	7m8	3.319	GTGCCA
1040304	2229	6m	1.573	TGCCAA
1040318	94	7m8	1.042	GTGCCA
1040318	281	6m	1.603	TGCCAA
1040318	1369	6m	1.101	TGCCAA
1040318	1612	o6	2.667	GTGCCA
1040331	401	7A1	1.152	TGCCAA
1040331	697	8m	1.849	GTGCCA
1040334	435	7m8	2.849	GTGCCA
1040337	3329	7A1	2.111	TGCCAA
1040337	3700	7m8	1.261	GTGCCA
1040342	281	6m	1.419	TGCCAA
1040346	103	6m	2.238	TGCCAA
1040346	115	6m	1.624	TGCCAA
1040346	5993	6m	1.949	TGCCAA
1040352	3384	8m	3.524	GTGCCA
1040355	687	8m	3.331	GTGCCA
1040367	256	o6	2.326	GTGCCA
1040387	1071	o6	2.048	GTGCCA
1040395	1206	6m	1.135	TGCCAA
1040395	1746	6m	1.949	TGCCAA
1040417	1410	7m8	1.584	GTGCCA
1040434	1666	8m	2.763	GTGCCA
1040438	1494	8m	3.812	TGCCAA
1040461	409	7A1	1.861	TGCCAA
1040503	394	8m	2.559	GTGCCA
1040503	416	8m	2.559	GTGCCA
1040538	845	6m	1.839	TGCCAA
1040542	2049	o6	3.353	GTGCCA
1040560	265	o6	1.550	GTGCCA
1040560	1741	6m	1.188	TGCCAA
1040589	1574	6m	1.235	TGCCAA
1040590	1668	8m	2.353	GTGCCA
1040590	7506	7A1	2.375	TGCCAA
1040623	653	o6	1.227	GTGCCA
1040623	660	o6	1.227	GTGCCA
1040623	667	o6	1.133	GTGCCA
1040635	1430	o6	2.904	GTGCCA
1040646	2695	8m	1.169	GTGCCA
1040661	564	6m	2.377	TGCCAA
