1000011	844	o6	1.025	CGGTTT
1000021	716	7A1	2.807	GGTTTC
1000081	196	o6	1.467	CGGTTT
1000177	27	7A1	1.680	GGTTTC
1000200	17	6m	3.226	GGTTTC
1000264	156	o6	1.073	CGGTTT
1000282	351	6m	2.155	GGTTTC
1000373	881	o6	2.883	CGGTTT
1000380	115	o6	2.289	CGGTTT
1000386	1099	8m	2.026	GGTTTC
1000391	19	o6	2.025	CGGTTT
1000443	1184	6m	2.390	GGTTTC
1000478	414	7m8	3.034	GGTTTC
1000653	448	6m	1.299	GGTTTC
1000779	274	6m	1.424	GGTTTC
1000803	730	o6	1.308	CGGTTT
1000907	433	8m	1.606	GGTTTC
1000991	1118	8m	1.585	CGGTTT
1001054	251	o6	1.133	CGGTTT
1001139	364	o6	1.163	CGGTTT
1001170	178	6m	1.027	GGTTTC
1001325	131	8m	1.952	CGGTTT
1001378	408	o6	1.309	CGGTTT
1001417	333	6m	1.245	GGTTTC
1001440	2718	7m8	1.711	CGGTTT
1001494	380	6m	2.378	GGTTTC
1001514	1822	7A1	1.321	GGTTTC
1001515	403	6m	2.533	GGTTTC
1001620	248	o6	2.206	CGGTTT
1001694	138	6m	2.225	GGTTTC
1001724	88	o6	1.353	CGGTTT
1001745	10	o6	2.017	CGGTTT
1001817	220	8m	2.336	GGTTTC
1001934	301	o6	1.201	CGGTTT
1002032	60	o6	1.002	CGGTTT
1002081	56	7A1	2.277	GGTTTC
1002084	55	o6	2.188	CGGTTT
1002236	753	7A1	2.110	GGTTTC
1002374	73	6m	1.980	GGTTTC
1002485	13	6m	1.787	GGTTTC
1002527	6	6m	1.356	GGTTTC
1002700	272	o6	1.408	CGGTTT
1002826	827	o6	1.514	CGGTTT
1002901	883	7A1	2.302	GGTTTC
1003143	747	7A1	1.227	GGTTTC
1003170	465	6m	1.009	GGTTTC
1003247	40	7A1	3.016	GGTTTC
1003248	1136	o6	1.684	CGGTTT
1003266	423	o6	3.058	CGGTTT
1003495	164	6m	1.394	GGTTTC
1003576	468	7m8	1.966	CGGTTT
1003671	169	o6	1.074	CGGTTT
1003699	14	6m	1.202	GGTTTC
1003968	245	o6	1.180	CGGTTT
1004136	69	7A1	1.585	GGTTTC
1004482	244	o6	2.274	CGGTTT
1004512	77	6m	1.314	GGTTTC
1004999	253	o6	1.284	CGGTTT
1005085	75	6m	1.187	GGTTTC
1005216	1039	6m	3.411	GGTTTC
1005216	1601	o6	1.320	CGGTTT
1005335	711	o6	2.476	CGGTTT
1005349	2484	6m	1.053	GGTTTC
1005646	2615	7A1	1.402	GGTTTC
1005752	691	6m	1.566	GGTTTC
1005993	107	6m	1.394	GGTTTC
1006107	1678	6m	2.054	GGTTTC
1006166	925	6m	2.294	GGTTTC
1006570	542	o6	1.557	CGGTTT
1006599	219	o6	1.053	CGGTTT
1006639	19	6m	1.067	GGTTTC
1006707	627	6m	2.648	GGTTTC
1006707	649	o6	1.284	CGGTTT
1006735	2190	o6	2.318	CGGTTT
1006872	344	7m8	2.483	CGGTTT
1007017	1035	o6	1.982	CGGTTT
1007110	64	o6	2.678	CGGTTT
1007115	865	7A1	3.205	GGTTTC
1007242	3402	7A1	3.005	GGTTTC
1007252	240	6m	2.286	GGTTTC
1007502	762	o6	2.148	CGGTTT
1007511	116	6m	1.037	GGTTTC
1007547	1223	6m	1.082	GGTTTC
1007646	70	7A1	2.520	GGTTTC
1007698	1149	6m	1.405	GGTTTC
1007710	223	7A1	2.588	GGTTTC
1007750	638	6m	1.606	GGTTTC
1007764	699	6m	1.315	GGTTTC
1007869	570	o6	1.233	CGGTTT
1007909	426	6m	1.952	GGTTTC
1007932	2084	o6	1.235	CGGTTT
1007969	500	6m	2.248	GGTTTC
1007980	1636	o6	1.278	CGGTTT
1007980	1643	6m	2.508	GGTTTC
1008004	153	7m8	1.886	CGGTTT
1008465	30	7m8	1.853	GGTTTC
1008557	126	o6	1.401	CGGTTT
1008615	436	6m	1.380	GGTTTC
1008666	2188	o6	2.208	CGGTTT
1008749	867	o6	1.244	CGGTTT
1008768	113	7m8	2.544	CGGTTT
1008860	433	o6	2.067	CGGTTT
1008933	182	o6	2.930	CGGTTT
1009222	797	6m	2.276	GGTTTC
1009352	324	o6	2.020	CGGTTT
1009434	354	7A1	2.073	GGTTTC
1009834	862	7A1	3.626	GGTTTC
1009948	566	o6	1.606	CGGTTT
1010232	1227	6m	3.034	GGTTTC
1010232	1257	7A1	2.660	GGTTTC
1010232	1987	8m	2.876	CGGTTT
1010238	854	6m	3.034	GGTTTC
1010238	884	7A1	2.660	GGTTTC
1010238	1614	8m	2.876	CGGTTT
1010250	1693	6m	1.567	GGTTTC
1010331	530	6m	1.186	GGTTTC
1010365	189	6m	1.962	GGTTTC
1010409	146	o6	1.155	CGGTTT
1010608	26	o6	1.680	CGGTTT
1010652	1056	6m	1.274	GGTTTC
1011167	46	o6	1.073	CGGTTT
1011207	36	6m	1.426	GGTTTC
1011251	6	6m	2.236	GGTTTC
1011369	338	6m	1.405	GGTTTC
1011369	977	o6	1.576	CGGTTT
1011430	925	o6	2.314	CGGTTT
1011430	2052	7A1	2.314	GGTTTC
1011490	1094	o6	2.854	CGGTTT
1011491	179	6m	1.715	GGTTTC
1011608	131	6m	2.544	GGTTTC
1011821	69	o6	1.957	CGGTTT
1012020	981	6m	1.505	GGTTTC
1012032	947	6m	1.563	GGTTTC
1012430	515	8m	1.180	CGGTTT
1012543	80	o6	1.194	CGGTTT
1012776	859	8m	2.427	CGGTTT
1012797	981	6m	2.532	GGTTTC
1012819	254	o6	2.153	CGGTTT
1012819	305	o6	1.032	CGGTTT
1012912	101	6m	2.098	GGTTTC
1013073	1060	6m	2.533	GGTTTC
1013073	1276	6m	2.023	GGTTTC
1013246	939	7A1	2.065	GGTTTC
1013286	404	6m	1.482	GGTTTC
1013286	417	o6	1.741	CGGTTT
1013382	199	o6	3.034	CGGTTT
1013536	243	6m	1.595	GGTTTC
1013536	249	o6	2.073	CGGTTT
1013603	174	o6	1.606	CGGTTT
1013676	898	8m	2.596	GGTTTC
1013725	147	6m	2.559	GGTTTC
1013799	460	o6	1.210	CGGTTT
1014127	45	6m	2.197	GGTTTC
1014183	314	o6	1.416	CGGTTT
1014436	473	6m	1.120	GGTTTC
1014638	807	7m8	2.195	GGTTTC
1014655	984	o6	1.187	CGGTTT
1014655	1465	o6	1.088	CGGTTT
1014784	92	o6	1.082	CGGTTT
1014784	126	8m	1.094	GGTTTC
1014884	1688	6m	2.660	GGTTTC
1014892	134	6m	2.981	GGTTTC
1014895	129	o6	1.015	CGGTTT
1015021	736	6m	1.445	GGTTTC
1015041	5776	7A1	1.322	GGTTTC
1015047	2034	7A1	2.409	GGTTTC
1015145	3695	6m	2.331	GGTTTC
1015348	643	7m8	2.764	GGTTTC
1015375	560	7A1	1.557	GGTTTC
1015394	743	o6	1.803	CGGTTT
1015430	58	7m8	1.198	GGTTTC
1015480	1207	7m8	2.433	CGGTTT
1015555	3046	6m	2.427	GGTTTC
1015590	127	o6	1.185	CGGTTT
1015676	1482	7A1	2.534	GGTTTC
1015690	471	o6	1.318	CGGTTT
1015722	702	o6	1.952	CGGTTT
1015789	351	o6	2.350	CGGTTT
1015823	710	6m	2.314	GGTTTC
1016011	996	6m	2.501	GGTTTC
1016052	57	6m	1.690	GGTTTC
1016109	113	o6	2.623	CGGTTT
1016176	1933	6m	2.026	GGTTTC
1016323	85	6m	1.322	GGTTTC
1016422	691	7m8	2.148	GGTTTC
1016431	791	o6	1.115	CGGTTT
1016449	3264	7m8	2.538	CGGTTT
1016455	3	o6	2.079	CGGTTT
1016464	69	6m	1.805	GGTTTC
1016512	1	7A1	1.162	GGTTTC
1016574	5566	6m	2.101	GGTTTC
1016581	1205	7A1	2.141	GGTTTC
1016599	940	7A1	2.220	GGTTTC
1016623	517	6m	1.161	GGTTTC
1016682	176	o6	1.597	CGGTTT
1016713	2885	o6	1.321	CGGTTT
1016713	2966	7A1	3.034	GGTTTC
1016713	4230	o6	1.606	CGGTTT
1016773	103	o6	1.209	CGGTTT
1016787	959	6m	2.010	GGTTTC
1016787	3905	6m	1.306	GGTTTC
1016794	602	7m8	1.284	CGGTTT
1016832	1250	6m	2.239	GGTTTC
1016839	228	o6	1.255	CGGTTT
1016908	24	6m	1.232	GGTTTC
1016952	303	6m	2.196	GGTTTC
1017018	1421	o6	2.302	CGGTTT
1017019	584	8m	1.910	CGGTTT
1017036	1679	7A1	1.022	GGTTTC
1017118	196	o6	1.906	CGGTTT
1017157	566	o6	1.342	CGGTTT
1017197	865	7m8	2.341	CGGTTT
1017204	1645	7A1	1.342	GGTTTC
1017254	1641	7A1	1.946	GGTTTC
1017451	1714	o6	2.477	CGGTTT
1017511	331	7A1	1.228	GGTTTC
1017524	427	o6	1.053	CGGTTT
1017557	447	o6	1.947	CGGTTT
1017585	186	7m8	1.015	GGTTTC
1017614	1786	6m	2.915	GGTTTC
1017614	3924	6m	2.427	GGTTTC
1017827	28	o6	1.229	CGGTTT
1017886	33	8m	1.284	GGTTTC
1018134	1156	7A1	3.191	GGTTTC
1018185	622	o6	2.728	CGGTTT
1018243	1399	6m	1.569	GGTTTC
1018257	826	6m	2.473	GGTTTC
1018344	36	o6	1.156	CGGTTT
1018353	634	o6	1.405	CGGTTT
1018409	59	6m	1.407	GGTTTC
1018619	163	6m	1.053	GGTTTC
1018619	1199	o6	1.053	CGGTTT
1018632	3022	6m	2.686	GGTTTC
1018860	62	8m	2.520	GGTTTC
1018905	141	o6	2.226	CGGTTT
1018984	490	o6	2.144	CGGTTT
1018998	397	6m	2.088	GGTTTC
1019023	160	8m	1.284	GGTTTC
1019031	319	o6	1.186	CGGTTT
1019240	673	8m	2.390	GGTTTC
1019323	851	o6	1.076	CGGTTT
1019465	924	6m	2.008	GGTTTC
1019925	1145	o6	1.740	CGGTTT
1019995	504	o6	3.398	CGGTTT
1020059	497	6m	1.690	GGTTTC
1020139	925	6m	1.606	GGTTTC
1020166	314	o6	1.284	CGGTTT
1020280	879	6m	1.606	GGTTTC
1020319	1465	7A1	1.577	GGTTTC
1020384	76	o6	1.666	CGGTTT
1020486	556	o6	1.029	CGGTTT
1020728	2	7A1	1.690	GGTTTC
1020728	258	7m8	2.062	CGGTTT
1020931	83	6m	1.818	GGTTTC
1020992	758	6m	1.596	GGTTTC
1021014	58	8m	4.854	GGTTTC
1021302	42	8m	1.458	GGTTTC
1021302	53	8m	1.016	CGGTTT
1021540	2716	o6	3.034	CGGTTT
1021729	69	o6	1.690	CGGTTT
1021840	1096	o6	1.098	CGGTTT
1021850	838	o6	1.009	CGGTTT
1021879	373	6m	2.025	GGTTTC
1022338	308	o6	1.748	CGGTTT
1022338	2100	7m8	1.605	CGGTTT
1022410	21	7m8	1.062	GGTTTC
1022443	523	6m	2.856	GGTTTC
1022492	27	o6	2.052	CGGTTT
1022632	381	o6	2.744	CGGTTT
1022838	196	6m	1.014	GGTTTC
1022989	255	o6	1.808	CGGTTT
1023104	996	7A1	2.660	GGTTTC
1023127	431	7m8	1.105	CGGTTT
1023157	422	7A1	2.304	GGTTTC
1023188	750	o6	2.083	CGGTTT
1023289	1409	7A1	3.592	GGTTTC
1023340	114	7m8	1.471	CGGTTT
1023459	26	8m	3.347	GGTTTC
1023572	1880	o6	1.073	CGGTTT
1023594	1167	7A1	2.400	GGTTTC
1023599	3215	6m	1.017	GGTTTC
1023599	6190	6m	2.350	GGTTTC
1023599	7229	6m	1.053	GGTTTC
1023599	7763	7A1	2.350	GGTTTC
1023784	4554	6m	2.212	GGTTTC
1023850	718	7A1	2.676	GGTTTC
1023869	44	6m	1.190	GGTTTC
1023882	2255	7A1	1.322	GGTTTC
1023885	2084	7A1	1.267	GGTTTC
1023891	90	6m	1.538	GGTTTC
1023927	549	7m8	1.322	CGGTTT
1023956	8	o6	1.202	CGGTTT
1024019	965	6m	2.433	GGTTTC
1024031	678	7A1	2.433	GGTTTC
1024085	709	7m8	2.278	CGGTTT
1024109	81	7m8	2.019	GGTTTC
1024145	648	o6	1.159	CGGTTT
1024159	772	o6	2.125	CGGTTT
1024195	1207	7m8	1.298	GGTTTC
1024228	515	o6	2.125	CGGTTT
1024393	1359	6m	2.183	GGTTTC
1024397	1638	7m8	2.640	CGGTTT
1024406	357	7A1	2.966	GGTTTC
1024415	54	6m	1.026	GGTTTC
1024510	499	6m	1.028	GGTTTC
1024510	664	o6	1.013	CGGTTT
1024634	75	6m	1.177	GGTTTC
1024634	657	6m	1.997	GGTTTC
1024639	110	7A1	3.246	GGTTTC
1024648	7342	6m	1.047	GGTTTC
1024648	14922	6m	2.054	GGTTTC
1024648	14928	7m8	2.248	GGTTTC
1024654	1498	6m	2.350	GGTTTC
1024715	1791	7m8	2.757	GGTTTC
1024715	3653	o6	2.422	CGGTTT
1024733	741	6m	2.904	GGTTTC
1024748	62	7A1	2.154	GGTTTC
1024829	3844	o6	1.649	CGGTTT
1024891	585	6m	1.236	GGTTTC
1024895	1007	7A1	1.809	GGTTTC
1024935	1270	7A1	3.630	GGTTTC
1025046	538	6m	1.155	GGTTTC
1025055	414	6m	2.544	GGTTTC
1025150	594	8m	1.298	GGTTTC
1025213	177	o6	1.652	CGGTTT
1025235	312	o6	1.577	CGGTTT
1025256	272	6m	1.057	GGTTTC
1025269	844	o6	1.093	CGGTTT
1025352	317	8m	1.711	GGTTTC
1025353	685	7A1	3.034	GGTTTC
1025475	1699	7m8	2.778	GGTTTC
1025941	162	6m	1.475	GGTTTC
1026035	13	6m	1.348	GGTTTC
1026048	69	o6	1.285	CGGTTT
1026117	474	6m	1.020	GGTTTC
1026284	384	o6	3.619	CGGTTT
1026406	183	o6	1.304	CGGTTT
1026591	283	6m	1.968	GGTTTC
1026652	1670	8m	1.087	CGGTTT
1026657	794	o6	2.341	CGGTTT
1026657	1544	7A1	1.322	GGTTTC
1026660	271	o6	2.341	CGGTTT
1026660	1021	7A1	1.322	GGTTTC
1026708	960	o6	1.290	CGGTTT
1026761	436	o6	1.202	CGGTTT
1026853	3421	o6	1.598	CGGTTT
1026974	223	o6	1.315	CGGTTT
1027037	480	o6	2.776	CGGTTT
1027261	29	7m8	2.355	GGTTTC
1027308	409	8m	2.108	GGTTTC
1027438	1523	7m8	1.487	CGGTTT
1027549	230	6m	1.284	GGTTTC
1027622	18	o6	1.410	CGGTTT
1027761	572	6m	2.155	GGTTTC
1027954	243	6m	1.299	GGTTTC
1028007	947	o6	1.052	CGGTTT
1028106	596	6m	2.226	GGTTTC
1028269	251	o6	1.288	CGGTTT
1028360	68	6m	1.116	GGTTTC
1028464	17	o6	1.354	CGGTTT
1028464	150	o6	2.622	CGGTTT
1028734	416	7A1	2.480	GGTTTC
1028734	5256	6m	2.981	GGTTTC
1028791	68	o6	1.073	CGGTTT
1028794	149	6m	1.906	GGTTTC
1028878	159	6m	1.525	GGTTTC
1029192	897	7A1	2.404	GGTTTC
1029525	126	7m8	1.664	GGTTTC
1029532	1444	o6	1.488	CGGTTT
1029550	39	8m	1.210	CGGTTT
1029679	265	o6	1.692	CGGTTT
1029685	356	6m	1.367	GGTTTC
1029728	643	7A1	2.220	GGTTTC
1029846	149	8m	1.010	GGTTTC
1029870	112	6m	2.138	GGTTTC
1030027	83	o6	1.084	CGGTTT
1030189	2158	o6	1.004	CGGTTT
1030205	531	7A1	1.222	GGTTTC
1030266	2282	o6	1.577	CGGTTT
1030266	2533	6m	1.439	GGTTTC
1030468	943	6m	2.276	GGTTTC
1030476	197	6m	2.544	GGTTTC
1030482	481	6m	2.544	GGTTTC
1030565	320	6m	1.709	GGTTTC
1030721	168	6m	2.013	GGTTTC
1030821	20	6m	1.137	GGTTTC
1031094	162	6m	2.446	GGTTTC
1031111	752	7A1	1.284	GGTTTC
1031390	6811	7A1	2.807	GGTTTC
1031530	254	o6	2.648	CGGTTT
1031544	578	7A1	1.318	GGTTTC
1031787	124	7m8	2.286	GGTTTC
1031787	301	6m	2.267	GGTTTC
1031805	513	8m	1.101	CGGTTT
1031994	2105	6m	2.660	GGTTTC
1032031	1820	7m8	2.095	GGTTTC
1032203	1112	o6	1.522	CGGTTT
1032203	1187	6m	2.433	GGTTTC
1032265	26	7A1	2.309	GGTTTC
1032309	125	7A1	1.255	GGTTTC
1032333	1902	6m	2.901	GGTTTC
1032366	778	o6	1.690	CGGTTT
1032369	3204	6m	2.665	GGTTTC
1032459	258	o6	1.088	CGGTTT
1032508	339	6m	2.988	GGTTTC
1032622	3092	o6	1.606	CGGTTT
1032688	75	7A1	1.845	GGTTTC
1032722	37	6m	1.214	GGTTTC
1032760	41	o6	1.271	CGGTTT
1032867	220	6m	1.264	GGTTTC
1032876	937	7m8	1.533	GGTTTC
1032880	557	o6	1.288	CGGTTT
1032884	719	7A1	2.807	GGTTTC
1032918	991	7m8	2.095	GGTTTC
1032921	232	7m8	1.540	GGTTTC
1032976	306	7m8	1.004	CGGTTT
1032995	95	o6	1.467	CGGTTT
1033008	2636	6m	2.025	GGTTTC
1033028	928	7A1	1.288	GGTTTC
1033085	47	o6	1.298	CGGTTT
1033085	1497	7A1	3.058	GGTTTC
1033141	1714	6m	1.212	GGTTTC
1033151	478	o6	2.298	CGGTTT
1033160	230	o6	1.321	CGGTTT
1033351	108	o6	2.543	CGGTTT
1033351	1388	8m	2.460	GGTTTC
1033354	183	6m	1.270	GGTTTC
1033409	926	8m	2.981	CGGTTT
1033409	1016	7A1	2.652	GGTTTC
1033481	4348	7A1	3.286	GGTTTC
1033535	372	7m8	2.788	GGTTTC
1033565	4192	o6	1.298	CGGTTT
1033571	1406	6m	2.794	GGTTTC
1033598	3025	o6	2.184	CGGTTT
1033602	1306	6m	1.284	GGTTTC
1033700	243	o6	1.936	CGGTTT
1033735	627	o6	1.147	CGGTTT
1033735	659	7A1	1.177	GGTTTC
1033739	174	7A1	1.077	GGTTTC
1033795	1648	8m	2.025	GGTTTC
1033978	471	6m	2.675	GGTTTC
1034164	769	o6	2.912	CGGTTT
1034295	234	6m	3.039	GGTTTC
1034304	3125	7m8	2.020	GGTTTC
1034331	1824	7A1	3.245	GGTTTC
1034347	852	6m	2.071	GGTTTC
1034365	106	o6	1.074	CGGTTT
1034469	434	7A1	1.354	GGTTTC
1034469	1845	o6	2.194	CGGTTT
1034569	4273	o6	1.482	CGGTTT
1034569	6527	o6	1.313	CGGTTT
1034748	1551	o6	2.858	CGGTTT
1034771	150	o6	1.289	CGGTTT
1034771	1271	7A1	2.816	GGTTTC
1034843	25	o6	2.427	CGGTTT
1034995	3601	o6	1.307	CGGTTT
1034995	4739	7A1	2.062	GGTTTC
1035010	60	o6	3.294	CGGTTT
1035015	37	o6	2.046	CGGTTT
1035015	158	7m8	3.338	CGGTTT
1035043	1988	6m	2.321	GGTTTC
1035103	32	7A1	2.927	GGTTTC
1035192	854	6m	2.220	GGTTTC
1035198	389	6m	1.675	GGTTTC
1035198	401	7m8	1.548	CGGTTT
1035198	775	7A1	1.526	GGTTTC
1035380	942	o6	2.373	CGGTTT
1035477	15	o6	2.198	CGGTTT
1035477	530	7A1	1.199	GGTTTC
1035506	609	6m	3.413	GGTTTC
1035569	12176	7A1	2.244	GGTTTC
1035801	1965	o6	2.583	CGGTTT
1035843	3000	7A1	2.801	GGTTTC
1035945	3648	7m8	1.077	CGGTTT
1035963	325	8m	2.354	CGGTTT
1036088	1312	o6	3.473	CGGTTT
1036127	10511	7A1	1.920	GGTTTC
1036154	2476	7A1	2.660	GGTTTC
1036154	2645	6m	2.660	GGTTTC
1036160	129	6m	1.499	GGTTTC
1036169	474	7A1	1.503	GGTTTC
1036232	1022	7A1	1.490	GGTTTC
1036343	1169	o6	1.204	CGGTTT
1036381	1359	6m	1.976	GGTTTC
1036420	284	7A1	2.626	GGTTTC
1036449	614	6m	3.374	GGTTTC
1036568	911	o6	2.016	CGGTTT
1036568	2283	7m8	1.073	CGGTTT
1036574	77	o6	1.613	CGGTTT
1036630	175	6m	1.101	GGTTTC
1036853	251	7A1	1.218	GGTTTC
1036877	512	o6	3.960	CGGTTT
1036899	142	7m8	2.620	GGTTTC
1037161	978	o6	1.358	CGGTTT
1037207	41	6m	2.109	GGTTTC
1037219	691	o6	1.401	CGGTTT
1037339	2140	o6	2.581	CGGTTT
1037361	477	7A1	1.742	GGTTTC
1037474	795	7m8	1.432	CGGTTT
1037474	1209	6m	1.432	GGTTTC
1037485	140	7A1	1.550	GGTTTC
1037494	870	7A1	1.288	GGTTTC
1037494	1739	6m	1.765	GGTTTC
1037537	363	7A1	1.685	GGTTTC
1037620	173	o6	1.155	CGGTTT
1037702	371	o6	1.462	CGGTTT
1037715	864	6m	2.310	GGTTTC
1037824	540	7A1	2.458	GGTTTC
1038127	1416	6m	2.791	GGTTTC
1038211	184	6m	1.114	GGTTTC
1038234	208	6m	1.223	GGTTTC
1038235	269	6m	1.009	GGTTTC
1038342	56	7A1	3.270	GGTTTC
1038431	1366	6m	1.548	GGTTTC
1038440	2169	7m8	1.269	GGTTTC
1038616	863	7m8	1.074	GGTTTC
1038643	307	6m	1.511	GGTTTC
1038643	1512	6m	1.998	GGTTTC
1038682	359	o6	2.656	CGGTTT
1038767	113	6m	2.383	GGTTTC
1038796	830	6m	1.031	GGTTTC
1038923	1351	8m	3.179	GGTTTC
1038923	1407	7A1	2.512	GGTTTC
1038954	1071	6m	1.222	GGTTTC
1039061	599	6m	2.377	GGTTTC
1039285	2757	6m	1.215	GGTTTC
1039445	1537	o6	2.935	CGGTTT
1039481	492	8m	1.921	GGTTTC
1039481	593	6m	1.262	GGTTTC
1039481	1195	8m	2.972	CGGTTT
1039496	1304	6m	1.384	GGTTTC
1039497	492	6m	1.229	GGTTTC
1039563	1915	6m	2.003	GGTTTC
1039764	1310	8m	1.857	CGGTTT
1039797	1835	7A1	1.690	GGTTTC
1039808	838	7m8	1.193	CGGTTT
1039811	793	7m8	1.193	CGGTTT
1039853	3947	6m	1.120	GGTTTC
1039865	560	6m	1.527	GGTTTC
1039911	529	6m	2.776	GGTTTC
1039919	2455	7m8	1.053	GGTTTC
1039931	438	7m8	2.356	CGGTTT
1039950	1341	o6	1.073	CGGTTT
1039999	458	7A1	1.103	GGTTTC
1039999	756	7A1	3.377	GGTTTC
1040037	827	7m8	1.193	CGGTTT
1040070	950	6m	2.086	GGTTTC
1040070	975	6m	2.943	GGTTTC
1040201	35	7A1	3.134	GGTTTC
1040210	2632	7A1	2.600	GGTTTC
1040228	1358	7A1	2.073	GGTTTC
1040228	1903	o6	2.186	CGGTTT
1040237	546	o6	1.515	CGGTTT
1040283	4559	7m8	1.018	GGTTTC
1040318	1073	6m	2.271	GGTTTC
1040346	2667	7m8	1.624	CGGTTT
1040352	1536	7m8	1.389	CGGTTT
1040366	225	6m	1.061	GGTTTC
1040395	883	7A1	1.979	GGTTTC
1040417	538	o6	2.785	CGGTTT
1040434	1421	7A1	3.226	GGTTTC
1040437	1300	7A1	1.945	GGTTTC
1040500	2207	7A1	3.594	GGTTTC
1040542	3433	7A1	4.387	GGTTTC
1040560	1293	6m	1.349	GGTTTC
1040584	1458	7m8	1.899	GGTTTC
1040590	4417	7A1	2.173	GGTTTC
1040590	7433	7m8	1.385	GGTTTC
1040647	257	7A1	1.136	GGTTTC
1040650	257	7A1	1.136	GGTTTC
1040653	257	7A1	1.136	GGTTTC
