1000069	291	6m	1.227	AATCTC
1000122	524	7m8	2.520	AATCTC
1000134	509	7A1	1.322	AATCTC
1000134	1332	6m	1.046	AATCTC
1000141	27	7A1	3.221	AATCTC
1000200	36	7A1	3.226	AATCTC
1000282	469	6m	1.284	AATCTC
1000306	715	7A1	2.807	AATCTC
1000332	61	o6	1.277	GAATCT
1000379	397	7m8	1.394	AATCTC
1000421	99	6m	2.863	AATCTC
1000443	3605	o6	1.563	GAATCT
1000446	179	o6	3.041	GAATCT
1000446	267	o6	1.818	GAATCT
1000478	630	7m8	2.660	GAATCT
1000493	5175	o6	1.322	GAATCT
1000506	47	7A1	2.350	AATCTC
1000605	361	7A1	1.895	AATCTC
1000619	23	7A1	1.254	AATCTC
1000634	25	o6	1.376	GAATCT
1000707	564	7A1	1.561	AATCTC
1000758	77	6m	1.906	AATCTC
1000779	130	7A1	1.690	AATCTC
1000829	1910	7A1	1.080	AATCTC
1000845	3307	o6	2.215	GAATCT
1000869	384	7m8	1.682	GAATCT
1000920	739	o6	2.385	GAATCT
1000937	46	7A1	1.411	AATCTC
1001075	854	o6	1.606	GAATCT
1001075	892	6m	1.284	AATCTC
1001120	24	7A1	1.021	AATCTC
1001294	139	6m	1.184	AATCTC
1001295	423	7A1	1.553	AATCTC
1001423	261	7A1	2.544	AATCTC
1001423	489	o6	2.184	GAATCT
1001451	400	7A1	2.782	AATCTC
1001481	92	7m8	1.894	AATCTC
1001487	342	o6	1.435	GAATCT
1001671	181	7A1	1.959	AATCTC
1001689	1049	7A1	1.053	AATCTC
1001838	46	o6	1.533	GAATCT
1001862	175	8m	2.704	GAATCT
1001862	362	7m8	2.025	GAATCT
1001883	44	7A1	1.124	AATCTC
1001888	447	7m8	1.416	GAATCT
1001969	5	6m	2.130	AATCTC
1002102	385	6m	2.632	AATCTC
1002176	1092	6m	1.498	AATCTC
1002182	1382	6m	2.262	AATCTC
1002182	2076	7m8	1.606	GAATCT
1002246	5	7m8	1.384	AATCTC
1002367	168	6m	2.021	AATCTC
1002401	-1	6m	3.250	AATCTC
1002545	25	6m	1.281	AATCTC
1002578	4	o6	1.607	GAATCT
1002584	400	7m8	2.053	AATCTC
1002595	1223	8m	1.284	GAATCT
1002608	300	o6	2.728	GAATCT
1002632	70	o6	1.028	GAATCT
1002794	968	7A1	1.214	AATCTC
1002842	331	o6	1.420	GAATCT
1002898	215	7A1	1.659	AATCTC
1003084	126	6m	3.277	AATCTC
1003137	60	7A1	1.073	AATCTC
1003143	988	6m	2.548	AATCTC
1003154	195	6m	1.237	AATCTC
1003288	40	o6	1.700	GAATCT
1003297	4	7m8	1.062	AATCTC
1003297	1032	o6	1.091	GAATCT
1003297	1042	6m	1.564	AATCTC
1003325	182	o6	2.767	GAATCT
1003355	350	o6	1.264	GAATCT
1003379	1062	7m8	1.239	GAATCT
1003423	49	7m8	1.002	GAATCT
1003576	462	6m	1.966	AATCTC
1003576	692	o6	1.446	GAATCT
1003603	66	6m	1.205	AATCTC
1003726	56	7A1	1.053	AATCTC
1003776	481	6m	1.731	AATCTC
1003776	519	6m	1.731	AATCTC
1003776	645	o6	1.053	GAATCT
1003851	131	o6	1.970	GAATCT
1003951	239	7A1	3.698	AATCTC
1003999	703	7A1	3.208	AATCTC
1004013	474	o6	1.606	GAATCT
1004023	36	6m	1.268	AATCTC
1004064	333	7A1	1.385	AATCTC
1004077	562	7A1	1.884	AATCTC
1004110	200	o6	1.241	GAATCT
1004292	484	6m	2.354	AATCTC
1004359	44	7A1	1.931	AATCTC
1004364	312	o6	1.100	GAATCT
1004437	838	8m	2.434	GAATCT
1004618	756	8m	3.649	GAATCT
1004657	429	8m	1.168	AATCTC
1004817	567	7A1	1.274	AATCTC
1005045	93	7m8	1.871	GAATCT
1005204	69	7m8	1.284	AATCTC
1005216	1930	o6	1.469	GAATCT
1005374	417	o6	2.065	GAATCT
1005379	157	6m	3.531	AATCTC
1005450	27	7A1	2.076	AATCTC
1005450	504	7A1	2.182	AATCTC
1005622	125	o6	1.193	GAATCT
1006098	634	7A1	1.212	AATCTC
1006163	9	o6	3.506	GAATCT
1006518	258	8m	1.047	GAATCT
1006708	2466	7A1	1.006	AATCTC
1006714	1652	7A1	1.609	AATCTC
1006818	52	6m	1.512	AATCTC
1006842	441	7m8	1.954	GAATCT
1006884	98	6m	1.711	AATCTC
1006933	407	6m	2.434	AATCTC
1006940	606	6m	2.863	AATCTC
1006940	615	7A1	1.157	AATCTC
1007172	343	7m8	2.544	GAATCT
1007213	69	7m8	1.116	GAATCT
1007237	118	6m	2.778	AATCTC
1007242	4893	6m	1.484	AATCTC
1007484	218	7A1	1.731	AATCTC
1007629	670	7A1	2.507	AATCTC
1007646	799	6m	2.002	AATCTC
1007740	1289	o6	1.359	GAATCT
1007764	77	7A1	1.713	AATCTC
1007789	562	o6	1.606	GAATCT
1007792	587	o6	2.043	GAATCT
1007812	1159	o6	2.304	GAATCT
1007812	1358	6m	2.224	AATCTC
1007812	1389	6m	1.768	AATCTC
1007812	6736	7m8	2.520	AATCTC
1007848	426	7A1	1.074	AATCTC
1007950	798	6m	2.214	AATCTC
1007997	2262	6m	2.276	AATCTC
1008081	312	7m8	1.730	GAATCT
1008082	186	6m	1.204	AATCTC
1008145	2176	6m	2.220	AATCTC
1008145	5806	7A1	2.220	AATCTC
1008151	745	o6	1.903	GAATCT
1008183	3	o6	1.845	GAATCT
1008313	640	6m	1.408	AATCTC
1008406	137	7A1	1.278	AATCTC
1008498	418	o6	1.056	GAATCT
1008524	922	7A1	1.410	AATCTC
1008557	217	6m	2.520	AATCTC
1008557	544	7A1	1.632	AATCTC
1008569	48	7m8	1.429	AATCTC
1008573	80	7A1	2.287	AATCTC
1008602	61	6m	1.687	AATCTC
1008911	45	7A1	2.197	AATCTC
1008938	163	o6	1.979	GAATCT
1008989	944	o6	2.249	GAATCT
1008996	7	6m	1.781	AATCTC
1009014	17	o6	2.038	GAATCT
1009026	1039	7A1	2.316	AATCTC
1009043	593	6m	1.577	AATCTC
1009043	606	o6	1.060	GAATCT
1009046	77	6m	1.711	AATCTC
1009191	244	6m	1.040	AATCTC
1009229	77	6m	1.340	AATCTC
1009255	376	6m	1.736	AATCTC
1009360	450	7m8	1.193	AATCTC
1009366	521	8m	1.284	GAATCT
1009412	7	6m	1.447	AATCTC
1009511	498	7m8	1.674	GAATCT
1009517	110	7A1	1.645	AATCTC
1009748	2282	7m8	3.707	GAATCT
1010026	517	6m	1.619	AATCTC
1010050	55	7A1	1.500	AATCTC
1010232	279	o6	1.845	GAATCT
1010232	321	o6	2.205	GAATCT
1010343	477	o6	1.546	GAATCT
1010358	426	7m8	1.073	AATCTC
1010358	952	7A1	1.333	AATCTC
1010368	104	o6	2.854	GAATCT
1010382	133	7A1	1.690	AATCTC
1010401	2541	o6	1.909	GAATCT
1010412	506	6m	2.189	AATCTC
1010412	563	o6	1.517	GAATCT
1010462	177	6m	3.082	AATCTC
1010483	771	6m	2.653	AATCTC
1010522	235	7A1	1.773	AATCTC
1010596	28	6m	1.434	AATCTC
1010602	188	o6	1.309	GAATCT
1010630	38	7A1	1.235	AATCTC
1010645	228	o6	1.240	GAATCT
1010646	2042	o6	1.055	GAATCT
1010697	119	7A1	2.013	AATCTC
1010697	144	o6	1.606	GAATCT
1010851	325	7m8	2.000	GAATCT
1010950	10	o6	1.655	GAATCT
1010956	856	o6	3.582	GAATCT
1010956	969	o6	2.318	GAATCT
1011068	265	7A1	1.340	AATCTC
1011083	482	6m	1.465	AATCTC
1011173	201	6m	1.815	AATCTC
1011182	162	6m	1.660	AATCTC
1011355	138	7A1	1.957	AATCTC
1011369	512	o6	2.460	GAATCT
1011379	617	6m	1.522	AATCTC
1011404	48	7A1	1.550	AATCTC
1011607	253	6m	2.220	AATCTC
1011607	770	7A1	1.322	AATCTC
1011694	193	6m	2.490	AATCTC
1011842	436	o6	1.606	GAATCT
1011856	659	6m	1.309	AATCTC
1011859	159	8m	1.207	GAATCT
1011868	67	7A1	1.645	AATCTC
1011868	193	7m8	2.073	GAATCT
1011932	765	7A1	2.863	AATCTC
1011950	15	6m	3.030	AATCTC
1011950	38	o6	1.755	GAATCT
1012033	51	o6	2.073	GAATCT
1012045	235	6m	1.110	AATCTC
1012169	39	7A1	2.254	AATCTC
1012186	70	o6	1.879	GAATCT
1012196	2	8m	1.792	AATCTC
1012196	48	6m	1.736	AATCTC
1012304	256	7A1	2.506	AATCTC
1012304	699	6m	1.684	AATCTC
1012383	130	7m8	2.235	GAATCT
1012504	129	7m8	1.490	GAATCT
1012582	407	o6	1.235	GAATCT
1012685	135	o6	1.799	GAATCT
1012719	32	6m	2.414	AATCTC
1012776	215	7m8	1.278	AATCTC
1012839	488	7A1	2.025	AATCTC
1013102	136	o6	1.359	GAATCT
1013177	163	7A1	1.394	AATCTC
1013252	27	o6	1.688	GAATCT
1013426	857	8m	1.204	GAATCT
1013426	1289	6m	1.285	AATCTC
1013503	95	7A1	1.699	AATCTC
1013548	109	7A1	1.606	AATCTC
1013616	410	o6	1.521	GAATCT
1013670	2079	7A1	1.251	AATCTC
1013676	355	7A1	2.995	AATCTC
1013676	821	7A1	1.653	AATCTC
1013687	650	6m	1.227	AATCTC
1013781	171	6m	1.191	AATCTC
1013781	376	6m	2.026	AATCTC
1013835	106	6m	1.459	AATCTC
1013957	17	7m8	2.863	GAATCT
1014265	301	6m	1.212	AATCTC
1014301	130	7A1	4.101	AATCTC
1014403	1139	6m	1.873	AATCTC
1014444	283	o6	1.434	GAATCT
1014559	942	o6	2.220	GAATCT
1014588	243	6m	2.807	AATCTC
1014869	535	o6	2.824	GAATCT
1014869	654	o6	1.891	GAATCT
1014884	526	o6	2.350	GAATCT
1014884	2346	7A1	1.556	AATCTC
1014884	2590	6m	1.108	AATCTC
1014982	15	6m	3.157	AATCTC
1014988	7318	6m	1.164	AATCTC
1015015	645	6m	1.556	AATCTC
1015041	4556	8m	2.409	GAATCT
1015041	4947	o6	1.758	GAATCT
1015041	5058	o6	2.236	GAATCT
1015077	187	o6	1.140	GAATCT
1015101	104	6m	1.618	AATCTC
1015259	391	o6	1.512	GAATCT
1015267	83	8m	2.268	GAATCT
1015341	711	o6	1.362	GAATCT
1015348	19	7A1	1.914	AATCTC
1015354	504	o6	1.110	GAATCT
1015385	26	7m8	3.426	GAATCT
1015388	308	8m	2.708	GAATCT
1015435	909	7m8	1.136	GAATCT
1015441	452	6m	1.284	AATCTC
1015526	259	o6	2.016	GAATCT
1015526	1253	o6	1.545	GAATCT
1015637	644	o6	1.284	GAATCT
1015667	202	7m8	2.617	GAATCT
1015774	632	7m8	1.076	GAATCT
1015784	1297	6m	2.286	AATCTC
1015789	536	o6	1.322	GAATCT
1015995	753	6m	2.325	AATCTC
1016011	1111	o6	1.177	GAATCT
1016011	1118	o6	2.156	GAATCT
1016011	1158	o6	2.419	GAATCT
1016011	1863	7m8	2.591	GAATCT
1016016	643	7m8	1.214	GAATCT
1016016	1780	o6	2.840	GAATCT
1016047	846	6m	1.663	AATCTC
1016176	1338	6m	2.026	AATCTC
1016176	1748	o6	1.322	GAATCT
1016223	44	7m8	2.265	GAATCT
1016271	16	7A1	1.518	AATCTC
1016299	121	o6	1.158	GAATCT
1016353	137	7A1	2.139	AATCTC
1016356	513	o6	2.149	GAATCT
1016356	778	6m	1.703	AATCTC
1016359	49	6m	1.682	AATCTC
1016373	18	7m8	1.655	AATCTC
1016401	280	o6	1.372	GAATCT
1016418	1501	6m	2.220	AATCTC
1016475	812	6m	1.255	AATCTC
1016565	1386	6m	1.256	AATCTC
1016566	1731	6m	1.365	AATCTC
1016571	757	7m8	1.252	GAATCT
1016571	902	7A1	2.900	AATCTC
1016599	214	6m	1.733	AATCTC
1016632	28	o6	1.605	GAATCT
1016713	1180	o6	2.750	GAATCT
1016713	1278	6m	1.606	AATCTC
1016713	3316	o6	1.405	GAATCT
1016749	103	6m	2.544	AATCTC
1016794	126	6m	2.433	AATCTC
1016806	491	6m	1.909	AATCTC
1016806	1839	6m	1.316	AATCTC
1016809	126	6m	1.577	AATCTC
1016823	183	7A1	1.085	AATCTC
1016860	2016	6m	1.792	AATCTC
1016916	145	o6	1.440	GAATCT
1016931	41	7m8	2.035	GAATCT
1016936	143	7A1	2.210	AATCTC
1016985	255	o6	1.455	GAATCT
1016986	832	o6	1.567	GAATCT
1017012	547	6m	1.321	AATCTC
1017018	1314	6m	1.190	AATCTC
1017106	71	7A1	1.559	AATCTC
1017168	31	o6	1.440	GAATCT
1017224	44	7m8	2.073	GAATCT
1017245	158	o6	1.796	GAATCT
1017245	749	7A1	1.856	AATCTC
1017254	1543	8m	1.946	GAATCT
1017254	1550	6m	1.946	AATCTC
1017258	513	8m	2.552	AATCTC
1017261	81	6m	1.323	AATCTC
1017275	124	7A1	2.351	AATCTC
1017282	234	6m	1.989	AATCTC
1017369	430	o6	1.739	GAATCT
1017433	93	o6	1.571	GAATCT
1017502	35	o6	3.620	GAATCT
1017511	2007	6m	1.267	AATCTC
1017524	901	7A1	1.053	AATCTC
1017547	456	o6	1.284	GAATCT
1017614	165	o6	1.963	GAATCT
1017654	119	7m8	1.979	GAATCT
1017695	654	6m	1.126	AATCTC
1017776	534	7A1	2.880	AATCTC
1017787	109	7m8	2.799	AATCTC
1017787	552	o6	1.780	GAATCT
1017842	82	6m	1.882	AATCTC
1017890	720	6m	1.606	AATCTC
1017916	58	6m	1.773	AATCTC
1017916	85	6m	2.386	AATCTC
1017916	111	6m	1.606	AATCTC
1017916	124	6m	1.288	AATCTC
1017916	615	7m8	1.882	AATCTC
1017919	584	o6	1.533	GAATCT
1017981	1047	6m	1.690	AATCTC
1018020	26	6m	2.538	AATCTC
1018026	286	7m8	1.839	GAATCT
1018066	132	o6	1.559	GAATCT
1018066	165	7m8	2.298	GAATCT
1018066	182	7m8	2.286	GAATCT
1018077	322	6m	1.967	AATCTC
1018243	3405	8m	1.695	GAATCT
1018257	754	7m8	1.577	GAATCT
1018335	261	7A1	4.375	AATCTC
1018656	435	o6	1.132	GAATCT
1018656	458	7m8	1.284	GAATCT
1018694	44	6m	1.682	AATCTC
1018703	257	6m	1.375	AATCTC
1018727	730	o6	1.071	GAATCT
1018760	22	6m	1.339	AATCTC
1018867	265	6m	2.544	AATCTC
1018905	35	6m	1.423	AATCTC
1019055	815	o6	1.952	GAATCT
1019165	84	6m	1.414	AATCTC
1019240	321	o6	1.005	GAATCT
1019305	50	8m	1.120	AATCTC
1019340	6	7m8	1.280	GAATCT
1019354	1250	7A1	2.524	AATCTC
1019474	171	o6	1.648	GAATCT
1019514	2852	o6	2.076	GAATCT
1019578	577	6m	1.818	AATCTC
1019579	294	7m8	2.834	GAATCT
1019721	76	8m	1.322	GAATCT
1019764	64	6m	1.563	AATCTC
1019942	904	7m8	1.377	AATCTC
1020059	379	6m	1.473	AATCTC
1020059	869	7m8	1.162	GAATCT
1020086	79	7m8	1.907	AATCTC
1020149	9	7m8	1.314	AATCTC
1020149	56	6m	1.930	AATCTC
1020219	938	7m8	1.828	GAATCT
1020380	31	7A1	1.112	AATCTC
1020434	38	6m	1.738	AATCTC
1020435	240	o6	1.735	GAATCT
1020441	79	6m	1.690	AATCTC
1020476	97	6m	1.336	AATCTC
1020503	115	o6	1.779	GAATCT
1020519	29	8m	1.389	GAATCT
1020532	155	o6	1.301	GAATCT
1020535	243	6m	2.076	AATCTC
1020615	653	o6	1.074	GAATCT
1020615	2818	7m8	1.079	AATCTC
1020636	263	7A1	2.302	AATCTC
1020642	1217	6m	1.631	AATCTC
1020642	1266	6m	3.408	AATCTC
1020642	8882	6m	2.869	AATCTC
1020643	158	o6	2.196	GAATCT
1020657	207	6m	3.219	AATCTC
1020686	903	o6	1.779	GAATCT
1020766	85	8m	1.590	GAATCT
1020818	345	o6	1.282	GAATCT
1020894	167	8m	1.550	GAATCT
1020992	499	7m8	1.399	AATCTC
1021008	997	7A1	1.805	AATCTC
1021019	100	7A1	1.366	AATCTC
1021439	192	6m	1.484	AATCTC
1021440	226	7A1	1.645	AATCTC
1021488	1132	o6	2.660	GAATCT
1021505	61	8m	2.403	GAATCT
1021505	207	8m	1.307	GAATCT
1021545	479	6m	1.585	AATCTC
1021566	2481	6m	1.976	AATCTC
1021566	3503	7A1	1.321	AATCTC
1021566	3583	6m	1.606	AATCTC
1021607	47	7m8	1.322	GAATCT
1021681	105	8m	1.092	GAATCT
1021729	35	8m	2.769	GAATCT
1022066	1430	o6	1.064	GAATCT
1022116	22	o6	3.417	GAATCT
1022129	11	6m	1.447	AATCTC
1022129	1124	o6	1.690	GAATCT
1022235	1912	7A1	1.781	AATCTC
1022235	2208	6m	1.649	AATCTC
1022253	293	o6	1.606	GAATCT
1022256	1016	6m	2.952	AATCTC
1022285	255	6m	1.184	AATCTC
1022338	1767	o6	1.800	GAATCT
1022338	1773	o6	1.406	GAATCT
1022338	1779	7m8	1.646	GAATCT
1022495	2463	7m8	1.029	AATCTC
1022531	774	7A1	1.995	AATCTC
1022531	2170	o6	1.367	GAATCT
1022573	31	7A1	1.977	AATCTC
1022573	45	7m8	2.876	GAATCT
1022814	225	7A1	2.298	AATCTC
1022820	125	o6	1.387	GAATCT
1022843	41	o6	1.328	GAATCT
1022904	62	6m	1.940	AATCTC
1022950	185	o6	1.606	GAATCT
1022997	255	7A1	2.500	AATCTC
1023062	3616	6m	2.538	AATCTC
1023100	1825	7A1	1.118	AATCTC
1023210	100	7A1	1.306	AATCTC
1023289	687	o6	1.307	GAATCT
1023320	181	7A1	2.141	AATCTC
1023337	253	6m	1.020	AATCTC
1023370	134	7A1	1.577	AATCTC
1023488	359	6m	1.073	AATCTC
1023681	194	o6	1.090	GAATCT
1023805	571	7A1	1.053	AATCTC
1023805	3321	o6	2.322	GAATCT
1023805	3507	o6	1.189	GAATCT
1023850	1049	6m	2.588	AATCTC
1023930	191	o6	1.690	GAATCT
1023955	2141	6m	1.070	AATCTC
1023970	402	6m	1.024	AATCTC
1023994	497	o6	2.565	GAATCT
1024003	305	7m8	2.001	GAATCT
1024169	509	o6	1.827	GAATCT
1024169	1218	o6	1.298	GAATCT
1024195	390	8m	2.535	GAATCT
1024211	1743	o6	1.020	GAATCT
1024291	84	6m	1.498	AATCTC
1024304	143	6m	2.409	AATCTC
1024304	1353	o6	1.322	GAATCT
1024381	526	8m	1.945	GAATCT
1024381	606	8m	2.402	GAATCT
1024393	181	o6	1.279	GAATCT
1024415	141	o6	1.300	GAATCT
1024489	46	7A1	2.069	AATCTC
1024489	426	7A1	2.060	AATCTC
1024526	68	7m8	1.005	GAATCT
1024540	116	o6	2.286	GAATCT
1024591	45	7A1	1.246	AATCTC
1024628	112	6m	2.341	AATCTC
1024634	723	o6	1.987	GAATCT
1024648	5596	6m	1.923	AATCTC
1024648	12936	6m	1.561	AATCTC
1024654	81	7A1	2.544	AATCTC
1024702	548	7m8	1.222	GAATCT
1024715	2781	6m	1.182	AATCTC
1024721	720	7A1	2.256	AATCTC
1024742	44	o6	3.100	GAATCT
1024783	336	7m8	1.865	GAATCT
1024843	1400	6m	1.902	AATCTC
1024843	1762	7A1	1.513	AATCTC
1024891	508	7A1	2.971	AATCTC
1024904	4390	6m	1.170	AATCTC
1024907	292	o6	1.082	GAATCT
1024935	79	o6	1.223	GAATCT
1024935	1250	6m	2.612	AATCTC
1024956	1063	7A1	1.284	AATCTC
1024956	3220	7A1	1.237	AATCTC
1024983	64	7m8	2.475	GAATCT
1024983	441	6m	1.268	AATCTC
1025055	859	6m	1.848	AATCTC
1025064	1999	o6	1.589	GAATCT
1025083	370	6m	2.149	AATCTC
1025101	603	6m	1.346	AATCTC
1025204	438	o6	1.073	GAATCT
1025204	580	o6	1.434	GAATCT
1025275	568	o6	2.179	GAATCT
1025380	169	8m	1.012	GAATCT
1025392	117	6m	1.399	AATCTC
1025502	249	o6	1.560	GAATCT
1025541	423	7A1	2.938	AATCTC
1025548	1988	o6	1.007	GAATCT
1025672	133	7m8	1.261	GAATCT
1025693	1327	7A1	4.576	AATCTC
1025702	53	7A1	2.417	AATCTC
1025776	301	7A1	1.833	AATCTC
1025790	815	o6	1.606	GAATCT
1025808	554	6m	1.565	AATCTC
1025940	71	7A1	3.034	AATCTC
1025976	29	6m	2.287	AATCTC
1026095	106	6m	1.072	AATCTC
1026111	1224	o6	1.244	GAATCT
1026111	1304	7A1	1.891	AATCTC
1026364	2	7m8	2.405	AATCTC
1026379	32	7A1	1.380	AATCTC
1026384	128	6m	1.079	AATCTC
1026470	13	7A1	1.294	AATCTC
1026480	277	6m	2.011	AATCTC
1026480	2744	o6	1.848	GAATCT
1026558	726	8m	1.596	GAATCT
1026570	23	o6	4.497	GAATCT
1026657	991	o6	1.115	GAATCT
1026657	1599	7A1	1.156	AATCTC
1026660	468	o6	1.115	GAATCT
1026660	1076	7A1	1.156	AATCTC
1026681	61	o6	1.550	GAATCT
1026688	688	6m	2.467	AATCTC
1026708	928	6m	1.073	AATCTC
1026714	11	o6	1.506	GAATCT
1026719	25	6m	1.852	AATCTC
1026841	680	7m8	1.647	GAATCT
1026841	4242	6m	1.267	AATCTC
1026849	395	o6	1.668	GAATCT
1026921	533	7A1	2.045	AATCTC
1026965	636	o6	1.260	GAATCT
1026975	202	6m	2.973	AATCTC
1026981	53	6m	1.073	AATCTC
1026981	62	6m	1.073	AATCTC
1027157	54	o6	1.780	GAATCT
1027493	579	7A1	1.733	AATCTC
1027580	69	o6	1.386	GAATCT
1027611	27	7A1	2.545	AATCTC
1027743	84	8m	2.380	GAATCT
1027782	185	7A1	2.351	AATCTC
1027989	469	7m8	1.303	AATCTC
1028028	137	8m	1.284	GAATCT
1028088	218	6m	1.405	AATCTC
1028088	356	o6	1.391	GAATCT
1028093	226	6m	1.606	AATCTC
1028106	243	6m	3.083	AATCTC
1028146	308	6m	1.949	AATCTC
1028193	434	7m8	1.147	AATCTC
1028326	174	o6	1.026	GAATCT
1028517	3	7A1	1.433	AATCTC
1028614	124	o6	1.595	GAATCT
1028677	71	7A1	1.577	AATCTC
1028734	388	7m8	3.398	GAATCT
1028755	200	7m8	2.033	GAATCT
1028869	462	7m8	1.439	AATCTC
1028910	223	6m	1.020	AATCTC
1028923	367	7m8	1.771	GAATCT
1028947	249	7A1	1.471	AATCTC
1029037	271	o6	1.454	GAATCT
1029046	1134	6m	2.489	AATCTC
1029076	277	7m8	2.220	AATCTC
1029213	126	6m	1.880	AATCTC
1029288	227	6m	2.620	AATCTC
1029369	1963	o6	1.944	GAATCT
1029490	114	o6	1.004	GAATCT
1029525	171	7A1	2.335	AATCTC
1029532	80	o6	1.084	GAATCT
1029549	3	o6	1.666	GAATCT
1029635	189	8m	2.060	GAATCT
1029749	153	6m	1.027	AATCTC
1029934	1426	6m	2.008	AATCTC
1029944	375	o6	1.908	GAATCT
1029955	336	o6	1.042	GAATCT
1029982	121	o6	1.420	GAATCT
1030093	15	o6	1.726	GAATCT
1030343	24	7A1	2.100	AATCTC
1030373	456	o6	1.237	GAATCT
1030526	125	o6	1.580	GAATCT
1030566	1424	o6	2.028	GAATCT
1030584	111	7m8	1.278	AATCTC
1030584	156	6m	2.778	AATCTC
1030620	189	o6	1.015	GAATCT
1030653	96	7A1	1.978	AATCTC
1030658	1020	o6	1.052	GAATCT
1030658	2125	7A1	1.620	AATCTC
1030659	735	8m	1.591	GAATCT
1030664	202	6m	2.319	AATCTC
1030688	373	7A1	1.879	AATCTC
1030716	104	7A1	1.973	AATCTC
1030973	26	o6	1.897	GAATCT
1030973	40	7A1	1.410	AATCTC
1031090	530	6m	1.122	AATCTC
1031106	860	6m	1.774	AATCTC
1031142	2264	7A1	1.681	AATCTC
1031453	130	7m8	1.891	GAATCT
1031456	69	o6	2.064	GAATCT
1031538	28	6m	1.011	AATCTC
1031563	307	8m	1.966	GAATCT
1031583	301	7A1	2.580	AATCTC
1031583	322	o6	3.375	GAATCT
1031584	424	6m	1.539	AATCTC
1031657	311	6m	4.315	AATCTC
1031755	237	7A1	2.404	AATCTC
1031833	53	6m	1.108	AATCTC
1031833	218	o6	2.565	GAATCT
1031833	820	6m	1.024	AATCTC
1031994	133	7m8	1.251	GAATCT
1032132	315	7A1	2.440	AATCTC
1032282	134	o6	1.241	GAATCT
1032285	2120	o6	1.241	GAATCT
1032289	6	o6	2.337	GAATCT
1032310	47	7A1	1.315	AATCTC
1032328	519	6m	1.255	AATCTC
1032420	718	6m	2.200	AATCTC
1032420	852	6m	2.640	AATCTC
1032420	1363	o6	1.212	GAATCT
1032498	580	6m	2.275	AATCTC
1032541	47	8m	1.134	GAATCT
1032608	1107	7A1	1.235	AATCTC
1032616	1933	6m	1.053	AATCTC
1032664	63	7m8	1.573	AATCTC
1032667	193	7A1	2.799	AATCTC
1032684	126	7A1	3.551	AATCTC
1032710	68	7A1	2.135	AATCTC
1032822	2524	6m	1.606	AATCTC
1032870	236	7m8	1.398	GAATCT
1032876	328	o6	1.099	GAATCT
1032884	79	7A1	2.025	AATCTC
1032929	1496	6m	1.235	AATCTC
1032945	169	7A1	1.687	AATCTC
1033008	2768	6m	1.588	AATCTC
1033037	216	7A1	1.986	AATCTC
1033037	1287	7A1	1.606	AATCTC
1033041	3432	8m	3.017	GAATCT
1033082	625	6m	1.651	AATCTC
1033085	2180	7m8	1.132	GAATCT
1033141	3589	6m	1.180	AATCTC
1033141	4715	6m	1.606	AATCTC
1033151	259	6m	3.540	AATCTC
1033193	128	6m	1.033	AATCTC
1033218	763	6m	2.431	AATCTC
1033235	56	6m	1.852	AATCTC
1033244	411	6m	1.008	AATCTC
1033281	1062	7m8	2.098	GAATCT
1033322	342	7A1	2.025	AATCTC
1033322	472	8m	2.834	GAATCT
1033322	489	o6	1.212	GAATCT
1033351	1669	o6	1.641	GAATCT
1033384	661	8m	1.975	GAATCT
1033384	2532	o6	1.198	GAATCT
1033390	48	6m	2.544	AATCTC
1033409	1207	o6	1.946	GAATCT
1033414	1050	o6	1.799	GAATCT
1033431	634	o6	1.820	GAATCT
1033431	1459	7A1	4.317	AATCTC
1033452	607	6m	1.195	AATCTC
1033478	335	7A1	2.544	AATCTC
1033575	130	6m	2.680	AATCTC
1033601	783	o6	1.556	GAATCT
1033601	1072	8m	2.212	GAATCT
1033601	1159	o6	1.556	GAATCT
1033678	804	7A1	1.140	AATCTC
1033735	188	7A1	1.283	AATCTC
1033789	2158	7m8	1.195	GAATCT
1033795	1358	o6	1.953	GAATCT
1033824	779	o6	1.038	GAATCT
1033907	1040	7A1	2.191	AATCTC
1033971	2165	6m	3.028	AATCTC
1033971	2702	o6	1.598	GAATCT
1033984	470	o6	1.563	GAATCT
1034068	120	6m	2.875	AATCTC
1034089	615	6m	1.018	AATCTC
1034202	4519	o6	1.783	GAATCT
1034304	2189	o6	1.087	GAATCT
1034328	113	7A1	2.901	AATCTC
1034328	345	o6	1.533	GAATCT
1034328	671	6m	1.278	AATCTC
1034337	65	7A1	3.017	AATCTC
1034362	495	o6	2.473	GAATCT
1034448	684	o6	1.576	GAATCT
1034496	1137	6m	1.906	AATCTC
1034529	495	6m	1.229	AATCTC
1034530	889	o6	1.976	GAATCT
1034545	1319	6m	1.266	AATCTC
1034556	764	7A1	1.740	AATCTC
1034569	7635	6m	1.690	AATCTC
1034620	184	6m	2.552	AATCTC
1034679	1221	o6	1.053	GAATCT
1034679	4223	o6	1.681	GAATCT
1034687	44	o6	2.133	GAATCT
1034690	282	6m	1.897	AATCTC
1034726	273	6m	1.328	AATCTC
1034789	30	o6	1.931	GAATCT
1034884	764	6m	2.073	AATCTC
1034917	102	7A1	2.440	AATCTC
1034923	63	6m	2.371	AATCTC
1034941	2107	6m	1.217	AATCTC
1034953	305	6m	2.396	AATCTC
1035010	185	7A1	1.315	AATCTC
1035043	1546	7A1	2.233	AATCTC
1035093	736	7A1	3.475	AATCTC
1035251	712	o6	1.320	GAATCT
1035306	21	8m	2.228	AATCTC
1035314	708	6m	1.301	AATCTC
1035320	1249	6m	1.402	AATCTC
1035452	33	6m	1.831	AATCTC
1035480	113	7A1	1.939	AATCTC
1035506	1330	o6	1.092	GAATCT
1035561	1901	o6	1.010	GAATCT
1035566	1392	o6	2.924	GAATCT
1035569	1178	o6	2.141	GAATCT
1035569	9914	6m	1.391	AATCTC
1035569	17276	o6	1.527	GAATCT
1035582	1256	6m	2.268	AATCTC
1035585	294	6m	1.620	AATCTC
1035597	4	7m8	1.644	GAATCT
1035663	210	o6	1.201	GAATCT
1035758	14	o6	1.161	GAATCT
1035758	131	6m	3.976	AATCTC
1035768	1259	o6	1.246	GAATCT
1035773	3149	o6	1.019	GAATCT
1035782	1744	o6	1.182	GAATCT
1035783	3084	o6	1.002	GAATCT
1035786	407	6m	1.693	AATCTC
1035904	259	7m8	2.526	AATCTC
1035974	453	7A1	1.548	AATCTC
1035989	348	6m	1.772	AATCTC
1036001	2427	o6	3.464	GAATCT
1036005	0	6m	1.409	AATCTC
1036040	487	o6	1.239	GAATCT
1036053	756	o6	1.214	GAATCT
1036070	262	o6	2.794	GAATCT
1036088	849	6m	1.101	AATCTC
1036127	1784	o6	2.984	GAATCT
1036127	4796	o6	1.924	GAATCT
1036127	7229	8m	1.382	GAATCT
1036169	758	o6	1.048	GAATCT
1036208	231	7m8	3.267	GAATCT
1036271	84	6m	2.103	AATCTC
1036280	9	o6	2.118	GAATCT
1036337	106	7A1	2.048	AATCTC
1036343	1766	o6	1.104	GAATCT
1036367	1250	7A1	2.831	AATCTC
1036381	172	6m	1.380	AATCTC
1036497	453	7m8	2.776	GAATCT
1036501	607	6m	4.090	AATCTC
1036682	1767	o6	1.276	GAATCT
1036745	126	6m	1.040	AATCTC
1036779	39	6m	2.409	AATCTC
1036836	204	7A1	1.684	AATCTC
1036853	192	6m	1.434	AATCTC
1036910	1905	7A1	1.548	AATCTC
1037010	179	7A1	2.087	AATCTC
1037111	52	6m	1.928	AATCTC
1037111	176	o6	1.144	GAATCT
1037150	138	8m	1.271	GAATCT
1037150	150	6m	1.244	AATCTC
1037150	239	o6	1.289	GAATCT
1037183	98	6m	2.175	AATCTC
1037197	469	o6	1.138	GAATCT
1037239	6	6m	1.959	AATCTC
1037291	341	o6	2.309	GAATCT
1037410	113	7A1	2.225	AATCTC
1037414	472	6m	3.252	AATCTC
1037474	787	6m	1.432	AATCTC
1037485	1331	7A1	2.093	AATCTC
1037537	260	6m	1.055	AATCTC
1037615	1542	6m	1.884	AATCTC
1037630	465	o6	2.194	GAATCT
1037652	647	8m	1.028	AATCTC
1037750	141	7A1	1.290	AATCTC
1037845	1077	o6	2.194	GAATCT
1037968	36	o6	1.737	GAATCT
1037968	480	7A1	2.049	AATCTC
1038021	740	7A1	2.286	AATCTC
1038127	603	7A1	1.652	AATCTC
1038293	3974	o6	2.834	GAATCT
1038309	76	7A1	1.633	AATCTC
1038342	604	8m	2.052	AATCTC
1038416	224	6m	1.631	AATCTC
1038431	893	7A1	1.549	AATCTC
1038456	34	7A1	2.757	AATCTC
1038622	975	6m	2.174	AATCTC
1038670	1271	6m	1.449	AATCTC
1038727	106	7m8	1.841	GAATCT
1038803	86	6m	1.439	AATCTC
1038930	313	8m	2.160	GAATCT
1038954	557	7A1	2.778	AATCTC
1038954	949	o6	2.778	GAATCT
1038977	161	6m	1.780	AATCTC
1039061	526	6m	1.489	AATCTC
1039073	111	o6	1.880	GAATCT
1039199	665	o6	1.791	GAATCT
1039285	1529	o6	1.123	GAATCT
1039376	963	6m	2.019	AATCTC
1039445	1974	o6	1.895	GAATCT
1039481	1184	6m	1.103	AATCTC
1039496	555	6m	1.310	AATCTC
1039502	4279	6m	3.888	AATCTC
1039557	1677	6m	1.766	AATCTC
1039563	1262	7A1	1.241	AATCTC
1039563	1852	6m	1.606	AATCTC
1039563	3481	7A1	1.387	AATCTC
1039764	701	6m	1.960	AATCTC
1039764	1442	o6	1.583	GAATCT
1039808	2651	o6	1.784	GAATCT
1039811	2606	o6	1.784	GAATCT
1039853	124	o6	1.377	GAATCT
1039853	3183	7m8	1.584	GAATCT
1039853	3360	o6	1.348	GAATCT
1039853	3829	o6	1.230	GAATCT
1039853	6497	o6	1.632	GAATCT
1039865	354	o6	1.327	GAATCT
1039959	1656	o6	1.502	GAATCT
1039971	684	o6	1.404	GAATCT
1040012	2390	7A1	2.381	AATCTC
1040037	2640	o6	1.784	GAATCT
1040058	4217	8m	1.180	GAATCT
1040091	1742	o6	2.432	GAATCT
1040135	944	6m	1.497	AATCTC
1040162	129	7A1	1.690	AATCTC
1040165	4136	7m8	1.187	AATCTC
1040190	999	o6	1.248	GAATCT
1040190	1005	o6	1.309	GAATCT
1040190	4157	6m	2.973	AATCTC
1040283	2475	6m	2.605	AATCTC
1040404	454	7A1	1.274	AATCTC
1040429	509	8m	1.779	AATCTC
1040429	653	8m	2.933	GAATCT
1040461	671	6m	1.183	AATCTC
1040554	13	6m	1.484	AATCTC
1040557	30	7m8	3.034	GAATCT
1040560	1281	o6	1.503	GAATCT
1040584	1054	7A1	1.046	AATCTC
1040589	3401	o6	1.550	GAATCT
1040590	6724	6m	2.375	AATCTC
1040590	7446	o6	1.083	GAATCT
1040635	1178	7m8	2.904	GAATCT
1040635	1587	8m	2.151	GAATCT
1040635	5129	6m	2.652	AATCTC
1040646	323	7m8	1.183	GAATCT
1040646	448	6m	1.313	AATCTC
