1000029	346	o6	1.128	TCTTGC
1000122	716	o6	2.115	TCTTGC
1000360	1524	6m	2.660	CTTGCC
1000442	1436	8m	1.006	CTTGCC
1000472	961	6m	1.687	CTTGCC
1000493	817	6m	2.104	CTTGCC
1000512	78	o6	2.064	TCTTGC
1000533	505	o6	1.258	TCTTGC
1000536	1822	6m	2.362	CTTGCC
1000542	55	6m	2.503	CTTGCC
1000545	662	6m	1.316	CTTGCC
1000676	641	o6	1.606	TCTTGC
1000779	489	o6	2.693	TCTTGC
1000779	497	7m8	2.693	TCTTGC
1000779	757	6m	2.031	CTTGCC
1000890	137	o6	1.383	TCTTGC
1000904	341	o6	1.035	TCTTGC
1001104	531	7m8	2.608	TCTTGC
1001140	294	o6	2.125	TCTTGC
1001291	176	7A1	1.254	CTTGCC
1001346	155	o6	1.922	TCTTGC
1001518	583	6m	1.401	CTTGCC
1001518	622	6m	3.037	CTTGCC
1001577	763	7A1	2.073	CTTGCC
1001629	313	7A1	2.051	CTTGCC
1001906	1757	6m	1.416	CTTGCC
1001934	447	6m	1.178	CTTGCC
1002331	126	6m	1.032	CTTGCC
1002415	136	o6	1.004	TCTTGC
1002545	19	o6	1.116	TCTTGC
1002979	65	8m	2.523	TCTTGC
1003137	497	o6	1.030	TCTTGC
1003266	46	7m8	2.434	CTTGCC
1003354	40	o6	2.778	TCTTGC
1003523	952	o6	1.034	TCTTGC
1003561	31	7A1	1.651	CTTGCC
1003695	487	7A1	1.860	CTTGCC
1003776	486	7m8	1.731	TCTTGC
1003873	359	o6	1.487	TCTTGC
1004013	17	7A1	1.043	CTTGCC
1004085	247	6m	2.390	CTTGCC
1004281	1336	6m	2.201	CTTGCC
1004407	244	7A1	2.220	CTTGCC
1004463	3167	o6	2.782	TCTTGC
1004476	34	6m	3.649	CTTGCC
1004627	105	o6	1.229	TCTTGC
1004801	62	8m	1.407	CTTGCC
1004838	110	o6	1.529	TCTTGC
1004955	79	o6	2.788	TCTTGC
1005009	62	o6	4.710	TCTTGC
1005216	1856	o6	1.492	TCTTGC
1005259	36	7A1	2.546	CTTGCC
1005358	1022	6m	1.606	CTTGCC
1005568	463	6m	1.333	CTTGCC
1005626	329	o6	2.252	TCTTGC
1005752	216	6m	1.362	CTTGCC
1005919	210	6m	1.726	CTTGCC
1005993	157	7m8	1.011	TCTTGC
1006708	1925	6m	1.160	CTTGCC
1006738	182	7A1	2.312	CTTGCC
1006767	53	o6	1.026	TCTTGC
1006875	1372	7A1	2.312	CTTGCC
1007028	168	o6	2.145	TCTTGC
1007213	501	6m	1.306	CTTGCC
1007269	23	8m	2.215	CTTGCC
1007314	587	o6	2.020	TCTTGC
1007364	2956	6m	1.320	CTTGCC
1007410	118	8m	2.344	TCTTGC
1007508	122	o6	2.005	TCTTGC
1007584	747	7A1	1.322	CTTGCC
1007584	1191	6m	2.255	CTTGCC
1007590	274	7m8	2.025	CTTGCC
1007647	1536	7A1	1.284	CTTGCC
1007807	25	6m	1.628	CTTGCC
1007812	5073	o6	1.273	TCTTGC
1007812	6928	o6	2.115	TCTTGC
1007824	273	o6	2.876	TCTTGC
1007923	3120	o6	2.433	TCTTGC
1007950	1875	o6	1.614	TCTTGC
1008018	380	7m8	2.578	TCTTGC
1008135	123	8m	2.914	CTTGCC
1008145	10853	o6	1.053	TCTTGC
1008174	41	8m	2.433	TCTTGC
1008216	55	6m	1.245	CTTGCC
1008307	1052	o6	1.435	TCTTGC
1008435	250	7A1	1.405	CTTGCC
1008498	892	7m8	1.606	TCTTGC
1008510	751	7A1	1.016	CTTGCC
1008521	368	7m8	1.127	TCTTGC
1008602	610	o6	2.341	TCTTGC
1008624	69	8m	2.316	TCTTGC
1008707	53	7A1	2.054	CTTGCC
1008866	316	o6	1.154	TCTTGC
1008867	321	o6	1.595	TCTTGC
1009191	16	6m	1.153	CTTGCC
1009729	86	7A1	4.168	CTTGCC
1009841	1190	o6	1.278	TCTTGC
1009903	69	6m	2.840	CTTGCC
1009911	75	6m	1.157	CTTGCC
1009948	39	6m	2.220	CTTGCC
1010017	25	8m	1.623	CTTGCC
1010111	131	7A1	1.744	CTTGCC
1010250	2703	7A1	1.685	CTTGCC
1010278	454	7A1	2.815	CTTGCC
1010376	76	6m	2.544	CTTGCC
1010462	45	o6	1.139	TCTTGC
1010462	253	o6	1.687	TCTTGC
1010818	311	o6	1.235	TCTTGC
1010950	1601	6m	2.430	CTTGCC
1010950	1776	6m	2.749	CTTGCC
1011237	426	o6	1.393	TCTTGC
1011369	128	o6	1.999	TCTTGC
1011369	345	o6	1.405	TCTTGC
1011613	35	6m	1.598	CTTGCC
1011742	1841	7A1	1.677	CTTGCC
1011746	227	7A1	1.364	CTTGCC
1012216	194	o6	1.363	TCTTGC
1012216	573	6m	1.094	CTTGCC
1012225	87	7A1	1.284	CTTGCC
1012304	230	o6	3.100	TCTTGC
1012424	144	o6	1.245	TCTTGC
1012430	681	7A1	2.009	CTTGCC
1012609	58	8m	3.132	CTTGCC
1012685	28	o6	1.201	TCTTGC
1012797	1334	7m8	1.089	TCTTGC
1013073	1548	o6	1.168	TCTTGC
1013088	23	7A1	4.375	CTTGCC
1013089	822	6m	1.687	CTTGCC
1013262	84	6m	1.251	CTTGCC
1013521	167	6m	2.235	CTTGCC
1013573	953	7A1	1.606	CTTGCC
1013600	75	7m8	2.170	TCTTGC
1013670	180	6m	1.254	CTTGCC
1014358	207	7A1	1.255	CTTGCC
1014403	2309	6m	1.588	CTTGCC
1014418	3160	o6	3.034	TCTTGC
1014655	2338	7A1	2.620	CTTGCC
1014831	41	7A1	1.349	CTTGCC
1015062	1121	7m8	2.339	TCTTGC
1015073	1602	7m8	2.265	TCTTGC
1015192	154	7A1	1.759	CTTGCC
1015209	508	o6	1.062	TCTTGC
1015228	1650	7m8	1.241	TCTTGC
1015329	387	7m8	1.707	CTTGCC
1015354	29	6m	2.450	CTTGCC
1015375	754	7A1	1.376	CTTGCC
1015381	196	8m	2.467	CTTGCC
1015444	43	6m	2.160	CTTGCC
1015526	1304	7m8	2.158	TCTTGC
1015555	210	o6	1.463	TCTTGC
1015596	26	7A1	2.031	CTTGCC
1015826	447	7m8	1.015	TCTTGC
1015928	491	8m	3.163	CTTGCC
1016011	1390	o6	1.018	TCTTGC
1016029	2470	o6	3.034	TCTTGC
1016200	606	o6	1.322	TCTTGC
1016220	1020	6m	2.377	CTTGCC
1016368	746	o6	1.421	TCTTGC
1016445	1213	o6	1.320	TCTTGC
1016461	278	6m	3.369	CTTGCC
1016644	189	o6	1.385	TCTTGC
1016676	154	7m8	1.120	CTTGCC
1016685	752	o6	1.231	TCTTGC
1016823	357	7A1	2.462	CTTGCC
1016856	218	o6	1.284	TCTTGC
1016922	587	7A1	2.182	CTTGCC
1016982	350	o6	2.502	TCTTGC
1017018	809	6m	2.025	CTTGCC
1017294	26	8m	1.210	TCTTGC
1017381	767	7m8	1.394	TCTTGC
1017392	65	6m	2.415	CTTGCC
1017437	508	6m	2.427	CTTGCC
1017437	769	o6	1.678	TCTTGC
1017458	366	7A1	2.017	CTTGCC
1017484	40	6m	1.434	CTTGCC
1017496	703	o6	1.592	TCTTGC
1017511	2025	7A1	1.410	CTTGCC
1017618	386	7A1	1.527	CTTGCC
1017787	222	7A1	2.652	CTTGCC
1017787	245	7A1	2.652	CTTGCC
1017805	534	o6	2.001	TCTTGC
1017809	441	o6	3.255	TCTTGC
1017814	1528	6m	1.007	CTTGCC
1017924	132	8m	1.740	TCTTGC
1017924	195	o6	2.144	TCTTGC
1017945	96	8m	1.687	CTTGCC
1018008	117	7A1	2.209	CTTGCC
1018033	321	7m8	1.284	TCTTGC
1018044	21	7A1	3.398	CTTGCC
1018081	336	6m	2.098	CTTGCC
1018176	207	7A1	3.596	CTTGCC
1018262	694	8m	3.619	TCTTGC
1018272	215	7A1	2.510	CTTGCC
1018293	40	7m8	1.448	CTTGCC
1018353	195	6m	2.361	CTTGCC
1018632	4180	7A1	1.168	CTTGCC
1018656	411	7A1	2.788	CTTGCC
1018753	137	o6	1.690	TCTTGC
1018873	886	o6	2.203	TCTTGC
1019023	19	6m	1.362	CTTGCC
1019113	28	7A1	2.293	CTTGCC
1019456	119	7m8	2.503	TCTTGC
1019664	31	7A1	1.380	CTTGCC
1019956	155	7m8	1.489	CTTGCC
1020227	132	o6	1.029	TCTTGC
1020241	2389	8m	1.383	TCTTGC
1020369	118	7A1	2.565	CTTGCC
1020485	33	7A1	1.517	CTTGCC
1020532	463	o6	1.045	TCTTGC
1020546	192	7A1	1.322	CTTGCC
1020607	247	o6	2.528	TCTTGC
1020642	203	o6	1.998	TCTTGC
1020642	1279	8m	2.507	TCTTGC
1020654	642	o6	1.048	TCTTGC
1020686	382	6m	1.073	CTTGCC
1021458	66	8m	2.758	CTTGCC
1021458	355	8m	1.882	CTTGCC
1021540	2497	7m8	1.606	TCTTGC
1021562	72	6m	1.089	CTTGCC
1021566	123	7A1	1.613	CTTGCC
1021613	36	7A1	2.962	CTTGCC
1021645	104	8m	2.441	CTTGCC
1021830	118	7m8	1.035	CTTGCC
1021840	187	7A1	2.544	CTTGCC
1021909	2192	6m	1.825	CTTGCC
1022038	505	7A1	1.031	CTTGCC
1022038	606	o6	2.816	TCTTGC
1022173	713	6m	2.507	CTTGCC
1022338	1800	o6	1.931	TCTTGC
1022530	157	7m8	2.149	TCTTGC
1022604	154	6m	1.245	CTTGCC
1022707	99	7A1	1.201	CTTGCC
1022932	1535	7A1	1.006	CTTGCC
1023015	107	8m	2.009	TCTTGC
1023062	184	7A1	2.079	CTTGCC
1023065	268	8m	1.569	TCTTGC
1023080	578	6m	1.690	CTTGCC
1023432	835	o6	1.101	TCTTGC
1023593	170	7A1	1.037	CTTGCC
1023599	4938	6m	2.026	CTTGCC
1023681	3101	7m8	1.163	CTTGCC
1023955	2382	8m	1.151	CTTGCC
1023955	2391	7A1	1.284	CTTGCC
1024045	169	o6	2.520	TCTTGC
1024085	1855	o6	1.201	TCTTGC
1024085	1950	o6	1.143	TCTTGC
1024381	719	o6	1.634	TCTTGC
1024381	2199	7A1	1.075	CTTGCC
1024385	154	o6	2.770	TCTTGC
1024406	515	o6	1.608	TCTTGC
1024441	458	7m8	2.333	TCTTGC
1024571	723	7A1	2.548	CTTGCC
1024654	1572	o6	1.558	TCTTGC
1024763	287	o6	1.016	TCTTGC
1024774	522	6m	2.278	CTTGCC
1024843	157	o6	1.241	TCTTGC
1024861	51	7A1	1.156	CTTGCC
1024945	428	7A1	1.236	CTTGCC
1024956	4181	o6	1.946	TCTTGC
1024971	422	8m	2.692	TCTTGC
1025022	592	7A1	1.306	CTTGCC
1025032	426	o6	1.616	TCTTGC
1025038	207	6m	2.328	CTTGCC
1025046	613	o6	2.840	TCTTGC
1025101	608	o6	1.225	TCTTGC
1025167	734	6m	3.034	CTTGCC
1025168	1253	7A1	1.684	CTTGCC
1025377	437	7m8	1.131	TCTTGC
1025675	251	7m8	1.039	CTTGCC
1025776	25	7A1	2.061	CTTGCC
1025929	1910	6m	1.321	CTTGCC
1025940	115	7A1	1.931	CTTGCC
1025941	335	o6	2.063	TCTTGC
1026096	212	o6	2.606	TCTTGC
1026116	160	6m	1.560	CTTGCC
1026200	719	8m	2.350	TCTTGC
1026262	838	7A1	2.538	CTTGCC
1026400	38	6m	1.053	CTTGCC
1026461	247	6m	1.469	CTTGCC
1026558	915	7A1	2.321	CTTGCC
1026652	1084	7A1	1.553	CTTGCC
1026688	374	o6	2.443	TCTTGC
1026688	1401	6m	1.143	CTTGCC
1026688	1846	6m	1.830	CTTGCC
1026688	3617	6m	1.284	CTTGCC
1026711	1139	6m	2.138	CTTGCC
1026711	1545	o6	2.073	TCTTGC
1026853	975	o6	1.598	TCTTGC
1026981	179	o6	1.567	TCTTGC
1027111	195	8m	1.073	CTTGCC
1027438	256	7m8	2.227	TCTTGC
1027438	268	8m	2.552	TCTTGC
1027900	425	o6	3.247	TCTTGC
1028011	443	o6	4.066	TCTTGC
1028029	135	7A1	1.053	CTTGCC
1028112	696	7A1	2.922	CTTGCC
1028140	74	6m	1.666	CTTGCC
1028344	64	7A1	1.529	CTTGCC
1028354	302	6m	2.409	CTTGCC
1028444	349	6m	1.782	CTTGCC
1028444	544	6m	1.255	CTTGCC
1028687	25	8m	2.378	CTTGCC
1028923	171	7m8	2.055	TCTTGC
1028974	234	6m	1.821	CTTGCC
1029060	283	6m	2.338	CTTGCC
1029069	1753	6m	1.006	CTTGCC
1029111	97	6m	1.626	CTTGCC
1029564	982	7A1	2.704	CTTGCC
1029909	342	6m	1.800	CTTGCC
1030147	299	7m8	1.021	CTTGCC
1030240	346	7A1	1.012	CTTGCC
1030658	1146	o6	2.342	TCTTGC
1030713	625	o6	3.005	TCTTGC
1030721	116	7m8	2.595	CTTGCC
1030782	108	6m	2.544	CTTGCC
1031036	705	7A1	3.646	CTTGCC
1031145	66	6m	1.525	CTTGCC
1031230	716	6m	1.147	CTTGCC
1031263	54	6m	2.030	CTTGCC
1031479	1341	7A1	2.834	CTTGCC
1031479	1533	7m8	1.251	CTTGCC
1031498	1935	7A1	1.541	CTTGCC
1031583	54	o6	1.235	TCTTGC
1031791	816	6m	2.409	CTTGCC
1031818	59	o6	1.893	TCTTGC
1031871	250	7m8	1.027	TCTTGC
1032369	2450	6m	1.711	CTTGCC
1032369	2514	7A1	1.924	CTTGCC
1032466	1074	o6	3.224	TCTTGC
1032508	1554	7m8	1.349	TCTTGC
1032728	424	o6	1.446	TCTTGC
1032750	657	7A1	2.807	CTTGCC
1032799	1908	8m	1.180	TCTTGC
1032813	571	o6	1.029	TCTTGC
1032968	1035	o6	1.020	TCTTGC
1032976	174	8m	1.852	CTTGCC
1033008	1640	o6	2.056	TCTTGC
1033008	2532	7A1	1.091	CTTGCC
1033193	1055	o6	1.340	TCTTGC
1033202	148	o6	1.138	TCTTGC
1033208	84	7A1	1.169	CTTGCC
1033328	1775	o6	2.284	TCTTGC
1033425	195	o6	1.547	TCTTGC
1033452	621	7m8	1.600	TCTTGC
1033571	1785	o6	2.053	TCTTGC
1033571	2577	7m8	2.255	TCTTGC
1033766	455	7m8	1.375	TCTTGC
1033847	150	o6	1.029	TCTTGC
1034259	412	o6	2.067	TCTTGC
1034304	1823	o6	2.371	TCTTGC
1034337	387	6m	2.000	CTTGCC
1034397	1705	o6	1.006	TCTTGC
1034416	301	6m	2.868	CTTGCC
1034416	1031	o6	1.195	TCTTGC
1034460	224	8m	2.757	TCTTGC
1034620	102	7A1	1.062	CTTGCC
1034679	360	6m	1.322	CTTGCC
1034679	417	o6	1.207	TCTTGC
1034714	106	o6	2.120	TCTTGC
1034736	903	o6	2.240	TCTTGC
1034789	87	7A1	2.103	CTTGCC
1034994	230	o6	1.210	TCTTGC
1035103	1062	7A1	2.221	CTTGCC
1035417	210	7A1	2.321	CTTGCC
1035432	230	6m	1.307	CTTGCC
1035477	1309	6m	1.818	CTTGCC
1035506	1239	o6	1.185	TCTTGC
1035566	605	o6	1.349	TCTTGC
1035602	284	o6	1.816	TCTTGC
1035687	467	7m8	3.398	TCTTGC
1035726	806	o6	1.265	TCTTGC
1035794	54	o6	2.237	TCTTGC
1035801	45	o6	1.697	TCTTGC
1035910	50	8m	1.560	CTTGCC
1036043	190	7A1	1.189	CTTGCC
1036283	1662	6m	2.371	CTTGCC
1036328	131	o6	1.312	TCTTGC
1036343	1088	7A1	1.073	CTTGCC
1036471	242	8m	1.554	TCTTGC
1036482	1137	o6	1.120	TCTTGC
1036618	106	o6	2.086	TCTTGC
1036727	3	7A1	1.250	CTTGCC
1036739	120	6m	1.580	CTTGCC
1037134	154	7A1	2.106	CTTGCC
1037333	822	7m8	1.798	CTTGCC
1037422	839	7A1	2.286	CTTGCC
1037467	466	6m	2.148	CTTGCC
1037646	173	7m8	1.364	TCTTGC
1037684	308	7m8	1.626	TCTTGC
1037824	505	o6	1.849	TCTTGC
1037835	102	6m	1.906	CTTGCC
1037992	842	o6	2.247	TCTTGC
1038067	988	o6	2.383	TCTTGC
1038223	752	6m	2.937	CTTGCC
1038317	919	7A1	4.122	CTTGCC
1038390	623	7m8	3.933	TCTTGC
1038440	466	6m	1.690	CTTGCC
1038456	165	6m	1.626	CTTGCC
1038529	1873	6m	2.763	CTTGCC
1038611	66	7m8	4.198	CTTGCC
1038653	113	o6	1.328	TCTTGC
1038808	27	7A1	2.840	CTTGCC
1038954	1246	6m	1.719	CTTGCC
1039061	551	o6	1.243	TCTTGC
1039292	136	7m8	1.348	TCTTGC
1039422	1197	o6	1.602	TCTTGC
1039502	4829	6m	1.575	CTTGCC
1039502	6392	6m	2.383	CTTGCC
1039563	2621	7A1	1.321	CTTGCC
1039592	9	6m	1.073	CTTGCC
1039606	509	7A1	1.434	CTTGCC
1039606	525	7A1	1.591	CTTGCC
1039718	653	6m	1.110	CTTGCC
1039797	567	7A1	2.058	CTTGCC
1039803	637	6m	1.023	CTTGCC
1039865	63	o6	2.955	TCTTGC
1040048	2705	6m	1.560	CTTGCC
1040054	319	o6	2.431	TCTTGC
1040058	4703	o6	2.254	TCTTGC
1040081	336	o6	1.050	TCTTGC
1040190	2966	6m	1.400	CTTGCC
1040234	114	6m	1.161	CTTGCC
1040234	602	7A1	1.376	CTTGCC
1040331	644	6m	2.751	CTTGCC
1040331	956	7A1	1.303	CTTGCC
1040352	3353	6m	2.179	CTTGCC
1040392	1743	o6	2.058	TCTTGC
1040420	140	7A1	3.240	CTTGCC
1040443	903	o6	1.280	TCTTGC
1040458	432	o6	2.156	TCTTGC
1040495	20	7A1	1.484	CTTGCC
1040506	111	7A1	1.031	CTTGCC
1040553	1244	6m	1.170	CTTGCC
1040589	1753	6m	1.523	CTTGCC
1040623	1539	6m	1.647	CTTGCC
1040661	364	7A1	1.725	CTTGCC
