1000122	740	8m	1.565	GGCAGC
1000135	33	6m	3.473	GCAGCT
1000150	135	6m	1.616	GCAGCT
1000176	348	7m8	2.407	GGCAGC
1000219	1181	7m8	1.499	GGCAGC
1000219	1264	o6	1.109	GGCAGC
1000320	878	7A1	2.531	GCAGCT
1000360	1003	o6	2.085	GGCAGC
1000436	485	6m	1.804	GCAGCT
1000442	19	6m	2.617	GCAGCT
1000506	57	6m	1.955	GCAGCT
1000530	734	6m	1.423	GCAGCT
1000536	1036	o6	2.853	GGCAGC
1000586	93	7m8	2.507	GGCAGC
1000619	98	7m8	2.025	GCAGCT
1000734	1045	o6	1.688	GGCAGC
1000734	1264	o6	1.468	GGCAGC
1000778	128	6m	2.743	GCAGCT
1000829	731	o6	3.001	GGCAGC
1000880	85	o6	1.753	GGCAGC
1000880	100	o6	2.445	GGCAGC
1000968	205	7A1	2.118	GCAGCT
1001030	348	7A1	3.150	GCAGCT
1001075	3415	6m	2.224	GCAGCT
1001135	165	o6	1.063	GGCAGC
1001402	14	6m	1.308	GCAGCT
1001408	160	6m	1.082	GCAGCT
1001408	167	o6	1.737	GGCAGC
1001440	484	6m	2.476	GCAGCT
1001440	2647	7A1	1.186	GCAGCT
1001500	362	o6	1.711	GGCAGC
1001518	573	6m	2.375	GCAGCT
1001518	594	o6	1.051	GGCAGC
1001518	804	o6	1.805	GGCAGC
1001518	956	o6	1.714	GGCAGC
1001518	1008	6m	1.905	GCAGCT
1001533	424	6m	2.390	GCAGCT
1001577	774	o6	2.073	GGCAGC
1001607	868	7A1	1.690	GCAGCT
1001683	195	7m8	1.416	GGCAGC
1001729	215	o6	1.222	GGCAGC
1001754	68	o6	1.703	GGCAGC
1001817	822	6m	2.377	GCAGCT
1001891	850	o6	1.349	GGCAGC
1001906	238	6m	2.352	GCAGCT
1001906	1531	6m	1.882	GCAGCT
1001906	2242	o6	1.198	GGCAGC
1001937	2932	7A1	1.452	GCAGCT
1001948	1406	o6	1.346	GGCAGC
1001948	1416	6m	1.166	GCAGCT
1001948	2057	o6	2.084	GGCAGC
1002131	58	6m	2.054	GCAGCT
1002182	1544	7m8	1.244	GGCAGC
1002337	95	o6	1.283	GGCAGC
1002404	419	7m8	1.156	GGCAGC
1002794	695	6m	1.328	GCAGCT
1002815	608	6m	2.643	GCAGCT
1002847	33	6m	1.675	GCAGCT
1002877	681	6m	2.935	GCAGCT
1003114	26	7A1	1.295	GCAGCT
1003143	287	6m	1.061	GCAGCT
1003197	107	6m	2.287	GCAGCT
1003309	112	8m	2.323	GCAGCT
1003355	25	o6	2.026	GGCAGC
1003589	58	o6	1.104	GGCAGC
1003624	25	7m8	1.156	GCAGCT
1003631	2541	7A1	1.563	GCAGCT
1003660	1296	7m8	1.498	GGCAGC
1004023	70	7A1	3.441	GCAGCT
1004043	419	o6	2.449	GGCAGC
1004269	541	o6	1.748	GGCAGC
1004281	900	o6	1.371	GGCAGC
1004299	222	7A1	1.513	GCAGCT
1004406	485	o6	1.643	GGCAGC
1004898	1602	6m	1.812	GCAGCT
1005049	2024	7A1	1.194	GCAGCT
1005091	148	7m8	1.462	GCAGCT
1005124	446	o6	1.386	GGCAGC
1005216	742	7m8	1.225	GCAGCT
1005216	1385	6m	1.153	GCAGCT
1005329	34	o6	1.101	GGCAGC
1005352	2559	o6	1.658	GGCAGC
1005358	2105	7A1	1.606	GCAGCT
1005408	7	6m	1.322	GCAGCT
1005455	210	o6	1.546	GGCAGC
1005470	2083	o6	2.893	GGCAGC
1005646	719	6m	2.652	GCAGCT
1005646	752	6m	2.533	GCAGCT
1005646	980	6m	1.611	GCAGCT
1005646	1062	o6	1.328	GGCAGC
1005680	267	o6	1.201	GGCAGC
1005830	44	6m	1.231	GCAGCT
1005903	566	6m	1.312	GCAGCT
1005903	635	o6	2.933	GGCAGC
1005973	135	o6	1.220	GGCAGC
1005984	150	o6	1.176	GGCAGC
1006066	741	6m	1.321	GCAGCT
1006098	44	6m	1.158	GCAGCT
1006107	461	7A1	1.789	GCAGCT
1006107	1912	o6	2.538	GGCAGC
1006518	857	7A1	1.092	GCAGCT
1006662	111	6m	1.268	GCAGCT
1006708	781	o6	1.262	GGCAGC
1006735	898	7m8	1.424	GGCAGC
1006845	159	7A1	2.446	GCAGCT
1006875	769	o6	1.255	GGCAGC
1006898	207	6m	1.528	GCAGCT
1007017	30	6m	2.181	GCAGCT
1007025	190	o6	1.344	GGCAGC
1007148	1099	6m	1.251	GCAGCT
1007152	87	6m	1.300	GCAGCT
1007206	360	7m8	1.112	GGCAGC
1007212	167	7m8	1.832	GGCAGC
1007213	459	6m	1.108	GCAGCT
1007237	147	7m8	1.857	GGCAGC
1007311	204	6m	2.840	GCAGCT
1007379	409	7A1	2.061	GCAGCT
1007385	263	6m	2.778	GCAGCT
1007484	205	6m	1.002	GCAGCT
1007484	1125	6m	2.112	GCAGCT
1007484	1158	6m	1.687	GCAGCT
1007484	1386	6m	1.024	GCAGCT
1007530	767	6m	1.623	GCAGCT
1007568	459	o6	1.616	GGCAGC
1007611	226	7A1	1.092	GCAGCT
1007647	1677	o6	2.876	GGCAGC
1007731	888	o6	2.448	GGCAGC
1007731	1471	6m	1.250	GCAGCT
1007731	1712	o6	1.550	GGCAGC
1007740	933	o6	1.904	GGCAGC
1007740	2659	7A1	1.550	GCAGCT
1007740	2886	6m	2.255	GCAGCT
1007803	318	7m8	1.307	GCAGCT
1007812	2783	o6	2.359	GGCAGC
1007812	4363	7m8	1.290	GGCAGC
1007812	5007	6m	2.542	GCAGCT
1007812	6952	8m	1.565	GGCAGC
1007875	1279	7m8	1.195	GGCAGC
1007875	1449	o6	2.031	GGCAGC
1007878	988	7A1	1.397	GCAGCT
1007897	2119	6m	2.076	GCAGCT
1007903	64	6m	1.007	GCAGCT
1007923	927	o6	1.278	GGCAGC
1007972	15	6m	1.867	GCAGCT
1007980	2274	7m8	1.773	GGCAGC
1007997	2025	o6	1.079	GGCAGC
1007997	2189	o6	1.470	GGCAGC
1007997	2415	o6	1.275	GGCAGC
1008108	99	6m	2.009	GCAGCT
1008145	8770	6m	1.082	GCAGCT
1008150	63	o6	1.673	GGCAGC
1008150	84	o6	1.053	GGCAGC
1008166	89	6m	1.281	GCAGCT
1008183	486	7m8	1.843	GGCAGC
1008198	360	6m	2.005	GCAGCT
1008198	433	6m	2.951	GCAGCT
1008259	81	o6	1.182	GGCAGC
1008259	1505	6m	1.563	GCAGCT
1008271	250	7A1	1.874	GCAGCT
1008307	280	6m	1.315	GCAGCT
1008346	729	7m8	1.556	GCAGCT
1008406	387	6m	2.297	GCAGCT
1008478	165	o6	1.600	GGCAGC
1008510	106	o6	1.016	GGCAGC
1008593	740	6m	2.279	GCAGCT
1008690	155	7A1	1.998	GCAGCT
1008740	631	8m	1.326	GGCAGC
1008755	526	6m	2.658	GCAGCT
1008852	793	7A1	2.460	GCAGCT
1008852	896	o6	1.575	GGCAGC
1008855	938	o6	1.109	GGCAGC
1008866	138	7A1	2.171	GCAGCT
1008903	1317	7A1	2.523	GCAGCT
1008975	342	o6	1.712	GGCAGC
1009026	1016	8m	1.194	GCAGCT
1009037	227	o6	1.093	GGCAGC
1009037	419	o6	2.374	GGCAGC
1009037	1243	6m	2.502	GCAGCT
1009037	1539	6m	1.284	GCAGCT
1009037	2784	7A1	1.062	GCAGCT
1009222	535	o6	1.919	GGCAGC
1009273	152	o6	2.928	GGCAGC
1009369	139	6m	1.690	GCAGCT
1009421	46	6m	1.383	GCAGCT
1009434	477	6m	2.533	GCAGCT
1009448	1111	7m8	1.619	GGCAGC
1009451	66	7A1	1.009	GCAGCT
1009451	387	o6	2.313	GGCAGC
1009503	385	7m8	1.275	GGCAGC
1009736	115	o6	2.019	GGCAGC
1009838	500	7m8	2.073	GCAGCT
1009844	256	o6	1.244	GGCAGC
1009974	517	7m8	1.703	GCAGCT
1009990	25	6m	1.073	GCAGCT
1010064	614	7m8	2.714	GCAGCT
1010129	113	o6	2.455	GGCAGC
1010210	223	o6	1.274	GGCAGC
1010210	330	6m	1.453	GCAGCT
1010211	107	6m	1.665	GCAGCT
1010232	1334	7m8	1.084	GGCAGC
1010237	275	8m	1.754	GGCAGC
1010237	1294	o6	1.627	GGCAGC
1010238	961	7m8	1.084	GGCAGC
1010250	19	7m8	1.094	GCAGCT
1010250	2324	o6	3.101	GGCAGC
1010250	2685	7m8	4.041	GGCAGC
1010385	271	o6	1.618	GGCAGC
1010385	587	8m	2.103	GGCAGC
1010401	613	o6	1.563	GGCAGC
1010401	1049	6m	1.672	GCAGCT
1010401	1555	6m	2.473	GCAGCT
1010401	1573	6m	2.105	GCAGCT
1010401	5297	6m	2.076	GCAGCT
1010533	1284	6m	1.510	GCAGCT
1010533	1640	6m	4.193	GCAGCT
1010637	40	6m	1.932	GCAGCT
1010649	70	o6	1.690	GGCAGC
1010712	551	6m	2.933	GCAGCT
1010748	1213	7m8	1.375	GGCAGC
1010748	1376	7A1	1.685	GCAGCT
1010851	43	7m8	1.002	GGCAGC
1010877	196	o6	2.137	GGCAGC
1010950	1840	7m8	3.220	GGCAGC
1010956	1281	6m	1.092	GCAGCT
1010956	1801	6m	1.406	GCAGCT
1010956	1960	o6	1.883	GGCAGC
1011131	353	o6	2.502	GGCAGC
1011194	446	6m	3.032	GCAGCT
1011277	303	6m	1.053	GCAGCT
1011321	991	7m8	1.825	GGCAGC
1011322	418	o6	1.073	GGCAGC
1011430	279	6m	1.783	GCAGCT
1011491	606	8m	1.562	GCAGCT
1011499	198	7m8	2.402	GGCAGC
1011638	51	o6	3.108	GGCAGC
1011897	355	6m	1.083	GCAGCT
1011944	813	7A1	1.690	GCAGCT
1011944	1032	6m	1.181	GCAGCT
1011944	1061	o6	1.711	GGCAGC
1012122	227	6m	2.486	GCAGCT
1012262	1557	6m	1.117	GCAGCT
1012320	317	7A1	1.954	GCAGCT
1012329	80	6m	3.102	GCAGCT
1012377	520	8m	1.927	GGCAGC
1012377	709	o6	1.015	GGCAGC
1012596	95	7m8	1.740	GGCAGC
1012760	705	6m	3.132	GCAGCT
1012900	483	7m8	2.098	GGCAGC
1012900	1114	o6	1.529	GGCAGC
1013271	312	6m	5.240	GCAGCT
1013280	68	o6	1.082	GGCAGC
1013312	12	7m8	2.755	GGCAGC
1013312	116	7A1	1.434	GCAGCT
1013312	136	o6	2.073	GGCAGC
1013327	1209	6m	1.264	GCAGCT
1013327	1424	7A1	1.082	GCAGCT
1013365	63	7A1	2.304	GCAGCT
1013413	540	6m	1.026	GCAGCT
1013429	3	7A1	1.634	GCAGCT
1013529	283	6m	1.299	GCAGCT
1013541	1593	7A1	1.632	GCAGCT
1013591	2596	o6	1.127	GGCAGC
1013591	2905	o6	1.462	GGCAGC
1013591	4737	6m	1.202	GCAGCT
1013643	1118	6m	1.426	GCAGCT
1013670	31	o6	1.279	GGCAGC
1013670	1526	o6	1.780	GGCAGC
1013799	37	7m8	2.816	GGCAGC
1013885	1277	6m	2.398	GCAGCT
1013947	134	6m	1.309	GCAGCT
1014009	125	6m	1.711	GCAGCT
1014009	339	6m	1.020	GCAGCT
1014069	369	o6	1.156	GGCAGC
1014403	668	7m8	2.933	GGCAGC
1014403	2335	6m	2.127	GCAGCT
1014418	456	7m8	2.273	GGCAGC
1014447	224	o6	1.722	GGCAGC
1014464	5	o6	2.601	GGCAGC
1014465	56	6m	1.036	GCAGCT
1014465	620	7A1	1.322	GCAGCT
1014480	1795	o6	1.982	GGCAGC
1014480	1847	6m	1.136	GCAGCT
1014529	238	o6	1.289	GGCAGC
1014740	357	o6	1.141	GGCAGC
1014856	388	7A1	1.273	GCAGCT
1014859	813	6m	2.560	GCAGCT
1014892	692	6m	1.032	GCAGCT
1014904	1567	6m	1.446	GCAGCT
1014988	1256	8m	3.397	GGCAGC
1015006	90	o6	1.726	GGCAGC
1015021	227	o6	1.062	GGCAGC
1015021	660	6m	1.681	GCAGCT
1015041	1382	7A1	1.361	GCAGCT
1015041	1461	o6	1.083	GGCAGC
1015041	2627	7A1	1.476	GCAGCT
1015041	2875	6m	2.519	GCAGCT
1015041	5899	6m	1.687	GCAGCT
1015047	327	7A1	2.482	GCAGCT
1015062	71	o6	1.220	GGCAGC
1015062	196	7m8	1.603	GCAGCT
1015062	483	6m	1.932	GCAGCT
1015192	92	6m	1.388	GCAGCT
1015195	549	o6	1.397	GGCAGC
1015195	1002	7A1	1.026	GCAGCT
1015206	68	6m	1.782	GCAGCT
1015228	3096	6m	1.578	GCAGCT
1015228	3537	6m	1.903	GCAGCT
1015303	344	o6	2.674	GGCAGC
1015333	153	o6	1.513	GGCAGC
1015375	2333	6m	1.352	GCAGCT
1015418	677	o6	1.693	GGCAGC
1015435	1077	o6	1.084	GGCAGC
1015466	179	7m8	1.082	GGCAGC
1015526	691	o6	1.061	GGCAGC
1015526	1736	o6	2.614	GGCAGC
1015526	2327	o6	1.884	GGCAGC
1015551	361	6m	1.584	GCAGCT
1015555	3063	7A1	2.331	GCAGCT
1015572	1479	6m	1.633	GCAGCT
1015572	3601	o6	1.690	GGCAGC
1015572	3692	o6	1.073	GGCAGC
1015604	120	6m	1.953	GCAGCT
1015647	708	7m8	1.835	GCAGCT
1015650	57	7m8	1.835	GCAGCT
1015729	33	6m	1.329	GCAGCT
1015774	36	7A1	2.623	GCAGCT
1015841	547	6m	1.659	GCAGCT
1015877	27	7A1	2.191	GCAGCT
1015915	292	7m8	1.328	GGCAGC
1015925	381	o6	1.632	GGCAGC
1015937	58	6m	1.029	GCAGCT
1016016	1249	o6	2.152	GGCAGC
1016016	2082	6m	2.322	GCAGCT
1016019	377	o6	1.687	GGCAGC
1016019	989	o6	2.034	GGCAGC
1016019	2064	6m	2.004	GCAGCT
1016020	376	o6	2.490	GGCAGC
1016020	973	o6	1.834	GGCAGC
1016020	1000	o6	2.074	GGCAGC
1016020	1048	o6	2.103	GGCAGC
1016020	2454	o6	2.503	GGCAGC
1016047	116	6m	1.183	GCAGCT
1016091	238	o6	1.289	GGCAGC
1016179	363	o6	1.016	GGCAGC
1016179	2139	o6	1.485	GGCAGC
1016200	1427	o6	1.488	GGCAGC
1016250	930	o6	2.271	GGCAGC
1016272	418	o6	1.097	GGCAGC
1016281	211	o6	1.205	GGCAGC
1016287	531	7m8	1.027	GCAGCT
1016317	361	8m	2.219	GCAGCT
1016329	2	6m	1.349	GCAGCT
1016422	39	6m	1.440	GCAGCT
1016422	453	o6	2.026	GGCAGC
1016449	4165	o6	1.047	GGCAGC
1016511	945	7m8	2.178	GCAGCT
1016521	641	8m	1.314	GGCAGC
1016565	1153	7m8	1.132	GGCAGC
1016566	82	7m8	1.232	GCAGCT
1016571	1364	7A1	3.005	GCAGCT
1016574	291	o6	1.777	GGCAGC
1016574	633	7A1	1.291	GCAGCT
1016574	975	o6	1.921	GGCAGC
1016623	598	6m	1.087	GCAGCT
1016691	938	6m	1.762	GCAGCT
1016691	1368	7A1	2.026	GCAGCT
1016691	1382	7A1	1.053	GCAGCT
1016698	1609	o6	2.533	GGCAGC
1016754	18	o6	2.837	GGCAGC
1016806	860	6m	2.068	GCAGCT
1016809	221	o6	1.150	GGCAGC
1016815	115	o6	1.606	GGCAGC
1016820	530	8m	1.282	GGCAGC
1016848	533	6m	2.015	GCAGCT
1016965	807	o6	1.322	GGCAGC
1016971	850	7m8	1.941	GGCAGC
1016971	3926	o6	2.095	GGCAGC
1017012	1115	7A1	1.120	GCAGCT
1017024	1	6m	2.834	GCAGCT
1017024	583	7A1	2.456	GCAGCT
1017024	948	o6	1.034	GGCAGC
1017042	250	7A1	1.234	GCAGCT
1017112	74	6m	1.485	GCAGCT
1017160	387	o6	1.029	GGCAGC
1017207	1222	o6	1.690	GGCAGC
1017275	54	7m8	1.264	GCAGCT
1017326	233	6m	1.284	GCAGCT
1017336	553	8m	1.784	GCAGCT
1017429	63	7m8	1.514	GGCAGC
1017443	127	6m	1.376	GCAGCT
1017451	1509	o6	1.400	GGCAGC
1017496	59	6m	2.433	GCAGCT
1017511	578	7A1	1.690	GCAGCT
1017511	931	o6	1.067	GGCAGC
1017511	1147	6m	1.690	GCAGCT
1017574	133	o6	1.294	GGCAGC
1017580	238	6m	1.466	GCAGCT
1017614	235	7A1	1.863	GCAGCT
1017614	529	6m	1.846	GCAGCT
1017614	2494	7A1	1.686	GCAGCT
1017614	4651	7A1	2.611	GCAGCT
1017677	59	o6	2.563	GGCAGC
1017695	519	6m	1.744	GCAGCT
1017733	391	o6	1.686	GGCAGC
1017776	390	6m	1.332	GCAGCT
1017791	188	o6	1.284	GGCAGC
1017808	141	6m	1.235	GCAGCT
1017814	3136	6m	1.074	GCAGCT
1017830	86	6m	1.144	GCAGCT
1017981	874	6m	1.524	GCAGCT
1018077	34	6m	1.846	GCAGCT
1018146	96	6m	2.520	GCAGCT
1018233	15	6m	2.158	GCAGCT
1018243	3589	o6	1.249	GGCAGC
1018248	314	7m8	3.062	GGCAGC
1018248	373	o6	1.208	GGCAGC
1018317	311	7m8	2.052	GGCAGC
1018317	356	6m	1.174	GCAGCT
1018367	206	7A1	1.264	GCAGCT
1018486	198	o6	1.199	GGCAGC
1018530	25	6m	1.183	GCAGCT
1018619	52	6m	1.710	GCAGCT
1018632	1506	o6	1.284	GGCAGC
1018632	2548	7m8	2.676	GCAGCT
1018643	2	o6	2.066	GGCAGC
1018643	8	8m	2.066	GGCAGC
1018661	28	o6	1.245	GGCAGC
1018702	373	o6	1.941	GGCAGC
1018732	1187	o6	1.711	GGCAGC
1018766	912	o6	1.517	GGCAGC
1018799	259	o6	1.194	GGCAGC
1018825	406	7A1	1.159	GCAGCT
1018873	1722	6m	1.801	GCAGCT
1018873	1728	6m	1.801	GCAGCT
1018921	366	6m	1.690	GCAGCT
1018944	433	o6	1.774	GGCAGC
1019049	94	o6	1.155	GGCAGC
1019076	291	7m8	1.073	GGCAGC
1019298	727	7A1	1.222	GCAGCT
1019354	1199	6m	1.751	GCAGCT
1019371	148	6m	1.002	GCAGCT
1019534	724	o6	1.241	GGCAGC
1019698	1658	6m	1.326	GCAGCT
1019742	-1	6m	1.093	GCAGCT
1019865	861	7m8	1.973	GGCAGC
1019928	16	6m	1.681	GCAGCT
1020059	16	o6	1.158	GGCAGC
1020114	59	6m	1.084	GCAGCT
1020149	19	6m	1.867	GCAGCT
1020227	1055	7m8	1.029	GGCAGC
1020435	3224	7m8	1.628	GGCAGC
1020495	23	7A1	1.016	GCAGCT
1020519	48	7m8	1.668	GGCAGC
1020532	571	7A1	1.568	GCAGCT
1020541	99	6m	1.028	GCAGCT
1020601	1	6m	1.563	GCAGCT
1020615	2443	6m	2.331	GCAGCT
1020615	2691	6m	2.101	GCAGCT
1020675	14	o6	2.953	GGCAGC
1020839	252	o6	1.013	GGCAGC
1020858	126	6m	1.202	GCAGCT
1020861	923	o6	1.029	GGCAGC
1020861	1604	o6	2.031	GGCAGC
1020901	71	6m	1.148	GCAGCT
1020934	1463	7A1	2.332	GCAGCT
1021001	102	6m	1.750	GCAGCT
1021008	2314	o6	1.260	GGCAGC
1021152	453	7m8	1.655	GGCAGC
1021261	20	8m	1.082	GGCAGC
1021386	152	6m	1.134	GCAGCT
1021504	198	8m	2.132	GGCAGC
1021525	1963	o6	1.590	GGCAGC
1021540	2343	o6	1.166	GGCAGC
1021562	202	6m	3.001	GCAGCT
1021566	1027	6m	3.034	GCAGCT
1021566	4002	6m	1.663	GCAGCT
1021566	4433	o6	1.321	GGCAGC
1021608	817	o6	2.482	GGCAGC
1021729	11	6m	1.788	GCAGCT
1021818	872	6m	2.335	GCAGCT
1021866	846	8m	1.073	GGCAGC
1021962	1587	o6	1.967	GGCAGC
1021962	1759	6m	1.670	GCAGCT
1021962	2058	6m	1.969	GCAGCT
1021962	2100	6m	2.098	GCAGCT
1022066	976	8m	2.526	GGCAGC
1022066	1544	8m	1.913	GGCAGC
1022066	2531	7A1	2.118	GCAGCT
1022129	732	o6	1.711	GGCAGC
1022180	462	o6	2.295	GGCAGC
1022180	666	7A1	1.728	GCAGCT
1022180	1434	6m	1.298	GCAGCT
1022201	228	8m	2.699	GGCAGC
1022227	217	7m8	1.998	GGCAGC
1022338	10	o6	2.462	GGCAGC
1022383	2155	o6	1.291	GGCAGC
1022495	4704	7A1	1.890	GCAGCT
1022495	5348	6m	2.343	GCAGCT
1022531	2449	o6	2.005	GGCAGC
1022604	1292	7m8	1.699	GCAGCT
1022749	48	6m	1.020	GCAGCT
1022834	42	6m	1.894	GCAGCT
1022950	16	7m8	2.225	GCAGCT
1022997	34	7A1	2.570	GCAGCT
1023047	1038	6m	1.322	GCAGCT
1023062	1428	6m	1.426	GCAGCT
1023062	2557	o6	1.813	GGCAGC
1023062	2641	o6	1.706	GGCAGC
1023062	2920	o6	1.209	GGCAGC
1023062	3015	6m	1.506	GCAGCT
1023097	2826	6m	1.369	GCAGCT
1023100	535	6m	1.534	GCAGCT
1023100	1967	o6	1.786	GGCAGC
1023127	350	o6	1.576	GGCAGC
1023167	665	o6	2.642	GGCAGC
1023219	628	o6	1.967	GGCAGC
1023219	800	6m	1.670	GCAGCT
1023219	1099	6m	1.969	GCAGCT
1023219	1141	6m	2.098	GCAGCT
1023354	167	6m	1.227	GCAGCT
1023378	1985	7A1	2.052	GCAGCT
1023381	1496	7A1	2.052	GCAGCT
1023527	167	6m	1.695	GCAGCT
1023593	47	6m	1.400	GCAGCT
1023599	340	8m	1.258	GCAGCT
1023602	116	6m	1.311	GCAGCT
1023670	18	o6	1.312	GGCAGC
1023673	309	o6	1.142	GGCAGC
1023712	1335	o6	1.322	GGCAGC
1023712	1672	o6	2.350	GGCAGC
1023712	1861	o6	2.018	GGCAGC
1023757	572	o6	1.015	GGCAGC
1023783	132	o6	2.104	GGCAGC
1023783	780	6m	1.164	GCAGCT
1023790	1180	7A1	1.688	GCAGCT
1023795	195	7m8	2.326	GGCAGC
1023850	1356	o6	1.422	GGCAGC
1023853	249	6m	1.292	GCAGCT
1023882	3133	6m	1.253	GCAGCT
1023885	3503	o6	1.711	GGCAGC
1023922	19	o6	1.377	GGCAGC
1023922	603	7A1	1.711	GCAGCT
1023955	2827	6m	1.233	GCAGCT
1024019	1609	7A1	1.120	GCAGCT
1024031	488	o6	1.468	GGCAGC
1024031	4386	7m8	2.630	GCAGCT
1024165	540	6m	1.571	GCAGCT
1024189	1002	7A1	2.196	GCAGCT
1024204	609	o6	1.402	GGCAGC
1024250	247	6m	2.460	GCAGCT
1024282	55	6m	1.450	GCAGCT
1024331	176	8m	1.005	GGCAGC
1024342	846	6m	1.053	GCAGCT
1024363	33	7m8	1.135	GGCAGC
1024397	743	7A1	1.606	GCAGCT
1024400	132	7A1	1.079	GCAGCT
1024448	289	o6	1.924	GGCAGC
1024448	1320	6m	1.776	GCAGCT
1024465	3286	6m	1.322	GCAGCT
1024529	1473	o6	2.757	GGCAGC
1024576	852	6m	1.196	GCAGCT
1024612	2438	6m	1.011	GCAGCT
1024622	78	6m	1.212	GCAGCT
1024634	1473	7A1	1.147	GCAGCT
1024648	120	o6	1.074	GGCAGC
1024648	956	6m	1.217	GCAGCT
1024648	7814	6m	1.016	GCAGCT
1024648	8356	o6	1.398	GGCAGC
1024648	10567	o6	2.255	GGCAGC
1024648	13590	o6	1.053	GGCAGC
1024762	581	o6	1.678	GGCAGC
1024829	3663	o6	1.628	GGCAGC
1024873	28	o6	1.953	GGCAGC
1024895	777	6m	1.094	GCAGCT
1024904	97	o6	2.304	GGCAGC
1024953	48	8m	2.202	GCAGCT
1024953	177	6m	1.486	GCAGCT
1024978	628	o6	1.284	GGCAGC
1025022	564	o6	1.053	GGCAGC
1025046	114	7m8	2.620	GCAGCT
1025046	388	o6	1.906	GGCAGC
1025135	886	7A1	2.425	GCAGCT
1025168	847	6m	1.041	GCAGCT
1025235	580	6m	1.219	GCAGCT
1025268	484	6m	1.328	GCAGCT
1025352	420	6m	1.162	GCAGCT
1025431	63	7m8	1.149	GGCAGC
1025476	144	7m8	1.500	GGCAGC
1025491	58	o6	2.460	GGCAGC
1025542	50	6m	1.476	GCAGCT
1025565	68	o6	1.019	GGCAGC
1025641	120	7A1	1.250	GCAGCT
1025642	708	7m8	1.811	GGCAGC
1025665	772	6m	2.362	GCAGCT
1025690	198	7m8	1.241	GGCAGC
1025755	397	6m	1.055	GCAGCT
1025877	285	6m	2.065	GCAGCT
1025946	98	7A1	1.184	GCAGCT
1026111	254	8m	1.094	GGCAGC
1026162	216	o6	1.028	GGCAGC
1026185	125	6m	1.053	GCAGCT
1026200	1278	7m8	1.816	GCAGCT
1026247	182	7m8	1.675	GCAGCT
1026254	18	7A1	2.458	GCAGCT
1026268	198	7A1	1.598	GCAGCT
1026270	28	6m	1.040	GCAGCT
1026375	38	6m	1.832	GCAGCT
1026480	702	o6	1.791	GGCAGC
1026485	417	6m	1.053	GCAGCT
1026525	511	7m8	1.131	GGCAGC
1026551	93	7A1	1.155	GCAGCT
1026558	899	6m	1.835	GCAGCT
1026633	300	6m	1.251	GCAGCT
1026652	717	6m	1.219	GCAGCT
1026652	789	o6	1.892	GGCAGC
1026688	897	7m8	1.662	GGCAGC
1026688	1258	7m8	1.032	GGCAGC
1026688	3658	7m8	1.308	GGCAGC
1026688	3676	8m	2.275	GGCAGC
1026688	3721	7m8	1.321	GGCAGC
1026711	1861	o6	1.690	GGCAGC
1026711	3652	6m	1.711	GCAGCT
1026798	1452	6m	1.598	GCAGCT
1026950	119	6m	1.148	GCAGCT
1026965	114	o6	1.658	GGCAGC
1026981	12	8m	1.073	GGCAGC
1026981	615	o6	1.437	GGCAGC
1027153	152	6m	1.909	GCAGCT
1027201	151	o6	2.368	GGCAGC
1027226	150	6m	2.561	GCAGCT
1027276	77	6m	2.220	GCAGCT
1027276	196	o6	1.556	GGCAGC
1027287	444	7m8	1.502	GCAGCT
1027308	187	7m8	1.882	GGCAGC
1027410	29	o6	1.603	GGCAGC
1027605	163	o6	1.290	GGCAGC
1027756	108	7A1	2.142	GCAGCT
1027831	220	6m	1.606	GCAGCT
1027831	255	6m	1.936	GCAGCT
1028001	859	6m	2.840	GCAGCT
1028011	528	6m	2.670	GCAGCT
1028063	87	7m8	1.343	GGCAGC
1028106	410	6m	2.349	GCAGCT
1028109	121	o6	1.046	GGCAGC
1028143	120	o6	2.300	GGCAGC
1028143	319	6m	1.251	GCAGCT
1028211	40	7A1	1.248	GCAGCT
1028244	31	6m	1.475	GCAGCT
1028434	1098	7m8	2.880	GCAGCT
1028556	181	o6	2.267	GGCAGC
1028556	207	o6	2.854	GGCAGC
1028620	399	6m	1.214	GCAGCT
1028653	10	7m8	1.156	GGCAGC
1028742	87	7m8	1.024	GCAGCT
1028755	74	7A1	1.292	GCAGCT
1028848	54	6m	1.053	GCAGCT
1028974	249	7A1	1.110	GCAGCT
1029165	1432	6m	2.371	GCAGCT
1029180	463	6m	1.966	GCAGCT
1029288	161	o6	1.501	GGCAGC
1029369	1394	6m	1.687	GCAGCT
1029427	69	6m	1.255	GCAGCT
1029462	766	6m	1.000	GCAGCT
1029517	1351	o6	2.627	GGCAGC
1029520	184	6m	2.046	GCAGCT
1029532	251	6m	1.101	GCAGCT
1029569	134	7m8	1.992	GGCAGC
1029697	303	6m	1.041	GCAGCT
1029697	895	6m	2.235	GCAGCT
1029733	126	6m	2.159	GCAGCT
1029918	141	7m8	1.582	GCAGCT
1029927	364	o6	1.354	GGCAGC
1030192	770	7A1	1.228	GCAGCT
1030245	893	7A1	2.039	GCAGCT
1030248	284	6m	1.562	GCAGCT
1030248	473	6m	1.784	GCAGCT
1030255	318	6m	1.606	GCAGCT
1030255	347	6m	2.433	GCAGCT
1030302	160	6m	1.921	GCAGCT
1030335	723	6m	1.690	GCAGCT
1030368	168	6m	1.081	GCAGCT
1030405	23	6m	2.073	GCAGCT
1030451	740	o6	2.918	GGCAGC
1030454	143	6m	2.015	GCAGCT
1030580	158	6m	1.005	GCAGCT
1030679	51	6m	1.358	GCAGCT
1030692	144	o6	2.015	GGCAGC
1030713	1667	6m	1.577	GCAGCT
1030751	32	7m8	1.201	GCAGCT
1030882	560	o6	1.971	GGCAGC
1030917	463	o6	1.600	GGCAGC
1030965	383	6m	1.568	GCAGCT
1031043	29	7A1	1.201	GCAGCT
1031052	90	7m8	1.690	GGCAGC
1031090	10	7A1	2.523	GCAGCT
1031111	1094	6m	2.263	GCAGCT
1031223	59	6m	1.177	GCAGCT
1031321	731	6m	2.380	GCAGCT
1031322	307	o6	1.053	GGCAGC
1031375	110	o6	1.512	GGCAGC
1031390	1937	o6	1.303	GGCAGC
1031426	43	6m	2.333	GCAGCT
1031583	208	6m	1.228	GCAGCT
1031830	1501	7A1	1.143	GCAGCT
1031883	901	7A1	1.876	GCAGCT
1031906	96	o6	3.214	GGCAGC
1031929	411	7A1	2.854	GCAGCT
1031968	681	6m	1.784	GCAGCT
1031994	72	o6	1.149	GGCAGC
1032022	275	7m8	1.052	GCAGCT
1032061	84	o6	1.228	GGCAGC
1032288	242	6m	2.063	GCAGCT
1032325	1815	6m	2.390	GCAGCT
1032333	1711	6m	1.780	GCAGCT
1032366	316	6m	1.166	GCAGCT
1032369	1234	o6	2.392	GGCAGC
1032426	812	7m8	1.002	GCAGCT
1032456	203	7m8	1.053	GGCAGC
1032456	250	7A1	1.274	GCAGCT
1032529	25	6m	1.241	GCAGCT
1032607	741	o6	1.729	GGCAGC
1032616	1666	7A1	1.297	GCAGCT
1032719	23	6m	1.568	GCAGCT
1032793	45	7m8	1.654	GCAGCT
1032793	875	6m	2.377	GCAGCT
1032793	925	6m	2.611	GCAGCT
1032896	358	o6	1.258	GGCAGC
1032896	506	o6	1.674	GGCAGC
1032929	993	o6	2.369	GGCAGC
1032929	1207	6m	1.334	GCAGCT
1032935	345	7m8	1.730	GGCAGC
1032956	1560	o6	1.382	GGCAGC
1032956	1785	6m	1.109	GCAGCT
1032964	668	7m8	2.427	GCAGCT
1032964	1560	7m8	2.555	GGCAGC
1033028	674	6m	1.349	GCAGCT
1033046	1200	6m	1.247	GCAGCT
1033089	841	o6	1.009	GGCAGC
1033141	251	6m	1.156	GCAGCT
1033151	98	o6	2.342	GGCAGC
1033152	876	o6	1.183	GGCAGC
1033181	112	6m	1.606	GCAGCT
1033227	1053	o6	1.724	GGCAGC
1033244	604	6m	2.076	GCAGCT
1033254	547	o6	2.187	GGCAGC
1033351	153	6m	2.008	GCAGCT
1033362	436	6m	1.786	GCAGCT
1033399	491	6m	1.235	GCAGCT
1033452	1630	6m	1.230	GCAGCT
1033517	232	6m	1.322	GCAGCT
1033527	436	6m	1.059	GCAGCT
1033553	709	o6	1.383	GGCAGC
1033565	1430	7m8	2.013	GGCAGC
1033565	2696	6m	3.075	GCAGCT
1033571	3746	o6	1.077	GGCAGC
1033575	677	6m	1.592	GCAGCT
1033634	13	7A1	1.439	GCAGCT
1033634	105	o6	1.227	GGCAGC
1033669	138	6m	1.606	GCAGCT
1033739	994	7m8	1.193	GGCAGC
1033751	584	6m	1.477	GCAGCT
1033751	879	o6	1.719	GGCAGC
1033754	213	6m	1.477	GCAGCT
1033754	508	o6	1.719	GGCAGC
1033778	56	6m	1.015	GCAGCT
1033786	119	7A1	1.322	GCAGCT
1033803	726	7A1	2.076	GCAGCT
1033877	924	7m8	2.131	GGCAGC
1033883	1461	7m8	3.280	GGCAGC
1033948	733	o6	1.078	GGCAGC
1033948	786	6m	1.201	GCAGCT
1033971	189	7A1	2.494	GCAGCT
1033984	441	7m8	1.389	GCAGCT
1034098	267	7A1	1.027	GCAGCT
1034230	14	o6	3.239	GGCAGC
1034230	35	o6	1.682	GGCAGC
1034230	41	o6	1.682	GGCAGC
1034230	95	o6	1.427	GGCAGC
1034230	244	o6	1.665	GGCAGC
1034259	6168	6m	4.093	GCAGCT
1034316	1174	7A1	1.795	GCAGCT
1034340	766	6m	2.321	GCAGCT
1034358	382	7m8	1.635	GGCAGC
1034389	139	o6	1.726	GGCAGC
1034397	279	7A1	1.328	GCAGCT
1034406	1547	6m	1.065	GCAGCT
1034461	416	7A1	1.631	GCAGCT
1034500	60	6m	1.249	GCAGCT
1034593	251	o6	1.259	GGCAGC
1034665	27	o6	1.833	GGCAGC
1034736	409	7A1	1.434	GCAGCT
1034744	331	o6	1.332	GGCAGC
1034828	443	6m	1.257	GCAGCT
1034899	49	6m	2.330	GCAGCT
1034899	82	o6	1.202	GGCAGC
1034917	2576	o6	1.623	GGCAGC
1034941	2249	o6	2.408	GGCAGC
1034941	2264	o6	1.161	GGCAGC
1034941	2297	o6	1.098	GGCAGC
1034941	2324	o6	2.710	GGCAGC
1034962	199	7A1	2.965	GCAGCT
1035040	2339	6m	1.914	GCAGCT
1035040	2599	o6	3.631	GGCAGC
1035040	3128	6m	1.606	GCAGCT
1035081	8	6m	1.090	GCAGCT
1035081	170	o6	1.368	GGCAGC
1035103	1849	o6	1.514	GGCAGC
1035230	86	7m8	2.353	GGCAGC
1035272	112	7m8	1.426	GCAGCT
1035311	32	6m	2.383	GCAGCT
1035320	425	o6	2.393	GGCAGC
1035480	11	7A1	1.537	GCAGCT
1035527	88	o6	1.814	GGCAGC
1035561	1465	o6	1.278	GGCAGC
1035561	1470	6m	1.368	GCAGCT
1035569	12308	o6	1.226	GGCAGC
1035582	236	o6	1.563	GGCAGC
1035594	1886	6m	5.068	GCAGCT
1035615	250	6m	1.898	GCAGCT
1035656	357	6m	1.277	GCAGCT
1035687	65	6m	2.943	GCAGCT
1035693	19	6m	2.005	GCAGCT
1035762	60	7A1	1.305	GCAGCT
1035768	1378	7m8	2.552	GCAGCT
1035773	1279	7m8	1.547	GGCAGC
1035773	2377	6m	1.321	GCAGCT
1035798	2506	6m	2.046	GCAGCT
1035801	2914	o6	1.543	GGCAGC
1035801	2934	o6	2.832	GGCAGC
1035827	156	6m	2.471	GCAGCT
1035989	1	7m8	1.877	GCAGCT
1036011	559	6m	2.488	GCAGCT
1036127	1916	o6	1.192	GGCAGC
1036127	1951	6m	1.567	GCAGCT
1036127	2653	6m	1.492	GCAGCT
1036127	3211	6m	2.718	GCAGCT
1036127	5402	6m	1.200	GCAGCT
1036127	6337	7A1	1.049	GCAGCT
1036127	8872	o6	3.115	GGCAGC
1036127	9579	o6	2.561	GGCAGC
1036127	9693	6m	2.276	GCAGCT
1036154	342	o6	1.218	GGCAGC
1036169	27	o6	3.312	GGCAGC
1036203	722	7m8	2.130	GGCAGC
1036328	753	6m	1.722	GCAGCT
1036328	969	o6	1.312	GGCAGC
1036337	118	8m	2.048	GGCAGC
1036349	209	6m	1.276	GCAGCT
1036381	269	o6	2.302	GGCAGC
1036396	357	7A1	1.894	GCAGCT
1036399	249	o6	1.276	GGCAGC
1036399	868	7m8	1.147	GGCAGC
1036404	624	6m	1.660	GCAGCT
1036404	944	7A1	1.560	GCAGCT
1036404	2067	6m	1.626	GCAGCT
1036432	1551	o6	1.344	GGCAGC
1036449	2540	6m	2.122	GCAGCT
1036470	230	o6	3.030	GGCAGC
1036537	1962	6m	1.711	GCAGCT
1036566	438	6m	1.002	GCAGCT
1036568	1167	o6	1.908	GGCAGC
1036568	1980	7m8	1.633	GGCAGC
1036568	4670	6m	1.228	GCAGCT
1036586	460	7m8	1.991	GGCAGC
1036601	755	7A1	2.069	GCAGCT
1036706	2154	7m8	3.038	GCAGCT
1036787	1128	6m	1.328	GCAGCT
1036787	1306	6m	1.670	GCAGCT
1036788	1760	6m	1.703	GCAGCT
1036814	214	6m	2.207	GCAGCT
1036877	626	6m	2.776	GCAGCT
1036884	389	o6	1.189	GGCAGC
1036910	78	o6	1.268	GGCAGC
1036950	322	o6	2.402	GGCAGC
1036967	280	o6	2.685	GGCAGC
1036967	409	6m	1.194	GCAGCT
1036967	826	o6	1.613	GGCAGC
1036991	3342	7m8	2.443	GCAGCT
1037021	361	o6	1.628	GGCAGC
1037028	113	o6	1.645	GGCAGC
1037051	579	7A1	1.049	GCAGCT
1037119	-1	6m	2.371	GCAGCT
1037219	102	o6	1.912	GGCAGC
1037355	11	7m8	2.194	GGCAGC
1037386	1773	7A1	1.281	GCAGCT
1037398	601	6m	2.014	GCAGCT
1037398	630	6m	1.351	GCAGCT
1037398	696	o6	1.300	GGCAGC
1037398	855	o6	1.593	GGCAGC
1037410	63	o6	1.474	GGCAGC
1037437	379	o6	1.901	GGCAGC
1037458	83	6m	1.031	GCAGCT
1037600	286	6m	2.087	GCAGCT
1037775	6	6m	1.608	GCAGCT
1038013	153	o6	2.754	GGCAGC
1038021	85	7m8	1.740	GGCAGC
1038021	1750	o6	2.286	GGCAGC
1038066	773	6m	1.395	GCAGCT
1038066	2122	6m	2.321	GCAGCT
1038085	87	o6	1.889	GGCAGC
1038119	34	o6	1.107	GGCAGC
1038122	69	6m	3.222	GCAGCT
1038127	906	o6	2.711	GGCAGC
1038160	1052	6m	1.695	GCAGCT
1038285	127	7m8	1.014	GGCAGC
1038306	340	o6	2.846	GGCAGC
1038378	264	6m	2.497	GCAGCT
1038456	213	6m	2.485	GCAGCT
1038465	569	6m	1.269	GCAGCT
1038473	9	o6	3.285	GGCAGC
1038485	396	6m	1.979	GCAGCT
1038640	207	6m	1.284	GCAGCT
1038752	1562	7A1	1.335	GCAGCT
1038891	126	7m8	2.409	GCAGCT
1038900	866	6m	3.027	GCAGCT
1038923	50	o6	3.418	GGCAGC
1038923	219	7A1	1.996	GCAGCT
1038923	1561	7m8	2.999	GGCAGC
1038945	233	6m	1.288	GCAGCT
1038954	28	6m	1.768	GCAGCT
1038979	68	6m	1.110	GCAGCT
1038986	16	o6	3.669	GGCAGC
1038997	278	7m8	2.873	GCAGCT
1039073	297	o6	1.940	GGCAGC
1039118	1209	6m	2.622	GCAGCT
1039151	198	6m	1.832	GCAGCT
1039227	218	7m8	2.834	GGCAGC
1039267	338	o6	1.006	GGCAGC
1039431	1338	o6	1.973	GGCAGC
1039466	302	7A1	1.086	GCAGCT
1039469	748	7m8	2.797	GCAGCT
1039474	600	7m8	1.202	GGCAGC
1039502	1996	7m8	2.377	GCAGCT
1039502	3782	7A1	2.377	GCAGCT
1039502	4991	6m	2.667	GCAGCT
1039578	1348	6m	2.187	GCAGCT
1039578	1424	7m8	2.493	GCAGCT
1039578	1782	o6	1.048	GGCAGC
1039578	1934	o6	1.845	GGCAGC
1039578	3872	6m	2.070	GCAGCT
1039606	334	7m8	1.727	GCAGCT
1039764	780	6m	1.989	GCAGCT
1039779	401	6m	1.372	GCAGCT
1039808	232	6m	3.673	GCAGCT
1039808	694	7A1	2.568	GCAGCT
1039808	1780	8m	3.233	GGCAGC
1039811	187	6m	3.673	GCAGCT
1039811	649	7A1	2.568	GCAGCT
1039811	1735	8m	3.233	GGCAGC
1039831	1351	6m	1.518	GCAGCT
1039831	1732	7m8	1.527	GGCAGC
1039831	1897	6m	1.958	GCAGCT
1039852	98	o6	2.966	GGCAGC
1039853	5050	6m	1.120	GCAGCT
1039858	628	7m8	1.194	GGCAGC
1039919	358	o6	1.651	GGCAGC
1039925	30	7A1	2.069	GCAGCT
1039949	2747	6m	3.598	GCAGCT
1039949	3996	o6	3.176	GGCAGC
1039949	4320	6m	1.467	GCAGCT
1039950	151	7A1	1.073	GCAGCT
1039964	175	6m	1.761	GCAGCT
1040016	34	o6	1.154	GGCAGC
1040016	431	7A1	1.729	GCAGCT
1040037	221	6m	3.673	GCAGCT
1040037	683	7A1	2.568	GCAGCT
1040037	1769	8m	3.233	GGCAGC
1040048	2420	6m	2.775	GCAGCT
1040057	554	6m	1.482	GCAGCT
1040057	1124	o6	1.759	GGCAGC
1040058	440	7m8	1.159	GGCAGC
1040058	2273	o6	1.396	GGCAGC
1040070	2433	o6	1.056	GGCAGC
1040075	198	o6	1.373	GGCAGC
1040078	738	7m8	1.181	GGCAGC
1040091	871	8m	4.082	GGCAGC
1040135	454	o6	1.445	GGCAGC
1040135	595	6m	1.178	GCAGCT
1040135	868	6m	1.361	GCAGCT
1040165	2629	6m	1.205	GCAGCT
1040237	84	6m	1.049	GCAGCT
1040304	1182	7m8	2.292	GCAGCT
1040304	2127	7A1	1.070	GCAGCT
1040337	2251	6m	1.288	GCAGCT
1040337	3279	7m8	1.745	GGCAGC
1040346	1209	7A1	1.253	GCAGCT
1040367	294	o6	3.102	GGCAGC
1040367	1363	7m8	1.873	GGCAGC
1040367	1370	o6	1.873	GGCAGC
1040392	884	7m8	2.536	GGCAGC
1040392	926	o6	1.785	GGCAGC
1040392	1028	o6	2.703	GGCAGC
1040392	1037	o6	2.773	GGCAGC
1040444	324	7m8	1.271	GCAGCT
1040479	2242	6m	2.286	GCAGCT
1040486	384	7m8	1.059	GGCAGC
1040486	2286	o6	1.062	GGCAGC
1040495	1420	6m	1.275	GCAGCT
1040500	2191	o6	3.358	GGCAGC
1040533	976	7A1	1.928	GCAGCT
1040560	287	6m	2.225	GCAGCT
1040566	162	o6	1.228	GGCAGC
1040589	1961	6m	1.157	GCAGCT
1040589	3256	o6	1.350	GGCAGC
1040635	28	7A1	1.041	GCAGCT
1040635	5212	7m8	1.629	GCAGCT
