1000041	187	6m	2.433	ATACTC
1000048	724	7m8	1.932	AATACT
1000048	861	o6	1.268	AATACT
1000081	1406	o6	2.951	AATACT
1000093	118	o6	1.448	AATACT
1000134	164	o6	1.322	AATACT
1000155	1227	o6	1.186	AATACT
1000176	41	o6	2.806	AATACT
1000186	83	6m	3.000	ATACTC
1000195	809	7m8	3.218	AATACT
1000200	339	o6	1.121	AATACT
1000218	66	6m	2.029	ATACTC
1000224	243	o6	1.434	AATACT
1000249	1368	o6	1.362	AATACT
1000324	223	o6	2.766	AATACT
1000360	924	7A1	2.439	ATACTC
1000379	328	8m	3.267	AATACT
1000395	839	o6	1.322	AATACT
1000443	484	7A1	2.390	ATACTC
1000472	574	8m	2.758	AATACT
1000472	671	o6	1.322	AATACT
1000536	247	7m8	1.278	ATACTC
1000545	617	o6	1.047	AATACT
1000605	245	7A1	1.027	ATACTC
1000692	293	7m8	1.218	AATACT
1000698	187	o6	1.522	AATACT
1000707	140	7m8	2.283	ATACTC
1000817	1109	6m	1.248	ATACTC
1000845	1117	o6	1.449	AATACT
1000845	2480	7A1	1.005	ATACTC
1000968	1453	o6	1.084	AATACT
1000968	2575	o6	2.403	AATACT
1001012	738	o6	1.584	AATACT
1001030	2019	o6	1.783	AATACT
1001061	43	o6	1.284	AATACT
1001075	2037	8m	3.034	AATACT
1001099	327	6m	1.417	ATACTC
1001148	51	o6	1.894	AATACT
1001155	319	6m	2.199	ATACTC
1001161	3619	o6	2.296	AATACT
1001182	179	7m8	2.872	AATACT
1001190	187	o6	1.053	AATACT
1001217	41	o6	2.596	AATACT
1001244	781	o6	1.193	AATACT
1001249	800	o6	2.065	AATACT
1001267	33	7A1	1.724	ATACTC
1001295	253	7A1	2.083	ATACTC
1001372	459	6m	1.606	ATACTC
1001373	655	6m	1.322	ATACTC
1001378	402	6m	1.779	ATACTC
1001412	186	6m	3.861	ATACTC
1001500	155	o6	1.434	AATACT
1001500	442	6m	2.073	ATACTC
1001515	265	7A1	1.030	ATACTC
1001533	865	o6	1.212	AATACT
1001533	2914	o6	1.362	AATACT
1001533	4202	o6	1.563	AATACT
1001533	4255	o6	1.120	AATACT
1001578	1293	o6	2.206	AATACT
1001601	1503	8m	1.241	AATACT
1001661	1326	7m8	1.047	ATACTC
1001694	302	o6	2.073	AATACT
1001897	895	o6	3.428	AATACT
1001948	489	o6	2.342	AATACT
1001973	14	o6	1.252	AATACT
1001982	43	o6	2.129	AATACT
1002020	212	o6	1.570	AATACT
1002246	740	7A1	1.232	ATACTC
1002319	153	8m	2.065	AATACT
1002478	30	7A1	1.818	ATACTC
1002484	17	6m	1.484	ATACTC
1002506	55	6m	1.647	ATACTC
1002527	493	6m	2.400	ATACTC
1002527	709	o6	2.206	AATACT
1002527	1311	o6	2.114	AATACT
1002595	764	o6	1.099	AATACT
1002595	798	o6	1.491	AATACT
1002628	588	o6	1.120	AATACT
1002704	344	o6	1.284	AATACT
1002743	366	o6	1.326	AATACT
1002767	574	o6	1.065	AATACT
1002826	2005	o6	1.537	AATACT
1002830	704	8m	2.030	AATACT
1002898	62	o6	2.668	AATACT
1002990	408	o6	1.434	AATACT
1003062	429	o6	1.098	AATACT
1003108	123	8m	1.276	AATACT
1003155	241	o6	2.449	AATACT
1003179	69	o6	1.647	AATACT
1003212	13	7m8	2.054	AATACT
1003233	145	7A1	2.024	ATACTC
1003233	170	6m	1.767	ATACTC
1003251	543	7A1	2.869	ATACTC
1003297	181	o6	1.150	AATACT
1003349	225	o6	2.078	AATACT
1003360	70	8m	1.015	AATACT
1003444	79	6m	1.076	ATACTC
1003570	467	o6	2.446	AATACT
1003585	77	o6	1.027	AATACT
1003603	21	o6	2.515	AATACT
1003675	92	8m	2.981	AATACT
1003720	90	o6	1.690	AATACT
1003776	196	o6	1.731	AATACT
1003776	292	o6	1.932	AATACT
1003776	731	7m8	1.316	AATACT
1003858	94	6m	2.526	ATACTC
1003954	358	6m	1.014	ATACTC
1004034	291	o6	1.606	AATACT
1004182	34	7A1	2.565	ATACTC
1004446	667	o6	1.065	AATACT
1004463	1084	o6	1.529	AATACT
1004463	1392	7m8	2.025	AATACT
1004463	1587	7m8	2.159	AATACT
1004463	2820	o6	1.294	AATACT
1004463	3725	o6	2.062	AATACT
1004512	439	o6	1.989	AATACT
1004573	1314	o6	2.081	AATACT
1004619	237	7A1	2.255	ATACTC
1004619	290	o6	1.531	AATACT
1004619	312	o6	1.863	AATACT
1004652	114	7m8	1.368	AATACT
1004723	466	o6	2.807	AATACT
1004724	726	o6	1.322	AATACT
1004868	125	7m8	1.560	AATACT
1004898	723	6m	1.779	ATACTC
1004898	2024	o6	1.155	AATACT
1004918	12	o6	1.812	AATACT
1004937	86	7m8	1.060	AATACT
1004958	528	8m	1.320	AATACT
1004958	703	7m8	3.584	AATACT
1005006	513	o6	1.322	AATACT
1005037	334	8m	1.288	AATACT
1005048	59	6m	1.148	ATACTC
1005049	302	7m8	3.252	AATACT
1005090	320	7m8	2.405	AATACT
1005103	139	7m8	2.233	ATACTC
1005216	1955	7A1	1.139	ATACTC
1005319	176	6m	1.144	ATACTC
1005349	184	o6	1.315	AATACT
1005349	2768	o6	2.065	AATACT
1005407	542	7A1	1.053	ATACTC
1005408	36	o6	1.582	AATACT
1005455	574	o6	1.002	AATACT
1005470	2570	7m8	2.464	AATACT
1005507	295	6m	1.936	ATACTC
1005509	26	o6	1.148	AATACT
1005646	4776	o6	2.314	AATACT
1005733	551	o6	1.385	AATACT
1005898	913	o6	1.273	AATACT
1005930	13	o6	1.015	AATACT
1006006	233	6m	1.257	ATACTC
1006041	415	o6	1.618	AATACT
1006094	32	7m8	1.508	AATACT
1006107	726	7m8	2.544	ATACTC
1006548	97	6m	2.218	ATACTC
1006608	26	8m	1.322	AATACT
1006708	2001	o6	1.218	AATACT
1006714	1841	o6	1.120	AATACT
1006731	120	o6	1.026	AATACT
1006731	525	o6	2.350	AATACT
1006731	733	o6	1.005	AATACT
1006734	221	o6	2.341	AATACT
1006761	40	o6	1.274	AATACT
1006800	400	6m	1.030	ATACTC
1006890	677	o6	2.314	AATACT
1006890	1863	6m	2.098	ATACTC
1006940	1854	o6	1.284	AATACT
1006955	29	o6	1.126	AATACT
1007004	1976	o6	1.633	AATACT
1007148	304	o6	1.020	AATACT
1007231	718	o6	1.027	AATACT
1007242	4722	o6	1.292	AATACT
1007251	1036	7A1	1.345	ATACTC
1007283	879	o6	2.350	AATACT
1007314	327	o6	1.307	AATACT
1007521	493	7A1	2.026	ATACTC
1007521	1120	7A1	1.818	ATACTC
1007521	2275	7m8	2.736	AATACT
1007584	941	7A1	1.747	ATACTC
1007624	272	o6	1.012	AATACT
1007624	761	6m	1.443	ATACTC
1007624	2355	o6	1.315	AATACT
1007638	788	o6	1.673	AATACT
1007646	994	o6	1.055	AATACT
1007714	274	o6	1.375	AATACT
1007740	3160	6m	1.629	ATACTC
1007764	1434	o6	1.037	AATACT
1007789	102	o6	1.405	AATACT
1007789	173	o6	2.622	AATACT
1007824	86	7m8	2.025	AATACT
1007843	315	o6	1.282	AATACT
1007885	470	6m	3.383	ATACTC
1007885	764	8m	1.226	ATACTC
1007909	605	o6	1.053	AATACT
1007932	1432	o6	1.577	AATACT
1007950	2268	o6	1.292	AATACT
1008060	173	o6	1.535	AATACT
1008081	320	o6	1.366	AATACT
1008082	99	6m	2.004	ATACTC
1008093	214	o6	1.556	AATACT
1008093	278	o6	1.155	AATACT
1008145	1940	o6	1.058	AATACT
1008145	4398	o6	1.264	AATACT
1008145	4651	o6	1.445	AATACT
1008286	2126	o6	1.235	AATACT
1008307	1498	o6	2.472	AATACT
1008307	1677	6m	1.288	ATACTC
1008307	1954	o6	1.284	AATACT
1008409	1560	o6	1.316	AATACT
1008465	299	o6	1.606	AATACT
1008477	23	o6	2.533	AATACT
1008486	480	6m	1.535	ATACTC
1008498	744	7m8	2.025	AATACT
1008521	57	o6	3.190	AATACT
1008572	219	o6	2.433	AATACT
1008602	376	o6	2.343	AATACT
1008602	605	6m	2.544	ATACTC
1008606	371	o6	1.313	AATACT
1008606	1008	o6	2.430	AATACT
1008606	1014	o6	2.430	AATACT
1008624	436	6m	1.177	ATACTC
1008707	175	o6	1.547	AATACT
1008707	887	8m	2.054	AATACT
1008716	152	7m8	1.920	ATACTC
1008866	151	o6	1.582	AATACT
1008903	293	6m	1.579	ATACTC
1008903	1965	7A1	1.405	ATACTC
1008975	639	o6	1.985	AATACT
1008995	750	7m8	1.313	AATACT
1008995	780	o6	1.796	AATACT
1008995	920	o6	2.154	AATACT
1008995	955	7m8	1.651	AATACT
1009037	2513	7m8	1.660	AATACT
1009074	790	6m	1.073	ATACTC
1009225	127	o6	1.183	AATACT
1009277	543	6m	1.556	ATACTC
1009297	318	6m	1.259	ATACTC
1009300	174	7A1	1.251	ATACTC
1009348	40	o6	1.094	AATACT
1009369	2663	8m	1.073	AATACT
1009381	61	o6	1.302	AATACT
1009408	337	7m8	2.627	AATACT
1009439	450	o6	1.284	AATACT
1009448	1262	o6	1.119	AATACT
1009464	266	7A1	1.231	ATACTC
1009517	234	6m	1.073	ATACTC
1009560	701	o6	1.423	AATACT
1009711	15	8m	1.373	ATACTC
1009714	90	o6	1.788	AATACT
1009723	73	o6	1.284	AATACT
1009748	743	6m	1.358	ATACTC
1009748	1934	o6	2.321	AATACT
1009760	146	6m	3.004	ATACTC
1009798	526	o6	2.522	AATACT
1009799	20	7A1	1.560	ATACTC
1009823	496	6m	1.494	ATACTC
1009834	1848	6m	1.084	ATACTC
1009838	46	o6	2.065	AATACT
1009838	81	o6	1.711	AATACT
1009857	42	o6	1.248	AATACT
1009930	760	6m	1.159	ATACTC
1009948	1027	6m	2.187	ATACTC
1010026	207	6m	1.252	ATACTC
1010043	70	o6	1.437	AATACT
1010054	388	o6	1.336	AATACT
1010103	333	6m	1.746	ATACTC
1010232	3033	7m8	1.235	AATACT
1010238	2660	7m8	1.235	AATACT
1010382	200	6m	1.434	ATACTC
1010511	873	o6	1.073	AATACT
1010533	755	7m8	1.479	ATACTC
1010533	1837	o6	1.339	AATACT
1010637	291	7m8	1.321	AATACT
1010646	860	7A1	2.433	ATACTC
1010646	2189	6m	1.284	ATACTC
1010670	267	7A1	1.371	ATACTC
1010682	56	o6	1.084	AATACT
1010938	286	o6	1.002	AATACT
1010956	2440	6m	2.007	ATACTC
1010986	85	7m8	1.388	AATACT
1011042	60	6m	1.690	ATACTC
1011059	433	7m8	1.577	ATACTC
1011060	114	7m8	2.704	AATACT
1011078	85	o6	1.009	AATACT
1011117	1178	o6	1.085	AATACT
1011167	24	7m8	1.690	AATACT
1011194	889	7A1	2.627	ATACTC
1011246	42	o6	1.163	AATACT
1011277	42	7A1	1.008	ATACTC
1011277	1392	o6	1.834	AATACT
1011327	262	6m	1.133	ATACTC
1011327	670	6m	1.073	ATACTC
1011369	401	o6	2.460	AATACT
1011393	999	7A1	2.428	ATACTC
1011430	865	o6	1.288	AATACT
1011449	36	o6	1.146	AATACT
1011478	38	7m8	2.104	AATACT
1011487	340	o6	2.214	AATACT
1011490	1123	o6	2.037	AATACT
1011524	604	o6	2.213	AATACT
1011524	883	o6	1.287	AATACT
1011841	35	7m8	2.694	AATACT
1011918	64	o6	2.704	AATACT
1011932	429	7m8	2.736	ATACTC
1011944	54	8m	2.529	AATACT
1012017	150	o6	1.067	AATACT
1012169	68	7m8	1.887	AATACT
1012169	85	8m	2.167	AATACT
1012186	107	o6	2.096	AATACT
1012304	311	7A1	1.690	ATACTC
1012307	170	6m	1.380	ATACTC
1012329	122	o6	2.065	AATACT
1012398	527	7m8	2.025	AATACT
1012519	207	o6	1.093	AATACT
1012554	9	8m	1.825	ATACTC
1012639	36	7m8	1.508	AATACT
1012666	744	7m8	1.159	AATACT
1012685	73	6m	1.563	ATACTC
1012689	21	o6	1.560	AATACT
1012743	44	7A1	1.606	ATACTC
1012839	774	7m8	1.606	ATACTC
1012878	86	6m	1.084	ATACTC
1012878	310	6m	1.215	ATACTC
1012900	749	o6	1.150	AATACT
1012905	213	o6	1.689	AATACT
1012912	430	o6	1.251	AATACT
1013068	514	o6	1.633	AATACT
1013068	559	6m	2.533	ATACTC
1013068	803	6m	1.073	ATACTC
1013148	64	7m8	1.278	ATACTC
1013241	75	7A1	1.540	ATACTC
1013271	303	o6	2.434	AATACT
1013312	761	8m	2.533	AATACT
1013349	183	8m	1.553	AATACT
1013349	381	8m	2.592	AATACT
1013383	255	o6	1.191	AATACT
1013398	290	6m	2.913	ATACTC
1013461	10	6m	1.322	ATACTC
1013548	197	o6	1.575	AATACT
1013573	740	o6	1.147	AATACT
1013591	2000	o6	1.397	AATACT
1013648	250	o6	2.581	AATACT
1013670	673	o6	1.575	AATACT
1013670	2013	o6	1.606	AATACT
1013885	1434	7m8	1.359	AATACT
1013902	529	o6	1.312	AATACT
1013968	305	7m8	3.034	AATACT
1013979	128	o6	1.450	AATACT
1014117	376	7m8	1.053	AATACT
1014170	28	8m	1.555	AATACT
1014295	562	o6	1.418	AATACT
1014358	1186	o6	1.274	AATACT
1014403	1306	7A1	3.069	ATACTC
1014430	83	o6	1.358	AATACT
1014473	954	o6	1.163	AATACT
1014480	274	7A1	1.030	ATACTC
1014548	195	8m	2.017	ATACTC
1014559	749	7m8	1.075	ATACTC
1014588	1182	o6	1.254	AATACT
1014588	1201	o6	1.284	AATACT
1014588	3848	o6	2.648	AATACT
1014629	49	o6	1.002	AATACT
1014844	203	o6	2.787	AATACT
1014859	952	8m	2.062	ATACTC
1014859	1268	6m	1.540	ATACTC
1014866	421	o6	1.852	AATACT
1014869	319	o6	1.901	AATACT
1014961	185	7A1	1.219	ATACTC
1014981	1582	7m8	1.569	AATACT
1015073	1265	7m8	2.265	AATACT
1015091	332	7A1	2.988	ATACTC
1015101	92	o6	1.084	AATACT
1015145	2168	6m	1.284	ATACTC
1015145	2402	o6	1.606	AATACT
1015145	2416	o6	2.704	AATACT
1015145	2825	o6	1.405	AATACT
1015228	785	7m8	1.553	AATACT
1015291	1062	o6	1.514	AATACT
1015375	276	7A1	1.923	ATACTC
1015394	777	6m	2.635	ATACTC
1015397	27	7A1	1.704	ATACTC
1015397	43	8m	1.932	AATACT
1015411	333	6m	1.687	ATACTC
1015418	205	7A1	1.494	ATACTC
1015426	29	7A1	1.970	ATACTC
1015480	1904	o6	1.948	AATACT
1015504	103	o6	2.321	AATACT
1015552	849	o6	2.350	AATACT
1015555	3656	6m	1.893	ATACTC
1015582	301	o6	2.544	AATACT
1015637	551	o6	1.084	AATACT
1015646	52	7A1	1.053	ATACTC
1015685	261	7A1	1.444	ATACTC
1015690	512	o6	1.461	AATACT
1015690	1369	o6	2.003	AATACT
1015784	151	6m	1.349	ATACTC
1015784	163	6m	1.349	ATACTC
1015891	345	o6	1.687	AATACT
1015924	925	o6	1.118	AATACT
1015936	934	o6	1.512	AATACT
1015936	1858	o6	1.274	AATACT
1015967	983	7m8	1.294	AATACT
1015995	1139	o6	1.084	AATACT
1016116	418	o6	2.206	AATACT
1016151	321	8m	2.600	AATACT
1016154	255	7m8	2.526	AATACT
1016154	443	6m	1.415	ATACTC
1016200	22	o6	2.187	AATACT
1016266	153	7A1	1.004	ATACTC
1016347	850	o6	1.655	AATACT
1016347	1156	o6	2.573	AATACT
1016368	281	o6	1.421	AATACT
1016377	125	7A1	1.340	ATACTC
1016382	182	7m8	1.231	AATACT
1016397	870	o6	1.510	AATACT
1016398	1202	o6	1.521	AATACT
1016418	530	o6	1.738	AATACT
1016422	187	o6	2.313	AATACT
1016428	770	o6	2.130	AATACT
1016431	1781	7m8	1.595	AATACT
1016449	5101	o6	1.687	AATACT
1016464	344	7A1	1.697	ATACTC
1016500	701	o6	1.328	AATACT
1016500	876	7m8	1.523	AATACT
1016511	463	8m	2.258	ATACTC
1016521	424	6m	1.314	ATACTC
1016556	652	o6	1.606	AATACT
1016565	417	o6	2.477	AATACT
1016565	1613	7A1	2.103	ATACTC
1016574	1765	o6	1.660	AATACT
1016574	2389	8m	2.094	AATACT
1016581	108	7A1	2.675	ATACTC
1016605	520	7A1	2.206	ATACTC
1016613	295	7A1	2.196	ATACTC
1016620	350	7A1	1.053	ATACTC
1016620	1036	o6	1.110	AATACT
1016620	1779	7A1	1.322	ATACTC
1016644	765	o6	2.321	AATACT
1016698	1473	o6	1.445	AATACT
1016698	1499	7m8	2.058	ATACTC
1016698	3049	6m	2.073	ATACTC
1016712	401	o6	2.477	AATACT
1016713	3512	o6	1.234	AATACT
1016737	127	o6	2.125	AATACT
1016749	378	o6	1.082	AATACT
1016782	159	8m	2.377	AATACT
1016787	3887	o6	1.319	AATACT
1016791	178	o6	2.982	AATACT
1016806	590	o6	1.479	AATACT
1016809	153	o6	1.343	AATACT
1016815	335	o6	1.199	AATACT
1016860	1327	7m8	1.818	AATACT
1016892	80	o6	2.433	AATACT
1016899	74	o6	1.606	AATACT
1016899	116	o6	2.788	AATACT
1016917	41	7m8	1.563	ATACTC
1016998	659	o6	1.290	AATACT
1017028	269	o6	1.009	AATACT
1017157	783	7m8	2.033	AATACT
1017169	206	7A1	2.016	ATACTC
1017240	34	7A1	2.807	ATACTC
1017240	121	o6	2.181	AATACT
1017287	131	8m	1.767	ATACTC
1017318	31	o6	2.220	AATACT
1017410	335	o6	1.687	AATACT
1017433	106	7m8	2.033	AATACT
1017434	46	7A1	2.148	ATACTC
1017458	139	o6	1.399	AATACT
1017485	470	o6	1.291	AATACT
1017524	1451	o6	1.315	AATACT
1017614	776	o6	1.399	AATACT
1017614	4669	7A1	1.275	ATACTC
1017614	6357	7A1	1.793	ATACTC
1017614	6677	6m	2.565	ATACTC
1017630	114	o6	1.578	AATACT
1017690	521	7m8	1.476	AATACT
1017695	626	o6	1.371	AATACT
1017787	32	8m	1.842	AATACT
1017787	83	8m	3.026	AATACT
1017800	355	o6	1.527	AATACT
1017908	132	8m	2.409	ATACTC
1017921	96	o6	1.322	AATACT
1017972	21	7m8	1.146	ATACTC
1018036	37	o6	1.042	AATACT
1018078	123	7m8	2.206	AATACT
1018114	20	7m8	1.002	AATACT
1018119	157	o6	2.391	AATACT
1018134	1226	o6	1.526	AATACT
1018134	3208	o6	1.650	AATACT
1018225	111	o6	1.307	AATACT
1018243	65	7m8	2.073	AATACT
1018243	1134	o6	2.511	AATACT
1018243	3471	7A1	1.255	ATACTC
1018268	199	o6	1.205	AATACT
1018268	1425	7A1	1.212	ATACTC
1018272	502	7A1	1.156	ATACTC
1018284	483	6m	1.058	ATACTC
1018344	295	o6	1.369	AATACT
1018486	949	o6	1.199	AATACT
1018510	17	7A1	1.054	ATACTC
1018510	30	8m	1.649	AATACT
1018515	92	8m	2.241	AATACT
1018530	2098	o6	2.013	AATACT
1018530	2141	7m8	1.251	AATACT
1018619	108	o6	1.405	AATACT
1018632	459	7m8	2.341	AATACT
1018632	2135	8m	1.984	AATACT
1018661	1610	o6	1.017	AATACT
1018727	124	7m8	2.027	AATACT
1018784	46	o6	1.333	AATACT
1018866	111	o6	2.544	AATACT
1018873	652	6m	2.229	ATACTC
1018876	88	8m	2.548	AATACT
1018884	561	o6	1.343	AATACT
1018921	344	8m	3.649	AATACT
1018958	108	o6	1.214	AATACT
1019055	538	7A1	1.728	ATACTC
1019068	17	6m	1.075	ATACTC
1019128	238	7A1	1.082	ATACTC
1019279	625	o6	1.053	AATACT
1019320	117	o6	1.132	AATACT
1019328	429	7m8	2.017	AATACT
1019378	58	8m	1.409	AATACT
1019384	170	7m8	1.740	AATACT
1019440	126	o6	2.223	AATACT
1019579	1547	o6	2.523	AATACT
1019579	1606	o6	1.975	AATACT
1019579	2241	o6	2.472	AATACT
1019698	1274	6m	2.353	ATACTC
1019721	279	6m	1.687	ATACTC
1019808	505	o6	1.253	AATACT
1019808	640	7A1	2.169	ATACTC
1020131	120	o6	1.041	AATACT
1020140	379	o6	1.004	AATACT
1020166	2264	o6	2.098	AATACT
1020253	783	o6	1.256	AATACT
1020253	1914	8m	1.802	AATACT
1020253	2349	8m	2.522	AATACT
1020261	409	o6	1.020	AATACT
1020319	792	6m	1.198	ATACTC
1020319	1670	o6	1.548	AATACT
1020319	2460	o6	1.076	AATACT
1020453	88	o6	1.508	AATACT
1020459	83	o6	1.167	AATACT
1020532	99	7m8	2.220	AATACT
1020607	180	7A1	2.043	ATACTC
1020615	1883	o6	1.271	AATACT
1020642	304	6m	1.168	ATACTC
1020643	931	o6	1.917	AATACT
1020654	288	o6	1.413	AATACT
1020661	1900	o6	1.278	AATACT
1020766	535	6m	1.850	ATACTC
1020824	454	o6	1.365	AATACT
1020951	449	o6	2.349	AATACT
1020954	85	o6	1.084	AATACT
1021005	88	7A1	2.660	ATACTC
1021084	1528	8m	2.682	ATACTC
1021125	448	7A1	1.078	ATACTC
1021273	906	o6	1.588	AATACT
1021488	1009	7A1	1.084	ATACTC
1021505	306	o6	1.063	AATACT
1021505	498	o6	1.324	AATACT
1021525	2036	7m8	1.689	ATACTC
1021636	113	o6	1.036	AATACT
1021696	633	o6	1.313	AATACT
1021741	480	o6	2.087	AATACT
1021818	260	o6	1.300	AATACT
1021899	1520	o6	1.156	AATACT
1021902	51	o6	1.440	AATACT
1021941	993	o6	1.838	AATACT
1021941	1000	o6	1.364	AATACT
1021980	94	o6	1.467	AATACT
1022066	100	7m8	2.201	AATACT
1022066	155	7A1	2.258	ATACTC
1022066	890	8m	2.201	AATACT
1022066	1912	7A1	1.841	ATACTC
1022212	501	7A1	2.639	ATACTC
1022480	99	6m	2.378	ATACTC
1022495	4731	o6	1.315	AATACT
1022568	2276	7m8	2.187	ATACTC
1022601	68	o6	1.212	AATACT
1022710	300	o6	1.952	AATACT
1022882	261	7m8	1.209	AATACT
1022938	1096	o6	2.578	AATACT
1022941	693	8m	1.598	AATACT
1022941	800	6m	2.868	ATACTC
1022947	28	7m8	2.377	AATACT
1022974	173	o6	2.388	AATACT
1023032	693	o6	1.711	AATACT
1023065	382	o6	1.055	AATACT
1023100	202	o6	1.669	AATACT
1023110	67	o6	3.024	AATACT
1023256	175	8m	2.652	AATACT
1023320	1248	6m	1.244	ATACTC
1023337	36	o6	1.079	AATACT
1023345	122	8m	2.215	AATACT
1023387	487	8m	2.786	ATACTC
1023391	1665	o6	1.048	AATACT
1023426	513	o6	1.149	AATACT
1023503	271	8m	1.687	AATACT
1023599	1860	o6	1.634	AATACT
1023712	775	o6	1.222	AATACT
1023717	343	o6	1.309	AATACT
1023717	998	6m	1.606	ATACTC
1023783	1351	o6	1.237	AATACT
1023795	14	6m	1.207	ATACTC
1023805	1843	o6	1.316	AATACT
1023805	2027	o6	2.209	AATACT
1023805	3970	o6	1.678	AATACT
1023805	4357	7m8	1.713	AATACT
1023828	79	o6	2.252	AATACT
1023828	241	o6	1.284	AATACT
1023828	1310	7m8	2.773	AATACT
1023834	178	o6	3.062	AATACT
1023850	1411	o6	1.047	AATACT
1023902	148	7m8	2.447	AATACT
1023902	612	o6	4.229	AATACT
1023913	12	8m	1.053	ATACTC
1024031	1101	o6	1.284	AATACT
1024031	1992	o6	1.448	AATACT
1024052	142	o6	2.293	AATACT
1024114	537	o6	2.275	AATACT
1024141	525	o6	1.922	AATACT
1024159	468	7A1	1.315	ATACTC
1024169	1102	o6	1.132	AATACT
1024172	27	7A1	2.479	ATACTC
1024184	748	o6	1.651	AATACT
1024195	2068	o6	1.088	AATACT
1024229	403	8m	2.999	AATACT
1024241	109	o6	1.007	AATACT
1024250	220	o6	1.971	AATACT
1024264	154	o6	1.746	AATACT
1024313	69	6m	1.545	ATACTC
1024349	1421	o6	1.766	AATACT
1024385	86	o6	1.751	AATACT
1024397	1572	o6	1.313	AATACT
1024397	1580	o6	1.313	AATACT
1024397	4560	o6	2.425	AATACT
1024400	672	o6	1.817	AATACT
1024403	370	o6	1.877	AATACT
1024406	368	o6	3.207	AATACT
1024465	3452	6m	1.747	ATACTC
1024486	357	o6	2.422	AATACT
1024510	94	o6	1.189	AATACT
1024529	63	7A1	1.529	ATACTC
1024537	461	8m	2.449	AATACT
1024540	258	7m8	1.213	AATACT
1024556	434	8m	1.613	AATACT
1024591	25	o6	1.120	AATACT
1024601	616	o6	1.975	AATACT
1024619	3156	o6	1.582	AATACT
1024634	805	7A1	2.778	ATACTC
1024639	136	7A1	1.114	ATACTC
1024639	1954	8m	2.132	AATACT
1024639	2022	7m8	2.220	AATACT
1024648	8490	6m	1.713	ATACTC
1024648	9412	7A1	1.053	ATACTC
1024648	11903	o6	1.007	AATACT
1024654	453	8m	2.544	AATACT
1024654	1637	o6	1.282	AATACT
1024654	1901	o6	1.647	AATACT
1024664	504	o6	2.255	AATACT
1024675	170	o6	1.138	AATACT
1024694	388	o6	1.364	AATACT
1024715	1394	7m8	2.154	AATACT
1024715	3726	o6	1.556	AATACT
1024733	1223	6m	1.082	ATACTC
1024774	30	6m	1.428	ATACTC
1024829	6497	o6	1.907	AATACT
1024843	638	6m	2.182	ATACTC
1024844	407	6m	1.284	ATACTC
1024844	421	6m	1.190	ATACTC
1024880	325	o6	2.075	AATACT
1024944	257	8m	1.460	ATACTC
1024956	1417	o6	1.312	AATACT
1025001	234	6m	2.073	ATACTC
1025064	228	o6	2.073	AATACT
1025064	680	o6	1.078	AATACT
1025064	2178	6m	1.054	ATACTC
1025083	391	o6	1.919	AATACT
1025125	45	o6	1.564	AATACT
1025158	176	o6	1.820	AATACT
1025158	310	o6	2.317	AATACT
1025179	694	o6	1.675	AATACT
1025213	509	7A1	2.807	ATACTC
1025229	2352	o6	1.644	AATACT
1025229	2920	o6	1.410	AATACT
1025242	1116	7m8	1.740	AATACT
1025242	1462	o6	3.034	AATACT
1025242	1469	o6	3.034	AATACT
1025268	175	6m	2.433	ATACTC
1025391	942	7A1	1.057	ATACTC
1025410	227	6m	1.034	ATACTC
1025443	112	o6	2.404	AATACT
1025548	709	o6	1.038	AATACT
1025654	190	6m	2.404	ATACTC
1025654	2181	o6	2.399	AATACT
1025690	637	7A1	1.563	ATACTC
1025693	1856	o6	1.222	AATACT
1025693	1864	o6	1.222	AATACT
1025737	180	6m	1.322	ATACTC
1025755	110	o6	1.556	AATACT
1025755	408	o6	1.107	AATACT
1025772	639	7A1	1.513	ATACTC
1025808	434	6m	1.328	ATACTC
1025814	243	o6	1.584	AATACT
1025847	88	7m8	2.166	AATACT
1025851	1285	7m8	2.544	AATACT
1025872	196	6m	1.131	ATACTC
1025934	536	7m8	1.708	AATACT
1025946	190	8m	2.920	AATACT
1025949	107	7m8	2.157	AATACT
1025955	153	o6	2.680	AATACT
1025993	107	o6	1.066	AATACT
1026185	4	7m8	3.042	AATACT
1026262	324	8m	2.443	AATACT
1026268	53	7m8	1.284	AATACT
1026268	277	8m	1.736	ATACTC
1026385	391	o6	1.322	AATACT
1026414	197	7m8	2.262	AATACT
1026414	221	7m8	2.315	AATACT
1026554	441	8m	1.777	AATACT
1026570	198	7A1	2.776	ATACTC
1026591	354	7m8	1.795	AATACT
1026711	1700	o6	1.973	AATACT
1026791	314	6m	1.606	ATACTC
1026798	1275	o6	1.987	AATACT
1026838	235	o6	2.889	AATACT
1026841	610	7m8	1.647	AATACT
1026965	100	7m8	2.788	AATACT
1026965	876	8m	2.798	AATACT
1026981	1170	o6	1.286	AATACT
1027036	36	6m	1.659	ATACTC
1027036	147	7A1	3.207	ATACTC
1027043	193	o6	2.350	AATACT
1027097	71	o6	1.284	AATACT
1027120	135	7m8	2.309	AATACT
1027150	150	6m	1.126	ATACTC
1027150	180	6m	1.196	ATACTC
1027186	32	7A1	2.493	ATACTC
1027261	199	7m8	1.300	AATACT
1027348	16	6m	2.721	ATACTC
1027348	85	8m	2.983	AATACT
1027725	228	7A1	1.537	ATACTC
1027773	127	o6	1.011	AATACT
1027781	295	o6	2.025	AATACT
1027782	207	o6	2.788	AATACT
1027891	957	7m8	2.555	ATACTC
1027938	232	6m	1.016	ATACTC
1027938	385	6m	1.082	ATACTC
1028043	54	o6	1.649	AATACT
1028081	331	7m8	1.029	AATACT
1028082	342	o6	1.751	AATACT
1028087	380	o6	2.193	AATACT
1028109	183	o6	2.516	AATACT
1028115	740	8m	3.925	AATACT
1028235	680	8m	2.163	AATACT
1028235	687	o6	2.163	AATACT
1028235	853	o6	1.656	AATACT
1028354	299	o6	1.274	AATACT
1028602	49	o6	1.660	AATACT
1028711	37	8m	2.969	ATACTC
1028751	820	7m8	2.763	AATACT
1028794	699	o6	1.288	AATACT
1028794	866	o6	2.067	AATACT
1028866	370	o6	1.724	AATACT
1028947	361	o6	1.531	AATACT
1028959	322	7A1	1.897	ATACTC
1028998	149	o6	1.711	AATACT
1028998	166	6m	2.321	ATACTC
1029069	1932	o6	1.304	AATACT
1029069	3285	o6	1.322	AATACT
1029073	155	o6	1.882	AATACT
1029076	71	6m	1.322	ATACTC
1029084	229	6m	1.006	ATACTC
1029091	354	6m	1.473	ATACTC
1029091	786	o6	1.284	AATACT
1029125	283	7m8	2.343	ATACTC
1029125	471	8m	2.343	ATACTC
1029165	1678	6m	1.129	ATACTC
1029192	2708	o6	1.255	AATACT
1029246	554	7m8	3.398	AATACT
1029369	377	o6	1.448	AATACT
1029394	68	7m8	2.295	AATACT
1029459	615	7m8	1.284	ATACTC
1029493	246	6m	1.070	ATACTC
1029532	1819	6m	2.441	ATACTC
1029540	28	7A1	3.224	ATACTC
1029558	1627	o6	1.818	AATACT
1029564	136	7m8	1.284	AATACT
1029564	271	8m	3.034	AATACT
1029592	434	o6	1.606	AATACT
1029673	132	6m	1.118	ATACTC
1029679	474	o6	2.149	AATACT
1029697	320	7A1	1.524	ATACTC
1029697	326	7A1	1.524	ATACTC
1029728	1093	o6	1.406	AATACT
1029787	392	6m	1.012	ATACTC
1029862	423	o6	1.115	AATACT
1029879	19	7A1	1.133	ATACTC
1029904	342	6m	1.729	ATACTC
1029927	499	o6	4.317	AATACT
1029982	1029	o6	1.053	AATACT
1029994	194	8m	2.433	AATACT
1030132	116	6m	2.031	ATACTC
1030132	278	7m8	1.131	ATACTC
1030192	471	o6	2.169	AATACT
1030335	531	7m8	2.073	ATACTC
1030428	118	o6	2.358	AATACT
1030468	644	o6	2.026	AATACT
1030482	1123	o6	1.314	AATACT
1030520	246	7m8	2.477	AATACT
1030520	484	o6	2.231	AATACT
1030566	68	7A1	1.974	ATACTC
1030617	392	o6	2.273	AATACT
1030653	627	o6	1.851	AATACT
1030658	1368	o6	1.995	AATACT
1030659	136	o6	2.435	AATACT
1030670	143	7m8	1.369	AATACT
1030716	711	o6	2.544	AATACT
1030858	213	o6	1.932	AATACT
1030869	141	o6	1.377	AATACT
1030882	452	o6	1.340	AATACT
1030893	305	o6	1.333	AATACT
1030903	93	7m8	3.034	AATACT
1031052	202	o6	3.357	AATACT
1031061	382	o6	1.649	AATACT
1031090	2	7A1	2.243	ATACTC
1031199	4475	7m8	3.034	AATACT
1031239	220	o6	1.846	AATACT
1031316	46	o6	1.474	AATACT
1031321	533	o6	2.835	AATACT
1031390	1647	7A1	2.807	ATACTC
1031390	2137	7A1	2.682	ATACTC
1031390	4982	o6	1.025	AATACT
1031498	554	o6	2.176	AATACT
1031544	369	o6	1.454	AATACT
1031616	2151	7m8	1.100	ATACTC
1031627	26	8m	1.195	AATACT
1031698	242	8m	2.376	AATACT
1031746	-1	7A1	1.169	ATACTC
1031746	315	6m	1.887	ATACTC
1031805	115	7m8	2.433	AATACT
1031805	668	o6	2.025	AATACT
1031848	83	o6	1.569	AATACT
1031994	277	o6	1.563	AATACT
1032169	210	7m8	1.284	AATACT
1032203	718	o6	1.904	AATACT
1032322	32	6m	1.851	ATACTC
1032325	825	o6	1.176	AATACT
1032325	2399	o6	1.550	AATACT
1032328	458	7m8	1.160	AATACT
1032333	1910	o6	1.585	AATACT
1032334	60	o6	2.341	AATACT
1032334	129	o6	1.245	AATACT
1032356	230	o6	1.161	AATACT
1032369	647	8m	2.344	ATACTC
1032411	291	o6	1.758	AATACT
1032430	222	o6	1.298	AATACT
1032442	37	7m8	1.828	AATACT
1032456	414	o6	1.295	AATACT
1032471	1053	o6	1.212	AATACT
1032471	1820	6m	1.173	ATACTC
1032475	1460	o6	1.240	AATACT
1032508	1861	6m	2.227	ATACTC
1032631	302	o6	2.261	AATACT
1032634	242	6m	1.235	ATACTC
1032640	253	7A1	1.548	ATACTC
1032693	1859	7A1	1.964	ATACTC
1032697	321	o6	1.088	AATACT
1032728	377	8m	2.991	AATACT
1032799	52	6m	1.274	ATACTC
1032802	83	o6	2.240	AATACT
1032802	224	7m8	2.442	AATACT
1032813	1425	o6	1.380	AATACT
1032829	409	8m	1.517	AATACT
1032876	254	7A1	1.226	ATACTC
1032902	2578	6m	1.445	ATACTC
1033008	3550	o6	2.025	AATACT
1033041	2610	o6	2.227	AATACT
1033055	100	o6	1.984	AATACT
1033065	327	o6	1.616	AATACT
1033141	5152	o6	1.284	AATACT
1033141	7145	6m	2.103	ATACTC
1033250	601	7m8	2.350	AATACT
1033250	632	o6	1.891	AATACT
1033289	47	o6	2.446	AATACT
1033351	1086	o6	1.508	AATACT
1033384	726	6m	1.329	ATACTC
1033409	156	6m	1.226	ATACTC
1033409	1087	6m	1.201	ATACTC
1033409	1124	o6	2.654	AATACT
1033409	1607	6m	1.425	ATACTC
1033409	2504	o6	1.032	AATACT
1033451	77	o6	1.373	AATACT
1033481	1111	o6	2.854	AATACT
1033517	379	7m8	1.891	AATACT
1033527	411	7m8	2.032	AATACT
1033527	446	o6	2.629	AATACT
1033547	311	o6	1.240	AATACT
1033565	3727	6m	1.689	ATACTC
1033571	3965	o6	1.026	AATACT
1033598	7914	6m	1.485	ATACTC
1033598	7935	o6	2.350	AATACT
1033601	1955	7A1	2.383	ATACTC
1033616	130	7A1	2.281	ATACTC
1033703	66	o6	1.011	AATACT
1033711	82	6m	1.232	ATACTC
1033735	568	7A1	1.232	ATACTC
1033786	1710	6m	2.220	ATACTC
1033824	1717	o6	1.144	AATACT
1033877	214	7m8	2.626	ATACTC
1033877	1136	6m	3.012	ATACTC
1033877	1309	o6	1.063	AATACT
1033877	1781	6m	1.099	ATACTC
1033883	1290	o6	2.643	AATACT
1033916	201	7m8	2.099	AATACT
1033971	671	7A1	2.913	ATACTC
1033971	3041	6m	1.321	ATACTC
1033984	333	o6	1.020	AATACT
1033984	1072	6m	1.907	ATACTC
1033987	585	o6	1.190	AATACT
1034007	246	o6	1.719	AATACT
1034074	2336	8m	1.742	AATACT
1034152	373	8m	1.926	ATACTC
1034230	405	o6	1.281	AATACT
1034304	3416	o6	1.368	AATACT
1034316	2723	6m	1.315	ATACTC
1034322	163	o6	1.463	AATACT
1034331	1522	o6	1.340	AATACT
1034331	2310	8m	1.999	AATACT
1034331	4053	o6	1.317	AATACT
1034389	354	o6	2.147	AATACT
1034397	1692	o6	1.006	AATACT
1034400	513	6m	2.826	ATACTC
1034406	987	o6	2.065	AATACT
1034416	914	o6	1.397	AATACT
1034448	597	6m	2.100	ATACTC
1034451	284	8m	1.556	AATACT
1034469	1494	8m	2.702	AATACT
1034496	393	6m	2.377	ATACTC
1034565	591	o6	1.169	AATACT
1034569	2340	o6	1.896	AATACT
1034586	835	o6	1.001	AATACT
1034671	233	o6	1.361	AATACT
1034679	1886	o6	1.553	AATACT
1034690	424	o6	1.112	AATACT
1034744	1054	o6	2.073	AATACT
1034748	881	7m8	2.233	AATACT
1034766	736	o6	1.401	AATACT
1034800	297	7A1	2.212	ATACTC
1034858	627	7A1	1.722	ATACTC
1034909	178	o6	1.335	AATACT
1034917	439	o6	1.296	AATACT
1034977	188	o6	2.223	AATACT
1035010	4712	8m	3.486	AATACT
1035210	102	o6	2.022	AATACT
1035332	55	7m8	1.814	AATACT
1035333	205	o6	1.560	AATACT
1035356	1069	o6	2.302	AATACT
1035369	80	o6	1.021	AATACT
1035527	2907	o6	1.210	AATACT
1035530	490	o6	1.818	AATACT
1035536	2095	o6	4.728	AATACT
1035566	989	7m8	3.006	AATACT
1035569	58	7m8	2.635	AATACT
1035569	798	o6	1.571	AATACT
1035569	13180	7A1	1.284	ATACTC
1035582	1422	7m8	1.412	ATACTC
1035687	602	o6	3.392	AATACT
1035701	461	o6	1.278	AATACT
1035759	304	6m	1.984	ATACTC
1035768	1938	o6	1.350	AATACT
1035768	2467	7m8	1.584	ATACTC
1035782	1600	o6	1.087	AATACT
1035828	264	o6	2.990	AATACT
1035831	646	o6	1.069	AATACT
1035843	1522	o6	1.534	AATACT
1035846	51	o6	3.379	AATACT
1035863	416	o6	4.139	AATACT
1035974	586	o6	1.292	AATACT
1035974	1027	7A1	1.632	ATACTC
1036046	436	o6	1.130	AATACT
1036127	3260	7A1	2.145	ATACTC
1036160	104	7A1	1.684	ATACTC
1036169	980	o6	1.665	AATACT
1036232	670	o6	2.228	AATACT
1036242	170	6m	1.409	ATACTC
1036283	1103	o6	1.683	AATACT
1036289	345	o6	1.691	AATACT
1036343	301	6m	1.201	ATACTC
1036343	1307	o6	1.073	AATACT
1036346	286	6m	1.917	ATACTC
1036381	491	6m	1.662	ATACTC
1036419	2162	6m	3.208	ATACTC
1036432	723	o6	1.512	AATACT
1036482	574	6m	1.438	ATACTC
1036486	155	o6	1.515	AATACT
1036486	303	o6	1.380	AATACT
1036515	367	6m	1.474	ATACTC
1036558	1138	o6	1.073	AATACT
1036558	1829	o6	2.973	AATACT
1036566	353	6m	2.301	ATACTC
1036568	1580	o6	2.016	AATACT
1036568	2672	o6	1.006	AATACT
1036598	1544	o6	1.546	AATACT
1036653	635	6m	1.312	ATACTC
1036668	40	6m	1.766	ATACTC
1036706	1260	o6	2.190	AATACT
1036706	2930	6m	2.377	ATACTC
1036745	371	7A1	2.226	ATACTC
1036779	374	6m	2.337	ATACTC
1036818	254	6m	3.076	ATACTC
1036967	38	7m8	2.938	AATACT
1036991	505	o6	1.027	AATACT
1037016	53	o6	1.468	AATACT
1037031	1278	7A1	2.135	ATACTC
1037051	379	7A1	2.164	ATACTC
1037067	583	7m8	2.102	AATACT
1037144	85	o6	1.457	AATACT
1037171	765	6m	1.225	ATACTC
1037197	228	7A1	1.138	ATACTC
1037297	451	o6	1.291	AATACT
1037301	3300	o6	1.381	AATACT
1037504	6	6m	1.385	ATACTC
1037588	700	7m8	2.612	AATACT
1037615	1056	o6	1.012	AATACT
1037621	43	7A1	1.468	ATACTC
1037888	179	7m8	2.321	AATACT
1037895	463	o6	1.998	AATACT
1037971	332	7m8	1.446	AATACT
1037971	550	7m8	2.776	AATACT
1038000	119	7m8	1.633	AATACT
1038021	959	o6	1.774	AATACT
1038021	1757	o6	2.159	AATACT
1038122	768	7A1	3.222	ATACTC
1038127	359	o6	1.382	AATACT
1038293	2659	6m	1.138	ATACTC
1038309	245	7A1	1.031	ATACTC
1038312	2374	o6	1.031	AATACT
1038312	2787	o6	1.350	AATACT
1038378	392	o6	2.166	AATACT
1038505	375	o6	2.558	AATACT
1038506	58	8m	2.835	ATACTC
1038511	465	6m	1.434	ATACTC
1038595	220	o6	1.170	AATACT
1038605	531	7m8	3.124	AATACT
1038640	1665	o6	1.690	AATACT
1038710	1880	o6	1.320	AATACT
1038900	660	8m	1.482	AATACT
1038933	439	o6	2.521	AATACT
1038948	1228	o6	2.110	AATACT
1038960	411	6m	1.294	ATACTC
1039048	473	6m	1.740	ATACTC
1039114	415	8m	1.682	AATACT
1039199	1086	o6	1.928	AATACT
1039218	215	o6	1.500	AATACT
1039218	495	6m	2.441	ATACTC
1039224	164	6m	1.943	ATACTC
1039244	256	o6	1.546	AATACT
1039285	557	o6	1.029	AATACT
1039300	941	o6	3.370	AATACT
1039301	307	o6	2.017	AATACT
1039347	114	o6	1.183	AATACT
1039376	1496	7m8	1.758	ATACTC
1039422	4610	8m	1.268	AATACT
1039445	1763	o6	1.928	AATACT
1039474	1257	7m8	2.416	ATACTC
1039497	477	o6	1.831	AATACT
1039502	487	o6	1.962	AATACT
1039503	302	6m	2.667	ATACTC
1039533	211	8m	4.193	AATACT
1039557	1879	o6	2.073	AATACT
1039631	156	o6	1.257	AATACT
1039651	1051	o6	1.203	AATACT
1039706	1060	7A1	1.431	ATACTC
1039718	835	o6	1.548	AATACT
1039797	2768	o6	1.632	AATACT
1039853	2697	7A1	2.436	ATACTC
1039853	3160	o6	1.162	AATACT
1039853	4316	7m8	1.751	AATACT
1039853	5798	o6	1.434	AATACT
1039853	6507	o6	1.679	AATACT
1039858	4805	o6	2.659	AATACT
1039908	31	7m8	1.623	AATACT
1039908	2504	8m	2.007	AATACT
1039908	4662	6m	1.999	ATACTC
1039911	255	o6	1.996	AATACT
1039911	1199	o6	2.067	AATACT
1039919	2712	o6	1.200	AATACT
1039919	3360	o6	1.703	AATACT
1039925	256	o6	2.069	AATACT
1039949	2254	8m	2.022	ATACTC
1039959	1124	7A1	1.846	ATACTC
1039959	1839	6m	3.102	ATACTC
1039959	2628	8m	1.907	AATACT
1040001	627	o6	2.286	AATACT
1040004	1412	o6	1.871	AATACT
1040034	270	6m	1.952	ATACTC
1040054	435	o6	1.940	AATACT
1040070	2003	o6	1.376	AATACT
1040115	421	o6	2.321	AATACT
1040139	49	8m	3.016	AATACT
1040154	242	o6	2.981	AATACT
1040165	1030	7m8	1.690	AATACT
1040178	204	o6	1.567	AATACT
1040178	259	o6	1.982	AATACT
1040190	2682	7A1	3.347	ATACTC
1040202	2431	o6	2.808	AATACT
1040210	1501	8m	1.810	AATACT
1040210	2158	o6	2.007	AATACT
1040234	811	o6	3.449	AATACT
1040298	4995	o6	1.739	AATACT
1040298	8388	o6	1.490	AATACT
1040303	1745	o6	1.690	AATACT
1040331	171	6m	2.329	ATACTC
1040331	476	o6	1.803	AATACT
1040337	2010	6m	1.214	ATACTC
1040337	2455	o6	1.635	AATACT
1040337	4676	o6	3.699	AATACT
1040346	4636	o6	2.015	AATACT
1040346	4764	o6	2.015	AATACT
1040352	1215	o6	3.169	AATACT
1040377	456	o6	2.533	AATACT
1040387	594	7A1	2.683	ATACTC
1040411	1716	o6	1.103	AATACT
1040434	403	8m	1.122	AATACT
1040438	1595	8m	1.368	AATACT
1040458	195	o6	2.924	AATACT
1040479	3434	o6	2.728	AATACT
1040479	3587	o6	1.220	AATACT
1040483	514	o6	1.168	AATACT
1040533	1168	o6	1.236	AATACT
1040533	1236	6m	1.457	ATACTC
1040547	494	o6	1.623	AATACT
1040584	824	o6	2.599	AATACT
1040584	900	o6	2.831	AATACT
1040584	1334	o6	1.143	AATACT
1040589	558	7A1	1.356	ATACTC
1040589	2988	o6	2.693	AATACT
1040590	5262	o6	1.518	AATACT
1040623	1620	o6	1.458	AATACT
1040623	2682	o6	2.079	AATACT
1040635	3458	o6	1.998	AATACT
1040635	3652	o6	2.689	AATACT
1040646	11	7m8	2.854	AATACT
1040646	1152	o6	2.775	AATACT
1040646	2523	o6	1.539	AATACT
1040646	2576	o6	1.659	AATACT
1040667	128	6m	1.482	ATACTC
