1000035	128	7A1	1.606	AGTATT
1000042	492	6m	1.439	AGTATT
1000048	491	7m8	2.349	AGTATT
1000066	2560	o6	1.505	CAGTAT
1000069	1200	6m	2.965	AGTATT
1000090	443	6m	2.268	AGTATT
1000122	127	7A1	2.544	AGTATT
1000126	30	7A1	2.025	AGTATT
1000155	822	7A1	2.934	AGTATT
1000192	71	6m	1.333	AGTATT
1000200	366	6m	1.938	AGTATT
1000204	69	6m	2.215	AGTATT
1000215	82	7m8	1.968	AGTATT
1000219	1020	o6	1.314	CAGTAT
1000227	304	6m	2.169	AGTATT
1000227	425	6m	2.169	AGTATT
1000245	588	6m	2.350	AGTATT
1000249	110	7A1	2.287	AGTATT
1000264	730	6m	1.690	AGTATT
1000281	614	6m	2.843	AGTATT
1000282	341	7A1	1.606	AGTATT
1000320	1216	7m8	1.496	AGTATT
1000321	294	6m	2.194	AGTATT
1000351	472	7A1	2.073	AGTATT
1000421	86	7m8	2.863	AGTATT
1000436	197	8m	2.922	CAGTAT
1000436	966	7A1	2.922	AGTATT
1000442	409	o6	1.401	CAGTAT
1000442	776	o6	1.006	CAGTAT
1000443	1930	6m	2.033	AGTATT
1000469	60	6m	1.755	AGTATT
1000478	79	7m8	1.606	CAGTAT
1000542	317	7A1	2.788	AGTATT
1000545	653	6m	2.344	AGTATT
1000605	518	6m	1.781	AGTATT
1000613	163	6m	2.000	AGTATT
1000613	355	6m	2.737	AGTATT
1000640	8	6m	1.632	AGTATT
1000653	175	8m	2.310	CAGTAT
1000673	435	o6	1.958	CAGTAT
1000673	445	6m	2.357	AGTATT
1000677	34	6m	1.781	AGTATT
1000692	163	6m	1.079	AGTATT
1000701	265	6m	1.485	AGTATT
1000706	1513	7A1	1.575	AGTATT
1000758	114	7m8	3.046	CAGTAT
1000761	348	o6	1.305	CAGTAT
1000779	804	6m	1.456	AGTATT
1000779	1032	6m	2.670	AGTATT
1000835	33	8m	2.778	CAGTAT
1000842	602	o6	2.807	CAGTAT
1000845	1167	6m	1.594	AGTATT
1000845	2931	7A1	1.882	AGTATT
1000863	138	6m	1.477	AGTATT
1000866	617	6m	1.440	AGTATT
1000874	457	6m	1.202	AGTATT
1000901	612	6m	2.523	AGTATT
1000907	469	8m	2.876	CAGTAT
1000923	317	7m8	2.449	CAGTAT
1000923	412	6m	2.026	AGTATT
1000923	696	o6	2.544	CAGTAT
1000923	1495	7A1	2.276	AGTATT
1000928	128	6m	2.597	AGTATT
1000929	558	6m	1.784	AGTATT
1000937	29	6m	1.285	AGTATT
1000937	168	6m	1.544	AGTATT
1000940	134	6m	2.215	AGTATT
1000956	538	7A1	1.044	AGTATT
1000968	2219	o6	1.284	CAGTAT
1001012	1923	6m	2.981	AGTATT
1001015	1260	6m	1.101	AGTATT
1001075	289	6m	1.210	AGTATT
1001083	285	6m	1.160	AGTATT
1001087	40	6m	1.549	AGTATT
1001104	673	6m	2.567	AGTATT
1001116	374	6m	2.984	AGTATT
1001148	325	7m8	2.766	CAGTAT
1001169	446	7A1	2.147	AGTATT
1001191	0	6m	2.555	AGTATT
1001249	502	7A1	2.065	AGTATT
1001249	604	6m	1.680	AGTATT
1001255	344	6m	3.196	AGTATT
1001271	251	8m	1.251	CAGTAT
1001346	535	6m	1.606	AGTATT
1001381	137	7m8	1.680	CAGTAT
1001423	761	6m	2.220	AGTATT
1001500	169	o6	2.058	CAGTAT
1001500	628	7A1	2.626	AGTATT
1001521	139	6m	1.756	AGTATT
1001533	4821	7A1	2.390	AGTATT
1001578	522	6m	1.511	AGTATT
1001578	649	7A1	2.104	AGTATT
1001578	3626	7A1	1.593	AGTATT
1001601	3846	6m	2.148	AGTATT
1001661	721	6m	1.626	AGTATT
1001738	1051	o6	3.649	CAGTAT
1001823	322	6m	2.476	AGTATT
1001897	417	o6	1.830	CAGTAT
1001897	423	7m8	1.830	CAGTAT
1001916	58	6m	2.450	AGTATT
1001916	155	o6	1.560	CAGTAT
1001949	651	7A1	4.188	AGTATT
1001978	5	7A1	3.475	AGTATT
1002084	856	6m	2.913	AGTATT
1002176	1446	7A1	1.543	AGTATT
1002203	224	7A1	4.068	AGTATT
1002224	21	6m	2.507	AGTATT
1002236	965	8m	2.507	CAGTAT
1002251	9	7A1	1.618	AGTATT
1002298	315	o6	1.836	CAGTAT
1002340	50	6m	2.062	AGTATT
1002481	690	6m	2.796	AGTATT
1002506	92	o6	2.173	CAGTAT
1002527	277	6m	1.082	AGTATT
1002527	717	6m	2.076	AGTATT
1002527	1320	6m	1.676	AGTATT
1002584	409	6m	1.669	AGTATT
1002608	92	7m8	1.531	CAGTAT
1002628	443	6m	2.025	AGTATT
1002680	41	6m	1.683	AGTATT
1002695	1119	6m	1.586	AGTATT
1002703	677	7m8	1.690	CAGTAT
1002713	26	7A1	1.434	AGTATT
1002872	1219	6m	1.840	AGTATT
1002878	232	6m	1.001	AGTATT
1002898	410	7m8	2.106	CAGTAT
1002898	604	6m	2.270	AGTATT
1002901	722	6m	1.459	AGTATT
1002928	36	6m	1.933	AGTATT
1002947	30	6m	2.822	AGTATT
1002963	64	6m	2.650	AGTATT
1002969	1170	6m	1.943	AGTATT
1002991	72	6m	1.434	AGTATT
1003015	287	6m	1.035	AGTATT
1003108	373	7A1	2.230	AGTATT
1003114	711	6m	1.024	AGTATT
1003122	501	6m	1.645	AGTATT
1003128	512	6m	2.755	AGTATT
1003140	353	7A1	2.472	AGTATT
1003151	109	7A1	2.449	AGTATT
1003154	112	8m	1.264	CAGTAT
1003155	155	6m	1.687	AGTATT
1003155	249	6m	2.449	AGTATT
1003184	469	6m	2.872	AGTATT
1003233	372	7A1	2.509	AGTATT
1003263	430	6m	3.886	AGTATT
1003297	756	7A1	2.120	AGTATT
1003298	224	6m	1.829	AGTATT
1003355	295	7m8	1.124	CAGTAT
1003379	239	7A1	1.053	AGTATT
1003379	425	7A1	1.860	AGTATT
1003387	885	o6	1.711	CAGTAT
1003393	36	6m	2.150	AGTATT
1003417	357	6m	2.515	AGTATT
1003477	16	7m8	1.154	CAGTAT
1003501	969	o6	3.385	CAGTAT
1003520	26	7m8	1.241	CAGTAT
1003523	521	o6	1.034	CAGTAT
1003549	251	6m	1.389	AGTATT
1003567	33	6m	1.560	AGTATT
1003570	614	6m	2.204	AGTATT
1003612	102	7A1	3.603	AGTATT
1003615	262	7A1	1.632	AGTATT
1003624	219	6m	2.220	AGTATT
1003624	268	6m	2.220	AGTATT
1003671	378	7A1	2.085	AGTATT
1003776	233	o6	1.807	CAGTAT
1003776	356	7m8	1.731	CAGTAT
1003863	36	o6	2.025	CAGTAT
1003873	472	7m8	1.245	CAGTAT
1003897	48	7A1	2.135	AGTATT
1003900	24	6m	3.005	AGTATT
1003926	517	7A1	2.704	AGTATT
1003930	1011	6m	2.351	AGTATT
1003999	1133	7A1	3.679	AGTATT
1004013	40	7m8	1.976	CAGTAT
1004013	54	o6	2.061	CAGTAT
1004013	403	6m	2.262	AGTATT
1004035	86	6m	2.262	AGTATT
1004035	142	6m	2.321	AGTATT
1004145	118	7A1	2.477	AGTATT
1004172	42	7m8	2.298	CAGTAT
1004190	13	6m	2.533	AGTATT
1004211	50	7m8	1.107	AGTATT
1004269	135	6m	2.310	AGTATT
1004269	795	6m	1.610	AGTATT
1004274	45	6m	2.749	AGTATT
1004437	844	8m	2.434	CAGTAT
1004463	3469	6m	1.503	AGTATT
1004520	23	7A1	1.725	AGTATT
1004539	230	6m	1.973	AGTATT
1004564	254	7A1	1.606	AGTATT
1004565	81	6m	2.848	AGTATT
1004607	58	6m	2.107	AGTATT
1004618	556	6m	2.583	AGTATT
1004618	578	6m	2.268	AGTATT
1004631	604	7A1	2.215	AGTATT
1004643	96	o6	1.156	CAGTAT
1004652	66	6m	2.858	AGTATT
1004700	360	7A1	2.823	AGTATT
1004723	364	o6	1.284	CAGTAT
1004723	433	6m	1.606	AGTATT
1004724	693	7m8	2.350	CAGTAT
1004859	73	7m8	1.718	AGTATT
1004958	779	7A1	3.584	AGTATT
1004958	1005	o6	3.261	CAGTAT
1004966	6	o6	2.049	CAGTAT
1004966	115	6m	2.220	AGTATT
1004967	10	6m	1.588	AGTATT
1005048	66	7m8	1.064	AGTATT
1005049	1862	7m8	2.433	CAGTAT
1005091	117	6m	2.405	AGTATT
1005103	153	6m	2.417	AGTATT
1005124	436	7A1	2.450	AGTATT
1005130	1482	6m	1.313	AGTATT
1005240	146	7A1	1.560	AGTATT
1005374	293	7A1	2.127	AGTATT
1005374	333	6m	2.259	AGTATT
1005446	58	6m	1.723	AGTATT
1005450	41	o6	2.076	CAGTAT
1005462	149	7A1	3.464	AGTATT
1005470	1238	7A1	2.893	AGTATT
1005470	1454	7A1	2.893	AGTATT
1005507	444	7m8	2.342	CAGTAT
1005550	796	6m	2.215	AGTATT
1005557	886	7A1	2.025	AGTATT
1005568	102	7A1	3.320	AGTATT
1005568	827	6m	1.791	AGTATT
1005581	222	7A1	3.299	AGTATT
1005595	978	7A1	1.251	AGTATT
1005607	124	7m8	1.864	CAGTAT
1005691	37	o6	1.031	CAGTAT
1005730	512	o6	1.272	CAGTAT
1005752	1912	7m8	1.055	AGTATT
1005830	636	6m	1.600	AGTATT
1005830	1003	7A1	2.066	AGTATT
1005862	555	7m8	1.000	AGTATT
1006006	918	7A1	2.713	AGTATT
1006071	366	7A1	1.202	AGTATT
1006071	867	o6	1.003	CAGTAT
1006107	349	6m	2.198	AGTATT
1006121	58	7A1	1.040	AGTATT
1006273	14	7m8	1.072	AGTATT
1006282	14	7m8	1.036	AGTATT
1006300	14	7m8	1.024	AGTATT
1006587	1173	6m	1.286	AGTATT
1006599	591	6m	1.882	AGTATT
1006699	296	o6	2.025	CAGTAT
1006699	678	6m	2.730	AGTATT
1006714	30	7A1	3.142	AGTATT
1006719	2064	6m	2.057	AGTATT
1006726	1276	6m	1.606	AGTATT
1006726	1734	6m	2.433	AGTATT
1006738	764	6m	1.235	AGTATT
1006758	331	7A1	2.377	AGTATT
1006829	360	6m	1.084	AGTATT
1006872	539	6m	1.971	AGTATT
1006875	1954	6m	1.235	AGTATT
1006884	220	7A1	3.269	AGTATT
1006890	167	7A1	1.278	AGTATT
1006890	1991	6m	2.433	AGTATT
1006933	834	6m	1.321	AGTATT
1007004	1409	7A1	1.322	AGTATT
1007050	482	6m	2.408	AGTATT
1007092	156	7m8	3.032	CAGTAT
1007109	1	o6	1.295	CAGTAT
1007118	56	7A1	2.647	AGTATT
1007127	226	6m	2.568	AGTATT
1007143	165	6m	2.085	AGTATT
1007161	83	6m	2.475	AGTATT
1007206	950	6m	3.642	AGTATT
1007242	2271	7m8	2.273	CAGTAT
1007242	5206	o6	1.120	CAGTAT
1007242	5811	7A1	2.778	AGTATT
1007269	35	8m	2.924	CAGTAT
1007269	661	7A1	2.409	AGTATT
1007301	180	7A1	2.442	AGTATT
1007340	413	6m	2.544	AGTATT
1007433	81	6m	1.128	AGTATT
1007439	774	o6	1.122	CAGTAT
1007481	929	7A1	1.668	AGTATT
1007490	390	7A1	2.350	AGTATT
1007521	780	7m8	2.565	CAGTAT
1007521	1261	7A1	3.017	AGTATT
1007521	1283	o6	2.026	CAGTAT
1007521	3835	7m8	2.026	CAGTAT
1007547	207	7m8	1.248	AGTATT
1007547	2560	8m	1.053	CAGTAT
1007547	2740	6m	2.220	AGTATT
1007629	941	7A1	1.687	AGTATT
1007731	728	7A1	2.124	AGTATT
1007731	2987	7A1	2.063	AGTATT
1007737	170	7A1	2.921	AGTATT
1007743	608	o6	1.799	CAGTAT
1007746	450	o6	1.799	CAGTAT
1007749	151	7A1	1.373	AGTATT
1007749	1043	6m	1.070	AGTATT
1007789	179	6m	2.807	AGTATT
1007803	454	6m	1.711	AGTATT
1007812	4871	7m8	2.154	CAGTAT
1007812	5771	8m	2.506	CAGTAT
1007812	5813	o6	1.383	CAGTAT
1007812	6339	7A1	2.544	AGTATT
1007861	765	7m8	1.545	CAGTAT
1007875	4803	7A1	2.009	AGTATT
1007888	194	8m	2.267	CAGTAT
1007888	653	7m8	2.652	CAGTAT
1007915	234	7A1	2.415	AGTATT
1007915	441	6m	2.807	AGTATT
1007920	728	7A1	1.680	AGTATT
1007923	2600	7A1	3.034	AGTATT
1007935	246	7A1	3.441	AGTATT
1007935	304	7A1	2.722	AGTATT
1007950	1791	6m	1.606	AGTATT
1007980	33	6m	1.606	AGTATT
1007980	1918	6m	2.654	AGTATT
1007989	93	7A1	1.405	AGTATT
1007990	251	6m	1.053	AGTATT
1008036	464	6m	2.411	AGTATT
1008036	1747	6m	2.638	AGTATT
1008072	316	7A1	2.770	AGTATT
1008081	197	6m	2.037	AGTATT
1008081	449	6m	2.031	AGTATT
1008081	507	6m	1.932	AGTATT
1008129	709	6m	1.094	AGTATT
1008129	730	7A1	1.247	AGTATT
1008141	6	o6	1.244	CAGTAT
1008141	367	6m	1.780	AGTATT
1008145	886	6m	2.350	AGTATT
1008145	2103	7A1	1.082	AGTATT
1008145	3216	7A1	1.322	AGTATT
1008145	5109	7A1	1.223	AGTATT
1008151	1394	8m	2.477	CAGTAT
1008183	655	8m	2.854	CAGTAT
1008192	600	6m	1.316	AGTATT
1008226	64	7A1	1.788	AGTATT
1008234	58	7A1	2.544	AGTATT
1008271	39	6m	1.593	AGTATT
1008271	218	6m	2.341	AGTATT
1008286	579	6m	1.440	AGTATT
1008304	382	6m	2.350	AGTATT
1008307	1107	6m	2.807	AGTATT
1008307	1811	6m	2.433	AGTATT
1008312	619	6m	2.544	AGTATT
1008363	494	6m	1.667	AGTATT
1008372	73	6m	1.314	AGTATT
1008372	926	6m	2.215	AGTATT
1008406	581	6m	2.152	AGTATT
1008454	229	6m	2.544	AGTATT
1008472	26	6m	3.950	AGTATT
1008478	189	7m8	2.544	CAGTAT
1008492	627	o6	1.600	CAGTAT
1008524	35	7A1	1.011	AGTATT
1008572	177	7A1	2.149	AGTATT
1008597	338	6m	1.891	AGTATT
1008602	264	7m8	2.215	CAGTAT
1008605	255	7A1	2.047	AGTATT
1008647	808	6m	1.322	AGTATT
1008699	130	6m	1.210	AGTATT
1008720	525	o6	1.212	CAGTAT
1008749	607	6m	2.009	AGTATT
1008755	460	7A1	2.700	AGTATT
1008761	235	7m8	2.807	CAGTAT
1008780	533	6m	2.694	AGTATT
1008783	333	7A1	2.523	AGTATT
1008866	208	7A1	2.874	AGTATT
1008866	328	o6	1.558	CAGTAT
1008903	564	8m	2.606	CAGTAT
1008933	586	6m	2.106	AGTATT
1008990	608	6m	1.264	AGTATT
1008995	115	6m	1.047	AGTATT
1009043	1075	6m	1.824	AGTATT
1009043	1141	7A1	1.292	AGTATT
1009056	15	7A1	1.132	AGTATT
1009063	101	6m	3.368	AGTATT
1009068	387	7A1	1.130	AGTATT
1009083	96	o6	1.736	CAGTAT
1009083	642	6m	1.687	AGTATT
1009217	27	6m	2.073	AGTATT
1009228	9	7m8	1.093	CAGTAT
1009232	48	7A1	2.534	AGTATT
1009277	117	6m	2.870	AGTATT
1009277	558	6m	3.028	AGTATT
1009349	45	6m	2.384	AGTATT
1009360	145	6m	1.260	AGTATT
1009360	585	7A1	2.544	AGTATT
1009366	105	6m	1.290	AGTATT
1009411	187	6m	1.284	AGTATT
1009448	690	7A1	2.631	AGTATT
1009460	46	6m	1.405	AGTATT
1009512	25	7A1	1.148	AGTATT
1009632	252	7m8	2.310	CAGTAT
1009665	707	7A1	1.910	AGTATT
1009668	17	8m	1.906	CAGTAT
1009676	199	6m	2.377	AGTATT
1009717	126	6m	1.593	AGTATT
1009720	19	7A1	4.026	AGTATT
1009739	24	7A1	4.903	AGTATT
1009748	1898	7m8	2.076	AGTATT
1009763	148	6m	2.149	AGTATT
1009763	837	6m	2.756	AGTATT
1009799	2	8m	2.892	CAGTAT
1009823	232	7A1	2.265	AGTATT
1009834	1616	7A1	2.390	AGTATT
1009841	36	6m	1.284	AGTATT
1009841	452	8m	1.578	CAGTAT
1009841	1241	6m	2.611	AGTATT
1009858	116	6m	1.248	AGTATT
1009873	629	6m	1.402	AGTATT
1009891	504	7A1	1.535	AGTATT
1009899	84	7A1	5.060	AGTATT
1009915	500	o6	1.031	CAGTAT
1009942	117	6m	1.328	AGTATT
1010026	296	6m	1.905	AGTATT
1010026	546	7m8	1.649	AGTATT
1010054	67	7A1	2.498	AGTATT
1010082	184	6m	2.113	AGTATT
1010130	22	6m	1.073	AGTATT
1010136	279	6m	1.317	AGTATT
1010160	620	7A1	2.064	AGTATT
1010232	1515	6m	1.606	AGTATT
1010232	3667	7m8	2.415	CAGTAT
1010238	1142	6m	1.606	AGTATT
1010238	3294	7m8	2.415	CAGTAT
1010287	597	6m	2.030	AGTATT
1010299	144	o6	2.154	CAGTAT
1010326	555	6m	2.271	AGTATT
1010332	711	7A1	2.223	AGTATT
1010368	272	7m8	1.183	AGTATT
1010394	80	7m8	1.392	AGTATT
1010436	153	7A1	1.410	AGTATT
1010462	207	6m	2.220	AGTATT
1010466	55	7A1	2.017	AGTATT
1010483	964	6m	2.288	AGTATT
1010577	13	8m	3.441	AGTATT
1010583	24	6m	2.278	AGTATT
1010608	231	6m	1.053	AGTATT
1010646	339	6m	2.676	AGTATT
1010646	486	o6	1.540	CAGTAT
1010646	659	7m8	2.675	CAGTAT
1010646	1152	8m	1.084	CAGTAT
1010715	42	8m	2.544	CAGTAT
1010754	116	6m	1.527	AGTATT
1010781	19	7A1	2.487	AGTATT
1010824	63	7A1	2.538	AGTATT
1010893	39	7A1	2.043	AGTATT
1010911	175	7m8	1.195	CAGTAT
1010974	681	6m	2.289	AGTATT
1010985	95	6m	1.388	AGTATT
1011101	82	6m	1.322	AGTATT
1011167	303	6m	1.205	AGTATT
1011242	168	6m	2.026	AGTATT
1011277	1516	7A1	1.322	AGTATT
1011277	1672	7A1	2.148	AGTATT
1011301	81	6m	1.004	AGTATT
1011321	1612	o6	1.027	CAGTAT
1011327	322	6m	2.509	AGTATT
1011327	429	o6	2.064	CAGTAT
1011327	958	8m	3.389	CAGTAT
1011333	426	6m	1.953	AGTATT
1011333	989	6m	1.053	AGTATT
1011354	67	6m	1.545	AGTATT
1011397	213	6m	2.834	AGTATT
1011422	38	o6	1.466	CAGTAT
1011430	2251	6m	1.839	AGTATT
1011491	231	6m	1.320	AGTATT
1011569	232	6m	1.434	AGTATT
1011641	253	8m	1.592	CAGTAT
1011673	137	6m	2.902	AGTATT
1011709	113	o6	1.636	CAGTAT
1011776	19	7m8	5.119	AGTATT
1011776	486	7A1	1.784	AGTATT
1011799	297	o6	1.632	CAGTAT
1011842	35	6m	1.405	AGTATT
1011851	160	6m	2.182	AGTATT
1011876	24	6m	1.322	AGTATT
1011897	862	6m	1.089	AGTATT
1011936	308	6m	2.387	AGTATT
1011936	862	6m	3.274	AGTATT
1012008	1104	7m8	1.864	CAGTAT
1012032	414	o6	1.318	CAGTAT
1012169	490	7A1	2.254	AGTATT
1012213	40	6m	1.575	AGTATT
1012262	1479	o6	2.807	CAGTAT
1012299	36	7A1	1.669	AGTATT
1012304	377	6m	3.371	AGTATT
1012320	299	7A1	2.177	AGTATT
1012323	73	7A1	2.520	AGTATT
1012397	69	6m	1.687	AGTATT
1012561	48	6m	2.017	AGTATT
1012588	83	7A1	2.016	AGTATT
1012602	584	7m8	2.486	CAGTAT
1012609	168	7A1	2.877	AGTATT
1012685	353	7A1	2.933	AGTATT
1012743	818	o6	1.284	CAGTAT
1012754	105	6m	2.734	AGTATT
1012839	139	7A1	2.694	AGTATT
1012866	47	8m	2.544	CAGTAT
1012890	59	7A1	1.678	AGTATT
1012906	39	6m	2.029	AGTATT
1013008	110	o6	1.115	CAGTAT
1013073	700	6m	1.567	AGTATT
1013127	207	6m	1.822	AGTATT
1013223	77	6m	1.613	AGTATT
1013300	38	6m	1.288	AGTATT
1013312	951	7A1	2.073	AGTATT
1013327	449	6m	2.544	AGTATT
1013327	463	6m	2.304	AGTATT
1013327	747	6m	2.544	AGTATT
1013342	129	6m	1.535	AGTATT
1013349	285	7A1	2.991	AGTATT
1013349	441	7m8	2.991	AGTATT
1013413	599	o6	1.078	CAGTAT
1013443	787	6m	1.220	AGTATT
1013521	310	7m8	1.311	CAGTAT
1013541	135	7A1	1.486	AGTATT
1013541	1483	7A1	1.136	AGTATT
1013573	529	o6	1.710	CAGTAT
1013591	1012	7A1	2.025	AGTATT
1013643	218	6m	1.682	AGTATT
1013676	683	7m8	2.583	CAGTAT
1013782	52	6m	2.534	AGTATT
1013902	260	7A1	2.366	AGTATT
1013939	511	6m	3.102	AGTATT
1014146	144	7A1	2.341	AGTATT
1014198	859	7m8	2.214	CAGTAT
1014212	250	7m8	2.970	CAGTAT
1014244	234	6m	2.854	AGTATT
1014294	266	6m	2.718	AGTATT
1014318	34	7A1	2.951	AGTATT
1014334	34	8m	2.155	CAGTAT
1014465	456	7A1	2.409	AGTATT
1014468	406	6m	2.752	AGTATT
1014477	92	6m	1.409	AGTATT
1014480	2836	6m	1.910	AGTATT
1014486	577	o6	3.451	CAGTAT
1014623	23	6m	1.023	AGTATT
1014697	92	7A1	3.857	AGTATT
1014877	299	o6	2.259	CAGTAT
1014898	655	6m	2.807	AGTATT
1014898	830	7A1	2.855	AGTATT
1014961	50	6m	2.726	AGTATT
1014975	105	o6	2.031	CAGTAT
1014981	16	6m	3.398	AGTATT
1014981	2291	6m	1.523	AGTATT
1014988	2956	7m8	2.019	CAGTAT
1014988	3069	6m	1.392	AGTATT
1014996	132	6m	2.009	AGTATT
1015067	119	6m	3.490	AGTATT
1015091	176	7m8	2.988	CAGTAT
1015091	2776	6m	1.067	AGTATT
1015157	185	7A1	2.460	AGTATT
1015171	39	7A1	2.544	AGTATT
1015228	692	6m	2.025	AGTATT
1015228	1231	6m	1.687	AGTATT
1015228	1954	7m8	3.034	AGTATT
1015259	190	6m	3.005	AGTATT
1015259	585	6m	2.807	AGTATT
1015333	419	6m	2.518	AGTATT
1015348	176	6m	1.294	AGTATT
1015381	240	7A1	1.439	AGTATT
1015381	487	7m8	2.025	CAGTAT
1015388	555	6m	1.090	AGTATT
1015394	114	7A1	1.581	AGTATT
1015411	766	7A1	2.239	AGTATT
1015418	636	7A1	2.372	AGTATT
1015418	991	7A1	1.010	AGTATT
1015418	1269	7A1	1.674	AGTATT
1015466	66	7m8	1.015	CAGTAT
1015480	227	6m	2.433	AGTATT
1015480	508	6m	1.606	AGTATT
1015480	997	6m	1.284	AGTATT
1015493	353	7m8	2.098	CAGTAT
1015493	715	6m	2.021	AGTATT
1015493	1011	o6	2.098	CAGTAT
1015504	280	7m8	1.606	CAGTAT
1015646	34	8m	2.350	AGTATT
1015667	89	o6	1.724	CAGTAT
1015703	53	8m	3.301	AGTATT
1015703	114	7m8	1.284	CAGTAT
1015725	1031	6m	1.053	AGTATT
1015725	1346	6m	1.053	AGTATT
1015725	1540	6m	2.537	AGTATT
1015729	151	6m	2.025	AGTATT
1015777	765	o6	1.034	CAGTAT
1015777	1512	6m	1.890	AGTATT
1015778	158	6m	1.690	AGTATT
1015778	682	7m8	1.703	CAGTAT
1015784	1033	6m	1.640	AGTATT
1015789	1976	6m	2.111	AGTATT
1015826	391	6m	1.193	AGTATT
1015858	131	6m	1.073	AGTATT
1015895	220	6m	1.818	AGTATT
1015995	672	o6	1.227	CAGTAT
1016011	1090	7A1	2.131	AGTATT
1016026	2715	7m8	1.589	CAGTAT
1016026	3684	7A1	1.910	AGTATT
1016037	46	o6	2.704	CAGTAT
1016047	797	o6	2.425	CAGTAT
1016077	1564	7A1	3.092	AGTATT
1016154	329	6m	2.033	AGTATT
1016179	1647	6m	1.251	AGTATT
1016179	2621	6m	2.220	AGTATT
1016200	613	6m	2.026	AGTATT
1016209	43	7A1	2.544	AGTATT
1016220	775	6m	1.380	AGTATT
1016245	232	6m	2.496	AGTATT
1016251	175	8m	1.498	AGTATT
1016272	636	6m	2.368	AGTATT
1016275	142	6m	3.257	AGTATT
1016281	1022	7A1	2.615	AGTATT
1016284	415	6m	2.017	AGTATT
1016287	672	6m	2.544	AGTATT
1016287	882	6m	1.053	AGTATT
1016317	36	8m	1.020	CAGTAT
1016323	268	6m	1.952	AGTATT
1016398	1532	6m	2.544	AGTATT
1016418	175	6m	2.210	AGTATT
1016445	908	6m	2.422	AGTATT
1016449	3912	6m	2.201	AGTATT
1016469	65	6m	1.562	AGTATT
1016500	145	7A1	2.132	AGTATT
1016500	490	7A1	2.220	AGTATT
1016524	246	7A1	1.474	AGTATT
1016556	863	7A1	1.606	AGTATT
1016562	191	6m	2.048	AGTATT
1016566	575	7A1	3.058	AGTATT
1016566	1926	6m	2.073	AGTATT
1016574	3515	7m8	1.957	CAGTAT
1016574	4260	7A1	2.101	AGTATT
1016623	228	7A1	3.191	AGTATT
1016661	27	6m	1.103	AGTATT
1016685	691	7A1	1.284	AGTATT
1016685	1595	o6	1.932	CAGTAT
1016691	786	7A1	2.161	AGTATT
1016695	620	6m	1.032	AGTATT
1016698	50	o6	2.533	CAGTAT
1016698	850	6m	2.652	AGTATT
1016698	1173	6m	1.205	AGTATT
1016712	391	7A1	2.447	AGTATT
1016713	2990	6m	3.034	AGTATT
1016713	3970	7A1	2.433	AGTATT
1016755	250	6m	2.418	AGTATT
1016760	308	7A1	2.105	AGTATT
1016787	2587	6m	2.010	AGTATT
1016806	232	o6	2.344	CAGTAT
1016815	318	6m	1.524	AGTATT
1016844	106	6m	1.440	AGTATT
1016851	153	8m	2.745	CAGTAT
1016860	2050	6m	2.085	AGTATT
1016899	434	8m	1.284	CAGTAT
1016907	197	7m8	1.932	CAGTAT
1016928	54	6m	1.002	AGTATT
1016951	1046	6m	1.328	AGTATT
1017033	18	7A1	2.106	AGTATT
1017046	1040	6m	1.040	AGTATT
1017127	170	6m	2.004	AGTATT
1017138	37	6m	3.591	AGTATT
1017157	460	o6	1.649	CAGTAT
1017157	470	o6	1.250	CAGTAT
1017157	857	6m	2.526	AGTATT
1017169	362	7A1	2.537	AGTATT
1017188	59	6m	2.191	AGTATT
1017197	1189	7A1	2.537	AGTATT
1017197	1508	7A1	2.409	AGTATT
1017207	636	7A1	3.633	AGTATT
1017227	966	6m	2.199	AGTATT
1017249	80	6m	3.450	AGTATT
1017254	72	7A1	2.276	AGTATT
1017254	591	7A1	2.276	AGTATT
1017254	1123	6m	2.364	AGTATT
1017254	1925	6m	1.740	AGTATT
1017258	1116	7A1	1.606	AGTATT
1017270	4	7m8	1.254	CAGTAT
1017290	307	6m	1.568	AGTATT
1017451	202	7A1	3.034	AGTATT
1017478	233	7A1	1.736	AGTATT
1017496	1075	6m	2.801	AGTATT
1017502	21	7A1	3.560	AGTATT
1017511	948	6m	2.171	AGTATT
1017524	619	7A1	1.075	AGTATT
1017524	646	o6	1.315	CAGTAT
1017547	16	8m	2.256	CAGTAT
1017618	421	7m8	2.556	CAGTAT
1017630	34	7m8	1.248	CAGTAT
1017654	69	7A1	2.607	AGTATT
1017700	62	7A1	1.156	AGTATT
1017710	56	o6	1.451	CAGTAT
1017727	361	6m	1.562	AGTATT
1017742	80	6m	1.596	AGTATT
1017796	35	6m	1.086	AGTATT
1017805	833	7m8	1.653	AGTATT
1017808	433	6m	1.278	AGTATT
1017814	1983	6m	1.539	AGTATT
1017830	478	6m	1.606	AGTATT
1017863	254	6m	2.073	AGTATT
1017875	167	6m	1.121	AGTATT
1017911	129	6m	3.099	AGTATT
1017911	290	6m	1.606	AGTATT
1017927	173	7m8	2.536	CAGTAT
1017981	1014	6m	2.073	AGTATT
1018008	391	7A1	2.854	AGTATT
1018009	101	o6	2.258	CAGTAT
1018020	546	o6	2.017	CAGTAT
1018033	63	6m	2.660	AGTATT
1018033	240	6m	1.284	AGTATT
1018033	268	6m	2.243	AGTATT
1018077	525	6m	2.206	AGTATT
1018104	10	o6	1.513	CAGTAT
1018104	57	7A1	2.433	AGTATT
1018104	292	o6	2.098	CAGTAT
1018120	203	7A1	2.391	AGTATT
1018135	247	6m	2.893	AGTATT
1018167	257	7m8	1.500	AGTATT
1018243	1695	6m	1.287	AGTATT
1018268	1577	o6	1.577	CAGTAT
1018293	142	7A1	2.161	AGTATT
1018325	226	7m8	1.995	CAGTAT
1018367	125	6m	2.350	AGTATT
1018376	53	6m	2.537	AGTATT
1018401	53	7A1	1.649	AGTATT
1018498	386	8m	2.509	CAGTAT
1018530	1576	6m	1.919	AGTATT
1018632	2194	7m8	1.572	AGTATT
1018632	2971	7m8	2.914	CAGTAT
1018656	503	o6	1.251	CAGTAT
1018694	30	o6	1.318	CAGTAT
1018727	1009	7A1	2.026	AGTATT
1018760	40	7A1	1.325	AGTATT
1018763	249	6m	2.072	AGTATT
1018766	1417	7A1	2.433	AGTATT
1018766	1486	6m	1.155	AGTATT
1018825	334	6m	2.025	AGTATT
1018867	426	6m	2.544	AGTATT
1019005	39	7A1	4.576	AGTATT
1019055	1093	8m	4.339	CAGTAT
1019116	500	7A1	1.419	AGTATT
1019120	0	6m	2.533	AGTATT
1019137	152	7m8	2.544	CAGTAT
1019147	991	6m	2.623	AGTATT
1019147	2189	7A1	2.635	AGTATT
1019159	103	o6	1.322	CAGTAT
1019192	83	6m	2.060	AGTATT
1019198	669	7A1	2.609	AGTATT
1019198	1625	7A1	1.136	AGTATT
1019237	432	7A1	2.026	AGTATT
1019237	973	6m	1.737	AGTATT
1019298	691	6m	2.544	AGTATT
1019298	704	6m	2.544	AGTATT
1019304	37	7A1	2.635	AGTATT
1019304	1118	6m	1.606	AGTATT
1019311	275	6m	2.580	AGTATT
1019328	403	7A1	2.017	AGTATT
1019413	51	7A1	2.349	AGTATT
1019456	259	8m	1.448	CAGTAT
1019514	429	6m	1.015	AGTATT
1019514	604	7A1	2.556	AGTATT
1019514	1877	6m	1.882	AGTATT
1019514	2880	6m	2.076	AGTATT
1019521	1273	o6	1.061	CAGTAT
1019557	87	7A1	1.818	AGTATT
1019578	241	6m	2.652	AGTATT
1019579	718	7A1	3.034	AGTATT
1019590	46	7m8	2.544	CAGTAT
1019597	22	7m8	1.434	AGTATT
1019688	30	6m	2.125	AGTATT
1019776	72	6m	1.284	AGTATT
1019797	792	6m	1.156	AGTATT
1019899	85	7m8	1.861	CAGTAT
1019899	466	8m	2.294	CAGTAT
1019924	57	o6	1.731	CAGTAT
1019924	71	6m	1.733	AGTATT
1019928	374	7m8	1.644	CAGTAT
1019938	343	6m	2.991	AGTATT
1019956	611	6m	2.000	AGTATT
1019956	1150	6m	1.073	AGTATT
1019956	1373	o6	1.253	CAGTAT
1019983	35	6m	1.539	AGTATT
1020059	969	6m	1.018	AGTATT
1020063	46	6m	1.864	AGTATT
1020063	126	6m	1.606	AGTATT
1020074	1375	6m	1.322	AGTATT
1020131	66	6m	2.073	AGTATT
1020139	1134	6m	1.225	AGTATT
1020140	134	o6	1.119	CAGTAT
1020163	474	7A1	1.903	AGTATT
1020181	35	7A1	1.033	AGTATT
1020219	16	o6	2.040	CAGTAT
1020219	145	o6	1.742	CAGTAT
1020227	148	6m	1.298	AGTATT
1020241	950	6m	2.638	AGTATT
1020253	120	7m8	2.505	AGTATT
1020253	1771	6m	1.285	AGTATT
1020273	15	o6	1.560	CAGTAT
1020273	28	o6	2.377	CAGTAT
1020333	1227	6m	1.204	AGTATT
1020401	57	7A1	2.161	AGTATT
1020449	689	o6	2.157	CAGTAT
1020498	173	7A1	2.148	AGTATT
1020528	99	7m8	1.808	CAGTAT
1020532	328	6m	2.192	AGTATT
1020550	173	7m8	2.263	AGTATT
1020595	246	8m	1.053	CAGTAT
1020642	8867	6m	3.942	AGTATT
1020661	932	o6	2.502	CAGTAT
1020681	90	7A1	2.508	AGTATT
1020692	383	7m8	2.220	CAGTAT
1020706	368	6m	1.356	AGTATT
1020716	106	7A1	2.061	AGTATT
1020716	213	6m	1.251	AGTATT
1020728	283	6m	2.073	AGTATT
1020728	313	6m	1.292	AGTATT
1020771	108	8m	2.523	AGTATT
1020787	512	7A1	1.740	AGTATT
1020901	552	6m	1.790	AGTATT
1020916	602	7m8	1.560	CAGTAT
1020957	34	8m	2.073	CAGTAT
1020960	33	8m	3.260	CAGTAT
1021008	813	8m	1.590	CAGTAT
1021037	626	6m	2.132	AGTATT
1021055	154	6m	2.807	AGTATT
1021055	222	6m	2.794	AGTATT
1021084	2117	7A1	1.818	AGTATT
1021117	82	6m	2.316	AGTATT
1021137	-1	7A1	1.780	AGTATT
1021190	163	7m8	1.304	AGTATT
1021216	23	6m	2.544	AGTATT
1021248	297	7A1	2.298	AGTATT
1021260	346	6m	1.606	AGTATT
1021260	668	7m8	1.606	AGTATT
1021267	18	6m	3.157	AGTATT
1021484	36	7m8	1.225	CAGTAT
1021519	422	7m8	1.191	AGTATT
1021525	558	6m	2.660	AGTATT
1021540	1845	6m	2.807	AGTATT
1021541	145	6m	2.433	AGTATT
1021613	499	7m8	2.962	CAGTAT
1021675	318	7A1	1.029	AGTATT
1021681	597	6m	2.128	AGTATT
1021696	107	6m	1.935	AGTATT
1021741	125	6m	2.648	AGTATT
1021800	95	6m	1.517	AGTATT
1021809	15	8m	1.132	AGTATT
1021818	127	6m	2.329	AGTATT
1021879	561	6m	2.025	AGTATT
1022057	1402	6m	1.284	AGTATT
1022057	1698	7A1	1.929	AGTATT
1022066	3067	7A1	2.213	AGTATT
1022070	485	6m	1.196	AGTATT
1022125	47	7m8	3.332	CAGTAT
1022180	398	7A1	2.196	AGTATT
1022201	155	7A1	2.932	AGTATT
1022215	10	7A1	1.882	AGTATT
1022235	2287	o6	1.209	CAGTAT
1022235	2959	6m	1.104	AGTATT
1022256	2822	6m	2.555	AGTATT
1022285	308	6m	1.979	AGTATT
1022303	31	7A1	3.034	AGTATT
1022353	28	8m	1.284	AGTATT
1022383	869	6m	2.220	AGTATT
1022402	188	7A1	2.544	AGTATT
1022439	281	7m8	2.017	CAGTAT
1022475	32	7m8	2.433	CAGTAT
1022495	5474	o6	1.051	CAGTAT
1022500	359	6m	2.519	AGTATT
1022501	79	6m	1.524	AGTATT
1022530	147	6m	1.405	AGTATT
1022531	51	6m	3.232	AGTATT
1022814	370	7A1	2.298	AGTATT
1022837	27	6m	2.485	AGTATT
1022843	282	7A1	2.680	AGTATT
1022935	42	6m	2.500	AGTATT
1022938	231	6m	1.163	AGTATT
1022986	294	7m8	2.660	CAGTAT
1022997	213	6m	1.599	AGTATT
1023015	502	6m	2.344	AGTATT
1023047	999	6m	1.941	AGTATT
1023057	225	6m	2.033	AGTATT
1023062	1141	6m	2.020	AGTATT
1023062	4136	o6	2.017	CAGTAT
1023079	52	6m	2.715	AGTATT
1023080	356	7A1	1.997	AGTATT
1023104	1267	6m	1.530	AGTATT
1023145	338	6m	3.191	AGTATT
1023154	1322	7m8	1.032	AGTATT
1023157	106	7m8	2.544	CAGTAT
1023271	613	6m	1.205	AGTATT
1023278	402	6m	1.014	AGTATT
1023337	156	7A1	2.220	AGTATT
1023340	302	6m	1.649	AGTATT
1023345	428	6m	3.449	AGTATT
1023362	53	7m8	3.649	CAGTAT
1023362	430	6m	3.232	AGTATT
1023378	1459	o6	1.312	CAGTAT
1023378	1913	6m	3.347	AGTATT
1023381	970	o6	1.312	CAGTAT
1023381	1424	6m	3.347	AGTATT
1023390	100	8m	3.091	CAGTAT
1023390	347	6m	2.041	AGTATT
1023390	419	6m	2.773	AGTATT
1023391	954	7A1	1.918	AGTATT
1023469	453	6m	2.335	AGTATT
1023533	408	6m	1.322	AGTATT
1023572	185	o6	4.239	CAGTAT
1023585	125	7A1	2.449	AGTATT
1023594	363	6m	2.338	AGTATT
1023594	632	7A1	2.160	AGTATT
1023599	1364	6m	2.026	AGTATT
1023599	7010	6m	1.053	AGTATT
1023599	8555	6m	1.022	AGTATT
1023669	826	7A1	2.902	AGTATT
1023681	3557	6m	1.550	AGTATT
1023706	841	6m	2.305	AGTATT
1023712	1535	7A1	2.350	AGTATT
1023724	48	7A1	1.405	AGTATT
1023730	110	6m	1.577	AGTATT
1023757	267	6m	2.853	AGTATT
1023784	2976	8m	2.052	CAGTAT
1023784	3593	6m	2.234	AGTATT
1023790	4176	6m	1.590	AGTATT
1023802	380	6m	2.283	AGTATT
1023805	515	7m8	2.085	CAGTAT
1023805	1622	8m	2.350	CAGTAT
1023805	3410	6m	1.656	AGTATT
1023805	4004	6m	2.213	AGTATT
1023805	4425	6m	2.220	AGTATT
1023853	71	6m	2.606	AGTATT
1023882	1384	6m	1.952	AGTATT
1023897	1238	o6	1.284	CAGTAT
1023897	1343	7A1	1.740	AGTATT
1023918	310	7A1	1.948	AGTATT
1023922	581	6m	2.007	AGTATT
1023965	61	6m	2.734	AGTATT
1023998	1578	6m	2.031	AGTATT
1024009	209	6m	1.741	AGTATT
1024031	1021	o6	2.262	CAGTAT
1024031	1529	7A1	2.277	AGTATT
1024133	1707	o6	1.053	CAGTAT
1024148	93	7A1	2.830	AGTATT
1024159	730	7A1	2.449	AGTATT
1024165	180	7A1	2.409	AGTATT
1024195	1304	7m8	2.541	CAGTAT
1024196	490	7m8	2.140	AGTATT
1024204	37	o6	2.267	CAGTAT
1024211	1186	7A1	2.544	AGTATT
1024211	1806	6m	1.377	AGTATT
1024211	2577	6m	1.042	AGTATT
1024211	3619	o6	1.053	CAGTAT
1024241	2293	6m	1.562	AGTATT
1024247	93	6m	1.800	AGTATT
1024250	463	7A1	2.018	AGTATT
1024304	133	o6	1.053	CAGTAT
1024304	1365	o6	2.544	CAGTAT
1024313	55	o6	2.017	CAGTAT
1024342	1436	7m8	1.787	CAGTAT
1024349	361	6m	1.875	AGTATT
1024354	60	8m	1.780	AGTATT
1024381	739	7A1	2.402	AGTATT
1024381	1663	6m	2.402	AGTATT
1024381	2569	6m	2.024	AGTATT
1024385	645	6m	1.997	AGTATT
1024388	609	6m	2.085	AGTATT
1024393	1293	7A1	2.183	AGTATT
1024394	215	6m	1.015	AGTATT
1024394	248	7A1	2.544	AGTATT
1024403	286	7A1	1.613	AGTATT
1024403	598	6m	1.024	AGTATT
1024442	16	7A1	1.364	AGTATT
1024448	875	o6	2.176	CAGTAT
1024448	901	7m8	3.010	CAGTAT
1024529	628	7m8	3.196	CAGTAT
1024543	148	6m	2.220	AGTATT
1024559	295	6m	1.053	AGTATT
1024559	425	7m8	2.220	CAGTAT
1024559	540	6m	1.053	AGTATT
1024609	39	7A1	1.747	AGTATT
1024612	1033	7A1	2.070	AGTATT
1024619	592	7A1	2.247	AGTATT
1024625	159	7A1	1.490	AGTATT
1024648	7735	6m	1.082	AGTATT
1024648	13308	6m	1.017	AGTATT
1024648	15256	7m8	1.533	CAGTAT
1024654	278	6m	2.400	AGTATT
1024654	726	7A1	2.400	AGTATT
1024685	33	7A1	2.506	AGTATT
1024708	476	7A1	2.857	AGTATT
1024709	455	6m	2.472	AGTATT
1024715	4984	6m	1.619	AGTATT
1024721	468	6m	2.682	AGTATT
1024721	1074	6m	2.682	AGTATT
1024730	92	o6	1.517	CAGTAT
1024753	788	o6	1.904	CAGTAT
1024763	271	6m	1.016	AGTATT
1024763	541	7A1	2.507	AGTATT
1024778	111	7A1	2.510	AGTATT
1024814	39	6m	2.794	AGTATT
1024844	392	6m	2.472	AGTATT
1024847	36	7A1	1.203	AGTATT
1024861	114	7A1	2.247	AGTATT
1024892	356	6m	2.298	AGTATT
1024904	2065	6m	2.304	AGTATT
1024904	2472	7A1	2.544	AGTATT
1024907	416	7m8	2.148	CAGTAT
1024916	73	6m	1.512	AGTATT
1024939	2382	6m	3.069	AGTATT
1024945	176	7A1	2.544	AGTATT
1024956	212	7A1	2.635	AGTATT
1024956	699	8m	2.025	AGTATT
1024956	3372	7m8	2.635	CAGTAT
1024956	5629	o6	1.510	CAGTAT
1024956	7374	o6	1.304	CAGTAT
1024956	7411	6m	1.227	AGTATT
1024986	130	6m	2.984	AGTATT
1025010	120	7A1	1.343	AGTATT
1025019	87	7A1	1.355	AGTATT
1025029	1320	o6	1.606	CAGTAT
1025029	2764	6m	1.203	AGTATT
1025032	66	7A1	2.350	AGTATT
1025049	96	7A1	1.960	AGTATT
1025059	586	6m	3.172	AGTATT
1025059	2035	6m	2.533	AGTATT
1025077	198	6m	2.002	AGTATT
1025120	31	7m8	1.356	CAGTAT
1025135	509	6m	3.299	AGTATT
1025158	1328	7m8	3.845	CAGTAT
1025167	745	7m8	3.034	CAGTAT
1025176	269	7m8	1.921	CAGTAT
1025207	715	6m	1.647	AGTATT
1025222	21	7A1	2.631	AGTATT
1025225	91	6m	1.120	AGTATT
1025238	645	6m	1.053	AGTATT
1025256	121	7m8	1.585	CAGTAT
1025262	340	o6	1.434	CAGTAT
1025272	344	6m	1.264	AGTATT
1025298	666	6m	1.085	AGTATT
1025340	1370	6m	2.676	AGTATT
1025353	1074	6m	2.763	AGTATT
1025364	125	6m	2.017	AGTATT
1025371	619	6m	2.219	AGTATT
1025374	510	7A1	2.807	AGTATT
1025431	675	6m	1.053	AGTATT
1025443	789	6m	2.404	AGTATT
1025475	1961	6m	2.778	AGTATT
1025479	140	o6	1.315	CAGTAT
1025520	213	6m	2.635	AGTATT
1025542	445	6m	1.029	AGTATT
1025614	1164	7A1	2.639	AGTATT
1025615	1340	7A1	2.520	AGTATT
1025665	11	6m	5.598	AGTATT
1025716	29	7A1	1.239	AGTATT
1025724	270	6m	2.385	AGTATT
1025725	741	7A1	1.444	AGTATT
1025799	43	7A1	2.550	AGTATT
1025799	84	6m	1.298	AGTATT
1025821	553	6m	2.154	AGTATT
1025824	113	7m8	2.570	CAGTAT
1025824	199	6m	1.270	AGTATT
1025904	112	6m	2.229	AGTATT
1025961	81	8m	1.747	AGTATT
1026012	414	7A1	1.650	AGTATT
1026026	83	7A1	2.924	AGTATT
1026095	2557	7A1	1.251	AGTATT
1026111	1007	6m	1.700	AGTATT
1026111	1065	7A1	1.725	AGTATT
1026200	197	7A1	3.332	AGTATT
1026218	58	6m	2.239	AGTATT
1026235	630	6m	3.398	AGTATT
1026247	336	6m	1.365	AGTATT
1026275	280	6m	1.629	AGTATT
1026287	424	6m	2.544	AGTATT
1026375	645	6m	1.481	AGTATT
1026384	228	7A1	1.322	AGTATT
1026467	41	7m8	3.845	CAGTAT
1026480	2221	7m8	1.804	CAGTAT
1026554	787	o6	2.513	CAGTAT
1026558	24	6m	2.321	AGTATT
1026558	754	7m8	1.606	AGTATT
1026590	79	6m	1.795	AGTATT
1026652	60	6m	2.368	AGTATT
1026688	1856	6m	1.818	AGTATT
1026711	2229	6m	2.608	AGTATT
1026749	79	6m	1.073	AGTATT
1026773	105	7A1	1.907	AGTATT
1026791	189	7A1	2.262	AGTATT
1026812	3	6m	1.284	AGTATT
1026831	66	6m	1.232	AGTATT
1026841	2172	7A1	2.361	AGTATT
1026841	3298	6m	1.275	AGTATT
1026841	3458	8m	1.844	CAGTAT
1026853	1487	6m	1.180	AGTATT
1026853	3341	7A1	2.312	AGTATT
1026885	481	6m	1.284	AGTATT
1026915	17	6m	1.954	AGTATT
1026924	916	8m	1.235	CAGTAT
1026930	60	6m	2.429	AGTATT
1026962	226	7A1	1.907	AGTATT
1026974	663	6m	1.600	AGTATT
1026981	589	7A1	2.073	AGTATT
1026981	914	6m	1.690	AGTATT
1026981	938	6m	1.850	AGTATT
1026981	1058	6m	1.718	AGTATT
1026999	1277	6m	1.284	AGTATT
1027007	130	o6	1.166	CAGTAT
1027073	244	6m	1.059	AGTATT
1027111	331	8m	1.976	AGTATT
1027246	305	6m	1.255	AGTATT
1027262	96	7m8	2.073	CAGTAT
1027266	229	6m	2.962	AGTATT
1027287	332	6m	3.062	AGTATT
1027348	110	6m	1.954	AGTATT
1027411	5	6m	1.804	AGTATT
1027417	193	7A1	2.704	AGTATT
1027417	290	6m	2.271	AGTATT
1027417	887	o6	1.409	CAGTAT
1027522	89	6m	2.728	AGTATT
1027543	26	7A1	1.382	AGTATT
1027543	317	7A1	1.322	AGTATT
1027580	116	6m	1.322	AGTATT
1027629	121	8m	2.619	AGTATT
1027656	8	6m	3.570	AGTATT
1027683	361	6m	1.981	AGTATT
1027697	63	7m8	2.252	CAGTAT
1027756	687	7A1	2.801	AGTATT
1027781	125	6m	3.034	AGTATT
1027798	90	6m	1.599	AGTATT
1027841	253	6m	2.362	AGTATT
1027887	598	7A1	2.427	AGTATT
1027891	142	8m	2.918	CAGTAT
1027971	15	6m	1.278	AGTATT
1028001	354	6m	2.139	AGTATT
1028007	912	6m	1.431	AGTATT
1028044	52	7A1	1.649	AGTATT
1028081	498	7A1	1.461	AGTATT
1028082	509	6m	1.255	AGTATT
1028088	414	6m	1.749	AGTATT
1028112	406	o6	1.513	CAGTAT
1028115	167	6m	2.820	AGTATT
1028115	311	6m	1.229	AGTATT
1028193	368	7A1	1.507	AGTATT
1028230	1083	o6	1.734	CAGTAT
1028235	226	7A1	2.236	AGTATT
1028235	503	6m	2.357	AGTATT
1028236	161	6m	1.656	AGTATT
1028236	327	6m	2.163	AGTATT
1028236	334	6m	2.163	AGTATT
1028263	325	8m	1.400	CAGTAT
1028263	905	7A1	2.967	AGTATT
1028272	74	7A1	1.593	AGTATT
1028287	16	7A1	1.834	AGTATT
1028301	136	7A1	2.728	AGTATT
1028404	243	7A1	1.919	AGTATT
1028426	747	6m	2.235	AGTATT
1028447	651	7A1	2.163	AGTATT
1028472	115	6m	1.564	AGTATT
1028498	23	7A1	1.668	AGTATT
1028512	747	6m	2.248	AGTATT
1028526	859	6m	1.926	AGTATT
1028526	939	6m	2.759	AGTATT
1028672	140	7A1	2.577	AGTATT
1028710	156	7A1	1.997	AGTATT
1028710	2066	6m	2.752	AGTATT
1028734	6079	6m	2.807	AGTATT
1028752	10	6m	2.841	AGTATT
1028866	141	o6	1.117	CAGTAT
1028878	178	7m8	2.023	CAGTAT
1028935	57	6m	2.834	AGTATT
1028935	70	7m8	2.654	CAGTAT
1029019	44	6m	1.251	AGTATT
1029024	443	o6	1.288	CAGTAT
1029037	670	o6	3.354	CAGTAT
1029051	775	8m	2.433	CAGTAT
1029051	811	6m	1.517	AGTATT
1029055	27	7A1	2.433	AGTATT
1029073	65	7m8	1.322	AGTATT
1029097	1752	7A1	2.138	AGTATT
1029149	184	8m	1.031	AGTATT
1029189	875	o6	2.473	CAGTAT
1029255	210	7A1	3.404	AGTATT
1029288	132	6m	3.358	AGTATT
1029288	146	6m	2.493	AGTATT
1029325	92	6m	1.373	AGTATT
1029331	35	7A1	2.807	AGTATT
1029369	1385	8m	2.544	CAGTAT
1029384	2082	6m	1.082	AGTATT
1029388	206	6m	2.262	AGTATT
1029391	504	6m	1.139	AGTATT
1029459	1336	7A1	2.522	AGTATT
1029520	92	6m	2.528	AGTATT
1029564	622	6m	2.660	AGTATT
1029564	1268	6m	2.025	AGTATT
1029592	249	7A1	1.606	AGTATT
1029592	641	6m	1.284	AGTATT
1029635	9	6m	1.240	AGTATT
1029673	193	7A1	2.385	AGTATT
1029791	47	6m	2.533	AGTATT
1029895	33	8m	2.377	CAGTAT
1029918	156	6m	1.651	AGTATT
1029927	114	6m	1.380	AGTATT
1029934	709	6m	2.394	AGTATT
1029934	1452	6m	2.394	AGTATT
1029944	529	6m	1.269	AGTATT
1029955	165	6m	2.377	AGTATT
1029974	86	6m	2.194	AGTATT
1029985	185	7A1	1.553	AGTATT
1030009	54	6m	2.708	AGTATT
1030028	25	6m	1.349	AGTATT
1030245	74	7m8	2.182	CAGTAT
1030258	303	6m	2.317	AGTATT
1030266	6	7m8	2.601	AGTATT
1030332	62	o6	1.176	CAGTAT
1030340	115	6m	2.047	AGTATT
1030340	743	7A1	2.433	AGTATT
1030373	572	6m	2.964	AGTATT
1030432	32	7A1	2.433	AGTATT
1030502	133	7A1	2.800	AGTATT
1030566	126	6m	2.931	AGTATT
1030566	408	6m	1.048	AGTATT
1030617	32	6m	2.350	AGTATT
1030632	4	7m8	2.256	AGTATT
1030652	174	6m	2.671	AGTATT
1030679	38	8m	2.442	CAGTAT
1030688	58	7A1	3.023	AGTATT
1030716	351	o6	2.961	CAGTAT
1030767	285	6m	2.033	AGTATT
1030767	553	6m	3.608	AGTATT
1030782	680	8m	1.687	CAGTAT
1030782	2053	6m	1.980	AGTATT
1030795	89	6m	2.446	AGTATT
1030848	137	7A1	1.142	AGTATT
1030854	40	6m	1.780	AGTATT
1030858	167	o6	2.340	CAGTAT
1030903	307	6m	1.231	AGTATT
1030924	38	7A1	2.196	AGTATT
1030951	216	o6	3.649	CAGTAT
1030951	226	o6	3.649	CAGTAT
1030959	149	6m	3.034	AGTATT
1031001	342	7A1	2.981	AGTATT
1031090	576	7A1	2.660	AGTATT
1031142	2614	7A1	1.925	AGTATT
1031199	370	6m	2.782	AGTATT
1031199	615	7m8	2.773	CAGTAT
1031199	1154	o6	1.766	CAGTAT
1031199	2671	6m	2.477	AGTATT
1031211	90	7m8	2.454	CAGTAT
1031211	678	7A1	2.992	AGTATT
1031223	595	6m	2.652	AGTATT
1031239	8	6m	2.073	AGTATT
1031268	147	6m	1.636	AGTATT
1031307	1252	6m	1.479	AGTATT
1031316	10	7A1	2.632	AGTATT
1031322	98	7m8	2.279	CAGTAT
1031390	7583	7A1	1.015	AGTATT
1031426	172	7m8	2.019	CAGTAT
1031495	295	7A1	2.961	AGTATT
1031498	1553	7A1	1.541	AGTATT
1031498	1579	6m	2.212	AGTATT
1031498	1956	o6	1.452	CAGTAT
1031707	39	6m	1.556	AGTATT
1031707	88	6m	1.119	AGTATT
1031749	325	o6	1.560	CAGTAT
1031755	563	7A1	2.631	AGTATT
1031787	771	7m8	2.233	CAGTAT
1031787	903	7A1	2.233	AGTATT
1031797	28	6m	1.687	AGTATT
1031818	425	7m8	2.256	CAGTAT
1031821	396	7A1	2.097	AGTATT
1031838	61	6m	3.087	AGTATT
1031868	106	7m8	1.820	CAGTAT
1031871	290	7A1	2.085	AGTATT
1031887	135	7A1	2.544	AGTATT
1032009	454	6m	1.319	AGTATT
1032012	16	7A1	1.535	AGTATT
1032231	31	7A1	3.034	AGTATT
1032328	838	6m	1.407	AGTATT
1032366	158	7A1	3.091	AGTATT
1032366	199	8m	1.684	CAGTAT
1032369	171	6m	1.113	AGTATT
1032420	44	6m	1.040	AGTATT
1032471	1059	7A1	1.533	AGTATT
1032622	3378	6m	1.512	AGTATT
1032622	3884	7A1	2.807	AGTATT
1032622	4497	7m8	2.635	CAGTAT
1032622	4698	7A1	2.025	AGTATT
1032640	165	o6	2.377	CAGTAT
1032684	105	7A1	3.551	AGTATT
1032687	105	6m	2.710	AGTATT
1032693	910	7A1	2.555	AGTATT
1032703	240	7A1	2.680	AGTATT
1032713	1471	7A1	2.499	AGTATT
1032718	472	6m	1.316	AGTATT
1032757	196	7A1	1.043	AGTATT
1032763	708	6m	1.029	AGTATT
1032799	3205	7A1	1.804	AGTATT
1032808	42	6m	2.683	AGTATT
1032813	1277	6m	1.786	AGTATT
1032822	1053	6m	2.517	AGTATT
1032829	782	7A1	1.606	AGTATT
1032829	788	6m	1.606	AGTATT
1032832	144	7A1	1.847	AGTATT
1032843	311	7m8	2.526	AGTATT
1032843	419	6m	1.559	AGTATT
1032855	817	7A1	2.635	AGTATT
1032858	704	7A1	2.635	AGTATT
1032861	597	7A1	2.635	AGTATT
1032864	409	7A1	2.635	AGTATT
1032876	1605	7A1	2.331	AGTATT
1032876	1627	7A1	1.504	AGTATT
1032902	52	o6	1.245	CAGTAT
1032909	109	6m	1.563	AGTATT
1032929	2292	6m	1.011	AGTATT
1032935	488	6m	1.791	AGTATT
1032965	634	7m8	2.326	CAGTAT
1032965	1031	6m	1.290	AGTATT
1032968	2019	6m	2.385	AGTATT
1032976	318	7A1	2.524	AGTATT
1032990	125	7A1	1.215	AGTATT
1033008	767	7A1	2.660	AGTATT
1033017	12	6m	1.166	AGTATT
1033141	1771	6m	2.275	AGTATT
1033141	3301	o6	1.606	CAGTAT
1033141	6356	6m	1.284	AGTATT
1033141	7391	6m	2.187	AGTATT
1033152	126	6m	2.142	AGTATT
1033160	672	6m	1.509	AGTATT
1033163	188	7m8	1.976	CAGTAT
1033193	1080	o6	1.824	CAGTAT
1033196	299	o6	1.495	CAGTAT
1033202	173	o6	1.495	CAGTAT
1033293	47	6m	2.017	AGTATT
1033293	71	6m	2.686	AGTATT
1033351	1252	7m8	2.008	CAGTAT
1033384	387	7A1	1.078	AGTATT
1033464	112	6m	1.407	AGTATT
1033472	120	7A1	1.600	AGTATT
1033481	1218	7A1	2.283	AGTATT
1033488	799	6m	2.734	AGTATT
1033565	259	o6	2.215	CAGTAT
1033575	285	6m	2.162	AGTATT
1033575	419	6m	1.116	AGTATT
1033598	2420	6m	1.891	AGTATT
1033598	7922	7m8	2.350	CAGTAT
1033601	772	o6	1.556	CAGTAT
1033601	1287	6m	2.099	AGTATT
1033616	685	6m	2.002	AGTATT
1033634	315	7A1	4.515	AGTATT
1033658	681	8m	3.427	CAGTAT
1033678	1146	7A1	1.418	AGTATT
1033742	200	o6	1.717	CAGTAT
1033795	1903	7A1	2.464	AGTATT
1033827	1120	o6	2.285	CAGTAT
1033856	110	6m	1.022	AGTATT
1033907	57	8m	2.385	CAGTAT
1033948	572	7m8	1.319	CAGTAT
1033956	700	7A1	1.956	AGTATT
1033960	1397	6m	1.368	AGTATT
1033965	150	6m	1.073	AGTATT
1034034	184	6m	1.657	AGTATT
1034034	1134	6m	1.051	AGTATT
1034068	6541	6m	1.071	AGTATT
1034121	4471	6m	1.183	AGTATT
1034152	523	6m	1.877	AGTATT
1034160	1049	o6	2.868	CAGTAT
1034229	74	7A1	2.179	AGTATT
1034229	93	6m	2.883	AGTATT
1034247	293	6m	3.034	AGTATT
1034259	659	6m	2.648	AGTATT
1034296	233	7A1	3.464	AGTATT
1034311	377	6m	3.270	AGTATT
1034311	576	6m	3.159	AGTATT
1034316	2629	7A1	1.506	AGTATT
1034319	44	6m	1.567	AGTATT
1034328	368	7A1	2.752	AGTATT
1034340	1197	7A1	1.487	AGTATT
1034347	1182	6m	2.135	AGTATT
1034358	614	6m	3.238	AGTATT
1034370	403	6m	1.765	AGTATT
1034406	308	6m	2.644	AGTATT
1034424	120	6m	1.502	AGTATT
1034434	288	7A1	1.959	AGTATT
1034496	370	7A1	2.493	AGTATT
1034514	155	7m8	2.044	CAGTAT
1034514	214	6m	1.302	AGTATT
1034518	432	6m	1.940	AGTATT
1034539	960	6m	3.475	AGTATT
1034556	197	o6	1.125	CAGTAT
1034556	206	o6	1.125	CAGTAT
1034556	773	7m8	1.922	CAGTAT
1034556	1129	o6	1.998	CAGTAT
1034556	2036	7A1	2.321	AGTATT
1034557	421	6m	2.327	AGTATT
1034569	5391	7A1	2.661	AGTATT
1034577	333	6m	2.086	AGTATT
1034577	471	7m8	1.487	CAGTAT
1034589	43	o6	1.606	CAGTAT
1034599	277	7A1	2.215	AGTATT
1034665	1588	6m	1.538	AGTATT
1034679	321	7A1	1.679	AGTATT
1034709	776	6m	1.896	AGTATT
1034739	3023	7A1	2.768	AGTATT
1034745	541	6m	2.302	AGTATT
1034756	576	8m	1.598	CAGTAT
1034763	386	6m	1.286	AGTATT
1034772	177	7A1	1.560	AGTATT
1034772	338	7A1	2.429	AGTATT
1034801	410	6m	1.600	AGTATT
1034839	940	6m	2.419	AGTATT
1034843	482	7A1	1.278	AGTATT
1034884	160	6m	1.418	AGTATT
1034888	482	6m	2.923	AGTATT
1034888	496	7A1	2.923	AGTATT
1034899	-1	6m	3.728	AGTATT
1034941	3096	7A1	1.863	AGTATT
1034953	427	6m	2.302	AGTATT
1034995	41	7m8	1.071	CAGTAT
1035010	4941	6m	3.591	AGTATT
1035076	196	7A1	1.729	AGTATT
1035093	507	6m	1.711	AGTATT
1035093	1771	7A1	3.275	AGTATT
1035097	358	7A1	1.909	AGTATT
1035097	395	7A1	2.475	AGTATT
1035097	404	6m	2.475	AGTATT
1035103	1407	6m	1.990	AGTATT
1035109	437	6m	1.388	AGTATT
1035136	388	6m	3.034	AGTATT
1035136	533	o6	2.855	CAGTAT
1035153	1408	7A1	2.600	AGTATT
1035181	324	6m	1.635	AGTATT
1035192	146	o6	2.772	CAGTAT
1035192	1077	7A1	2.078	AGTATT
1035198	165	8m	2.262	CAGTAT
1035198	1340	6m	2.966	AGTATT
1035213	1636	8m	1.767	CAGTAT
1035213	1649	8m	2.778	AGTATT
1035264	172	6m	3.923	AGTATT
1035287	109	6m	1.104	AGTATT
1035314	464	6m	1.419	AGTATT
1035314	1289	6m	1.831	AGTATT
1035333	25	7m8	2.383	CAGTAT
1035372	740	6m	1.325	AGTATT
1035417	59	6m	2.479	AGTATT
1035426	574	7A1	3.734	AGTATT
1035453	64	6m	2.212	AGTATT
1035467	37	7A1	3.001	AGTATT
1035476	101	7A1	1.703	AGTATT
1035530	192	6m	2.054	AGTATT
1035536	283	7A1	4.652	AGTATT
1035536	2835	6m	1.368	AGTATT
1035561	1368	7A1	2.828	AGTATT
1035569	3573	7A1	1.606	AGTATT
1035585	1109	6m	2.148	AGTATT
1035594	78	7A1	3.787	AGTATT
1035602	636	6m	1.941	AGTATT
1035615	60	6m	2.883	AGTATT
1035669	320	6m	2.449	AGTATT
1035669	423	6m	2.247	AGTATT
1035677	150	6m	2.175	AGTATT
1035684	685	6m	2.599	AGTATT
1035687	1005	o6	2.286	CAGTAT
1035719	1205	8m	3.008	CAGTAT
1035762	1297	6m	3.055	AGTATT
1035768	1494	7A1	2.525	AGTATT
1035768	1613	6m	2.567	AGTATT
1035783	4702	6m	3.135	AGTATT
1035783	4891	7m8	1.548	AGTATT
1035786	421	7A1	1.972	AGTATT
1035801	2477	7m8	1.559	CAGTAT
1035801	3455	o6	1.658	CAGTAT
1035809	162	7A1	2.807	AGTATT
1035831	442	o6	1.068	CAGTAT
1035974	911	o6	1.916	CAGTAT
1035993	44	6m	2.316	AGTATT
1036001	881	6m	1.290	AGTATT
1036011	153	6m	1.500	AGTATT
1036059	102	6m	1.662	AGTATT
1036080	579	7A1	4.488	AGTATT
1036080	835	o6	2.180	CAGTAT
1036127	8952	o6	2.702	CAGTAT
1036127	11085	7A1	1.412	AGTATT
1036149	226	7A1	2.943	AGTATT
1036154	1635	7A1	2.255	AGTATT
1036170	897	6m	1.665	AGTATT
1036277	383	6m	2.618	AGTATT
1036283	1629	o6	1.622	CAGTAT
1036290	556	6m	2.522	AGTATT
1036290	782	6m	1.691	AGTATT
1036343	919	7m8	1.563	AGTATT
1036367	559	6m	2.321	AGTATT
1036367	980	6m	2.321	AGTATT
1036374	1261	o6	1.730	CAGTAT
1036381	375	o6	1.776	CAGTAT
1036399	340	6m	3.499	AGTATT
1036404	391	6m	3.706	AGTATT
1036404	1825	6m	1.906	AGTATT
1036404	1941	6m	2.488	AGTATT
1036419	1642	6m	2.362	AGTATT
1036471	230	o6	1.518	CAGTAT
1036497	1152	7A1	1.719	AGTATT
1036537	1800	7A1	2.073	AGTATT
1036537	2311	7A1	2.073	AGTATT
1036566	198	o6	1.468	CAGTAT
1036566	321	8m	3.347	CAGTAT
1036568	2790	o6	1.030	CAGTAT
1036601	748	7m8	1.363	AGTATT
1036683	156	7m8	1.017	AGTATT
1036734	34	6m	1.136	AGTATT
1036751	83	6m	1.845	AGTATT
1036778	6	6m	1.292	AGTATT
1036788	2088	6m	1.679	AGTATT
1036910	1735	6m	1.690	AGTATT
1036995	91	8m	2.906	CAGTAT
1037016	95	7A1	1.288	AGTATT
1037031	1299	6m	1.668	AGTATT
1037042	18	7A1	2.376	AGTATT
1037051	954	6m	1.236	AGTATT
1037207	479	6m	2.033	AGTATT
1037225	152	6m	1.282	AGTATT
1037234	181	7m8	1.092	AGTATT
1037291	124	6m	2.875	AGTATT
1037307	428	o6	1.262	CAGTAT
1037339	208	7m8	2.468	AGTATT
1037339	1434	7A1	2.581	AGTATT
1037413	144	6m	1.921	AGTATT
1037413	327	7A1	3.139	AGTATT
1037494	671	8m	1.760	CAGTAT
1037507	263	o6	2.417	CAGTAT
1037507	272	o6	2.417	CAGTAT
1037519	134	6m	2.292	AGTATT
1037534	701	6m	2.102	AGTATT
1037587	122	6m	1.907	AGTATT
1037630	330	7A1	2.887	AGTATT
1037635	72	7A1	1.950	AGTATT
1037727	166	7m8	1.060	AGTATT
1037796	49	7A1	2.190	AGTATT
1037845	476	6m	2.194	AGTATT
1037845	788	6m	1.954	AGTATT
1037845	800	6m	2.194	AGTATT
1037845	1829	6m	2.194	AGTATT
1037871	86	o6	2.086	CAGTAT
1037931	70	6m	1.094	AGTATT
1037949	149	6m	1.364	AGTATT
1037977	124	7A1	1.876	AGTATT
1037995	12	7m8	1.685	AGTATT
1038000	530	7A1	2.451	AGTATT
1038000	585	6m	1.948	AGTATT
1038021	322	o6	1.324	CAGTAT
1038021	330	7m8	1.831	AGTATT
1038021	2123	6m	2.159	AGTATT
1038051	121	6m	1.733	AGTATT
1038084	239	6m	2.293	AGTATT
1038085	315	6m	2.967	AGTATT
1038110	127	7A1	2.104	AGTATT
1038113	61	6m	1.188	AGTATT
1038160	49	7m8	1.802	AGTATT
1038193	335	7m8	1.836	CAGTAT
1038202	320	7A1	2.504	AGTATT
1038244	316	o6	1.002	CAGTAT
1038273	391	8m	2.608	CAGTAT
1038293	852	o6	1.073	CAGTAT
1038303	61	8m	3.157	AGTATT
1038303	210	6m	1.971	AGTATT
1038303	250	6m	1.034	AGTATT
1038303	257	7A1	2.737	AGTATT
1038303	631	6m	1.805	AGTATT
1038336	102	7A1	1.759	AGTATT
1038348	71	7m8	1.073	CAGTAT
1038378	124	6m	2.843	AGTATT
1038399	68	6m	1.222	AGTATT
1038416	167	7m8	2.943	CAGTAT
1038426	360	7A1	4.476	AGTATT
1038431	1171	7A1	1.248	AGTATT
1038484	463	7A1	1.481	AGTATT
1038499	180	6m	3.076	AGTATT
1038505	381	6m	2.563	AGTATT
1038506	64	7m8	2.558	CAGTAT
1038529	1973	7A1	3.349	AGTATT
1038548	295	6m	2.011	AGTATT
1038689	491	o6	1.073	CAGTAT
1038748	68	7m8	2.467	CAGTAT
1038752	292	7A1	1.229	AGTATT
1038752	1832	6m	2.377	AGTATT
1038833	818	6m	1.777	AGTATT
1038891	402	6m	2.626	AGTATT
1038923	1099	7A1	1.115	AGTATT
1038924	115	7m8	2.017	CAGTAT
1038933	99	7A1	2.141	AGTATT
1038933	230	8m	2.141	CAGTAT
1038945	68	6m	3.449	AGTATT
1038948	1060	6m	1.310	AGTATT
1038954	1261	7m8	2.196	CAGTAT
1038965	147	6m	2.797	AGTATT
1038986	306	8m	1.998	AGTATT
1039033	353	6m	2.841	AGTATT
1039084	174	7m8	1.871	CAGTAT
1039199	1435	o6	1.086	CAGTAT
1039227	314	6m	2.683	AGTATT
1039227	331	6m	2.683	AGTATT
1039244	343	6m	1.002	AGTATT
1039267	179	6m	1.175	AGTATT
1039285	201	7m8	2.497	CAGTAT
1039304	35	6m	1.320	AGTATT
1039356	51	o6	1.682	CAGTAT
1039376	1141	6m	1.940	AGTATT
1039431	1130	o6	1.423	CAGTAT
1039436	55	7m8	1.309	AGTATT
1039460	273	6m	2.164	AGTATT
1039469	3201	6m	2.624	AGTATT
1039484	186	o6	2.377	CAGTAT
1039539	324	6m	1.065	AGTATT
1039563	1622	7m8	1.598	CAGTAT
1039563	1758	7m8	1.606	CAGTAT
1039563	4395	8m	2.066	CAGTAT
1039606	378	6m	2.073	AGTATT
1039612	984	6m	3.347	AGTATT
1039651	669	7A1	2.707	AGTATT
1039718	1332	7A1	1.181	AGTATT
1039852	581	6m	2.102	AGTATT
1039853	6	7A1	3.977	AGTATT
1039853	7832	o6	1.632	CAGTAT
1039861	11	7A1	2.467	AGTATT
1039861	200	6m	2.073	AGTATT
1039865	186	7m8	2.955	CAGTAT
1039908	633	6m	1.254	AGTATT
1039919	2820	6m	1.705	AGTATT
1039920	165	7A1	3.679	AGTATT
1039932	773	7A1	2.426	AGTATT
1039955	1335	7m8	1.268	AGTATT
1039959	1369	8m	3.863	AGTATT
1039959	2687	6m	2.749	AGTATT
1039974	260	6m	2.257	AGTATT
1039999	232	6m	1.100	AGTATT
1040004	1220	7A1	1.107	AGTATT
1040015	36	7m8	2.082	CAGTAT
1040034	165	7A1	2.429	AGTATT
1040048	152	6m	1.560	AGTATT
1040049	1674	6m	2.659	AGTATT
1040058	135	o6	1.284	CAGTAT
1040058	808	6m	2.167	AGTATT
1040058	877	8m	2.858	CAGTAT
1040063	460	6m	2.776	AGTATT
1040070	1579	6m	1.120	AGTATT
1040088	134	6m	1.171	AGTATT
1040099	583	7A1	2.377	AGTATT
1040123	15	6m	1.719	AGTATT
1040123	34	8m	2.567	CAGTAT
1040129	274	7A1	2.763	AGTATT
1040129	1058	6m	1.655	AGTATT
1040165	3772	6m	2.981	AGTATT
1040183	608	6m	2.031	AGTATT
1040183	1231	7m8	2.820	CAGTAT
1040190	1637	6m	3.937	AGTATT
1040214	243	7A1	2.416	AGTATT
1040294	374	o6	1.725	CAGTAT
1040294	1789	7A1	3.224	AGTATT
1040298	3978	6m	2.534	AGTATT
1040298	8750	7m8	1.402	AGTATT
1040303	955	7A1	1.612	AGTATT
1040304	448	6m	1.257	AGTATT
1040304	1736	8m	2.286	CAGTAT
1040304	2727	7A1	2.603	AGTATT
1040318	71	6m	3.570	AGTATT
1040318	232	6m	3.361	AGTATT
1040337	762	7m8	1.077	CAGTAT
1040346	2046	o6	1.556	CAGTAT
1040346	3917	7A1	1.557	AGTATT
1040352	132	8m	1.825	CAGTAT
1040392	2795	6m	1.793	AGTATT
1040395	433	6m	1.905	AGTATT
1040434	1164	7A1	1.209	AGTATT
1040434	2760	o6	1.636	CAGTAT
1040438	1500	7A1	3.122	AGTATT
1040500	939	7A1	3.450	AGTATT
1040507	89	6m	2.747	AGTATT
1040538	234	7A1	1.695	AGTATT
1040542	3413	7m8	2.301	AGTATT
1040542	3459	6m	1.667	AGTATT
1040554	110	6m	1.163	AGTATT
1040560	139	o6	2.324	CAGTAT
1040589	1450	8m	2.294	CAGTAT
1040589	2858	6m	1.550	AGTATT
1040590	2423	o6	1.474	CAGTAT
1040590	2997	6m	2.232	AGTATT
1040646	1520	7A1	2.854	AGTATT
