1000320	69	6m	1.560	TCAGGG
1000466	229	o6	2.392	CTCAGG
1000533	844	o6	2.377	CTCAGG
1000634	120	6m	2.625	TCAGGG
1000803	517	6m	1.882	TCAGGG
1000875	313	7A1	1.284	TCAGGG
1001012	38	o6	1.690	CTCAGG
1001256	22	o6	3.048	CTCAGG
1001514	200	7A1	1.187	TCAGGG
1001518	765	7A1	1.021	TCAGGG
1001745	465	7m8	2.398	TCAGGG
1001879	37	o6	2.162	CTCAGG
1001937	35	o6	1.786	CTCAGG
1001966	812	7m8	1.154	CTCAGG
1002514	183	6m	1.889	TCAGGG
1003137	64	o6	1.073	CTCAGG
1003930	649	o6	2.351	CTCAGG
1004286	238	o6	2.018	CTCAGG
1004760	226	o6	1.017	CTCAGG
1005906	122	o6	2.568	CTCAGG
1006393	41	6m	1.465	TCAGGG
1006398	41	6m	1.341	TCAGGG
1006403	41	6m	1.341	TCAGGG
1006408	41	6m	1.465	TCAGGG
1006414	41	6m	1.621	TCAGGG
1006420	41	6m	1.645	TCAGGG
1006426	41	6m	1.981	TCAGGG
1006432	41	6m	1.537	TCAGGG
1006438	41	6m	1.769	TCAGGG
1006444	41	6m	2.572	TCAGGG
1006450	41	6m	2.244	TCAGGG
1006456	41	6m	2.308	TCAGGG
1006462	41	6m	2.244	TCAGGG
1006468	41	6m	2.981	TCAGGG
1006474	41	6m	2.144	TCAGGG
1006480	41	6m	2.470	TCAGGG
1006486	41	6m	1.818	TCAGGG
1006492	41	6m	1.929	TCAGGG
1006498	41	6m	2.103	TCAGGG
1006504	41	6m	2.103	TCAGGG
1006814	557	6m	2.889	TCAGGG
1006884	202	o6	2.982	CTCAGG
1007115	869	6m	2.386	TCAGGG
1007521	497	8m	1.545	CTCAGG
1007584	618	o6	2.544	CTCAGG
1007646	372	7A1	2.520	TCAGGG
1007812	534	7A1	1.485	TCAGGG
1007812	3810	o6	1.261	CTCAGG
1008237	646	o6	2.146	CTCAGG
1008406	104	7m8	1.106	CTCAGG
1008510	679	o6	2.183	CTCAGG
1008537	392	o6	1.328	CTCAGG
1008827	23	o6	1.877	CTCAGG
1008890	469	o6	3.034	CTCAGG
1009408	154	7A1	1.560	TCAGGG
1009500	964	7A1	1.396	TCAGGG
1009891	195	6m	2.138	TCAGGG
1009899	374	6m	1.468	TCAGGG
1009915	89	o6	2.316	CTCAGG
1010368	142	6m	1.318	TCAGGG
1010670	528	o6	1.901	CTCAGG
1010830	27	7m8	2.164	CTCAGG
1011245	779	o6	2.660	CTCAGG
1011397	143	o6	1.405	CTCAGG
1011673	155	6m	1.424	TCAGGG
1012008	345	6m	1.295	TCAGGG
1012174	560	6m	1.576	TCAGGG
1012413	434	7A1	1.223	TCAGGG
1012561	30	o6	2.141	CTCAGG
1012743	842	6m	1.274	TCAGGG
1012751	535	o6	2.433	CTCAGG
1012921	56	6m	1.347	TCAGGG
1013648	48	7m8	2.377	CTCAGG
1013670	1387	8m	3.034	CTCAGG
1013676	1453	6m	2.031	TCAGGG
1014069	951	7A1	1.156	TCAGGG
1014403	574	o6	1.030	CTCAGG
1014740	485	7A1	1.009	TCAGGG
1014856	1124	6m	1.409	TCAGGG
1014966	267	o6	2.049	CTCAGG
1014987	654	o6	1.318	CTCAGG
1015041	431	6m	1.869	TCAGGG
1015303	429	6m	2.031	TCAGGG
1015572	1564	o6	1.581	CTCAGG
1015572	4164	o6	2.073	CTCAGG
1015725	1183	7m8	2.076	CTCAGG
1015973	27	7A1	2.849	TCAGGG
1016026	2768	7A1	1.021	TCAGGG
1016034	67	o6	1.718	CTCAGG
1016067	1084	7A1	1.496	TCAGGG
1016077	6	o6	2.541	CTCAGG
1016098	34	6m	1.201	TCAGGG
1016362	73	o6	1.548	CTCAGG
1016655	647	7A1	1.922	TCAGGG
1016782	28	o6	3.734	CTCAGG
1016787	3126	o6	2.203	CTCAGG
1016922	732	6m	1.328	TCAGGG
1017024	81	o6	3.034	CTCAGG
1017127	554	o6	2.544	CTCAGG
1017275	128	7m8	2.351	CTCAGG
1017614	548	o6	1.077	CTCAGG
1017624	345	7A1	1.690	TCAGGG
1017642	128	o6	1.759	CTCAGG
1018194	45	7A1	2.619	TCAGGG
1018340	118	o6	1.725	CTCAGG
1018884	663	7A1	1.423	TCAGGG
1019031	28	o6	1.266	CTCAGG
1019410	131	o6	1.349	CTCAGG
1019480	236	7A1	2.788	TCAGGG
1019480	576	o6	3.158	CTCAGG
1019488	178	o6	1.229	CTCAGG
1019554	560	6m	1.235	TCAGGG
1019661	215	o6	1.327	CTCAGG
1019698	853	7A1	1.864	TCAGGG
1020214	310	7A1	1.255	TCAGGG
1020241	1094	6m	1.032	TCAGGG
1020435	1091	6m	1.358	TCAGGG
1020615	1239	7m8	2.660	CTCAGG
1020934	1414	7A1	2.781	TCAGGG
1020954	46	8m	4.421	CTCAGG
1021005	521	o6	2.660	CTCAGG
1021014	62	6m	2.561	TCAGGG
1021137	124	7A1	1.234	TCAGGG
1021326	31	6m	1.307	TCAGGG
1021566	1768	6m	1.151	TCAGGG
1021909	1381	6m	2.792	TCAGGG
1022014	82	6m	1.073	TCAGGG
1022054	237	o6	2.066	CTCAGG
1022410	239	7m8	3.586	TCAGGG
1022504	59	7A1	2.132	TCAGGG
1022814	255	o6	2.237	CTCAGG
1022882	38	7m8	2.976	TCAGGG
1023062	3126	7A1	2.336	TCAGGG
1023351	91	o6	2.017	CTCAGG
1023846	989	7A1	2.212	TCAGGG
1023850	1472	6m	1.284	TCAGGG
1023931	91	o6	1.988	CTCAGG
1024160	67	o6	1.162	CTCAGG
1024250	281	7m8	2.486	CTCAGG
1024448	274	o6	2.442	CTCAGG
1024510	586	o6	1.167	CTCAGG
1024873	363	o6	2.025	CTCAGG
1025064	1492	6m	1.964	TCAGGG
1025221	165	o6	1.235	CTCAGG
1025275	843	6m	1.245	TCAGGG
1025367	622	6m	1.690	TCAGGG
1025391	104	6m	1.905	TCAGGG
1025476	86	o6	1.340	CTCAGG
1025665	16	6m	3.960	TCAGGG
1025737	1261	o6	1.322	CTCAGG
1026209	216	o6	1.537	CTCAGG
1026287	371	o6	2.544	CTCAGG
1026838	481	7A1	2.544	TCAGGG
1027157	399	7A1	1.606	TCAGGG
1027426	382	o6	2.033	CTCAGG
1027437	67	6m	1.311	TCAGGG
1027742	199	6m	1.005	TCAGGG
1027849	30	o6	3.034	CTCAGG
1027855	71	o6	1.244	CTCAGG
1028526	139	o6	1.320	CTCAGG
1028527	198	6m	2.579	TCAGGG
1028710	190	o6	2.778	CTCAGG
1028734	5724	6m	1.577	TCAGGG
1028869	348	o6	1.264	CTCAGG
1029097	326	6m	1.095	TCAGGG
1029558	51	o6	1.201	CTCAGG
1029625	236	7A1	1.598	TCAGGG
1030343	28	o6	2.262	CTCAGG
1030451	286	o6	1.491	CTCAGG
1030454	322	6m	1.288	TCAGGG
1030692	108	6m	1.479	TCAGGG
1030908	68	o6	1.082	CTCAGG
1030908	112	6m	1.365	TCAGGG
1031199	3438	7m8	2.807	CTCAGG
1031211	147	o6	2.454	CTCAGG
1031833	910	6m	1.999	TCAGGG
1031883	2376	6m	1.061	TCAGGG
1032310	51	o6	1.315	CTCAGG
1032622	3559	o6	1.321	CTCAGG
1032829	14	o6	1.224	CTCAGG
1033046	807	6m	1.355	TCAGGG
1033089	822	6m	1.163	TCAGGG
1033553	271	6m	2.003	TCAGGG
1033598	3543	o6	2.326	CTCAGG
1033598	6666	7A1	2.215	TCAGGG
1033824	736	6m	1.712	TCAGGG
1033877	1808	o6	1.284	CTCAGG
1033924	9	o6	1.015	CTCAGG
1034295	231	o6	2.145	CTCAGG
1034311	194	o6	1.320	CTCAGG
1034340	2	6m	2.321	TCAGGG
1034370	1303	o6	1.894	CTCAGG
1034772	43	o6	1.042	CTCAGG
1034984	22	7A1	2.212	TCAGGG
1035543	26	o6	2.357	CTCAGG
1035656	2236	o6	1.062	CTCAGG
1035687	22	6m	1.105	TCAGGG
1035701	65	7A1	2.411	TCAGGG
1035773	935	o6	2.033	CTCAGG
1035798	2230	o6	2.807	CTCAGG
1036046	428	o6	1.211	CTCAGG
1036089	184	6m	1.846	TCAGGG
1036160	262	o6	1.721	CTCAGG
1036283	1263	7A1	1.735	TCAGGG
1036343	46	6m	2.359	TCAGGG
1036471	613	8m	1.790	CTCAGG
1036537	201	o6	2.675	CTCAGG
1036630	73	o6	3.913	CTCAGG
1036706	130	o6	1.820	CTCAGG
1036739	113	7A1	1.429	TCAGGG
1036928	458	7A1	1.155	TCAGGG
1037036	208	o6	2.927	CTCAGG
1037419	154	o6	2.054	CTCAGG
1037533	33	o6	2.207	CTCAGG
1037630	492	o6	1.631	CTCAGG
1037652	49	7m8	2.093	CTCAGG
1037705	1212	7A1	3.224	TCAGGG
1037775	180	7A1	1.377	TCAGGG
1038748	1237	o6	1.658	CTCAGG
1038933	187	6m	1.131	TCAGGG
1039199	67	o6	1.849	CTCAGG
1039706	1164	6m	2.799	TCAGGG
1039971	502	o6	2.551	CTCAGG
1040031	776	6m	2.129	TCAGGG
1040031	1225	7A1	1.690	TCAGGG
1040057	487	7A1	1.210	TCAGGG
1040078	734	o6	2.709	CTCAGG
1040495	338	6m	1.360	TCAGGG
1040590	2443	6m	2.345	TCAGGG
1040623	1261	o6	1.405	CTCAGG
