1000021	1594	7A1	2.807	TCTTCC
1000038	499	6m	1.192	TCTTCC
1000245	30	o6	2.350	GTCTTC
1000264	169	6m	2.460	TCTTCC
1000278	302	o6	2.620	GTCTTC
1000454	65	7A1	1.882	TCTTCC
1000478	74	o6	1.328	GTCTTC
1000478	111	o6	2.863	GTCTTC
1000478	418	6m	3.034	TCTTCC
1000511	759	7m8	2.400	GTCTTC
1000701	34	6m	2.350	TCTTCC
1000824	1642	o6	1.397	GTCTTC
1000835	191	7A1	1.010	TCTTCC
1000920	741	7A1	2.409	TCTTCC
1000979	2286	8m	1.440	GTCTTC
1001243	36	o6	1.109	GTCTTC
1001249	5	o6	2.065	GTCTTC
1001373	659	6m	1.909	TCTTCC
1001514	1757	7m8	3.034	GTCTTC
1001533	2864	7A1	1.563	TCTTCC
1001578	1280	8m	2.206	GTCTTC
1001601	438	7A1	1.845	TCTTCC
1001620	423	6m	1.123	TCTTCC
1001667	222	o6	2.170	GTCTTC
1001724	529	6m	1.467	TCTTCC
1001865	52	o6	2.660	GTCTTC
1001949	781	o6	1.409	GTCTTC
1002048	149	7A1	1.341	TCTTCC
1002117	247	o6	1.563	GTCTTC
1002176	862	o6	2.350	GTCTTC
1002404	568	o6	2.112	GTCTTC
1002595	1082	o6	2.082	GTCTTC
1002695	228	7m8	2.148	GTCTTC
1002767	108	o6	2.301	GTCTTC
1002830	2038	o6	2.763	GTCTTC
1002848	397	o6	1.735	GTCTTC
1002872	584	7A1	1.950	TCTTCC
1002877	496	o6	2.171	GTCTTC
1003053	448	7m8	3.034	GTCTTC
1003084	34	o6	1.042	GTCTTC
1003087	195	8m	2.750	GTCTTC
1003093	166	7m8	1.946	TCTTCC
1003355	109	6m	1.053	TCTTCC
1003355	429	o6	1.298	GTCTTC
1003851	133	6m	2.377	TCTTCC
1003945	1144	7m8	1.560	GTCTTC
1003945	1215	7A1	3.880	TCTTCC
1003975	243	8m	2.433	GTCTTC
1004299	122	6m	1.060	TCTTCC
1004463	1318	7A1	2.876	TCTTCC
1004503	61	o6	2.420	GTCTTC
1004657	191	7A1	2.723	TCTTCC
1004835	386	7A1	1.326	TCTTCC
1004886	87	o6	1.780	GTCTTC
1004937	124	o6	2.396	GTCTTC
1005023	311	6m	2.026	TCTTCC
1005216	926	o6	2.700	GTCTTC
1005235	225	o6	1.327	GTCTTC
1005646	1016	6m	1.690	TCTTCC
1005646	2638	7A1	2.726	TCTTCC
1006071	207	7A1	1.284	TCTTCC
1006137	175	6m	1.400	TCTTCC
1006726	958	o6	1.546	GTCTTC
1006735	1323	o6	1.162	GTCTTC
1006800	51	8m	3.833	TCTTCC
1007050	363	o6	2.331	GTCTTC
1007169	119	7A1	1.649	TCTTCC
1007242	1250	o6	2.580	GTCTTC
1007242	3890	o6	2.302	GTCTTC
1007301	267	7A1	2.442	TCTTCC
1007305	126	7A1	2.350	TCTTCC
1007484	1422	6m	1.053	TCTTCC
1007806	44	7A1	2.377	TCTTCC
1007812	3059	6m	1.381	TCTTCC
1007812	6086	8m	1.285	GTCTTC
1007861	542	o6	1.672	GTCTTC
1007875	2385	o6	2.014	GTCTTC
1007885	620	7m8	3.183	GTCTTC
1007908	204	7A1	1.485	TCTTCC
1007920	884	o6	1.687	GTCTTC
1007923	1674	o6	1.284	GTCTTC
1008018	464	o6	1.120	GTCTTC
1008141	674	6m	2.648	TCTTCC
1008285	1470	7A1	2.991	TCTTCC
1008292	90	7A1	2.201	TCTTCC
1008304	267	o6	1.599	GTCTTC
1008372	146	o6	1.322	GTCTTC
1008409	1252	7A1	2.537	TCTTCC
1008427	317	o6	1.221	GTCTTC
1008454	116	6m	1.007	TCTTCC
1008498	182	6m	1.284	TCTTCC
1008510	1027	6m	2.183	TCTTCC
1008611	589	o6	1.717	GTCTTC
1008780	1322	8m	1.606	TCTTCC
1008918	147	7m8	1.573	GTCTTC
1008966	1841	7A1	2.197	TCTTCC
1009037	2556	7m8	2.475	GTCTTC
1009273	389	o6	3.398	GTCTTC
1009303	934	8m	1.690	TCTTCC
1009548	134	7A1	1.245	TCTTCC
1009665	354	o6	2.212	GTCTTC
1009838	153	o6	1.623	GTCTTC
1010064	603	o6	1.754	GTCTTC
1010250	2858	7A1	1.499	TCTTCC
1010274	396	o6	1.423	GTCTTC
1010358	570	7A1	1.263	TCTTCC
1010401	2818	7A1	1.047	TCTTCC
1010412	482	7A1	4.561	TCTTCC
1010533	1617	6m	2.377	TCTTCC
1010553	78	o6	2.025	GTCTTC
1010553	266	o6	1.606	GTCTTC
1010608	173	7A1	2.442	TCTTCC
1010818	318	7A1	1.235	TCTTCC
1010937	27	6m	1.219	TCTTCC
1010998	173	7A1	2.576	TCTTCC
1011107	1177	6m	1.241	TCTTCC
1011186	67	8m	2.207	GTCTTC
1011186	193	8m	3.070	GTCTTC
1011186	216	8m	3.070	GTCTTC
1011322	275	o6	1.598	GTCTTC
1011404	158	6m	1.154	TCTTCC
1011430	1657	7A1	2.880	TCTTCC
1011438	27	6m	2.017	TCTTCC
1011511	230	o6	2.876	GTCTTC
1011637	1320	6m	2.037	TCTTCC
1011746	97	o6	1.251	GTCTTC
1011863	20	7A1	2.321	TCTTCC
1012032	366	o6	1.524	GTCTTC
1012308	174	8m	3.100	GTCTTC
1012491	55	8m	2.255	GTCTTC
1012839	824	7A1	1.284	TCTTCC
1013327	1903	o6	1.173	GTCTTC
1013443	1919	7A1	1.391	TCTTCC
1013643	1123	6m	2.259	TCTTCC
1013648	368	7m8	2.854	GTCTTC
1013670	1100	7A1	3.034	TCTTCC
1013872	722	o6	1.264	GTCTTC
1014174	424	6m	1.216	TCTTCC
1014644	578	o6	1.328	GTCTTC
1014883	49	o6	1.916	GTCTTC
1014883	722	7A1	3.398	TCTTCC
1014892	856	7m8	2.807	GTCTTC
1014981	1618	7A1	2.073	TCTTCC
1014988	5777	8m	2.654	GTCTTC
1015015	225	7m8	2.502	GTCTTC
1015021	546	o6	1.777	GTCTTC
1015041	4885	o6	1.630	GTCTTC
1015062	401	o6	1.942	GTCTTC
1015228	2245	7A1	1.724	TCTTCC
1015336	446	6m	2.452	TCTTCC
1015348	441	7m8	2.764	GTCTTC
1015364	200	7m8	1.523	GTCTTC
1015375	1647	o6	1.382	GTCTTC
1015555	3478	6m	2.433	TCTTCC
1015555	3660	7A1	2.548	TCTTCC
1015572	1299	6m	1.505	TCTTCC
1015647	597	o6	1.408	GTCTTC
1015685	318	7m8	2.734	GTCTTC
1015777	259	o6	1.040	GTCTTC
1015841	38	7m8	1.430	GTCTTC
1015870	207	6m	1.435	TCTTCC
1016019	1598	o6	1.994	GTCTTC
1016019	1763	7A1	3.851	TCTTCC
1016019	2043	6m	1.106	TCTTCC
1016026	466	6m	1.490	TCTTCC
1016026	3331	o6	2.212	GTCTTC
1016127	162	8m	2.178	GTCTTC
1016223	457	8m	1.629	GTCTTC
1016250	884	7A1	2.925	TCTTCC
1016431	575	o6	2.544	GTCTTC
1016449	730	7m8	2.396	GTCTTC
1016571	367	6m	2.002	TCTTCC
1016574	5548	o6	2.101	GTCTTC
1016599	1036	7A1	2.212	TCTTCC
1016640	27	o6	1.116	GTCTTC
1016685	1105	6m	1.208	TCTTCC
1016713	1416	6m	2.676	TCTTCC
1016713	3572	6m	2.807	TCTTCC
1016713	4252	6m	1.284	TCTTCC
1016749	283	7A1	2.054	TCTTCC
1016838	493	o6	2.342	GTCTTC
1016845	1048	7m8	1.284	GTCTTC
1016860	800	7A1	1.891	TCTTCC
1016958	231	8m	2.544	GTCTTC
1016986	578	o6	1.509	GTCTTC
1017018	740	6m	2.552	TCTTCC
1017151	268	6m	1.254	TCTTCC
1017157	108	o6	2.033	GTCTTC
1017275	289	8m	3.024	GTCTTC
1017275	344	8m	3.024	GTCTTC
1017336	924	7m8	2.449	GTCTTC
1017348	311	7A1	1.669	TCTTCC
1017375	388	6m	2.522	TCTTCC
1017485	170	7m8	1.251	TCTTCC
1017485	307	6m	2.220	TCTTCC
1017515	21	8m	2.025	GTCTTC
1017547	44	8m	2.660	GTCTTC
1017653	447	7A1	1.648	TCTTCC
1017695	536	7m8	2.843	GTCTTC
1017743	13	6m	2.340	TCTTCC
1017959	116	o6	2.302	GTCTTC
1018134	2520	6m	1.771	TCTTCC
1018272	468	6m	2.510	TCTTCC
1018278	487	o6	1.997	GTCTTC
1018530	1365	o6	1.882	GTCTTC
1018619	1591	o6	1.316	GTCTTC
1018632	2201	7m8	2.914	GTCTTC
1018632	2654	o6	2.540	GTCTTC
1018766	1748	7A1	1.606	TCTTCC
1018766	1799	7A1	2.262	TCTTCC
1018884	834	o6	1.690	GTCTTC
1018937	221	6m	2.033	TCTTCC
1018984	448	o6	1.236	GTCTTC
1018992	243	6m	1.208	TCTTCC
1019037	1039	6m	1.482	TCTTCC
1019198	325	6m	2.991	TCTTCC
1019198	1723	o6	1.241	GTCTTC
1019207	423	7A1	2.991	TCTTCC
1019352	374	o6	3.371	GTCTTC
1019384	189	6m	1.047	TCTTCC
1019534	171	o6	1.274	GTCTTC
1019695	222	7A1	1.687	TCTTCC
1019728	147	o6	2.270	GTCTTC
1019788	113	6m	2.073	TCTTCC
1019899	264	7A1	1.201	TCTTCC
1020187	290	7A1	2.520	TCTTCC
1020214	25	6m	1.393	TCTTCC
1020241	474	7m8	2.698	GTCTTC
1020615	1094	o6	1.321	GTCTTC
1020643	544	o6	1.880	GTCTTC
1020661	852	o6	1.241	GTCTTC
1020692	415	7A1	2.220	TCTTCC
1020728	195	8m	2.062	GTCTTC
1020934	719	o6	1.456	GTCTTC
1020992	182	7m8	2.876	GTCTTC
1021099	48	o6	1.033	GTCTTC
1021178	5	7A1	1.328	TCTTCC
1021288	237	o6	1.923	GTCTTC
1021700	195	o6	2.171	GTCTTC
1021715	189	o6	1.053	GTCTTC
1021715	233	8m	1.973	GTCTTC
1021715	260	8m	2.580	GTCTTC
1021742	54	o6	1.910	GTCTTC
1021777	189	o6	1.183	GTCTTC
1021777	233	8m	2.559	TCTTCC
1021777	260	8m	2.989	GTCTTC
1021918	114	6m	1.691	TCTTCC
1022054	158	o6	1.136	GTCTTC
1022101	50	o6	1.690	GTCTTC
1022129	247	7A1	3.232	TCTTCC
1022165	562	o6	1.650	GTCTTC
1022180	1346	7m8	1.029	GTCTTC
1022279	217	8m	3.148	GTCTTC
1022370	529	o6	1.432	GTCTTC
1022457	16	7A1	1.322	TCTTCC
1022495	0	o6	2.319	GTCTTC
1022495	2684	7m8	2.019	GTCTTC
1022823	36	o6	1.056	GTCTTC
1022846	786	6m	2.017	TCTTCC
1023065	254	6m	2.396	TCTTCC
1023065	390	7A1	2.238	TCTTCC
1023065	412	6m	1.255	TCTTCC
1023072	48	o6	1.284	GTCTTC
1023100	415	7m8	1.229	GTCTTC
1023100	459	7m8	1.861	GTCTTC
1023351	433	o6	1.936	GTCTTC
1023354	546	7A1	1.925	TCTTCC
1023391	454	6m	2.310	TCTTCC
1023391	1030	o6	1.138	GTCTTC
1023391	1378	6m	1.933	TCTTCC
1023469	30	6m	2.089	TCTTCC
1023527	546	7A1	2.377	TCTTCC
1023599	1224	o6	1.544	GTCTTC
1023681	344	8m	1.563	GTCTTC
1023717	593	o6	1.953	GTCTTC
1023846	1141	8m	2.537	GTCTTC
1023927	106	6m	1.687	TCTTCC
1023927	137	o6	2.544	GTCTTC
1023931	433	o6	2.405	GTCTTC
1024003	1059	o6	1.687	GTCTTC
1024006	35	o6	2.338	GTCTTC
1024006	60	6m	1.298	TCTTCC
1024025	39	7A1	1.306	TCTTCC
1024025	867	7A1	2.207	TCTTCC
1024031	2972	7A1	2.832	TCTTCC
1024048	338	7A1	2.433	TCTTCC
1024085	655	o6	1.368	GTCTTC
1024169	1367	o6	1.298	GTCTTC
1024258	861	6m	3.872	TCTTCC
1024264	88	8m	2.889	GTCTTC
1024271	45	8m	2.350	GTCTTC
1024271	76	7m8	2.984	GTCTTC
1024274	78	8m	1.787	GTCTTC
1024274	113	8m	2.350	GTCTTC
1024300	64	7m8	2.196	TCTTCC
1024394	227	7A1	2.341	TCTTCC
1024499	69	7A1	2.416	TCTTCC
1024583	13	7m8	1.441	GTCTTC
1024619	1489	o6	2.069	GTCTTC
1024715	1581	o6	1.709	GTCTTC
1024720	110	7A1	1.513	TCTTCC
1024742	46	7A1	3.398	TCTTCC
1024891	490	7A1	2.160	TCTTCC
1024944	124	o6	1.748	GTCTTC
1024956	5098	8m	2.629	GTCTTC
1025059	992	o6	1.933	GTCTTC
1025101	118	o6	2.705	GTCTTC
1025173	335	8m	2.350	GTCTTC
1025204	733	7A1	2.655	TCTTCC
1025229	113	7A1	2.768	TCTTCC
1025352	312	o6	1.329	GTCTTC
1025475	1431	o6	1.737	GTCTTC
1025502	105	o6	1.220	GTCTTC
1025548	681	6m	1.465	TCTTCC
1025824	126	6m	2.570	TCTTCC
1025946	471	7A1	1.031	TCTTCC
1026012	320	o6	1.520	GTCTTC
1026062	38	7A1	1.232	TCTTCC
1026111	727	6m	1.717	TCTTCC
1026161	740	6m	1.001	TCTTCC
1026375	234	6m	1.073	TCTTCC
1026477	828	o6	3.244	GTCTTC
1026485	104	7A1	3.315	TCTTCC
1026657	481	o6	2.544	GTCTTC
1026698	63	o6	1.295	GTCTTC
1026698	255	7A1	1.193	TCTTCC
1026798	300	7m8	2.523	GTCTTC
1026950	508	7A1	1.891	TCTTCC
1026999	49	7A1	3.397	TCTTCC
1027115	123	o6	2.185	GTCTTC
1027168	576	o6	1.062	GTCTTC
1027369	515	7A1	2.546	TCTTCC
1027543	125	7m8	1.787	GTCTTC
1027743	50	7A1	1.128	TCTTCC
1027756	615	7A1	2.466	TCTTCC
1027756	1190	6m	1.399	TCTTCC
1028214	194	7m8	2.014	TCTTCC
1028235	362	6m	1.635	TCTTCC
1028236	65	6m	1.673	TCTTCC
1028236	86	7m8	2.187	GTCTTC
1028263	822	8m	1.952	GTCTTC
1028472	88	o6	1.320	GTCTTC
1028696	10	6m	1.099	TCTTCC
1028734	5119	8m	3.398	GTCTTC
1028734	5260	6m	2.073	TCTTCC
1029046	776	o6	2.660	GTCTTC
1029051	56	7A1	1.321	TCTTCC
1029480	210	7m8	3.347	GTCTTC
1029520	238	6m	1.306	TCTTCC
1029532	621	6m	2.433	TCTTCC
1029564	579	o6	1.216	GTCTTC
1029673	107	7A1	1.619	TCTTCC
1029787	68	6m	1.585	TCTTCC
1029855	14	o6	1.173	GTCTTC
1029934	768	o6	2.394	GTCTTC
1030127	39	8m	2.292	GTCTTC
1030132	129	o6	1.906	GTCTTC
1030189	1354	7A1	1.936	TCTTCC
1030275	54	6m	1.024	TCTTCC
1030653	462	o6	1.096	GTCTTC
1030767	30	o6	2.237	GTCTTC
1030872	31	6m	2.054	TCTTCC
1031046	441	o6	2.065	GTCTTC
1031199	1620	o6	2.460	GTCTTC
1031223	451	o6	1.598	GTCTTC
1031547	98	6m	1.283	TCTTCC
1031562	311	7A1	1.041	TCTTCC
1031580	84	6m	1.438	TCTTCC
1031749	289	o6	1.963	GTCTTC
1031749	410	6m	1.274	TCTTCC
1031968	154	o6	2.298	GTCTTC
1032028	20	6m	1.027	TCTTCC
1032163	40	8m	4.413	GTCTTC
1032285	1262	7A1	1.736	TCTTCC
1032328	280	o6	1.255	GTCTTC
1032328	523	6m	2.893	TCTTCC
1032333	2058	7A1	2.901	TCTTCC
1032406	139	6m	1.027	TCTTCC
1032420	740	o6	2.223	GTCTTC
1032420	802	7A1	1.031	TCTTCC
1032466	853	7A1	2.073	TCTTCC
1032475	567	6m	1.098	TCTTCC
1032475	669	7A1	3.631	TCTTCC
1032549	19	7m8	1.308	TCTTCC
1032799	2150	7m8	3.816	GTCTTC
1032799	3295	7A1	2.676	TCTTCC
1032867	26	7A1	1.355	TCTTCC
1032902	1877	o6	2.220	GTCTTC
1032998	58	o6	1.485	GTCTTC
1033085	1020	7A1	2.520	TCTTCC
1033141	5719	o6	1.299	GTCTTC
1033160	280	7A1	1.606	TCTTCC
1033196	1020	o6	1.218	GTCTTC
1033205	320	o6	1.421	GTCTTC
1033362	1088	8m	2.026	GTCTTC
1033409	1592	7m8	2.981	GTCTTC
1033481	4018	6m	1.669	TCTTCC
1033527	202	o6	1.028	GTCTTC
1033598	1621	o6	1.891	GTCTTC
1033739	523	7A1	4.317	TCTTCC
1033739	612	o6	3.657	GTCTTC
1033742	291	o6	1.709	GTCTTC
1033933	72	6m	1.053	TCTTCC
1033971	2704	6m	1.606	TCTTCC
1033978	577	7A1	1.362	TCTTCC
1033987	608	6m	2.788	TCTTCC
1033996	231	7m8	1.424	GTCTTC
1034040	301	o6	1.574	GTCTTC
1034098	408	7A1	2.150	TCTTCC
1034221	1764	o6	1.092	GTCTTC
1034235	642	o6	2.073	GTCTTC
1034248	84	7A1	1.849	TCTTCC
1034284	249	o6	1.096	GTCTTC
1034316	1389	o6	2.103	GTCTTC
1034328	81	7A1	2.451	TCTTCC
1034328	243	7A1	3.075	TCTTCC
1034331	2014	7m8	2.572	GTCTTC
1034409	425	6m	1.066	TCTTCC
1034679	653	6m	1.156	TCTTCC
1034690	472	7A1	1.825	TCTTCC
1034739	1453	8m	2.002	GTCTTC
1034839	412	7m8	1.328	TCTTCC
1034917	902	8m	2.469	GTCTTC
1034917	2732	6m	2.451	TCTTCC
1034917	2854	7m8	2.467	GTCTTC
1034941	2840	o6	1.999	GTCTTC
1034962	179	o6	1.438	GTCTTC
1035001	101	7m8	2.377	GTCTTC
1035043	1581	7A1	2.049	TCTTCC
1035127	463	o6	1.138	GTCTTC
1035257	217	7A1	1.606	TCTTCC
1035332	116	o6	1.953	GTCTTC
1035536	1062	6m	1.628	TCTTCC
1035536	1121	7A1	1.368	TCTTCC
1035536	2847	7A1	1.628	TCTTCC
1035543	88	7A1	2.791	TCTTCC
1035569	13277	7m8	2.627	GTCTTC
1035594	139	o6	2.668	GTCTTC
1035656	520	o6	1.031	GTCTTC
1035687	625	o6	2.321	GTCTTC
1035687	682	o6	2.067	GTCTTC
1035755	509	8m	2.834	GTCTTC
1035759	407	o6	2.073	GTCTTC
1035762	990	6m	1.579	TCTTCC
1035783	1113	6m	1.319	TCTTCC
1035798	334	7A1	2.073	TCTTCC
1035801	3221	o6	2.105	GTCTTC
1036005	4	6m	1.355	TCTTCC
1036040	489	6m	1.271	TCTTCC
1036080	758	6m	1.409	TCTTCC
1036127	1203	o6	1.127	GTCTTC
1036127	3456	6m	2.016	TCTTCC
1036154	1120	o6	1.315	GTCTTC
1036178	404	6m	1.537	TCTTCC
1036232	155	o6	1.401	GTCTTC
1036280	31	o6	2.885	GTCTTC
1036346	258	o6	1.308	GTCTTC
1036358	260	6m	2.321	TCTTCC
1036381	199	o6	1.553	GTCTTC
1036630	42	7A1	3.061	TCTTCC
1036682	1225	7A1	1.674	TCTTCC
1036788	2634	7m8	2.131	GTCTTC
1036788	2916	7A1	1.288	TCTTCC
1036788	3203	6m	1.220	TCTTCC
1037101	300	6m	1.086	TCTTCC
1037111	69	6m	1.867	TCTTCC
1037138	85	o6	1.354	GTCTTC
1037219	1165	6m	1.291	TCTTCC
1037386	2231	o6	1.725	GTCTTC
1037429	666	o6	1.113	GTCTTC
1037835	215	o6	1.414	GTCTTC
1037845	1709	o6	1.700	GTCTTC
1037982	128	6m	1.641	TCTTCC
1037992	859	o6	1.296	GTCTTC
1038118	269	o6	2.031	GTCTTC
1038127	1625	7A1	3.340	TCTTCC
1038202	454	7A1	2.227	TCTTCC
1038217	33	6m	1.122	TCTTCC
1038228	549	8m	2.405	GTCTTC
1038285	699	6m	2.778	TCTTCC
1038302	151	7A1	3.625	TCTTCC
1038375	24	6m	1.628	TCTTCC
1038440	243	o6	3.024	GTCTTC
1038640	2633	7A1	2.910	TCTTCC
1038643	1285	8m	2.302	GTCTTC
1038704	439	7A1	1.039	TCTTCC
1038710	1894	o6	1.022	GTCTTC
1038936	207	6m	1.410	TCTTCC
1038977	29	6m	3.034	TCTTCC
1038986	763	7m8	2.398	GTCTTC
1039212	365	6m	2.366	TCTTCC
1039267	167	o6	1.792	GTCTTC
1039267	284	6m	1.949	TCTTCC
1039300	226	o6	2.305	GTCTTC
1039376	519	7A1	1.780	TCTTCC
1039431	586	6m	1.652	TCTTCC
1039431	825	6m	1.330	TCTTCC
1039563	2807	7m8	1.598	GTCTTC
1039703	1518	o6	2.246	GTCTTC
1039706	1796	7A1	3.390	TCTTCC
1039779	376	o6	1.190	GTCTTC
1039831	1817	7m8	1.026	GTCTTC
1039853	4978	8m	1.690	GTCTTC
1039920	939	o6	1.979	GTCTTC
1040057	1117	6m	1.667	TCTTCC
1040058	615	7A1	2.858	TCTTCC
1040159	90	o6	3.028	GTCTTC
1040237	1664	7m8	1.515	GTCTTC
1040294	1687	o6	2.007	GTCTTC
1040318	1096	8m	2.377	GTCTTC
1040325	450	o6	3.836	GTCTTC
1040337	3834	7A1	2.245	TCTTCC
1040355	475	7A1	1.320	TCTTCC
1040434	246	6m	1.650	TCTTCC
1040434	1467	7A1	1.940	TCTTCC
1040483	41	7m8	2.031	TCTTCC
1040495	874	o6	1.164	GTCTTC
1040513	75	7A1	1.368	TCTTCC
1040524	1021	o6	1.045	GTCTTC
1040542	700	o6	1.294	GTCTTC
