1000021	690	8m	3.404	AGCTTT
1000021	1033	7m8	2.025	GAGCTT
1000066	1094	o6	2.875	GAGCTT
1000066	2590	8m	2.015	GAGCTT
1000069	1247	7A1	2.255	AGCTTT
1000177	233	6m	1.680	AGCTTT
1000177	245	7m8	1.680	GAGCTT
1000200	241	o6	1.980	GAGCTT
1000203	541	6m	1.570	AGCTTT
1000281	797	o6	1.487	GAGCTT
1000306	149	7A1	2.635	AGCTTT
1000311	14	7A1	1.560	AGCTTT
1000373	962	7A1	2.009	AGCTTT
1000385	383	6m	2.073	AGCTTT
1000386	1901	6m	2.480	AGCTTT
1000446	364	6m	1.690	AGCTTT
1000520	312	8m	1.941	GAGCTT
1000533	618	7A1	2.377	AGCTTT
1000619	975	7A1	2.807	AGCTTT
1000665	392	6m	1.320	AGCTTT
1000680	82	7A1	1.687	AGCTTT
1000706	229	6m	1.562	AGCTTT
1000706	1057	6m	1.606	AGCTTT
1000707	87	7A1	2.350	AGCTTT
1000730	448	6m	2.350	AGCTTT
1000767	516	6m	2.854	AGCTTT
1000779	103	7A1	1.711	AGCTTT
1000779	1563	6m	3.174	AGCTTT
1000779	2723	7A1	2.981	AGCTTT
1000787	364	7m8	1.499	GAGCTT
1000842	911	7A1	2.807	AGCTTT
1000866	326	6m	1.319	AGCTTT
1000880	515	7A1	2.502	AGCTTT
1000923	1342	o6	1.301	GAGCTT
1000929	915	7m8	1.811	AGCTTT
1000968	564	7A1	1.284	AGCTTT
1001000	102	o6	1.094	GAGCTT
1001015	140	7A1	1.529	AGCTTT
1001024	177	o6	1.143	GAGCTT
1001140	185	7A1	2.125	AGCTTT
1001170	37	6m	2.506	AGCTTT
1001249	790	7m8	2.065	GAGCTT
1001256	246	7m8	2.406	GAGCTT
1001256	322	7A1	1.677	AGCTTT
1001291	43	8m	2.834	GAGCTT
1001315	38	6m	1.268	AGCTTT
1001322	79	6m	1.053	AGCTTT
1001373	1176	7A1	2.076	AGCTTT
1001403	47	6m	2.869	AGCTTT
1001412	318	7A1	1.241	AGCTTT
1001514	945	o6	2.171	GAGCTT
1001514	950	6m	2.171	AGCTTT
1001533	426	6m	2.189	AGCTTT
1001533	814	7A1	2.459	AGCTTT
1001533	4017	7A1	2.459	AGCTTT
1001577	788	6m	2.073	AGCTTT
1001578	382	7m8	1.260	GAGCTT
1001601	679	8m	1.891	GAGCTT
1001601	1758	8m	2.344	GAGCTT
1001601	2719	6m	2.332	AGCTTT
1001610	105	7m8	1.377	AGCTTT
1001619	99	6m	2.147	AGCTTT
1001629	80	7m8	1.029	GAGCTT
1001667	111	o6	2.075	GAGCTT
1001667	172	7A1	2.004	AGCTTT
1001689	270	6m	1.053	AGCTTT
1001745	107	6m	1.537	AGCTTT
1001757	333	6m	1.104	AGCTTT
1001906	1107	o6	1.288	GAGCTT
1001906	2325	o6	1.688	GAGCTT
1001948	2248	7m8	1.322	GAGCTT
1001960	51	7A1	1.397	AGCTTT
1002053	33	7A1	1.103	AGCTTT
1002053	96	6m	2.442	AGCTTT
1002080	6	o6	1.322	GAGCTT
1002128	162	6m	1.817	AGCTTT
1002176	31	6m	2.196	AGCTTT
1002292	113	6m	1.124	AGCTTT
1002293	341	o6	1.945	GAGCTT
1002304	68	o6	2.069	GAGCTT
1002304	80	6m	1.073	AGCTTT
1002359	50	7A1	2.763	AGCTTT
1002388	23	7A1	1.183	AGCTTT
1002481	665	7A1	2.981	AGCTTT
1002493	84	6m	2.331	AGCTTT
1002527	58	o6	2.206	GAGCTT
1002578	607	o6	2.552	GAGCTT
1002658	31	7A1	1.311	AGCTTT
1002718	36	7m8	1.687	AGCTTT
1002743	81	o6	2.062	GAGCTT
1002767	399	6m	2.600	AGCTTT
1002767	586	7A1	2.799	AGCTTT
1002826	2307	o6	2.313	GAGCTT
1002833	39	7A1	3.678	AGCTTT
1002833	45	7A1	3.590	AGCTTT
1002877	936	o6	2.377	GAGCTT
1002963	45	7A1	2.233	AGCTTT
1003077	539	6m	2.399	AGCTTT
1003122	971	6m	2.740	AGCTTT
1003122	1177	o6	1.744	GAGCTT
1003137	450	6m	1.163	AGCTTT
1003151	57	6m	2.449	AGCTTT
1003161	25	o6	1.183	GAGCTT
1003209	299	7m8	1.079	GAGCTT
1003236	50	7A1	1.623	AGCTTT
1003310	217	8m	1.526	GAGCTT
1003325	246	7A1	1.288	AGCTTT
1003349	259	7A1	2.256	AGCTTT
1003355	273	6m	2.102	AGCTTT
1003379	227	7A1	2.026	AGCTTT
1003387	400	7A1	1.823	AGCTTT
1003387	735	o6	1.992	GAGCTT
1003495	33	6m	1.467	AGCTTT
1003498	111	7m8	1.598	GAGCTT
1003631	1707	o6	1.563	GAGCTT
1003660	53	7A1	1.855	AGCTTT
1003884	334	7m8	2.029	AGCTTT
1003975	75	7m8	2.340	AGCTTT
1004035	577	7A1	1.232	AGCTTT
1004077	740	7A1	1.174	AGCTTT
1004097	165	6m	1.104	AGCTTT
1004122	517	6m	2.476	AGCTTT
1004238	109	7A1	1.322	AGCTTT
1004385	280	6m	1.066	AGCTTT
1004463	3537	6m	1.606	AGCTTT
1004463	3621	7A1	2.477	AGCTTT
1004503	192	6m	2.717	AGCTTT
1004657	161	6m	1.084	AGCTTT
1004673	27	6m	1.135	AGCTTT
1004810	388	7A1	2.374	AGCTTT
1004817	577	o6	1.780	GAGCTT
1004868	146	o6	1.047	GAGCTT
1004879	180	o6	1.193	GAGCTT
1004898	1714	7A1	3.034	AGCTTT
1004948	112	7A1	2.031	AGCTTT
1004955	266	7A1	1.780	AGCTTT
1005049	333	6m	2.660	AGCTTT
1005103	421	6m	2.617	AGCTTT
1005216	1578	o6	1.195	GAGCTT
1005352	2202	6m	2.392	AGCTTT
1005358	343	7A1	2.055	AGCTTT
1005367	45	7A1	2.406	AGCTTT
1005407	129	6m	2.400	AGCTTT
1005568	392	o6	1.405	GAGCTT
1005590	7	6m	1.046	AGCTTT
1005595	659	o6	2.255	GAGCTT
1005646	1950	o6	2.396	GAGCTT
1005646	3895	7A1	2.981	AGCTTT
1005646	4266	6m	3.398	AGCTTT
1005683	46	6m	1.571	AGCTTT
1005701	270	6m	1.505	AGCTTT
1005752	884	6m	1.606	AGCTTT
1005898	563	6m	2.803	AGCTTT
1005973	82	6m	3.782	AGCTTT
1005973	100	7m8	3.782	GAGCTT
1006041	493	7A1	2.017	AGCTTT
1006066	743	7A1	1.517	AGCTTT
1006599	236	6m	1.156	AGCTTT
1006735	705	7A1	1.132	AGCTTT
1006735	1347	6m	2.026	AGCTTT
1006790	88	7A1	2.807	AGCTTT
1006800	364	7A1	4.317	AGCTTT
1006845	418	6m	3.174	AGCTTT
1006940	489	7A1	2.863	AGCTTT
1007004	219	7A1	1.457	AGCTTT
1007004	1423	7A1	2.350	AGCTTT
1007017	32	6m	1.730	AGCTTT
1007031	695	7A1	1.267	AGCTTT
1007231	172	7A1	2.731	AGCTTT
1007242	1372	7A1	2.997	AGCTTT
1007290	175	o6	1.210	GAGCTT
1007346	19	7A1	1.606	AGCTTT
1007502	827	6m	1.561	AGCTTT
1007502	1291	8m	2.292	GAGCTT
1007508	625	6m	2.292	AGCTTT
1007521	2306	6m	2.220	AGCTTT
1007530	494	6m	2.915	AGCTTT
1007547	280	6m	2.026	AGCTTT
1007547	2428	7A1	2.544	AGCTTT
1007624	1258	7A1	3.527	AGCTTT
1007740	2051	8m	2.002	GAGCTT
1007806	969	6m	2.377	AGCTTT
1007840	655	7A1	3.034	AGCTTT
1007875	1281	6m	1.039	AGCTTT
1007875	2096	7A1	1.316	AGCTTT
1007875	4540	7A1	1.517	AGCTTT
1007888	348	7A1	1.308	AGCTTT
1007897	2121	6m	2.076	AGCTTT
1007903	1539	6m	1.514	AGCTTT
1007923	2024	6m	1.606	AGCTTT
1007932	1290	6m	1.987	AGCTTT
1007980	822	8m	1.346	GAGCTT
1008093	191	8m	1.284	GAGCTT
1008093	1066	6m	2.630	AGCTTT
1008114	105	7A1	2.814	AGCTTT
1008126	230	o6	1.588	GAGCTT
1008145	3978	8m	1.629	GAGCTT
1008145	9183	o6	2.013	GAGCTT
1008150	140	o6	1.073	GAGCTT
1008151	1001	6m	1.284	AGCTTT
1008198	435	6m	2.279	AGCTTT
1008226	115	6m	2.314	AGCTTT
1008255	1109	7A1	2.490	AGCTTT
1008267	14	6m	1.304	AGCTTT
1008267	124	7A1	1.906	AGCTTT
1008271	585	6m	2.370	AGCTTT
1008285	764	7A1	2.617	AGCTTT
1008307	282	7A1	1.600	AGCTTT
1008331	110	6m	1.445	AGCTTT
1008439	334	8m	1.510	AGCTTT
1008445	141	6m	1.982	AGCTTT
1008510	2278	7A1	2.480	AGCTTT
1008521	983	o6	1.682	GAGCTT
1008593	243	7A1	1.328	AGCTTT
1008614	189	7m8	1.722	GAGCTT
1008621	73	6m	1.981	AGCTTT
1008642	353	7A1	1.073	AGCTTT
1008707	452	7A1	2.592	AGCTTT
1008707	611	7A1	1.814	AGCTTT
1008720	20	6m	3.558	AGCTTT
1008750	148	8m	2.349	GAGCTT
1008780	908	o6	1.011	GAGCTT
1008783	98	6m	2.601	AGCTTT
1008819	93	7m8	3.151	AGCTTT
1008846	511	o6	2.045	GAGCTT
1008852	46	6m	3.034	AGCTTT
1008894	156	7A1	2.062	AGCTTT
1008966	1330	o6	2.341	GAGCTT
1008995	1298	o6	1.047	GAGCTT
1009026	168	o6	2.497	GAGCTT
1009026	1577	7m8	1.560	GAGCTT
1009026	1708	o6	1.281	GAGCTT
1009037	183	7m8	3.174	AGCTTT
1009037	2423	o6	1.032	GAGCTT
1009074	249	7A1	1.073	AGCTTT
1009074	517	7m8	2.981	GAGCTT
1009093	61	7A1	1.687	AGCTTT
1009096	51	6m	1.322	AGCTTT
1009101	450	o6	1.808	GAGCTT
1009150	88	o6	1.322	GAGCTT
1009153	168	o6	2.891	GAGCTT
1009153	816	7A1	1.284	AGCTTT
1009267	750	7A1	2.413	AGCTTT
1009304	340	7m8	2.230	AGCTTT
1009348	222	7m8	2.378	GAGCTT
1009408	266	6m	2.065	AGCTTT
1009448	189	7A1	2.778	AGCTTT
1009469	1156	7A1	1.895	AGCTTT
1009647	437	o6	1.873	GAGCTT
1009748	2214	6m	1.227	AGCTTT
1009759	609	6m	2.807	AGCTTT
1009769	1030	7A1	2.544	AGCTTT
1009834	868	7A1	3.626	AGCTTT
1009834	1333	o6	1.195	GAGCTT
1009834	1350	6m	1.284	AGCTTT
1009834	2268	7A1	2.876	AGCTTT
1009841	320	7A1	2.341	AGCTTT
1009841	1091	7A1	1.278	AGCTTT
1009902	69	8m	2.546	GAGCTT
1009930	352	7A1	2.533	AGCTTT
1009974	35	7A1	2.922	AGCTTT
1009974	519	7A1	1.703	AGCTTT
1010082	527	6m	3.029	AGCTTT
1010129	268	o6	1.505	GAGCTT
1010160	509	7A1	1.563	AGCTTT
1010160	1059	o6	2.991	GAGCTT
1010222	2	7A1	1.153	AGCTTT
1010232	1769	o6	3.034	GAGCTT
1010232	2536	7A1	2.660	AGCTTT
1010238	1396	o6	3.034	GAGCTT
1010238	2163	7A1	2.660	AGCTTT
1010250	1154	7m8	2.316	GAGCTT
1010250	2402	7m8	2.793	GAGCTT
1010322	110	o6	1.416	GAGCTT
1010332	754	7A1	2.223	AGCTTT
1010382	42	6m	3.096	AGCTTT
1010385	524	6m	1.027	AGCTTT
1010397	271	o6	2.105	GAGCTT
1010401	2883	o6	1.765	GAGCTT
1010401	5299	6m	2.076	AGCTTT
1010415	173	6m	1.195	AGCTTT
1010462	135	6m	1.635	AGCTTT
1010465	480	7m8	1.284	AGCTTT
1010510	96	6m	2.073	AGCTTT
1010511	1174	7A1	2.073	AGCTTT
1010611	160	6m	1.806	AGCTTT
1010677	123	6m	1.521	AGCTTT
1010703	49	o6	2.833	GAGCTT
1010745	8	7A1	2.345	AGCTTT
1010785	558	7A1	1.640	AGCTTT
1010851	75	6m	1.906	AGCTTT
1010862	1064	6m	3.094	AGCTTT
1010926	40	6m	1.212	AGCTTT
1011107	1860	7m8	3.002	GAGCTT
1011131	171	7A1	1.606	AGCTTT
1011194	335	7A1	2.278	AGCTTT
1011245	1029	6m	2.660	AGCTTT
1011333	205	6m	1.852	AGCTTT
1011348	126	6m	3.303	AGCTTT
1011349	86	7A1	1.852	AGCTTT
1011393	83	7A1	1.073	AGCTTT
1011410	79	7A1	2.181	AGCTTT
1011416	270	7A1	1.437	AGCTTT
1011438	401	7A1	3.207	AGCTTT
1011491	480	o6	2.316	GAGCTT
1011491	834	o6	2.586	GAGCTT
1011608	427	7A1	1.891	AGCTTT
1011613	51	o6	1.163	GAGCTT
1011658	73	7A1	1.515	AGCTTT
1011658	1021	6m	2.704	AGCTTT
1011710	501	7A1	1.126	AGCTTT
1011746	392	7m8	2.616	GAGCTT
1011827	49	7A1	2.350	AGCTTT
1011841	427	6m	1.068	AGCTTT
1011932	80	6m	1.284	AGCTTT
1012002	606	o6	3.143	GAGCTT
1012080	152	7A1	2.502	AGCTTT
1012122	229	6m	2.486	AGCTTT
1012136	241	6m	2.687	AGCTTT
1012283	57	8m	2.341	AGCTTT
1012304	294	6m	2.177	AGCTTT
1012507	227	6m	1.950	AGCTTT
1012513	29	7m8	3.034	GAGCTT
1012537	472	7A1	1.598	AGCTTT
1012561	65	7A1	1.385	AGCTTT
1012671	177	7m8	1.146	AGCTTT
1012719	170	7A1	2.016	AGCTTT
1012743	117	o6	1.556	GAGCTT
1012760	83	o6	3.017	GAGCTT
1012830	1381	6m	1.999	AGCTTT
1012833	326	6m	2.813	AGCTTT
1012839	813	o6	1.255	GAGCTT
1012896	345	7A1	3.018	AGCTTT
1012977	349	6m	3.548	AGCTTT
1013073	657	7m8	3.002	GAGCTT
1013108	1894	o6	3.221	GAGCTT
1013163	13	7A1	1.190	AGCTTT
1013234	16	o6	1.263	GAGCTT
1013241	778	6m	2.065	AGCTTT
1013279	34	7A1	1.891	AGCTTT
1013312	1283	o6	2.533	GAGCTT
1013330	24	7A1	2.302	AGCTTT
1013330	231	o6	1.928	GAGCTT
1013413	1068	7m8	3.165	GAGCTT
1013443	1689	7m8	3.232	GAGCTT
1013518	1266	7A1	2.433	AGCTTT
1013591	1756	7A1	1.284	AGCTTT
1013608	268	6m	1.426	AGCTTT
1013625	97	6m	1.279	AGCTTT
1013687	101	6m	2.181	AGCTTT
1013687	464	o6	2.654	GAGCTT
1013725	464	7A1	2.014	AGCTTT
1013772	531	6m	1.765	AGCTTT
1013817	311	7A1	1.099	AGCTTT
1013947	136	6m	2.018	AGCTTT
1013988	252	o6	1.067	GAGCTT
1014066	175	6m	2.189	AGCTTT
1014069	176	7m8	1.750	AGCTTT
1014076	180	o6	1.106	GAGCTT
1014076	191	7A1	1.979	AGCTTT
1014173	431	6m	1.345	AGCTTT
1014183	795	6m	1.251	AGCTTT
1014244	358	7A1	2.166	AGCTTT
1014250	23	7A1	1.818	AGCTTT
1014265	295	7A1	1.903	AGCTTT
1014295	894	7A1	1.606	AGCTTT
1014295	2169	7m8	2.262	GAGCTT
1014358	1285	o6	1.166	GAGCTT
1014387	94	o6	2.311	GAGCTT
1014403	2456	6m	3.269	AGCTTT
1014436	695	7m8	3.232	AGCTTT
1014458	21	6m	2.317	AGCTTT
1014464	284	6m	2.847	AGCTTT
1014464	425	7A1	2.847	AGCTTT
1014515	15	6m	1.096	AGCTTT
1014629	22	6m	2.533	AGCTTT
1014638	1248	6m	1.430	AGCTTT
1014828	141	7A1	2.062	AGCTTT
1014856	1533	6m	1.580	AGCTTT
1014859	123	7A1	2.589	AGCTTT
1014859	282	8m	2.589	GAGCTT
1014859	815	7A1	3.047	AGCTTT
1014884	94	o6	2.660	GAGCTT
1014892	87	7A1	1.690	AGCTTT
1014978	463	7A1	2.341	AGCTTT
1014982	376	6m	1.328	AGCTTT
1014988	4800	6m	1.278	AGCTTT
1014988	5829	6m	1.719	AGCTTT
1015041	1755	o6	1.660	GAGCTT
1015047	682	7A1	2.350	AGCTTT
1015047	2506	7A1	2.409	AGCTTT
1015047	2704	o6	2.085	GAGCTT
1015085	62	7A1	2.544	AGCTTT
1015085	1150	6m	3.082	AGCTTT
1015091	1190	7A1	1.980	AGCTTT
1015109	73	7m8	1.936	AGCTTT
1015122	1262	o6	1.088	GAGCTT
1015125	1056	o6	1.088	GAGCTT
1015128	1516	o6	1.088	GAGCTT
1015162	1036	8m	1.254	AGCTTT
1015291	743	6m	2.544	AGCTTT
1015291	1177	7A1	1.316	AGCTTT
1015336	199	7A1	2.069	AGCTTT
1015435	153	6m	1.261	AGCTTT
1015465	87	7m8	1.465	GAGCTT
1015465	95	7m8	1.465	GAGCTT
1015480	471	7A1	2.025	AGCTTT
1015526	1521	6m	1.391	AGCTTT
1015555	2818	7A1	2.079	AGCTTT
1015555	3231	8m	2.262	GAGCTT
1015576	90	6m	3.332	AGCTTT
1015604	122	6m	1.265	AGCTTT
1015696	454	7A1	2.515	AGCTTT
1015714	242	7m8	1.229	GAGCTT
1015777	1042	7m8	1.356	AGCTTT
1015778	664	o6	1.536	GAGCTT
1015784	598	7A1	2.757	AGCTTT
1015789	162	6m	2.889	AGCTTT
1015789	897	8m	1.058	AGCTTT
1015789	1615	o6	2.350	GAGCTT
1015819	208	7A1	1.731	AGCTTT
1015841	389	7A1	1.983	AGCTTT
1015867	218	6m	1.910	AGCTTT
1015903	644	6m	1.027	AGCTTT
1015924	396	7m8	1.306	AGCTTT
1015924	579	6m	1.174	AGCTTT
1015925	485	7m8	1.328	AGCTTT
1015925	546	7m8	1.965	AGCTTT
1015936	1241	o6	1.606	GAGCTT
1015937	60	6m	1.906	AGCTTT
1015946	57	o6	1.415	GAGCTT
1015952	146	o6	2.467	GAGCTT
1015972	829	6m	1.563	AGCTTT
1015972	3101	o6	1.563	GAGCTT
1015995	1157	6m	1.606	AGCTTT
1016016	1814	7A1	3.292	AGCTTT
1016047	1260	o6	2.425	GAGCTT
1016115	79	6m	1.185	AGCTTT
1016127	43	7A1	2.025	AGCTTT
1016127	90	7A1	1.606	AGCTTT
1016127	148	7A1	2.178	AGCTTT
1016143	257	o6	2.312	GAGCTT
1016176	2174	7A1	1.737	AGCTTT
1016176	2528	6m	1.053	AGCTTT
1016184	378	7A1	2.544	AGCTTT
1016205	330	7A1	2.220	AGCTTT
1016209	473	o6	1.637	GAGCTT
1016373	101	7m8	1.029	GAGCTT
1016382	357	o6	1.444	GAGCTT
1016397	1293	6m	2.073	AGCTTT
1016398	1256	6m	2.544	AGCTTT
1016418	1001	7A1	2.220	AGCTTT
1016431	678	7A1	2.544	AGCTTT
1016439	902	7A1	2.101	AGCTTT
1016452	103	o6	1.574	GAGCTT
1016455	244	6m	1.614	AGCTTT
1016539	46	o6	1.138	GAGCTT
1016565	1552	6m	2.660	AGCTTT
1016571	1941	6m	3.005	AGCTTT
1016574	3280	7A1	1.369	AGCTTT
1016599	1247	o6	2.196	GAGCTT
1016620	94	o6	2.537	GAGCTT
1016629	23	o6	1.659	GAGCTT
1016691	732	6m	1.435	AGCTTT
1016692	91	o6	1.973	GAGCTT
1016698	1663	6m	2.533	AGCTTT
1016707	87	o6	3.026	GAGCTT
1016707	457	7A1	2.622	AGCTTT
1016806	960	6m	2.436	AGCTTT
1016845	261	7A1	1.419	AGCTTT
1016848	819	6m	2.015	AGCTTT
1016865	416	o6	3.034	GAGCTT
1016971	392	6m	1.156	AGCTTT
1016971	2168	o6	1.934	GAGCTT
1017012	391	6m	1.321	AGCTTT
1017015	51	6m	1.295	AGCTTT
1017019	624	7A1	1.910	AGCTTT
1017157	583	o6	2.269	GAGCTT
1017169	785	7A1	2.212	AGCTTT
1017204	900	6m	1.322	AGCTTT
1017207	1117	7A1	2.518	AGCTTT
1017227	199	6m	2.393	AGCTTT
1017227	223	8m	2.528	GAGCTT
1017227	641	6m	2.331	AGCTTT
1017230	45	6m	2.026	AGCTTT
1017249	251	7A1	3.294	AGCTTT
1017254	1421	6m	1.316	AGCTTT
1017258	503	7A1	1.284	AGCTTT
1017275	56	7A1	3.024	AGCTTT
1017294	41	o6	1.082	GAGCTT
1017356	197	7A1	2.302	AGCTTT
1017356	228	o6	2.120	GAGCTT
1017451	595	7A1	3.034	AGCTTT
1017496	808	7A1	2.019	AGCTTT
1017511	1670	6m	1.334	AGCTTT
1017527	31	7A1	1.208	AGCTTT
1017614	4027	7m8	2.801	GAGCTT
1017653	442	6m	1.582	AGCTTT
1017727	221	o6	1.859	GAGCTT
1017754	175	7A1	1.387	AGCTTT
1017776	402	o6	1.690	GAGCTT
1017782	64	7A1	2.025	AGCTTT
1017787	523	6m	1.944	AGCTTT
1017787	668	7A1	2.415	AGCTTT
1017908	242	6m	2.409	AGCTTT
1017919	1950	7A1	2.489	AGCTTT
1017990	54	8m	2.544	AGCTTT
1018062	1395	7A1	1.410	AGCTTT
1018066	415	6m	2.377	AGCTTT
1018081	647	7A1	3.224	AGCTTT
1018146	98	7A1	2.520	AGCTTT
1018173	44	7A1	1.121	AGCTTT
1018194	85	7A1	1.804	AGCTTT
1018194	91	6m	1.903	AGCTTT
1018243	1381	7m8	1.255	AGCTTT
1018262	450	6m	1.260	AGCTTT
1018284	228	8m	1.598	GAGCTT
1018353	502	o6	3.026	GAGCTT
1018361	170	7A1	1.284	AGCTTT
1018455	245	7A1	1.809	AGCTTT
1018554	203	6m	1.047	AGCTTT
1018619	698	6m	2.537	AGCTTT
1018619	1713	6m	1.278	AGCTTT
1018632	2550	7A1	2.626	AGCTTT
1018766	674	o6	2.660	GAGCTT
1018784	63	7A1	1.873	AGCTTT
1018860	48	7A1	2.520	AGCTTT
1018924	7	7A1	2.128	AGCTTT
1019129	122	7A1	1.313	AGCTTT
1019192	709	6m	1.563	AGCTTT
1019207	164	o6	1.563	GAGCTT
1019216	103	7A1	1.272	AGCTTT
1019298	604	6m	2.194	AGCTTT
1019311	334	7A1	2.457	AGCTTT
1019329	462	6m	1.053	AGCTTT
1019329	762	7m8	2.338	GAGCTT
1019362	197	7A1	1.263	AGCTTT
1019398	36	8m	1.306	AGCTTT
1019401	38	7A1	1.316	AGCTTT
1019453	49	6m	1.899	AGCTTT
1019474	151	7A1	1.043	AGCTTT
1019579	2549	7m8	2.098	GAGCTT
1019579	3211	6m	2.502	AGCTTT
1019698	636	o6	3.000	GAGCTT
1019703	24	6m	1.272	AGCTTT
1019709	54	7A1	1.687	AGCTTT
1019713	615	o6	1.906	GAGCTT
1019721	96	6m	1.023	AGCTTT
1019865	863	6m	1.973	AGCTTT
1019945	61	7A1	2.321	AGCTTT
1019956	1238	7A1	1.907	AGCTTT
1020074	725	7A1	1.156	AGCTTT
1020090	147	7A1	1.103	AGCTTT
1020145	117	o6	1.053	GAGCTT
1020149	21	7A1	2.034	AGCTTT
1020219	420	o6	2.106	GAGCTT
1020241	711	7A1	2.941	AGCTTT
1020241	1723	6m	3.191	AGCTTT
1020253	311	6m	2.632	AGCTTT
1020253	1033	6m	2.030	AGCTTT
1020279	83	7m8	1.606	AGCTTT
1020279	101	7A1	1.086	AGCTTT
1020519	50	6m	2.073	AGCTTT
1020574	134	6m	2.373	AGCTTT
1020643	440	7A1	1.261	AGCTTT
1020654	265	8m	1.163	GAGCTT
1020661	1324	7A1	1.284	AGCTTT
1020839	423	7A1	2.350	AGCTTT
1020880	117	7A1	1.328	AGCTTT
1020934	910	o6	1.473	GAGCTT
1020992	264	7A1	1.270	AGCTTT
1021005	446	o6	2.660	GAGCTT
1021008	1418	6m	1.810	AGCTTT
1021049	55	6m	1.166	AGCTTT
1021087	115	7A1	2.161	AGCTTT
1021318	92	o6	1.064	GAGCTT
1021348	122	o6	1.322	GAGCTT
1021378	104	6m	1.709	AGCTTT
1021406	24	o6	1.513	GAGCTT
1021540	288	6m	1.221	AGCTTT
1021678	121	7A1	1.785	AGCTTT
1021840	568	8m	2.544	AGCTTT
1021899	760	7A1	2.125	AGCTTT
1021906	293	6m	2.415	AGCTTT
1021909	1359	7A1	1.220	AGCTTT
1021941	1299	6m	1.088	AGCTTT
1021978	1072	6m	1.137	AGCTTT
1022066	1747	o6	2.114	GAGCTT
1022066	2161	6m	2.537	AGCTTT
1022066	2651	6m	1.053	AGCTTT
1022180	135	o6	1.276	GAGCTT
1022191	141	6m	1.217	AGCTTT
1022235	2729	6m	2.493	AGCTTT
1022253	515	7A1	1.036	AGCTTT
1022253	1016	7A1	1.787	AGCTTT
1022256	39	7m8	1.222	GAGCTT
1022256	2212	7A1	1.446	AGCTTT
1022278	76	7A1	1.284	AGCTTT
1022418	1119	7m8	2.544	GAGCTT
1022495	1919	6m	1.315	AGCTTT
1022495	5350	6m	2.322	AGCTTT
1022539	177	6m	2.641	AGCTTT
1022576	103	7m8	1.452	AGCTTT
1022656	74	7A1	1.034	AGCTTT
1022820	1014	6m	1.717	AGCTTT
1022932	664	8m	1.310	GAGCTT
1022938	433	6m	1.340	AGCTTT
1022938	2443	6m	1.942	AGCTTT
1022985	1154	7A1	2.544	AGCTTT
1023004	105	6m	2.220	AGCTTT
1023157	514	7m8	1.891	GAGCTT
1023188	99	7A1	1.119	AGCTTT
1023253	622	7A1	1.180	AGCTTT
1023334	223	7A1	1.434	AGCTTT
1023354	48	7A1	2.389	AGCTTT
1023354	78	6m	2.402	AGCTTT
1023391	319	o6	1.059	GAGCTT
1023391	582	7A1	2.433	AGCTTT
1023391	1900	7A1	2.641	AGCTTT
1023438	178	6m	1.261	AGCTTT
1023443	44	o6	2.350	GAGCTT
1023466	244	6m	1.053	AGCTTT
1023517	1	6m	1.998	AGCTTT
1023527	48	7A1	2.841	AGCTTT
1023527	78	6m	2.674	AGCTTT
1023599	82	7A1	2.980	AGCTTT
1023599	7054	o6	2.544	GAGCTT
1023599	7463	o6	2.544	GAGCTT
1023636	126	7A1	1.690	AGCTTT
1023673	866	8m	1.240	AGCTTT
1023681	4184	7A1	1.485	AGCTTT
1023774	277	6m	1.923	AGCTTT
1023774	818	7A1	2.350	AGCTTT
1023775	115	7A1	2.415	AGCTTT
1023783	782	7A1	1.190	AGCTTT
1023784	167	7A1	1.490	AGCTTT
1023790	919	o6	1.563	GAGCTT
1023838	51	o6	2.820	GAGCTT
1023847	651	6m	2.047	AGCTTT
1023850	192	o6	2.945	GAGCTT
1023850	276	7m8	3.034	GAGCTT
1023866	92	7m8	1.295	GAGCTT
1023882	667	7A1	1.808	AGCTTT
1023882	2609	7A1	1.679	AGCTTT
1023885	479	o6	1.322	GAGCTT
1023885	1082	6m	1.245	AGCTTT
1023885	1157	6m	2.507	AGCTTT
1023955	106	7m8	1.223	GAGCTT
1023955	610	6m	1.253	AGCTTT
1023955	619	o6	1.639	GAGCTT
1023970	478	7A1	1.264	AGCTTT
1023991	208	7A1	2.234	AGCTTT
1024003	1032	6m	2.220	AGCTTT
1024031	2291	7A1	2.863	AGCTTT
1024031	3998	6m	2.990	AGCTTT
1024048	299	7m8	2.022	AGCTTT
1024052	41	6m	1.082	AGCTTT
1024079	31	7A1	1.596	AGCTTT
1024085	1964	o6	1.120	GAGCTT
1024114	472	o6	2.617	GAGCTT
1024172	565	7A1	1.322	AGCTTT
1024178	245	o6	1.589	GAGCTT
1024184	264	6m	1.298	AGCTTT
1024211	1931	o6	2.544	GAGCTT
1024211	2590	o6	1.251	GAGCTT
1024237	409	7A1	2.544	AGCTTT
1024241	829	7A1	2.648	AGCTTT
1024264	340	7A1	2.350	AGCTTT
1024271	62	7A1	2.694	AGCTTT
1024271	141	8m	2.565	AGCTTT
1024274	145	7A1	2.350	AGCTTT
1024274	174	7A1	2.255	AGCTTT
1024274	221	7A1	2.326	AGCTTT
1024282	57	7A1	2.215	AGCTTT
1024291	28	7A1	2.450	AGCTTT
1024291	141	8m	2.544	AGCTTT
1024297	36	7A1	2.520	AGCTTT
1024297	248	o6	2.280	GAGCTT
1024297	261	o6	1.742	GAGCTT
1024300	133	7A1	3.058	AGCTTT
1024366	612	6m	2.253	AGCTTT
1024369	113	6m	1.679	AGCTTT
1024369	127	7A1	1.890	AGCTTT
1024384	773	7m8	1.201	AGCTTT
1024385	123	6m	1.189	AGCTTT
1024403	847	6m	2.201	AGCTTT
1024421	26	8m	3.332	AGCTTT
1024456	204	7A1	1.045	AGCTTT
1024465	1510	6m	1.053	AGCTTT
1024465	2319	7m8	2.544	GAGCTT
1024465	3288	6m	1.787	AGCTTT
1024525	993	6m	2.209	AGCTTT
1024613	232	8m	1.944	GAGCTT
1024705	100	7A1	2.127	AGCTTT
1024708	155	7A1	2.857	AGCTTT
1024708	358	o6	1.382	GAGCTT
1024715	3732	6m	2.757	AGCTTT
1024715	4707	o6	2.685	GAGCTT
1024721	254	6m	2.384	AGCTTT
1024733	464	o6	2.779	GAGCTT
1024783	307	7m8	1.755	AGCTTT
1024829	164	6m	2.552	AGCTTT
1024829	4163	7A1	2.465	AGCTTT
1024935	138	6m	2.232	AGCTTT
1024935	370	o6	1.409	GAGCTT
1024945	346	o6	2.270	GAGCTT
1024956	5240	6m	1.399	AGCTTT
1025022	4	o6	3.067	GAGCTT
1025055	887	7A1	2.076	AGCTTT
1025059	1454	o6	2.641	GAGCTT
1025101	1142	6m	1.577	AGCTTT
1025146	121	6m	1.202	AGCTTT
1025183	27	7A1	2.350	AGCTTT
1025204	32	7A1	2.135	AGCTTT
1025204	291	7A1	1.690	AGCTTT
1025204	332	7A1	2.520	AGCTTT
1025275	999	6m	2.354	AGCTTT
1025298	1075	6m	2.630	AGCTTT
1025344	184	7A1	1.069	AGCTTT
1025410	36	8m	3.566	AGCTTT
1025440	123	7A1	1.500	AGCTTT
1025455	688	7A1	2.721	AGCTTT
1025455	1025	6m	1.484	AGCTTT
1025512	692	o6	2.385	GAGCTT
1025536	71	8m	2.462	GAGCTT
1025536	165	6m	1.178	AGCTTT
1025577	36	6m	1.029	AGCTTT
1025614	91	7A1	2.639	AGCTTT
1025654	918	7A1	1.910	AGCTTT
1025665	711	o6	3.150	GAGCTT
1025715	144	7A1	1.606	AGCTTT
1025724	23	6m	1.043	AGCTTT
1025743	254	7A1	2.889	AGCTTT
1025755	837	o6	2.538	GAGCTT
1025877	287	6m	2.525	AGCTTT
1025904	91	8m	2.361	AGCTTT
1025934	667	7A1	2.533	AGCTTT
1025949	17	o6	2.162	GAGCTT
1026074	0	7A1	2.614	AGCTTT
1026087	222	7m8	1.626	GAGCTT
1026125	0	7A1	2.854	AGCTTT
1026262	691	7A1	2.538	AGCTTT
1026268	285	8m	2.477	GAGCTT
1026287	411	o6	1.690	GAGCTT
1026364	127	6m	2.310	AGCTTT
1026369	135	o6	1.229	GAGCTT
1026471	116	7m8	1.053	GAGCTT
1026480	1979	6m	1.322	AGCTTT
1026480	2228	o6	2.220	GAGCTT
1026518	35	7A1	1.284	AGCTTT
1026554	710	o6	1.288	GAGCTT
1026633	302	6m	1.278	AGCTTT
1026652	110	7A1	1.672	AGCTTT
1026681	5	o6	1.078	GAGCTT
1026682	27	6m	1.405	AGCTTT
1026682	449	6m	1.982	AGCTTT
1026711	2160	7A1	2.608	AGCTTT
1026761	430	o6	1.319	GAGCTT
1026791	48	o6	1.227	GAGCTT
1026792	148	6m	1.002	AGCTTT
1026818	71	7A1	1.571	AGCTTT
1026818	84	o6	1.559	GAGCTT
1026849	172	7m8	1.198	GAGCTT
1026885	189	8m	2.170	AGCTTT
1026950	215	6m	1.120	AGCTTT
1027002	500	6m	2.262	AGCTTT
1027138	307	o6	2.286	GAGCTT
1027153	154	7A1	2.370	AGCTTT
1027168	40	6m	2.635	AGCTTT
1027168	58	o6	1.513	GAGCTT
1027168	938	7A1	1.255	AGCTTT
1027180	174	8m	2.246	AGCTTT
1027214	544	o6	1.973	GAGCTT
1027220	42	7A1	2.017	AGCTTT
1027255	91	7A1	2.048	AGCTTT
1027357	695	7A1	2.321	AGCTTT
1027608	184	6m	1.484	AGCTTT
1027725	340	7m8	2.069	GAGCTT
1027776	15	6m	1.535	AGCTTT
1027801	383	8m	1.784	AGCTTT
1027834	30	6m	1.791	AGCTTT
1027844	438	o6	1.294	GAGCTT
1027887	436	7A1	2.054	AGCTTT
1027887	588	6m	1.611	AGCTTT
1027933	195	6m	1.646	AGCTTT
1027977	35	8m	1.267	GAGCTT
1027995	21	6m	1.442	AGCTTT
1028001	697	8m	3.865	GAGCTT
1028208	30	7A1	3.624	AGCTTT
1028263	859	7A1	1.198	AGCTTT
1028301	80	o6	1.468	GAGCTT
1028301	126	7A1	2.548	AGCTTT
1028301	414	6m	1.911	AGCTTT
1028348	116	o6	1.032	GAGCTT
1028435	409	6m	1.558	AGCTTT
1028447	274	7A1	2.651	AGCTTT
1028447	445	7A1	1.241	AGCTTT
1028508	332	o6	1.958	GAGCTT
1028527	1265	7A1	2.759	AGCTTT
1028620	386	o6	1.251	GAGCTT
1028645	170	7A1	2.073	AGCTTT
1028702	68	6m	1.843	AGCTTT
1028778	284	6m	1.170	AGCTTT
1028869	126	7A1	1.968	AGCTTT
1028931	1069	o6	1.313	GAGCTT
1028944	1	6m	2.031	AGCTTT
1028998	835	6m	1.711	AGCTTT
1029180	284	7A1	1.338	AGCTTT
1029192	1997	6m	2.404	AGCTTT
1029234	121	7A1	1.013	AGCTTT
1029369	1302	6m	2.544	AGCTTT
1029369	1396	7A1	1.687	AGCTTT
1029459	959	o6	1.284	GAGCTT
1029496	102	6m	1.010	AGCTTT
1029532	2295	6m	1.284	AGCTTT
1029558	405	o6	1.394	GAGCTT
1029558	433	6m	1.040	AGCTTT
1029564	186	6m	2.834	AGCTTT
1029647	439	7m8	1.470	GAGCTT
1029647	559	6m	2.370	AGCTTT
1029679	501	7A1	3.005	AGCTTT
1029691	88	6m	1.016	AGCTTT
1029749	899	o6	1.014	GAGCTT
1029835	784	7m8	2.410	GAGCTT
1029859	46	7A1	2.206	AGCTTT
1029865	66	7A1	2.080	AGCTTT
1029885	594	7A1	1.730	AGCTTT
1029934	942	6m	2.259	AGCTTT
1029994	102	6m	1.500	AGCTTT
1030009	159	7A1	1.288	AGCTTT
1030245	550	7A1	2.182	AGCTTT
1030245	1052	7A1	1.650	AGCTTT
1030245	1478	6m	1.207	AGCTTT
1030258	134	7A1	2.904	AGCTTT
1030302	411	7m8	1.398	AGCTTT
1030340	458	8m	1.606	AGCTTT
1030373	129	o6	1.516	GAGCTT
1030405	446	7A1	1.818	AGCTTT
1030451	1161	7A1	1.670	AGCTTT
1030451	1650	6m	3.398	AGCTTT
1030465	198	7A1	3.026	AGCTTT
1030471	40	7A1	2.350	AGCTTT
1030476	504	o6	2.544	GAGCTT
1030580	160	6m	1.005	AGCTTT
1030692	942	6m	2.507	AGCTTT
1030716	1216	o6	1.608	GAGCTT
1030782	526	8m	1.090	AGCTTT
1030843	142	o6	1.321	GAGCTT
1030903	108	6m	2.788	AGCTTT
1030951	0	o6	1.326	GAGCTT
1030970	122	7A1	2.326	AGCTTT
1030994	46	7A1	1.557	AGCTTT
1031049	235	6m	1.335	AGCTTT
1031052	92	6m	4.239	AGCTTT
1031126	480	o6	1.363	GAGCTT
1031142	2356	o6	1.150	GAGCTT
1031156	1445	o6	2.981	GAGCTT
1031156	2897	7A1	3.600	AGCTTT
1031199	2236	7A1	2.704	AGCTTT
1031224	2887	7A1	2.949	AGCTTT
1031227	76	6m	2.165	AGCTTT
1031236	328	6m	1.887	AGCTTT
1031498	1326	6m	1.430	AGCTTT
1031498	1501	o6	2.038	GAGCTT
1031503	30	o6	1.240	GAGCTT
1031551	21	7A1	2.227	AGCTTT
1031584	506	7A1	2.058	AGCTTT
1031698	1055	6m	1.166	AGCTTT
1031731	48	6m	1.053	AGCTTT
1031731	198	6m	1.053	AGCTTT
1031731	254	7A1	1.485	AGCTTT
1031782	757	7A1	2.635	AGCTTT
1031830	1045	7A1	2.565	AGCTTT
1031830	1174	6m	2.815	AGCTTT
1031830	1247	o6	2.815	GAGCTT
1031833	827	6m	1.188	AGCTTT
1031871	135	6m	1.882	AGCTTT
1031994	2095	o6	2.660	GAGCTT
1032004	67	6m	1.649	AGCTTT
1032039	52	6m	2.053	AGCTTT
1032200	31	o6	2.304	GAGCTT
1032203	903	6m	2.148	AGCTTT
1032322	227	o6	1.266	GAGCTT
1032386	449	7m8	1.251	AGCTTT
1032426	611	6m	1.500	AGCTTT
1032608	754	6m	3.034	AGCTTT
1032617	36	7A1	4.142	AGCTTT
1032634	1875	6m	2.807	AGCTTT
1032663	32	6m	2.276	AGCTTT
1032713	476	7A1	1.651	AGCTTT
1032713	962	7A1	2.314	AGCTTT
1032728	182	o6	2.508	GAGCTT
1032799	3468	7A1	1.207	AGCTTT
1032832	427	8m	2.626	AGCTTT
1032896	157	o6	1.833	GAGCTT
1032902	2232	o6	1.322	GAGCTT
1032929	2036	6m	1.082	AGCTTT
1032987	1946	7A1	2.333	AGCTTT
1032998	446	7A1	1.082	AGCTTT
1033001	40	7A1	1.082	AGCTTT
1033008	1733	6m	1.529	AGCTTT
1033025	284	o6	1.073	GAGCTT
1033028	451	6m	1.108	AGCTTT
1033089	355	o6	1.467	GAGCTT
1033089	2328	7A1	2.349	AGCTTT
1033141	3567	7A1	2.660	AGCTTT
1033152	1782	o6	2.206	GAGCTT
1033181	114	6m	1.606	AGCTTT
1033218	1303	7A1	3.349	AGCTTT
1033244	606	7A1	2.400	AGCTTT
1033322	511	8m	2.660	GAGCTT
1033362	642	7A1	1.573	AGCTTT
1033384	1838	7A1	2.244	AGCTTT
1033409	247	6m	1.648	AGCTTT
1033571	2129	6m	1.053	AGCTTT
1033575	679	6m	1.592	AGCTTT
1033598	4248	6m	1.687	AGCTTT
1033669	290	7A1	1.606	AGCTTT
1033669	296	6m	1.606	AGCTTT
1033669	548	o6	2.623	GAGCTT
1033739	705	6m	1.400	AGCTTT
1033856	61	6m	1.720	AGCTTT
1033883	1973	6m	1.358	AGCTTT
1033894	353	7m8	1.692	GAGCTT
1034040	40	7A1	2.471	AGCTTT
1034074	269	6m	1.077	AGCTTT
1034092	809	6m	1.034	AGCTTT
1034170	19	6m	1.008	AGCTTT
1034208	184	7A1	3.197	AGCTTT
1034259	722	7A1	1.834	AGCTTT
1034259	5965	7A1	4.720	AGCTTT
1034262	719	7m8	1.235	GAGCTT
1034284	27	7A1	2.726	AGCTTT
1034311	278	6m	2.707	AGCTTT
1034331	3369	6m	2.907	AGCTTT
1034337	691	o6	3.333	GAGCTT
1034347	1520	7m8	2.570	AGCTTT
1034347	1564	7m8	2.863	GAGCTT
1034347	1762	6m	2.376	AGCTTT
1034361	714	o6	1.126	GAGCTT
1034370	269	o6	2.826	GAGCTT
1034389	9	8m	2.383	GAGCTT
1034536	173	7A1	1.045	AGCTTT
1034545	989	6m	1.645	AGCTTT
1034560	44	6m	1.768	AGCTTT
1034589	306	6m	2.321	AGCTTT
1034593	1056	6m	1.088	AGCTTT
1034652	173	o6	1.026	GAGCTT
1034709	735	6m	1.907	AGCTTT
1034726	238	7A1	1.690	AGCTTT
1034726	788	6m	1.729	AGCTTT
1034757	4	7A1	2.757	AGCTTT
1034771	225	6m	1.995	AGCTTT
1034800	122	7A1	2.305	AGCTTT
1034828	748	6m	1.815	AGCTTT
1034831	298	6m	1.970	AGCTTT
1034836	1150	o6	2.292	GAGCTT
1034902	282	7A1	1.998	AGCTTT
1034909	2003	6m	2.178	AGCTTT
1034917	2680	7m8	1.636	AGCTTT
1034941	117	7A1	2.210	AGCTTT
1034984	783	6m	2.212	AGCTTT
1034995	1338	7A1	3.408	AGCTTT
1035103	1108	6m	1.302	AGCTTT
1035121	281	7A1	2.533	AGCTTT
1035136	590	7m8	1.598	GAGCTT
1035192	549	8m	1.801	GAGCTT
1035198	1540	6m	2.711	AGCTTT
1035230	88	7A1	2.353	AGCTTT
1035242	427	6m	3.322	AGCTTT
1035251	136	o6	2.301	GAGCTT
1035251	784	o6	1.625	GAGCTT
1035257	506	7A1	2.552	AGCTTT
1035288	989	6m	1.211	AGCTTT
1035288	1523	8m	2.384	GAGCTT
1035323	182	6m	4.037	AGCTTT
1035372	437	o6	5.267	GAGCTT
1035380	957	8m	3.620	GAGCTT
1035432	565	7A1	2.031	AGCTTT
1035527	3148	o6	3.602	GAGCTT
1035536	736	7A1	1.636	AGCTTT
1035543	370	7m8	1.515	AGCTTT
1035569	1153	6m	2.149	AGCTTT
1035569	4876	6m	1.391	AGCTTT
1035569	8432	6m	2.247	AGCTTT
1035569	16460	6m	3.226	AGCTTT
1035575	1093	o6	1.156	GAGCTT
1035656	1672	6m	1.882	AGCTTT
1035663	42	6m	2.801	AGCTTT
1035687	780	7A1	3.271	AGCTTT
1035692	164	7A1	3.326	AGCTTT
1035704	811	o6	3.328	GAGCTT
1035755	982	8m	3.464	GAGCTT
1035768	1380	6m	2.841	AGCTTT
1035768	2319	6m	2.065	AGCTTT
1035782	1781	7m8	2.065	GAGCTT
1035783	2356	6m	1.394	AGCTTT
1035783	2601	6m	1.566	AGCTTT
1035783	3662	6m	1.560	AGCTTT
1035791	186	6m	1.958	AGCTTT
1035798	2703	6m	2.171	AGCTTT
1035843	2207	6m	1.349	AGCTTT
1035843	2721	7m8	1.453	AGCTTT
1035974	166	6m	1.535	AGCTTT
1035986	206	7A1	1.180	AGCTTT
1035989	371	7m8	2.269	AGCTTT
1036008	148	6m	1.300	AGCTTT
1036046	1509	7m8	2.961	GAGCTT
1036053	660	7A1	2.233	AGCTTT
1036127	1211	6m	1.622	AGCTTT
1036128	140	o6	1.445	GAGCTT
1036154	1247	6m	3.028	AGCTTT
1036154	2251	7A1	3.034	AGCTTT
1036154	2445	7A1	2.660	AGCTTT
1036160	200	7A1	2.557	AGCTTT
1036178	23	6m	1.785	AGCTTT
1036199	446	8m	1.468	AGCTTT
1036289	192	6m	1.220	AGCTTT
1036343	1466	o6	1.988	GAGCTT
1036346	277	6m	1.175	AGCTTT
1036367	570	o6	1.635	GAGCTT
1036374	1236	6m	2.615	AGCTTT
1036374	1729	6m	2.804	AGCTTT
1036374	2097	6m	2.037	AGCTTT
1036404	1753	6m	1.844	AGCTTT
1036443	48	7A1	1.632	AGCTTT
1036462	1003	7A1	2.854	AGCTTT
1036527	137	7A1	2.007	AGCTTT
1036558	904	o6	1.262	GAGCTT
1036706	2156	6m	2.218	AGCTTT
1036739	30	o6	1.320	GAGCTT
1036778	231	7m8	1.043	AGCTTT
1036835	175	6m	4.526	AGCTTT
1036836	452	7A1	2.624	AGCTTT
1036892	123	o6	1.221	GAGCTT
1036899	106	o6	2.575	GAGCTT
1036910	1633	6m	1.690	AGCTTT
1036910	1640	7m8	1.690	AGCTTT
1036991	1901	6m	2.145	AGCTTT
1037090	1104	7m8	2.294	AGCTTT
1037171	996	7A1	1.346	AGCTTT
1037269	221	6m	2.070	AGCTTT
1037269	230	7A1	2.362	AGCTTT
1037318	163	7A1	1.300	AGCTTT
1037494	75	6m	2.237	AGCTTT
1037494	763	o6	1.760	GAGCTT
1037504	393	7A1	1.376	AGCTTT
1037534	510	7m8	1.440	GAGCTT
1037615	645	o6	1.331	GAGCTT
1037620	36	o6	1.697	GAGCTT
1037652	61	7A1	2.093	AGCTTT
1037658	22	7A1	1.098	AGCTTT
1037690	7	7A1	1.423	AGCTTT
1037702	333	6m	1.463	AGCTTT
1037705	785	7A1	2.377	AGCTTT
1037715	657	6m	1.999	AGCTTT
1037745	768	6m	1.633	AGCTTT
1037745	892	6m	1.710	AGCTTT
1037775	109	8m	1.913	GAGCTT
1037845	179	6m	1.645	AGCTTT
1037968	117	6m	1.487	AGCTTT
1037995	34	7A1	1.537	AGCTTT
1038021	2520	6m	2.286	AGCTTT
1038067	1583	6m	2.648	AGCTTT
1038122	56	o6	1.073	GAGCTT
1038135	429	7A1	1.349	AGCTTT
1038160	990	o6	1.560	GAGCTT
1038174	322	7A1	1.560	AGCTTT
1038259	107	7A1	2.683	AGCTTT
1038293	2120	7A1	3.964	AGCTTT
1038312	1607	o6	2.073	GAGCTT
1038366	724	o6	1.407	GAGCTT
1038378	415	6m	3.830	AGCTTT
1038407	532	6m	2.194	AGCTTT
1038465	571	7A1	1.456	AGCTTT
1038484	202	6m	1.820	AGCTTT
1038496	109	6m	1.028	AGCTTT
1038499	198	7A1	3.438	AGCTTT
1038511	341	7A1	2.497	AGCTTT
1038511	631	o6	2.497	GAGCTT
1038571	860	6m	1.478	AGCTTT
1038589	725	6m	3.398	AGCTTT
1038640	2022	7m8	1.831	AGCTTT
1038643	268	7A1	3.912	AGCTTT
1038643	439	6m	1.048	AGCTTT
1038797	42	o6	1.312	GAGCTT
1038808	1562	o6	1.879	GAGCTT
1038860	820	6m	1.679	AGCTTT
1038885	98	6m	1.722	AGCTTT
1038923	648	7A1	3.459	AGCTTT
1038923	808	7A1	3.506	AGCTTT
1038945	235	7A1	1.499	AGCTTT
1038992	148	6m	2.051	AGCTTT
1039084	549	6m	1.940	AGCTTT
1039227	402	o6	1.786	GAGCTT
1039250	16	o6	1.144	GAGCTT
1039282	453	7m8	1.859	GAGCTT
1039301	49	7A1	3.255	AGCTTT
1039376	222	o6	1.661	GAGCTT
1039436	147	o6	1.268	GAGCTT
1039445	415	o6	1.246	GAGCTT
1039451	391	o6	1.378	GAGCTT
1039469	750	7A1	2.797	AGCTTT
1039469	1789	6m	1.228	AGCTTT
1039502	78	o6	4.576	GAGCTT
1039563	2083	7A1	1.512	AGCTTT
1039612	40	6m	1.820	AGCTTT
1039612	611	7m8	1.710	GAGCTT
1039703	148	6m	1.696	AGCTTT
1039759	89	7m8	1.271	AGCTTT
1039797	1105	o6	1.201	GAGCTT
1039797	1332	o6	2.048	GAGCTT
1039797	1600	7A1	3.273	AGCTTT
1039803	663	8m	1.197	AGCTTT
1039853	6922	7A1	3.988	AGCTTT
1039858	5228	7A1	2.459	AGCTTT
1039911	239	6m	2.049	AGCTTT
1039949	361	7m8	1.691	AGCTTT
1039950	157	6m	1.073	AGCTTT
1039950	1424	6m	1.328	AGCTTT
1039964	144	o6	1.030	GAGCTT
1039995	356	o6	2.001	GAGCTT
1039999	864	o6	2.321	GAGCTT
1040012	3269	6m	2.030	AGCTTT
1040016	1836	o6	1.320	GAGCTT
1040019	305	o6	1.894	GAGCTT
1040034	262	6m	1.349	AGCTTT
1040048	498	o6	1.560	GAGCTT
1040048	2422	6m	2.298	AGCTTT
1040048	3464	7m8	2.775	GAGCTT
1040069	206	7A1	1.180	AGCTTT
1040070	1412	7m8	1.905	AGCTTT
1040070	1984	o6	2.869	GAGCTT
1040129	1593	7A1	2.405	AGCTTT
1040136	1229	6m	1.292	AGCTTT
1040145	648	o6	1.208	GAGCTT
1040154	144	7A1	1.692	AGCTTT
1040190	931	o6	3.477	GAGCTT
1040210	427	o6	1.130	GAGCTT
1040210	2886	6m	1.065	AGCTTT
1040237	1229	6m	2.830	AGCTTT
1040283	5889	7A1	1.606	AGCTTT
1040283	6294	o6	1.569	GAGCTT
1040286	35	o6	1.603	GAGCTT
1040294	1075	8m	3.649	GAGCTT
1040294	1203	7A1	3.649	AGCTTT
1040298	6544	7m8	1.184	AGCTTT
1040298	7518	7m8	1.426	AGCTTT
1040298	8102	6m	2.084	AGCTTT
1040303	1836	6m	2.533	AGCTTT
1040346	4342	7A1	2.006	AGCTTT
1040352	1171	7A1	4.114	AGCTTT
1040429	1001	o6	1.648	GAGCTT
1040444	1100	7A1	3.649	AGCTTT
1040474	424	6m	1.005	AGCTTT
1040474	436	7A1	1.005	AGCTTT
1040479	2753	6m	1.087	AGCTTT
1040495	1422	6m	1.275	AGCTTT
1040527	1396	6m	1.041	AGCTTT
1040542	1920	7A1	3.808	AGCTTT
1040542	2438	7A1	4.841	AGCTTT
1040584	147	o6	1.350	GAGCTT
1040589	649	7m8	3.581	GAGCTT
1040589	927	6m	1.158	AGCTTT
1040590	6463	o6	1.542	GAGCTT
1040590	6739	6m	2.365	AGCTTT
1040632	22	6m	2.061	AGCTTT
1040646	2430	7A1	1.560	AGCTTT
1040646	2436	6m	1.560	AGCTTT
