1000038	161	7m8	1.012	ACAACG
1000069	279	6m	2.449	CAACGA
1000077	74	7A1	2.646	CAACGA
1000081	576	o6	1.518	ACAACG
1000090	209	6m	1.111	CAACGA
1000107	19	7m8	1.687	CAACGA
1000125	117	o6	2.544	ACAACG
1000134	237	7A1	2.254	CAACGA
1000156	235	8m	2.901	CAACGA
1000234	270	7A1	2.544	CAACGA
1000281	523	7m8	2.497	ACAACG
1000321	670	7m8	1.851	ACAACG
1000327	346	7m8	1.539	ACAACG
1000327	995	6m	3.440	CAACGA
1000360	11	7A1	1.262	CAACGA
1000391	646	7m8	1.562	ACAACG
1000472	835	8m	1.322	CAACGA
1000542	298	o6	2.041	ACAACG
1000587	555	6m	1.529	CAACGA
1000631	1174	o6	3.002	ACAACG
1000743	25	6m	2.610	CAACGA
1000845	2174	7A1	1.788	CAACGA
1000896	262	7A1	1.128	CAACGA
1001083	735	7A1	2.781	CAACGA
1001249	296	7A1	1.650	CAACGA
1001511	208	7A1	1.655	CAACGA
1001607	750	7m8	2.417	ACAACG
1001629	120	6m	2.076	CAACGA
1001817	3088	7A1	3.657	CAACGA
1001949	792	o6	2.212	ACAACG
1001960	362	o6	1.284	ACAACG
1002054	104	6m	2.276	CAACGA
1002388	31	6m	1.080	CAACGA
1002446	63	o6	1.304	ACAACG
1002527	428	o6	2.198	ACAACG
1002683	476	7m8	1.278	ACAACG
1002818	172	7A1	1.020	CAACGA
1003105	38	6m	1.090	CAACGA
1003178	33	7A1	1.282	CAACGA
1003251	124	7A1	2.124	CAACGA
1003263	36	6m	1.979	CAACGA
1003424	45	8m	3.471	CAACGA
1003424	686	8m	3.038	ACAACG
1004050	340	7m8	1.186	ACAACG
1004173	365	o6	2.246	ACAACG
1004446	1215	7A1	2.015	CAACGA
1004657	436	8m	2.552	CAACGA
1004661	311	8m	1.328	ACAACG
1004817	572	6m	1.848	CAACGA
1005049	1091	7A1	1.405	CAACGA
1005049	1311	8m	2.476	ACAACG
1005192	331	o6	1.130	ACAACG
1005335	1470	o6	1.140	ACAACG
1005349	1477	7m8	1.875	ACAACG
1005352	321	8m	2.693	ACAACG
1005951	105	7m8	2.054	ACAACG
1006012	346	o6	1.311	ACAACG
1006041	421	7A1	1.598	CAACGA
1006107	583	6m	1.614	CAACGA
1006107	820	6m	1.892	CAACGA
1006107	1273	7A1	2.544	CAACGA
1006692	774	7m8	1.399	ACAACG
1006692	828	o6	1.300	ACAACG
1007148	233	7m8	1.284	ACAACG
1007148	293	6m	2.025	CAACGA
1007194	74	o6	1.853	ACAACG
1007213	519	6m	2.222	CAACGA
1007319	140	6m	1.560	CAACGA
1007364	1405	6m	1.178	CAACGA
1007521	1155	8m	2.559	ACAACG
1007521	3064	7A1	1.156	CAACGA
1007521	3284	8m	2.066	ACAACG
1007637	1097	7A1	2.331	CAACGA
1007647	1504	7m8	2.660	ACAACG
1007740	2854	6m	1.284	CAACGA
1007792	128	7A1	1.449	CAACGA
1007806	877	o6	1.363	ACAACG
1007812	3633	7A1	1.929	CAACGA
1007840	698	7A1	2.472	CAACGA
1007875	2616	6m	1.070	CAACGA
1007891	400	6m	3.041	CAACGA
1007903	3785	o6	1.728	ACAACG
1007956	35	7m8	1.394	CAACGA
1007980	2198	o6	2.226	ACAACG
1008000	171	7m8	1.548	ACAACG
1008036	208	7A1	1.284	CAACGA
1008039	288	o6	1.726	ACAACG
1008141	91	6m	2.799	CAACGA
1008141	776	7m8	1.144	ACAACG
1008145	1813	7A1	2.220	CAACGA
1008145	2228	7m8	2.220	ACAACG
1008187	97	o6	1.485	ACAACG
1008195	454	7A1	1.322	CAACGA
1008259	179	o6	1.006	ACAACG
1008271	416	7m8	1.749	CAACGA
1008285	2019	7m8	2.691	ACAACG
1008286	1722	6m	2.149	CAACGA
1008307	1480	7A1	2.522	CAACGA
1008477	35	6m	2.533	CAACGA
1008624	182	8m	2.933	CAACGA
1008768	532	o6	1.687	ACAACG
1008846	61	7A1	2.378	CAACGA
1008881	488	8m	2.804	ACAACG
1008890	139	6m	1.284	CAACGA
1008890	447	8m	2.660	ACAACG
1008894	360	7m8	1.598	ACAACG
1008981	401	6m	2.449	CAACGA
1008990	488	6m	2.121	CAACGA
1009083	312	o6	1.658	ACAACG
1009316	38	6m	2.684	CAACGA
1009339	211	7A1	1.504	CAACGA
1009348	232	o6	1.079	ACAACG
1009434	1030	6m	2.007	CAACGA
1009475	925	7A1	1.090	CAACGA
1009500	952	6m	2.591	CAACGA
1009760	219	o6	2.662	ACAACG
1009781	40	6m	1.419	CAACGA
1009781	894	7A1	1.053	CAACGA
1009837	60	6m	1.874	CAACGA
1009924	34	6m	1.862	CAACGA
1010076	413	7A1	2.097	CAACGA
1010150	43	7A1	1.560	CAACGA
1010201	382	o6	2.239	ACAACG
1010229	191	8m	3.232	ACAACG
1010237	2202	8m	1.159	ACAACG
1010332	122	o6	1.866	ACAACG
1010365	36	7m8	3.943	CAACGA
1010401	559	o6	2.243	ACAACG
1010401	2261	7m8	2.111	CAACGA
1010401	2423	6m	2.537	CAACGA
1010553	560	o6	1.606	ACAACG
1010646	742	7A1	1.405	CAACGA
1010652	815	8m	1.606	ACAACG
1010950	1204	7A1	4.470	CAACGA
1010950	1577	8m	1.126	CAACGA
1011251	102	7A1	1.873	CAACGA
1011321	1539	6m	2.177	CAACGA
1011369	505	7m8	2.460	CAACGA
1011393	511	7A1	2.699	CAACGA
1011430	822	o6	1.043	ACAACG
1011523	922	7m8	2.026	ACAACG
1011608	120	o6	2.544	ACAACG
1011658	178	8m	2.304	ACAACG
1011695	152	6m	1.647	CAACGA
1011769	23	6m	1.105	CAACGA
1011856	643	6m	2.217	CAACGA
1012092	53	7A1	2.900	CAACGA
1012169	817	7m8	2.254	ACAACG
1012174	328	7A1	1.409	CAACGA
1012181	110	7A1	1.429	CAACGA
1012216	259	7A1	1.073	CAACGA
1012308	193	7m8	1.186	CAACGA
1012329	76	o6	1.328	ACAACG
1012564	87	6m	2.696	CAACGA
1012666	375	8m	3.139	ACAACG
1012755	249	7A1	1.350	CAACGA
1012763	185	o6	1.024	ACAACG
1012839	581	8m	2.449	ACAACG
1012896	364	o6	1.725	ACAACG
1013068	323	o6	1.690	ACAACG
1013193	90	6m	1.937	CAACGA
1013276	97	7m8	1.950	CAACGA
1013443	1684	6m	2.819	CAACGA
1013518	2848	7A1	2.069	CAACGA
1013541	672	7A1	1.187	CAACGA
1013573	83	8m	2.660	ACAACG
1013591	2395	6m	3.466	CAACGA
1013603	148	7A1	1.012	CAACGA
1013885	1688	6m	2.882	CAACGA
1014009	391	7A1	3.398	CAACGA
1014198	556	o6	2.372	ACAACG
1014464	300	7m8	2.694	ACAACG
1014473	1911	8m	2.863	ACAACG
1014480	1544	6m	1.894	CAACGA
1014559	84	6m	3.184	CAACGA
1014638	1460	6m	1.032	CAACGA
1014644	204	7m8	1.894	ACAACG
1014655	742	6m	2.073	CAACGA
1014884	1546	7m8	3.034	ACAACG
1014904	2257	o6	2.053	ACAACG
1014966	318	6m	1.048	CAACGA
1014988	2160	6m	2.019	CAACGA
1015015	577	7A1	2.128	CAACGA
1015041	152	6m	1.120	CAACGA
1015041	6452	6m	1.399	CAACGA
1015067	159	7m8	1.970	ACAACG
1015145	163	7m8	2.704	ACAACG
1015195	679	6m	1.207	CAACGA
1015206	62	7m8	1.629	ACAACG
1015209	403	7m8	4.136	CAACGA
1015209	463	6m	2.290	CAACGA
1015228	3795	6m	1.084	CAACGA
1015291	352	o6	2.026	ACAACG
1015333	340	7m8	1.128	ACAACG
1015394	1243	6m	1.284	CAACGA
1015426	63	7A1	2.166	CAACGA
1015435	544	6m	1.570	CAACGA
1015435	1366	7m8	1.819	ACAACG
1015504	516	7A1	1.254	CAACGA
1015725	1120	o6	1.747	ACAACG
1015774	585	7A1	2.387	CAACGA
1015774	602	7A1	1.620	CAACGA
1015789	584	6m	1.053	CAACGA
1015834	646	6m	2.426	CAACGA
1015841	133	6m	2.141	CAACGA
1015924	884	6m	2.607	CAACGA
1016011	797	8m	1.990	ACAACG
1016020	1556	6m	1.084	CAACGA
1016073	134	7A1	2.085	CAACGA
1016097	63	o6	1.654	ACAACG
1016176	2128	8m	1.737	CAACGA
1016308	103	8m	2.132	ACAACG
1016353	503	6m	1.053	CAACGA
1016368	355	7A1	1.059	CAACGA
1016373	167	6m	1.081	CAACGA
1016373	219	7A1	1.053	CAACGA
1016418	202	o6	1.941	ACAACG
1016431	100	7A1	2.202	CAACGA
1016439	614	6m	1.273	CAACGA
1016464	191	o6	1.449	ACAACG
1016571	590	7m8	2.302	ACAACG
1016571	1634	8m	2.588	ACAACG
1016574	882	o6	1.713	ACAACG
1016574	920	7A1	2.094	CAACGA
1016574	955	8m	3.594	ACAACG
1016574	1086	7m8	1.125	ACAACG
1016574	2037	7A1	2.094	CAACGA
1016574	4653	8m	2.101	ACAACG
1016589	3	7m8	1.195	ACAACG
1016604	29	6m	1.105	CAACGA
1016620	583	6m	1.053	CAACGA
1016701	340	o6	1.645	ACAACG
1016712	237	7A1	1.579	CAACGA
1016713	1175	7A1	2.922	CAACGA
1016713	2599	7A1	2.523	CAACGA
1016754	349	7m8	1.696	ACAACG
1016794	767	7A1	2.275	CAACGA
1016806	1288	6m	2.436	CAACGA
1016809	590	7m8	1.256	ACAACG
1016815	765	6m	4.496	CAACGA
1016986	756	7A1	2.596	CAACGA
1017157	62	6m	2.567	CAACGA
1017207	1214	o6	1.563	ACAACG
1017302	427	7A1	1.427	CAACGA
1017336	336	o6	2.473	ACAACG
1017384	472	7m8	2.660	ACAACG
1017433	143	6m	1.777	CAACGA
1017434	206	8m	2.863	ACAACG
1017451	291	6m	1.273	CAACGA
1017478	359	8m	1.817	CAACGA
1017485	440	7A1	1.668	CAACGA
1017496	1235	8m	2.807	ACAACG
1017524	203	7A1	1.981	CAACGA
1017614	5318	8m	2.670	ACAACG
1017614	5395	7A1	2.545	CAACGA
1017618	159	7A1	1.527	CAACGA
1017690	248	7A1	2.073	CAACGA
1017695	237	6m	2.366	CAACGA
1017695	678	7m8	1.548	ACAACG
1017775	31	6m	1.211	CAACGA
1017814	2866	6m	1.551	CAACGA
1017853	223	7A1	1.916	CAACGA
1017874	157	7A1	1.502	CAACGA
1017921	46	7A1	1.322	CAACGA
1017981	566	6m	1.868	CAACGA
1017981	1138	7m8	1.328	ACAACG
1018033	50	o6	2.660	ACAACG
1018033	56	7A1	2.660	CAACGA
1018062	1452	6m	1.105	CAACGA
1018134	3675	o6	1.241	ACAACG
1018146	39	6m	1.256	CAACGA
1018167	568	6m	1.320	CAACGA
1018243	430	8m	3.107	CAACGA
1018243	2017	7m8	1.920	ACAACG
1018262	364	6m	1.108	CAACGA
1018284	104	o6	1.529	ACAACG
1018334	377	7A1	3.522	CAACGA
1018530	2481	o6	1.322	ACAACG
1018537	297	7A1	2.372	CAACGA
1018632	3129	7m8	2.686	ACAACG
1018754	453	7A1	2.046	CAACGA
1018777	57	o6	1.349	ACAACG
1018949	20	o6	1.039	ACAACG
1018984	246	6m	1.684	CAACGA
1019037	296	6m	2.533	CAACGA
1019037	432	o6	2.169	ACAACG
1019147	754	7m8	1.606	CAACGA
1019203	63	6m	1.918	CAACGA
1019215	146	6m	2.075	CAACGA
1019237	850	8m	1.882	CAACGA
1019328	620	7A1	1.598	CAACGA
1019352	185	8m	1.434	ACAACG
1019362	301	6m	1.077	CAACGA
1019465	377	7A1	2.008	CAACGA
1019695	367	7m8	1.845	ACAACG
1019695	421	7m8	1.053	ACAACG
1019797	397	7A1	1.053	CAACGA
1019887	177	7m8	2.174	CAACGA
1019899	408	6m	1.989	CAACGA
1019928	148	6m	1.075	CAACGA
1019983	211	7A1	1.894	CAACGA
1020029	1120	7m8	2.063	ACAACG
1020166	2210	6m	2.006	CAACGA
1020219	1005	7m8	1.577	ACAACG
1020564	931	7A1	2.652	CAACGA
1020642	399	7A1	2.175	CAACGA
1020643	1	7m8	1.859	ACAACG
1020661	567	6m	1.606	CAACGA
1020787	830	o6	1.237	ACAACG
1020839	30	8m	2.467	CAACGA
1020883	420	7m8	1.563	CAACGA
1020883	432	7m8	1.077	ACAACG
1020974	102	7m8	1.402	ACAACG
1021005	93	6m	1.284	CAACGA
1021084	177	7m8	3.522	ACAACG
1021260	318	7A1	1.321	CAACGA
1021299	160	8m	1.729	ACAACG
1021357	274	6m	2.087	CAACGA
1021406	70	8m	1.321	ACAACG
1021406	92	7A1	1.158	CAACGA
1021434	1126	6m	1.012	CAACGA
1021678	61	7A1	1.961	CAACGA
1021741	152	o6	2.331	ACAACG
1021818	117	8m	1.479	CAACGA
1021899	929	o6	2.544	ACAACG
1021899	1840	6m	1.220	CAACGA
1021906	423	7m8	2.489	ACAACG
1021941	980	7A1	1.504	CAACGA
1022054	334	6m	1.040	CAACGA
1022066	919	7A1	1.535	CAACGA
1022101	746	6m	2.687	CAACGA
1022101	792	6m	3.624	CAACGA
1022129	1035	6m	3.232	CAACGA
1022180	260	o6	1.029	ACAACG
1022180	547	6m	1.132	CAACGA
1022294	117	7A1	1.808	CAACGA
1022294	130	7A1	1.507	CAACGA
1022431	112	7A1	1.047	CAACGA
1022495	2672	o6	2.019	ACAACG
1022500	232	6m	1.075	CAACGA
1022774	163	6m	2.654	CAACGA
1023004	10	8m	1.053	ACAACG
1023004	470	6m	1.053	CAACGA
1023015	22	6m	1.029	CAACGA
1023032	223	7A1	2.073	CAACGA
1023047	132	8m	1.053	CAACGA
1023057	55	7m8	3.035	ACAACG
1023062	3510	6m	2.376	CAACGA
1023085	84	7m8	1.691	CAACGA
1023085	126	7m8	1.365	ACAACG
1023097	333	6m	1.237	CAACGA
1023100	1786	6m	1.255	CAACGA
1023109	7	7m8	1.084	CAACGA
1023109	95	o6	1.405	ACAACG
1023216	322	7A1	1.345	CAACGA
1023253	448	7m8	1.958	ACAACG
1023320	296	6m	1.284	CAACGA
1023320	975	7m8	1.556	ACAACG
1023350	1082	6m	1.736	CAACGA
1023359	1	6m	1.736	CAACGA
1023390	379	7A1	1.426	CAACGA
1023443	279	6m	2.072	CAACGA
1023443	607	7m8	2.350	ACAACG
1023523	341	6m	1.200	CAACGA
1023523	383	6m	2.179	CAACGA
1023579	91	o6	1.513	ACAACG
1023594	1609	o6	1.019	ACAACG
1023599	1010	6m	1.891	CAACGA
1023602	454	7A1	1.333	CAACGA
1023678	327	7A1	1.116	CAACGA
1023706	564	7A1	2.538	CAACGA
1023717	236	7m8	2.349	ACAACG
1023775	33	6m	2.303	CAACGA
1023805	50	6m	1.861	CAACGA
1023843	212	6m	1.445	CAACGA
1023846	478	7m8	2.537	ACAACG
1023850	548	7A1	2.617	CAACGA
1023853	824	7A1	2.606	CAACGA
1023885	540	7m8	1.053	ACAACG
1023885	1092	6m	1.177	CAACGA
1023885	1315	6m	1.181	CAACGA
1023897	458	6m	1.186	CAACGA
1023897	878	o6	1.600	ACAACG
1023918	235	7A1	1.367	CAACGA
1024025	28	6m	1.015	CAACGA
1024025	2097	6m	1.031	CAACGA
1024031	1844	6m	2.256	CAACGA
1024037	145	7A1	1.514	CAACGA
1024114	161	6m	1.606	CAACGA
1024160	144	7m8	1.503	ACAACG
1024168	64	o6	1.449	ACAACG
1024172	83	7m8	2.325	CAACGA
1024217	6	6m	1.058	CAACGA
1024274	101	7A1	2.175	CAACGA
1024342	634	o6	1.891	ACAACG
1024349	818	7A1	2.343	CAACGA
1024381	3	6m	1.213	CAACGA
1024394	377	6m	2.110	CAACGA
1024448	1555	7A1	1.016	CAACGA
1024465	3863	o6	1.053	ACAACG
1024529	571	7A1	1.968	CAACGA
1024556	1252	6m	1.625	CAACGA
1024559	460	8m	2.391	ACAACG
1024619	1000	o6	1.083	ACAACG
1024639	1201	8m	2.026	CAACGA
1024648	5462	7m8	1.053	ACAACG
1024648	7270	6m	1.322	CAACGA
1024648	10659	o6	1.555	ACAACG
1024648	12581	o6	2.449	ACAACG
1024654	1509	8m	2.350	ACAACG
1024655	413	7A1	2.320	CAACGA
1024754	38	6m	2.807	CAACGA
1024757	677	7A1	1.606	CAACGA
1024763	857	6m	1.279	CAACGA
1024829	22	o6	1.022	ACAACG
1024829	4927	o6	2.516	ACAACG
1024873	32	6m	1.707	CAACGA
1024880	110	o6	1.312	ACAACG
1024895	1044	o6	1.157	ACAACG
1024904	2256	6m	2.544	CAACGA
1024916	60	6m	1.222	CAACGA
1024935	892	o6	1.804	ACAACG
1024956	980	8m	1.277	CAACGA
1024956	3831	o6	1.145	ACAACG
1024956	5287	6m	2.629	CAACGA
1025059	2868	o6	1.494	ACAACG
1025101	133	6m	2.778	CAACGA
1025101	147	6m	1.577	CAACGA
1025167	602	8m	2.522	CAACGA
1025229	2150	6m	1.219	CAACGA
1025238	7	o6	1.931	ACAACG
1025262	151	o6	1.434	ACAACG
1025275	99	6m	1.040	CAACGA
1025293	1655	7A1	2.532	CAACGA
1025293	1832	6m	1.042	CAACGA
1025308	251	6m	1.227	CAACGA
1025319	70	7A1	1.171	CAACGA
1025370	55	o6	1.850	ACAACG
1025377	345	o6	1.251	ACAACG
1025391	50	7A1	1.336	CAACGA
1025431	80	6m	1.218	CAACGA
1025475	115	7A1	1.484	CAACGA
1025533	162	7A1	2.058	CAACGA
1025642	225	o6	1.122	ACAACG
1025654	3058	o6	1.533	ACAACG
1025755	1475	o6	1.642	ACAACG
1025883	536	o6	2.592	ACAACG
1025895	48	o6	1.735	ACAACG
1025946	806	o6	1.366	ACAACG
1026165	247	6m	1.906	CAACGA
1026284	259	6m	1.859	CAACGA
1026287	387	7A1	1.015	CAACGA
1026554	772	6m	2.009	CAACGA
1026570	203	6m	1.487	CAACGA
1026620	127	7m8	1.649	CAACGA
1026633	11	6m	1.015	CAACGA
1026657	30	6m	1.245	CAACGA
1026711	471	8m	2.551	CAACGA
1026711	730	o6	2.073	ACAACG
1026711	1070	6m	1.711	CAACGA
1026711	1399	o6	1.288	ACAACG
1026726	980	8m	1.945	ACAACG
1026812	31	8m	2.552	ACAACG
1026841	4033	7A1	1.680	CAACGA
1026841	4692	7m8	2.496	ACAACG
1026853	142	7A1	2.425	CAACGA
1026877	76	o6	2.209	ACAACG
1026894	16	o6	1.565	ACAACG
1026907	190	o6	1.690	ACAACG
1026924	800	o6	1.140	ACAACG
1026950	560	7A1	1.444	CAACGA
1026965	2012	8m	2.807	CAACGA
1026981	311	8m	2.073	ACAACG
1027036	63	8m	2.296	CAACGA
1027073	274	7A1	3.269	CAACGA
1027115	105	7A1	2.387	CAACGA
1027262	55	7m8	1.567	ACAACG
1027262	76	o6	1.143	ACAACG
1027276	110	o6	2.574	ACAACG
1027276	371	6m	2.394	CAACGA
1027369	639	7A1	1.089	CAACGA
1027410	425	7A1	1.300	CAACGA
1027549	70	7A1	1.606	CAACGA
1027595	11	6m	1.279	CAACGA
1027616	192	6m	2.835	CAACGA
1027834	211	8m	1.099	ACAACG
1027900	390	7m8	3.185	ACAACG
1028011	304	7m8	2.840	ACAACG
1028023	177	8m	1.292	ACAACG
1028023	221	8m	1.736	ACAACG
1028301	560	6m	1.257	CAACGA
1028447	943	6m	1.241	CAACGA
1028447	1417	7A1	2.651	CAACGA
1028486	25	o6	1.068	ACAACG
1028512	44	7m8	2.242	ACAACG
1028526	1071	6m	2.413	CAACGA
1028578	586	6m	1.789	CAACGA
1028645	354	o6	1.054	ACAACG
1028663	161	7A1	1.228	CAACGA
1028734	2440	7m8	2.063	ACAACG
1028734	5630	8m	3.349	ACAACG
1028778	176	7A1	1.207	CAACGA
1028784	93	7A1	1.053	CAACGA
1028931	431	7A1	1.096	CAACGA
1028932	127	6m	2.092	CAACGA
1028947	840	7A1	2.107	CAACGA
1029069	1332	7A1	2.020	CAACGA
1029073	165	o6	1.672	ACAACG
1029097	897	o6	1.959	ACAACG
1029176	285	6m	2.054	CAACGA
1029179	163	o6	1.704	ACAACG
1029189	252	6m	1.255	CAACGA
1029189	2024	o6	1.060	ACAACG
1029209	864	7A1	2.409	CAACGA
1029246	1016	o6	2.073	ACAACG
1029558	900	o6	2.275	ACAACG
1029635	31	7A1	1.029	CAACGA
1029686	575	o6	1.163	ACAACG
1029749	337	6m	1.038	CAACGA
1029749	1017	o6	2.842	ACAACG
1030000	364	7m8	2.313	ACAACG
1030141	104	8m	1.015	ACAACG
1030265	487	7A1	2.847	CAACGA
1030308	593	6m	1.053	CAACGA
1030340	999	7A1	1.410	CAACGA
1030395	66	7A1	1.652	CAACGA
1030451	1493	7A1	2.007	CAACGA
1030455	84	7m8	1.152	ACAACG
1030491	176	8m	1.646	CAACGA
1030502	94	o6	1.084	ACAACG
1030566	901	o6	2.069	ACAACG
1030580	653	8m	2.049	CAACGA
1030580	678	8m	1.656	ACAACG
1030692	1128	o6	1.285	ACAACG
1030722	147	7m8	1.939	ACAACG
1030782	751	7m8	2.191	CAACGA
1030782	1027	6m	2.544	CAACGA
1030821	91	7m8	1.690	ACAACG
1030973	21	7A1	1.859	CAACGA
1031153	246	6m	1.731	CAACGA
1031224	1412	7A1	1.906	CAACGA
1031390	399	6m	2.275	CAACGA
1031390	7290	7m8	2.297	ACAACG
1031390	7385	7m8	2.648	ACAACG
1031495	231	o6	1.386	ACAACG
1031498	1270	8m	1.867	CAACGA
1031498	1567	7A1	2.412	CAACGA
1031667	281	7m8	2.768	ACAACG
1031731	149	7m8	1.053	ACAACG
1031994	1230	6m	2.402	CAACGA
1032040	192	7A1	2.306	CAACGA
1032040	226	6m	2.306	CAACGA
1032090	223	o6	1.714	ACAACG
1032265	61	6m	1.011	CAACGA
1032289	1	7A1	1.831	CAACGA
1032295	1786	7m8	1.645	ACAACG
1032310	73	8m	1.521	ACAACG
1032328	743	7A1	1.997	CAACGA
1032369	1140	8m	1.494	CAACGA
1032466	1562	8m	2.807	ACAACG
1032519	610	o6	2.500	ACAACG
1032607	1148	o6	2.350	ACAACG
1032613	274	7m8	1.614	ACAACG
1032622	4813	o6	1.940	ACAACG
1032713	825	o6	1.423	ACAACG
1032728	135	6m	2.306	CAACGA
1032802	268	6m	1.399	CAACGA
1032813	500	o6	2.622	ACAACG
1032813	551	7m8	3.005	ACAACG
1032822	338	7A1	2.766	CAACGA
1032829	861	6m	1.484	CAACGA
1032876	1022	6m	1.168	CAACGA
1032876	1501	7A1	2.130	CAACGA
1032876	1550	o6	2.262	ACAACG
1032902	1973	7A1	2.544	CAACGA
1032929	1528	6m	1.593	CAACGA
1032929	2104	6m	1.473	CAACGA
1032965	48	8m	1.652	ACAACG
1033046	465	6m	1.037	CAACGA
1033138	130	o6	1.560	ACAACG
1033141	4480	6m	2.011	CAACGA
1033141	6680	6m	2.025	CAACGA
1033193	1541	6m	1.012	CAACGA
1033196	1030	6m	2.202	CAACGA
1033205	330	6m	2.643	CAACGA
1033226	224	6m	2.317	CAACGA
1033226	786	6m	1.850	CAACGA
1033235	39	o6	2.080	ACAACG
1033322	1165	o6	1.091	ACAACG
1033409	1256	7m8	2.781	ACAACG
1033431	571	6m	2.661	CAACGA
1033452	184	7A1	1.315	CAACGA
1033517	71	7A1	1.975	CAACGA
1033535	278	6m	1.227	CAACGA
1033535	1186	6m	1.485	CAACGA
1033565	2943	7m8	1.523	ACAACG
1033565	4083	6m	1.490	CAACGA
1033571	1344	7m8	1.687	ACAACG
1033571	1795	6m	1.737	CAACGA
1033601	929	7A1	1.556	CAACGA
1033766	623	7m8	1.212	ACAACG
1033789	663	6m	1.780	CAACGA
1033795	1570	7A1	2.275	CAACGA
1033795	1729	8m	2.648	ACAACG
1033815	571	7A1	1.550	CAACGA
1033883	1197	o6	2.448	ACAACG
1033907	175	6m	1.117	CAACGA
1033987	840	o6	2.617	ACAACG
1034028	1400	7A1	2.322	CAACGA
1034097	125	8m	1.986	ACAACG
1034121	4159	8m	2.588	ACAACG
1034202	4966	8m	1.518	ACAACG
1034215	66	7m8	3.267	ACAACG
1034248	147	7A1	1.633	CAACGA
1034259	70	6m	2.194	CAACGA
1034304	2026	7A1	1.277	CAACGA
1034304	2677	7m8	2.905	ACAACG
1034311	570	8m	3.282	CAACGA
1034337	715	6m	2.008	CAACGA
1034397	2011	6m	1.073	CAACGA
1034416	120	8m	1.323	ACAACG
1034416	815	o6	1.190	ACAACG
1034461	201	o6	2.775	ACAACG
1034493	1165	o6	2.696	ACAACG
1034499	1180	6m	1.700	CAACGA
1034557	192	o6	2.144	ACAACG
1034569	7014	8m	1.073	ACAACG
1034614	602	o6	1.059	ACAACG
1034620	190	7A1	1.290	CAACGA
1034665	958	7A1	2.807	CAACGA
1034690	1648	8m	1.469	CAACGA
1034736	880	6m	1.328	CAACGA
1034739	148	o6	1.257	ACAACG
1034744	440	o6	1.009	ACAACG
1034745	200	7m8	1.283	CAACGA
1034828	639	o6	1.101	ACAACG
1034917	3109	8m	2.328	CAACGA
1034984	48	o6	2.212	ACAACG
1034984	191	o6	1.207	ACAACG
1035103	677	7A1	1.557	CAACGA
1035198	2783	6m	2.026	CAACGA
1035213	2298	7A1	4.037	CAACGA
1035356	678	o6	4.151	ACAACG
1035408	482	o6	2.733	ACAACG
1035447	0	6m	2.301	CAACGA
1035476	559	8m	1.579	CAACGA
1035506	1169	7m8	2.946	ACAACG
1035533	89	8m	1.572	ACAACG
1035536	622	6m	2.108	CAACGA
1035561	107	7A1	1.610	CAACGA
1035561	586	7m8	1.682	ACAACG
1035569	2632	8m	1.606	ACAACG
1035569	9149	7m8	1.278	ACAACG
1035569	15807	7A1	2.621	CAACGA
1035576	381	6m	2.186	CAACGA
1035582	661	6m	1.179	CAACGA
1035656	2699	7A1	2.583	CAACGA
1035720	193	7m8	2.321	ACAACG
1035758	9	7A1	3.097	CAACGA
1035768	508	8m	1.682	ACAACG
1035783	4303	o6	1.098	ACAACG
1035798	1739	6m	1.220	CAACGA
1035816	80	o6	1.224	ACAACG
1035827	220	6m	3.284	CAACGA
1035945	2780	7A1	1.036	CAACGA
1036001	141	8m	2.432	ACAACG
1036127	1768	7m8	2.207	ACAACG
1036127	4678	6m	2.316	CAACGA
1036127	5062	7m8	1.937	ACAACG
1036127	8938	7m8	3.576	ACAACG
1036127	10591	7m8	2.916	ACAACG
1036283	691	o6	1.894	ACAACG
1036283	1852	o6	2.221	ACAACG
1036313	30	o6	1.097	ACAACG
1036343	1329	o6	2.000	ACAACG
1036381	2730	7A1	3.890	CAACGA
1036518	58	6m	1.105	CAACGA
1036537	137	7A1	1.434	CAACGA
1036568	150	6m	1.363	CAACGA
1036586	637	7m8	2.776	ACAACG
1036601	1488	8m	1.560	ACAACG
1036745	78	7A1	3.267	CAACGA
1036745	657	7A1	1.906	CAACGA
1036779	186	6m	2.688	CAACGA
1036913	66	o6	1.260	ACAACG
1037051	1077	7A1	1.025	CAACGA
1037067	46	7A1	1.721	CAACGA
1037183	114	o6	2.175	ACAACG
1037207	191	7A1	2.834	CAACGA
1037219	137	7m8	1.282	CAACGA
1037297	68	6m	1.545	CAACGA
1037297	222	7A1	2.301	CAACGA
1037330	55	7A1	2.186	CAACGA
1037516	376	o6	1.162	ACAACG
1037715	190	8m	1.799	ACAACG
1037745	52	6m	1.913	CAACGA
1037753	490	7m8	1.630	ACAACG
1037835	182	o6	1.813	ACAACG
1037845	488	o6	1.939	ACAACG
1037920	1	6m	1.118	CAACGA
1037937	562	7m8	1.210	ACAACG
1038000	441	7A1	1.990	CAACGA
1038021	1148	6m	1.887	CAACGA
1038021	1709	7A1	2.286	CAACGA
1038021	1937	8m	1.704	ACAACG
1038113	99	6m	1.045	CAACGA
1038144	51	7m8	1.167	CAACGA
1038235	102	7m8	1.070	ACAACG
1038426	882	7A1	2.280	CAACGA
1038431	1386	6m	1.515	CAACGA
1038485	694	7A1	1.729	CAACGA
1038485	1804	o6	2.377	ACAACG
1038499	434	o6	1.006	ACAACG
1038511	362	7A1	2.254	CAACGA
1038529	804	6m	1.373	CAACGA
1038535	170	o6	1.869	ACAACG
1038748	448	o6	1.899	ACAACG
1038923	945	7A1	2.431	CAACGA
1038923	1004	6m	1.885	CAACGA
1038960	479	o6	1.104	ACAACG
1039202	1616	7m8	2.007	ACAACG
1039218	663	6m	2.269	CAACGA
1039244	250	8m	1.560	ACAACG
1039274	113	6m	1.377	CAACGA
1039307	39	7A1	2.770	CAACGA
1039398	244	7m8	1.309	ACAACG
1039445	929	7A1	2.405	CAACGA
1039496	900	7m8	1.526	ACAACG
1039502	4381	6m	1.889	CAACGA
1039557	1554	6m	3.058	CAACGA
1039563	3486	6m	1.598	CAACGA
1039578	5624	6m	1.508	CAACGA
1039625	496	o6	1.059	ACAACG
1039636	590	6m	1.102	CAACGA
1039694	602	o6	1.059	ACAACG
1039711	470	o6	1.536	ACAACG
1039853	405	7A1	2.109	CAACGA
1039853	8392	o6	2.933	ACAACG
1039858	102	o6	2.407	ACAACG
1039858	803	o6	2.714	ACAACG
1039949	44	o6	1.059	ACAACG
1039949	4497	6m	2.754	CAACGA
1039996	545	8m	2.017	ACAACG
1039999	117	6m	4.164	CAACGA
1039999	1071	7A1	3.953	CAACGA
1040004	1284	7A1	1.065	CAACGA
1040016	965	6m	1.164	CAACGA
1040016	2256	6m	1.315	CAACGA
1040019	725	6m	1.831	CAACGA
1040040	196	7m8	1.467	ACAACG
1040058	207	8m	1.596	ACAACG
1040070	167	8m	2.010	ACAACG
1040070	2819	8m	3.398	ACAACG
1040123	5	6m	1.265	CAACGA
1040136	1596	o6	1.047	ACAACG
1040165	3672	7m8	1.073	ACAACG
1040237	2167	7A1	1.991	CAACGA
1040283	729	8m	2.433	CAACGA
1040283	2117	7A1	1.979	CAACGA
1040283	2605	o6	1.563	ACAACG
1040283	4452	7m8	1.224	CAACGA
1040304	2232	6m	1.692	CAACGA
1040352	2890	7A1	1.949	CAACGA
1040360	29	7m8	1.292	CAACGA
1040360	408	6m	1.050	CAACGA
1040366	436	6m	1.262	CAACGA
1040404	36	o6	1.747	ACAACG
1040411	1611	7A1	2.142	CAACGA
1040417	1629	7A1	2.480	CAACGA
1040429	1292	7A1	1.451	CAACGA
1040434	2097	o6	3.372	ACAACG
1040444	312	6m	1.331	CAACGA
1040444	470	8m	2.073	ACAACG
1040479	1220	o6	2.935	ACAACG
1040483	941	8m	1.409	CAACGA
1040486	2419	8m	2.686	ACAACG
1040584	51	o6	1.786	ACAACG
1040590	3647	8m	2.173	ACAACG
1040623	2524	o6	2.552	ACAACG
1040632	384	o6	1.749	ACAACG
1040662	287	6m	1.479	CAACGA
