1000021	17	o6	1.829	GACAAT
1000021	1359	6m	1.316	ACAATA
1000021	1583	6m	2.807	ACAATA
1000051	49	6m	1.140	ACAATA
1000054	95	o6	1.413	GACAAT
1000066	3061	7A1	2.015	ACAATA
1000093	115	6m	2.024	ACAATA
1000113	168	o6	1.638	GACAAT
1000129	554	7A1	1.590	ACAATA
1000146	885	7A1	2.035	ACAATA
1000155	486	8m	2.600	GACAAT
1000195	694	7A1	1.560	ACAATA
1000195	806	6m	2.447	ACAATA
1000209	417	7A1	2.683	ACAATA
1000219	877	6m	2.473	ACAATA
1000224	157	7m8	2.073	GACAAT
1000227	380	o6	2.259	GACAAT
1000264	357	7A1	3.232	ACAATA
1000269	133	7A1	1.053	ACAATA
1000281	415	6m	2.843	ACAATA
1000281	828	7A1	2.025	ACAATA
1000306	359	8m	2.091	ACAATA
1000306	393	8m	1.886	GACAAT
1000311	74	7A1	1.624	ACAATA
1000321	481	6m	1.116	ACAATA
1000327	723	6m	1.079	ACAATA
1000332	101	7A1	1.514	ACAATA
1000345	29	o6	2.269	GACAAT
1000380	80	7m8	1.989	GACAAT
1000407	498	7A1	2.028	ACAATA
1000421	488	8m	2.807	GACAAT
1000442	72	6m	1.623	ACAATA
1000443	1337	7A1	2.390	ACAATA
1000443	1387	6m	2.390	ACAATA
1000443	2998	o6	1.443	GACAAT
1000446	75	7A1	1.347	ACAATA
1000472	571	6m	2.054	ACAATA
1000478	1001	o6	3.034	GACAAT
1000478	1009	7A1	1.540	ACAATA
1000493	2122	6m	1.931	ACAATA
1000493	2141	6m	1.737	ACAATA
1000493	2148	6m	1.737	ACAATA
1000493	3711	7A1	1.058	ACAATA
1000493	6488	7A1	1.275	ACAATA
1000494	485	6m	1.002	ACAATA
1000545	678	7A1	1.279	ACAATA
1000545	888	6m	2.201	ACAATA
1000545	929	7A1	1.921	ACAATA
1000557	49	7A1	1.051	ACAATA
1000562	415	8m	1.747	GACAAT
1000580	2208	7A1	1.681	ACAATA
1000631	909	o6	1.818	GACAAT
1000634	131	6m	2.321	ACAATA
1000665	249	o6	1.328	GACAAT
1000676	11	6m	1.040	ACAATA
1000697	76	6m	1.672	ACAATA
1000706	1277	6m	2.415	ACAATA
1000706	1289	7A1	2.660	ACAATA
1000764	105	o6	1.006	GACAAT
1000829	623	6m	1.034	ACAATA
1000829	951	o6	2.503	GACAAT
1000829	1689	6m	1.316	ACAATA
1000856	24	o6	1.523	GACAAT
1000869	110	o6	1.053	GACAAT
1000875	776	6m	2.031	ACAATA
1000880	663	7m8	2.863	GACAAT
1000920	979	6m	1.461	ACAATA
1000956	582	8m	2.712	GACAAT
1000962	104	6m	2.851	ACAATA
1000968	221	6m	1.853	ACAATA
1000968	2572	6m	2.994	ACAATA
1000968	2588	7A1	2.403	ACAATA
1000968	2612	6m	2.403	ACAATA
1001030	339	6m	2.262	ACAATA
1001030	934	6m	2.025	ACAATA
1001030	1093	6m	1.606	ACAATA
1001030	2300	6m	1.163	ACAATA
1001061	706	7A1	1.995	ACAATA
1001083	880	o6	2.781	GACAAT
1001099	291	6m	2.122	ACAATA
1001099	334	7m8	2.528	GACAAT
1001125	329	7A1	1.606	ACAATA
1001148	533	7A1	2.943	ACAATA
1001151	14	7A1	1.652	ACAATA
1001217	592	7A1	1.633	ACAATA
1001244	836	7A1	3.214	ACAATA
1001249	881	8m	2.065	GACAAT
1001291	289	7A1	2.095	ACAATA
1001301	117	o6	2.003	GACAAT
1001306	58	7A1	1.687	ACAATA
1001346	78	7A1	2.262	ACAATA
1001354	273	o6	2.220	GACAAT
1001363	10	7A1	1.227	ACAATA
1001366	789	6m	1.506	ACAATA
1001373	1150	6m	1.693	ACAATA
1001373	1411	7A1	2.039	ACAATA
1001385	48	7A1	1.813	ACAATA
1001408	307	7A1	2.544	ACAATA
1001423	445	6m	1.004	ACAATA
1001423	525	6m	1.079	ACAATA
1001440	2627	8m	1.887	ACAATA
1001440	2656	8m	2.073	GACAAT
1001478	509	6m	2.490	ACAATA
1001533	4273	6m	1.112	ACAATA
1001533	4335	7A1	2.459	ACAATA
1001533	5931	6m	2.617	ACAATA
1001533	5949	7A1	2.159	ACAATA
1001545	37	o6	1.299	GACAAT
1001574	495	7A1	1.606	ACAATA
1001574	564	o6	1.321	GACAAT
1001578	266	8m	2.206	GACAAT
1001584	468	o6	3.657	GACAAT
1001601	227	7A1	1.882	ACAATA
1001601	3017	7A1	2.344	ACAATA
1001620	211	7A1	1.845	ACAATA
1001620	1238	o6	2.206	GACAAT
1001634	124	7A1	1.910	ACAATA
1001661	569	6m	2.522	ACAATA
1001683	299	7A1	2.360	ACAATA
1001683	375	o6	1.533	GACAAT
1001753	205	6m	1.472	ACAATA
1001774	35	8m	2.445	GACAAT
1001817	3360	7A1	3.000	ACAATA
1001861	326	7A1	1.085	ACAATA
1001891	554	o6	1.499	GACAAT
1001937	820	o6	3.263	GACAAT
1001937	891	6m	2.468	ACAATA
1001937	1926	7A1	3.271	ACAATA
1001937	2129	o6	1.679	GACAAT
1001937	3466	6m	1.760	ACAATA
1001948	264	o6	2.391	GACAAT
1001949	902	7A1	4.166	ACAATA
1001966	769	6m	1.333	ACAATA
1001966	1000	6m	1.432	ACAATA
1001982	40	6m	2.793	ACAATA
1002054	376	6m	1.661	ACAATA
1002080	825	7A1	2.313	ACAATA
1002155	867	6m	1.851	ACAATA
1002155	942	6m	1.282	ACAATA
1002167	56	6m	1.065	ACAATA
1002176	1692	7m8	2.544	GACAAT
1002176	2001	8m	2.544	GACAAT
1002182	525	6m	2.350	ACAATA
1002182	1893	o6	2.635	GACAAT
1002293	45	6m	2.246	ACAATA
1002293	372	7A1	1.284	ACAATA
1002305	70	7A1	1.285	ACAATA
1002404	1091	7A1	1.053	ACAATA
1002481	1750	6m	1.749	ACAATA
1002518	52	7m8	1.072	ACAATA
1002527	1662	7A1	2.076	ACAATA
1002589	84	7A1	1.200	ACAATA
1002602	129	o6	2.412	GACAAT
1002641	346	7A1	1.285	ACAATA
1002703	503	6m	1.632	ACAATA
1002734	911	6m	1.254	ACAATA
1002752	68	o6	1.606	GACAAT
1002767	436	6m	2.799	ACAATA
1002784	100	6m	2.265	ACAATA
1002797	414	6m	3.929	ACAATA
1002860	251	7m8	1.093	ACAATA
1002878	386	7m8	2.635	GACAAT
1002898	59	6m	2.422	ACAATA
1002982	40	o6	2.049	GACAAT
1003008	231	7A1	1.193	ACAATA
1003087	261	8m	2.304	GACAAT
1003104	56	6m	1.298	ACAATA
1003122	1325	6m	1.441	ACAATA
1003122	1694	6m	2.149	ACAATA
1003212	239	6m	1.778	ACAATA
1003226	272	o6	1.972	GACAAT
1003349	222	6m	2.078	ACAATA
1003379	1123	7A1	1.762	ACAATA
1003417	245	8m	2.515	GACAAT
1003417	636	8m	2.017	GACAAT
1003424	790	6m	2.377	ACAATA
1003444	105	6m	1.073	ACAATA
1003570	474	o6	2.446	GACAAT
1003570	785	7A1	1.295	ACAATA
1003579	462	o6	2.397	GACAAT
1003631	530	7A1	1.241	ACAATA
1003631	3234	7A1	1.120	ACAATA
1003776	756	7A1	1.535	ACAATA
1003873	550	o6	3.960	GACAAT
1003911	92	o6	1.139	GACAAT
1003930	1383	7A1	2.143	ACAATA
1003945	1564	7A1	1.517	ACAATA
1003951	278	o6	1.349	GACAAT
1003975	228	7A1	1.284	ACAATA
1003992	238	8m	3.508	GACAAT
1003999	741	7A1	3.444	ACAATA
1004035	877	7A1	1.317	ACAATA
1004131	39	6m	1.164	ACAATA
1004131	54	7A1	1.560	ACAATA
1004238	198	7A1	1.414	ACAATA
1004265	38	6m	1.103	ACAATA
1004281	119	7A1	2.026	ACAATA
1004358	322	7A1	2.073	ACAATA
1004407	325	o6	1.733	GACAAT
1004446	967	7A1	2.133	ACAATA
1004446	1223	7A1	1.887	ACAATA
1004463	696	o6	1.606	GACAAT
1004463	1144	7A1	1.078	ACAATA
1004463	2026	7m8	1.024	GACAAT
1004502	510	o6	1.251	GACAAT
1004503	1259	6m	1.716	ACAATA
1004503	1305	6m	2.433	ACAATA
1004538	186	6m	1.010	ACAATA
1004545	71	8m	1.690	ACAATA
1004573	1311	6m	5.215	ACAATA
1004573	1343	6m	2.648	ACAATA
1004613	58	o6	2.240	GACAAT
1004613	227	7A1	1.837	ACAATA
1004619	299	7A1	2.544	ACAATA
1004619	309	7m8	2.544	ACAATA
1004688	702	6m	1.321	ACAATA
1004693	264	7A1	3.046	ACAATA
1004738	93	8m	1.074	ACAATA
1004849	277	7A1	2.548	ACAATA
1004898	661	7A1	1.799	ACAATA
1004898	1697	7A1	2.834	ACAATA
1005000	238	o6	2.242	GACAAT
1005000	457	6m	2.702	ACAATA
1005020	530	7A1	1.251	ACAATA
1005049	345	6m	3.161	ACAATA
1005130	269	o6	1.007	GACAAT
1005186	41	7A1	1.005	ACAATA
1005253	1647	8m	3.633	GACAAT
1005329	226	7A1	1.565	ACAATA
1005343	385	8m	3.190	ACAATA
1005349	1393	6m	1.680	ACAATA
1005349	4171	6m	1.606	ACAATA
1005352	1340	o6	2.464	GACAAT
1005352	2789	o6	2.621	GACAAT
1005374	56	o6	2.533	GACAAT
1005443	541	7A1	1.032	ACAATA
1005449	317	o6	2.369	GACAAT
1005470	243	7A1	1.038	ACAATA
1005474	684	7A1	2.794	ACAATA
1005474	1235	7A1	2.253	ACAATA
1005507	272	o6	2.342	GACAAT
1005565	269	6m	1.808	ACAATA
1005565	379	7A1	1.697	ACAATA
1005595	121	7A1	1.931	ACAATA
1005595	222	7A1	2.255	ACAATA
1005595	1534	7A1	2.015	ACAATA
1005646	3970	6m	1.434	ACAATA
1005646	4102	7A1	2.015	ACAATA
1005646	5302	7A1	2.969	ACAATA
1005646	5477	7A1	1.952	ACAATA
1005677	622	6m	1.478	ACAATA
1005683	246	6m	1.824	ACAATA
1005694	1	6m	2.377	ACAATA
1005931	72	7A1	1.120	ACAATA
1006018	61	7A1	1.500	ACAATA
1006032	316	6m	1.945	ACAATA
1006107	9	6m	1.366	ACAATA
1006107	811	7m8	2.544	GACAAT
1006158	1021	7A1	1.711	ACAATA
1006166	646	8m	2.388	GACAAT
1006173	314	6m	1.248	ACAATA
1006408	18	8m	1.061	ACAATA
1006548	712	6m	2.060	ACAATA
1006548	810	6m	1.152	ACAATA
1006608	13	o6	1.285	GACAAT
1006632	292	o6	1.925	GACAAT
1006698	435	6m	1.811	ACAATA
1006704	210	6m	1.284	ACAATA
1006707	208	6m	2.807	ACAATA
1006707	1446	o6	1.529	GACAAT
1006714	155	7A1	1.232	ACAATA
1006719	1554	6m	1.125	ACAATA
1006726	1485	6m	1.872	ACAATA
1006731	587	6m	1.018	ACAATA
1006814	910	6m	2.889	ACAATA
1006829	424	7A1	1.606	ACAATA
1006865	54	7A1	1.394	ACAATA
1006934	235	6m	1.322	ACAATA
1006940	3137	7A1	1.517	ACAATA
1007127	256	7A1	2.236	ACAATA
1007148	58	7m8	2.807	GACAAT
1007148	301	6m	1.304	ACAATA
1007148	729	6m	2.755	ACAATA
1007212	28	o6	2.255	GACAAT
1007213	91	6m	1.412	ACAATA
1007231	291	o6	2.807	GACAAT
1007252	311	7A1	1.267	ACAATA
1007283	518	o6	2.063	GACAAT
1007296	1260	o6	2.606	GACAAT
1007314	1230	6m	1.076	ACAATA
1007385	342	7A1	1.674	ACAATA
1007385	494	7A1	1.603	ACAATA
1007448	615	o6	1.105	GACAAT
1007484	12	8m	3.082	GACAAT
1007494	204	7A1	1.989	ACAATA
1007502	913	7A1	1.629	ACAATA
1007521	2318	6m	2.718	ACAATA
1007530	509	7A1	2.915	ACAATA
1007568	376	7A1	1.011	ACAATA
1007584	139	6m	1.322	ACAATA
1007584	1647	7A1	2.206	ACAATA
1007637	645	7A1	1.790	ACAATA
1007663	570	7A1	2.433	ACAATA
1007673	254	7A1	3.192	ACAATA
1007731	3288	7A1	1.457	ACAATA
1007737	471	7A1	2.026	ACAATA
1007759	136	7A1	1.292	ACAATA
1007807	661	8m	1.373	GACAAT
1007812	1589	6m	2.138	ACAATA
1007812	1829	7m8	1.902	GACAAT
1007812	4529	o6	3.687	GACAAT
1007840	2112	7A1	2.636	ACAATA
1007861	285	6m	1.816	ACAATA
1007875	1899	o6	1.517	GACAAT
1007875	3150	6m	1.510	ACAATA
1007878	1146	7A1	2.017	ACAATA
1007897	143	7A1	1.637	ACAATA
1007897	808	6m	1.316	ACAATA
1007897	2071	6m	1.053	ACAATA
1007897	3859	7A1	1.980	ACAATA
1007903	2103	6m	1.843	ACAATA
1007908	123	6m	1.448	ACAATA
1007920	1484	7A1	1.245	ACAATA
1007923	1336	7A1	1.284	ACAATA
1007923	2071	6m	1.120	ACAATA
1007932	2057	6m	1.284	ACAATA
1007932	2069	7A1	2.433	ACAATA
1007950	2637	o6	1.279	GACAAT
1007956	323	7m8	1.952	GACAAT
1007965	157	7A1	1.333	ACAATA
1007980	2407	7m8	2.801	ACAATA
1007993	1167	6m	1.053	ACAATA
1008004	216	6m	1.820	ACAATA
1008036	1433	6m	1.284	ACAATA
1008036	1922	6m	2.154	ACAATA
1008045	249	6m	1.036	ACAATA
1008072	588	7A1	1.400	ACAATA
1008090	274	7A1	1.147	ACAATA
1008090	495	7A1	2.131	ACAATA
1008093	979	o6	2.723	GACAAT
1008105	614	7A1	1.058	ACAATA
1008126	1048	7A1	2.537	ACAATA
1008145	872	7m8	2.350	GACAAT
1008145	9892	7A1	1.908	ACAATA
1008145	9992	7A1	2.350	ACAATA
1008151	398	7A1	1.606	ACAATA
1008151	1209	6m	1.688	ACAATA
1008183	812	7A1	1.640	ACAATA
1008204	165	7A1	1.517	ACAATA
1008216	439	6m	1.038	ACAATA
1008240	640	7A1	1.625	ACAATA
1008256	248	8m	1.345	GACAAT
1008259	777	o6	1.434	GACAAT
1008259	1619	7A1	1.567	ACAATA
1008285	440	o6	2.371	GACAAT
1008286	1100	8m	2.025	GACAAT
1008307	685	6m	1.245	ACAATA
1008307	1495	6m	2.272	ACAATA
1008307	1998	7A1	2.187	ACAATA
1008312	547	6m	1.156	ACAATA
1008318	35	6m	1.012	ACAATA
1008328	88	o6	1.205	GACAAT
1008406	363	8m	3.625	GACAAT
1008409	1332	o6	1.306	GACAAT
1008421	588	7A1	1.784	ACAATA
1008465	48	8m	2.349	GACAAT
1008465	296	6m	1.584	ACAATA
1008465	343	7A1	1.577	ACAATA
1008468	85	6m	1.251	ACAATA
1008468	92	6m	1.208	ACAATA
1008472	282	7A1	2.147	ACAATA
1008498	355	o6	1.103	GACAAT
1008521	728	o6	2.525	GACAAT
1008521	1203	7A1	2.984	ACAATA
1008572	772	7A1	1.606	ACAATA
1008573	361	7A1	1.765	ACAATA
1008573	537	7A1	2.661	ACAATA
1008584	39	7A1	1.162	ACAATA
1008593	1296	7A1	1.269	ACAATA
1008615	194	o6	1.560	GACAAT
1008650	94	7A1	1.284	ACAATA
1008707	1247	7A1	1.641	ACAATA
1008720	411	7A1	2.563	ACAATA
1008749	1084	7A1	1.078	ACAATA
1008831	522	7A1	2.807	ACAATA
1008846	650	6m	1.825	ACAATA
1008855	233	7m8	2.449	GACAAT
1008881	697	7A1	2.637	ACAATA
1008885	43	7A1	2.101	ACAATA
1008890	874	7A1	2.801	ACAATA
1008903	2083	7A1	1.084	ACAATA
1008933	574	o6	1.563	GACAAT
1008933	859	6m	2.333	ACAATA
1008981	689	7A1	2.255	ACAATA
1008981	1205	7A1	2.043	ACAATA
1008995	899	7A1	1.681	ACAATA
1008995	1822	7A1	2.206	ACAATA
1009013	305	7A1	1.647	ACAATA
1009037	2222	6m	2.124	ACAATA
1009037	3240	7A1	3.461	ACAATA
1009043	591	o6	2.494	GACAAT
1009043	931	7A1	2.886	ACAATA
1009043	973	6m	1.292	ACAATA
1009068	745	7A1	2.416	ACAATA
1009068	758	7A1	1.321	ACAATA
1009090	22	7A1	2.200	ACAATA
1009173	27	7A1	1.556	ACAATA
1009183	227	7A1	1.039	ACAATA
1009280	334	6m	2.085	ACAATA
1009289	446	o6	1.907	GACAAT
1009328	341	o6	3.026	GACAAT
1009349	506	o6	1.695	GACAAT
1009369	250	6m	2.683	ACAATA
1009369	592	6m	2.384	ACAATA
1009369	1049	7A1	1.690	ACAATA
1009369	3200	7A1	2.852	ACAATA
1009408	130	8m	3.763	GACAAT
1009434	214	o6	3.475	GACAAT
1009475	1092	8m	2.606	GACAAT
1009479	514	6m	1.737	ACAATA
1009647	338	7m8	2.588	ACAATA
1009665	425	7A1	1.027	ACAATA
1009751	92	o6	2.151	GACAAT
1009759	522	o6	1.251	GACAAT
1009781	1337	6m	1.441	ACAATA
1009808	291	6m	1.718	ACAATA
1009834	786	8m	1.444	GACAAT
1009834	803	7A1	2.255	ACAATA
1009834	1919	7m8	1.606	GACAAT
1009834	2804	7A1	1.197	ACAATA
1009834	2820	8m	2.502	GACAAT
1009834	2984	8m	1.606	GACAAT
1009834	3014	8m	2.606	ACAATA
1009838	78	6m	2.007	ACAATA
1009873	650	o6	2.460	GACAAT
1009891	477	6m	1.724	ACAATA
1009942	179	7A1	1.186	ACAATA
1009948	1074	7A1	1.518	ACAATA
1009960	403	6m	1.852	ACAATA
1010202	233	o6	1.591	GACAAT
1010205	355	o6	1.342	GACAAT
1010229	203	7m8	3.032	GACAAT
1010232	1560	7A1	1.391	ACAATA
1010237	1209	7A1	2.854	ACAATA
1010238	1187	7A1	1.391	ACAATA
1010274	190	6m	1.622	ACAATA
1010287	432	7A1	2.728	ACAATA
1010332	570	6m	2.813	ACAATA
1010332	738	7A1	1.059	ACAATA
1010347	101	6m	1.043	ACAATA
1010385	847	7A1	2.255	ACAATA
1010401	340	o6	1.007	GACAAT
1010401	2379	7A1	1.322	ACAATA
1010401	3321	7A1	1.637	ACAATA
1010401	3986	6m	1.316	ACAATA
1010401	5249	6m	1.053	ACAATA
1010412	349	8m	4.066	GACAAT
1010424	42	8m	1.053	ACAATA
1010465	668	o6	1.140	GACAAT
1010465	953	7A1	2.243	ACAATA
1010465	1039	6m	2.660	ACAATA
1010511	562	7m8	2.073	GACAAT
1010553	504	6m	1.910	ACAATA
1010596	134	o6	1.311	GACAAT
1010645	425	7A1	1.562	ACAATA
1010646	495	7A1	1.002	ACAATA
1010646	1421	7A1	2.834	ACAATA
1010646	2020	7A1	1.629	ACAATA
1010649	612	6m	1.394	ACAATA
1010649	1311	7A1	1.806	ACAATA
1010652	1214	7A1	1.606	ACAATA
1010670	637	8m	2.409	GACAAT
1010704	126	6m	1.986	ACAATA
1010712	257	o6	2.679	GACAAT
1010754	169	6m	1.235	ACAATA
1010818	117	o6	1.235	GACAAT
1010827	256	7A1	1.925	ACAATA
1010840	46	7A1	1.510	ACAATA
1010934	213	7A1	1.282	ACAATA
1010974	1031	o6	2.821	GACAAT
1010974	1223	7A1	1.812	ACAATA
1011068	513	o6	1.940	GACAAT
1011117	151	7A1	1.606	ACAATA
1011117	809	7A1	1.768	ACAATA
1011117	1031	6m	1.159	ACAATA
1011186	158	7A1	2.356	ACAATA
1011194	1026	7A1	2.427	ACAATA
1011277	1711	6m	1.479	ACAATA
1011333	546	o6	1.150	GACAAT
1011363	25	7A1	1.164	ACAATA
1011425	77	8m	1.781	GACAAT
1011430	1698	6m	1.729	ACAATA
1011445	85	7A1	2.300	ACAATA
1011449	33	6m	2.690	ACAATA
1011491	51	7A1	2.973	ACAATA
1011491	872	6m	1.703	ACAATA
1011523	945	7A1	1.560	ACAATA
1011524	601	6m	2.213	ACAATA
1011679	0	o6	1.045	GACAAT
1011710	293	6m	1.523	ACAATA
1011739	339	6m	1.010	ACAATA
1011742	1511	o6	2.037	GACAAT
1011790	15	o6	1.260	GACAAT
1011790	123	7A1	1.322	ACAATA
1011847	252	o6	1.122	GACAAT
1011847	356	7A1	2.756	ACAATA
1011932	609	6m	2.552	ACAATA
1011932	752	7A1	2.489	ACAATA
1011944	1090	7A1	2.073	ACAATA
1012032	266	6m	1.512	ACAATA
1012042	153	6m	1.753	ACAATA
1012132	160	8m	1.979	ACAATA
1012133	119	6m	1.378	ACAATA
1012169	138	o6	2.254	GACAAT
1012169	186	7A1	2.254	ACAATA
1012169	793	6m	2.254	ACAATA
1012174	545	o6	1.184	GACAAT
1012189	46	7A1	1.178	ACAATA
1012196	118	7A1	1.240	ACAATA
1012213	29	6m	1.447	ACAATA
1012262	1094	6m	2.460	ACAATA
1012308	331	8m	1.907	GACAAT
1012308	680	7A1	2.354	ACAATA
1012398	524	6m	1.606	ACAATA
1012406	77	6m	2.469	ACAATA
1012413	338	6m	2.735	ACAATA
1012413	463	7A1	2.253	ACAATA
1012479	495	7A1	1.681	ACAATA
1012479	1425	6m	1.485	ACAATA
1012491	729	7A1	1.076	ACAATA
1012533	273	8m	1.201	ACAATA
1012588	119	o6	1.423	GACAAT
1012754	911	6m	2.658	ACAATA
1012755	260	6m	2.734	ACAATA
1012776	548	6m	1.510	ACAATA
1012776	663	7A1	1.278	ACAATA
1012776	1265	7A1	1.278	ACAATA
1012830	1662	7m8	1.104	GACAAT
1012833	607	7m8	1.553	GACAAT
1012839	624	o6	1.606	GACAAT
1012839	763	6m	2.321	ACAATA
1012878	503	6m	1.405	ACAATA
1012878	614	6m	1.606	ACAATA
1012878	925	7A1	2.692	ACAATA
1012882	99	6m	1.207	ACAATA
1012912	994	7A1	1.740	ACAATA
1012977	160	o6	1.632	GACAAT
1012983	2	7A1	1.147	ACAATA
1013035	125	7A1	1.456	ACAATA
1013068	278	6m	1.979	ACAATA
1013068	874	8m	2.073	GACAAT
1013108	923	7A1	3.519	ACAATA
1013108	2071	7A1	1.256	ACAATA
1013108	2488	6m	1.188	ACAATA
1013114	252	7A1	1.563	ACAATA
1013162	84	7A1	1.190	ACAATA
1013177	99	7A1	2.984	ACAATA
1013183	77	o6	2.854	GACAAT
1013241	290	o6	1.555	GACAAT
1013270	59	8m	2.046	ACAATA
1013271	296	7A1	4.478	ACAATA
1013271	324	6m	1.962	ACAATA
1013312	62	6m	2.533	ACAATA
1013333	79	7A1	1.724	ACAATA
1013349	27	6m	1.119	ACAATA
1013413	79	o6	3.649	GACAAT
1013443	1678	o6	3.232	GACAAT
1013461	5	7m8	2.187	GACAAT
1013461	434	8m	1.322	GACAAT
1013461	519	8m	2.409	GACAAT
1013461	589	8m	1.687	ACAATA
1013461	606	8m	1.042	GACAAT
1013518	655	6m	2.694	ACAATA
1013518	2833	7A1	2.069	ACAATA
1013518	2943	7A1	1.623	ACAATA
1013529	333	7A1	1.745	ACAATA
1013541	1540	7A1	2.073	ACAATA
1013573	669	7A1	2.321	ACAATA
1013591	1997	6m	1.397	ACAATA
1013634	105	7A1	1.673	ACAATA
1013643	500	6m	1.416	ACAATA
1013643	1151	7A1	1.743	ACAATA
1013648	222	o6	1.183	GACAAT
1013676	1219	o6	1.328	GACAAT
1013682	260	6m	1.031	ACAATA
1013687	489	6m	1.220	ACAATA
1013745	6	7A1	1.314	ACAATA
1013782	205	7A1	2.220	ACAATA
1013820	299	7A1	2.118	ACAATA
1013866	84	7m8	2.926	GACAAT
1013866	133	7A1	2.003	ACAATA
1013893	185	7A1	1.349	ACAATA
1013988	2228	o6	2.854	GACAAT
1014014	400	6m	1.434	ACAATA
1014143	161	7m8	2.013	GACAAT
1014146	266	8m	1.482	GACAAT
1014177	50	6m	1.321	ACAATA
1014235	194	6m	1.040	ACAATA
1014294	596	8m	2.025	GACAAT
1014295	1674	7A1	1.321	ACAATA
1014358	1370	6m	1.623	ACAATA
1014367	54	6m	2.228	ACAATA
1014403	678	7A1	3.649	ACAATA
1014418	2677	7A1	1.473	ACAATA
1014418	2707	6m	1.468	ACAATA
1014418	3045	6m	1.774	ACAATA
1014448	131	7A1	2.807	ACAATA
1014464	1417	7A1	2.847	ACAATA
1014486	531	7A1	1.323	ACAATA
1014559	1590	7A1	3.082	ACAATA
1014588	1162	6m	1.284	ACAATA
1014588	2564	7A1	2.660	ACAATA
1014588	2966	7A1	2.807	ACAATA
1014655	181	7A1	2.155	ACAATA
1014655	1701	o6	2.620	GACAAT
1014655	1838	o6	1.326	GACAAT
1014689	44	6m	1.063	ACAATA
1014698	12	7A1	1.213	ACAATA
1014788	172	7A1	1.563	ACAATA
1014813	387	o6	1.584	GACAAT
1014859	949	6m	1.526	ACAATA
1014864	96	7A1	1.544	ACAATA
1014864	1045	7m8	2.614	GACAAT
1014869	731	6m	1.060	ACAATA
1014877	1422	6m	1.095	ACAATA
1014884	1663	6m	1.345	ACAATA
1014884	2214	6m	1.195	ACAATA
1014884	2344	o6	3.034	GACAAT
1014892	1000	7A1	2.781	ACAATA
1014898	489	6m	2.660	ACAATA
1014898	1627	o6	3.034	GACAAT
1014899	220	7A1	1.584	ACAATA
1014978	277	7A1	2.350	ACAATA
1014988	1740	7A1	1.537	ACAATA
1015038	250	6m	1.690	ACAATA
1015041	142	6m	1.103	ACAATA
1015041	490	7A1	1.026	ACAATA
1015041	5636	o6	2.409	GACAAT
1015073	182	6m	1.209	ACAATA
1015073	1527	6m	1.220	ACAATA
1015073	1889	6m	2.265	ACAATA
1015085	1104	7A1	2.544	ACAATA
1015091	883	6m	1.261	ACAATA
1015091	2344	7m8	1.747	GACAAT
1015131	129	o6	1.413	GACAAT
1015145	214	6m	1.606	ACAATA
1015145	1997	6m	1.606	ACAATA
1015145	2573	o6	1.207	GACAAT
1015180	22	8m	1.284	GACAAT
1015228	1937	7m8	2.630	ACAATA
1015228	2555	6m	3.631	ACAATA
1015259	704	7A1	3.034	ACAATA
1015267	346	7A1	1.278	ACAATA
1015295	35	6m	1.017	ACAATA
1015333	465	7A1	1.690	ACAATA
1015348	675	7A1	2.341	ACAATA
1015375	271	7m8	2.107	GACAAT
1015375	875	7A1	2.107	ACAATA
1015375	1020	7m8	1.152	GACAAT
1015381	514	6m	1.562	ACAATA
1015385	270	8m	3.438	GACAAT
1015394	1546	7A1	2.262	ACAATA
1015397	255	o6	1.512	GACAAT
1015405	148	7A1	2.537	ACAATA
1015418	309	7A1	2.435	ACAATA
1015421	201	6m	1.322	ACAATA
1015426	233	7A1	1.293	ACAATA
1015474	91	8m	1.560	GACAAT
1015480	799	6m	1.084	ACAATA
1015480	1385	8m	2.807	GACAAT
1015493	472	7A1	1.558	ACAATA
1015493	914	7A1	2.098	ACAATA
1015526	1920	6m	1.516	ACAATA
1015545	35	7A1	1.146	ACAATA
1015551	275	6m	1.328	ACAATA
1015552	1182	6m	1.252	ACAATA
1015555	595	6m	1.593	ACAATA
1015555	1051	6m	1.103	ACAATA
1015555	1649	6m	1.030	ACAATA
1015555	2734	o6	2.427	GACAAT
1015555	2777	7A1	1.028	ACAATA
1015555	2797	6m	1.077	ACAATA
1015572	565	7A1	3.649	ACAATA
1015572	579	6m	3.649	ACAATA
1015656	58	7m8	1.040	ACAATA
1015670	31	7A1	2.099	ACAATA
1015676	1797	7A1	1.285	ACAATA
1015676	1974	6m	2.017	ACAATA
1015685	111	o6	2.734	GACAAT
1015690	403	o6	1.453	GACAAT
1015696	625	6m	2.178	ACAATA
1015706	654	6m	2.933	ACAATA
1015709	137	8m	2.025	GACAAT
1015725	1296	o6	1.053	GACAAT
1015746	173	7A1	1.541	ACAATA
1015774	591	7A1	2.538	ACAATA
1015778	863	o6	2.390	GACAAT
1015789	176	7m8	2.889	GACAAT
1015789	1723	o6	2.350	GACAAT
1015789	1985	7A1	1.931	ACAATA
1015810	768	6m	1.054	ACAATA
1015834	86	o6	2.466	GACAAT
1015835	332	7A1	1.161	ACAATA
1015840	74	6m	3.094	ACAATA
1015840	1167	7A1	2.196	ACAATA
1015870	809	7A1	2.531	ACAATA
1015870	1082	6m	2.130	ACAATA
1015870	1241	7A1	2.293	ACAATA
1015870	1472	6m	2.207	ACAATA
1015891	401	7m8	1.860	GACAAT
1015895	182	7m8	3.983	ACAATA
1015903	1817	7A1	1.322	ACAATA
1015919	547	7A1	2.544	ACAATA
1015928	116	7A1	1.981	ACAATA
1015936	931	6m	2.255	ACAATA
1015940	579	o6	1.976	GACAAT
1015946	115	7A1	1.886	ACAATA
1015963	35	7A1	1.177	ACAATA
1015967	579	7m8	1.854	GACAAT
1015972	2085	o6	1.168	GACAAT
1015972	2933	8m	1.563	GACAAT
1015995	751	o6	2.660	GACAAT
1015995	1359	6m	1.376	ACAATA
1016007	238	8m	1.094	GACAAT
1016007	498	o6	1.563	GACAAT
1016011	123	7A1	1.847	ACAATA
1016019	239	o6	1.064	GACAAT
1016026	3402	7A1	1.027	ACAATA
1016029	1987	7A1	1.473	ACAATA
1016029	2017	6m	1.468	ACAATA
1016029	2355	6m	1.774	ACAATA
1016047	1539	7A1	2.101	ACAATA
1016047	1708	6m	1.345	ACAATA
1016064	69	7A1	1.289	ACAATA
1016097	201	6m	1.513	ACAATA
1016098	6620	7A1	2.044	ACAATA
1016103	60	7A1	2.909	ACAATA
1016106	321	7A1	2.045	ACAATA
1016143	177	o6	2.493	GACAAT
1016176	1477	6m	1.322	ACAATA
1016176	2772	6m	1.322	ACAATA
1016176	3059	7A1	1.322	ACAATA
1016179	2168	o6	2.544	GACAAT
1016287	136	7A1	1.545	ACAATA
1016316	160	7A1	1.205	ACAATA
1016337	147	o6	1.065	GACAAT
1016347	1090	6m	2.382	ACAATA
1016347	1142	o6	1.670	GACAAT
1016377	59	6m	1.425	ACAATA
1016397	867	6m	2.073	ACAATA
1016398	553	6m	1.341	ACAATA
1016418	461	7A1	2.220	ACAATA
1016422	994	7A1	1.447	ACAATA
1016428	90	o6	1.740	GACAAT
1016431	229	6m	2.544	ACAATA
1016431	1247	6m	1.082	ACAATA
1016442	334	7A1	1.007	ACAATA
1016517	151	7A1	1.690	ACAATA
1016557	1293	7A1	1.687	ACAATA
1016562	724	6m	1.262	ACAATA
1016562	822	7A1	1.128	ACAATA
1016562	880	6m	1.690	ACAATA
1016571	455	7A1	1.554	ACAATA
1016571	1714	7A1	3.005	ACAATA
1016574	230	6m	2.094	ACAATA
1016593	45	7A1	1.571	ACAATA
1016599	680	7A1	1.217	ACAATA
1016605	767	7A1	1.882	ACAATA
1016605	783	7m8	2.072	GACAAT
1016620	1416	o6	2.544	GACAAT
1016685	209	7A1	2.262	ACAATA
1016695	1125	7A1	1.301	ACAATA
1016713	1558	6m	2.548	ACAATA
1016713	2226	7A1	1.577	ACAATA
1016713	2587	7A1	2.017	ACAATA
1016787	1086	6m	1.302	ACAATA
1016787	1143	o6	1.066	GACAAT
1016787	2892	7m8	2.203	GACAAT
1016788	114	o6	1.053	GACAAT
1016791	175	6m	2.982	ACAATA
1016806	1807	6m	2.126	ACAATA
1016806	2220	7A1	2.119	ACAATA
1016820	702	o6	2.544	GACAAT
1016829	45	7A1	1.192	ACAATA
1016838	698	o6	1.322	GACAAT
1016848	1490	6m	3.174	ACAATA
1016860	314	7A1	2.085	ACAATA
1016860	2091	6m	1.845	ACAATA
1016865	97	8m	3.631	GACAAT
1016896	146	6m	2.298	ACAATA
1016899	51	o6	2.178	GACAAT
1016965	1212	6m	1.282	ACAATA
1016971	71	7A1	1.322	ACAATA
1016971	2939	7A1	2.178	ACAATA
1016971	4370	7A1	2.544	ACAATA
1016998	218	7A1	2.387	ACAATA
1017024	1276	8m	2.660	GACAAT
1017028	521	7A1	2.544	ACAATA
1017168	1075	6m	1.530	ACAATA
1017168	1311	7A1	1.680	ACAATA
1017169	1362	7A1	2.212	ACAATA
1017197	65	o6	2.463	GACAAT
1017197	1642	7A1	1.517	ACAATA
1017207	1484	7A1	2.001	ACAATA
1017227	388	o6	2.366	GACAAT
1017227	397	o6	2.366	GACAAT
1017254	1655	6m	1.946	ACAATA
1017257	701	6m	1.314	ACAATA
1017282	397	7A1	2.507	ACAATA
1017321	17	7A1	2.374	ACAATA
1017336	1111	6m	2.192	ACAATA
1017434	324	6m	1.780	ACAATA
1017485	329	6m	2.220	ACAATA
1017496	1380	7A1	2.312	ACAATA
1017614	2478	7A1	1.600	ACAATA
1017614	2520	7A1	1.305	ACAATA
1017614	4606	6m	1.160	ACAATA
1017614	4827	6m	2.915	ACAATA
1017653	485	7A1	1.548	ACAATA
1017695	46	o6	2.843	GACAAT
1017696	1082	7A1	2.504	ACAATA
1017710	395	7A1	1.690	ACAATA
1017743	24	8m	2.852	GACAAT
1017776	247	o6	3.641	GACAAT
1017782	339	7A1	1.353	ACAATA
1017805	118	7A1	3.253	ACAATA
1017805	568	7A1	2.836	ACAATA
1017805	651	6m	1.774	ACAATA
1017808	177	7A1	1.399	ACAATA
1017826	193	6m	1.073	ACAATA
1017830	1366	6m	2.540	ACAATA
1017863	300	o6	2.654	GACAAT
1017883	382	7A1	1.690	ACAATA
1017921	108	7A1	2.026	ACAATA
1017959	48	o6	2.025	GACAAT
1018033	21	8m	2.502	GACAAT
1018033	889	7A1	2.433	ACAATA
1018062	1047	7A1	1.330	ACAATA
1018077	579	7A1	1.687	ACAATA
1018077	756	o6	1.015	GACAAT
1018077	1359	6m	1.322	ACAATA
1018078	564	7A1	1.245	ACAATA
1018120	167	6m	1.011	ACAATA
1018134	2835	o6	1.019	GACAAT
1018134	3103	7A1	2.033	ACAATA
1018134	3952	6m	2.936	ACAATA
1018134	4435	7A1	1.211	ACAATA
1018167	19	7A1	2.234	ACAATA
1018168	522	7A1	2.086	ACAATA
1018168	604	6m	1.846	ACAATA
1018176	214	7A1	1.056	ACAATA
1018225	858	7A1	1.104	ACAATA
1018243	1131	7m8	2.511	GACAAT
1018243	3130	7A1	1.483	ACAATA
1018248	1513	6m	2.842	ACAATA
1018248	1520	6m	2.842	ACAATA
1018257	851	7A1	1.292	ACAATA
1018268	1375	8m	1.997	GACAAT
1018353	599	o6	1.321	GACAAT
1018391	89	7A1	1.452	ACAATA
1018406	51	o6	1.533	GACAAT
1018409	384	6m	1.294	ACAATA
1018445	161	7A1	2.305	ACAATA
1018485	400	7A1	1.018	ACAATA
1018498	661	6m	1.567	ACAATA
1018530	661	6m	1.015	ACAATA
1018530	2138	6m	1.666	ACAATA
1018530	3086	7A1	1.316	ACAATA
1018546	193	7A1	1.876	ACAATA
1018555	52	6m	1.518	ACAATA
1018563	57	7A1	1.621	ACAATA
1018590	37	6m	2.747	ACAATA
1018590	55	8m	2.151	GACAAT
1018616	703	7m8	1.316	GACAAT
1018619	105	6m	1.624	ACAATA
1018632	4705	o6	1.397	GACAAT
1018632	4824	7A1	2.017	ACAATA
1018661	1434	7A1	2.157	ACAATA
1018661	1440	7A1	1.318	ACAATA
1018664	313	8m	2.021	ACAATA
1018664	639	8m	1.138	GACAAT
1018678	852	7A1	1.946	ACAATA
1018682	408	6m	1.562	ACAATA
1018682	565	7A1	2.807	ACAATA
1018727	451	8m	2.544	GACAAT
1018754	462	8m	3.140	GACAAT
1018766	755	6m	1.259	ACAATA
1018766	1241	o6	1.087	GACAAT
1018778	196	6m	1.846	ACAATA
1018825	393	7m8	2.807	ACAATA
1018873	64	o6	1.053	GACAAT
1018873	1330	6m	1.779	ACAATA
1018893	85	7A1	1.031	ACAATA
1018937	491	o6	2.108	GACAAT
1018998	275	o6	2.039	GACAAT
1019031	79	7A1	2.533	ACAATA
1019049	278	o6	1.606	GACAAT
1019055	885	7A1	2.089	ACAATA
1019134	406	7A1	2.017	ACAATA
1019207	263	6m	2.055	ACAATA
1019233	664	6m	1.487	ACAATA
1019233	888	6m	1.939	ACAATA
1019233	911	7A1	2.799	ACAATA
1019286	223	7A1	2.377	ACAATA
1019304	121	6m	1.110	ACAATA
1019311	526	7A1	2.046	ACAATA
1019329	525	6m	2.397	ACAATA
1019413	381	7A1	1.521	ACAATA
1019440	107	6m	1.086	ACAATA
1019441	757	7A1	1.672	ACAATA
1019486	923	8m	2.627	GACAAT
1019514	846	7A1	1.729	ACAATA
1019514	1254	6m	1.545	ACAATA
1019514	2892	7A1	2.076	ACAATA
1019535	603	7A1	1.254	ACAATA
1019579	150	7A1	3.034	ACAATA
1019579	905	7m8	3.034	GACAAT
1019579	1174	7m8	3.034	GACAAT
1019678	26	7A1	1.250	ACAATA
1019695	37	7m8	2.214	GACAAT
1019695	529	6m	1.322	ACAATA
1019749	65	o6	1.078	GACAAT
1019847	88	7A1	1.776	ACAATA
1019862	280	6m	1.371	ACAATA
1019916	175	7A1	1.342	ACAATA
1019925	534	7A1	2.819	ACAATA
1019925	1209	7A1	2.302	ACAATA
1019928	119	7A1	2.500	ACAATA
1019938	134	7m8	2.508	GACAAT
1019956	526	7A1	1.759	ACAATA
1019971	169	8m	1.207	ACAATA
1019980	2159	7A1	1.405	ACAATA
1020029	919	6m	1.023	ACAATA
1020059	1683	7A1	2.480	ACAATA
1020059	1751	7A1	2.073	ACAATA
1020059	1889	6m	1.277	ACAATA
1020077	6	7A1	1.322	ACAATA
1020116	266	7m8	1.322	ACAATA
1020136	47	o6	1.257	GACAAT
1020139	545	6m	2.611	ACAATA
1020140	401	7A1	1.132	ACAATA
1020166	646	7A1	2.178	ACAATA
1020166	2528	6m	1.284	ACAATA
1020187	277	8m	2.520	GACAAT
1020246	177	o6	1.053	GACAAT
1020247	81	7A1	1.723	ACAATA
1020247	253	6m	1.712	ACAATA
1020247	471	7A1	1.821	ACAATA
1020250	61	7A1	2.524	ACAATA
1020253	1004	6m	1.621	ACAATA
1020319	644	6m	1.367	ACAATA
1020319	1732	o6	1.577	GACAAT
1020319	2297	o6	1.122	GACAAT
1020333	827	6m	1.116	ACAATA
1020333	1405	6m	1.598	ACAATA
1020435	2319	6m	1.481	ACAATA
1020435	2357	o6	2.975	GACAAT
1020435	2671	7m8	3.149	GACAAT
1020449	846	7A1	3.413	ACAATA
1020453	52	o6	1.427	GACAAT
1020491	138	7A1	1.833	ACAATA
1020495	368	8m	2.752	GACAAT
1020519	328	7A1	2.073	ACAATA
1020519	545	o6	1.214	GACAAT
1020564	74	7A1	2.652	ACAATA
1020564	83	7A1	2.652	ACAATA
1020574	166	7A1	3.464	ACAATA
1020574	360	6m	3.880	ACAATA
1020607	373	7A1	2.502	ACAATA
1020615	1402	7A1	2.660	ACAATA
1020637	44	o6	1.015	GACAAT
1020637	111	7m8	1.874	ACAATA
1020661	512	7A1	1.116	ACAATA
1020661	1344	7A1	1.548	ACAATA
1020669	71	o6	1.346	GACAAT
1020686	333	6m	1.328	ACAATA
1020692	513	7A1	1.910	ACAATA
1020745	341	o6	2.520	GACAAT
1020757	37	7A1	1.064	ACAATA
1020763	86	6m	1.158	ACAATA
1020766	892	7A1	1.343	ACAATA
1020766	1096	6m	1.094	ACAATA
1020843	72	6m	1.084	ACAATA
1020849	122	7A1	1.943	ACAATA
1020861	1265	o6	1.234	GACAAT
1020880	278	o6	2.533	GACAAT
1020894	34	o6	4.147	GACAAT
1020901	375	o6	1.760	GACAAT
1020960	112	7A1	1.335	ACAATA
1021008	606	7m8	3.549	GACAAT
1021011	397	6m	1.034	ACAATA
1021068	12	6m	1.280	ACAATA
1021084	396	o6	1.073	GACAAT
1021125	326	7A1	3.023	ACAATA
1021178	641	6m	1.632	ACAATA
1021255	290	7A1	2.774	ACAATA
1021255	399	7A1	1.212	ACAATA
1021267	261	6m	3.198	ACAATA
1021273	1024	7A1	1.711	ACAATA
1021354	60	o6	1.110	GACAAT
1021377	266	6m	2.278	ACAATA
1021378	166	o6	1.521	GACAAT
1021412	469	7A1	1.513	ACAATA
1021488	744	7A1	2.660	ACAATA
1021488	1105	6m	2.321	ACAATA
1021505	484	7m8	3.076	GACAAT
1021540	1789	6m	2.757	ACAATA
1021545	477	o6	2.370	GACAAT
1021559	21	8m	1.434	ACAATA
1021566	2351	o6	1.721	GACAAT
1021571	220	7A1	1.732	ACAATA
1021581	245	o6	3.704	GACAAT
1021596	262	6m	1.472	ACAATA
1021681	566	6m	1.251	ACAATA
1021700	512	6m	1.322	ACAATA
1021741	411	7A1	2.660	ACAATA
1021755	52	7A1	2.357	ACAATA
1021797	2244	7A1	2.377	ACAATA
1021812	94	7m8	1.000	GACAAT
1021866	618	7A1	1.073	ACAATA
1021879	3	6m	1.468	ACAATA
1022066	1088	7A1	2.526	ACAATA
1022070	293	6m	2.155	ACAATA
1022102	309	6m	1.220	ACAATA
1022173	730	o6	2.507	GACAAT
1022180	393	6m	1.755	ACAATA
1022180	2126	6m	1.124	ACAATA
1022253	852	7A1	1.053	ACAATA
1022253	1095	7A1	1.282	ACAATA
1022256	2838	o6	2.770	GACAAT
1022317	191	8m	1.924	ACAATA
1022373	9	7A1	1.187	ACAATA
1022383	1761	6m	1.584	ACAATA
1022443	714	o6	3.028	GACAAT
1022472	54	7m8	2.816	ACAATA
1022480	667	7A1	1.016	ACAATA
1022495	2780	7A1	1.824	ACAATA
1022495	3699	7A1	1.216	ACAATA
1022568	598	6m	2.502	ACAATA
1022568	1965	7A1	1.099	ACAATA
1022568	2673	o6	2.494	GACAAT
1022604	1276	o6	1.242	GACAAT
1022698	223	6m	1.623	ACAATA
1022808	141	7m8	2.045	GACAAT
1022838	426	7A1	1.737	ACAATA
1022868	61	6m	1.282	ACAATA
1022932	1371	o6	2.531	GACAAT
1022932	2180	7A1	2.537	ACAATA
1022938	244	7A1	1.816	ACAATA
1022938	338	6m	1.514	ACAATA
1022938	1712	8m	2.465	ACAATA
1022941	690	6m	1.598	ACAATA
1022941	1475	7A1	2.066	ACAATA
1022941	3914	7A1	2.098	ACAATA
1022963	43	6m	1.042	ACAATA
1022963	86	8m	2.000	GACAAT
1022986	518	o6	1.284	GACAAT
1023009	63	7A1	1.405	ACAATA
1023027	194	6m	1.053	ACAATA
1023027	618	7A1	1.156	ACAATA
1023050	85	8m	2.031	ACAATA
1023062	3074	6m	1.609	ACAATA
1023072	629	7A1	2.863	ACAATA
1023080	730	7A1	3.398	ACAATA
1023085	427	o6	1.737	GACAAT
1023088	327	7A1	2.544	ACAATA
1023088	750	7A1	1.322	ACAATA
1023104	645	6m	1.606	ACAATA
1023146	221	7A1	1.729	ACAATA
1023154	1084	7A1	1.756	ACAATA
1023216	604	6m	2.225	ACAATA
1023253	1462	7A1	2.850	ACAATA
1023253	1497	7A1	2.850	ACAATA
1023253	1893	7A1	2.249	ACAATA
1023265	15	6m	1.743	ACAATA
1023289	2026	6m	3.649	ACAATA
1023295	619	6m	1.014	ACAATA
1023320	223	6m	1.073	ACAATA
1023378	1972	7m8	4.317	ACAATA
1023381	1483	7m8	4.317	ACAATA
1023387	1107	7m8	1.056	GACAAT
1023391	1920	7A1	1.807	ACAATA
1023419	444	7A1	3.232	ACAATA
1023443	583	7A1	1.180	ACAATA
1023443	727	7A1	1.053	ACAATA
1023456	24	6m	1.233	ACAATA
1023482	25	7A1	3.621	ACAATA
1023496	31	7A1	2.394	ACAATA
1023572	556	6m	1.794	ACAATA
1023578	363	7A1	2.046	ACAATA
1023599	205	o6	2.005	GACAAT
1023599	3289	7A1	2.947	ACAATA
1023599	5483	6m	2.889	ACAATA
1023599	5507	7A1	2.430	ACAATA
1023599	6335	7m8	1.295	GACAAT
1023599	8155	7A1	2.350	ACAATA
1023661	538	7A1	1.434	ACAATA
1023669	887	7m8	2.062	GACAAT
1023669	1069	7m8	2.671	GACAAT
1023673	107	6m	1.307	ACAATA
1023678	830	7A1	1.613	ACAATA
1023678	1206	7m8	1.941	GACAAT
1023681	1086	7A1	1.495	ACAATA
1023681	1095	7A1	2.415	ACAATA
1023681	3472	7A1	1.362	ACAATA
1023706	50	o6	1.378	GACAAT
1023727	102	o6	2.818	GACAAT
1023727	511	6m	1.906	ACAATA
1023730	205	6m	1.980	ACAATA
1023738	80	7A1	1.292	ACAATA
1023751	106	o6	1.562	GACAAT
1023783	743	7A1	1.405	ACAATA
1023784	279	6m	1.313	ACAATA
1023784	472	7A1	1.120	ACAATA
1023784	3825	7A1	1.313	ACAATA
1023784	4298	6m	1.563	ACAATA
1023784	4447	o6	1.321	GACAAT
1023790	2981	o6	2.878	GACAAT
1023796	460	o6	1.004	GACAAT
1023799	280	o6	1.227	GACAAT
1023802	445	6m	1.247	ACAATA
1023805	2401	6m	1.129	ACAATA
1023834	116	6m	2.033	ACAATA
1023846	1656	7A1	2.019	ACAATA
1023846	2512	7A1	2.537	ACAATA
1023850	361	7A1	2.025	ACAATA
1023850	525	7A1	2.635	ACAATA
1023850	862	o6	3.034	GACAAT
1023850	1047	o6	2.588	GACAAT
1023850	1924	6m	1.530	ACAATA
1023850	1931	6m	1.702	ACAATA
1023882	1847	o6	1.808	GACAAT
1023885	66	6m	2.215	ACAATA
1023897	1232	o6	2.648	GACAAT
1023897	1983	o6	1.137	GACAAT
1023902	476	6m	4.229	ACAATA
1023902	668	6m	4.229	ACAATA
1023927	818	6m	2.026	ACAATA
1023998	1447	6m	2.031	ACAATA
1024015	62	7A1	1.424	ACAATA
1024019	2137	7A1	2.611	ACAATA
1024031	2791	7m8	3.034	GACAAT
1024031	3511	6m	1.512	ACAATA
1024031	3521	6m	2.026	ACAATA
1024031	3854	6m	1.254	ACAATA
1024060	14	7A1	1.545	ACAATA
1024079	496	7A1	1.850	ACAATA
1024093	591	7A1	2.062	ACAATA
1024114	881	6m	2.757	ACAATA
1024129	80	6m	2.794	ACAATA
1024148	174	o6	1.544	GACAAT
1024169	1870	6m	1.869	ACAATA
1024196	614	7m8	2.342	GACAAT
1024228	695	7A1	1.156	ACAATA
1024241	2375	7A1	1.235	ACAATA
1024241	2412	7A1	1.180	ACAATA
1024250	610	7A1	1.227	ACAATA
1024279	374	7A1	1.062	ACAATA
1024342	242	6m	1.236	ACAATA
1024342	988	6m	2.007	ACAATA
1024355	145	7A1	1.031	ACAATA
1024363	284	6m	1.731	ACAATA
1024376	462	7A1	2.087	ACAATA
1024381	627	6m	2.125	ACAATA
1024381	1219	6m	1.051	ACAATA
1024384	1133	7A1	1.386	ACAATA
1024385	1111	7A1	1.734	ACAATA
1024388	686	6m	2.106	ACAATA
1024397	1507	6m	1.112	ACAATA
1024403	293	7A1	1.248	ACAATA
1024406	580	7m8	1.040	ACAATA
1024406	680	6m	1.690	ACAATA
1024418	467	o6	1.805	GACAAT
1024489	564	o6	1.082	GACAAT
1024522	86	7m8	1.826	GACAAT
1024556	1481	7A1	2.182	ACAATA
1024556	1628	6m	2.375	ACAATA
1024559	157	o6	2.507	GACAAT
1024579	120	8m	2.117	GACAAT
1024609	365	6m	2.350	ACAATA
1024613	834	7A1	2.268	ACAATA
1024619	120	o6	1.304	GACAAT
1024619	1415	7A1	2.141	ACAATA
1024619	1838	7A1	2.202	ACAATA
1024619	3087	7A1	1.885	ACAATA
1024619	3832	6m	3.192	ACAATA
1024639	315	7A1	2.350	ACAATA
1024639	680	7m8	2.350	GACAAT
1024639	1233	6m	1.082	ACAATA
1024639	1333	o6	1.082	GACAAT
1024639	1893	6m	1.026	ACAATA
1024639	2266	7A1	2.102	ACAATA
1024648	2093	6m	2.987	ACAATA
1024648	2797	o6	1.015	GACAAT
1024648	2857	7A1	2.378	ACAATA
1024648	5548	6m	2.449	ACAATA
1024648	5718	7m8	2.125	GACAAT
1024648	6091	6m	2.132	ACAATA
1024648	6981	7m8	2.449	ACAATA
1024648	7475	6m	2.125	ACAATA
1024648	7757	6m	2.987	ACAATA
1024648	8423	6m	2.425	ACAATA
1024648	14151	6m	2.305	ACAATA
1024648	14580	6m	2.281	ACAATA
1024648	14682	6m	2.139	ACAATA
1024648	15385	6m	1.687	ACAATA
1024648	15475	7A1	1.687	ACAATA
1024654	681	7m8	2.132	GACAAT
1024654	1357	8m	2.350	ACAATA
1024654	1876	7A1	1.156	ACAATA
1024654	2280	6m	1.969	ACAATA
1024702	593	o6	1.906	GACAAT
1024709	608	6m	1.073	ACAATA
1024715	3580	6m	1.793	ACAATA
1024715	5107	7m8	2.685	GACAAT
1024715	5202	7A1	1.106	ACAATA
1024720	38	7m8	3.034	GACAAT
1024721	396	7A1	1.553	ACAATA
1024753	71	o6	1.461	GACAAT
1024763	214	7A1	1.980	ACAATA
1024763	897	7A1	1.120	ACAATA
1024829	6546	7A1	2.033	ACAATA
1024843	1444	7A1	1.420	ACAATA
1024861	158	o6	2.132	GACAAT
1024883	251	7A1	2.480	ACAATA
1024901	47	6m	1.336	ACAATA
1024901	201	6m	1.644	ACAATA
1024935	1478	6m	2.531	ACAATA
1024936	97	7m8	1.509	ACAATA
1024939	2437	6m	2.707	ACAATA
1024939	2471	6m	3.069	ACAATA
1024956	3336	8m	2.635	GACAAT
1024956	4410	7A1	2.635	ACAATA
1024956	6869	7m8	2.025	GACAAT
1024956	7625	7A1	1.512	ACAATA
1024966	195	7A1	1.481	ACAATA
1024971	649	8m	2.349	GACAAT
1024975	642	6m	1.032	ACAATA
1025022	1349	7A1	2.260	ACAATA
1025022	1442	7A1	2.528	ACAATA
1025029	983	6m	2.690	ACAATA
1025029	2004	o6	1.322	GACAAT
1025038	91	7A1	1.434	ACAATA
1025059	1748	6m	1.550	ACAATA
1025059	2506	6m	1.444	ACAATA
1025064	1589	6m	2.062	ACAATA
1025064	2060	6m	2.007	ACAATA
1025132	389	6m	1.463	ACAATA
1025179	348	6m	1.783	ACAATA
1025242	1113	6m	1.740	ACAATA
1025262	81	6m	1.348	ACAATA
1025268	459	6m	2.235	ACAATA
1025269	76	7A1	1.255	ACAATA
1025269	149	7A1	1.799	ACAATA
1025272	186	8m	2.207	GACAAT
1025298	1132	6m	1.084	ACAATA
1025308	156	o6	1.127	GACAAT
1025308	523	o6	1.440	GACAAT
1025331	588	7A1	1.328	ACAATA
1025353	947	6m	2.349	ACAATA
1025370	372	6m	1.712	ACAATA
1025371	33	7A1	2.548	ACAATA
1025371	147	o6	1.606	GACAAT
1025371	182	o6	1.606	GACAAT
1025371	732	6m	1.312	ACAATA
1025380	500	7A1	2.225	ACAATA
1025403	16	o6	1.071	GACAAT
1025427	489	7A1	3.058	ACAATA
1025427	1178	6m	2.044	ACAATA
1025443	548	6m	1.085	ACAATA
1025455	1841	8m	2.523	GACAAT
1025458	148	7m8	1.921	GACAAT
1025475	1402	7A1	1.826	ACAATA
1025503	162	7A1	1.060	ACAATA
1025517	42	7A1	1.387	ACAATA
1025551	35	7A1	1.485	ACAATA
1025551	72	6m	1.980	ACAATA
1025562	192	7A1	1.389	ACAATA
1025600	61	o6	1.262	GACAAT
1025605	175	7A1	1.227	ACAATA
1025654	24	7A1	2.375	ACAATA
1025654	2066	6m	1.506	ACAATA
1025654	3158	7A1	1.533	ACAATA
1025654	3866	7A1	1.533	ACAATA
1025657	380	7A1	1.936	ACAATA
1025683	5	6m	1.464	ACAATA
1025693	1119	o6	3.347	GACAAT
1025693	1680	o6	1.568	GACAAT
1025693	2393	6m	2.345	ACAATA
1025702	75	6m	1.296	ACAATA
1025715	250	6m	1.405	ACAATA
1025724	118	o6	1.713	GACAAT
1025724	697	o6	1.866	GACAAT
1025725	843	7A1	1.938	ACAATA
1025737	453	o6	2.326	GACAAT
1025769	112	7A1	1.636	ACAATA
1025772	233	7A1	2.207	ACAATA
1025790	921	6m	2.071	ACAATA
1025790	1352	7A1	3.034	ACAATA
1025850	442	7A1	2.001	ACAATA
1025877	416	7A1	2.525	ACAATA
1025886	75	7A1	1.671	ACAATA
1025895	404	7A1	2.506	ACAATA
1025898	50	6m	1.167	ACAATA
1025929	1691	6m	1.330	ACAATA
1025949	29	7m8	2.223	GACAAT
1026084	200	7A1	1.900	ACAATA
1026095	565	6m	2.660	ACAATA
1026104	50	o6	1.352	GACAAT
1026235	615	6m	3.398	ACAATA
1026287	277	o6	2.276	GACAAT
1026346	102	7A1	1.169	ACAATA
1026357	138	7A1	1.632	ACAATA
1026400	214	7A1	1.322	ACAATA
1026461	419	o6	2.701	GACAAT
1026471	315	8m	2.667	GACAAT
1026530	417	8m	3.535	GACAAT
1026530	1278	7A1	2.419	ACAATA
1026545	458	7A1	1.082	ACAATA
1026558	1119	7A1	1.084	ACAATA
1026558	1224	6m	1.120	ACAATA
1026687	277	7A1	1.295	ACAATA
1026711	3219	6m	2.080	ACAATA
1026714	82	6m	1.600	ACAATA
1026723	9	7A1	1.259	ACAATA
1026726	1098	8m	1.283	GACAAT
1026726	1686	7m8	1.199	ACAATA
1026737	70	6m	2.778	ACAATA
1026841	85	o6	2.503	GACAAT
1026841	1848	7A1	1.275	ACAATA
1026841	2521	o6	2.820	GACAAT
1026841	2997	6m	2.168	ACAATA
1026841	4619	7A1	2.496	ACAATA
1026853	1794	7A1	2.090	ACAATA
1026853	2608	7A1	2.425	ACAATA
1026864	315	6m	1.903	ACAATA
1026885	488	7A1	2.056	ACAATA
1026914	400	7A1	1.881	ACAATA
1026924	119	6m	1.235	ACAATA
1026951	142	7A1	1.058	ACAATA
1026966	192	7A1	2.103	ACAATA
1026974	293	o6	1.237	GACAAT
1026999	1525	7m8	2.477	GACAAT
1027036	140	o6	2.560	GACAAT
1027049	49	7A1	3.028	ACAATA
1027332	378	o6	2.286	GACAAT
1027338	363	7A1	2.732	ACAATA
1027353	35	7A1	1.330	ACAATA
1027354	6	8m	1.213	GACAAT
1027369	141	6m	1.171	ACAATA
1027369	312	8m	2.546	GACAAT
1027369	342	o6	1.178	GACAAT
1027393	206	7A1	1.955	ACAATA
1027399	215	6m	1.061	ACAATA
1027399	281	6m	1.361	ACAATA
1027410	37	o6	2.015	GACAAT
1027417	446	o6	1.886	GACAAT
1027426	312	o6	2.033	GACAAT
1027426	318	7A1	1.777	ACAATA
1027426	455	o6	1.288	GACAAT
1027543	134	8m	1.787	ACAATA
1027564	310	6m	3.063	ACAATA
1027564	342	6m	2.613	ACAATA
1027616	153	o6	3.034	GACAAT
1027781	292	7m8	3.034	GACAAT
1027814	672	o6	1.880	GACAAT
1027912	1648	o6	1.051	GACAAT
1027954	377	6m	1.276	ACAATA
1027968	224	8m	1.567	GACAAT
1028011	739	7A1	1.499	ACAATA
1028028	336	7m8	2.640	GACAAT
1028029	238	6m	1.741	ACAATA
1028097	99	7A1	2.235	ACAATA
1028112	666	6m	1.315	ACAATA
1028112	932	6m	2.922	ACAATA
1028115	652	6m	3.864	ACAATA
1028146	395	6m	2.908	ACAATA
1028183	156	o6	1.132	GACAAT
1028197	119	7A1	2.008	ACAATA
1028230	535	7m8	1.117	ACAATA
1028326	158	7A1	1.012	ACAATA
1028408	96	7A1	1.050	ACAATA
1028447	1817	7A1	1.982	ACAATA
1028470	180	o6	2.433	GACAAT
1028499	24	6m	2.268	ACAATA
1028527	1977	o6	1.500	GACAAT
1028551	19	o6	1.550	GACAAT
1028559	837	8m	2.645	GACAAT
1028602	64	6m	1.718	ACAATA
1028645	363	o6	1.079	GACAAT
1028677	128	6m	1.564	ACAATA
1028702	493	6m	3.559	ACAATA
1028734	2430	o6	3.269	GACAAT
1028734	2457	7A1	1.524	ACAATA
1028734	6178	6m	1.219	ACAATA
1028734	6532	8m	3.387	GACAAT
1028751	300	7A1	2.389	ACAATA
1028751	465	6m	1.741	ACAATA
1028751	817	6m	2.763	ACAATA
1028751	1118	6m	1.859	ACAATA
1028751	1195	6m	1.224	ACAATA
1028751	1773	7A1	2.807	ACAATA
1028791	345	6m	1.690	ACAATA
1028911	133	8m	1.315	GACAAT
1028911	300	8m	1.974	GACAAT
1028911	438	7A1	1.537	ACAATA
1028947	781	8m	2.107	GACAAT
1028959	531	7A1	1.972	ACAATA
1028998	1327	7A1	1.711	ACAATA
1029003	85	o6	1.600	GACAAT
1029069	629	7A1	2.213	ACAATA
1029069	2043	7A1	1.535	ACAATA
1029069	2233	7A1	2.201	ACAATA
1029069	2397	7A1	1.304	ACAATA
1029069	3411	7A1	1.874	ACAATA
1029069	3458	6m	1.354	ACAATA
1029069	3821	7A1	1.786	ACAATA
1029069	4108	7m8	1.322	GACAAT
1029073	317	6m	1.180	ACAATA
1029073	574	7A1	1.985	ACAATA
1029079	48	7A1	2.940	ACAATA
1029084	207	o6	2.446	GACAAT
1029084	218	o6	2.882	GACAAT
1029097	1972	7A1	2.448	ACAATA
1029164	184	7A1	1.711	ACAATA
1029170	648	7A1	1.288	ACAATA
1029179	109	o6	1.113	GACAAT
1029188	106	7A1	2.683	ACAATA
1029189	1059	7A1	2.631	ACAATA
1029189	1456	7A1	2.404	ACAATA
1029189	2366	6m	1.183	ACAATA
1029192	310	6m	1.441	ACAATA
1029192	804	6m	2.226	ACAATA
1029192	1191	o6	1.577	GACAAT
1029255	539	7A1	1.321	ACAATA
1029309	665	6m	1.829	ACAATA
1029369	866	7A1	1.149	ACAATA
1029369	1988	o6	2.276	GACAAT
1029369	3101	7A1	1.485	ACAATA
1029384	216	6m	1.229	ACAATA
1029384	224	o6	3.035	GACAAT
1029384	1225	o6	2.876	GACAAT
1029384	1241	7A1	1.541	ACAATA
1029384	2427	o6	1.148	GACAAT
1029385	209	6m	1.663	ACAATA
1029388	512	7A1	1.770	ACAATA
1029427	142	7A1	2.863	ACAATA
1029459	688	7A1	1.274	ACAATA
1029474	83	7A1	3.398	ACAATA
1029520	560	7A1	2.204	ACAATA
1029564	268	6m	1.284	ACAATA
1029575	285	7A1	1.767	ACAATA
1029587	481	7A1	1.447	ACAATA
1029631	9	7m8	1.509	GACAAT
1029661	68	7A1	2.061	ACAATA
1029673	302	o6	1.649	GACAAT
1029679	485	6m	1.417	ACAATA
1029685	571	o6	1.658	GACAAT
1029686	594	7A1	2.448	ACAATA
1029710	369	7A1	2.159	ACAATA
1029715	184	o6	2.947	GACAAT
1029728	250	o6	2.220	GACAAT
1029728	478	7A1	1.322	ACAATA
1029728	653	7A1	2.220	ACAATA
1029728	899	6m	2.227	ACAATA
1029749	1987	7A1	2.108	ACAATA
1029787	432	6m	1.324	ACAATA
1029803	9	7A1	1.536	ACAATA
1029846	78	7A1	1.516	ACAATA
1029846	936	7A1	1.319	ACAATA
1029859	65	7A1	2.350	ACAATA
1029885	306	6m	1.077	ACAATA
1029944	218	6m	1.633	ACAATA
1029955	13	o6	1.373	GACAAT
1029955	156	o6	2.377	GACAAT
1030016	371	7A1	1.224	ACAATA
1030120	33	7A1	1.906	ACAATA
1030123	425	7A1	1.434	ACAATA
1030142	91	8m	2.477	ACAATA
1030189	965	o6	1.306	GACAAT
1030189	1301	o6	2.393	GACAAT
1030192	676	7A1	2.056	ACAATA
1030205	120	8m	2.993	GACAAT
1030266	737	6m	2.577	ACAATA
1030266	1602	6m	3.005	ACAATA
1030266	2211	7A1	3.005	ACAATA
1030335	528	6m	1.850	ACAATA
1030377	70	o6	1.792	GACAAT
1030405	262	7A1	1.773	ACAATA
1030405	733	7A1	2.073	ACAATA
1030477	175	7A1	2.816	ACAATA
1030514	134	o6	1.520	GACAAT
1030520	982	7A1	1.512	ACAATA
1030580	576	7A1	1.316	ACAATA
1030584	558	o6	1.577	GACAAT
1030617	319	o6	1.229	GACAAT
1030620	277	7A1	2.009	ACAATA
1030632	115	o6	1.939	GACAAT
1030658	409	o6	2.058	GACAAT
1030658	1365	6m	1.872	ACAATA
1030670	262	7A1	1.034	ACAATA
1030706	67	7A1	2.339	ACAATA
1030713	1786	6m	1.111	ACAATA
1030713	1953	o6	1.577	GACAAT
1030716	784	6m	2.007	ACAATA
1030746	109	7m8	2.400	GACAAT
1030782	790	6m	2.378	ACAATA
1030782	1256	7A1	1.164	ACAATA
1030782	1678	o6	2.544	GACAAT
1030782	2604	6m	1.315	ACAATA
1030864	56	7A1	1.419	ACAATA
1030893	226	6m	1.697	ACAATA
1030951	386	7A1	1.456	ACAATA
1031013	424	6m	1.322	ACAATA
1031024	446	7A1	2.025	ACAATA
1031067	134	7m8	1.043	GACAAT
1031111	1136	8m	2.807	GACAAT
1031118	167	6m	2.025	ACAATA
1031142	1009	7A1	1.731	ACAATA
1031156	2596	6m	1.065	ACAATA
1031156	2852	6m	2.357	ACAATA
1031194	118	7m8	2.540	ACAATA
1031199	2987	6m	2.807	ACAATA
1031199	4723	7A1	3.020	ACAATA
1031205	227	7A1	3.398	ACAATA
1031223	794	6m	1.808	ACAATA
1031227	679	7A1	2.026	ACAATA
1031304	158	o6	2.443	GACAAT
1031307	119	o6	1.548	GACAAT
1031307	1476	7A1	2.858	ACAATA
1031307	2460	7A1	2.807	ACAATA
1031307	3131	7A1	1.392	ACAATA
1031307	3140	7A1	2.734	ACAATA
1031315	108	o6	3.203	GACAAT
1031321	1044	6m	2.007	ACAATA
1031351	139	6m	1.132	ACAATA
1031390	79	7m8	1.282	GACAAT
1031390	2154	6m	1.503	ACAATA
1031390	2921	6m	1.598	ACAATA
1031390	2965	7m8	2.504	GACAAT
1031390	5722	6m	1.386	ACAATA
1031390	8246	6m	1.668	ACAATA
1031464	247	7A1	1.301	ACAATA
1031470	149	7A1	1.753	ACAATA
1031495	797	o6	1.299	GACAAT
1031503	54	o6	1.000	GACAAT
1031535	11	7A1	1.055	ACAATA
1031544	623	7A1	2.642	ACAATA
1031547	222	7A1	2.794	ACAATA
1031550	47	o6	1.204	GACAAT
1031593	344	6m	1.067	ACAATA
1031616	1177	o6	3.258	GACAAT
1031667	264	6m	2.597	ACAATA
1031667	435	o6	2.603	GACAAT
1031791	51	6m	2.206	ACAATA
1031805	665	6m	1.740	ACAATA
1031805	729	6m	1.659	ACAATA
1031805	772	7A1	1.035	ACAATA
1031830	883	7m8	2.565	GACAAT
1031887	217	7A1	1.966	ACAATA
1031929	55	7A1	1.541	ACAATA
1031953	247	7A1	1.269	ACAATA
1031994	295	7A1	2.660	ACAATA
1032043	265	6m	1.485	ACAATA
1032058	80	7A1	1.155	ACAATA
1032200	762	7A1	1.982	ACAATA
1032203	943	o6	2.433	GACAAT
1032279	369	7A1	1.840	ACAATA
1032285	957	o6	2.741	GACAAT
1032285	1059	6m	1.411	ACAATA
1032288	259	o6	1.366	GACAAT
1032325	1932	o6	1.563	GACAAT
1032325	2478	7A1	1.550	ACAATA
1032328	86	6m	2.622	ACAATA
1032328	497	7A1	1.997	ACAATA
1032328	1172	o6	1.265	GACAAT
1032333	978	7A1	2.700	ACAATA
1032334	126	6m	1.245	ACAATA
1032337	54	7A1	3.045	ACAATA
1032369	3908	8m	2.665	GACAAT
1032445	327	8m	2.412	GACAAT
1032466	1365	8m	3.224	GACAAT
1032471	1914	7A1	2.327	ACAATA
1032475	965	6m	1.284	ACAATA
1032508	566	6m	2.894	ACAATA
1032508	1904	7A1	4.166	ACAATA
1032607	333	7A1	2.153	ACAATA
1032616	261	8m	1.053	GACAAT
1032616	595	8m	2.544	GACAAT
1032616	617	8m	2.544	GACAAT
1032616	715	7A1	1.931	ACAATA
1032616	768	8m	2.544	GACAAT
1032616	812	7m8	1.891	ACAATA
1032616	817	6m	2.306	ACAATA
1032616	1173	8m	2.110	GACAAT
1032617	1264	o6	4.145	GACAAT
1032637	103	7A1	1.212	ACAATA
1032687	371	6m	1.041	ACAATA
1032693	1826	7m8	2.778	GACAAT
1032718	312	6m	1.053	ACAATA
1032769	426	7A1	2.337	ACAATA
1032777	53	o6	1.010	GACAAT
1032802	903	o6	2.448	GACAAT
1032808	142	o6	1.431	GACAAT
1032897	51	7A1	2.149	ACAATA
1032902	572	7A1	1.807	ACAATA
1032902	1265	7m8	2.350	GACAAT
1032965	551	o6	1.198	GACAAT
1032968	799	7A1	1.546	ACAATA
1032986	274	8m	3.163	GACAAT
1033008	3107	7A1	2.433	ACAATA
1033008	3379	7A1	2.025	ACAATA
1033008	3684	6m	1.130	ACAATA
1033028	843	7m8	1.820	GACAAT
1033031	194	o6	1.092	GACAAT
1033085	235	6m	2.520	ACAATA
1033085	781	6m	1.273	ACAATA
1033085	856	7A1	2.196	ACAATA
1033089	537	o6	2.922	GACAAT
1033089	1449	7A1	1.241	ACAATA
1033141	4420	7A1	1.600	ACAATA
1033151	113	7A1	1.518	ACAATA
1033152	1844	o6	1.301	GACAAT
1033160	945	7m8	2.283	GACAAT
1033181	142	7A1	1.856	ACAATA
1033218	1070	7A1	3.149	ACAATA
1033226	189	7m8	2.978	ACAATA
1033227	5	o6	1.854	GACAAT
1033227	315	7A1	2.845	ACAATA
1033281	401	6m	1.240	ACAATA
1033328	2461	6m	1.726	ACAATA
1033351	1468	o6	3.446	GACAAT
1033351	1677	7A1	3.029	ACAATA
1033351	1807	6m	1.157	ACAATA
1033362	357	6m	1.073	ACAATA
1033373	642	7A1	1.191	ACAATA
1033378	898	7A1	1.493	ACAATA
1033409	29	o6	1.440	GACAAT
1033409	523	7A1	2.190	ACAATA
1033425	458	6m	1.740	ACAATA
1033431	1119	8m	4.317	GACAAT
1033452	2636	7A1	1.151	ACAATA
1033481	853	7A1	2.417	ACAATA
1033481	2372	6m	1.819	ACAATA
1033481	2783	o6	3.347	GACAAT
1033488	781	6m	1.333	ACAATA
1033527	443	6m	1.747	ACAATA
1033535	758	6m	2.441	ACAATA
1033559	24	7A1	1.005	ACAATA
1033565	769	7m8	1.907	GACAAT
1033565	4380	6m	2.520	ACAATA
1033571	3375	6m	2.184	ACAATA
1033592	94	7A1	1.517	ACAATA
1033595	197	6m	2.635	ACAATA
1033598	316	o6	2.867	GACAAT
1033598	927	6m	1.379	ACAATA
1033598	1957	6m	1.869	ACAATA
1033598	4564	6m	2.279	ACAATA
1033598	4604	6m	2.026	ACAATA
1033598	4854	6m	2.255	ACAATA
1033598	5008	6m	2.350	ACAATA
1033598	5276	6m	2.350	ACAATA
1033598	6030	6m	2.072	ACAATA
1033598	6273	6m	1.824	ACAATA
1033653	29	7A1	1.074	ACAATA
1033658	852	7A1	1.663	ACAATA
1033658	921	7A1	2.435	ACAATA
1033669	572	8m	2.807	GACAAT
1033678	1358	7A1	2.372	ACAATA
1033706	63	o6	1.415	GACAAT
1033715	167	7A1	1.521	ACAATA
1033718	39	o6	2.377	GACAAT
1033735	1144	7A1	1.174	ACAATA
1033751	412	6m	1.284	ACAATA
1033754	41	6m	1.284	ACAATA
1033786	520	6m	1.419	ACAATA
1033786	1395	6m	1.930	ACAATA
1033789	235	6m	2.912	ACAATA
1033789	1603	7A1	2.107	ACAATA
1033789	3660	7A1	1.338	ACAATA
1033789	4264	6m	1.687	ACAATA
1033803	1282	7A1	2.559	ACAATA
1033806	331	7A1	2.559	ACAATA
1033824	477	o6	1.873	GACAAT
1033847	94	7A1	2.326	ACAATA
1033850	205	7A1	1.976	ACAATA
1033877	1339	7A1	3.012	ACAATA
1033877	2961	6m	1.034	ACAATA
1033883	298	8m	3.963	ACAATA
1033883	1663	7A1	4.122	ACAATA
1033894	253	6m	2.990	ACAATA
1033906	246	7A1	2.183	ACAATA
1033924	90	6m	1.015	ACAATA
1033925	159	7A1	2.673	ACAATA
1033956	100	6m	2.280	ACAATA
1033956	109	7A1	2.241	ACAATA
1033956	2025	7A1	1.956	ACAATA
1033960	1968	7A1	2.863	ACAATA
1033971	2340	6m	1.315	ACAATA
1033971	3536	7A1	1.248	ACAATA
1033984	185	7A1	1.285	ACAATA
1033987	1685	7A1	1.278	ACAATA
1034044	161	7m8	1.321	ACAATA
1034053	1088	6m	1.033	ACAATA
1034068	5841	7A1	1.327	ACAATA
1034071	9	7m8	1.860	ACAATA
1034089	1187	7A1	1.215	ACAATA
1034097	248	o6	1.404	GACAAT
1034133	2022	6m	1.005	ACAATA
1034133	2080	7A1	1.831	ACAATA
1034160	1951	6m	1.355	ACAATA
1034161	1948	7A1	1.926	ACAATA
1034164	827	7A1	2.607	ACAATA
1034185	1653	8m	2.830	GACAAT
1034185	1696	7m8	1.497	GACAAT
1034202	1765	o6	1.249	GACAAT
1034229	182	o6	2.350	GACAAT
1034247	3060	o6	3.631	GACAAT
1034247	3075	7A1	3.631	ACAATA
1034259	593	6m	1.652	ACAATA
1034262	1054	6m	1.086	ACAATA
1034277	987	6m	2.443	ACAATA
1034277	1503	7A1	1.389	ACAATA
1034304	2150	7A1	2.126	ACAATA
1034311	635	o6	1.023	GACAAT
1034322	104	6m	2.126	ACAATA
1034331	1399	o6	2.984	GACAAT
1034331	4637	7A1	1.643	ACAATA
1034340	932	6m	2.086	ACAATA
1034340	1489	6m	2.321	ACAATA
1034362	376	6m	4.024	ACAATA
1034370	152	o6	1.373	GACAAT
1034397	1351	7A1	1.992	ACAATA
1034397	2946	7A1	1.006	ACAATA
1034461	209	o6	1.187	GACAAT
1034469	2151	7A1	3.379	ACAATA
1034496	323	7A1	1.955	ACAATA
1034518	655	o6	1.932	GACAAT
1034530	916	7A1	2.247	ACAATA
1034539	2122	o6	1.689	GACAAT
1034545	82	7A1	2.425	ACAATA
1034556	96	7A1	1.656	ACAATA
1034556	1504	6m	1.468	ACAATA
1034557	311	6m	1.077	ACAATA
1034565	2235	7A1	2.700	ACAATA
1034569	1353	7A1	1.154	ACAATA
1034569	2202	7A1	1.766	ACAATA
1034569	3596	7A1	1.226	ACAATA
1034569	4761	6m	1.328	ACAATA
1034586	345	7A1	1.180	ACAATA
1034586	1230	8m	2.605	GACAAT
1034593	825	6m	1.848	ACAATA
1034679	942	7A1	2.050	ACAATA
1034679	2621	6m	1.523	ACAATA
1034690	1506	6m	1.815	ACAATA
1034690	1841	6m	2.222	ACAATA
1034739	1411	o6	2.740	GACAAT
1034756	779	6m	1.268	ACAATA
1034766	733	6m	1.145	ACAATA
1034766	824	7A1	2.007	ACAATA
1034772	717	7A1	2.779	ACAATA
1034775	436	6m	3.649	ACAATA
1034775	624	8m	3.649	GACAAT
1034784	137	7A1	1.556	ACAATA
1034831	385	6m	1.834	ACAATA
1034836	955	6m	3.631	ACAATA
1034839	549	6m	2.000	ACAATA
1034839	1131	7A1	2.164	ACAATA
1034852	465	8m	1.008	GACAAT
1034879	432	o6	1.825	GACAAT
1034879	913	7A1	2.807	ACAATA
1034893	731	7A1	3.158	ACAATA
1034899	3500	6m	2.238	ACAATA
1034909	1926	6m	1.592	ACAATA
1034918	38	6m	1.335	ACAATA
1034927	152	o6	1.046	GACAAT
1034995	6649	6m	1.633	ACAATA
1034995	6692	7A1	2.016	ACAATA
1035037	1348	7A1	2.007	ACAATA
1035037	1579	6m	2.568	ACAATA
1035040	2555	6m	2.730	ACAATA
1035040	5189	7A1	1.279	ACAATA
1035040	5420	6m	1.762	ACAATA
1035043	696	6m	1.740	ACAATA
1035081	139	6m	1.810	ACAATA
1035126	665	7A1	2.044	ACAATA
1035132	36	7A1	1.888	ACAATA
1035153	176	7A1	2.674	ACAATA
1035192	562	7A1	2.031	ACAATA
1035213	1111	6m	1.560	ACAATA
1035213	2758	7A1	4.317	ACAATA
1035251	618	6m	1.682	ACAATA
1035251	793	7A1	1.041	ACAATA
1035252	945	7A1	1.405	ACAATA
1035269	73	7A1	1.733	ACAATA
1035269	82	7A1	1.733	ACAATA
1035276	915	8m	2.497	ACAATA
1035276	1222	7A1	1.929	ACAATA
1035276	1233	7A1	2.236	ACAATA
1035333	149	o6	1.695	GACAAT
1035356	1058	7A1	2.865	ACAATA
1035372	1112	6m	4.093	ACAATA
1035372	1123	o6	4.547	GACAAT
1035380	660	7A1	2.854	ACAATA
1035408	387	6m	2.782	ACAATA
1035408	573	7A1	3.028	ACAATA
1035447	895	6m	2.306	ACAATA
1035452	27	7A1	1.702	ACAATA
1035506	619	7m8	3.473	GACAAT
1035506	1177	6m	1.808	ACAATA
1035527	2798	o6	2.830	GACAAT
1035527	3351	7A1	1.940	ACAATA
1035536	546	7A1	1.238	ACAATA
1035536	2346	6m	1.275	ACAATA
1035561	814	6m	1.227	ACAATA
1035566	1298	6m	2.032	ACAATA
1035569	2331	6m	1.896	ACAATA
1035569	6423	7A1	1.921	ACAATA
1035569	6900	6m	1.397	ACAATA
1035569	7469	6m	1.376	ACAATA
1035569	9497	6m	2.621	ACAATA
1035569	9997	7A1	2.577	ACAATA
1035569	11497	7m8	1.541	GACAAT
1035569	11868	7A1	2.254	ACAATA
1035569	12049	7m8	2.254	GACAAT
1035569	13200	6m	1.240	ACAATA
1035569	13526	7A1	1.598	ACAATA
1035569	16454	8m	3.226	GACAAT
1035569	18324	6m	1.819	ACAATA
1035575	923	7A1	1.622	ACAATA
1035575	956	7A1	2.184	ACAATA
1035594	1582	o6	5.305	GACAAT
1035656	243	8m	1.431	GACAAT
1035656	2806	7A1	1.135	ACAATA
1035656	2824	7A1	1.216	ACAATA
1035656	2924	o6	1.966	GACAAT
1035656	3292	7A1	2.483	ACAATA
1035668	469	6m	1.096	ACAATA
1035669	695	7A1	1.952	ACAATA
1035683	121	6m	1.326	ACAATA
1035714	342	6m	2.321	ACAATA
1035726	858	6m	1.581	ACAATA
1035737	47	o6	1.548	GACAAT
1035737	803	7A1	2.125	ACAATA
1035773	103	7A1	3.024	ACAATA
1035783	3486	6m	2.264	ACAATA
1035783	4494	7A1	3.992	ACAATA
1035783	4520	7A1	1.560	ACAATA
1035798	2134	o6	1.201	GACAAT
1035798	3519	7A1	1.923	ACAATA
1035843	2042	o6	2.097	GACAAT
1035843	3508	7A1	1.058	ACAATA
1035904	410	o6	2.411	GACAAT
1035963	36	8m	1.893	GACAAT
1035963	127	8m	1.702	GACAAT
1035963	1491	8m	1.643	GACAAT
1035963	1858	8m	1.641	GACAAT
1035968	23	6m	1.288	ACAATA
1035974	968	7A1	2.781	ACAATA
1035989	346	o6	1.765	GACAAT
1035993	270	8m	1.169	GACAAT
1036001	2155	6m	1.560	ACAATA
1036046	913	7A1	3.558	ACAATA
1036053	213	7A1	3.196	ACAATA
1036053	1852	7A1	3.268	ACAATA
1036088	826	o6	2.621	GACAAT
1036127	315	7A1	1.476	ACAATA
1036127	1794	o6	3.548	GACAAT
1036127	4806	7A1	1.003	ACAATA
1036127	4821	7A1	2.415	ACAATA
1036127	8061	o6	2.008	GACAAT
1036127	9990	6m	1.445	ACAATA
1036127	10596	o6	2.350	GACAAT
1036127	11692	o6	1.606	GACAAT
1036127	13663	o6	1.248	GACAAT
1036128	114	o6	2.302	GACAAT
1036154	2260	7A1	2.468	ACAATA
1036154	3379	6m	1.084	ACAATA
1036154	3671	7A1	1.285	ACAATA
1036160	780	6m	2.713	ACAATA
1036169	946	7A1	2.106	ACAATA
1036179	270	7A1	2.256	ACAATA
1036259	429	6m	1.393	ACAATA
1036274	155	o6	1.285	GACAAT
1036343	1414	6m	1.429	ACAATA
1036343	1664	7A1	2.683	ACAATA
1036343	1676	6m	1.818	ACAATA
1036350	535	6m	1.468	ACAATA
1036367	1137	o6	2.616	GACAAT
1036405	298	6m	1.450	ACAATA
1036419	948	o6	1.409	GACAAT
1036419	1904	6m	1.755	ACAATA
1036419	2186	7A1	1.906	ACAATA
1036432	713	7A1	1.632	ACAATA
1036449	25	6m	1.177	ACAATA
1036449	778	8m	3.382	GACAAT
1036462	1287	6m	2.296	ACAATA
1036482	1943	7A1	1.322	ACAATA
1036537	387	6m	1.073	ACAATA
1036537	977	8m	3.232	GACAAT
1036558	1826	6m	3.398	ACAATA
1036566	783	7A1	1.128	ACAATA
1036568	2865	o6	2.005	GACAAT
1036568	4694	6m	1.533	ACAATA
1036598	165	6m	1.277	ACAATA
1036598	1541	6m	1.765	ACAATA
1036598	1677	7A1	2.263	ACAATA
1036601	486	o6	1.560	GACAAT
1036601	859	o6	2.301	GACAAT
1036622	21	o6	2.563	GACAAT
1036636	364	7A1	2.044	ACAATA
1036653	760	7A1	3.404	ACAATA
1036656	1204	8m	2.090	ACAATA
1036671	57	6m	1.322	ACAATA
1036679	110	7A1	1.667	ACAATA
1036691	133	6m	1.432	ACAATA
1036706	2480	6m	2.377	ACAATA
1036718	229	7A1	2.302	ACAATA
1036779	605	7A1	3.250	ACAATA
1036787	522	8m	3.389	GACAAT
1036787	1368	6m	2.981	ACAATA
1036842	30	7A1	1.306	ACAATA
1036884	605	7A1	3.857	ACAATA
1036910	255	6m	1.840	ACAATA
1036991	1790	6m	1.940	ACAATA
1037051	1557	6m	1.067	ACAATA
1037153	743	7A1	2.536	ACAATA
1037301	2741	6m	1.637	ACAATA
1037428	319	8m	2.873	GACAAT
1037467	200	7m8	1.138	GACAAT
1037474	903	o6	1.432	GACAAT
1037494	630	6m	2.023	ACAATA
1037494	1691	o6	1.288	GACAAT
1037494	2014	7A1	1.998	ACAATA
1037537	111	6m	1.613	ACAATA
1037554	214	o6	1.196	GACAAT
1037588	697	7m8	2.612	GACAAT
1037600	360	7A1	1.690	ACAATA
1037709	497	o6	2.457	GACAAT
1037720	104	7A1	2.744	ACAATA
1037745	604	7A1	1.928	ACAATA
1037823	227	7A1	2.198	ACAATA
1037832	281	6m	1.985	ACAATA
1037845	1804	6m	2.194	ACAATA
1037871	106	6m	2.044	ACAATA
1037920	373	o6	1.122	GACAAT
1037923	224	6m	1.560	ACAATA
1037971	602	7A1	2.321	ACAATA
1038000	297	6m	2.625	ACAATA
1038021	20	o6	2.009	GACAAT
1038021	2407	6m	1.282	ACAATA
1038021	2513	7A1	2.286	ACAATA
1038067	929	6m	2.776	ACAATA
1038084	327	7A1	1.841	ACAATA
1038105	24	o6	1.995	GACAAT
1038122	215	o6	1.338	GACAAT
1038122	974	o6	1.006	GACAAT
1038223	1383	6m	2.287	ACAATA
1038228	157	o6	1.186	GACAAT
1038228	405	7A1	2.405	ACAATA
1038234	265	7A1	1.910	ACAATA
1038269	68	7A1	1.227	ACAATA
1038290	196	6m	1.163	ACAATA
1038293	1679	7A1	2.611	ACAATA
1038293	1720	7A1	1.619	ACAATA
1038293	1752	7m8	2.062	GACAAT
1038293	2872	7A1	1.690	ACAATA
1038312	165	7A1	1.649	ACAATA
1038312	670	7A1	1.652	ACAATA
1038312	1493	6m	1.250	ACAATA
1038312	1577	7A1	2.030	ACAATA
1038312	2408	6m	1.563	ACAATA
1038312	2576	7A1	2.073	ACAATA
1038312	2758	6m	1.252	ACAATA
1038312	3654	6m	1.637	ACAATA
1038312	3821	6m	2.551	ACAATA
1038336	24	7A1	1.281	ACAATA
1038342	1131	6m	2.949	ACAATA
1038440	802	o6	1.019	GACAAT
1038440	1481	7A1	3.187	ACAATA
1038470	789	7A1	2.364	ACAATA
1038484	59	7A1	1.841	ACAATA
1038485	660	7m8	2.314	GACAAT
1038511	397	6m	1.270	ACAATA
1038521	955	6m	1.300	ACAATA
1038535	95	7A1	2.155	ACAATA
1038535	136	6m	1.548	ACAATA
1038535	181	7A1	3.711	ACAATA
1038548	1171	7A1	2.025	ACAATA
1038589	372	6m	1.159	ACAATA
1038589	843	7m8	3.960	GACAAT
1038640	2991	7A1	1.692	ACAATA
1038643	812	6m	2.757	ACAATA
1038643	833	7A1	3.031	ACAATA
1038670	1289	7m8	1.288	GACAAT
1038686	504	7A1	2.121	ACAATA
1038752	346	6m	1.229	ACAATA
1038796	189	7A1	2.087	ACAATA
1038833	589	7m8	1.682	GACAAT
1038873	212	7A1	2.209	ACAATA
1038873	956	7A1	3.208	ACAATA
1038897	1550	7A1	2.763	ACAATA
1038900	23	o6	1.377	GACAAT
1038900	849	6m	1.808	ACAATA
1038900	2572	7A1	2.763	ACAATA
1038923	1306	6m	1.890	ACAATA
1038933	1237	o6	1.917	GACAAT
1038945	293	8m	2.377	GACAAT
1038948	329	6m	1.254	ACAATA
1038953	268	7A1	1.815	ACAATA
1039057	78	7A1	1.518	ACAATA
1039061	2537	7A1	1.747	ACAATA
1039078	27	7A1	1.806	ACAATA
1039109	122	7A1	2.355	ACAATA
1039114	667	7A1	1.559	ACAATA
1039151	528	6m	2.031	ACAATA
1039199	901	7A1	2.329	ACAATA
1039202	1110	7A1	2.657	ACAATA
1039236	220	7A1	3.177	ACAATA
1039244	23	8m	1.560	GACAAT
1039250	98	o6	1.203	GACAAT
1039267	136	7A1	2.367	ACAATA
1039267	935	7A1	2.475	ACAATA
1039274	130	6m	2.748	ACAATA
1039274	186	6m	1.817	ACAATA
1039282	419	7A1	2.067	ACAATA
1039285	2371	6m	1.776	ACAATA
1039285	2422	6m	1.639	ACAATA
1039295	83	7A1	1.373	ACAATA
1039300	459	8m	2.366	GACAAT
1039356	71	6m	1.093	ACAATA
1039398	546	7A1	1.129	ACAATA
1039412	144	7A1	1.708	ACAATA
1039422	348	7A1	2.743	ACAATA
1039422	2896	o6	1.200	GACAAT
1039422	3131	6m	1.787	ACAATA
1039422	3954	6m	2.055	ACAATA
1039422	3969	6m	1.268	ACAATA
1039451	108	7A1	1.204	ACAATA
1039481	662	o6	1.921	GACAAT
1039502	399	7A1	1.560	ACAATA
1039502	749	7A1	1.560	ACAATA
1039502	3830	7A1	4.302	ACAATA
1039502	3927	o6	4.317	GACAAT
1039502	3938	8m	4.317	ACAATA
1039557	632	6m	1.328	ACAATA
1039563	4600	7A1	1.598	ACAATA
1039563	4762	7A1	1.903	ACAATA
1039563	5942	7A1	1.313	ACAATA
1039578	2866	o6	1.150	GACAAT
1039578	4817	7A1	3.596	ACAATA
1039578	5358	7A1	3.857	ACAATA
1039646	263	o6	2.030	GACAAT
1039651	73	6m	1.629	ACAATA
1039651	448	7m8	3.124	GACAAT
1039651	985	7A1	1.181	ACAATA
1039651	1060	7A1	3.016	ACAATA
1039718	832	6m	1.990	ACAATA
1039797	1111	o6	1.690	GACAAT
1039808	1805	7A1	3.154	ACAATA
1039811	1760	7A1	3.154	ACAATA
1039831	748	6m	4.105	ACAATA
1039831	2297	7A1	2.766	ACAATA
1039853	16	6m	2.268	ACAATA
1039853	1998	o6	1.651	GACAAT
1039853	2760	7A1	2.981	ACAATA
1039853	2772	7A1	2.781	ACAATA
1039853	4870	8m	2.957	GACAAT
1039858	4802	6m	2.659	ACAATA
1039858	5594	7A1	2.733	ACAATA
1039911	456	7A1	3.168	ACAATA
1039911	1088	7A1	2.321	ACAATA
1039919	264	6m	1.345	ACAATA
1039931	618	7m8	3.209	GACAAT
1039932	163	7A1	1.720	ACAATA
1039959	2704	7A1	2.794	ACAATA
1039965	219	o6	2.141	GACAAT
1039971	785	6m	1.220	ACAATA
1039995	131	7A1	1.976	ACAATA
1040012	1892	7A1	1.056	ACAATA
1040012	2311	o6	5.258	GACAAT
1040012	3420	7A1	2.159	ACAATA
1040016	1459	7A1	1.582	ACAATA
1040037	1794	7A1	3.154	ACAATA
1040048	955	6m	1.380	ACAATA
1040048	3436	6m	2.298	ACAATA
1040048	3934	7A1	2.775	ACAATA
1040049	2786	o6	1.552	GACAAT
1040058	1195	7A1	2.262	ACAATA
1040070	636	8m	3.157	GACAAT
1040070	1394	7A1	1.182	ACAATA
1040070	4080	o6	1.281	GACAAT
1040081	493	8m	1.456	GACAAT
1040091	896	7A1	4.010	ACAATA
1040129	1325	8m	3.565	GACAAT
1040129	1833	o6	2.274	GACAAT
1040135	1197	7A1	1.085	ACAATA
1040136	746	7m8	2.070	GACAAT
1040139	309	6m	1.031	ACAATA
1040165	1595	6m	1.109	ACAATA
1040165	2686	o6	2.652	GACAAT
1040165	4363	6m	1.294	ACAATA
1040171	1116	7A1	1.118	ACAATA
1040178	201	6m	1.567	ACAATA
1040183	250	7A1	2.854	ACAATA
1040190	1144	7A1	2.226	ACAATA
1040190	2173	6m	1.128	ACAATA
1040190	2761	o6	1.546	GACAAT
1040202	792	6m	2.391	ACAATA
1040202	2124	6m	3.052	ACAATA
1040228	1983	6m	1.690	ACAATA
1040240	309	7A1	2.412	ACAATA
1040240	815	7A1	2.128	ACAATA
1040246	465	6m	1.307	ACAATA
1040283	3585	7A1	1.513	ACAATA
1040283	3755	7A1	2.704	ACAATA
1040298	1374	6m	1.155	ACAATA
1040298	6352	6m	1.184	ACAATA
1040303	490	7A1	1.811	ACAATA
1040304	263	6m	1.575	ACAATA
1040318	1646	7A1	2.854	ACAATA
1040334	507	7A1	1.402	ACAATA
1040337	575	7A1	2.258	ACAATA
1040337	2199	7A1	1.288	ACAATA
1040337	2958	6m	1.129	ACAATA
1040346	230	7A1	3.132	ACAATA
1040346	1450	7m8	2.549	GACAAT
1040346	4676	7A1	2.015	ACAATA
1040360	773	6m	1.037	ACAATA
1040392	41	6m	1.168	ACAATA
1040392	1397	7A1	1.306	ACAATA
1040395	1714	o6	3.332	GACAAT
1040417	1295	o6	2.501	GACAAT
1040417	1638	6m	2.327	ACAATA
1040438	309	7m8	3.225	GACAAT
1040447	427	o6	1.917	GACAAT
1040447	714	6m	1.201	ACAATA
1040479	2294	o6	2.763	GACAAT
1040479	2300	o6	2.763	GACAAT
1040483	380	6m	1.412	ACAATA
1040486	1234	6m	1.028	ACAATA
1040486	2919	6m	1.029	ACAATA
1040495	294	6m	1.098	ACAATA
1040500	2915	7A1	1.468	ACAATA
1040503	177	7m8	1.546	GACAAT
1040507	70	8m	3.002	GACAAT
1040527	1676	6m	3.287	ACAATA
1040538	841	o6	1.932	GACAAT
1040538	2812	o6	1.513	GACAAT
1040542	2426	6m	1.427	ACAATA
1040542	3593	7A1	4.387	ACAATA
1040547	178	6m	1.391	ACAATA
1040553	1599	6m	2.449	ACAATA
1040553	1864	7A1	1.606	ACAATA
1040560	1012	6m	1.068	ACAATA
1040571	53	8m	1.609	ACAATA
1040584	897	6m	2.931	ACAATA
1040589	567	7A1	1.976	ACAATA
1040590	581	6m	1.526	ACAATA
1040590	735	7A1	2.018	ACAATA
1040590	1301	7A1	1.526	ACAATA
1040590	2846	7A1	1.007	ACAATA
1040590	2852	7A1	1.007	ACAATA
1040590	3689	6m	1.936	ACAATA
1040590	4407	o6	2.173	GACAAT
1040590	6816	7A1	1.387	ACAATA
1040632	298	7A1	2.009	ACAATA
1040635	1132	6m	1.709	ACAATA
1040635	1145	6m	1.335	ACAATA
1040635	2168	7A1	1.327	ACAATA
1040635	3226	6m	1.395	ACAATA
1040635	3342	7A1	1.627	ACAATA
1040635	3351	7A1	1.627	ACAATA
1040635	3484	7A1	1.294	ACAATA
1040646	2573	6m	1.314	ACAATA
1040662	47	7A1	1.919	ACAATA
