1000146	60	o6	2.645	TACAGG
1000195	763	o6	2.073	TACAGG
1000281	554	o6	1.423	TACAGG
1000512	67	o6	2.104	TACAGG
1000580	708	7m8	2.292	TACAGG
1000773	132	6m	2.757	ACAGGG
1001148	93	6m	1.952	ACAGGG
1001170	468	o6	1.244	TACAGG
1001514	768	7m8	1.284	ACAGGG
1001610	489	7A1	1.578	ACAGGG
1001661	796	6m	2.522	ACAGGG
1001948	1448	6m	1.060	ACAGGG
1002008	190	o6	1.533	TACAGG
1002383	452	7m8	1.984	TACAGG
1002815	1016	7m8	2.888	TACAGG
1002826	1519	o6	2.015	TACAGG
1003297	265	o6	1.988	TACAGG
1003325	169	o6	2.767	TACAGG
1003549	195	6m	1.113	ACAGGG
1003603	279	7A1	1.150	ACAGGG
1003615	441	8m	1.530	TACAGG
1003660	1459	6m	1.044	ACAGGG
1004005	74	o6	1.020	TACAGG
1004097	59	6m	1.626	ACAGGG
1005023	421	6m	2.026	ACAGGG
1005124	442	o6	1.878	TACAGG
1005349	1052	o6	2.393	TACAGG
1005568	532	o6	1.740	TACAGG
1006875	570	8m	2.040	TACAGG
1006928	227	o6	1.084	TACAGG
1007148	1080	6m	1.261	ACAGGG
1007242	4070	6m	3.005	ACAGGG
1007494	632	o6	1.606	TACAGG
1007869	106	7m8	1.559	TACAGG
1008072	244	o6	2.781	TACAGG
1008105	98	6m	1.052	ACAGGG
1008279	964	6m	1.456	ACAGGG
1008346	388	o6	1.953	TACAGG
1008897	169	o6	1.082	TACAGG
1009043	1649	o6	2.893	TACAGG
1010250	1110	6m	1.040	ACAGGG
1010818	483	o6	1.169	TACAGG
1010950	1175	6m	2.265	ACAGGG
1011131	626	7m8	1.157	ACAGGG
1011245	998	o6	2.660	TACAGG
1011620	55	7m8	2.559	TACAGG
1011658	573	6m	1.486	ACAGGG
1011776	498	o6	2.070	TACAGG
1011860	774	o6	1.328	TACAGG
1011868	155	o6	1.019	TACAGG
1012032	1032	6m	2.026	ACAGGG
1012174	483	o6	1.146	TACAGG
1012522	330	6m	1.221	ACAGGG
1013098	232	7A1	2.058	ACAGGG
1013102	130	7A1	1.467	ACAGGG
1013518	1039	7m8	2.443	TACAGG
1013670	1837	o6	1.191	TACAGG
1013939	42	o6	3.641	TACAGG
1013988	1207	7m8	4.302	ACAGGG
1013991	33	7m8	1.210	ACAGGG
1014183	1444	o6	1.206	TACAGG
1014864	186	7A1	2.575	ACAGGG
1014892	710	8m	2.073	TACAGG
1014981	2283	o6	1.073	TACAGG
1014988	5843	7A1	1.592	ACAGGG
1015526	1774	o6	1.690	TACAGG
1015526	1784	7A1	1.425	ACAGGG
1015572	2545	6m	1.464	ACAGGG
1015778	745	6m	1.936	ACAGGG
1016164	7	o6	1.043	TACAGG
1016220	20	6m	1.500	ACAGGG
1016605	94	o6	1.842	TACAGG
1016787	2956	o6	1.482	TACAGG
1017091	377	7m8	2.610	TACAGG
1017138	251	7m8	1.102	TACAGG
1017326	244	o6	1.255	TACAGG
1017690	329	o6	2.073	TACAGG
1017754	41	o6	1.647	TACAGG
1017805	555	o6	2.214	TACAGG
1018020	278	o6	1.322	TACAGG
1018243	3511	o6	1.041	TACAGG
1018278	580	o6	1.103	TACAGG
1018420	164	7A1	1.041	ACAGGG
1018661	360	7A1	2.131	ACAGGG
1018754	531	6m	1.711	ACAGGG
1018884	327	o6	1.818	TACAGG
1018894	28	o6	2.030	TACAGG
1019059	122	o6	1.274	TACAGG
1019095	45	6m	1.617	ACAGGG
1019465	94	o6	3.040	TACAGG
1019579	2227	o6	3.034	TACAGG
1019728	657	6m	2.317	ACAGGG
1019924	30	8m	2.095	TACAGG
1020258	0	o6	1.193	TACAGG
1020766	1339	o6	1.962	TACAGG
1020787	22	6m	1.520	ACAGGG
1021008	221	7m8	2.882	ACAGGG
1021267	47	o6	1.654	TACAGG
1021409	134	6m	1.322	ACAGGG
1021540	1519	7m8	3.028	TACAGG
1021879	351	o6	2.025	TACAGG
1021989	374	6m	1.004	ACAGGG
1022165	808	6m	2.321	ACAGGG
1022418	309	6m	1.497	ACAGGG
1022604	1207	o6	1.870	TACAGG
1023062	3868	o6	1.322	TACAGG
1023097	936	8m	2.490	TACAGG
1023110	1600	o6	1.267	TACAGG
1023350	176	o6	1.823	TACAGG
1023482	525	o6	1.321	TACAGG
1023599	4144	o6	2.544	TACAGG
1023599	6312	6m	1.055	ACAGGG
1023757	50	7A1	2.220	ACAGGG
1023775	121	o6	2.187	TACAGG
1023784	1890	o6	2.764	TACAGG
1023790	1957	6m	2.878	ACAGGG
1024529	849	7m8	2.757	TACAGG
1024529	1446	o6	2.311	TACAGG
1024619	383	o6	1.245	TACAGG
1024645	219	7A1	1.302	ACAGGG
1024648	594	o6	1.053	TACAGG
1024648	10563	o6	2.012	TACAGG
1024715	1563	8m	2.757	TACAGG
1024873	0	o6	1.997	TACAGG
1024983	90	o6	1.328	TACAGG
1025055	675	7m8	2.512	TACAGG
1025488	369	o6	1.259	TACAGG
1025693	244	o6	1.164	TACAGG
1025696	208	o6	1.631	TACAGG
1025872	64	7m8	1.254	TACAGG
1025929	869	6m	1.237	ACAGGG
1026185	156	o6	1.447	TACAGG
1026636	37	o6	1.782	TACAGG
1026652	1248	o6	1.354	TACAGG
1026708	193	o6	2.490	TACAGG
1026708	1120	o6	2.852	TACAGG
1026841	4782	o6	1.275	TACAGG
1026924	12	6m	1.955	ACAGGG
1027276	488	6m	1.882	ACAGGG
1027378	87	o6	2.234	TACAGG
1027989	119	6m	1.312	ACAGGG
1028007	638	o6	1.073	TACAGG
1028911	430	o6	1.558	TACAGG
1028998	299	7m8	1.711	TACAGG
1029091	347	o6	1.562	TACAGG
1029091	754	o6	1.606	TACAGG
1029782	1765	o6	2.076	TACAGG
1029862	536	6m	1.818	ACAGGG
1029994	137	o6	2.433	TACAGG
1030368	95	o6	1.504	TACAGG
1030451	1599	o6	1.722	TACAGG
1030556	1536	o6	2.544	TACAGG
1030566	1325	o6	2.931	TACAGG
1030713	1291	6m	1.328	ACAGGG
1030742	234	o6	1.485	TACAGG
1031036	87	8m	1.005	ACAGGG
1031223	996	o6	1.255	TACAGG
1031236	86	6m	1.218	ACAGGG
1032369	3082	7A1	1.666	ACAGGG
1032475	882	o6	1.240	TACAGG
1032684	44	6m	1.815	ACAGGG
1032777	268	o6	1.315	TACAGG
1032822	2735	7A1	1.614	ACAGGG
1032879	79	o6	1.577	TACAGG
1033218	228	o6	2.804	TACAGG
1033362	580	o6	1.762	TACAGG
1033508	355	o6	2.567	TACAGG
1033565	3489	o6	2.625	TACAGG
1033706	85	o6	1.160	TACAGG
1033711	669	7A1	1.600	ACAGGG
1033735	176	7m8	1.875	TACAGG
1033827	193	o6	1.264	TACAGG
1034304	1683	o6	2.366	TACAGG
1034316	28	o6	1.249	TACAGG
1034322	272	7A1	1.034	ACAGGG
1034514	276	7m8	3.028	TACAGG
1034789	440	7A1	1.084	ACAGGG
1035189	109	7A1	2.219	ACAGGG
1035569	1361	o6	1.321	TACAGG
1035762	799	6m	2.537	ACAGGG
1035801	2790	7A1	1.032	ACAGGG
1035843	2882	7m8	1.561	TACAGG
1035910	98	o6	1.038	TACAGG
1036100	318	6m	1.160	ACAGGG
1036127	847	o6	3.060	TACAGG
1036169	986	o6	3.142	TACAGG
1036471	64	7A1	1.485	ACAGGG
1036950	61	o6	1.328	TACAGG
1036950	283	6m	1.929	ACAGGG
1037845	364	6m	1.082	ACAGGG
1038085	535	7m8	1.237	TACAGG
1038160	625	7A1	1.560	ACAGGG
1038410	150	7m8	1.380	TACAGG
1038410	179	o6	2.321	TACAGG
1038431	516	o6	2.377	TACAGG
1038431	751	7A1	1.760	ACAGGG
1038431	758	7A1	1.760	ACAGGG
1038616	713	6m	2.575	ACAGGG
1038640	1707	o6	1.073	TACAGG
1038640	2596	o6	1.467	TACAGG
1038710	1274	o6	1.320	TACAGG
1038710	2097	o6	2.525	TACAGG
1038897	1457	o6	2.301	TACAGG
1038900	2479	o6	2.301	TACAGG
1039199	484	7m8	2.821	ACAGGG
1039202	324	6m	1.146	ACAGGG
1039267	332	6m	2.475	ACAGGG
1039502	2612	7m8	2.079	ACAGGG
1039502	4336	o6	4.375	TACAGG
1039578	493	7A1	2.045	ACAGGG
1039651	920	7A1	1.614	ACAGGG
1039928	28	o6	1.309	TACAGG
1039999	798	7m8	3.499	TACAGG
1039999	807	7A1	3.499	ACAGGG
1040016	764	7A1	1.103	ACAGGG
1040070	273	8m	2.321	TACAGG
1040253	51	6m	1.052	ACAGGG
1040303	2441	o6	1.105	TACAGG
1040304	79	o6	2.215	TACAGG
1040337	316	o6	1.549	TACAGG
1040367	870	6m	1.169	ACAGGG
1040434	2498	o6	1.468	TACAGG
1040542	1962	7m8	4.178	TACAGG
1040589	3007	7A1	2.978	ACAGGG
1040590	86	o6	1.734	TACAGG
