1000066	2447	o6	1.632	ATTCGA
1000069	808	o6	1.691	ATTCGA
1000069	2050	7m8	2.132	TTCGAG
1000090	429	o6	1.011	ATTCGA
1000129	490	8m	2.027	ATTCGA
1000200	278	6m	1.457	TTCGAG
1000249	1832	o6	1.147	ATTCGA
1000320	994	o6	2.037	ATTCGA
1000373	80	o6	1.001	ATTCGA
1000406	53	6m	1.159	TTCGAG
1000443	2715	7m8	1.790	ATTCGA
1000466	399	o6	1.314	ATTCGA
1000478	426	o6	2.036	ATTCGA
1000493	672	o6	2.199	ATTCGA
1000533	1197	6m	1.252	TTCGAG
1000533	1448	o6	1.380	ATTCGA
1000595	822	o6	1.906	ATTCGA
1000619	345	o6	1.579	ATTCGA
1000631	750	6m	2.505	TTCGAG
1000643	624	o6	2.533	ATTCGA
1000643	719	o6	2.409	ATTCGA
1000649	548	o6	1.951	ATTCGA
1000665	107	o6	1.006	ATTCGA
1000706	1211	o6	1.241	ATTCGA
1000779	1567	6m	2.061	TTCGAG
1000817	421	o6	3.333	ATTCGA
1000829	715	6m	1.284	TTCGAG
1000874	114	o6	1.496	ATTCGA
1000880	189	6m	1.903	TTCGAG
1000929	70	o6	1.156	ATTCGA
1000979	211	o6	2.533	ATTCGA
1000991	15	7m8	1.572	ATTCGA
1001037	100	o6	2.667	ATTCGA
1001179	392	o6	1.034	ATTCGA
1001224	75	o6	1.485	ATTCGA
1001244	805	o6	2.781	ATTCGA
1001346	258	o6	1.251	ATTCGA
1001354	42	7m8	1.473	TTCGAG
1001411	184	8m	1.757	ATTCGA
1001487	50	o6	1.540	ATTCGA
1001533	2113	o6	1.333	ATTCGA
1001577	935	o6	1.210	ATTCGA
1001724	456	o6	1.606	ATTCGA
1001738	859	6m	1.300	TTCGAG
1001817	921	o6	2.849	ATTCGA
1001817	2255	o6	1.906	ATTCGA
1001862	358	o6	1.606	ATTCGA
1001916	235	o6	1.439	ATTCGA
1001949	524	8m	1.103	ATTCGA
1002080	736	o6	1.322	ATTCGA
1002084	10	7A1	1.434	TTCGAG
1002084	19	7m8	1.073	TTCGAG
1002084	542	7m8	1.009	ATTCGA
1002102	642	7m8	3.270	TTCGAG
1002117	339	o6	1.268	ATTCGA
1002117	344	o6	1.268	ATTCGA
1002155	999	7A1	1.322	TTCGAG
1002325	165	o6	1.741	ATTCGA
1002349	56	o6	1.563	ATTCGA
1002374	93	8m	1.006	ATTCGA
1002445	258	o6	1.382	ATTCGA
1002602	42	o6	1.240	ATTCGA
1002826	2303	7m8	2.313	ATTCGA
1002979	154	7m8	2.523	TTCGAG
1003128	529	7m8	1.376	ATTCGA
1003170	468	7A1	1.002	TTCGAG
1003178	284	o6	1.407	ATTCGA
1003184	744	6m	1.947	TTCGAG
1003298	363	7A1	1.070	TTCGAG
1003393	99	o6	1.286	ATTCGA
1003570	810	o6	1.042	ATTCGA
1003631	3260	8m	1.362	ATTCGA
1003648	259	o6	1.633	ATTCGA
1004503	1915	o6	1.195	ATTCGA
1004577	614	6m	1.548	TTCGAG
1004657	388	7A1	1.810	TTCGAG
1004750	184	7m8	1.328	ATTCGA
1004796	188	7m8	1.563	ATTCGA
1005000	470	o6	3.720	ATTCGA
1005000	499	o6	3.657	ATTCGA
1005006	478	7m8	1.156	ATTCGA
1005066	66	6m	1.294	TTCGAG
1005124	426	o6	1.138	ATTCGA
1005352	1344	o6	1.215	ATTCGA
1005374	548	o6	1.567	ATTCGA
1005470	151	6m	2.281	TTCGAG
1005470	366	6m	1.493	TTCGAG
1005470	1558	o6	2.058	ATTCGA
1005607	128	o6	1.159	ATTCGA
1005646	652	6m	2.608	TTCGAG
1005646	766	6m	1.690	TTCGAG
1005646	3041	o6	1.552	ATTCGA
1005646	4341	o6	3.398	ATTCGA
1005677	501	7m8	1.397	TTCGAG
1005694	80	o6	2.377	ATTCGA
1005701	265	o6	1.205	ATTCGA
1005829	43	o6	1.430	ATTCGA
1005903	194	o6	2.298	ATTCGA
1006137	118	o6	1.906	ATTCGA
1006518	480	7A1	1.764	TTCGAG
1006548	526	7A1	1.246	TTCGAG
1006692	157	6m	1.324	TTCGAG
1006693	513	6m	1.613	TTCGAG
1006707	1636	o6	1.405	ATTCGA
1006790	174	7m8	1.130	ATTCGA
1006940	112	o6	1.241	ATTCGA
1007041	879	o6	1.640	ATTCGA
1007041	948	6m	1.485	TTCGAG
1007041	958	6m	1.485	TTCGAG
1007133	594	o6	1.297	ATTCGA
1007136	106	o6	1.297	ATTCGA
1007189	43	o6	2.087	ATTCGA
1007207	673	o6	2.544	ATTCGA
1007207	1025	6m	1.053	TTCGAG
1007213	1798	o6	1.365	ATTCGA
1007340	589	o6	2.544	ATTCGA
1007413	296	6m	1.623	TTCGAG
1007484	1058	6m	1.737	TTCGAG
1007484	1172	6m	1.053	TTCGAG
1007490	123	o6	1.511	ATTCGA
1007629	383	6m	1.301	TTCGAG
1007647	1891	7m8	3.034	ATTCGA
1007673	95	o6	1.912	ATTCGA
1007685	456	o6	1.041	ATTCGA
1007685	461	o6	1.041	ATTCGA
1007731	1172	7m8	1.795	TTCGAG
1007740	998	7A1	2.396	TTCGAG
1007758	86	o6	1.373	ATTCGA
1007789	874	o6	2.309	ATTCGA
1007812	1788	o6	1.367	ATTCGA
1007812	3468	o6	1.838	ATTCGA
1007812	6190	o6	2.723	ATTCGA
1007840	1505	o6	1.241	ATTCGA
1007897	396	6m	1.052	TTCGAG
1007915	182	7m8	1.212	ATTCGA
1007920	1446	o6	1.322	ATTCGA
1007923	708	o6	1.469	ATTCGA
1007980	519	o6	1.825	ATTCGA
1008000	42	o6	1.716	ATTCGA
1008003	117	7A1	1.073	TTCGAG
1008015	122	o6	1.340	ATTCGA
1008018	88	o6	1.620	ATTCGA
1008036	456	8m	1.737	ATTCGA
1008081	503	6m	2.031	TTCGAG
1008093	209	o6	1.207	ATTCGA
1008093	514	o6	1.308	ATTCGA
1008093	1298	8m	1.912	ATTCGA
1008145	205	o6	1.053	ATTCGA
1008145	5074	o6	1.247	ATTCGA
1008145	5079	o6	1.247	ATTCGA
1008174	601	o6	2.181	ATTCGA
1008225	1202	o6	1.524	ATTCGA
1008285	591	7A1	1.396	TTCGAG
1008285	2037	o6	2.159	ATTCGA
1008286	1842	o6	1.480	ATTCGA
1008358	476	8m	1.119	ATTCGA
1008372	608	o6	1.910	ATTCGA
1008409	1221	8m	1.016	TTCGAG
1008521	1187	o6	1.284	ATTCGA
1008606	598	o6	1.955	ATTCGA
1008611	47	o6	2.362	ATTCGA
1008650	873	6m	1.284	TTCGAG
1008755	1019	o6	1.569	ATTCGA
1008813	185	o6	3.011	ATTCGA
1008866	481	7A1	1.800	TTCGAG
1008875	120	7A1	1.987	TTCGAG
1008902	32	o6	1.190	ATTCGA
1008903	548	o6	1.736	ATTCGA
1008923	73	7m8	1.087	ATTCGA
1009026	561	o6	1.606	ATTCGA
1009037	1196	7m8	1.031	TTCGAG
1009037	3266	o6	1.612	ATTCGA
1009068	814	o6	1.278	ATTCGA
1009083	275	o6	1.680	ATTCGA
1009101	159	6m	1.489	TTCGAG
1009101	377	8m	1.145	ATTCGA
1009191	297	o6	1.009	ATTCGA
1009267	794	o6	1.517	ATTCGA
1009300	467	o6	1.882	ATTCGA
1009331	78	8m	1.843	ATTCGA
1009366	203	6m	1.606	TTCGAG
1009369	3255	o6	1.590	ATTCGA
1009475	943	o6	1.613	ATTCGA
1009500	884	6m	1.993	TTCGAG
1009748	1758	6m	1.889	TTCGAG
1009799	604	7m8	1.957	ATTCGA
1009799	683	o6	1.087	ATTCGA
1009873	964	6m	1.036	TTCGAG
1009942	162	7A1	1.214	TTCGAG
1009975	288	o6	1.731	ATTCGA
1010043	112	o6	1.199	ATTCGA
1010054	137	o6	2.802	ATTCGA
1010111	114	o6	1.376	ATTCGA
1010111	562	o6	1.590	ATTCGA
1010120	22	o6	1.253	ATTCGA
1010250	1415	6m	2.322	TTCGAG
1010260	35	6m	1.385	TTCGAG
1010358	1087	o6	1.280	ATTCGA
1010365	1371	o6	2.674	ATTCGA
1010401	1317	6m	1.419	TTCGAG
1010401	3574	6m	1.052	TTCGAG
1010426	133	o6	1.349	ATTCGA
1010426	249	o6	1.278	ATTCGA
1010533	1778	o6	1.790	ATTCGA
1010608	348	o6	1.680	ATTCGA
1010659	256	7A1	1.368	TTCGAG
1010950	1457	o6	2.749	ATTCGA
1011060	338	o6	1.517	ATTCGA
1011144	249	7m8	1.557	ATTCGA
1011251	401	7m8	1.285	ATTCGA
1011333	993	o6	1.110	ATTCGA
1011430	704	o6	1.077	ATTCGA
1011430	710	7m8	1.077	ATTCGA
1011430	798	o6	1.782	ATTCGA
1011445	247	7m8	2.750	ATTCGA
1011491	198	o6	1.254	ATTCGA
1011607	87	o6	1.020	ATTCGA
1011706	249	o6	1.394	ATTCGA
1011809	249	o6	2.268	ATTCGA
1011860	713	o6	1.709	ATTCGA
1011932	576	o6	2.863	ATTCGA
1012008	328	o6	2.039	ATTCGA
1012074	289	o6	1.066	ATTCGA
1012087	69	6m	2.148	TTCGAG
1012102	62	o6	1.026	ATTCGA
1012424	111	o6	1.297	ATTCGA
1012483	60	6m	1.820	TTCGAG
1012542	111	8m	2.045	TTCGAG
1012579	43	o6	1.314	ATTCGA
1012666	480	o6	1.184	ATTCGA
1012740	333	7m8	2.191	ATTCGA
1012776	1582	6m	2.226	TTCGAG
1012857	178	o6	1.311	ATTCGA
1012947	105	o6	1.906	ATTCGA
1013108	443	8m	2.077	ATTCGA
1013241	676	o6	1.881	ATTCGA
1013241	762	o6	2.065	ATTCGA
1013312	2079	o6	1.139	ATTCGA
1013327	2079	o6	1.953	ATTCGA
1013327	2084	o6	1.953	ATTCGA
1013444	61	6m	1.073	TTCGAG
1013518	1228	o6	1.245	ATTCGA
1013521	896	7A1	2.073	TTCGAG
1013573	425	6m	2.004	TTCGAG
1013591	318	o6	1.288	ATTCGA
1013591	4546	o6	1.125	ATTCGA
1013600	651	o6	2.708	ATTCGA
1013643	602	o6	1.426	ATTCGA
1013643	942	6m	1.097	TTCGAG
1013670	2371	8m	1.122	ATTCGA
1013687	289	7A1	1.047	TTCGAG
1013772	493	o6	2.351	ATTCGA
1013885	2000	o6	1.525	ATTCGA
1013953	353	6m	1.312	TTCGAG
1014294	272	6m	1.315	TTCGAG
1014418	2365	o6	1.577	ATTCGA
1014447	476	7m8	1.076	ATTCGA
1014465	174	o6	2.169	ATTCGA
1014486	92	o6	1.042	ATTCGA
1014486	635	o6	1.561	ATTCGA
1014638	1281	7m8	1.162	TTCGAG
1014697	283	6m	1.094	TTCGAG
1014864	695	o6	1.523	ATTCGA
1014884	2335	o6	3.034	ATTCGA
1014898	1875	o6	1.606	ATTCGA
1014899	285	o6	1.931	ATTCGA
1014899	746	7m8	1.490	ATTCGA
1014981	1807	7A1	2.854	TTCGAG
1014988	5911	6m	2.654	TTCGAG
1014988	7187	7m8	1.983	ATTCGA
1015041	2172	o6	1.539	ATTCGA
1015041	5239	o6	1.292	ATTCGA
1015085	1685	o6	1.053	ATTCGA
1015150	56	o6	1.373	ATTCGA
1015228	1235	o6	1.090	ATTCGA
1015259	335	7A1	1.255	TTCGAG
1015291	1227	o6	1.680	ATTCGA
1015375	141	o6	1.011	ATTCGA
1015480	291	7m8	1.513	TTCGAG
1015480	438	o6	1.284	ATTCGA
1015480	812	6m	1.084	TTCGAG
1015552	2149	o6	2.273	ATTCGA
1015555	67	o6	2.275	ATTCGA
1015555	3825	o6	1.328	ATTCGA
1015572	4398	7m8	1.690	ATTCGA
1015661	265	6m	1.661	TTCGAG
1015714	584	o6	1.349	ATTCGA
1015714	700	o6	1.278	ATTCGA
1015777	659	6m	2.834	TTCGAG
1015784	13	o6	3.202	ATTCGA
1015789	399	6m	1.322	TTCGAG
1015789	2016	o6	1.447	ATTCGA
1015823	1251	7m8	2.179	ATTCGA
1015891	216	o6	1.618	ATTCGA
1015895	143	7m8	1.039	TTCGAG
1015995	1022	o6	3.034	ATTCGA
1016016	1428	6m	1.380	TTCGAG
1016019	2020	6m	1.871	TTCGAG
1016020	2148	7A1	1.400	TTCGAG
1016029	1675	o6	1.577	ATTCGA
1016098	6362	7A1	2.560	TTCGAG
1016154	325	6m	1.763	TTCGAG
1016176	527	o6	1.053	ATTCGA
1016250	469	8m	1.906	TTCGAG
1016265	133	o6	1.113	ATTCGA
1016275	614	6m	1.057	TTCGAG
1016356	621	7m8	1.333	ATTCGA
1016422	1019	o6	1.053	ATTCGA
1016428	468	o6	1.047	ATTCGA
1016439	770	7A1	1.161	TTCGAG
1016511	1188	o6	2.187	ATTCGA
1016556	124	o6	1.986	ATTCGA
1016562	322	o6	2.048	ATTCGA
1016574	1073	o6	1.291	ATTCGA
1016574	1656	o6	1.515	ATTCGA
1016574	2982	o6	1.764	ATTCGA
1016577	110	7m8	1.561	ATTCGA
1016599	232	6m	2.443	TTCGAG
1016599	1640	o6	2.544	ATTCGA
1016620	163	o6	2.007	ATTCGA
1016691	484	8m	1.423	ATTCGA
1016706	191	7m8	1.039	ATTCGA
1016707	83	7m8	2.799	ATTCGA
1016787	1354	o6	1.102	ATTCGA
1016806	996	o6	1.010	ATTCGA
1016860	1312	o6	1.818	ATTCGA
1016965	1247	7A1	1.893	TTCGAG
1016986	205	7m8	1.032	ATTCGA
1017009	40	8m	1.026	ATTCGA
1017157	853	6m	2.046	TTCGAG
1017197	126	o6	2.443	ATTCGA
1017204	1321	o6	1.606	ATTCGA
1017207	745	7A1	1.307	TTCGAG
1017375	169	o6	1.281	ATTCGA
1017384	350	7m8	1.051	ATTCGA
1017433	207	o6	1.649	ATTCGA
1017451	782	6m	1.075	TTCGAG
1017733	372	6m	2.544	TTCGAG
1017814	959	7A1	1.400	TTCGAG
1017814	2021	6m	1.383	TTCGAG
1017814	2423	6m	2.520	TTCGAG
1017827	47	o6	1.017	ATTCGA
1017905	173	o6	1.439	ATTCGA
1017911	343	o6	1.501	ATTCGA
1017919	1897	o6	1.013	ATTCGA
1018243	2001	o6	1.920	ATTCGA
1018304	45	o6	1.029	ATTCGA
1018304	73	o6	2.015	ATTCGA
1018344	1403	o6	1.322	ATTCGA
1018498	744	6m	2.726	TTCGAG
1018530	2977	8m	1.307	ATTCGA
1018661	1298	o6	1.939	ATTCGA
1018703	348	7m8	1.606	ATTCGA
1018727	949	7m8	2.220	ATTCGA
1018744	37	6m	1.148	TTCGAG
1019037	796	7A1	1.328	TTCGAG
1019147	2308	o6	1.405	ATTCGA
1019147	2759	o6	1.084	ATTCGA
1019441	283	o6	1.306	ATTCGA
1019441	296	o6	1.053	ATTCGA
1019465	634	6m	1.141	TTCGAG
1019514	2259	o6	1.209	ATTCGA
1019854	239	o6	3.703	ATTCGA
1020149	49	o6	1.053	ATTCGA
1020219	2106	6m	1.962	TTCGAG
1020220	517	o6	1.903	ATTCGA
1020234	219	7m8	1.318	ATTCGA
1020241	1640	o6	1.115	ATTCGA
1020435	2047	6m	2.500	TTCGAG
1020491	429	8m	2.084	TTCGAG
1020495	628	o6	1.053	ATTCGA
1020503	90	o6	1.322	ATTCGA
1020568	43	6m	1.169	TTCGAG
1020661	908	8m	1.562	TTCGAG
1020661	1552	7m8	1.504	ATTCGA
1020686	1106	6m	2.033	TTCGAG
1021540	849	6m	1.288	TTCGAG
1021566	2522	o6	2.834	ATTCGA
1021721	57	o6	2.179	ATTCGA
1021736	3	o6	1.188	ATTCGA
1021818	131	o6	2.329	ATTCGA
1021866	122	o6	1.711	ATTCGA
1021866	186	6m	2.004	TTCGAG
1021866	1749	o6	1.201	ATTCGA
1021909	1635	6m	1.500	TTCGAG
1021962	688	6m	1.845	TTCGAG
1022116	368	o6	1.672	ATTCGA
1022129	1408	7m8	1.186	ATTCGA
1022173	243	o6	1.208	ATTCGA
1022235	1522	o6	1.032	ATTCGA
1022466	33	6m	1.360	TTCGAG
1022530	51	o6	1.370	ATTCGA
1022568	149	7m8	1.007	ATTCGA
1022568	1079	7m8	1.264	ATTCGA
1022604	1217	6m	2.141	TTCGAG
1022632	631	o6	1.073	ATTCGA
1022698	43	o6	1.227	ATTCGA
1022820	1629	6m	1.123	TTCGAG
1022932	1907	o6	1.047	ATTCGA
1022941	2779	o6	1.084	ATTCGA
1022974	159	7A1	1.510	TTCGAG
1023004	564	o6	2.220	ATTCGA
1023027	564	o6	1.244	ATTCGA
1023080	693	o6	1.682	ATTCGA
1023097	2572	o6	1.598	ATTCGA
1023097	3136	7A1	1.600	TTCGAG
1023104	75	o6	1.530	ATTCGA
1023127	64	6m	1.347	TTCGAG
1023154	425	6m	1.674	TTCGAG
1023154	797	6m	1.264	TTCGAG
1023253	499	o6	1.180	ATTCGA
1023256	1052	o6	1.606	ATTCGA
1023278	277	o6	2.013	ATTCGA
1023281	464	o6	2.412	ATTCGA
1023387	47	o6	1.375	ATTCGA
1023572	1749	o6	1.328	ATTCGA
1023599	191	o6	1.282	ATTCGA
1023599	3281	7m8	1.244	ATTCGA
1023681	163	o6	1.268	ATTCGA
1023681	1421	8m	1.347	TTCGAG
1023727	359	7m8	1.649	ATTCGA
1023784	1399	o6	2.764	ATTCGA
1023784	4334	o6	1.924	ATTCGA
1023805	4014	o6	1.316	ATTCGA
1023831	29	7m8	1.005	ATTCGA
1023847	1266	6m	1.364	TTCGAG
1023881	601	o6	1.321	ATTCGA
1023897	937	o6	1.685	ATTCGA
1023970	458	o6	1.236	ATTCGA
1024003	425	o6	1.107	ATTCGA
1024019	1112	o6	1.040	ATTCGA
1024025	2300	o6	1.248	ATTCGA
1024028	633	6m	1.867	TTCGAG
1024028	1006	o6	1.542	ATTCGA
1024093	509	o6	1.818	ATTCGA
1024159	586	o6	2.125	ATTCGA
1024169	1139	o6	2.326	ATTCGA
1024279	620	o6	1.293	ATTCGA
1024381	711	o6	1.419	ATTCGA
1024385	91	6m	1.886	TTCGAG
1024397	3254	7m8	2.425	ATTCGA
1024397	3391	o6	1.389	ATTCGA
1024397	3645	6m	1.809	TTCGAG
1024406	669	o6	1.328	ATTCGA
1024448	905	o6	3.016	ATTCGA
1024465	2315	7m8	2.544	ATTCGA
1024486	822	o6	2.361	ATTCGA
1024556	1398	o6	1.005	ATTCGA
1024612	2018	6m	1.430	TTCGAG
1024619	3234	o6	1.261	ATTCGA
1024639	1037	o6	1.192	ATTCGA
1024648	1063	o6	2.159	ATTCGA
1024648	3697	7A1	1.087	TTCGAG
1024648	5355	o6	1.566	ATTCGA
1024648	7034	6m	1.268	TTCGAG
1024715	338	o6	2.403	ATTCGA
1024757	796	7m8	1.405	ATTCGA
1024807	201	o6	1.819	ATTCGA
1025059	2039	o6	2.533	ATTCGA
1025064	1995	o6	1.567	ATTCGA
1025158	718	6m	2.088	TTCGAG
1025204	677	8m	1.212	TTCGAG
1025207	470	o6	1.565	ATTCGA
1025242	1130	o6	1.976	ATTCGA
1025250	52	o6	4.816	ATTCGA
1025269	206	o6	1.255	ATTCGA
1025293	338	7A1	1.582	TTCGAG
1025293	728	6m	1.290	TTCGAG
1025340	495	8m	2.442	ATTCGA
1025367	1128	7m8	1.413	ATTCGA
1025392	64	o6	1.304	ATTCGA
1025475	1443	6m	1.031	TTCGAG
1025565	96	7A1	1.633	TTCGAG
1025565	904	o6	1.533	ATTCGA
1025654	1616	o6	1.159	ATTCGA
1025665	802	o6	1.384	ATTCGA
1025669	246	o6	2.160	ATTCGA
1025775	71	o6	1.029	ATTCGA
1025781	137	o6	1.660	ATTCGA
1025934	498	o6	1.658	ATTCGA
1026185	870	o6	1.012	ATTCGA
1026235	621	7m8	1.582	ATTCGA
1026498	537	8m	2.007	ATTCGA
1026652	699	o6	1.519	ATTCGA
1026688	1225	o6	1.736	ATTCGA
1026688	3143	o6	1.005	ATTCGA
1026711	2778	o6	1.690	ATTCGA
1026841	2629	o6	1.773	ATTCGA
1026965	358	7m8	1.581	TTCGAG
1026965	1638	7m8	2.064	ATTCGA
1026965	2146	o6	1.684	ATTCGA
1026981	570	o6	2.073	ATTCGA
1026981	942	o6	1.950	ATTCGA
1026999	2396	o6	1.254	ATTCGA
1027073	424	o6	1.922	ATTCGA
1027417	943	o6	1.596	ATTCGA
1027486	312	o6	1.215	ATTCGA
1027499	536	o6	2.583	ATTCGA
1027502	3512	o6	2.583	ATTCGA
1027534	89	o6	1.225	ATTCGA
1027605	132	6m	1.292	TTCGAG
1027608	845	6m	1.048	TTCGAG
1027697	248	8m	2.520	TTCGAG
1027749	92	o6	1.690	ATTCGA
1027942	147	o6	1.453	ATTCGA
1028007	1639	o6	1.382	ATTCGA
1028011	1824	7A1	1.640	TTCGAG
1028081	179	o6	1.384	ATTCGA
1028082	242	o6	1.751	ATTCGA
1028447	1795	6m	1.164	TTCGAG
1028533	59	o6	1.341	ATTCGA
1028578	401	6m	1.321	TTCGAG
1028701	50	6m	1.606	TTCGAG
1028734	4764	o6	1.184	ATTCGA
1028848	134	6m	1.053	TTCGAG
1028935	74	o6	2.834	ATTCGA
1029024	199	o6	1.103	ATTCGA
1029046	918	o6	2.098	ATTCGA
1029061	123	o6	1.896	ATTCGA
1029069	825	o6	1.155	ATTCGA
1029069	2789	o6	1.315	ATTCGA
1029097	1126	o6	1.664	ATTCGA
1029192	1013	7m8	1.882	ATTCGA
1029192	2318	o6	2.282	ATTCGA
1029369	1893	6m	2.276	TTCGAG
1029388	219	6m	1.007	TTCGAG
1029394	235	7A1	2.049	TTCGAG
1029517	1261	o6	1.073	ATTCGA
1029517	1964	o6	1.672	ATTCGA
1029564	790	o6	1.028	ATTCGA
1029592	31	o6	1.076	ATTCGA
1030132	89	o6	1.416	ATTCGA
1030148	350	o6	2.606	ATTCGA
1030192	412	o6	1.053	ATTCGA
1030258	513	o6	1.439	ATTCGA
1030335	862	6m	2.073	TTCGAG
1030340	469	7m8	1.212	ATTCGA
1030340	644	o6	2.033	ATTCGA
1030340	693	o6	1.254	ATTCGA
1030461	16	6m	1.035	TTCGAG
1030584	54	o6	1.086	ATTCGA
1030716	1128	o6	1.558	ATTCGA
1031013	248	o6	1.821	ATTCGA
1031090	562	o6	1.405	ATTCGA
1031129	80	o6	2.350	ATTCGA
1031142	547	8m	1.047	ATTCGA
1031156	1441	7m8	2.073	ATTCGA
1031223	906	6m	1.284	TTCGAG
1031235	129	o6	1.122	ATTCGA
1031268	65	o6	2.376	ATTCGA
1031304	868	o6	2.661	ATTCGA
1031304	1341	6m	1.190	TTCGAG
1031307	3114	o6	1.288	ATTCGA
1031390	2993	7A1	2.227	TTCGAG
1031498	2313	o6	2.562	ATTCGA
1031593	1176	o6	1.606	ATTCGA
1031805	1156	o6	1.048	ATTCGA
1031814	65	o6	2.326	ATTCGA
1031821	125	o6	2.471	ATTCGA
1031833	1001	6m	1.053	TTCGAG
1031887	549	6m	1.023	TTCGAG
1031994	340	7m8	1.606	ATTCGA
1032028	264	6m	1.000	TTCGAG
1032028	293	o6	1.560	ATTCGA
1032031	1719	o6	2.252	ATTCGA
1032058	46	6m	1.400	TTCGAG
1032058	61	7A1	1.560	TTCGAG
1032145	34	o6	1.956	ATTCGA
1032231	17	6m	2.538	TTCGAG
1032456	92	6m	1.082	TTCGAG
1032508	1666	6m	2.147	TTCGAG
1032508	1899	o6	3.948	ATTCGA
1032519	916	6m	1.189	TTCGAG
1032537	73	o6	3.398	ATTCGA
1032622	3720	o6	1.120	ATTCGA
1032622	4300	o6	1.284	ATTCGA
1032628	98	o6	1.435	ATTCGA
1032634	703	o6	1.637	ATTCGA
1032693	2246	o6	1.249	ATTCGA
1032777	149	o6	1.631	ATTCGA
1032843	315	o6	2.198	ATTCGA
1032903	245	6m	1.062	TTCGAG
1032918	890	o6	2.252	ATTCGA
1032921	131	o6	1.636	ATTCGA
1032976	95	6m	1.497	TTCGAG
1032981	595	o6	1.228	ATTCGA
1033008	2731	o6	2.922	ATTCGA
1033008	3315	7m8	1.379	TTCGAG
1033070	1015	7m8	2.031	TTCGAG
1033141	6194	o6	1.034	ATTCGA
1033152	130	7m8	1.770	TTCGAG
1033152	1178	8m	1.349	ATTCGA
1033196	932	7A1	1.441	TTCGAG
1033205	232	7A1	1.727	TTCGAG
1033244	470	8m	1.423	ATTCGA
1033281	621	7m8	1.284	TTCGAG
1033333	772	o6	1.128	ATTCGA
1033469	861	o6	1.040	ATTCGA
1033478	523	o6	2.231	ATTCGA
1033481	1838	o6	2.794	ATTCGA
1033481	2960	o6	2.794	ATTCGA
1033481	4876	o6	2.368	ATTCGA
1033527	306	o6	3.077	ATTCGA
1033527	387	6m	1.263	TTCGAG
1033535	441	o6	2.409	ATTCGA
1033565	1768	6m	3.534	TTCGAG
1033565	2109	7m8	2.507	ATTCGA
1033565	2647	7A1	2.112	TTCGAG
1033565	2902	6m	1.411	TTCGAG
1033565	3082	6m	3.469	TTCGAG
1033602	810	o6	2.807	ATTCGA
1033732	588	7A1	1.642	TTCGAG
1033736	240	7m8	1.418	ATTCGA
1033742	176	6m	1.678	TTCGAG
1033751	543	o6	1.151	ATTCGA
1033754	172	o6	1.151	ATTCGA
1033795	1691	o6	1.284	ATTCGA
1033877	361	o6	1.049	ATTCGA
1034185	615	7A1	1.001	TTCGAG
1034247	1756	6m	2.262	TTCGAG
1034248	33	o6	1.485	ATTCGA
1034284	251	6m	1.500	TTCGAG
1034304	1026	7m8	2.155	ATTCGA
1034308	629	6m	1.853	TTCGAG
1034328	180	6m	2.627	TTCGAG
1034331	4464	o6	1.749	ATTCGA
1034361	1225	6m	2.075	TTCGAG
1034413	223	o6	1.262	ATTCGA
1034448	698	o6	1.384	ATTCGA
1034529	143	o6	1.880	ATTCGA
1034539	168	o6	2.290	ATTCGA
1034556	1767	6m	1.975	TTCGAG
1034556	2521	7A1	1.954	TTCGAG
1034569	3290	o6	1.692	ATTCGA
1034569	5642	o6	1.193	ATTCGA
1034589	498	o6	1.797	ATTCGA
1034843	571	o6	1.212	ATTCGA
1034902	311	o6	1.998	ATTCGA
1034995	4241	o6	1.015	ATTCGA
1035001	1663	o6	1.362	ATTCGA
1035040	2073	6m	1.936	TTCGAG
1035040	2817	6m	1.230	TTCGAG
1035043	1715	o6	1.487	ATTCGA
1035069	414	6m	1.606	TTCGAG
1035114	183	6m	1.349	TTCGAG
1035136	527	o6	2.017	ATTCGA
1035192	857	7A1	1.349	TTCGAG
1035207	62	o6	1.046	ATTCGA
1035213	2254	o6	2.429	ATTCGA
1035251	775	6m	1.143	TTCGAG
1035288	2682	o6	1.548	ATTCGA
1035380	275	8m	1.800	ATTCGA
1035380	468	6m	1.083	TTCGAG
1035380	754	6m	1.606	TTCGAG
1035408	506	o6	2.556	ATTCGA
1035506	323	o6	1.117	ATTCGA
1035566	1126	o6	2.432	ATTCGA
1035569	8929	o6	1.278	ATTCGA
1035575	475	o6	1.073	ATTCGA
1035582	1122	6m	1.040	TTCGAG
1035656	2667	6m	1.220	TTCGAG
1035704	982	6m	2.582	TTCGAG
1035711	405	o6	1.655	ATTCGA
1035719	1308	6m	1.406	TTCGAG
1035783	397	o6	1.500	ATTCGA
1035783	2374	o6	3.297	ATTCGA
1035798	2271	o6	1.548	ATTCGA
1035945	628	o6	1.053	ATTCGA
1035951	134	o6	1.487	ATTCGA
1035974	2686	o6	1.690	ATTCGA
1035993	48	o6	1.695	ATTCGA
1035993	309	o6	1.405	ATTCGA
1035993	314	7m8	1.405	ATTCGA
1036011	144	o6	1.499	ATTCGA
1036011	157	o6	1.288	ATTCGA
1036059	304	o6	1.277	ATTCGA
1036080	779	o6	1.266	ATTCGA
1036089	408	o6	3.573	ATTCGA
1036100	348	o6	1.108	ATTCGA
1036127	36	o6	1.150	ATTCGA
1036127	821	o6	3.345	ATTCGA
1036127	2614	o6	1.476	ATTCGA
1036127	6259	o6	1.243	ATTCGA
1036127	9077	6m	3.617	TTCGAG
1036154	3080	7A1	1.001	TTCGAG
1036232	612	o6	1.044	ATTCGA
1036290	560	o6	1.285	ATTCGA
1036299	171	7A1	1.789	TTCGAG
1036343	923	o6	1.135	ATTCGA
1036374	1147	o6	1.077	ATTCGA
1036381	1362	6m	1.757	TTCGAG
1036381	2036	6m	1.814	TTCGAG
1036404	328	7m8	1.409	TTCGAG
1036419	1854	o6	2.362	ATTCGA
1036449	746	8m	1.942	ATTCGA
1036471	71	o6	1.485	ATTCGA
1036482	755	7m8	1.016	ATTCGA
1036482	1529	o6	1.286	ATTCGA
1036486	187	o6	1.695	ATTCGA
1036497	508	o6	2.230	ATTCGA
1036497	1111	6m	2.855	TTCGAG
1036537	1688	o6	1.328	ATTCGA
1036568	4223	o6	1.889	ATTCGA
1036598	243	o6	1.488	ATTCGA
1036598	1188	o6	1.891	ATTCGA
1036601	778	o6	1.560	ATTCGA
1036630	452	o6	1.816	ATTCGA
1036656	808	o6	1.445	ATTCGA
1036910	550	o6	1.073	ATTCGA
1036951	117	o6	1.560	ATTCGA
1036991	2577	o6	1.956	ATTCGA
1037051	1341	o6	1.236	ATTCGA
1037051	1740	o6	1.018	ATTCGA
1037111	296	o6	1.618	ATTCGA
1037180	218	o6	1.468	ATTCGA
1037246	1069	7m8	2.048	ATTCGA
1037283	9	o6	1.631	ATTCGA
1037283	14	7m8	1.831	ATTCGA
1037297	331	7A1	1.060	TTCGAG
1037301	3099	o6	1.637	ATTCGA
1037422	16	6m	1.815	TTCGAG
1037753	476	7A1	1.630	TTCGAG
1037832	386	o6	1.050	ATTCGA
1037845	668	6m	1.595	TTCGAG
1037845	1094	6m	1.867	TTCGAG
1037845	1824	o6	2.194	ATTCGA
1037968	422	7m8	1.560	TTCGAG
1037982	623	o6	1.248	ATTCGA
1038021	151	7A1	1.919	TTCGAG
1038214	1380	o6	1.031	ATTCGA
1038293	2912	o6	2.926	ATTCGA
1038378	348	o6	2.835	ATTCGA
1038410	891	o6	2.778	ATTCGA
1038440	1119	o6	1.328	ATTCGA
1038485	0	o6	1.117	ATTCGA
1038571	1118	6m	1.915	TTCGAG
1038592	38	o6	2.010	ATTCGA
1038640	1921	6m	2.058	TTCGAG
1038710	564	6m	1.713	TTCGAG
1038748	547	8m	1.055	ATTCGA
1038748	1753	o6	2.806	ATTCGA
1038785	45	o6	2.486	ATTCGA
1038791	1010	o6	1.005	ATTCGA
1038855	199	o6	1.857	ATTCGA
1038855	372	6m	1.059	TTCGAG
1038909	183	o6	1.307	ATTCGA
1038933	528	o6	3.144	ATTCGA
1038933	832	o6	2.518	ATTCGA
1038953	49	o6	2.763	ATTCGA
1039118	1286	o6	1.041	ATTCGA
1039129	89	6m	1.177	TTCGAG
1039193	162	7A1	1.661	TTCGAG
1039212	88	o6	1.137	ATTCGA
1039212	99	o6	1.548	ATTCGA
1039253	42	o6	1.128	ATTCGA
1039376	2840	o6	1.468	ATTCGA
1039397	219	6m	1.272	TTCGAG
1039398	510	o6	1.309	ATTCGA
1039422	2269	o6	1.162	ATTCGA
1039436	292	o6	1.468	ATTCGA
1039490	461	o6	1.150	ATTCGA
1039502	1796	o6	1.069	ATTCGA
1039539	24	7m8	2.236	ATTCGA
1039557	1204	o6	1.548	ATTCGA
1039563	1776	8m	1.120	ATTCGA
1039563	4208	7A1	2.066	TTCGAG
1039568	919	o6	1.561	ATTCGA
1039578	4713	7m8	2.316	ATTCGA
1039613	71	7A1	1.104	TTCGAG
1039625	433	o6	1.119	ATTCGA
1039636	975	6m	1.857	TTCGAG
1039718	1183	7m8	1.050	ATTCGA
1039779	45	7A1	2.983	TTCGAG
1039797	2783	o6	1.139	ATTCGA
1039808	896	7A1	3.165	TTCGAG
1039811	851	7A1	3.165	TTCGAG
1039853	1114	o6	2.941	ATTCGA
1039858	4838	o6	2.297	ATTCGA
1039908	610	o6	1.262	ATTCGA
1039908	838	o6	2.541	ATTCGA
1039908	1815	o6	1.024	ATTCGA
1039925	388	o6	2.069	ATTCGA
1039932	689	7m8	1.905	ATTCGA
1039949	20	o6	2.300	ATTCGA
1039949	1726	7m8	1.051	ATTCGA
1039949	2122	6m	1.051	TTCGAG
1039950	746	6m	1.328	TTCGAG
1039959	98	7A1	1.162	TTCGAG
1039959	2876	o6	1.979	ATTCGA
1039971	680	o6	1.633	ATTCGA
1040012	1910	8m	2.161	ATTCGA
1040012	2800	o6	1.302	ATTCGA
1040037	885	7A1	3.165	TTCGAG
1040048	1568	o6	1.520	ATTCGA
1040048	3293	o6	1.560	ATTCGA
1040126	209	6m	1.046	TTCGAG
1040129	1819	o6	1.194	ATTCGA
1040165	729	o6	1.537	ATTCGA
1040165	4181	6m	1.093	TTCGAG
1040183	59	o6	1.700	ATTCGA
1040183	644	o6	1.493	ATTCGA
1040190	362	o6	1.560	ATTCGA
1040237	2092	o6	1.184	ATTCGA
1040298	6317	o6	1.135	ATTCGA
1040318	2449	o6	1.103	ATTCGA
1040331	438	6m	1.086	TTCGAG
1040331	458	o6	1.754	ATTCGA
1040337	4140	o6	1.635	ATTCGA
1040346	2396	o6	1.163	ATTCGA
1040352	3458	o6	1.008	ATTCGA
1040355	628	o6	2.397	ATTCGA
1040386	575	o6	1.943	ATTCGA
1040392	1231	7m8	1.073	ATTCGA
1040429	1175	o6	1.574	ATTCGA
1040434	855	6m	1.493	TTCGAG
1040437	355	6m	1.277	TTCGAG
1040500	1039	o6	2.438	ATTCGA
1040542	1940	o6	2.467	ATTCGA
1040623	1572	6m	1.993	TTCGAG
1040646	1089	6m	2.031	TTCGAG
1040647	433	o6	1.497	ATTCGA
1040650	433	o6	1.468	ATTCGA
1040653	433	o6	1.497	ATTCGA
