1000021	149	6m	1.333	TGCCTT
1000054	184	6m	1.082	TGCCTT
1000125	1105	o6	2.276	GTGCCT
1000150	500	7A1	2.544	TGCCTT
1000156	600	7A1	1.101	TGCCTT
1000171	158	6m	1.595	TGCCTT
1000234	693	8m	1.322	GTGCCT
1000234	763	7m8	1.616	GTGCCT
1000245	251	6m	2.110	TGCCTT
1000320	1333	6m	1.976	TGCCTT
1000360	1386	7m8	3.034	GTGCCT
1000360	1526	7A1	2.660	TGCCTT
1000379	587	7m8	2.508	GTGCCT
1000395	171	o6	1.322	GTGCCT
1000395	565	6m	2.132	TGCCTT
1000395	593	7A1	1.322	TGCCTT
1000406	36	6m	1.284	TGCCTT
1000472	953	o6	1.053	GTGCCT
1000478	1118	6m	2.834	TGCCTT
1000493	819	7A1	2.104	TGCCTT
1000493	5752	o6	2.255	GTGCCT
1000512	145	6m	2.046	TGCCTT
1000542	52	6m	2.187	TGCCTT
1000610	1491	6m	1.345	TGCCTT
1000683	1128	o6	2.026	GTGCCT
1000683	1255	6m	1.824	TGCCTT
1000683	1291	7A1	1.882	TGCCTT
1000706	1171	6m	1.321	TGCCTT
1000706	1179	6m	2.489	TGCCTT
1000779	499	6m	2.992	TGCCTT
1000784	526	7A1	1.222	TGCCTT
1000784	1002	7A1	1.067	TGCCTT
1000856	230	7m8	1.129	GTGCCT
1000919	474	7A1	1.303	TGCCTT
1000920	638	6m	1.485	TGCCTT
1000929	478	7m8	2.508	GTGCCT
1000979	1505	7A1	2.306	TGCCTT
1000991	1005	6m	2.614	TGCCTT
1001042	31	7m8	1.818	GTGCCT
1001104	533	7A1	2.480	TGCCTT
1001143	69	8m	2.682	GTGCCT
1001182	113	o6	1.976	GTGCCT
1001315	16	o6	1.913	GTGCCT
1001349	67	o6	1.740	GTGCCT
1001369	19	7A1	1.467	TGCCTT
1001482	340	o6	1.073	GTGCCT
1001494	233	6m	1.156	TGCCTT
1001497	128	7m8	2.989	GTGCCT
1001500	409	6m	1.296	TGCCTT
1001554	46	o6	1.349	GTGCCT
1001584	627	6m	1.155	TGCCTT
1001810	481	o6	1.180	GTGCCT
1001817	203	6m	1.162	TGCCTT
1001826	395	6m	1.461	TGCCTT
1001838	28	7m8	4.239	GTGCCT
1001888	109	7m8	2.882	GTGCCT
1001888	416	7A1	1.318	TGCCTT
1001948	1356	o6	1.236	GTGCCT
1001949	401	6m	2.227	TGCCTT
1002017	640	6m	2.912	TGCCTT
1002080	429	6m	1.687	TGCCTT
1002113	89	6m	1.032	TGCCTT
1002155	755	6m	2.754	TGCCTT
1002182	1958	7A1	1.562	TGCCTT
1002503	318	8m	2.527	GTGCCT
1002688	51	o6	2.103	GTGCCT
1002815	527	o6	3.298	GTGCCT
1002826	810	7A1	2.313	TGCCTT
1002830	1806	8m	2.763	GTGCCT
1002923	162	7A1	2.456	TGCCTT
1002969	541	o6	1.180	GTGCCT
1003080	195	o6	1.328	GTGCCT
1003233	381	o6	1.271	GTGCCT
1003248	1543	6m	2.650	TGCCTT
1003263	111	7A1	3.177	TGCCTT
1003387	471	6m	2.781	TGCCTT
1003439	31	7A1	1.020	TGCCTT
1003570	261	7A1	1.530	TGCCTT
1003576	845	7A1	1.966	TGCCTT
1003671	249	6m	1.053	TGCCTT
1004035	745	6m	1.212	TGCCTT
1004088	270	6m	1.361	TGCCTT
1004158	45	7m8	4.116	GTGCCT
1004163	242	7m8	1.690	GTGCCT
1004238	521	6m	1.787	TGCCTT
1004296	309	6m	2.067	TGCCTT
1004446	699	7A1	3.583	TGCCTT
1004463	3014	6m	1.697	TGCCTT
1004580	122	7A1	1.941	TGCCTT
1004657	206	7A1	2.701	TGCCTT
1004661	534	o6	2.608	GTGCCT
1004796	37	o6	3.475	GTGCCT
1004810	473	8m	1.700	GTGCCT
1004811	142	7A1	2.531	TGCCTT
1004859	271	7m8	1.875	TGCCTT
1004948	612	7A1	2.483	TGCCTT
1004967	0	o6	1.017	GTGCCT
1005099	172	o6	1.450	GTGCCT
1005109	165	o6	2.342	GTGCCT
1005253	1583	6m	2.365	TGCCTT
1005358	942	o6	1.606	GTGCCT
1005470	1928	6m	1.524	TGCCTT
1005496	72	o6	2.538	GTGCCT
1005557	1788	7A1	1.180	TGCCTT
1005568	465	6m	1.606	TGCCTT
1005646	1159	o6	2.062	GTGCCT
1005646	2725	6m	2.981	TGCCTT
1005674	543	7A1	1.785	TGCCTT
1005701	75	7m8	1.212	GTGCCT
1005862	76	o6	1.637	GTGCCT
1005951	72	7m8	2.807	GTGCCT
1006107	683	6m	2.544	TGCCTT
1006137	422	6m	2.086	TGCCTT
1006166	833	7m8	1.896	GTGCCT
1006693	194	7m8	1.100	TGCCTT
1006714	1519	o6	1.073	GTGCCT
1006758	125	7m8	2.377	GTGCCT
1006814	1429	o6	2.350	GTGCCT
1006916	217	o6	1.690	GTGCCT
1006940	1072	8m	2.103	GTGCCT
1006940	2283	7A1	1.284	TGCCTT
1007017	128	o6	1.543	GTGCCT
1007028	31	o6	1.006	GTGCCT
1007034	949	o6	1.604	GTGCCT
1007118	113	o6	2.013	GTGCCT
1007148	1695	6m	1.146	TGCCTT
1007227	213	6m	1.073	TGCCTT
1007242	3394	7A1	3.005	TGCCTT
1007251	120	6m	1.687	TGCCTT
1007251	1368	7A1	1.707	TGCCTT
1007264	17	o6	2.852	GTGCCT
1007283	1026	6m	2.350	TGCCTT
1007340	104	7m8	2.544	GTGCCT
1007484	333	o6	2.544	GTGCCT
1007484	1565	o6	1.315	GTGCCT
1007521	1617	o6	1.316	GTGCCT
1007576	201	o6	2.809	GTGCCT
1007584	1193	7A1	2.350	TGCCTT
1007710	436	6m	1.712	TGCCTT
1007740	265	o6	1.628	GTGCCT
1007743	132	6m	1.869	TGCCTT
1007792	352	7A1	1.800	TGCCTT
1007792	417	6m	2.520	TGCCTT
1007807	27	6m	2.218	TGCCTT
1007861	571	o6	2.249	GTGCCT
1007878	828	o6	2.826	GTGCCT
1007888	394	o6	1.598	GTGCCT
1007897	649	7A1	1.818	TGCCTT
1007909	158	o6	2.987	GTGCCT
1007972	169	7A1	2.600	TGCCTT
1007989	6	7m8	1.405	GTGCCT
1007990	89	6m	2.400	TGCCTT
1008087	13	6m	1.492	TGCCTT
1008093	1074	o6	2.723	GTGCCT
1008114	221	o6	2.814	GTGCCT
1008123	269	7m8	2.494	TGCCTT
1008123	281	7A1	2.341	TGCCTT
1008129	202	7m8	1.822	GTGCCT
1008174	50	7m8	2.433	GTGCCT
1008174	73	6m	1.528	TGCCTT
1008285	580	6m	1.135	TGCCTT
1008286	1812	7A1	1.573	TGCCTT
1008297	49	6m	2.014	TGCCTT
1008318	649	6m	2.017	TGCCTT
1008436	133	6m	1.076	TGCCTT
1008528	844	o6	1.214	GTGCCT
1008557	371	7A1	1.907	TGCCTT
1008557	531	7m8	1.423	TGCCTT
1008611	617	7m8	2.362	GTGCCT
1008621	209	6m	1.285	TGCCTT
1008666	103	7m8	2.025	GTGCCT
1008699	207	8m	1.650	GTGCCT
1008707	593	7A1	2.054	TGCCTT
1008746	27	7A1	2.072	TGCCTT
1008779	292	6m	1.275	TGCCTT
1008780	1244	6m	2.076	TGCCTT
1008812	97	6m	1.495	TGCCTT
1008846	457	6m	1.484	TGCCTT
1008866	652	7A1	2.567	TGCCTT
1008897	736	6m	1.053	TGCCTT
1008918	233	7A1	1.288	TGCCTT
1008918	371	6m	2.628	TGCCTT
1009013	115	6m	2.030	TGCCTT
1009026	893	o6	1.126	GTGCCT
1009074	510	o6	2.924	GTGCCT
1009090	53	6m	2.344	TGCCTT
1009153	582	6m	1.232	TGCCTT
1009191	97	o6	2.214	GTGCCT
1009216	124	o6	1.288	GTGCCT
1009408	112	7m8	3.331	GTGCCT
1009451	136	6m	1.151	TGCCTT
1009479	595	o6	1.571	GTGCCT
1009500	907	6m	1.108	TGCCTT
1009665	388	7A1	1.053	TGCCTT
1009781	21	6m	1.894	TGCCTT
1009798	108	7A1	1.618	TGCCTT
1009903	71	6m	2.970	TGCCTT
1009948	1295	7A1	2.807	TGCCTT
1010061	41	6m	2.183	TGCCTT
1010082	243	o6	1.762	GTGCCT
1010139	321	o6	2.508	GTGCCT
1010172	19	o6	1.550	GTGCCT
1010250	794	6m	1.912	TGCCTT
1010250	862	6m	1.579	TGCCTT
1010250	2523	8m	1.086	GTGCCT
1010278	661	7A1	2.858	TGCCTT
1010325	144	o6	1.569	GTGCCT
1010325	172	7A1	1.339	TGCCTT
1010401	2049	o6	4.051	GTGCCT
1010401	3827	7A1	1.818	TGCCTT
1010421	472	8m	2.026	GTGCCT
1010649	912	o6	3.649	GTGCCT
1010745	28	7m8	3.068	GTGCCT
1010794	150	o6	2.385	GTGCCT
1010821	224	7A1	1.010	TGCCTT
1011113	138	7m8	1.109	GTGCCT
1011167	264	6m	1.073	TGCCTT
1011173	237	7m8	2.364	GTGCCT
1011194	218	7m8	3.353	GTGCCT
1011194	237	o6	3.327	GTGCCT
1011333	855	6m	2.047	TGCCTT
1011340	37	o6	1.718	GTGCCT
1011393	358	6m	2.699	TGCCTT
1011425	1210	o6	1.910	GTGCCT
1011490	575	6m	1.481	TGCCTT
1011511	186	6m	1.284	TGCCTT
1011511	575	7A1	2.329	TGCCTT
1011523	499	6m	3.341	TGCCTT
1011613	115	o6	1.460	GTGCCT
1011658	877	7A1	2.780	TGCCTT
1011659	110	6m	1.524	TGCCTT
1011776	159	o6	4.056	GTGCCT
1011850	188	8m	2.065	GTGCCT
1011856	799	6m	1.425	TGCCTT
1011950	24	7A1	1.193	TGCCTT
1012122	278	7m8	2.544	GTGCCT
1012304	493	o6	3.371	GTGCCT
1012479	948	o6	2.409	GTGCCT
1012533	183	6m	1.229	TGCCTT
1012620	345	6m	2.704	TGCCTT
1012734	46	7m8	1.047	GTGCCT
1012797	745	o6	1.818	GTGCCT
1013059	197	6m	1.328	TGCCTT
1013102	71	o6	2.385	GTGCCT
1013383	244	8m	3.034	GTGCCT
1013521	169	6m	1.750	TGCCTT
1013591	333	6m	2.025	TGCCTT
1013591	1124	o6	2.552	GTGCCT
1013643	312	o6	3.190	GTGCCT
1013675	13	6m	1.232	TGCCTT
1013676	937	8m	1.825	GTGCCT
1013676	1274	6m	2.224	TGCCTT
1013687	326	o6	2.654	GTGCCT
1013725	568	7A1	1.356	TGCCTT
1013753	63	8m	1.284	GTGCCT
1013802	51	7m8	1.691	GTGCCT
1013991	407	o6	2.086	GTGCCT
1014014	495	o6	2.278	GTGCCT
1014014	506	o6	1.328	GTGCCT
1014215	220	o6	1.886	GTGCCT
1014295	886	6m	2.635	TGCCTT
1014342	328	o6	2.356	GTGCCT
1014358	1024	7m8	2.665	GTGCCT
1014403	1665	o6	1.297	GTGCCT
1014444	78	6m	1.903	TGCCTT
1014629	265	6m	1.381	TGCCTT
1014644	136	o6	1.078	GTGCCT
1014877	456	6m	1.262	TGCCTT
1014904	153	o6	1.064	GTGCCT
1014904	511	6m	2.114	TGCCTT
1014904	604	6m	2.035	TGCCTT
1014904	2540	7m8	2.212	TGCCTT
1014981	1642	6m	2.073	TGCCTT
1014981	2110	6m	2.147	TGCCTT
1015021	1156	o6	1.020	GTGCCT
1015035	125	6m	1.005	TGCCTT
1015047	277	7A1	2.341	TGCCTT
1015091	2646	6m	2.787	TGCCTT
1015176	246	7A1	2.834	TGCCTT
1015329	462	7A1	1.393	TGCCTT
1015376	331	o6	3.255	GTGCCT
1015381	475	6m	1.512	TGCCTT
1015397	260	6m	2.941	TGCCTT
1015418	374	6m	3.888	TGCCTT
1015426	130	o6	2.317	GTGCCT
1015572	1343	6m	2.682	TGCCTT
1015601	120	6m	1.645	TGCCTT
1015679	117	8m	2.833	TGCCTT
1015706	147	7m8	1.143	GTGCCT
1015771	214	6m	1.957	TGCCTT
1015778	222	8m	3.034	GTGCCT
1015784	108	6m	1.009	TGCCTT
1015789	1650	6m	1.251	TGCCTT
1015811	187	8m	1.169	GTGCCT
1015840	54	8m	4.576	GTGCCT
1015894	5	6m	1.284	TGCCTT
1015924	127	o6	2.594	GTGCCT
1015936	462	6m	1.284	TGCCTT
1016007	23	8m	1.260	GTGCCT
1016026	2744	o6	3.064	GTGCCT
1016026	3365	7A1	1.053	TGCCTT
1016098	6632	6m	3.636	TGCCTT
1016200	1306	7A1	1.431	TGCCTT
1016272	77	6m	2.253	TGCCTT
1016281	504	o6	3.287	GTGCCT
1016347	537	7A1	2.922	TGCCTT
1016373	624	o6	1.882	GTGCCT
1016461	36	6m	1.210	TGCCTT
1016566	1012	6m	3.232	TGCCTT
1016566	1276	7m8	3.232	GTGCCT
1016577	303	7A1	1.630	TGCCTT
1016685	833	7A1	1.284	TGCCTT
1016695	763	8m	3.047	GTGCCT
1016695	802	o6	2.518	GTGCCT
1016695	898	8m	2.731	GTGCCT
1016698	2143	7m8	2.652	GTGCCT
1016698	2302	7A1	2.652	TGCCTT
1016712	223	o6	2.834	GTGCCT
1016713	3177	6m	2.807	TGCCTT
1016728	143	6m	2.017	TGCCTT
1016820	1033	7A1	2.544	TGCCTT
1016848	1481	o6	3.174	GTGCCT
1016899	91	o6	2.788	GTGCCT
1016971	399	6m	1.322	TGCCTT
1016985	100	o6	3.034	GTGCCT
1017018	1074	6m	2.349	TGCCTT
1017043	31	6m	1.377	TGCCTT
1017046	1388	6m	2.197	TGCCTT
1017046	1403	7A1	2.197	TGCCTT
1017157	910	6m	1.799	TGCCTT
1017207	769	6m	2.518	TGCCTT
1017302	484	7A1	1.328	TGCCTT
1017306	48	6m	1.474	TGCCTT
1017345	14	o6	2.377	GTGCCT
1017384	356	o6	2.149	GTGCCT
1017428	37	7m8	3.177	GTGCCT
1017457	209	6m	1.099	TGCCTT
1017485	228	6m	2.220	TGCCTT
1017592	535	7m8	2.272	GTGCCT
1017614	969	6m	2.370	TGCCTT
1017657	18	8m	1.400	GTGCCT
1017749	116	6m	1.004	TGCCTT
1018066	343	8m	2.964	GTGCCT
1018104	117	7A1	2.098	TGCCTT
1018104	172	7A1	2.016	TGCCTT
1018134	2161	o6	2.941	GTGCCT
1018135	161	6m	1.255	TGCCTT
1018149	202	7A1	1.448	TGCCTT
1018225	407	7A1	2.292	TGCCTT
1018257	191	6m	2.188	TGCCTT
1018277	508	7m8	2.774	GTGCCT
1018287	220	6m	1.679	TGCCTT
1018358	112	o6	2.469	GTGCCT
1018530	680	7A1	2.409	TGCCTT
1018608	14	8m	2.078	TGCCTT
1018632	2309	7A1	2.914	TGCCTT
1018632	4276	8m	2.914	GTGCCT
1018778	582	6m	1.199	TGCCTT
1018860	420	o6	2.544	GTGCCT
1019050	136	8m	1.227	GTGCCT
1019055	596	o6	4.182	GTGCCT
1019116	522	6m	2.341	TGCCTT
1019125	33	7m8	2.341	GTGCCT
1019137	49	7m8	2.341	TGCCTT
1019173	418	6m	1.690	TGCCTT
1019179	147	6m	2.085	TGCCTT
1019198	400	7A1	2.991	TGCCTT
1019279	322	6m	1.682	TGCCTT
1019304	882	6m	3.034	TGCCTT
1019323	490	o6	1.217	GTGCCT
1019328	241	7A1	2.017	TGCCTT
1019354	1031	6m	1.127	TGCCTT
1019461	254	6m	1.104	TGCCTT
1019480	581	7m8	3.385	GTGCCT
1019521	1496	6m	1.581	TGCCTT
1019573	26	8m	2.220	GTGCCT
1019578	129	o6	2.870	GTGCCT
1019713	349	o6	1.828	GTGCCT
1019721	223	6m	2.544	TGCCTT
1019767	184	8m	1.874	GTGCCT
1019938	476	6m	1.321	TGCCTT
1019939	209	o6	1.230	GTGCCT
1019945	4	o6	1.740	GTGCCT
1019956	327	7A1	2.549	TGCCTT
1020090	86	7m8	3.649	GTGCCT
1020333	867	7m8	2.494	GTGCCT
1020336	96	o6	2.502	GTGCCT
1020491	338	6m	1.159	TGCCTT
1020574	52	6m	1.560	TGCCTT
1020615	1870	7m8	2.660	GTGCCT
1020681	32	6m	2.992	TGCCTT
1020719	189	o6	2.025	GTGCCT
1020824	82	7m8	1.156	GTGCCT
1020835	38	7m8	3.929	GTGCCT
1020839	650	7A1	2.350	TGCCTT
1020861	597	6m	1.679	TGCCTT
1021005	364	6m	2.660	TGCCTT
1021005	749	8m	3.257	GTGCCT
1021011	294	6m	3.026	TGCCTT
1021084	472	6m	1.873	TGCCTT
1021177	105	7A1	2.025	TGCCTT
1021177	272	7A1	1.606	TGCCTT
1021260	213	6m	1.255	TGCCTT
1021260	219	6m	1.255	TGCCTT
1021272	72	6m	1.118	TGCCTT
1021434	44	8m	2.008	GTGCCT
1021608	270	6m	1.054	TGCCTT
1021608	1378	6m	1.213	TGCCTT
1021633	93	6m	1.248	TGCCTT
1021675	487	6m	2.220	TGCCTT
1021675	1123	6m	1.060	TGCCTT
1021712	134	6m	1.400	TGCCTT
1021715	124	7m8	1.308	GTGCCT
1021777	124	7m8	1.496	GTGCCT
1021788	42	6m	1.484	TGCCTT
1021819	98	6m	2.054	TGCCTT
1021840	184	6m	2.544	TGCCTT
1021853	539	o6	2.267	GTGCCT
1021909	1631	6m	1.647	TGCCTT
1021941	952	6m	2.331	TGCCTT
1022101	429	o6	1.006	GTGCCT
1022173	715	7A1	2.507	TGCCTT
1022201	121	o6	1.923	GTGCCT
1022201	133	o6	1.924	GTGCCT
1022235	394	o6	1.293	GTGCCT
1022235	1460	6m	2.070	TGCCTT
1022370	65	6m	2.869	TGCCTT
1022439	143	o6	1.672	GTGCCT
1022457	173	7m8	2.544	GTGCCT
1022604	151	6m	1.004	TGCCTT
1022820	1269	7m8	2.002	GTGCCT
1022986	493	8m	3.034	GTGCCT
1022997	376	o6	2.584	GTGCCT
1023004	614	6m	2.041	TGCCTT
1023088	426	o6	2.350	GTGCCT
1023097	2259	6m	1.884	TGCCTT
1023104	93	7m8	2.660	GTGCCT
1023104	900	8m	2.660	GTGCCT
1023253	1825	6m	2.249	TGCCTT
1023350	981	o6	1.135	GTGCCT
1023370	66	7A1	1.117	TGCCTT
1023578	284	o6	2.349	GTGCCT
1023599	4899	8m	2.889	GTGCCT
1023599	4935	6m	1.322	TGCCTT
1023669	989	6m	1.071	TGCCTT
1023681	1947	7m8	2.657	GTGCCT
1023681	3273	7A1	2.060	TGCCTT
1023796	466	7m8	2.400	GTGCCT
1023799	286	7m8	2.863	GTGCCT
1023828	1105	6m	2.287	TGCCTT
1023838	127	6m	1.955	TGCCTT
1023847	906	7m8	2.404	GTGCCT
1023882	402	6m	1.053	TGCCTT
1023882	2213	7m8	1.808	GTGCCT
1023983	122	6m	1.245	TGCCTT
1023991	128	8m	1.189	GTGCCT
1024006	16	7m8	1.652	TGCCTT
1024012	153	7A1	1.456	TGCCTT
1024025	1798	6m	1.432	TGCCTT
1024031	2624	6m	3.034	TGCCTT
1024031	2631	6m	3.034	TGCCTT
1024057	189	8m	2.755	GTGCCT
1024169	720	6m	1.320	TGCCTT
1024195	558	7m8	2.636	GTGCCT
1024228	611	6m	2.255	TGCCTT
1024283	1624	7A1	3.037	TGCCTT
1024403	383	6m	2.161	TGCCTT
1024406	654	o6	2.957	GTGCCT
1024415	173	7A1	1.172	TGCCTT
1024465	501	6m	2.544	TGCCTT
1024513	99	o6	1.729	GTGCCT
1024513	127	7A1	1.931	TGCCTT
1024522	37	7m8	2.462	GTGCCT
1024559	202	8m	2.220	GTGCCT
1024609	509	8m	2.135	GTGCCT
1024648	2542	6m	2.449	TGCCTT
1024648	7936	6m	2.449	TGCCTT
1024648	12598	7m8	2.965	GTGCCT
1024715	1982	6m	2.757	TGCCTT
1024721	1757	6m	2.682	TGCCTT
1024774	524	6m	2.278	TGCCTT
1024819	49	6m	1.469	TGCCTT
1024844	477	8m	2.472	GTGCCT
1024891	16	7m8	3.162	GTGCCT
1024935	695	6m	1.249	TGCCTT
1024953	114	6m	2.561	TGCCTT
1024971	525	8m	2.723	GTGCCT
1024978	1296	7m8	2.807	GTGCCT
1025022	198	o6	2.017	GTGCCT
1025038	209	7A1	3.273	TGCCTT
1025059	2048	6m	2.359	TGCCTT
1025064	1374	6m	1.116	TGCCTT
1025067	24	7m8	1.690	GTGCCT
1025067	232	7m8	2.887	GTGCCT
1025275	887	6m	1.462	TGCCTT
1025343	34	7m8	2.551	GTGCCT
1025371	513	6m	1.328	TGCCTT
1025455	932	o6	2.721	GTGCCT
1025615	798	7A1	1.725	TGCCTT
1025654	2394	6m	1.237	TGCCTT
1025672	38	o6	2.433	GTGCCT
1025689	148	7m8	2.939	GTGCCT
1025889	40	6m	2.316	TGCCTT
1025895	183	8m	3.605	GTGCCT
1025929	1912	6m	1.295	TGCCTT
1025940	94	8m	3.001	GTGCCT
1026008	74	7m8	2.455	TGCCTT
1026012	557	6m	1.410	TGCCTT
1026116	162	6m	1.303	TGCCTT
1026161	861	6m	1.882	TGCCTT
1026185	438	o6	2.409	GTGCCT
1026200	399	6m	1.348	TGCCTT
1026296	239	6m	1.815	TGCCTT
1026364	381	o6	1.959	GTGCCT
1026539	44	7m8	1.632	GTGCCT
1026688	4077	6m	2.648	TGCCTT
1026688	4765	7A1	2.640	TGCCTT
1026708	1035	7m8	1.063	TGCCTT
1026711	2545	6m	1.574	TGCCTT
1026812	139	8m	2.807	GTGCCT
1026841	2147	6m	2.172	TGCCTT
1026853	1495	6m	2.425	TGCCTT
1027138	232	6m	2.286	TGCCTT
1027168	946	o6	1.255	GTGCCT
1027348	574	o6	1.524	GTGCCT
1027417	851	7A1	2.227	TGCCTT
1027438	286	6m	2.022	TGCCTT
1027814	361	o6	2.378	GTGCCT
1028001	983	o6	2.653	GTGCCT
1028011	263	o6	2.840	GTGCCT
1028093	392	o6	1.606	GTGCCT
1028143	110	6m	1.585	TGCCTT
1028188	1	6m	1.128	TGCCTT
1028372	299	7m8	3.200	TGCCTT
1028434	626	o6	1.624	GTGCCT
1028444	351	6m	1.874	TGCCTT
1028526	1025	6m	1.108	TGCCTT
1028532	199	7A1	1.141	TGCCTT
1028572	178	o6	3.163	GTGCCT
1028702	147	6m	2.038	TGCCTT
1028711	28	7m8	2.320	GTGCCT
1028734	3364	7A1	1.611	TGCCTT
1028931	180	6m	1.289	TGCCTT
1029180	114	8m	2.159	GTGCCT
1029369	2432	6m	2.341	TGCCTT
1029480	74	o6	1.593	GTGCCT
1029541	190	6m	1.514	TGCCTT
1029635	89	8m	2.191	GTGCCT
1029715	142	7A1	1.053	TGCCTT
1029832	224	7A1	2.048	TGCCTT
1029885	69	o6	2.403	GTGCCT
1029909	344	6m	2.267	TGCCTT
1029934	494	7m8	2.111	TGCCTT
1030141	87	o6	1.322	GTGCCT
1030148	99	7m8	1.022	GTGCCT
1030335	319	6m	1.690	TGCCTT
1030340	1101	6m	1.284	TGCCTT
1030343	196	o6	1.598	GTGCCT
1030431	53	6m	2.026	TGCCTT
1030451	1949	o6	1.328	GTGCCT
1030491	114	7m8	2.044	TGCCTT
1030688	107	6m	1.260	TGCCTT
1030688	386	o6	2.507	GTGCCT
1030713	440	o6	2.139	GTGCCT
1030716	90	o6	1.973	GTGCCT
1030782	99	7A1	2.544	TGCCTT
1030812	140	7A1	1.772	TGCCTT
1030893	41	6m	1.519	TGCCTT
1030924	63	7A1	1.288	TGCCTT
1031106	673	7A1	2.970	TGCCTT
1031145	68	7A1	1.775	TGCCTT
1031268	28	7m8	2.915	GTGCCT
1031275	25	o6	1.642	GTGCCT
1031375	1514	o6	2.102	GTGCCT
1031390	4780	7A1	2.807	TGCCTT
1031495	542	7A1	2.046	TGCCTT
1031563	183	8m	2.447	GTGCCT
1031605	63	6m	1.020	TGCCTT
1031833	1122	8m	2.026	GTGCCT
1031833	1227	7m8	1.576	GTGCCT
1031868	238	6m	2.683	TGCCTT
1031871	117	o6	2.210	GTGCCT
1032009	533	o6	2.350	GTGCCT
1032285	181	o6	1.231	GTGCCT
1032310	112	7m8	2.255	GTGCCT
1032322	117	8m	1.975	GTGCCT
1032322	172	6m	1.696	TGCCTT
1032386	279	7m8	3.475	GTGCCT
1032490	275	6m	3.224	TGCCTT
1032490	963	7A1	3.215	TGCCTT
1032581	117	6m	1.212	TGCCTT
1032622	979	o6	1.731	GTGCCT
1032675	655	6m	1.288	TGCCTT
1032822	1801	6m	1.288	TGCCTT
1032855	444	8m	2.635	TGCCTT
1032858	331	8m	2.635	TGCCTT
1032861	224	8m	2.635	TGCCTT
1032864	36	8m	2.635	TGCCTT
1032873	958	7m8	1.478	GTGCCT
1032909	161	6m	1.833	TGCCTT
1032929	1256	o6	1.101	GTGCCT
1032929	1586	o6	1.667	GTGCCT
1032976	198	7m8	2.064	GTGCCT
1033008	702	o6	2.630	GTGCCT
1033008	2951	6m	2.106	TGCCTT
1033041	3308	8m	3.843	GTGCCT
1033070	705	7m8	2.473	GTGCCT
1033089	1168	o6	1.088	GTGCCT
1033133	359	6m	1.082	TGCCTT
1033138	176	6m	2.037	TGCCTT
1033141	1963	7A1	1.859	TGCCTT
1033141	2680	7m8	2.801	GTGCCT
1033163	874	7A1	1.614	TGCCTT
1033166	39	7A1	1.365	TGCCTT
1033235	146	o6	2.186	GTGCCT
1033254	88	7A1	1.582	TGCCTT
1033293	111	8m	2.686	GTGCCT
1033322	666	6m	1.606	TGCCTT
1033373	191	7m8	2.462	GTGCCT
1033378	494	7m8	2.544	GTGCCT
1033384	1967	8m	2.747	GTGCCT
1033409	693	o6	1.073	GTGCCT
1033414	862	6m	1.606	TGCCTT
1033431	546	6m	2.377	TGCCTT
1033452	1053	6m	1.244	TGCCTT
1033565	1908	o6	3.534	GTGCCT
1033571	3906	7A1	1.931	TGCCTT
1033598	1090	6m	2.026	TGCCTT
1033601	1844	8m	2.212	GTGCCT
1033607	227	6m	2.326	TGCCTT
1033616	262	6m	1.298	TGCCTT
1033678	95	6m	2.439	TGCCTT
1033711	592	7m8	1.264	TGCCTT
1033824	355	6m	1.283	TGCCTT
1033877	2434	6m	1.780	TGCCTT
1033882	158	o6	2.288	GTGCCT
1033883	1338	7A1	1.694	TGCCTT
1033883	1466	6m	2.794	TGCCTT
1033948	517	o6	1.111	GTGCCT
1033956	1235	o6	2.280	GTGCCT
1033960	764	6m	1.120	TGCCTT
1033971	201	6m	1.296	TGCCTT
1033995	472	6m	2.372	TGCCTT
1034044	202	o6	1.120	GTGCCT
1034164	856	6m	1.781	TGCCTT
1034239	63	7m8	1.806	TGCCTT
1034254	134	8m	3.044	TGCCTT
1034296	106	o6	1.220	GTGCCT
1034347	545	7A1	2.489	TGCCTT
1034361	1407	7m8	3.011	GTGCCT
1034389	28	7A1	1.169	TGCCTT
1034409	128	7m8	2.235	GTGCCT
1034409	617	7m8	3.114	GTGCCT
1034442	62	7A1	2.544	TGCCTT
1034469	19	6m	2.398	TGCCTT
1034496	851	7A1	3.512	TGCCTT
1034530	833	6m	3.255	TGCCTT
1034556	397	6m	1.341	TGCCTT
1034569	2047	8m	2.269	GTGCCT
1034620	93	7m8	1.073	TGCCTT
1034676	62	o6	2.544	GTGCCT
1034694	91	7m8	2.979	GTGCCT
1034694	188	o6	1.582	GTGCCT
1034744	374	7m8	3.128	GTGCCT
1034756	815	o6	2.390	GTGCCT
1034888	151	o6	1.351	GTGCCT
1034888	837	6m	1.348	TGCCTT
1034893	352	6m	1.288	TGCCTT
1034909	1741	6m	2.297	TGCCTT
1034917	2328	8m	2.367	GTGCCT
1034923	104	7m8	2.025	GTGCCT
1034941	2412	o6	1.309	GTGCCT
1034953	718	6m	2.776	TGCCTT
1035010	3536	6m	1.930	TGCCTT
1035040	185	6m	2.218	TGCCTT
1035040	3190	o6	1.000	GTGCCT
1035043	1682	o6	1.487	GTGCCT
1035175	565	7m8	2.352	GTGCCT
1035207	48	o6	1.434	GTGCCT
1035218	377	7A1	2.654	TGCCTT
1035225	122	o6	2.249	GTGCCT
1035248	641	8m	1.848	GTGCCT
1035248	686	6m	2.231	TGCCTT
1035407	160	6m	2.153	TGCCTT
1035476	231	7m8	1.872	TGCCTT
1035506	734	6m	1.052	TGCCTT
1035506	872	7A1	3.485	TGCCTT
1035513	286	7A1	2.970	TGCCTT
1035561	692	6m	2.402	TGCCTT
1035569	17529	6m	2.629	TGCCTT
1035668	484	6m	1.176	TGCCTT
1035684	407	6m	2.629	TGCCTT
1035687	425	6m	1.627	TGCCTT
1035687	469	6m	3.285	TGCCTT
1035701	121	6m	2.235	TGCCTT
1035729	145	o6	1.120	GTGCCT
1035768	1223	6m	2.969	TGCCTT
1035782	1559	7A1	2.648	TGCCTT
1035798	1143	7A1	2.981	TGCCTT
1035828	576	6m	2.040	TGCCTT
1035843	2664	o6	1.592	GTGCCT
1035974	524	7A1	2.981	TGCCTT
1035986	162	7A1	2.086	TGCCTT
1036127	1406	6m	1.391	TGCCTT
1036127	1541	o6	3.528	GTGCCT
1036127	3361	6m	2.188	TGCCTT
1036127	6444	6m	1.094	TGCCTT
1036127	6578	o6	1.899	GTGCCT
1036127	8722	6m	1.541	TGCCTT
1036127	10702	6m	3.452	TGCCTT
1036202	236	7m8	2.903	GTGCCT
1036283	1090	6m	2.864	TGCCTT
1036299	1028	7A1	2.425	TGCCTT
1036399	547	o6	1.959	GTGCCT
1036399	692	7m8	2.020	GTGCCT
1036399	1263	7A1	1.303	TGCCTT
1036404	2239	o6	3.464	GTGCCT
1036486	195	6m	1.222	TGCCTT
1036497	389	8m	2.776	GTGCCT
1036571	271	6m	1.701	TGCCTT
1036618	97	o6	1.809	GTGCCT
1036653	485	7A1	3.871	TGCCTT
1036727	303	6m	2.465	TGCCTT
1036745	549	7m8	3.857	GTGCCT
1036881	25	o6	1.777	GTGCCT
1036899	922	6m	2.634	TGCCTT
1036951	167	o6	2.298	GTGCCT
1037134	115	o6	2.106	GTGCCT
1037286	3	6m	1.101	TGCCTT
1037333	551	6m	1.056	TGCCTT
1037333	1637	6m	2.966	TGCCTT
1037422	306	o6	1.815	GTGCCT
1037473	87	6m	1.155	TGCCTT
1037494	1434	7m8	2.237	GTGCCT
1037504	130	7m8	1.897	GTGCCT
1037504	538	7A1	1.318	TGCCTT
1037534	227	6m	2.301	TGCCTT
1037578	109	7A1	1.370	TGCCTT
1037600	271	7m8	1.928	GTGCCT
1037803	94	6m	2.777	TGCCTT
1037818	321	6m	1.191	TGCCTT
1037823	117	o6	3.500	GTGCCT
1037850	760	6m	1.457	TGCCTT
1037894	39	6m	2.268	TGCCTT
1037920	142	6m	1.447	TGCCTT
1037937	164	o6	1.745	GTGCCT
1037992	456	o6	1.348	GTGCCT
1038127	29	7m8	2.572	GTGCCT
1038135	632	7m8	2.080	GTGCCT
1038150	108	6m	2.151	TGCCTT
1038223	754	6m	2.937	TGCCTT
1038234	105	o6	1.643	GTGCCT
1038234	240	7A1	2.366	TGCCTT
1038235	415	o6	1.682	GTGCCT
1038273	518	7A1	1.601	TGCCTT
1038285	218	7m8	3.270	GTGCCT
1038293	1399	6m	1.165	TGCCTT
1038293	1642	6m	1.975	TGCCTT
1038293	2389	o6	1.073	GTGCCT
1038293	2431	6m	1.328	TGCCTT
1038309	143	7A1	1.233	TGCCTT
1038407	262	7A1	1.795	TGCCTT
1038470	534	8m	2.854	GTGCCT
1038485	1592	o6	2.508	GTGCCT
1038670	251	o6	3.577	GTGCCT
1038694	80	6m	1.321	TGCCTT
1038752	1427	8m	4.116	GTGCCT
1038757	193	7A1	2.194	TGCCTT
1038757	275	6m	2.321	TGCCTT
1038833	437	o6	1.682	GTGCCT
1038833	609	7A1	2.301	TGCCTT
1038948	442	6m	1.996	TGCCTT
1038954	1004	6m	2.778	TGCCTT
1039033	334	o6	2.854	GTGCCT
1039069	908	o6	2.840	GTGCCT
1039118	437	7m8	3.390	GTGCCT
1039199	400	o6	3.265	GTGCCT
1039202	353	o6	1.623	GTGCCT
1039212	525	7A1	1.589	TGCCTT
1039224	186	7A1	1.943	TGCCTT
1039282	435	7m8	3.038	GTGCCT
1039292	138	6m	2.539	TGCCTT
1039469	839	7A1	3.214	TGCCTT
1039502	4134	6m	2.377	TGCCTT
1039502	5154	6m	1.832	TGCCTT
1039606	214	6m	2.619	TGCCTT
1039631	204	7A1	1.101	TGCCTT
1039639	77	7A1	1.561	TGCCTT
1039711	425	6m	2.884	TGCCTT
1039754	1000	7A1	1.211	TGCCTT
1039773	517	o6	1.254	GTGCCT
1039797	1257	7A1	1.692	TGCCTT
1039797	1370	7A1	1.563	TGCCTT
1039797	2262	6m	1.328	TGCCTT
1039853	5236	7A1	2.852	TGCCTT
1039853	5758	6m	2.981	TGCCTT
1039891	107	o6	2.210	GTGCCT
1039891	135	8m	2.902	GTGCCT
1039949	2403	6m	1.998	TGCCTT
1039949	2634	7A1	1.615	TGCCTT
1040069	162	7A1	2.086	TGCCTT
1040154	75	o6	2.073	GTGCCT
1040159	372	o6	1.999	GTGCCT
1040190	889	o6	1.560	GTGCCT
1040190	2091	6m	3.198	TGCCTT
1040190	2712	6m	2.854	TGCCTT
1040190	2798	6m	3.347	TGCCTT
1040210	1546	7m8	2.065	GTGCCT
1040210	1945	6m	1.992	TGCCTT
1040210	2358	6m	2.655	TGCCTT
1040210	3714	6m	1.360	TGCCTT
1040234	546	6m	1.690	TGCCTT
1040237	1109	o6	2.096	GTGCCT
1040237	1983	6m	2.463	TGCCTT
1040237	2028	o6	1.986	GTGCCT
1040294	285	o6	1.632	GTGCCT
1040298	1725	6m	2.958	TGCCTT
1040337	4644	6m	3.699	TGCCTT
1040346	1992	6m	2.549	TGCCTT
1040346	2581	7A1	2.007	TGCCTT
1040352	3355	6m	1.645	TGCCTT
1040387	1309	6m	1.925	TGCCTT
1040417	1939	7m8	2.701	GTGCCT
1040429	689	6m	3.232	TGCCTT
1040444	701	7A1	2.767	TGCCTT
1040486	3032	7A1	2.786	TGCCTT
1040590	2640	6m	2.232	TGCCTT
1040635	3091	6m	1.998	TGCCTT
1040667	151	6m	1.128	TGCCTT
