1000249	123	o6	1.147	GCTCGC
1000278	440	6m	2.016	CTCGCT
1000373	1956	7A1	1.289	CTCGCT
1000442	8	o6	1.121	GCTCGC
1000533	1191	7m8	1.500	GCTCGC
1000545	965	o6	1.605	GCTCGC
1000743	666	6m	1.411	CTCGCT
1000773	251	6m	1.145	CTCGCT
1001104	576	6m	2.298	CTCGCT
1001372	462	7A1	2.694	CTCGCT
1001514	44	o6	1.550	GCTCGC
1001518	1012	o6	1.291	GCTCGC
1001533	1755	o6	2.231	GCTCGC
1001533	3309	6m	1.986	CTCGCT
1001607	819	6m	2.031	CTCGCT
1001738	400	6m	1.245	CTCGCT
1001754	24	o6	1.464	GCTCGC
1001906	1223	o6	1.811	GCTCGC
1002182	1589	6m	2.025	CTCGCT
1002595	702	6m	1.284	CTCGCT
1002602	245	o6	1.151	GCTCGC
1002785	75	o6	1.118	GCTCGC
1003143	7	6m	2.349	CTCGCT
1003196	66	8m	2.086	GCTCGC
1003846	132	o6	1.150	GCTCGC
1003852	414	o6	2.377	GCTCGC
1004043	794	7m8	1.079	GCTCGC
1004281	697	6m	1.456	CTCGCT
1004281	715	6m	1.028	CTCGCT
1004281	817	6m	1.393	CTCGCT
1004835	242	7A1	1.434	CTCGCT
1004835	652	7A1	1.288	CTCGCT
1004835	728	7m8	1.966	GCTCGC
1005150	418	o6	2.150	GCTCGC
1005204	228	7m8	1.857	CTCGCT
1005470	775	6m	2.469	CTCGCT
1005646	723	o6	1.406	GCTCGC
1006071	523	7m8	1.251	GCTCGC
1006693	649	8m	1.277	GCTCGC
1006761	64	7m8	1.873	GCTCGC
1007047	99	6m	1.145	CTCGCT
1007388	390	o6	1.006	GCTCGC
1007388	471	6m	1.399	CTCGCT
1007484	1129	o6	1.027	GCTCGC
1007685	41	6m	1.818	CTCGCT
1007737	592	o6	1.545	GCTCGC
1007740	2814	o6	2.053	GCTCGC
1007764	358	6m	2.004	CTCGCT
1007812	5336	o6	1.503	GCTCGC
1007848	293	o6	1.240	GCTCGC
1007885	498	6m	1.938	CTCGCT
1007920	156	o6	1.053	GCTCGC
1007980	2278	o6	1.184	GCTCGC
1008031	9	7A1	2.853	CTCGCT
1008036	2031	7A1	1.507	CTCGCT
1008327	459	7A1	1.059	CTCGCT
1008537	318	6m	1.328	CTCGCT
1008749	345	8m	1.082	GCTCGC
1008903	398	6m	1.120	CTCGCT
1009037	2469	6m	1.589	CTCGCT
1009369	1081	o6	1.062	GCTCGC
1009899	42	o6	1.671	GCTCGC
1010103	-1	6m	1.771	CTCGCT
1010250	699	7m8	1.595	CTCGCT
1010821	259	7A1	1.070	CTCGCT
1010851	68	6m	1.450	CTCGCT
1011042	812	o6	1.383	GCTCGC
1011593	29	7m8	1.044	GCTCGC
1012122	960	o6	1.535	GCTCGC
1012174	5	o6	1.654	GCTCGC
1012304	455	6m	1.684	CTCGCT
1012537	512	o6	1.284	GCTCGC
1012685	20	7m8	1.679	GCTCGC
1013068	570	6m	2.533	CTCGCT
1013670	1242	6m	1.027	CTCGCT
1013971	526	7m8	1.649	GCTCGC
1013988	994	6m	1.004	CTCGCT
1014180	824	7m8	1.266	CTCGCT
1014295	1704	7m8	2.660	GCTCGC
1014697	258	o6	1.122	GCTCGC
1014981	1359	7m8	1.019	GCTCGC
1015047	431	6m	2.185	CTCGCT
1015073	273	7A1	1.747	CTCGCT
1015122	1144	6m	1.112	CTCGCT
1015125	938	6m	1.112	CTCGCT
1015128	1398	6m	1.112	CTCGCT
1015228	1655	6m	1.286	CTCGCT
1015228	3655	6m	1.274	CTCGCT
1015291	1462	6m	1.101	CTCGCT
1015348	276	o6	1.209	GCTCGC
1015572	3441	7m8	1.582	GCTCGC
1015789	983	6m	1.322	CTCGCT
1015852	52	7m8	1.091	CTCGCT
1015936	48	6m	1.517	CTCGCT
1016019	951	6m	1.878	CTCGCT
1016019	1968	6m	2.026	CTCGCT
1016026	1631	o6	1.768	GCTCGC
1016026	1760	7m8	1.316	CTCGCT
1016026	1817	6m	1.994	CTCGCT
1016281	127	o6	1.073	GCTCGC
1016353	67	6m	1.080	CTCGCT
1016353	230	o6	1.040	GCTCGC
1016452	39	6m	1.037	CTCGCT
1016556	415	7A1	1.711	CTCGCT
1016565	1913	7m8	1.606	GCTCGC
1016667	6	6m	1.024	CTCGCT
1016698	1676	o6	2.533	GCTCGC
1016713	1366	7m8	1.284	GCTCGC
1016794	384	7A1	1.241	CTCGCT
1016848	905	6m	1.030	CTCGCT
1016865	1046	o6	2.660	GCTCGC
1016986	140	6m	1.032	CTCGCT
1017254	1724	6m	1.047	CTCGCT
1017478	391	o6	1.178	GCTCGC
1017511	575	o6	2.342	GCTCGC
1017782	262	7A1	1.740	CTCGCT
1017814	2227	7m8	1.014	GCTCGC
1018248	918	7m8	3.062	GCTCGC
1018257	66	7A1	1.212	CTCGCT
1018257	143	7A1	2.055	CTCGCT
1018362	47	6m	1.073	CTCGCT
1018632	341	6m	3.312	CTCGCT
1018766	1049	6m	1.321	CTCGCT
1018873	655	6m	2.584	CTCGCT
1019486	355	7m8	1.434	CTCGCT
1019713	352	6m	1.783	CTCGCT
1020219	155	6m	1.779	CTCGCT
1020219	1766	6m	2.016	CTCGCT
1020241	648	o6	1.394	GCTCGC
1020595	190	o6	1.777	GCTCGC
1020686	1148	o6	1.649	GCTCGC
1020858	262	6m	1.040	CTCGCT
1021008	1475	6m	1.492	CTCGCT
1021531	38	6m	2.038	CTCGCT
1021540	1375	6m	1.578	CTCGCT
1021540	2594	o6	1.232	GCTCGC
1021566	4547	o6	1.321	GCTCGC
1021607	292	6m	1.857	CTCGCT
1021681	128	o6	2.227	GCTCGC
1021818	516	o6	1.047	GCTCGC
1021831	144	7A1	1.073	CTCGCT
1021959	4	6m	1.030	CTCGCT
1021962	1465	6m	1.118	CTCGCT
1022102	409	6m	1.282	CTCGCT
1022129	185	6m	1.818	CTCGCT
1022338	1428	o6	2.462	GCTCGC
1022583	543	o6	1.848	GCTCGC
1022611	147	6m	1.437	CTCGCT
1022941	640	o6	1.190	GCTCGC
1023151	247	7A1	1.688	CTCGCT
1023154	325	6m	2.191	CTCGCT
1023202	75	7m8	1.009	CTCGCT
1023219	506	6m	1.118	CTCGCT
1023503	613	6m	1.072	CTCGCT
1023790	3522	6m	1.957	CTCGCT
1023805	2546	o6	2.516	GCTCGC
1023853	468	6m	1.255	CTCGCT
1023970	268	6m	1.187	CTCGCT
1023998	523	8m	2.031	GCTCGC
1024019	1027	o6	1.241	GCTCGC
1024031	538	6m	1.575	CTCGCT
1024169	22	o6	1.636	GCTCGC
1024397	341	o6	1.284	GCTCGC
1024715	2534	o6	1.130	GCTCGC
1024733	75	6m	2.421	CTCGCT
1024829	1050	7A1	1.214	CTCGCT
1024844	410	7A1	1.284	CTCGCT
1024883	198	7A1	2.781	CTCGCT
1024935	17	o6	1.222	GCTCGC
1024956	5820	6m	1.600	CTCGCT
1024975	350	o6	2.071	GCTCGC
1025204	619	6m	1.467	CTCGCT
1025434	121	7m8	2.085	CTCGCT
1025657	259	o6	1.015	GCTCGC
1025851	1175	7m8	2.054	GCTCGC
1026111	67	7m8	1.119	GCTCGC
1026262	77	o6	1.315	GCTCGC
1026262	345	o6	1.857	GCTCGC
1026375	116	6m	1.288	CTCGCT
1026688	736	8m	1.171	CTCGCT
1026758	228	6m	1.002	CTCGCT
1026761	648	o6	2.137	GCTCGC
1027213	115	o6	1.076	GCTCGC
1027629	253	6m	1.681	CTCGCT
1027756	467	8m	1.278	GCTCGC
1027912	1580	o6	1.329	GCTCGC
1027989	131	7m8	1.301	GCTCGC
1028088	96	o6	1.747	GCTCGC
1028115	895	6m	2.323	CTCGCT
1028434	1114	o6	1.770	GCTCGC
1028470	376	7m8	1.533	CTCGCT
1028578	805	7m8	1.189	GCTCGC
1028645	46	6m	1.073	CTCGCT
1029176	40	6m	1.284	CTCGCT
1029394	325	7m8	1.288	GCTCGC
1029462	539	o6	1.526	GCTCGC
1029569	295	7m8	1.224	CTCGCT
1029685	107	7m8	1.063	GCTCGC
1029697	899	o6	1.690	GCTCGC
1030192	529	o6	1.306	GCTCGC
1030520	327	6m	2.477	CTCGCT
1030566	726	o6	1.315	GCTCGC
1030652	163	7m8	1.806	GCTCGC
1031236	395	6m	1.935	CTCGCT
1031390	4737	6m	2.075	CTCGCT
1031541	754	o6	2.181	GCTCGC
1031962	481	o6	1.250	GCTCGC
1032369	2395	6m	1.046	CTCGCT
1032442	47	6m	1.099	CTCGCT
1032766	186	6m	1.397	CTCGCT
1032799	309	o6	1.241	GCTCGC
1033046	786	6m	1.193	CTCGCT
1033089	1196	o6	1.180	GCTCGC
1033205	312	o6	1.006	GCTCGC
1033208	728	o6	1.149	GCTCGC
1033384	501	8m	1.529	GCTCGC
1033452	1515	o6	1.543	GCTCGC
1033452	2316	7m8	1.163	GCTCGC
1033616	293	o6	1.202	GCTCGC
1033658	489	o6	1.011	GCTCGC
1033712	677	7A1	2.124	CTCGCT
1033803	664	o6	2.014	GCTCGC
1033888	239	o6	1.122	GCTCGC
1033948	626	6m	1.065	CTCGCT
1033971	1157	o6	4.166	GCTCGC
1034235	1074	6m	1.126	CTCGCT
1034296	366	o6	1.955	GCTCGC
1034304	331	6m	3.868	CTCGCT
1034331	1257	6m	1.999	CTCGCT
1034331	2730	6m	1.127	CTCGCT
1034382	121	6m	1.318	CTCGCT
1034469	1528	6m	1.428	CTCGCT
1034539	2139	8m	3.275	GCTCGC
1034539	2385	6m	1.311	CTCGCT
1034569	7537	6m	2.073	CTCGCT
1034772	642	o6	1.229	GCTCGC
1034828	142	6m	1.318	CTCGCT
1034995	1561	o6	1.246	GCTCGC
1035015	1277	o6	1.427	GCTCGC
1035198	1462	7m8	2.372	GCTCGC
1035198	1584	6m	1.268	CTCGCT
1035287	204	6m	2.508	CTCGCT
1035320	294	6m	2.025	CTCGCT
1035408	151	o6	1.600	GCTCGC
1035594	1566	o6	5.049	GCTCGC
1035704	960	7A1	3.142	CTCGCT
1035720	24	6m	1.090	CTCGCT
1035798	3426	7m8	1.201	GCTCGC
1035974	115	6m	1.220	CTCGCT
1036127	514	6m	1.937	CTCGCT
1036127	688	6m	2.197	CTCGCT
1036127	802	6m	2.570	CTCGCT
1036127	3325	6m	1.207	CTCGCT
1036160	583	7m8	3.567	GCTCGC
1036358	111	6m	1.608	CTCGCT
1036449	2184	6m	1.444	CTCGCT
1036471	699	o6	1.790	GCTCGC
1036568	3305	6m	1.073	CTCGCT
1036637	51	6m	1.373	CTCGCT
1036682	1774	6m	2.293	CTCGCT
1036950	256	7m8	1.181	GCTCGC
1036991	3346	o6	2.168	GCTCGC
1037051	1499	6m	3.205	CTCGCT
1037386	437	o6	1.334	GCTCGC
1037386	1440	7m8	1.832	GCTCGC
1037458	87	7m8	2.274	CTCGCT
1037458	278	7m8	1.273	GCTCGC
1037600	283	o6	1.928	GCTCGC
1037615	1282	6m	2.257	CTCGCT
1037691	588	7m8	1.162	CTCGCT
1037705	821	6m	1.685	CTCGCT
1037745	322	7m8	1.006	GCTCGC
1038067	283	6m	2.776	CTCGCT
1038214	1689	6m	1.999	CTCGCT
1038485	400	o6	2.455	GCTCGC
1038640	1268	o6	2.592	GCTCGC
1038748	1827	7A1	1.663	CTCGCT
1038796	1495	o6	2.301	GCTCGC
1038796	1623	o6	1.978	GCTCGC
1038900	183	o6	1.412	GCTCGC
1038912	44	6m	1.334	CTCGCT
1038942	12	6m	1.323	CTCGCT
1039052	1240	6m	1.282	CTCGCT
1039202	168	7m8	1.254	GCTCGC
1039202	1481	7A1	1.123	CTCGCT
1039285	710	7m8	1.002	GCTCGC
1039474	1260	7A1	1.523	CTCGCT
1039490	266	o6	1.030	GCTCGC
1039490	347	o6	1.303	GCTCGC
1039496	1551	6m	2.316	CTCGCT
1039502	1523	6m	1.560	CTCGCT
1039502	4282	7A1	3.888	CTCGCT
1039578	3876	8m	2.746	GCTCGC
1039619	44	6m	1.082	CTCGCT
1039622	44	6m	1.082	CTCGCT
1039631	316	6m	1.595	CTCGCT
1039651	699	6m	2.442	CTCGCT
1039703	983	7A1	1.163	CTCGCT
1039718	248	6m	1.090	CTCGCT
1039831	1706	6m	1.548	CTCGCT
1039858	595	6m	1.150	CTCGCT
1040058	8315	o6	1.031	GCTCGC
1040165	1124	6m	1.328	CTCGCT
1040325	240	7m8	1.970	GCTCGC
1040443	894	o6	1.682	GCTCGC
1040461	660	7m8	1.680	GCTCGC
