1000029	77	6m	2.166	TGCTGA
1000029	86	8m	4.576	TTGCTG
1000029	357	6m	1.281	TGCTGA
1000138	179	o6	1.120	TTGCTG
1000155	606	7m8	2.065	TTGCTG
1000237	148	7A1	1.687	TGCTGA
1000264	69	7A1	1.690	TGCTGA
1000373	1522	o6	1.289	TTGCTG
1000412	117	o6	1.186	TTGCTG
1000511	508	o6	1.122	TTGCTG
1000511	599	o6	1.669	TTGCTG
1000512	80	o6	1.275	TTGCTG
1000536	683	7A1	1.390	TGCTGA
1000553	444	7m8	1.241	TTGCTG
1000586	133	o6	1.326	TTGCTG
1000631	237	o6	1.120	TTGCTG
1000631	1190	o6	1.423	TTGCTG
1000643	370	6m	2.193	TGCTGA
1000743	48	6m	2.754	TGCTGA
1000787	468	6m	1.077	TGCTGA
1000829	705	o6	1.284	TTGCTG
1000845	194	7A1	1.053	TGCTGA
1000907	377	o6	1.207	TTGCTG
1000979	867	7m8	1.698	TTGCTG
1001104	337	o6	1.186	TTGCTG
1001199	202	6m	1.082	TGCTGA
1001440	638	7A1	1.759	TGCTGA
1001440	1274	o6	1.063	TTGCTG
1001440	2425	o6	1.039	TTGCTG
1001466	1	6m	1.095	TGCTGA
1001577	199	6m	2.533	TGCTGA
1001607	117	8m	3.198	TTGCTG
1001607	904	o6	1.073	TTGCTG
1001625	307	6m	1.633	TGCTGA
1001667	412	o6	1.282	TTGCTG
1001689	647	o6	1.670	TTGCTG
1001738	491	8m	3.649	TTGCTG
1001748	227	6m	1.053	TGCTGA
1001753	384	o6	1.053	TTGCTG
1001906	1084	6m	1.998	TGCTGA
1001906	1623	7A1	1.110	TGCTGA
1002054	688	o6	2.343	TTGCTG
1002102	760	7A1	1.560	TGCTGA
1002189	97	o6	1.328	TTGCTG
1002215	631	o6	1.456	TTGCTG
1002331	101	o6	1.108	TTGCTG
1002383	587	7m8	1.874	TTGCTG
1002404	155	8m	1.687	TTGCTG
1002503	125	o6	2.508	TTGCTG
1002527	1424	7A1	2.400	TGCTGA
1002730	420	o6	1.141	TTGCTG
1002793	110	o6	1.872	TTGCTG
1002794	176	6m	1.989	TGCTGA
1002830	1395	7A1	1.562	TGCTGA
1002830	2240	6m	2.574	TGCTGA
1002877	540	o6	2.468	TTGCTG
1002985	169	o6	1.405	TTGCTG
1003155	390	8m	2.449	TTGCTG
1003226	96	7m8	2.498	TTGCTG
1003324	188	6m	2.002	TGCTGA
1003541	140	o6	1.453	TTGCTG
1003541	147	o6	1.648	TTGCTG
1003631	2196	7A1	1.241	TGCTGA
1003683	288	6m	2.794	TGCTGA
1003911	18	o6	1.385	TTGCTG
1003951	381	6m	1.750	TGCTGA
1004281	165	7A1	2.248	TGCTGA
1004281	1194	o6	1.377	TTGCTG
1004299	392	8m	2.521	TTGCTG
1004407	344	6m	1.053	TGCTGA
1004437	1746	o6	1.982	TTGCTG
1004463	2897	7m8	2.876	TTGCTG
1004750	756	o6	2.315	TTGCTG
1004750	1203	o6	2.456	TTGCTG
1004898	1233	7A1	1.084	TGCTGA
1004955	81	8m	3.021	TGCTGA
1005000	544	o6	1.560	TTGCTG
1005037	66	7m8	2.368	TGCTGA
1005216	845	o6	3.618	TTGCTG
1005253	1249	6m	1.950	TGCTGA
1005374	707	o6	2.278	TTGCTG
1005568	16	o6	1.834	TTGCTG
1005727	92	o6	2.296	TTGCTG
1005733	333	7m8	1.582	TGCTGA
1005842	83	6m	1.656	TGCTGA
1006173	216	o6	1.533	TTGCTG
1006518	541	7A1	1.243	TGCTGA
1006599	532	o6	1.758	TTGCTG
1006699	1254	o6	1.835	TTGCTG
1006734	712	o6	2.913	TTGCTG
1006738	1713	o6	1.119	TTGCTG
1006875	2903	o6	1.119	TTGCTG
1006890	284	o6	2.008	TTGCTG
1006916	313	o6	1.690	TTGCTG
1007251	1526	o6	1.696	TTGCTG
1007319	194	6m	1.131	TGCTGA
1007340	288	8m	2.544	TTGCTG
1007364	130	o6	3.599	TTGCTG
1007364	2487	7A1	1.151	TGCTGA
1007472	25	6m	1.213	TGCTGA
1007502	983	6m	1.731	TGCTGA
1007520	424	o6	1.856	TTGCTG
1007530	657	6m	1.027	TGCTGA
1007573	85	o6	2.521	TTGCTG
1007590	215	6m	2.635	TGCTGA
1007647	20	o6	1.982	TTGCTG
1007685	755	o6	1.241	TTGCTG
1007685	921	o6	1.950	TTGCTG
1007731	1557	7A1	1.438	TGCTGA
1007740	1182	6m	1.925	TGCTGA
1007740	1293	6m	1.033	TGCTGA
1007740	2826	6m	1.002	TGCTGA
1007788	119	o6	2.324	TTGCTG
1007812	5696	6m	1.770	TGCTGA
1007891	413	o6	3.458	TTGCTG
1007980	276	o6	1.084	TTGCTG
1007980	506	o6	2.132	TTGCTG
1008067	399	6m	1.560	TGCTGA
1008145	5730	o6	1.053	TTGCTG
1008145	10855	o6	1.053	TTGCTG
1008213	1630	6m	1.658	TGCTGA
1008276	466	7m8	2.704	TTGCTG
1008285	1631	o6	1.982	TTGCTG
1008286	508	6m	1.399	TGCTGA
1008286	1514	7A1	2.025	TGCTGA
1008406	352	o6	1.220	TTGCTG
1008472	19	7A1	3.146	TGCTGA
1008510	773	o6	1.797	TTGCTG
1008537	353	o6	1.027	TTGCTG
1008593	581	7A1	2.233	TGCTGA
1008624	320	7A1	1.832	TGCTGA
1008665	21	6m	1.315	TGCTGA
1008666	469	o6	1.895	TTGCTG
1008780	73	o6	2.226	TTGCTG
1008813	505	o6	1.284	TTGCTG
1008897	1488	7m8	1.080	TGCTGA
1008951	98	o6	2.139	TTGCTG
1008966	1259	o6	1.286	TTGCTG
1008981	785	o6	1.079	TTGCTG
1008989	1406	7m8	2.141	TTGCTG
1009005	34	7A1	1.010	TGCTGA
1009037	1499	o6	1.721	TTGCTG
1009040	22	8m	1.373	TTGCTG
1009199	52	7m8	1.240	TGCTGA
1009255	33	o6	2.398	TTGCTG
1009255	297	7m8	1.084	TTGCTG
1009448	973	7A1	2.631	TGCTGA
1009475	156	o6	1.202	TTGCTG
1009478	153	o6	1.656	TTGCTG
1009479	317	o6	1.921	TTGCTG
1009538	137	o6	2.213	TTGCTG
1009700	122	6m	1.889	TGCTGA
1009736	1262	o6	2.204	TTGCTG
1009748	510	o6	2.632	TTGCTG
1009759	82	o6	1.058	TTGCTG
1009799	508	6m	1.019	TGCTGA
1009834	677	7m8	2.548	TGCTGA
1009899	344	6m	3.651	TGCTGA
1009948	1536	7m8	2.403	TGCTGA
1010011	402	o6	1.844	TTGCTG
1010011	420	6m	2.286	TGCTGA
1010082	640	o6	1.156	TTGCTG
1010210	26	o6	1.218	TTGCTG
1010229	650	o6	1.415	TTGCTG
1010232	3455	o6	1.284	TTGCTG
1010237	446	8m	1.348	TTGCTG
1010238	3082	o6	1.284	TTGCTG
1010249	182	o6	2.377	TTGCTG
1010249	242	8m	2.377	TGCTGA
1010250	324	7m8	2.793	TGCTGA
1010326	542	o6	2.362	TTGCTG
1010397	252	8m	1.053	TGCTGA
1010401	583	6m	2.473	TGCTGA
1010401	1102	o6	1.078	TTGCTG
1010401	1303	o6	1.170	TTGCTG
1010401	2431	6m	2.730	TGCTGA
1010401	2668	7A1	2.559	TGCTGA
1010401	3031	7A1	1.681	TGCTGA
1010418	79	7A1	1.322	TGCTGA
1010607	63	o6	2.031	TTGCTG
1010652	126	o6	1.405	TTGCTG
1010670	1950	o6	2.085	TTGCTG
1010682	104	7m8	1.274	TTGCTG
1010748	875	o6	1.204	TTGCTG
1011260	8	o6	1.180	TTGCTG
1011327	787	o6	2.007	TTGCTG
1011333	815	7A1	1.052	TGCTGA
1011348	409	o6	1.598	TTGCTG
1011369	370	o6	1.040	TTGCTG
1011397	239	6m	1.825	TGCTGA
1011416	321	8m	1.437	TTGCTG
1011658	605	o6	1.486	TTGCTG
1011715	583	o6	2.030	TTGCTG
1011742	515	8m	2.030	TTGCTG
1011742	826	o6	2.466	TTGCTG
1011742	892	6m	3.182	TGCTGA
1011779	42	o6	1.513	TTGCTG
1011851	61	6m	2.807	TGCTGA
1011932	720	7m8	1.284	TTGCTG
1011936	1064	o6	1.373	TTGCTG
1011982	147	o6	1.850	TTGCTG
1012002	338	o6	1.245	TTGCTG
1012002	710	6m	1.073	TGCTGA
1012308	728	6m	2.262	TGCTGA
1012582	337	o6	1.182	TTGCTG
1012582	448	o6	1.857	TTGCTG
1012588	61	o6	3.275	TTGCTG
1012642	92	o6	1.986	TTGCTG
1012642	97	6m	1.355	TGCTGA
1012754	939	6m	1.453	TGCTGA
1012830	1802	o6	1.935	TTGCTG
1012833	747	o6	2.615	TTGCTG
1012842	111	o6	1.146	TTGCTG
1012900	1431	6m	3.034	TGCTGA
1012986	246	o6	1.041	TTGCTG
1013059	11	o6	1.271	TTGCTG
1013108	2345	o6	2.553	TTGCTG
1013177	274	o6	1.017	TTGCTG
1013246	33	8m	2.600	TTGCTG
1013413	74	6m	1.471	TGCTGA
1013443	1816	7A1	1.118	TGCTGA
1013467	108	o6	1.277	TTGCTG
1013518	1700	7A1	1.255	TGCTGA
1013518	3359	8m	2.056	TGCTGA
1013529	276	8m	1.435	TGCTGA
1013541	726	o6	2.515	TTGCTG
1013600	260	o6	1.016	TTGCTG
1013670	13	o6	1.205	TTGCTG
1013670	488	7A1	1.993	TGCTGA
1013872	296	6m	1.097	TGCTGA
1013921	35	7m8	1.809	TTGCTG
1014069	1059	7A1	1.542	TGCTGA
1014180	652	o6	1.044	TTGCTG
1014352	36	6m	1.990	TGCTGA
1014355	792	6m	1.990	TGCTGA
1014403	2319	o6	2.533	TTGCTG
1014418	465	6m	1.809	TGCTGA
1014424	66	o6	1.105	TTGCTG
1014473	1730	6m	1.121	TGCTGA
1014497	19	7A1	1.034	TGCTGA
1014697	1313	6m	1.298	TGCTGA
1014740	656	6m	1.352	TGCTGA
1014844	124	7A1	1.517	TGCTGA
1014883	30	6m	1.063	TGCTGA
1014988	884	7m8	1.592	TGCTGA
1014988	3537	o6	2.181	TTGCTG
1014988	4529	8m	1.641	TTGCTG
1014988	5015	8m	1.261	TTGCTG
1015041	3512	7m8	1.198	TTGCTG
1015041	4864	o6	1.199	TTGCTG
1015047	1438	7A1	2.085	TGCTGA
1015077	458	o6	1.606	TTGCTG
1015122	1482	o6	1.024	TTGCTG
1015125	1276	o6	1.024	TTGCTG
1015128	1736	o6	1.024	TTGCTG
1015171	148	8m	1.642	TGCTGA
1015176	283	o6	1.800	TTGCTG
1015228	3662	o6	1.284	TTGCTG
1015376	565	8m	2.583	TTGCTG
1015394	1494	o6	2.184	TTGCTG
1015552	1684	6m	2.889	TGCTGA
1015555	691	7m8	2.433	TTGCTG
1015637	1626	o6	1.825	TTGCTG
1015646	114	6m	1.798	TGCTGA
1015667	382	o6	2.116	TTGCTG
1015679	112	o6	2.991	TTGCTG
1015697	762	7A1	1.190	TGCTGA
1015810	580	o6	1.593	TTGCTG
1015840	819	o6	1.010	TTGCTG
1015841	346	o6	1.905	TTGCTG
1015870	1022	o6	2.522	TTGCTG
1015888	12	6m	2.320	TGCTGA
1015915	75	6m	1.073	TGCTGA
1015949	92	7m8	2.070	TTGCTG
1016011	583	6m	1.440	TGCTGA
1016011	1057	6m	1.321	TGCTGA
1016016	1345	7A1	1.753	TGCTGA
1016020	1585	o6	2.025	TTGCTG
1016020	1636	6m	1.554	TGCTGA
1016026	163	7A1	1.980	TGCTGA
1016026	2206	7A1	2.828	TGCTGA
1016026	2620	6m	1.437	TGCTGA
1016047	679	o6	2.088	TTGCTG
1016067	1168	o6	2.372	TTGCTG
1016214	443	7m8	2.015	TTGCTG
1016347	634	7m8	1.737	TTGCTG
1016394	247	6m	1.322	TGCTGA
1016475	1873	o6	2.233	TTGCTG
1016562	19	o6	1.328	TTGCTG
1016574	2937	7m8	1.132	TGCTGA
1016574	3561	7m8	1.707	TTGCTG
1016623	628	7A1	1.976	TGCTGA
1016655	114	7m8	1.537	TTGCTG
1016691	408	o6	1.687	TTGCTG
1016691	628	o6	1.842	TTGCTG
1016713	3184	6m	2.807	TGCTGA
1016713	3322	7A1	1.606	TGCTGA
1016728	45	o6	1.242	TTGCTG
1016754	180	6m	1.073	TGCTGA
1016781	77	o6	2.116	TTGCTG
1016787	16	o6	2.527	TTGCTG
1016791	160	7A1	2.982	TGCTGA
1016797	104	o6	1.937	TTGCTG
1016848	1971	8m	3.580	TTGCTG
1016865	1011	o6	2.171	TTGCTG
1016931	24	o6	2.446	TTGCTG
1016965	341	8m	2.537	TTGCTG
1016965	425	8m	2.343	TTGCTG
1017012	1022	8m	2.204	TGCTGA
1017127	584	o6	1.582	TTGCTG
1017130	94	o6	1.468	TTGCTG
1017157	749	7A1	1.058	TGCTGA
1017188	105	o6	1.322	TTGCTG
1017266	106	6m	1.082	TGCTGA
1017282	323	7m8	2.507	TTGCTG
1017378	88	o6	2.383	TTGCTG
1017433	55	7A1	1.777	TGCTGA
1017434	109	o6	1.718	TTGCTG
1017434	292	o6	3.021	TTGCTG
1017451	855	o6	2.660	TTGCTG
1017451	1663	o6	1.316	TTGCTG
1017511	1760	o6	1.711	TTGCTG
1017614	4750	7m8	2.517	TTGCTG
1017776	294	o6	3.032	TTGCTG
1017919	951	7A1	2.103	TGCTGA
1018008	344	6m	1.104	TGCTGA
1018078	85	o6	1.747	TTGCTG
1018104	48	7m8	2.143	TTGCTG
1018284	326	7A1	1.084	TGCTGA
1018370	93	o6	1.146	TTGCTG
1018442	264	6m	1.966	TGCTGA
1018460	98	6m	1.291	TGCTGA
1018498	319	7m8	1.073	TTGCTG
1018519	641	6m	2.391	TGCTGA
1018753	139	o6	1.648	TTGCTG
1018766	359	8m	2.660	TTGCTG
1018873	1158	o6	2.368	TTGCTG
1018984	229	6m	1.073	TGCTGA
1019055	1132	6m	2.695	TGCTGA
1019116	146	7A1	2.118	TGCTGA
1019314	25	o6	1.865	TTGCTG
1019579	3226	o6	2.502	TTGCTG
1019716	451	o6	1.252	TTGCTG
1019737	93	6m	1.322	TGCTGA
1019797	87	o6	1.005	TTGCTG
1019853	199	8m	1.094	TTGCTG
1019887	515	o6	1.031	TTGCTG
1020059	0	o6	1.228	TTGCTG
1020219	2042	o6	1.500	TTGCTG
1020253	676	o6	2.022	TTGCTG
1020253	1115	o6	2.022	TTGCTG
1020353	175	7A1	1.170	TGCTGA
1020375	81	o6	2.509	TTGCTG
1020435	3432	7A1	1.990	TGCTGA
1020480	807	o6	3.209	TTGCTG
1020480	827	o6	1.240	TTGCTG
1020495	508	6m	2.213	TGCTGA
1020540	41	o6	1.520	TTGCTG
1020624	78	o6	1.560	TTGCTG
1020782	1802	o6	1.496	TTGCTG
1020824	88	7m8	1.079	TTGCTG
1020859	109	7m8	1.937	TTGCTG
1020861	1952	7m8	1.937	TTGCTG
1021008	1618	8m	2.194	TTGCTG
1021020	257	6m	1.560	TGCTGA
1021084	152	6m	3.649	TGCTGA
1021084	1350	6m	1.611	TGCTGA
1021205	33	8m	1.852	TTGCTG
1021341	155	7A1	1.122	TGCTGA
1021412	44	6m	1.556	TGCTGA
1021505	255	6m	2.538	TGCTGA
1021678	583	7m8	1.186	TTGCTG
1021797	1504	o6	1.112	TTGCTG
1021818	878	o6	2.335	TTGCTG
1021909	1453	6m	1.328	TGCTGA
1022066	2057	6m	1.788	TGCTGA
1022070	884	7A1	1.316	TGCTGA
1022343	114	o6	1.939	TTGCTG
1022353	726	8m	1.165	TGCTGA
1022480	491	o6	1.725	TTGCTG
1022565	317	o6	1.036	TTGCTG
1022763	135	6m	2.268	TGCTGA
1022997	647	o6	1.461	TTGCTG
1023027	684	o6	1.717	TTGCTG
1023054	147	7m8	1.205	TGCTGA
1023062	1832	6m	1.857	TGCTGA
1023062	3146	o6	1.239	TTGCTG
1023062	3251	7A1	1.147	TGCTGA
1023109	330	7A1	2.876	TGCTGA
1023151	608	8m	1.955	TTGCTG
1023154	345	7A1	1.119	TGCTGA
1023167	420	6m	1.557	TGCTGA
1023213	15	7A1	1.485	TGCTGA
1023228	54	o6	1.683	TTGCTG
1023245	206	o6	1.512	TTGCTG
1023253	1128	o6	1.047	TTGCTG
1023288	111	6m	2.247	TGCTGA
1023289	1916	o6	1.032	TTGCTG
1023320	1386	7m8	1.207	TTGCTG
1023320	1433	7A1	2.723	TGCTGA
1023378	960	o6	1.092	TTGCTG
1023378	1027	6m	1.040	TGCTGA
1023378	1189	6m	1.459	TGCTGA
1023381	471	o6	1.092	TTGCTG
1023381	538	6m	1.040	TGCTGA
1023381	700	6m	1.459	TGCTGA
1023469	490	7A1	1.648	TGCTGA
1023594	577	7A1	2.363	TGCTGA
1023602	285	o6	2.608	TTGCTG
1023658	461	6m	1.508	TGCTGA
1023706	1166	o6	2.220	TTGCTG
1023834	2	6m	2.033	TGCTGA
1023853	925	7m8	2.494	TTGCTG
1023881	180	6m	1.241	TGCTGA
1023882	583	7A1	1.808	TGCTGA
1023882	2069	8m	1.322	TTGCTG
1023882	2368	6m	1.322	TGCTGA
1023885	1429	6m	1.158	TGCTGA
1023922	669	o6	2.073	TTGCTG
1023940	96	6m	1.409	TGCTGA
1023955	491	7A1	1.056	TGCTGA
1023965	81	6m	1.186	TGCTGA
1024025	907	o6	1.897	TTGCTG
1024031	206	8m	1.606	TTGCTG
1024031	4673	o6	1.606	TTGCTG
1024045	171	o6	2.520	TTGCTG
1024085	1025	6m	1.417	TGCTGA
1024114	1161	o6	2.694	TTGCTG
1024141	138	o6	2.477	TTGCTG
1024172	585	7A1	1.322	TGCTGA
1024177	253	o6	1.016	TTGCTG
1024184	281	o6	1.234	TTGCTG
1024229	391	6m	2.905	TGCTGA
1024279	56	7m8	1.337	TGCTGA
1024342	1964	6m	1.227	TGCTGA
1024349	828	7A1	2.343	TGCTGA
1024366	241	o6	2.520	TTGCTG
1024372	310	o6	1.398	TTGCTG
1024393	1007	6m	1.620	TGCTGA
1024448	434	6m	2.500	TGCTGA
1024486	42	7A1	2.228	TGCTGA
1024513	267	o6	1.931	TTGCTG
1024550	223	o6	1.162	TTGCTG
1024613	11	7A1	2.268	TGCTGA
1024622	1225	o6	2.790	TTGCTG
1024639	1922	7A1	1.786	TGCTGA
1024648	6493	7A1	1.687	TGCTGA
1024892	343	7m8	2.298	TTGCTG
1024939	2178	o6	2.073	TTGCTG
1024956	2053	o6	1.670	TTGCTG
1024956	5979	7m8	1.600	TTGCTG
1024956	7523	o6	1.606	TTGCTG
1024975	566	o6	2.808	TTGCTG
1025022	1286	o6	1.235	TTGCTG
1025029	759	6m	1.255	TGCTGA
1025029	1635	7m8	3.034	TTGCTG
1025029	3124	6m	1.086	TGCTGA
1025055	26	7A1	2.647	TGCTGA
1025055	245	o6	1.482	TTGCTG
1025059	1818	7m8	1.933	TTGCTG
1025064	2075	o6	1.205	TTGCTG
1025168	1048	6m	1.242	TGCTGA
1025242	380	o6	1.284	TTGCTG
1025245	45	6m	1.348	TGCTGA
1025259	35	o6	2.529	TTGCTG
1025275	776	7A1	1.571	TGCTGA
1025367	132	6m	1.288	TGCTGA
1025371	317	o6	1.064	TTGCTG
1025424	174	o6	1.719	TTGCTG
1025565	856	o6	1.633	TTGCTG
1025630	713	o6	1.566	TTGCTG
1025630	1444	6m	1.257	TGCTGA
1025654	1087	o6	1.168	TTGCTG
1025654	3470	6m	2.563	TGCTGA
1025672	159	o6	1.405	TTGCTG
1025721	384	7m8	1.915	TTGCTG
1025737	927	o6	1.029	TTGCTG
1025883	55	6m	1.829	TGCTGA
1026126	70	o6	1.606	TTGCTG
1026322	276	6m	1.652	TGCTGA
1026363	179	o6	1.210	TTGCTG
1026461	371	o6	1.355	TTGCTG
1026519	354	o6	1.037	TTGCTG
1026687	154	o6	1.724	TTGCTG
1026688	830	o6	1.019	TTGCTG
1026688	1277	o6	1.785	TTGCTG
1026688	1283	6m	1.058	TGCTGA
1026714	176	6m	1.302	TGCTGA
1026758	23	7A1	1.746	TGCTGA
1026798	796	o6	1.056	TTGCTG
1026853	690	o6	2.425	TTGCTG
1026853	3023	o6	2.267	TTGCTG
1026965	793	o6	2.671	TTGCTG
1026965	996	8m	2.798	TTGCTG
1026965	1367	o6	2.798	TTGCTG
1026966	717	o6	1.857	TTGCTG
1026974	570	o6	2.427	TTGCTG
1026981	85	o6	1.393	TTGCTG
1026999	615	7A1	2.467	TGCTGA
1027115	278	o6	1.550	TTGCTG
1027214	91	8m	1.958	TTGCTG
1027250	32	o6	1.320	TTGCTG
1027332	389	8m	1.704	TGCTGA
1027398	142	o6	1.109	TTGCTG
1027697	43	o6	1.543	TTGCTG
1027761	430	o6	2.460	TTGCTG
1027814	398	6m	2.704	TGCTGA
1027841	90	o6	2.632	TTGCTG
1027891	1478	o6	1.422	TTGCTG
1027989	145	o6	1.155	TTGCTG
1028011	186	7A1	2.377	TGCTGA
1028011	388	o6	1.811	TTGCTG
1028066	6	6m	1.053	TGCTGA
1028140	289	o6	1.439	TTGCTG
1028348	83	6m	1.031	TGCTGA
1028372	427	6m	1.328	TGCTGA
1028401	181	o6	1.890	TTGCTG
1028434	891	o6	3.088	TTGCTG
1028435	43	o6	1.114	TTGCTG
1028470	308	o6	1.076	TTGCTG
1028512	455	o6	2.026	TTGCTG
1028620	136	6m	1.749	TGCTGA
1028775	22	o6	1.122	TTGCTG
1029097	1239	8m	2.794	TTGCTG
1029246	746	o6	1.946	TTGCTG
1029348	231	7m8	1.156	TGCTGA
1029535	80	o6	1.312	TTGCTG
1029626	153	6m	1.407	TGCTGA
1029685	352	o6	1.752	TTGCTG
1029686	437	o6	1.997	TTGCTG
1029716	130	6m	1.322	TGCTGA
1030016	100	o6	1.349	TTGCTG
1030186	199	o6	1.105	TTGCTG
1030240	104	6m	1.156	TGCTGA
1030245	54	8m	2.506	TTGCTG
1030313	224	o6	1.058	TTGCTG
1030332	595	7A1	1.322	TGCTGA
1030451	176	6m	2.235	TGCTGA
1030451	200	o6	2.030	TTGCTG
1030451	524	o6	2.375	TTGCTG
1030595	70	o6	1.007	TTGCTG
1030782	119	7A1	2.544	TGCTGA
1030893	103	7A1	1.195	TGCTGA
1030894	101	7A1	2.160	TGCTGA
1031028	196	6m	2.339	TGCTGA
1031142	1853	o6	1.316	TTGCTG
1031187	379	o6	1.367	TTGCTG
1031199	350	7A1	2.723	TGCTGA
1031223	1048	o6	2.704	TTGCTG
1031390	1637	o6	3.404	TTGCTG
1031390	2366	8m	2.807	TTGCTG
1031390	7615	8m	1.543	TTGCTG
1031446	469	o6	1.008	TTGCTG
1031480	672	o6	1.633	TTGCTG
1031498	107	6m	2.639	TGCTGA
1031498	1408	o6	1.240	TTGCTG
1031583	423	o6	3.077	TTGCTG
1031593	1061	6m	1.825	TGCTGA
1031605	97	6m	2.292	TGCTGA
1031641	582	7A1	1.690	TGCTGA
1031698	965	o6	2.183	TTGCTG
1031814	57	o6	2.326	TTGCTG
1031818	102	o6	2.098	TTGCTG
1031830	2226	o6	1.216	TTGCTG
1031994	573	7A1	2.243	TGCTGA
1031994	2233	7A1	2.248	TGCTGA
1032132	84	o6	1.695	TTGCTG
1032132	139	o6	2.287	TTGCTG
1032242	67	8m	1.413	TGCTGA
1032292	719	o6	1.973	TTGCTG
1032295	957	7A1	1.043	TGCTGA
1032328	653	7m8	1.023	TTGCTG
1032328	1154	o6	1.212	TTGCTG
1032333	2049	o6	1.950	TTGCTG
1032369	3106	o6	1.688	TTGCTG
1032486	5	7A1	1.523	TGCTGA
1032489	199	o6	1.207	TTGCTG
1032508	1042	o6	1.061	TTGCTG
1032508	1578	o6	2.405	TTGCTG
1032519	420	o6	1.292	TTGCTG
1032622	3742	7A1	1.405	TGCTGA
1032722	188	8m	2.304	TTGCTG
1032747	8	o6	2.088	TTGCTG
1032750	651	6m	1.284	TGCTGA
1032802	1205	8m	2.433	TTGCTG
1032813	1255	7A1	3.005	TGCTGA
1032876	138	o6	1.444	TTGCTG
1032902	807	6m	1.687	TGCTGA
1032929	249	6m	1.710	TGCTGA
1032964	531	6m	3.028	TGCTGA
1033008	831	6m	1.498	TGCTGA
1033008	2310	6m	2.788	TGCTGA
1033089	547	o6	1.321	TTGCTG
1033121	82	7A1	1.518	TGCTGA
1033141	3989	o6	2.477	TTGCTG
1033187	578	6m	1.801	TGCTGA
1033227	1370	o6	1.529	TTGCTG
1033254	556	o6	1.590	TTGCTG
1033293	995	o6	1.211	TTGCTG
1033310	287	o6	2.627	TTGCTG
1033328	657	7m8	3.385	TTGCTG
1033362	143	o6	1.119	TTGCTG
1033362	1099	o6	2.026	TTGCTG
1033409	274	o6	1.633	TTGCTG
1033425	43	o6	2.550	TTGCTG
1033425	605	o6	2.561	TTGCTG
1033527	118	6m	2.047	TGCTGA
1033598	3817	8m	2.326	TTGCTG
1033598	7604	7A1	1.447	TGCTGA
1033598	7612	7A1	1.447	TGCTGA
1033607	24	8m	2.219	TTGCTG
1033616	1977	7A1	1.911	TGCTGA
1033616	2384	o6	1.560	TTGCTG
1033669	175	7A1	2.025	TGCTGA
1033715	142	6m	2.462	TGCTGA
1033732	254	o6	1.447	TTGCTG
1033865	496	6m	1.032	TGCTGA
1033877	1098	8m	3.012	TTGCTG
1033877	1472	o6	1.486	TTGCTG
1033883	1500	o6	4.043	TTGCTG
1033916	47	o6	1.981	TTGCTG
1033971	3661	o6	3.034	TTGCTG
1033987	1231	o6	1.284	TTGCTG
1034259	107	7A1	4.701	TGCTGA
1034308	489	7A1	1.149	TGCTGA
1034451	306	7A1	1.556	TGCTGA
1034493	269	o6	1.959	TTGCTG
1034499	787	o6	2.548	TTGCTG
1034505	15	o6	2.017	TTGCTG
1034569	3571	6m	1.426	TGCTGA
1034569	7052	6m	1.434	TGCTGA
1034569	7133	o6	1.328	TTGCTG
1034687	58	o6	1.315	TTGCTG
1034687	185	o6	1.315	TTGCTG
1034760	1105	7A1	2.304	TGCTGA
1034763	553	8m	1.216	TGCTGA
1034828	794	o6	2.730	TTGCTG
1034828	846	6m	1.468	TGCTGA
1034917	1343	6m	1.679	TGCTGA
1034917	3167	7A1	2.459	TGCTGA
1034924	687	7m8	2.070	TTGCTG
1034941	2937	o6	1.128	TTGCTG
1034962	329	6m	3.684	TGCTGA
1034984	93	o6	2.150	TTGCTG
1035001	174	8m	1.003	TTGCTG
1035010	2378	o6	2.195	TTGCTG
1035213	2030	6m	1.400	TGCTGA
1035260	501	o6	1.091	TTGCTG
1035315	124	7A1	1.538	TGCTGA
1035407	199	o6	2.230	TTGCTG
1035447	180	6m	1.634	TGCTGA
1035527	1801	o6	2.194	TTGCTG
1035569	10879	7m8	3.224	TTGCTG
1035569	17302	o6	3.067	TTGCTG
1035687	677	o6	2.688	TTGCTG
1035762	968	o6	1.640	TTGCTG
1035767	136	7A1	1.496	TGCTGA
1035773	1750	6m	1.634	TGCTGA
1035773	2391	6m	1.690	TGCTGA
1035801	3245	7A1	2.232	TGCTGA
1035904	125	o6	1.135	TTGCTG
1035963	606	7m8	1.641	TTGCTG
1035981	55	6m	1.075	TGCTGA
1036127	6375	o6	1.008	TTGCTG
1036127	6888	6m	2.405	TGCTGA
1036127	7725	7m8	3.627	TGCTGA
1036127	8973	6m	2.142	TGCTGA
1036188	38	o6	1.484	TTGCTG
1036283	1194	o6	1.834	TTGCTG
1036419	924	7m8	1.169	TGCTGA
1036420	257	7m8	1.409	TTGCTG
1036449	2755	o6	1.351	TTGCTG
1036482	1256	o6	2.255	TTGCTG
1036592	140	o6	1.190	TTGCTG
1036667	202	o6	1.687	TTGCTG
1036899	318	o6	2.981	TTGCTG
1036899	411	8m	2.073	TTGCTG
1036921	61	o6	1.058	TTGCTG
1037066	259	7A1	1.254	TGCTGA
1037090	1141	6m	2.037	TGCTGA
1037171	85	o6	1.681	TTGCTG
1037212	156	7m8	1.124	TGCTGA
1037301	884	o6	1.360	TTGCTG
1037458	98	o6	2.280	TTGCTG
1037474	804	o6	1.136	TTGCTG
1037504	76	o6	1.777	TTGCTG
1037587	140	o6	1.652	TTGCTG
1037600	49	o6	2.751	TTGCTG
1037745	317	o6	1.378	TTGCTG
1037753	396	7A1	1.397	TGCTGA
1038060	108	o6	2.757	TTGCTG
1038060	117	o6	2.302	TTGCTG
1038067	1090	o6	2.321	TTGCTG
1038156	33	6m	1.587	TGCTGA
1038407	217	7A1	2.017	TGCTGA
1038511	232	o6	1.548	TTGCTG
1038589	260	8m	2.017	TGCTGA
1038589	702	o6	2.884	TTGCTG
1038622	176	6m	1.282	TGCTGA
1038644	287	o6	1.409	TTGCTG
1038649	272	o6	2.017	TTGCTG
1038682	186	o6	2.043	TTGCTG
1038752	1852	o6	2.344	TTGCTG
1038796	2023	o6	1.082	TTGCTG
1038808	1669	o6	2.016	TTGCTG
1038841	668	o6	1.286	TTGCTG
1038900	207	o6	1.412	TTGCTG
1038923	58	8m	2.293	TTGCTG
1038948	638	6m	2.298	TGCTGA
1038986	1159	o6	1.518	TTGCTG
1039033	604	6m	2.704	TGCTGA
1039094	530	o6	1.118	TTGCTG
1039187	100	6m	1.151	TGCTGA
1039202	149	o6	1.999	TTGCTG
1039307	281	o6	1.556	TTGCTG
1039329	146	6m	1.953	TGCTGA
1039431	1182	7m8	4.484	TTGCTG
1039469	617	7A1	1.186	TGCTGA
1039469	2224	8m	2.797	TTGCTG
1039502	4198	o6	2.270	TTGCTG
1039502	5053	o6	2.626	TTGCTG
1039502	5308	o6	2.875	TTGCTG
1039503	877	8m	1.568	TGCTGA
1039578	1104	o6	1.077	TTGCTG
1039578	1963	o6	1.037	TTGCTG
1039578	1996	o6	1.367	TTGCTG
1039578	2030	o6	3.005	TTGCTG
1039578	2632	o6	1.006	TTGCTG
1039578	5394	7A1	2.377	TGCTGA
1039718	1057	6m	1.076	TGCTGA
1039853	4630	8m	2.683	TTGCTG
1039858	294	o6	2.316	TTGCTG
1039858	1042	o6	1.689	TTGCTG
1039949	1302	6m	3.248	TGCTGA
1039949	3827	6m	1.391	TGCTGA
1039949	4223	o6	1.368	TTGCTG
1039995	390	7A1	1.312	TGCTGA
1039996	1366	o6	1.032	TTGCTG
1040007	2205	o6	1.073	TTGCTG
1040048	36	8m	2.429	TTGCTG
1040048	244	8m	1.952	TTGCTG
1040048	1811	o6	2.775	TTGCTG
1040048	3866	6m	2.775	TGCTGA
1040057	817	6m	1.497	TGCTGA
1040070	1460	8m	2.249	TTGCTG
1040165	862	o6	1.209	TTGCTG
1040237	690	7A1	1.024	TGCTGA
1040250	178	o6	1.687	TTGCTG
1040298	1768	7A1	2.972	TGCTGA
1040298	3700	7A1	2.066	TGCTGA
1040303	93	6m	1.313	TGCTGA
1040303	1340	o6	1.524	TTGCTG
1040346	3138	8m	1.328	TGCTGA
1040346	3569	7A1	1.961	TGCTGA
1040352	3432	o6	1.262	TTGCTG
1040387	806	7m8	1.073	TGCTGA
1040387	2462	6m	2.635	TGCTGA
1040411	1710	7A1	2.231	TGCTGA
1040479	1031	o6	1.940	TTGCTG
1040503	136	8m	1.997	TTGCTG
1040510	37	7A1	1.027	TGCTGA
1040533	15	o6	2.405	TTGCTG
1040584	44	8m	1.346	TTGCTG
1040584	115	o6	2.041	TTGCTG
1040589	1822	8m	2.611	TTGCTG
