1000029	815	6m	1.069	TCGAAT
1000122	528	o6	1.149	CTCGAA
1000125	961	8m	2.466	CTCGAA
1000138	37	6m	1.076	TCGAAT
1000146	545	7A1	2.981	TCGAAT
1000218	70	o6	1.505	CTCGAA
1000360	672	6m	1.827	TCGAAT
1000407	774	6m	2.220	TCGAAT
1000421	26	6m	2.025	TCGAAT
1000490	227	o6	1.867	CTCGAA
1000493	3915	7m8	1.295	CTCGAA
1000506	257	7A1	2.026	TCGAAT
1000610	851	o6	1.451	CTCGAA
1000649	549	7A1	1.032	TCGAAT
1000649	838	6m	1.199	TCGAAT
1000653	697	7A1	1.194	TCGAAT
1000665	314	o6	1.633	CTCGAA
1000673	585	o6	1.961	CTCGAA
1000676	646	o6	1.606	CTCGAA
1000758	144	6m	1.906	TCGAAT
1000778	203	6m	1.487	TCGAAT
1000814	561	o6	1.894	CTCGAA
1000856	114	o6	1.233	CTCGAA
1000923	266	o6	1.020	CTCGAA
1000923	1480	6m	2.409	TCGAAT
1001105	119	6m	1.485	TCGAAT
1001224	76	6m	1.681	TCGAAT
1001412	171	6m	3.197	TCGAAT
1001417	674	7m8	1.067	CTCGAA
1001500	446	7m8	1.945	CTCGAA
1001518	505	7m8	1.473	CTCGAA
1001533	223	6m	2.218	TCGAAT
1001533	1008	7m8	1.087	CTCGAA
1001533	2838	7A1	1.040	TCGAAT
1001577	936	6m	1.210	TCGAAT
1001578	1408	o6	1.295	CTCGAA
1001578	2129	o6	1.082	CTCGAA
1001578	2303	6m	1.017	TCGAAT
1001661	1470	6m	1.006	TCGAAT
1001862	359	6m	2.025	TCGAAT
1001906	804	o6	2.223	CTCGAA
1001906	1676	7m8	1.019	CTCGAA
1001934	230	o6	1.190	CTCGAA
1001948	1360	o6	1.854	CTCGAA
1002192	143	o6	2.131	CTCGAA
1002215	107	o6	1.348	CTCGAA
1002224	41	6m	1.285	TCGAAT
1002260	234	o6	3.011	CTCGAA
1002319	574	o6	1.320	CTCGAA
1002326	386	7A1	1.233	TCGAAT
1002349	57	7A1	2.073	TCGAAT
1002422	29	7A1	2.044	TCGAAT
1002595	1296	o6	1.585	CTCGAA
1002667	55	o6	1.540	CTCGAA
1002703	162	o6	1.054	CTCGAA
1002815	48	7A1	1.233	TCGAAT
1002884	20	7A1	2.100	TCGAAT
1002979	166	7A1	2.523	TCGAAT
1002979	399	7m8	1.606	CTCGAA
1002979	445	7m8	1.393	CTCGAA
1003155	343	6m	1.322	TCGAAT
1003178	285	6m	1.042	TCGAAT
1003248	588	6m	1.075	TCGAAT
1003297	318	7m8	1.118	CTCGAA
1003316	74	7m8	2.326	TCGAAT
1003523	692	o6	1.034	CTCGAA
1003576	720	6m	1.069	TCGAAT
1003589	304	6m	2.258	TCGAAT
1003603	70	7m8	1.622	TCGAAT
1003631	1711	6m	1.040	TCGAAT
1003643	362	6m	1.059	TCGAAT
1003776	642	6m	1.053	TCGAAT
1003999	1015	o6	2.472	CTCGAA
1004014	5	7A1	1.720	TCGAAT
1004077	290	7m8	2.343	CTCGAA
1004119	75	6m	2.073	TCGAAT
1004274	33	o6	2.245	CTCGAA
1004281	1172	o6	1.262	CTCGAA
1004341	845	6m	1.195	TCGAAT
1004359	120	7A1	1.131	TCGAAT
1004406	260	7m8	1.061	CTCGAA
1004446	974	6m	1.065	TCGAAT
1004512	595	6m	1.687	TCGAAT
1004661	589	8m	2.246	CTCGAA
1004676	195	6m	1.568	TCGAAT
1004750	455	6m	1.690	TCGAAT
1004838	193	7A1	1.227	TCGAAT
1004867	18	7m8	1.424	TCGAAT
1005114	1238	6m	1.002	TCGAAT
1005124	25	6m	3.737	TCGAAT
1005329	238	6m	2.576	TCGAAT
1005429	194	6m	2.220	TCGAAT
1005565	339	7A1	2.544	TCGAAT
1005641	194	6m	2.220	TCGAAT
1005646	757	o6	1.690	CTCGAA
1005646	4342	7A1	2.552	TCGAAT
1005694	81	7A1	3.274	TCGAAT
1005898	406	7A1	1.011	TCGAAT
1006012	233	7m8	1.852	CTCGAA
1006518	736	o6	1.022	CTCGAA
1006548	101	o6	1.563	CTCGAA
1006548	757	7m8	1.118	CTCGAA
1006554	445	7m8	1.259	CTCGAA
1006587	583	6m	1.313	TCGAAT
1006596	22	8m	1.780	TCGAAT
1006699	953	6m	2.807	TCGAAT
1006738	430	6m	1.555	TCGAAT
1006815	220	o6	1.520	CTCGAA
1006875	1620	6m	1.555	TCGAAT
1007031	800	6m	1.030	TCGAAT
1007053	846	8m	1.573	TCGAAT
1007118	698	o6	1.941	CTCGAA
1007207	674	6m	2.544	TCGAAT
1007231	264	6m	1.702	TCGAAT
1007283	93	6m	1.700	TCGAAT
1007283	1043	6m	1.156	TCGAAT
1007314	323	7A1	1.681	TCGAAT
1007484	1163	o6	1.053	CTCGAA
1007530	702	6m	1.274	TCGAAT
1007608	460	7A1	1.679	TCGAAT
1007611	105	o6	1.022	CTCGAA
1007673	96	6m	2.179	TCGAAT
1007673	214	6m	1.074	TCGAAT
1007698	2002	6m	1.006	TCGAAT
1007710	787	7A1	2.053	TCGAAT
1007740	884	7m8	3.176	TCGAAT
1007792	478	6m	1.512	TCGAAT
1007792	760	6m	1.034	TCGAAT
1007812	1060	o6	1.655	CTCGAA
1007812	1789	6m	1.264	TCGAAT
1007812	2318	o6	1.508	CTCGAA
1007812	6740	o6	1.149	CTCGAA
1007815	14	o6	1.036	CTCGAA
1007824	554	o6	1.284	CTCGAA
1007875	3386	o6	2.407	CTCGAA
1007885	627	7m8	1.012	TCGAAT
1007888	724	o6	1.800	CTCGAA
1007897	758	7A1	2.538	TCGAAT
1007903	404	7m8	1.680	CTCGAA
1007920	1447	7A1	1.322	TCGAAT
1007972	226	o6	1.658	CTCGAA
1007980	520	6m	1.825	TCGAAT
1007980	2205	7m8	1.909	CTCGAA
1007993	98	o6	2.056	CTCGAA
1008067	26	o6	1.189	CTCGAA
1008081	86	7m8	2.508	TCGAAT
1008081	316	8m	1.546	CTCGAA
1008093	210	7A1	1.606	TCGAAT
1008136	809	6m	1.900	TCGAAT
1008145	6923	7m8	1.098	CTCGAA
1008151	735	7A1	2.477	TCGAAT
1008174	673	7A1	2.044	TCGAAT
1008187	1	6m	1.424	TCGAAT
1008255	1392	7A1	1.803	TCGAAT
1008279	1580	6m	1.073	TCGAAT
1008279	1835	6m	1.811	TCGAAT
1008307	129	7A1	1.121	TCGAAT
1008318	628	6m	1.440	TCGAAT
1008327	408	6m	1.946	TCGAAT
1008397	40	6m	1.606	TCGAAT
1008432	404	7A1	1.161	TCGAAT
1008498	686	6m	1.274	TCGAAT
1008498	780	7m8	1.606	TCGAAT
1008521	750	6m	1.065	TCGAAT
1008557	415	o6	1.285	CTCGAA
1008561	118	7A1	1.615	TCGAAT
1008606	599	6m	2.565	TCGAAT
1008642	217	7A1	2.976	TCGAAT
1008657	118	7m8	1.827	CTCGAA
1008708	69	7A1	2.025	TCGAAT
1008740	469	6m	1.187	TCGAAT
1008740	731	6m	1.808	TCGAAT
1008740	893	o6	1.468	CTCGAA
1008740	951	7A1	1.685	TCGAAT
1008755	835	7m8	2.642	TCGAAT
1008780	32	6m	2.025	TCGAAT
1008780	508	o6	2.321	CTCGAA
1008780	519	7A1	1.254	TCGAAT
1008789	168	o6	1.979	CTCGAA
1008816	41	7m8	1.391	TCGAAT
1008863	159	7A1	1.099	TCGAAT
1008911	86	6m	1.444	TCGAAT
1008995	1512	7A1	1.045	TCGAAT
1008996	73	8m	1.316	CTCGAA
1009037	2504	o6	1.565	CTCGAA
1009046	81	8m	2.035	CTCGAA
1009068	815	7A1	1.228	TCGAAT
1009232	71	o6	1.422	CTCGAA
1009267	737	o6	2.214	CTCGAA
1009274	79	o6	1.326	CTCGAA
1009334	218	o6	1.241	CTCGAA
1009352	242	o6	1.332	CTCGAA
1009424	241	6m	1.687	TCGAAT
1009475	292	o6	2.513	CTCGAA
1009500	1373	7m8	1.222	TCGAAT
1009511	547	7m8	2.096	CTCGAA
1009671	6	7m8	1.525	TCGAAT
1009729	136	7A1	1.723	TCGAAT
1009748	2279	6m	3.707	TCGAAT
1009760	50	6m	1.411	TCGAAT
1009763	33	o6	1.450	CTCGAA
1009763	112	o6	2.187	CTCGAA
1009823	118	o6	1.322	CTCGAA
1009930	90	6m	1.690	TCGAAT
1009986	132	6m	1.050	TCGAAT
1010150	144	7m8	1.162	TCGAAT
1010232	1778	6m	2.723	TCGAAT
1010238	1405	6m	2.723	TCGAAT
1010259	81	o6	1.663	CTCGAA
1010265	39	6m	1.220	TCGAAT
1010332	722	6m	1.645	TCGAAT
1010359	266	6m	1.280	TCGAAT
1010385	1144	7A1	1.254	TCGAAT
1010401	2608	6m	3.418	TCGAAT
1010401	3936	7A1	2.538	TCGAAT
1010412	560	6m	2.438	TCGAAT
1010608	349	6m	2.125	TCGAAT
1010645	225	7m8	1.857	CTCGAA
1010649	397	6m	1.327	TCGAAT
1010682	85	6m	2.650	TCGAAT
1010692	53	6m	2.400	TCGAAT
1010886	31	6m	1.274	TCGAAT
1010950	1084	6m	4.470	TCGAAT
1010956	2476	o6	1.006	CTCGAA
1011026	57	7m8	1.606	TCGAAT
1011215	13	o6	5.114	CTCGAA
1011403	77	7m8	2.149	TCGAAT
1011403	116	6m	1.294	TCGAAT
1011416	109	6m	1.437	TCGAAT
1011425	1214	o6	1.478	CTCGAA
1011430	799	7A1	1.622	TCGAAT
1011430	846	6m	1.628	TCGAAT
1011491	199	6m	1.320	TCGAAT
1011570	33	7A1	1.932	TCGAAT
1011607	88	7A1	1.322	TCGAAT
1011658	26	8m	2.600	CTCGAA
1011694	358	7A1	2.030	TCGAAT
1011698	717	6m	1.573	TCGAAT
1011709	67	6m	1.265	TCGAAT
1011776	533	o6	1.315	CTCGAA
1011842	30	o6	1.053	CTCGAA
1012032	881	7m8	1.920	CTCGAA
1012032	1513	6m	1.606	TCGAAT
1012074	290	7A1	1.209	TCGAAT
1012151	41	7A1	1.095	TCGAAT
1012174	311	o6	2.040	CTCGAA
1012304	175	6m	1.231	TCGAAT
1012361	29	o6	1.848	CTCGAA
1012425	117	6m	2.085	TCGAAT
1012425	386	6m	1.297	TCGAAT
1012537	736	o6	1.195	CTCGAA
1012537	843	6m	2.141	TCGAAT
1012537	891	7A1	1.449	TCGAAT
1012543	375	7m8	2.045	CTCGAA
1012599	153	7m8	1.533	CTCGAA
1012629	75	6m	1.910	TCGAAT
1012685	77	8m	1.946	TCGAAT
1012719	252	o6	1.193	CTCGAA
1012743	897	7A1	2.178	TCGAAT
1012754	611	6m	2.156	TCGAAT
1012760	333	6m	1.640	TCGAAT
1012791	149	6m	1.262	TCGAAT
1012839	454	6m	1.013	TCGAAT
1013383	141	7A1	1.808	TCGAAT
1013440	59	7m8	1.843	TCGAAT
1013458	61	6m	3.034	TCGAAT
1013503	144	6m	1.909	TCGAAT
1013573	1308	6m	1.084	TCGAAT
1013600	652	7A1	2.708	TCGAAT
1013687	873	6m	1.596	TCGAAT
1013725	169	6m	2.383	TCGAAT
1013772	372	6m	1.073	TCGAAT
1013802	270	7A1	1.082	TCGAAT
1014063	48	o6	1.262	CTCGAA
1014177	42	7A1	1.604	TCGAAT
1014403	1143	o6	1.073	CTCGAA
1014447	85	o6	1.666	CTCGAA
1014485	342	6m	1.737	TCGAAT
1014559	447	7m8	2.544	CTCGAA
1014697	622	6m	1.652	TCGAAT
1014697	632	6m	1.088	TCGAAT
1014813	563	6m	1.948	TCGAAT
1014859	152	6m	1.154	TCGAAT
1014864	696	7A1	1.523	TCGAAT
1014869	785	6m	1.545	TCGAAT
1014869	1129	7m8	2.824	CTCGAA
1014883	1468	6m	2.073	TCGAAT
1014889	86	6m	1.679	TCGAAT
1014898	266	7m8	1.084	CTCGAA
1014904	1221	6m	1.259	TCGAAT
1014904	1982	7m8	1.827	CTCGAA
1014981	663	o6	1.633	CTCGAA
1014987	661	6m	1.145	TCGAAT
1014987	960	6m	1.907	TCGAAT
1015041	1560	o6	1.179	CTCGAA
1015041	1914	7A1	1.413	TCGAAT
1015067	231	o6	1.934	CTCGAA
1015085	366	o6	1.610	CTCGAA
1015145	2233	6m	1.606	TCGAAT
1015180	51	8m	1.122	CTCGAA
1015188	392	7A1	2.110	TCGAAT
1015228	379	6m	1.114	TCGAAT
1015228	1135	6m	1.606	TCGAAT
1015336	355	8m	1.223	TCGAAT
1015435	1418	6m	1.958	TCGAAT
1015526	739	o6	3.336	CTCGAA
1015526	1343	o6	1.248	CTCGAA
1015526	2217	7m8	3.199	CTCGAA
1015555	68	7A1	2.275	TCGAAT
1015555	343	6m	2.061	TCGAAT
1015637	641	6m	1.255	TCGAAT
1015676	452	o6	1.687	CTCGAA
1015784	27	6m	2.026	TCGAAT
1015784	1353	6m	1.820	TCGAAT
1015789	2017	7A1	1.282	TCGAAT
1015840	963	7A1	2.031	TCGAAT
1015844	109	8m	2.750	CTCGAA
1015903	1	o6	1.684	CTCGAA
1015931	590	7A1	2.481	TCGAAT
1015936	209	6m	1.195	TCGAAT
1015936	1939	o6	1.503	CTCGAA
1015973	273	6m	2.243	TCGAAT
1015995	1023	6m	3.034	TCGAAT
1016016	1796	6m	1.714	TCGAAT
1016020	321	7A1	2.814	TCGAAT
1016154	259	o6	2.046	CTCGAA
1016200	1089	6m	1.244	TCGAAT
1016200	1191	7A1	1.260	TCGAAT
1016220	29	o6	2.794	CTCGAA
1016220	1082	6m	1.193	TCGAAT
1016272	279	8m	2.481	TCGAAT
1016323	154	7A1	2.544	TCGAAT
1016328	402	6m	1.785	TCGAAT
1016347	551	6m	1.077	TCGAAT
1016353	127	6m	1.082	TCGAAT
1016373	230	7A1	1.322	TCGAAT
1016397	819	o6	1.590	CTCGAA
1016401	277	6m	2.170	TCGAAT
1016418	890	6m	1.016	TCGAAT
1016418	1505	o6	2.220	CTCGAA
1016431	1142	7A1	1.082	TCGAAT
1016431	1926	6m	1.163	TCGAAT
1016445	340	7m8	1.475	TCGAAT
1016449	584	o6	1.010	CTCGAA
1016469	15	6m	1.028	TCGAAT
1016500	787	7m8	2.220	CTCGAA
1016511	1189	6m	2.415	TCGAAT
1016512	822	6m	1.649	TCGAAT
1016562	323	6m	2.048	TCGAAT
1016571	2520	o6	2.026	CTCGAA
1016574	2983	7A1	1.702	TCGAAT
1016574	5394	o6	1.059	CTCGAA
1016577	325	7m8	1.583	CTCGAA
1016599	1641	6m	1.874	TCGAAT
1016661	595	6m	1.348	TCGAAT
1016695	977	8m	2.275	TCGAAT
1016701	718	6m	1.500	TCGAAT
1016776	145	7A1	1.279	TCGAAT
1016787	2161	7m8	1.535	CTCGAA
1016787	3820	o6	1.077	CTCGAA
1016826	65	8m	2.329	TCGAAT
1016899	128	o6	1.210	CTCGAA
1016931	38	6m	2.208	TCGAAT
1016951	460	o6	2.073	CTCGAA
1016958	41	6m	1.910	TCGAAT
1016971	2817	7A1	1.079	TCGAAT
1016986	647	6m	1.127	TCGAAT
1017112	110	7m8	2.101	CTCGAA
1017135	900	o6	1.579	CTCGAA
1017157	787	o6	1.763	CTCGAA
1017168	325	6m	1.772	TCGAAT
1017172	37	7A1	1.563	TCGAAT
1017197	137	6m	2.476	TCGAAT
1017204	1674	7A1	1.430	TCGAAT
1017212	45	7m8	2.776	TCGAAT
1017224	123	7m8	1.062	CTCGAA
1017245	643	7A1	1.937	TCGAAT
1017302	273	o6	1.117	CTCGAA
1017306	87	6m	1.320	TCGAAT
1017348	151	6m	1.161	TCGAAT
1017429	591	6m	1.134	TCGAAT
1017433	29	7m8	1.649	TCGAAT
1017433	90	6m	2.033	TCGAAT
1017496	306	o6	1.042	CTCGAA
1017502	241	6m	2.190	TCGAAT
1017524	127	6m	1.419	TCGAAT
1017524	1447	7A1	1.053	TCGAAT
1017527	118	6m	3.270	TCGAAT
1017538	760	8m	2.180	CTCGAA
1017614	162	7m8	3.028	CTCGAA
1017618	1114	7m8	1.823	TCGAAT
1017653	113	6m	2.412	TCGAAT
1017733	699	o6	1.541	CTCGAA
1017749	166	o6	1.040	CTCGAA
1017787	122	7m8	2.559	CTCGAA
1017787	349	6m	2.025	TCGAAT
1017800	109	7A1	1.558	TCGAAT
1017830	330	o6	2.167	CTCGAA
1017890	749	6m	2.288	TCGAAT
1017919	357	o6	1.606	CTCGAA
1017919	662	6m	1.405	TCGAAT
1017944	2	6m	1.123	TCGAAT
1018036	33	8m	2.076	TCGAAT
1018066	548	6m	2.377	TCGAAT
1018134	2147	7A1	2.941	TCGAAT
1018448	136	7A1	2.583	TCGAAT
1018678	984	7m8	1.156	CTCGAA
1018702	723	o6	1.322	CTCGAA
1018703	425	8m	2.502	CTCGAA
1018708	199	o6	1.244	CTCGAA
1018732	963	o6	1.340	CTCGAA
1018745	42	o6	1.780	CTCGAA
1018873	1049	o6	2.838	CTCGAA
1018899	205	6m	1.092	TCGAAT
1019055	812	6m	1.992	TCGAAT
1019198	1102	7A1	1.843	TCGAAT
1019219	434	8m	2.489	TCGAAT
1019329	639	7A1	1.047	TCGAAT
1019368	118	7m8	1.079	TCGAAT
1019429	110	7m8	1.837	CTCGAA
1019486	329	o6	2.048	CTCGAA
1019521	1047	o6	1.704	CTCGAA
1019579	298	o6	2.162	CTCGAA
1019579	1357	6m	1.893	TCGAAT
1019579	2621	o6	1.120	CTCGAA
1019698	1752	o6	1.201	CTCGAA
1019713	442	6m	1.073	TCGAAT
1019721	73	7m8	1.132	CTCGAA
1019722	17	6m	1.027	TCGAAT
1019761	53	6m	1.321	TCGAAT
1019800	22	8m	1.029	CTCGAA
1019854	240	6m	3.703	TCGAAT
1019956	497	7A1	2.015	TCGAAT
1019956	1272	6m	2.015	TCGAAT
1019983	66	8m	1.638	CTCGAA
1019996	240	o6	1.093	CTCGAA
1020034	158	6m	1.190	TCGAAT
1020059	338	6m	1.389	TCGAAT
1020059	742	7A1	1.067	TCGAAT
1020059	873	o6	1.201	CTCGAA
1020071	50	7A1	2.349	TCGAAT
1020145	55	6m	1.053	TCGAAT
1020219	2249	7A1	1.903	TCGAAT
1020220	660	o6	1.962	CTCGAA
1020227	955	7m8	1.163	CTCGAA
1020363	106	7A1	1.909	TCGAAT
1020425	42	6m	1.845	TCGAAT
1020435	3573	6m	1.373	TCGAAT
1020485	132	o6	1.254	CTCGAA
1020486	456	o6	1.161	CTCGAA
1020532	209	o6	1.026	CTCGAA
1020550	209	7A1	1.009	TCGAAT
1020642	987	6m	2.302	TCGAAT
1020643	927	7A1	1.917	TCGAAT
1020661	878	7A1	2.502	TCGAAT
1020766	820	6m	1.973	TCGAAT
1020895	433	o6	1.227	CTCGAA
1020934	631	6m	2.073	TCGAAT
1021020	92	o6	1.533	CTCGAA
1021288	32	7m8	1.284	CTCGAA
1021365	563	7m8	1.312	TCGAAT
1021485	108	6m	1.271	TCGAAT
1021540	1694	o6	1.780	CTCGAA
1021613	859	7A1	1.248	TCGAAT
1021675	1054	7m8	1.156	CTCGAA
1021696	758	7A1	2.518	TCGAAT
1021800	140	6m	1.284	TCGAAT
1021818	823	o6	1.390	CTCGAA
1021819	39	6m	1.652	TCGAAT
1021941	523	o6	1.410	CTCGAA
1021941	1109	7A1	2.331	TCGAAT
1022066	1237	7A1	1.304	TCGAAT
1022066	1427	7m8	1.242	CTCGAA
1022066	1668	6m	1.708	TCGAAT
1022116	369	6m	1.965	TCGAAT
1022198	982	6m	1.671	TCGAAT
1022495	2352	6m	1.291	TCGAAT
1022583	620	o6	1.505	CTCGAA
1022601	25	o6	1.737	CTCGAA
1022710	105	6m	2.026	TCGAAT
1022858	258	o6	2.369	CTCGAA
1023065	537	6m	1.480	TCGAAT
1023378	1238	7A1	1.201	TCGAAT
1023381	749	7A1	1.201	TCGAAT
1023387	198	7A1	1.328	TCGAAT
1023431	111	6m	2.017	TCGAAT
1023523	62	6m	1.053	TCGAAT
1023523	125	o6	2.226	CTCGAA
1023560	46	6m	1.284	TCGAAT
1023572	1676	6m	1.205	TCGAAT
1023594	467	7A1	1.277	TCGAAT
1023599	8500	o6	1.183	CTCGAA
1023666	134	6m	1.973	TCGAAT
1023666	501	o6	2.704	CTCGAA
1023666	508	7m8	2.704	CTCGAA
1023681	3443	7A1	1.563	TCGAAT
1023681	4218	6m	1.563	TCGAAT
1023706	689	o6	1.053	CTCGAA
1023712	1078	6m	1.110	TCGAAT
1023712	1522	o6	2.350	CTCGAA
1023717	596	7A1	2.479	TCGAAT
1023717	1005	7A1	1.375	TCGAAT
1023727	278	7A1	1.777	TCGAAT
1023784	1400	6m	2.764	TCGAAT
1023784	4413	6m	1.530	TCGAAT
1023837	224	o6	1.097	CTCGAA
1023846	81	o6	2.017	CTCGAA
1023882	488	o6	1.282	CTCGAA
1023897	1503	o6	1.606	CTCGAA
1023897	1554	6m	1.099	TCGAAT
1023897	1564	6m	1.069	TCGAAT
1023909	78	o6	2.197	CTCGAA
1023927	301	7A1	1.082	TCGAAT
1024003	199	7A1	1.476	TCGAAT
1024012	631	7A1	1.063	TCGAAT
1024028	1868	6m	2.470	TCGAAT
1024085	881	6m	1.013	TCGAAT
1024159	534	6m	1.053	TCGAAT
1024169	1134	6m	2.326	TCGAAT
1024169	1140	6m	2.326	TCGAAT
1024177	458	6m	1.391	TCGAAT
1024196	515	6m	1.100	TCGAAT
1024201	465	o6	1.287	CTCGAA
1024211	2010	o6	1.447	CTCGAA
1024211	2900	o6	2.544	CTCGAA
1024223	93	7A1	2.073	TCGAAT
1024241	2299	6m	1.445	TCGAAT
1024304	1350	6m	1.322	TCGAAT
1024355	123	7A1	1.972	TCGAAT
1024358	125	7m8	1.460	CTCGAA
1024388	764	7A1	1.183	TCGAAT
1024393	148	6m	2.177	TCGAAT
1024397	43	7m8	2.025	CTCGAA
1024397	3145	o6	1.040	CTCGAA
1024448	1725	6m	1.680	TCGAAT
1024489	197	o6	1.266	CTCGAA
1024489	304	7A1	1.235	TCGAAT
1024612	616	6m	1.186	TCGAAT
1024634	720	6m	1.997	TCGAAT
1024648	1832	o6	1.079	CTCGAA
1024648	5923	7A1	1.041	TCGAAT
1024648	12165	o6	1.207	CTCGAA
1024648	14883	6m	1.322	TCGAAT
1024658	13	7m8	4.576	CTCGAA
1024694	363	6m	1.786	TCGAAT
1024715	339	6m	2.309	TCGAAT
1024715	4506	7A1	1.068	TCGAAT
1024742	36	6m	1.377	TCGAAT
1024807	202	6m	1.673	TCGAAT
1024807	629	o6	1.055	CTCGAA
1024844	260	7m8	1.011	TCGAAT
1024926	74	6m	1.690	TCGAAT
1024956	824	6m	2.542	TCGAAT
1024975	623	7A1	2.187	TCGAAT
1025055	469	o6	1.014	CTCGAA
1025059	2815	6m	1.323	TCGAAT
1025064	1871	6m	1.010	TCGAAT
1025064	1996	6m	1.328	TCGAAT
1025064	2097	6m	2.073	TCGAAT
1025064	2216	7A1	1.748	TCGAAT
1025064	2225	7A1	1.848	TCGAAT
1025064	2457	6m	1.328	TCGAAT
1025110	127	7A1	2.131	TCGAAT
1025110	134	6m	2.131	TCGAAT
1025143	123	6m	1.981	TCGAAT
1025167	295	8m	1.321	TCGAAT
1025168	265	o6	1.208	CTCGAA
1025179	300	7A1	1.467	TCGAAT
1025238	528	6m	1.193	TCGAAT
1025242	1131	6m	1.976	TCGAAT
1025298	1183	o6	1.207	CTCGAA
1025427	574	6m	2.608	TCGAAT
1025452	38	7A1	2.662	TCGAAT
1025529	17	6m	1.621	TCGAAT
1025630	2208	o6	1.560	CTCGAA
1025665	803	7A1	1.449	TCGAAT
1025672	130	7m8	2.233	TCGAAT
1025672	137	7m8	2.233	TCGAAT
1025755	1195	6m	1.618	TCGAAT
1025776	768	7A1	2.003	TCGAAT
1025851	417	6m	2.304	TCGAAT
1025895	381	7A1	1.081	TCGAAT
1025940	305	6m	2.134	TCGAAT
1025965	179	7A1	1.392	TCGAAT
1026111	105	8m	1.161	TCGAAT
1026244	305	8m	1.076	TCGAAT
1026390	209	7A1	1.750	TCGAAT
1026471	163	6m	1.556	TCGAAT
1026480	188	6m	1.047	TCGAAT
1026498	133	6m	1.645	TCGAAT
1026558	854	7m8	1.686	TCGAAT
1026558	1153	7A1	1.084	TCGAAT
1026558	1591	7m8	1.941	CTCGAA
1026652	2195	o6	1.244	CTCGAA
1026657	988	7m8	1.522	CTCGAA
1026660	465	7m8	1.522	CTCGAA
1026711	2789	7A1	2.608	TCGAAT
1026812	158	8m	1.190	TCGAAT
1026838	680	7A1	1.033	TCGAAT
1026853	2872	7A1	1.284	TCGAAT
1026865	247	6m	1.096	TCGAAT
1026877	6	6m	2.334	TCGAAT
1026920	307	o6	1.227	CTCGAA
1026966	419	6m	1.319	TCGAAT
1026966	927	7m8	1.598	CTCGAA
1026981	943	6m	2.073	TCGAAT
1027007	504	7A1	1.159	TCGAAT
1027138	284	o6	1.220	CTCGAA
1027168	99	7A1	1.178	TCGAAT
1027168	879	7A1	1.030	TCGAAT
1027180	32	6m	2.007	TCGAAT
1027214	217	6m	1.488	TCGAAT
1027266	388	6m	1.906	TCGAAT
1027369	429	o6	1.713	CTCGAA
1027417	944	6m	1.694	TCGAAT
1027502	601	7m8	1.244	CTCGAA
1027564	58	o6	3.380	CTCGAA
1027564	406	o6	1.843	CTCGAA
1027564	586	6m	3.580	TCGAAT
1027577	157	7m8	1.058	TCGAAT
1027598	191	o6	1.171	CTCGAA
1027605	195	6m	1.593	TCGAAT
1027616	138	o6	3.034	CTCGAA
1027670	46	8m	1.533	TCGAAT
1027756	93	7A1	1.893	TCGAAT
1027912	1219	o6	1.711	CTCGAA
1028007	860	8m	1.525	CTCGAA
1028081	598	7A1	1.461	TCGAAT
1028082	661	6m	1.656	TCGAAT
1028115	174	8m	2.820	CTCGAA
1028188	207	o6	1.373	CTCGAA
1028266	151	6m	1.448	TCGAAT
1028372	237	7m8	1.462	TCGAAT
1028426	818	7A1	2.235	TCGAAT
1028486	18	7A1	1.281	TCGAAT
1028532	194	6m	1.141	TCGAAT
1028629	66	7m8	2.235	CTCGAA
1028672	71	o6	2.204	CTCGAA
1028711	33	7A1	1.116	TCGAAT
1028734	4765	7A1	1.184	TCGAAT
1028734	6617	o6	1.243	CTCGAA
1028755	204	7m8	1.649	CTCGAA
1028799	24	7A1	1.048	TCGAAT
1028935	75	6m	2.834	TCGAAT
1028947	1	o6	1.137	CTCGAA
1028947	431	7m8	1.564	TCGAAT
1028998	170	o6	1.328	CTCGAA
1029037	588	6m	1.147	TCGAAT
1029051	514	7m8	1.232	TCGAAT
1029076	258	7A1	2.176	TCGAAT
1029125	181	o6	2.343	CTCGAA
1029176	255	7m8	3.257	CTCGAA
1029180	129	6m	2.024	TCGAAT
1029189	2184	7A1	1.425	TCGAAT
1029291	33	6m	2.268	TCGAAT
1029391	257	6m	2.206	TCGAAT
1029549	33	o6	1.156	CTCGAA
1029556	233	o6	1.266	CTCGAA
1029558	873	6m	1.512	TCGAAT
1029564	154	7m8	2.472	TCGAAT
1029564	251	o6	1.563	CTCGAA
1029592	507	6m	1.155	TCGAAT
1029715	188	7A1	2.304	TCGAAT
1029749	1688	7m8	1.032	CTCGAA
1029749	1820	o6	1.556	CTCGAA
1029788	-1	6m	1.519	TCGAAT
1030147	560	7A1	2.183	TCGAAT
1030192	413	6m	1.053	TCGAAT
1030245	1144	7m8	2.506	CTCGAA
1030266	115	o6	2.321	CTCGAA
1030272	23	7A1	1.346	TCGAAT
1030319	73	8m	2.073	CTCGAA
1030335	91	6m	1.711	TCGAAT
1030392	272	7A1	1.672	TCGAAT
1030431	144	6m	1.931	TCGAAT
1030451	1694	o6	2.443	CTCGAA
1030482	417	6m	2.276	TCGAAT
1030482	883	8m	2.544	CTCGAA
1030581	92	6m	1.380	TCGAAT
1030670	341	6m	1.175	TCGAAT
1030683	95	6m	2.211	TCGAAT
1030692	1970	6m	2.314	TCGAAT
1030767	42	7A1	1.030	TCGAAT
1030804	115	7A1	1.405	TCGAAT
1030812	435	6m	1.692	TCGAAT
1031061	512	7A1	1.777	TCGAAT
1031111	950	6m	1.161	TCGAAT
1031129	63	o6	2.350	CTCGAA
1031156	2565	6m	1.065	TCGAAT
1031375	604	6m	1.409	TCGAAT
1031456	66	6m	2.159	TCGAAT
1031480	522	7A1	1.310	TCGAAT
1031541	791	o6	2.078	CTCGAA
1031657	138	6m	1.623	TCGAAT
1031734	134	7A1	1.349	TCGAAT
1031805	550	6m	1.150	TCGAAT
1032009	401	7m8	1.190	TCGAAT
1032039	321	6m	1.053	TCGAAT
1032145	35	7A1	1.956	TCGAAT
1032282	131	6m	2.405	TCGAAT
1032285	2117	6m	2.405	TCGAAT
1032325	614	7m8	1.860	CTCGAA
1032325	1083	o6	1.191	CTCGAA
1032333	2325	6m	2.901	TCGAAT
1032334	820	6m	2.544	TCGAAT
1032369	2456	o6	1.617	CTCGAA
1032471	1863	o6	1.582	CTCGAA
1032508	509	o6	2.227	CTCGAA
1032508	2015	7A1	1.147	TCGAAT
1032608	212	7m8	1.241	TCGAAT
1032622	1729	6m	2.807	TCGAAT
1032747	137	o6	1.085	CTCGAA
1032813	477	6m	1.751	TCGAAT
1032813	1249	o6	1.814	CTCGAA
1032884	1064	o6	1.606	CTCGAA
1032902	2582	o6	1.337	CTCGAA
1032915	668	o6	1.243	CTCGAA
1032968	1053	6m	1.595	TCGAAT
1033041	3150	7A1	1.209	TCGAAT
1033065	291	o6	1.071	CTCGAA
1033141	906	o6	1.606	CTCGAA
1033141	7149	o6	1.657	CTCGAA
1033141	7337	6m	2.025	TCGAAT
1033218	749	7m8	3.349	CTCGAA
1033218	809	7m8	1.798	CTCGAA
1033239	204	6m	1.864	TCGAAT
1033250	605	o6	2.026	CTCGAA
1033293	600	7m8	1.084	CTCGAA
1033310	418	o6	1.164	CTCGAA
1033351	645	6m	3.204	TCGAAT
1033373	253	6m	1.240	TCGAAT
1033399	192	6m	1.044	TCGAAT
1033409	1204	7m8	1.946	CTCGAA
1033414	396	o6	1.321	CTCGAA
1033452	611	o6	1.195	CTCGAA
1033478	524	6m	2.544	TCGAAT
1033481	3945	o6	1.474	CTCGAA
1033565	1954	6m	2.409	TCGAAT
1033571	2530	6m	1.322	TCGAAT
1033678	514	7A1	3.076	TCGAAT
1033685	686	7m8	1.319	CTCGAA
1033739	792	o6	2.854	CTCGAA
1033786	824	8m	1.484	CTCGAA
1033795	1307	6m	1.363	TCGAAT
1033795	1880	6m	1.089	TCGAAT
1033865	723	o6	1.294	CTCGAA
1033877	218	8m	2.626	CTCGAA
1033948	34	o6	1.186	CTCGAA
1033960	1791	7m8	2.036	TCGAAT
1033971	3404	6m	1.405	TCGAAT
1034001	84	6m	2.163	TCGAAT
1034205	18	6m	1.250	TCGAAT
1034214	372	6m	1.995	TCGAAT
1034277	1091	6m	1.160	TCGAAT
1034316	1143	7m8	2.262	CTCGAA
1034328	190	o6	3.075	CTCGAA
1034334	242	6m	1.073	TCGAAT
1034353	320	7A1	3.617	TCGAAT
1034370	34	6m	1.560	TCGAAT
1034416	1045	o6	2.051	CTCGAA
1034427	953	6m	2.305	TCGAAT
1034434	507	o6	1.410	CTCGAA
1034469	1018	o6	1.055	CTCGAA
1034493	1037	6m	1.284	TCGAAT
1034529	305	7m8	1.755	TCGAAT
1034530	886	6m	1.976	TCGAAT
1034539	169	6m	2.290	TCGAAT
1034545	606	7A1	2.344	TCGAAT
1034556	1986	6m	2.321	TCGAAT
1034556	2118	o6	2.776	CTCGAA
1034569	4560	7A1	1.186	TCGAAT
1034569	7151	7A1	1.057	TCGAAT
1034569	7575	7m8	2.870	CTCGAA
1034577	246	6m	1.759	TCGAAT
1034679	3775	o6	1.319	CTCGAA
1034687	762	o6	1.627	CTCGAA
1034690	265	6m	1.477	TCGAAT
1034718	307	7m8	2.427	TCGAAT
1034736	498	6m	1.054	TCGAAT
1034748	1149	7A1	1.738	TCGAAT
1034789	27	7m8	1.931	CTCGAA
1034873	662	7A1	1.502	TCGAAT
1034918	97	o6	2.322	CTCGAA
1034941	376	o6	1.628	CTCGAA
1034977	680	6m	1.383	TCGAAT
1034995	4242	6m	1.015	TCGAAT
1035001	699	6m	1.407	TCGAAT
1035010	5170	6m	2.963	TCGAAT
1035043	1574	6m	1.700	TCGAAT
1035043	1790	7m8	2.321	CTCGAA
1035043	2251	6m	2.017	TCGAAT
1035076	253	o6	2.272	CTCGAA
1035120	245	7A1	1.427	TCGAAT
1035198	2575	o6	1.076	CTCGAA
1035314	799	7m8	1.925	CTCGAA
1035320	613	6m	2.302	TCGAAT
1035372	419	o6	1.136	CTCGAA
1035426	792	7A1	3.743	TCGAAT
1035431	459	7A1	3.091	TCGAAT
1035476	149	o6	1.084	CTCGAA
1035476	449	7A1	1.579	TCGAAT
1035477	1875	7A1	1.328	TCGAAT
1035480	171	7A1	1.635	TCGAAT
1035536	211	o6	2.427	CTCGAA
1035561	1898	6m	2.192	TCGAAT
1035569	3819	o6	1.011	CTCGAA
1035594	197	7A1	2.270	TCGAAT
1035615	420	7A1	1.799	TCGAAT
1035669	333	7A1	2.449	TCGAAT
1035711	487	8m	1.090	CTCGAA
1035768	1387	o6	1.070	CTCGAA
1035779	451	7A1	3.042	TCGAAT
1035782	1741	7m8	1.451	CTCGAA
1035783	2375	7A1	2.715	TCGAAT
1035783	4388	8m	1.413	TCGAAT
1035798	393	8m	1.690	CTCGAA
1035974	774	8m	1.348	TCGAAT
1035974	784	6m	1.456	TCGAAT
1035974	1410	o6	1.542	CTCGAA
1035974	2176	o6	1.073	CTCGAA
1035993	435	o6	1.319	CTCGAA
1036059	426	7m8	1.486	TCGAAT
1036127	2450	6m	3.118	TCGAAT
1036127	7202	o6	2.204	CTCGAA
1036131	158	6m	1.090	TCGAAT
1036154	59	6m	2.331	TCGAAT
1036232	613	6m	1.044	TCGAAT
1036254	54	o6	1.181	CTCGAA
1036328	204	o6	1.312	CTCGAA
1036367	469	7A1	3.285	TCGAAT
1036374	1024	7A1	1.482	TCGAAT
1036374	1552	6m	2.615	TCGAAT
1036381	1914	6m	1.993	TCGAAT
1036381	2347	o6	2.194	CTCGAA
1036419	1372	o6	1.097	CTCGAA
1036432	1066	6m	1.235	TCGAAT
1036449	729	7A1	1.803	TCGAAT
1036497	509	6m	2.321	TCGAAT
1036497	643	o6	2.301	CTCGAA
1036497	712	6m	1.427	TCGAAT
1036497	879	6m	2.407	TCGAAT
1036506	223	6m	1.192	TCGAAT
1036527	281	o6	1.408	CTCGAA
1036537	1689	6m	1.073	TCGAAT
1036558	340	6m	1.625	TCGAAT
1036568	623	6m	1.633	TCGAAT
1036598	1189	6m	1.891	TCGAAT
1036601	779	6m	1.349	TCGAAT
1036630	183	6m	1.468	TCGAAT
1036630	453	6m	2.102	TCGAAT
1036682	446	7m8	1.447	TCGAAT
1036706	2934	o6	1.754	CTCGAA
1036718	107	8m	2.665	CTCGAA
1036734	22	6m	1.101	TCGAAT
1036745	96	6m	1.636	TCGAAT
1036788	228	6m	1.323	TCGAAT
1036909	177	6m	2.366	TCGAAT
1036950	113	7A1	1.073	TCGAAT
1037111	56	o6	1.791	CTCGAA
1037111	297	7A1	1.928	TCGAAT
1037161	828	6m	2.816	TCGAAT
1037239	44	6m	2.581	TCGAAT
1037386	1828	6m	1.533	TCGAAT
1037402	128	6m	1.260	TCGAAT
1037414	450	o6	2.135	CTCGAA
1037440	138	7m8	2.661	CTCGAA
1037447	205	7A1	1.465	TCGAAT
1037621	303	o6	1.215	CTCGAA
1037679	356	o6	1.004	CTCGAA
1037732	333	6m	2.317	TCGAAT
1037745	67	6m	1.006	TCGAAT
1037745	677	6m	1.162	TCGAAT
1037757	467	o6	1.630	CTCGAA
1037775	118	o6	1.921	CTCGAA
1037775	294	6m	1.316	TCGAAT
1037824	395	6m	1.749	TCGAAT
1037845	1113	o6	1.700	CTCGAA
1037845	1836	8m	2.194	CTCGAA
1037968	27	7m8	1.213	CTCGAA
1038021	1716	7A1	2.286	TCGAAT
1038021	1731	6m	2.009	TCGAAT
1038119	1172	o6	1.658	CTCGAA
1038122	661	6m	1.935	TCGAAT
1038127	464	6m	1.157	TCGAAT
1038192	879	6m	1.189	TCGAAT
1038211	155	7A1	2.473	TCGAAT
1038214	1801	o6	1.843	CTCGAA
1038217	207	6m	1.062	TCGAAT
1038223	783	6m	1.457	TCGAAT
1038244	27	7A1	2.508	TCGAAT
1038303	183	6m	3.467	TCGAAT
1038312	1738	7A1	1.633	TCGAAT
1038348	77	7A1	2.015	TCGAAT
1038366	731	6m	1.408	TCGAAT
1038378	349	7A1	1.548	TCGAAT
1038407	911	6m	2.810	TCGAAT
1038410	455	7A1	1.119	TCGAAT
1038485	422	6m	1.695	TCGAAT
1038511	469	7m8	1.200	CTCGAA
1038562	4	o6	1.501	CTCGAA
1038571	942	6m	1.154	TCGAAT
1038643	461	6m	3.291	TCGAAT
1038643	1501	6m	1.783	TCGAAT
1038676	128	o6	1.560	CTCGAA
1038752	921	6m	1.155	TCGAAT
1038757	55	6m	2.943	TCGAAT
1038796	883	6m	3.833	TCGAAT
1038796	1538	o6	2.864	CTCGAA
1038808	1599	7A1	1.288	TCGAAT
1038854	557	o6	1.059	CTCGAA
1038854	730	6m	1.857	TCGAAT
1038873	965	6m	1.103	TCGAAT
1038878	179	7A1	2.514	TCGAAT
1038897	1645	o6	1.177	CTCGAA
1038900	32	7A1	2.175	TCGAAT
1038900	2667	o6	1.177	CTCGAA
1038923	350	o6	1.353	CTCGAA
1038930	136	7m8	3.001	CTCGAA
1038953	50	6m	2.763	TCGAAT
1038986	1014	7A1	1.618	TCGAAT
1038986	1120	7A1	1.410	TCGAAT
1039007	614	7A1	1.704	TCGAAT
1039084	304	o6	1.644	CTCGAA
1039084	323	8m	2.120	TCGAAT
1039094	179	o6	1.745	CTCGAA
1039094	188	8m	1.745	CTCGAA
1039267	436	o6	1.073	CTCGAA
1039431	188	6m	1.725	TCGAAT
1039502	6421	8m	2.292	TCGAAT
1039568	759	6m	2.663	TCGAAT
1039578	4688	7m8	1.515	CTCGAA
1039651	258	6m	1.618	TCGAAT
1039703	1402	6m	1.711	TCGAAT
1039703	2556	6m	1.228	TCGAAT
1039764	1439	7m8	2.418	CTCGAA
1039797	2784	6m	1.012	TCGAAT
1039853	4339	6m	1.711	TCGAAT
1039853	4412	6m	1.690	TCGAAT
1039853	4473	6m	2.020	TCGAAT
1039853	6494	6m	1.759	TCGAAT
1039858	4344	o6	1.243	CTCGAA
1039858	5704	6m	1.843	TCGAAT
1039890	287	7A1	1.457	TCGAAT
1039908	860	o6	1.266	CTCGAA
1039920	1527	7A1	3.226	TCGAAT
1039928	107	7A1	1.309	TCGAAT
1039959	1929	o6	1.149	CTCGAA
1039964	805	6m	2.796	TCGAAT
1039971	681	6m	1.404	TCGAAT
1039971	753	6m	1.949	TCGAAT
1039999	1158	7A1	1.377	TCGAAT
1040054	459	6m	2.417	TCGAAT
1040058	3566	6m	1.346	TCGAAT
1040070	3793	6m	1.677	TCGAAT
1040123	80	6m	1.550	TCGAAT
1040129	1505	8m	1.518	CTCGAA
1040135	600	o6	1.518	CTCGAA
1040135	1068	o6	1.686	CTCGAA
1040165	3322	6m	1.690	TCGAAT
1040234	848	7m8	1.690	CTCGAA
1040297	741	o6	1.562	CTCGAA
1040303	389	7m8	2.054	CTCGAA
1040331	1041	7A1	2.326	TCGAAT
1040337	477	6m	1.220	TCGAAT
1040346	1285	o6	1.975	CTCGAA
1040346	2528	6m	1.448	TCGAAT
1040346	3738	6m	1.423	TCGAAT
1040367	434	7A1	1.700	TCGAAT
1040387	2233	6m	1.073	TCGAAT
1040434	6	8m	1.457	CTCGAA
1040479	3809	7A1	1.732	TCGAAT
1040500	746	o6	1.077	CTCGAA
1040503	381	o6	2.367	CTCGAA
1040560	1497	8m	1.450	CTCGAA
1040584	1116	7A1	1.031	TCGAAT
1040589	1685	6m	2.611	TCGAAT
1040589	2508	7m8	1.228	CTCGAA
1040590	1447	6m	2.069	TCGAAT
1040590	5452	o6	2.090	CTCGAA
1040590	7437	6m	1.227	TCGAAT
1040590	7443	6m	1.227	TCGAAT
1040623	185	o6	1.031	CTCGAA
1040635	1584	6m	1.335	TCGAAT
1040635	4742	7m8	2.615	CTCGAA
