1000021	69	7A1	2.807	TACCTG
1000021	1587	6m	2.807	TACCTG
1000122	1036	o6	2.220	GTACCT
1000176	806	o6	2.993	GTACCT
1000321	417	o6	2.503	GTACCT
1000345	3	7m8	2.442	GTACCT
1000379	575	o6	1.880	GTACCT
1000466	211	o6	1.632	GTACCT
1000697	31	o6	1.053	GTACCT
1000767	79	o6	2.009	GTACCT
1000767	162	7A1	2.854	TACCTG
1000779	906	o6	3.232	GTACCT
1000779	2309	o6	3.058	GTACCT
1000937	152	o6	2.077	GTACCT
1000953	61	o6	1.434	GTACCT
1000962	609	o6	3.034	GTACCT
1001083	235	o6	2.981	GTACCT
1001169	91	6m	1.560	TACCTG
1001578	1938	6m	1.869	TACCTG
1001601	849	o6	1.053	GTACCT
1001906	2016	8m	1.504	TACCTG
1001921	227	o6	3.028	GTACCT
1001937	750	o6	3.263	GTACCT
1001937	2419	o6	1.165	GTACCT
1002176	244	o6	2.544	GTACCT
1002293	34	o6	2.479	GTACCT
1002527	1236	o6	2.400	GTACCT
1002527	1891	o6	1.958	GTACCT
1002731	54	o6	2.814	GTACCT
1002731	380	o6	1.681	GTACCT
1002851	108	6m	3.084	TACCTG
1002872	386	6m	2.085	TACCTG
1002877	1101	o6	1.181	GTACCT
1003062	18	o6	1.315	GTACCT
1003236	131	7A1	2.242	TACCTG
1003297	849	o6	2.665	GTACCT
1003298	356	o6	2.520	GTACCT
1003349	385	o6	1.434	GTACCT
1003384	53	o6	1.953	GTACCT
1003567	25	o6	1.318	GTACCT
1003576	1124	o6	1.468	GTACCT
1003660	378	6m	1.543	TACCTG
1003873	354	o6	1.482	GTACCT
1003945	51	8m	1.976	GTACCT
1003945	1015	6m	3.657	TACCTG
1004034	282	o6	2.321	GTACCT
1004035	193	6m	1.284	TACCTG
1004110	101	6m	1.241	TACCTG
1004164	48	6m	1.682	TACCTG
1004437	1263	o6	2.764	GTACCT
1004437	2032	o6	1.982	GTACCT
1004463	2008	o6	2.876	GTACCT
1004661	896	o6	3.259	GTACCT
1004783	35	o6	1.906	GTACCT
1005103	399	o6	2.376	GTACCT
1005349	3807	o6	2.199	GTACCT
1005443	354	o6	3.347	GTACCT
1005474	729	o6	1.593	GTACCT
1005474	743	o6	1.593	GTACCT
1005646	667	6m	1.938	TACCTG
1005646	4347	6m	3.398	TACCTG
1005694	28	6m	3.274	TACCTG
1005715	361	6m	1.098	TACCTG
1006166	442	o6	2.380	GTACCT
1006548	403	o6	2.218	GTACCT
1006707	674	o6	2.648	GTACCT
1006814	941	7m8	2.889	GTACCT
1006875	259	6m	1.131	TACCTG
1006916	188	8m	2.073	GTACCT
1007031	184	o6	2.357	GTACCT
1007115	765	o6	2.376	GTACCT
1007207	729	o6	1.248	GTACCT
1007231	919	o6	2.807	GTACCT
1007251	1618	o6	2.045	GTACCT
1007364	1447	6m	3.166	TACCTG
1007484	1073	6m	1.328	TACCTG
1007584	319	7m8	2.537	GTACCT
1007624	705	o6	2.537	GTACCT
1007624	732	7A1	2.537	TACCTG
1007629	169	o6	1.650	GTACCT
1007673	556	o6	1.386	GTACCT
1007750	684	6m	1.512	TACCTG
1007789	515	6m	2.025	TACCTG
1007806	1017	6m	1.229	TACCTG
1007812	7248	o6	2.220	GTACCT
1007875	3876	o6	2.185	GTACCT
1007903	3367	6m	2.037	TACCTG
1007923	1627	o6	1.202	GTACCT
1008093	927	o6	2.723	GTACCT
1008213	46	7m8	3.475	GTACCT
1008307	1077	7m8	2.807	GTACCT
1008313	678	6m	1.165	TACCTG
1008409	356	6m	2.501	TACCTG
1008593	649	o6	2.606	GTACCT
1008597	94	o6	2.026	GTACCT
1008707	140	8m	2.917	GTACCT
1008933	826	o6	2.106	GTACCT
1008966	1269	6m	1.080	TACCTG
1009043	952	7A1	2.893	TACCTG
1009046	114	o6	1.016	GTACCT
1009177	161	o6	1.073	GTACCT
1009352	52	o6	2.073	GTACCT
1009382	29	6m	1.284	TACCTG
1009451	346	6m	1.815	TACCTG
1009475	309	7m8	2.606	GTACCT
1009647	229	o6	2.382	GTACCT
1009841	1002	7A1	2.324	TACCTG
1009861	103	o6	2.776	GTACCT
1009945	1115	o6	2.631	GTACCT
1009948	1034	o6	2.561	GTACCT
1009986	277	7A1	1.326	TACCTG
1010064	525	o6	1.234	GTACCT
1010135	75	7m8	2.919	GTACCT
1010160	138	8m	2.833	GTACCT
1010169	138	6m	1.911	TACCTG
1010287	848	7m8	1.536	TACCTG
1010343	47	6m	2.855	TACCTG
1010343	53	o6	3.326	GTACCT
1010359	318	o6	1.030	GTACCT
1010397	275	7A1	2.130	TACCTG
1010401	1032	6m	1.989	TACCTG
1010465	345	o6	2.225	GTACCT
1010498	4	7A1	1.891	TACCTG
1010522	19	6m	1.564	TACCTG
1010553	41	7A1	1.563	TACCTG
1010649	1191	7A1	3.592	TACCTG
1010670	427	o6	1.687	GTACCT
1010733	24	o6	2.538	GTACCT
1010748	964	7m8	1.443	TACCTG
1010831	156	7m8	1.101	GTACCT
1010956	114	6m	2.915	TACCTG
1011277	558	o6	1.485	GTACCT
1011277	1316	o6	2.544	GTACCT
1011410	139	o6	2.378	GTACCT
1011425	467	6m	2.981	TACCTG
1011449	240	7A1	1.146	TACCTG
1011487	703	o6	2.214	GTACCT
1011512	8	7A1	1.300	TACCTG
1011868	282	o6	2.073	GTACCT
1011932	308	o6	2.025	GTACCT
1012074	260	o6	2.222	GTACCT
1012081	50	o6	2.536	GTACCT
1012308	95	o6	3.100	GTACCT
1012308	130	6m	3.100	TACCTG
1012685	147	6m	1.419	TACCTG
1012689	53	o6	2.377	GTACCT
1012754	668	o6	1.867	GTACCT
1012754	915	7A1	2.728	TACCTG
1012930	107	7A1	4.317	TACCTG
1012996	90	o6	2.736	GTACCT
1013073	1012	o6	2.003	GTACCT
1013108	295	o6	2.073	GTACCT
1013108	337	o6	1.328	GTACCT
1013108	781	o6	3.519	GTACCT
1013108	1056	7m8	2.235	GTACCT
1013108	1381	o6	3.069	GTACCT
1013108	1606	7m8	2.682	GTACCT
1013178	9	7A1	1.411	TACCTG
1013267	193	o6	1.623	GTACCT
1013461	331	o6	1.814	GTACCT
1013518	2403	o6	2.523	GTACCT
1013590	19	7A1	1.200	TACCTG
1013643	883	o6	2.065	GTACCT
1013670	1539	o6	3.034	GTACCT
1013670	2239	o6	2.376	GTACCT
1013676	519	7m8	3.232	GTACCT
1013772	45	o6	1.328	GTACCT
1013782	168	o6	2.544	GTACCT
1013885	1294	7A1	2.719	TACCTG
1014198	671	o6	2.538	GTACCT
1014295	1828	7m8	3.034	GTACCT
1014436	555	o6	1.690	GTACCT
1014464	1339	o6	1.577	GTACCT
1014473	2234	o6	2.863	GTACCT
1014480	1431	6m	1.633	TACCTG
1014655	563	7m8	2.667	TACCTG
1014813	321	o6	2.171	GTACCT
1014859	1797	6m	1.145	TACCTG
1014883	903	o6	1.328	GTACCT
1014988	5940	o6	3.028	GTACCT
1015077	635	o6	2.025	GTACCT
1015085	199	6m	1.067	TACCTG
1015085	1967	o6	3.082	GTACCT
1015145	482	6m	2.704	TACCTG
1015195	851	6m	1.800	TACCTG
1015195	1055	6m	1.322	TACCTG
1015206	51	6m	1.244	TACCTG
1015259	742	7m8	3.034	GTACCT
1015329	402	o6	1.869	GTACCT
1015394	1140	o6	2.187	GTACCT
1015526	1241	7A1	2.726	TACCTG
1015555	1353	o6	2.122	GTACCT
1015572	1552	7A1	1.648	TACCTG
1015575	5	6m	2.598	TACCTG
1015995	643	7m8	2.660	GTACCT
1016011	1020	6m	1.724	TACCTG
1016020	765	7A1	1.408	TACCTG
1016026	2297	6m	1.708	TACCTG
1016176	1428	o6	2.220	GTACCT
1016200	1346	o6	2.544	GTACCT
1016359	61	o6	1.682	GTACCT
1016373	194	6m	1.747	TACCTG
1016398	1391	6m	2.544	TACCTG
1016512	683	o6	2.033	GTACCT
1016562	694	o6	2.048	GTACCT
1016565	1197	o6	2.660	GTACCT
1016574	5028	o6	1.957	GTACCT
1016695	831	7A1	2.485	TACCTG
1016916	79	6m	2.682	TACCTG
1016922	584	o6	3.232	GTACCT
1016965	1187	o6	2.544	GTACCT
1016971	1374	6m	1.882	TACCTG
1016971	4017	o6	2.544	GTACCT
1017036	1751	o6	1.936	GTACCT
1017197	1784	o6	3.082	GTACCT
1017318	16	7A1	1.622	TACCTG
1017375	375	o6	3.246	GTACCT
1017524	753	o6	1.315	GTACCT
1017614	886	o6	2.370	GTACCT
1017614	4743	o6	3.028	GTACCT
1017614	5870	o6	3.028	GTACCT
1017695	911	o6	2.371	GTACCT
1017886	450	6m	1.800	TACCTG
1017890	344	o6	2.214	GTACCT
1018066	470	o6	2.377	GTACCT
1018135	257	o6	1.891	GTACCT
1018225	160	o6	1.661	GTACCT
1018233	757	6m	2.288	TACCTG
1018251	31	7m8	1.029	GTACCT
1018284	459	o6	1.212	GTACCT
1018763	170	7m8	2.889	GTACCT
1018766	1926	o6	2.184	GTACCT
1019055	1118	o6	4.339	GTACCT
1019147	1165	8m	2.660	GTACCT
1019155	287	6m	1.146	TACCTG
1019198	802	o6	1.563	GTACCT
1019304	183	6m	2.788	TACCTG
1019304	347	o6	2.660	GTACCT
1019335	39	o6	1.280	GTACCT
1019698	1181	7m8	2.652	GTACCT
1019704	242	o6	1.112	GTACCT
1019721	299	o6	1.687	GTACCT
1019749	99	o6	1.953	GTACCT
1019767	239	o6	1.183	GTACCT
1019935	1599	7A1	2.507	TACCTG
1020029	400	6m	1.585	TACCTG
1020066	127	o6	2.477	GTACCT
1020336	213	o6	1.405	GTACCT
1020363	83	6m	1.097	TACCTG
1020495	649	o6	2.069	GTACCT
1020550	131	o6	2.854	GTACCT
1020615	3444	o6	2.098	GTACCT
1020876	96	6m	3.149	TACCTG
1021008	129	8m	3.549	GTACCT
1021084	494	o6	2.073	GTACCT
1021169	43	8m	3.608	GTACCT
1021178	408	o6	1.940	GTACCT
1021327	57	o6	1.373	GTACCT
1021351	90	o6	2.015	GTACCT
1021386	7	6m	2.177	TACCTG
1021498	24	7A1	3.570	TACCTG
1021514	40	o6	1.269	GTACCT
1021525	1239	8m	3.000	GTACCT
1021531	80	7A1	1.320	TACCTG
1021531	339	o6	1.115	GTACCT
1021540	1288	6m	1.600	TACCTG
1021540	3633	o6	3.034	GTACCT
1021545	127	7A1	3.034	TACCTG
1021619	358	o6	1.183	GTACCT
1021800	177	o6	1.596	GTACCT
1021899	1923	o6	2.220	GTACCT
1021941	972	7m8	2.331	GTACCT
1021942	10	6m	1.113	TACCTG
1021965	238	7A1	1.017	TACCTG
1022173	294	o6	2.433	GTACCT
1022256	734	o6	3.001	GTACCT
1022531	2827	o6	1.358	GTACCT
1022576	75	o6	2.276	GTACCT
1022843	349	o6	1.850	GTACCT
1022853	228	6m	1.258	TACCTG
1022932	631	o6	1.310	GTACCT
1022941	1535	o6	2.876	GTACCT
1023072	704	o6	1.606	GTACCT
1023100	981	o6	3.005	GTACCT
1023206	495	o6	1.160	GTACCT
1023354	146	o6	1.746	GTACCT
1023512	175	6m	1.947	TACCTG
1023527	146	o6	2.292	GTACCT
1023599	2019	6m	1.939	TACCTG
1023784	253	o6	1.653	GTACCT
1023784	4454	o6	2.592	GTACCT
1023805	4658	o6	2.544	GTACCT
1023846	1250	o6	2.537	GTACCT
1023850	1903	6m	1.405	TACCTG
1023912	1171	o6	1.909	GTACCT
1023955	97	o6	1.140	GTACCT
1023970	320	6m	1.807	TACCTG
1024114	66	o6	3.239	GTACCT
1024211	1861	o6	2.341	GTACCT
1024304	1188	o6	1.251	GTACCT
1024310	69	o6	2.052	GTACCT
1024366	222	7A1	2.520	TACCTG
1024381	2371	o6	2.698	GTACCT
1024403	348	o6	1.248	GTACCT
1024445	72	o6	2.736	GTACCT
1024495	228	6m	1.787	TACCTG
1024613	58	6m	1.240	TACCTG
1024807	401	7A1	1.245	TACCTG
1024883	18	7m8	1.001	TACCTG
1024895	486	7A1	1.931	TACCTG
1025029	3686	o6	1.251	GTACCT
1025046	374	6m	2.840	TACCTG
1025046	810	6m	2.840	TACCTG
1025059	877	o6	1.933	GTACCT
1025064	2111	6m	1.818	TACCTG
1025101	802	7A1	1.836	TACCTG
1025204	518	o6	2.981	GTACCT
1025298	1333	o6	1.598	GTACCT
1025367	2	8m	1.400	GTACCT
1025380	306	o6	1.266	GTACCT
1025391	14	o6	2.321	GTACCT
1025397	14	o6	2.395	GTACCT
1025488	118	o6	1.318	GTACCT
1025491	636	o6	3.011	GTACCT
1025678	80	o6	1.240	GTACCT
1025693	905	7m8	2.377	GTACCT
1025725	442	o6	2.876	GTACCT
1025742	893	6m	2.025	TACCTG
1025755	1207	6m	1.690	TACCTG
1025850	160	o6	1.577	GTACCT
1025937	358	o6	2.508	GTACCT
1026111	563	o6	1.860	GTACCT
1026165	854	7A1	1.229	TACCTG
1026200	326	o6	2.854	GTACCT
1026276	51	8m	2.424	GTACCT
1026321	438	7A1	2.091	TACCTG
1026519	379	o6	1.606	GTACCT
1026657	453	7A1	1.417	TACCTG
1026688	646	6m	2.511	TACCTG
1026698	55	6m	2.378	TACCTG
1026711	912	o6	2.608	GTACCT
1026711	1722	o6	2.608	GTACCT
1026726	1162	o6	1.776	GTACCT
1026770	205	7A1	3.280	TACCTG
1026841	3986	o6	1.844	GTACCT
1026950	455	6m	1.322	TACCTG
1026965	617	o6	2.798	GTACCT
1027002	572	o6	1.947	GTACCT
1027111	651	8m	1.976	GTACCT
1027115	144	o6	2.559	GTACCT
1027226	226	7m8	1.584	GTACCT
1027697	447	7m8	1.298	GTACCT
1027933	189	o6	2.895	GTACCT
1028028	174	o6	2.017	GTACCT
1028049	306	o6	1.535	GTACCT
1028106	213	6m	1.519	TACCTG
1028269	322	7A1	2.238	TACCTG
1028614	57	8m	1.277	TACCTG
1028710	902	o6	2.619	GTACCT
1028878	184	6m	1.089	TACCTG
1028931	915	7A1	1.682	TACCTG
1028998	184	6m	2.496	TACCTG
1029189	937	o6	2.631	GTACCT
1029192	1962	o6	2.404	GTACCT
1029210	79	7m8	2.624	TACCTG
1029288	274	6m	3.358	TACCTG
1029384	1091	6m	1.449	TACCTG
1029384	2543	o6	1.427	GTACCT
1029391	133	o6	1.687	GTACCT
1029474	36	6m	1.210	TACCTG
1029558	1309	o6	2.807	GTACCT
1029619	395	6m	1.831	TACCTG
1029697	723	o6	2.533	GTACCT
1029697	791	o6	2.278	GTACCT
1029749	1488	6m	3.358	TACCTG
1029773	144	o6	1.053	GTACCT
1029835	585	6m	2.507	TACCTG
1030123	402	6m	2.073	TACCTG
1030189	2356	o6	1.987	GTACCT
1030245	264	o6	2.268	GTACCT
1030245	398	o6	1.285	GTACCT
1030265	110	o6	2.847	GTACCT
1030266	912	8m	3.005	GTACCT
1030266	1103	o6	2.371	GTACCT
1030266	1609	o6	3.005	GTACCT
1030451	2191	6m	2.409	TACCTG
1030566	760	o6	1.315	GTACCT
1030713	883	7m8	3.005	TACCTG
1030731	51	o6	1.606	GTACCT
1030751	59	6m	3.114	TACCTG
1030751	153	6m	2.794	TACCTG
1030782	304	o6	2.544	GTACCT
1030782	700	o6	1.687	GTACCT
1030782	2207	o6	2.544	GTACCT
1030903	338	7A1	1.284	TACCTG
1030924	239	6m	1.288	TACCTG
1031156	1026	o6	2.073	GTACCT
1031156	1885	o6	1.771	GTACCT
1031194	126	7A1	1.328	TACCTG
1031284	105	6m	1.118	TACCTG
1031390	7550	8m	2.807	GTACCT
1031495	824	o6	1.810	GTACCT
1031782	341	o6	2.390	GTACCT
1031782	942	o6	2.262	GTACCT
1031833	479	o6	1.882	GTACCT
1031883	1533	o6	2.537	GTACCT
1032022	565	o6	2.481	GTACCT
1032295	1238	7m8	1.762	GTACCT
1032328	420	o6	3.005	GTACCT
1032328	479	o6	3.005	GTACCT
1032369	2472	o6	2.593	GTACCT
1032369	2508	6m	2.593	TACCTG
1032617	590	o6	3.065	GTACCT
1032687	362	6m	1.133	TACCTG
1032687	395	o6	1.440	GTACCT
1032718	451	6m	1.787	TACCTG
1032750	335	o6	1.284	GTACCT
1032799	802	o6	2.676	GTACCT
1032817	65	7m8	1.633	GTACCT
1032822	495	6m	3.034	TACCTG
1032880	628	7A1	2.238	TACCTG
1032902	2307	o6	2.544	GTACCT
1032929	515	o6	1.455	GTACCT
1032929	1505	6m	1.411	TACCTG
1032948	237	o6	2.995	GTACCT
1033055	67	6m	1.183	TACCTG
1033118	165	7m8	2.544	GTACCT
1033138	702	6m	1.217	TACCTG
1033141	5773	o6	2.433	GTACCT
1033193	8	6m	1.146	TACCTG
1033322	1082	o6	3.005	GTACCT
1033328	1770	o6	2.284	GTACCT
1033475	569	o6	2.286	GTACCT
1033565	1017	o6	1.082	GTACCT
1033598	1883	o6	2.350	GTACCT
1033616	900	o6	2.002	GTACCT
1033699	162	7A1	2.086	TACCTG
1033736	154	6m	1.284	TACCTG
1033739	629	8m	4.317	GTACCT
1033742	1316	o6	1.159	GTACCT
1033745	653	7m8	1.262	GTACCT
1033745	851	o6	1.488	GTACCT
1033748	69	o6	2.052	GTACCT
1033760	937	6m	1.215	TACCTG
1033763	337	6m	1.215	TACCTG
1033865	848	6m	1.032	TACCTG
1033924	17	7m8	1.650	GTACCT
1033971	1457	o6	3.009	GTACCT
1034047	449	7m8	4.455	GTACCT
1034074	2092	o6	1.300	GTACCT
1034089	1400	6m	2.356	TACCTG
1034109	243	o6	2.372	GTACCT
1034161	84	o6	1.061	GTACCT
1034164	727	6m	2.101	TACCTG
1034185	781	o6	1.831	GTACCT
1034208	342	6m	2.982	TACCTG
1034304	1608	o6	3.189	GTACCT
1034331	3320	o6	1.557	GTACCT
1034508	10	7m8	2.882	GTACCT
1034539	952	8m	3.475	GTACCT
1034687	89	o6	1.599	GTACCT
1034687	450	o6	1.450	GTACCT
1034771	1178	o6	2.428	GTACCT
1034800	95	o6	2.751	GTACCT
1034812	115	7m8	1.065	GTACCT
1034995	5320	o6	2.608	GTACCT
1035103	691	6m	1.755	TACCTG
1035272	140	o6	1.929	GTACCT
1035336	40	7A1	2.776	TACCTG
1035453	324	o6	1.733	GTACCT
1035569	11915	o6	2.160	GTACCT
1035569	14086	7A1	2.627	TACCTG
1035783	2384	o6	3.157	GTACCT
1035783	2455	o6	3.358	GTACCT
1035783	2636	o6	3.371	GTACCT
1035783	3078	7A1	1.315	TACCTG
1035798	2778	7m8	2.852	GTACCT
1035801	2554	8m	2.092	TACCTG
1035843	1600	o6	2.427	GTACCT
1035974	1439	o6	3.224	GTACCT
1036002	153	o6	2.377	GTACCT
1036127	3357	7m8	3.082	GTACCT
1036127	10634	7A1	1.301	TACCTG
1036208	65	o6	3.267	GTACCT
1036283	1132	o6	2.481	GTACCT
1036286	275	o6	1.002	GTACCT
1036304	232	6m	1.684	TACCTG
1036340	17	o6	2.601	GTACCT
1036343	135	o6	3.633	GTACCT
1036374	1902	o6	4.116	GTACCT
1036601	2090	o6	2.301	GTACCT
1036986	65	6m	1.117	TACCTG
1037203	51	7m8	1.599	GTACCT
1037203	59	7m8	1.599	GTACCT
1037207	632	o6	3.634	GTACCT
1037355	40	8m	3.802	GTACCT
1037361	659	o6	2.390	GTACCT
1037374	119	6m	1.470	TACCTG
1037386	2275	7A1	1.488	TACCTG
1037615	1560	o6	1.896	GTACCT
1037630	911	6m	3.164	TACCTG
1037655	404	o6	3.582	GTACCT
1037845	449	6m	2.194	TACCTG
1037992	180	7A1	1.356	TACCTG
1038312	475	7A1	1.250	TACCTG
1038440	1310	6m	3.013	TACCTG
1038521	743	o6	3.668	GTACCT
1038571	815	o6	1.451	GTACCT
1038652	332	6m	1.073	TACCTG
1038707	35	7A1	1.755	TACCTG
1038752	1375	o6	3.346	GTACCT
1038752	1383	7m8	3.346	GTACCT
1038767	157	6m	4.116	TACCTG
1038767	211	6m	2.854	TACCTG
1038796	1104	7m8	2.185	TACCTG
1038833	467	7A1	1.582	TACCTG
1038841	480	o6	2.560	GTACCT
1038923	929	o6	3.229	GTACCT
1039061	542	o6	2.377	GTACCT
1039061	579	o6	2.377	GTACCT
1039073	66	7m8	3.685	GTACCT
1039084	57	o6	1.807	GTACCT
1039114	1428	o6	3.641	GTACCT
1039202	1448	o6	1.623	GTACCT
1039218	4	o6	2.910	GTACCT
1039267	1228	o6	1.907	GTACCT
1039421	417	o6	2.904	GTACCT
1039436	140	7m8	1.771	GTACCT
1039514	28	7A1	1.194	TACCTG
1039563	3872	o6	1.541	GTACCT
1039651	94	o6	2.707	GTACCT
1039718	1327	o6	3.221	GTACCT
1039779	240	7m8	2.087	GTACCT
1039779	324	7m8	1.284	TACCTG
1039852	425	o6	2.194	GTACCT
1040132	19	o6	2.915	GTACCT
1040201	1297	o6	2.811	GTACCT
1040283	3605	o6	1.606	GTACCT
1040337	4640	6m	3.699	TACCTG
1040407	81	o6	2.807	GTACCT
1040417	1089	o6	1.299	GTACCT
1040483	926	o6	1.560	GTACCT
1040521	186	o6	1.999	GTACCT
1040560	576	7A1	1.117	TACCTG
1040590	1685	o6	2.353	GTACCT
1040623	1374	o6	1.606	GTACCT
1040635	5546	o6	2.896	GTACCT
