1000066	101	6m	1.328	CCACCG
1000084	101	o6	1.024	CCCACC
1000219	1138	6m	1.002	CCACCG
1000314	68	o6	1.954	CCCACC
1000385	432	o6	2.981	CCCACC
1000472	975	o6	1.610	CCCACC
1000580	1166	o6	2.344	CCCACC
1000761	232	o6	3.647	CCCACC
1000880	154	o6	2.019	CCCACC
1000880	268	o6	1.060	CCCACC
1000907	71	o6	1.060	CCCACC
1000923	12	o6	1.637	CCCACC
1000929	311	o6	2.508	CCCACC
1000968	27	o6	1.284	CCCACC
1000979	1707	6m	1.262	CCACCG
1001012	1006	o6	1.141	CCCACC
1001083	506	o6	2.981	CCCACC
1001132	23	o6	2.311	CCCACC
1001244	195	o6	2.073	CCCACC
1001533	4655	o6	2.617	CCCACC
1001729	80	7m8	1.244	CCCACC
1001817	746	o6	1.349	CCCACC
1001891	735	o6	1.229	CCCACC
1001897	1381	7A1	1.811	CCACCG
1001934	749	6m	2.650	CCACCG
1001948	1513	6m	1.026	CCACCG
1002481	819	7A1	2.981	CCACCG
1002527	1039	o6	2.206	CCCACC
1002628	84	7m8	1.722	CCCACC
1002700	406	o6	1.334	CCCACC
1002815	728	o6	1.383	CCCACC
1002826	942	o6	2.313	CCCACC
1002898	326	o6	1.240	CCCACC
1003248	38	o6	2.537	CCCACC
1003316	63	o6	1.227	CCCACC
1003336	88	o6	2.005	CCCACC
1003631	1835	o6	2.617	CCCACC
1003660	1470	7A1	1.247	CCACCG
1003660	1812	6m	1.369	CCACCG
1003851	696	6m	2.031	CCACCG
1004296	49	6m	1.118	CCACCG
1004491	83	6m	1.831	CCACCG
1004796	8	7A1	1.485	CCACCG
1005301	52	o6	1.974	CCCACC
1005343	353	o6	1.348	CCCACC
1005455	150	o6	2.227	CCCACC
1005557	120	o6	2.025	CCCACC
1005557	158	o6	2.433	CCCACC
1005557	987	o6	1.977	CCCACC
1005595	433	o6	2.255	CCCACC
1005646	372	o6	2.062	CCCACC
1005724	191	o6	1.690	CCCACC
1005745	266	o6	1.186	CCCACC
1006708	2387	o6	2.522	CCCACC
1006735	1026	o6	2.161	CCCACC
1006872	725	o6	1.078	CCCACC
1006875	1036	6m	2.861	CCACCG
1006875	1167	o6	1.183	CCCACC
1007034	884	o6	1.022	CCCACC
1007106	217	o6	1.976	CCCACC
1007118	1047	o6	1.768	CCCACC
1007206	331	o6	1.380	CCCACC
1007213	506	o6	1.246	CCCACC
1007364	32	o6	1.032	CCCACC
1007484	778	o6	1.315	CCCACC
1007530	1290	o6	1.694	CCCACC
1007764	503	o6	1.290	CCCACC
1007764	611	o6	2.199	CCCACC
1007812	1103	o6	1.134	CCCACC
1007812	1117	o6	1.958	CCCACC
1007812	1367	7m8	1.621	CCCACC
1007812	1376	8m	1.621	CCCACC
1007812	1631	6m	2.486	CCACCG
1007840	1002	o6	3.034	CCCACC
1007950	137	o6	2.544	CCCACC
1007997	222	o6	1.322	CCCACC
1008145	5791	7A1	2.544	CCACCG
1008145	10966	6m	2.889	CCACCG
1008145	11629	o6	2.544	CCCACC
1008157	328	o6	2.600	CCCACC
1008286	1263	8m	1.606	CCCACC
1008372	21	8m	1.019	CCACCG
1008460	28	o6	1.907	CCCACC
1008560	185	o6	1.759	CCCACC
1008780	95	o6	2.098	CCCACC
1008989	272	o6	1.289	CCCACC
1009037	57	6m	1.073	CCACCG
1009043	750	7A1	1.017	CCACCG
1009313	37	6m	1.892	CCACCG
1009434	199	6m	1.434	CCACCG
1009632	55	o6	2.350	CCCACC
1009748	246	o6	3.034	CCCACC
1009873	949	7A1	2.460	CCACCG
1009906	263	8m	1.690	CCCACC
1009945	1314	7A1	1.284	CCACCG
1010043	32	o6	1.558	CCCACC
1010244	176	o6	1.501	CCCACC
1010250	843	o6	1.195	CCCACC
1010331	286	6m	1.504	CCACCG
1010401	1533	6m	1.127	CCACCG
1010621	108	o6	2.882	CCCACC
1010686	937	6m	2.181	CCACCG
1010794	77	o6	1.136	CCCACC
1010794	101	o6	1.567	CCCACC
1010827	23	8m	1.925	CCACCG
1010956	2599	o6	1.118	CCCACC
1011083	276	6m	2.017	CCACCG
1011369	480	7A1	1.362	CCACCG
1011607	760	7A1	1.282	CCACCG
1011658	115	o6	2.780	CCCACC
1012216	99	6m	1.186	CCACCG
1012537	117	6m	1.304	CCACCG
1012743	166	o6	3.034	CCCACC
1012760	35	6m	3.549	CCACCG
1012776	774	7m8	2.801	CCCACC
1012830	905	o6	2.179	CCCACC
1012830	1518	6m	2.370	CCACCG
1012833	463	6m	2.918	CCACCG
1013068	116	o6	2.533	CCCACC
1013108	2045	o6	2.107	CCCACC
1013246	333	o6	3.017	CCCACC
1013261	82	o6	1.156	CCCACC
1013319	41	o6	1.394	CCCACC
1013426	171	6m	1.304	CCACCG
1013426	201	6m	1.170	CCACCG
1013426	273	6m	1.593	CCACCG
1013426	507	6m	1.035	CCACCG
1013426	813	6m	2.081	CCACCG
1013426	825	6m	1.839	CCACCG
1013426	942	7m8	1.448	CCACCG
1013613	40	7m8	2.090	CCACCG
1013643	752	o6	2.065	CCCACC
1013860	18	o6	1.175	CCCACC
1014043	206	o6	1.001	CCCACC
1014382	288	6m	1.412	CCACCG
1014382	330	6m	1.164	CCACCG
1014382	393	6m	1.612	CCACCG
1014382	429	6m	2.604	CCACCG
1014382	463	7m8	1.488	CCACCG
1014436	87	o6	2.177	CCCACC
1014655	1585	7A1	1.073	CCACCG
1014831	35	o6	1.222	CCCACC
1014859	93	6m	2.912	CCACCG
1014869	1065	o6	1.602	CCCACC
1014883	1493	8m	3.198	CCCACC
1014899	6	6m	1.690	CCACCG
1014904	1814	6m	1.425	CCACCG
1014904	2010	6m	1.677	CCACCG
1014930	47	o6	2.153	CCCACC
1014981	295	o6	2.073	CCCACC
1014988	6	o6	1.323	CCCACC
1014988	2275	o6	2.466	CCCACC
1015021	726	7A1	1.124	CCACCG
1015041	3523	7A1	1.695	CCACCG
1015121	188	o6	1.604	CCCACC
1015195	479	6m	1.128	CCACCG
1015348	768	7A1	1.495	CCACCG
1015375	3070	6m	1.726	CCACCG
1015394	140	o6	1.058	CCCACC
1015466	89	o6	1.015	CCCACC
1015526	1378	6m	1.328	CCACCG
1015572	1774	6m	1.023	CCACCG
1015653	259	6m	1.471	CCACCG
1015696	424	o6	1.051	CCCACC
1015706	363	o6	1.085	CCCACC
1015706	411	6m	1.567	CCACCG
1015706	453	6m	2.073	CCACCG
1016011	838	7A1	1.043	CCACCG
1016026	1468	o6	1.307	CCCACC
1016098	519	o6	1.814	CCCACC
1016250	974	6m	2.798	CCACCG
1016284	352	o6	2.212	CCCACC
1016397	727	o6	1.671	CCCACC
1016422	720	o6	1.187	CCCACC
1016422	725	o6	1.677	CCCACC
1016512	452	6m	1.288	CCACCG
1016629	63	o6	1.441	CCCACC
1016787	245	7A1	2.010	CCACCG
1016787	2323	o6	2.108	CCCACC
1016806	255	6m	1.925	CCACCG
1016806	267	6m	1.080	CCACCG
1016851	77	6m	1.156	CCACCG
1017001	245	o6	2.317	CCCACC
1017018	814	o6	3.034	CCCACC
1017197	21	o6	1.454	CCCACC
1017381	206	o6	1.939	CCCACC
1017451	1566	7m8	2.489	CCCACC
1017614	3707	o6	2.801	CCCACC
1017814	1260	7A1	1.039	CCACCG
1017868	288	o6	2.031	CCCACC
1018146	45	6m	2.520	CCACCG
1018173	141	o6	1.500	CCCACC
1018211	21	o6	1.222	CCCACC
1018248	1608	o6	1.148	CCCACC
1018317	412	o6	1.217	CCCACC
1018358	217	6m	1.016	CCACCG
1018445	19	7m8	1.771	CCCACC
1018873	1220	6m	2.225	CCACCG
1018873	1677	6m	1.153	CCACCG
1018937	496	7A1	2.144	CCACCG
1019055	795	o6	4.339	CCCACC
1019113	32	6m	1.844	CCACCG
1019314	178	o6	1.563	CCCACC
1019377	493	o6	1.929	CCCACC
1019486	866	8m	1.612	CCCACC
1019514	2341	6m	1.156	CCACCG
1019514	3403	o6	1.882	CCCACC
1019603	254	o6	2.670	CCCACC
1019695	469	o6	2.220	CCCACC
1019925	760	o6	1.030	CCCACC
1020145	187	6m	1.899	CCACCG
1020214	56	6m	1.194	CCACCG
1020219	109	o6	1.211	CCCACC
1020241	862	o6	2.567	CCCACC
1020280	1502	o6	2.660	CCCACC
1020353	161	o6	1.149	CCCACC
1020449	815	o6	2.316	CCCACC
1020519	142	o6	1.326	CCCACC
1020719	231	o6	1.656	CCCACC
1020861	130	6m	1.558	CCACCG
1021223	360	o6	1.681	CCCACC
1021504	19	o6	1.634	CCCACC
1021540	54	6m	3.028	CCACCG
1021699	125	7A1	1.792	CCACCG
1021818	143	o6	2.329	CCCACC
1021830	90	o6	1.162	CCCACC
1021840	390	6m	1.322	CCACCG
1021866	281	o6	2.275	CCCACC
1021866	287	6m	2.488	CCACCG
1021909	2056	o6	2.059	CCCACC
1021962	1054	7A1	2.070	CCACCG
1022057	25	6m	2.678	CCACCG
1022066	2411	6m	2.537	CCACCG
1022101	604	o6	1.623	CCCACC
1022165	72	o6	2.194	CCCACC
1022165	506	8m	3.047	CCCACC
1022180	247	o6	1.917	CCCACC
1022294	62	o6	1.747	CCCACC
1022338	2215	o6	1.240	CCCACC
1022472	26	7A1	1.499	CCACCG
1022604	1554	o6	1.203	CCCACC
1022853	52	7m8	1.402	CCACCG
1022853	76	7m8	2.144	CCACCG
1023062	1018	6m	2.028	CCACCG
1023062	2537	6m	1.643	CCACCG
1023104	803	6m	2.178	CCACCG
1023139	121	7m8	2.682	CCACCG
1023219	95	7A1	2.070	CCACCG
1023345	59	7A1	1.663	CCACCG
1023673	391	7A1	2.777	CCACCG
1023784	5394	o6	2.592	CCCACC
1023790	1230	o6	2.505	CCCACC
1023885	435	o6	1.450	CCCACC
1023885	662	6m	2.019	CCACCG
1023885	2094	6m	1.148	CCACCG
1023897	471	o6	1.230	CCCACC
1023998	114	o6	1.274	CCCACC
1024009	95	o6	1.486	CCCACC
1024366	29	6m	1.051	CCACCG
1024381	453	o6	1.261	CCCACC
1024384	490	o6	2.332	CCCACC
1024397	1220	o6	1.817	CCCACC
1024481	63	o6	2.180	CCCACC
1024525	765	o6	2.020	CCCACC
1024556	1598	6m	1.221	CCACCG
1024604	972	o6	3.092	CCCACC
1024654	831	7m8	2.466	CCCACC
1024664	167	o6	1.027	CCCACC
1024715	3965	o6	2.685	CCCACC
1024762	54	o6	1.833	CCCACC
1024847	473	o6	2.360	CCCACC
1024891	328	8m	2.452	CCCACC
1024895	387	6m	1.498	CCACCG
1024956	417	7A1	2.635	CCACCG
1024956	6355	6m	2.629	CCACCG
1024975	21	o6	1.921	CCCACC
1024975	1228	o6	1.288	CCCACC
1025080	36	7A1	1.663	CCACCG
1025158	1004	6m	1.598	CCACCG
1025204	265	o6	1.031	CCCACC
1025225	210	o6	1.113	CCCACC
1025367	739	o6	2.227	CCCACC
1025403	6	8m	1.045	CCACCG
1025403	326	o6	1.053	CCCACC
1025428	29	o6	1.419	CCCACC
1025541	383	8m	1.229	CCCACC
1025548	438	7m8	2.640	CCCACC
1025548	854	6m	1.591	CCACCG
1025614	408	o6	1.180	CCCACC
1025690	135	6m	2.983	CCACCG
1025725	316	o6	2.876	CCCACC
1025737	551	o6	1.713	CCCACC
1025790	491	o6	2.178	CCCACC
1025878	643	o6	2.037	CCCACC
1025929	1198	o6	1.335	CCCACC
1025985	62	6m	3.211	CCACCG
1026095	553	o6	2.660	CCCACC
1026117	26	o6	2.608	CCCACC
1026161	628	o6	1.029	CCCACC
1026201	43	o6	1.312	CCCACC
1026558	1385	6m	1.933	CCACCG
1026711	1035	o6	2.608	CCCACC
1026711	4231	o6	1.570	CCCACC
1026841	1897	o6	2.303	CCCACC
1027129	74	7A1	2.076	CCACCG
1027276	52	8m	1.765	CCCACC
1027276	475	o6	1.267	CCCACC
1027332	456	o6	3.378	CCCACC
1027345	97	7m8	1.574	CCCACC
1027417	683	7A1	1.222	CCACCG
1027438	272	6m	2.191	CCACCG
1027438	389	6m	1.921	CCACCG
1027438	987	6m	1.970	CCACCG
1027502	1920	6m	2.502	CCACCG
1027814	644	o6	4.225	CCCACC
1027814	782	6m	3.016	CCACCG
1027841	437	o6	1.590	CCCACC
1027844	201	o6	1.427	CCCACC
1027900	89	o6	1.298	CCCACC
1028029	7	8m	2.065	CCACCG
1028106	541	6m	1.869	CCACCG
1028196	376	o6	2.364	CCCACC
1028401	220	7A1	1.082	CCACCG
1028477	186	o6	1.058	CCCACC
1028648	660	o6	1.121	CCCACC
1029097	27	o6	2.218	CCCACC
1029097	164	o6	2.854	CCCACC
1029394	28	o6	1.107	CCCACC
1029504	1363	7A1	1.183	CCACCG
1029697	904	o6	1.690	CCCACC
1029733	78	7m8	1.642	CCACCG
1029752	2	7m8	1.948	CCCACC
1029885	262	6m	2.396	CCACCG
1030189	941	7A1	2.289	CCACCG
1030302	319	o6	1.690	CCCACC
1030441	61	7m8	1.438	CCACCG
1030617	237	o6	1.012	CCCACC
1030713	1532	8m	1.751	CCCACC
1030782	264	6m	2.400	CCACCG
1030908	79	6m	1.047	CCACCG
1031001	316	o6	1.690	CCCACC
1031106	1636	7A1	1.700	CCACCG
1031199	4197	o6	3.034	CCCACC
1031224	2653	6m	1.004	CCACCG
1031307	2323	7A1	2.003	CCACCG
1031590	101	o6	1.910	CCCACC
1031657	380	7A1	1.502	CCACCG
1031830	330	o6	2.512	CCCACC
1031830	1417	8m	2.030	CCCACC
1031929	328	o6	2.377	CCCACC
1031968	657	6m	2.465	CCACCG
1032203	266	o6	1.980	CCCACC
1032285	353	o6	1.231	CCCACC
1032295	546	6m	1.261	CCACCG
1032295	871	o6	1.205	CCCACC
1032420	153	6m	2.528	CCACCG
1032604	309	7m8	1.828	CCCACC
1032693	1294	o6	1.544	CCCACC
1032799	44	7A1	2.676	CCACCG
1032799	2520	o6	2.676	CCCACC
1033011	788	o6	1.015	CCCACC
1033160	1713	6m	3.262	CCACCG
1033235	31	6m	2.021	CCACCG
1033244	672	6m	1.282	CCACCG
1033254	317	7m8	1.356	CCCACC
1033328	2252	7A1	1.247	CCACCG
1033351	1377	7A1	2.460	CCACCG
1033481	16	7m8	3.014	CCCACC
1033481	1634	o6	3.347	CCCACC
1033488	490	o6	2.115	CCCACC
1033602	936	o6	1.284	CCCACC
1033602	943	o6	1.284	CCCACC
1033742	1091	o6	1.754	CCCACC
1033745	626	o6	2.110	CCCACC
1033815	368	o6	1.038	CCCACC
1033824	797	7A1	1.381	CCACCG
1033865	542	6m	1.394	CCACCG
1033877	794	o6	2.137	CCCACC
1034028	143	o6	3.872	CCCACC
1034053	2030	o6	1.150	CCCACC
1034089	1373	o6	2.356	CCCACC
1034149	82	o6	2.415	CCCACC
1034164	793	8m	2.912	CCCACC
1034248	88	6m	1.341	CCACCG
1034259	99	7A1	5.528	CCACCG
1034259	557	o6	2.321	CCCACC
1034277	685	o6	1.989	CCCACC
1034296	154	o6	1.013	CCCACC
1034304	40	7A1	2.583	CCACCG
1034304	377	o6	1.157	CCCACC
1034304	2175	o6	1.159	CCCACC
1034304	2259	o6	1.209	CCCACC
1034328	53	o6	1.128	CCCACC
1034337	287	o6	1.325	CCCACC
1034337	299	o6	1.094	CCCACC
1034448	92	7m8	1.703	CCACCG
1034493	1292	7m8	1.284	CCCACC
1034529	100	7A1	1.575	CCACCG
1034539	1817	6m	1.845	CCACCG
1034556	557	6m	1.232	CCACCG
1034556	1995	6m	3.638	CCACCG
1034556	2103	7A1	2.776	CCACCG
1034569	1053	o6	1.414	CCCACC
1034771	137	o6	2.870	CCCACC
1034800	313	6m	3.335	CCACCG
1034899	1766	o6	1.178	CCCACC
1034983	159	o6	1.120	CCCACC
1034995	3990	o6	1.979	CCCACC
1035004	32	o6	1.349	CCCACC
1035010	2969	7m8	1.103	CCACCG
1035010	4053	o6	2.207	CCCACC
1035040	831	6m	1.955	CCACCG
1035040	2004	6m	1.865	CCACCG
1035040	2887	o6	1.638	CCCACC
1035040	2965	7A1	2.608	CCACCG
1035040	3607	6m	2.522	CCACCG
1035058	32	o6	1.908	CCCACC
1035063	403	o6	3.050	CCCACC
1035103	1094	o6	1.302	CCCACC
1035132	94	o6	2.249	CCCACC
1035189	59	o6	3.421	CCCACC
1035257	74	o6	2.375	CCCACC
1035276	469	6m	1.217	CCACCG
1035288	2543	o6	2.833	CCCACC
1035332	4	o6	1.341	CCCACC
1035336	102	6m	1.996	CCACCG
1035363	57	o6	1.392	CCCACC
1035366	42	o6	1.937	CCCACC
1035380	214	o6	1.152	CCCACC
1035384	209	o6	2.612	CCCACC
1035569	5951	o6	1.282	CCCACC
1035594	1485	o6	1.006	CCCACC
1035656	1583	o6	1.377	CCCACC
1035656	1859	o6	1.054	CCCACC
1035762	666	o6	1.380	CCCACC
1035768	992	o6	1.197	CCCACC
1035768	2401	o6	2.644	CCCACC
1035773	1846	6m	1.684	CCACCG
1035773	1873	6m	2.209	CCACCG
1035773	1882	6m	3.346	CCACCG
1035773	1891	6m	3.514	CCACCG
1035801	2636	7A1	1.977	CCACCG
1035945	496	7A1	1.314	CCACCG
1036043	49	6m	1.024	CCACCG
1036043	348	o6	2.854	CCCACC
1036127	2484	7A1	1.322	CCACCG
1036127	3006	7A1	2.758	CCACCG
1036127	10134	7A1	2.689	CCACCG
1036203	785	8m	2.435	CCCACC
1036283	1340	o6	1.328	CCCACC
1036299	458	o6	1.999	CCCACC
1036420	400	6m	1.309	CCACCG
1036482	32	6m	1.531	CCACCG
1036482	1421	o6	1.016	CCCACC
1036621	86	o6	1.123	CCCACC
1036706	1310	o6	1.499	CCCACC
1036706	2167	o6	3.038	CCCACC
1036973	459	o6	1.410	CCCACC
1037090	616	6m	1.388	CCACCG
1037111	18	7m8	1.066	CCCACC
1037171	90	6m	1.480	CCACCG
1037192	17	o6	1.117	CCCACC
1037333	1727	o6	1.100	CCCACC
1037386	1790	o6	3.084	CCCACC
1037467	480	o6	1.649	CCCACC
1037615	620	o6	2.007	CCCACC
1037768	67	7m8	1.890	CCACCG
1037787	68	o6	1.235	CCCACC
1038067	223	o6	1.423	CCCACC
1038122	286	o6	1.073	CCCACC
1038127	1173	o6	3.906	CCCACC
1038160	871	o6	1.793	CCCACC
1038214	1552	6m	1.818	CCACCG
1038223	552	o6	1.303	CCCACC
1038273	13	8m	1.586	CCCACC
1038285	772	o6	1.628	CCCACC
1038293	3617	6m	1.690	CCACCG
1038312	3125	7A1	3.398	CCACCG
1038390	642	7A1	1.910	CCACCG
1038407	318	6m	1.814	CCACCG
1038407	475	o6	1.358	CCCACC
1038440	1136	o6	1.251	CCCACC
1038512	410	6m	2.497	CCACCG
1038589	87	o6	1.668	CCCACC
1038611	47	6m	3.633	CCACCG
1038900	530	o6	1.790	CCCACC
1038930	293	o6	1.327	CCCACC
1038965	60	7A1	2.398	CCACCG
1038997	163	6m	1.623	CCACCG
1039069	62	o6	2.218	CCCACC
1039151	325	o6	1.229	CCCACC
1039199	695	o6	1.928	CCCACC
1039271	319	o6	1.670	CCCACC
1039376	171	o6	1.098	CCCACC
1039376	1365	o6	2.763	CCCACC
1039431	1202	8m	1.652	CCCACC
1039490	257	6m	1.278	CCACCG
1039496	607	7A1	1.022	CCACCG
1039496	878	o6	2.651	CCCACC
1039502	610	o6	3.318	CCCACC
1039502	1285	7m8	1.423	CCCACC
1039502	5238	o6	1.789	CCCACC
1039502	5425	o6	1.963	CCCACC
1039502	5432	o6	1.783	CCCACC
1039502	6157	7A1	2.357	CCACCG
1039706	497	o6	1.474	CCCACC
1039808	1758	o6	3.582	CCCACC
1039811	1713	o6	3.582	CCCACC
1039853	4135	o6	1.011	CCCACC
1039858	1135	6m	3.075	CCACCG
1039955	1239	6m	1.907	CCACCG
1039959	55	o6	2.469	CCCACC
1039959	1037	o6	2.794	CCCACC
1039996	371	o6	2.017	CCCACC
1040037	1747	o6	3.582	CCCACC
1040048	2232	6m	2.775	CCACCG
1040049	1661	o6	2.659	CCCACC
1040091	849	o6	4.484	CCCACC
1040135	1312	6m	2.133	CCACCG
1040136	240	6m	1.498	CCACCG
1040213	27	o6	1.381	CCCACC
1040240	654	o6	1.585	CCCACC
1040298	3127	o6	1.263	CCCACC
1040298	3174	o6	1.504	CCCACC
1040367	40	o6	2.596	CCCACC
1040367	53	6m	1.357	CCACCG
1040392	266	6m	1.649	CCACCG
1040392	1077	o6	1.662	CCCACC
1040500	879	o6	1.940	CCCACC
1040500	2990	o6	1.563	CCCACC
1040500	2998	6m	1.940	CCACCG
1040560	1442	o6	1.653	CCCACC
1040590	952	6m	1.526	CCACCG
1040623	1148	6m	1.284	CCACCG
1040646	2104	7A1	2.854	CCACCG
