1000122	527	7m8	1.628	TCTCGA
1000125	960	6m	2.466	CTCGAA
1000218	69	7A1	1.505	CTCGAA
1000472	1144	o6	1.614	TCTCGA
1000490	226	7A1	1.867	CTCGAA
1000493	3914	7m8	1.295	CTCGAA
1000610	850	6m	1.451	CTCGAA
1000665	313	6m	1.633	CTCGAA
1000673	584	6m	1.961	CTCGAA
1000676	645	6m	1.606	CTCGAA
1000814	560	7A1	1.894	CTCGAA
1000814	646	o6	1.117	TCTCGA
1000856	113	6m	1.233	CTCGAA
1000923	265	7A1	1.020	CTCGAA
1001408	521	o6	1.129	TCTCGA
1001417	673	6m	1.067	CTCGAA
1001500	445	6m	1.945	CTCGAA
1001518	504	6m	1.473	CTCGAA
1001533	1007	6m	1.087	CTCGAA
1001577	671	o6	1.328	TCTCGA
1001578	1407	7A1	1.295	CTCGAA
1001578	2128	7A1	1.082	CTCGAA
1001826	401	o6	1.362	TCTCGA
1001862	365	o6	1.468	TCTCGA
1001906	803	6m	2.223	CTCGAA
1001906	1675	6m	1.019	CTCGAA
1001934	229	6m	1.190	CTCGAA
1001937	1825	o6	1.946	TCTCGA
1001948	1359	6m	1.854	CTCGAA
1002081	196	o6	1.277	TCTCGA
1002192	142	7m8	2.131	TCTCGA
1002215	106	6m	1.348	CTCGAA
1002260	233	7m8	3.011	CTCGAA
1002301	19	o6	1.230	TCTCGA
1002319	573	7A1	1.320	CTCGAA
1002595	1295	6m	1.585	CTCGAA
1002667	54	7A1	1.540	CTCGAA
1002667	79	o6	2.445	TCTCGA
1002703	161	6m	1.054	CTCGAA
1002979	398	6m	1.606	CTCGAA
1002979	444	7m8	1.393	CTCGAA
1003143	991	o6	2.922	TCTCGA
1003297	317	7m8	1.417	TCTCGA
1003316	73	6m	2.252	CTCGAA
1003523	691	6m	1.034	CTCGAA
1003603	69	7m8	1.319	CTCGAA
1003954	205	o6	3.393	TCTCGA
1003999	1014	7A1	2.472	CTCGAA
1004077	289	7m8	2.343	TCTCGA
1004274	32	7A1	2.245	CTCGAA
1004281	1171	6m	1.262	CTCGAA
1004406	259	6m	1.061	CTCGAA
1004482	823	7m8	1.418	TCTCGA
1004661	588	6m	2.246	CTCGAA
1004898	506	o6	1.245	TCTCGA
1005646	756	6m	1.690	CTCGAA
1006012	232	7m8	1.852	TCTCGA
1006137	822	o6	2.190	TCTCGA
1006518	735	8m	1.022	CTCGAA
1006548	100	6m	1.563	CTCGAA
1006548	756	6m	1.118	CTCGAA
1006554	444	6m	1.259	CTCGAA
1006596	21	6m	1.034	CTCGAA
1006815	219	7A1	1.520	CTCGAA
1006890	325	o6	2.688	TCTCGA
1007037	88	o6	1.965	TCTCGA
1007118	697	7A1	1.941	CTCGAA
1007340	206	o6	1.053	TCTCGA
1007484	1162	6m	1.053	CTCGAA
1007611	104	8m	1.022	CTCGAA
1007638	932	o6	2.177	TCTCGA
1007740	883	6m	2.279	CTCGAA
1007812	1059	6m	1.655	CTCGAA
1007812	2317	8m	1.508	CTCGAA
1007812	6739	7m8	1.628	TCTCGA
1007815	13	7A1	1.036	CTCGAA
1007824	553	6m	1.284	CTCGAA
1007875	3385	6m	2.407	CTCGAA
1007888	723	7A1	1.800	CTCGAA
1007903	403	7m8	1.680	TCTCGA
1007972	225	6m	1.658	CTCGAA
1007980	2204	6m	1.909	CTCGAA
1007993	97	7A1	2.056	CTCGAA
1008067	25	6m	1.189	CTCGAA
1008081	85	6m	2.031	CTCGAA
1008081	315	7m8	1.546	CTCGAA
1008093	2006	o6	1.059	TCTCGA
1008145	6922	6m	1.098	CTCGAA
1008187	24	o6	1.585	TCTCGA
1008409	2026	o6	1.183	TCTCGA
1008465	65	o6	1.152	TCTCGA
1008498	779	6m	1.284	CTCGAA
1008557	414	7A1	1.285	CTCGAA
1008602	64	o6	1.687	TCTCGA
1008654	910	o6	1.085	TCTCGA
1008657	117	6m	1.827	CTCGAA
1008740	892	6m	1.468	CTCGAA
1008755	834	6m	2.534	CTCGAA
1008780	507	8m	2.321	TCTCGA
1008788	291	o6	1.921	TCTCGA
1008789	167	8m	1.979	TCTCGA
1008996	72	7m8	1.316	TCTCGA
1009037	2503	6m	1.565	CTCGAA
1009046	80	7m8	2.035	CTCGAA
1009083	765	o6	1.053	TCTCGA
1009232	70	6m	1.422	CTCGAA
1009267	736	6m	2.214	CTCGAA
1009274	78	8m	1.426	TCTCGA
1009303	356	o6	1.505	TCTCGA
1009334	217	7m8	1.241	CTCGAA
1009352	241	7A1	1.332	CTCGAA
1009475	291	6m	2.513	CTCGAA
1009475	711	o6	1.248	TCTCGA
1009511	546	6m	2.096	CTCGAA
1009763	32	7A1	1.450	CTCGAA
1009763	111	6m	2.187	CTCGAA
1009823	117	7m8	1.322	TCTCGA
1009899	566	o6	1.743	TCTCGA
1010232	3137	o6	1.284	TCTCGA
1010238	2764	o6	1.284	TCTCGA
1010259	80	7A1	1.663	CTCGAA
1010322	207	o6	1.613	TCTCGA
1010401	3146	o6	1.444	TCTCGA
1010645	224	6m	1.857	CTCGAA
1010652	106	o6	1.312	TCTCGA
1010831	112	o6	1.167	TCTCGA
1010846	555	o6	2.213	TCTCGA
1010956	2475	7A1	1.006	CTCGAA
1011026	56	6m	1.284	CTCGAA
1011215	12	7A1	5.114	CTCGAA
1011403	76	6m	1.903	CTCGAA
1011425	1213	7A1	1.478	CTCGAA
1011658	25	6m	2.600	CTCGAA
1011776	532	7A1	1.315	CTCGAA
1011842	29	7A1	1.053	CTCGAA
1012032	859	o6	2.188	TCTCGA
1012032	880	6m	1.920	CTCGAA
1012174	310	7A1	2.040	CTCGAA
1012361	28	7A1	1.848	CTCGAA
1012537	735	6m	1.195	CTCGAA
1012543	374	7m8	2.045	TCTCGA
1012599	152	6m	1.533	CTCGAA
1012685	76	6m	1.563	CTCGAA
1012719	35	o6	2.319	TCTCGA
1012719	251	7m8	1.193	CTCGAA
1012740	18	o6	1.533	TCTCGA
1012776	218	o6	1.278	TCTCGA
1013440	58	7m8	1.162	TCTCGA
1013799	44	o6	2.648	TCTCGA
1014004	45	o6	1.285	TCTCGA
1014063	47	7A1	1.262	CTCGAA
1014273	320	o6	1.397	TCTCGA
1014403	1142	7m8	1.328	TCTCGA
1014447	84	6m	1.666	CTCGAA
1014559	446	6m	2.544	CTCGAA
1014655	208	o6	1.145	TCTCGA
1014869	1128	6m	2.824	CTCGAA
1014898	265	6m	1.084	CTCGAA
1014904	1981	6m	1.827	CTCGAA
1014981	662	6m	1.633	CTCGAA
1015041	1559	6m	1.179	CTCGAA
1015062	772	o6	1.328	TCTCGA
1015067	230	7m8	1.934	CTCGAA
1015085	365	7A1	1.610	CTCGAA
1015091	2615	o6	1.520	TCTCGA
1015180	50	6m	1.122	CTCGAA
1015228	1222	o6	1.086	TCTCGA
1015394	1273	o6	1.212	TCTCGA
1015526	738	7m8	3.336	TCTCGA
1015526	1342	6m	1.248	CTCGAA
1015526	2216	6m	3.199	CTCGAA
1015676	451	7A1	1.687	CTCGAA
1015685	1178	o6	2.362	TCTCGA
1015844	108	6m	2.750	CTCGAA
1015903	0	6m	1.684	CTCGAA
1015936	1938	7A1	1.503	CTCGAA
1016016	1548	o6	2.301	TCTCGA
1016154	258	6m	2.046	CTCGAA
1016220	28	6m	2.794	CTCGAA
1016272	278	6m	1.903	CTCGAA
1016397	818	6m	1.590	CTCGAA
1016418	1504	8m	2.220	TCTCGA
1016445	339	6m	1.341	CTCGAA
1016449	583	7A1	1.010	CTCGAA
1016500	786	6m	2.220	CTCGAA
1016571	1070	o6	1.634	TCTCGA
1016571	2519	6m	2.026	CTCGAA
1016574	5393	7A1	1.059	CTCGAA
1016577	324	6m	1.583	CTCGAA
1016695	976	6m	1.557	CTCGAA
1016713	1565	o6	2.031	TCTCGA
1016787	2160	6m	1.535	CTCGAA
1016787	3819	7A1	1.077	CTCGAA
1016806	405	o6	1.289	TCTCGA
1016806	494	o6	1.909	TCTCGA
1016826	64	6m	2.288	CTCGAA
1016899	127	6m	1.210	CTCGAA
1016931	44	o6	1.590	TCTCGA
1016951	459	7A1	2.073	CTCGAA
1016986	31	o6	1.543	TCTCGA
1017112	109	6m	2.101	CTCGAA
1017135	899	7A1	1.579	CTCGAA
1017157	786	6m	1.763	CTCGAA
1017212	44	7m8	2.471	CTCGAA
1017224	122	6m	1.062	CTCGAA
1017302	272	6m	1.117	CTCGAA
1017433	28	6m	1.394	CTCGAA
1017437	172	o6	1.239	TCTCGA
1017496	305	8m	1.240	TCTCGA
1017538	759	6m	2.180	CTCGAA
1017614	161	6m	3.028	CTCGAA
1017614	5962	o6	1.041	TCTCGA
1017733	698	7m8	1.541	TCTCGA
1017749	165	7m8	1.040	TCTCGA
1017787	121	7m8	2.559	CTCGAA
1017830	329	7A1	2.167	CTCGAA
1017863	269	o6	2.092	TCTCGA
1017919	356	7A1	1.606	CTCGAA
1018233	794	o6	1.155	TCTCGA
1018293	264	o6	1.193	TCTCGA
1018678	983	6m	1.156	CTCGAA
1018702	722	8m	1.322	TCTCGA
1018703	424	7m8	2.502	TCTCGA
1018708	198	7m8	1.244	TCTCGA
1018708	300	o6	1.848	TCTCGA
1018732	962	6m	1.340	CTCGAA
1018745	41	7A1	1.780	CTCGAA
1018778	136	o6	1.073	TCTCGA
1018873	1048	6m	2.838	CTCGAA
1019049	851	o6	1.596	TCTCGA
1019180	660	o6	1.388	TCTCGA
1019219	433	6m	2.204	CTCGAA
1019429	109	6m	1.837	CTCGAA
1019486	328	7A1	2.048	CTCGAA
1019514	2052	o6	1.808	TCTCGA
1019521	1046	6m	1.704	CTCGAA
1019579	297	7m8	2.347	TCTCGA
1019579	2620	7A1	1.120	CTCGAA
1019698	1751	7A1	1.201	CTCGAA
1019721	72	6m	1.132	CTCGAA
1019800	21	6m	1.029	CTCGAA
1019983	65	6m	1.638	CTCGAA
1019996	239	7A1	1.093	CTCGAA
1020059	872	7m8	1.201	TCTCGA
1020220	659	6m	1.962	CTCGAA
1020227	954	7m8	1.163	TCTCGA
1020485	131	7A1	1.254	CTCGAA
1020486	455	8m	1.161	TCTCGA
1020532	208	6m	1.026	CTCGAA
1020618	129	o6	1.560	TCTCGA
1020692	110	o6	2.026	TCTCGA
1020692	271	o6	1.082	TCTCGA
1020895	432	7A1	1.227	CTCGAA
1021020	91	6m	1.533	CTCGAA
1021288	31	6m	1.284	CTCGAA
1021488	813	o6	2.377	TCTCGA
1021540	1544	o6	1.556	TCTCGA
1021540	1693	6m	1.780	CTCGAA
1021675	1053	6m	1.156	CTCGAA
1021818	822	6m	1.390	CTCGAA
1021941	522	6m	1.410	CTCGAA
1022066	42	o6	2.526	TCTCGA
1022066	1426	6m	1.242	CTCGAA
1022410	252	o6	1.650	TCTCGA
1022500	45	o6	2.276	TCTCGA
1022583	619	7A1	1.505	CTCGAA
1022601	24	7A1	1.737	CTCGAA
1022858	257	7A1	2.369	CTCGAA
1023062	2844	o6	1.690	TCTCGA
1023100	1434	o6	1.903	TCTCGA
1023523	124	7A1	2.226	CTCGAA
1023599	8499	7A1	1.183	CTCGAA
1023658	426	o6	1.437	TCTCGA
1023666	500	6m	2.704	CTCGAA
1023666	507	6m	2.704	CTCGAA
1023706	688	8m	1.053	TCTCGA
1023712	1521	7A1	2.350	CTCGAA
1023727	729	o6	1.671	TCTCGA
1023837	223	7A1	1.097	CTCGAA
1023846	80	7m8	2.017	TCTCGA
1023882	487	7A1	1.282	CTCGAA
1023897	1502	7A1	1.606	CTCGAA
1023909	77	6m	2.197	CTCGAA
1023955	679	o6	2.302	TCTCGA
1024103	7	7m8	1.076	TCTCGA
1024133	926	o6	1.322	TCTCGA
1024177	77	o6	1.814	TCTCGA
1024201	464	6m	1.287	CTCGAA
1024211	2009	7A1	1.447	CTCGAA
1024211	2899	8m	2.544	TCTCGA
1024358	124	6m	1.460	CTCGAA
1024397	42	7m8	2.025	TCTCGA
1024397	2109	o6	1.397	TCTCGA
1024397	3144	6m	1.040	CTCGAA
1024465	2003	o6	1.053	TCTCGA
1024465	2997	o6	2.544	TCTCGA
1024489	196	7A1	1.266	CTCGAA
1024648	1831	6m	1.079	CTCGAA
1024648	12164	7A1	1.207	CTCGAA
1024658	12	7m8	4.576	TCTCGA
1024715	2784	o6	1.182	TCTCGA
1024807	628	6m	1.055	CTCGAA
1024956	2215	o6	1.321	TCTCGA
1025055	468	6m	1.014	CTCGAA
1025168	264	7A1	1.208	CTCGAA
1025168	1531	o6	1.695	TCTCGA
1025298	1182	6m	1.207	CTCGAA
1025630	2207	6m	1.560	CTCGAA
1025654	950	8m	1.099	TCTCGA
1025672	129	7m8	1.864	CTCGAA
1025672	136	7m8	1.864	CTCGAA
1025721	214	o6	2.040	TCTCGA
1026111	104	7m8	1.134	CTCGAA
1026558	1590	6m	1.941	CTCGAA
1026652	2194	6m	1.244	CTCGAA
1026657	987	6m	1.522	CTCGAA
1026660	464	6m	1.522	CTCGAA
1026920	306	6m	1.227	CTCGAA
1026966	926	6m	1.598	CTCGAA
1026981	408	8m	1.579	TCTCGA
1027138	22	o6	1.130	TCTCGA
1027138	283	6m	1.220	CTCGAA
1027369	428	7A1	1.713	CTCGAA
1027502	600	6m	1.244	CTCGAA
1027549	112	o6	1.011	TCTCGA
1027564	57	6m	3.380	CTCGAA
1027564	405	8m	1.843	TCTCGA
1027598	190	7A1	1.171	CTCGAA
1027616	137	7A1	3.034	CTCGAA
1027670	45	6m	1.049	CTCGAA
1027912	1218	6m	1.711	CTCGAA
1028007	859	6m	1.525	CTCGAA
1028106	525	o6	1.741	TCTCGA
1028115	173	7m8	2.820	TCTCGA
1028188	206	6m	1.373	CTCGAA
1028372	236	6m	1.378	CTCGAA
1028620	164	o6	1.233	TCTCGA
1028629	65	6m	2.235	CTCGAA
1028645	53	o6	1.351	TCTCGA
1028672	70	7m8	2.204	CTCGAA
1028734	446	o6	1.456	TCTCGA
1028734	6616	6m	1.243	CTCGAA
1028755	203	7m8	1.649	TCTCGA
1028923	370	o6	1.366	TCTCGA
1028947	0	7A1	1.137	CTCGAA
1028947	430	6m	1.470	CTCGAA
1028998	169	7A1	1.328	CTCGAA
1029003	285	o6	1.949	TCTCGA
1029051	513	6m	1.031	CTCGAA
1029125	180	6m	2.343	CTCGAA
1029176	254	6m	3.257	CTCGAA
1029549	32	7A1	1.156	CTCGAA
1029556	232	6m	1.266	CTCGAA
1029564	153	6m	2.025	CTCGAA
1029564	250	6m	1.563	CTCGAA
1029749	1687	6m	1.032	CTCGAA
1029749	1819	6m	1.556	CTCGAA
1030245	1143	6m	2.506	CTCGAA
1030266	114	7A1	2.321	CTCGAA
1030319	72	6m	2.073	CTCGAA
1030335	736	o6	1.524	TCTCGA
1030451	1693	7A1	2.443	CTCGAA
1030482	882	6m	2.544	CTCGAA
1031129	62	7A1	2.350	CTCGAA
1031541	790	6m	2.078	CTCGAA
1031746	270	o6	2.015	TCTCGA
1032285	215	o6	1.031	TCTCGA
1032325	613	6m	1.860	CTCGAA
1032325	1082	7A1	1.191	CTCGAA
1032369	2455	7A1	1.617	CTCGAA
1032369	3880	o6	2.665	TCTCGA
1032471	1862	7A1	1.582	CTCGAA
1032508	508	6m	2.227	CTCGAA
1032640	86	o6	1.388	TCTCGA
1032675	753	o6	1.211	TCTCGA
1032747	136	7m8	1.085	CTCGAA
1032813	1248	7A1	1.814	CTCGAA
1032884	1063	8m	1.606	TCTCGA
1032902	2581	7A1	1.337	CTCGAA
1032915	667	6m	1.243	CTCGAA
1033065	290	7A1	1.071	CTCGAA
1033133	141	o6	1.182	TCTCGA
1033141	905	7A1	1.606	CTCGAA
1033141	7148	6m	1.657	CTCGAA
1033218	748	6m	3.349	CTCGAA
1033218	808	7m8	1.921	TCTCGA
1033227	1904	o6	2.812	TCTCGA
1033250	604	7A1	2.026	CTCGAA
1033293	599	6m	1.084	CTCGAA
1033310	417	7A1	1.164	CTCGAA
1033390	51	o6	2.350	TCTCGA
1033409	1203	6m	1.946	CTCGAA
1033414	395	7A1	1.321	CTCGAA
1033452	610	8m	1.195	TCTCGA
1033481	3944	7m8	1.474	CTCGAA
1033685	685	6m	1.319	CTCGAA
1033739	791	6m	2.854	CTCGAA
1033786	823	6m	1.484	CTCGAA
1033838	179	o6	1.137	TCTCGA
1033865	722	6m	1.294	CTCGAA
1033877	217	6m	2.626	CTCGAA
1033948	33	7m8	1.484	TCTCGA
1033960	1790	6m	1.077	CTCGAA
1033971	1149	o6	1.716	TCTCGA
1034316	1142	6m	2.262	CTCGAA
1034328	189	6m	3.075	CTCGAA
1034353	190	o6	2.041	TCTCGA
1034416	1044	8m	2.051	TCTCGA
1034434	506	7A1	1.410	CTCGAA
1034469	1017	6m	1.055	CTCGAA
1034529	304	6m	1.409	CTCGAA
1034556	2117	6m	2.776	CTCGAA
1034569	7574	6m	2.870	CTCGAA
1034679	3774	7A1	1.319	CTCGAA
1034687	761	8m	1.627	CTCGAA
1034718	306	6m	2.031	CTCGAA
1034789	26	7m8	1.931	CTCGAA
1034800	502	o6	1.222	TCTCGA
1034918	96	7A1	2.322	CTCGAA
1034941	375	7A1	1.628	CTCGAA
1035043	1789	7m8	2.321	CTCGAA
1035063	290	8m	1.058	TCTCGA
1035076	252	7A1	2.272	CTCGAA
1035114	54	o6	1.467	TCTCGA
1035198	2574	7A1	1.076	CTCGAA
1035288	2301	o6	1.051	TCTCGA
1035314	798	6m	1.925	CTCGAA
1035372	418	6m	1.136	CTCGAA
1035476	148	7A1	1.084	CTCGAA
1035536	210	7A1	2.427	CTCGAA
1035569	3818	7A1	1.011	CTCGAA
1035575	853	o6	1.045	TCTCGA
1035693	31	o6	1.030	TCTCGA
1035693	1221	o6	2.014	TCTCGA
1035711	486	6m	1.090	CTCGAA
1035726	277	o6	1.013	TCTCGA
1035768	1386	7m8	1.212	TCTCGA
1035782	1740	6m	1.451	CTCGAA
1035798	392	6m	1.690	CTCGAA
1035843	2900	7m8	1.311	TCTCGA
1035974	1409	7A1	1.542	CTCGAA
1035974	2175	7A1	1.073	CTCGAA
1035993	434	8m	1.319	TCTCGA
1036046	412	o6	1.211	TCTCGA
1036059	425	6m	1.275	CTCGAA
1036127	7201	6m	2.204	CTCGAA
1036188	172	o6	1.810	TCTCGA
1036254	53	7A1	1.181	CTCGAA
1036271	87	o6	1.530	TCTCGA
1036328	203	7m8	1.312	TCTCGA
1036374	2374	o6	1.328	TCTCGA
1036381	2346	7A1	2.194	CTCGAA
1036419	1371	6m	1.097	CTCGAA
1036449	2208	o6	3.394	TCTCGA
1036497	642	7A1	2.301	CTCGAA
1036527	280	8m	1.794	TCTCGA
1036682	445	6m	1.168	CTCGAA
1036706	2933	7A1	1.754	CTCGAA
1036718	106	6m	2.665	CTCGAA
1036788	2582	o6	2.131	TCTCGA
1036853	195	o6	1.377	TCTCGA
1037111	55	7m8	1.791	TCTCGA
1037219	513	o6	1.277	TCTCGA
1037414	449	7A1	2.135	CTCGAA
1037440	137	6m	2.661	CTCGAA
1037621	302	7m8	1.215	CTCGAA
1037679	355	7A1	1.004	CTCGAA
1037757	466	7m8	1.630	TCTCGA
1037775	117	6m	1.921	CTCGAA
1037845	1112	8m	1.700	TCTCGA
1037845	1835	7m8	2.194	TCTCGA
1037968	26	7m8	1.213	CTCGAA
1038119	1171	8m	1.838	TCTCGA
1038214	1800	6m	1.843	CTCGAA
1038264	308	o6	2.254	TCTCGA
1038293	282	o6	1.528	TCTCGA
1038511	468	6m	1.200	CTCGAA
1038562	3	8m	1.501	TCTCGA
1038578	180	o6	1.730	TCTCGA
1038676	127	7A1	1.560	CTCGAA
1038796	1537	7A1	2.864	CTCGAA
1038854	556	7A1	1.059	CTCGAA
1038897	1644	6m	1.177	CTCGAA
1038900	2666	6m	1.177	CTCGAA
1038923	349	7A1	1.353	CTCGAA
1038930	135	7m8	3.001	TCTCGA
1039084	303	7A1	1.644	CTCGAA
1039094	178	7A1	1.745	CTCGAA
1039094	187	6m	1.745	CTCGAA
1039094	617	7m8	1.304	TCTCGA
1039165	45	o6	1.062	TCTCGA
1039267	435	6m	1.073	CTCGAA
1039502	6420	6m	1.906	CTCGAA
1039578	4687	6m	1.515	CTCGAA
1039606	70	o6	1.015	TCTCGA
1039764	1438	6m	2.418	CTCGAA
1039858	4343	7A1	1.243	CTCGAA
1039908	859	6m	1.266	CTCGAA
1039959	1928	7A1	1.149	CTCGAA
1040129	1504	6m	1.518	CTCGAA
1040135	599	6m	1.518	CTCGAA
1040135	1067	7m8	1.686	TCTCGA
1040201	24	o6	1.368	TCTCGA
1040234	847	6m	1.690	CTCGAA
1040237	1235	o6	1.083	TCTCGA
1040294	272	o6	2.171	TCTCGA
1040297	740	7A1	1.562	CTCGAA
1040303	388	7m8	2.054	CTCGAA
1040346	1284	7A1	1.975	CTCGAA
1040404	505	8m	1.456	TCTCGA
1040434	5	6m	1.457	CTCGAA
1040500	745	7A1	1.077	CTCGAA
1040503	380	6m	2.367	CTCGAA
1040560	614	o6	1.398	TCTCGA
1040560	1496	7m8	1.450	TCTCGA
1040589	2507	6m	1.228	CTCGAA
1040590	5451	7m8	2.090	TCTCGA
1040623	184	6m	1.031	CTCGAA
1040623	2024	o6	1.368	TCTCGA
1040635	4741	6m	2.615	CTCGAA
1040646	1178	o6	1.468	TCTCGA
1040667	133	o6	1.468	TCTCGA
