1000042	10	o6	1.082	GTTCCT
1000054	367	7m8	2.544	TTCCTT
1000077	177	7A1	2.646	TTCCTT
1000141	68	o6	3.036	GTTCCT
1000219	223	7m8	1.524	TTCCTT
1000227	61	o6	2.699	GTTCCT
1000249	869	6m	1.040	TTCCTT
1000282	565	o6	2.807	GTTCCT
1000320	1176	o6	1.560	GTTCCT
1000373	891	8m	2.925	GTTCCT
1000373	1470	7A1	1.488	TTCCTT
1000373	1480	7m8	1.590	TTCCTT
1000379	426	7A1	2.242	TTCCTT
1000443	2308	6m	2.218	TTCCTT
1000454	237	o6	1.978	GTTCCT
1000455	77	o6	1.220	GTTCCT
1000493	3507	7m8	1.021	GTTCCT
1000511	761	6m	2.400	TTCCTT
1000520	628	6m	2.391	TTCCTT
1000583	174	o6	1.064	GTTCCT
1000631	797	6m	2.566	TTCCTT
1000640	318	7m8	1.419	TTCCTT
1000643	476	6m	1.679	TTCCTT
1000653	480	o6	2.073	GTTCCT
1000692	195	8m	1.504	GTTCCT
1000706	679	6m	1.040	TTCCTT
1000734	46	6m	1.221	TTCCTT
1000767	381	o6	4.116	GTTCCT
1000779	31	7A1	3.232	TTCCTT
1000901	548	7A1	2.472	TTCCTT
1000907	554	o6	2.876	GTTCCT
1000920	19	7m8	2.338	GTTCCT
1000928	740	7m8	1.992	GTTCCT
1000929	413	o6	2.508	GTTCCT
1000968	1818	6m	2.403	TTCCTT
1001015	946	6m	1.971	TTCCTT
1001054	264	7m8	2.376	GTTCCT
1001199	75	7m8	1.120	TTCCTT
1001322	19	6m	1.053	TTCCTT
1001394	318	6m	1.147	TTCCTT
1001420	222	8m	2.666	GTTCCT
1001514	1467	7m8	2.962	GTTCCT
1001530	78	6m	1.549	TTCCTT
1001578	2109	6m	1.639	TTCCTT
1001601	4591	7m8	1.725	TTCCTT
1001607	788	7m8	3.198	GTTCCT
1001610	618	6m	1.075	TTCCTT
1001661	26	o6	2.538	GTTCCT
1001738	1189	6m	3.649	TTCCTT
1001862	812	o6	1.405	GTTCCT
1001865	175	7m8	2.502	GTTCCT
1001900	40	8m	2.086	GTTCCT
1001937	1856	6m	1.912	TTCCTT
1001937	2840	o6	3.271	GTTCCT
1001949	534	7m8	3.196	GTTCCT
1001960	147	6m	3.026	TTCCTT
1002048	221	7m8	1.370	TTCCTT
1002098	71	7m8	2.648	GTTCCT
1002182	893	6m	1.259	TTCCTT
1002233	6	6m	1.211	TTCCTT
1002236	385	6m	2.507	TTCCTT
1002425	134	6m	1.319	TTCCTT
1002433	72	o6	1.882	GTTCCT
1002584	54	7A1	1.663	TTCCTT
1002662	154	6m	2.073	TTCCTT
1002833	102	7m8	3.944	GTTCCT
1002872	491	6m	1.028	TTCCTT
1002901	476	7m8	3.418	GTTCCT
1003003	17	6m	1.269	TTCCTT
1003077	375	7m8	2.275	GTTCCT
1003236	111	6m	1.467	TTCCTT
1003248	1534	6m	2.224	TTCCTT
1003257	50	6m	1.859	TTCCTT
1003263	731	7A1	3.196	TTCCTT
1003271	14	8m	1.298	GTTCCT
1003297	772	6m	1.919	TTCCTT
1003298	347	6m	1.663	TTCCTT
1003355	444	7A1	1.388	TTCCTT
1003537	98	6m	1.210	TTCCTT
1003631	655	o6	2.390	GTTCCT
1003631	939	6m	1.027	TTCCTT
1003660	2305	6m	2.374	TTCCTT
1003661	29	6m	1.988	TTCCTT
1003996	343	7m8	1.480	GTTCCT
1003999	120	7A1	1.408	TTCCTT
1003999	1177	6m	3.444	TTCCTT
1004085	237	o6	1.146	GTTCCT
1004223	120	7m8	2.262	GTTCCT
1004364	193	6m	1.335	TTCCTT
1004476	31	6m	1.948	TTCCTT
1004476	44	7A1	2.073	TTCCTT
1004688	354	6m	1.309	TTCCTT
1004688	656	6m	1.227	TTCCTT
1004886	194	8m	2.025	GTTCCT
1004958	181	6m	1.117	TTCCTT
1004958	639	6m	3.167	TTCCTT
1005049	490	7A1	2.415	TTCCTT
1005150	721	7A1	2.065	TTCCTT
1005216	1505	o6	1.500	GTTCCT
1005335	924	6m	3.387	TTCCTT
1005335	1010	6m	1.634	TTCCTT
1005335	1325	6m	2.246	TTCCTT
1005358	306	7A1	2.277	TTCCTT
1005419	65	7A1	1.308	TTCCTT
1005474	671	o6	2.794	GTTCCT
1005595	531	o6	1.931	GTTCCT
1005626	173	7m8	2.774	GTTCCT
1005727	103	6m	1.469	TTCCTT
1005745	745	6m	1.524	TTCCTT
1005826	139	6m	1.313	TTCCTT
1005885	18	6m	1.041	TTCCTT
1005888	62	6m	1.063	TTCCTT
1005951	192	o6	1.054	GTTCCT
1006103	200	o6	1.948	GTTCCT
1006158	197	6m	2.206	TTCCTT
1006587	1113	6m	1.260	TTCCTT
1006650	167	6m	2.352	TTCCTT
1006719	1198	7m8	2.862	GTTCCT
1006872	326	6m	1.648	TTCCTT
1007004	1315	6m	1.053	TTCCTT
1007017	1248	6m	2.797	TTCCTT
1007017	1334	6m	1.325	TTCCTT
1007017	1649	6m	1.813	TTCCTT
1007031	13	6m	2.896	TTCCTT
1007119	33	o6	1.854	GTTCCT
1007172	42	o6	2.220	GTTCCT
1007206	971	8m	2.087	GTTCCT
1007251	1597	6m	2.045	TTCCTT
1007283	1509	7A1	1.322	TTCCTT
1007311	626	6m	1.305	TTCCTT
1007314	238	o6	2.538	GTTCCT
1007521	2463	7A1	2.017	TTCCTT
1007585	114	6m	1.422	TTCCTT
1007743	121	o6	1.022	GTTCCT
1007812	3901	8m	1.673	GTTCCT
1007812	4138	o6	1.675	GTTCCT
1007821	219	7A1	1.053	TTCCTT
1007824	408	6m	2.502	TTCCTT
1007869	432	7A1	1.205	TTCCTT
1007875	2342	6m	1.862	TTCCTT
1007927	100	6m	2.760	TTCCTT
1007932	541	7m8	2.433	GTTCCT
1007932	700	6m	2.433	TTCCTT
1007969	100	6m	1.203	TTCCTT
1007997	1351	o6	2.544	GTTCCT
1008036	201	o6	1.284	GTTCCT
1008141	676	7A1	1.606	TTCCTT
1008145	4944	7A1	1.257	TTCCTT
1008198	11	o6	3.081	GTTCCT
1008216	384	o6	2.544	GTTCCT
1008279	19	6m	2.942	TTCCTT
1008279	1450	o6	1.818	GTTCCT
1008286	1413	6m	1.278	TTCCTT
1008307	1612	6m	2.807	TTCCTT
1008313	293	6m	1.930	TTCCTT
1008318	654	6m	2.220	TTCCTT
1008342	4	6m	1.837	TTCCTT
1008355	100	7m8	1.660	GTTCCT
1008510	1366	6m	1.200	TTCCTT
1008537	714	7A1	2.065	TTCCTT
1008573	185	6m	1.627	TTCCTT
1008788	121	7m8	2.133	GTTCCT
1008849	517	o6	2.538	GTTCCT
1008852	682	o6	2.146	GTTCCT
1008893	9	o6	1.470	GTTCCT
1008932	121	6m	1.029	TTCCTT
1008975	129	o6	1.768	GTTCCT
1008975	629	6m	2.113	TTCCTT
1009043	1098	o6	2.893	GTTCCT
1009273	47	6m	2.377	TTCCTT
1009277	664	7A1	1.600	TTCCTT
1009366	263	o6	2.648	GTTCCT
1009369	823	o6	1.690	GTTCCT
1009369	871	o6	1.690	GTTCCT
1009385	168	7A1	2.807	TTCCTT
1009424	65	6m	1.116	TTCCTT
1009439	246	6m	2.388	TTCCTT
1009736	1137	6m	1.131	TTCCTT
1009739	53	o6	1.487	GTTCCT
1009930	609	o6	2.073	GTTCCT
1009945	1332	6m	1.426	TTCCTT
1009953	118	7m8	2.504	GTTCCT
1010054	689	6m	1.583	TTCCTT
1010111	25	6m	2.865	TTCCTT
1010160	370	o6	2.707	GTTCCT
1010211	15	6m	1.734	TTCCTT
1010211	186	o6	1.857	GTTCCT
1010229	46	6m	2.253	TTCCTT
1010250	2418	6m	1.845	TTCCTT
1010465	820	7m8	1.405	GTTCCT
1010682	68	o6	2.016	GTTCCT
1010715	13	6m	1.396	TTCCTT
1010785	367	7m8	1.676	GTTCCT
1010794	133	6m	1.440	TTCCTT
1010938	140	7A1	1.667	TTCCTT
1010950	644	6m	2.222	TTCCTT
1010956	2787	7m8	2.915	GTTCCT
1010974	626	7m8	2.821	GTTCCT
1011216	178	6m	1.053	TTCCTT
1011337	208	o6	1.140	GTTCCT
1011409	18	6m	1.132	TTCCTT
1011499	35	o6	1.377	GTTCCT
1011694	139	6m	1.609	TTCCTT
1011742	1388	6m	1.668	TTCCTT
1011842	268	o6	1.195	GTTCCT
1011856	1544	o6	1.687	GTTCCT
1011892	609	6m	1.935	TTCCTT
1012008	442	o6	1.327	GTTCCT
1012074	328	6m	2.341	TTCCTT
1012122	222	o6	2.409	GTTCCT
1012262	61	o6	3.034	GTTCCT
1012470	398	7m8	1.593	GTTCCT
1012479	1129	7A1	2.409	TTCCTT
1012483	88	7A1	2.356	TTCCTT
1012522	72	7A1	2.020	TTCCTT
1012602	626	6m	2.111	TTCCTT
1012609	78	o6	3.549	GTTCCT
1013073	1428	6m	2.073	TTCCTT
1013108	329	8m	2.016	GTTCCT
1013241	458	7A1	1.810	TTCCTT
1013312	1755	6m	2.073	TTCCTT
1013318	63	6m	2.031	TTCCTT
1013443	902	6m	2.054	TTCCTT
1013581	547	6m	2.228	TTCCTT
1013584	61	8m	1.186	GTTCCT
1013591	1159	6m	1.076	TTCCTT
1013600	330	6m	1.546	TTCCTT
1013670	1983	7m8	2.552	GTTCCT
1013670	2287	7A1	1.911	TTCCTT
1013781	97	o6	1.740	GTTCCT
1013953	146	6m	2.073	TTCCTT
1013954	56	6m	1.606	TTCCTT
1013988	731	7m8	2.687	GTTCCT
1014183	1468	o6	1.359	GTTCCT
1014215	107	6m	1.195	TTCCTT
1014235	229	6m	1.702	TTCCTT
1014235	955	o6	2.098	GTTCCT
1014273	51	8m	1.002	GTTCCT
1014403	29	8m	1.632	TTCCTT
1014403	1123	6m	1.690	TTCCTT
1014403	2354	6m	2.533	TTCCTT
1014418	839	7m8	1.657	GTTCCT
1014436	135	o6	1.020	GTTCCT
1014436	467	6m	1.539	TTCCTT
1014447	151	6m	2.350	TTCCTT
1014468	120	o6	2.844	GTTCCT
1014480	2781	7m8	2.369	GTTCCT
1014536	29	8m	1.094	GTTCCT
1014644	400	7A1	1.442	TTCCTT
1014723	146	o6	2.544	GTTCCT
1014856	1074	o6	1.037	GTTCCT
1014859	1977	7m8	1.226	TTCCTT
1014883	1205	6m	1.186	TTCCTT
1014892	858	7A1	2.073	TTCCTT
1014961	6	6m	1.037	TTCCTT
1014982	132	6m	1.389	TTCCTT
1014987	317	o6	1.690	GTTCCT
1015041	2976	o6	2.378	GTTCCT
1015047	49	o6	2.220	GTTCCT
1015062	472	o6	1.461	GTTCCT
1015076	39	o6	2.377	GTTCCT
1015091	2011	o6	2.382	GTTCCT
1015145	1481	o6	2.704	GTTCCT
1015329	180	o6	1.766	GTTCCT
1015336	448	6m	1.359	TTCCTT
1015364	263	o6	1.814	GTTCCT
1015504	57	6m	1.606	TTCCTT
1015504	65	6m	2.025	TTCCTT
1015526	354	o6	1.498	GTTCCT
1015526	4549	6m	1.368	TTCCTT
1015572	1301	6m	1.277	TTCCTT
1015661	174	7A1	1.349	TTCCTT
1015703	130	6m	1.034	TTCCTT
1015709	33	6m	1.418	TTCCTT
1015784	524	7m8	1.162	GTTCCT
1015784	767	6m	2.498	TTCCTT
1015792	192	6m	2.612	TTCCTT
1015840	311	7m8	2.793	GTTCCT
1015924	456	7m8	2.607	GTTCCT
1015924	1376	6m	1.053	TTCCTT
1015931	909	o6	2.639	GTTCCT
1015984	127	o6	2.537	GTTCCT
1016007	588	8m	1.687	GTTCCT
1016011	2312	o6	1.031	GTTCCT
1016016	340	8m	1.783	GTTCCT
1016016	2204	6m	1.977	TTCCTT
1016020	315	o6	1.322	GTTCCT
1016029	149	7m8	1.657	GTTCCT
1016086	47	8m	2.367	TTCCTT
1016097	138	6m	2.025	TTCCTT
1016098	6661	6m	1.113	TTCCTT
1016184	397	6m	2.341	TTCCTT
1016272	403	o6	2.481	GTTCCT
1016328	270	o6	2.278	GTTCCT
1016359	3	o6	1.151	GTTCCT
1016359	77	6m	1.682	TTCCTT
1016418	1188	6m	2.220	TTCCTT
1016422	151	6m	2.135	TTCCTT
1016428	258	7m8	1.047	GTTCCT
1016449	1923	o6	2.538	GTTCCT
1016449	4575	o6	2.214	GTTCCT
1016461	275	6m	3.369	TTCCTT
1016469	143	6m	1.562	TTCCTT
1016469	261	7A1	1.044	TTCCTT
1016475	843	7m8	2.778	GTTCCT
1016512	222	7m8	2.033	GTTCCT
1016571	1265	8m	3.005	GTTCCT
1016620	2001	o6	2.220	GTTCCT
1016632	82	7A1	2.133	TTCCTT
1016707	557	o6	1.014	GTTCCT
1016712	15	o6	1.120	GTTCCT
1016806	879	7A1	2.041	TTCCTT
1016806	967	o6	2.292	GTTCCT
1016848	1885	7A1	3.591	TTCCTT
1016865	919	o6	3.034	GTTCCT
1016917	357	7A1	1.563	TTCCTT
1016958	148	o6	2.341	GTTCCT
1017012	701	6m	2.419	TTCCTT
1017168	299	o6	2.341	GTTCCT
1017183	140	6m	1.267	TTCCTT
1017254	464	6m	2.276	TTCCTT
1017257	163	7m8	2.544	GTTCCT
1017381	712	7A1	1.288	TTCCTT
1017404	594	o6	2.232	GTTCCT
1017496	709	6m	1.109	TTCCTT
1017496	1191	8m	2.807	GTTCCT
1017614	4382	6m	1.399	TTCCTT
1017623	429	o6	1.358	GTTCCT
1017629	34	o6	1.235	GTTCCT
1017733	939	o6	1.992	GTTCCT
1017787	330	6m	1.606	TTCCTT
1017830	941	o6	1.284	GTTCCT
1017927	53	6m	1.156	TTCCTT
1018062	489	6m	1.437	TTCCTT
1018062	826	6m	1.954	TTCCTT
1018189	143	6m	1.147	TTCCTT
1018189	503	8m	1.681	GTTCCT
1018243	3638	6m	1.292	TTCCTT
1018248	1375	o6	1.065	GTTCCT
1018257	829	6m	2.473	TTCCTT
1018632	329	6m	1.685	TTCCTT
1018703	52	6m	1.819	TTCCTT
1018766	2692	o6	2.433	GTTCCT
1018798	117	6m	1.949	TTCCTT
1018798	175	6m	1.084	TTCCTT
1018867	35	7m8	2.544	GTTCCT
1018873	1387	7m8	1.860	GTTCCT
1018884	1079	6m	2.073	TTCCTT
1018909	152	7m8	2.246	GTTCCT
1019022	21	o6	1.156	GTTCCT
1019198	1531	7A1	1.168	TTCCTT
1019207	132	o6	2.991	GTTCCT
1019286	168	6m	2.377	TTCCTT
1019323	77	6m	3.076	TTCCTT
1019329	278	6m	1.316	TTCCTT
1019354	1123	6m	1.073	TTCCTT
1019465	396	o6	2.008	GTTCCT
1019535	415	7m8	1.778	TTCCTT
1019590	31	7A1	2.054	TTCCTT
1019691	482	7A1	2.220	TTCCTT
1019698	1452	6m	1.973	TTCCTT
1019721	256	8m	2.544	GTTCCT
1019887	241	7m8	2.430	GTTCCT
1020059	1416	o6	3.025	GTTCCT
1020074	1111	7m8	1.938	TTCCTT
1020090	516	6m	1.824	TTCCTT
1020166	2285	o6	3.034	GTTCCT
1020188	65	6m	2.199	TTCCTT
1020241	26	6m	2.032	TTCCTT
1020261	72	7A1	1.952	TTCCTT
1020333	836	6m	1.598	TTCCTT
1020333	968	6m	1.598	TTCCTT
1020435	2428	o6	3.149	GTTCCT
1020535	484	6m	1.053	TTCCTT
1020568	143	o6	1.220	GTTCCT
1020615	589	o6	2.660	GTTCCT
1020615	2249	6m	1.468	TTCCTT
1020642	973	6m	2.811	TTCCTT
1020657	176	7A1	1.303	TTCCTT
1021008	70	7m8	3.549	GTTCCT
1021008	239	7A1	1.335	TTCCTT
1021125	395	6m	1.860	TTCCTT
1021365	1	o6	1.252	GTTCCT
1021519	392	6m	1.062	TTCCTT
1021540	624	6m	2.515	TTCCTT
1021540	2582	6m	1.201	TTCCTT
1021672	67	6m	1.084	TTCCTT
1021800	28	o6	2.660	GTTCCT
1021887	27	7m8	2.196	GTTCCT
1021918	116	6m	1.373	TTCCTT
1021962	2178	6m	1.044	TTCCTT
1022057	810	o6	1.598	GTTCCT
1022057	989	o6	1.585	GTTCCT
1022066	952	o6	2.526	GTTCCT
1022066	1289	6m	1.229	TTCCTT
1022066	1674	7A1	1.041	TTCCTT
1022094	14	7A1	1.271	TTCCTT
1022102	136	o6	2.076	GTTCCT
1022125	79	7A1	2.399	TTCCTT
1022129	225	7A1	3.058	TTCCTT
1022235	1288	6m	1.524	TTCCTT
1022235	2175	6m	1.146	TTCCTT
1022256	2304	7m8	2.469	GTTCCT
1022338	1657	6m	2.462	TTCCTT
1022568	1890	o6	2.425	GTTCCT
1022846	788	6m	1.874	TTCCTT
1022950	32	6m	1.152	TTCCTT
1023015	346	7A1	1.619	TTCCTT
1023057	108	7m8	3.608	GTTCCT
1023080	575	6m	1.690	TTCCTT
1023151	265	o6	1.811	GTTCCT
1023219	1219	6m	1.044	TTCCTT
1023289	2039	7m8	3.398	GTTCCT
1023295	66	7A1	2.544	TTCCTT
1023320	288	o6	2.660	GTTCCT
1023320	894	6m	2.502	TTCCTT
1023337	391	7A1	2.341	TTCCTT
1023391	1380	6m	1.550	TTCCTT
1023594	1082	o6	2.206	GTTCCT
1023594	1101	7m8	1.322	GTTCCT
1023673	272	6m	1.780	TTCCTT
1023673	293	6m	2.228	TTCCTT
1023681	2778	o6	1.563	GTTCCT
1023706	642	o6	1.105	GTTCCT
1023757	407	o6	1.941	GTTCCT
1023774	526	7m8	2.343	GTTCCT
1023784	8	8m	3.588	GTTCCT
1023784	4985	8m	2.592	TTCCTT
1023805	781	o6	1.285	GTTCCT
1023805	4896	6m	2.350	TTCCTT
1024028	870	o6	2.470	GTTCCT
1024037	493	7m8	2.544	GTTCCT
1024079	53	o6	1.543	GTTCCT
1024133	1622	o6	2.544	GTTCCT
1024160	202	o6	1.240	GTTCCT
1024165	38	8m	2.409	GTTCCT
1024184	390	6m	1.029	TTCCTT
1024189	657	7A1	1.425	TTCCTT
1024195	428	6m	1.996	TTCCTT
1024297	146	o6	2.520	GTTCCT
1024373	130	6m	1.915	TTCCTT
1024381	729	6m	2.402	TTCCTT
1024393	378	6m	1.508	TTCCTT
1024394	272	o6	2.544	GTTCCT
1024486	810	7A1	2.352	TTCCTT
1024532	53	o6	1.322	GTTCCT
1024537	493	6m	1.053	TTCCTT
1024634	668	7m8	2.606	GTTCCT
1024648	1718	o6	1.200	GTTCCT
1024648	7319	6m	1.322	TTCCTT
1024648	10288	o6	2.794	GTTCCT
1024648	13732	6m	1.155	TTCCTT
1024658	387	o6	2.377	GTTCCT
1024709	92	6m	1.084	TTCCTT
1024709	212	7A1	1.091	TTCCTT
1024709	382	o6	2.472	GTTCCT
1024726	111	7m8	2.741	GTTCCT
1024775	36	7m8	2.704	GTTCCT
1024856	63	7A1	1.011	TTCCTT
1024904	3742	o6	2.538	GTTCCT
1024939	1209	7m8	2.073	GTTCCT
1024945	87	o6	2.544	GTTCCT
1024956	162	6m	1.405	TTCCTT
1024956	2286	6m	1.562	TTCCTT
1024971	371	7m8	2.723	GTTCCT
1025001	192	o6	3.649	GTTCCT
1025016	21	o6	1.001	GTTCCT
1025022	73	6m	2.507	TTCCTT
1025022	1312	6m	2.249	TTCCTT
1025059	2612	7m8	2.457	GTTCCT
1025080	63	o6	2.292	GTTCCT
1025131	93	6m	1.255	TTCCTT
1025135	929	7A1	2.328	TTCCTT
1025179	260	o6	2.807	GTTCCT
1025204	608	7m8	2.791	GTTCCT
1025207	649	7A1	2.770	TTCCTT
1025216	598	o6	1.349	GTTCCT
1025229	241	o6	2.072	GTTCCT
1025262	113	7m8	2.603	GTTCCT
1025287	19	6m	1.016	TTCCTT
1025304	24	7m8	1.280	TTCCTT
1025340	1162	6m	1.084	TTCCTT
1025364	68	7A1	1.917	TTCCTT
1025374	384	6m	1.570	TTCCTT
1025391	300	o6	2.086	GTTCCT
1025392	3	6m	1.032	TTCCTT
1025409	63	7m8	1.306	GTTCCT
1025431	906	6m	1.016	TTCCTT
1025521	509	6m	1.597	TTCCTT
1025548	1067	o6	1.752	GTTCCT
1025565	739	7m8	1.633	GTTCCT
1025591	57	7A1	1.247	TTCCTT
1025630	383	6m	1.695	TTCCTT
1025690	590	8m	2.764	GTTCCT
1025724	798	6m	1.805	TTCCTT
1025872	763	6m	1.405	TTCCTT
1025883	373	7m8	1.322	GTTCCT
1025934	1148	o6	1.039	GTTCCT
1026041	211	6m	1.153	TTCCTT
1026212	275	6m	2.921	TTCCTT
1026215	269	o6	2.643	GTTCCT
1026244	326	o6	2.025	GTTCCT
1026290	78	6m	1.871	TTCCTT
1026375	236	6m	1.073	TTCCTT
1026414	16	o6	1.903	GTTCCT
1026414	257	o6	1.212	GTTCCT
1026545	955	6m	2.449	TTCCTT
1026555	200	7m8	1.255	GTTCCT
1026558	670	7A1	2.321	TTCCTT
1026558	678	8m	2.321	GTTCCT
1026622	200	6m	1.243	TTCCTT
1026688	817	6m	1.953	TTCCTT
1026688	1873	o6	1.222	GTTCCT
1026698	88	6m	2.939	TTCCTT
1026708	951	8m	1.328	TTCCTT
1026711	3811	o6	1.711	GTTCCT
1026798	1437	o6	2.017	GTTCCT
1026831	98	7m8	2.268	GTTCCT
1027036	462	6m	1.169	TTCCTT
1027145	62	o6	1.920	GTTCCT
1027153	96	6m	2.493	TTCCTT
1027153	114	7m8	2.493	GTTCCT
1027153	576	6m	1.649	TTCCTT
1027163	26	6m	1.160	TTCCTT
1027214	344	7m8	1.973	GTTCCT
1027226	266	o6	1.690	GTTCCT
1027390	34	o6	2.882	GTTCCT
1027417	816	o6	2.704	GTTCCT
1027423	505	7A1	1.517	TTCCTT
1027817	18	6m	2.270	TTCCTT
1027854	205	7A1	2.301	TTCCTT
1028001	379	o6	1.645	GTTCCT
1028023	631	7m8	2.344	GTTCCT
1028073	154	7m8	1.654	GTTCCT
1028103	37	7A1	1.293	TTCCTT
1028146	207	6m	1.310	TTCCTT
1028230	971	6m	1.414	TTCCTT
1028245	46	6m	1.102	TTCCTT
1028262	77	7m8	1.015	GTTCCT
1028401	176	6m	1.558	TTCCTT
1028404	442	6m	1.312	TTCCTT
1028434	667	6m	1.682	TTCCTT
1028527	1352	6m	1.320	TTCCTT
1028702	160	o6	3.006	GTTCCT
1028751	385	6m	1.982	TTCCTT
1028794	315	7m8	2.377	GTTCCT
1028794	401	o6	1.970	GTTCCT
1028800	106	6m	3.020	TTCCTT
1028869	38	7m8	1.960	GTTCCT
1028931	384	7A1	2.091	TTCCTT
1029028	153	o6	1.606	GTTCCT
1029051	150	6m	1.485	TTCCTT
1029060	280	6m	1.254	TTCCTT
1029073	272	6m	1.999	TTCCTT
1029164	38	7m8	1.711	GTTCCT
1029298	468	o6	1.529	GTTCCT
1029480	172	o6	2.521	GTTCCT
1029532	61	o6	2.648	GTTCCT
1029532	623	6m	2.275	TTCCTT
1029558	437	6m	1.316	TTCCTT
1029564	42	8m	3.034	GTTCCT
1029564	452	6m	2.415	TTCCTT
1029575	264	7A1	2.847	TTCCTT
1029697	703	7m8	2.922	GTTCCT
1029737	119	7A1	1.255	TTCCTT
1029749	912	o6	2.818	GTTCCT
1029835	393	6m	1.629	TTCCTT
1029944	334	6m	2.476	TTCCTT
1030332	108	o6	1.248	GTTCCT
1030335	857	6m	1.031	TTCCTT
1030373	441	o6	2.056	GTTCCT
1030374	51	6m	2.260	TTCCTT
1030432	87	7A1	2.807	TTCCTT
1030451	1678	6m	2.533	TTCCTT
1030477	188	6m	1.449	TTCCTT
1030565	170	o6	2.393	GTTCCT
1030566	754	o6	2.069	GTTCCT
1030580	164	7A1	1.610	TTCCTT
1030912	355	6m	2.022	TTCCTT
1031106	402	o6	1.184	GTTCCT
1031156	793	7m8	2.533	GTTCCT
1031304	66	6m	1.098	TTCCTT
1031307	40	6m	1.485	TTCCTT
1031321	315	6m	2.073	TTCCTT
1031375	1442	6m	1.606	TTCCTT
1031375	1656	7A1	2.922	TTCCTT
1031390	7226	7m8	1.512	GTTCCT
1031404	190	6m	1.234	TTCCTT
1031495	472	o6	1.284	GTTCCT
1031498	903	7m8	1.331	GTTCCT
1031530	340	6m	1.007	TTCCTT
1031535	155	7A1	1.997	TTCCTT
1031667	560	6m	1.100	TTCCTT
1031698	1131	o6	1.609	GTTCCT
1031749	412	6m	1.671	TTCCTT
1031818	398	o6	2.184	GTTCCT
1031821	294	7m8	2.425	GTTCCT
1032031	1823	6m	1.851	TTCCTT
1032040	360	7A1	1.488	TTCCTT
1032058	30	7m8	2.860	GTTCCT
1032369	2812	o6	2.219	GTTCCT
1032456	221	7A1	2.215	TTCCTT
1032471	614	7m8	2.475	GTTCCT
1032508	1382	6m	1.057	TTCCTT
1032617	1153	7m8	3.175	GTTCCT
1032622	1157	o6	2.807	GTTCCT
1032793	363	7A1	2.364	TTCCTT
1032832	227	6m	2.876	TTCCTT
1032918	994	6m	1.851	TTCCTT
1032921	235	6m	1.311	TTCCTT
1032929	479	o6	1.781	GTTCCT
1032929	1274	o6	1.590	GTTCCT
1032929	1802	o6	1.427	GTTCCT
1032929	2324	7m8	1.892	GTTCCT
1032965	375	8m	1.660	GTTCCT
1033028	874	6m	1.320	TTCCTT
1033138	505	6m	1.158	TTCCTT
1033141	2000	7A1	1.948	TTCCTT
1033151	387	6m	1.612	TTCCTT
1033160	1362	7m8	2.657	GTTCCT
1033187	343	o6	2.923	GTTCCT
1033328	2634	7A1	2.503	TTCCTT
1033378	502	7m8	2.544	GTTCCT
1033390	75	7A1	1.485	TTCCTT
1033409	1594	7A1	2.981	TTCCTT
1033565	1839	o6	3.534	GTTCCT
1033637	24	6m	1.299	TTCCTT
1033679	12	o6	1.073	GTTCCT
1033685	432	6m	2.695	TTCCTT
1033751	196	o6	1.578	GTTCCT
1033839	189	6m	1.314	TTCCTT
1033868	49	8m	1.050	TTCCTT
1033956	1888	o6	2.079	GTTCCT
1033957	88	7A1	1.298	TTCCTT
1033960	338	7m8	1.284	GTTCCT
1033987	355	6m	2.423	TTCCTT
1033995	148	o6	2.178	GTTCCT
1033995	267	o6	2.178	GTTCCT
1033995	451	o6	2.372	GTTCCT
1033995	1264	o6	1.704	GTTCCT
1034040	255	o6	2.321	GTTCCT
1034311	39	7A1	1.065	TTCCTT
1034311	390	o6	3.574	GTTCCT
1034328	232	6m	2.526	TTCCTT
1034337	694	6m	2.008	TTCCTT
1034361	18	7A1	4.070	TTCCTT
1034413	402	o6	2.006	GTTCCT
1034469	1974	6m	1.781	TTCCTT
1034472	94	6m	1.147	TTCCTT
1034508	201	6m	1.467	TTCCTT
1034556	704	o6	3.155	GTTCCT
1034557	220	6m	1.289	TTCCTT
1034569	7558	7m8	1.933	GTTCCT
1034586	794	o6	1.334	GTTCCT
1034635	189	7A1	1.687	TTCCTT
1034671	36	6m	1.004	TTCCTT
1034739	524	6m	3.083	TTCCTT
1034789	265	o6	1.405	GTTCCT
1034843	32	o6	2.654	GTTCCT
1034909	901	8m	3.043	GTTCCT
1034917	642	o6	1.310	GTTCCT
1034983	392	7A1	2.007	TTCCTT
1035001	191	7m8	2.316	GTTCCT
1035001	484	6m	2.166	TTCCTT
1035001	1114	o6	1.906	GTTCCT
1035004	159	7A1	2.797	TTCCTT
1035043	761	6m	2.106	TTCCTT
1035043	781	6m	1.304	TTCCTT
1035195	84	o6	1.327	GTTCCT
1035213	1753	7A1	1.259	TTCCTT
1035251	59	o6	1.937	GTTCCT
1035276	609	7m8	2.932	TTCCTT
1035288	1082	7m8	1.690	GTTCCT
1035381	88	6m	2.164	TTCCTT
1035407	60	7m8	1.100	TTCCTT
1035417	143	6m	1.635	TTCCTT
1035513	781	o6	1.434	GTTCCT
1035566	111	7A1	1.349	TTCCTT
1035569	1472	7A1	2.635	TTCCTT
1035569	2046	6m	1.399	TTCCTT
1035569	2706	6m	1.362	TTCCTT
1035569	5658	o6	2.469	GTTCCT
1035569	7162	o6	2.053	GTTCCT
1035569	10651	o6	1.598	GTTCCT
1035687	57	o6	2.943	GTTCCT
1035687	875	6m	1.470	TTCCTT
1035704	195	6m	1.138	TTCCTT
1035904	99	6m	2.017	TTCCTT
1036001	1794	7m8	1.707	TTCCTT
1036002	101	6m	1.468	TTCCTT
1036005	116	8m	1.707	GTTCCT
1036080	760	6m	1.359	TTCCTT
1036127	3014	o6	2.895	GTTCCT
1036127	3203	o6	2.369	GTTCCT
1036127	3458	6m	1.145	TTCCTT
1036127	6854	o6	2.871	GTTCCT
1036127	7685	7m8	1.808	GTTCCT
1036127	8909	o6	3.390	GTTCCT
1036127	9200	o6	4.513	GTTCCT
1036127	10088	o6	1.243	GTTCCT
1036166	32	6m	1.920	TTCCTT
1036227	73	8m	1.261	TTCCTT
1036299	63	7m8	1.045	GTTCCT
1036299	377	o6	1.097	GTTCCT
1036299	1523	o6	1.094	GTTCCT
1036328	560	o6	1.339	GTTCCT
1036343	1104	o6	1.073	GTTCCT
1036404	606	6m	1.815	TTCCTT
1036404	629	6m	1.801	TTCCTT
1036419	258	o6	1.560	GTTCCT
1036432	1515	7A1	2.717	TTCCTT
1036462	1012	6m	3.166	TTCCTT
1036515	66	7m8	4.317	GTTCCT
1036637	303	o6	3.153	GTTCCT
1036656	282	o6	2.584	GTTCCT
1036668	85	o6	3.413	GTTCCT
1036676	51	7A1	2.073	TTCCTT
1036787	1400	6m	1.690	TTCCTT
1036788	2066	6m	1.703	TTCCTT
1036788	2119	6m	1.212	TTCCTT
1036788	3019	6m	1.328	TTCCTT
1036853	440	7A1	1.078	TTCCTT
1036865	146	6m	1.320	TTCCTT
1036866	121	o6	3.332	GTTCCT
1036884	7	o6	3.039	GTTCCT
1036967	263	7A1	2.632	TTCCTT
1036995	157	7A1	1.515	TTCCTT
1037066	500	7A1	2.881	TTCCTT
1037067	41	o6	3.158	GTTCCT
1037101	302	6m	1.086	TTCCTT
1037207	35	6m	2.563	TTCCTT
1037333	725	6m	2.453	TTCCTT
1037437	30	6m	1.000	TTCCTT
1037485	569	6m	1.112	TTCCTT
1037503	324	6m	2.244	TTCCTT
1037516	856	7A1	1.492	TTCCTT
1037537	346	o6	1.668	GTTCCT
1037621	454	6m	1.317	TTCCTT
1037709	501	7A1	2.708	TTCCTT
1037709	593	6m	1.507	TTCCTT
1037756	2	8m	1.074	TTCCTT
1037845	540	6m	1.890	TTCCTT
1037865	56	6m	1.052	TTCCTT
1037982	237	o6	1.295	GTTCCT
1038066	2326	6m	2.574	TTCCTT
1038067	14	o6	2.776	GTTCCT
1038127	44	o6	1.121	GTTCCT
1038160	221	7A1	1.210	TTCCTT
1038192	479	6m	2.654	TTCCTT
1038317	661	6m	3.019	TTCCTT
1038446	71	o6	1.708	GTTCCT
1038465	248	6m	1.621	TTCCTT
1038511	406	o6	2.497	GTTCCT
1038515	60	o6	2.479	GTTCCT
1038568	319	6m	1.540	TTCCTT
1038616	409	6m	2.317	TTCCTT
1038622	1337	6m	1.399	TTCCTT
1038640	1682	6m	1.073	TTCCTT
1038670	695	o6	1.560	GTTCCT
1038704	197	8m	1.648	GTTCCT
1038748	42	o6	1.220	GTTCCT
1038891	303	6m	1.712	TTCCTT
1038897	1627	8m	1.867	GTTCCT
1038900	2649	8m	1.867	GTTCCT
1039061	3209	o6	2.014	GTTCCT
1039091	142	o6	1.593	GTTCCT
1039118	1177	7A1	1.161	TTCCTT
1039212	367	6m	1.169	TTCCTT
1039285	285	o6	2.854	GTTCCT
1039285	2493	o6	2.278	GTTCCT
1039422	4012	7A1	1.116	TTCCTT
1039503	942	o6	2.512	GTTCCT
1039563	1487	o6	1.606	GTTCCT
1039563	1918	7A1	2.003	TTCCTT
1039606	839	o6	2.627	GTTCCT
1039636	1395	7m8	1.079	GTTCCT
1039651	338	7m8	2.707	GTTCCT
1039718	381	8m	2.286	GTTCCT
1039794	708	6m	1.815	TTCCTT
1039805	1251	o6	3.649	GTTCCT
1039832	59	o6	1.264	GTTCCT
1039853	2572	7m8	1.965	GTTCCT
1039919	2049	6m	1.931	TTCCTT
1039925	408	6m	1.645	TTCCTT
1039971	523	6m	1.486	TTCCTT
1040016	1710	o6	1.065	GTTCCT
1040016	2156	o6	1.065	GTTCCT
1040016	2249	6m	1.216	TTCCTT
1040019	179	o6	1.548	GTTCCT
1040019	625	o6	1.548	GTTCCT
1040019	718	6m	1.680	TTCCTT
1040049	2417	7A1	1.048	TTCCTT
1040058	6788	7A1	1.238	TTCCTT
1040115	364	7A1	2.776	TTCCTT
1040162	1064	o6	2.073	GTTCCT
1040190	460	6m	1.095	TTCCTT
1040190	586	7A1	1.407	TTCCTT
1040190	1566	o6	1.940	GTTCCT
1040190	2452	7A1	1.635	TTCCTT
1040210	1267	o6	2.850	GTTCCT
1040214	1064	o6	1.240	GTTCCT
1040214	1314	o6	2.056	GTTCCT
1040228	511	7A1	2.541	TTCCTT
1040331	58	7m8	3.762	GTTCCT
1040331	778	o6	1.351	GTTCCT
1040367	1378	7A1	2.012	TTCCTT
1040411	196	o6	2.576	GTTCCT
1040479	2518	7m8	1.468	GTTCCT
1040575	259	6m	1.085	TTCCTT
1040589	1750	6m	1.356	TTCCTT
1040590	6329	7A1	2.369	TTCCTT
1040590	7697	7A1	2.345	TTCCTT
1040646	507	o6	1.560	GTTCCT
1040646	2487	o6	2.223	GTTCCT
