1000021	1126	6m	1.120	AGCAAT
1000041	469	o6	1.627	AAGCAA
1000054	210	6m	1.053	AGCAAT
1000062	693	o6	1.322	AAGCAA
1000066	1410	o6	1.328	AAGCAA
1000066	2879	o6	1.524	AAGCAA
1000069	1704	o6	1.613	AAGCAA
1000069	2054	7A1	2.449	AGCAAT
1000081	584	o6	2.042	AAGCAA
1000081	621	7A1	2.075	AGCAAT
1000122	1289	o6	1.725	AAGCAA
1000122	1303	o6	1.860	AAGCAA
1000126	911	o6	1.251	AAGCAA
1000134	1257	o6	1.248	AAGCAA
1000146	1090	8m	1.467	AAGCAA
1000146	1330	7m8	1.818	AAGCAA
1000155	943	7A1	1.640	AGCAAT
1000186	112	7m8	1.197	AAGCAA
1000195	568	8m	2.682	AAGCAA
1000234	677	7A1	1.045	AGCAAT
1000248	785	o6	1.954	AAGCAA
1000281	718	7A1	2.884	AGCAAT
1000324	420	7m8	1.548	AAGCAA
1000327	144	o6	1.085	AAGCAA
1000327	393	6m	2.363	AGCAAT
1000327	892	o6	1.285	AAGCAA
1000332	120	o6	2.464	AAGCAA
1000373	69	8m	3.291	AAGCAA
1000373	482	8m	1.652	AGCAAT
1000373	1797	o6	1.805	AAGCAA
1000373	1996	o6	3.077	AAGCAA
1000385	976	o6	1.282	AAGCAA
1000385	1183	7A1	1.539	AGCAAT
1000386	1175	o6	1.523	AAGCAA
1000391	578	6m	1.446	AGCAAT
1000391	969	7A1	2.217	AGCAAT
1000442	477	o6	1.670	AAGCAA
1000442	1427	o6	1.391	AAGCAA
1000443	917	o6	2.390	AAGCAA
1000443	2465	o6	1.805	AAGCAA
1000443	3550	o6	1.025	AAGCAA
1000466	74	o6	1.314	AAGCAA
1000472	567	o6	1.777	AAGCAA
1000472	1322	o6	1.264	AAGCAA
1000478	1449	8m	1.606	AAGCAA
1000478	1900	o6	3.034	AAGCAA
1000493	692	o6	2.014	AAGCAA
1000493	2340	o6	1.119	AAGCAA
1000493	4725	o6	1.211	AAGCAA
1000511	670	o6	1.880	AAGCAA
1000530	725	7m8	1.687	AAGCAA
1000536	243	7A1	3.028	AGCAAT
1000562	87	7m8	2.206	AAGCAA
1000580	966	o6	1.053	AAGCAA
1000590	852	o6	2.110	AAGCAA
1000590	1166	8m	1.979	AAGCAA
1000605	152	o6	1.617	AAGCAA
1000610	314	6m	2.045	AGCAAT
1000631	12	6m	1.821	AGCAAT
1000649	222	6m	1.073	AGCAAT
1000649	537	o6	1.427	AAGCAA
1000665	584	8m	1.359	AGCAAT
1000665	890	8m	1.311	AGCAAT
1000676	530	o6	1.178	AAGCAA
1000706	1251	o6	1.040	AAGCAA
1000730	116	o6	2.178	AAGCAA
1000730	629	7m8	2.378	AGCAAT
1000740	192	8m	1.147	AGCAAT
1000779	2037	7A1	2.667	AGCAAT
1000779	3156	o6	2.508	AAGCAA
1000802	248	7m8	1.284	AGCAAT
1000824	261	o6	1.827	AAGCAA
1000824	1962	o6	2.415	AAGCAA
1000829	187	o6	2.249	AAGCAA
1000829	1637	7A1	2.582	AGCAAT
1000829	1674	7m8	3.034	AGCAAT
1000829	2199	o6	1.854	AAGCAA
1000845	3242	o6	1.411	AAGCAA
1000863	155	6m	1.089	AGCAAT
1000875	839	o6	1.367	AAGCAA
1000875	937	7A1	1.853	AGCAAT
1000928	162	o6	1.322	AAGCAA
1000928	180	o6	2.773	AAGCAA
1000928	361	o6	1.643	AAGCAA
1000929	546	o6	1.349	AAGCAA
1000947	169	6m	1.478	AGCAAT
1000956	272	7m8	1.070	AAGCAA
1000968	1675	o6	2.403	AAGCAA
1000968	2558	o6	1.495	AAGCAA
1000991	193	6m	1.999	AGCAAT
1001012	1301	o6	1.325	AAGCAA
1001015	786	7m8	2.855	AGCAAT
1001015	1103	7m8	1.826	AAGCAA
1001030	930	o6	1.362	AAGCAA
1001030	1439	o6	1.078	AAGCAA
1001049	467	o6	2.377	AAGCAA
1001061	736	7A1	1.019	AGCAAT
1001069	1613	7A1	3.823	AGCAAT
1001075	1050	7m8	2.922	AAGCAA
1001075	2033	8m	3.034	AAGCAA
1001075	2842	8m	2.138	AGCAAT
1001090	188	o6	1.882	AAGCAA
1001090	282	7m8	1.322	AAGCAA
1001090	342	o6	1.464	AAGCAA
1001099	265	8m	2.702	AGCAAT
1001108	74	o6	1.053	AAGCAA
1001244	237	6m	1.690	AGCAAT
1001249	539	o6	1.057	AAGCAA
1001249	559	7m8	1.209	AAGCAA
1001250	50	o6	1.525	AAGCAA
1001285	50	o6	2.726	AAGCAA
1001294	166	6m	1.208	AGCAAT
1001366	62	o6	1.379	AAGCAA
1001366	142	o6	1.088	AAGCAA
1001366	223	o6	1.197	AAGCAA
1001372	921	o6	1.211	AAGCAA
1001385	35	8m	2.212	AAGCAA
1001440	1266	o6	1.145	AAGCAA
1001440	1757	o6	2.073	AAGCAA
1001472	19	7m8	1.450	AAGCAA
1001482	274	6m	2.246	AGCAAT
1001482	664	7m8	1.221	AGCAAT
1001487	353	o6	1.311	AAGCAA
1001514	1292	o6	1.010	AAGCAA
1001533	169	o6	2.006	AAGCAA
1001533	957	o6	1.499	AAGCAA
1001533	1837	8m	2.390	AAGCAA
1001533	2989	6m	1.563	AGCAAT
1001533	3319	o6	2.144	AAGCAA
1001574	370	o6	1.212	AAGCAA
1001577	410	7A1	2.073	AGCAAT
1001578	719	6m	2.064	AGCAAT
1001601	1297	7A1	2.889	AGCAAT
1001601	3128	6m	1.523	AGCAAT
1001601	3193	7m8	2.344	AAGCAA
1001613	113	7m8	1.157	AGCAAT
1001620	240	o6	1.647	AAGCAA
1001620	901	6m	2.095	AGCAAT
1001620	923	o6	1.324	AAGCAA
1001620	1113	7m8	1.045	AAGCAA
1001629	44	8m	2.076	AAGCAA
1001629	353	o6	1.504	AAGCAA
1001729	41	o6	2.854	AAGCAA
1001738	1026	8m	1.883	AAGCAA
1001745	322	o6	2.102	AAGCAA
1001757	371	6m	1.135	AGCAAT
1001862	819	6m	1.078	AGCAAT
1001888	464	o6	2.095	AAGCAA
1001891	292	o6	1.175	AAGCAA
1001891	852	7A1	1.183	AGCAAT
1001897	87	7m8	4.549	AAGCAA
1001897	162	7m8	4.564	AAGCAA
1001897	891	7A1	3.414	AGCAAT
1001933	93	o6	1.114	AAGCAA
1001937	1789	o6	1.614	AAGCAA
1001937	1905	o6	2.854	AAGCAA
1001937	2083	o6	1.329	AAGCAA
1001937	2183	o6	1.307	AAGCAA
1001937	3352	o6	1.017	AAGCAA
1001937	3543	o6	2.219	AAGCAA
1001937	5557	o6	1.963	AAGCAA
1001978	94	7A1	1.633	AGCAAT
1002017	368	o6	3.034	AAGCAA
1002080	942	o6	1.433	AAGCAA
1002081	529	8m	2.277	AAGCAA
1002098	202	8m	2.648	AGCAAT
1002098	529	6m	2.098	AGCAAT
1002098	639	8m	2.477	AAGCAA
1002098	652	o6	1.939	AAGCAA
1002098	695	o6	1.321	AAGCAA
1002176	631	7m8	2.350	AAGCAA
1002236	67	o6	1.285	AAGCAA
1002236	576	o6	1.202	AAGCAA
1002240	504	7m8	1.276	AGCAAT
1002293	556	7m8	2.552	AAGCAA
1002298	768	o6	1.779	AAGCAA
1002433	94	8m	3.332	AAGCAA
1002527	1938	7m8	1.322	AAGCAA
1002584	113	o6	1.298	AAGCAA
1002595	1349	o6	1.725	AAGCAA
1002613	96	6m	1.080	AGCAAT
1002695	944	o6	1.909	AAGCAA
1002734	1296	o6	1.513	AAGCAA
1002734	1301	o6	1.513	AAGCAA
1002734	1306	o6	1.180	AAGCAA
1002734	1451	o6	1.642	AAGCAA
1002767	57	8m	2.600	AAGCAA
1002767	337	7m8	2.501	AGCAAT
1002772	241	7m8	1.507	AAGCAA
1002826	1359	o6	2.230	AAGCAA
1002872	1026	o6	1.160	AAGCAA
1002884	169	6m	1.481	AGCAAT
1002898	445	o6	1.491	AAGCAA
1002901	492	8m	3.418	AAGCAA
1002969	637	o6	1.298	AAGCAA
1003018	83	7A1	2.279	AGCAAT
1003018	331	o6	1.435	AAGCAA
1003023	395	7m8	1.144	AGCAAT
1003108	534	o6	1.617	AAGCAA
1003108	574	7m8	1.635	AAGCAA
1003140	270	o6	1.573	AAGCAA
1003143	137	7m8	1.405	AGCAAT
1003146	84	o6	1.139	AAGCAA
1003154	192	6m	1.679	AGCAAT
1003155	328	7m8	2.125	AAGCAA
1003215	257	6m	1.012	AGCAAT
1003263	312	o6	2.670	AAGCAA
1003297	638	6m	1.011	AGCAAT
1003298	535	o6	2.520	AAGCAA
1003346	131	o6	2.767	AAGCAA
1003360	33	8m	1.285	AAGCAA
1003379	992	o6	1.147	AAGCAA
1003387	609	o6	1.135	AAGCAA
1003387	712	7m8	2.490	AAGCAA
1003417	423	o6	1.004	AAGCAA
1003501	425	o6	1.236	AAGCAA
1003570	281	7m8	1.026	AAGCAA
1003570	888	o6	2.446	AAGCAA
1003589	676	o6	1.759	AAGCAA
1003603	393	o6	2.099	AAGCAA
1003631	115	o6	2.157	AAGCAA
1003631	298	o6	3.055	AAGCAA
1003631	1358	7A1	1.043	AGCAAT
1003631	1771	o6	1.563	AAGCAA
1003631	2614	o6	2.617	AAGCAA
1003640	148	8m	2.517	AAGCAA
1003671	30	7m8	2.054	AAGCAA
1003675	168	o6	1.291	AAGCAA
1003695	444	o6	1.155	AAGCAA
1003695	1059	7m8	1.030	AAGCAA
1003776	558	8m	1.731	AAGCAA
1003821	146	8m	2.604	AAGCAA
1003828	27	7A1	1.053	AGCAAT
1003851	183	o6	1.952	AAGCAA
1003851	273	7A1	2.031	AGCAAT
1003930	989	6m	1.945	AGCAAT
1003975	964	o6	1.606	AAGCAA
1004050	300	7A1	1.073	AGCAAT
1004050	306	7A1	1.073	AGCAAT
1004064	341	o6	2.125	AAGCAA
1004077	1016	o6	1.535	AAGCAA
1004130	169	7m8	1.903	AAGCAA
1004230	310	6m	1.153	AGCAAT
1004269	22	o6	1.549	AAGCAA
1004341	207	8m	1.588	AAGCAA
1004341	593	8m	1.563	AAGCAA
1004341	1030	o6	1.016	AAGCAA
1004377	66	7m8	1.373	AAGCAA
1004406	179	o6	1.228	AAGCAA
1004419	121	8m	1.814	AAGCAA
1004437	1380	o6	1.664	AAGCAA
1004437	1579	o6	2.969	AAGCAA
1004446	854	o6	2.467	AAGCAA
1004446	874	o6	1.368	AAGCAA
1004446	879	o6	1.260	AAGCAA
1004446	884	o6	1.624	AAGCAA
1004446	890	o6	1.260	AAGCAA
1004446	901	o6	1.051	AAGCAA
1004463	49	o6	2.502	AAGCAA
1004463	1799	7m8	2.008	AAGCAA
1004463	3936	7m8	2.648	AGCAAT
1004539	184	o6	1.456	AAGCAA
1004564	39	7m8	3.034	AGCAAT
1004564	54	7A1	1.936	AGCAAT
1004577	302	7m8	2.882	AAGCAA
1004577	349	o6	1.428	AAGCAA
1004591	847	7m8	2.889	AAGCAA
1004618	47	o6	1.956	AAGCAA
1004618	96	o6	2.694	AAGCAA
1004693	259	o6	2.507	AAGCAA
1004693	491	o6	1.626	AAGCAA
1004724	722	8m	2.544	AAGCAA
1004750	368	7A1	1.690	AGCAAT
1004750	786	6m	1.690	AGCAAT
1004750	1165	o6	1.006	AAGCAA
1004843	167	o6	1.305	AAGCAA
1004912	70	o6	1.299	AAGCAA
1004958	94	o6	2.662	AAGCAA
1004987	407	7m8	4.317	AAGCAA
1005003	249	6m	1.525	AGCAAT
1005023	511	o6	1.020	AAGCAA
1005049	1873	o6	1.501	AAGCAA
1005091	355	7m8	1.658	AAGCAA
1005103	388	o6	1.265	AAGCAA
1005120	311	o6	1.495	AAGCAA
1005150	317	o6	1.235	AAGCAA
1005150	333	o6	1.466	AAGCAA
1005150	353	o6	1.209	AAGCAA
1005253	442	o6	1.158	AAGCAA
1005335	1496	7m8	3.141	AAGCAA
1005343	606	o6	3.252	AAGCAA
1005349	207	o6	1.048	AAGCAA
1005349	999	o6	1.801	AAGCAA
1005349	1013	o6	1.249	AAGCAA
1005349	3006	7A1	1.236	AGCAAT
1005352	448	o6	2.699	AAGCAA
1005352	1017	7m8	1.147	AAGCAA
1005358	759	7m8	1.321	AAGCAA
1005358	1792	7A1	2.321	AGCAAT
1005358	1799	o6	1.248	AAGCAA
1005358	2138	o6	2.321	AAGCAA
1005379	123	o6	2.409	AAGCAA
1005443	85	6m	2.508	AGCAAT
1005449	733	7m8	1.770	AAGCAA
1005449	773	7A1	2.808	AGCAAT
1005470	437	7m8	1.649	AAGCAA
1005470	889	o6	1.591	AAGCAA
1005470	1608	o6	1.144	AAGCAA
1005474	1231	o6	1.284	AAGCAA
1005538	47	7m8	3.479	AAGCAA
1005557	1653	o6	1.084	AAGCAA
1005565	236	7A1	2.220	AGCAAT
1005565	374	o6	2.063	AAGCAA
1005565	706	6m	2.194	AGCAAT
1005565	914	7A1	1.322	AGCAAT
1005565	942	o6	1.322	AAGCAA
1005568	818	7A1	2.523	AGCAAT
1005581	62	8m	2.871	AAGCAA
1005626	421	6m	2.272	AGCAAT
1005646	476	o6	3.814	AAGCAA
1005646	2173	7m8	2.073	AAGCAA
1005646	2359	7A1	2.533	AGCAAT
1005646	3517	7A1	2.073	AGCAAT
1005697	25	8m	1.526	AAGCAA
1005709	451	6m	1.067	AGCAAT
1005733	596	7A1	1.447	AGCAAT
1005898	605	7m8	2.076	AAGCAA
1005951	304	8m	1.220	AGCAAT
1006012	429	o6	1.564	AAGCAA
1006066	320	6m	2.298	AGCAAT
1006098	205	8m	1.533	AAGCAA
1006107	258	o6	1.553	AAGCAA
1006137	1246	o6	1.043	AAGCAA
1006158	711	o6	1.262	AAGCAA
1006548	190	6m	1.312	AGCAAT
1006548	463	o6	1.767	AAGCAA
1006548	829	7A1	1.563	AGCAAT
1006548	895	6m	1.194	AGCAAT
1006548	1146	7A1	1.279	AGCAAT
1006554	212	6m	1.800	AGCAAT
1006587	1006	o6	2.092	AAGCAA
1006699	344	o6	1.691	AAGCAA
1006699	359	6m	1.357	AGCAAT
1006699	1294	o6	2.321	AAGCAA
1006707	542	8m	2.807	AAGCAA
1006719	560	o6	1.101	AAGCAA
1006719	1540	o6	1.067	AAGCAA
1006726	356	7A1	1.084	AGCAAT
1006726	1189	6m	1.452	AGCAAT
1006726	1520	6m	1.311	AGCAAT
1006726	1789	o6	1.555	AAGCAA
1006735	2197	6m	1.067	AGCAAT
1006735	2506	o6	1.102	AAGCAA
1006735	2739	o6	1.014	AAGCAA
1006766	45	6m	1.451	AGCAAT
1006814	1511	o6	1.307	AAGCAA
1006838	807	7A1	1.053	AGCAAT
1006845	485	7m8	2.015	AAGCAA
1006872	442	o6	1.290	AAGCAA
1006872	955	7A1	1.073	AGCAAT
1006940	897	7A1	1.321	AGCAAT
1006940	2421	6m	1.262	AGCAAT
1006940	2648	o6	1.513	AAGCAA
1006940	3130	o6	1.606	AAGCAA
1007004	502	o6	1.322	AAGCAA
1007017	1820	7m8	2.592	AAGCAA
1007031	152	6m	2.357	AGCAAT
1007031	1800	o6	1.441	AAGCAA
1007031	1900	7A1	1.958	AGCAAT
1007050	464	o6	1.668	AAGCAA
1007053	568	6m	1.087	AGCAAT
1007122	486	o6	1.827	AAGCAA
1007143	52	6m	1.770	AGCAAT
1007148	252	6m	1.563	AGCAAT
1007148	1261	6m	1.983	AGCAAT
1007148	1405	8m	1.190	AAGCAA
1007203	309	7m8	3.322	AAGCAA
1007206	388	6m	3.865	AGCAAT
1007207	684	o6	1.295	AAGCAA
1007212	344	6m	1.590	AGCAAT
1007219	130	7m8	2.183	AAGCAA
1007231	736	o6	1.228	AAGCAA
1007242	411	6m	1.163	AGCAAT
1007242	3952	6m	1.870	AGCAAT
1007242	5478	o6	2.778	AAGCAA
1007242	5610	o6	1.131	AAGCAA
1007251	1136	o6	1.869	AAGCAA
1007283	160	o6	1.140	AAGCAA
1007314	1022	o6	1.964	AAGCAA
1007314	1104	o6	1.157	AAGCAA
1007340	438	o6	2.544	AAGCAA
1007364	983	o6	1.498	AAGCAA
1007364	1441	o6	2.489	AAGCAA
1007475	222	6m	1.761	AGCAAT
1007484	882	o6	3.082	AAGCAA
1007494	517	o6	2.031	AAGCAA
1007517	133	o6	1.448	AAGCAA
1007521	407	o6	1.652	AAGCAA
1007521	1355	7m8	2.542	AAGCAA
1007521	3846	o6	1.236	AAGCAA
1007530	557	6m	2.143	AGCAAT
1007547	1428	6m	1.274	AGCAAT
1007547	1502	o6	1.082	AAGCAA
1007547	2758	o6	1.732	AAGCAA
1007547	3043	o6	1.842	AAGCAA
1007584	1060	o6	1.111	AAGCAA
1007584	1590	8m	2.544	AAGCAA
1007624	1902	7m8	2.212	AAGCAA
1007629	394	6m	1.521	AGCAAT
1007637	1027	o6	1.020	AAGCAA
1007638	1039	o6	1.049	AAGCAA
1007647	216	o6	3.034	AAGCAA
1007647	502	6m	1.082	AGCAAT
1007647	1298	6m	3.034	AGCAAT
1007691	47	7m8	2.505	AGCAAT
1007698	590	o6	1.497	AAGCAA
1007698	2425	o6	1.725	AAGCAA
1007707	314	7m8	1.118	AAGCAA
1007731	3579	o6	1.607	AAGCAA
1007737	361	6m	1.236	AGCAAT
1007737	762	o6	2.250	AAGCAA
1007740	3442	o6	1.058	AAGCAA
1007743	634	6m	1.296	AGCAAT
1007746	476	6m	1.296	AGCAAT
1007750	1346	o6	1.235	AAGCAA
1007789	166	8m	2.807	AAGCAA
1007806	122	8m	2.377	AAGCAA
1007812	949	6m	2.111	AGCAAT
1007812	1972	6m	3.024	AGCAAT
1007812	2234	8m	1.968	AAGCAA
1007812	2785	6m	2.319	AGCAAT
1007812	7501	o6	1.725	AAGCAA
1007812	7515	o6	1.860	AAGCAA
1007815	130	7A1	2.145	AGCAAT
1007840	1122	8m	2.103	AGCAAT
1007840	1476	o6	1.260	AAGCAA
1007843	176	o6	1.235	AAGCAA
1007861	508	8m	1.792	AAGCAA
1007875	161	o6	2.787	AAGCAA
1007875	194	o6	1.138	AAGCAA
1007875	258	o6	1.996	AAGCAA
1007875	1659	o6	1.218	AAGCAA
1007875	1951	o6	1.043	AAGCAA
1007891	678	o6	1.361	AAGCAA
1007897	971	o6	1.316	AAGCAA
1007897	2110	o6	2.076	AAGCAA
1007897	2842	8m	1.995	AAGCAA
1007903	3659	6m	2.486	AGCAAT
1007909	144	8m	2.987	AAGCAA
1007915	529	o6	1.259	AAGCAA
1007923	1396	o6	2.098	AAGCAA
1007932	1694	o6	2.164	AAGCAA
1007932	2122	o6	1.606	AAGCAA
1007932	2451	o6	2.383	AAGCAA
1007942	199	7m8	1.019	AAGCAA
1007950	237	o6	2.243	AAGCAA
1007950	1028	o6	1.126	AAGCAA
1007950	1114	o6	1.190	AAGCAA
1007966	16	7A1	1.249	AGCAAT
1007980	500	6m	1.485	AGCAAT
1007986	16	7m8	1.275	AGCAAT
1008036	630	o6	2.438	AAGCAA
1008036	1497	6m	1.584	AGCAAT
1008036	1529	6m	1.584	AGCAAT
1008036	2129	o6	1.771	AAGCAA
1008036	2354	o6	1.350	AAGCAA
1008072	226	o6	1.030	AAGCAA
1008072	233	o6	1.030	AAGCAA
1008081	525	7m8	1.560	AAGCAA
1008090	187	o6	2.588	AAGCAA
1008093	256	8m	1.606	AAGCAA
1008093	803	7A1	2.723	AGCAAT
1008136	308	o6	2.757	AAGCAA
1008145	966	6m	2.148	AGCAAT
1008145	1483	o6	1.053	AAGCAA
1008145	1565	7A1	2.544	AGCAAT
1008145	1573	o6	2.544	AAGCAA
1008145	2223	o6	2.179	AAGCAA
1008145	3326	6m	1.282	AGCAAT
1008145	4546	o6	1.356	AAGCAA
1008145	6636	o6	1.082	AAGCAA
1008145	10526	7m8	2.449	AGCAAT
1008150	173	8m	1.428	AGCAAT
1008151	76	o6	1.019	AAGCAA
1008151	111	o6	1.207	AAGCAA
1008204	128	o6	1.931	AAGCAA
1008204	334	6m	1.195	AGCAAT
1008213	153	o6	1.201	AAGCAA
1008225	385	6m	1.427	AGCAAT
1008225	861	o6	1.406	AAGCAA
1008259	1372	o6	1.073	AAGCAA
1008259	1718	o6	2.129	AAGCAA
1008279	10	o6	1.818	AAGCAA
1008279	114	o6	1.761	AAGCAA
1008285	186	8m	2.991	AAGCAA
1008307	288	6m	1.600	AGCAAT
1008312	441	o6	1.053	AAGCAA
1008313	856	o6	2.098	AAGCAA
1008406	320	6m	1.846	AGCAAT
1008409	1351	o6	1.545	AAGCAA
1008424	120	7A1	1.074	AGCAAT
1008460	102	7m8	1.739	AAGCAA
1008468	135	o6	2.242	AAGCAA
1008468	361	o6	2.444	AAGCAA
1008498	537	7m8	2.660	AAGCAA
1008498	740	8m	2.635	AAGCAA
1008501	128	6m	1.235	AGCAAT
1008501	142	8m	1.241	AAGCAA
1008537	792	6m	2.598	AGCAAT
1008572	204	o6	1.606	AAGCAA
1008572	387	o6	1.111	AAGCAA
1008593	729	o6	1.609	AAGCAA
1008597	377	7m8	1.163	AGCAAT
1008602	191	6m	1.053	AGCAAT
1008606	340	o6	1.322	AAGCAA
1008611	57	o6	1.950	AAGCAA
1008611	399	8m	2.362	AGCAAT
1008650	405	o6	1.259	AAGCAA
1008657	94	7m8	1.142	AGCAAT
1008707	1213	7m8	1.156	AAGCAA
1008708	105	7m8	2.016	AAGCAA
1008708	113	o6	2.016	AAGCAA
1008708	295	6m	1.952	AGCAAT
1008716	493	o6	1.328	AAGCAA
1008740	442	o6	2.155	AAGCAA
1008740	638	o6	1.210	AAGCAA
1008740	986	7m8	1.685	AAGCAA
1008740	1269	8m	2.220	AGCAAT
1008755	434	o6	1.193	AAGCAA
1008755	1182	6m	1.357	AGCAAT
1008755	1195	7m8	2.000	AAGCAA
1008774	254	o6	1.323	AAGCAA
1008780	1426	7m8	1.527	AGCAAT
1008783	326	8m	1.040	AGCAAT
1008789	113	o6	1.411	AAGCAA
1008789	130	o6	1.700	AAGCAA
1008852	141	o6	2.193	AAGCAA
1008852	1323	o6	1.410	AAGCAA
1008855	461	o6	1.625	AAGCAA
1008866	459	o6	1.924	AAGCAA
1008866	1067	6m	3.001	AGCAAT
1008903	1469	o6	2.834	AAGCAA
1008903	1503	o6	2.074	AAGCAA
1008924	46	7A1	1.322	AGCAAT
1008933	870	6m	1.563	AGCAAT
1008933	1097	o6	1.282	AAGCAA
1008950	24	7A1	2.139	AGCAAT
1008966	426	6m	2.246	AGCAAT
1008966	1206	8m	2.053	AAGCAA
1008966	1705	o6	2.017	AAGCAA
1008966	1936	o6	1.737	AAGCAA
1008966	2568	o6	1.538	AAGCAA
1008981	979	6m	1.082	AGCAAT
1008989	1079	o6	2.229	AAGCAA
1008999	238	o6	1.322	AAGCAA
1008999	445	o6	2.105	AAGCAA
1009043	821	o6	1.429	AAGCAA
1009068	294	6m	1.284	AGCAAT
1009068	822	8m	2.489	AAGCAA
1009074	868	7A1	2.353	AGCAAT
1009083	549	7m8	1.079	AAGCAA
1009101	163	7A1	1.651	AGCAAT
1009102	86	6m	1.220	AGCAAT
1009153	1015	7m8	2.025	AAGCAA
1009202	98	6m	2.155	AGCAAT
1009216	56	o6	1.649	AAGCAA
1009222	362	o6	1.124	AAGCAA
1009229	128	7m8	2.125	AGCAAT
1009255	119	o6	1.242	AAGCAA
1009280	301	o6	1.606	AAGCAA
1009304	486	7m8	1.328	AAGCAA
1009334	245	o6	1.465	AAGCAA
1009334	566	6m	2.200	AGCAAT
1009348	36	7A1	1.156	AGCAAT
1009349	593	7m8	1.242	AAGCAA
1009355	183	6m	1.212	AGCAAT
1009369	293	o6	1.690	AAGCAA
1009369	1055	o6	1.690	AAGCAA
1009369	1339	7m8	1.187	AAGCAA
1009385	794	7m8	1.549	AAGCAA
1009424	214	o6	1.485	AAGCAA
1009424	271	o6	1.602	AAGCAA
1009439	135	8m	2.876	AAGCAA
1009448	1216	7A1	1.577	AGCAAT
1009464	148	o6	2.137	AAGCAA
1009609	82	7m8	2.341	AAGCAA
1009618	40	o6	1.316	AAGCAA
1009638	118	7A1	1.707	AGCAAT
1009684	1171	o6	1.321	AAGCAA
1009714	141	o6	1.091	AAGCAA
1009729	93	o6	3.822	AAGCAA
1009748	1739	6m	2.675	AGCAAT
1009781	1444	o6	1.620	AAGCAA
1009834	809	o6	1.333	AAGCAA
1009834	3096	o6	2.807	AAGCAA
1009873	1043	7m8	1.401	AAGCAA
1009930	186	6m	1.690	AGCAAT
1009948	1189	o6	2.098	AAGCAA
1009948	2093	6m	2.389	AGCAAT
1010026	72	o6	2.579	AAGCAA
1010026	274	o6	1.032	AAGCAA
1010047	27	o6	1.255	AAGCAA
1010047	82	o6	1.161	AAGCAA
1010106	199	7A1	1.612	AGCAAT
1010157	79	6m	1.260	AGCAAT
1010202	44	7A1	2.540	AGCAAT
1010229	558	7A1	1.006	AGCAAT
1010232	1428	7A1	1.028	AGCAAT
1010232	1973	o6	2.351	AAGCAA
1010232	3009	o6	1.284	AAGCAA
1010232	3201	6m	2.922	AGCAAT
1010232	3578	o6	1.157	AAGCAA
1010238	1055	7A1	1.028	AGCAAT
1010238	1600	o6	2.351	AAGCAA
1010238	2636	o6	1.284	AAGCAA
1010238	2828	6m	2.922	AGCAAT
1010238	3205	o6	1.157	AAGCAA
1010249	161	o6	1.560	AAGCAA
1010250	2591	7A1	2.375	AGCAAT
1010274	180	o6	2.503	AAGCAA
1010292	8	7A1	1.377	AGCAAT
1010358	235	o6	2.063	AAGCAA
1010358	718	o6	2.439	AAGCAA
1010365	863	o6	2.832	AAGCAA
1010391	348	o6	1.422	AAGCAA
1010397	210	o6	2.350	AAGCAA
1010401	299	7m8	2.215	AAGCAA
1010401	467	7m8	1.002	AGCAAT
1010401	1623	7A1	1.362	AGCAAT
1010401	1990	7m8	2.687	AAGCAA
1010401	4149	o6	1.316	AAGCAA
1010401	5288	o6	2.076	AAGCAA
1010426	201	6m	1.349	AGCAAT
1010448	120	o6	2.868	AAGCAA
1010465	655	8m	2.660	AAGCAA
1010465	873	6m	1.480	AGCAAT
1010511	684	o6	2.309	AAGCAA
1010578	346	7A1	1.926	AGCAAT
1010583	69	7A1	1.651	AGCAAT
1010646	1361	7m8	1.084	AAGCAA
1010649	520	7A1	2.608	AGCAAT
1010649	673	6m	1.032	AGCAAT
1010652	776	6m	1.311	AGCAAT
1010652	1286	o6	1.084	AAGCAA
1010670	846	6m	2.409	AGCAAT
1010670	1753	o6	1.156	AAGCAA
1010670	2269	o6	1.079	AAGCAA
1010712	343	o6	1.160	AAGCAA
1010821	300	o6	1.915	AAGCAA
1010824	126	o6	1.401	AAGCAA
1010851	112	6m	1.932	AGCAAT
1010872	61	7A1	2.043	AGCAAT
1010941	27	o6	1.667	AAGCAA
1010941	388	6m	1.671	AGCAAT
1010950	1783	6m	4.102	AGCAAT
1010956	678	6m	1.623	AGCAAT
1010956	2356	o6	1.754	AAGCAA
1010956	2770	o6	2.255	AAGCAA
1010956	2824	6m	1.868	AGCAAT
1010974	1075	o6	1.084	AAGCAA
1010974	1143	o6	1.761	AAGCAA
1010974	1252	7m8	2.053	AAGCAA
1011042	226	o6	1.584	AAGCAA
1011215	71	o6	1.101	AAGCAA
1011219	364	8m	1.091	AGCAAT
1011251	462	o6	1.494	AAGCAA
1011277	310	7A1	1.053	AGCAAT
1011321	312	8m	1.316	AAGCAA
1011321	1763	6m	1.325	AGCAAT
1011327	478	8m	1.515	AGCAAT
1011327	814	7A1	2.972	AGCAAT
1011327	1130	o6	1.292	AAGCAA
1011394	375	7m8	1.010	AAGCAA
1011425	1005	6m	2.085	AGCAAT
1011430	1559	o6	1.944	AAGCAA
1011438	59	o6	2.434	AAGCAA
1011487	1213	7m8	2.070	AGCAAT
1011490	1062	7m8	3.082	AAGCAA
1011491	145	o6	1.637	AAGCAA
1011491	859	7m8	2.113	AAGCAA
1011491	1288	7A1	2.694	AGCAAT
1011523	144	6m	1.373	AGCAAT
1011523	336	o6	2.037	AAGCAA
1011563	128	8m	2.103	AAGCAA
1011629	203	6m	1.704	AGCAAT
1011655	41	7A1	1.093	AGCAAT
1011694	35	6m	1.347	AGCAAT
1011694	208	6m	1.903	AGCAAT
1011694	220	7m8	1.846	AAGCAA
1011695	240	o6	1.358	AAGCAA
1011695	615	o6	1.226	AAGCAA
1011715	751	7m8	1.250	AAGCAA
1011742	589	o6	2.439	AAGCAA
1011742	1332	o6	2.016	AAGCAA
1011746	296	o6	1.259	AAGCAA
1011779	169	8m	3.034	AGCAAT
1011818	53	o6	1.487	AAGCAA
1011856	1695	7m8	1.485	AAGCAA
1011859	60	7m8	1.780	AAGCAA
1011897	976	6m	1.690	AGCAAT
1011912	21	8m	1.328	AAGCAA
1011944	1150	6m	1.992	AGCAAT
1011968	90	8m	1.046	AAGCAA
1012008	1614	o6	1.138	AAGCAA
1012008	1698	7m8	1.263	AAGCAA
1012020	263	o6	3.025	AAGCAA
1012020	778	6m	1.443	AGCAAT
1012032	672	7m8	2.586	AAGCAA
1012042	34	7m8	2.377	AAGCAA
1012045	204	7A1	1.426	AGCAAT
1012045	210	6m	1.426	AGCAAT
1012087	258	o6	1.521	AAGCAA
1012122	253	6m	2.220	AGCAAT
1012136	8	6m	1.036	AGCAAT
1012169	18	7A1	1.745	AGCAAT
1012208	21	o6	1.593	AAGCAA
1012254	51	7A1	1.108	AGCAAT
1012262	1185	o6	1.191	AAGCAA
1012262	1397	o6	1.227	AAGCAA
1012304	360	o6	1.561	AAGCAA
1012383	368	o6	1.325	AAGCAA
1012383	651	7A1	1.690	AGCAAT
1012430	663	8m	2.533	AGCAAT
1012430	746	6m	3.299	AGCAAT
1012464	59	o6	1.063	AAGCAA
1012479	238	7A1	2.409	AGCAAT
1012479	524	o6	2.066	AAGCAA
1012479	1287	o6	1.577	AAGCAA
1012479	1398	o6	1.053	AAGCAA
1012492	55	7m8	1.322	AAGCAA
1012507	270	o6	1.850	AAGCAA
1012537	190	o6	1.584	AAGCAA
1012564	85	o6	2.696	AAGCAA
1012579	449	o6	2.214	AAGCAA
1012602	176	o6	1.415	AAGCAA
1012666	572	o6	1.326	AAGCAA
1012743	602	o6	2.433	AAGCAA
1012754	1074	7m8	2.082	AGCAAT
1012764	146	7A1	2.342	AGCAAT
1012776	572	o6	1.034	AAGCAA
1012776	1425	o6	1.327	AAGCAA
1012819	126	o6	2.174	AAGCAA
1012875	199	o6	1.016	AAGCAA
1012878	599	6m	2.025	AGCAAT
1012882	136	o6	1.072	AAGCAA
1012900	618	o6	1.284	AAGCAA
1013032	65	o6	1.548	AAGCAA
1013068	529	7m8	2.073	AAGCAA
1013068	1003	o6	1.645	AAGCAA
1013073	459	8m	2.652	AGCAAT
1013108	146	o6	1.054	AAGCAA
1013108	449	6m	3.221	AGCAAT
1013241	605	7m8	1.369	AAGCAA
1013241	805	8m	1.320	AAGCAA
1013246	993	o6	1.707	AAGCAA
1013312	1253	o6	1.922	AAGCAA
1013312	1766	o6	2.073	AAGCAA
1013432	228	o6	1.205	AAGCAA
1013432	242	7m8	2.333	AAGCAA
1013444	326	o6	1.950	AAGCAA
1013518	3282	o6	1.255	AAGCAA
1013518	3649	o6	1.072	AAGCAA
1013529	250	o6	1.069	AAGCAA
1013581	449	o6	1.077	AAGCAA
1013591	2996	6m	1.278	AGCAAT
1013591	5330	o6	1.278	AAGCAA
1013634	114	o6	1.033	AAGCAA
1013648	246	8m	2.854	AAGCAA
1013670	483	6m	1.084	AGCAAT
1013676	423	o6	1.456	AAGCAA
1013771	137	6m	1.980	AGCAAT
1013771	158	o6	1.163	AAGCAA
1013781	49	o6	2.302	AAGCAA
1013782	74	6m	1.339	AGCAAT
1013820	286	o6	1.319	AAGCAA
1013885	1558	6m	1.890	AGCAAT
1013963	322	7m8	2.104	AAGCAA
1013983	22	7A1	1.981	AGCAAT
1014009	389	o6	3.398	AAGCAA
1014009	574	7m8	1.633	AAGCAA
1014060	261	6m	1.606	AGCAAT
1014060	366	o6	1.159	AAGCAA
1014143	508	8m	2.085	AAGCAA
1014174	1247	o6	1.774	AAGCAA
1014183	601	6m	1.373	AGCAAT
1014215	278	6m	1.062	AGCAAT
1014235	1066	o6	1.284	AAGCAA
1014403	554	o6	3.350	AAGCAA
1014418	1525	o6	2.098	AAGCAA
1014418	2881	o6	1.606	AAGCAA
1014473	526	8m	2.863	AAGCAA
1014473	651	o6	2.863	AAGCAA
1014473	1779	8m	2.853	AAGCAA
1014473	1795	o6	1.606	AAGCAA
1014473	2057	6m	1.584	AGCAAT
1014480	156	o6	1.776	AAGCAA
1014588	322	o6	2.025	AAGCAA
1014588	3092	6m	2.573	AGCAAT
1014655	2423	6m	1.025	AGCAAT
1014823	35	o6	1.495	AAGCAA
1014859	1741	o6	2.143	AAGCAA
1014864	179	o6	1.120	AAGCAA
1014864	1278	8m	2.083	AAGCAA
1014869	1331	o6	1.356	AAGCAA
1014874	260	o6	1.581	AAGCAA
1014883	1047	o6	1.503	AAGCAA
1014883	1805	o6	1.552	AAGCAA
1014884	1829	o6	1.151	AAGCAA
1014895	101	o6	1.322	AAGCAA
1014898	1922	7A1	2.025	AGCAAT
1014978	878	o6	2.081	AAGCAA
1014981	669	6m	2.981	AGCAAT
1014981	1578	8m	2.553	AAGCAA
1014988	990	o6	1.077	AAGCAA
1014988	1630	o6	2.383	AAGCAA
1014988	2025	7A1	2.801	AGCAAT
1014988	6068	7m8	2.856	AAGCAA
1014988	6286	o6	1.172	AAGCAA
1015041	468	8m	1.079	AGCAAT
1015041	2043	6m	1.579	AGCAAT
1015052	11	8m	1.031	AGCAAT
1015091	894	7A1	2.830	AGCAAT
1015091	1579	o6	1.516	AAGCAA
1015091	1703	o6	1.165	AAGCAA
1015095	241	6m	1.084	AGCAAT
1015145	801	o6	1.120	AAGCAA
1015145	1440	7A1	2.704	AGCAAT
1015145	1844	o6	2.704	AAGCAA
1015145	2914	o6	1.523	AAGCAA
1015145	3307	7m8	1.097	AAGCAA
1015145	3572	6m	2.331	AGCAAT
1015162	314	7A1	1.146	AGCAAT
1015216	32	7A1	1.822	AGCAAT
1015228	883	o6	1.212	AAGCAA
1015250	81	o6	1.017	AAGCAA
1015259	63	o6	1.098	AAGCAA
1015259	207	o6	1.202	AAGCAA
1015285	74	o6	1.282	AAGCAA
1015333	386	o6	1.585	AAGCAA
1015336	524	8m	1.876	AAGCAA
1015336	595	o6	1.266	AAGCAA
1015381	223	7m8	1.145	AAGCAA
1015388	334	o6	1.063	AAGCAA
1015388	581	o6	2.278	AAGCAA
1015397	521	o6	1.133	AAGCAA
1015397	526	8m	2.851	AGCAAT
1015418	183	7A1	1.291	AGCAAT
1015418	337	o6	2.132	AAGCAA
1015418	552	o6	1.158	AAGCAA
1015418	1066	7A1	1.279	AGCAAT
1015418	1230	o6	1.453	AAGCAA
1015447	522	o6	1.040	AAGCAA
1015526	892	7m8	1.368	AGCAAT
1015526	4186	6m	1.198	AGCAAT
1015552	2166	o6	1.700	AAGCAA
1015555	891	o6	1.434	AAGCAA
1015555	1640	o6	1.231	AAGCAA
1015555	3463	6m	2.234	AGCAAT
1015555	3588	7m8	2.433	AAGCAA
1015572	2821	6m	3.299	AGCAAT
1015575	556	7m8	2.524	AAGCAA
1015676	1843	6m	1.687	AGCAAT
1015690	66	6m	1.185	AGCAAT
1015690	1132	6m	1.452	AGCAAT
1015696	370	8m	1.903	AAGCAA
1015696	613	o6	1.779	AAGCAA
1015706	673	6m	2.933	AGCAAT
1015714	652	6m	1.349	AGCAAT
1015722	592	6m	1.786	AGCAAT
1015725	982	7A1	2.005	AGCAAT
1015777	674	7m8	2.834	AAGCAA
1015784	605	o6	2.677	AAGCAA
1015789	1026	8m	2.350	AAGCAA
1015789	2194	o6	1.322	AAGCAA
1015810	344	o6	1.579	AAGCAA
1015810	1034	7m8	1.584	AAGCAA
1015823	343	8m	2.308	AGCAAT
1015903	690	o6	2.215	AAGCAA
1015925	322	o6	1.268	AAGCAA
1015936	127	7A1	1.517	AGCAAT
1015936	382	o6	1.109	AAGCAA
1015936	957	o6	1.204	AAGCAA
1015952	244	o6	1.328	AAGCAA
1015972	383	o6	1.060	AAGCAA
1015972	795	7m8	1.290	AGCAAT
1015972	1182	8m	1.495	AGCAAT
1015995	1344	o6	1.606	AAGCAA
1016016	790	7A1	1.641	AGCAAT
1016016	796	7A1	1.641	AGCAAT
1016019	181	o6	2.889	AAGCAA
1016020	1113	6m	2.685	AGCAAT
1016026	2446	8m	1.519	AAGCAA
1016029	835	o6	2.098	AAGCAA
1016029	2191	o6	1.606	AAGCAA
1016047	609	o6	1.899	AAGCAA
1016047	1096	o6	1.663	AAGCAA
1016098	158	o6	1.041	AAGCAA
1016098	454	o6	5.235	AAGCAA
1016103	69	o6	1.052	AAGCAA
1016116	392	o6	1.962	AAGCAA
1016151	367	o6	2.973	AAGCAA
1016176	1704	o6	1.322	AAGCAA
1016179	192	o6	1.053	AAGCAA
1016179	1406	o6	1.327	AAGCAA
1016184	499	o6	2.026	AAGCAA
1016184	513	7A1	2.188	AGCAAT
1016200	300	7m8	1.930	AAGCAA
1016200	682	o6	1.450	AAGCAA
1016200	2029	o6	1.687	AAGCAA
1016205	169	o6	1.322	AAGCAA
1016205	637	7A1	2.054	AGCAAT
1016205	1100	6m	1.423	AGCAAT
1016220	10	6m	4.056	AGCAAT
1016256	384	o6	1.684	AAGCAA
1016272	392	6m	2.481	AGCAAT
1016281	598	o6	1.584	AAGCAA
1016356	572	7m8	2.149	AAGCAA
1016356	1171	o6	2.027	AAGCAA
1016368	718	6m	2.077	AGCAAT
1016397	1149	7m8	2.560	AGCAAT
1016398	214	7A1	1.369	AGCAAT
1016398	501	o6	1.357	AAGCAA
1016398	660	o6	1.052	AAGCAA
1016398	1854	o6	1.545	AAGCAA
1016398	1867	7A1	2.026	AGCAAT
1016398	2736	o6	1.295	AAGCAA
1016418	884	o6	1.322	AAGCAA
1016431	1446	8m	1.879	AGCAAT
1016431	1811	o6	1.585	AAGCAA
1016445	1246	o6	1.579	AAGCAA
1016449	298	o6	1.604	AAGCAA
1016449	407	o6	1.681	AAGCAA
1016449	712	o6	1.150	AAGCAA
1016449	1654	o6	1.681	AAGCAA
1016449	2067	o6	1.853	AAGCAA
1016449	2836	8m	1.047	AAGCAA
1016449	3745	o6	2.055	AAGCAA
1016449	3887	o6	1.020	AAGCAA
1016449	3924	o6	2.336	AAGCAA
1016449	4326	o6	1.681	AAGCAA
1016449	4801	o6	1.498	AAGCAA
1016455	534	7A1	1.182	AGCAAT
1016469	441	o6	2.187	AAGCAA
1016470	651	o6	1.524	AAGCAA
1016475	1269	6m	1.208	AGCAAT
1016556	758	o6	1.122	AAGCAA
1016565	36	o6	1.736	AAGCAA
1016565	81	o6	1.103	AAGCAA
1016565	510	o6	1.084	AAGCAA
1016571	555	8m	2.473	AAGCAA
1016571	749	o6	1.055	AAGCAA
1016571	1648	7m8	1.091	AAGCAA
1016571	1873	7m8	1.374	AAGCAA
1016574	298	o6	1.029	AAGCAA
1016574	623	7m8	1.342	AGCAAT
1016574	933	o6	2.094	AAGCAA
1016574	1133	8m	1.291	AAGCAA
1016574	2384	o6	2.094	AAGCAA
1016574	2678	8m	1.777	AAGCAA
1016574	2817	7m8	2.049	AAGCAA
1016574	2977	7m8	1.764	AAGCAA
1016574	3117	8m	2.446	AAGCAA
1016574	4198	7m8	1.029	AAGCAA
1016574	4233	8m	2.101	AGCAAT
1016605	462	o6	1.450	AAGCAA
1016605	1364	7m8	1.248	AAGCAA
1016613	65	6m	1.324	AGCAAT
1016613	873	o6	1.822	AAGCAA
1016647	16	o6	1.173	AAGCAA
1016647	355	o6	1.485	AAGCAA
1016691	377	o6	1.322	AAGCAA
1016695	1081	6m	1.535	AGCAAT
1016695	1094	8m	1.492	AAGCAA
1016698	2912	6m	1.119	AGCAAT
1016701	526	7m8	1.010	AAGCAA
1016701	901	o6	1.279	AAGCAA
1016701	906	o6	1.279	AAGCAA
1016701	911	o6	1.279	AAGCAA
1016701	995	o6	2.183	AAGCAA
1016701	1011	o6	1.291	AAGCAA
1016701	1564	o6	1.010	AAGCAA
1016707	276	o6	1.887	AAGCAA
1016712	235	o6	1.579	AAGCAA
1016713	1173	o6	1.316	AAGCAA
1016713	1808	6m	1.501	AGCAAT
1016713	2382	7A1	2.178	AGCAAT
1016713	2799	6m	1.159	AGCAAT
1016713	2855	o6	2.098	AAGCAA
1016713	4339	o6	1.898	AAGCAA
1016713	4593	o6	2.930	AAGCAA
1016787	38	o6	2.203	AAGCAA
1016805	16	o6	2.558	AAGCAA
1016806	1788	7A1	2.119	AGCAAT
1016809	338	6m	2.014	AGCAAT
1016820	754	6m	1.572	AGCAAT
1016823	576	o6	2.029	AAGCAA
1016832	365	o6	2.265	AAGCAA
1016848	216	o6	1.692	AAGCAA
1016848	482	o6	1.328	AAGCAA
1016848	2212	6m	3.044	AGCAAT
1016848	2343	o6	2.015	AAGCAA
1016857	423	8m	2.502	AAGCAA
1016860	243	o6	2.085	AAGCAA
1016865	157	o6	1.752	AAGCAA
1016865	866	6m	2.660	AGCAAT
1016869	1055	o6	1.029	AAGCAA
1016883	58	8m	1.028	AAGCAA
1016896	48	o6	1.695	AAGCAA
1016917	394	6m	1.563	AGCAAT
1016917	471	6m	2.073	AGCAAT
1016939	263	o6	1.548	AAGCAA
1016951	928	6m	1.489	AGCAAT
1016952	297	o6	1.007	AAGCAA
1016952	745	7m8	2.145	AAGCAA
1016958	88	8m	1.406	AGCAAT
1016971	186	o6	1.219	AAGCAA
1016971	1658	o6	1.606	AAGCAA
1016971	2259	7m8	1.941	AAGCAA
1016971	2703	o6	1.460	AAGCAA
1016971	3878	6m	1.672	AGCAAT
1016971	3999	o6	1.687	AAGCAA
1016982	167	6m	1.168	AGCAAT
1016998	155	o6	1.284	AAGCAA
1017001	109	8m	1.846	AGCAAT
1017012	638	7m8	1.976	AAGCAA
1017018	601	7m8	2.375	AAGCAA
1017024	1202	o6	2.660	AAGCAA
1017028	185	6m	1.964	AGCAAT
1017028	223	o6	1.682	AAGCAA
1017028	557	7A1	2.544	AGCAAT
1017036	15	6m	1.087	AGCAAT
1017036	1136	o6	1.598	AAGCAA
1017042	237	o6	1.734	AAGCAA
1017043	263	7A1	1.979	AGCAAT
1017046	1651	7m8	1.542	AAGCAA
1017091	548	7A1	1.440	AGCAAT
1017106	168	8m	1.971	AGCAAT
1017135	823	7m8	2.220	AAGCAA
1017135	1255	o6	2.868	AAGCAA
1017160	584	6m	1.958	AGCAAT
1017169	493	7m8	2.537	AAGCAA
1017169	1557	o6	1.253	AAGCAA
1017169	2065	o6	1.564	AAGCAA
1017197	1162	o6	1.584	AAGCAA
1017204	792	7A1	1.082	AGCAAT
1017204	1603	o6	1.366	AAGCAA
1017257	719	o6	2.384	AAGCAA
1017258	271	o6	1.136	AAGCAA
1017258	279	o6	1.167	AAGCAA
1017261	527	7A1	2.076	AGCAAT
1017261	559	o6	1.874	AAGCAA
1017302	504	7A1	1.277	AGCAAT
1017369	10	o6	1.835	AAGCAA
1017369	18	7m8	2.037	AAGCAA
1017381	246	o6	3.160	AAGCAA
1017381	875	6m	1.165	AGCAAT
1017429	0	7m8	2.534	AGCAAT
1017446	210	7m8	1.663	AGCAAT
1017451	131	o6	1.446	AAGCAA
1017478	239	7A1	2.868	AGCAAT
1017496	896	o6	1.884	AAGCAA
1017496	918	o6	1.128	AAGCAA
1017496	1140	8m	1.278	AAGCAA
1017524	812	o6	1.037	AAGCAA
1017539	301	o6	5.802	AAGCAA
1017557	885	8m	1.799	AGCAAT
1017557	925	o6	1.606	AAGCAA
1017570	51	o6	2.957	AAGCAA
1017580	97	o6	2.166	AAGCAA
1017603	51	7A1	2.594	AGCAAT
1017614	987	o6	1.822	AAGCAA
1017614	1599	7m8	2.357	AAGCAA
1017614	2879	o6	2.129	AAGCAA
1017614	3817	o6	1.585	AAGCAA
1017669	341	7m8	1.681	AAGCAA
1017695	183	6m	1.894	AGCAAT
1017695	213	7m8	2.497	AGCAAT
1017695	824	7m8	1.548	AGCAAT
1017696	918	8m	1.284	AAGCAA
1017719	139	o6	1.268	AAGCAA
1017743	126	7A1	2.708	AGCAAT
1017749	102	6m	1.273	AGCAAT
1017808	863	o6	1.789	AAGCAA
1017830	517	o6	2.178	AAGCAA
1017830	1256	7A1	2.090	AGCAAT
1017853	221	o6	2.007	AAGCAA
1017886	406	6m	1.593	AGCAAT
1017919	239	7A1	2.178	AGCAAT
1017978	205	o6	2.546	AAGCAA
1017981	1409	o6	1.006	AAGCAA
1018008	183	o6	3.133	AAGCAA
1018065	379	6m	2.403	AGCAAT
1018077	400	o6	1.020	AAGCAA
1018077	1595	o6	1.285	AAGCAA
1018120	262	7A1	1.538	AGCAAT
1018131	134	8m	2.052	AAGCAA
1018134	590	o6	1.036	AAGCAA
1018134	1136	7m8	1.335	AAGCAA
1018134	1179	o6	1.313	AAGCAA
1018143	411	7m8	2.002	AAGCAA
1018168	45	o6	1.806	AAGCAA
1018189	100	6m	1.198	AGCAAT
1018221	122	o6	1.255	AAGCAA
1018243	61	8m	2.511	AAGCAA
1018243	1594	7m8	2.310	AAGCAA
1018243	2357	o6	1.376	AAGCAA
1018248	1176	o6	2.642	AAGCAA
1018248	1367	o6	1.593	AAGCAA
1018248	1479	6m	1.797	AGCAAT
1018277	520	6m	2.774	AGCAAT
1018287	211	6m	2.015	AGCAAT
1018334	539	8m	1.161	AAGCAA
1018367	461	o6	1.082	AAGCAA
1018431	125	6m	1.478	AGCAAT
1018485	81	o6	1.640	AAGCAA
1018486	658	o6	1.464	AAGCAA
1018498	756	o6	1.584	AAGCAA
1018519	649	7A1	1.711	AGCAAT
1018530	1034	o6	1.053	AAGCAA
1018537	306	o6	1.015	AAGCAA
1018626	106	7A1	1.102	AGCAAT
1018632	814	o6	2.312	AAGCAA
1018632	820	7m8	2.112	AAGCAA
1018632	1812	o6	1.284	AAGCAA
1018632	1965	7A1	2.914	AGCAAT
1018632	2963	6m	1.598	AGCAAT
1018638	61	8m	1.741	AGCAAT
1018644	318	o6	3.026	AAGCAA
1018661	381	o6	2.537	AAGCAA
1018661	1050	6m	2.072	AGCAAT
1018702	593	o6	1.808	AAGCAA
1018727	971	o6	1.980	AAGCAA
1018766	71	6m	1.212	AGCAAT
1018766	2193	o6	1.300	AAGCAA
1018807	28	7m8	1.657	AGCAAT
1018831	22	7m8	1.029	AAGCAA
1018884	492	o6	3.102	AAGCAA
1018884	525	o6	2.488	AAGCAA
1019059	74	7m8	2.730	AGCAAT
1019147	167	o6	1.478	AAGCAA
1019147	338	o6	1.605	AAGCAA
1019147	430	o6	2.578	AAGCAA
1019147	740	o6	1.780	AAGCAA
1019147	828	o6	1.573	AAGCAA
1019147	1522	o6	2.178	AAGCAA
1019147	1790	7m8	1.284	AAGCAA
1019147	3114	o6	1.040	AAGCAA
1019198	1744	8m	2.609	AAGCAA
1019237	446	o6	1.076	AAGCAA
1019304	612	7A1	3.034	AGCAAT
1019304	676	7m8	2.788	AGCAAT
1019323	761	o6	1.239	AAGCAA
1019365	69	7A1	2.673	AGCAAT
1019383	311	o6	2.386	AAGCAA
1019389	123	o6	1.033	AAGCAA
1019413	60	6m	1.284	AGCAAT
1019441	27	o6	1.306	AAGCAA
1019441	409	o6	1.545	AAGCAA
1019441	538	o6	1.604	AAGCAA
1019456	560	6m	2.362	AGCAAT
1019456	579	6m	2.207	AGCAAT
1019456	598	8m	2.204	AAGCAA
1019480	126	o6	1.857	AAGCAA
1019486	364	o6	1.690	AAGCAA
1019486	401	o6	2.829	AAGCAA
1019514	255	o6	1.342	AAGCAA
1019514	2351	7A1	1.322	AGCAAT
1019514	2423	o6	1.680	AAGCAA
1019514	3875	6m	1.672	AGCAAT
1019535	650	o6	1.854	AAGCAA
1019570	159	o6	2.660	AAGCAA
1019570	804	o6	2.985	AAGCAA
1019570	866	7m8	1.423	AGCAAT
1019579	2030	o6	2.419	AAGCAA
1019727	79	o6	1.203	AAGCAA
1019742	196	o6	1.016	AAGCAA
1019764	57	7A1	1.241	AGCAAT
1019797	317	6m	1.687	AGCAAT
1019854	232	7A1	3.717	AGCAAT
1019859	404	o6	1.172	AAGCAA
1019890	133	7m8	1.045	AAGCAA
1019925	818	8m	1.241	AAGCAA
1019935	574	8m	2.183	AAGCAA
1019935	1499	6m	2.053	AGCAAT
1019956	483	o6	1.253	AAGCAA
1019956	491	o6	1.253	AAGCAA
1019956	700	7A1	1.632	AGCAAT
1019980	818	8m	3.105	AGCAAT
1019990	53	o6	1.190	AAGCAA
1020029	913	o6	1.467	AAGCAA
1020059	1747	o6	1.690	AAGCAA
1020077	473	o6	1.156	AAGCAA
1020116	486	8m	1.485	AAGCAA
1020139	652	o6	1.028	AAGCAA
1020139	780	o6	2.060	AAGCAA
1020145	217	6m	1.850	AGCAAT
1020214	606	o6	1.920	AAGCAA
1020214	631	7m8	1.529	AGCAAT
1020219	210	7A1	1.997	AGCAAT
1020220	725	7A1	1.500	AGCAAT
1020227	303	o6	1.298	AAGCAA
1020241	1537	7m8	1.649	AAGCAA
1020241	2039	7m8	1.933	AAGCAA
1020253	198	8m	2.632	AAGCAA
1020253	1513	6m	2.030	AGCAAT
1020253	1613	7A1	2.030	AGCAAT
1020253	3155	o6	1.030	AAGCAA
1020264	49	6m	1.006	AGCAAT
1020280	58	o6	2.185	AAGCAA
1020280	70	o6	2.631	AAGCAA
1020280	455	o6	2.115	AAGCAA
1020280	1780	o6	1.987	AAGCAA
1020280	1958	o6	1.284	AAGCAA
1020319	2636	o6	1.292	AAGCAA
1020333	887	o6	1.565	AAGCAA
1020333	1378	8m	2.260	AAGCAA
1020357	139	o6	1.560	AAGCAA
1020372	64	6m	3.497	AGCAAT
1020428	41	7A1	1.891	AGCAAT
1020435	548	7m8	1.293	AAGCAA
1020435	1479	7m8	2.593	AAGCAA
1020435	1908	6m	1.607	AGCAAT
1020435	2040	o6	2.788	AAGCAA
1020435	2227	o6	1.372	AAGCAA
1020491	523	o6	2.660	AAGCAA
1020491	531	o6	2.548	AAGCAA
1020532	94	o6	1.959	AAGCAA
1020532	518	7A1	1.304	AGCAAT
1020535	99	o6	1.540	AAGCAA
1020546	247	6m	1.017	AGCAAT
1020580	17	8m	1.313	AAGCAA
1020615	3538	o6	1.570	AAGCAA
1020615	3800	6m	1.606	AGCAAT
1020642	112	o6	1.468	AAGCAA
1020642	8900	o6	1.700	AAGCAA
1020643	698	o6	1.029	AAGCAA
1020661	794	7m8	2.660	AAGCAA
1020675	341	8m	2.190	AGCAAT
1020686	829	6m	3.191	AGCAAT
1020728	252	o6	1.965	AAGCAA
1020728	601	7A1	1.166	AGCAAT
1020745	246	o6	2.354	AAGCAA
1020760	740	8m	2.026	AGCAAT
1020771	201	7A1	1.180	AGCAAT
1020771	900	o6	1.034	AAGCAA
1020782	1866	6m	1.226	AGCAAT
1020787	592	o6	1.536	AAGCAA
1020787	597	7m8	1.053	AAGCAA
1020787	625	7m8	1.897	AGCAAT
1020791	34	6m	2.540	AGCAAT
1020839	-1	6m	1.945	AGCAAT
1020913	161	o6	1.639	AAGCAA
1020916	471	o6	1.104	AAGCAA
1020916	696	o6	2.681	AAGCAA
1020934	1588	o6	1.548	AAGCAA
1020951	433	o6	2.349	AAGCAA
1020986	40	7A1	1.940	AGCAAT
1020992	348	o6	1.218	AAGCAA
1020992	1110	7A1	2.651	AGCAAT
1021001	123	7m8	2.220	AAGCAA
1021005	498	o6	1.027	AAGCAA
1021005	1104	7A1	1.407	AGCAAT
1021011	21	6m	1.380	AGCAAT
1021011	433	o6	2.051	AAGCAA
1021037	505	7A1	1.943	AGCAAT
1021055	717	7A1	2.807	AGCAAT
1021084	203	6m	3.649	AGCAAT
1021152	288	o6	2.552	AAGCAA
1021177	451	7m8	2.214	AAGCAA
1021177	502	7m8	2.349	AAGCAA
1021260	531	o6	1.006	AAGCAA
1021288	261	o6	1.948	AAGCAA
1021318	173	6m	2.065	AGCAAT
1021341	309	7A1	1.376	AGCAAT
1021406	574	8m	1.284	AAGCAA
1021540	521	8m	3.028	AAGCAA
1021540	1882	o6	2.307	AAGCAA
1021540	2049	o6	1.464	AAGCAA
1021540	3746	8m	3.034	AAGCAA
1021540	5006	o6	2.178	AAGCAA
1021545	88	o6	1.566	AAGCAA
1021556	52	7A1	1.284	AGCAAT
1021566	3865	7m8	2.610	AGCAAT
1021566	4208	6m	2.383	AGCAAT
1021580	110	o6	2.075	AAGCAA
1021607	381	o6	1.193	AAGCAA
1021681	265	7m8	1.682	AAGCAA
1021681	272	7A1	1.682	AGCAAT
1021797	2130	7m8	2.652	AAGCAA
1021818	123	o6	2.005	AAGCAA
1021818	388	o6	1.683	AAGCAA
1021818	1445	o6	1.015	AAGCAA
1021850	670	6m	1.044	AGCAAT
1021853	73	o6	1.284	AAGCAA
1021853	155	6m	2.275	AGCAAT
1021853	720	7A1	2.267	AGCAAT
1021866	127	o6	1.990	AAGCAA
1021866	1604	o6	1.868	AAGCAA
1021879	577	6m	1.997	AGCAAT
1021905	130	o6	1.457	AAGCAA
1021905	139	6m	1.179	AGCAAT
1021905	194	8m	1.500	AAGCAA
1021909	175	6m	1.634	AGCAAT
1021918	186	o6	1.762	AAGCAA
1021935	89	8m	1.232	AAGCAA
1022002	47	7A1	1.377	AGCAAT
1022014	138	7m8	1.328	AAGCAA
1022057	1647	o6	1.567	AAGCAA
1022066	71	o6	1.053	AAGCAA
1022066	76	o6	1.304	AAGCAA
1022066	284	o6	1.417	AAGCAA
1022066	602	6m	2.332	AGCAAT
1022066	1316	o6	1.222	AAGCAA
1022066	1398	o6	1.824	AAGCAA
1022066	1899	7m8	1.976	AAGCAA
1022066	2460	7m8	2.372	AAGCAA
1022066	3368	o6	1.240	AAGCAA
1022173	604	o6	1.120	AAGCAA
1022173	621	o6	1.790	AAGCAA
1022180	234	o6	1.751	AAGCAA
1022180	675	6m	2.712	AGCAAT
1022224	36	o6	1.123	AAGCAA
1022235	655	7m8	3.350	AAGCAA
1022235	1868	8m	1.526	AAGCAA
1022235	2601	o6	2.143	AAGCAA
1022256	1594	o6	1.402	AAGCAA
1022338	94	o6	1.755	AAGCAA
1022338	1093	o6	2.066	AAGCAA
1022338	1831	8m	1.944	AAGCAA
1022338	2336	7A1	1.742	AGCAAT
1022370	52	o6	1.873	AAGCAA
1022383	351	o6	1.156	AAGCAA
1022383	1292	7m8	1.131	AGCAAT
1022418	411	o6	1.498	AAGCAA
1022418	807	6m	2.292	AGCAAT
1022443	1172	o6	2.654	AAGCAA
1022457	58	o6	1.082	AAGCAA
1022480	554	o6	1.322	AAGCAA
1022495	410	o6	2.343	AAGCAA
1022495	1280	o6	1.278	AAGCAA
1022495	3191	o6	1.149	AAGCAA
1022495	4870	o6	1.053	AAGCAA
1022495	5335	o6	2.148	AAGCAA
1022522	104	o6	1.088	AAGCAA
1022531	91	7A1	3.102	AGCAAT
1022531	704	o6	2.073	AAGCAA
1022531	832	6m	1.031	AGCAAT
1022568	3131	6m	2.834	AGCAAT
1022573	22	8m	2.591	AGCAAT
1022604	1431	o6	1.150	AAGCAA
1022687	21	6m	2.202	AGCAAT
1022834	71	o6	2.134	AAGCAA
1022938	428	o6	1.255	AAGCAA
1022941	3051	6m	1.278	AGCAAT
1022985	787	o6	1.931	AAGCAA
1022985	939	o6	1.316	AAGCAA
1022985	1336	o6	2.165	AAGCAA
1022989	214	o6	2.256	AAGCAA
1023050	109	6m	1.820	AGCAAT
1023080	705	o6	2.171	AAGCAA
1023097	196	6m	1.321	AGCAAT
1023097	2533	o6	1.158	AAGCAA
1023097	3392	o6	1.110	AAGCAA
1023100	109	6m	1.581	AGCAAT
1023100	168	6m	1.997	AGCAAT
1023100	550	o6	1.577	AAGCAA
1023104	706	7m8	2.178	AAGCAA
1023131	53	o6	1.056	AAGCAA
1023145	373	o6	1.649	AAGCAA
1023151	368	6m	1.722	AGCAAT
1023154	1019	7A1	1.520	AGCAAT
1023154	1056	7A1	1.120	AGCAAT
1023202	173	8m	2.528	AAGCAA
1023278	225	7A1	1.084	AGCAAT
1023278	236	7A1	1.207	AGCAAT
1023288	469	o6	1.683	AAGCAA
1023288	514	o6	1.125	AAGCAA
1023289	1542	o6	1.965	AAGCAA
1023289	1786	7A1	1.694	AGCAAT
1023295	432	o6	1.521	AAGCAA
1023298	1357	o6	2.625	AAGCAA
1023320	1531	o6	1.115	AAGCAA
1023337	416	6m	1.100	AGCAAT
1023337	619	8m	2.350	AAGCAA
1023337	882	7m8	2.220	AAGCAA
1023370	295	7A1	1.920	AGCAAT
1023387	1099	8m	1.240	AGCAAT
1023432	565	7m8	2.544	AAGCAA
1023432	663	o6	2.013	AAGCAA
1023443	277	o6	1.687	AAGCAA
1023466	29	o6	1.700	AAGCAA
1023482	68	o6	1.423	AAGCAA
1023488	390	o6	1.006	AAGCAA
1023488	625	o6	1.008	AAGCAA
1023523	690	o6	2.076	AAGCAA
1023572	175	7m8	4.239	AAGCAA
1023572	1222	8m	2.235	AAGCAA
1023572	1854	7m8	2.781	AGCAAT
1023594	920	6m	1.379	AGCAAT
1023594	1004	o6	1.333	AAGCAA
1023599	1792	o6	1.510	AAGCAA
1023599	2239	8m	2.087	AAGCAA
1023599	2529	6m	3.082	AGCAAT
1023599	2747	o6	1.739	AAGCAA
1023599	4383	7m8	2.867	AAGCAA
1023599	4885	7m8	2.889	AAGCAA
1023599	4917	o6	2.350	AAGCAA
1023599	5513	o6	1.322	AAGCAA
1023599	5693	o6	1.193	AAGCAA
1023599	6108	7m8	2.544	AAGCAA
1023599	6224	o6	1.297	AAGCAA
1023599	8506	o6	1.884	AAGCAA
1023602	464	o6	1.199	AAGCAA
1023669	192	o6	1.590	AAGCAA
1023669	1207	7A1	2.004	AGCAAT
1023673	911	7m8	1.315	AAGCAA
1023678	1190	o6	1.322	AAGCAA
1023681	1416	6m	1.372	AGCAAT
1023681	3646	7A1	1.241	AGCAAT
1023712	412	o6	1.084	AAGCAA
1023712	896	o6	1.730	AAGCAA
1023712	1381	o6	1.786	AAGCAA
1023712	2032	o6	1.447	AAGCAA
1023717	623	7A1	2.178	AGCAAT
1023724	142	o6	1.084	AAGCAA
1023727	261	6m	1.671	AGCAAT
1023774	209	6m	1.053	AGCAAT
1023774	517	o6	1.859	AAGCAA
1023774	1373	o6	1.248	AAGCAA
1023784	849	o6	2.047	AAGCAA
1023784	1330	o6	2.363	AAGCAA
1023784	1537	o6	1.737	AAGCAA
1023784	3708	o6	1.495	AAGCAA
1023784	3897	o6	1.015	AAGCAA
1023790	74	6m	1.555	AGCAAT
1023790	835	6m	1.040	AGCAAT
1023790	974	o6	1.268	AAGCAA
1023790	1237	o6	2.133	AAGCAA
1023790	2292	6m	2.259	AGCAAT
1023790	2621	o6	1.040	AAGCAA
1023790	2990	7m8	2.878	AAGCAA
1023790	3000	o6	2.878	AAGCAA
1023790	3316	7A1	2.505	AGCAAT
1023790	3381	o6	1.352	AAGCAA
1023805	2661	6m	2.537	AGCAAT
1023805	4942	o6	1.967	AAGCAA
1023828	1234	6m	1.372	AGCAAT
1023838	147	6m	2.317	AGCAAT
1023843	176	7m8	3.387	AAGCAA
1023846	135	8m	1.275	AGCAAT
1023846	1018	8m	2.212	AAGCAA
1023853	352	7m8	2.606	AAGCAA
1023853	670	8m	1.255	AGCAAT
1023853	1742	7m8	2.606	AGCAAT
1023856	25	7m8	1.881	AGCAAT
1023863	917	7m8	2.941	AAGCAA
1023881	65	o6	1.736	AAGCAA
1023882	533	6m	1.053	AGCAAT
1023882	569	o6	1.322	AAGCAA
1023885	772	o6	2.247	AAGCAA
1023912	238	o6	1.777	AAGCAA
1023927	916	6m	1.802	AGCAAT
1023955	788	7A1	1.765	AGCAAT
1023994	200	6m	2.015	AGCAAT
1023998	36	7A1	1.786	AGCAAT
1023998	614	6m	2.031	AGCAAT
1023998	708	6m	1.844	AGCAAT
1023998	888	8m	2.031	AAGCAA
1024019	1589	7m8	2.807	AAGCAA
1024028	1630	6m	2.470	AGCAAT
1024031	1842	o6	2.256	AAGCAA
1024031	2814	o6	3.021	AAGCAA
1024031	3848	o6	1.653	AAGCAA
1024031	3970	o6	1.120	AAGCAA
1024042	116	o6	1.764	AAGCAA
1024085	1749	7m8	3.347	AAGCAA
1024133	1061	o6	1.053	AAGCAA
1024141	280	o6	2.031	AAGCAA
1024169	937	8m	2.326	AAGCAA
1024169	1234	o6	1.800	AAGCAA
1024169	1612	o6	1.437	AAGCAA
1024178	47	7m8	1.461	AAGCAA
1024178	298	7m8	1.663	AAGCAA
1024184	329	7A1	1.029	AGCAAT
1024184	887	7m8	1.035	AGCAAT
1024184	954	o6	1.051	AAGCAA
1024184	1131	6m	2.037	AGCAAT
1024184	1386	o6	1.298	AAGCAA
1024189	168	o6	2.050	AAGCAA
1024189	1166	o6	1.800	AAGCAA
1024189	1265	o6	2.520	AAGCAA
1024195	1629	o6	1.209	AAGCAA
1024211	234	o6	1.156	AAGCAA
1024228	733	o6	1.053	AAGCAA
1024228	858	o6	2.449	AAGCAA
1024228	863	7m8	2.449	AAGCAA
1024241	836	o6	1.696	AAGCAA
1024250	322	6m	1.893	AGCAAT
1024279	344	o6	1.349	AAGCAA
1024301	356	o6	1.011	AAGCAA
1024301	361	8m	1.736	AGCAAT
1024328	265	7A1	1.486	AGCAAT
1024331	228	o6	1.865	AAGCAA
1024342	2110	o6	1.282	AAGCAA
1024349	24	o6	1.535	AAGCAA
1024358	180	o6	2.175	AAGCAA
1024372	707	o6	1.116	AAGCAA
1024381	1692	o6	1.396	AAGCAA
1024381	1860	o6	1.267	AAGCAA
1024381	2876	o6	1.045	AAGCAA
1024384	315	6m	2.274	AGCAAT
1024385	1035	6m	1.953	AGCAAT
1024393	333	o6	1.983	AAGCAA
1024393	772	7m8	2.048	AAGCAA
1024394	241	o6	1.109	AAGCAA
1024397	1796	o6	1.284	AAGCAA
1024465	701	o6	1.525	AAGCAA
1024465	914	7m8	3.082	AAGCAA
1024486	288	o6	1.277	AAGCAA
1024502	670	o6	2.880	AAGCAA
1024510	103	7m8	1.183	AAGCAA
1024525	276	8m	1.316	AAGCAA
1024525	284	7m8	1.316	AAGCAA
1024525	624	6m	1.915	AGCAAT
1024537	98	7m8	1.510	AAGCAA
1024537	164	8m	1.713	AAGCAA
1024556	74	o6	1.008	AAGCAA
1024562	52	o6	1.285	AAGCAA
1024601	450	o6	3.311	AAGCAA
1024609	214	o6	1.322	AAGCAA
1024612	1028	o6	1.211	AAGCAA
1024619	138	o6	1.485	AAGCAA
1024619	155	o6	1.007	AAGCAA
1024619	690	6m	1.304	AGCAAT
1024619	2160	7m8	1.946	AAGCAA
1024619	2433	7A1	1.440	AGCAAT
1024619	2777	o6	1.081	AAGCAA
1024619	2978	6m	1.400	AGCAAT
1024619	4013	6m	1.322	AGCAAT
1024619	4072	o6	1.053	AAGCAA
1024622	813	6m	1.414	AGCAAT
1024634	572	7m8	1.751	AAGCAA
1024639	982	7m8	2.350	AAGCAA
1024639	1325	7A1	1.012	AGCAAT
1024648	2904	o6	2.283	AAGCAA
1024648	4240	o6	1.322	AAGCAA
1024648	6144	o6	1.264	AAGCAA
1024648	6221	7A1	1.053	AGCAAT
1024648	6878	o6	1.053	AAGCAA
1024648	6918	7A1	1.015	AGCAAT
1024648	6991	7A1	1.606	AGCAAT
1024648	7116	o6	1.053	AAGCAA
1024648	8573	o6	1.869	AAGCAA
1024648	8826	o6	1.156	AAGCAA
1024648	9083	o6	1.365	AAGCAA
1024648	9094	o6	1.171	AAGCAA
1024648	9949	o6	1.316	AAGCAA
1024648	12300	o6	1.053	AAGCAA
1024648	12559	7m8	1.899	AAGCAA
1024648	12837	o6	2.201	AAGCAA
1024648	14077	o6	1.622	AAGCAA
1024648	14174	8m	1.322	AAGCAA
1024648	14744	o6	1.053	AAGCAA
1024667	87	o6	1.648	AAGCAA
1024672	333	o6	1.058	AAGCAA
1024708	534	6m	1.590	AGCAAT
1024715	1711	7m8	2.751	AAGCAA
1024715	1890	7A1	1.976	AGCAAT
1024715	2018	o6	1.805	AAGCAA
1024715	4407	o6	2.634	AAGCAA
1024715	4807	o6	1.250	AAGCAA
1024721	738	6m	1.288	AGCAAT
1024721	1992	o6	2.321	AAGCAA
1024733	1376	o6	1.704	AAGCAA
1024745	71	o6	1.073	AAGCAA
1024748	174	o6	1.781	AAGCAA
1024757	642	o6	1.828	AAGCAA
1024757	734	o6	1.241	AAGCAA
1024774	252	6m	2.352	AGCAAT
1024774	735	6m	1.818	AGCAAT
1024829	2431	6m	1.467	AGCAAT
1024843	650	o6	1.694	AAGCAA
1024843	1778	8m	1.932	AAGCAA
1024847	686	7m8	1.212	AAGCAA
1024873	409	8m	1.124	AGCAAT
1024904	1620	o6	2.544	AAGCAA
1024904	4241	o6	1.079	AAGCAA
1024930	256	6m	1.690	AGCAAT
1024935	688	o6	1.147	AAGCAA
1024939	461	o6	1.158	AAGCAA
1024939	1225	7A1	2.073	AGCAAT
1024945	126	7m8	1.223	AAGCAA
1024945	203	7m8	2.544	AAGCAA
1024956	285	8m	2.556	AAGCAA
1024956	319	o6	1.120	AAGCAA
1024956	324	o6	1.120	AAGCAA
1024956	360	o6	1.071	AAGCAA
1024956	385	o6	1.084	AAGCAA
1024956	2410	o6	1.024	AAGCAA
1024956	4425	7m8	2.635	AAGCAA
1024956	4552	7m8	2.223	AGCAAT
1024956	5512	o6	2.471	AAGCAA
1024956	5621	o6	2.262	AAGCAA
1024956	6974	8m	2.278	AAGCAA
1024971	778	7m8	1.288	AAGCAA
1024975	215	7A1	1.907	AGCAAT
1024978	816	6m	2.325	AGCAAT
1024983	318	8m	2.251	AAGCAA
1024987	395	o6	1.629	AAGCAA
1025001	975	o6	1.456	AAGCAA
1025032	101	o6	1.496	AAGCAA
1025032	661	6m	2.544	AGCAAT
1025046	189	6m	2.368	AGCAAT
1025046	690	o6	1.447	AAGCAA
1025055	984	7A1	1.322	AGCAAT
1025059	965	8m	2.280	AAGCAA
1025059	1564	o6	1.448	AAGCAA
1025059	2114	o6	1.208	AAGCAA
1025059	2367	o6	1.933	AAGCAA
1025064	349	6m	2.073	AGCAAT
1025064	2163	o6	1.206	AAGCAA
1025143	208	o6	2.265	AAGCAA
1025168	386	6m	2.548	AGCAAT
1025173	834	8m	2.694	AGCAAT
1025179	601	o6	1.574	AAGCAA
1025201	56	7A1	1.333	AGCAAT
1025207	265	o6	1.637	AAGCAA
1025229	1466	o6	2.204	AAGCAA
1025229	1672	o6	2.219	AAGCAA
1025229	2095	7m8	2.400	AGCAAT
1025229	2767	6m	1.415	AGCAAT
1025229	2777	6m	1.415	AGCAAT
1025235	7	7m8	1.571	AAGCAA
1025235	56	o6	1.091	AAGCAA
1025235	381	o6	1.255	AAGCAA
1025238	77	o6	1.770	AAGCAA
1025242	1355	o6	1.575	AAGCAA
1025262	54	o6	1.328	AAGCAA
1025269	222	o6	1.577	AAGCAA
1025269	375	o6	1.799	AAGCAA
1025269	393	6m	1.500	AGCAAT
1025269	515	6m	1.183	AGCAAT
1025293	321	o6	1.793	AAGCAA
1025293	1571	7m8	1.571	AAGCAA
1025298	543	o6	2.444	AAGCAA
1025298	835	o6	2.341	AAGCAA
1025308	549	o6	2.025	AAGCAA
1025340	230	o6	1.477	AAGCAA
1025340	551	o6	1.754	AAGCAA
1025340	675	o6	1.759	AAGCAA
1025340	864	6m	2.097	AGCAAT
1025352	356	o6	3.340	AAGCAA
1025370	729	o6	2.074	AAGCAA
1025371	573	7A1	1.782	AGCAAT
1025424	771	6m	1.215	AGCAAT
1025434	240	o6	1.361	AAGCAA
1025443	54	8m	3.005	AAGCAA
1025455	497	8m	2.721	AAGCAA
1025455	1226	o6	2.149	AAGCAA
1025455	1303	o6	1.255	AAGCAA
1025512	1206	7A1	1.638	AGCAAT
1025562	73	6m	2.206	AGCAAT
1025565	681	o6	1.633	AAGCAA
1025600	72	8m	2.989	AAGCAA
1025614	846	7A1	1.116	AGCAAT
1025614	1012	o6	1.732	AAGCAA
1025630	2008	o6	2.533	AAGCAA
1025630	2053	o6	1.104	AAGCAA
1025642	168	6m	1.820	AGCAAT
1025642	512	o6	1.400	AAGCAA
1025654	2975	o6	1.444	AAGCAA
1025654	3849	o6	1.533	AAGCAA
1025672	497	6m	1.086	AGCAAT
1025708	145	6m	1.508	AGCAAT
1025724	479	8m	1.663	AAGCAA
1025724	673	o6	1.261	AAGCAA
1025725	681	7m8	2.070	AAGCAA
1025730	64	6m	1.588	AGCAAT
1025755	199	6m	2.984	AGCAAT
1025776	1151	7m8	1.298	AAGCAA
1025800	291	7A1	2.608	AGCAAT
1025808	112	o6	1.154	AAGCAA
1025809	37	7A1	1.116	AGCAAT
1025815	493	o6	1.747	AAGCAA
1025824	223	8m	2.032	AAGCAA
1025851	560	o6	1.053	AAGCAA
1025854	292	7A1	1.167	AGCAAT
1025872	351	7m8	2.025	AAGCAA
1025955	169	7m8	2.315	AAGCAA
1025962	194	8m	1.079	AAGCAA
1025982	27	o6	1.777	AAGCAA
1026068	89	o6	1.260	AAGCAA
1026074	138	o6	1.133	AAGCAA
1026087	101	6m	1.724	AGCAAT
1026095	21	o6	2.596	AAGCAA
1026095	1101	o6	1.191	AAGCAA
1026095	1407	7m8	3.034	AAGCAA
1026095	1483	7A1	2.178	AGCAAT
1026095	2393	o6	2.660	AAGCAA
1026095	2689	7m8	2.433	AAGCAA
1026111	384	o6	1.448	AAGCAA
1026111	398	6m	2.026	AGCAAT
1026126	84	7A1	1.284	AGCAAT
1026126	102	6m	1.254	AGCAAT
1026185	346	o6	2.215	AAGCAA
1026185	754	o6	1.975	AAGCAA
1026222	76	6m	1.002	AGCAAT
1026262	1317	o6	1.600	AAGCAA
1026287	385	o6	1.316	AAGCAA
1026287	446	7m8	2.544	AGCAAT
1026296	208	o6	1.086	AAGCAA
1026364	373	7A1	1.210	AGCAAT
1026400	55	o6	1.305	AAGCAA
1026400	231	o6	1.453	AAGCAA
1026400	451	o6	3.057	AAGCAA
1026480	836	o6	1.061	AAGCAA
1026512	100	o6	1.122	AAGCAA
1026558	39	o6	1.835	AAGCAA
1026558	1109	7A1	2.035	AGCAAT
1026657	579	6m	1.057	AGCAAT
1026660	56	6m	1.057	AGCAAT
1026688	578	6m	1.484	AGCAAT
1026711	1270	7m8	1.328	AAGCAA
1026711	1511	o6	1.690	AAGCAA
1026711	2860	o6	1.377	AAGCAA
1026711	3129	8m	2.608	AAGCAA
1026711	3730	o6	1.073	AAGCAA
1026726	967	7m8	2.554	AAGCAA
1026726	1234	8m	1.277	AGCAAT
1026749	147	o6	1.087	AAGCAA
1026750	248	6m	1.514	AGCAAT
1026812	351	8m	1.408	AGCAAT
1026838	468	o6	2.486	AAGCAA
1026841	97	o6	2.302	AAGCAA
1026841	1634	6m	2.377	AGCAAT
1026846	106	o6	1.094	AAGCAA
1026853	1116	o6	2.425	AAGCAA
1026853	1139	7m8	2.425	AAGCAA
1026853	2632	o6	1.284	AAGCAA
1026864	86	8m	2.302	AAGCAA
1026885	413	6m	1.284	AGCAAT
1026888	274	7m8	1.029	AAGCAA
1026914	249	o6	1.881	AAGCAA
1026950	240	o6	1.258	AAGCAA
1026974	42	7m8	2.092	AGCAAT
1026981	579	7m8	2.073	AAGCAA
1026981	805	8m	2.073	AAGCAA
1026999	757	o6	1.321	AAGCAA
1026999	1309	7m8	2.472	AAGCAA
1027002	1084	o6	1.101	AAGCAA
1027153	810	o6	1.805	AAGCAA
1027226	607	7m8	1.088	AAGCAA
1027262	135	7m8	2.073	AAGCAA
1027266	372	6m	2.336	AGCAAT
1027272	40	7m8	2.016	AAGCAA
1027363	39	6m	1.253	AGCAAT
1027374	95	o6	1.115	AAGCAA
1027393	234	7m8	1.228	AAGCAA
1027423	679	o6	1.647	AAGCAA
1027426	463	o6	1.415	AAGCAA
1027535	423	8m	1.281	AAGCAA
1027564	36	6m	3.163	AGCAAT
1027564	49	o6	2.833	AAGCAA
1027616	78	7m8	2.788	AAGCAA
1027622	76	o6	3.005	AAGCAA
1027629	210	8m	2.847	AAGCAA
1027637	646	o6	1.597	AAGCAA
1027637	656	o6	1.298	AAGCAA
1027712	68	o6	1.011	AAGCAA
1027760	15	7A1	1.320	AGCAAT
1027801	798	o6	1.681	AAGCAA
1027825	269	7m8	1.690	AGCAAT
1027825	295	o6	1.679	AAGCAA
1027831	1146	o6	1.190	AAGCAA
1027844	362	7A1	1.294	AGCAAT
1027912	546	o6	1.990	AAGCAA
1027912	1032	7A1	2.794	AGCAAT
1027912	1350	o6	1.162	AAGCAA
1028011	354	o6	2.123	AAGCAA
1028011	789	o6	1.159	AAGCAA
1028028	108	6m	2.189	AGCAAT
1028081	248	7m8	1.326	AAGCAA
1028143	122	6m	2.300	AGCAAT
1028235	71	7m8	2.357	AAGCAA
1028236	155	7A1	1.519	AGCAAT
1028269	132	o6	1.500	AAGCAA
1028269	205	7A1	1.891	AGCAAT
1028269	211	7A1	1.891	AGCAAT
1028426	269	o6	2.526	AAGCAA
1028441	397	o6	1.936	AAGCAA
1028447	627	o6	1.642	AAGCAA
1028512	571	o6	2.033	AAGCAA
1028512	886	6m	1.336	AGCAAT
1028526	1227	7m8	2.609	AGCAAT
1028527	1526	7m8	2.759	AAGCAA
1028527	1588	7m8	2.395	AAGCAA
1028527	1773	o6	1.032	AAGCAA
1028648	1018	o6	1.920	AAGCAA
1028678	106	o6	1.253	AAGCAA
1028710	477	7A1	1.287	AGCAAT
1028710	583	o6	1.697	AAGCAA
1028710	1715	o6	1.085	AAGCAA
1028731	145	6m	2.025	AGCAAT
1028734	361	7m8	3.398	AAGCAA
1028734	2398	6m	2.073	AGCAAT
1028734	3170	6m	1.919	AGCAAT
1028734	4064	6m	1.990	AGCAAT
1028734	4413	o6	3.105	AAGCAA
1028751	509	o6	1.136	AAGCAA
1028751	1270	o6	1.172	AAGCAA
1028761	7	7m8	1.029	AAGCAA
1028931	193	7m8	1.289	AAGCAA
1028931	1042	6m	1.138	AGCAAT
1028959	334	7m8	1.646	AGCAAT
1029037	471	o6	2.220	AAGCAA
1029051	158	6m	1.271	AGCAAT
1029051	305	o6	1.091	AAGCAA
1029069	197	7A1	1.289	AGCAAT
1029069	950	o6	2.020	AAGCAA
1029069	1330	o6	1.885	AAGCAA
1029069	1861	o6	1.839	AAGCAA
1029069	1960	o6	1.053	AAGCAA
1029069	3134	o6	2.019	AAGCAA
1029069	3524	o6	1.322	AAGCAA
1029073	151	7A1	2.220	AGCAAT
1029097	435	o6	1.048	AAGCAA
1029097	676	o6	1.118	AAGCAA
1029097	696	o6	1.320	AAGCAA
1029097	1574	7A1	1.104	AGCAAT
1029097	1922	o6	1.490	AAGCAA
1029125	454	o6	2.343	AAGCAA
1029125	462	o6	2.343	AAGCAA
1029125	513	o6	1.366	AAGCAA
1029133	3	o6	1.305	AAGCAA
1029165	1174	6m	1.241	AGCAAT
1029180	308	6m	1.525	AGCAAT
1029189	1005	8m	2.631	AAGCAA
1029189	1451	o6	1.577	AAGCAA
1029192	726	o6	1.092	AAGCAA
1029255	434	o6	1.438	AAGCAA
1029309	160	o6	2.334	AAGCAA
1029369	32	6m	2.544	AGCAAT
1029369	1371	o6	2.378	AAGCAA
1029384	200	o6	1.120	AAGCAA
1029391	458	7m8	1.685	AAGCAA
1029462	998	6m	1.781	AGCAAT
1029504	1113	7m8	1.651	AGCAAT
1029532	415	6m	1.606	AGCAAT
1029556	216	o6	2.010	AAGCAA
1029558	720	6m	2.344	AGCAAT
1029564	411	7m8	2.749	AAGCAA
1029641	219	7A1	1.384	AGCAAT
1029679	189	o6	1.685	AAGCAA
1029679	224	8m	1.577	AAGCAA
1029685	473	6m	1.571	AGCAAT
1029692	479	7A1	1.997	AGCAAT
1029728	200	7A1	1.931	AGCAAT
1029728	1164	7A1	1.322	AGCAAT
1029782	782	o6	1.451	AAGCAA
1029782	1016	o6	1.370	AAGCAA
1029788	21	6m	1.808	AGCAAT
1029846	705	7m8	1.747	AAGCAA
1029862	472	6m	1.312	AGCAAT
1029891	121	o6	1.255	AAGCAA
1029934	108	7A1	1.239	AGCAAT
1029934	333	o6	2.917	AAGCAA
1029934	1005	6m	2.394	AGCAAT
1029944	558	8m	1.220	AAGCAA
1029955	117	o6	2.841	AAGCAA
1030088	120	o6	1.288	AAGCAA
1030123	1070	6m	2.073	AGCAAT
1030189	76	o6	1.302	AAGCAA
1030192	15	o6	1.306	AAGCAA
1030245	404	o6	1.285	AAGCAA
1030258	53	6m	1.604	AGCAAT
1030258	64	o6	2.753	AAGCAA
1030258	369	o6	1.500	AAGCAA
1030266	33	o6	1.255	AAGCAA
1030266	1629	7m8	1.564	AAGCAA
1030266	2332	o6	2.227	AAGCAA
1030308	392	o6	2.466	AAGCAA
1030308	451	o6	1.808	AAGCAA
1030308	911	o6	1.514	AAGCAA
1030335	945	o6	1.482	AAGCAA
1030340	725	o6	2.262	AAGCAA
1030340	1221	o6	1.966	AAGCAA
1030405	61	o6	2.551	AAGCAA
1030476	72	6m	1.138	AGCAAT
1030525	235	o6	1.160	AAGCAA
1030556	1644	o6	1.687	AAGCAA
1030556	1650	o6	1.687	AAGCAA
1030653	623	7A1	2.933	AGCAAT
1030658	283	7m8	2.477	AAGCAA
1030658	543	7m8	1.741	AAGCAA
1030658	946	o6	2.477	AAGCAA
1030659	187	7m8	1.881	AGCAAT
1030688	246	7m8	1.920	AAGCAA
1030691	179	7m8	1.016	AAGCAA
1030692	146	6m	2.139	AGCAAT
1030731	175	6m	1.329	AGCAAT
1030782	1242	6m	2.467	AGCAAT
1030882	585	6m	1.786	AGCAAT
1030965	28	7A1	1.364	AGCAAT
1031039	454	6m	3.216	AGCAAT
1031046	221	o6	1.937	AAGCAA
1031052	239	o6	1.292	AAGCAA
1031085	127	o6	1.179	AAGCAA
1031142	466	o6	1.265	AAGCAA
1031183	299	7A1	1.548	AGCAAT
1031199	3678	7m8	2.705	AAGCAA
1031211	77	6m	1.531	AGCAAT
1031211	236	7m8	1.943	AAGCAA
1031211	328	o6	1.205	AAGCAA
1031211	418	o6	1.358	AAGCAA
1031211	803	o6	2.282	AAGCAA
1031223	539	7m8	2.652	AAGCAA
1031224	1194	7m8	1.189	AAGCAA
1031224	1838	6m	2.196	AGCAAT
1031227	641	8m	1.687	AGCAAT
1031304	626	7m8	2.694	AAGCAA
1031304	1145	6m	2.694	AGCAAT
1031375	123	o6	1.749	AAGCAA
1031375	550	o6	1.189	AAGCAA
1031375	596	o6	1.573	AAGCAA
1031375	1033	o6	1.284	AAGCAA
1031390	4719	7m8	2.807	AAGCAA
1031390	7402	7m8	1.787	AAGCAA
1031453	75	8m	1.298	AAGCAA
1031464	237	7m8	1.388	AGCAAT
1031479	1842	o6	3.034	AAGCAA
1031480	307	o6	1.950	AAGCAA
1031495	949	8m	2.718	AAGCAA
1031498	1105	7m8	1.250	AGCAAT
1031503	111	7A1	2.220	AGCAAT
1031541	1635	8m	2.843	AGCAAT
1031547	593	8m	1.977	AAGCAA
1031596	33	o6	1.206	AAGCAA
1031602	322	7A1	1.201	AGCAAT
1031755	232	o6	1.265	AAGCAA
1031755	453	7m8	1.577	AGCAAT
1031791	238	o6	2.265	AAGCAA
1031791	279	7m8	2.449	AAGCAA
1031805	825	7m8	1.606	AGCAAT
1031814	593	8m	2.031	AGCAAT
1031814	623	o6	1.083	AAGCAA
1031830	62	7A1	1.030	AGCAAT
1031833	81	o6	1.968	AAGCAA
1031883	210	o6	1.105	AAGCAA
1031887	671	6m	1.285	AGCAAT
1031918	101	o6	1.036	AAGCAA
1031918	155	o6	1.082	AAGCAA
1031953	237	7m8	1.388	AGCAAT
1031994	253	7m8	2.660	AAGCAA
1031994	1152	6m	1.145	AGCAAT
1031994	2280	o6	1.882	AAGCAA
1031994	2370	o6	2.105	AAGCAA
1031997	793	7m8	2.426	AAGCAA
1031997	901	o6	1.317	AAGCAA
1031997	916	o6	1.201	AAGCAA
1031997	940	o6	1.120	AAGCAA
1032009	756	7m8	1.874	AAGCAA
1032028	46	7m8	1.963	AAGCAA
1032031	898	o6	1.100	AAGCAA
1032040	30	7m8	1.959	AAGCAA
1032040	92	o6	1.729	AAGCAA
1032090	538	o6	1.523	AAGCAA
1032279	161	6m	2.026	AGCAAT
1032279	294	6m	1.316	AGCAAT
1032295	1658	6m	1.051	AGCAAT
1032328	1113	8m	2.720	AGCAAT
1032333	134	8m	2.872	AAGCAA
1032333	248	o6	1.463	AAGCAA
1032333	266	o6	2.128	AAGCAA
1032333	2425	6m	1.300	AGCAAT
1032334	736	o6	2.024	AAGCAA
1032366	422	6m	1.201	AGCAAT
1032369	1953	o6	2.219	AAGCAA
1032369	3654	o6	1.279	AAGCAA
1032412	111	8m	1.684	AAGCAA
1032420	1458	o6	2.494	AAGCAA
1032456	228	o6	1.549	AAGCAA
1032462	128	o6	1.032	AAGCAA
1032466	1230	7A1	3.224	AGCAAT
1032471	1113	o6	1.011	AAGCAA
1032475	1393	7m8	1.284	AAGCAA
1032486	617	o6	1.429	AAGCAA
1032498	1168	o6	1.165	AAGCAA
1032508	312	o6	1.409	AAGCAA
1032607	535	o6	2.026	AAGCAA
1032607	619	o6	2.026	AAGCAA
1032608	224	o6	1.556	AAGCAA
1032613	1327	o6	2.311	AAGCAA
1032617	583	o6	1.709	AAGCAA
1032622	299	o6	1.007	AAGCAA
1032622	1140	6m	1.239	AGCAAT
1032622	2355	7A1	1.284	AGCAAT
1032622	4987	o6	1.399	AAGCAA
1032634	603	7m8	3.034	AAGCAA
1032634	844	o6	2.424	AAGCAA
1032634	1482	6m	1.056	AGCAAT
1032634	2029	7A1	1.533	AGCAAT
1032640	349	7m8	2.031	AAGCAA
1032693	460	o6	1.308	AAGCAA
1032693	1702	o6	2.098	AAGCAA
1032713	1131	o6	1.285	AAGCAA
1032713	1467	o6	1.041	AAGCAA
1032713	2165	o6	1.104	AAGCAA
1032728	555	o6	2.637	AAGCAA
1032799	1585	o6	1.780	AAGCAA
1032799	1634	7m8	2.676	AAGCAA
1032799	2896	6m	3.273	AGCAAT
1032802	220	8m	2.442	AAGCAA
1032802	266	o6	1.399	AAGCAA
1032822	2731	o6	2.093	AAGCAA
1032829	459	6m	2.433	AGCAAT
1032843	32	o6	1.082	AAGCAA
1032843	143	8m	1.911	AAGCAA
1032843	574	7m8	1.082	AAGCAA
1032876	1169	7m8	1.159	AGCAAT
1032880	296	o6	2.291	AAGCAA
1032880	438	o6	1.500	AAGCAA
1032880	511	7A1	1.891	AGCAAT
1032880	517	7A1	1.891	AGCAAT
1032884	919	o6	1.321	AAGCAA
1032902	1846	o6	2.469	AAGCAA
1032918	69	o6	1.100	AAGCAA
1032929	1059	o6	1.912	AAGCAA
1032938	78	7A1	1.731	AGCAAT
1032956	659	6m	1.333	AGCAAT
1032964	649	6m	1.169	AGCAAT
1032965	54	o6	1.122	AAGCAA
1032965	1215	o6	2.053	AAGCAA
1032968	575	6m	1.916	AGCAAT
1032987	2135	6m	1.725	AGCAAT
1033008	2234	7m8	2.788	AAGCAA
1033008	3988	6m	1.562	AGCAAT
1033011	2	o6	1.078	AAGCAA
1033011	1472	o6	1.892	AAGCAA
1033025	37	6m	1.481	AGCAAT
1033037	810	7m8	2.187	AAGCAA
1033041	487	o6	1.414	AAGCAA
1033070	765	6m	1.560	AGCAAT
1033070	1089	7m8	2.473	AAGCAA
1033085	103	o6	1.221	AAGCAA
1033085	1884	7A1	2.196	AGCAAT
1033085	2059	o6	1.495	AAGCAA
1033141	40	o6	1.629	AAGCAA
1033141	88	o6	1.780	AAGCAA
1033141	93	o6	1.780	AAGCAA
1033141	2606	o6	1.926	AAGCAA
1033141	3473	o6	2.165	AAGCAA
1033141	3581	o6	2.517	AAGCAA
1033141	6232	o6	1.607	AAGCAA
1033141	6749	o6	1.740	AAGCAA
1033151	135	o6	1.560	AAGCAA
1033152	1574	o6	2.073	AAGCAA
1033152	2129	o6	1.105	AAGCAA
1033160	686	7m8	1.598	AAGCAA
1033187	424	7A1	1.770	AGCAAT
1033218	1119	o6	1.478	AAGCAA
1033226	178	7m8	4.020	AAGCAA
1033227	1544	o6	1.529	AAGCAA
1033244	594	6m	1.053	AGCAAT
1033244	625	6m	2.400	AGCAAT
1033244	803	7A1	1.794	AGCAAT
1033250	1280	6m	1.012	AGCAAT
1033281	270	7m8	1.853	AAGCAA
1033293	64	o6	1.612	AAGCAA
1033328	732	o6	1.159	AAGCAA
1033328	869	6m	2.167	AGCAAT
1033328	1283	o6	1.503	AAGCAA
1033333	159	7m8	2.203	AAGCAA
1033333	881	6m	1.243	AGCAAT
1033351	1120	o6	1.032	AAGCAA
1033362	688	o6	1.689	AAGCAA
1033373	999	o6	1.053	AAGCAA
1033384	33	o6	1.529	AAGCAA
1033384	169	o6	1.043	AAGCAA
1033384	701	8m	1.872	AAGCAA
1033384	2303	o6	1.069	AAGCAA
1033399	396	o6	1.137	AAGCAA
1033409	2404	o6	1.333	AAGCAA
1033409	2441	6m	1.500	AGCAAT
1033431	1346	o6	3.767	AAGCAA
1033452	190	8m	1.405	AAGCAA
1033452	1980	7A1	2.025	AGCAAT
1033452	2069	o6	1.606	AAGCAA
1033452	2238	6m	1.284	AGCAAT
1033452	2265	6m	1.605	AGCAAT
1033452	2901	o6	2.660	AAGCAA
1033461	480	o6	1.423	AAGCAA
1033469	828	o6	1.346	AAGCAA
1033469	1053	7m8	1.606	AAGCAA
1033481	1437	6m	1.009	AGCAAT
1033481	2478	7m8	3.347	AAGCAA
1033481	3129	o6	1.836	AAGCAA
1033481	4958	o6	2.654	AAGCAA
1033481	4965	o6	2.654	AAGCAA
1033535	754	o6	1.290	AAGCAA
1033565	300	o6	1.298	AAGCAA
1033565	841	6m	1.322	AGCAAT
1033565	4248	o6	1.221	AAGCAA
1033571	1525	o6	1.016	AAGCAA
1033571	2125	o6	1.171	AAGCAA
1033571	3000	7m8	2.112	AAGCAA
1033571	4951	o6	1.313	AAGCAA
1033575	526	o6	1.136	AAGCAA
1033592	1734	o6	2.362	AAGCAA
1033598	857	o6	1.084	AAGCAA
1033598	905	8m	1.379	AAGCAA
1033598	3035	o6	1.322	AAGCAA
1033598	4200	o6	1.322	AAGCAA
1033598	4913	6m	1.687	AGCAAT
1033598	5627	7A1	1.955	AGCAAT
1033601	838	o6	1.255	AAGCAA
1033602	527	6m	1.235	AGCAAT
1033602	1216	6m	2.025	AGCAAT
1033616	627	o6	1.642	AAGCAA
1033658	1162	7A1	3.467	AGCAAT
1033712	726	7m8	1.068	AAGCAA
1033712	788	o6	1.533	AAGCAA
1033732	667	6m	1.322	AGCAAT
1033739	354	6m	1.560	AGCAAT
1033739	588	6m	1.220	AGCAAT
1033739	932	7A1	2.059	AGCAAT
1033751	676	o6	1.091	AAGCAA
1033751	2343	7m8	1.600	AAGCAA
1033754	305	o6	1.091	AAGCAA
1033754	1972	7m8	1.600	AAGCAA
1033757	1391	7m8	1.600	AAGCAA
1033760	995	7m8	1.904	AAGCAA
1033763	395	7m8	1.904	AAGCAA
1033786	111	7m8	1.521	AAGCAA
1033786	1357	o6	1.990	AAGCAA
1033789	231	o6	1.553	AAGCAA
1033789	1199	o6	1.517	AAGCAA
1033789	4393	6m	1.606	AGCAAT
1033833	114	o6	2.055	AAGCAA
1033833	313	6m	1.479	AGCAAT
1033833	445	o6	1.417	AAGCAA
1033865	490	o6	1.573	AAGCAA
1033877	801	6m	1.284	AGCAAT
1033877	3077	o6	2.253	AAGCAA
1033883	1494	6m	4.122	AGCAAT
1033907	857	o6	1.605	AAGCAA
1033956	1068	7A1	2.280	AGCAAT
1033960	180	7m8	2.025	AAGCAA
1033960	2215	o6	1.180	AAGCAA
1033971	244	o6	1.010	AAGCAA
1033971	2228	o6	1.255	AAGCAA
1033971	2417	8m	2.255	AGCAAT
1033984	176	o6	1.804	AAGCAA
1033987	56	o6	2.187	AAGCAA
1033995	292	7A1	1.273	AGCAAT
1034004	919	7m8	1.265	AGCAAT
1034068	107	7A1	2.529	AGCAAT
1034068	6582	7m8	4.296	AAGCAA
1034164	109	o6	2.585	AAGCAA
1034247	250	o6	1.284	AAGCAA
1034247	275	o6	3.034	AAGCAA
1034247	2601	o6	2.149	AAGCAA
1034247	2816	o6	1.026	AAGCAA
1034259	389	o6	2.321	AAGCAA
1034265	223	o6	1.815	AAGCAA
1034304	3629	o6	2.787	AAGCAA
1034311	699	o6	1.018	AAGCAA
1034316	237	7A1	2.856	AGCAAT
1034316	435	o6	1.227	AAGCAA
1034316	1672	o6	1.312	AAGCAA
1034316	2158	6m	2.429	AGCAAT
1034316	2819	7m8	1.278	AAGCAA
1034322	85	o6	1.235	AAGCAA
1034331	51	7A1	2.912	AGCAAT
1034331	2178	7m8	2.859	AAGCAA
1034331	2946	6m	1.159	AGCAAT
1034331	3648	6m	1.131	AGCAAT
1034331	3813	7m8	2.828	AAGCAA
1034331	4585	o6	1.310	AAGCAA
1034358	424	o6	1.250	AAGCAA
1034361	490	7m8	2.462	AAGCAA
1034361	613	o6	1.068	AAGCAA
1034362	421	7A1	4.576	AGCAAT
1034370	1132	6m	1.352	AGCAAT
1034370	1139	7A1	1.352	AGCAAT
1034397	2009	o6	1.006	AAGCAA
1034397	3167	o6	1.328	AAGCAA
1034406	795	o6	1.410	AAGCAA
1034406	1393	o6	2.065	AAGCAA
1034427	720	o6	1.650	AAGCAA
1034469	328	7m8	1.027	AAGCAA
1034469	2125	6m	3.977	AGCAAT
1034472	12	7m8	1.130	AAGCAA
1034493	1160	o6	2.696	AAGCAA
1034496	30	o6	1.560	AAGCAA
1034496	575	o6	1.697	AAGCAA
1034499	910	7A1	3.994	AGCAAT
1034514	148	7m8	1.100	AAGCAA
1034521	438	o6	1.014	AAGCAA
1034535	76	7m8	1.155	AAGCAA
1034539	1526	o6	1.333	AAGCAA
1034545	613	o6	1.701	AAGCAA
1034545	1469	o6	1.961	AAGCAA
1034556	357	7m8	2.025	AAGCAA
1034556	585	o6	1.631	AAGCAA
1034556	961	o6	1.795	AAGCAA
1034557	25	o6	1.303	AAGCAA
1034557	200	8m	2.338	AAGCAA
1034557	328	6m	1.092	AGCAAT
1034565	680	6m	1.559	AGCAAT
1034569	3617	o6	1.996	AAGCAA
1034569	4470	o6	2.147	AAGCAA
1034569	4489	o6	1.690	AAGCAA
1034569	7240	o6	2.726	AAGCAA
1034569	7245	o6	2.726	AAGCAA
1034569	7255	o6	1.175	AAGCAA
1034569	7266	o6	1.619	AAGCAA
1034569	7272	o6	1.928	AAGCAA
1034569	7277	7m8	1.700	AAGCAA
1034569	7294	o6	1.943	AAGCAA
1034589	736	o6	1.606	AAGCAA
1034589	776	o6	1.321	AAGCAA
1034593	1027	o6	1.028	AAGCAA
1034620	211	6m	1.031	AGCAAT
1034620	408	o6	1.300	AAGCAA
1034649	148	o6	3.331	AAGCAA
1034665	2384	o6	2.619	AAGCAA
1034679	471	o6	1.446	AAGCAA
1034679	3857	o6	1.098	AAGCAA
1034690	279	6m	1.854	AGCAAT
1034690	1454	o6	1.002	AAGCAA
1034690	1511	7A1	2.015	AGCAAT
1034694	388	8m	1.360	AAGCAA
1034726	1016	o6	1.268	AAGCAA
1034736	399	8m	2.309	AAGCAA
1034739	168	o6	1.349	AAGCAA
1034739	338	7m8	3.542	AAGCAA
1034739	2652	o6	1.560	AAGCAA
1034739	2702	o6	1.560	AAGCAA
1034739	3047	o6	1.098	AAGCAA
1034748	1107	6m	2.321	AGCAAT
1034756	757	o6	1.040	AAGCAA
1034771	747	o6	1.926	AAGCAA
1034771	1963	o6	3.031	AAGCAA
1034828	518	7m8	2.111	AAGCAA
1034831	274	o6	2.321	AAGCAA
1034842	40	7m8	1.894	AAGCAA
1034879	146	o6	1.241	AAGCAA
1034893	134	o6	1.053	AAGCAA
1034893	631	o6	1.468	AAGCAA
1034899	2311	o6	1.838	AAGCAA
1034899	2317	o6	1.838	AAGCAA
1034899	2539	o6	2.960	AAGCAA
1034899	3523	o6	1.452	AAGCAA
1034902	306	7m8	1.998	AGCAAT
1034917	2800	o6	1.481	AAGCAA
1034941	1412	o6	2.878	AAGCAA
1034941	1474	o6	1.635	AAGCAA
1034941	2242	6m	1.306	AGCAAT
1034941	3217	o6	1.248	AAGCAA
1034977	216	o6	1.551	AAGCAA
1034977	843	o6	1.573	AAGCAA
1034977	889	o6	1.006	AAGCAA
1034984	984	o6	1.133	AAGCAA
1034995	2216	o6	1.288	AAGCAA
1034995	3482	7m8	3.649	AAGCAA
1034995	3638	o6	1.012	AAGCAA
1034995	5485	o6	1.456	AAGCAA
1034995	5994	o6	2.025	AAGCAA
1034995	6463	o6	3.179	AAGCAA
1035001	1685	7A1	3.421	AGCAAT
1035001	3251	o6	3.698	AAGCAA
1035007	394	8m	1.347	AAGCAA
1035010	2074	o6	1.414	AAGCAA
1035010	4910	o6	1.972	AAGCAA
1035010	5146	o6	2.963	AAGCAA
1035015	186	o6	1.026	AAGCAA
1035015	198	8m	4.535	AGCAAT
1035015	265	o6	3.706	AAGCAA
1035015	331	o6	2.855	AAGCAA
1035015	539	o6	3.398	AAGCAA
1035030	184	o6	1.193	AAGCAA
1035037	503	7m8	1.639	AAGCAA
1035037	856	o6	1.448	AAGCAA
1035037	1675	7m8	1.535	AAGCAA
1035040	2365	o6	1.387	AAGCAA
1035040	4344	7m8	1.020	AAGCAA
1035040	4697	o6	1.053	AAGCAA
1035093	1078	o6	1.120	AAGCAA
1035093	1094	o6	1.377	AAGCAA
1035109	46	o6	1.173	AAGCAA
1035153	630	o6	1.175	AAGCAA
1035153	1433	o6	2.065	AAGCAA
1035172	29	7m8	2.320	AAGCAA
1035198	897	o6	1.073	AAGCAA
1035198	910	6m	1.618	AGCAAT
1035198	993	o6	3.744	AAGCAA
1035218	93	7m8	1.773	AGCAAT
1035251	334	7m8	2.796	AGCAAT
1035272	385	o6	1.652	AAGCAA
1035276	74	8m	3.412	AGCAAT
1035276	984	7A1	2.035	AGCAAT
1035287	258	6m	1.002	AGCAAT
1035288	693	o6	1.382	AAGCAA
1035288	1745	7m8	1.690	AAGCAA
1035288	1946	6m	1.376	AGCAAT
1035288	2181	o6	1.343	AAGCAA
1035341	22	6m	1.018	AGCAAT
1035341	144	7m8	1.623	AGCAAT
1035356	667	o6	1.234	AAGCAA
1035356	1004	7m8	3.711	AGCAAT
1035372	1025	6m	1.005	AGCAAT
1035380	1435	7A1	1.952	AGCAAT
1035407	368	6m	2.217	AGCAAT
1035408	589	o6	2.019	AAGCAA
1035426	786	o6	2.256	AAGCAA
1035447	16	o6	2.301	AAGCAA
1035447	275	o6	1.128	AAGCAA
1035447	615	6m	1.246	AGCAAT
1035447	923	7A1	2.348	AGCAAT
1035477	984	o6	2.073	AAGCAA
1035477	2015	7m8	1.328	AAGCAA
1035494	73	7A1	1.300	AGCAAT
1035506	666	6m	1.031	AGCAAT
1035506	1182	7A1	2.869	AGCAAT
1035527	78	7A1	1.740	AGCAAT
1035527	90	6m	1.497	AGCAAT
1035530	427	8m	1.434	AAGCAA
1035536	48	7m8	4.125	AGCAAT
1035536	331	7m8	1.307	AAGCAA
1035536	591	7m8	1.503	AAGCAA
1035543	355	o6	1.609	AAGCAA
1035561	1036	o6	1.105	AAGCAA
1035561	1404	o6	1.065	AAGCAA
1035566	46	o6	2.228	AAGCAA
1035566	1121	6m	2.924	AGCAAT
1035566	1598	o6	1.339	AAGCAA
1035569	2474	o6	1.277	AAGCAA
1035569	2484	o6	1.853	AAGCAA
1035569	4798	8m	1.622	AAGCAA
1035569	6766	7m8	1.584	AAGCAA
1035569	6891	o6	1.567	AAGCAA
1035569	7013	o6	2.010	AAGCAA
1035569	8421	7m8	2.247	AAGCAA
1035569	8688	7A1	1.548	AGCAAT
1035569	9265	o6	1.442	AAGCAA
1035569	9926	o6	1.106	AAGCAA
1035569	13377	7m8	1.098	AGCAAT
1035569	15277	o6	1.465	AAGCAA
1035569	16158	o6	2.255	AAGCAA
1035569	16758	o6	2.255	AAGCAA
1035569	18159	6m	2.629	AGCAAT
1035575	495	o6	1.093	AAGCAA
1035575	929	o6	2.339	AAGCAA
1035576	379	o6	1.440	AAGCAA
1035582	2121	o6	3.092	AAGCAA
1035594	1548	7m8	2.215	AAGCAA
1035602	540	o6	1.407	AAGCAA
1035602	570	o6	2.322	AAGCAA
1035602	1578	o6	1.280	AAGCAA
1035615	399	7A1	1.415	AGCAAT
1035656	2731	8m	1.006	AAGCAA
1035656	3119	7m8	1.687	AGCAAT
1035656	3370	6m	1.949	AGCAAT
1035656	3668	8m	2.718	AAGCAA
1035656	3688	7m8	1.682	AAGCAA
1035683	80	7A1	1.073	AGCAAT
1035701	292	7m8	2.609	AAGCAA
1035711	702	o6	1.262	AAGCAA
1035714	215	6m	1.404	AGCAAT
1035719	1120	7m8	1.337	AGCAAT
1035719	1159	o6	2.808	AAGCAA
1035762	402	7m8	2.040	AAGCAA
1035768	2750	o6	1.218	AAGCAA
1035783	749	o6	1.056	AAGCAA
1035783	784	o6	1.794	AAGCAA
1035783	3399	o6	1.193	AAGCAA
1035783	4072	o6	1.227	AAGCAA
1035794	353	o6	2.220	AAGCAA
1035798	504	o6	1.544	AAGCAA
1035801	3251	7m8	1.487	AAGCAA
1035827	406	6m	1.954	AGCAAT
1035836	613	o6	3.806	AAGCAA
1035843	1616	o6	1.278	AAGCAA
1035843	2161	7A1	1.278	AGCAAT
1035843	3145	o6	1.278	AAGCAA
1035843	3217	o6	1.264	AAGCAA
1035879	114	o6	1.023	AAGCAA
1035940	136	7m8	1.284	AAGCAA
1035945	3125	7m8	1.556	AAGCAA
1035945	3921	8m	2.462	AAGCAA
1035974	705	8m	2.073	AAGCAA
1035974	727	o6	1.458	AAGCAA
1035974	2219	o6	2.715	AAGCAA
1035986	691	o6	2.321	AAGCAA
1035993	768	o6	1.169	AAGCAA
1035993	781	7m8	1.906	AAGCAA
1036001	1502	o6	2.840	AAGCAA
1036001	2096	o6	3.372	AAGCAA
1036001	2107	o6	3.464	AAGCAA
1036023	359	6m	3.889	AGCAAT
1036046	37	o6	1.780	AAGCAA
1036127	3038	6m	2.379	AGCAAT
1036127	9519	o6	1.225	AAGCAA
1036127	9995	6m	1.971	AGCAAT
1036127	11060	o6	1.569	AAGCAA
1036127	11685	o6	1.497	AAGCAA
1036127	14131	o6	1.285	AAGCAA
1036154	2758	o6	1.308	AAGCAA
1036154	3598	o6	2.912	AAGCAA
1036208	357	o6	1.755	AAGCAA
1036208	362	o6	1.755	AAGCAA
1036242	342	6m	2.014	AGCAAT
1036283	587	o6	2.025	AAGCAA
1036286	314	o6	1.408	AAGCAA
1036290	669	o6	1.020	AAGCAA
1036343	396	6m	1.864	AGCAAT
1036343	1351	o6	1.630	AAGCAA
1036343	1898	o6	2.043	AAGCAA
1036355	557	o6	1.364	AAGCAA
1036374	1872	6m	1.169	AGCAAT
1036374	2299	7m8	1.845	AAGCAA
1036374	2510	o6	4.116	AAGCAA
1036404	2118	o6	1.147	AAGCAA
1036408	212	7A1	1.510	AGCAAT
1036419	1574	6m	1.204	AGCAAT
1036432	525	o6	3.149	AAGCAA
1036432	773	o6	3.149	AAGCAA
1036432	778	o6	3.138	AAGCAA
1036467	163	6m	2.456	AGCAAT
1036482	251	8m	2.520	AAGCAA
1036482	565	o6	1.498	AAGCAA
1036482	1038	7m8	1.687	AAGCAA
1036482	1748	o6	2.061	AAGCAA
1036501	353	6m	2.674	AGCAAT
1036537	24	7m8	1.668	AGCAAT
1036537	79	6m	1.818	AGCAAT
1036537	1358	7m8	1.340	AGCAAT
1036537	1843	6m	1.186	AGCAAT
1036558	1267	o6	1.190	AAGCAA
1036568	1775	7m8	2.356	AAGCAA
1036568	2377	o6	1.194	AAGCAA
1036568	3034	o6	1.733	AAGCAA
1036568	3463	o6	1.073	AAGCAA
1036568	4277	o6	1.633	AAGCAA
1036568	4645	o6	1.567	AAGCAA
1036598	161	o6	1.267	AAGCAA
1036598	1699	7m8	2.400	AAGCAA
1036601	1638	8m	1.560	AAGCAA
1036601	2247	o6	1.845	AAGCAA
1036610	91	7A1	1.409	AGCAAT
1036653	92	7m8	1.267	AAGCAA
1036667	96	o6	1.137	AAGCAA
1036667	264	o6	1.403	AAGCAA
1036682	879	6m	1.093	AGCAAT
1036682	1181	6m	2.067	AGCAAT
1036706	102	7A1	2.031	AGCAAT
1036706	369	o6	1.719	AAGCAA
1036706	1048	7m8	2.054	AAGCAA
1036706	1479	o6	1.380	AAGCAA
1036706	3183	o6	2.377	AAGCAA
1036731	316	7A1	1.771	AGCAAT
1036746	576	7m8	1.561	AGCAAT
1036752	318	7m8	2.377	AAGCAA
1036787	1245	o6	1.645	AAGCAA
1036788	269	o6	1.591	AAGCAA
1036910	1526	7m8	1.030	AAGCAA
1036928	434	o6	1.560	AAGCAA
1036967	300	8m	2.651	AAGCAA
1036991	815	8m	1.650	AAGCAA
1037021	318	6m	4.038	AGCAAT
1037021	363	7A1	1.070	AGCAAT
1037031	1063	o6	2.172	AAGCAA
1037031	1141	o6	1.403	AAGCAA
1037036	124	6m	1.652	AGCAAT
1037051	1525	o6	2.284	AAGCAA
1037147	165	7A1	1.908	AGCAAT
1037153	197	o6	2.762	AAGCAA
1037153	554	o6	1.513	AAGCAA
1037203	131	o6	1.286	AAGCAA
1037207	224	7m8	2.616	AAGCAA
1037219	37	o6	2.528	AAGCAA
1037269	57	o6	1.015	AAGCAA
1037269	401	7A1	1.234	AGCAAT
1037301	2765	6m	1.999	AGCAAT
1037301	3084	o6	1.254	AAGCAA
1037330	53	o6	1.751	AAGCAA
1037413	490	o6	2.175	AAGCAA
1037428	251	6m	1.262	AGCAAT
1037473	21	7A1	1.341	AGCAAT
1037494	1902	o6	2.237	AAGCAA
1037588	683	6m	2.266	AGCAAT
1037615	61	o6	1.481	AAGCAA
1037615	733	7A1	2.007	AGCAAT
1037615	1045	o6	1.518	AAGCAA
1037630	606	o6	3.164	AAGCAA
1037635	208	o6	1.950	AAGCAA
1037635	320	7m8	1.571	AAGCAA
1037705	1267	7A1	3.266	AGCAAT
1037727	275	6m	1.280	AGCAAT
1037823	172	7A1	1.277	AGCAAT
1037845	914	7A1	2.106	AGCAAT
1037845	1621	o6	2.194	AAGCAA
1038000	127	7A1	1.510	AGCAAT
1038000	205	7m8	1.296	AAGCAA
1038021	1707	o6	1.704	AAGCAA
1038060	539	6m	1.781	AGCAAT
1038067	105	o6	1.118	AAGCAA
1038067	1712	6m	3.434	AGCAAT
1038088	989	o6	2.121	AAGCAA
1038118	102	7A1	1.001	AGCAAT
1038119	1152	o6	1.101	AAGCAA
1038122	530	o6	1.554	AAGCAA
1038122	638	8m	3.222	AAGCAA
1038122	1539	o6	1.541	AAGCAA
1038153	211	6m	1.799	AGCAAT
1038192	537	o6	1.028	AAGCAA
1038201	58	o6	1.204	AAGCAA
1038214	473	o6	1.357	AAGCAA
1038214	1209	8m	2.595	AAGCAA
1038223	55	o6	3.397	AAGCAA
1038223	264	o6	1.894	AAGCAA
1038223	1438	7m8	1.683	AAGCAA
1038234	355	6m	1.177	AGCAAT
1038243	88	7A1	1.017	AGCAAT
1038264	179	o6	1.288	AAGCAA
1038273	179	7A1	2.520	AGCAAT
1038285	295	o6	1.080	AAGCAA
1038293	508	7A1	2.513	AGCAAT
1038293	2689	o6	1.292	AAGCAA
1038293	3664	8m	3.100	AAGCAA
1038306	324	o6	1.468	AAGCAA
1038312	559	7A1	1.042	AGCAAT
1038312	1107	6m	1.690	AGCAAT
1038312	3113	o6	1.415	AAGCAA
1038342	95	7m8	2.717	AAGCAA
1038366	853	7A1	1.468	AGCAAT
1038431	807	o6	1.423	AAGCAA
1038440	436	8m	1.540	AGCAAT
1038470	497	6m	2.647	AGCAAT
1038470	678	7m8	2.241	AAGCAA
1038470	696	o6	2.166	AAGCAA
1038512	365	o6	1.368	AAGCAA
1038512	388	o6	2.252	AAGCAA
1038512	525	o6	1.328	AAGCAA
1038515	292	o6	1.998	AAGCAA
1038521	1146	8m	1.894	AAGCAA
1038529	1417	6m	1.397	AGCAAT
1038529	1967	o6	2.580	AAGCAA
1038544	409	o6	1.877	AAGCAA
1038616	307	o6	1.548	AAGCAA
1038640	1348	o6	1.160	AAGCAA
1038640	1462	o6	2.098	AAGCAA
1038640	1511	o6	1.073	AAGCAA
1038640	1583	o6	2.483	AAGCAA
1038640	1634	o6	2.074	AAGCAA
1038640	3002	7A1	2.019	AGCAAT
1038643	5	8m	4.469	AAGCAA
1038643	1732	6m	2.086	AGCAAT
1038682	8	o6	1.763	AAGCAA
1038686	399	6m	3.497	AGCAAT
1038704	5	7A1	2.504	AGCAAT
1038710	1512	o6	1.140	AAGCAA
1038727	371	o6	2.675	AAGCAA
1038752	1074	o6	1.159	AAGCAA
1038808	1622	8m	2.302	AAGCAA
1038841	117	7A1	1.073	AGCAAT
1038841	550	8m	2.309	AGCAAT
1038867	508	6m	1.056	AGCAAT
1038873	47	8m	1.431	AGCAAT
1038923	732	o6	2.943	AAGCAA
1038945	99	6m	1.762	AGCAAT
1038948	1192	o6	1.645	AAGCAA
1038954	920	o6	2.778	AAGCAA
1038960	565	o6	1.000	AAGCAA
1038986	1091	8m	2.957	AAGCAA
1038992	73	o6	2.920	AAGCAA
1038997	3	6m	2.616	AGCAAT
1039004	313	7m8	2.964	AAGCAA
1039004	501	o6	1.101	AAGCAA
1039016	101	o6	1.217	AAGCAA
1039016	129	o6	1.092	AAGCAA
1039061	523	6m	1.387	AGCAAT
1039061	2190	o6	3.420	AAGCAA
1039061	2396	7m8	2.667	AAGCAA
1039069	890	o6	2.377	AAGCAA
1039084	314	o6	1.470	AAGCAA
1039088	198	o6	1.246	AAGCAA
1039118	839	o6	3.029	AAGCAA
1039118	851	o6	1.178	AAGCAA
1039199	543	o6	2.979	AAGCAA
1039212	318	o6	1.162	AAGCAA
1039267	1417	o6	1.062	AAGCAA
1039285	2573	7m8	1.892	AGCAAT
1039286	1097	7m8	2.858	AAGCAA
1039300	793	o6	1.989	AAGCAA
1039300	799	o6	1.580	AAGCAA
1039304	115	o6	1.312	AAGCAA
1039307	118	7m8	1.114	AAGCAA
1039329	605	6m	3.211	AGCAAT
1039376	2008	o6	1.288	AAGCAA
1039412	115	7A1	1.801	AGCAAT
1039412	151	7m8	1.694	AGCAAT
1039422	529	o6	1.681	AAGCAA
1039436	202	8m	2.603	AAGCAA
1039445	1243	o6	2.405	AAGCAA
1039466	250	6m	1.245	AGCAAT
1039466	325	o6	1.410	AAGCAA
1039469	3177	o6	1.228	AAGCAA
1039481	1239	o6	1.155	AAGCAA
1039496	53	o6	1.609	AAGCAA
1039502	4106	o6	2.447	AAGCAA
1039557	422	7m8	2.267	AAGCAA
1039563	3097	8m	1.011	AAGCAA
1039563	3616	o6	1.367	AAGCAA
1039563	4070	o6	1.084	AAGCAA
1039568	547	8m	1.942	AAGCAA
1039568	844	o6	1.787	AAGCAA
1039578	2834	7A1	1.361	AGCAAT
1039578	4848	o6	2.020	AAGCAA
1039578	5182	o6	2.118	AAGCAA
1039612	1062	o6	2.775	AAGCAA
1039651	809	8m	1.681	AAGCAA
1039703	1561	o6	1.268	AAGCAA
1039703	2826	o6	1.584	AAGCAA
1039706	22	7A1	1.574	AGCAAT
1039706	1201	8m	1.682	AAGCAA
1039706	2196	o6	1.865	AAGCAA
1039718	1345	o6	1.894	AAGCAA
1039718	1350	o6	1.894	AAGCAA
1039754	458	o6	1.278	AAGCAA
1039797	2764	8m	2.309	AAGCAA
1039797	2796	7m8	1.948	AAGCAA
1039800	362	o6	1.009	AAGCAA
1039805	1515	o6	1.053	AAGCAA
1039817	89	o6	1.120	AAGCAA
1039817	94	o6	1.120	AAGCAA
1039817	126	8m	1.404	AGCAAT
1039832	312	8m	2.039	AAGCAA
1039853	1312	o6	1.093	AAGCAA
1039853	3220	7m8	3.580	AAGCAA
1039853	3403	8m	1.818	AAGCAA
1039853	4287	o6	1.623	AAGCAA
1039853	8043	o6	1.260	AAGCAA
1039853	8055	o6	1.160	AAGCAA
1039853	8238	o6	2.033	AAGCAA
1039858	1678	7m8	2.216	AAGCAA
1039858	3121	7m8	2.659	AAGCAA
1039858	4400	6m	2.348	AGCAAT
1039858	4966	o6	1.442	AAGCAA
1039908	2601	8m	2.441	AAGCAA
1039908	4840	7m8	2.533	AGCAAT
1039911	910	7A1	1.042	AGCAAT
1039914	426	o6	1.094	AAGCAA
1039914	632	7A1	1.009	AGCAAT
1039949	1721	7m8	1.458	AAGCAA
1039949	1990	o6	1.559	AAGCAA
1039950	462	o6	1.073	AAGCAA
1039950	728	7m8	1.073	AAGCAA
1039955	903	o6	1.570	AAGCAA
1039955	1681	7A1	2.933	AGCAAT
1039955	1805	7A1	1.907	AGCAAT
1039959	312	7m8	1.971	AAGCAA
1039959	2664	7m8	1.971	AAGCAA
1039968	896	o6	1.560	AAGCAA
1039971	40	6m	1.340	AGCAAT
1039996	140	7A1	1.482	AGCAAT
1040007	1438	o6	2.220	AAGCAA
1040012	3123	o6	2.807	AAGCAA
1040016	2237	o6	1.164	AAGCAA
1040019	706	o6	1.606	AAGCAA
1040048	2261	6m	2.775	AGCAAT
1040058	485	o6	1.624	AAGCAA
1040058	605	6m	2.262	AGCAAT
1040058	3009	o6	1.145	AAGCAA
1040058	4640	o6	1.120	AAGCAA
1040058	6900	7m8	1.399	AAGCAA
1040070	4129	o6	3.284	AAGCAA
1040070	4134	7m8	3.284	AAGCAA
1040081	174	o6	1.196	AAGCAA
1040099	47	o6	1.118	AAGCAA
1040120	237	7m8	1.821	AAGCAA
1040148	342	o6	1.320	AAGCAA
1040148	2077	8m	1.235	AAGCAA
1040165	504	o6	2.357	AAGCAA
1040165	883	o6	1.211	AAGCAA
1040177	144	o6	3.457	AAGCAA
1040190	1334	7A1	2.854	AGCAAT
1040190	2643	o6	1.349	AAGCAA
1040190	3025	6m	1.560	AGCAAT
1040190	3284	o6	2.258	AAGCAA
1040202	2526	o6	1.856	AAGCAA
1040210	1438	8m	2.850	AAGCAA
1040210	2186	6m	2.443	AGCAAT
1040210	2318	o6	1.368	AAGCAA
1040210	2652	o6	1.639	AAGCAA
1040210	3103	o6	2.525	AAGCAA
1040210	3803	o6	2.123	AAGCAA
1040231	769	o6	1.463	AAGCAA
1040237	1170	o6	1.355	AAGCAA
1040240	913	o6	1.585	AAGCAA
1040283	934	o6	1.201	AAGCAA
1040283	2472	6m	1.736	AGCAAT
1040283	2581	8m	1.982	AAGCAA
1040283	4926	o6	1.284	AAGCAA
1040289	248	7A1	1.029	AGCAAT
1040294	32	7A1	3.099	AGCAAT
1040294	62	o6	1.015	AAGCAA
1040297	334	o6	1.523	AAGCAA
1040297	752	o6	1.867	AAGCAA
1040297	2328	o6	2.025	AAGCAA
1040297	2446	6m	2.091	AGCAAT
1040298	278	o6	1.558	AAGCAA
1040298	1474	6m	1.652	AGCAAT
1040298	2133	7A1	1.400	AGCAAT
1040298	2873	o6	1.755	AAGCAA
1040298	8368	o6	2.019	AAGCAA
1040331	352	6m	1.246	AGCAAT
1040337	550	7m8	3.888	AAGCAA
1040337	2451	7A1	2.111	AGCAAT
1040337	4308	o6	1.847	AAGCAA
1040342	297	o6	1.397	AAGCAA
1040346	212	7A1	2.541	AGCAAT
1040346	236	o6	1.982	AAGCAA
1040346	1068	7m8	1.168	AGCAAT
1040346	2515	6m	1.892	AGCAAT
1040346	3551	8m	1.988	AAGCAA
1040346	3751	6m	1.262	AGCAAT
1040346	3899	o6	1.022	AAGCAA
1040346	4480	8m	1.262	AAGCAA
1040352	115	7m8	1.949	AGCAAT
1040352	3270	o6	1.006	AAGCAA
1040377	1390	o6	1.188	AAGCAA
1040387	51	o6	1.735	AAGCAA
1040387	87	o6	1.332	AAGCAA
1040392	1726	o6	1.336	AAGCAA
1040392	1953	o6	1.172	AAGCAA
1040392	2871	o6	1.793	AAGCAA
1040395	1351	o6	1.006	AAGCAA
1040395	2210	o6	1.481	AAGCAA
1040407	734	6m	2.443	AGCAAT
1040417	1059	8m	2.785	AAGCAA
1040417	1905	o6	1.383	AAGCAA
1040417	2454	o6	1.518	AAGCAA
1040420	310	7m8	4.233	AAGCAA
1040434	2014	o6	1.419	AAGCAA
1040434	3131	o6	1.412	AAGCAA
1040437	1979	7m8	1.581	AGCAAT
1040437	2393	o6	2.729	AAGCAA
1040438	817	o6	1.872	AAGCAA
1040438	1355	o6	1.281	AAGCAA
1040438	1440	7A1	1.497	AGCAAT
1040438	1602	7m8	1.368	AAGCAA
1040443	758	6m	1.065	AGCAAT
1040458	50	7m8	2.924	AAGCAA
1040483	493	7m8	1.568	AGCAAT
1040486	2628	o6	1.002	AAGCAA
1040486	3089	o6	2.548	AAGCAA
1040500	2314	7m8	1.474	AAGCAA
1040513	93	o6	1.326	AAGCAA
1040538	209	o6	1.854	AAGCAA
1040538	834	o6	1.813	AAGCAA
1040538	3280	o6	1.519	AAGCAA
1040542	1300	o6	4.841	AAGCAA
1040542	3567	o6	2.682	AAGCAA
1040575	549	o6	1.177	AAGCAA
1040584	756	o6	1.573	AAGCAA
1040584	774	7m8	2.321	AAGCAA
1040584	1151	6m	1.606	AGCAAT
1040589	2689	o6	2.335	AAGCAA
1040589	3170	o6	1.350	AAGCAA
1040589	3459	o6	1.113	AAGCAA
1040590	985	o6	1.115	AAGCAA
1040590	990	o6	1.158	AAGCAA
1040590	1069	6m	1.204	AGCAAT
1040590	1716	o6	1.562	AAGCAA
1040590	3263	8m	2.232	AAGCAA
1040590	4023	o6	1.204	AAGCAA
1040590	5268	7A1	2.345	AGCAAT
1040590	6068	7m8	1.802	AAGCAA
1040590	6468	7A1	1.797	AGCAAT
1040590	6937	o6	1.548	AAGCAA
1040590	7052	o6	1.427	AAGCAA
1040590	7970	o6	1.145	AAGCAA
1040623	316	o6	1.240	AAGCAA
1040623	632	6m	1.120	AGCAAT
1040623	2533	6m	2.863	AGCAAT
1040635	843	o6	1.293	AAGCAA
1040635	2323	o6	1.458	AAGCAA
1040635	2453	6m	2.896	AGCAAT
1040635	2858	6m	1.212	AGCAAT
1040635	4987	o6	2.487	AAGCAA
1040635	5482	o6	1.246	AAGCAA
1040646	2519	7A1	1.539	AGCAAT
1040662	81	8m	1.796	AAGCAA
