1000011	977	o6	1.058	CAATGC
1000026	1242	6m	1.918	AATGCA
1000048	560	6m	1.606	AATGCA
1000069	1551	6m	1.874	AATGCA
1000074	214	6m	2.537	AATGCA
1000077	434	8m	1.592	AATGCA
1000081	520	7A1	1.469	AATGCA
1000081	1360	6m	1.859	AATGCA
1000125	104	o6	2.544	CAATGC
1000146	1035	7m8	1.054	CAATGC
1000209	329	7A1	1.822	AATGCA
1000249	537	7A1	1.688	AATGCA
1000252	55	6m	1.295	AATGCA
1000255	24	7A1	1.079	AATGCA
1000272	534	7A1	1.117	AATGCA
1000311	80	6m	1.174	AATGCA
1000320	890	8m	2.264	CAATGC
1000320	1092	7m8	2.718	AATGCA
1000327	28	7A1	1.576	AATGCA
1000327	696	6m	1.549	AATGCA
1000373	1370	7A1	1.554	AATGCA
1000385	1075	6m	2.182	AATGCA
1000391	1137	7A1	2.502	AATGCA
1000391	1167	7A1	2.502	AATGCA
1000407	638	7A1	1.980	AATGCA
1000407	948	6m	1.589	AATGCA
1000421	285	6m	3.034	AATGCA
1000436	1017	7A1	1.949	AATGCA
1000442	281	6m	1.401	AATGCA
1000443	19	6m	1.283	AATGCA
1000443	99	6m	1.040	AATGCA
1000443	174	7A1	1.293	AATGCA
1000443	1818	7A1	1.385	AATGCA
1000472	1309	6m	1.020	AATGCA
1000484	89	7A1	1.764	AATGCA
1000484	194	6m	1.941	AATGCA
1000493	3773	7A1	2.255	AATGCA
1000521	221	7m8	1.521	CAATGC
1000580	1172	6m	1.969	AATGCA
1000595	777	7A1	2.854	AATGCA
1000631	1182	6m	3.477	AATGCA
1000673	635	6m	1.270	AATGCA
1000730	195	6m	2.036	AATGCA
1000730	280	7A1	1.306	AATGCA
1000734	124	o6	1.104	CAATGC
1000734	400	6m	1.304	AATGCA
1000757	29	7m8	1.295	CAATGC
1000767	150	7A1	1.070	AATGCA
1000779	873	7m8	1.427	CAATGC
1000779	2481	6m	1.690	AATGCA
1000814	166	8m	2.563	AATGCA
1000817	98	o6	1.008	CAATGC
1000824	1932	6m	2.626	AATGCA
1000829	1822	6m	2.110	AATGCA
1000829	2177	6m	1.701	AATGCA
1000845	2843	6m	1.882	AATGCA
1000874	535	7A1	1.261	AATGCA
1000890	452	6m	1.156	AATGCA
1000928	250	7A1	1.490	AATGCA
1000947	61	7A1	1.499	AATGCA
1000956	246	6m	3.011	AATGCA
1000968	1827	7A1	1.828	AATGCA
1000968	2034	6m	2.029	AATGCA
1000979	194	6m	1.467	AATGCA
1000979	1503	o6	2.919	CAATGC
1000979	1516	7A1	3.398	AATGCA
1000979	1748	7m8	1.029	AATGCA
1000991	299	6m	2.480	AATGCA
1000997	120	6m	2.393	AATGCA
1001015	914	7A1	2.232	AATGCA
1001024	380	o6	1.292	CAATGC
1001024	450	6m	1.377	AATGCA
1001069	1337	6m	4.576	AATGCA
1001075	2090	o6	1.140	CAATGC
1001169	142	7m8	1.380	CAATGC
1001169	170	6m	1.548	AATGCA
1001169	467	6m	1.560	AATGCA
1001224	1	o6	1.053	CAATGC
1001322	106	6m	1.053	AATGCA
1001325	172	6m	1.053	AATGCA
1001358	256	7A1	1.473	AATGCA
1001373	823	6m	1.322	AATGCA
1001440	1686	6m	1.449	AATGCA
1001440	1728	7A1	2.726	AATGCA
1001515	194	6m	1.085	AATGCA
1001518	1005	6m	1.446	AATGCA
1001578	3046	7A1	1.078	AATGCA
1001584	674	8m	2.231	AATGCA
1001601	1223	6m	1.680	AATGCA
1001601	2316	7A1	1.063	AATGCA
1001610	328	7A1	2.878	AATGCA
1001620	573	7A1	1.496	AATGCA
1001661	824	7m8	1.316	AATGCA
1001683	207	o6	1.992	CAATGC
1001683	415	7m8	1.785	CAATGC
1001717	105	6m	1.329	AATGCA
1001718	119	7A1	1.143	AATGCA
1001738	1151	6m	1.408	AATGCA
1001817	1951	6m	2.037	AATGCA
1001817	1977	o6	2.695	CAATGC
1001817	2489	7A1	2.383	AATGCA
1001862	707	6m	2.672	AATGCA
1001865	401	6m	1.181	AATGCA
1001906	384	o6	1.692	CAATGC
1001948	126	7A1	1.551	AATGCA
1001960	102	o6	2.452	CAATGC
1002000	150	o6	1.777	CAATGC
1002017	257	o6	2.016	CAATGC
1002048	606	7A1	1.495	AATGCA
1002080	958	6m	2.024	AATGCA
1002081	480	6m	1.241	AATGCA
1002098	320	7A1	2.449	AATGCA
1002113	152	8m	2.804	AATGCA
1002132	235	6m	1.328	AATGCA
1002215	640	6m	3.336	AATGCA
1002224	135	7A1	1.082	AATGCA
1002236	640	7A1	1.370	AATGCA
1002298	91	o6	2.132	CAATGC
1002305	65	6m	1.521	AATGCA
1002319	583	8m	2.065	AATGCA
1002382	135	6m	1.220	AATGCA
1002481	1925	6m	1.210	AATGCA
1002481	2370	6m	1.348	AATGCA
1002595	1210	7A1	1.284	AATGCA
1002700	166	7A1	1.349	AATGCA
1002703	430	o6	1.582	CAATGC
1002751	26	8m	1.313	CAATGC
1002760	74	6m	1.690	AATGCA
1002794	157	o6	2.331	CAATGC
1002797	449	6m	3.313	AATGCA
1002815	791	7A1	5.049	AATGCA
1002815	797	7A1	5.049	AATGCA
1002826	727	7m8	1.712	AATGCA
1002826	1494	7A1	2.110	AATGCA
1002830	94	o6	2.620	CAATGC
1002872	289	7A1	1.167	AATGCA
1002877	678	6m	3.190	AATGCA
1002877	728	7A1	1.270	AATGCA
1002878	476	6m	1.337	AATGCA
1002884	172	o6	2.826	CAATGC
1002982	42	8m	4.225	AATGCA
1002982	239	8m	1.264	AATGCA
1003108	218	7A1	1.680	AATGCA
1003140	60	8m	2.031	AATGCA
1003155	377	7A1	1.322	AATGCA
1003241	65	6m	2.590	AATGCA
1003248	839	7m8	2.315	AATGCA
1003248	1405	7A1	1.032	AATGCA
1003379	1074	7A1	1.852	AATGCA
1003379	1088	7A1	1.714	AATGCA
1003387	662	7A1	1.566	AATGCA
1003387	715	8m	1.456	CAATGC
1003409	53	6m	1.245	AATGCA
1003417	335	o6	2.141	CAATGC
1003460	131	8m	1.801	AATGCA
1003460	170	7m8	2.017	AATGCA
1003549	18	6m	1.212	AATGCA
1003570	10	7A1	1.023	AATGCA
1003570	803	7A1	1.839	AATGCA
1003579	481	6m	2.591	AATGCA
1003579	506	o6	1.373	CAATGC
1003589	371	7m8	1.809	CAATGC
1003589	690	7A1	2.059	AATGCA
1003615	251	7A1	1.632	AATGCA
1003615	760	7m8	2.246	CAATGC
1003631	743	7A1	2.188	AATGCA
1003631	3019	7A1	1.231	AATGCA
1003655	32	7A1	1.606	AATGCA
1003776	298	7A1	1.316	AATGCA
1003776	572	8m	1.316	AATGCA
1003806	21	8m	1.280	AATGCA
1003852	543	o6	1.193	CAATGC
1003900	221	7A1	1.085	AATGCA
1003999	1637	7A1	2.664	AATGCA
1004050	269	7m8	3.519	CAATGC
1004092	50	7A1	2.259	AATGCA
1004173	504	7A1	1.444	AATGCA
1004340	127	7A1	3.309	AATGCA
1004341	505	7A1	1.582	AATGCA
1004341	855	o6	1.541	CAATGC
1004406	119	o6	3.224	CAATGC
1004437	1730	6m	1.362	AATGCA
1004452	23	6m	1.131	AATGCA
1004463	2014	8m	2.876	CAATGC
1004463	2241	6m	1.288	AATGCA
1004463	3759	6m	2.419	AATGCA
1004463	4000	6m	1.208	AATGCA
1004482	178	6m	2.843	AATGCA
1004503	1868	8m	1.241	AATGCA
1004503	2026	6m	2.497	AATGCA
1004573	217	7A1	1.036	AATGCA
1004573	938	6m	1.376	AATGCA
1004577	177	8m	1.973	CAATGC
1004577	590	o6	3.549	CAATGC
1004627	160	7m8	2.123	CAATGC
1004700	353	7A1	1.073	AATGCA
1004810	73	7m8	1.812	AATGCA
1004817	410	6m	2.586	AATGCA
1004838	59	6m	2.217	AATGCA
1004868	80	7A1	1.116	AATGCA
1004898	365	7m8	1.649	AATGCA
1004927	287	o6	1.053	CAATGC
1004987	37	7A1	1.700	AATGCA
1005000	330	o6	3.569	CAATGC
1005130	238	6m	2.120	AATGCA
1005340	101	7A1	1.253	AATGCA
1005349	328	6m	1.315	AATGCA
1005349	1802	7A1	1.708	AATGCA
1005349	2702	7A1	2.199	AATGCA
1005429	222	o6	2.017	CAATGC
1005470	440	7m8	1.649	CAATGC
1005470	1137	o6	2.213	CAATGC
1005470	2517	6m	1.032	AATGCA
1005474	1256	o6	3.135	CAATGC
1005538	721	7A1	2.001	AATGCA
1005565	278	6m	1.941	AATGCA
1005607	186	7A1	1.400	AATGCA
1005626	193	7A1	2.155	AATGCA
1005641	222	o6	2.017	CAATGC
1005674	362	7A1	2.062	AATGCA
1005674	384	o6	2.411	CAATGC
1005674	565	7A1	1.690	AATGCA
1005752	990	7A1	1.606	AATGCA
1005779	77	6m	1.210	AATGCA
1005796	269	7A1	1.313	AATGCA
1005898	280	7A1	2.803	AATGCA
1005898	524	7A1	1.466	AATGCA
1005903	248	7A1	2.332	AATGCA
1005903	333	o6	2.770	CAATGC
1005916	294	6m	2.085	AATGCA
1005937	71	6m	1.921	AATGCA
1005937	311	6m	1.285	AATGCA
1006066	323	8m	2.704	AATGCA
1006066	832	7A1	1.512	AATGCA
1006107	713	7m8	2.544	CAATGC
1006107	1203	7A1	2.544	AATGCA
1006131	580	6m	1.525	AATGCA
1006137	324	7A1	4.116	AATGCA
1006158	253	7A1	2.278	AATGCA
1006158	260	6m	1.916	AATGCA
1006158	274	6m	1.425	AATGCA
1006518	854	6m	2.449	AATGCA
1006548	694	6m	1.163	AATGCA
1006548	1053	7A1	1.971	AATGCA
1006548	1180	7A1	2.218	AATGCA
1006587	586	6m	3.141	AATGCA
1006587	719	7A1	2.427	AATGCA
1006602	87	7A1	1.225	AATGCA
1006636	52	7A1	2.025	AATGCA
1006692	254	o6	1.447	CAATGC
1006714	1658	o6	1.542	CAATGC
1006719	2023	6m	2.369	AATGCA
1006734	119	6m	1.348	AATGCA
1006735	2636	6m	1.836	AATGCA
1006738	485	6m	1.232	AATGCA
1006761	298	8m	1.882	AATGCA
1006809	448	o6	1.448	CAATGC
1006814	531	7A1	1.541	AATGCA
1006814	615	7A1	1.853	AATGCA
1006838	515	o6	1.521	CAATGC
1006875	1675	6m	1.232	AATGCA
1006890	1769	6m	1.143	AATGCA
1006920	569	7A1	1.599	AATGCA
1006933	779	6m	1.961	AATGCA
1006940	254	o6	2.863	CAATGC
1007004	721	7A1	1.580	AATGCA
1007004	2111	7A1	1.095	AATGCA
1007025	334	7A1	3.398	AATGCA
1007028	495	7A1	2.810	AATGCA
1007031	51	7A1	1.113	AATGCA
1007053	887	7m8	1.686	AATGCA
1007062	25	6m	1.348	AATGCA
1007106	421	7A1	4.116	AATGCA
1007118	1811	8m	1.752	CAATGC
1007122	503	6m	1.821	AATGCA
1007122	510	6m	2.635	AATGCA
1007148	1155	6m	1.180	AATGCA
1007207	1517	7A1	1.362	AATGCA
1007231	559	o6	1.396	CAATGC
1007251	1276	7A1	1.852	AATGCA
1007252	416	7A1	2.031	AATGCA
1007364	539	6m	1.065	AATGCA
1007385	248	7A1	2.598	AATGCA
1007385	381	7A1	2.914	AATGCA
1007385	461	6m	3.233	AATGCA
1007385	519	7A1	1.293	AATGCA
1007385	717	o6	1.025	CAATGC
1007448	617	o6	1.105	CAATGC
1007490	375	6m	2.350	AATGCA
1007508	262	7A1	2.230	AATGCA
1007530	55	7A1	3.132	AATGCA
1007530	1117	7A1	2.243	AATGCA
1007547	1337	6m	1.082	AATGCA
1007547	1456	6m	2.026	AATGCA
1007584	1520	6m	1.729	AATGCA
1007605	18	6m	2.052	AATGCA
1007608	328	6m	1.322	AATGCA
1007611	223	6m	2.449	AATGCA
1007624	859	6m	1.315	AATGCA
1007629	69	7m8	2.220	AATGCA
1007646	687	7A1	1.524	AATGCA
1007647	1567	7A1	1.893	AATGCA
1007656	104	6m	1.685	AATGCA
1007659	104	6m	1.557	AATGCA
1007673	130	6m	2.132	AATGCA
1007698	2005	6m	2.592	AATGCA
1007698	2138	7A1	1.977	AATGCA
1007710	842	7A1	1.221	AATGCA
1007749	956	6m	1.550	AATGCA
1007768	-1	6m	1.455	AATGCA
1007768	37	6m	1.906	AATGCA
1007812	3949	6m	1.022	AATGCA
1007812	4705	o6	2.853	CAATGC
1007812	4738	o6	1.406	CAATGC
1007830	117	6m	1.678	AATGCA
1007843	132	6m	1.322	AATGCA
1007861	760	6m	1.026	AATGCA
1007875	370	7A1	1.610	AATGCA
1007875	1398	8m	1.195	AATGCA
1007875	1890	7A1	1.517	AATGCA
1007878	755	6m	1.225	AATGCA
1007878	1036	7m8	2.214	AATGCA
1007897	799	7A1	2.020	AATGCA
1007903	166	6m	2.371	AATGCA
1007903	2760	7A1	1.308	AATGCA
1007908	73	6m	1.150	AATGCA
1007915	490	6m	1.768	AATGCA
1007923	572	6m	1.084	AATGCA
1007923	3370	7A1	1.598	AATGCA
1007932	2504	7A1	1.284	AATGCA
1007932	2516	6m	1.084	AATGCA
1007932	2647	7A1	2.433	AATGCA
1007953	16	7A1	1.678	AATGCA
1007980	467	o6	1.053	CAATGC
1007997	468	o6	1.610	CAATGC
1008036	570	7A1	2.040	AATGCA
1008067	307	6m	2.447	AATGCA
1008073	104	6m	1.079	AATGCA
1008105	360	6m	1.002	AATGCA
1008114	978	8m	3.411	CAATGC
1008136	240	7A1	1.600	AATGCA
1008141	477	6m	1.240	AATGCA
1008141	485	7A1	1.151	AATGCA
1008145	1804	7A1	1.667	AATGCA
1008145	4261	6m	1.557	AATGCA
1008145	6253	7A1	1.802	AATGCA
1008145	6663	7A1	1.808	AATGCA
1008145	8573	6m	2.220	AATGCA
1008145	8767	6m	1.042	AATGCA
1008145	10147	6m	1.813	AATGCA
1008150	605	7A1	3.198	AATGCA
1008151	196	8m	1.618	CAATGC
1008213	1187	8m	1.895	AATGCA
1008246	30	8m	1.048	CAATGC
1008255	740	7A1	1.169	AATGCA
1008255	746	6m	1.169	AATGCA
1008259	217	6m	2.541	AATGCA
1008259	901	7A1	1.305	AATGCA
1008279	980	6m	1.456	AATGCA
1008300	291	7A1	2.136	AATGCA
1008307	1272	7A1	2.148	AATGCA
1008318	647	o6	1.528	CAATGC
1008355	467	o6	1.140	CAATGC
1008406	731	7m8	2.268	CAATGC
1008409	1712	6m	1.945	AATGCA
1008432	651	7A1	1.431	AATGCA
1008477	175	6m	1.434	AATGCA
1008498	219	7m8	1.606	CAATGC
1008510	1335	7A1	1.285	AATGCA
1008524	960	6m	1.507	AATGCA
1008528	872	6m	1.686	AATGCA
1008557	369	o6	1.354	CAATGC
1008560	589	7A1	1.220	AATGCA
1008572	811	7m8	1.040	CAATGC
1008593	568	7A1	1.396	AATGCA
1008593	624	o6	1.084	CAATGC
1008606	1047	6m	1.497	AATGCA
1008647	919	o6	1.540	CAATGC
1008707	67	6m	1.041	AATGCA
1008707	680	o6	1.283	CAATGC
1008740	989	o6	1.685	CAATGC
1008749	1295	7m8	1.254	CAATGC
1008750	138	6m	1.084	AATGCA
1008755	374	o6	1.167	CAATGC
1008755	523	6m	2.343	AATGCA
1008755	838	7A1	1.630	AATGCA
1008761	608	6m	1.118	AATGCA
1008780	1039	7A1	1.284	AATGCA
1008788	344	6m	1.661	AATGCA
1008846	69	o6	2.378	CAATGC
1008849	569	7m8	1.283	CAATGC
1008852	952	7m8	2.940	AATGCA
1008890	452	6m	2.660	AATGCA
1008893	215	6m	1.283	AATGCA
1008897	1206	7m8	1.465	AATGCA
1008903	866	o6	1.071	CAATGC
1008903	1448	6m	1.929	AATGCA
1008957	710	7A1	1.634	AATGCA
1008981	923	6m	1.408	AATGCA
1008981	1242	6m	2.169	AATGCA
1008990	256	7A1	1.533	AATGCA
1009037	2294	6m	2.967	AATGCA
1009037	3408	6m	3.211	AATGCA
1009043	2008	o6	1.292	CAATGC
1009068	535	o6	1.254	CAATGC
1009068	864	7A1	1.055	AATGCA
1009090	126	6m	1.263	AATGCA
1009194	242	o6	1.869	CAATGC
1009199	171	6m	2.148	AATGCA
1009202	110	7A1	3.649	AATGCA
1009216	9	7A1	1.729	AATGCA
1009280	294	7A1	1.284	AATGCA
1009328	343	8m	3.026	CAATGC
1009349	451	6m	1.650	AATGCA
1009352	217	7m8	1.073	CAATGC
1009369	231	7A1	2.073	AATGCA
1009369	2565	7A1	3.232	AATGCA
1009385	1102	7A1	1.418	AATGCA
1009448	1516	7A1	3.005	AATGCA
1009469	776	7A1	1.392	AATGCA
1009479	287	7m8	1.690	AATGCA
1009487	156	6m	1.719	AATGCA
1009500	1395	6m	1.035	AATGCA
1009551	212	6m	1.217	AATGCA
1009609	85	o6	1.503	CAATGC
1009665	311	7m8	1.737	CAATGC
1009673	42	6m	1.786	AATGCA
1009684	1351	7A1	1.240	AATGCA
1009699	19	o6	1.251	CAATGC
1009699	59	7A1	2.341	AATGCA
1009748	667	o6	1.606	CAATGC
1009760	200	6m	3.034	AATGCA
1009763	793	7A1	2.386	AATGCA
1009769	871	7m8	1.919	CAATGC
1009834	798	6m	1.286	AATGCA
1009834	854	o6	2.667	CAATGC
1009844	94	7A1	2.824	AATGCA
1009942	234	6m	2.555	AATGCA
1009945	876	6m	1.025	AATGCA
1009974	544	o6	1.200	CAATGC
1009990	22	6m	1.073	AATGCA
1010002	152	6m	1.958	AATGCA
1010044	112	7A1	1.061	AATGCA
1010076	305	6m	2.301	AATGCA
1010111	346	6m	1.744	AATGCA
1010136	287	7m8	1.533	AATGCA
1010145	37	8m	1.429	AATGCA
1010175	255	6m	3.005	AATGCA
1010201	327	8m	1.285	CAATGC
1010232	2602	7A1	1.284	AATGCA
1010232	3462	8m	1.084	CAATGC
1010238	2229	7A1	1.284	AATGCA
1010238	3089	8m	1.084	CAATGC
1010256	57	6m	1.889	AATGCA
1010265	42	7A1	1.186	AATGCA
1010332	132	6m	1.320	AATGCA
1010391	174	7A1	1.422	AATGCA
1010401	3977	7A1	2.020	AATGCA
1010451	1	8m	1.855	AATGCA
1010465	670	7m8	1.140	CAATGC
1010511	839	7A1	1.947	AATGCA
1010533	1124	o6	1.468	CAATGC
1010533	1144	o6	4.576	CAATGC
1010539	605	7m8	1.159	CAATGC
1010602	505	8m	2.913	CAATGC
1010607	89	7A1	2.020	AATGCA
1010608	319	7A1	2.442	AATGCA
1010645	384	7A1	1.258	AATGCA
1010670	869	7A1	1.450	AATGCA
1010686	1111	6m	1.903	AATGCA
1010692	56	6m	2.544	AATGCA
1010698	141	6m	2.466	AATGCA
1010698	151	6m	2.466	AATGCA
1010715	103	o6	1.803	CAATGC
1010748	997	o6	2.126	CAATGC
1010862	816	o6	3.742	CAATGC
1010941	450	6m	1.607	AATGCA
1010961	92	6m	1.307	AATGCA
1010998	295	o6	1.637	CAATGC
1011030	65	o6	1.307	CAATGC
1011068	404	6m	1.171	AATGCA
1011095	663	o6	2.427	CAATGC
1011117	1246	7A1	1.613	AATGCA
1011194	686	6m	1.456	AATGCA
1011195	244	8m	1.423	AATGCA
1011216	377	6m	2.013	AATGCA
1011237	173	7A1	2.749	AATGCA
1011337	152	7m8	2.362	AATGCA
1011354	303	o6	1.268	CAATGC
1011416	73	8m	1.437	AATGCA
1011430	94	7A1	1.349	AATGCA
1011491	1862	7A1	1.582	AATGCA
1011523	1067	6m	2.588	AATGCA
1011607	776	7m8	1.322	CAATGC
1011620	114	6m	1.400	AATGCA
1011626	54	6m	1.163	AATGCA
1011629	206	8m	2.243	CAATGC
1011655	200	7A1	1.073	AATGCA
1011658	1079	7A1	2.780	AATGCA
1011667	66	7m8	1.307	CAATGC
1011739	272	7A1	1.052	AATGCA
1011742	667	7A1	2.883	AATGCA
1011763	40	7A1	1.140	AATGCA
1011766	14	6m	2.378	AATGCA
1011818	189	6m	1.954	AATGCA
1011821	192	6m	2.101	AATGCA
1011841	731	6m	1.825	AATGCA
1011842	537	7A1	1.145	AATGCA
1011856	575	o6	1.180	CAATGC
1011856	587	o6	1.221	CAATGC
1011902	419	7A1	1.120	AATGCA
1011927	170	6m	1.955	AATGCA
1011944	1153	8m	2.420	AATGCA
1011945	4	6m	1.156	AATGCA
1011956	87	7m8	1.777	AATGCA
1012002	751	7A1	2.278	AATGCA
1012008	683	o6	1.417	CAATGC
1012042	43	6m	1.559	AATGCA
1012045	486	7A1	1.878	AATGCA
1012084	106	7m8	1.884	CAATGC
1012087	51	6m	1.687	AATGCA
1012122	844	7A1	1.521	AATGCA
1012144	66	6m	1.808	AATGCA
1012262	356	o6	1.936	CAATGC
1012262	863	6m	1.284	AATGCA
1012262	1695	8m	2.691	AATGCA
1012271	210	7A1	2.863	AATGCA
1012271	371	7A1	1.032	AATGCA
1012286	691	6m	1.201	AATGCA
1012308	400	o6	1.423	CAATGC
1012314	61	o6	1.010	CAATGC
1012329	498	6m	2.353	AATGCA
1012527	43	6m	1.298	AATGCA
1012585	374	6m	2.073	AATGCA
1012602	549	8m	2.283	AATGCA
1012751	648	o6	1.168	CAATGC
1012776	277	o6	1.315	CAATGC
1012776	506	6m	1.184	AATGCA
1012776	1601	7A1	2.181	AATGCA
1012857	470	7A1	3.649	AATGCA
1012879	125	6m	2.025	AATGCA
1013005	154	6m	1.097	AATGCA
1013035	208	7A1	2.278	AATGCA
1013059	69	6m	2.817	AATGCA
1013068	377	6m	1.690	AATGCA
1013073	1689	8m	1.497	AATGCA
1013089	573	7A1	2.108	AATGCA
1013089	580	7A1	2.108	AATGCA
1013109	113	6m	1.588	AATGCA
1013252	212	7A1	1.922	AATGCA
1013413	81	8m	3.649	CAATGC
1013416	200	7m8	1.745	AATGCA
1013429	140	7A1	2.259	AATGCA
1013443	2368	6m	1.332	AATGCA
1013518	3017	7A1	1.488	AATGCA
1013530	62	6m	1.810	AATGCA
1013541	1111	7A1	2.428	AATGCA
1013541	1151	6m	1.292	AATGCA
1013573	1049	7A1	1.084	AATGCA
1013573	1758	7A1	1.780	AATGCA
1013581	614	6m	1.447	AATGCA
1013591	331	o6	1.606	CAATGC
1013670	486	o6	1.284	CAATGC
1013670	1380	6m	3.034	AATGCA
1013687	203	7A1	1.278	AATGCA
1013719	30	o6	1.328	CAATGC
1013860	174	6m	2.225	AATGCA
1013872	482	6m	1.879	AATGCA
1013885	1274	6m	1.118	AATGCA
1013968	80	7A1	2.749	AATGCA
1013971	493	o6	1.464	CAATGC
1013988	1260	7m8	1.315	AATGCA
1013988	1599	6m	1.493	AATGCA
1013988	1611	7m8	1.320	CAATGC
1013988	2259	o6	2.286	CAATGC
1014009	474	7A1	3.371	AATGCA
1014069	476	o6	1.145	CAATGC
1014069	725	o6	2.264	CAATGC
1014069	998	o6	1.883	CAATGC
1014117	395	8m	1.212	AATGCA
1014295	2461	7A1	1.391	AATGCA
1014334	87	o6	1.442	CAATGC
1014358	1007	7A1	1.095	AATGCA
1014403	916	6m	1.921	AATGCA
1014465	515	o6	1.660	CAATGC
1014465	730	6m	1.580	AATGCA
1014468	320	6m	2.086	AATGCA
1014473	1316	6m	1.562	AATGCA
1014480	930	7A1	1.211	AATGCA
1014480	1200	8m	1.345	CAATGC
1014485	355	o6	1.053	CAATGC
1014486	619	6m	2.159	AATGCA
1014559	962	6m	2.544	AATGCA
1014588	2445	7A1	1.606	AATGCA
1014629	284	7A1	1.500	AATGCA
1014638	395	o6	1.236	CAATGC
1014697	1361	7A1	1.500	AATGCA
1014758	222	o6	1.826	CAATGC
1014788	121	7A1	2.375	AATGCA
1014840	204	o6	1.471	CAATGC
1014859	1600	o6	2.544	CAATGC
1014859	1734	7A1	1.648	AATGCA
1014864	1214	6m	1.001	AATGCA
1014864	1523	6m	1.946	AATGCA
1014877	2171	6m	2.416	AATGCA
1014883	508	o6	1.230	CAATGC
1014892	925	8m	1.690	CAATGC
1014978	53	7A1	1.012	AATGCA
1014981	672	8m	2.981	CAATGC
1014981	744	7A1	1.020	AATGCA
1014988	933	8m	1.278	AATGCA
1014988	5533	6m	1.802	AATGCA
1014988	5946	7A1	1.278	AATGCA
1014988	6290	6m	2.841	AATGCA
1014988	6381	6m	2.801	AATGCA
1015021	1143	6m	1.325	AATGCA
1015041	2046	o6	2.012	CAATGC
1015047	1080	6m	1.053	AATGCA
1015047	1304	7A1	2.085	AATGCA
1015047	1436	o6	1.787	CAATGC
1015073	1307	o6	1.941	CAATGC
1015076	461	7m8	1.695	AATGCA
1015091	271	7A1	2.382	AATGCA
1015091	283	6m	1.092	AATGCA
1015145	2836	7A1	1.469	AATGCA
1015162	125	6m	2.277	AATGCA
1015162	147	8m	3.034	CAATGC
1015188	577	6m	1.199	AATGCA
1015228	250	6m	1.274	AATGCA
1015228	3219	o6	1.740	CAATGC
1015246	62	6m	1.190	AATGCA
1015300	81	o6	2.757	CAATGC
1015300	87	o6	2.985	CAATGC
1015336	212	6m	2.069	AATGCA
1015336	564	6m	1.681	AATGCA
1015336	600	6m	1.306	AATGCA
1015375	1927	o6	1.133	CAATGC
1015375	2821	6m	1.403	AATGCA
1015376	97	6m	3.255	AATGCA
1015394	1258	6m	2.025	AATGCA
1015402	449	7A1	2.073	AATGCA
1015418	331	7A1	2.372	AATGCA
1015418	726	8m	2.372	CAATGC
1015418	1295	6m	1.189	AATGCA
1015421	135	8m	3.055	CAATGC
1015441	263	7A1	1.343	AATGCA
1015480	1354	8m	1.418	AATGCA
1015480	1676	8m	1.084	AATGCA
1015552	6	8m	1.713	CAATGC
1015552	1795	6m	1.342	AATGCA
1015555	648	6m	2.626	AATGCA
1015555	2625	8m	2.268	CAATGC
1015555	2740	6m	1.600	AATGCA
1015572	4525	7A1	1.690	AATGCA
1015637	360	o6	2.019	CAATGC
1015661	341	6m	2.353	AATGCA
1015676	1649	7A1	2.544	AATGCA
1015679	411	7A1	2.661	AATGCA
1015679	417	7A1	2.661	AATGCA
1015685	1045	o6	1.048	CAATGC
1015697	286	o6	2.226	CAATGC
1015697	315	6m	1.241	AATGCA
1015697	886	6m	1.459	AATGCA
1015706	289	7A1	2.073	AATGCA
1015736	32	7A1	1.270	AATGCA
1015789	2159	6m	2.350	AATGCA
1015810	572	6m	2.025	AATGCA
1015819	217	7A1	1.149	AATGCA
1015870	1178	7A1	1.073	AATGCA
1015891	339	7A1	1.520	AATGCA
1015895	820	7m8	1.394	AATGCA
1015915	442	o6	3.175	CAATGC
1015915	950	7m8	1.073	AATGCA
1015925	328	6m	2.235	AATGCA
1015928	378	o6	2.749	CAATGC
1015931	289	7m8	2.154	AATGCA
1015972	1662	7A1	2.277	AATGCA
1015984	9	7A1	2.103	AATGCA
1016020	1683	7m8	1.552	CAATGC
1016026	174	7A1	1.322	AATGCA
1016026	3288	7m8	1.737	CAATGC
1016047	245	7A1	2.223	AATGCA
1016047	562	7A1	1.017	AATGCA
1016067	676	7m8	1.781	AATGCA
1016098	685	7m8	3.913	CAATGC
1016103	639	7A1	2.055	AATGCA
1016122	213	6m	1.555	AATGCA
1016176	1283	8m	1.082	CAATGC
1016179	2272	7A1	1.053	AATGCA
1016184	52	6m	1.322	AATGCA
1016184	492	7A1	2.061	AATGCA
1016184	535	6m	1.082	AATGCA
1016191	418	6m	1.543	AATGCA
1016200	132	6m	1.610	AATGCA
1016200	755	8m	2.061	CAATGC
1016200	2023	7A1	1.606	AATGCA
1016200	2117	7m8	1.358	AATGCA
1016205	1084	6m	1.545	AATGCA
1016205	1227	7A1	1.339	AATGCA
1016328	181	6m	1.212	AATGCA
1016347	896	8m	3.034	CAATGC
1016347	1043	6m	3.034	AATGCA
1016382	221	o6	2.025	CAATGC
1016397	1091	o6	1.414	CAATGC
1016422	907	7A1	1.146	AATGCA
1016422	1052	7A1	2.148	AATGCA
1016428	629	7A1	1.047	AATGCA
1016431	996	6m	1.053	AATGCA
1016431	1134	o6	2.220	CAATGC
1016431	1864	o6	1.053	CAATGC
1016445	720	7A1	2.040	AATGCA
1016449	218	6m	2.101	AATGCA
1016449	4121	7A1	1.150	AATGCA
1016449	4581	7A1	1.047	AATGCA
1016511	1009	7A1	1.479	AATGCA
1016512	1223	7A1	1.526	AATGCA
1016542	72	6m	2.166	AATGCA
1016557	1508	7A1	1.264	AATGCA
1016562	349	7A1	2.121	AATGCA
1016571	1271	7A1	1.283	AATGCA
1016574	916	7A1	2.094	AATGCA
1016574	937	7A1	2.094	AATGCA
1016574	3497	7A1	1.298	AATGCA
1016574	3684	7m8	1.928	CAATGC
1016574	5720	7m8	2.101	AATGCA
1016605	915	7A1	1.687	AATGCA
1016620	1064	7A1	1.904	AATGCA
1016620	1302	7A1	1.407	AATGCA
1016623	590	6m	1.252	AATGCA
1016655	788	6m	1.853	AATGCA
1016676	384	7A1	1.130	AATGCA
1016685	355	7A1	1.632	AATGCA
1016685	1523	6m	1.163	AATGCA
1016691	1365	6m	1.747	AATGCA
1016695	1210	6m	2.022	AATGCA
1016698	1010	8m	2.073	CAATGC
1016712	192	6m	2.025	AATGCA
1016713	1675	6m	2.660	AATGCA
1016713	4202	6m	1.606	AATGCA
1016736	10	7A1	1.887	AATGCA
1016749	385	6m	1.082	AATGCA
1016773	95	o6	1.559	CAATGC
1016787	725	6m	1.078	AATGCA
1016787	1441	o6	1.585	CAATGC
1016787	2798	7m8	2.203	AATGCA
1016800	312	o6	1.048	CAATGC
1016838	596	6m	1.504	AATGCA
1016844	50	7m8	1.156	AATGCA
1016845	1094	6m	1.284	AATGCA
1016845	1152	6m	1.569	AATGCA
1016869	1049	7A1	1.859	AATGCA
1016869	1127	6m	1.298	AATGCA
1016922	711	8m	3.132	CAATGC
1016936	189	o6	1.495	CAATGC
1016971	3349	o6	2.072	CAATGC
1016971	3687	7A1	2.075	AATGCA
1016971	3881	o6	1.672	CAATGC
1016971	4405	7A1	2.378	AATGCA
1016985	390	8m	1.321	AATGCA
1017015	83	6m	1.220	AATGCA
1017018	1591	8m	2.489	AATGCA
1017018	1621	8m	2.194	CAATGC
1017024	745	6m	2.243	AATGCA
1017028	438	7A1	1.520	AATGCA
1017046	1835	6m	1.542	AATGCA
1017099	103	7A1	1.641	AATGCA
1017157	972	7A1	1.649	AATGCA
1017169	734	7A1	1.294	AATGCA
1017169	1846	o6	1.125	CAATGC
1017188	145	7A1	1.669	AATGCA
1017204	520	7A1	1.537	AATGCA
1017258	761	7m8	1.606	AATGCA
1017261	120	6m	2.196	AATGCA
1017267	294	7A1	1.183	AATGCA
1017306	569	7A1	2.377	AATGCA
1017326	135	6m	1.323	AATGCA
1017335	145	6m	1.405	AATGCA
1017336	269	7A1	1.306	AATGCA
1017348	209	o6	1.073	CAATGC
1017351	73	6m	2.537	AATGCA
1017369	361	7A1	1.739	AATGCA
1017381	735	7A1	2.033	AATGCA
1017433	127	7A1	1.106	AATGCA
1017451	839	7m8	2.415	AATGCA
1017451	1338	o6	1.405	CAATGC
1017451	1773	6m	2.523	AATGCA
1017478	487	7A1	3.026	AATGCA
1017485	436	7A1	2.085	AATGCA
1017485	445	7A1	1.945	AATGCA
1017511	2039	6m	2.683	AATGCA
1017524	199	7A1	1.577	AATGCA
1017547	185	6m	2.375	AATGCA
1017579	51	7A1	1.170	AATGCA
1017618	177	7A1	1.527	AATGCA
1017653	22	o6	2.289	CAATGC
1017809	465	o6	3.259	CAATGC
1017814	1513	7m8	1.593	CAATGC
1017826	328	6m	1.049	AATGCA
1017830	414	6m	3.034	AATGCA
1018008	442	6m	2.854	AATGCA
1018081	945	o6	1.690	CAATGC
1018104	40	6m	2.646	AATGCA
1018125	123	8m	2.749	CAATGC
1018149	200	o6	1.991	CAATGC
1018176	50	7m8	1.801	CAATGC
1018189	103	7m8	1.349	CAATGC
1018225	51	7A1	1.283	AATGCA
1018243	1969	7A1	1.055	AATGCA
1018248	1486	6m	2.544	AATGCA
1018268	1628	6m	2.277	AATGCA
1018272	577	7A1	1.222	AATGCA
1018334	389	o6	1.093	CAATGC
1018358	319	6m	1.314	AATGCA
1018367	371	7A1	2.292	AATGCA
1018431	289	8m	1.747	AATGCA
1018486	265	7A1	1.681	AATGCA
1018504	225	6m	2.017	AATGCA
1018530	511	6m	1.882	AATGCA
1018530	3182	7A1	1.322	AATGCA
1018542	87	6m	1.333	AATGCA
1018554	224	7A1	1.316	AATGCA
1018632	823	o6	1.598	CAATGC
1018632	3011	o6	1.042	CAATGC
1018661	1322	6m	1.378	AATGCA
1018703	472	o6	2.275	CAATGC
1018708	451	7m8	1.431	CAATGC
1018753	160	6m	2.160	AATGCA
1018799	55	7m8	1.570	CAATGC
1019031	87	o6	2.310	CAATGC
1019037	190	7A1	2.467	AATGCA
1019049	280	o6	1.606	CAATGC
1019096	255	7A1	1.374	AATGCA
1019101	906	6m	2.077	AATGCA
1019147	455	6m	1.929	AATGCA
1019147	3284	6m	1.606	AATGCA
1019165	112	6m	1.073	AATGCA
1019192	585	7A1	1.271	AATGCA
1019192	627	6m	1.051	AATGCA
1019204	22	6m	2.054	AATGCA
1019210	383	7A1	1.056	AATGCA
1019233	323	o6	2.464	CAATGC
1019279	115	7A1	1.275	AATGCA
1019298	712	6m	1.688	AATGCA
1019323	575	7m8	1.551	AATGCA
1019328	572	7A1	1.296	AATGCA
1019329	709	7A1	1.310	AATGCA
1019346	205	7A1	3.075	AATGCA
1019383	305	7A1	1.284	AATGCA
1019456	582	7m8	2.074	CAATGC
1019464	-1	6m	1.254	AATGCA
1019464	373	8m	2.008	CAATGC
1019480	887	6m	1.159	AATGCA
1019514	3182	6m	1.488	AATGCA
1019514	3924	7A1	1.314	AATGCA
1019521	954	o6	3.086	CAATGC
1019534	764	7A1	1.180	AATGCA
1019570	869	o6	1.517	CAATGC
1019579	64	o6	3.259	CAATGC
1019579	340	7m8	2.512	CAATGC
1019579	1141	o6	1.598	CAATGC
1019579	1802	o6	1.486	CAATGC
1019603	55	o6	1.095	CAATGC
1019698	1598	6m	2.415	AATGCA
1019713	677	6m	1.829	AATGCA
1019899	65	o6	1.235	CAATGC
1019899	404	8m	1.490	CAATGC
1019925	1133	6m	2.991	AATGCA
1019942	824	6m	2.956	AATGCA
1019945	20	o6	2.044	CAATGC
1019956	1341	6m	1.138	AATGCA
1019995	581	7m8	2.556	CAATGC
1020035	118	7m8	1.082	CAATGC
1020077	322	6m	2.215	AATGCA
1020163	130	7A1	1.555	AATGCA
1020166	566	o6	1.321	CAATGC
1020187	297	6m	1.563	AATGCA
1020219	2241	6m	1.255	AATGCA
1020220	522	6m	1.255	AATGCA
1020227	124	7A1	1.225	AATGCA
1020234	288	7A1	1.013	AATGCA
1020241	47	6m	1.072	AATGCA
1020246	179	o6	1.084	CAATGC
1020247	554	7A1	1.322	AATGCA
1020253	597	6m	2.632	AATGCA
1020253	1217	6m	2.513	AATGCA
1020253	2355	o6	2.453	CAATGC
1020280	468	6m	1.190	AATGCA
1020280	2046	6m	1.533	AATGCA
1020319	1566	7A1	1.135	AATGCA
1020319	2289	6m	1.064	AATGCA
1020319	2299	o6	1.028	CAATGC
1020360	92	o6	1.345	CAATGC
1020429	92	7A1	2.660	AATGCA
1020435	84	7A1	3.149	AATGCA
1020435	1958	6m	1.245	AATGCA
1020449	355	o6	1.499	CAATGC
1020495	432	6m	1.018	AATGCA
1020546	104	8m	1.844	AATGCA
1020564	375	6m	1.598	AATGCA
1020579	100	7A1	2.054	AATGCA
1020600	160	7A1	2.698	AATGCA
1020601	421	6m	1.546	AATGCA
1020601	603	6m	2.135	AATGCA
1020615	3624	6m	1.002	AATGCA
1020740	550	6m	1.195	AATGCA
1020740	765	7A1	2.990	AATGCA
1020745	343	7m8	2.520	AATGCA
1020766	761	7A1	2.133	AATGCA
1020782	522	o6	3.368	CAATGC
1020787	610	6m	1.247	AATGCA
1020800	412	o6	2.073	CAATGC
1020818	252	7A1	1.521	AATGCA
1020843	175	6m	3.082	AATGCA
1020859	152	6m	1.711	AATGCA
1020861	1995	6m	1.711	AATGCA
1020880	367	8m	1.499	CAATGC
1020922	66	7A1	1.867	AATGCA
1020992	991	7A1	1.577	AATGCA
1021005	755	7A1	2.040	AATGCA
1021008	118	6m	1.973	AATGCA
1021055	569	7A1	1.451	AATGCA
1021055	704	7A1	1.254	AATGCA
1021084	80	6m	1.328	AATGCA
1021084	425	o6	2.073	CAATGC
1021126	93	6m	2.891	AATGCA
1021213	23	6m	1.656	AATGCA
1021311	370	o6	1.941	CAATGC
1021378	95	o6	2.032	CAATGC
1021389	119	6m	1.377	AATGCA
1021406	431	6m	1.191	AATGCA
1021458	448	6m	1.085	AATGCA
1021540	2053	7A1	2.350	AATGCA
1021540	2698	7A1	2.591	AATGCA
1021566	1722	7A1	3.034	AATGCA
1021608	326	7A1	1.788	AATGCA
1021633	318	o6	1.232	CAATGC
1021645	151	o6	2.225	CAATGC
1021678	478	8m	2.446	CAATGC
1021764	134	7m8	2.290	CAATGC
1021789	31	7A1	1.036	AATGCA
1021800	247	6m	1.606	AATGCA
1021818	1242	7A1	1.729	AATGCA
1021899	1210	o6	1.231	CAATGC
1021941	664	7A1	2.331	AATGCA
1021954	550	6m	1.578	AATGCA
1021975	87	o6	2.076	CAATGC
1021989	937	6m	1.906	AATGCA
1021996	103	7m8	1.806	CAATGC
1021996	133	7A1	2.004	AATGCA
1022005	323	6m	1.813	AATGCA
1022005	389	7A1	1.284	AATGCA
1022057	33	7m8	2.794	CAATGC
1022066	1049	7A1	2.201	AATGCA
1022066	2463	o6	1.150	CAATGC
1022066	2500	7A1	1.881	AATGCA
1022066	2796	7A1	2.213	AATGCA
1022066	3438	7A1	2.177	AATGCA
1022101	506	6m	1.548	AATGCA
1022116	50	o6	1.970	CAATGC
1022125	404	6m	1.741	AATGCA
1022125	511	7A1	2.377	AATGCA
1022129	371	7A1	1.007	AATGCA
1022155	-1	7A1	1.023	AATGCA
1022180	1073	7m8	1.673	CAATGC
1022201	216	8m	3.182	CAATGC
1022235	1050	6m	3.358	AATGCA
1022235	1434	o6	1.649	CAATGC
1022235	1449	7A1	3.358	AATGCA
1022253	35	6m	1.053	AATGCA
1022256	2137	6m	1.251	AATGCA
1022279	207	7A1	1.284	AATGCA
1022317	111	7A1	1.997	AATGCA
1022338	1412	7A1	2.462	AATGCA
1022344	108	6m	2.723	AATGCA
1022383	221	6m	2.544	AATGCA
1022402	52	o6	1.447	CAATGC
1022418	440	7A1	1.710	AATGCA
1022457	401	6m	1.824	AATGCA
1022480	536	6m	1.322	AATGCA
1022495	2792	6m	1.824	AATGCA
1022495	2872	6m	1.045	AATGCA
1022495	4697	7A1	1.315	AATGCA
1022495	5221	7A1	2.272	AATGCA
1022531	879	o6	1.919	CAATGC
1022531	1361	o6	3.221	CAATGC
1022568	1714	6m	1.097	AATGCA
1022576	197	o6	1.221	CAATGC
1022604	1278	o6	1.441	CAATGC
1022710	70	6m	1.244	AATGCA
1022837	298	7A1	1.817	AATGCA
1022849	348	7A1	1.218	AATGCA
1022853	579	o6	1.131	CAATGC
1022932	52	7A1	1.705	AATGCA
1022932	346	7A1	1.962	AATGCA
1022938	39	6m	2.749	AATGCA
1022938	1726	7A1	1.062	AATGCA
1022938	1797	o6	2.055	CAATGC
1022938	1820	6m	1.893	AATGCA
1022941	3624	7A1	2.502	AATGCA
1022985	1161	7A1	2.220	AATGCA
1023062	2107	o6	2.247	CAATGC
1023065	423	6m	1.083	AATGCA
1023088	292	6m	2.078	AATGCA
1023100	112	o6	1.581	CAATGC
1023104	358	6m	2.550	AATGCA
1023110	163	6m	1.895	AATGCA
1023110	416	7A1	1.437	AATGCA
1023110	1619	7A1	1.324	AATGCA
1023127	412	o6	2.757	CAATGC
1023145	361	7A1	1.544	AATGCA
1023145	400	8m	2.150	AATGCA
1023151	335	o6	1.351	CAATGC
1023154	467	o6	1.532	CAATGC
1023154	608	o6	1.180	CAATGC
1023167	304	7A1	4.317	AATGCA
1023167	800	6m	2.854	AATGCA
1023256	1132	7m8	2.502	AATGCA
1023289	2717	6m	2.073	AATGCA
1023292	1798	6m	1.313	AATGCA
1023298	1154	6m	1.690	AATGCA
1023334	432	7A1	2.845	AATGCA
1023337	902	6m	2.054	AATGCA
1023354	561	6m	1.579	AATGCA
1023396	113	6m	2.483	AATGCA
1023426	505	6m	2.121	AATGCA
1023426	532	7A1	1.264	AATGCA
1023432	826	6m	1.541	AATGCA
1023443	617	7A1	1.209	AATGCA
1023482	56	7A1	3.204	AATGCA
1023527	561	6m	1.970	AATGCA
1023572	536	7A1	2.500	AATGCA
1023572	977	7A1	1.144	AATGCA
1023594	1174	7A1	1.959	AATGCA
1023594	2131	6m	1.808	AATGCA
1023599	949	o6	1.913	CAATGC
1023599	2435	7A1	1.446	AATGCA
1023602	431	7A1	2.073	AATGCA
1023658	667	6m	1.288	AATGCA
1023678	841	6m	1.687	AATGCA
1023681	268	o6	1.070	CAATGC
1023681	4287	6m	1.031	AATGCA
1023703	59	6m	2.087	AATGCA
1023712	1660	7A1	1.053	AATGCA
1023774	762	6m	2.013	AATGCA
1023774	976	7m8	1.882	AATGCA
1023774	1665	o6	1.374	CAATGC
1023783	865	8m	2.187	CAATGC
1023784	692	6m	1.321	AATGCA
1023790	9	7A1	1.051	AATGCA
1023790	1842	7A1	1.040	AATGCA
1023790	3780	o6	2.476	CAATGC
1023802	396	6m	1.652	AATGCA
1023805	5544	8m	1.543	CAATGC
1023828	235	7A1	1.690	AATGCA
1023846	664	6m	2.047	AATGCA
1023846	1407	6m	2.212	AATGCA
1023847	968	6m	1.151	AATGCA
1023856	28	7m8	1.421	CAATGC
1023882	493	6m	1.322	AATGCA
1023882	1924	o6	1.354	CAATGC
1023882	2907	o6	1.072	CAATGC
1023882	2948	6m	1.322	AATGCA
1023897	1056	6m	1.904	AATGCA
1023955	1455	6m	1.533	AATGCA
1023970	14	8m	1.999	AATGCA
1023980	782	6m	2.069	AATGCA
1024003	1099	7A1	1.053	AATGCA
1024025	952	o6	2.393	CAATGC
1024031	1006	7A1	1.284	AATGCA
1024031	1836	8m	1.321	CAATGC
1024031	3615	6m	1.929	AATGCA
1024031	4228	7A1	1.240	AATGCA
1024042	38	6m	1.029	AATGCA
1024045	294	7A1	1.298	AATGCA
1024052	113	o6	1.073	CAATGC
1024085	2100	6m	1.876	AATGCA
1024085	2543	6m	2.480	AATGCA
1024114	1401	6m	2.025	AATGCA
1024141	189	6m	2.477	AATGCA
1024184	98	o6	2.029	CAATGC
1024184	634	7m8	2.029	AATGCA
1024184	726	7A1	1.822	AATGCA
1024189	623	7A1	1.544	AATGCA
1024190	117	6m	1.196	AATGCA
1024211	579	7A1	1.813	AATGCA
1024211	1505	6m	2.026	AATGCA
1024211	3207	7A1	1.317	AATGCA
1024228	609	o6	1.322	CAATGC
1024228	632	7A1	1.687	AATGCA
1024228	1053	6m	1.729	AATGCA
1024237	371	6m	1.642	AATGCA
1024241	1324	7A1	1.041	AATGCA
1024342	297	7A1	2.212	AATGCA
1024342	2078	6m	1.737	AATGCA
1024349	1402	o6	2.343	CAATGC
1024355	259	7A1	1.663	AATGCA
1024372	634	6m	2.273	AATGCA
1024381	467	o6	1.315	CAATGC
1024384	1453	6m	1.894	AATGCA
1024385	420	o6	2.238	CAATGC
1024397	1359	6m	1.784	AATGCA
1024397	2053	7m8	2.807	CAATGC
1024397	2132	8m	1.284	CAATGC
1024406	1053	6m	1.665	AATGCA
1024465	3356	o6	1.753	CAATGC
1024465	4062	6m	1.484	AATGCA
1024481	236	7A1	1.919	AATGCA
1024556	717	7A1	2.182	AATGCA
1024604	1151	6m	2.519	AATGCA
1024609	285	7A1	1.067	AATGCA
1024609	291	7A1	1.129	AATGCA
1024612	407	6m	1.527	AATGCA
1024612	486	6m	1.527	AATGCA
1024619	2153	8m	1.149	AATGCA
1024619	3875	7A1	1.026	AATGCA
1024639	320	7A1	2.350	AATGCA
1024648	3149	7A1	1.647	AATGCA
1024648	6098	8m	1.887	CAATGC
1024648	13972	6m	1.029	AATGCA
1024654	1627	6m	2.024	AATGCA
1024655	213	6m	1.783	AATGCA
1024672	325	7A1	2.083	AATGCA
1024688	86	6m	2.067	AATGCA
1024694	74	7A1	2.166	AATGCA
1024715	3639	7A1	1.976	AATGCA
1024715	3739	7A1	2.472	AATGCA
1024721	519	6m	1.707	AATGCA
1024742	93	7m8	1.102	CAATGC
1024762	1027	6m	1.369	AATGCA
1024763	658	o6	1.016	CAATGC
1024763	666	7A1	1.245	AATGCA
1024829	345	7A1	2.941	AATGCA
1024829	4200	7A1	1.508	AATGCA
1024883	184	6m	1.328	AATGCA
1024891	421	6m	3.553	AATGCA
1024904	727	7A1	1.201	AATGCA
1024904	2444	o6	1.340	CAATGC
1024910	54	7m8	1.555	CAATGC
1024944	498	6m	1.921	AATGCA
1024944	510	7A1	1.855	AATGCA
1024953	409	6m	1.857	AATGCA
1024956	4555	o6	2.064	CAATGC
1024956	4629	6m	1.578	AATGCA
1024956	6216	7m8	2.255	AATGCA
1024971	510	6m	2.349	AATGCA
1024987	1042	7A1	1.071	AATGCA
1025022	855	6m	2.311	AATGCA
1025022	1166	7m8	1.026	AATGCA
1025022	1429	7A1	1.079	AATGCA
1025023	59	7A1	1.567	AATGCA
1025023	167	7A1	1.038	AATGCA
1025023	181	6m	1.799	AATGCA
1025029	3623	6m	1.775	AATGCA
1025032	753	7A1	1.687	AATGCA
1025046	192	o6	1.906	CAATGC
1025064	1454	6m	1.352	AATGCA
1025083	360	o6	1.388	CAATGC
1025101	1323	6m	1.086	AATGCA
1025158	1280	7A1	3.785	AATGCA
1025167	529	7m8	1.647	CAATGC
1025204	320	8m	2.155	CAATGC
1025221	366	o6	2.271	CAATGC
1025229	121	8m	2.768	AATGCA
1025229	729	8m	2.288	AATGCA
1025229	892	7A1	1.924	AATGCA
1025235	687	6m	1.577	AATGCA
1025242	134	6m	2.025	AATGCA
1025268	425	o6	2.031	CAATGC
1025275	186	6m	2.115	AATGCA
1025275	273	7m8	2.427	CAATGC
1025275	774	o6	1.892	CAATGC
1025275	859	7m8	1.600	CAATGC
1025293	1150	6m	2.171	AATGCA
1025380	44	7A1	1.100	AATGCA
1025391	536	7A1	2.558	AATGCA
1025443	817	7A1	2.835	AATGCA
1025455	457	6m	1.517	AATGCA
1025455	748	7A1	1.166	AATGCA
1025455	1812	7A1	1.751	AATGCA
1025488	74	6m	2.176	AATGCA
1025491	815	7A1	1.847	AATGCA
1025521	491	6m	1.715	AATGCA
1025521	589	7A1	1.253	AATGCA
1025565	1000	7A1	2.178	AATGCA
1025608	841	6m	1.103	AATGCA
1025608	955	6m	2.520	AATGCA
1025618	148	6m	2.025	AATGCA
1025630	2350	7m8	3.880	AATGCA
1025642	325	8m	1.339	CAATGC
1025672	474	o6	1.556	CAATGC
1025693	748	7A1	4.288	AATGCA
1025724	495	7A1	1.298	AATGCA
1025730	67	8m	1.775	CAATGC
1025737	938	6m	1.523	AATGCA
1025742	794	6m	1.554	AATGCA
1025755	630	o6	1.017	CAATGC
1025815	502	7A1	2.026	AATGCA
1025886	96	6m	1.912	AATGCA
1025962	295	6m	1.946	AATGCA
1026095	1648	8m	1.354	AATGCA
1026111	1315	6m	1.285	AATGCA
1026155	79	6m	1.998	AATGCA
1026185	735	7A1	2.074	AATGCA
1026235	67	6m	1.126	AATGCA
1026235	673	6m	2.073	AATGCA
1026287	279	o6	2.232	CAATGC
1026299	306	7A1	1.244	AATGCA
1026378	39	7A1	1.979	AATGCA
1026385	272	6m	1.610	AATGCA
1026385	343	7A1	1.687	AATGCA
1026414	158	8m	2.320	AATGCA
1026443	186	6m	1.543	AATGCA
1026480	349	8m	1.600	AATGCA
1026480	1534	6m	2.220	AATGCA
1026480	2512	6m	1.104	AATGCA
1026480	3078	7A1	1.488	AATGCA
1026480	3311	6m	1.716	AATGCA
1026485	62	6m	1.478	AATGCA
1026545	441	8m	1.053	AATGCA
1026688	861	7A1	1.192	AATGCA
1026688	3191	7A1	4.925	AATGCA
1026708	177	o6	1.430	CAATGC
1026711	573	o6	1.073	CAATGC
1026711	1128	6m	2.138	AATGCA
1026761	104	7A1	1.500	AATGCA
1026761	699	8m	1.061	CAATGC
1026761	704	8m	1.061	CAATGC
1026798	401	o6	1.122	CAATGC
1026798	1642	7A1	1.284	AATGCA
1026838	224	6m	2.544	AATGCA
1026838	811	7m8	2.132	AATGCA
1026846	89	o6	1.120	CAATGC
1026853	3059	7A1	3.084	AATGCA
1026853	3083	6m	1.195	AATGCA
1026885	452	6m	1.598	AATGCA
1026981	355	7m8	1.682	AATGCA
1026981	621	o6	1.806	CAATGC
1026999	592	7A1	2.807	AATGCA
1026999	702	6m	2.402	AATGCA
1026999	2240	7A1	1.606	AATGCA
1027007	341	o6	2.050	CAATGC
1027007	375	o6	1.545	CAATGC
1027036	162	6m	1.073	AATGCA
1027037	468	o6	2.943	CAATGC
1027058	337	7A1	1.079	AATGCA
1027066	46	7m8	1.744	CAATGC
1027069	46	7m8	1.467	CAATGC
1027332	380	8m	2.286	CAATGC
1027348	567	o6	1.237	CAATGC
1027410	362	6m	2.073	AATGCA
1027423	279	6m	1.284	AATGCA
1027426	98	7A1	1.288	AATGCA
1027426	417	8m	2.513	CAATGC
1027493	47	7A1	1.836	AATGCA
1027493	353	o6	2.624	CAATGC
1027559	84	7A1	2.703	AATGCA
1027564	39	8m	3.580	CAATGC
1027605	247	7A1	1.146	AATGCA
1027616	81	8m	3.034	CAATGC
1027622	85	6m	3.005	AATGCA
1027637	272	7A1	1.298	AATGCA
1027756	178	7A1	1.573	AATGCA
1027761	404	7A1	2.538	AATGCA
1027773	1076	6m	1.212	AATGCA
1027782	116	6m	2.275	AATGCA
1027814	674	o6	1.880	CAATGC
1027831	1238	7A1	1.341	AATGCA
1027891	909	6m	1.039	AATGCA
1027900	484	6m	1.352	AATGCA
1027900	526	7A1	3.781	AATGCA
1027912	550	6m	1.711	AATGCA
1027954	368	7A1	1.862	AATGCA
1028007	1020	8m	1.011	CAATGC
1028011	818	7A1	1.560	AATGCA
1028023	226	6m	2.344	AATGCA
1028028	811	6m	2.302	AATGCA
1028049	382	6m	1.535	AATGCA
1028093	313	7m8	1.284	AATGCA
1028103	531	8m	2.051	CAATGC
1028103	760	6m	1.409	AATGCA
1028112	913	7m8	1.208	AATGCA
1028115	639	o6	3.864	CAATGC
1028115	926	7A1	1.502	AATGCA
1028203	345	7A1	1.300	AATGCA
1028230	1148	o6	3.323	CAATGC
1028372	341	o6	1.616	CAATGC
1028438	122	7A1	1.466	AATGCA
1028447	916	6m	1.362	AATGCA
1028472	315	7A1	1.261	AATGCA
1028527	1591	o6	2.759	CAATGC
1028556	317	7A1	2.971	AATGCA
1028556	390	o6	2.488	CAATGC
1028734	576	6m	2.533	AATGCA
1028734	1169	o6	1.808	CAATGC
1028734	1469	6m	2.654	AATGCA
1028734	3342	7A1	1.950	AATGCA
1028734	4422	o6	2.611	CAATGC
1028751	377	o6	1.040	CAATGC
1028931	599	7A1	1.898	AATGCA
1029003	87	o6	1.304	CAATGC
1029003	825	6m	1.632	AATGCA
1029036	61	6m	1.606	AATGCA
1029125	675	7A1	1.504	AATGCA
1029192	2418	7A1	1.051	AATGCA
1029213	201	7A1	3.729	AATGCA
1029213	380	7m8	3.198	CAATGC
1029213	488	8m	1.104	AATGCA
1029246	120	6m	2.073	AATGCA
1029278	299	6m	1.690	AATGCA
1029310	153	7A1	1.101	AATGCA
1029331	45	6m	1.684	AATGCA
1029348	507	7A1	1.448	AATGCA
1029349	70	o6	1.226	CAATGC
1029349	78	6m	1.205	AATGCA
1029369	902	7A1	1.082	AATGCA
1029373	28	6m	2.086	AATGCA
1029391	100	8m	2.206	CAATGC
1029499	26	6m	1.446	AATGCA
1029517	1556	7m8	1.659	AATGCA
1029517	1937	6m	2.358	AATGCA
1029517	2041	7A1	2.757	AATGCA
1029520	548	o6	1.079	CAATGC
1029529	137	o6	1.135	CAATGC
1029532	2278	7m8	1.606	AATGCA
1029532	2572	7A1	1.163	AATGCA
1029558	369	6m	1.284	AATGCA
1029558	723	8m	1.517	CAATGC
1029569	366	8m	2.061	CAATGC
1029575	117	7A1	3.843	AATGCA
1029673	310	6m	2.213	AATGCA
1029685	573	o6	1.658	CAATGC
1029782	125	7A1	1.340	AATGCA
1029782	586	7A1	1.053	AATGCA
1029782	930	6m	2.842	AATGCA
1029835	404	7A1	1.358	AATGCA
1029846	865	o6	2.132	CAATGC
1029934	696	o6	1.664	CAATGC
1030115	32	7A1	1.079	AATGCA
1030141	185	6m	1.633	AATGCA
1030147	147	7m8	1.766	AATGCA
1030169	350	7A1	2.796	AATGCA
1030192	656	6m	1.939	AATGCA
1030192	834	7A1	2.335	AATGCA
1030245	1296	6m	1.931	AATGCA
1030248	1178	7A1	1.322	AATGCA
1030248	1188	7m8	1.156	CAATGC
1030275	78	6m	1.874	AATGCA
1030308	751	6m	2.067	AATGCA
1030340	102	7A1	1.212	AATGCA
1030340	674	7A1	1.740	AATGCA
1030340	1099	o6	2.187	CAATGC
1030343	386	7A1	2.262	AATGCA
1030451	836	7A1	2.064	AATGCA
1030451	843	7A1	2.533	AATGCA
1030451	1897	6m	3.213	AATGCA
1030468	179	6m	2.102	AATGCA
1030468	752	8m	1.156	AATGCA
1030519	45	6m	1.156	AATGCA
1030556	1119	6m	1.027	AATGCA
1030584	560	o6	1.484	CAATGC
1030632	117	o6	1.939	CAATGC
1030632	204	7m8	1.324	CAATGC
1030659	190	o6	1.881	CAATGC
1030679	80	7m8	1.423	AATGCA
1030692	149	7m8	2.139	CAATGC
1030692	924	6m	1.285	AATGCA
1030692	1647	8m	1.187	CAATGC
1030716	1138	7A1	1.941	AATGCA
1030731	124	7A1	1.019	AATGCA
1030762	48	7A1	1.970	AATGCA
1030782	2018	7A1	2.145	AATGCA
1030788	40	8m	1.427	CAATGC
1030812	378	6m	1.404	AATGCA
1030864	47	6m	1.077	AATGCA
1030912	418	o6	1.322	CAATGC
1031061	576	7A1	1.054	AATGCA
1031090	459	7A1	1.034	AATGCA
1031111	821	6m	1.152	AATGCA
1031129	722	7A1	1.414	AATGCA
1031156	1609	7A1	1.818	AATGCA
1031156	2355	7A1	1.715	AATGCA
1031199	348	o6	1.405	CAATGC
1031205	151	8m	2.604	AATGCA
1031223	542	7m8	1.598	CAATGC
1031245	403	7m8	1.965	CAATGC
1031245	496	6m	2.377	AATGCA
1031307	610	7A1	1.971	AATGCA
1031307	2570	6m	2.641	AATGCA
1031375	554	7A1	1.189	AATGCA
1031390	210	7A1	1.213	AATGCA
1031398	30	o6	1.476	CAATGC
1031423	329	7m8	1.074	CAATGC
1031498	1108	o6	1.176	CAATGC
1031498	1905	6m	1.151	AATGCA
1031541	661	6m	2.674	AATGCA
1031541	1221	7A1	2.843	AATGCA
1031541	1294	7m8	3.688	CAATGC
1031544	363	7A1	2.120	AATGCA
1031557	165	6m	1.251	AATGCA
1031563	220	7m8	1.431	CAATGC
1031593	40	7A1	1.034	AATGCA
1031593	460	8m	2.025	AATGCA
1031593	695	6m	2.275	AATGCA
1031593	792	7A1	1.234	AATGCA
1031616	503	7m8	1.744	AATGCA
1031616	947	o6	3.258	CAATGC
1031630	16	6m	1.290	AATGCA
1031749	460	8m	1.267	CAATGC
1031755	792	8m	1.258	CAATGC
1031778	102	o6	1.278	CAATGC
1031787	61	o6	3.749	CAATGC
1031794	52	6m	1.535	AATGCA
1031805	1094	6m	1.606	AATGCA
1031848	49	6m	1.739	AATGCA
1031906	190	7A1	2.256	AATGCA
1031906	974	o6	1.746	CAATGC
1031929	408	6m	2.332	AATGCA
1031962	26	o6	2.056	CAATGC
1031965	659	o6	1.826	CAATGC
1031968	41	o6	1.541	CAATGC
1031994	2441	7A1	1.898	AATGCA
1032022	538	6m	1.724	AATGCA
1032031	265	6m	1.394	AATGCA
1032090	542	6m	2.324	AATGCA
1032151	18	6m	1.741	AATGCA
1032182	14	7A1	1.028	AATGCA
1032200	387	6m	1.549	AATGCA
1032234	52	6m	1.251	AATGCA
1032292	319	7A1	1.908	AATGCA
1032292	524	7m8	1.973	CAATGC
1032295	450	6m	1.078	AATGCA
1032295	1661	o6	1.051	CAATGC
1032295	2330	o6	1.058	CAATGC
1032325	1687	o6	1.468	CAATGC
1032328	996	o6	1.122	CAATGC
1032328	1135	o6	1.292	CAATGC
1032333	1324	8m	2.872	CAATGC
1032333	1659	6m	2.005	AATGCA
1032366	957	8m	1.125	AATGCA
1032369	1433	6m	2.215	AATGCA
1032369	2115	7A1	1.050	AATGCA
1032369	2667	7m8	2.549	AATGCA
1032369	3090	7m8	2.259	AATGCA
1032386	851	6m	3.058	AATGCA
1032406	130	6m	1.302	AATGCA
1032420	1056	6m	2.743	AATGCA
1032442	122	6m	1.917	AATGCA
1032456	586	7A1	2.092	AATGCA
1032459	241	8m	1.201	CAATGC
1032471	1375	6m	1.248	AATGCA
1032498	848	6m	1.255	AATGCA
1032607	411	6m	1.485	AATGCA
1032607	1375	6m	1.298	AATGCA
1032608	606	6m	1.207	AATGCA
1032608	807	7A1	1.195	AATGCA
1032608	1848	7A1	1.120	AATGCA
1032622	192	7A1	1.356	AATGCA
1032622	1095	7A1	1.780	AATGCA
1032622	2865	6m	2.149	AATGCA
1032622	4192	7A1	1.853	AATGCA
1032622	4685	6m	1.606	AATGCA
1032622	5109	6m	1.448	AATGCA
1032623	225	7A1	1.241	AATGCA
1032634	124	6m	2.282	AATGCA
1032640	113	7A1	1.086	AATGCA
1032693	840	6m	1.284	AATGCA
1032693	1684	7A1	1.883	AATGCA
1032750	632	6m	1.007	AATGCA
1032799	809	6m	1.564	AATGCA
1032802	60	o6	1.399	CAATGC
1032813	1392	6m	1.040	AATGCA
1032822	698	7A1	1.207	AATGCA
1032902	330	6m	2.544	AATGCA
1032902	1439	6m	1.418	AATGCA
1032948	210	6m	2.718	AATGCA
1032964	161	6m	2.997	AATGCA
1032964	174	o6	2.955	CAATGC
1032968	362	6m	1.540	AATGCA
1032968	1919	6m	1.275	AATGCA
1032986	430	6m	1.562	AATGCA
1032987	1621	6m	2.105	AATGCA
1033008	4057	7A1	1.562	AATGCA
1033016	121	6m	1.906	AATGCA
1033025	297	6m	1.690	AATGCA
1033037	211	7A1	2.472	AATGCA
1033037	1359	7A1	1.195	AATGCA
1033041	3345	7m8	2.518	CAATGC
1033046	928	o6	1.680	CAATGC
1033047	70	6m	1.611	AATGCA
1033085	981	6m	2.101	AATGCA
1033138	568	o6	2.038	CAATGC
1033141	1599	6m	1.652	AATGCA
1033141	7535	7A1	1.084	AATGCA
1033152	679	7A1	1.422	AATGCA
1033205	198	7A1	1.032	AATGCA
1033218	1599	6m	1.527	AATGCA
1033227	672	6m	2.101	AATGCA
1033239	207	6m	1.860	AATGCA
1033244	86	6m	1.119	AATGCA
1033244	628	o6	2.132	CAATGC
1033244	862	7A1	1.322	AATGCA
1033250	616	6m	2.350	AATGCA
1033351	1428	6m	1.745	AATGCA
1033351	1437	6m	1.745	AATGCA
1033373	256	7A1	1.240	AATGCA
1033384	37	7A1	1.228	AATGCA
1033384	2162	6m	1.511	AATGCA
1033409	1600	6m	2.981	AATGCA
1033409	2413	6m	1.062	AATGCA
1033409	2719	8m	1.032	AATGCA
1033414	315	6m	1.907	AATGCA
1033452	687	6m	1.410	AATGCA
1033452	1939	6m	2.391	AATGCA
1033452	2018	7A1	2.922	AATGCA
1033452	2923	7A1	1.606	AATGCA
1033481	862	7A1	2.030	AATGCA
1033514	214	7A1	2.606	AATGCA
1033565	1263	8m	1.053	AATGCA
1033565	1478	o6	2.999	CAATGC
1033565	1792	6m	3.082	AATGCA
1033565	2860	o6	2.068	CAATGC
1033565	3787	6m	1.884	AATGCA
1033571	6	6m	2.259	AATGCA
1033571	2540	6m	1.053	AATGCA
1033571	2799	6m	2.255	AATGCA
1033583	450	7m8	2.302	CAATGC
1033598	3801	o6	1.029	CAATGC
1033601	997	6m	1.128	AATGCA
1033601	1686	6m	1.735	AATGCA
1033602	5	8m	1.050	CAATGC
1033616	1982	6m	1.598	AATGCA
1033650	113	8m	1.079	CAATGC
1033678	70	6m	1.485	AATGCA
1033678	497	6m	3.014	AATGCA
1033711	340	o6	2.571	CAATGC
1033712	671	o6	1.060	CAATGC
1033732	522	6m	1.860	AATGCA
1033732	611	7A1	1.774	AATGCA
1033739	1471	6m	1.560	AATGCA
1033751	1267	7A1	1.302	AATGCA
1033751	1696	7A1	2.373	AATGCA
1033751	2346	o6	1.612	CAATGC
1033754	896	7A1	1.302	AATGCA
1033754	1325	7A1	2.373	AATGCA
1033754	1975	o6	1.612	CAATGC
1033757	315	7A1	1.302	AATGCA
1033757	744	7A1	2.373	AATGCA
1033757	1394	o6	1.612	CAATGC
1033760	348	7A1	2.763	AATGCA
1033760	998	o6	1.918	CAATGC
1033763	398	o6	1.918	CAATGC
1033786	1361	7A1	1.687	AATGCA
1033789	1278	6m	2.262	AATGCA
1033789	1591	7A1	1.512	AATGCA
1033789	2733	o6	1.056	CAATGC
1033789	3201	6m	1.251	AATGCA
1033824	353	o6	2.154	CAATGC
1033833	6	6m	1.619	AATGCA
1033833	316	7m8	1.924	CAATGC
1033877	631	7A1	1.520	AATGCA
1033877	1164	6m	1.265	AATGCA
1033883	303	7A1	3.347	AATGCA
1033883	1508	6m	4.122	AATGCA
1033906	95	7A1	1.485	AATGCA
1033960	1482	6m	1.333	AATGCA
1033971	1889	6m	2.024	AATGCA
1033971	4224	6m	1.698	AATGCA
1033984	191	6m	1.434	AATGCA
1033984	969	o6	1.718	CAATGC
1034047	354	6m	1.700	AATGCA
1034074	2515	8m	2.793	AATGCA
1034097	152	6m	1.358	AATGCA
1034134	445	7m8	2.630	AATGCA
1034152	262	o6	2.880	CAATGC
1034152	697	8m	1.061	AATGCA
1034185	697	7A1	1.126	AATGCA
1034209	1722	6m	1.100	AATGCA
1034230	662	7A1	1.280	AATGCA
1034230	735	7A1	3.941	AATGCA
1034235	915	7A1	3.102	AATGCA
1034247	1205	8m	1.606	AATGCA
1034247	2786	7A1	1.854	AATGCA
1034281	168	8m	1.155	CAATGC
1034284	386	7A1	3.200	AATGCA
1034307	392	6m	1.073	AATGCA
1034331	1030	o6	1.595	CAATGC
1034331	3651	o6	1.451	CAATGC
1034340	619	7m8	1.844	AATGCA
1034358	657	7A1	1.389	AATGCA
1034362	729	6m	3.284	AATGCA
1034362	871	7A1	3.211	AATGCA
1034362	879	7A1	3.398	AATGCA
1034362	1772	6m	2.681	AATGCA
1034370	5	8m	2.624	AATGCA
1034397	120	6m	1.073	AATGCA
1034400	531	6m	2.655	AATGCA
1034416	836	7A1	2.060	AATGCA
1034451	278	8m	1.479	CAATGC
1034451	822	7A1	1.194	AATGCA
1034481	695	o6	1.205	CAATGC
1034499	973	7m8	1.090	CAATGC
1034539	1511	7A1	1.313	AATGCA
1034539	2124	8m	1.689	CAATGC
1034545	648	7m8	1.889	AATGCA
1034556	2160	6m	1.465	AATGCA
1034557	331	o6	1.126	CAATGC
1034565	1061	7A1	1.235	AATGCA
1034569	472	7A1	1.210	AATGCA
1034569	4855	o6	2.608	CAATGC
1034569	7464	6m	2.267	AATGCA
1034577	542	o6	1.814	CAATGC
1034593	1823	7A1	1.128	AATGCA
1034620	559	7A1	1.683	AATGCA
1034623	29	6m	1.560	AATGCA
1034665	1029	6m	1.035	AATGCA
1034665	1089	7A1	1.763	AATGCA
1034679	1062	6m	1.577	AATGCA
1034679	3889	6m	1.316	AATGCA
1034690	274	6m	1.477	AATGCA
1034690	672	8m	1.641	CAATGC
1034690	1767	6m	1.450	AATGCA
1034694	422	7A1	1.218	AATGCA
1034726	221	6m	1.245	AATGCA
1034736	153	6m	2.309	AATGCA
1034739	390	6m	1.654	AATGCA
1034739	2724	6m	2.031	AATGCA
1034744	893	7A1	1.497	AATGCA
1034800	277	7A1	1.934	AATGCA
1034836	554	6m	2.854	AATGCA
1034836	1289	6m	1.005	AATGCA
1034839	1221	6m	3.325	AATGCA
1034873	330	8m	1.898	CAATGC
1034884	278	8m	2.608	AATGCA
1034899	3023	7A1	2.523	AATGCA
1034909	2225	6m	1.163	AATGCA
1034924	130	o6	1.548	CAATGC
1034977	688	o6	1.268	CAATGC
1034984	744	7A1	1.278	AATGCA
1034995	2325	7A1	2.608	AATGCA
1034995	2383	6m	1.864	AATGCA
1034995	2889	8m	1.073	CAATGC
1035001	1524	6m	3.421	AATGCA
1035010	3019	7A1	2.292	AATGCA
1035027	196	7A1	2.194	AATGCA
1035037	1678	o6	1.576	CAATGC
1035040	5519	o6	1.002	CAATGC
1035043	88	6m	1.650	AATGCA
1035043	233	6m	1.028	AATGCA
1035097	386	7A1	1.992	AATGCA
1035198	768	8m	1.326	CAATGC
1035198	2761	o6	1.892	CAATGC
1035198	2768	o6	1.038	CAATGC
1035218	358	6m	1.449	AATGCA
1035248	1182	o6	1.626	CAATGC
1035251	337	o6	2.796	CAATGC
1035332	180	6m	1.740	AATGCA
1035411	44	7A1	1.281	AATGCA
1035453	200	7A1	1.667	AATGCA
1035506	1065	o6	2.152	CAATGC
1035527	1397	7A1	2.634	AATGCA
1035536	99	7A1	1.652	AATGCA
1035561	376	8m	1.320	CAATGC
1035566	520	6m	2.238	AATGCA
1035569	788	7A1	1.152	AATGCA
1035569	3336	7A1	2.168	AATGCA
1035569	3617	7A1	1.513	AATGCA
1035569	15818	7A1	2.621	AATGCA
1035569	16437	6m	2.471	AATGCA
1035575	762	6m	1.860	AATGCA
1035575	1488	7A1	1.424	AATGCA
1035588	109	7A1	2.322	AATGCA
1035602	1555	6m	1.329	AATGCA
1035656	2166	6m	1.006	AATGCA
1035662	3	6m	1.325	AATGCA
1035669	810	7A1	1.071	AATGCA
1035677	39	6m	1.074	AATGCA
1035719	460	7A1	1.376	AATGCA
1035755	488	7A1	2.418	AATGCA
1035768	1465	6m	2.468	AATGCA
1035782	835	6m	1.408	AATGCA
1035783	3726	8m	2.036	AATGCA
1035783	4477	6m	3.371	AATGCA
1035794	312	6m	1.560	AATGCA
1035798	2326	7A1	2.309	AATGCA
1035809	423	6m	1.284	AATGCA
1035948	103	7A1	2.304	AATGCA
1035986	695	6m	1.929	AATGCA
1036001	1105	7A1	2.219	AATGCA
1036127	230	7A1	2.550	AATGCA
1036127	2069	7m8	2.835	CAATGC
1036127	4895	o6	1.076	CAATGC
1036127	9998	o6	1.971	CAATGC
1036127	11694	o6	1.606	CAATGC
1036149	280	o6	2.145	CAATGC
1036154	3179	o6	1.084	CAATGC
1036160	120	6m	2.557	AATGCA
1036212	15	o6	1.291	CAATGC
1036226	69	6m	1.740	AATGCA
1036232	447	7A1	1.275	AATGCA
1036343	1597	6m	2.143	AATGCA
1036343	1853	6m	2.966	AATGCA
1036355	174	6m	2.526	AATGCA
1036374	1037	6m	1.010	AATGCA
1036399	351	6m	3.339	AATGCA
1036404	887	6m	1.162	AATGCA
1036404	2342	6m	2.182	AATGCA
1036405	864	6m	1.790	AATGCA
1036432	351	o6	2.251	CAATGC
1036449	1500	o6	1.499	CAATGC
1036449	1511	o6	1.499	CAATGC
1036482	1562	6m	1.566	AATGCA
1036486	236	7m8	2.209	AATGCA
1036537	800	7m8	1.568	CAATGC
1036537	1361	7m8	1.973	AATGCA
1036537	2202	7A1	1.395	AATGCA
1036537	2283	7A1	1.945	AATGCA
1036549	30	6m	2.283	AATGCA
1036558	47	6m	3.390	AATGCA
1036558	2047	7A1	2.121	AATGCA
1036566	216	6m	1.906	AATGCA
1036568	204	6m	1.483	AATGCA
1036568	1778	o6	1.633	CAATGC
1036568	1820	6m	1.588	AATGCA
1036568	3401	7A1	1.506	AATGCA
1036568	3727	6m	1.328	AATGCA
1036568	3768	6m	2.005	AATGCA
1036568	4413	o6	1.633	CAATGC
1036568	4470	7A1	1.328	AATGCA
1036568	4739	6m	1.006	AATGCA
1036568	4754	6m	1.553	AATGCA
1036571	184	6m	1.319	AATGCA
1036586	743	6m	2.067	AATGCA
1036586	750	6m	2.067	AATGCA
1036598	1209	7A1	2.414	AATGCA
1036656	291	7A1	1.744	AATGCA
1036682	1921	7A1	3.037	AATGCA
1036691	473	6m	2.289	AATGCA
1036751	265	7m8	1.283	CAATGC
1036788	322	o6	1.073	CAATGC
1036788	641	7A1	3.103	AATGCA
1036803	30	6m	1.647	AATGCA
1036865	132	6m	2.559	AATGCA
1036910	810	7A1	1.650	AATGCA
1036991	873	7A1	1.318	AATGCA
1036991	2564	7A1	1.297	AATGCA
1037031	942	7A1	2.626	AATGCA
1037051	277	o6	1.008	CAATGC
1037153	520	6m	1.349	AATGCA
1037161	148	o6	1.396	CAATGC
1037192	201	6m	2.456	AATGCA
1037219	1086	6m	1.846	AATGCA
1037301	2909	6m	1.407	AATGCA
1037307	334	7m8	1.355	AATGCA
1037330	153	7A1	1.039	AATGCA
1037333	327	6m	1.005	AATGCA
1037342	345	7A1	1.549	AATGCA
1037398	1308	o6	1.247	CAATGC
1037413	495	6m	2.685	AATGCA
1037414	458	7A1	1.921	AATGCA
1037440	574	6m	2.661	AATGCA
1037485	792	7A1	1.028	AATGCA
1037494	1182	8m	1.129	AATGCA
1037494	1424	6m	1.760	AATGCA
1037507	94	o6	2.272	CAATGC
1037537	145	6m	3.016	AATGCA
1037605	127	6m	1.281	AATGCA
1037684	175	o6	1.262	CAATGC
1037808	100	6m	1.390	AATGCA
1037823	167	6m	1.117	AATGCA
1037845	499	7A1	1.635	AATGCA
1037877	38	6m	2.025	AATGCA
1038021	22	o6	2.009	CAATGC
1038021	1384	7m8	1.373	AATGCA
1038067	439	7A1	2.067	AATGCA
1038067	453	7A1	1.353	AATGCA
1038072	1	6m	1.576	AATGCA
1038119	1234	7A1	3.005	AATGCA
1038211	168	6m	3.070	AATGCA
1038223	1441	o6	1.894	CAATGC
1038235	346	7A1	1.682	AATGCA
1038269	78	7A1	1.161	AATGCA
1038312	2903	6m	1.778	AATGCA
1038312	3591	7A1	2.527	AATGCA
1038470	124	8m	2.508	AATGCA
1038485	1765	7A1	2.495	AATGCA
1038521	1153	7A1	1.157	AATGCA
1038529	656	6m	1.932	AATGCA
1038535	646	6m	1.349	AATGCA
1038548	1143	7A1	1.606	AATGCA
1038640	1936	7m8	1.876	AATGCA
1038644	155	6m	1.162	AATGCA
1038653	125	7A1	1.295	AATGCA
1038670	1404	6m	2.994	AATGCA
1038670	1747	7A1	1.454	AATGCA
1038710	1152	o6	1.065	CAATGC
1038748	614	o6	1.615	CAATGC
1038752	981	7A1	1.335	AATGCA
1038796	793	6m	3.398	AATGCA
1038854	614	7A1	1.385	AATGCA
1038854	624	o6	1.085	CAATGC
1038930	375	6m	3.375	AATGCA
1038948	320	7m8	1.557	AATGCA
1038954	695	7A1	2.158	AATGCA
1038983	219	7A1	2.133	AATGCA
1038983	232	8m	2.759	CAATGC
1038986	319	6m	1.074	AATGCA
1038992	207	7A1	2.275	AATGCA
1039004	395	7m8	2.591	AATGCA
1039039	577	6m	3.892	AATGCA
1039042	671	o6	1.548	CAATGC
1039061	3385	7A1	1.849	AATGCA
1039114	148	7A1	1.265	AATGCA
1039114	518	6m	1.065	AATGCA
1039114	1413	7A1	3.513	AATGCA
1039147	57	o6	1.423	CAATGC
1039202	107	7m8	1.637	CAATGC
1039267	344	6m	2.015	AATGCA
1039286	1100	7m8	2.198	CAATGC
1039301	266	6m	1.496	AATGCA
1039329	144	o6	1.579	CAATGC
1039329	300	7A1	2.631	AATGCA
1039422	2314	7A1	1.880	AATGCA
1039431	338	7A1	3.240	AATGCA
1039445	23	o6	3.657	CAATGC
1039445	1565	7A1	1.151	AATGCA
1039445	1572	6m	1.246	AATGCA
1039469	1165	7A1	2.841	AATGCA
1039469	3189	8m	1.889	CAATGC
1039474	1524	6m	1.400	AATGCA
1039502	1244	6m	3.347	AATGCA
1039502	1450	7A1	4.317	AATGCA
1039502	4007	o6	2.992	CAATGC
1039568	779	7A1	1.514	AATGCA
1039718	2165	8m	1.092	AATGCA
1039718	2170	7m8	1.092	AATGCA
1039754	391	8m	1.000	CAATGC
1039754	1088	7A1	1.835	AATGCA
1039759	535	o6	1.853	CAATGC
1039764	244	7A1	1.288	AATGCA
1039797	2787	6m	1.262	AATGCA
1039808	2443	7A1	1.311	AATGCA
1039811	2398	7A1	1.311	AATGCA
1039831	756	7A1	4.105	AATGCA
1039831	762	6m	4.105	AATGCA
1039853	25	7A1	3.977	AATGCA
1039853	2521	o6	2.357	CAATGC
1039853	5825	6m	2.007	AATGCA
1039858	5221	8m	1.063	AATGCA
1039908	1139	7A1	1.846	AATGCA
1039908	3032	6m	3.194	AATGCA
1039911	369	6m	2.776	AATGCA
1039911	941	7A1	1.487	AATGCA
1039919	1471	6m	1.298	AATGCA
1039919	2359	6m	1.322	AATGCA
1039949	347	o6	2.188	CAATGC
1039949	1300	o6	1.146	CAATGC
1039959	1588	o6	2.635	CAATGC
1039971	43	7m8	1.800	AATGCA
1039995	463	6m	3.474	AATGCA
1040004	37	o6	1.085	CAATGC
1040004	479	6m	2.238	AATGCA
1040004	658	7A1	3.204	AATGCA
1040004	1422	6m	2.695	AATGCA
1040007	197	6m	1.395	AATGCA
1040012	3381	7m8	1.399	CAATGC
1040037	2432	7A1	1.311	AATGCA
1040048	1102	6m	1.395	AATGCA
1040049	54	6m	2.640	AATGCA
1040058	2726	7A1	1.857	AATGCA
1040070	768	6m	1.373	AATGCA
1040091	1534	7A1	1.860	AATGCA
1040099	76	7A1	1.128	AATGCA
1040132	218	7A1	2.723	AATGCA
1040162	1146	7A1	1.063	AATGCA
1040165	1913	6m	1.711	AATGCA
1040165	3461	o6	1.328	CAATGC
1040183	47	o6	2.357	CAATGC
1040189	302	7A1	3.934	AATGCA
1040190	2276	o6	1.995	CAATGC
1040190	3494	7A1	1.755	AATGCA
1040202	1800	8m	1.218	AATGCA
1040202	2197	6m	1.954	AATGCA
1040210	2177	7m8	2.326	AATGCA
1040228	904	7A1	1.262	AATGCA
1040228	1177	7A1	1.328	AATGCA
1040237	639	6m	1.876	AATGCA
1040240	829	6m	1.080	AATGCA
1040283	2708	6m	2.472	AATGCA
1040304	937	7A1	2.500	AATGCA
1040318	84	o6	1.334	CAATGC
1040331	330	o6	2.503	CAATGC
1040337	3816	o6	1.199	CAATGC
1040346	3884	6m	1.278	AATGCA
1040346	4576	7A1	1.008	AATGCA
1040346	4585	7A1	1.008	AATGCA
1040346	5920	6m	2.015	AATGCA
1040367	1752	7A1	1.690	AATGCA
1040387	1231	7A1	1.431	AATGCA
1040387	2312	7A1	1.006	AATGCA
1040387	2550	7A1	2.483	AATGCA
1040392	784	6m	1.633	AATGCA
1040395	1204	o6	1.518	CAATGC
1040407	737	o6	2.443	CAATGC
1040417	2164	7A1	1.595	AATGCA
1040417	2628	7A1	1.264	AATGCA
1040434	883	7A1	1.945	AATGCA
1040437	1907	o6	1.597	CAATGC
1040443	551	o6	2.073	CAATGC
1040447	673	7A1	2.411	AATGCA
1040461	760	6m	1.883	AATGCA
1040479	1092	o6	2.274	CAATGC
1040483	694	7m8	1.009	CAATGC
1040495	1350	7A1	2.417	AATGCA
1040533	543	6m	1.538	AATGCA
1040538	843	o6	1.932	CAATGC
1040542	2565	6m	2.972	AATGCA
1040589	1390	o6	1.235	CAATGC
1040590	695	8m	1.482	AATGCA
1040590	2682	7A1	1.224	AATGCA
1040590	3674	6m	2.230	AATGCA
1040590	7495	7A1	2.375	AATGCA
1040590	7534	7A1	1.063	AATGCA
1040631	672	6m	1.468	AATGCA
1040632	610	7A1	1.053	AATGCA
1040635	2440	7A1	2.896	AATGCA
1040635	4908	6m	3.037	AATGCA
1040635	5082	7A1	1.701	AATGCA
1040635	5358	6m	2.479	AATGCA
1040635	5388	7A1	1.828	AATGCA
1040646	736	6m	1.500	AATGCA
