1000038	139	6m	3.232	GGAACT
1000074	34	o6	1.050	TGGAAC
1000155	598	7m8	1.671	GGAACT
1000249	977	7m8	1.349	TGGAAC
1000324	123	o6	3.599	TGGAAC
1000327	70	o6	2.065	TGGAAC
1000472	932	7A1	1.156	GGAACT
1000478	169	6m	1.533	GGAACT
1000569	99	7A1	1.589	GGAACT
1000634	60	6m	1.031	GGAACT
1000649	796	7m8	1.002	TGGAAC
1000853	76	6m	1.920	GGAACT
1000884	82	6m	1.001	GGAACT
1001024	758	6m	1.396	GGAACT
1001075	3152	7m8	1.405	GGAACT
1001155	81	o6	1.558	TGGAAC
1001244	385	7A1	1.073	GGAACT
1001291	35	6m	1.359	GGAACT
1001440	1705	6m	1.593	GGAACT
1001500	231	7m8	1.523	TGGAAC
1001514	1264	6m	2.962	GGAACT
1001518	1083	7m8	2.284	TGGAAC
1001670	533	o6	1.358	TGGAAC
1001817	3135	o6	1.100	TGGAAC
1001891	313	6m	3.327	GGAACT
1001906	1120	6m	1.078	GGAACT
1001912	611	6m	1.123	GGAACT
1001930	14	7m8	1.818	TGGAAC
1001937	2320	6m	3.271	GGAACT
1001948	607	6m	1.166	GGAACT
1002595	716	o6	1.211	TGGAAC
1002815	622	o6	3.083	TGGAAC
1003015	93	7m8	1.590	GGAACT
1003143	239	o6	1.353	TGGAAC
1003631	2213	6m	1.285	GGAACT
1003660	1560	o6	1.925	TGGAAC
1004385	302	6m	1.044	GGAACT
1004406	528	7m8	3.232	TGGAAC
1005000	556	7m8	1.312	TGGAAC
1005037	28	o6	2.687	TGGAAC
1005117	143	o6	1.056	TGGAAC
1005150	713	o6	1.818	TGGAAC
1005216	944	6m	2.630	GGAACT
1005216	2007	o6	1.593	TGGAAC
1005253	1374	o6	1.212	TGGAAC
1005253	1430	o6	1.618	TGGAAC
1005646	241	o6	1.032	TGGAAC
1005646	2530	o6	1.456	TGGAAC
1005646	3505	6m	1.645	GGAACT
1005646	4698	o6	3.058	TGGAAC
1005903	480	7m8	1.380	TGGAAC
1006665	2	6m	1.162	GGAACT
1006758	35	o6	1.515	TGGAAC
1006872	1406	o6	1.187	TGGAAC
1007041	764	7m8	1.277	TGGAAC
1007115	588	6m	2.039	GGAACT
1007242	403	6m	2.025	GGAACT
1007251	653	o6	2.072	TGGAAC
1007311	253	6m	2.030	GGAACT
1007314	230	o6	2.079	TGGAAC
1007314	621	6m	2.344	GGAACT
1007584	79	o6	2.506	TGGAAC
1007585	191	6m	1.794	GGAACT
1007663	611	o6	1.164	TGGAAC
1007740	544	o6	1.393	TGGAAC
1007806	100	7m8	1.686	TGGAAC
1007812	1811	7m8	1.931	TGGAAC
1007812	2748	o6	2.595	TGGAAC
1007812	4803	6m	2.087	GGAACT
1007812	5181	o6	1.421	TGGAAC
1007812	5246	7A1	1.465	GGAACT
1007875	1507	6m	1.195	GGAACT
1007882	73	o6	1.096	TGGAAC
1007950	3307	o6	1.361	TGGAAC
1007980	2681	6m	1.210	GGAACT
1007993	408	6m	1.689	GGAACT
1008109	80	7A1	1.919	GGAACT
1008432	388	6m	2.137	GGAACT
1008510	1149	8m	1.036	GGAACT
1008789	687	8m	1.979	TGGAAC
1009037	8	7m8	1.492	GGAACT
1009074	550	6m	1.328	GGAACT
1009252	152	o6	1.284	TGGAAC
1009369	2272	6m	1.690	GGAACT
1009369	3279	6m	2.007	GGAACT
1009705	29	6m	1.235	GGAACT
1009736	772	o6	1.294	TGGAAC
1009799	416	8m	1.479	TGGAAC
1009834	2785	6m	1.248	GGAACT
1010054	988	7A1	2.802	GGAACT
1010064	711	o6	1.288	TGGAAC
1010222	28	6m	1.092	GGAACT
1010237	2194	8m	1.719	TGGAAC
1010250	1764	6m	1.253	GGAACT
1010250	2949	7m8	1.499	TGGAAC
1010401	2555	6m	1.239	GGAACT
1010712	609	6m	1.031	GGAACT
1010748	1359	6m	1.189	GGAACT
1010818	372	6m	2.861	GGAACT
1011215	92	7A1	4.312	GGAACT
1011251	373	6m	1.846	GGAACT
1011251	423	6m	1.010	GGAACT
1011490	1343	o6	1.695	TGGAAC
1011608	457	7m8	1.641	TGGAAC
1011841	225	6m	1.235	GGAACT
1011856	210	o6	1.322	TGGAAC
1011951	617	o6	1.521	TGGAAC
1012008	637	o6	1.659	TGGAAC
1012032	384	o6	2.409	TGGAAC
1012382	550	o6	1.184	TGGAAC
1012425	60	o6	1.153	TGGAAC
1012469	164	6m	1.593	GGAACT
1012797	1402	6m	1.859	GGAACT
1012830	500	o6	1.348	TGGAAC
1013073	1561	o6	3.221	TGGAAC
1013145	156	6m	1.084	GGAACT
1013444	581	6m	1.220	GGAACT
1013799	176	6m	2.321	GGAACT
1013902	66	6m	1.312	GGAACT
1014069	1135	o6	1.862	TGGAAC
1014173	164	6m	2.168	GGAACT
1014464	1368	o6	2.232	TGGAAC
1014486	167	6m	1.349	GGAACT
1014686	23	7m8	2.544	TGGAAC
1014856	1148	o6	1.502	TGGAAC
1014859	1880	7m8	1.792	GGAACT
1014883	978	7m8	1.150	TGGAAC
1014892	350	o6	2.420	TGGAAC
1015021	1672	6m	1.860	GGAACT
1015041	3788	7A1	1.744	GGAACT
1015047	2350	7A1	1.260	GGAACT
1015122	1500	o6	2.309	TGGAAC
1015125	1294	o6	2.309	TGGAAC
1015128	1754	o6	2.309	TGGAAC
1015191	225	o6	1.295	TGGAAC
1015267	5	o6	1.399	TGGAAC
1015274	145	6m	1.016	GGAACT
1015394	762	o6	2.025	TGGAAC
1015526	488	6m	1.480	GGAACT
1015555	3197	6m	1.156	GGAACT
1015572	4052	o6	1.690	TGGAAC
1015774	120	7m8	1.882	TGGAAC
1015789	513	7m8	1.026	TGGAAC
1015814	166	6m	1.109	GGAACT
1015928	397	o6	2.398	TGGAAC
1016026	2143	6m	1.330	GGAACT
1016059	104	6m	1.053	GGAACT
1016098	858	6m	1.082	GGAACT
1016250	923	6m	1.719	GGAACT
1016347	773	8m	1.066	TGGAAC
1016512	556	o6	1.288	TGGAAC
1016565	1423	o6	1.606	TGGAAC
1016571	98	o6	2.720	TGGAAC
1016590	185	o6	1.322	TGGAAC
1016644	673	7A1	1.533	GGAACT
1016677	49	6m	2.030	GGAACT
1016691	234	o6	1.736	TGGAAC
1017055	104	7A1	1.031	GGAACT
1017135	1061	o6	2.544	TGGAAC
1017151	40	o6	2.139	TGGAAC
1017207	700	6m	1.644	GGAACT
1017254	2023	o6	1.316	TGGAAC
1017302	26	7m8	1.815	TGGAAC
1017614	3492	o6	1.066	TGGAAC
1017690	413	7A1	1.116	GGAACT
1017776	451	o6	1.013	TGGAAC
1017814	3031	o6	1.183	TGGAAC
1017826	200	o6	1.946	TGGAAC
1017830	182	6m	1.271	GGAACT
1017886	241	6m	1.008	GGAACT
1018077	1041	o6	1.053	TGGAAC
1018225	172	7A1	1.577	GGAACT
1018233	769	8m	1.811	TGGAAC
1018243	443	o6	3.107	TGGAAC
1018284	69	6m	2.126	GGAACT
1018498	260	o6	1.186	TGGAAC
1018708	281	7m8	1.665	TGGAAC
1018727	694	o6	1.053	TGGAAC
1018732	87	o6	2.112	TGGAAC
1018732	174	6m	2.533	GGAACT
1019005	31	o6	3.067	TGGAAC
1019055	74	7m8	1.229	TGGAAC
1019073	31	7m8	2.207	TGGAAC
1019465	1386	6m	2.269	GGAACT
1019514	273	o6	1.053	TGGAAC
1019521	1106	6m	1.234	GGAACT
1019800	377	o6	1.132	TGGAAC
1020145	212	o6	1.668	TGGAAC
1020220	548	o6	2.076	TGGAAC
1020280	7	7A1	1.903	GGAACT
1020297	766	7m8	1.196	TGGAAC
1020319	870	o6	1.533	TGGAAC
1020429	50	o6	1.234	TGGAAC
1020615	270	8m	2.660	TGGAAC
1020618	155	o6	1.755	TGGAAC
1020643	1513	o6	1.322	TGGAAC
1020782	183	6m	1.604	GGAACT
1020861	1031	7m8	1.316	TGGAAC
1020861	1514	7m8	2.326	TGGAAC
1021008	2189	o6	1.390	TGGAAC
1021014	791	7A1	3.012	GGAACT
1021028	52	7m8	1.084	GGAACT
1021117	28	7m8	1.287	GGAACT
1021267	258	o6	3.198	TGGAAC
1021525	477	o6	1.009	TGGAAC
1021526	259	7A1	1.139	GGAACT
1021540	840	8m	1.718	GGAACT
1021608	863	7m8	2.035	GGAACT
1021712	145	6m	2.000	GGAACT
1021978	830	7m8	1.273	TGGAAC
1021989	625	7A1	1.290	GGAACT
1022102	231	6m	1.642	GGAACT
1022180	2352	o6	1.261	TGGAAC
1022338	1221	o6	1.580	TGGAAC
1022418	392	o6	1.242	TGGAAC
1022443	703	7m8	3.028	TGGAAC
1022495	3794	6m	1.016	GGAACT
1022500	339	6m	1.585	GGAACT
1022531	44	7m8	3.232	TGGAAC
1022604	1696	7m8	1.119	TGGAAC
1023038	9	7A1	1.124	GGAACT
1023088	324	o6	1.544	TGGAAC
1023091	1140	o6	2.106	TGGAAC
1023127	87	o6	2.014	TGGAAC
1023154	201	7m8	2.182	TGGAAC
1023289	1754	o6	1.434	TGGAAC
1023784	4480	7m8	1.740	TGGAAC
1023828	61	o6	3.631	TGGAAC
1023850	1086	6m	1.303	GGAACT
1023927	113	7m8	3.082	GGAACT
1024031	2126	o6	1.284	TGGAAC
1024060	121	o6	1.789	TGGAAC
1024076	404	6m	1.055	GGAACT
1024145	897	7m8	1.666	TGGAAC
1024195	1136	6m	1.032	GGAACT
1024211	1714	6m	1.042	GGAACT
1024228	504	7A1	2.036	GGAACT
1024448	623	o6	1.203	TGGAAC
1024522	53	6m	1.534	GGAACT
1024525	397	6m	2.066	GGAACT
1024648	3464	7m8	1.053	TGGAAC
1024648	10914	o6	1.322	TGGAAC
1024715	2738	7m8	1.467	TGGAAC
1024715	4414	o6	2.685	TGGAAC
1024715	4456	6m	1.119	GGAACT
1024935	1138	6m	1.604	GGAACT
1025029	296	o6	1.284	TGGAAC
1025032	199	6m	2.247	GGAACT
1025064	1191	6m	1.694	GGAACT
1025316	32	6m	1.213	GGAACT
1025335	128	o6	1.858	TGGAAC
1025367	255	o6	2.048	TGGAAC
1025428	44	o6	1.304	TGGAAC
1025488	411	6m	1.623	GGAACT
1025536	366	7m8	1.578	TGGAAC
1025554	122	6m	1.482	GGAACT
1025642	207	6m	1.155	GGAACT
1025934	1030	o6	2.306	TGGAAC
1026000	1	o6	1.779	TGGAAC
1026012	28	o6	1.092	TGGAAC
1026299	86	o6	2.044	TGGAAC
1026369	228	6m	1.301	GGAACT
1026503	118	o6	1.677	TGGAAC
1026558	1071	o6	1.180	TGGAAC
1026652	571	o6	1.184	TGGAAC
1026652	2121	6m	1.000	GGAACT
1026657	834	o6	2.220	TGGAAC
1026660	311	o6	2.220	TGGAAC
1026708	899	o6	1.348	TGGAAC
1026714	233	7m8	1.725	GGAACT
1026750	143	8m	1.012	GGAACT
1026853	1854	8m	1.284	TGGAAC
1026885	5	o6	1.618	TGGAAC
1026974	689	o6	1.145	TGGAAC
1026999	22	7A1	1.470	GGAACT
1027308	403	o6	1.691	TGGAAC
1027332	146	o6	1.627	TGGAAC
1027332	541	6m	1.490	GGAACT
1027887	787	o6	1.283	TGGAAC
1028001	651	7m8	1.002	GGAACT
1028112	822	o6	2.347	TGGAAC
1028143	102	o6	1.932	TGGAAC
1028444	420	6m	1.775	GGAACT
1028734	1597	o6	1.690	TGGAAC
1028923	239	7m8	2.336	TGGAAC
1029180	20	7m8	1.162	GGAACT
1029686	591	o6	1.751	TGGAAC
1029778	365	o6	1.543	TGGAAC
1029955	246	o6	1.104	TGGAAC
1030039	1193	7m8	1.454	TGGAAC
1030245	361	o6	1.650	TGGAAC
1030266	234	8m	1.997	TGGAAC
1030308	641	6m	2.041	GGAACT
1030716	1066	o6	1.174	TGGAAC
1030821	168	6m	1.548	GGAACT
1031304	909	o6	1.180	TGGAAC
1031307	1729	6m	1.338	GGAACT
1031498	86	6m	1.230	GGAACT
1031498	92	7m8	1.871	TGGAAC
1031616	1529	6m	1.370	GGAACT
1031667	167	7m8	1.483	GGAACT
1031791	231	7A1	2.017	GGAACT
1031830	355	7A1	1.285	GGAACT
1032043	221	o6	1.435	TGGAAC
1032325	1045	7m8	1.241	TGGAAC
1032471	197	6m	1.212	GGAACT
1032475	1399	o6	1.284	TGGAAC
1032508	360	6m	1.822	GGAACT
1032622	4070	o6	1.513	TGGAAC
1032634	1006	o6	1.205	TGGAAC
1032693	603	8m	1.058	TGGAAC
1032713	1637	7A1	1.073	GGAACT
1032713	1657	7m8	1.008	GGAACT
1032884	33	o6	1.598	TGGAAC
1032896	522	7m8	1.613	GGAACT
1032896	531	6m	1.613	GGAACT
1032929	759	o6	3.814	TGGAAC
1032935	292	6m	1.313	GGAACT
1033008	2439	6m	1.606	GGAACT
1033196	996	o6	2.021	TGGAAC
1033205	296	o6	2.425	TGGAAC
1033431	254	7m8	2.138	GGAACT
1033481	1861	6m	1.845	GGAACT
1033517	403	o6	1.322	TGGAAC
1033535	812	o6	1.437	TGGAAC
1033565	1644	6m	1.053	GGAACT
1033583	113	7m8	1.005	TGGAAC
1033742	878	6m	1.447	GGAACT
1033745	413	6m	1.746	GGAACT
1033789	289	o6	1.720	TGGAAC
1033789	4556	8m	2.523	TGGAAC
1033824	1008	o6	2.010	TGGAAC
1033971	1001	6m	1.397	GGAACT
1033971	2886	o6	1.284	TGGAAC
1033971	3882	6m	1.598	GGAACT
1034068	4786	6m	3.285	GGAACT
1034068	5784	6m	2.937	GGAACT
1034068	6597	6m	4.296	GGAACT
1034068	6900	6m	4.037	GGAACT
1034304	467	6m	1.834	GGAACT
1034308	282	o6	1.364	TGGAAC
1034334	75	o6	2.016	TGGAAC
1034337	55	o6	1.320	TGGAAC
1034419	114	8m	1.690	TGGAAC
1034427	1092	o6	1.303	TGGAAC
1034451	521	6m	1.512	GGAACT
1034508	207	7m8	1.690	TGGAAC
1034556	640	6m	1.064	GGAACT
1034739	2730	7A1	1.560	GGAACT
1034771	1428	6m	2.194	GGAACT
1034795	6	7m8	1.113	TGGAAC
1034953	74	7A1	2.776	GGAACT
1034983	236	7m8	1.173	TGGAAC
1035015	259	o6	3.398	TGGAAC
1035037	1624	o6	1.240	TGGAAC
1035040	2807	o6	1.382	TGGAAC
1035081	199	8m	1.051	GGAACT
1035213	18	o6	3.954	TGGAAC
1035230	62	6m	1.397	GGAACT
1035263	130	7m8	1.164	TGGAAC
1035272	595	o6	1.172	TGGAAC
1035288	1970	6m	1.031	GGAACT
1035288	1984	8m	1.073	TGGAAC
1035288	2498	6m	1.030	GGAACT
1035314	1388	8m	2.420	GGAACT
1035380	1733	o6	1.712	TGGAAC
1035431	263	6m	1.603	GGAACT
1035477	1009	o6	1.467	TGGAAC
1035477	1034	6m	1.434	GGAACT
1035506	260	8m	1.337	GGAACT
1035527	3407	7A1	2.869	GGAACT
1035536	268	7m8	4.048	TGGAAC
1035737	67	o6	1.529	TGGAAC
1035758	25	6m	1.315	GGAACT
1035762	1467	o6	1.307	TGGAAC
1035801	3035	7m8	1.906	TGGAAC
1035822	491	o6	2.156	TGGAAC
1035888	271	6m	1.478	GGAACT
1035904	502	6m	3.320	GGAACT
1035974	591	7m8	2.309	GGAACT
1036001	2197	6m	1.077	GGAACT
1036127	4252	6m	1.048	GGAACT
1036127	9181	o6	1.179	TGGAAC
1036127	9301	6m	2.303	GGAACT
1036127	9676	o6	2.703	TGGAAC
1036127	9873	7m8	3.471	TGGAAC
1036299	301	o6	3.034	TGGAAC
1036374	1424	6m	1.196	GGAACT
1036419	1625	o6	2.016	TGGAAC
1036470	160	o6	1.118	TGGAAC
1036501	430	o6	1.361	TGGAAC
1036568	4110	7A1	1.328	GGAACT
1036598	22	7A1	1.189	GGAACT
1036598	1104	o6	1.309	TGGAAC
1036630	68	6m	2.017	GGAACT
1036661	33	6m	1.616	GGAACT
1036706	310	6m	1.101	GGAACT
1036871	71	6m	1.046	GGAACT
1036877	304	o6	1.126	TGGAAC
1036928	41	7m8	1.906	TGGAAC
1037060	56	8m	1.354	TGGAAC
1037090	889	8m	2.289	TGGAAC
1037386	1952	o6	2.188	TGGAAC
1037422	257	o6	1.609	TGGAAC
1037452	60	7A1	1.635	GGAACT
1037504	1383	o6	1.263	TGGAAC
1037691	796	o6	1.899	TGGAAC
1037968	155	o6	1.880	TGGAAC
1037991	402	6m	1.364	GGAACT
1038061	126	o6	1.945	TGGAAC
1038066	2150	o6	2.504	TGGAAC
1038127	749	7A1	2.730	GGAACT
1038153	295	o6	3.321	TGGAAC
1038293	2699	7A1	1.434	GGAACT
1038302	73	6m	1.193	GGAACT
1038336	42	o6	2.870	TGGAAC
1038366	510	o6	1.457	TGGAAC
1038440	1315	7m8	1.201	GGAACT
1038440	1356	8m	1.638	GGAACT
1038440	1641	o6	1.362	TGGAAC
1038465	808	o6	2.581	TGGAAC
1038473	27	6m	1.093	GGAACT
1038622	1512	8m	1.314	GGAACT
1038704	136	7A1	1.970	GGAACT
1038796	97	7m8	1.762	TGGAAC
1038891	204	o6	1.209	TGGAAC
1038923	113	7m8	1.832	TGGAAC
1038923	119	7m8	2.068	TGGAAC
1038923	125	7m8	1.471	TGGAAC
1038929	178	6m	1.257	GGAACT
1038954	988	6m	1.105	GGAACT
1039078	24	o6	1.042	TGGAAC
1039084	12	o6	1.681	TGGAAC
1039129	108	6m	1.867	GGAACT
1039285	2185	6m	1.087	GGAACT
1039376	2660	o6	1.655	TGGAAC
1039469	1505	o6	1.342	TGGAAC
1039502	5390	6m	1.845	GGAACT
1039503	594	7m8	1.844	GGAACT
1039908	1604	6m	1.159	GGAACT
1039959	2045	6m	2.450	GGAACT
1040027	1249	o6	2.139	TGGAAC
1040034	60	6m	2.120	GGAACT
1040054	198	o6	2.134	TGGAAC
1040057	868	8m	1.759	TGGAAC
1040070	3148	6m	2.289	GGAACT
1040190	1386	7A1	1.499	GGAACT
1040190	2734	o6	2.037	TGGAAC
1040334	951	6m	2.434	GGAACT
1040352	1070	o6	1.522	TGGAAC
1040387	2120	o6	1.389	TGGAAC
1040395	1647	o6	1.389	TGGAAC
1040395	2022	o6	1.950	TGGAAC
1040417	1621	8m	1.584	TGGAAC
1040479	1356	6m	2.583	GGAACT
1040542	2695	o6	3.808	TGGAAC
1040590	6013	o6	1.995	TGGAAC
