1000042	95	o6	1.156	ACTACT
1000048	449	o6	1.079	ACTACT
1000066	165	8m	2.550	CTACTT
1000066	1379	o6	2.237	ACTACT
1000069	1378	8m	1.037	ACTACT
1000126	808	6m	1.764	CTACTT
1000134	1467	7A1	1.805	CTACTT
1000249	1347	o6	1.814	ACTACT
1000264	83	o6	1.292	ACTACT
1000320	616	7m8	1.560	ACTACT
1000385	836	7m8	1.103	ACTACT
1000386	1593	o6	1.447	ACTACT
1000406	445	6m	1.110	CTACTT
1000442	497	8m	2.890	ACTACT
1000472	685	7m8	2.350	ACTACT
1000493	1857	o6	1.322	ACTACT
1000536	197	6m	1.987	CTACTT
1000562	11	7A1	1.423	CTACTT
1000595	761	o6	2.031	ACTACT
1000764	75	6m	1.230	CTACTT
1000779	2301	6m	2.847	CTACTT
1000779	2939	o6	2.073	ACTACT
1000928	582	o6	2.292	ACTACT
1000968	1315	o6	2.377	ACTACT
1001027	70	o6	1.281	ACTACT
1001090	991	7m8	1.322	CTACTT
1001179	167	6m	1.467	CTACTT
1001255	336	7m8	1.587	CTACTT
1001469	49	6m	2.377	CTACTT
1001481	115	7A1	1.152	CTACTT
1001530	72	6m	1.113	CTACTT
1001694	549	7A1	3.649	CTACTT
1001738	484	6m	2.908	CTACTT
1002036	58	o6	1.120	ACTACT
1002102	510	6m	1.032	CTACTT
1002131	66	7m8	1.574	CTACTT
1002155	117	7m8	1.156	ACTACT
1002451	22	8m	1.792	ACTACT
1002535	82	7A1	1.282	CTACTT
1002584	39	7A1	1.723	CTACTT
1002662	163	6m	1.210	CTACTT
1002833	5	o6	1.008	ACTACT
1002898	112	7A1	2.668	CTACTT
1002990	411	o6	2.384	ACTACT
1003008	49	o6	1.309	ACTACT
1003128	572	7A1	1.542	CTACTT
1003226	558	8m	1.335	CTACTT
1003248	1085	o6	1.449	ACTACT
1003349	228	8m	2.243	ACTACT
1003349	394	o6	1.623	ACTACT
1003364	110	o6	1.952	ACTACT
1003430	702	6m	1.244	CTACTT
1003501	913	7A1	1.363	CTACTT
1003631	2946	o6	1.563	ACTACT
1003683	247	8m	2.794	CTACTT
1003702	184	6m	1.970	CTACTT
1003726	175	7A1	1.053	CTACTT
1003926	528	6m	1.116	CTACTT
1004082	7	7m8	1.281	CTACTT
1004130	408	7m8	1.690	CTACTT
1004446	288	o6	1.340	ACTACT
1004463	3208	o6	1.016	ACTACT
1004463	3453	7m8	1.062	ACTACT
1004482	281	o6	1.089	ACTACT
1004750	76	7A1	2.762	CTACTT
1005049	1273	o6	2.428	ACTACT
1005358	1112	7m8	1.120	ACTACT
1005474	1021	o6	1.084	ACTACT
1005496	353	7m8	1.010	ACTACT
1005557	1967	o6	1.531	ACTACT
1005565	56	6m	2.544	CTACTT
1005646	681	7m8	2.640	ACTACT
1005898	617	6m	1.570	CTACTT
1006012	610	6m	1.569	CTACTT
1006107	631	7m8	1.824	ACTACT
1006107	1530	7m8	2.544	ACTACT
1006707	52	8m	2.275	CTACTT
1006719	776	8m	1.442	ACTACT
1006758	73	6m	1.468	CTACTT
1006814	135	o6	2.889	ACTACT
1006814	1457	o6	1.687	ACTACT
1006933	822	o6	1.040	ACTACT
1006940	2619	6m	1.533	CTACTT
1007041	407	6m	1.032	CTACTT
1007207	903	o6	1.248	ACTACT
1007227	305	8m	1.235	ACTACT
1007242	1812	o6	1.577	ACTACT
1007364	2011	o6	1.787	ACTACT
1007388	220	7m8	2.112	CTACTT
1007484	1087	7m8	2.105	ACTACT
1007502	61	6m	1.643	CTACTT
1007508	128	7m8	2.292	CTACTT
1007521	1680	6m	2.614	CTACTT
1007521	3246	o6	2.034	ACTACT
1007698	232	8m	3.001	ACTACT
1007740	1408	6m	1.582	CTACTT
1007821	103	7A1	1.053	CTACTT
1007875	4961	7A1	2.009	CTACTT
1007885	461	7A1	1.364	CTACTT
1007888	632	o6	1.598	ACTACT
1007903	1575	o6	2.030	ACTACT
1007908	502	7m8	2.544	ACTACT
1007909	212	o6	1.125	ACTACT
1007932	165	o6	2.433	ACTACT
1007950	3120	o6	2.020	ACTACT
1007972	395	o6	1.415	ACTACT
1007993	4	o6	1.713	ACTACT
1008060	140	7A1	1.093	CTACTT
1008093	956	o6	1.558	ACTACT
1008145	1493	o6	1.053	ACTACT
1008145	6593	o6	2.220	ACTACT
1008150	145	6m	1.186	CTACTT
1008225	901	7m8	2.486	ACTACT
1008259	1150	o6	1.690	ACTACT
1008285	468	o6	1.159	ACTACT
1008307	923	o6	1.606	ACTACT
1008372	153	o6	1.082	ACTACT
1008409	1063	6m	1.257	CTACTT
1008409	1738	o6	1.720	ACTACT
1008409	2072	6m	1.076	CTACTT
1008454	284	o6	2.220	ACTACT
1008454	789	o6	1.082	ACTACT
1008524	695	8m	1.048	ACTACT
1008593	875	7A1	2.120	CTACTT
1008606	346	7A1	1.842	CTACTT
1008606	359	o6	1.952	ACTACT
1008606	365	o6	2.085	ACTACT
1008606	387	o6	2.085	ACTACT
1008690	75	o6	1.890	ACTACT
1008740	281	7A1	2.387	CTACTT
1008740	718	6m	1.446	CTACTT
1008755	1092	8m	1.696	ACTACT
1008855	227	o6	2.449	ACTACT
1008965	165	o6	1.395	ACTACT
1008966	1382	7m8	1.313	ACTACT
1009013	124	o6	1.668	ACTACT
1009026	1860	7A1	1.844	CTACTT
1009037	2180	o6	1.711	ACTACT
1009083	243	o6	1.687	ACTACT
1009093	74	o6	2.132	ACTACT
1009108	180	7A1	1.367	CTACTT
1009176	40	6m	1.690	CTACTT
1009412	112	o6	2.085	ACTACT
1009451	411	6m	1.638	CTACTT
1009748	1924	7A1	2.749	CTACTT
1009769	189	7m8	1.075	ACTACT
1009995	8	7m8	2.180	ACTACT
1010172	82	8m	1.759	ACTACT
1010274	400	6m	1.317	CTACTT
1010332	350	o6	1.065	ACTACT
1010511	590	6m	1.690	CTACTT
1010578	257	7A1	1.356	CTACTT
1010637	341	6m	1.038	CTACTT
1010649	1135	o6	1.126	ACTACT
1010698	388	6m	2.220	CTACTT
1010748	109	7m8	1.341	ACTACT
1010846	54	6m	2.121	CTACTT
1010863	320	o6	1.123	ACTACT
1010956	2100	o6	1.518	ACTACT
1011216	120	o6	2.350	ACTACT
1011321	610	6m	1.375	CTACTT
1011333	522	o6	1.150	ACTACT
1011430	810	6m	2.254	CTACTT
1011670	209	7m8	1.625	ACTACT
1011950	798	o6	2.067	ACTACT
1012008	1126	6m	1.591	CTACTT
1012042	19	o6	2.031	ACTACT
1012074	416	8m	1.284	ACTACT
1012181	183	7m8	1.425	ACTACT
1012262	1208	o6	1.063	ACTACT
1012286	99	o6	1.360	ACTACT
1012323	50	6m	1.058	CTACTT
1012382	593	o6	1.434	ACTACT
1012413	17	6m	1.148	CTACTT
1012740	621	8m	1.690	CTACTT
1012760	246	6m	1.163	CTACTT
1012776	642	o6	1.600	ACTACT
1012830	975	6m	1.161	CTACTT
1012830	987	o6	1.631	ACTACT
1012830	1008	o6	2.270	ACTACT
1012996	235	6m	1.495	CTACTT
1013073	309	o6	1.073	ACTACT
1013108	588	7m8	1.328	ACTACT
1013312	2276	7A1	2.073	CTACTT
1013327	1428	7A1	1.712	CTACTT
1013333	90	o6	1.236	ACTACT
1013355	41	7A1	1.399	CTACTT
1013608	312	8m	1.896	CTACTT
1014066	676	o6	2.056	ACTACT
1014295	692	7A1	2.807	CTACTT
1014358	1	6m	2.621	CTACTT
1014418	559	6m	1.524	CTACTT
1014418	915	6m	1.284	CTACTT
1014465	577	o6	1.322	ACTACT
1014473	2195	7A1	2.489	CTACTT
1014638	929	6m	1.217	CTACTT
1014813	262	7A1	3.087	CTACTT
1014892	438	8m	1.377	CTACTT
1014904	1723	o6	1.224	ACTACT
1014988	3694	8m	1.235	ACTACT
1014988	7073	6m	1.068	CTACTT
1015041	707	o6	1.718	ACTACT
1015041	4445	6m	1.028	CTACTT
1015047	1323	o6	1.893	ACTACT
1015085	87	6m	2.544	CTACTT
1015085	1713	o6	1.322	ACTACT
1015091	2655	8m	1.517	CTACTT
1015091	2824	7A1	1.560	CTACTT
1015121	69	o6	1.974	ACTACT
1015228	1385	6m	1.084	CTACTT
1015228	2464	7m8	1.090	ACTACT
1015250	188	8m	1.905	CTACTT
1015291	450	o6	2.350	ACTACT
1015291	990	7m8	1.873	ACTACT
1015333	61	7A1	2.378	CTACTT
1015388	240	o6	1.324	ACTACT
1015444	35	o6	1.220	ACTACT
1015576	156	6m	1.104	CTACTT
1015653	294	o6	1.942	ACTACT
1015784	137	o6	2.338	ACTACT
1015793	1176	o6	1.070	ACTACT
1015796	208	o6	1.524	ACTACT
1015895	451	6m	1.818	CTACTT
1015903	826	6m	2.421	CTACTT
1015906	10	6m	1.638	CTACTT
1015995	1919	o6	1.217	ACTACT
1016019	2016	6m	1.620	CTACTT
1016026	146	7A1	1.777	CTACTT
1016029	225	6m	1.284	CTACTT
1016047	375	6m	1.183	CTACTT
1016098	6299	o6	3.345	ACTACT
1016098	6305	o6	2.837	ACTACT
1016179	561	7m8	2.350	ACTACT
1016191	246	6m	1.953	CTACTT
1016200	144	o6	1.322	ACTACT
1016373	560	o6	1.508	ACTACT
1016382	332	7A1	1.644	CTACTT
1016428	755	7A1	2.259	CTACTT
1016445	656	8m	1.320	CTACTT
1016470	405	o6	1.220	ACTACT
1016475	359	6m	2.529	CTACTT
1016557	237	o6	1.808	ACTACT
1016574	2746	8m	1.291	ACTACT
1016577	201	o6	1.126	ACTACT
1016581	1692	8m	1.058	ACTACT
1016670	301	7m8	2.019	ACTACT
1016676	242	o6	1.120	ACTACT
1016701	442	7A1	1.010	CTACTT
1016832	30	o6	2.544	ACTACT
1016832	712	o6	1.082	ACTACT
1016838	550	6m	1.057	CTACTT
1016845	1110	6m	1.656	CTACTT
1016848	22	7m8	2.134	CTACTT
1016951	70	8m	1.690	ACTACT
1016951	542	o6	1.103	ACTACT
1016952	486	8m	1.058	ACTACT
1016971	95	o6	1.893	ACTACT
1016971	2667	6m	1.322	CTACTT
1017024	934	o6	1.155	ACTACT
1017042	194	6m	1.284	CTACTT
1017082	217	7A1	1.332	CTACTT
1017151	130	7A1	2.017	CTACTT
1017168	1257	7m8	1.571	CTACTT
1017194	180	o6	1.227	ACTACT
1017197	1363	o6	1.620	ACTACT
1017204	1334	o6	1.004	ACTACT
1017207	533	6m	1.696	CTACTT
1017428	77	7m8	1.787	ACTACT
1017478	854	8m	2.017	ACTACT
1017592	269	o6	2.364	ACTACT
1017690	417	o6	1.690	ACTACT
1017733	683	o6	1.767	ACTACT
1018020	389	o6	2.220	ACTACT
1018062	509	o6	1.050	ACTACT
1018077	1544	o6	1.277	ACTACT
1018161	38	o6	1.392	ACTACT
1018168	128	o6	1.340	ACTACT
1018189	80	8m	1.522	CTACTT
1018243	611	7m8	1.569	CTACTT
1018243	1067	7m8	2.339	ACTACT
1018243	3669	6m	1.577	CTACTT
1018277	602	8m	1.820	ACTACT
1018278	253	7m8	1.093	ACTACT
1018486	396	7m8	1.162	CTACTT
1018530	1228	7m8	1.322	CTACTT
1018534	77	7m8	1.416	ACTACT
1018554	184	o6	1.467	ACTACT
1018632	126	o6	2.037	ACTACT
1018632	1380	7m8	2.068	CTACTT
1018644	141	6m	2.341	CTACTT
1018702	316	o6	1.870	ACTACT
1018766	1905	o6	1.681	ACTACT
1019159	91	6m	1.466	CTACTT
1019234	144	o6	1.313	ACTACT
1019414	101	8m	1.322	ACTACT
1019488	281	o6	1.898	ACTACT
1019808	508	o6	1.019	ACTACT
1019865	679	7A1	3.132	CTACTT
1019928	89	7A1	1.561	CTACTT
1019935	130	o6	1.154	ACTACT
1019980	975	7m8	1.239	CTACTT
1019983	418	7A1	1.880	CTACTT
1020029	261	7m8	2.220	CTACTT
1020139	914	6m	1.251	CTACTT
1020166	1831	8m	1.284	ACTACT
1020227	260	7m8	1.298	ACTACT
1020241	631	6m	1.777	CTACTT
1020642	67	o6	2.757	ACTACT
1020642	784	6m	4.189	CTACTT
1020661	1229	o6	1.714	ACTACT
1020661	1462	7A1	1.248	CTACTT
1020934	1438	7A1	1.358	CTACTT
1020992	710	o6	1.041	ACTACT
1021008	1013	o6	3.092	ACTACT
1021068	89	o6	1.029	ACTACT
1021152	381	7A1	1.290	CTACTT
1021177	416	7A1	1.606	CTACTT
1021505	73	o6	1.885	ACTACT
1021540	4939	o6	1.606	ACTACT
1021797	2152	7m8	1.598	ACTACT
1021822	49	7m8	1.143	ACTACT
1021831	141	o6	1.006	ACTACT
1022066	37	o6	2.092	ACTACT
1022256	2241	7m8	1.251	CTACTT
1022410	87	6m	3.555	CTACTT
1022495	3770	6m	1.577	CTACTT
1022604	1630	o6	1.606	ACTACT
1022632	602	6m	1.126	CTACTT
1022710	313	o6	1.786	ACTACT
1022813	161	8m	1.156	ACTACT
1022820	13	o6	2.190	ACTACT
1022820	322	o6	1.855	ACTACT
1022932	906	o6	2.112	ACTACT
1022932	2241	o6	2.047	ACTACT
1023062	1959	7m8	2.587	ACTACT
1023062	3979	o6	2.220	ACTACT
1023091	658	7m8	1.653	ACTACT
1023104	395	7m8	1.254	CTACTT
1023151	112	7m8	2.203	ACTACT
1023154	250	7m8	1.661	ACTACT
1023154	475	o6	1.543	ACTACT
1023154	793	6m	2.248	CTACTT
1023154	928	7m8	2.256	ACTACT
1023187	246	o6	1.104	ACTACT
1023256	239	o6	1.414	ACTACT
1023256	576	7A1	1.556	CTACTT
1023289	2330	6m	1.567	CTACTT
1023298	1367	6m	2.981	CTACTT
1023340	207	6m	2.866	CTACTT
1023390	126	6m	1.112	CTACTT
1023419	158	7m8	1.974	ACTACT
1023488	532	7A1	2.561	CTACTT
1023594	490	6m	1.446	CTACTT
1023594	752	6m	2.243	CTACTT
1023669	530	7m8	1.818	ACTACT
1023684	106	o6	2.694	ACTACT
1023712	21	o6	1.510	ACTACT
1023712	778	o6	1.053	ACTACT
1023774	1700	7m8	1.392	ACTACT
1023846	53	6m	1.511	CTACTT
1023850	1709	o6	1.055	ACTACT
1023897	1521	o6	2.275	ACTACT
1023991	31	7m8	2.400	ACTACT
1024025	495	8m	1.306	ACTACT
1024028	1248	7A1	2.051	CTACTT
1024031	1818	o6	2.014	ACTACT
1024031	4189	8m	1.284	ACTACT
1024079	801	o6	1.015	ACTACT
1024297	43	o6	1.029	ACTACT
1024381	2458	o6	1.680	ACTACT
1024384	811	6m	1.238	CTACTT
1024403	772	7A1	1.126	CTACTT
1024418	119	7m8	1.145	ACTACT
1024465	3350	o6	1.053	ACTACT
1024489	193	o6	1.867	ACTACT
1024525	424	o6	1.149	ACTACT
1024537	619	o6	1.915	ACTACT
1024556	1735	8m	1.877	ACTACT
1024612	1509	7m8	1.205	ACTACT
1024612	1681	8m	1.512	CTACTT
1024619	2328	7m8	2.537	ACTACT
1024619	4208	o6	1.382	ACTACT
1024639	281	o6	1.787	ACTACT
1024658	0	6m	1.226	CTACTT
1024715	2075	7m8	1.976	ACTACT
1024721	1081	6m	1.965	CTACTT
1024774	169	8m	1.818	ACTACT
1024904	2864	6m	1.242	CTACTT
1024904	3745	6m	2.344	CTACTT
1024966	245	7A1	1.112	CTACTT
1025055	402	6m	2.220	CTACTT
1025055	864	6m	1.721	CTACTT
1025064	695	o6	1.822	ACTACT
1025064	701	o6	1.822	ACTACT
1025064	808	8m	2.073	ACTACT
1025067	38	o6	1.328	ACTACT
1025229	1198	7A1	1.451	CTACTT
1025242	1444	o6	3.034	ACTACT
1025269	543	8m	1.255	ACTACT
1025331	28	8m	1.035	CTACTT
1025331	91	7A1	1.460	CTACTT
1025377	743	o6	2.350	ACTACT
1025392	17	o6	1.465	ACTACT
1025427	1433	8m	3.232	ACTACT
1025448	0	6m	4.069	CTACTT
1025452	334	7m8	1.434	ACTACT
1025455	106	6m	2.498	CTACTT
1025488	104	7A1	2.544	CTACTT
1025536	148	7A1	2.326	CTACTT
1025562	141	6m	2.026	CTACTT
1025608	196	o6	1.320	ACTACT
1025614	984	o6	1.468	ACTACT
1025615	1175	6m	1.687	CTACTT
1025814	277	7m8	1.886	CTACTT
1026012	638	6m	2.095	CTACTT
1026200	39	6m	1.319	CTACTT
1026262	1023	6m	1.946	CTACTT
1026262	1304	6m	1.681	CTACTT
1026480	2747	7A1	1.564	CTACTT
1026554	636	7A1	2.611	CTACTT
1026558	512	o6	1.284	ACTACT
1026558	1622	o6	1.122	ACTACT
1026687	76	7A1	1.724	CTACTT
1026711	1017	o6	1.073	ACTACT
1026711	1669	7m8	2.608	ACTACT
1026711	2221	8m	2.608	ACTACT
1026714	46	o6	1.211	ACTACT
1026965	620	7A1	2.448	CTACTT
1026965	2357	7A1	2.022	CTACTT
1026966	1006	6m	1.009	CTACTT
1027226	269	7A1	1.567	CTACTT
1027287	9	o6	2.777	ACTACT
1027287	15	o6	2.777	ACTACT
1027287	489	7m8	1.035	ACTACT
1027756	312	7m8	1.278	ACTACT
1027764	1100	6m	1.409	CTACTT
1027814	649	6m	3.829	CTACTT
1027912	964	6m	1.632	CTACTT
1027977	61	7A1	1.164	CTACTT
1028011	127	o6	3.332	ACTACT
1028022	116	o6	1.059	ACTACT
1028028	900	7A1	1.639	CTACTT
1028043	22	7m8	1.038	ACTACT
1028197	43	7A1	2.757	CTACTT
1028434	649	o6	1.320	ACTACT
1028441	567	6m	1.711	CTACTT
1028512	463	6m	1.118	CTACTT
1028512	593	7A1	1.740	CTACTT
1028751	937	6m	2.158	CTACTT
1028932	133	o6	2.257	ACTACT
1028998	1290	7m8	1.645	ACTACT
1029125	154	6m	1.529	CTACTT
1029176	550	6m	2.302	CTACTT
1029189	685	o6	1.484	ACTACT
1029348	247	o6	1.082	ACTACT
1029369	2779	7A1	1.282	CTACTT
1029564	119	o6	1.372	ACTACT
1029697	500	7m8	1.885	CTACTT
1029982	1039	7A1	1.053	CTACTT
1029994	172	6m	1.134	CTACTT
1030335	382	o6	1.658	ACTACT
1030340	738	o6	1.606	ACTACT
1030476	433	7m8	1.045	ACTACT
1030658	1375	o6	1.821	ACTACT
1030692	816	o6	1.893	ACTACT
1030812	287	6m	1.421	CTACTT
1030930	234	o6	1.193	ACTACT
1030965	445	7m8	1.251	ACTACT
1030973	187	6m	1.910	CTACTT
1031111	1115	o6	2.074	ACTACT
1031126	150	7A1	1.562	CTACTT
1031126	379	o6	2.587	ACTACT
1031145	54	6m	2.028	CTACTT
1031315	820	o6	2.302	ACTACT
1031321	837	o6	1.031	ACTACT
1031321	846	o6	1.031	ACTACT
1031321	1088	6m	1.594	CTACTT
1031479	1807	7m8	1.084	ACTACT
1031782	858	o6	2.098	ACTACT
1031791	623	o6	2.544	ACTACT
1031994	883	o6	1.394	ACTACT
1031994	2540	6m	1.077	CTACTT
1032009	215	8m	1.376	ACTACT
1032328	42	6m	1.135	CTACTT
1032466	89	o6	1.332	ACTACT
1032498	564	o6	2.321	ACTACT
1032607	932	o6	2.350	ACTACT
1032607	1127	8m	1.893	ACTACT
1032608	1870	6m	2.009	CTACTT
1032616	440	6m	2.220	CTACTT
1032616	521	o6	1.356	ACTACT
1032616	893	o6	2.304	ACTACT
1032622	777	6m	2.078	CTACTT
1032713	1641	7m8	1.832	ACTACT
1032852	53	6m	1.557	CTACTT
1032852	164	7m8	1.338	ACTACT
1032852	494	6m	1.295	CTACTT
1032929	796	6m	2.369	CTACTT
1032929	1447	6m	2.014	CTACTT
1032929	1714	6m	2.417	CTACTT
1032968	207	7A1	1.687	CTACTT
1033065	287	o6	1.022	ACTACT
1033088	373	7m8	2.029	CTACTT
1033152	495	7A1	1.051	CTACTT
1033152	2095	7A1	1.850	CTACTT
1033152	2194	o6	1.528	ACTACT
1033163	626	6m	1.350	CTACTT
1033227	25	o6	2.101	ACTACT
1033281	376	o6	1.272	ACTACT
1033378	37	o6	2.148	ACTACT
1033394	171	6m	1.413	CTACTT
1033394	222	o6	2.752	ACTACT
1033409	1926	7m8	2.031	ACTACT
1033425	1297	o6	1.529	ACTACT
1033472	112	7A1	1.720	CTACTT
1033488	1273	o6	1.115	ACTACT
1033508	534	7A1	2.660	CTACTT
1033547	248	6m	1.190	CTACTT
1033553	345	7m8	1.548	CTACTT
1033571	759	8m	1.322	ACTACT
1033571	3685	8m	1.282	CTACTT
1033598	4863	o6	2.110	ACTACT
1033601	610	o6	1.295	ACTACT
1033795	1140	o6	1.133	ACTACT
1033803	691	o6	2.387	ACTACT
1033827	653	7m8	1.121	ACTACT
1033865	164	o6	1.275	ACTACT
1033865	346	8m	2.312	ACTACT
1033877	1631	8m	1.284	ACTACT
1033877	1940	6m	1.086	CTACTT
1033948	591	o6	2.094	ACTACT
1033956	46	o6	1.056	ACTACT
1034121	2571	7m8	1.135	CTACTT
1034130	2324	7m8	1.225	ACTACT
1034259	91	6m	2.194	CTACTT
1034316	68	o6	1.249	ACTACT
1034316	2345	6m	2.635	CTACTT
1034353	527	7m8	1.041	CTACTT
1034358	790	7A1	2.377	CTACTT
1034362	250	8m	1.315	CTACTT
1034406	721	o6	1.320	ACTACT
1034499	1083	o6	2.223	ACTACT
1034508	321	o6	1.563	ACTACT
1034521	412	7A1	3.028	CTACTT
1034569	4353	6m	1.073	CTACTT
1034569	7598	o6	2.584	ACTACT
1034620	170	o6	1.328	ACTACT
1034679	455	6m	1.521	CTACTT
1034709	1108	6m	1.268	CTACTT
1034736	704	7A1	1.328	CTACTT
1034744	1057	o6	2.031	ACTACT
1034757	101	o6	3.379	ACTACT
1034899	3337	6m	1.801	CTACTT
1034924	154	o6	1.337	ACTACT
1034924	227	o6	1.246	ACTACT
1035136	419	o6	1.618	ACTACT
1035207	178	6m	1.992	CTACTT
1035230	75	o6	1.328	ACTACT
1035248	1373	7m8	1.146	ACTACT
1035248	2213	7m8	2.017	ACTACT
1035320	6	6m	2.085	CTACTT
1035408	427	7A1	1.571	CTACTT
1035426	526	8m	1.512	CTACTT
1035527	3464	o6	2.290	ACTACT
1035561	208	o6	1.861	ACTACT
1035569	1095	7m8	1.393	ACTACT
1035569	14052	o6	2.627	ACTACT
1035569	18024	6m	1.523	CTACTT
1035737	268	7A1	1.735	CTACTT
1035773	2397	o6	1.867	ACTACT
1035782	483	7A1	1.084	CTACTT
1035809	410	o6	1.284	ACTACT
1035843	3280	6m	2.236	CTACTT
1035945	2463	6m	1.930	CTACTT
1036046	1396	o6	1.533	ACTACT
1036046	1405	o6	1.239	ACTACT
1036127	3091	o6	2.014	ACTACT
1036212	94	6m	1.139	CTACTT
1036313	106	6m	1.120	CTACTT
1036381	2894	8m	2.049	CTACTT
1036392	11	6m	3.124	CTACTT
1036648	92	7A1	1.172	CTACTT
1036706	2585	8m	2.031	ACTACT
1036727	342	8m	1.761	CTACTT
1036784	180	o6	1.001	ACTACT
1036787	409	7m8	1.311	ACTACT
1036787	1412	7A1	1.073	CTACTT
1036788	1775	6m	1.703	CTACTT
1036788	2902	o6	1.024	ACTACT
1036944	37	o6	2.955	ACTACT
1036950	148	o6	1.154	ACTACT
1037031	731	o6	1.096	ACTACT
1037090	1493	6m	1.695	CTACTT
1037207	798	7A1	2.106	CTACTT
1037414	408	6m	3.252	CTACTT
1037429	795	o6	1.631	ACTACT
1037429	813	o6	1.673	ACTACT
1037458	93	6m	1.643	CTACTT
1037461	100	o6	1.556	ACTACT
1037467	101	o6	1.104	ACTACT
1037474	740	7A1	1.055	CTACTT
1037615	1059	o6	1.189	ACTACT
1037756	45	6m	1.468	CTACTT
1037937	593	7m8	1.745	ACTACT
1038066	724	7A1	1.992	CTACTT
1038084	315	o6	2.293	ACTACT
1038119	117	8m	2.807	ACTACT
1038293	4264	o6	1.093	ACTACT
1038312	64	6m	2.958	CTACTT
1038366	439	7A1	3.956	CTACTT
1038366	772	8m	1.560	ACTACT
1038371	53	7A1	2.020	CTACTT
1038393	126	6m	1.073	CTACTT
1038440	2680	o6	1.220	ACTACT
1038470	421	7A1	1.602	CTACTT
1038521	54	6m	1.848	CTACTT
1038568	204	o6	2.773	ACTACT
1038640	2037	8m	1.690	ACTACT
1038796	218	o6	2.943	ACTACT
1038841	210	7A1	1.073	CTACTT
1038855	245	8m	2.127	CTACTT
1038867	473	7A1	2.072	CTACTT
1038929	96	6m	1.560	CTACTT
1038930	27	7A1	1.426	CTACTT
1039007	171	o6	1.659	ACTACT
1039244	54	7m8	1.380	ACTACT
1039244	228	7A1	1.560	CTACTT
1039250	39	7A1	2.319	CTACTT
1039285	1933	6m	1.298	CTACTT
1039398	453	6m	2.090	CTACTT
1039469	1244	7m8	1.889	ACTACT
1039474	983	o6	2.962	ACTACT
1039502	4356	7A1	5.179	CTACTT
1039548	79	6m	1.092	CTACTT
1039578	959	6m	1.407	CTACTT
1039612	938	o6	1.090	ACTACT
1039642	28	o6	1.093	ACTACT
1039651	632	7A1	1.807	CTACTT
1039706	204	7A1	1.280	CTACTT
1039764	1747	o6	1.331	ACTACT
1039773	273	o6	1.006	ACTACT
1039853	2688	o6	1.073	ACTACT
1039908	1099	7A1	2.858	CTACTT
1039920	1373	7A1	2.432	CTACTT
1040004	270	6m	1.085	CTACTT
1040007	1678	o6	1.457	ACTACT
1040034	69	7m8	1.977	ACTACT
1040048	1787	6m	2.002	CTACTT
1040048	1942	7m8	1.845	ACTACT
1040048	3334	7m8	1.952	ACTACT
1040063	383	o6	2.321	ACTACT
1040070	3161	o6	2.943	ACTACT
1040070	3171	7m8	2.831	CTACTT
1040070	3452	7m8	1.954	CTACTT
1040190	3949	6m	1.906	CTACTT
1040190	4169	6m	1.203	CTACTT
1040234	507	6m	1.761	CTACTT
1040234	1464	8m	2.433	ACTACT
1040246	163	7A1	1.073	CTACTT
1040283	3105	o6	1.948	ACTACT
1040294	1636	6m	1.437	CTACTT
1040298	4541	8m	1.215	ACTACT
1040298	8391	o6	1.504	ACTACT
1040304	1078	8m	1.179	ACTACT
1040304	1092	7A1	1.499	CTACTT
1040318	1617	o6	1.979	ACTACT
1040337	3120	7m8	1.557	ACTACT
1040337	3306	o6	1.288	ACTACT
1040352	361	o6	1.565	ACTACT
1040355	559	o6	1.355	ACTACT
1040377	598	8m	1.065	ACTACT
1040486	412	o6	1.889	ACTACT
1040495	1428	6m	1.037	CTACTT
1040547	497	o6	1.623	ACTACT
1040635	998	7m8	2.156	CTACTT
1040635	2013	6m	2.614	CTACTT
1040635	4477	o6	1.335	ACTACT
1040635	4729	6m	2.904	CTACTT
1040658	203	o6	1.063	ACTACT
