1000021	17	8m	1.860	ACAATC
1000048	297	6m	2.639	ACAATC
1000054	95	o6	1.413	GACAAT
1000066	1186	7A1	3.174	ACAATC
1000101	117	6m	1.082	ACAATC
1000113	168	o6	1.638	GACAAT
1000122	627	7A1	2.350	ACAATC
1000155	486	o6	2.600	GACAAT
1000219	743	7A1	1.123	ACAATC
1000224	157	o6	2.073	GACAAT
1000227	380	8m	2.259	GACAAT
1000281	626	7A1	2.822	ACAATC
1000306	359	o6	1.867	GACAAT
1000306	393	o6	1.886	GACAAT
1000345	29	o6	2.269	GACAAT
1000380	80	o6	1.989	GACAAT
1000421	488	o6	2.807	GACAAT
1000442	425	6m	2.529	ACAATC
1000443	151	7A1	2.390	ACAATC
1000443	2998	o6	1.443	GACAAT
1000446	586	6m	1.120	ACAATC
1000478	1001	8m	3.034	GACAAT
1000562	415	o6	1.747	GACAAT
1000610	526	6m	1.605	ACAATC
1000631	909	o6	1.818	GACAAT
1000653	310	6m	1.449	ACAATC
1000665	249	o6	1.328	GACAAT
1000707	562	6m	1.846	ACAATC
1000743	930	6m	1.754	ACAATC
1000764	105	o6	1.006	GACAAT
1000829	951	7m8	2.503	GACAAT
1000829	2133	6m	1.397	ACAATC
1000856	24	o6	1.523	GACAAT
1000869	110	7m8	1.053	GACAAT
1000880	663	o6	2.863	GACAAT
1000956	582	o6	2.712	GACAAT
1001061	180	6m	2.318	ACAATC
1001083	880	8m	2.781	GACAAT
1001099	334	o6	2.528	GACAAT
1001139	113	6m	1.299	ACAATC
1001249	881	o6	2.065	GACAAT
1001301	117	o6	2.003	GACAAT
1001301	139	6m	1.257	ACAATC
1001354	273	o6	2.220	GACAAT
1001440	2627	o6	1.711	GACAAT
1001440	2656	o6	2.073	GACAAT
1001533	3934	6m	1.563	ACAATC
1001545	37	o6	1.299	GACAAT
1001574	564	o6	1.321	GACAAT
1001578	266	o6	2.206	GACAAT
1001584	468	o6	3.657	GACAAT
1001601	2233	7A1	2.344	ACAATC
1001620	1238	7m8	2.206	GACAAT
1001667	8	6m	1.765	ACAATC
1001683	375	o6	1.533	GACAAT
1001738	1426	7A1	1.208	ACAATC
1001774	35	o6	2.445	GACAAT
1001865	192	6m	1.038	ACAATC
1001891	554	o6	1.499	GACAAT
1001937	579	6m	1.576	ACAATC
1001937	820	o6	3.263	GACAAT
1001937	2129	o6	1.679	GACAAT
1001948	264	o6	2.391	GACAAT
1002176	1692	o6	2.544	GACAAT
1002176	2001	o6	2.544	GACAAT
1002182	1380	6m	2.262	ACAATC
1002182	1893	o6	2.635	GACAAT
1002532	105	6m	1.003	ACAATC
1002602	129	o6	2.412	GACAAT
1002683	413	6m	1.190	ACAATC
1002695	1414	6m	1.256	ACAATC
1002731	40	6m	2.409	ACAATC
1002752	68	o6	1.606	GACAAT
1002794	895	6m	1.120	ACAATC
1002797	560	7A1	1.755	ACAATC
1002842	261	6m	2.016	ACAATC
1002878	386	o6	2.635	GACAAT
1002982	40	o6	2.049	GACAAT
1003087	261	o6	2.304	GACAAT
1003226	272	o6	1.972	GACAAT
1003248	820	7A1	2.276	ACAATC
1003325	208	7A1	1.283	ACAATC
1003387	616	7A1	2.073	ACAATC
1003417	245	o6	2.515	GACAAT
1003417	636	o6	2.017	GACAAT
1003433	104	6m	1.742	ACAATC
1003570	474	o6	2.446	GACAAT
1003579	462	o6	2.397	GACAAT
1003776	750	7A1	1.053	ACAATC
1003873	550	o6	3.960	GACAAT
1003911	92	o6	1.139	GACAAT
1003951	237	6m	3.114	ACAATC
1003951	278	7m8	1.919	ACAATC
1003992	238	o6	3.508	GACAAT
1003999	1476	7A1	1.906	ACAATC
1004064	331	6m	2.209	ACAATC
1004299	801	7A1	1.009	ACAATC
1004407	325	8m	1.733	GACAAT
1004463	696	o6	1.606	GACAAT
1004463	2026	o6	1.024	GACAAT
1004502	510	o6	1.251	GACAAT
1004539	7	6m	1.038	ACAATC
1004545	71	o6	1.029	GACAAT
1004613	58	o6	2.240	GACAAT
1004619	309	o6	2.384	GACAAT
1004750	887	6m	1.421	ACAATC
1004810	337	6m	1.159	ACAATC
1004990	97	6m	1.841	ACAATC
1005000	238	o6	2.242	GACAAT
1005049	1049	7A1	1.207	ACAATC
1005130	269	o6	1.007	GACAAT
1005253	1647	o6	3.633	GACAAT
1005343	385	o6	2.178	GACAAT
1005352	1340	o6	2.464	GACAAT
1005352	2789	o6	2.621	GACAAT
1005374	56	7m8	2.533	GACAAT
1005379	70	7A1	2.430	ACAATC
1005449	317	o6	2.369	GACAAT
1005507	272	o6	2.342	GACAAT
1005701	213	7A1	1.005	ACAATC
1006107	811	o6	2.544	GACAAT
1006166	646	o6	2.388	GACAAT
1006166	1228	7A1	1.765	ACAATC
1006608	13	7m8	1.285	GACAAT
1006632	292	o6	1.925	GACAAT
1006707	1446	o6	1.529	GACAAT
1006735	2317	7A1	2.320	ACAATC
1006898	255	6m	2.498	ACAATC
1007148	58	o6	2.807	GACAAT
1007212	28	o6	2.255	GACAAT
1007231	291	7m8	2.807	GACAAT
1007283	133	6m	2.026	ACAATC
1007283	518	o6	2.063	GACAAT
1007296	1260	o6	2.606	GACAAT
1007448	615	o6	1.105	GACAAT
1007484	12	o6	3.082	GACAAT
1007521	1898	6m	2.758	ACAATC
1007530	1174	6m	1.623	ACAATC
1007547	2175	7A1	2.101	ACAATC
1007629	5	7A1	1.747	ACAATC
1007629	74	6m	2.544	ACAATC
1007637	874	7A1	1.027	ACAATC
1007731	1548	7A1	1.684	ACAATC
1007734	25	7A1	1.903	ACAATC
1007764	75	6m	1.473	ACAATC
1007807	661	o6	1.373	GACAAT
1007812	1829	o6	1.902	GACAAT
1007812	4529	8m	3.687	GACAAT
1007812	6839	7A1	2.350	ACAATC
1007840	2051	6m	3.034	ACAATC
1007875	1899	o6	1.517	GACAAT
1007950	2637	o6	1.279	GACAAT
1007956	323	o6	1.952	GACAAT
1007980	2407	o6	2.768	GACAAT
1007993	1188	6m	1.237	ACAATC
1008093	979	7m8	2.723	GACAAT
1008145	872	o6	2.350	GACAAT
1008145	5804	6m	2.544	ACAATC
1008204	638	6m	2.832	ACAATC
1008255	556	6m	1.162	ACAATC
1008255	1465	6m	1.424	ACAATC
1008256	248	o6	1.345	GACAAT
1008259	777	o6	1.434	GACAAT
1008285	440	o6	2.371	GACAAT
1008286	1100	o6	2.025	GACAAT
1008307	261	7A1	1.533	ACAATC
1008307	739	6m	2.801	ACAATC
1008307	1047	6m	1.606	ACAATC
1008328	88	o6	1.205	GACAAT
1008406	363	o6	3.625	GACAAT
1008409	1332	o6	1.306	GACAAT
1008424	290	6m	1.316	ACAATC
1008465	48	o6	2.349	GACAAT
1008498	355	o6	1.103	GACAAT
1008521	728	7m8	2.525	GACAAT
1008524	577	7A1	1.214	ACAATC
1008557	388	6m	1.589	ACAATC
1008615	194	7m8	1.560	GACAAT
1008641	99	6m	2.435	ACAATC
1008855	233	o6	2.449	GACAAT
1008933	574	o6	1.563	GACAAT
1008933	902	7A1	1.905	ACAATC
1008966	988	7A1	2.341	ACAATC
1008975	420	6m	1.340	ACAATC
1008981	973	7A1	2.449	ACAATC
1009026	1023	7A1	1.389	ACAATC
1009043	591	7m8	2.494	GACAAT
1009199	82	6m	2.158	ACAATC
1009216	41	7A1	1.348	ACAATC
1009267	767	6m	1.517	ACAATC
1009289	446	7m8	1.907	GACAAT
1009328	341	o6	3.026	GACAAT
1009349	506	7m8	1.695	GACAAT
1009408	130	o6	3.763	GACAAT
1009411	221	7A1	2.807	ACAATC
1009434	214	o6	3.475	GACAAT
1009457	92	6m	1.401	ACAATC
1009475	1092	o6	2.606	GACAAT
1009647	338	o6	2.512	GACAAT
1009665	435	6m	1.053	ACAATC
1009751	92	o6	2.151	GACAAT
1009759	522	o6	1.251	GACAAT
1009834	786	o6	1.444	GACAAT
1009834	1594	7A1	3.034	ACAATC
1009834	1919	o6	1.606	GACAAT
1009834	2820	o6	2.502	GACAAT
1009834	2984	o6	1.606	GACAAT
1009873	650	7m8	2.460	GACAAT
1009891	453	7A1	1.535	ACAATC
1009930	179	6m	2.533	ACAATC
1009945	523	7A1	3.641	ACAATC
1010054	1269	6m	1.032	ACAATC
1010082	404	6m	1.790	ACAATC
1010129	150	6m	1.320	ACAATC
1010202	233	o6	1.591	GACAAT
1010205	355	o6	1.342	GACAAT
1010229	203	o6	3.032	GACAAT
1010232	3001	6m	1.007	ACAATC
1010238	2628	6m	1.007	ACAATC
1010250	289	6m	2.447	ACAATC
1010401	340	o6	1.007	GACAAT
1010412	349	o6	4.066	GACAAT
1010465	668	o6	1.140	GACAAT
1010483	259	6m	2.502	ACAATC
1010510	213	6m	1.026	ACAATC
1010511	562	o6	2.073	GACAAT
1010522	233	6m	1.865	ACAATC
1010553	95	7A1	1.235	ACAATC
1010596	134	o6	1.311	GACAAT
1010670	637	o6	2.409	GACAAT
1010686	507	6m	1.695	ACAATC
1010703	67	7A1	3.588	ACAATC
1010712	257	o6	2.679	GACAAT
1010721	77	7A1	1.135	ACAATC
1010818	117	8m	1.235	GACAAT
1010851	863	7A1	1.118	ACAATC
1010974	1031	o6	2.821	GACAAT
1011059	395	7A1	1.208	ACAATC
1011068	513	o6	1.940	GACAAT
1011194	767	7A1	1.274	ACAATC
1011333	546	o6	1.150	GACAAT
1011404	46	6m	1.550	ACAATC
1011425	77	o6	1.781	GACAAT
1011487	1222	6m	2.214	ACAATC
1011491	60	6m	1.703	ACAATC
1011491	82	6m	2.065	ACAATC
1011491	295	7A1	3.157	ACAATC
1011658	303	7A1	2.106	ACAATC
1011670	61	6m	1.322	ACAATC
1011679	0	o6	1.045	GACAAT
1011742	1511	7m8	2.037	GACAAT
1011790	15	7m8	1.260	GACAAT
1011847	252	7m8	1.210	ACAATC
1012125	52	6m	1.002	ACAATC
1012169	138	o6	2.254	GACAAT
1012174	545	o6	1.184	GACAAT
1012174	1266	6m	2.656	ACAATC
1012308	331	o6	1.907	GACAAT
1012425	223	6m	1.156	ACAATC
1012479	634	6m	1.082	ACAATC
1012588	119	o6	1.423	GACAAT
1012612	3	6m	1.229	ACAATC
1012830	1662	o6	1.104	GACAAT
1012833	607	o6	1.553	GACAAT
1012839	624	o6	1.606	GACAAT
1012977	160	o6	1.632	GACAAT
1013068	874	o6	2.073	GACAAT
1013098	223	6m	1.339	ACAATC
1013183	77	o6	2.854	GACAAT
1013241	290	o6	1.555	GACAAT
1013270	59	o6	1.922	GACAAT
1013413	79	o6	3.649	GACAAT
1013443	1678	7m8	3.232	GACAAT
1013461	5	o6	2.187	GACAAT
1013461	434	o6	1.322	GACAAT
1013461	519	o6	2.409	GACAAT
1013461	589	o6	1.680	GACAAT
1013461	606	o6	1.042	GACAAT
1013648	222	o6	1.183	GACAAT
1013670	1519	6m	1.284	ACAATC
1013670	1848	6m	1.158	ACAATC
1013676	1219	o6	1.328	GACAAT
1013713	58	6m	1.402	ACAATC
1013866	84	o6	2.926	GACAAT
1013963	416	7A1	1.650	ACAATC
1013988	2228	o6	2.854	GACAAT
1014009	466	6m	1.415	ACAATC
1014066	160	6m	1.457	ACAATC
1014143	161	o6	2.013	GACAAT
1014143	351	6m	1.580	ACAATC
1014146	266	o6	1.482	GACAAT
1014294	596	o6	2.025	GACAAT
1014358	1106	7A1	1.323	ACAATC
1014418	2894	6m	2.471	ACAATC
1014655	1701	o6	2.620	GACAAT
1014655	1838	o6	1.326	GACAAT
1014740	646	7A1	2.003	ACAATC
1014813	387	o6	1.584	GACAAT
1014864	1045	o6	2.614	GACAAT
1014884	2344	7m8	3.034	GACAAT
1014884	2588	6m	2.148	ACAATC
1014898	322	7A1	1.321	ACAATC
1014898	1627	8m	3.034	GACAAT
1014904	1950	6m	2.810	ACAATC
1014904	2274	6m	2.544	ACAATC
1014904	2371	7A1	1.101	ACAATC
1014988	1602	7A1	2.177	ACAATC
1014988	1623	7A1	2.801	ACAATC
1014988	6052	7A1	1.550	ACAATC
1015038	78	7A1	1.690	ACAATC
1015041	2887	6m	1.905	ACAATC
1015041	5636	o6	2.409	GACAAT
1015073	1152	6m	1.687	ACAATC
1015085	117	6m	1.017	ACAATC
1015091	1718	7A1	2.331	ACAATC
1015091	2344	o6	1.747	GACAAT
1015131	129	7m8	1.413	GACAAT
1015145	2573	o6	1.207	GACAAT
1015180	22	o6	1.284	GACAAT
1015228	1937	o6	2.477	GACAAT
1015229	302	6m	1.059	ACAATC
1015259	165	6m	1.997	ACAATC
1015267	151	7A1	1.600	ACAATC
1015351	0	6m	2.073	ACAATC
1015375	271	o6	2.107	GACAAT
1015375	1020	o6	1.152	GACAAT
1015385	270	o6	3.438	GACAAT
1015397	255	o6	1.512	GACAAT
1015418	141	6m	1.310	ACAATC
1015418	1237	6m	1.047	ACAATC
1015474	91	o6	1.560	GACAAT
1015480	1385	o6	2.807	GACAAT
1015555	2734	o6	2.427	GACAAT
1015572	2331	7A1	2.073	ACAATC
1015676	2068	6m	1.448	ACAATC
1015685	111	7m8	2.734	GACAAT
1015690	403	o6	1.453	GACAAT
1015706	190	6m	1.262	ACAATC
1015709	137	o6	2.025	GACAAT
1015725	1296	o6	1.053	GACAAT
1015777	572	7A1	1.405	ACAATC
1015778	863	7m8	2.390	GACAAT
1015789	176	o6	2.889	GACAAT
1015789	1723	8m	2.350	GACAAT
1015793	2045	6m	1.497	ACAATC
1015796	1077	6m	2.102	ACAATC
1015799	105	6m	1.497	ACAATC
1015834	86	o6	2.466	GACAAT
1015891	401	o6	1.860	GACAAT
1015895	182	o6	3.393	GACAAT
1015940	579	o6	1.976	GACAAT
1015940	752	7A1	2.258	ACAATC
1015967	579	o6	1.854	GACAAT
1015972	2085	o6	1.168	GACAAT
1015972	2933	o6	1.563	GACAAT
1015995	751	7m8	2.660	GACAAT
1016007	238	o6	1.094	GACAAT
1016007	498	o6	1.563	GACAAT
1016011	1636	6m	1.031	ACAATC
1016019	239	o6	1.064	GACAAT
1016020	1786	6m	1.000	ACAATC
1016026	3412	6m	1.053	ACAATC
1016029	2204	6m	2.471	ACAATC
1016106	305	6m	2.085	ACAATC
1016116	98	7A1	1.713	ACAATC
1016119	95	6m	1.739	ACAATC
1016143	177	o6	2.493	GACAAT
1016146	128	6m	2.017	ACAATC
1016179	2168	o6	2.544	GACAAT
1016281	706	7A1	1.328	ACAATC
1016337	147	o6	1.065	GACAAT
1016347	1142	o6	1.670	GACAAT
1016359	47	6m	1.097	ACAATC
1016398	1730	7A1	1.322	ACAATC
1016418	191	6m	2.220	ACAATC
1016418	582	6m	2.125	ACAATC
1016428	90	o6	1.740	GACAAT
1016512	992	7A1	1.649	ACAATC
1016565	888	7A1	3.034	ACAATC
1016605	145	6m	1.322	ACAATC
1016605	783	o6	2.072	GACAAT
1016620	1416	8m	2.544	GACAAT
1016661	120	7A1	1.772	ACAATC
1016698	2006	7A1	1.097	ACAATC
1016787	1143	o6	1.066	GACAAT
1016787	2892	o6	2.203	GACAAT
1016788	114	o6	1.053	GACAAT
1016820	702	7m8	2.544	GACAAT
1016838	698	o6	1.322	GACAAT
1016845	947	6m	1.003	ACAATC
1016865	97	o6	3.631	GACAAT
1016899	51	8m	2.178	GACAAT
1016922	660	6m	1.776	ACAATC
1016936	141	6m	1.305	ACAATC
1017024	1276	o6	2.660	GACAAT
1017042	189	6m	1.606	ACAATC
1017106	69	6m	1.065	ACAATC
1017130	46	6m	1.077	ACAATC
1017197	65	o6	2.463	GACAAT
1017227	388	o6	2.366	GACAAT
1017227	397	o6	2.366	GACAAT
1017275	209	7A1	1.161	ACAATC
1017369	292	7A1	2.063	ACAATC
1017404	518	6m	2.255	ACAATC
1017614	6091	6m	3.028	ACAATC
1017695	46	o6	2.843	GACAAT
1017695	742	7A1	2.371	ACAATC
1017743	24	o6	2.852	GACAAT
1017776	247	o6	3.641	GACAAT
1017863	300	o6	2.654	GACAAT
1017919	1718	7A1	1.606	ACAATC
1017959	48	o6	2.025	GACAAT
1018033	21	o6	2.502	GACAAT
1018077	756	o6	1.015	GACAAT
1018120	184	7A1	1.734	ACAATC
1018134	2143	6m	2.741	ACAATC
1018134	2835	o6	1.019	GACAAT
1018168	666	6m	1.798	ACAATC
1018233	665	7A1	1.135	ACAATC
1018243	1131	o6	2.511	GACAAT
1018268	1375	o6	1.997	GACAAT
1018277	469	7A1	1.259	ACAATC
1018344	369	7A1	2.544	ACAATC
1018344	1121	7A1	1.251	ACAATC
1018353	599	o6	1.321	GACAAT
1018367	95	7A1	2.215	ACAATC
1018406	51	o6	1.533	GACAAT
1018409	188	7A1	2.863	ACAATC
1018478	1	6m	1.155	ACAATC
1018590	55	o6	2.151	GACAAT
1018616	703	o6	1.316	GACAAT
1018626	116	6m	1.053	ACAATC
1018632	1935	7A1	1.598	ACAATC
1018632	4705	o6	1.397	GACAAT
1018661	951	7A1	2.072	ACAATC
1018664	313	o6	1.268	GACAAT
1018664	639	o6	1.138	GACAAT
1018678	858	7A1	2.544	ACAATC
1018727	451	o6	2.544	GACAAT
1018754	462	o6	3.140	GACAAT
1018766	650	7A1	2.660	ACAATC
1018766	1241	o6	1.087	GACAAT
1018825	393	o6	1.284	GACAAT
1018860	283	6m	1.076	ACAATC
1018873	64	o6	1.053	GACAAT
1018909	288	7A1	2.434	ACAATC
1018921	654	7A1	1.434	ACAATC
1018937	491	7m8	2.108	GACAAT
1018998	275	o6	2.039	GACAAT
1019049	278	o6	1.606	GACAAT
1019147	1234	6m	1.606	ACAATC
1019147	2168	7A1	2.599	ACAATC
1019311	307	7A1	1.032	ACAATC
1019329	702	7A1	1.144	ACAATC
1019465	100	6m	1.184	ACAATC
1019465	531	7A1	1.066	ACAATC
1019486	923	o6	2.627	GACAAT
1019554	536	6m	1.606	ACAATC
1019579	674	6m	2.344	ACAATC
1019579	905	o6	3.034	GACAAT
1019579	1174	o6	3.034	GACAAT
1019579	1274	7A1	3.466	ACAATC
1019695	37	o6	2.214	GACAAT
1019698	953	7A1	1.431	ACAATC
1019749	65	7m8	1.078	GACAAT
1019865	688	7A1	1.973	ACAATC
1019925	996	6m	1.563	ACAATC
1019938	134	o6	2.508	GACAAT
1019995	628	6m	1.328	ACAATC
1020116	266	o6	1.156	GACAAT
1020136	47	o6	1.257	GACAAT
1020139	1008	6m	1.227	ACAATC
1020140	345	7A1	2.085	ACAATC
1020166	1409	7A1	2.010	ACAATC
1020187	277	o6	2.520	GACAAT
1020214	581	7A1	2.261	ACAATC
1020219	103	6m	1.577	ACAATC
1020219	1051	6m	1.997	ACAATC
1020241	1090	7A1	1.032	ACAATC
1020246	177	o6	1.053	GACAAT
1020250	96	7A1	1.644	ACAATC
1020253	1298	7A1	2.030	ACAATC
1020319	1732	o6	1.577	GACAAT
1020319	2068	7A1	1.577	ACAATC
1020319	2297	o6	1.122	GACAAT
1020435	1829	7A1	1.245	ACAATC
1020435	2357	7m8	2.975	GACAAT
1020435	2671	o6	3.149	GACAAT
1020449	807	6m	2.316	ACAATC
1020453	52	o6	1.427	GACAAT
1020495	368	o6	2.752	GACAAT
1020519	545	o6	1.214	GACAAT
1020550	205	6m	1.101	ACAATC
1020564	298	7A1	2.290	ACAATC
1020615	344	6m	1.166	ACAATC
1020637	44	7m8	1.015	GACAAT
1020637	111	o6	1.606	GACAAT
1020642	8893	7A1	1.737	ACAATC
1020669	71	8m	1.346	GACAAT
1020719	156	7A1	2.025	ACAATC
1020745	341	o6	2.520	GACAAT
1020782	754	6m	1.469	ACAATC
1020782	1813	6m	2.142	ACAATC
1020861	1265	7m8	1.234	GACAAT
1020880	278	o6	2.533	GACAAT
1020894	34	o6	4.147	GACAAT
1020901	375	o6	1.760	GACAAT
1020992	448	7A1	2.610	ACAATC
1021008	606	o6	3.549	GACAAT
1021084	396	o6	1.073	GACAAT
1021273	835	6m	2.981	ACAATC
1021354	60	o6	1.110	GACAAT
1021374	190	7A1	1.444	ACAATC
1021378	166	o6	1.521	GACAAT
1021505	484	o6	3.076	GACAAT
1021540	743	6m	3.028	ACAATC
1021540	2067	7A1	2.807	ACAATC
1021545	477	7m8	2.773	ACAATC
1021559	21	o6	1.292	GACAAT
1021566	2351	o6	1.721	GACAAT
1021581	245	o6	3.704	GACAAT
1021741	141	6m	2.660	ACAATC
1021741	532	6m	2.548	ACAATC
1021742	102	6m	1.787	ACAATC
1021812	94	o6	1.000	GACAAT
1022066	3084	6m	1.717	ACAATC
1022168	671	7A1	1.560	ACAATC
1022173	730	o6	2.507	GACAAT
1022180	180	7A1	1.484	ACAATC
1022256	1561	7A1	2.628	ACAATC
1022256	2838	o6	2.770	GACAAT
1022317	191	o6	1.338	GACAAT
1022383	105	6m	1.322	ACAATC
1022443	338	7A1	2.226	ACAATC
1022443	714	7m8	3.028	GACAAT
1022472	54	o6	1.876	GACAAT
1022568	2673	o6	2.494	GACAAT
1022604	1276	o6	1.242	GACAAT
1022763	106	6m	2.876	ACAATC
1022808	141	o6	2.045	GACAAT
1022820	201	6m	1.736	ACAATC
1022853	541	6m	1.552	ACAATC
1022885	21	6m	1.456	ACAATC
1022904	60	6m	1.807	ACAATC
1022932	284	6m	1.088	ACAATC
1022932	1371	8m	2.531	GACAAT
1022932	2170	7A1	2.537	ACAATC
1022963	86	o6	2.000	GACAAT
1022986	518	o6	1.284	GACAAT
1022992	137	6m	1.445	ACAATC
1023009	598	7A1	2.662	ACAATC
1023085	427	o6	1.737	GACAAT
1023097	2894	7A1	1.898	ACAATC
1023097	3212	6m	2.171	ACAATC
1023295	577	6m	1.125	ACAATC
1023334	37	7A1	1.101	ACAATC
1023378	1972	o6	2.377	GACAAT
1023381	1483	o6	2.377	GACAAT
1023387	1107	o6	1.056	GACAAT
1023399	46	6m	1.340	ACAATC
1023469	26	6m	1.795	ACAATC
1023523	234	6m	1.094	ACAATC
1023579	581	6m	1.356	ACAATC
1023594	523	6m	1.053	ACAATC
1023599	205	o6	2.005	GACAAT
1023599	704	6m	1.004	ACAATC
1023599	6335	o6	1.295	GACAAT
1023669	887	o6	2.062	GACAAT
1023669	1069	o6	2.671	GACAAT
1023669	1146	6m	1.877	ACAATC
1023678	1206	o6	1.941	GACAAT
1023684	51	6m	3.602	ACAATC
1023706	50	o6	1.378	GACAAT
1023727	102	7m8	2.818	GACAAT
1023751	106	o6	1.562	GACAAT
1023784	4447	o6	1.321	GACAAT
1023790	2981	o6	2.878	GACAAT
1023796	460	o6	1.004	GACAAT
1023799	280	o6	1.227	GACAAT
1023847	198	6m	1.145	ACAATC
1023850	862	7m8	3.034	GACAAT
1023850	1047	7m8	2.588	GACAAT
1023850	1546	6m	1.084	ACAATC
1023882	1847	7m8	1.808	GACAAT
1023885	1592	6m	1.288	ACAATC
1023885	1988	7A1	1.269	ACAATC
1023897	1232	8m	2.648	GACAAT
1023897	1983	o6	1.137	GACAAT
1023970	37	7A1	1.807	ACAATC
1024019	1820	7A1	1.397	ACAATC
1024031	2791	o6	3.034	GACAAT
1024037	225	6m	1.082	ACAATC
1024148	174	o6	1.544	GACAAT
1024148	189	7A1	1.324	ACAATC
1024169	944	7A1	2.231	ACAATC
1024196	614	o6	2.342	GACAAT
1024211	2015	7A1	2.544	ACAATC
1024279	512	6m	1.468	ACAATC
1024393	1422	6m	1.855	ACAATC
1024418	467	o6	1.805	GACAAT
1024465	331	7A1	2.215	ACAATC
1024465	705	7A1	2.350	ACAATC
1024465	1329	6m	1.834	ACAATC
1024465	1836	6m	1.156	ACAATC
1024489	327	7A1	1.171	ACAATC
1024489	564	o6	1.082	GACAAT
1024522	86	o6	1.826	GACAAT
1024559	157	o6	2.507	GACAAT
1024579	120	o6	2.117	GACAAT
1024609	350	7A1	1.053	ACAATC
1024619	120	o6	1.304	GACAAT
1024622	1186	6m	2.790	ACAATC
1024634	687	7A1	1.997	ACAATC
1024634	710	6m	2.606	ACAATC
1024639	680	o6	2.350	GACAAT
1024639	1333	o6	1.082	GACAAT
1024648	2797	o6	1.015	GACAAT
1024648	5170	7A1	1.200	ACAATC
1024648	5718	o6	2.125	GACAAT
1024648	6530	7A1	1.016	ACAATC
1024648	6981	o6	2.255	GACAAT
1024648	14812	6m	1.749	ACAATC
1024654	681	o6	2.132	GACAAT
1024654	1357	o6	2.026	GACAAT
1024702	593	o6	1.906	GACAAT
1024715	1364	7A1	2.685	ACAATC
1024715	3196	6m	1.462	ACAATC
1024715	5107	o6	2.685	GACAAT
1024720	38	o6	3.034	GACAAT
1024721	32	7A1	1.328	ACAATC
1024753	71	o6	1.461	GACAAT
1024757	436	6m	2.618	ACAATC
1024757	618	6m	1.886	ACAATC
1024861	158	o6	2.132	GACAAT
1024904	212	6m	2.279	ACAATC
1024904	438	7A1	2.544	ACAATC
1024904	4200	7A1	2.538	ACAATC
1024953	337	7A1	1.284	ACAATC
1024956	1343	6m	1.020	ACAATC
1024956	3336	o6	2.635	GACAAT
1024956	6869	o6	2.025	GACAAT
1024971	649	o6	2.349	GACAAT
1025029	2004	o6	1.322	GACAAT
1025059	1488	6m	1.805	ACAATC
1025143	214	6m	1.485	ACAATC
1025238	28	6m	1.946	ACAATC
1025272	186	o6	2.207	GACAAT
1025308	156	o6	1.127	GACAAT
1025308	523	o6	1.440	GACAAT
1025340	650	7A1	1.174	ACAATC
1025371	147	o6	1.606	GACAAT
1025371	182	o6	1.606	GACAAT
1025403	16	8m	1.071	GACAAT
1025455	1841	o6	2.523	GACAAT
1025458	148	o6	1.921	GACAAT
1025600	61	o6	1.262	GACAAT
1025642	760	7A1	1.400	ACAATC
1025689	55	6m	1.209	ACAATC
1025689	169	7A1	1.053	ACAATC
1025693	1119	8m	4.375	ACAATC
1025693	1680	o6	1.568	GACAAT
1025724	118	7m8	1.713	GACAAT
1025724	697	o6	1.866	GACAAT
1025725	120	7A1	2.452	ACAATC
1025725	666	7A1	1.517	ACAATC
1025736	223	7A1	1.006	ACAATC
1025737	453	7m8	2.326	GACAAT
1025851	504	7A1	2.076	ACAATC
1025851	1344	7A1	1.288	ACAATC
1025949	29	o6	2.223	GACAAT
1025955	161	6m	1.580	ACAATC
1026095	903	7A1	1.573	ACAATC
1026104	50	o6	1.352	GACAAT
1026120	16	6m	1.652	ACAATC
1026222	162	6m	1.394	ACAATC
1026235	245	6m	1.456	ACAATC
1026287	277	o6	2.276	GACAAT
1026461	419	o6	2.701	GACAAT
1026471	315	o6	2.667	GACAAT
1026530	417	o6	3.535	GACAAT
1026687	194	7A1	1.989	ACAATC
1026708	82	6m	1.456	ACAATC
1026711	4152	7A1	2.016	ACAATC
1026726	1098	o6	1.283	GACAAT
1026832	68	6m	1.765	ACAATC
1026841	85	7m8	2.503	GACAAT
1026841	2521	7m8	2.820	GACAAT
1026904	256	6m	1.281	ACAATC
1026921	414	6m	1.732	ACAATC
1026974	293	o6	1.237	GACAAT
1026999	1525	o6	2.477	GACAAT
1027002	302	7A1	2.648	ACAATC
1027036	140	o6	2.560	GACAAT
1027037	448	7A1	2.321	ACAATC
1027058	591	7A1	2.169	ACAATC
1027332	378	o6	2.286	GACAAT
1027354	6	o6	1.213	GACAAT
1027369	312	o6	2.546	GACAAT
1027369	342	o6	1.178	GACAAT
1027410	37	o6	2.015	GACAAT
1027417	446	7m8	1.886	GACAAT
1027426	312	8m	2.033	GACAAT
1027426	455	o6	1.288	GACAAT
1027493	577	6m	1.746	ACAATC
1027543	134	o6	1.322	GACAAT
1027605	472	7A1	2.394	ACAATC
1027616	153	o6	3.034	GACAAT
1027781	292	o6	3.034	GACAAT
1027814	672	o6	1.880	GACAAT
1027912	1648	o6	1.051	GACAAT
1027968	224	o6	1.567	GACAAT
1027977	529	7A1	1.151	ACAATC
1028007	963	6m	1.525	ACAATC
1028028	336	o6	2.640	GACAAT
1028081	490	7A1	1.029	ACAATC
1028183	156	7m8	1.132	GACAAT
1028203	222	6m	2.106	ACAATC
1028469	29	6m	1.240	ACAATC
1028470	180	o6	2.433	GACAAT
1028512	125	6m	1.722	ACAATC
1028526	103	6m	1.320	ACAATC
1028527	1977	o6	1.500	GACAAT
1028551	19	o6	1.550	GACAAT
1028559	837	o6	2.645	GACAAT
1028645	363	o6	1.079	GACAAT
1028734	2430	o6	3.269	GACAAT
1028734	6532	o6	3.387	GACAAT
1028911	133	o6	1.315	GACAAT
1028911	300	o6	1.974	GACAAT
1028947	781	o6	2.107	GACAAT
1029003	85	o6	1.600	GACAAT
1029069	2919	6m	1.600	ACAATC
1029069	4108	o6	1.322	GACAAT
1029084	207	o6	2.446	GACAAT
1029084	218	o6	2.882	GACAAT
1029097	213	6m	2.488	ACAATC
1029176	229	7A1	3.257	ACAATC
1029179	109	o6	1.113	GACAAT
1029192	1191	o6	1.577	GACAAT
1029369	1435	7A1	2.132	ACAATC
1029369	1988	o6	2.276	GACAAT
1029384	224	7m8	3.035	GACAAT
1029384	1225	7m8	2.876	GACAAT
1029384	2427	o6	1.148	GACAAT
1029391	21	7A1	2.088	ACAATC
1029517	1618	7A1	2.048	ACAATC
1029520	256	7A1	1.249	ACAATC
1029540	20	6m	1.907	ACAATC
1029541	140	6m	2.031	ACAATC
1029619	290	7A1	1.945	ACAATC
1029631	9	o6	1.509	GACAAT
1029673	302	o6	1.649	GACAAT
1029685	571	o6	1.658	GACAAT
1029697	740	6m	1.807	ACAATC
1029715	184	7m8	2.947	GACAAT
1029728	250	8m	2.220	GACAAT
1029778	51	7A1	1.277	ACAATC
1029862	6	6m	1.139	ACAATC
1029934	54	7A1	2.379	ACAATC
1029934	529	6m	1.031	ACAATC
1029944	54	6m	1.510	ACAATC
1029955	13	o6	1.373	GACAAT
1029955	156	o6	2.377	GACAAT
1030142	91	o6	2.025	GACAAT
1030189	965	o6	1.306	GACAAT
1030189	1301	8m	2.393	GACAAT
1030205	120	o6	2.993	GACAAT
1030266	1693	6m	1.255	ACAATC
1030335	340	7A1	2.073	ACAATC
1030340	899	6m	1.530	ACAATC
1030377	70	o6	1.792	GACAAT
1030491	130	6m	1.081	ACAATC
1030514	134	7m8	1.520	GACAAT
1030584	558	o6	1.577	GACAAT
1030617	319	o6	1.229	GACAAT
1030632	115	o6	1.939	GACAAT
1030658	409	o6	2.058	GACAAT
1030688	371	6m	1.016	ACAATC
1030692	2003	6m	2.314	ACAATC
1030713	530	6m	1.091	ACAATC
1030713	1953	o6	1.577	GACAAT
1030746	109	o6	2.400	GACAAT
1030782	1678	7m8	2.544	GACAAT
1030858	271	7A1	1.227	ACAATC
1031067	134	o6	1.043	GACAAT
1031111	1136	o6	2.807	GACAAT
1031156	115	6m	2.079	ACAATC
1031194	118	o6	2.048	GACAAT
1031199	3648	6m	2.807	ACAATC
1031304	158	8m	2.443	GACAAT
1031307	119	o6	1.548	GACAAT
1031310	28	6m	1.312	ACAATC
1031315	108	7m8	3.291	ACAATC
1031375	518	7A1	1.204	ACAATC
1031390	79	o6	1.282	GACAAT
1031390	2965	o6	2.504	GACAAT
1031390	7831	7A1	2.671	ACAATC
1031495	673	7A1	2.903	ACAATC
1031495	797	o6	1.299	GACAAT
1031503	54	o6	1.000	GACAAT
1031550	47	7m8	1.204	GACAAT
1031616	1177	o6	3.258	GACAAT
1031667	435	o6	2.603	GACAAT
1031830	883	o6	2.565	GACAAT
1031871	223	6m	1.129	ACAATC
1031962	96	6m	2.922	ACAATC
1031962	221	7A1	2.366	ACAATC
1032132	98	6m	2.126	ACAATC
1032203	943	8m	2.433	GACAAT
1032285	957	8m	2.741	GACAAT
1032288	259	7m8	1.424	ACAATC
1032321	67	7A1	1.183	ACAATC
1032325	1932	o6	1.563	GACAAT
1032328	1172	o6	1.265	GACAAT
1032333	1670	7A1	2.901	ACAATC
1032369	3887	6m	1.577	ACAATC
1032369	3908	o6	2.665	GACAAT
1032420	1135	7A1	1.348	ACAATC
1032426	1638	6m	1.309	ACAATC
1032445	327	o6	2.412	GACAAT
1032466	1365	o6	3.224	GACAAT
1032608	281	7A1	3.631	ACAATC
1032616	261	o6	1.053	GACAAT
1032616	595	o6	2.544	GACAAT
1032616	617	o6	2.544	GACAAT
1032616	768	o6	2.544	GACAAT
1032616	812	o6	1.322	GACAAT
1032616	1173	o6	2.110	GACAAT
1032617	2	6m	2.695	ACAATC
1032617	1264	7m8	4.145	GACAAT
1032622	1712	7A1	2.807	ACAATC
1032634	134	7A1	3.034	ACAATC
1032634	1989	7A1	2.025	ACAATC
1032693	1707	7A1	2.778	ACAATC
1032693	1826	o6	2.778	GACAAT
1032777	53	o6	1.010	GACAAT
1032799	1077	7A1	2.676	ACAATC
1032802	903	7m8	2.448	GACAAT
1032808	142	o6	1.431	GACAAT
1032822	194	6m	2.111	ACAATC
1032829	47	7A1	1.606	ACAATC
1032879	124	7A1	1.346	ACAATC
1032902	1265	o6	2.350	GACAAT
1032902	1968	7A1	2.544	ACAATC
1032929	897	7A1	1.642	ACAATC
1032965	551	o6	1.198	GACAAT
1032986	274	o6	3.163	GACAAT
1033008	1635	6m	3.024	ACAATC
1033008	2766	6m	1.544	ACAATC
1033028	843	o6	1.820	GACAAT
1033028	908	7A1	1.500	ACAATC
1033031	194	o6	1.092	GACAAT
1033055	36	7A1	1.183	ACAATC
1033089	537	o6	2.922	GACAAT
1033152	1844	o6	1.301	GACAAT
1033160	945	o6	2.283	GACAAT
1033163	634	6m	1.761	ACAATC
1033184	21	6m	1.245	ACAATC
1033187	527	7A1	2.660	ACAATC
1033193	347	7A1	2.125	ACAATC
1033193	1672	7A1	2.548	ACAATC
1033199	283	7A1	2.111	ACAATC
1033202	765	7A1	2.111	ACAATC
1033205	1435	7A1	2.375	ACAATC
1033208	779	7A1	3.020	ACAATC
1033226	189	o6	2.794	GACAAT
1033227	5	o6	1.854	GACAAT
1033281	263	7A1	2.098	ACAATC
1033328	2179	7A1	2.484	ACAATC
1033328	2226	6m	1.548	ACAATC
1033351	1468	o6	3.446	GACAAT
1033390	46	6m	2.544	ACAATC
1033409	29	o6	1.440	GACAAT
1033409	1575	7A1	2.981	ACAATC
1033414	925	7A1	1.995	ACAATC
1033425	1698	6m	2.197	ACAATC
1033431	1119	o6	4.317	GACAAT
1033481	2783	8m	3.347	GACAAT
1033535	481	6m	2.773	ACAATC
1033565	769	o6	1.907	GACAAT
1033571	1768	7A1	2.255	ACAATC
1033598	316	7m8	2.867	GACAAT
1033669	572	o6	2.807	GACAAT
1033706	63	o6	1.415	GACAAT
1033718	39	7m8	2.377	GACAAT
1033739	796	7A1	3.428	ACAATC
1033824	234	6m	3.121	ACAATC
1033824	477	o6	1.873	GACAAT
1033882	41	7A1	1.869	ACAATC
1033883	298	o6	3.347	GACAAT
1033883	380	6m	2.793	ACAATC
1033945	582	7A1	4.245	ACAATC
1033948	1490	7A1	3.457	ACAATC
1033960	688	6m	1.120	ACAATC
1034044	161	o6	1.120	GACAAT
1034071	9	o6	1.337	GACAAT
1034097	248	o6	1.404	GACAAT
1034185	690	7A1	1.831	ACAATC
1034185	1106	6m	1.497	ACAATC
1034185	1653	o6	2.830	GACAAT
1034185	1696	o6	1.497	GACAAT
1034202	1765	7m8	1.249	GACAAT
1034229	182	o6	2.350	GACAAT
1034247	3060	o6	3.631	GACAAT
1034281	178	6m	1.288	ACAATC
1034304	456	6m	1.894	ACAATC
1034304	3445	6m	1.157	ACAATC
1034311	635	o6	1.023	GACAAT
1034331	1399	7m8	2.984	GACAAT
1034370	152	o6	1.373	GACAAT
1034419	189	6m	1.690	ACAATC
1034439	6	7A1	1.012	ACAATC
1034461	209	7m8	1.187	GACAAT
1034518	655	o6	1.932	GACAAT
1034539	2122	o6	1.689	GACAAT
1034556	1186	7A1	1.446	ACAATC
1034569	4623	6m	3.571	ACAATC
1034586	1230	o6	2.605	GACAAT
1034623	42	6m	1.002	ACAATC
1034665	1716	6m	2.006	ACAATC
1034726	229	6m	1.329	ACAATC
1034739	1411	o6	2.740	GACAAT
1034775	624	o6	3.649	GACAAT
1034839	1061	6m	2.132	ACAATC
1034852	465	o6	1.008	GACAAT
1034879	432	8m	1.825	GACAAT
1034917	402	6m	1.006	ACAATC
1034927	152	o6	1.046	GACAAT
1035001	2197	6m	1.825	ACAATC
1035189	37	7A1	1.172	ACAATC
1035198	312	6m	1.073	ACAATC
1035272	411	6m	1.009	ACAATC
1035287	193	6m	1.515	ACAATC
1035320	566	6m	1.589	ACAATC
1035333	149	o6	1.695	GACAAT
1035372	1123	o6	4.547	GACAAT
1035431	339	6m	3.641	ACAATC
1035506	619	o6	3.473	GACAAT
1035527	2798	o6	2.830	GACAAT
1035569	18	6m	2.555	ACAATC
1035569	6475	6m	2.244	ACAATC
1035569	9912	6m	1.391	ACAATC
1035569	11497	o6	1.541	GACAAT
1035569	12049	o6	2.254	GACAAT
1035569	16454	o6	3.226	GACAAT
1035594	1582	8m	5.305	GACAAT
1035656	243	o6	1.431	GACAAT
1035656	2924	8m	1.966	GACAAT
1035701	571	6m	1.544	ACAATC
1035737	47	7m8	1.548	GACAAT
1035755	496	6m	2.834	ACAATC
1035773	32	6m	1.135	ACAATC
1035798	2134	o6	1.201	GACAAT
1035831	1347	7A1	1.084	ACAATC
1035843	2042	7m8	2.268	ACAATC
1035904	410	o6	2.411	GACAAT
1035963	36	o6	1.893	GACAAT
1035963	127	o6	1.702	GACAAT
1035963	1491	o6	1.643	GACAAT
1035963	1858	o6	1.641	GACAAT
1035974	451	6m	2.073	ACAATC
1035989	346	7m8	1.765	GACAAT
1035993	270	o6	1.169	GACAAT
1036080	796	7A1	3.319	ACAATC
1036088	826	o6	2.621	GACAAT
1036100	74	7m8	1.254	ACAATC
1036127	1512	6m	3.645	ACAATC
1036127	1794	8m	3.548	GACAAT
1036127	2472	6m	3.570	ACAATC
1036127	3507	6m	2.417	ACAATC
1036127	7035	6m	2.655	ACAATC
1036127	8061	o6	2.008	GACAAT
1036127	10596	7m8	2.350	GACAAT
1036127	11692	o6	1.606	GACAAT
1036127	12455	6m	1.058	ACAATC
1036127	13663	o6	1.248	GACAAT
1036128	114	o6	2.302	GACAAT
1036274	155	o6	1.285	GACAAT
1036277	409	7A1	1.108	ACAATC
1036337	219	6m	1.050	ACAATC
1036367	1137	o6	2.616	GACAAT
1036374	937	6m	2.908	ACAATC
1036404	908	7A1	1.560	ACAATC
1036419	935	7A1	1.349	ACAATC
1036419	948	o6	1.409	GACAAT
1036438	155	6m	3.025	ACAATC
1036449	778	o6	3.382	GACAAT
1036537	977	o6	3.232	GACAAT
1036568	2865	o6	2.005	GACAAT
1036601	486	o6	1.560	GACAAT
1036601	859	o6	2.301	GACAAT
1036622	21	o6	2.563	GACAAT
1036656	1204	o6	1.903	GACAAT
1036787	522	o6	3.389	GACAAT
1037036	215	6m	1.465	ACAATC
1037191	34	7A1	1.066	ACAATC
1037197	160	7A1	1.484	ACAATC
1037207	621	6m	3.125	ACAATC
1037339	1841	6m	2.166	ACAATC
1037395	369	7A1	1.309	ACAATC
1037419	212	7A1	1.073	ACAATC
1037428	319	o6	2.873	GACAAT
1037467	200	o6	1.138	GACAAT
1037474	903	o6	1.432	GACAAT
1037485	1329	6m	2.000	ACAATC
1037494	1584	6m	2.237	ACAATC
1037494	1691	o6	1.288	GACAAT
1037504	628	6m	1.434	ACAATC
1037516	313	7A1	1.869	ACAATC
1037554	214	7m8	1.196	GACAAT
1037588	697	o6	2.612	GACAAT
1037709	212	6m	1.306	ACAATC
1037709	497	o6	2.457	GACAAT
1037920	373	7m8	1.122	GACAAT
1038021	20	o6	2.009	GACAAT
1038021	1123	7A1	1.585	ACAATC
1038105	24	o6	1.995	GACAAT
1038122	215	o6	1.338	GACAAT
1038122	974	o6	1.006	GACAAT
1038192	818	6m	1.651	ACAATC
1038217	29	6m	1.037	ACAATC
1038228	157	o6	1.186	GACAAT
1038293	1752	o6	2.062	GACAAT
1038312	1379	6m	1.462	ACAATC
1038312	1599	6m	2.073	ACAATC
1038312	2028	7A1	1.682	ACAATC
1038312	3609	7A1	3.319	ACAATC
1038440	802	o6	1.019	GACAAT
1038470	517	6m	1.560	ACAATC
1038485	660	o6	2.314	GACAAT
1038571	1164	6m	1.032	ACAATC
1038589	843	o6	3.960	GACAAT
1038643	973	6m	2.302	ACAATC
1038670	1289	o6	1.288	GACAAT
1038752	998	6m	2.316	ACAATC
1038833	589	o6	1.682	GACAAT
1038900	16	6m	2.211	ACAATC
1038900	23	o6	1.377	GACAAT
1038933	819	7A1	2.056	ACAATC
1038933	1237	o6	1.917	GACAAT
1038936	172	6m	1.687	ACAATC
1038945	293	o6	2.377	GACAAT
1039048	1178	7A1	1.558	ACAATC
1039066	98	6m	1.283	ACAATC
1039079	173	6m	1.833	ACAATC
1039244	23	o6	1.560	GACAAT
1039250	98	7m8	1.203	GACAAT
1039267	923	7A1	1.690	ACAATC
1039300	459	o6	2.366	GACAAT
1039397	293	7A1	1.922	ACAATC
1039422	2896	o6	1.200	GACAAT
1039481	662	o6	1.921	GACAAT
1039481	2054	7A1	1.103	ACAATC
1039490	402	6m	1.894	ACAATC
1039502	3927	o6	4.317	GACAAT
1039502	3938	o6	4.080	GACAAT
1039533	246	6m	4.229	ACAATC
1039563	5835	6m	1.521	ACAATC
1039578	1627	6m	1.575	ACAATC
1039578	2866	8m	1.210	ACAATC
1039646	263	o6	2.030	GACAAT
1039651	448	o6	3.124	GACAAT
1039711	221	6m	1.321	ACAATC
1039797	1111	8m	1.690	GACAAT
1039797	2432	7A1	2.592	ACAATC
1039808	246	6m	1.006	ACAATC
1039811	201	6m	1.006	ACAATC
1039853	1998	o6	1.651	GACAAT
1039853	4870	o6	2.957	GACAAT
1039865	459	7A1	1.327	ACAATC
1039865	471	7A1	1.527	ACAATC
1039908	1876	7A1	2.340	ACAATC
1039914	22	6m	1.359	ACAATC
1039931	618	o6	3.209	GACAAT
1039932	30	6m	1.410	ACAATC
1039965	219	o6	2.141	GACAAT
1040012	2311	o6	5.258	GACAAT
1040037	235	6m	1.006	ACAATC
1040048	1460	6m	2.298	ACAATC
1040048	1740	6m	1.560	ACAATC
1040048	1820	6m	2.383	ACAATC
1040049	2786	o6	1.552	GACAAT
1040058	2478	7A1	1.367	ACAATC
1040070	636	o6	3.157	GACAAT
1040070	4080	o6	1.281	GACAAT
1040081	493	o6	1.456	GACAAT
1040129	1074	6m	1.191	ACAATC
1040129	1325	o6	3.565	GACAAT
1040129	1833	7m8	2.274	GACAAT
1040136	746	o6	2.070	GACAAT
1040162	119	6m	1.065	ACAATC
1040165	2686	7m8	2.652	GACAAT
1040171	708	6m	1.272	ACAATC
1040190	2587	7A1	2.854	ACAATC
1040190	2761	7m8	1.546	GACAAT
1040210	1596	7A1	2.600	ACAATC
1040228	653	6m	1.845	ACAATC
1040283	1384	7A1	1.284	ACAATC
1040283	4543	7A1	1.405	ACAATC
1040294	293	6m	1.456	ACAATC
1040298	2091	7A1	2.770	ACAATC
1040304	1743	7A1	1.455	ACAATC
1040331	660	6m	1.270	ACAATC
1040337	1944	6m	1.137	ACAATC
1040346	1450	o6	2.549	GACAAT
1040387	65	7A1	1.073	ACAATC
1040395	1714	o6	3.332	GACAAT
1040404	418	7A1	1.282	ACAATC
1040417	1295	7m8	2.501	GACAAT
1040438	309	o6	3.225	GACAAT
1040447	427	7m8	2.044	ACAATC
1040458	149	6m	2.924	ACAATC
1040479	2294	o6	2.763	GACAAT
1040479	2300	o6	2.763	GACAAT
1040503	177	o6	1.546	GACAAT
1040507	70	o6	3.002	GACAAT
1040510	76	7A1	1.267	ACAATC
1040538	841	o6	1.932	GACAAT
1040538	1604	6m	1.283	ACAATC
1040538	2812	o6	1.513	GACAAT
1040571	53	o6	1.341	GACAAT
1040590	4407	o6	2.173	GACAAT
1040635	1951	7A1	1.660	ACAATC
1040635	4486	7A1	1.709	ACAATC
