1000042	377	6m	1.687	GCTGTG
1000354	100	o6	2.220	GGCTGT
1000530	843	7A1	2.194	GCTGTG
1000631	735	6m	1.219	GCTGTG
1000706	1085	o6	2.331	GGCTGT
1000824	828	7A1	1.235	GCTGTG
1000835	1019	7m8	1.546	GGCTGT
1000856	238	o6	1.558	GGCTGT
1000907	525	6m	1.212	GCTGTG
1000923	705	o6	2.544	GGCTGT
1001054	38	o6	1.606	GGCTGT
1001148	168	o6	1.683	GGCTGT
1001249	52	7m8	1.015	GGCTGT
1001629	307	6m	2.076	GCTGTG
1001680	179	8m	2.218	GGCTGT
1001757	34	o6	2.384	GGCTGT
1001762	61	o6	1.268	GGCTGT
1001826	2	8m	2.704	GCTGTG
1001858	35	o6	2.449	GGCTGT
1001937	2901	o6	2.710	GGCTGT
1001948	1905	o6	1.847	GGCTGT
1002048	-1	7A1	1.593	GCTGTG
1002098	419	6m	1.825	GCTGTG
1002098	623	6m	1.084	GCTGTG
1002176	1992	7m8	2.544	GGCTGT
1002197	140	7A1	1.695	GCTGTG
1002240	611	o6	1.731	GGCTGT
1002332	291	6m	1.095	GCTGTG
1002608	313	8m	3.610	GGCTGT
1002641	341	o6	1.053	GGCTGT
1002794	702	7m8	1.986	GGCTGT
1002877	684	7A1	3.062	GCTGTG
1002982	76	7A1	3.960	GCTGTG
1003015	582	7A1	1.931	GCTGTG
1003143	71	6m	1.451	GCTGTG
1003184	679	7m8	1.683	GCTGTG
1003251	246	o6	3.021	GGCTGT
1003263	702	7A1	3.196	GCTGTG
1003424	951	o6	3.865	GGCTGT
1003424	1189	7A1	2.334	GCTGTG
1003570	518	8m	2.446	GGCTGT
1003576	582	7A1	1.966	GCTGTG
1003589	416	7m8	1.751	GGCTGT
1003594	567	6m	3.575	GCTGTG
1003881	196	6m	2.418	GCTGTG
1004022	41	8m	2.749	GCTGTG
1004127	129	6m	1.097	GCTGTG
1004382	185	o6	1.409	GGCTGT
1004446	788	6m	3.233	GCTGTG
1004817	708	7m8	1.652	GCTGTG
1005006	91	6m	2.220	GCTGTG
1005034	658	o6	1.690	GGCTGT
1005124	219	7A1	3.208	GCTGTG
1005319	59	7A1	1.602	GCTGTG
1005349	3140	7m8	2.199	GGCTGT
1005352	748	o6	3.299	GGCTGT
1005449	157	o6	2.901	GGCTGT
1005470	778	6m	1.991	GCTGTG
1005674	387	6m	2.770	GCTGTG
1005704	94	7A1	1.053	GCTGTG
1006071	66	o6	2.103	GGCTGT
1006131	331	6m	2.227	GCTGTG
1006554	701	8m	1.808	GGCTGT
1006668	180	6m	2.185	GCTGTG
1006672	720	o6	1.317	GGCTGT
1006692	801	6m	1.734	GCTGTG
1006738	1714	6m	1.191	GCTGTG
1006845	371	6m	1.424	GCTGTG
1006875	546	6m	3.195	GCTGTG
1006875	2904	6m	1.191	GCTGTG
1006890	289	o6	1.399	GGCTGT
1006899	265	6m	3.011	GCTGTG
1006916	314	7A1	2.608	GCTGTG
1006919	119	o6	1.322	GGCTGT
1006933	1140	o6	1.011	GGCTGT
1007016	27	7m8	2.694	GGCTGT
1007213	531	7m8	2.188	GGCTGT
1007364	131	6m	3.599	GCTGTG
1007364	2431	7m8	2.959	GCTGTG
1007379	254	7A1	2.276	GCTGTG
1007385	266	6m	2.854	GCTGTG
1007521	1458	6m	1.874	GCTGTG
1007521	1908	6m	1.138	GCTGTG
1007647	1698	7A1	1.606	GCTGTG
1007740	925	6m	2.350	GCTGTG
1007788	120	7A1	2.290	GCTGTG
1007803	447	o6	2.309	GGCTGT
1007875	59	6m	3.339	GCTGTG
1007875	1233	o6	1.195	GGCTGT
1007903	2328	8m	1.884	GGCTGT
1008067	172	o6	2.778	GGCTGT
1008067	271	o6	2.233	GGCTGT
1008141	505	7A1	2.648	GCTGTG
1008145	5731	6m	1.053	GCTGTG
1008151	141	6m	1.825	GCTGTG
1008259	1180	6m	1.434	GCTGTG
1008300	273	6m	2.840	GCTGTG
1008313	153	6m	2.025	GCTGTG
1008343	160	7A1	2.544	GCTGTG
1008478	41	o6	1.053	GGCTGT
1008510	780	6m	1.813	GCTGTG
1008780	739	o6	2.523	GGCTGT
1008831	194	o6	2.433	GGCTGT
1008929	85	o6	1.235	GGCTGT
1008932	82	6m	1.259	GCTGTG
1009037	1491	o6	1.073	GGCTGT
1009191	93	6m	1.929	GCTGTG
1009303	1191	6m	1.054	GCTGTG
1009312	148	o6	1.075	GGCTGT
1009439	59	6m	1.486	GCTGTG
1009445	173	o6	1.548	GGCTGT
1009475	298	8m	2.606	GGCTGT
1009834	1869	o6	1.784	GGCTGT
1010229	651	7A1	1.415	GCTGTG
1010232	13	7m8	1.235	GGCTGT
1010237	1973	7m8	1.699	GCTGTG
1010278	500	o6	1.807	GGCTGT
1010358	539	7A1	2.138	GCTGTG
1010401	2484	6m	1.681	GCTGTG
1010511	854	6m	2.807	GCTGTG
1010539	296	o6	1.690	GGCTGT
1010553	254	6m	1.606	GCTGTG
1010712	554	6m	3.204	GCTGTG
1010754	24	8m	2.355	GGCTGT
1010968	75	o6	1.662	GGCTGT
1010971	89	7A1	2.552	GCTGTG
1011194	802	6m	1.434	GCTGTG
1011219	1114	o6	1.624	GGCTGT
1011245	101	o6	3.034	GGCTGT
1011251	416	o6	1.651	GGCTGT
1011321	1074	7m8	1.380	GGCTGT
1011321	1660	7m8	1.279	GGCTGT
1011416	91	o6	1.437	GGCTGT
1011430	1363	6m	3.139	GCTGTG
1011608	264	6m	1.687	GCTGTG
1011649	60	6m	1.025	GCTGTG
1011658	578	o6	1.326	GGCTGT
1011742	998	6m	1.559	GCTGTG
1011856	1760	o6	1.053	GGCTGT
1011859	125	o6	1.284	GGCTGT
1011860	393	6m	1.434	GCTGTG
1011936	1065	7A1	1.373	GCTGTG
1012045	146	o6	1.115	GGCTGT
1012122	212	6m	2.400	GCTGTG
1012424	50	7A1	1.867	GCTGTG
1012642	93	6m	1.907	GCTGTG
1012800	64	8m	2.600	GGCTGT
1012866	65	o6	1.053	GGCTGT
1012900	486	6m	1.606	GCTGTG
1013073	1375	6m	1.154	GCTGTG
1013073	1639	o6	2.970	GGCTGT
1013088	107	6m	2.377	GCTGTG
1013108	1350	7A1	3.519	GCTGTG
1013108	1688	o6	2.073	GGCTGT
1013383	540	6m	1.027	GCTGTG
1013426	497	7A1	1.174	GCTGTG
1013435	27	o6	3.722	GGCTGT
1013585	45	6m	2.181	GCTGTG
1013841	40	7A1	1.950	GCTGTG
1014066	627	6m	2.088	GCTGTG
1014180	407	6m	1.987	GCTGTG
1014198	377	6m	1.076	GCTGTG
1014235	692	7A1	2.433	GCTGTG
1014244	314	7m8	1.560	GGCTGT
1014276	47	6m	1.825	GCTGTG
1014276	453	o6	1.906	GGCTGT
1014447	22	6m	1.349	GCTGTG
1014458	8	6m	2.158	GCTGTG
1014840	700	6m	2.439	GCTGTG
1014856	208	o6	1.829	GGCTGT
1014883	263	7m8	1.690	GGCTGT
1014899	266	6m	1.329	GCTGTG
1015038	43	o6	1.818	GGCTGT
1015041	3704	6m	1.572	GCTGTG
1015077	148	6m	1.945	GCTGTG
1015085	1483	o6	2.424	GGCTGT
1015091	1206	7A1	1.980	GCTGTG
1015122	749	o6	1.267	GGCTGT
1015125	543	o6	1.267	GGCTGT
1015128	1003	o6	1.267	GGCTGT
1015176	284	6m	1.800	GCTGTG
1015303	248	6m	1.132	GCTGTG
1015303	448	o6	1.349	GGCTGT
1015341	125	7A1	2.592	GCTGTG
1015375	899	7A1	2.107	GCTGTG
1015435	493	o6	2.438	GGCTGT
1015435	535	6m	2.878	GCTGTG
1015444	62	7A1	2.160	GCTGTG
1015444	851	7A1	1.963	GCTGTG
1015480	1053	7A1	2.799	GCTGTG
1015511	51	6m	1.377	GCTGTG
1015593	88	o6	1.378	GGCTGT
1015637	1182	7A1	2.523	GCTGTG
1015653	118	6m	1.016	GCTGTG
1015679	113	6m	2.825	GCTGTG
1015852	55	7A1	2.854	GCTGTG
1015972	1565	6m	1.527	GCTGTG
1016020	2195	6m	1.808	GCTGTG
1016073	380	o6	1.460	GGCTGT
1016133	56	o6	1.378	GGCTGT
1016158	105	6m	1.808	GCTGTG
1016353	442	7A1	2.544	GCTGTG
1016655	610	6m	1.970	GCTGTG
1016713	4683	o6	3.030	GGCTGT
1016749	40	o6	2.220	GGCTGT
1016782	95	o6	1.468	GGCTGT
1016782	580	6m	2.377	GCTGTG
1016787	3244	o6	2.203	GGCTGT
1017127	585	7A1	2.018	GCTGTG
1017339	15	o6	1.495	GGCTGT
1017378	27	6m	2.330	GCTGTG
1017429	113	6m	1.106	GCTGTG
1017614	2005	6m	1.924	GCTGTG
1017614	6263	o6	2.801	GGCTGT
1017889	93	7A1	2.085	GCTGTG
1017890	607	o6	2.415	GGCTGT
1017981	777	8m	2.046	GGCTGT
1018125	0	7m8	1.085	GCTGTG
1018167	509	6m	2.815	GCTGTG
1018268	1365	7A1	1.997	GCTGTG
1018293	307	o6	2.556	GGCTGT
1018317	143	o6	1.285	GGCTGT
1018341	67	6m	2.661	GCTGTG
1018409	44	o6	1.606	GGCTGT
1018855	79	6m	1.049	GCTGTG
1018909	211	6m	1.313	GCTGTG
1018944	275	6m	1.611	GCTGTG
1018995	63	o6	1.409	GGCTGT
1019096	200	o6	1.073	GGCTGT
1019134	187	7A1	2.072	GCTGTG
1019147	2659	7A1	2.433	GCTGTG
1019514	1402	6m	2.076	GCTGTG
1019521	1037	6m	1.170	GCTGTG
1019716	93	o6	2.544	GGCTGT
1019743	60	8m	2.507	GGCTGT
1020074	28	6m	1.403	GCTGTG
1020096	108	7A1	1.587	GCTGTG
1020219	437	o6	2.139	GGCTGT
1020219	1769	6m	2.206	GCTGTG
1020395	82	6m	2.769	GCTGTG
1020435	1735	7m8	2.525	GCTGTG
1020618	25	o6	2.037	GGCTGT
1020654	81	7A1	2.660	GCTGTG
1020760	699	6m	1.082	GCTGTG
1020800	353	6m	1.658	GCTGTG
1020883	151	6m	1.162	GCTGTG
1020916	933	o6	2.075	GGCTGT
1021084	1671	o6	1.690	GGCTGT
1021190	176	8m	1.304	GGCTGT
1021336	54	6m	2.400	GCTGTG
1021541	28	o6	2.646	GGCTGT
1021566	1153	7m8	2.709	GGCTGT
1021831	108	7A1	3.232	GCTGTG
1021840	318	7m8	1.322	GGCTGT
1021840	324	8m	1.322	GGCTGT
1021899	915	6m	2.544	GCTGTG
1022102	216	7A1	1.687	GCTGTG
1022116	53	7A1	3.709	GCTGTG
1022129	128	6m	2.445	GCTGTG
1022165	532	8m	3.047	GGCTGT
1022180	143	o6	1.298	GGCTGT
1022198	768	6m	2.767	GCTGTG
1022253	287	7A1	2.172	GCTGTG
1022256	12	7m8	2.651	GGCTGT
1022256	2532	6m	2.716	GCTGTG
1022500	202	o6	2.442	GGCTGT
1022568	2576	7m8	3.034	GGCTGT
1022583	459	o6	1.125	GGCTGT
1022632	231	o6	1.584	GGCTGT
1022763	131	7m8	2.863	GGCTGT
1023004	363	7A1	2.544	GCTGTG
1023062	1345	7A1	1.429	GCTGTG
1023151	79	6m	1.668	GCTGTG
1023154	196	6m	1.544	GCTGTG
1023154	1574	6m	2.131	GCTGTG
1023228	55	6m	1.683	GCTGTG
1023245	207	6m	2.433	GCTGTG
1023599	7145	o6	1.891	GGCTGT
1023673	411	o6	1.575	GGCTGT
1023673	682	o6	1.721	GGCTGT
1023681	990	7A1	1.586	GCTGTG
1023784	4145	8m	2.592	GGCTGT
1023850	1554	o6	2.660	GGCTGT
1023850	1844	o6	1.168	GGCTGT
1023897	394	6m	1.715	GCTGTG
1023897	1771	6m	2.363	GCTGTG
1023909	94	o6	2.022	GGCTGT
1024085	687	o6	1.647	GGCTGT
1024114	1162	6m	2.694	GCTGTG
1024141	139	7A1	2.477	GCTGTG
1024145	618	7m8	2.592	GGCTGT
1024250	213	o6	1.976	GGCTGT
1024327	164	o6	2.854	GGCTGT
1024393	1585	o6	1.846	GGCTGT
1024397	1368	6m	1.198	GCTGTG
1024510	567	6m	1.984	GCTGTG
1024550	224	7A1	1.162	GCTGTG
1024556	1258	6m	2.182	GCTGTG
1024601	762	6m	1.676	GCTGTG
1024715	897	o6	1.825	GGCTGT
1024763	107	6m	2.219	GCTGTG
1024807	315	o6	1.989	GGCTGT
1024829	5878	7A1	1.799	GCTGTG
1024843	710	6m	2.183	GCTGTG
1024956	1833	6m	1.606	GCTGTG
1024966	359	8m	2.513	GGCTGT
1025204	456	o6	1.286	GGCTGT
1025235	297	o6	2.302	GGCTGT
1025293	1183	6m	2.532	GCTGTG
1025340	361	o6	1.199	GGCTGT
1025367	142	7m8	1.182	GGCTGT
1025431	115	7m8	2.537	GGCTGT
1025582	67	7m8	1.893	GCTGTG
1025654	246	o6	1.533	GGCTGT
1025956	386	7m8	2.095	GCTGTG
1026095	2296	o6	2.807	GGCTGT
1026321	116	6m	1.721	GCTGTG
1026321	930	6m	1.563	GCTGTG
1026480	1792	7A1	1.279	GCTGTG
1026558	660	7A1	1.284	GCTGTG
1026652	1261	6m	1.220	GCTGTG
1026682	762	7m8	1.802	GCTGTG
1026688	1210	7A1	1.596	GCTGTG
1026832	13	6m	1.328	GCTGTG
1026853	3024	7A1	2.267	GCTGTG
1026907	88	o6	1.328	GGCTGT
1027348	570	6m	1.455	GCTGTG
1027417	649	6m	2.704	GCTGTG
1027417	956	7m8	2.524	GGCTGT
1027891	207	6m	1.079	GCTGTG
1027900	319	6m	1.796	GCTGTG
1027954	328	6m	2.017	GCTGTG
1028063	28	7A1	1.284	GCTGTG
1028070	118	6m	1.747	GCTGTG
1028082	286	o6	1.122	GGCTGT
1028088	39	6m	1.207	GCTGTG
1028269	186	o6	2.177	GGCTGT
1028434	622	7m8	2.718	GGCTGT
1028572	262	o6	1.998	GGCTGT
1028731	115	7A1	2.807	GCTGTG
1028734	372	8m	3.398	GGCTGT
1028998	189	6m	2.321	GCTGTG
1029097	902	o6	2.779	GGCTGT
1029165	902	o6	1.171	GGCTGT
1029192	203	o6	1.577	GGCTGT
1029210	84	6m	1.303	GCTGTG
1029288	291	6m	2.493	GCTGTG
1029331	17	7m8	1.196	GGCTGT
1029369	2896	6m	1.016	GCTGTG
1029535	81	6m	1.288	GCTGTG
1029540	474	7m8	3.649	GGCTGT
1029679	150	o6	1.198	GGCTGT
1029697	49	7A1	1.348	GCTGTG
1029915	254	7A1	1.513	GCTGTG
1029988	47	7A1	1.285	GCTGTG
1029991	24	7m8	1.632	GGCTGT
1030258	117	6m	1.775	GCTGTG
1030335	907	7A1	2.073	GCTGTG
1030373	373	6m	2.335	GCTGTG
1030462	39	6m	1.101	GCTGTG
1030667	188	6m	1.189	GCTGTG
1030912	219	o6	1.342	GGCTGT
1031001	288	7A1	1.892	GCTGTG
1031150	97	7m8	1.013	GGCTGT
1031284	232	o6	1.885	GGCTGT
1031304	933	7A1	1.039	GCTGTG
1031307	1615	6m	1.160	GCTGTG
1031321	65	6m	2.719	GCTGTG
1031390	3007	7A1	2.774	GCTGTG
1031404	48	6m	1.584	GCTGTG
1031616	1786	6m	1.188	GCTGTG
1031698	966	7A1	2.376	GCTGTG
1031749	178	7A1	1.523	GCTGTG
1031805	256	7m8	2.713	GGCTGT
1031814	58	7A1	2.326	GCTGTG
1031833	414	6m	1.545	GCTGTG
1031929	256	7A1	2.647	GCTGTG
1032031	1735	6m	2.223	GCTGTG
1032226	412	6m	1.110	GCTGTG
1032325	1818	7A1	1.478	GCTGTG
1032426	1124	6m	1.126	GCTGTG
1032617	1075	o6	2.093	GGCTGT
1032684	483	6m	1.904	GCTGTG
1032697	86	6m	1.316	GCTGTG
1032713	1835	6m	1.994	GCTGTG
1032747	9	6m	2.088	GCTGTG
1032867	41	o6	2.187	GGCTGT
1032880	492	o6	2.177	GGCTGT
1032896	1485	o6	1.905	GGCTGT
1032908	286	7m8	2.350	GGCTGT
1032915	79	7m8	1.514	GCTGTG
1032918	906	6m	2.223	GCTGTG
1032921	147	6m	1.603	GCTGTG
1032929	1561	6m	1.085	GCTGTG
1032964	562	o6	2.870	GGCTGT
1033011	883	6m	1.472	GCTGTG
1033152	1856	o6	2.026	GGCTGT
1033254	518	6m	1.931	GCTGTG
1033289	61	7m8	1.244	GGCTGT
1033472	55	o6	1.045	GGCTGT
1033565	270	8m	3.058	GGCTGT
1033565	3299	o6	1.716	GGCTGT
1033565	3310	6m	1.899	GCTGTG
1033565	3321	7m8	1.727	GGCTGT
1033565	3360	6m	2.018	GCTGTG
1033616	1745	o6	1.577	GGCTGT
1033658	190	7A1	1.982	GCTGTG
1033669	141	7A1	2.433	GCTGTG
1033732	255	6m	1.053	GCTGTG
1033732	274	6m	1.082	GCTGTG
1033742	691	6m	1.200	GCTGTG
1033745	226	6m	1.461	GCTGTG
1033766	493	6m	1.339	GCTGTG
1033766	876	o6	1.687	GGCTGT
1033792	570	7A1	2.233	GCTGTG
1033939	134	o6	1.401	GGCTGT
1033984	233	o6	2.380	GGCTGT
1033987	1232	6m	1.146	GCTGTG
1034122	17	6m	1.359	GCTGTG
1034161	2023	8m	2.274	GGCTGT
1034202	4351	7A1	1.663	GCTGTG
1034328	442	6m	2.646	GCTGTG
1034337	272	7A1	1.682	GCTGTG
1034340	7	8m	2.321	GGCTGT
1034340	769	6m	2.321	GCTGTG
1034365	41	7A1	3.266	GCTGTG
1034493	270	6m	1.234	GCTGTG
1034493	1270	o6	1.598	GGCTGT
1034539	1447	6m	1.292	GCTGTG
1034539	2493	7m8	1.874	GCTGTG
1034569	7059	7m8	1.278	GGCTGT
1034775	533	7m8	1.845	GGCTGT
1034843	296	6m	3.625	GCTGTG
1034917	294	7A1	1.623	GCTGTG
1034941	2431	6m	1.076	GCTGTG
1034942	241	o6	1.041	GGCTGT
1035015	49	6m	1.864	GCTGTG
1035126	327	7m8	2.708	GGCTGT
1035154	475	o6	2.884	GGCTGT
1035198	1170	8m	3.383	GGCTGT
1035260	34	o6	1.153	GGCTGT
1035276	65	7m8	2.802	GCTGTG
1035384	65	7A1	1.692	GCTGTG
1035407	200	7A1	2.884	GCTGTG
1035462	55	o6	1.513	GGCTGT
1035527	491	7A1	3.222	GCTGTG
1035569	2507	o6	2.097	GGCTGT
1035569	3362	o6	2.262	GGCTGT
1035569	17303	6m	3.067	GCTGTG
1035687	71	6m	2.109	GCTGTG
1035714	29	o6	3.041	GGCTGT
1035762	919	o6	1.328	GGCTGT
1035768	1718	7A1	3.441	GCTGTG
1035798	1615	7A1	3.398	GCTGTG
1035831	104	7A1	3.251	GCTGTG
1035888	226	o6	2.266	GGCTGT
1036031	156	8m	1.395	GCTGTG
1036058	50	o6	2.241	GGCTGT
1036127	2426	6m	1.820	GCTGTG
1036127	9241	o6	1.956	GGCTGT
1036127	9971	o6	1.882	GGCTGT
1036199	88	o6	1.629	GGCTGT
1036299	1	7m8	1.235	GCTGTG
1036310	8	8m	1.030	GCTGTG
1036320	109	7A1	1.104	GCTGTG
1036432	1376	6m	1.073	GCTGTG
1036592	141	6m	1.190	GCTGTG
1036676	912	7A1	2.476	GCTGTG
1036682	33	o6	2.048	GGCTGT
1036706	1435	o6	3.024	GGCTGT
1036706	3088	6m	1.891	GCTGTG
1036899	319	7A1	2.981	GCTGTG
1036899	1505	o6	2.016	GGCTGT
1036951	74	6m	1.062	GCTGTG
1037067	33	7A1	3.270	GCTGTG
1037090	884	6m	1.632	GCTGTG
1037090	1033	7A1	1.466	GCTGTG
1037090	1430	6m	1.408	GCTGTG
1037333	616	6m	1.260	GCTGTG
1037386	1434	7m8	1.557	GGCTGT
1037398	980	7A1	1.796	GCTGTG
1037440	658	7A1	2.661	GCTGTG
1037440	711	o6	1.293	GGCTGT
1037690	163	7A1	1.342	GCTGTG
1037691	379	6m	3.165	GCTGTG
1037702	348	o6	1.882	GGCTGT
1037771	36	o6	2.278	GGCTGT
1037844	171	o6	1.869	GGCTGT
1037895	32	o6	2.302	GGCTGT
1037920	171	6m	1.444	GCTGTG
1037938	66	7A1	1.428	GCTGTG
1038066	499	6m	2.321	GCTGTG
1038066	630	6m	2.688	GCTGTG
1038138	145	6m	1.107	GCTGTG
1038223	763	7A1	2.937	GCTGTG
1038302	130	6m	1.254	GCTGTG
1038317	102	7m8	3.050	GGCTGT
1038348	128	8m	1.632	GCTGTG
1038378	61	6m	1.209	GCTGTG
1038378	70	6m	1.209	GCTGTG
1038596	472	o6	1.925	GGCTGT
1038616	743	7m8	1.886	GGCTGT
1038710	1254	o6	1.065	GGCTGT
1038748	617	6m	1.942	GCTGTG
1038833	427	6m	1.413	GCTGTG
1038867	453	7A1	1.439	GCTGTG
1038948	866	6m	1.310	GCTGTG
1038983	406	7m8	1.202	GCTGTG
1039042	529	o6	1.157	GGCTGT
1039114	993	6m	2.973	GCTGTG
1039187	134	o6	1.194	GGCTGT
1039202	349	7m8	1.999	GGCTGT
1039301	1115	o6	1.270	GGCTGT
1039422	1874	8m	1.896	GGCTGT
1039502	1429	o6	2.408	GGCTGT
1039502	1516	o6	1.546	GGCTGT
1039578	1427	6m	2.493	GCTGTG
1039711	441	7A1	3.291	GCTGTG
1039831	1617	o6	1.149	GGCTGT
1039908	2628	o6	1.524	GGCTGT
1040004	1574	o6	2.331	GGCTGT
1040048	2757	o6	1.952	GGCTGT
1040070	2417	o6	2.505	GGCTGT
1040213	17	6m	1.703	GCTGTG
1040318	90	6m	2.584	GCTGTG
1040318	1608	6m	2.854	GCTGTG
1040325	819	7A1	1.700	GCTGTG
1040331	617	o6	2.405	GGCTGT
1040367	67	6m	1.897	GCTGTG
1040411	742	o6	2.433	GGCTGT
1040483	1041	o6	1.952	GGCTGT
1040486	1287	o6	2.853	GGCTGT
1040495	924	7A1	4.225	GCTGTG
1040533	16	6m	2.405	GCTGTG
1040533	40	6m	1.185	GCTGTG
1040542	1953	6m	1.378	GCTGTG
1040560	177	6m	2.313	GCTGTG
1040560	1555	o6	1.876	GGCTGT
1040590	2883	7A1	2.187	GCTGTG
1040590	2890	6m	2.187	GCTGTG
