1000026	604	7m8	2.017	GTCACA
1000066	2202	6m	1.692	TCACAA
1000113	62	o6	1.322	GTCACA
1000219	875	6m	1.023	TCACAA
1000360	1620	7m8	2.376	TCACAA
1000469	471	o6	2.073	GTCACA
1000472	1120	8m	2.449	TCACAA
1000512	355	7A1	1.315	TCACAA
1000517	65	7A1	1.053	TCACAA
1000595	480	7m8	1.019	TCACAA
1000697	74	6m	1.713	TCACAA
1000761	223	o6	1.069	GTCACA
1000779	20	6m	1.807	TCACAA
1000835	466	o6	1.229	GTCACA
1000835	538	o6	1.570	GTCACA
1000842	423	o6	2.582	GTCACA
1000923	994	6m	1.053	TCACAA
1000968	1053	6m	1.151	TCACAA
1000979	75	7m8	1.314	GTCACA
1001012	352	7m8	1.073	GTCACA
1001030	360	6m	2.218	TCACAA
1001075	2041	7A1	2.788	TCACAA
1001139	324	o6	2.262	GTCACA
1001285	103	7A1	1.434	TCACAA
1001301	137	6m	1.257	TCACAA
1001372	790	8m	1.040	TCACAA
1001408	204	8m	1.057	GTCACA
1001423	188	6m	1.619	TCACAA
1001423	641	7A1	1.156	TCACAA
1001505	96	7A1	1.031	TCACAA
1001545	76	6m	1.017	TCACAA
1001661	294	6m	1.276	TCACAA
1001680	122	6m	1.606	TCACAA
1001783	335	7A1	1.004	TCACAA
1001906	1831	7A1	1.999	TCACAA
1001934	497	o6	1.555	GTCACA
1002246	195	8m	1.420	GTCACA
1002367	182	o6	3.619	GTCACA
1002415	210	6m	1.560	TCACAA
1002418	127	o6	2.228	GTCACA
1002422	62	6m	2.301	TCACAA
1002445	317	6m	1.849	TCACAA
1002818	246	7A1	2.654	TCACAA
1003084	64	7A1	2.197	TCACAA
1003128	617	o6	1.456	GTCACA
1003309	162	7A1	1.534	TCACAA
1003505	327	6m	1.090	TCACAA
1003631	1612	6m	1.563	TCACAA
1003631	3635	o6	2.660	GTCACA
1003717	11	o6	1.328	GTCACA
1003776	754	6m	1.053	TCACAA
1003852	379	7A1	2.158	TCACAA
1003975	953	6m	2.021	TCACAA
1004119	262	7A1	2.015	TCACAA
1004206	80	7A1	1.321	TCACAA
1004286	325	6m	2.455	TCACAA
1004299	113	6m	1.924	TCACAA
1004437	1684	o6	1.736	GTCACA
1004463	2885	o6	2.876	GTCACA
1004512	279	7m8	1.403	TCACAA
1004573	1053	7m8	3.397	TCACAA
1004580	155	o6	1.212	GTCACA
1004624	55	7A1	1.039	TCACAA
1004657	433	6m	1.241	TCACAA
1004661	521	o6	1.584	GTCACA
1004750	967	6m	1.073	TCACAA
1004817	81	8m	1.382	TCACAA
1004868	63	8m	1.486	TCACAA
1004987	364	o6	2.775	GTCACA
1005000	317	6m	2.213	TCACAA
1005000	326	6m	2.213	TCACAA
1005034	636	o6	2.073	GTCACA
1005114	52	6m	1.292	TCACAA
1005114	78	7A1	1.267	TCACAA
1005216	1450	7m8	1.891	GTCACA
1005349	3386	o6	1.203	GTCACA
1005358	764	6m	1.376	TCACAA
1005554	195	6m	1.055	TCACAA
1005646	571	o6	1.167	GTCACA
1005674	281	6m	1.520	TCACAA
1005677	586	6m	1.364	TCACAA
1005701	211	6m	1.005	TCACAA
1005715	65	6m	1.222	TCACAA
1006107	1814	6m	2.350	TCACAA
1006548	343	6m	1.966	TCACAA
1006548	591	8m	1.973	GTCACA
1006548	808	6m	1.152	TCACAA
1006726	1057	8m	2.626	GTCACA
1006726	1974	7m8	1.606	GTCACA
1006734	83	8m	2.218	GTCACA
1006790	141	7m8	2.025	TCACAA
1006838	270	6m	1.082	TCACAA
1006933	390	8m	2.055	TCACAA
1006933	959	6m	1.534	TCACAA
1007242	170	7m8	1.135	GTCACA
1007242	3189	o6	1.577	GTCACA
1007242	4056	7A1	3.005	TCACAA
1007355	223	6m	2.249	TCACAA
1007364	3347	6m	1.053	TCACAA
1007379	16	6m	1.053	TCACAA
1007379	723	7A1	1.414	TCACAA
1007385	297	7m8	2.854	GTCACA
1007484	324	7m8	2.544	GTCACA
1007514	378	8m	1.592	GTCACA
1007521	1134	6m	2.606	TCACAA
1007585	227	7A1	1.180	TCACAA
1007638	484	6m	1.356	TCACAA
1007792	409	7A1	2.520	TCACAA
1007812	864	o6	1.935	GTCACA
1007812	2009	o6	2.424	GTCACA
1007812	2100	6m	2.626	TCACAA
1007812	2967	6m	1.057	TCACAA
1007953	140	7A1	2.341	TCACAA
1007980	226	6m	2.694	TCACAA
1007997	2242	o6	2.544	GTCACA
1008045	422	7A1	1.924	TCACAA
1008151	1605	7A1	1.606	TCACAA
1008187	130	6m	1.460	TCACAA
1008220	107	o6	1.213	GTCACA
1008307	259	7m8	1.707	TCACAA
1008307	737	6m	2.801	TCACAA
1008363	429	6m	1.323	TCACAA
1008396	297	7A1	2.059	TCACAA
1008421	427	8m	2.014	TCACAA
1008432	57	7A1	1.923	TCACAA
1008749	636	7A1	1.053	TCACAA
1008933	541	6m	1.469	TCACAA
1008933	945	6m	2.333	TCACAA
1009043	2004	6m	2.062	TCACAA
1009273	330	6m	1.260	TCACAA
1009273	378	6m	2.377	TCACAA
1009369	2056	6m	3.222	TCACAA
1009369	2549	o6	2.015	GTCACA
1009411	225	7A1	1.321	TCACAA
1009661	79	7A1	2.776	TCACAA
1009711	217	6m	1.203	TCACAA
1009720	205	o6	1.048	GTCACA
1009781	1405	6m	1.260	TCACAA
1010082	402	6m	1.702	TCACAA
1010129	148	6m	1.320	TCACAA
1010229	230	7A1	1.159	TCACAA
1010319	69	o6	1.906	GTCACA
1010326	297	7m8	2.362	GTCACA
1010332	736	7m8	2.114	GTCACA
1010377	34	o6	2.674	GTCACA
1010401	2228	6m	1.053	TCACAA
1010412	471	7A1	2.728	TCACAA
1010421	410	o6	2.350	GTCACA
1010456	152	7m8	2.112	GTCACA
1010492	139	6m	1.786	TCACAA
1010522	231	7m8	2.076	GTCACA
1010645	423	6m	1.321	TCACAA
1010652	1510	6m	1.284	TCACAA
1010831	35	6m	1.274	TCACAA
1010836	9	8m	1.236	TCACAA
1010862	912	o6	3.477	GTCACA
1010974	116	o6	1.084	GTCACA
1011107	2476	6m	2.298	TCACAA
1011131	668	6m	1.809	TCACAA
1011219	625	6m	1.138	TCACAA
1011237	366	o6	1.351	GTCACA
1011245	493	7A1	1.470	TCACAA
1011333	1045	7A1	1.092	TCACAA
1011337	55	7m8	1.319	GTCACA
1011425	474	7A1	1.058	TCACAA
1011487	1505	6m	2.214	TCACAA
1011490	840	7A1	1.043	TCACAA
1011523	50	8m	3.836	GTCACA
1011638	35	7m8	1.440	GTCACA
1011658	1028	o6	2.317	GTCACA
1011818	569	o6	3.019	GTCACA
1011860	548	7m8	1.818	GTCACA
1011936	898	7A1	3.546	TCACAA
1011950	870	7A1	3.126	TCACAA
1011951	183	7A1	1.186	TCACAA
1011951	344	o6	1.313	GTCACA
1012008	925	6m	1.659	TCACAA
1012042	151	6m	1.753	TCACAA
1012304	315	7A1	1.328	TCACAA
1012308	231	6m	1.523	TCACAA
1012382	328	7A1	2.926	TCACAA
1012403	66	6m	1.479	TCACAA
1012458	146	6m	2.922	TCACAA
1012469	190	8m	1.517	TCACAA
1012479	742	7A1	1.448	TCACAA
1012620	324	o6	2.704	GTCACA
1012776	1592	8m	1.463	TCACAA
1012819	421	o6	1.693	GTCACA
1012869	57	6m	1.244	TCACAA
1012900	145	7A1	1.405	TCACAA
1012921	18	6m	1.078	TCACAA
1012977	721	o6	1.437	GTCACA
1012996	83	6m	2.374	TCACAA
1013461	113	o6	1.637	GTCACA
1013518	233	6m	1.011	TCACAA
1013518	3643	7A1	1.400	TCACAA
1013541	1583	o6	1.558	GTCACA
1013573	80	6m	2.660	TCACAA
1013591	191	6m	1.780	TCACAA
1013591	4345	6m	1.077	TCACAA
1013591	4563	7A1	1.077	TCACAA
1013643	498	6m	1.416	TCACAA
1013687	741	6m	1.255	TCACAA
1013968	137	7A1	1.606	TCACAA
1013988	169	7A1	1.279	TCACAA
1014014	309	7m8	1.328	TCACAA
1014022	76	6m	2.278	TCACAA
1014198	132	7A1	1.316	TCACAA
1014358	1104	7m8	2.130	GTCACA
1014436	14	o6	2.719	GTCACA
1014447	574	7A1	1.639	TCACAA
1014568	19	8m	1.244	GTCACA
1014740	644	6m	1.783	TCACAA
1014869	525	o6	2.824	GTCACA
1014898	320	7m8	1.321	TCACAA
1014904	426	8m	2.391	GTCACA
1014904	1143	7A1	1.048	TCACAA
1014988	5933	7m8	2.782	GTCACA
1015073	1472	6m	2.072	TCACAA
1015085	1516	7m8	1.245	TCACAA
1015121	210	o6	2.091	GTCACA
1015176	169	7m8	1.502	GTCACA
1015179	26	6m	1.206	TCACAA
1015209	400	6m	2.976	TCACAA
1015228	2553	6m	3.631	TCACAA
1015336	9	6m	1.236	TCACAA
1015394	1544	6m	2.103	TCACAA
1015418	624	7m8	2.372	GTCACA
1015438	78	o6	3.099	GTCACA
1015504	156	6m	1.790	TCACAA
1015526	77	6m	1.105	TCACAA
1015526	344	6m	2.062	TCACAA
1015676	218	7A1	1.214	TCACAA
1015722	455	7A1	1.922	TCACAA
1015778	804	o6	1.042	GTCACA
1015834	666	7A1	1.298	TCACAA
1015861	46	o6	1.229	GTCACA
1015895	194	7A1	1.818	TCACAA
1015966	68	6m	1.296	TCACAA
1015995	322	8m	1.780	GTCACA
1015995	414	6m	2.922	TCACAA
1016047	1308	6m	1.132	TCACAA
1016176	1169	o6	1.701	GTCACA
1016179	2374	8m	2.544	GTCACA
1016220	627	o6	1.155	GTCACA
1016257	91	7A1	2.009	TCACAA
1016287	767	7m8	2.214	GTCACA
1016353	141	6m	1.449	TCACAA
1016397	1040	7A1	1.231	TCACAA
1016431	888	6m	2.544	TCACAA
1016431	1015	6m	1.031	TCACAA
1016431	1712	6m	1.857	TCACAA
1016449	4877	7A1	2.544	TCACAA
1016566	1002	7A1	3.232	TCACAA
1016574	228	6m	2.094	TCACAA
1016574	1033	o6	1.349	GTCACA
1016655	1081	7A1	1.529	TCACAA
1016698	412	6m	1.645	TCACAA
1016860	2089	6m	1.845	TCACAA
1016965	359	o6	2.017	GTCACA
1016998	595	6m	1.058	TCACAA
1017135	808	7A1	1.322	TCACAA
1017275	207	6m	1.264	TCACAA
1017351	52	o6	1.216	GTCACA
1017356	105	8m	2.922	TCACAA
1017410	373	6m	2.544	TCACAA
1017585	347	6m	1.492	TCACAA
1017624	100	8m	2.257	GTCACA
1017695	675	6m	1.548	TCACAA
1017776	653	o6	3.649	GTCACA
1017830	496	6m	1.284	TCACAA
1017875	228	o6	1.702	GTCACA
1017908	91	7A1	1.687	TCACAA
1017921	68	o6	2.026	GTCACA
1017945	530	o6	2.132	GTCACA
1017945	536	8m	2.132	GTCACA
1018021	159	o6	1.377	GTCACA
1018021	164	6m	1.737	TCACAA
1018062	1087	7A1	1.518	TCACAA
1018081	305	o6	1.326	GTCACA
1018081	722	8m	1.073	GTCACA
1018168	664	6m	1.956	TCACAA
1018185	74	7A1	2.473	TCACAA
1018243	1123	6m	2.511	TCACAA
1018248	1438	7m8	1.465	GTCACA
1018268	46	7A1	2.074	TCACAA
1018316	156	7m8	1.285	GTCACA
1018344	1014	6m	1.082	TCACAA
1018398	238	7A1	2.278	TCACAA
1018530	3243	6m	1.322	TCACAA
1018554	209	6m	1.254	TCACAA
1018619	1273	o6	1.076	GTCACA
1018619	2008	8m	1.316	GTCACA
1018632	1933	6m	1.084	TCACAA
1018766	370	8m	2.176	GTCACA
1018844	736	o6	3.034	GTCACA
1018872	66	7A1	2.198	TCACAA
1018909	286	6m	2.068	TCACAA
1018924	38	8m	1.124	GTCACA
1019005	76	o6	2.072	GTCACA
1019023	521	8m	1.177	TCACAA
1019128	41	8m	1.322	TCACAA
1019147	357	7A1	1.040	TCACAA
1019329	103	o6	1.784	GTCACA
1019329	523	6m	2.207	TCACAA
1019329	534	6m	2.531	TCACAA
1019413	337	o6	1.606	GTCACA
1019414	190	7A1	2.125	TCACAA
1019534	130	7A1	1.274	TCACAA
1019579	850	7A1	1.011	TCACAA
1019713	666	7A1	3.414	TCACAA
1019805	199	8m	2.280	GTCACA
1019853	22	7m8	1.356	TCACAA
1019865	686	6m	1.973	TCACAA
1019956	38	o6	1.030	GTCACA
1019980	368	o6	1.035	GTCACA
1020096	15	7A1	1.058	TCACAA
1020140	343	6m	2.085	TCACAA
1020166	2098	6m	1.084	TCACAA
1020333	555	6m	1.018	TCACAA
1020333	825	7m8	1.116	GTCACA
1020341	10	7A1	1.694	TCACAA
1020435	602	6m	1.481	TCACAA
1020435	2124	7A1	1.628	TCACAA
1020441	74	7A1	1.850	TCACAA
1020449	756	o6	2.136	GTCACA
1020491	328	8m	2.489	GTCACA
1020532	317	o6	2.054	GTCACA
1020546	94	6m	1.082	TCACAA
1020615	2437	6m	1.147	TCACAA
1020654	361	7m8	2.233	GTCACA
1020661	936	7A1	2.502	TCACAA
1020661	1051	6m	1.026	TCACAA
1020746	224	o6	2.051	GTCACA
1020889	281	8m	1.032	GTCACA
1021049	109	6m	1.364	TCACAA
1021084	1403	o6	1.524	GTCACA
1021377	229	7A1	3.393	TCACAA
1021566	1795	6m	3.034	TCACAA
1021619	388	o6	1.608	GTCACA
1021633	392	7m8	2.957	GTCACA
1021700	519	6m	1.012	TCACAA
1021818	1303	7A1	1.535	TCACAA
1021905	158	7A1	1.171	TCACAA
1021962	1644	o6	1.826	GTCACA
1022011	28	8m	2.253	GTCACA
1022125	552	7A1	1.560	TCACAA
1022165	709	6m	2.194	TCACAA
1022168	55	8m	1.288	TCACAA
1022394	92	o6	1.005	GTCACA
1022495	2982	7A1	1.709	TCACAA
1022531	1436	o6	2.062	GTCACA
1022531	2222	6m	3.770	TCACAA
1022763	64	o6	1.086	GTCACA
1022820	1247	7A1	1.511	TCACAA
1022834	62	6m	2.134	TCACAA
1023032	704	o6	2.464	GTCACA
1023062	3167	7m8	1.762	GTCACA
1023062	3557	7A1	2.538	TCACAA
1023085	99	6m	1.172	TCACAA
1023127	588	6m	1.402	TCACAA
1023167	709	o6	1.044	GTCACA
1023219	685	o6	1.826	GTCACA
1023334	165	8m	2.073	GTCACA
1023350	833	o6	1.322	GTCACA
1023351	425	7m8	2.025	GTCACA
1023354	598	o6	1.062	GTCACA
1023391	54	8m	1.489	GTCACA
1023391	577	6m	1.558	TCACAA
1023523	225	o6	1.366	GTCACA
1023527	180	7A1	1.490	TCACAA
1023527	598	o6	1.650	GTCACA
1023579	79	6m	2.217	TCACAA
1023594	1853	7A1	1.617	TCACAA
1023599	4784	7A1	1.322	TCACAA
1023599	7574	7A1	1.082	TCACAA
1023599	8982	6m	1.251	TCACAA
1023617	59	8m	1.434	GTCACA
1023784	23	6m	1.442	TCACAA
1023784	2130	6m	1.618	TCACAA
1023805	575	7A1	1.225	TCACAA
1023847	884	7A1	1.824	TCACAA
1023850	1544	6m	1.804	TCACAA
1023882	1366	7A1	1.108	TCACAA
1023885	3325	7m8	1.294	GTCACA
1023918	65	7m8	2.264	GTCACA
1023931	425	7m8	2.494	GTCACA
1023952	90	6m	1.402	TCACAA
1023970	41	7A1	2.280	TCACAA
1024031	3196	o6	1.302	GTCACA
1024133	852	o6	1.094	GTCACA
1024178	111	8m	1.663	TCACAA
1024211	2190	6m	1.053	TCACAA
1024232	53	7m8	1.322	GTCACA
1024241	2373	6m	1.235	TCACAA
1024384	1131	6m	2.723	TCACAA
1024571	593	8m	1.731	GTCACA
1024609	238	7A1	1.322	TCACAA
1024648	4757	6m	2.449	TCACAA
1024648	6680	6m	1.906	TCACAA
1024648	12872	o6	1.325	GTCACA
1024648	14810	6m	1.922	TCACAA
1024654	1618	7A1	1.300	TCACAA
1024721	9	6m	1.073	TCACAA
1024730	126	8m	1.796	GTCACA
1024774	237	7A1	1.761	TCACAA
1024978	62	8m	2.807	GTCACA
1025064	1175	o6	1.690	GTCACA
1025207	27	7A1	1.186	TCACAA
1025331	67	8m	1.600	GTCACA
1025512	1131	6m	1.086	TCACAA
1025533	470	8m	1.258	GTCACA
1025551	134	7A1	1.955	TCACAA
1025608	189	7A1	2.512	TCACAA
1025657	226	7A1	1.158	TCACAA
1025755	1455	o6	1.194	GTCACA
1025755	1472	6m	1.835	TCACAA
1025895	299	8m	1.148	TCACAA
1026201	88	6m	2.533	TCACAA
1026222	160	6m	1.394	TCACAA
1026262	1337	6m	1.289	TCACAA
1026262	1445	7A1	1.818	TCACAA
1026262	1458	7A1	1.047	TCACAA
1026262	1502	o6	1.020	GTCACA
1026385	381	o6	1.082	GTCACA
1026480	162	7A1	2.214	TCACAA
1026687	198	6m	2.191	TCACAA
1026688	2405	6m	2.363	TCACAA
1026711	741	6m	1.690	TCACAA
1026711	1043	7A1	2.309	TCACAA
1026798	742	o6	2.542	GTCACA
1026812	28	6m	2.629	TCACAA
1026838	617	7A1	1.251	TCACAA
1026853	2606	7m8	2.425	GTCACA
1026920	95	o6	1.756	GTCACA
1026966	868	7A1	1.598	TCACAA
1026981	308	7m8	2.073	GTCACA
1027021	98	6m	1.182	TCACAA
1027036	410	7m8	1.589	TCACAA
1027150	236	7m8	1.908	TCACAA
1027231	96	8m	1.614	GTCACA
1027262	125	7A1	2.073	TCACAA
1027378	58	6m	1.500	TCACAA
1027426	194	o6	2.098	GTCACA
1027426	316	6m	1.777	TCACAA
1027438	144	o6	1.414	GTCACA
1027438	911	6m	2.445	TCACAA
1027891	183	o6	1.168	GTCACA
1027938	683	8m	1.016	GTCACA
1027971	137	6m	1.960	TCACAA
1028023	20	7A1	1.685	TCACAA
1028038	196	6m	1.690	TCACAA
1028056	23	o6	1.078	GTCACA
1028404	371	6m	1.235	TCACAA
1028556	14	o6	1.692	GTCACA
1028572	252	o6	1.286	GTCACA
1028648	389	7A1	2.121	TCACAA
1028677	102	6m	1.987	TCACAA
1028734	3162	7m8	1.939	GTCACA
1028820	32	6m	1.210	TCACAA
1029046	1017	7A1	2.660	TCACAA
1029069	4298	7A1	1.584	TCACAA
1029097	1186	7m8	1.846	GTCACA
1029246	994	o6	2.073	GTCACA
1029288	186	6m	2.033	TCACAA
1029348	391	7A1	2.026	TCACAA
1029369	2321	6m	2.544	TCACAA
1029462	529	7A1	2.073	TCACAA
1029474	81	6m	2.504	TCACAA
1029474	177	7m8	1.103	GTCACA
1029558	73	o6	1.086	GTCACA
1029558	109	o6	1.824	GTCACA
1029564	50	7A1	1.736	TCACAA
1029697	157	7A1	2.392	TCACAA
1029697	494	6m	1.691	TCACAA
1029728	241	6m	1.965	TCACAA
1029749	1750	o6	2.493	GTCACA
1029761	33	7A1	1.058	TCACAA
1029761	47	7A1	2.078	TCACAA
1030094	70	6m	1.161	TCACAA
1030192	727	7A1	1.824	TCACAA
1030248	1366	6m	1.852	TCACAA
1030266	744	7m8	2.847	GTCACA
1030392	179	6m	1.307	TCACAA
1030417	215	6m	1.293	TCACAA
1030468	926	7A1	1.082	TCACAA
1030477	164	6m	3.177	TCACAA
1030477	274	6m	1.874	TCACAA
1030580	650	6m	1.246	TCACAA
1030584	361	o6	2.606	GTCACA
1030658	970	6m	2.150	TCACAA
1030691	328	o6	1.996	GTCACA
1030716	108	7A1	1.973	TCACAA
1030804	101	6m	2.103	TCACAA
1030882	276	o6	1.500	GTCACA
1030888	160	7A1	1.712	TCACAA
1030918	316	o6	1.132	GTCACA
1031004	24	6m	1.432	TCACAA
1031004	31	8m	1.682	GTCACA
1031078	30	7A1	2.425	TCACAA
1031194	107	7m8	1.353	GTCACA
1031390	4045	6m	1.552	TCACAA
1031498	2237	6m	1.040	TCACAA
1031584	283	7A1	2.037	TCACAA
1031616	1014	o6	3.258	GTCACA
1031685	28	7A1	1.016	TCACAA
1031763	53	7A1	1.095	TCACAA
1031887	215	6m	1.663	TCACAA
1031994	1593	7A1	1.241	TCACAA
1032043	119	6m	1.699	TCACAA
1032325	1741	o6	1.069	GTCACA
1032369	3616	7m8	1.091	GTCACA
1032420	231	o6	1.219	GTCACA
1032426	1645	6m	1.182	TCACAA
1032430	243	7A1	1.059	TCACAA
1032456	168	o6	1.655	GTCACA
1032466	1157	o6	1.182	GTCACA
1032616	223	6m	1.248	TCACAA
1032622	2274	7A1	1.853	TCACAA
1032622	3404	o6	1.084	GTCACA
1032631	291	6m	2.155	TCACAA
1032640	58	o6	2.166	GTCACA
1032728	397	7A1	2.991	TCACAA
1032738	133	6m	1.803	TCACAA
1032813	886	6m	1.375	TCACAA
1032817	107	o6	1.633	GTCACA
1032855	688	7A1	2.061	TCACAA
1032858	575	7A1	2.061	TCACAA
1032861	468	7A1	2.061	TCACAA
1032864	280	7A1	2.061	TCACAA
1032965	365	6m	1.521	TCACAA
1032968	1750	6m	1.891	TCACAA
1032987	2140	6m	2.859	TCACAA
1032998	115	7m8	1.023	GTCACA
1033028	16	o6	1.500	GTCACA
1033141	1605	7A1	2.104	TCACAA
1033141	2930	6m	1.734	TCACAA
1033181	140	6m	2.080	TCACAA
1033244	128	6m	1.882	TCACAA
1033333	136	6m	1.500	TCACAA
1033384	200	7m8	2.244	GTCACA
1033409	1573	7m8	2.981	GTCACA
1033478	352	6m	1.687	TCACAA
1033481	3651	6m	1.676	TCACAA
1033508	503	6m	2.788	TCACAA
1033547	113	7A1	1.069	TCACAA
1033571	405	o6	1.224	GTCACA
1033598	4541	6m	1.005	TCACAA
1033685	667	7m8	4.242	GTCACA
1033751	1262	7A1	1.932	TCACAA
1033754	891	7A1	1.932	TCACAA
1033757	310	7A1	1.932	TCACAA
1033789	4033	o6	2.262	GTCACA
1033883	378	7m8	2.793	GTCACA
1033883	1079	8m	1.560	GTCACA
1033888	229	6m	1.363	TCACAA
1033900	89	6m	1.864	TCACAA
1033945	580	6m	1.469	TCACAA
1033945	586	6m	1.469	TCACAA
1033948	1488	6m	1.076	TCACAA
1033948	1494	6m	1.076	TCACAA
1033971	954	6m	2.408	TCACAA
1034074	987	7m8	1.578	GTCACA
1034146	82	7m8	2.317	GTCACA
1034164	825	6m	2.607	TCACAA
1034202	1826	7A1	1.064	TCACAA
1034208	230	o6	1.153	GTCACA
1034259	584	6m	1.554	TCACAA
1034259	591	6m	2.499	TCACAA
1034316	40	6m	1.259	TCACAA
1034316	2437	7A1	1.073	TCACAA
1034322	466	7A1	1.556	TCACAA
1034370	240	o6	1.695	GTCACA
1034439	10	7A1	1.012	TCACAA
1034515	68	6m	1.016	TCACAA
1034521	253	7m8	2.698	GTCACA
1034539	2392	o6	2.533	GTCACA
1034556	58	7A1	2.302	TCACAA
1034556	440	7m8	2.247	GTCACA
1034560	19	7A1	1.629	TCACAA
1034569	3051	7A1	2.054	TCACAA
1034665	2455	7A1	2.778	TCACAA
1034718	300	6m	2.427	TCACAA
1034726	227	6m	1.477	TCACAA
1034739	1965	7A1	1.142	TCACAA
1034756	38	6m	1.606	TCACAA
1034772	301	o6	3.686	GTCACA
1034784	135	6m	1.151	TCACAA
1034807	167	7A1	1.777	TCACAA
1034888	756	7m8	1.031	GTCACA
1034917	1185	6m	1.623	TCACAA
1034995	2211	7m8	1.288	GTCACA
1034995	6673	o6	2.476	GTCACA
1035043	529	7m8	1.954	GTCACA
1035153	336	6m	1.348	TCACAA
1035189	98	o6	1.404	GTCACA
1035213	2743	6m	2.633	TCACAA
1035384	90	o6	1.254	GTCACA
1035384	138	7A1	1.122	TCACAA
1035462	59	o6	1.329	GTCACA
1035473	196	o6	1.500	GTCACA
1035480	145	6m	2.194	TCACAA
1035506	1061	6m	2.165	TCACAA
1035656	1601	6m	2.048	TCACAA
1035656	1843	o6	1.690	GTCACA
1035704	221	7m8	1.560	GTCACA
1035719	978	7m8	1.220	GTCACA
1035758	30	6m	1.104	TCACAA
1035768	2225	7m8	1.065	GTCACA
1035798	777	o6	3.633	GTCACA
1036053	635	7A1	2.416	TCACAA
1036059	65	8m	1.846	GTCACA
1036088	125	6m	1.254	TCACAA
1036127	243	7A1	2.981	TCACAA
1036127	1798	6m	2.944	TCACAA
1036154	2258	6m	3.034	TCACAA
1036179	268	7m8	2.794	TCACAA
1036208	402	o6	1.952	GTCACA
1036259	177	7m8	1.200	GTCACA
1036283	486	o6	1.210	GTCACA
1036374	1692	8m	2.583	TCACAA
1036374	2589	6m	3.749	TCACAA
1036396	13	o6	2.366	GTCACA
1036399	1451	6m	3.460	TCACAA
1036404	545	o6	1.513	GTCACA
1036419	44	6m	1.894	TCACAA
1036438	153	6m	3.025	TCACAA
1036462	1227	7A1	1.062	TCACAA
1036497	1167	8m	2.855	GTCACA
1036501	517	8m	3.320	GTCACA
1036515	309	6m	1.365	TCACAA
1036601	1460	o6	1.409	GTCACA
1036706	2199	7A1	1.349	TCACAA
1036787	121	o6	2.015	GTCACA
1036899	262	6m	1.274	TCACAA
1036928	381	7A1	1.448	TCACAA
1036995	128	7A1	1.440	TCACAA
1037119	4	7A1	1.922	TCACAA
1037324	127	6m	1.464	TCACAA
1037386	879	o6	2.155	GTCACA
1037398	879	7m8	2.503	GTCACA
1037422	741	7A1	1.815	TCACAA
1037503	386	6m	2.413	TCACAA
1037715	995	7A1	1.184	TCACAA
1037786	340	8m	1.158	GTCACA
1037845	1544	6m	2.298	TCACAA
1037845	1756	6m	2.194	TCACAA
1037937	48	7A1	1.378	TCACAA
1038013	412	6m	1.326	TCACAA
1038021	462	o6	1.831	GTCACA
1038135	492	7A1	1.357	TCACAA
1038153	79	6m	1.107	TCACAA
1038223	1487	o6	2.178	GTCACA
1038228	65	7A1	1.186	TCACAA
1038293	3659	6m	3.100	TCACAA
1038333	115	o6	2.988	GTCACA
1038342	49	6m	1.845	TCACAA
1038351	261	o6	1.921	GTCACA
1038410	998	6m	2.321	TCACAA
1038506	52	7A1	1.013	TCACAA
1038512	549	6m	1.934	TCACAA
1038643	971	6m	2.302	TCACAA
1038752	1886	6m	1.582	TCACAA
1038890	815	7A1	1.891	TCACAA
1038933	296	6m	1.309	TCACAA
1039052	763	o6	1.656	GTCACA
1039052	1898	6m	3.741	TCACAA
1039118	576	7m8	1.660	GTCACA
1039282	470	o6	2.118	GTCACA
1039285	1566	o6	3.560	GTCACA
1039300	644	o6	1.940	GTCACA
1039370	93	o6	1.812	GTCACA
1039376	1272	o6	1.062	GTCACA
1039422	3129	6m	1.787	TCACAA
1039451	323	o6	1.954	GTCACA
1039497	439	o6	3.669	GTCACA
1039497	660	o6	2.174	GTCACA
1039502	183	7A1	1.377	TCACAA
1039502	3828	6m	1.560	TCACAA
1039533	228	7A1	2.218	TCACAA
1039703	2443	o6	1.186	GTCACA
1039853	563	7m8	2.073	GTCACA
1039853	571	7m8	2.073	GTCACA
1039853	578	7m8	1.711	GTCACA
1039908	2594	7A1	1.807	TCACAA
1039908	2741	o6	1.907	GTCACA
1039911	927	6m	1.315	TCACAA
1039920	471	7m8	1.349	GTCACA
1039932	535	8m	1.919	GTCACA
1040016	995	6m	2.016	TCACAA
1040019	97	o6	1.337	GTCACA
1040115	460	o6	2.504	GTCACA
1040129	1697	6m	2.198	TCACAA
1040136	220	7A1	2.394	TCACAA
1040148	1992	7A1	1.342	TCACAA
1040171	411	6m	1.318	TCACAA
1040228	315	7A1	1.328	TCACAA
1040237	140	7A1	1.515	TCACAA
1040294	1142	7A1	1.376	TCACAA
1040304	1545	8m	2.417	GTCACA
1040304	2536	7m8	2.763	TCACAA
1040337	91	6m	3.585	TCACAA
1040352	2411	o6	2.505	GTCACA
1040411	420	o6	1.562	GTCACA
1040458	202	o6	2.924	GTCACA
1040533	1185	7m8	1.928	GTCACA
1040553	30	7m8	1.336	GTCACA
1040554	92	7m8	1.284	GTCACA
1040584	1158	6m	1.321	TCACAA
1040589	3428	7A1	2.604	TCACAA
1040590	1132	6m	1.003	TCACAA
1040590	2758	7A1	1.317	TCACAA
1040623	2521	7m8	2.552	GTCACA
1040632	245	7A1	1.082	TCACAA
1040646	176	7m8	1.110	GTCACA
1040646	812	7A1	2.774	TCACAA
1040661	237	7A1	2.834	TCACAA
