1000042	9	7m8	1.082	AGTTCC
1000054	366	6m	2.341	GTTCCT
1000134	271	o6	1.130	AGTTCC
1000141	67	8m	3.036	AGTTCC
1000195	591	o6	1.675	AGTTCC
1000219	222	7m8	1.200	AGTTCC
1000227	60	8m	2.699	AGTTCC
1000227	87	o6	1.110	AGTTCC
1000264	12	o6	1.545	AGTTCC
1000282	564	7m8	2.807	AGTTCC
1000320	1175	7A1	1.560	GTTCCT
1000339	209	o6	1.690	AGTTCC
1000345	16	o6	1.730	AGTTCC
1000373	890	7m8	2.925	AGTTCC
1000373	1479	7m8	1.162	AGTTCC
1000454	236	8m	1.978	AGTTCC
1000455	76	7m8	1.220	GTTCCT
1000493	3506	6m	1.021	GTTCCT
1000583	173	7A1	1.064	GTTCCT
1000640	317	6m	1.058	GTTCCT
1000653	479	8m	2.073	AGTTCC
1000692	194	6m	1.504	GTTCCT
1000748	91	o6	2.103	AGTTCC
1000767	380	7m8	4.116	GTTCCT
1000901	120	o6	1.565	AGTTCC
1000907	553	7A1	2.876	GTTCCT
1000920	18	7m8	2.338	GTTCCT
1000928	739	6m	1.992	GTTCCT
1000929	412	6m	2.508	GTTCCT
1000929	599	o6	2.417	AGTTCC
1000947	125	o6	2.321	AGTTCC
1001054	263	7m8	2.376	GTTCCT
1001420	221	6m	2.666	GTTCCT
1001514	1466	7m8	2.962	AGTTCC
1001544	91	o6	1.080	AGTTCC
1001607	787	6m	3.198	GTTCCT
1001661	25	7A1	2.538	GTTCCT
1001862	811	7A1	1.405	GTTCCT
1001865	174	6m	2.502	GTTCCT
1001900	39	7m8	2.086	GTTCCT
1001916	245	o6	1.319	AGTTCC
1001934	628	o6	1.154	AGTTCC
1001937	2839	8m	3.271	AGTTCC
1001949	533	7m8	3.196	GTTCCT
1002098	70	6m	2.648	GTTCCT
1002433	71	6m	1.882	GTTCCT
1002527	31	o6	1.285	AGTTCC
1002703	129	o6	2.584	AGTTCC
1002833	101	6m	3.944	GTTCCT
1002901	475	6m	3.418	GTTCCT
1003077	374	6m	2.275	GTTCCT
1003263	223	o6	2.113	AGTTCC
1003271	13	7m8	1.298	AGTTCC
1003631	654	7A1	2.390	GTTCCT
1003996	342	6m	1.480	GTTCCT
1004085	236	6m	1.146	GTTCCT
1004130	306	o6	1.389	AGTTCC
1004223	119	6m	2.262	GTTCCT
1004886	193	6m	2.025	GTTCCT
1005216	1504	7m8	1.500	GTTCCT
1005474	670	8m	2.794	AGTTCC
1005542	109	o6	1.095	AGTTCC
1005595	530	7m8	1.931	AGTTCC
1005626	172	7m8	2.807	AGTTCC
1005646	732	o6	2.356	AGTTCC
1005951	191	7A1	1.054	GTTCCT
1006066	345	o6	1.581	AGTTCC
1006103	199	6m	1.948	GTTCCT
1006596	117	o6	1.001	AGTTCC
1006719	1197	6m	2.862	GTTCCT
1007050	36	o6	1.709	AGTTCC
1007050	45	o6	1.709	AGTTCC
1007050	455	o6	2.084	AGTTCC
1007119	32	7m8	1.854	GTTCCT
1007172	41	6m	2.220	GTTCCT
1007206	970	7m8	2.756	AGTTCC
1007213	1698	o6	1.206	AGTTCC
1007314	237	6m	2.538	GTTCCT
1007379	401	o6	1.257	AGTTCC
1007484	1138	o6	1.612	AGTTCC
1007508	155	o6	1.648	AGTTCC
1007584	578	o6	1.251	AGTTCC
1007743	120	6m	1.022	GTTCCT
1007812	3900	7m8	1.673	AGTTCC
1007812	3972	o6	1.225	AGTTCC
1007812	4137	8m	1.675	AGTTCC
1007812	5877	o6	2.540	AGTTCC
1007932	540	7m8	2.433	GTTCCT
1007932	1486	o6	2.222	AGTTCC
1007997	1350	7m8	2.544	AGTTCC
1008036	200	6m	1.284	GTTCCT
1008036	2042	o6	1.284	AGTTCC
1008126	353	o6	1.618	AGTTCC
1008198	10	7m8	3.081	AGTTCC
1008216	383	7A1	2.544	GTTCCT
1008279	1449	7A1	1.818	GTTCCT
1008355	99	6m	1.660	GTTCCT
1008406	406	o6	1.470	AGTTCC
1008572	17	o6	1.198	AGTTCC
1008755	452	o6	2.700	AGTTCC
1008788	120	6m	2.133	GTTCCT
1008849	516	7m8	2.538	GTTCCT
1008852	681	7A1	2.146	GTTCCT
1008893	8	7A1	1.470	GTTCCT
1008975	128	7m8	2.142	AGTTCC
1009043	1097	6m	2.893	GTTCCT
1009366	262	7A1	2.648	GTTCCT
1009369	822	7m8	1.690	AGTTCC
1009369	870	7m8	1.690	AGTTCC
1009739	52	7A1	1.487	GTTCCT
1009759	116	o6	2.025	AGTTCC
1009899	400	o6	2.322	AGTTCC
1009930	608	6m	2.073	GTTCCT
1009953	117	6m	2.504	GTTCCT
1010160	369	7m8	2.707	AGTTCC
1010168	585	o6	1.015	AGTTCC
1010201	353	o6	1.016	AGTTCC
1010210	241	o6	1.696	AGTTCC
1010211	185	7A1	1.857	GTTCCT
1010465	819	7m8	1.405	AGTTCC
1010652	1605	o6	1.562	AGTTCC
1010682	67	7m8	2.016	AGTTCC
1010785	366	6m	1.676	GTTCCT
1010956	1790	o6	1.251	AGTTCC
1010956	2786	6m	2.915	GTTCCT
1010974	625	6m	2.821	GTTCCT
1011173	196	o6	1.229	AGTTCC
1011337	207	8m	1.140	AGTTCC
1011499	34	7A1	1.377	GTTCCT
1011613	286	o6	2.367	AGTTCC
1011842	267	7A1	1.195	GTTCCT
1011856	1543	6m	1.687	GTTCCT
1011892	350	o6	1.559	AGTTCC
1011902	280	o6	1.690	AGTTCC
1011936	956	o6	2.161	AGTTCC
1012008	441	7m8	1.327	AGTTCC
1012075	175	o6	1.690	AGTTCC
1012122	221	6m	2.409	GTTCCT
1012262	60	6m	3.034	GTTCCT
1012329	96	o6	2.062	AGTTCC
1012377	560	o6	1.198	AGTTCC
1012409	34	o6	1.651	AGTTCC
1012470	397	7m8	1.593	AGTTCC
1012609	77	7A1	3.549	GTTCCT
1012642	27	o6	1.249	AGTTCC
1012642	33	o6	1.249	AGTTCC
1012754	1135	o6	2.734	AGTTCC
1012900	780	o6	2.652	AGTTCC
1013108	328	6m	2.016	GTTCCT
1013306	741	o6	1.746	AGTTCC
1013349	406	o6	1.953	AGTTCC
1013413	613	o6	2.616	AGTTCC
1013443	1572	o6	1.950	AGTTCC
1013584	60	6m	1.186	GTTCCT
1013608	357	o6	1.792	AGTTCC
1013670	1982	6m	2.552	GTTCCT
1013781	96	6m	1.740	GTTCCT
1013885	1507	o6	2.094	AGTTCC
1013988	730	7m8	2.687	AGTTCC
1014183	1467	7m8	1.446	AGTTCC
1014235	954	7A1	2.098	GTTCCT
1014273	50	6m	1.002	GTTCCT
1014403	28	6m	1.328	GTTCCT
1014418	838	6m	1.657	GTTCCT
1014436	134	6m	1.020	GTTCCT
1014468	119	8m	2.844	GTTCCT
1014480	1382	o6	1.198	AGTTCC
1014480	2780	6m	2.369	GTTCCT
1014536	28	6m	1.094	GTTCCT
1014638	404	o6	1.535	AGTTCC
1014638	859	o6	1.067	AGTTCC
1014644	546	o6	1.334	AGTTCC
1014723	145	6m	2.544	GTTCCT
1014856	1073	7m8	1.037	AGTTCC
1014859	1976	6m	1.185	GTTCCT
1014987	316	7A1	1.690	GTTCCT
1015021	523	o6	2.773	AGTTCC
1015041	2975	7m8	2.378	GTTCCT
1015041	5385	o6	1.402	AGTTCC
1015047	48	6m	2.220	GTTCCT
1015062	471	7m8	1.461	AGTTCC
1015076	38	7m8	2.377	AGTTCC
1015091	1998	o6	1.261	AGTTCC
1015091	2010	8m	2.606	AGTTCC
1015145	1480	6m	2.704	GTTCCT
1015228	2095	o6	1.227	AGTTCC
1015329	179	7m8	1.766	AGTTCC
1015364	262	6m	1.814	GTTCCT
1015526	353	6m	1.498	GTTCCT
1015526	1992	o6	1.583	AGTTCC
1015526	2034	o6	1.295	AGTTCC
1015637	382	o6	1.210	AGTTCC
1015784	523	6m	1.162	GTTCCT
1015840	310	6m	2.793	GTTCCT
1015924	455	7m8	2.607	AGTTCC
1015931	908	7m8	2.639	AGTTCC
1015984	126	8m	2.537	AGTTCC
1016007	587	7m8	1.687	AGTTCC
1016011	2311	7A1	1.031	GTTCCT
1016016	339	6m	1.783	GTTCCT
1016020	314	7A1	1.322	GTTCCT
1016020	2030	o6	1.622	AGTTCC
1016029	148	6m	1.657	GTTCCT
1016086	46	6m	1.907	GTTCCT
1016272	402	7A1	2.481	GTTCCT
1016328	269	7m8	2.278	AGTTCC
1016359	2	7m8	1.218	AGTTCC
1016422	794	o6	1.363	AGTTCC
1016428	257	7m8	1.047	AGTTCC
1016428	279	o6	1.031	AGTTCC
1016449	1922	7m8	2.538	AGTTCC
1016449	4574	8m	2.214	AGTTCC
1016475	842	6m	2.778	GTTCCT
1016512	221	6m	2.033	GTTCCT
1016556	198	o6	1.084	AGTTCC
1016571	1264	6m	3.005	GTTCCT
1016620	2000	6m	2.220	GTTCCT
1016695	520	o6	1.434	AGTTCC
1016707	556	7m8	1.014	AGTTCC
1016712	14	6m	1.120	GTTCCT
1016782	83	o6	3.825	AGTTCC
1016787	3879	o6	1.053	AGTTCC
1016806	966	7A1	2.292	GTTCCT
1016865	918	6m	3.034	GTTCCT
1016958	147	7A1	2.341	GTTCCT
1017168	298	7A1	2.341	GTTCCT
1017257	162	6m	2.544	GTTCCT
1017270	48	o6	1.351	AGTTCC
1017369	313	o6	1.119	AGTTCC
1017381	531	o6	1.032	AGTTCC
1017404	593	6m	2.232	GTTCCT
1017443	56	o6	1.584	AGTTCC
1017496	1190	6m	2.807	GTTCCT
1017614	6059	o6	1.600	AGTTCC
1017614	6099	o6	2.584	AGTTCC
1017623	428	6m	1.358	GTTCCT
1017629	33	7m8	1.260	AGTTCC
1017733	938	7A1	1.992	GTTCCT
1017830	940	6m	1.284	GTTCCT
1018152	94	o6	1.525	AGTTCC
1018189	502	6m	1.681	GTTCCT
1018248	1374	7m8	1.065	AGTTCC
1018353	1143	o6	3.034	AGTTCC
1018632	4456	o6	1.974	AGTTCC
1018766	2691	7A1	2.433	GTTCCT
1018867	34	7m8	2.544	AGTTCC
1018867	229	o6	1.053	AGTTCC
1018873	1386	6m	1.860	GTTCCT
1018909	151	7m8	2.246	GTTCCT
1018921	57	o6	1.482	AGTTCC
1019022	20	8m	1.156	GTTCCT
1019116	126	o6	2.537	AGTTCC
1019207	131	6m	2.991	GTTCCT
1019240	377	o6	1.670	AGTTCC
1019298	511	o6	1.244	AGTTCC
1019464	421	o6	1.200	AGTTCC
1019465	395	7A1	2.008	GTTCCT
1019514	1213	o6	1.573	AGTTCC
1019535	414	6m	1.159	GTTCCT
1019721	255	6m	2.544	GTTCCT
1019887	240	6m	2.430	GTTCCT
1020059	1415	6m	3.025	GTTCCT
1020074	1110	6m	1.322	GTTCCT
1020166	2284	7A1	3.034	GTTCCT
1020241	1610	o6	1.032	AGTTCC
1020416	378	o6	1.722	AGTTCC
1020435	2427	6m	3.149	GTTCCT
1020568	142	8m	1.380	AGTTCC
1020615	588	8m	2.660	AGTTCC
1020642	793	o6	2.212	AGTTCC
1020934	1794	o6	1.328	AGTTCC
1021008	69	6m	3.549	GTTCCT
1021365	0	7m8	1.302	AGTTCC
1021540	4920	o6	3.034	AGTTCC
1021747	90	o6	1.084	AGTTCC
1021800	11	o6	1.128	AGTTCC
1021800	27	7A1	2.660	GTTCCT
1021887	26	6m	2.196	GTTCCT
1022034	48	o6	2.544	AGTTCC
1022057	809	7A1	1.598	GTTCCT
1022057	988	7m8	1.585	AGTTCC
1022066	951	7A1	2.526	GTTCCT
1022102	135	7m8	2.076	AGTTCC
1022235	1995	o6	1.314	AGTTCC
1022256	2303	7m8	2.469	AGTTCC
1022568	1889	7A1	2.425	GTTCCT
1022885	91	o6	2.007	AGTTCC
1022941	634	o6	1.598	AGTTCC
1023057	107	6m	3.608	GTTCCT
1023062	2442	o6	2.535	AGTTCC
1023062	3108	o6	1.710	AGTTCC
1023110	259	o6	2.816	AGTTCC
1023151	264	7A1	1.811	GTTCCT
1023154	445	o6	1.161	AGTTCC
1023289	2038	6m	3.398	GTTCCT
1023320	287	8m	2.660	AGTTCC
1023345	56	o6	1.663	AGTTCC
1023482	407	o6	2.035	AGTTCC
1023482	578	o6	1.988	AGTTCC
1023594	1081	7m8	2.206	AGTTCC
1023594	1100	6m	1.322	GTTCCT
1023681	2777	6m	1.563	GTTCCT
1023706	641	7m8	1.163	AGTTCC
1023727	771	o6	1.415	AGTTCC
1023757	406	8m	1.941	AGTTCC
1023774	525	6m	2.343	GTTCCT
1023784	7	7m8	3.588	AGTTCC
1023784	2893	o6	1.241	AGTTCC
1023784	4984	6m	2.584	GTTCCT
1023805	780	8m	1.285	AGTTCC
1023838	218	o6	2.286	AGTTCC
1023885	559	o6	1.053	AGTTCC
1023885	3457	o6	2.095	AGTTCC
1023927	700	o6	2.544	AGTTCC
1024028	869	7m8	2.470	AGTTCC
1024037	492	7m8	2.544	AGTTCC
1024079	52	6m	1.543	GTTCCT
1024133	1621	6m	2.544	GTTCCT
1024160	201	8m	1.240	AGTTCC
1024165	37	7m8	2.409	AGTTCC
1024165	64	o6	1.282	AGTTCC
1024297	145	6m	2.520	GTTCCT
1024384	415	o6	1.714	AGTTCC
1024394	271	7A1	2.544	GTTCCT
1024529	1455	o6	2.757	AGTTCC
1024532	52	8m	1.322	AGTTCC
1024601	58	o6	3.423	AGTTCC
1024618	23	o6	1.267	AGTTCC
1024634	667	6m	2.606	GTTCCT
1024648	1717	6m	1.200	GTTCCT
1024648	10287	7A1	2.794	GTTCCT
1024658	386	7A1	2.377	GTTCCT
1024709	381	7A1	2.472	GTTCCT
1024726	110	7m8	2.741	GTTCCT
1024775	35	6m	2.704	GTTCCT
1024843	1174	o6	1.761	AGTTCC
1024904	3741	8m	2.538	AGTTCC
1024926	203	o6	1.510	AGTTCC
1024939	1208	7m8	2.073	AGTTCC
1024945	86	7A1	2.544	GTTCCT
1024971	370	6m	2.723	GTTCCT
1025001	191	7A1	3.649	GTTCCT
1025016	20	7m8	1.001	GTTCCT
1025059	2611	7m8	2.457	AGTTCC
1025080	62	7m8	2.292	AGTTCC
1025168	1821	o6	2.149	AGTTCC
1025179	259	7A1	2.807	GTTCCT
1025204	607	6m	2.791	GTTCCT
1025216	597	6m	1.349	GTTCCT
1025229	240	6m	2.072	GTTCCT
1025262	112	7m8	2.603	AGTTCC
1025391	299	6m	2.086	GTTCCT
1025403	116	o6	1.233	AGTTCC
1025409	62	6m	1.306	GTTCCT
1025487	569	o6	2.272	AGTTCC
1025548	1066	7m8	1.752	AGTTCC
1025565	738	6m	1.633	GTTCCT
1025690	589	6m	2.764	GTTCCT
1025776	471	o6	1.107	AGTTCC
1025883	372	6m	1.322	GTTCCT
1025886	128	o6	2.538	AGTTCC
1025934	1147	6m	1.039	GTTCCT
1026215	268	8m	2.643	AGTTCC
1026222	19	o6	1.097	AGTTCC
1026244	325	8m	2.025	GTTCCT
1026414	15	7A1	1.903	GTTCCT
1026414	256	6m	1.212	GTTCCT
1026480	306	o6	1.076	AGTTCC
1026525	1015	o6	1.500	AGTTCC
1026555	199	6m	1.255	GTTCCT
1026558	677	7m8	2.321	AGTTCC
1026688	1872	6m	1.222	GTTCCT
1026711	3810	7A1	1.711	GTTCCT
1026798	1436	7m8	2.017	AGTTCC
1026831	97	6m	2.268	GTTCCT
1026838	1141	o6	2.061	AGTTCC
1027145	61	6m	1.920	GTTCCT
1027150	326	o6	1.101	AGTTCC
1027153	113	6m	2.493	GTTCCT
1027214	343	6m	1.973	GTTCCT
1027226	265	8m	1.690	GTTCCT
1027390	33	7m8	2.882	AGTTCC
1027417	815	7A1	2.704	GTTCCT
1027756	624	o6	1.234	AGTTCC
1028001	378	7m8	1.645	GTTCCT
1028001	871	o6	2.494	AGTTCC
1028023	630	6m	2.344	GTTCCT
1028070	44	o6	1.205	AGTTCC
1028073	153	6m	1.654	GTTCCT
1028106	514	o6	1.661	AGTTCC
1028150	133	o6	1.255	AGTTCC
1028262	76	7m8	1.015	GTTCCT
1028702	159	6m	3.006	GTTCCT
1028794	314	6m	2.377	GTTCCT
1028794	400	6m	1.970	GTTCCT
1028869	37	6m	1.960	GTTCCT
1028932	148	o6	1.415	AGTTCC
1028998	813	o6	1.328	AGTTCC
1029028	152	6m	1.606	GTTCCT
1029164	37	6m	1.711	GTTCCT
1029192	1524	o6	1.577	AGTTCC
1029298	467	6m	1.529	GTTCCT
1029480	171	6m	2.521	GTTCCT
1029504	1013	o6	1.282	AGTTCC
1029532	60	6m	2.648	GTTCCT
1029564	41	6m	3.034	GTTCCT
1029569	91	o6	1.132	AGTTCC
1029697	702	7m8	2.922	GTTCCT
1029715	273	o6	2.544	AGTTCC
1029733	90	o6	1.713	AGTTCC
1029749	911	7A1	2.818	GTTCCT
1029874	33	o6	1.032	AGTTCC
1030332	107	8m	1.248	AGTTCC
1030373	440	6m	2.056	GTTCCT
1030565	169	6m	2.393	GTTCCT
1030566	753	6m	2.069	GTTCCT
1030882	396	o6	1.228	AGTTCC
1031036	537	o6	1.753	AGTTCC
1031106	401	7A1	1.184	GTTCCT
1031156	792	7m8	2.533	AGTTCC
1031187	333	o6	1.080	AGTTCC
1031390	7225	7m8	1.512	AGTTCC
1031495	471	8m	1.284	GTTCCT
1031498	902	6m	1.331	GTTCCT
1031698	1130	6m	1.609	GTTCCT
1031782	801	o6	1.606	AGTTCC
1031818	397	7m8	2.184	AGTTCC
1031821	293	6m	2.425	GTTCCT
1031962	109	o6	1.369	AGTTCC
1032058	29	6m	2.860	GTTCCT
1032231	57	o6	1.304	AGTTCC
1032231	64	o6	1.740	AGTTCC
1032292	411	o6	1.069	AGTTCC
1032369	2811	7A1	2.219	GTTCCT
1032430	334	o6	2.017	AGTTCC
1032471	613	6m	2.475	GTTCCT
1032581	160	o6	1.525	AGTTCC
1032617	1152	7m8	3.175	GTTCCT
1032622	1156	7A1	2.807	GTTCCT
1032763	256	o6	1.117	AGTTCC
1032929	478	7m8	2.105	AGTTCC
1032929	1273	6m	1.590	GTTCCT
1032929	1801	7m8	1.427	AGTTCC
1032929	2323	6m	1.892	GTTCCT
1032965	374	6m	1.660	GTTCCT
1033160	1361	6m	2.657	GTTCCT
1033187	342	6m	2.923	GTTCCT
1033378	501	6m	2.544	GTTCCT
1033478	132	o6	1.260	AGTTCC
1033565	1838	7A1	3.534	GTTCCT
1033679	11	7m8	1.073	AGTTCC
1033739	824	o6	1.388	AGTTCC
1033751	195	7m8	1.578	AGTTCC
1033795	1746	o6	1.163	AGTTCC
1033956	1887	8m	2.079	AGTTCC
1033960	337	7m8	1.284	AGTTCC
1033984	964	o6	1.715	AGTTCC
1033995	147	8m	2.178	AGTTCC
1033995	266	7A1	2.178	GTTCCT
1033995	450	8m	2.372	AGTTCC
1033995	1263	8m	1.704	GTTCCT
1034001	154	o6	1.446	AGTTCC
1034040	254	7A1	2.321	GTTCCT
1034311	389	6m	3.574	GTTCCT
1034337	266	o6	1.251	AGTTCC
1034386	13	o6	1.283	AGTTCC
1034413	401	6m	2.006	GTTCCT
1034496	1356	o6	2.377	AGTTCC
1034545	1036	o6	1.006	AGTTCC
1034551	248	o6	1.378	AGTTCC
1034556	703	7m8	3.155	AGTTCC
1034556	2492	o6	2.321	AGTTCC
1034569	7557	6m	1.933	GTTCCT
1034586	793	6m	1.334	GTTCCT
1034745	135	o6	1.255	AGTTCC
1034789	264	7A1	1.405	GTTCCT
1034843	31	7A1	2.654	GTTCCT
1034909	900	6m	3.043	GTTCCT
1034917	641	6m	1.310	GTTCCT
1035001	190	6m	2.316	GTTCCT
1035001	1113	7m8	1.906	AGTTCC
1035040	2204	o6	1.777	AGTTCC
1035081	107	o6	1.910	AGTTCC
1035132	314	o6	2.249	AGTTCC
1035181	96	o6	1.635	AGTTCC
1035195	83	7m8	1.327	GTTCCT
1035251	58	7A1	1.937	GTTCCT
1035276	608	6m	2.695	GTTCCT
1035288	1081	7m8	1.690	AGTTCC
1035417	151	o6	2.321	AGTTCC
1035513	780	7A1	1.434	GTTCCT
1035569	5657	6m	2.469	GTTCCT
1035569	7161	7m8	2.053	AGTTCC
1035569	10650	6m	1.598	GTTCCT
1035687	56	6m	2.943	GTTCCT
1035794	26	o6	2.377	AGTTCC
1035801	1599	o6	1.168	AGTTCC
1035816	299	o6	1.247	AGTTCC
1036001	1793	6m	1.315	GTTCCT
1036005	115	6m	1.707	GTTCCT
1036127	1756	o6	1.648	AGTTCC
1036127	1960	o6	1.152	AGTTCC
1036127	3013	7m8	2.895	AGTTCC
1036127	3202	6m	2.369	GTTCCT
1036127	6853	7m8	2.871	AGTTCC
1036127	7684	6m	1.808	GTTCCT
1036127	8338	o6	2.758	AGTTCC
1036127	8569	o6	2.325	AGTTCC
1036127	8908	6m	3.390	GTTCCT
1036127	9199	6m	4.513	GTTCCT
1036127	10087	7A1	1.243	GTTCCT
1036127	10474	o6	1.053	AGTTCC
1036149	575	o6	1.302	AGTTCC
1036299	62	6m	1.045	GTTCCT
1036299	376	7m8	1.097	GTTCCT
1036299	1522	7A1	1.094	GTTCCT
1036328	559	7m8	1.339	AGTTCC
1036343	1103	7m8	1.073	AGTTCC
1036358	228	o6	1.721	AGTTCC
1036367	491	o6	1.170	AGTTCC
1036419	257	7m8	1.560	AGTTCC
1036515	65	7m8	4.317	GTTCCT
1036552	76	o6	2.073	AGTTCC
1036637	302	7m8	3.153	AGTTCC
1036656	281	7A1	2.584	GTTCCT
1036668	84	7A1	3.413	GTTCCT
1036682	1749	o6	2.483	AGTTCC
1036706	2877	o6	1.103	AGTTCC
1036866	120	7m8	3.332	AGTTCC
1036884	6	8m	3.039	AGTTCC
1036951	301	o6	1.894	AGTTCC
1037067	40	7m8	3.158	AGTTCC
1037090	1121	o6	2.005	AGTTCC
1037307	186	o6	1.368	AGTTCC
1037446	28	o6	1.701	AGTTCC
1037537	345	6m	1.668	GTTCCT
1037982	236	6m	1.295	GTTCCT
1038067	13	6m	2.776	GTTCCT
1038122	329	o6	1.073	AGTTCC
1038127	43	7m8	1.121	AGTTCC
1038214	14	o6	1.907	AGTTCC
1038214	1476	o6	2.584	AGTTCC
1038446	70	6m	1.708	GTTCCT
1038485	240	o6	2.854	AGTTCC
1038511	405	6m	2.497	GTTCCT
1038511	692	o6	2.020	AGTTCC
1038515	59	8m	2.479	AGTTCC
1038640	2715	o6	2.792	AGTTCC
1038670	694	7m8	1.560	GTTCCT
1038704	196	6m	1.648	GTTCCT
1038748	41	7m8	1.220	AGTTCC
1038833	767	o6	1.389	AGTTCC
1038897	104	o6	1.603	AGTTCC
1038897	1626	7m8	1.867	AGTTCC
1038900	1126	o6	1.603	AGTTCC
1038900	2648	7m8	1.867	AGTTCC
1039061	3208	6m	2.014	GTTCCT
1039091	141	8m	1.593	AGTTCC
1039118	150	o6	1.154	AGTTCC
1039267	1074	o6	1.073	AGTTCC
1039285	284	7A1	2.854	GTTCCT
1039285	2492	6m	2.278	GTTCCT
1039431	1442	o6	2.286	AGTTCC
1039503	941	6m	2.512	GTTCCT
1039563	1486	7m8	1.606	AGTTCC
1039606	838	7A1	2.627	GTTCCT
1039636	1394	7m8	1.079	GTTCCT
1039636	1580	o6	1.172	AGTTCC
1039651	337	6m	2.707	GTTCCT
1039718	380	6m	2.286	GTTCCT
1039805	1250	8m	3.649	AGTTCC
1039832	58	7m8	1.880	AGTTCC
1039832	298	o6	1.764	AGTTCC
1039853	2571	6m	1.965	GTTCCT
1039911	46	o6	2.471	AGTTCC
1040001	759	o6	1.288	AGTTCC
1040016	1709	7A1	1.065	GTTCCT
1040016	2155	6m	1.065	GTTCCT
1040016	2191	o6	1.694	AGTTCC
1040019	178	7A1	1.548	GTTCCT
1040019	624	6m	1.548	GTTCCT
1040019	660	o6	2.357	AGTTCC
1040040	719	o6	1.467	AGTTCC
1040048	2390	o6	1.349	AGTTCC
1040048	2625	o6	2.775	AGTTCC
1040058	8131	o6	1.086	AGTTCC
1040162	1063	7A1	2.073	GTTCCT
1040190	1565	7A1	1.940	GTTCCT
1040210	1266	6m	2.850	GTTCCT
1040214	1063	7m8	1.240	AGTTCC
1040214	1313	7A1	2.056	GTTCCT
1040331	57	7m8	3.762	AGTTCC
1040331	777	6m	1.351	GTTCCT
1040346	2684	o6	1.254	AGTTCC
1040411	195	6m	2.576	GTTCCT
1040438	1342	o6	2.007	AGTTCC
1040479	2517	7m8	1.468	AGTTCC
1040560	1237	o6	1.122	AGTTCC
1040646	506	7A1	1.560	GTTCCT
1040646	2218	o6	1.857	AGTTCC
1040646	2486	8m	2.223	AGTTCC
