1000021	1246	7A1	2.807	GTGTTC
1000042	161	o6	1.447	TGTGTT
1000066	2249	o6	1.632	TGTGTT
1000081	993	7A1	1.110	GTGTTC
1000113	54	8m	1.322	TGTGTT
1000134	220	o6	2.400	TGTGTT
1000134	942	o6	1.053	TGTGTT
1000134	1037	o6	1.016	TGTGTT
1000138	104	6m	2.173	GTGTTC
1000146	672	7A1	2.728	GTGTTC
1000176	2	o6	3.652	TGTGTT
1000204	47	o6	1.545	TGTGTT
1000204	213	o6	1.322	TGTGTT
1000248	612	7m8	1.073	TGTGTT
1000293	36	o6	2.377	TGTGTT
1000294	334	7m8	1.733	TGTGTT
1000351	86	8m	3.649	TGTGTT
1000354	56	o6	1.205	TGTGTT
1000436	60	o6	2.922	TGTGTT
1000436	255	o6	1.235	TGTGTT
1000443	2303	o6	1.563	TGTGTT
1000473	15	o6	1.031	TGTGTT
1000478	1496	o6	2.126	TGTGTT
1000478	1835	o6	2.145	TGTGTT
1000493	2192	6m	1.313	GTGTTC
1000494	165	o6	1.279	TGTGTT
1000533	827	o6	2.130	TGTGTT
1000541	129	8m	2.087	TGTGTT
1000541	276	o6	1.318	TGTGTT
1000590	1055	7A1	2.350	GTGTTC
1000634	225	8m	1.132	GTGTTC
1000646	73	8m	1.648	TGTGTT
1000673	534	o6	1.955	TGTGTT
1000701	67	o6	1.600	TGTGTT
1000734	1145	6m	1.906	GTGTTC
1000764	110	o6	1.377	TGTGTT
1000779	1179	o6	2.415	TGTGTT
1000829	1041	o6	2.985	TGTGTT
1000829	1537	7A1	1.084	GTGTTC
1000842	922	o6	1.856	TGTGTT
1000850	128	o6	1.059	TGTGTT
1000860	10	o6	1.132	TGTGTT
1000875	514	8m	2.026	GTGTTC
1000901	1230	o6	1.606	TGTGTT
1000907	528	o6	1.084	TGTGTT
1000907	551	7m8	1.882	TGTGTT
1000913	35	o6	1.512	TGTGTT
1000923	1476	7m8	1.687	TGTGTT
1000929	299	o6	1.850	TGTGTT
1000947	91	6m	2.340	GTGTTC
1000947	304	o6	2.275	TGTGTT
1000947	687	o6	1.375	TGTGTT
1000956	594	7m8	1.441	TGTGTT
1000968	886	o6	1.084	TGTGTT
1000968	2329	o6	1.780	TGTGTT
1001012	899	7A1	1.509	GTGTTC
1001012	1871	o6	2.807	TGTGTT
1001015	824	o6	1.409	TGTGTT
1001030	1053	o6	2.149	TGTGTT
1001030	2273	o6	2.635	TGTGTT
1001072	175	o6	1.045	TGTGTT
1001083	1004	o6	1.536	TGTGTT
1001090	916	o6	1.787	TGTGTT
1001132	37	7A1	2.311	GTGTTC
1001140	231	o6	1.712	TGTGTT
1001148	14	7A1	3.967	GTGTTC
1001148	28	o6	3.682	TGTGTT
1001169	274	7A1	2.147	GTGTTC
1001202	152	6m	1.140	GTGTTC
1001244	112	6m	3.519	GTGTTC
1001244	488	o6	1.506	TGTGTT
1001249	777	7A1	1.680	GTGTTC
1001346	383	7m8	1.606	TGTGTT
1001440	1348	o6	2.016	TGTGTT
1001440	2546	o6	2.019	TGTGTT
1001482	280	o6	1.818	TGTGTT
1001497	43	7m8	2.215	TGTGTT
1001500	555	o6	1.270	TGTGTT
1001500	667	o6	2.033	TGTGTT
1001506	52	7A1	1.154	GTGTTC
1001518	989	6m	2.926	GTGTTC
1001584	447	7A1	1.560	GTGTTC
1001607	1129	o6	2.966	TGTGTT
1001629	401	7A1	1.943	GTGTTC
1001679	36	o6	1.079	TGTGTT
1001718	110	o6	2.404	TGTGTT
1001754	437	o6	1.255	TGTGTT
1001817	2104	o6	1.290	TGTGTT
1001937	3534	o6	2.854	TGTGTT
1001948	1396	6m	1.101	GTGTTC
1001948	1723	7A1	2.095	GTGTTC
1001949	864	o6	3.237	TGTGTT
1002008	161	8m	2.391	TGTGTT
1002075	277	o6	3.868	TGTGTT
1002098	68	7m8	2.025	TGTGTT
1002105	191	o6	1.062	TGTGTT
1002113	100	o6	1.210	TGTGTT
1002128	105	7A1	2.544	GTGTTC
1002176	2543	8m	1.314	TGTGTT
1002182	1650	o6	1.548	TGTGTT
1002189	189	o6	1.846	TGTGTT
1002352	36	o6	1.002	TGTGTT
1002481	2097	8m	2.854	TGTGTT
1002596	231	o6	1.996	TGTGTT
1002608	305	o6	3.326	TGTGTT
1002661	29	o6	2.025	TGTGTT
1002731	354	o6	1.316	TGTGTT
1002731	359	o6	1.316	TGTGTT
1002737	33	o6	1.733	TGTGTT
1002794	705	o6	1.120	TGTGTT
1002826	248	o6	1.046	TGTGTT
1002830	798	o6	1.263	TGTGTT
1002830	1900	8m	1.731	TGTGTT
1002848	388	o6	2.321	TGTGTT
1002872	41	o6	1.553	TGTGTT
1002872	427	7m8	2.409	TGTGTT
1002985	135	o6	1.195	TGTGTT
1003093	153	7m8	1.225	TGTGTT
1003114	524	o6	2.036	TGTGTT
1003137	613	o6	1.632	TGTGTT
1003140	492	o6	2.548	TGTGTT
1003179	82	o6	1.282	TGTGTT
1003220	32	o6	1.445	TGTGTT
1003233	584	o6	1.356	TGTGTT
1003233	589	o6	1.356	TGTGTT
1003233	639	o6	1.163	TGTGTT
1003266	85	7A1	1.628	GTGTTC
1003417	314	o6	1.084	TGTGTT
1003460	37	6m	1.348	GTGTTC
1003576	164	7A1	1.966	GTGTTC
1003594	136	o6	3.101	TGTGTT
1003756	5	o6	1.316	TGTGTT
1003797	489	6m	1.053	GTGTTC
1003881	201	o6	1.553	TGTGTT
1004002	227	o6	1.687	TGTGTT
1004002	232	7m8	2.061	TGTGTT
1004248	55	o6	1.193	TGTGTT
1004463	720	o6	1.321	TGTGTT
1004463	731	o6	1.606	TGTGTT
1004588	83	7m8	1.677	TGTGTT
1004619	273	o6	1.739	TGTGTT
1004966	206	o6	2.014	TGTGTT
1005000	594	o6	4.305	TGTGTT
1005038	128	7m8	1.670	TGTGTT
1005049	1540	o6	2.660	TGTGTT
1005055	77	o6	1.538	TGTGTT
1005078	198	7m8	1.549	GTGTTC
1005130	165	7m8	1.285	GTGTTC
1005253	426	7m8	3.649	TGTGTT
1005349	3143	o6	2.199	TGTGTT
1005455	358	8m	1.128	GTGTTC
1005474	750	o6	1.284	TGTGTT
1005595	1646	7A1	2.255	GTGTTC
1005626	181	o6	1.194	TGTGTT
1005674	1016	o6	2.770	TGTGTT
1005683	123	7m8	1.322	TGTGTT
1005826	429	o6	1.176	TGTGTT
1006066	573	o6	1.606	TGTGTT
1006548	1229	6m	2.218	GTGTTC
1006639	132	7m8	1.162	TGTGTT
1006668	183	7m8	1.941	TGTGTT
1006693	579	7A1	1.011	GTGTTC
1006699	457	o6	1.747	TGTGTT
1006707	1083	o6	1.001	TGTGTT
1006734	206	7m8	2.638	GTGTTC
1006735	1693	o6	2.191	TGTGTT
1006735	2061	o6	1.724	TGTGTT
1006803	49	o6	1.195	TGTGTT
1006814	716	o6	1.285	TGTGTT
1006920	953	o6	3.377	TGTGTT
1007004	983	o6	1.179	TGTGTT
1007004	1637	o6	1.160	TGTGTT
1007016	30	o6	2.605	TGTGTT
1007053	690	o6	1.129	TGTGTT
1007206	869	o6	1.815	TGTGTT
1007207	456	7m8	1.011	TGTGTT
1007212	350	o6	1.687	TGTGTT
1007242	1398	7m8	2.411	TGTGTT
1007242	4221	7A1	3.005	GTGTTC
1007311	597	o6	2.981	TGTGTT
1007364	2450	o6	1.534	TGTGTT
1007379	462	o6	1.620	TGTGTT
1007448	636	o6	1.205	TGTGTT
1007521	3513	o6	2.220	TGTGTT
1007527	12	o6	1.393	TGTGTT
1007547	576	8m	2.220	TGTGTT
1007547	1487	o6	2.220	TGTGTT
1007547	2660	o6	1.053	TGTGTT
1007584	1212	o6	2.350	TGTGTT
1007637	1346	o6	2.544	TGTGTT
1007673	410	7m8	2.544	TGTGTT
1007673	597	o6	1.616	TGTGTT
1007685	474	o6	1.749	TGTGTT
1007731	3154	o6	1.410	TGTGTT
1007737	337	o6	2.080	TGTGTT
1007740	2756	7A1	1.053	GTGTTC
1007788	363	7m8	1.818	TGTGTT
1007792	787	o6	1.280	TGTGTT
1007797	464	6m	1.448	GTGTTC
1007812	1094	6m	1.367	GTGTTC
1007812	4797	o6	2.107	TGTGTT
1007843	189	7m8	1.677	TGTGTT
1007861	587	o6	1.925	TGTGTT
1007875	753	o6	1.422	TGTGTT
1007888	436	o6	1.207	TGTGTT
1007888	776	o6	3.026	TGTGTT
1007891	97	6m	3.010	GTGTTC
1007897	776	7m8	2.538	TGTGTT
1007903	3082	8m	2.537	TGTGTT
1007920	953	7A1	2.544	GTGTTC
1007936	494	o6	1.282	TGTGTT
1007950	2124	o6	1.125	TGTGTT
1007969	325	o6	1.567	TGTGTT
1007969	330	7m8	1.731	TGTGTT
1007989	103	o6	1.120	TGTGTT
1008036	2016	7A1	1.251	GTGTTC
1008081	100	7m8	1.560	TGTGTT
1008114	51	o6	1.722	TGTGTT
1008129	97	7m8	1.925	TGTGTT
1008145	2412	o6	1.053	TGTGTT
1008145	5578	7m8	1.910	TGTGTT
1008162	229	o6	2.301	TGTGTT
1008183	520	6m	1.040	GTGTTC
1008183	604	o6	1.371	TGTGTT
1008204	146	o6	1.936	TGTGTT
1008225	408	o6	1.657	TGTGTT
1008270	561	o6	1.949	TGTGTT
1008286	957	o6	2.863	TGTGTT
1008454	511	o6	1.356	TGTGTT
1008454	669	o6	2.544	TGTGTT
1008477	118	o6	1.611	TGTGTT
1008521	1033	o6	1.682	TGTGTT
1008573	164	o6	1.133	TGTGTT
1008621	229	o6	1.285	TGTGTT
1008654	143	8m	3.034	GTGTTC
1008666	1321	o6	1.596	TGTGTT
1008671	262	6m	1.678	GTGTTC
1008707	1011	o6	2.054	TGTGTT
1008720	141	o6	1.533	TGTGTT
1008749	767	7m8	1.749	TGTGTT
1008789	294	o6	1.979	TGTGTT
1008830	170	o6	1.112	TGTGTT
1008846	376	7m8	1.156	TGTGTT
1008852	679	7m8	1.075	TGTGTT
1008882	339	o6	1.082	TGTGTT
1008893	73	7m8	1.233	TGTGTT
1008897	782	o6	1.322	TGTGTT
1008966	1535	7A1	2.341	GTGTTC
1008966	2084	o6	2.341	TGTGTT
1008989	358	o6	1.918	TGTGTT
1008990	228	o6	1.766	TGTGTT
1009026	1203	7m8	3.511	TGTGTT
1009037	2820	o6	1.067	TGTGTT
1009043	1480	o6	2.037	TGTGTT
1009083	460	6m	1.687	GTGTTC
1009191	339	o6	2.598	TGTGTT
1009255	1050	o6	1.901	TGTGTT
1009285	618	8m	1.126	TGTGTT
1009297	499	o6	1.457	TGTGTT
1009303	362	o6	2.073	TGTGTT
1009303	606	7m8	2.073	TGTGTT
1009303	639	o6	2.073	TGTGTT
1009303	1204	7m8	1.690	TGTGTT
1009307	64	o6	1.893	TGTGTT
1009369	573	o6	1.434	TGTGTT
1009369	606	6m	1.401	GTGTTC
1009439	62	o6	1.393	TGTGTT
1009475	260	o6	1.311	TGTGTT
1009684	1586	o6	1.719	TGTGTT
1009684	1603	o6	2.119	TGTGTT
1009739	50	6m	1.487	GTGTTC
1009834	462	o6	1.284	TGTGTT
1009873	1027	7A1	2.460	GTGTTC
1009902	40	o6	1.825	TGTGTT
1009948	1935	8m	2.660	TGTGTT
1009953	115	7m8	2.504	TGTGTT
1010111	51	6m	1.001	GTGTTC
1010136	216	o6	1.611	TGTGTT
1010163	23	o6	1.041	TGTGTT
1010232	1842	7A1	1.606	GTGTTC
1010237	1889	o6	1.786	TGTGTT
1010238	1469	7A1	1.606	GTGTTC
1010250	1024	o6	1.051	TGTGTT
1010250	1494	o6	1.245	TGTGTT
1010293	424	o6	2.220	TGTGTT
1010299	78	o6	2.538	TGTGTT
1010332	365	o6	1.437	TGTGTT
1010377	176	7m8	1.737	TGTGTT
1010385	831	o6	2.255	TGTGTT
1010398	101	8m	2.265	TGTGTT
1010401	3954	7m8	2.538	TGTGTT
1010445	53	o6	1.100	TGTGTT
1010553	257	o6	1.321	TGTGTT
1010646	2063	7m8	1.997	TGTGTT
1010649	791	o6	1.063	TGTGTT
1010649	1154	o6	3.287	TGTGTT
1010652	86	7A1	1.496	GTGTTC
1010712	360	o6	1.520	TGTGTT
1010808	19	7m8	1.063	TGTGTT
1010812	43	8m	1.410	GTGTTC
1010821	214	o6	1.405	TGTGTT
1010950	2052	o6	1.070	TGTGTT
1010956	2119	o6	2.541	TGTGTT
1011074	134	6m	1.018	GTGTTC
1011095	676	o6	2.305	TGTGTT
1011107	133	7m8	2.066	TGTGTT
1011194	170	6m	1.434	GTGTTC
1011206	44	o6	1.911	TGTGTT
1011242	141	o6	1.687	TGTGTT
1011321	1663	o6	1.076	TGTGTT
1011385	273	o6	1.108	TGTGTT
1011393	491	7m8	2.468	GTGTTC
1011403	275	o6	2.675	TGTGTT
1011416	170	o6	1.973	TGTGTT
1011487	83	o6	2.020	TGTGTT
1011698	243	o6	1.157	TGTGTT
1011742	1438	o6	3.182	TGTGTT
1011836	100	o6	1.692	TGTGTT
1011868	123	o6	1.668	TGTGTT
1011897	314	o6	1.567	TGTGTT
1011950	43	o6	2.429	TGTGTT
1011950	697	o6	2.943	TGTGTT
1012020	4	7m8	1.660	TGTGTT
1012045	67	o6	2.010	TGTGTT
1012122	219	7m8	2.544	TGTGTT
1012169	502	o6	2.254	TGTGTT
1012205	234	6m	1.150	GTGTTC
1012323	294	o6	1.986	TGTGTT
1012383	339	6m	1.127	GTGTTC
1012409	82	7m8	1.824	TGTGTT
1012491	256	o6	1.687	TGTGTT
1012751	258	o6	1.228	TGTGTT
1012878	113	7A1	2.003	GTGTTC
1013005	130	o6	1.100	TGTGTT
1013108	1049	o6	2.907	TGTGTT
1013109	204	7A1	2.676	GTGTTC
1013114	314	8m	2.116	TGTGTT
1013177	228	o6	1.907	TGTGTT
1013246	368	7m8	2.600	TGTGTT
1013306	174	o6	1.496	TGTGTT
1013306	476	7A1	3.464	GTGTTC
1013327	273	o6	2.220	TGTGTT
1013334	426	o6	1.890	TGTGTT
1013344	101	o6	1.606	TGTGTT
1013365	770	o6	1.690	TGTGTT
1013518	1469	o6	1.255	TGTGTT
1013573	551	6m	1.485	GTGTTC
1013585	48	o6	2.840	TGTGTT
1013591	246	o6	2.045	TGTGTT
1013591	2402	6m	3.466	GTGTTC
1013596	76	o6	1.593	TGTGTT
1013613	183	o6	1.962	TGTGTT
1013670	1980	6m	2.552	GTGTTC
1013676	183	8m	3.242	GTGTTC
1013745	23	7A1	1.032	GTGTTC
1013782	299	8m	1.322	TGTGTT
1013820	101	o6	1.189	TGTGTT
1013902	164	o6	2.366	TGTGTT
1013927	395	o6	2.217	TGTGTT
1013988	1412	o6	2.840	TGTGTT
1014014	36	o6	1.456	TGTGTT
1014063	108	7m8	1.167	TGTGTT
1014146	205	o6	1.087	TGTGTT
1014174	617	o6	2.695	TGTGTT
1014174	812	o6	2.437	TGTGTT
1014174	1090	8m	1.193	TGTGTT
1014198	960	o6	2.020	TGTGTT
1014280	41	8m	1.155	TGTGTT
1014358	756	o6	1.185	TGTGTT
1014358	825	7m8	1.789	TGTGTT
1014403	928	o6	1.073	TGTGTT
1014403	2298	o6	2.235	TGTGTT
1014418	2239	o6	2.098	TGTGTT
1014418	2655	o6	1.084	TGTGTT
1014465	144	o6	2.409	TGTGTT
1014485	241	o6	1.729	TGTGTT
1014559	1493	o6	1.493	TGTGTT
1014587	42	o6	1.027	TGTGTT
1014588	3270	o6	1.284	TGTGTT
1014883	191	8m	1.023	TGTGTT
1014883	501	7m8	2.981	TGTGTT
1014883	1742	o6	1.205	TGTGTT
1014884	60	o6	1.513	TGTGTT
1014892	890	o6	1.456	TGTGTT
1014899	140	o6	2.150	TGTGTT
1014996	92	o6	1.229	TGTGTT
1015015	46	o6	1.347	TGTGTT
1015047	194	o6	1.747	TGTGTT
1015047	2370	o6	2.409	TGTGTT
1015085	1905	o6	1.891	TGTGTT
1015145	1377	8m	2.704	TGTGTT
1015145	1771	8m	2.025	TGTGTT
1015156	40	7m8	2.207	TGTGTT
1015156	47	7m8	2.207	TGTGTT
1015157	47	6m	1.003	GTGTTC
1015157	563	o6	2.460	TGTGTT
1015162	1635	o6	1.082	TGTGTT
1015320	181	6m	1.150	GTGTTC
1015388	362	7A1	1.923	GTGTTC
1015394	356	o6	2.688	TGTGTT
1015418	986	o6	1.868	TGTGTT
1015435	440	7A1	1.804	GTGTTC
1015441	619	o6	1.780	TGTGTT
1015504	542	o6	1.596	TGTGTT
1015511	54	o6	1.377	TGTGTT
1015526	681	6m	1.042	GTGTTC
1015555	3773	6m	1.923	GTGTTC
1015572	2693	o6	1.182	TGTGTT
1015637	309	o6	1.327	TGTGTT
1015637	535	o6	1.030	TGTGTT
1015667	297	6m	2.239	GTGTTC
1015685	468	o6	2.632	TGTGTT
1015685	1163	o6	1.674	TGTGTT
1015685	1213	o6	2.734	TGTGTT
1015697	193	7A1	1.284	GTGTTC
1015755	171	o6	1.322	TGTGTT
1015778	89	o6	1.654	TGTGTT
1015885	40	o6	1.273	TGTGTT
1015995	1484	o6	2.025	TGTGTT
1015995	1770	o6	2.300	TGTGTT
1015996	156	7A1	1.356	GTGTTC
1016007	434	7m8	2.544	TGTGTT
1016016	2076	o6	2.840	TGTGTT
1016026	184	8m	2.220	GTGTTC
1016026	2604	7m8	1.322	GTGTTC
1016029	1549	o6	2.098	TGTGTT
1016029	1965	o6	1.084	TGTGTT
1016047	777	o6	2.037	TGTGTT
1016098	908	o6	2.708	TGTGTT
1016119	209	o6	2.276	TGTGTT
1016179	2666	o6	1.493	TGTGTT
1016200	693	7A1	2.061	GTGTTC
1016214	263	o6	1.328	TGTGTT
1016245	91	o6	2.201	TGTGTT
1016256	391	o6	1.808	TGTGTT
1016347	630	o6	1.729	TGTGTT
1016373	532	o6	1.882	TGTGTT
1016394	383	o6	2.061	TGTGTT
1016397	34	o6	1.073	TGTGTT
1016398	1049	o6	1.449	TGTGTT
1016419	41	o6	1.489	TGTGTT
1016422	376	o6	1.658	TGTGTT
1016449	4892	o6	2.544	TGTGTT
1016500	1301	o6	1.592	TGTGTT
1016511	934	o6	2.415	TGTGTT
1016565	779	7A1	1.606	GTGTTC
1016565	937	o6	1.606	TGTGTT
1016565	1393	o6	1.606	TGTGTT
1016571	1550	o6	1.796	TGTGTT
1016574	3665	o6	1.007	TGTGTT
1016581	516	o6	3.005	TGTGTT
1016598	182	o6	2.069	TGTGTT
1016598	1047	o6	2.220	TGTGTT
1016620	1255	o6	1.322	TGTGTT
1016644	229	6m	1.164	GTGTTC
1016685	1565	o6	2.504	TGTGTT
1016691	715	o6	1.805	TGTGTT
1016698	919	o6	1.186	TGTGTT
1016698	1224	o6	2.006	TGTGTT
1016701	1296	o6	1.440	TGTGTT
1016701	1517	o6	2.305	TGTGTT
1016713	3894	7m8	1.606	TGTGTT
1016721	84	o6	1.549	TGTGTT
1016773	109	o6	1.067	TGTGTT
1016806	1237	o6	1.509	TGTGTT
1016848	1573	o6	2.746	TGTGTT
1016860	1482	o6	1.053	TGTGTT
1016958	145	7m8	2.537	TGTGTT
1016965	519	o6	1.101	TGTGTT
1016976	5	o6	1.575	TGTGTT
1017001	97	o6	1.846	TGTGTT
1017069	56	o6	1.897	TGTGTT
1017091	201	o6	3.376	TGTGTT
1017100	63	o6	1.052	TGTGTT
1017135	1468	7A1	1.053	GTGTTC
1017169	92	o6	1.264	TGTGTT
1017169	1770	o6	1.315	TGTGTT
1017169	1879	o6	2.537	TGTGTT
1017197	397	7m8	2.265	TGTGTT
1017197	1543	o6	1.133	TGTGTT
1017258	181	o6	1.939	TGTGTT
1017282	833	7m8	1.188	TGTGTT
1017294	173	o6	1.298	TGTGTT
1017348	157	7m8	1.970	TGTGTT
1017363	4	o6	1.489	TGTGTT
1017428	84	o6	2.718	TGTGTT
1017437	737	6m	1.627	GTGTTC
1017457	293	8m	1.314	GTGTTC
1017511	1871	o6	1.690	TGTGTT
1017524	612	o6	1.072	TGTGTT
1017614	692	o6	2.530	TGTGTT
1017614	2732	o6	1.184	TGTGTT
1017614	2745	o6	1.041	TGTGTT
1017677	243	o6	1.894	TGTGTT
1017695	196	o6	1.928	TGTGTT
1017733	936	6m	1.992	GTGTTC
1017826	21	o6	1.209	TGTGTT
1017874	148	o6	3.093	TGTGTT
1017919	173	o6	1.284	TGTGTT
1017967	306	o6	1.321	TGTGTT
1018020	539	o6	1.687	TGTGTT
1018029	74	o6	2.025	TGTGTT
1018032	142	o6	1.720	TGTGTT
1018062	1083	7A1	3.251	GTGTTC
1018099	382	6m	3.207	GTGTTC
1018135	51	6m	1.997	GTGTTC
1018153	63	7A1	1.158	GTGTTC
1018168	396	o6	2.795	TGTGTT
1018173	32	o6	1.834	TGTGTT
1018262	531	o6	3.619	TGTGTT
1018268	1155	o6	1.376	TGTGTT
1018268	1658	o6	2.523	TGTGTT
1018277	558	7m8	2.774	TGTGTT
1018277	567	o6	2.774	TGTGTT
1018278	471	o6	1.178	TGTGTT
1018340	231	o6	1.166	TGTGTT
1018344	536	o6	1.016	TGTGTT
1018455	269	o6	2.034	TGTGTT
1018498	28	6m	1.143	GTGTTC
1018504	173	7m8	2.544	TGTGTT
1018549	102	6m	1.289	GTGTTC
1018632	470	o6	2.170	TGTGTT
1018632	1253	o6	1.279	TGTGTT
1018632	2957	8m	2.914	TGTGTT
1018708	422	o6	1.075	TGTGTT
1018753	195	o6	1.700	TGTGTT
1018766	1913	o6	1.745	TGTGTT
1018822	90	o6	1.255	TGTGTT
1018855	82	o6	1.122	TGTGTT
1018909	41	o6	2.097	TGTGTT
1018915	88	o6	3.102	TGTGTT
1018921	606	6m	1.073	GTGTTC
1019049	822	o6	2.149	TGTGTT
1019129	1	o6	1.984	TGTGTT
1019192	494	o6	1.688	TGTGTT
1019198	1000	o6	1.198	TGTGTT
1019233	458	o6	2.017	TGTGTT
1019314	280	o6	2.046	TGTGTT
1019328	342	o6	1.397	TGTGTT
1019354	215	o6	1.148	TGTGTT
1019362	205	o6	1.857	TGTGTT
1019441	217	o6	2.025	TGTGTT
1019474	220	7A1	2.546	GTGTTC
1019486	210	o6	1.006	TGTGTT
1019514	1304	o6	1.836	TGTGTT
1019514	1407	o6	1.322	TGTGTT
1019514	1724	o6	2.076	TGTGTT
1019514	3160	o6	1.787	TGTGTT
1019564	145	8m	2.170	TGTGTT
1019570	80	o6	1.589	TGTGTT
1019579	2581	o6	2.253	TGTGTT
1019579	3217	o6	2.660	TGTGTT
1019698	1645	o6	1.307	TGTGTT
1019764	153	7m8	1.266	TGTGTT
1019776	143	o6	1.451	TGTGTT
1019924	51	8m	1.285	TGTGTT
1019935	298	o6	1.342	TGTGTT
1019942	489	o6	1.779	TGTGTT
1019956	108	8m	1.328	TGTGTT
1019956	126	o6	1.249	TGTGTT
1019983	307	7A1	1.788	GTGTTC
1020059	1659	o6	1.328	TGTGTT
1020066	255	o6	2.010	TGTGTT
1020096	36	6m	1.920	GTGTTC
1020139	1078	o6	1.977	TGTGTT
1020166	2282	7m8	2.192	TGTGTT
1020188	330	o6	1.055	TGTGTT
1020219	1772	o6	1.153	TGTGTT
1020219	1795	o6	2.302	TGTGTT
1020220	271	7m8	1.577	TGTGTT
1020258	65	o6	1.661	TGTGTT
1020258	70	o6	1.661	TGTGTT
1020280	312	o6	1.785	TGTGTT
1020280	1681	o6	1.546	TGTGTT
1020332	84	o6	1.030	TGTGTT
1020435	291	o6	1.990	TGTGTT
1020435	1446	7A1	1.480	GTGTTC
1020435	2657	o6	2.231	TGTGTT
1020476	46	o6	1.813	TGTGTT
1020486	719	o6	1.465	TGTGTT
1020486	791	o6	1.861	TGTGTT
1020491	513	7m8	1.606	TGTGTT
1020495	613	o6	1.053	TGTGTT
1020564	436	o6	2.009	TGTGTT
1020595	78	o6	1.053	TGTGTT
1020615	1850	o6	2.660	TGTGTT
1020615	4063	o6	2.660	TGTGTT
1020624	68	o6	2.667	TGTGTT
1020642	532	o6	2.757	TGTGTT
1020642	649	o6	2.175	TGTGTT
1020661	1850	o6	1.600	TGTGTT
1020728	734	o6	1.434	TGTGTT
1020745	293	7m8	1.536	TGTGTT
1020894	42	o6	1.720	TGTGTT
1021084	1973	o6	1.690	TGTGTT
1021228	19	o6	1.435	TGTGTT
1021288	231	o6	2.932	TGTGTT
1021341	445	8m	2.342	TGTGTT
1021434	1731	6m	1.275	GTGTTC
1021498	458	o6	1.201	TGTGTT
1021508	62	o6	1.412	TGTGTT
1021513	63	o6	1.244	TGTGTT
1021566	2757	o6	1.812	TGTGTT
1021566	2964	o6	2.295	TGTGTT
1021566	3216	o6	1.575	TGTGTT
1021752	36	o6	2.220	TGTGTT
1021813	43	o6	2.131	TGTGTT
1021831	157	o6	1.006	TGTGTT
1021899	918	o6	2.544	TGTGTT
1021899	1111	o6	2.090	TGTGTT
1022057	710	o6	1.282	TGTGTT
1022066	1297	o6	2.526	TGTGTT
1022066	1661	6m	1.304	GTGTTC
1022125	481	7A1	2.764	GTGTTC
1022146	266	o6	1.219	TGTGTT
1022191	227	o6	2.371	TGTGTT
1022198	497	o6	1.394	TGTGTT
1022256	2350	o6	2.400	TGTGTT
1022402	198	o6	2.350	TGTGTT
1022418	1109	o6	1.703	TGTGTT
1022466	255	o6	2.235	TGTGTT
1022495	3723	6m	1.257	GTGTTC
1022495	4283	7m8	1.779	TGTGTT
1022500	345	o6	2.544	TGTGTT
1022531	1293	6m	1.690	GTGTTC
1022541	165	o6	2.544	TGTGTT
1022568	2335	o6	1.284	TGTGTT
1022576	141	o6	1.469	TGTGTT
1022612	44	o6	1.973	TGTGTT
1022813	219	o6	1.322	TGTGTT
1022843	227	o6	1.937	TGTGTT
1022932	1464	o6	1.683	TGTGTT
1022938	1508	o6	1.163	TGTGTT
1022938	2468	o6	1.386	TGTGTT
1022950	172	7A1	2.415	GTGTTC
1022985	434	o6	2.212	TGTGTT
1023004	590	o6	1.080	TGTGTT
1023032	484	o6	1.632	TGTGTT
1023062	4129	o6	1.687	TGTGTT
1023109	1310	o6	1.131	TGTGTT
1023110	1261	o6	1.895	TGTGTT
1023110	1266	o6	1.895	TGTGTT
1023167	454	o6	2.924	TGTGTT
1023187	223	o6	2.118	TGTGTT
1023245	210	o6	2.433	TGTGTT
1023245	304	o6	1.979	TGTGTT
1023281	431	6m	1.611	GTGTTC
1023288	279	o6	2.162	TGTGTT
1023289	842	o6	1.030	TGTGTT
1023298	590	o6	1.793	TGTGTT
1023298	1148	o6	1.632	TGTGTT
1023351	185	o6	1.477	TGTGTT
1023351	697	o6	1.579	TGTGTT
1023362	412	o6	1.516	TGTGTT
1023396	169	o6	1.333	TGTGTT
1023426	353	o6	1.785	TGTGTT
1023432	933	o6	2.544	TGTGTT
1023466	381	o6	1.322	TGTGTT
1023585	152	o6	1.808	TGTGTT
1023594	203	o6	1.314	TGTGTT
1023594	1401	o6	1.322	TGTGTT
1023599	6466	o6	2.031	TGTGTT
1023599	9232	o6	1.808	TGTGTT
1023602	403	o6	1.700	TGTGTT
1023717	465	o6	1.657	TGTGTT
1023727	426	o6	1.394	TGTGTT
1023783	1274	7A1	1.674	GTGTTC
1023790	280	o6	1.241	TGTGTT
1023805	1616	8m	2.350	GTGTTC
1023805	3830	o6	2.020	TGTGTT
1023805	4080	o6	1.891	TGTGTT
1023837	23	o6	2.025	TGTGTT
1023850	425	o6	2.094	TGTGTT
1023885	80	7A1	1.156	GTGTTC
1023931	185	o6	1.991	TGTGTT
1023931	697	o6	2.275	TGTGTT
1023937	51	o6	1.053	TGTGTT
1023970	512	o6	1.266	TGTGTT
1023980	395	o6	1.651	TGTGTT
1023994	31	o6	1.884	TGTGTT
1023998	815	o6	1.560	TGTGTT
1024003	1315	o6	2.341	TGTGTT
1024019	1775	o6	1.321	TGTGTT
1024025	891	o6	1.723	TGTGTT
1024025	902	o6	2.153	TGTGTT
1024028	1356	o6	1.248	TGTGTT
1024031	3325	o6	1.606	TGTGTT
1024031	3331	o6	1.290	TGTGTT
1024031	3912	7m8	3.034	TGTGTT
1024031	4463	7A1	2.788	GTGTTC
1024057	103	o6	1.215	TGTGTT
1024069	44	o6	1.023	TGTGTT
1024069	49	o6	1.023	TGTGTT
1024072	163	o6	1.726	TGTGTT
1024085	2353	o6	1.205	TGTGTT
1024114	414	o6	1.484	TGTGTT
1024114	558	o6	1.232	TGTGTT
1024114	1165	8m	2.694	TGTGTT
1024148	142	o6	1.671	TGTGTT
1024172	398	o6	1.082	TGTGTT
1024190	102	6m	1.196	GTGTTC
1024229	130	o6	1.119	TGTGTT
1024232	141	o6	1.119	TGTGTT
1024241	1013	8m	1.563	TGTGTT
1024358	20	o6	1.171	TGTGTT
1024372	219	o6	1.002	TGTGTT
1024372	226	7m8	2.070	TGTGTT
1024381	1235	o6	2.081	TGTGTT
1024394	269	7m8	1.322	TGTGTT
1024403	244	o6	1.248	TGTGTT
1024445	128	o6	1.440	TGTGTT
1024448	1226	o6	2.438	TGTGTT
1024465	1811	6m	2.220	GTGTTC
1024513	297	o6	1.931	TGTGTT
1024514	111	o6	1.029	TGTGTT
1024529	859	o6	2.757	TGTGTT
1024556	1022	o6	2.375	TGTGTT
1024571	941	o6	2.812	TGTGTT
1024619	833	o6	1.304	TGTGTT
1024619	1776	o6	1.075	TGTGTT
1024619	1853	o6	1.622	TGTGTT
1024622	1267	o6	2.790	TGTGTT
1024648	814	8m	1.749	TGTGTT
1024648	11765	7m8	1.085	TGTGTT
1024705	62	o6	1.168	TGTGTT
1024721	972	6m	2.384	GTGTTC
1024763	264	o6	1.777	TGTGTT
1024763	482	o6	1.449	TGTGTT
1024775	33	7m8	2.704	TGTGTT
1024829	753	o6	3.358	TGTGTT
1024843	2148	7m8	2.659	TGTGTT
1024901	553	o6	1.053	TGTGTT
1024904	609	o6	2.350	TGTGTT
1024926	238	o6	1.690	TGTGTT
1024956	1658	o6	2.350	TGTGTT
1024956	1721	o6	1.976	TGTGTT
1024956	3351	o6	2.635	TGTGTT
1024956	7013	o6	1.606	TGTGTT
1024978	1191	o6	1.606	TGTGTT
1025029	357	o6	2.025	TGTGTT
1025083	94	o6	1.883	TGTGTT
1025150	178	8m	2.002	TGTGTT
1025204	396	o6	2.007	TGTGTT
1025213	229	6m	1.237	GTGTTC
1025229	2133	7A1	2.768	GTGTTC
1025235	718	o6	1.577	TGTGTT
1025242	1453	o6	3.034	TGTGTT
1025268	362	o6	1.366	TGTGTT
1025269	571	o6	1.255	TGTGTT
1025269	698	o6	1.230	TGTGTT
1025322	42	o6	2.334	TGTGTT
1025380	485	6m	2.249	GTGTTC
1025391	930	o6	2.409	TGTGTT
1025392	179	7m8	1.160	TGTGTT
1025427	377	7A1	1.563	GTGTTC
1025431	118	o6	2.537	TGTGTT
1025440	192	o6	1.112	TGTGTT
1025455	280	o6	1.027	TGTGTT
1025502	122	o6	2.228	TGTGTT
1025512	1094	8m	2.385	TGTGTT
1025536	98	o6	2.462	TGTGTT
1025565	736	6m	1.633	GTGTTC
1025624	215	7m8	2.269	TGTGTT
1025624	258	o6	3.613	TGTGTT
1025642	268	o6	3.115	TGTGTT
1025716	102	o6	1.378	TGTGTT
1025724	141	7m8	1.029	TGTGTT
1025772	331	o6	1.053	TGTGTT
1025850	95	o6	1.889	TGTGTT
1025850	225	8m	2.360	TGTGTT
1025872	579	o6	1.740	TGTGTT
1025872	781	o6	1.982	TGTGTT
1025997	56	o6	2.708	TGTGTT
1026012	832	o6	2.506	TGTGTT
1026095	1175	o6	2.316	TGTGTT
1026095	2117	o6	1.796	TGTGTT
1026104	67	o6	1.779	TGTGTT
1026265	159	o6	2.350	TGTGTT
1026290	505	o6	1.528	TGTGTT
1026321	195	o6	1.541	TGTGTT
1026325	52	o6	1.526	TGTGTT
1026363	135	o6	1.402	TGTGTT
1026471	50	7A1	2.405	GTGTTC
1026489	284	7m8	1.238	TGTGTT
1026498	515	o6	2.007	TGTGTT
1026530	825	8m	1.591	TGTGTT
1026708	1042	o6	1.262	TGTGTT
1026711	1880	o6	1.632	TGTGTT
1026711	3144	o6	2.433	TGTGTT
1026711	3313	o6	2.608	TGTGTT
1026726	1698	o6	1.277	TGTGTT
1026737	63	o6	2.694	TGTGTT
1026841	2220	7A1	1.012	GTGTTC
1026950	266	o6	1.687	TGTGTT
1026965	948	o6	1.377	TGTGTT
1026981	1296	o6	2.073	TGTGTT
1027002	547	o6	1.321	TGTGTT
1027016	30	7m8	2.286	TGTGTT
1027114	84	o6	1.012	TGTGTT
1027150	90	o6	1.590	TGTGTT
1027181	102	o6	1.710	TGTGTT
1027226	762	o6	1.628	TGTGTT
1027266	201	o6	1.779	TGTGTT
1027266	207	o6	1.805	TGTGTT
1027276	621	7m8	1.401	GTGTTC
1027393	163	o6	1.611	TGTGTT
1027417	813	7m8	2.704	TGTGTT
1027637	677	o6	1.917	TGTGTT
1027683	367	o6	2.220	TGTGTT
1027697	496	o6	1.298	TGTGTT
1027716	121	o6	2.227	TGTGTT
1027756	1013	o6	1.278	TGTGTT
1027831	80	o6	1.517	TGTGTT
1027844	843	o6	1.550	TGTGTT
1027887	782	o6	2.182	TGTGTT
1027891	210	7m8	1.168	TGTGTT
1027891	1248	o6	2.109	TGTGTT
1027896	140	o6	2.290	TGTGTT
1027954	331	o6	2.017	TGTGTT
1028011	438	7m8	4.066	TGTGTT
1028069	85	o6	1.457	TGTGTT
1028088	42	o6	2.025	TGTGTT
1028140	447	7A1	1.595	GTGTTC
1028143	26	o6	1.190	TGTGTT
1028203	72	o6	2.639	TGTGTT
1028235	474	7m8	1.818	GTGTTC
1028269	407	o6	2.054	TGTGTT
1028269	415	o6	2.054	TGTGTT
1028301	113	o6	1.189	TGTGTT
1028338	41	7A1	1.519	GTGTTC
1028396	123	7m8	1.260	TGTGTT
1028441	3	o6	1.588	TGTGTT
1028441	770	o6	2.533	TGTGTT
1028447	341	8m	1.241	TGTGTT
1028512	514	o6	1.839	TGTGTT
1028653	22	8m	1.687	TGTGTT
1028672	349	o6	2.577	TGTGTT
1028710	1660	o6	1.376	TGTGTT
1028728	43	o6	2.016	TGTGTT
1028734	4429	8m	1.349	TGTGTT
1028751	960	o6	2.734	TGTGTT
1028751	1560	o6	1.606	TGTGTT
1028848	128	7m8	2.008	TGTGTT
1028869	26	o6	1.796	TGTGTT
1028901	88	8m	1.328	TGTGTT
1028911	284	7m8	1.974	TGTGTT
1028931	380	o6	1.919	TGTGTT
1029051	660	o6	1.606	TGTGTT
1029069	1998	o6	1.790	TGTGTT
1029069	2857	o6	2.019	TGTGTT
1029069	3088	o6	2.019	TGTGTT
1029069	4200	o6	2.026	TGTGTT
1029158	46	o6	1.251	TGTGTT
1029179	249	o6	1.281	TGTGTT
1029189	2390	o6	1.161	TGTGTT
1029246	882	o6	1.328	TGTGTT
1029254	53	6m	1.193	GTGTTC
1029298	465	6m	1.207	GTGTTC
1029355	39	o6	2.383	TGTGTT
1029369	2993	o6	1.545	TGTGTT
1029394	474	o6	1.073	TGTGTT
1029399	59	o6	1.012	TGTGTT
1029462	504	o6	3.102	TGTGTT
1029575	202	6m	1.067	GTGTTC
1029592	197	o6	1.780	TGTGTT
1029626	210	o6	1.053	TGTGTT
1029716	17	8m	1.906	TGTGTT
1029716	144	6m	1.319	GTGTTC
1029742	130	o6	1.376	TGTGTT
1029749	1789	o6	1.848	TGTGTT
1029862	597	7m8	2.807	TGTGTT
1029904	414	o6	1.220	TGTGTT
1029985	271	o6	1.590	TGTGTT
1030054	19	o6	1.414	TGTGTT
1030147	261	8m	2.183	TGTGTT
1030189	267	o6	1.306	TGTGTT
1030192	663	7m8	2.335	TGTGTT
1030192	722	o6	1.349	TGTGTT
1030266	750	7A1	2.847	GTGTTC
1030266	1478	o6	2.043	TGTGTT
1030266	1705	8m	2.096	GTGTTC
1030292	40	o6	1.462	TGTGTT
1030335	551	o6	1.711	TGTGTT
1030340	271	o6	1.533	TGTGTT
1030343	49	o6	1.460	TGTGTT
1030420	52	o6	1.154	TGTGTT
1030468	649	8m	2.544	TGTGTT
1030547	208	o6	1.285	TGTGTT
1030566	1353	o6	2.873	TGTGTT
1030688	221	8m	1.651	GTGTTC
1030692	1044	6m	1.285	GTGTTC
1030730	116	o6	1.369	TGTGTT
1030759	99	o6	1.281	TGTGTT
1030762	29	8m	1.702	TGTGTT
1030767	546	o6	3.608	TGTGTT
1030893	335	o6	2.441	TGTGTT
1031024	39	7m8	1.618	TGTGTT
1031024	109	o6	1.190	TGTGTT
1031036	558	o6	2.835	TGTGTT
1031046	389	o6	2.065	TGTGTT
1031142	2043	7m8	1.479	TGTGTT
1031150	100	o6	1.122	TGTGTT
1031199	358	6m	2.497	GTGTTC
1031224	2254	7A1	1.009	GTGTTC
1031245	819	o6	1.056	TGTGTT
1031263	113	o6	2.803	TGTGTT
1031284	154	o6	2.079	TGTGTT
1031304	1270	8m	2.472	TGTGTT
1031304	1593	o6	1.175	TGTGTT
1031307	57	o6	1.462	TGTGTT
1031404	51	8m	2.350	TGTGTT
1031456	117	7m8	2.015	TGTGTT
1031480	691	o6	1.818	TGTGTT
1031498	2284	o6	2.639	TGTGTT
1031551	285	6m	1.152	GTGTTC
1031660	289	o6	1.155	TGTGTT
1031782	82	o6	1.512	TGTGTT
1031782	1041	o6	1.606	TGTGTT
1031791	735	o6	2.341	TGTGTT
1032031	1768	7m8	3.354	TGTGTT
1032132	510	o6	2.098	TGTGTT
1032244	118	o6	1.801	TGTGTT
1032292	685	7A1	1.356	GTGTTC
1032310	265	8m	2.350	TGTGTT
1032316	2	o6	2.377	TGTGTT
1032445	439	7A1	1.284	GTGTTC
1032445	481	o6	2.412	TGTGTT
1032448	60	o6	1.169	TGTGTT
1032456	100	o6	2.210	TGTGTT
1032456	106	o6	2.210	TGTGTT
1032466	1770	6m	2.669	GTGTTC
1032471	1711	6m	1.635	GTGTTC
1032498	751	o6	1.240	TGTGTT
1032565	140	o6	1.703	TGTGTT
1032613	1228	o6	1.396	TGTGTT
1032622	441	o6	2.206	TGTGTT
1032622	1486	o6	2.433	TGTGTT
1032622	2250	o6	2.025	TGTGTT
1032622	4538	o6	2.807	TGTGTT
1032623	248	o6	2.863	TGTGTT
1032631	38	o6	2.025	TGTGTT
1032631	84	o6	1.685	TGTGTT
1032634	1022	6m	1.280	GTGTTC
1032684	486	o6	1.904	TGTGTT
1032687	300	o6	1.950	TGTGTT
1032693	1004	o6	1.606	TGTGTT
1032718	199	o6	2.421	TGTGTT
1032750	812	o6	2.807	TGTGTT
1032802	235	o6	2.442	TGTGTT
1032802	295	7m8	1.077	GTGTTC
1032813	1124	o6	2.694	TGTGTT
1032817	57	o6	2.010	TGTGTT
1032829	807	o6	1.976	TGTGTT
1032876	1382	8m	1.924	TGTGTT
1032876	2048	o6	2.590	TGTGTT
1032884	1147	o6	1.512	TGTGTT
1032918	939	7m8	3.354	TGTGTT
1032921	180	7m8	2.596	TGTGTT
1032929	437	6m	1.993	GTGTTC
1032986	345	o6	1.562	TGTGTT
1033011	886	o6	1.700	TGTGTT
1033070	405	o6	2.473	TGTGTT
1033085	1877	7m8	2.520	TGTGTT
1033141	1332	o6	2.472	TGTGTT
1033151	358	o6	1.414	TGTGTT
1033187	936	o6	1.032	TGTGTT
1033190	253	o6	1.500	TGTGTT
1033351	1734	o6	2.460	TGTGTT
1033384	563	o6	1.228	TGTGTT
1033409	196	o6	2.081	TGTGTT
1033409	224	o6	1.694	TGTGTT
1033452	1875	o6	1.195	TGTGTT
1033475	358	o6	1.137	TGTGTT
1033478	237	6m	1.082	GTGTTC
1033565	402	o6	1.861	TGTGTT
1033565	1592	8m	3.082	TGTGTT
1033565	2827	o6	1.138	TGTGTT
1033598	1406	o6	1.439	TGTGTT
1033607	277	o6	1.082	TGTGTT
1033658	801	o6	3.600	TGTGTT
1033678	1415	o6	1.596	TGTGTT
1033685	888	o6	2.269	TGTGTT
1033739	65	o6	1.535	TGTGTT
1033745	96	6m	1.201	GTGTTC
1033786	1004	7m8	1.801	TGTGTT
1033789	1812	o6	1.606	TGTGTT
1033789	2762	o6	1.805	TGTGTT
1033789	3050	o6	1.563	TGTGTT
1033789	4042	7A1	2.262	GTGTTC
1033795	754	7m8	2.403	TGTGTT
1033795	2161	o6	1.323	TGTGTT
1033827	348	6m	1.458	GTGTTC
1033827	765	7A1	1.835	GTGTTC
1033830	55	7m8	1.284	TGTGTT
1033877	457	o6	1.483	TGTGTT
1033877	1706	o6	3.012	TGTGTT
1033882	207	o6	2.145	TGTGTT
1033883	1007	o6	2.161	TGTGTT
1033883	2257	8m	1.906	TGTGTT
1033907	1333	7m8	2.024	TGTGTT
1033925	148	o6	1.007	TGTGTT
1033971	1711	o6	1.082	TGTGTT
1033971	2904	o6	1.549	TGTGTT
1033971	3263	o6	1.606	TGTGTT
1033971	3522	o6	2.788	TGTGTT
1033978	493	o6	1.031	TGTGTT
1033978	652	o6	1.540	TGTGTT
1033984	601	o6	1.690	TGTGTT
1033995	264	6m	2.133	GTGTTC
1034068	4976	o6	1.355	TGTGTT
1034088	67	o6	1.062	TGTGTT
1034098	311	o6	1.445	TGTGTT
1034109	383	o6	2.505	TGTGTT
1034121	3146	o6	2.090	TGTGTT
1034121	4395	7m8	2.588	TGTGTT
1034160	885	o6	1.236	TGTGTT
1034164	706	o6	1.377	TGTGTT
1034164	732	o6	2.912	TGTGTT
1034202	4799	o6	1.336	TGTGTT
1034247	2849	o6	3.034	TGTGTT
1034247	3419	7m8	3.214	TGTGTT
1034271	112	o6	1.053	TGTGTT
1034304	348	6m	1.894	GTGTTC
1034304	1391	o6	3.034	TGTGTT
1034304	2165	8m	2.592	GTGTTC
1034304	3074	7A1	1.894	GTGTTC
1034311	298	o6	2.707	TGTGTT
1034311	730	o6	1.330	TGTGTT
1034316	1953	o6	2.262	TGTGTT
1034322	24	o6	2.439	TGTGTT
1034334	116	8m	3.392	TGTGTT
1034334	164	6m	1.328	GTGTTC
1034353	968	o6	1.686	TGTGTT
1034362	310	o6	2.208	TGTGTT
1034362	1937	o6	3.347	TGTGTT
1034370	772	7m8	2.791	TGTGTT
1034376	24	o6	1.831	TGTGTT
1034383	107	o6	2.416	TGTGTT
1034397	2765	o6	1.073	TGTGTT
1034397	3161	o6	1.992	TGTGTT
1034413	399	6m	2.006	GTGTTC
1034416	399	o6	1.043	TGTGTT
1034416	827	o6	2.170	TGTGTT
1034464	128	o6	1.128	TGTGTT
1034539	1833	o6	2.073	TGTGTT
1034539	2496	o6	3.287	TGTGTT
1034556	1123	7A1	2.302	GTGTTC
1034556	1905	o6	2.961	TGTGTT
1034557	638	o6	1.698	TGTGTT
1034569	3241	8m	2.589	TGTGTT
1034577	714	o6	2.321	TGTGTT
1034586	372	o6	1.606	TGTGTT
1034598	231	o6	1.281	TGTGTT
1034671	297	o6	1.282	TGTGTT
1034679	3974	o6	1.339	TGTGTT
1034690	790	o6	1.165	TGTGTT
1034709	1148	7A1	2.186	GTGTTC
1034718	430	o6	1.056	TGTGTT
1034736	112	o6	1.691	TGTGTT
1034736	873	o6	2.124	TGTGTT
1034744	1013	o6	1.406	TGTGTT
1034766	391	o6	2.007	TGTGTT
1034772	520	o6	1.906	TGTGTT
1034789	686	o6	1.084	TGTGTT
1034789	726	o6	2.853	TGTGTT
1034828	223	6m	1.302	GTGTTC
1034828	359	7A1	3.337	GTGTTC
1034843	299	8m	3.625	TGTGTT
1034873	490	o6	2.302	TGTGTT
1034899	1006	o6	1.097	TGTGTT
1034899	2371	o6	2.165	TGTGTT
1034902	89	7m8	1.998	GTGTTC
1035001	188	6m	2.316	GTGTTC
1035001	2620	o6	3.957	TGTGTT
1035010	2799	7m8	1.945	TGTGTT
1035093	661	8m	2.446	GTGTTC
1035103	1761	o6	1.941	TGTGTT
1035127	282	o6	1.069	TGTGTT
1035153	1264	7m8	1.426	TGTGTT
1035192	826	o6	1.373	TGTGTT
1035213	321	o6	1.032	TGTGTT
1035213	599	o6	1.755	TGTGTT
1035218	482	o6	1.710	TGTGTT
1035224	99	8m	1.156	TGTGTT
1035276	606	7m8	2.129	TGTGTT
1035288	131	6m	2.265	GTGTTC
1035288	2317	o6	1.682	TGTGTT
1035327	144	7A1	2.252	GTGTTC
1035348	217	8m	1.410	TGTGTT
1035357	61	o6	1.580	TGTGTT
1035380	365	8m	2.793	TGTGTT
1035384	308	8m	2.973	TGTGTT
1035408	335	o6	3.028	TGTGTT
1035477	1217	o6	2.526	TGTGTT
1035513	246	o6	1.607	TGTGTT
1035513	276	o6	1.935	TGTGTT
1035513	711	o6	1.690	TGTGTT
1035527	877	o6	1.212	TGTGTT
1035536	766	7m8	1.157	TGTGTT
1035569	4015	o6	1.040	TGTGTT
1035569	7295	8m	1.810	TGTGTT
1035569	7717	o6	2.240	TGTGTT
1035569	9312	o6	2.247	TGTGTT
1035569	11373	o6	1.053	TGTGTT
1035582	448	o6	2.479	TGTGTT
1035602	258	o6	1.024	TGTGTT
1035605	167	7m8	1.825	TGTGTT
1035656	3725	o6	1.210	TGTGTT
1035692	156	o6	4.134	TGTGTT
1035719	476	o6	2.124	TGTGTT
1035755	111	8m	1.746	TGTGTT
1035755	991	8m	3.464	TGTGTT
1035758	292	7A1	4.188	GTGTTC
1035773	203	o6	1.279	TGTGTT
1035798	3376	o6	1.268	TGTGTT
1035801	3667	o6	1.128	TGTGTT
1035822	418	o6	2.943	TGTGTT
1035882	82	o6	1.725	TGTGTT
1035945	3703	7m8	1.031	TGTGTT
1035945	3762	o6	1.328	TGTGTT
1035945	4700	o6	1.789	TGTGTT
1035963	1224	o6	1.006	TGTGTT
1036001	1522	o6	2.900	TGTGTT
1036053	798	8m	1.867	TGTGTT
1036053	1819	o6	3.444	TGTGTT
1036080	680	7A1	1.541	GTGTTC
1036127	1655	6m	1.423	GTGTTC
1036127	2462	8m	1.891	GTGTTC
1036127	9554	6m	2.689	GTGTTC
1036127	11107	o6	1.322	TGTGTT
1036169	1596	o6	1.783	TGTGTT
1036188	19	o6	1.679	TGTGTT
1036209	159	o6	1.061	TGTGTT
1036277	323	6m	1.493	GTGTTC
1036283	1652	o6	2.371	TGTGTT
1036286	248	o6	1.220	TGTGTT
1036299	988	o6	1.248	TGTGTT
1036299	1018	o6	1.504	TGTGTT
1036299	1453	o6	1.284	TGTGTT
1036304	256	o6	1.030	TGTGTT
1036350	140	o6	1.170	TGTGTT
1036367	269	6m	2.017	GTGTTC
1036367	454	7m8	2.321	TGTGTT
1036374	1947	o6	3.337	TGTGTT
1036408	2	7m8	2.553	TGTGTT
1036419	394	o6	1.487	TGTGTT
1036432	927	o6	2.572	TGTGTT
1036432	1016	o6	1.632	TGTGTT
1036443	331	7m8	1.690	TGTGTT
1036443	454	o6	1.690	TGTGTT
1036449	696	8m	2.302	TGTGTT
1036449	846	7m8	1.217	TGTGTT
1036470	210	o6	3.961	TGTGTT
1036471	358	o6	1.394	TGTGTT
1036471	629	7m8	1.790	TGTGTT
1036482	1570	o6	2.365	TGTGTT
1036482	2014	o6	2.350	TGTGTT
1036497	771	o6	2.499	TGTGTT
1036537	2167	o6	3.269	TGTGTT
1036568	4404	o6	1.889	TGTGTT
1036592	253	o6	1.073	TGTGTT
1036661	49	7m8	2.317	TGTGTT
1036676	1023	o6	2.016	TGTGTT
1036679	-1	7A1	1.446	GTGTTC
1036706	1055	o6	2.878	TGTGTT
1036779	616	o6	2.971	TGTGTT
1036788	1540	o6	1.062	TGTGTT
1036788	2538	o6	1.288	TGTGTT
1036815	78	o6	2.231	TGTGTT
1036818	176	o6	2.837	TGTGTT
1036853	180	o6	2.073	TGTGTT
1036853	244	o6	1.434	TGTGTT
1036982	221	o6	1.457	TGTGTT
1036986	50	7m8	1.277	TGTGTT
1036991	707	7m8	1.619	TGTGTT
1037051	600	o6	1.236	TGTGTT
1037067	99	o6	2.080	TGTGTT
1037171	1181	o6	1.246	TGTGTT
1037207	171	o6	1.197	TGTGTT
1037207	924	o6	1.943	TGTGTT
1037225	98	o6	1.737	TGTGTT
1037234	201	o6	2.043	TGTGTT
1037301	3000	o6	2.459	TGTGTT
1037333	661	7m8	1.042	TGTGTT
1037333	1830	o6	1.047	TGTGTT
1037414	433	8m	2.884	TGTGTT
1037419	293	o6	1.853	TGTGTT
1037428	31	o6	2.142	TGTGTT
1037485	1322	o6	2.047	TGTGTT
1037503	349	6m	2.053	GTGTTC
1037503	376	7A1	2.976	GTGTTC
1037504	721	o6	1.138	TGTGTT
1037516	1152	o6	1.524	TGTGTT
1037533	110	6m	2.150	GTGTTC
1037534	206	6m	1.394	GTGTTC
1037537	318	7m8	1.408	TGTGTT
1037537	343	6m	1.668	GTGTTC
1037615	406	7m8	1.006	TGTGTT
1037709	487	6m	2.191	GTGTTC
1037732	402	o6	2.303	TGTGTT
1037732	420	o6	1.551	TGTGTT
1037733	77	o6	1.355	TGTGTT
1037771	107	o6	2.246	TGTGTT
1037958	84	o6	1.399	TGTGTT
1038021	1525	7A1	1.831	GTGTTC
1038037	66	o6	1.162	TGTGTT
1038037	97	o6	1.264	TGTGTT
1038122	316	7m8	1.690	TGTGTT
1038150	141	o6	1.394	TGTGTT
1038156	42	7m8	2.688	GTGTTC
1038177	89	7A1	1.453	GTGTTC
1038193	214	o6	1.051	TGTGTT
1038312	2337	o6	1.690	TGTGTT
1038317	105	7m8	1.560	TGTGTT
1038378	49	o6	2.683	TGTGTT
1038390	37	o6	1.016	TGTGTT
1038407	583	o6	1.209	TGTGTT
1038440	554	o6	1.062	TGTGTT
1038440	1830	o6	1.064	TGTGTT
1038596	572	o6	2.943	TGTGTT
1038616	819	8m	2.301	TGTGTT
1038643	654	o6	3.236	TGTGTT
1038644	341	o6	2.377	TGTGTT
1038704	194	7m8	1.740	TGTGTT
1038748	1190	o6	1.841	TGTGTT
1038803	32	7m8	1.238	TGTGTT
1038867	342	o6	1.094	TGTGTT
1038897	78	o6	2.215	TGTGTT
1038900	1100	o6	2.215	TGTGTT
1038908	136	o6	2.522	TGTGTT
1038945	48	o6	1.281	TGTGTT
1038992	96	7m8	1.845	TGTGTT
1039007	852	o6	3.074	TGTGTT
1039048	1014	7m8	2.224	TGTGTT
1039114	60	o6	3.024	TGTGTT
1039114	757	7m8	2.054	TGTGTT
1039114	996	o6	2.973	TGTGTT
1039187	40	7m8	1.681	GTGTTC
1039196	400	o6	1.457	TGTGTT
1039199	1308	o6	1.536	TGTGTT
1039334	75	o6	2.123	TGTGTT
1039376	993	o6	2.225	TGTGTT
1039376	2227	o6	2.683	TGTGTT
1039376	2563	o6	1.743	TGTGTT
1039398	184	o6	1.068	TGTGTT
1039412	128	6m	2.216	GTGTTC
1039431	596	8m	1.257	TGTGTT
1039431	835	o6	1.104	TGTGTT
1039445	1273	8m	2.058	TGTGTT
1039445	1828	o6	2.326	TGTGTT
1039445	1919	o6	2.869	TGTGTT
1039445	1964	o6	2.632	TGTGTT
1039469	900	o6	1.584	TGTGTT
1039502	720	o6	1.332	TGTGTT
1039502	6408	o6	2.368	TGTGTT
1039578	1397	o6	1.382	TGTGTT
1039578	3616	o6	2.964	TGTGTT
1039578	3824	o6	3.863	TGTGTT
1039636	1449	7m8	2.384	TGTGTT
1039651	335	7m8	3.124	TGTGTT
1039703	1495	o6	2.549	TGTGTT
1039718	276	7A1	1.293	GTGTTC
1039718	378	7m8	2.286	GTGTTC
1039744	51	7m8	1.055	TGTGTT
1039773	53	7m8	1.377	TGTGTT
1039797	1243	o6	1.073	TGTGTT
1039803	607	6m	1.610	GTGTTC
1039831	1776	o6	1.940	TGTGTT
1039832	132	o6	1.086	TGTGTT
1039853	1103	7A1	2.941	GTGTTC
1039853	3896	7m8	1.328	TGTGTT
1039858	1417	8m	3.083	TGTGTT
1039858	2980	o6	2.361	TGTGTT
1039858	4895	6m	2.459	GTGTTC
1039865	201	o6	1.122	TGTGTT
1039870	385	o6	2.353	TGTGTT
1039900	155	8m	1.157	TGTGTT
1039908	768	7m8	2.526	TGTGTT
1039911	871	o6	2.321	TGTGTT
1039919	2252	o6	1.295	TGTGTT
1039932	377	7m8	1.303	TGTGTT
1039932	484	6m	1.457	GTGTTC
1039935	321	o6	1.041	TGTGTT
1039959	1496	o6	1.846	TGTGTT
1039959	2763	7m8	2.890	TGTGTT
1039971	506	6m	2.551	GTGTTC
1039995	398	o6	2.321	TGTGTT
1039999	325	o6	1.118	TGTGTT
1040007	365	6m	1.718	GTGTTC
1040007	1503	8m	2.153	TGTGTT
1040007	2284	o6	1.648	TGTGTT
1040027	104	o6	1.328	TGTGTT
1040040	16	7A1	1.162	GTGTTC
1040048	2679	6m	1.155	GTGTTC
1040058	1954	o6	1.397	TGTGTT
1040058	5707	o6	1.709	TGTGTT
1040063	452	7A1	2.702	GTGTTC
1040070	3979	o6	2.117	TGTGTT
1040120	986	o6	1.233	TGTGTT
1040148	1429	o6	1.585	TGTGTT
1040171	7	7A1	2.061	GTGTTC
1040177	115	o6	3.407	TGTGTT
1040183	235	8m	2.854	TGTGTT
1040190	159	o6	1.818	TGTGTT
1040202	1184	7A1	2.635	GTGTTC
1040210	1272	o6	2.850	TGTGTT
1040214	1771	6m	1.084	GTGTTC
1040231	549	7A1	1.973	GTGTTC
1040237	2059	o6	1.579	TGTGTT
1040283	6011	o6	1.338	TGTGTT
1040298	1720	o6	1.910	TGTGTT
1040298	4456	o6	2.705	TGTGTT
1040337	4055	o6	2.026	TGTGTT
1040360	14	o6	1.533	TGTGTT
1040377	358	o6	1.073	TGTGTT
1040392	2810	o6	1.368	TGTGTT
1040420	269	o6	1.468	TGTGTT
1040434	1975	o6	2.748	TGTGTT
1040434	2285	6m	1.713	GTGTTC
1040438	494	o6	1.965	TGTGTT
1040443	417	o6	1.165	TGTGTT
1040486	1555	o6	1.662	TGTGTT
1040495	333	o6	2.711	TGTGTT
1040495	738	o6	3.183	TGTGTT
1040495	1073	o6	1.532	TGTGTT
1040527	445	o6	1.426	TGTGTT
1040528	5856	o6	2.156	TGTGTT
1040538	256	o6	1.606	TGTGTT
1040542	1545	6m	3.445	GTGTTC
1040553	1884	o6	2.098	TGTGTT
1040590	2216	7A1	2.345	GTGTTC
1040623	3058	o6	1.606	TGTGTT
1040628	182	o6	1.254	TGTGTT
1040646	103	o6	2.778	TGTGTT
1040646	2325	7m8	1.423	TGTGTT
