1000021	1572	o6	1.982	TCTAGT
1000129	444	8m	1.973	TCTAGT
1000134	5	o6	1.029	TCTAGT
1000134	290	o6	1.889	TCTAGT
1000150	344	o6	2.242	TCTAGT
1000200	329	o6	1.970	TCTAGT
1000209	160	o6	1.307	TCTAGT
1000227	149	8m	1.845	TCTAGT
1000228	91	o6	1.442	TCTAGT
1000264	9	o6	1.456	TCTAGT
1000269	56	7A1	1.927	CTAGTC
1000294	287	8m	2.421	TCTAGT
1000360	685	o6	1.864	TCTAGT
1000385	341	o6	1.736	TCTAGT
1000391	632	o6	1.606	TCTAGT
1000472	66	o6	2.326	TCTAGT
1000472	475	8m	2.614	TCTAGT
1000490	299	o6	2.130	TCTAGT
1000568	290	7m8	1.778	CTAGTC
1000580	391	8m	2.350	TCTAGT
1000613	47	o6	2.231	TCTAGT
1000653	156	7m8	2.201	TCTAGT
1000680	71	o6	2.404	TCTAGT
1000692	161	o6	1.119	TCTAGT
1000706	1319	6m	2.433	CTAGTC
1000706	1596	6m	1.606	CTAGTC
1000743	1013	o6	1.156	TCTAGT
1000761	57	7m8	3.647	TCTAGT
1000761	132	o6	2.301	TCTAGT
1000779	515	8m	3.232	TCTAGT
1000829	1175	o6	2.575	TCTAGT
1000829	2138	o6	1.232	TCTAGT
1000853	128	o6	1.227	TCTAGT
1000928	126	o6	2.486	TCTAGT
1000940	169	o6	1.073	TCTAGT
1001075	1691	7m8	2.025	TCTAGT
1001086	56	o6	1.561	TCTAGT
1001086	75	8m	2.697	TCTAGT
1001090	362	7A1	1.082	CTAGTC
1001155	324	o6	2.214	TCTAGT
1001315	99	o6	1.913	TCTAGT
1001358	60	6m	2.882	CTAGTC
1001373	168	6m	2.076	CTAGTC
1001500	381	8m	2.600	TCTAGT
1001521	150	7A1	1.284	CTAGTC
1001530	446	o6	1.612	TCTAGT
1001533	844	o6	1.563	TCTAGT
1001533	1180	o6	1.227	TCTAGT
1001533	5167	o6	1.241	TCTAGT
1001607	997	8m	1.313	TCTAGT
1001620	770	o6	1.020	TCTAGT
1001713	44	7m8	1.740	TCTAGT
1001805	67	8m	3.364	TCTAGT
1001826	469	o6	1.889	TCTAGT
1001897	244	7A1	2.677	CTAGTC
1001922	40	7m8	1.548	CTAGTC
1002066	7	o6	1.260	TCTAGT
1002098	115	6m	1.577	CTAGTC
1002224	267	o6	1.073	TCTAGT
1002263	139	o6	3.049	TCTAGT
1002415	343	o6	1.129	TCTAGT
1002481	452	7m8	2.981	TCTAGT
1002503	439	o6	1.063	TCTAGT
1002527	686	o6	1.808	TCTAGT
1002602	139	6m	2.786	CTAGTC
1002608	241	6m	2.241	CTAGTC
1002629	12	o6	1.544	TCTAGT
1002734	360	7A1	2.876	CTAGTC
1002841	19	8m	2.863	CTAGTC
1002901	421	o6	2.309	TCTAGT
1003053	444	7m8	3.034	TCTAGT
1003080	185	7m8	1.073	TCTAGT
1003128	613	8m	2.538	CTAGTC
1003215	453	o6	1.275	TCTAGT
1003248	66	6m	2.087	CTAGTC
1003266	51	6m	2.682	CTAGTC
1003325	121	6m	1.338	CTAGTC
1003369	29	o6	1.482	TCTAGT
1003424	962	7A1	3.685	CTAGTC
1003505	582	o6	1.963	TCTAGT
1003640	324	7A1	2.807	CTAGTC
1003975	411	7A1	2.433	CTAGTC
1004113	13	o6	1.119	TCTAGT
1004269	591	6m	1.782	CTAGTC
1004292	186	o6	1.223	TCTAGT
1004463	1499	6m	1.084	CTAGTC
1004463	4020	o6	2.648	TCTAGT
1004564	102	7A1	3.034	CTAGTC
1004591	324	o6	2.480	TCTAGT
1004750	731	o6	1.177	TCTAGT
1004886	91	o6	2.025	TCTAGT
1004958	588	o6	1.984	TCTAGT
1004972	72	6m	1.669	CTAGTC
1005023	357	o6	1.082	TCTAGT
1005049	1155	8m	2.660	TCTAGT
1005061	147	o6	2.807	TCTAGT
1005130	1134	7A1	2.145	CTAGTC
1005462	18	6m	1.541	CTAGTC
1005470	604	o6	1.039	TCTAGT
1005568	692	6m	2.452	CTAGTC
1005646	4054	6m	1.335	CTAGTC
1005653	187	o6	1.007	TCTAGT
1005704	52	6m	1.053	CTAGTC
1006524	21	7m8	3.049	CTAGTC
1006714	926	8m	2.852	TCTAGT
1006738	444	o6	1.163	TCTAGT
1006766	238	o6	2.132	TCTAGT
1006875	1634	o6	1.163	TCTAGT
1006940	1522	o6	1.563	TCTAGT
1007031	1448	o6	2.761	TCTAGT
1007034	1663	8m	2.214	TCTAGT
1007034	1757	8m	1.975	TCTAGT
1007046	312	8m	2.654	TCTAGT
1007046	406	8m	2.370	TCTAGT
1007050	548	o6	2.408	TCTAGT
1007077	27	7A1	3.470	CTAGTC
1007148	1573	7m8	1.993	CTAGTC
1007283	1342	o6	1.053	TCTAGT
1007364	956	o6	1.321	TCTAGT
1007379	836	7m8	2.276	TCTAGT
1007521	135	8m	1.316	TCTAGT
1007521	1394	7A1	2.026	CTAGTC
1007521	3128	8m	2.220	TCTAGT
1007673	114	8m	2.544	CTAGTC
1007673	199	8m	1.053	TCTAGT
1007731	486	8m	1.135	CTAGTC
1007824	491	o6	1.454	TCTAGT
1007875	1435	o6	1.846	TCTAGT
1007980	97	7m8	3.034	TCTAGT
1008031	13	6m	2.316	CTAGTC
1008136	769	o6	1.084	TCTAGT
1008150	1	o6	3.158	TCTAGT
1008174	156	o6	1.084	TCTAGT
1008192	598	o6	1.316	TCTAGT
1008307	52	7m8	2.807	TCTAGT
1008307	661	7A1	2.801	CTAGTC
1008372	223	o6	2.305	TCTAGT
1008406	270	7m8	1.235	CTAGTC
1008421	4	7m8	1.053	TCTAGT
1008478	330	o6	1.298	TCTAGT
1008501	116	7A1	2.055	CTAGTC
1008521	680	8m	1.942	CTAGTC
1008560	364	o6	2.058	TCTAGT
1008650	308	o6	1.284	TCTAGT
1008707	532	o6	1.002	TCTAGT
1008746	106	8m	1.687	TCTAGT
1008761	493	o6	1.564	TCTAGT
1008768	523	o6	2.544	TCTAGT
1008789	691	7A1	1.979	CTAGTC
1008881	522	7m8	2.132	TCTAGT
1008911	144	6m	2.197	CTAGTC
1008966	810	6m	1.313	CTAGTC
1008966	1682	7m8	2.341	TCTAGT
1008995	1616	o6	1.713	TCTAGT
1009023	98	6m	2.072	CTAGTC
1009026	1306	6m	2.031	CTAGTC
1009063	80	o6	1.388	TCTAGT
1009297	84	o6	1.059	TCTAGT
1009343	35	8m	3.475	TCTAGT
1009349	28	o6	2.598	TCTAGT
1009352	187	o6	1.260	TCTAGT
1009360	367	8m	2.121	TCTAGT
1009391	199	6m	1.582	CTAGTC
1009412	364	6m	2.544	CTAGTC
1009439	266	7m8	2.477	TCTAGT
1009748	2256	o6	3.707	TCTAGT
1009834	1512	o6	1.137	TCTAGT
1009891	502	o6	1.535	TCTAGT
1009933	163	o6	1.006	TCTAGT
1009948	201	o6	1.606	TCTAGT
1010139	391	o6	1.462	TCTAGT
1010214	95	o6	2.031	TCTAGT
1010214	126	o6	1.169	TCTAGT
1010229	66	o6	1.563	TCTAGT
1010319	81	7A1	1.906	CTAGTC
1010347	133	o6	1.560	TCTAGT
1010382	110	6m	1.205	CTAGTC
1010421	406	7A1	2.350	CTAGTC
1010465	72	o6	2.025	TCTAGT
1010621	163	7A1	2.824	CTAGTC
1010652	755	o6	1.513	TCTAGT
1010712	30	8m	3.232	TCTAGT
1010811	66	6m	1.235	CTAGTC
1010862	792	6m	2.197	CTAGTC
1010910	57	o6	1.205	TCTAGT
1010937	37	8m	2.331	TCTAGT
1011003	94	7A1	1.704	CTAGTC
1011065	12	6m	1.922	CTAGTC
1011131	557	8m	2.502	TCTAGT
1011280	9	6m	1.002	CTAGTC
1011306	40	8m	1.998	CTAGTC
1011322	35	6m	2.213	CTAGTC
1011322	62	6m	1.780	CTAGTC
1011327	1273	8m	1.648	CTAGTC
1011379	471	7m8	1.434	CTAGTC
1011393	951	o6	1.252	TCTAGT
1011490	478	6m	2.854	CTAGTC
1011541	112	o6	2.286	TCTAGT
1011550	85	o6	1.382	TCTAGT
1011563	81	o6	2.098	TCTAGT
1011779	32	8m	3.034	TCTAGT
1011779	152	8m	3.034	TCTAGT
1011982	474	o6	3.649	TCTAGT
1011982	488	7m8	1.690	TCTAGT
1012039	142	7m8	1.504	TCTAGT
1012084	43	7A1	2.671	CTAGTC
1012087	196	8m	2.350	TCTAGT
1012329	215	o6	1.073	TCTAGT
1012382	197	o6	1.567	TCTAGT
1012479	957	o6	2.276	TCTAGT
1012609	187	6m	1.105	CTAGTC
1012642	49	o6	1.135	TCTAGT
1012666	457	o6	1.690	TCTAGT
1012685	404	7A1	3.232	CTAGTC
1012740	421	o6	3.426	TCTAGT
1013089	300	o6	1.930	TCTAGT
1013246	676	7A1	1.009	CTAGTC
1013312	1602	o6	1.286	TCTAGT
1013327	2153	7m8	3.082	TCTAGT
1013391	92	o6	1.498	TCTAGT
1013425	31	7m8	2.433	TCTAGT
1013643	102	7m8	3.190	TCTAGT
1013676	447	6m	1.073	CTAGTC
1013772	78	o6	2.222	TCTAGT
1013885	2159	6m	1.359	CTAGTC
1013963	155	6m	1.650	CTAGTC
1014117	404	6m	2.304	CTAGTC
1014414	26	6m	2.268	CTAGTC
1014464	1468	o6	1.376	TCTAGT
1014650	38	6m	2.608	CTAGTC
1014697	1664	7A1	2.610	CTAGTC
1014884	573	o6	2.731	TCTAGT
1015035	55	o6	1.772	TCTAGT
1015085	539	7m8	2.351	CTAGTC
1015091	1266	7m8	1.055	TCTAGT
1015091	2142	o6	1.251	TCTAGT
1015176	102	o6	1.161	TCTAGT
1015176	122	6m	3.293	CTAGTC
1015192	322	o6	1.082	TCTAGT
1015285	3	o6	1.978	TCTAGT
1015333	417	o6	2.518	TCTAGT
1015343	30	6m	1.359	CTAGTC
1015375	355	o6	2.045	TCTAGT
1015480	820	o6	2.077	TCTAGT
1015637	43	o6	1.600	TCTAGT
1015667	83	7A1	3.034	CTAGTC
1015789	4	o6	2.350	TCTAGT
1015823	142	7A1	1.846	CTAGTC
1015840	16	o6	1.384	TCTAGT
1015867	243	o6	1.207	TCTAGT
1015895	59	7A1	2.109	CTAGTC
1015924	485	o6	1.112	TCTAGT
1015936	1776	o6	1.153	TCTAGT
1015995	100	o6	2.660	TCTAGT
1016016	1068	o6	1.214	TCTAGT
1016059	151	o6	1.029	TCTAGT
1016073	449	o6	1.024	TCTAGT
1016098	336	8m	4.980	TCTAGT
1016098	723	6m	5.235	CTAGTC
1016115	143	o6	2.212	TCTAGT
1016116	183	o6	1.254	TCTAGT
1016146	123	o6	2.249	TCTAGT
1016151	85	8m	2.065	TCTAGT
1016272	55	o6	1.598	TCTAGT
1016275	503	8m	2.001	CTAGTC
1016382	72	6m	3.034	CTAGTC
1016394	188	6m	1.322	CTAGTC
1016397	565	o6	1.328	TCTAGT
1016397	839	o6	1.711	TCTAGT
1016398	1456	o6	2.350	TCTAGT
1016445	550	o6	1.320	TCTAGT
1016464	26	6m	1.378	CTAGTC
1016475	1392	o6	1.577	TCTAGT
1016500	584	6m	1.026	CTAGTC
1016556	670	7A1	2.660	CTAGTC
1016566	507	o6	1.611	TCTAGT
1016571	93	o6	3.005	TCTAGT
1016574	1488	7m8	2.094	TCTAGT
1016574	1721	7m8	2.094	TCTAGT
1016616	485	o6	1.117	TCTAGT
1016629	77	o6	2.256	TCTAGT
1016655	309	o6	2.054	TCTAGT
1016695	730	6m	1.129	CTAGTC
1016698	6	o6	1.871	TCTAGT
1016698	1441	6m	1.950	CTAGTC
1016749	320	7m8	2.544	TCTAGT
1016787	329	6m	2.010	CTAGTC
1016800	327	8m	1.642	CTAGTC
1016806	1172	o6	1.479	TCTAGT
1016809	266	o6	1.577	TCTAGT
1016823	28	7A1	2.462	CTAGTC
1016848	1981	o6	2.943	TCTAGT
1016851	313	7m8	2.206	TCTAGT
1016860	29	o6	1.053	TCTAGT
1016917	32	o6	1.106	TCTAGT
1016922	728	7A1	3.232	CTAGTC
1016965	173	o6	1.053	TCTAGT
1016986	558	7m8	3.013	TCTAGT
1017018	1447	7m8	1.284	TCTAGT
1017024	1176	o6	2.061	TCTAGT
1017033	218	7A1	2.807	CTAGTC
1017036	138	o6	1.725	TCTAGT
1017106	181	o6	1.299	TCTAGT
1017135	163	o6	1.053	TCTAGT
1017135	1199	o6	1.970	TCTAGT
1017151	197	7m8	2.742	TCTAGT
1017157	981	o6	2.025	TCTAGT
1017306	200	7A1	3.428	CTAGTC
1017336	216	6m	2.544	CTAGTC
1017384	160	o6	2.660	TCTAGT
1017384	236	o6	1.606	TCTAGT
1017496	185	o6	2.433	TCTAGT
1017496	256	8m	1.657	TCTAGT
1017496	285	7A1	2.730	CTAGTC
1017496	690	8m	2.555	TCTAGT
1017496	715	8m	2.801	CTAGTC
1017496	964	8m	2.801	TCTAGT
1017511	1698	7A1	2.073	CTAGTC
1017511	2598	o6	2.683	TCTAGT
1017608	49	8m	2.073	TCTAGT
1017618	675	7m8	2.955	TCTAGT
1017695	532	6m	2.366	CTAGTC
1017713	15	o6	1.298	TCTAGT
1017808	122	7A1	2.856	CTAGTC
1017818	178	6m	1.647	CTAGTC
1017868	391	o6	2.854	TCTAGT
1017916	459	7A1	2.876	CTAGTC
1017924	306	7A1	3.034	CTAGTC
1017924	347	o6	3.034	TCTAGT
1017927	139	o6	1.659	TCTAGT
1018134	808	6m	2.484	CTAGTC
1018243	140	7m8	1.255	TCTAGT
1018437	19	6m	3.999	CTAGTC
1018504	91	6m	1.053	CTAGTC
1018661	1220	7A1	2.544	CTAGTC
1018678	376	7A1	2.544	CTAGTC
1018702	799	o6	1.882	TCTAGT
1018703	654	6m	2.502	CTAGTC
1018766	162	o6	1.521	TCTAGT
1018921	397	o6	1.548	TCTAGT
1018931	41	7m8	3.332	TCTAGT
1018944	174	o6	1.012	TCTAGT
1019005	72	8m	1.118	TCTAGT
1019055	560	7m8	2.444	TCTAGT
1019055	651	6m	2.317	CTAGTC
1019055	1068	o6	2.888	TCTAGT
1019064	398	8m	2.544	TCTAGT
1019147	559	o6	3.034	TCTAGT
1019147	1676	o6	1.084	TCTAGT
1019152	22	6m	1.014	CTAGTC
1019234	168	o6	1.040	TCTAGT
1019279	649	o6	1.251	TCTAGT
1019304	1116	o6	3.034	TCTAGT
1019447	15	o6	1.366	TCTAGT
1019480	115	7A1	2.131	CTAGTC
1019721	88	7A1	2.334	CTAGTC
1019853	184	7A1	1.228	CTAGTC
1019913	29	8m	1.537	CTAGTC
1019924	177	7m8	2.507	TCTAGT
1019935	369	o6	1.447	TCTAGT
1019939	185	6m	3.000	CTAGTC
1019945	264	o6	2.321	TCTAGT
1019960	638	o6	1.744	TCTAGT
1019983	361	6m	1.981	CTAGTC
1020090	462	6m	3.102	CTAGTC
1020163	463	6m	1.907	CTAGTC
1020163	790	o6	2.291	TCTAGT
1020241	250	7m8	1.990	TCTAGT
1020253	485	8m	1.022	TCTAGT
1020297	36	o6	1.292	TCTAGT
1020319	758	o6	1.376	TCTAGT
1020326	213	7m8	2.317	TCTAGT
1020435	3384	o6	1.628	TCTAGT
1020522	68	o6	1.201	TCTAGT
1020607	54	8m	2.415	TCTAGT
1020615	569	o6	2.433	TCTAGT
1020615	1590	6m	2.502	CTAGTC
1020615	1623	8m	2.502	TCTAGT
1020636	84	o6	2.502	TCTAGT
1020643	414	6m	1.907	CTAGTC
1020657	115	6m	2.236	CTAGTC
1020661	1687	o6	1.850	TCTAGT
1020675	61	6m	3.828	CTAGTC
1020675	229	6m	2.031	CTAGTC
1020800	368	o6	1.690	TCTAGT
1020934	1010	8m	3.069	TCTAGT
1021001	95	8m	2.544	CTAGTC
1021152	25	o6	2.552	TCTAGT
1021169	26	8m	3.608	CTAGTC
1021183	10	o6	1.180	TCTAGT
1021216	21	o6	1.679	TCTAGT
1021335	58	7A1	1.314	CTAGTC
1021351	115	7A1	1.975	CTAGTC
1021368	27	7A1	1.651	CTAGTC
1021457	115	6m	2.145	CTAGTC
1021608	1300	8m	1.139	TCTAGT
1021812	29	7m8	2.433	TCTAGT
1021830	62	8m	1.944	TCTAGT
1021887	64	7A1	2.520	CTAGTC
1022054	154	6m	2.530	CTAGTC
1022066	2345	o6	1.238	TCTAGT
1022070	173	o6	1.636	TCTAGT
1022129	1667	7m8	1.328	TCTAGT
1022165	732	o6	3.047	TCTAGT
1022168	177	6m	2.741	CTAGTC
1022180	2240	o6	1.132	TCTAGT
1022285	460	8m	3.198	TCTAGT
1022320	8	8m	1.737	TCTAGT
1022383	1428	7m8	1.226	TCTAGT
1022415	106	o6	2.657	TCTAGT
1022418	1089	7m8	2.172	TCTAGT
1022439	139	o6	1.053	TCTAGT
1022480	169	o6	1.540	TCTAGT
1022495	3505	o6	1.053	TCTAGT
1022495	4031	o6	2.019	TCTAGT
1022495	5085	o6	1.485	TCTAGT
1022932	2129	6m	1.796	CTAGTC
1022935	32	o6	1.437	TCTAGT
1022989	271	o6	2.804	TCTAGT
1023047	978	o6	1.941	TCTAGT
1023080	26	o6	2.847	TCTAGT
1023100	2130	o6	1.015	TCTAGT
1023256	1327	7m8	2.660	TCTAGT
1023351	421	8m	2.025	TCTAGT
1023387	811	o6	1.295	TCTAGT
1023390	481	7m8	1.320	TCTAGT
1023419	245	o6	1.640	TCTAGT
1023419	275	6m	1.971	CTAGTC
1023443	256	o6	2.085	TCTAGT
1023523	221	7A1	2.400	CTAGTC
1023572	191	6m	3.223	CTAGTC
1023599	3220	o6	1.052	TCTAGT
1023617	55	7A1	1.806	CTAGTC
1023712	1473	o6	1.053	TCTAGT
1023717	905	o6	1.606	TCTAGT
1023784	2705	6m	2.295	CTAGTC
1023784	3424	8m	2.584	TCTAGT
1023790	670	6m	1.401	CTAGTC
1023805	701	6m	2.085	CTAGTC
1023805	1444	7m8	1.688	CTAGTC
1023805	2966	6m	2.344	CTAGTC
1023853	1052	o6	1.011	TCTAGT
1023853	1534	o6	1.711	TCTAGT
1023863	355	6m	1.606	CTAGTC
1023882	760	7m8	1.808	TCTAGT
1023912	1266	7A1	1.009	CTAGTC
1023931	421	8m	2.494	TCTAGT
1023946	110	o6	2.506	TCTAGT
1024025	1607	o6	1.004	TCTAGT
1024079	160	7A1	1.292	CTAGTC
1024084	24	8m	3.021	TCTAGT
1024114	353	8m	2.299	CTAGTC
1024250	560	7m8	2.486	TCTAGT
1024279	688	6m	1.706	CTAGTC
1024304	351	o6	2.544	TCTAGT
1024304	1090	o6	1.053	TCTAGT
1024349	813	8m	2.343	TCTAGT
1024366	396	o6	1.271	TCTAGT
1024366	618	o6	2.196	TCTAGT
1024381	461	8m	2.402	TCTAGT
1024385	643	o6	1.751	TCTAGT
1024393	1262	o6	2.183	TCTAGT
1024393	1498	o6	2.176	TCTAGT
1024448	1150	o6	1.238	TCTAGT
1024532	84	o6	1.213	TCTAGT
1024579	92	o6	1.552	TCTAGT
1024609	224	7A1	2.026	CTAGTC
1024648	1381	6m	2.449	CTAGTC
1024648	11493	6m	1.053	CTAGTC
1024658	65	6m	1.606	CTAGTC
1024709	385	6m	2.472	CTAGTC
1024721	1276	o6	2.682	TCTAGT
1024721	1283	o6	2.682	TCTAGT
1024783	269	7A1	2.147	CTAGTC
1024935	1507	o6	1.755	TCTAGT
1024944	188	o6	2.196	TCTAGT
1024945	351	o6	1.319	TCTAGT
1024953	199	o6	1.495	TCTAGT
1024956	4291	7A1	2.635	CTAGTC
1024978	1061	o6	1.271	TCTAGT
1025022	254	o6	2.542	TCTAGT
1025029	2942	o6	2.292	TCTAGT
1025064	733	8m	3.102	CTAGTC
1025092	306	7A1	1.109	CTAGTC
1025213	461	o6	2.522	TCTAGT
1025229	1224	6m	1.678	CTAGTC
1025262	109	o6	1.073	TCTAGT
1025322	65	o6	1.866	TCTAGT
1025353	1186	7m8	2.439	TCTAGT
1025431	650	o6	1.647	TCTAGT
1025431	1089	6m	1.297	CTAGTC
1025654	2564	o6	2.399	TCTAGT
1025689	338	6m	2.482	CTAGTC
1025690	141	6m	2.983	CTAGTC
1025693	1335	8m	2.377	TCTAGT
1025715	103	o6	1.512	TCTAGT
1025809	197	6m	2.629	CTAGTC
1025851	719	o6	1.824	TCTAGT
1025883	61	6m	2.069	CTAGTC
1026012	127	o6	1.738	TCTAGT
1026111	375	7m8	2.026	TCTAGT
1026117	101	o6	1.919	TCTAGT
1026143	70	o6	1.055	TCTAGT
1026162	149	6m	2.847	CTAGTC
1026254	176	o6	1.202	TCTAGT
1026262	642	7m8	2.538	TCTAGT
1026265	111	o6	1.156	TCTAGT
1026375	643	o6	1.481	TCTAGT
1026390	71	7A1	2.142	CTAGTC
1026390	85	6m	2.076	CTAGTC
1026400	404	o6	2.220	TCTAGT
1026477	716	o6	1.286	TCTAGT
1026525	5	7m8	1.688	TCTAGT
1026551	62	6m	1.399	CTAGTC
1026558	1043	6m	2.980	CTAGTC
1026570	26	8m	4.497	TCTAGT
1026657	1470	7A1	2.148	CTAGTC
1026660	947	7A1	2.148	CTAGTC
1026688	4339	o6	2.327	TCTAGT
1026761	169	7A1	1.631	CTAGTC
1026841	763	o6	1.647	TCTAGT
1026841	885	o6	2.503	TCTAGT
1026841	1492	o6	1.282	TCTAGT
1026841	2346	8m	1.844	TCTAGT
1026853	3315	o6	1.598	TCTAGT
1026915	15	o6	1.873	TCTAGT
1026930	111	o6	2.508	TCTAGT
1026947	20	6m	2.211	CTAGTC
1026950	70	7A1	2.215	CTAGTC
1026965	378	7m8	2.376	TCTAGT
1026966	962	o6	1.534	TCTAGT
1026975	327	o6	1.402	TCTAGT
1026999	377	o6	1.317	TCTAGT
1027036	187	7A1	2.957	CTAGTC
1027073	205	o6	3.024	TCTAGT
1027214	573	7A1	1.973	CTAGTC
1027273	90	6m	2.349	CTAGTC
1027276	940	6m	1.952	CTAGTC
1027543	219	o6	1.004	TCTAGT
1027549	140	o6	2.098	TCTAGT
1027841	242	6m	2.583	CTAGTC
1027912	819	7A1	2.923	CTAGTC
1027912	935	6m	2.192	CTAGTC
1027912	1565	o6	1.711	TCTAGT
1027954	66	o6	1.376	TCTAGT
1027977	429	o6	1.570	TCTAGT
1028028	205	6m	1.680	CTAGTC
1028029	41	8m	2.209	CTAGTC
1028262	42	6m	2.304	CTAGTC
1028423	28	o6	1.624	TCTAGT
1028441	418	7A1	1.818	CTAGTC
1028447	400	7A1	2.651	CTAGTC
1028469	122	6m	2.367	CTAGTC
1028472	69	o6	1.483	TCTAGT
1028526	1043	o6	1.228	TCTAGT
1028559	525	7m8	2.016	CTAGTC
1028707	52	6m	1.205	CTAGTC
1028778	112	o6	1.687	TCTAGT
1028794	187	7A1	1.979	CTAGTC
1028883	59	6m	2.483	CTAGTC
1029061	65	7A1	2.456	CTAGTC
1029105	148	7m8	2.854	TCTAGT
1029149	83	7m8	2.353	TCTAGT
1029189	2030	o6	1.255	TCTAGT
1029192	1494	7A1	2.404	CTAGTC
1029532	2445	o6	2.356	TCTAGT
1029546	57	6m	2.367	CTAGTC
1029558	1040	6m	2.648	CTAGTC
1029715	366	7A1	1.687	CTAGTC
1029870	78	o6	2.241	TCTAGT
1029871	391	6m	1.109	CTAGTC
1029918	97	6m	2.024	CTAGTC
1029934	764	7m8	2.394	TCTAGT
1030009	2	6m	1.103	CTAGTC
1030189	2042	7A1	1.772	CTAGTC
1030240	236	o6	1.486	TCTAGT
1030325	24	o6	1.020	TCTAGT
1030454	32	7m8	1.474	TCTAGT
1030482	404	8m	2.544	TCTAGT
1030653	21	7m8	1.259	TCTAGT
1030658	1669	o6	2.483	TCTAGT
1030664	178	o6	1.374	TCTAGT
1030691	277	o6	1.259	TCTAGT
1030812	148	8m	2.964	TCTAGT
1030857	232	o6	1.058	TCTAGT
1030863	69	8m	1.687	TCTAGT
1030882	272	8m	2.448	TCTAGT
1030882	577	7A1	3.214	CTAGTC
1030973	7	o6	1.074	TCTAGT
1031061	508	6m	2.033	CTAGTC
1031091	235	o6	1.317	TCTAGT
1031126	183	o6	2.763	TCTAGT
1031142	1055	o6	1.681	TCTAGT
1031156	762	o6	1.073	TCTAGT
1031156	1840	o6	1.288	TCTAGT
1031239	42	o6	1.569	TCTAGT
1031322	260	o6	2.544	TCTAGT
1031369	34	o6	1.235	TCTAGT
1031390	4728	o6	1.068	TCTAGT
1031464	225	o6	1.455	TCTAGT
1031480	449	o6	2.555	TCTAGT
1031498	1236	6m	1.336	CTAGTC
1031883	866	7m8	1.131	TCTAGT
1031953	225	o6	1.444	TCTAGT
1032031	1808	7m8	2.072	TCTAGT
1032309	570	6m	1.987	CTAGTC
1032325	320	6m	1.245	CTAGTC
1032366	728	o6	2.048	TCTAGT
1032420	857	o6	1.862	TCTAGT
1032442	42	7m8	1.045	CTAGTC
1032448	147	o6	1.108	TCTAGT
1032490	537	o6	2.824	TCTAGT
1032728	566	7A1	2.991	CTAGTC
1032750	819	o6	2.622	TCTAGT
1032799	901	6m	1.579	CTAGTC
1032799	1647	7A1	1.922	CTAGTC
1032802	1093	o6	1.761	TCTAGT
1032813	326	7m8	1.577	TCTAGT
1032843	242	o6	1.156	TCTAGT
1032876	1133	6m	1.467	CTAGTC
1032879	86	o6	1.546	TCTAGT
1032884	828	7A1	2.807	CTAGTC
1032902	928	7A1	2.544	CTAGTC
1032918	979	7m8	2.072	TCTAGT
1032921	220	7m8	1.481	TCTAGT
1032935	410	o6	2.228	TCTAGT
1033041	3120	7A1	4.103	CTAGTC
1033089	2248	o6	1.084	TCTAGT
1033141	6931	o6	1.779	TCTAGT
1033160	836	6m	2.686	CTAGTC
1033244	381	6m	2.076	CTAGTC
1033250	566	o6	1.156	TCTAGT
1033293	943	o6	1.284	TCTAGT
1033414	50	o6	2.694	TCTAGT
1033425	660	o6	1.405	TCTAGT
1033553	45	6m	1.584	CTAGTC
1033583	717	7A1	1.298	CTAGTC
1033616	17	7A1	2.495	CTAGTC
1033634	161	o6	3.399	TCTAGT
1033669	38	o6	1.284	TCTAGT
1033739	1451	7m8	1.210	TCTAGT
1033751	955	6m	1.248	CTAGTC
1033754	584	6m	1.248	CTAGTC
1033757	3	6m	1.248	CTAGTC
1033789	2859	o6	1.585	TCTAGT
1033960	1	o6	1.524	TCTAGT
1033971	1199	6m	1.313	CTAGTC
1034022	70	7m8	2.480	TCTAGT
1034022	75	o6	2.480	TCTAGT
1034074	1970	8m	2.581	CTAGTC
1034074	2414	7A1	2.732	CTAGTC
1034098	37	6m	1.850	CTAGTC
1034197	125	7A1	2.452	CTAGTC
1034202	1565	6m	3.084	CTAGTC
1034202	4387	8m	1.408	TCTAGT
1034229	26	6m	2.559	CTAGTC
1034247	2464	7A1	2.807	CTAGTC
1034253	530	o6	2.363	TCTAGT
1034271	399	o6	1.322	TCTAGT
1034304	2322	o6	2.366	TCTAGT
1034331	2102	o6	1.948	TCTAGT
1034331	2384	o6	1.841	TCTAGT
1034331	3325	o6	1.917	TCTAGT
1034337	30	o6	2.065	TCTAGT
1034347	342	o6	1.234	TCTAGT
1034358	768	6m	3.238	CTAGTC
1034362	84	o6	1.162	TCTAGT
1034400	520	o6	1.312	TCTAGT
1034416	306	7A1	3.026	CTAGTC
1034469	1633	o6	1.009	TCTAGT
1034469	1852	o6	3.258	TCTAGT
1034535	111	6m	3.004	CTAGTC
1034544	568	6m	1.053	CTAGTC
1034569	4343	7m8	1.434	TCTAGT
1034569	5910	o6	1.830	TCTAGT
1034598	111	7m8	2.789	TCTAGT
1034676	37	8m	2.544	TCTAGT
1034756	818	6m	2.390	CTAGTC
1034772	297	8m	3.836	TCTAGT
1034789	33	8m	2.477	TCTAGT
1034888	845	o6	1.654	TCTAGT
1034893	426	o6	1.138	TCTAGT
1034995	4872	7A1	2.238	CTAGTC
1034995	5970	o6	1.707	TCTAGT
1035010	227	7m8	3.595	TCTAGT
1035037	1634	8m	2.907	CTAGTC
1035040	5475	8m	1.980	CTAGTC
1035058	92	6m	1.726	CTAGTC
1035069	284	o6	1.397	TCTAGT
1035093	1610	o6	1.434	TCTAGT
1035096	62	o6	1.614	TCTAGT
1035192	13	6m	3.770	CTAGTC
1035198	662	7A1	2.058	CTAGTC
1035320	1267	6m	3.459	CTAGTC
1035431	172	8m	1.320	CTAGTC
1035485	9	7m8	1.084	TCTAGT
1035513	904	o6	1.935	TCTAGT
1035536	3792	7m8	1.157	CTAGTC
1035561	1390	o6	2.329	TCTAGT
1035561	1865	o6	1.717	TCTAGT
1035569	4516	7A1	1.098	CTAGTC
1035569	6480	o6	1.871	TCTAGT
1035602	291	7m8	1.968	CTAGTC
1035701	87	8m	2.733	TCTAGT
1035714	335	o6	2.943	TCTAGT
1035719	1169	o6	1.608	TCTAGT
1035773	834	o6	1.163	TCTAGT
1035779	1	6m	3.981	CTAGTC
1035986	531	o6	2.321	TCTAGT
1036005	104	7m8	2.164	TCTAGT
1036046	873	6m	1.500	CTAGTC
1036053	1311	o6	3.196	TCTAGT
1036127	11083	o6	2.344	TCTAGT
1036149	162	o6	3.377	TCTAGT
1036169	1372	o6	1.472	TCTAGT
1036242	24	7m8	2.065	CTAGTC
1036259	361	o6	1.336	TCTAGT
1036290	311	o6	2.596	TCTAGT
1036299	1646	o6	1.502	TCTAGT
1036328	71	6m	1.339	CTAGTC
1036399	1206	7m8	3.499	TCTAGT
1036419	800	7m8	1.746	TCTAGT
1036449	499	6m	2.366	CTAGTC
1036462	1130	o6	2.442	TCTAGT
1036537	1547	8m	1.475	CTAGTC
1036563	88	7A1	1.311	CTAGTC
1036645	315	o6	2.767	TCTAGT
1036656	641	o6	1.155	TCTAGT
1036718	82	6m	2.812	CTAGTC
1036944	352	o6	1.157	TCTAGT
1036967	110	7m8	3.195	TCTAGT
1036991	1769	o6	1.380	TCTAGT
1037307	183	o6	1.368	TCTAGT
1037630	622	7A1	3.164	CTAGTC
1037694	47	6m	1.318	CTAGTC
1037705	972	o6	1.557	TCTAGT
1037844	4	8m	2.174	CTAGTC
1037919	6	7A1	1.850	CTAGTC
1037937	325	o6	1.210	TCTAGT
1038060	818	o6	2.017	TCTAGT
1038085	402	7m8	3.591	TCTAGT
1038107	16	7m8	1.333	CTAGTC
1038119	379	o6	2.764	TCTAGT
1038235	31	8m	2.773	CTAGTC
1038269	56	6m	1.176	CTAGTC
1038285	663	o6	1.795	TCTAGT
1038293	2956	o6	2.235	TCTAGT
1038302	83	6m	2.510	CTAGTC
1038312	3381	o6	2.062	TCTAGT
1038493	70	7m8	2.048	CTAGTC
1038577	41	o6	2.121	TCTAGT
1038685	114	6m	1.916	CTAGTC
1038695	23	7A1	3.959	CTAGTC
1038710	965	8m	2.589	TCTAGT
1038860	1192	6m	2.844	CTAGTC
1038930	350	o6	1.688	TCTAGT
1038948	656	o6	3.100	TCTAGT
1038997	95	7m8	1.623	CTAGTC
1039069	504	8m	2.473	TCTAGT
1039286	509	7A1	3.518	CTAGTC
1039326	79	o6	1.241	TCTAGT
1039376	638	o6	1.468	TCTAGT
1039376	1956	6m	1.948	CTAGTC
1039398	107	7A1	1.129	CTAGTC
1039421	413	o6	2.578	TCTAGT
1039466	306	6m	2.512	CTAGTC
1039563	4381	7m8	2.066	TCTAGT
1039578	551	o6	1.107	TCTAGT
1039578	1923	7A1	2.377	CTAGTC
1039606	847	7m8	2.627	TCTAGT
1039606	1058	6m	2.627	CTAGTC
1039718	1173	o6	2.208	TCTAGT
1039797	1967	o6	1.339	TCTAGT
1039805	990	7A1	2.858	CTAGTC
1039805	1085	6m	1.690	CTAGTC
1039853	2848	o6	2.073	TCTAGT
1039853	6532	o6	1.711	TCTAGT
1039908	811	o6	1.518	TCTAGT
1039932	614	o6	2.250	TCTAGT
1039959	2746	6m	2.317	CTAGTC
1040015	165	8m	1.638	CTAGTC
1040031	1051	o6	1.690	TCTAGT
1040034	132	6m	1.952	CTAGTC
1040058	2233	8m	2.635	TCTAGT
1040058	3950	8m	2.149	CTAGTC
1040058	6095	o6	1.366	TCTAGT
1040069	529	o6	2.321	TCTAGT
1040120	15	6m	1.623	CTAGTC
1040123	396	7A1	1.463	CTAGTC
1040129	1528	6m	1.123	CTAGTC
1040346	1153	o6	1.509	TCTAGT
1040352	1151	6m	1.153	CTAGTC
1040387	2455	o6	2.048	TCTAGT
1040387	2531	o6	1.687	TCTAGT
1040395	1268	7m8	1.012	CTAGTC
1040438	1509	7m8	1.950	CTAGTC
1040458	198	7A1	2.924	CTAGTC
1040458	281	7m8	2.653	TCTAGT
1040500	1012	6m	1.315	CTAGTC
1040538	232	o6	2.801	TCTAGT
1040560	1888	7A1	2.179	CTAGTC
1040563	33	7A1	2.179	CTAGTC
