1000062	156	o6	1.136	GCTCTC
1000081	1243	o6	1.151	GCTCTC
1000125	751	6m	1.292	CTCTCT
1000126	338	6m	2.433	CTCTCT
1000150	29	8m	2.544	GCTCTC
1000171	121	7A1	1.189	CTCTCT
1000227	68	7m8	1.015	GCTCTC
1000234	6	8m	3.082	GCTCTC
1000345	260	6m	1.012	CTCTCT
1000436	499	7A1	1.571	CTCTCT
1000472	62	7A1	1.322	CTCTCT
1000506	61	o6	2.026	GCTCTC
1000613	337	6m	2.778	CTCTCT
1000779	493	7m8	1.368	GCTCTC
1000779	1161	7A1	2.254	CTCTCT
1000845	211	7A1	1.053	CTCTCT
1000856	165	o6	1.820	GCTCTC
1000947	96	6m	1.405	CTCTCT
1001012	55	7A1	1.723	CTCTCT
1001012	87	6m	1.649	CTCTCT
1001061	221	6m	2.366	CTCTCT
1001061	227	7A1	2.366	CTCTCT
1001075	2073	6m	1.084	CTCTCT
1001346	766	6m	1.629	CTCTCT
1001494	192	6m	1.616	CTCTCT
1001515	338	7A1	1.775	CTCTCT
1001530	1134	7m8	1.324	CTCTCT
1001533	1477	7m8	2.390	GCTCTC
1001578	2556	8m	2.199	GCTCTC
1001667	262	6m	1.205	CTCTCT
1001689	18	6m	1.674	CTCTCT
1001689	285	6m	1.643	CTCTCT
1001738	398	o6	2.571	GCTCTC
1001738	447	6m	1.366	CTCTCT
1001891	691	6m	1.109	CTCTCT
1001897	647	6m	1.308	CTCTCT
1001906	1194	o6	1.712	GCTCTC
1001906	2082	o6	2.056	GCTCTC
1002081	192	7m8	1.037	CTCTCT
1002098	629	o6	1.657	GCTCTC
1002176	1095	7A1	1.016	CTCTCT
1002176	1984	o6	2.544	GCTCTC
1002401	17	7m8	2.270	CTCTCT
1002451	111	o6	2.416	GCTCTC
1002595	612	7A1	2.082	CTCTCT
1002662	46	7m8	1.965	GCTCTC
1002695	1083	6m	1.002	CTCTCT
1002731	208	6m	2.055	CTCTCT
1002923	219	7A1	1.285	CTCTCT
1003215	122	6m	1.282	CTCTCT
1003297	819	8m	1.019	GCTCTC
1003316	119	6m	1.423	CTCTCT
1003346	258	7A1	1.649	CTCTCT
1003579	605	o6	1.539	GCTCTC
1003603	181	6m	1.177	CTCTCT
1003631	1735	o6	1.137	GCTCTC
1003660	1947	o6	1.846	GCTCTC
1003930	1101	7A1	1.058	CTCTCT
1003945	1003	7A1	4.116	CTCTCT
1004002	105	6m	1.395	CTCTCT
1004296	116	7A1	2.066	CTCTCT
1004490	16	7m8	2.018	GCTCTC
1004497	79	6m	1.485	CTCTCT
1004613	50	6m	1.289	CTCTCT
1004741	194	7A1	1.536	CTCTCT
1005045	350	6m	1.906	CTCTCT
1005066	153	6m	1.816	CTCTCT
1005204	111	7m8	2.103	GCTCTC
1005335	1475	7m8	1.405	CTCTCT
1005349	1868	7m8	1.031	GCTCTC
1005374	483	6m	1.282	CTCTCT
1005557	1471	7A1	1.606	CTCTCT
1006071	204	7m8	1.606	GCTCTC
1006103	779	6m	1.485	CTCTCT
1006137	820	o6	2.190	GCTCTC
1006158	370	6m	1.609	CTCTCT
1006692	875	8m	1.460	CTCTCT
1006815	67	8m	1.396	GCTCTC
1007017	1799	7m8	1.074	CTCTCT
1007031	489	8m	1.347	GCTCTC
1007212	196	o6	1.485	GCTCTC
1007231	912	6m	1.825	CTCTCT
1007242	604	6m	1.368	CTCTCT
1007296	652	7A1	1.208	CTCTCT
1007364	1326	o6	1.314	GCTCTC
1007388	469	o6	1.723	GCTCTC
1007624	188	8m	1.680	GCTCTC
1007624	1566	6m	1.129	CTCTCT
1007740	974	o6	1.468	GCTCTC
1007750	815	7A1	1.180	CTCTCT
1007764	311	6m	1.319	CTCTCT
1007806	41	6m	1.695	CTCTCT
1007824	592	6m	1.084	CTCTCT
1007882	26	7A1	3.162	CTCTCT
1007920	630	7A1	1.066	CTCTCT
1007923	2628	6m	2.296	CTCTCT
1007950	801	6m	1.681	CTCTCT
1007950	3483	6m	1.316	CTCTCT
1007993	1202	7m8	2.343	CTCTCT
1008174	152	7A1	1.568	CTCTCT
1008183	170	6m	2.704	CTCTCT
1008201	72	o6	1.333	GCTCTC
1008409	1591	6m	1.079	CTCTCT
1008537	218	6m	1.101	CTCTCT
1008560	448	7A1	1.073	CTCTCT
1008761	439	6m	1.328	CTCTCT
1008852	1132	o6	2.019	GCTCTC
1008903	396	o6	1.120	GCTCTC
1008929	27	6m	1.618	CTCTCT
1008999	266	6m	1.322	CTCTCT
1009026	1150	7A1	1.281	CTCTCT
1009026	1165	7A1	1.132	CTCTCT
1009037	2049	7A1	1.286	CTCTCT
1009255	717	o6	3.299	GCTCTC
1009303	331	6m	1.059	CTCTCT
1009439	81	o6	1.158	GCTCTC
1009448	1336	6m	1.030	CTCTCT
1009661	128	o6	1.413	GCTCTC
1009684	342	7A1	1.321	CTCTCT
1009684	524	6m	1.227	CTCTCT
1009927	112	6m	1.548	CTCTCT
1009945	1407	o6	1.260	GCTCTC
1010326	183	6m	1.515	CTCTCT
1010385	788	6m	1.107	CTCTCT
1010808	48	7A1	1.022	CTCTCT
1010937	24	6m	1.923	CTCTCT
1010941	90	7m8	2.061	GCTCTC
1011207	96	8m	1.687	CTCTCT
1011425	529	7m8	1.268	GCTCTC
1011425	627	7m8	1.776	GCTCTC
1011430	587	o6	1.820	GCTCTC
1011880	36	7A1	1.418	CTCTCT
1011897	246	7A1	1.441	CTCTCT
1012045	238	6m	1.143	CTCTCT
1012074	273	6m	1.540	CTCTCT
1012304	702	6m	1.669	CTCTCT
1012382	289	o6	1.307	GCTCTC
1012383	418	7m8	1.190	GCTCTC
1012543	372	o6	1.952	GCTCTC
1012609	9	8m	2.237	GCTCTC
1012839	258	o6	1.284	GCTCTC
1012996	12	8m	1.751	GCTCTC
1013258	51	7m8	1.116	GCTCTC
1013426	948	7m8	1.245	GCTCTC
1013444	379	6m	1.205	CTCTCT
1013536	466	7m8	1.166	CTCTCT
1013772	89	o6	1.692	GCTCTC
1013872	678	o6	1.062	GCTCTC
1013971	530	o6	1.649	GCTCTC
1013988	2159	7A1	2.286	CTCTCT
1014295	1260	6m	1.261	CTCTCT
1014295	1266	7A1	1.261	CTCTCT
1014295	2057	7m8	1.407	CTCTCT
1014436	676	6m	2.073	CTCTCT
1014468	57	7m8	2.504	CTCTCT
1014473	593	6m	1.775	CTCTCT
1014473	2249	7A1	1.284	CTCTCT
1014582	100	7m8	1.120	CTCTCT
1014655	1939	o6	1.262	GCTCTC
1014892	152	o6	1.250	GCTCTC
1014898	1446	6m	1.284	CTCTCT
1014904	32	6m	1.928	CTCTCT
1014988	3586	6m	1.109	CTCTCT
1015047	173	8m	2.160	CTCTCT
1015047	204	6m	1.775	CTCTCT
1015062	797	o6	1.064	GCTCTC
1015085	156	6m	1.322	CTCTCT
1015091	386	6m	2.322	CTCTCT
1015091	399	7A1	1.835	CTCTCT
1015091	533	6m	2.426	CTCTCT
1015228	87	6m	1.040	CTCTCT
1015228	95	7A1	1.079	CTCTCT
1015228	2128	7A1	1.503	CTCTCT
1015228	2161	6m	2.523	CTCTCT
1015228	2696	7A1	1.284	CTCTCT
1015228	3035	6m	1.169	CTCTCT
1015228	3089	7m8	1.774	CTCTCT
1015246	104	6m	1.559	CTCTCT
1015303	587	o6	1.392	GCTCTC
1015375	177	7A1	1.021	CTCTCT
1015426	22	7m8	1.002	GCTCTC
1015548	137	6m	2.544	CTCTCT
1015661	302	6m	1.098	CTCTCT
1015924	782	7m8	2.370	CTCTCT
1015924	788	6m	1.825	CTCTCT
1015924	1150	7A1	2.370	CTCTCT
1015925	585	o6	2.073	GCTCTC
1016019	694	8m	1.901	GCTCTC
1016059	254	o6	2.544	GCTCTC
1016229	26	6m	1.316	CTCTCT
1016250	214	6m	1.835	CTCTCT
1016250	224	7A1	1.411	CTCTCT
1016250	237	7m8	2.359	GCTCTC
1016250	251	6m	1.206	CTCTCT
1016250	551	o6	2.131	GCTCTC
1016422	95	7A1	2.506	CTCTCT
1016532	80	o6	2.017	GCTCTC
1016533	72	o6	3.157	GCTCTC
1016557	872	o6	1.193	GCTCTC
1016599	1345	7A1	1.052	CTCTCT
1016629	215	o6	1.447	GCTCTC
1016688	141	o6	1.215	GCTCTC
1016698	1502	6m	2.000	CTCTCT
1016698	1509	7A1	1.603	CTCTCT
1016712	381	o6	1.084	GCTCTC
1016728	184	7m8	1.285	CTCTCT
1016787	1434	6m	1.306	CTCTCT
1016857	33	7m8	2.056	GCTCTC
1016860	144	o6	1.322	GCTCTC
1016986	114	o6	1.550	GCTCTC
1017018	858	o6	1.134	GCTCTC
1017024	871	o6	1.040	GCTCTC
1017112	118	8m	1.584	GCTCTC
1017127	109	7m8	2.424	CTCTCT
1017197	1837	6m	2.544	CTCTCT
1017381	165	6m	2.800	CTCTCT
1017381	180	6m	2.078	CTCTCT
1017557	442	o6	1.120	GCTCTC
1017614	4408	6m	1.569	CTCTCT
1017614	5679	6m	1.228	CTCTCT
1017695	875	o6	1.487	GCTCTC
1017908	257	6m	1.220	CTCTCT
1017911	251	7m8	1.405	CTCTCT
1018033	299	7A1	1.180	CTCTCT
1018077	1982	6m	1.037	CTCTCT
1018167	439	6m	2.129	CTCTCT
1018243	840	6m	1.938	CTCTCT
1018257	139	7m8	1.483	CTCTCT
1018278	39	o6	1.134	GCTCTC
1018284	521	7A1	1.084	CTCTCT
1018353	154	7A1	1.292	CTCTCT
1018353	166	6m	1.255	CTCTCT
1018504	264	8m	1.053	GCTCTC
1018530	1354	o6	1.749	GCTCTC
1018644	299	6m	1.598	CTCTCT
1018998	351	6m	1.016	CTCTCT
1019016	98	6m	1.948	CTCTCT
1019031	122	6m	1.061	CTCTCT
1019031	180	6m	1.367	CTCTCT
1019068	52	6m	1.120	CTCTCT
1019076	103	o6	1.073	GCTCTC
1019116	319	8m	2.664	CTCTCT
1019173	165	6m	1.538	CTCTCT
1019173	173	6m	1.784	CTCTCT
1019180	658	o6	1.183	GCTCTC
1019237	416	6m	1.483	CTCTCT
1019311	197	o6	1.690	GCTCTC
1019311	518	6m	1.073	CTCTCT
1019352	477	o6	1.563	GCTCTC
1019384	186	6m	1.047	CTCTCT
1019441	354	7A1	2.191	CTCTCT
1019526	404	o6	1.093	GCTCTC
1019654	45	o6	1.380	GCTCTC
1019669	111	8m	1.615	CTCTCT
1019742	94	7A1	1.651	CTCTCT
1019942	265	6m	1.182	CTCTCT
1020059	394	6m	1.223	CTCTCT
1020059	402	o6	1.287	GCTCTC
1020059	1703	o6	1.567	GCTCTC
1020435	822	o6	1.111	GCTCTC
1020441	82	6m	1.679	CTCTCT
1020491	540	o6	1.284	GCTCTC
1020642	1158	6m	3.379	CTCTCT
1020692	269	o6	1.082	GCTCTC
1020760	557	6m	2.400	CTCTCT
1020861	1177	7m8	1.012	GCTCTC
1020974	245	o6	1.642	GCTCTC
1021495	151	o6	2.249	GCTCTC
1021540	164	6m	1.315	CTCTCT
1021540	1363	6m	1.996	CTCTCT
1021540	1542	o6	1.127	GCTCTC
1021540	4942	7A1	1.606	CTCTCT
1021566	3152	7A1	1.358	CTCTCT
1021887	220	o6	1.042	GCTCTC
1022129	189	7m8	2.981	GCTCTC
1022165	661	o6	2.086	GCTCTC
1022165	704	7m8	2.049	GCTCTC
1022173	325	6m	1.424	CTCTCT
1022338	1782	6m	1.777	CTCTCT
1022415	126	o6	1.535	GCTCTC
1022443	904	7A1	2.097	CTCTCT
1022443	922	6m	2.226	CTCTCT
1022495	4921	6m	2.029	CTCTCT
1022495	4996	6m	1.075	CTCTCT
1022500	33	6m	1.632	CTCTCT
1022531	2179	6m	2.432	CTCTCT
1022985	778	o6	1.156	GCTCTC
1023047	30	o6	2.063	GCTCTC
1023047	42	o6	1.319	GCTCTC
1023047	584	6m	1.350	CTCTCT
1023047	921	6m	1.084	CTCTCT
1023097	2107	o6	1.586	GCTCTC
1023145	664	8m	1.593	GCTCTC
1023154	1504	6m	1.543	CTCTCT
1023271	565	o6	1.306	GCTCTC
1023466	314	o6	1.053	GCTCTC
1023599	6606	6m	1.616	CTCTCT
1023790	2128	8m	1.910	CTCTCT
1023790	2424	6m	1.982	CTCTCT
1023790	2438	6m	2.263	CTCTCT
1023970	185	7A1	2.037	CTCTCT
1023970	432	7m8	1.595	GCTCTC
1024028	524	o6	1.461	GCTCTC
1024031	3475	6m	1.375	CTCTCT
1024133	1737	7m8	1.024	GCTCTC
1024301	155	6m	3.558	CTCTCT
1024301	165	6m	3.558	CTCTCT
1024313	50	o6	2.204	GCTCTC
1024369	37	7m8	1.745	CTCTCT
1024576	309	o6	2.235	GCTCTC
1024604	368	6m	1.933	CTCTCT
1024622	1126	7A1	1.179	CTCTCT
1024634	1102	6m	2.778	CTCTCT
1024648	1672	o6	1.322	GCTCTC
1024648	10764	6m	1.773	CTCTCT
1024733	114	7A1	3.260	CTCTCT
1024733	333	8m	3.272	CTCTCT
1024733	353	6m	1.900	CTCTCT
1024733	899	6m	2.586	CTCTCT
1024829	4384	7m8	1.504	CTCTCT
1024843	1403	6m	1.902	CTCTCT
1024904	4267	8m	2.386	GCTCTC
1024935	1253	7A1	2.232	CTCTCT
1024944	184	8m	2.125	GCTCTC
1024956	1847	7A1	2.149	CTCTCT
1025001	338	6m	2.301	CTCTCT
1025125	200	o6	1.445	GCTCTC
1025131	67	o6	1.255	GCTCTC
1025210	515	6m	1.199	CTCTCT
1025256	94	7m8	1.541	GCTCTC
1025340	1169	7m8	1.251	GCTCTC
1025475	2166	o6	1.292	GCTCTC
1025608	199	6m	1.320	CTCTCT
1025630	633	o6	2.764	GCTCTC
1025669	99	6m	1.322	CTCTCT
1025851	1066	6m	2.544	CTCTCT
1026048	30	7m8	2.233	GCTCTC
1026161	737	6m	1.362	CTCTCT
1026253	165	6m	2.012	CTCTCT
1026253	171	6m	1.766	CTCTCT
1026384	323	o6	1.082	GCTCTC
1026652	1151	o6	2.020	GCTCTC
1026711	2656	o6	1.548	GCTCTC
1027214	106	8m	1.973	GCTCTC
1027226	561	7A1	1.235	CTCTCT
1027438	1393	6m	1.628	CTCTCT
1027725	125	7m8	2.576	CTCTCT
1027825	162	6m	1.340	CTCTCT
1028088	221	6m	1.606	CTCTCT
1028106	523	o6	1.741	GCTCTC
1028710	793	o6	2.619	GCTCTC
1028734	1711	o6	1.962	GCTCTC
1028751	681	8m	2.597	CTCTCT
1029060	363	6m	1.358	CTCTCT
1029192	1965	6m	1.484	CTCTCT
1029246	761	o6	1.397	GCTCTC
1029369	2291	6m	1.966	CTCTCT
1029369	2309	7A1	1.447	CTCTCT
1029462	770	7m8	1.489	CTCTCT
1029692	291	6m	1.371	CTCTCT
1029787	58	7A1	2.085	CTCTCT
1030189	527	o6	1.140	GCTCTC
1030266	949	7m8	1.878	GCTCTC
1030266	2386	7A1	1.492	CTCTCT
1030340	228	7A1	1.248	CTCTCT
1030468	1052	6m	1.053	CTCTCT
1030520	331	o6	2.477	GCTCTC
1030691	255	8m	1.285	GCTCTC
1030692	446	6m	1.285	CTCTCT
1030742	73	6m	1.513	CTCTCT
1030903	143	7m8	1.035	GCTCTC
1031085	528	7m8	2.350	CTCTCT
1031129	335	7A1	1.264	CTCTCT
1031153	14	6m	1.606	CTCTCT
1031199	862	6m	1.130	CTCTCT
1031315	126	6m	1.428	CTCTCT
1031390	3867	6m	1.871	CTCTCT
1031390	3873	6m	2.433	CTCTCT
1031390	5919	6m	1.986	CTCTCT
1031390	5938	6m	1.989	CTCTCT
1031833	388	7A1	1.248	CTCTCT
1031994	136	6m	1.864	CTCTCT
1031994	517	7A1	1.050	CTCTCT
1032285	941	o6	1.052	GCTCTC
1032310	26	6m	1.245	CTCTCT
1032369	3338	6m	1.488	CTCTCT
1032369	3375	o6	1.014	GCTCTC
1032369	3837	o6	1.255	GCTCTC
1032526	169	7A1	1.343	CTCTCT
1032664	66	6m	1.368	CTCTCT
1032713	1702	7A1	2.314	CTCTCT
1032802	1039	6m	1.399	CTCTCT
1032832	366	o6	1.322	GCTCTC
1032986	59	6m	1.217	CTCTCT
1032986	356	6m	1.562	CTCTCT
1033041	2777	8m	2.377	GCTCTC
1033074	14	6m	1.177	CTCTCT
1033089	2049	7A1	1.606	CTCTCT
1033141	7098	7A1	2.409	CTCTCT
1033151	526	6m	1.259	CTCTCT
1033218	721	6m	1.274	CTCTCT
1033351	32	o6	2.008	GCTCTC
1033384	1394	6m	2.021	CTCTCT
1033452	1132	6m	1.191	CTCTCT
1033475	331	8m	2.010	GCTCTC
1033481	4339	o6	1.315	GCTCTC
1033565	2311	o6	2.436	GCTCTC
1033571	1187	7m8	2.255	GCTCTC
1033575	57	6m	1.592	CTCTCT
1033712	675	o6	2.124	GCTCTC
1033739	636	6m	2.577	CTCTCT
1033824	902	o6	1.747	GCTCTC
1033882	146	6m	1.618	CTCTCT
1034098	303	7m8	1.445	GCTCTC
1034209	1200	6m	2.280	CTCTCT
1034230	358	7A1	1.125	CTCTCT
1034235	667	7m8	1.738	CTCTCT
1034235	693	6m	1.535	CTCTCT
1034235	714	6m	1.596	CTCTCT
1034247	336	7m8	2.266	CTCTCT
1034247	953	6m	1.120	CTCTCT
1034284	101	6m	1.140	CTCTCT
1034304	1472	7A1	2.497	CTCTCT
1034304	1499	6m	2.411	CTCTCT
1034304	1505	6m	2.598	CTCTCT
1034316	4240	6m	1.318	CTCTCT
1034328	526	6m	1.274	CTCTCT
1034331	663	6m	2.058	CTCTCT
1034331	669	6m	2.058	CTCTCT
1034334	2	6m	1.311	CTCTCT
1034353	1703	7A1	1.230	CTCTCT
1034400	516	7A1	1.356	CTCTCT
1034401	9	6m	1.117	CTCTCT
1034496	842	o6	2.854	GCTCTC
1034526	32	7A1	1.212	CTCTCT
1034620	504	7A1	1.328	CTCTCT
1034661	44	6m	1.273	CTCTCT
1034709	792	6m	1.784	CTCTCT
1034899	2674	6m	2.226	CTCTCT
1034899	2767	6m	1.503	CTCTCT
1034899	2773	6m	1.503	CTCTCT
1035010	2564	6m	1.257	CTCTCT
1035046	208	7A1	1.530	CTCTCT
1035046	216	6m	1.403	CTCTCT
1035198	2668	o6	1.188	GCTCTC
1035272	206	6m	1.703	CTCTCT
1035320	290	6m	2.393	CTCTCT
1035320	298	8m	2.647	CTCTCT
1035407	168	6m	1.737	CTCTCT
1035447	364	6m	2.743	CTCTCT
1035476	375	7m8	1.549	GCTCTC
1035561	1861	7A1	1.097	CTCTCT
1035569	4033	6m	1.005	CTCTCT
1035575	1429	6m	1.132	CTCTCT
1035576	28	7A1	1.162	CTCTCT
1035582	1425	7A1	1.494	CTCTCT
1035585	297	6m	1.082	CTCTCT
1035594	1611	o6	2.044	GCTCTC
1035656	1195	o6	1.292	GCTCTC
1035656	1932	8m	1.524	GCTCTC
1035773	1399	o6	1.417	GCTCTC
1035798	2600	o6	1.307	GCTCTC
1035866	108	6m	1.216	CTCTCT
1035974	111	6m	1.457	CTCTCT
1035974	2478	6m	1.135	CTCTCT
1036001	1207	8m	2.323	GCTCTC
1036001	1280	7A1	1.476	CTCTCT
1036065	50	o6	1.610	GCTCTC
1036088	223	7A1	2.032	CTCTCT
1036283	145	7m8	1.894	GCTCTC
1036283	159	7A1	2.519	CTCTCT
1036283	173	6m	2.461	CTCTCT
1036283	1676	6m	1.964	CTCTCT
1036289	212	6m	2.263	CTCTCT
1036289	229	6m	1.614	CTCTCT
1036290	307	8m	2.654	GCTCTC
1036374	670	6m	1.016	CTCTCT
1036399	57	o6	1.217	GCTCTC
1036558	1531	7m8	1.059	CTCTCT
1036566	102	o6	2.277	GCTCTC
1036598	1323	6m	1.590	CTCTCT
1036598	1329	6m	1.590	CTCTCT
1036598	1335	6m	1.236	CTCTCT
1036676	120	7m8	2.682	CTCTCT
1036676	126	6m	2.682	CTCTCT
1036676	824	6m	1.262	CTCTCT
1036676	830	6m	1.670	CTCTCT
1036676	860	6m	1.190	CTCTCT
1036682	929	6m	2.431	CTCTCT
1036706	2121	o6	2.377	GCTCTC
1036779	117	6m	2.687	CTCTCT
1036788	2580	o6	2.623	GCTCTC
1036991	2615	7A1	1.368	CTCTCT
1036991	2964	7m8	1.196	CTCTCT
1037153	887	7m8	2.070	CTCTCT
1037153	899	6m	2.145	CTCTCT
1037474	288	6m	1.155	CTCTCT
1037474	771	o6	1.074	GCTCTC
1037709	441	o6	1.507	GCTCTC
1037992	623	o6	1.182	GCTCTC
1038013	102	6m	1.050	CTCTCT
1038067	247	6m	1.605	CTCTCT
1038067	253	6m	1.605	CTCTCT
1038119	556	7m8	1.312	GCTCTC
1038153	62	6m	1.582	CTCTCT
1038214	635	7A1	1.843	CTCTCT
1038214	1121	7m8	1.349	CTCTCT
1038214	1129	7m8	1.349	CTCTCT
1038293	1553	6m	1.576	CTCTCT
1038293	1559	6m	1.053	CTCTCT
1038293	1595	6m	1.604	CTCTCT
1038293	1601	6m	1.604	CTCTCT
1038306	259	o6	2.037	GCTCTC
1038342	1063	7m8	1.373	GCTCTC
1038465	97	6m	2.317	CTCTCT
1038485	1599	6m	2.432	CTCTCT
1039106	103	6m	1.554	CTCTCT
1039114	50	6m	2.684	CTCTCT
1039123	8	7m8	1.296	CTCTCT
1039123	14	6m	1.523	CTCTCT
1039202	218	6m	1.260	CTCTCT
1039202	1471	6m	1.162	CTCTCT
1039259	65	6m	1.138	CTCTCT
1039267	1159	6m	2.475	CTCTCT
1039376	1154	6m	2.683	CTCTCT
1039376	1174	6m	2.763	CTCTCT
1039376	1194	7A1	2.149	CTCTCT
1039376	1206	6m	1.690	CTCTCT
1039398	0	o6	1.097	GCTCTC
1039460	527	6m	2.164	CTCTCT
1039496	1559	o6	1.035	GCTCTC
1039502	4864	6m	1.930	CTCTCT
1039503	543	o6	1.380	GCTCTC
1039563	1159	o6	1.284	GCTCTC
1039703	1240	6m	1.186	CTCTCT
1039706	2014	7A1	1.112	CTCTCT
1039712	312	o6	1.683	GCTCTC
1039797	1421	6m	1.820	CTCTCT
1039797	1463	6m	2.353	CTCTCT
1039853	1822	6m	2.015	CTCTCT
1039853	3554	7m8	1.690	CTCTCT
1039853	3560	6m	1.425	CTCTCT
1039853	3566	6m	1.567	CTCTCT
1039853	3572	6m	1.034	CTCTCT
1039853	4145	6m	1.571	CTCTCT
1039853	4153	6m	1.691	CTCTCT
1039908	694	6m	1.262	CTCTCT
1039955	245	7m8	2.384	GCTCTC
1039968	67	7m8	1.955	GCTCTC
1039968	622	o6	2.220	GCTCTC
1039974	194	6m	1.158	CTCTCT
1040058	3286	6m	1.116	CTCTCT
1040058	3861	6m	1.037	CTCTCT
1040058	3877	6m	2.262	CTCTCT
1040058	3885	7m8	2.167	CTCTCT
1040058	4729	7A1	1.405	CTCTCT
1040294	585	6m	1.073	CTCTCT
1040331	680	7m8	1.457	GCTCTC
1040346	1366	6m	1.120	CTCTCT
1040346	1372	6m	1.565	CTCTCT
1040352	1030	7A1	1.949	CTCTCT
1040417	1836	o6	1.195	GCTCTC
1040417	2046	6m	1.468	CTCTCT
1040438	2200	8m	1.645	CTCTCT
1040461	739	7m8	1.118	GCTCTC
1040533	862	o6	2.154	GCTCTC
1040538	2084	6m	1.084	CTCTCT
1040557	39	6m	1.986	CTCTCT
1040590	286	7A1	1.453	CTCTCT
1040590	4959	6m	2.331	CTCTCT
1040590	4972	6m	2.105	CTCTCT
1040631	798	7m8	1.282	GCTCTC
1040635	1181	6m	2.198	CTCTCT
1040635	1213	6m	2.125	CTCTCT
1040635	1390	6m	2.904	CTCTCT
1040635	3788	6m	1.105	CTCTCT
1040635	3800	6m	1.225	CTCTCT
1040635	3810	6m	1.097	CTCTCT
1040635	3865	6m	1.335	CTCTCT
1040646	1958	o6	1.359	GCTCTC
1040661	85	o6	2.508	GCTCTC
