1000029	133	7A1	2.033	AATCCA
1000048	299	6m	1.770	AATCCA
1000066	650	6m	1.711	AATCCA
1000134	1530	6m	1.070	AATCCA
1000176	691	8m	2.043	AATCCA
1000234	281	6m	3.082	AATCCA
1000293	49	o6	2.087	TAATCC
1000373	698	8m	1.220	TAATCC
1000395	577	6m	2.132	AATCCA
1000442	91	7A1	1.567	AATCCA
1000442	427	7A1	3.307	AATCCA
1000454	162	6m	1.066	AATCCA
1000478	1131	7A1	2.834	AATCCA
1000500	700	o6	1.652	TAATCC
1000533	178	7m8	2.166	AATCCA
1000610	528	6m	2.041	AATCCA
1000649	841	6m	1.199	AATCCA
1000734	145	7A1	1.832	AATCCA
1000857	57	o6	1.695	TAATCC
1000875	267	o6	1.097	TAATCC
1000920	908	6m	2.409	AATCCA
1000929	681	7m8	2.031	TAATCC
1000962	838	6m	1.104	AATCCA
1001030	1742	7m8	2.635	TAATCC
1001061	284	6m	2.807	AATCCA
1001075	2939	o6	2.721	TAATCC
1001139	486	7A1	1.686	AATCCA
1001140	259	7m8	1.959	TAATCC
1001148	103	o6	1.792	TAATCC
1001223	46	o6	1.866	TAATCC
1001250	36	o6	2.187	TAATCC
1001366	206	8m	2.755	TAATCC
1001440	1588	7A1	3.100	AATCCA
1001440	1618	7m8	3.100	TAATCC
1001494	254	6m	1.085	AATCCA
1001505	168	6m	2.489	AATCCA
1001514	16	6m	1.405	AATCCA
1001514	1450	6m	2.962	AATCCA
1001533	1296	7A1	1.563	AATCCA
1001533	4464	6m	2.617	AATCCA
1001578	2085	6m	1.121	AATCCA
1001601	4584	6m	1.150	AATCCA
1001765	56	6m	1.321	AATCCA
1001897	1108	o6	3.531	TAATCC
1001903	23	6m	1.576	AATCCA
1002074	29	6m	1.690	AATCCA
1002084	880	7A1	1.062	AATCCA
1002176	480	7m8	2.017	TAATCC
1002197	28	7m8	2.241	AATCCA
1002518	157	6m	1.035	AATCCA
1002544	150	6m	1.193	AATCCA
1002755	89	o6	1.460	TAATCC
1002767	39	o6	1.682	TAATCC
1002797	401	7A1	3.838	AATCCA
1002808	94	7m8	1.281	TAATCC
1002847	40	8m	1.040	AATCCA
1002878	210	o6	1.264	TAATCC
1002898	522	7A1	2.037	AATCCA
1003023	88	7A1	1.328	AATCCA
1003062	97	o6	1.192	TAATCC
1003122	1832	o6	1.202	TAATCC
1003143	803	6m	1.055	AATCCA
1003155	166	6m	1.244	AATCCA
1003187	118	7A1	1.042	AATCCA
1003226	381	8m	2.025	TAATCC
1003257	82	o6	2.400	TAATCC
1003263	878	7A1	1.151	AATCCA
1003297	888	6m	1.439	AATCCA
1003594	28	o6	2.471	TAATCC
1003631	2343	o6	2.306	TAATCC
1003631	3395	7A1	1.241	AATCCA
1003640	293	6m	2.224	AATCCA
1003660	1434	o6	1.282	TAATCC
1003683	273	o6	2.661	TAATCC
1003821	197	6m	1.186	AATCCA
1003846	55	7A1	3.244	AATCCA
1003851	377	6m	1.455	AATCCA
1003945	1040	6m	1.366	AATCCA
1003951	280	7A1	1.002	AATCCA
1004463	3272	6m	1.408	AATCCA
1004591	452	o6	2.204	TAATCC
1004750	67	o6	2.227	TAATCC
1004750	381	o6	1.036	TAATCC
1004750	387	o6	1.036	TAATCC
1004811	216	o6	1.415	TAATCC
1004835	251	7A1	1.029	AATCCA
1004843	176	7A1	1.322	AATCCA
1004937	23	6m	1.014	AATCCA
1005150	216	8m	3.449	TAATCC
1005150	235	7A1	3.449	AATCCA
1005150	243	6m	3.449	AATCCA
1005402	113	o6	1.053	TAATCC
1005407	70	7m8	1.322	TAATCC
1005408	232	o6	1.687	TAATCC
1005470	79	6m	1.054	AATCCA
1005470	2166	6m	2.643	AATCCA
1005507	217	7m8	1.264	TAATCC
1005507	259	7m8	2.114	TAATCC
1005550	20	7A1	1.129	AATCCA
1005557	1133	7A1	2.660	AATCCA
1005565	490	6m	1.811	AATCCA
1005565	909	6m	1.170	AATCCA
1005646	4324	o6	3.398	TAATCC
1005709	442	7A1	2.065	AATCCA
1005752	1794	8m	1.460	TAATCC
1005752	2360	8m	1.227	TAATCC
1005906	130	6m	1.212	AATCCA
1006041	304	8m	1.254	TAATCC
1006066	552	6m	1.573	AATCCA
1006548	484	7m8	1.288	TAATCC
1006587	724	7A1	1.335	AATCCA
1006614	173	7m8	1.719	TAATCC
1006615	190	6m	1.053	AATCCA
1006699	1165	o6	1.405	TAATCC
1006714	1877	7A1	2.809	AATCCA
1006726	943	7A1	1.329	AATCCA
1006734	112	o6	1.432	TAATCC
1006738	706	o6	1.598	TAATCC
1006866	87	8m	1.759	TAATCC
1006872	478	6m	3.398	AATCCA
1006872	731	o6	1.607	TAATCC
1006872	901	7m8	2.533	TAATCC
1006875	1896	o6	1.598	TAATCC
1006916	252	6m	1.220	AATCCA
1006916	411	o6	2.007	TAATCC
1007031	1241	6m	1.169	AATCCA
1007031	1815	6m	1.719	AATCCA
1007207	1008	7A1	1.317	AATCCA
1007230	3144	6m	1.029	AATCCA
1007242	3621	7m8	1.577	TAATCC
1007502	940	6m	2.214	AATCCA
1007521	447	6m	1.417	AATCCA
1007530	473	6m	1.888	AATCCA
1007576	226	o6	1.820	TAATCC
1007637	1054	o6	1.730	TAATCC
1007647	198	o6	3.034	TAATCC
1007698	2143	7A1	1.007	AATCCA
1007779	291	7A1	1.084	AATCCA
1007797	344	7A1	1.998	AATCCA
1007803	486	o6	1.973	TAATCC
1007806	309	6m	2.047	AATCCA
1007891	547	7A1	1.260	AATCCA
1007923	1287	7A1	1.311	AATCCA
1007950	880	6m	1.289	AATCCA
1007950	1896	6m	1.919	AATCCA
1007980	2116	o6	3.028	TAATCC
1008036	1695	6m	1.284	AATCCA
1008109	210	o6	1.082	TAATCC
1008145	3092	o6	1.948	TAATCC
1008145	5788	7m8	2.400	AATCCA
1008145	7299	7A1	1.156	AATCCA
1008145	8484	o6	2.544	TAATCC
1008145	11304	o6	1.996	TAATCC
1008151	127	7A1	2.025	AATCCA
1008151	379	8m	1.084	TAATCC
1008183	26	6m	1.354	AATCCA
1008255	67	6m	1.158	AATCCA
1008255	1312	o6	1.162	TAATCC
1008279	140	7m8	2.054	AATCCA
1008285	514	o6	1.418	TAATCC
1008286	126	o6	1.103	TAATCC
1008286	292	o6	1.278	TAATCC
1008286	1953	8m	1.284	TAATCC
1008286	1958	7A1	1.284	AATCCA
1008301	156	7A1	1.015	AATCCA
1008363	41	6m	1.200	AATCCA
1008372	919	7A1	2.206	AATCCA
1008486	357	o6	1.076	TAATCC
1008557	636	o6	1.524	TAATCC
1008572	226	7A1	1.575	AATCCA
1008624	537	o6	1.277	TAATCC
1008641	101	6m	2.435	AATCCA
1008642	206	7A1	1.650	AATCCA
1008654	62	7A1	1.464	AATCCA
1008654	523	o6	1.153	TAATCC
1008720	840	7A1	1.351	AATCCA
1008860	501	7A1	2.067	AATCCA
1008866	184	o6	2.072	TAATCC
1008911	184	6m	1.062	AATCCA
1008918	397	o6	1.251	TAATCC
1008990	133	7A1	1.890	AATCCA
1009026	1754	o6	1.916	TAATCC
1009075	80	6m	1.017	AATCCA
1009093	87	o6	1.053	TAATCC
1009107	145	o6	2.046	TAATCC
1009149	31	7A1	1.015	AATCCA
1009149	45	8m	1.031	AATCCA
1009267	769	7A1	1.517	AATCCA
1009300	203	7m8	1.264	TAATCC
1009355	132	o6	1.411	TAATCC
1009424	195	6m	1.053	AATCCA
1009434	96	7A1	1.357	AATCCA
1009658	80	7m8	1.467	AATCCA
1009748	208	o6	2.375	TAATCC
1009834	2626	7A1	1.097	AATCCA
1009837	33	8m	1.606	TAATCC
1009930	181	6m	2.533	AATCCA
1009945	1445	6m	2.050	AATCCA
1009948	326	o6	2.382	TAATCC
1009948	2046	6m	1.468	AATCCA
1010129	152	6m	1.462	AATCCA
1010201	149	7A1	1.771	AATCCA
1010229	129	o6	1.938	TAATCC
1010232	3190	6m	1.606	AATCCA
1010238	2817	6m	1.606	AATCCA
1010250	26	7A1	1.061	AATCCA
1010250	2446	8m	3.673	TAATCC
1010326	571	6m	1.335	AATCCA
1010365	636	7m8	1.110	TAATCC
1010483	904	7A1	1.055	AATCCA
1010652	583	6m	1.038	AATCCA
1010712	413	6m	1.524	AATCCA
1011059	250	7A1	1.225	AATCCA
1011107	1008	6m	1.086	AATCCA
1011107	2305	6m	1.029	AATCCA
1011200	102	7A1	1.123	AATCCA
1011321	1604	6m	2.364	AATCCA
1011321	1800	o6	1.442	TAATCC
1011327	232	7A1	1.328	AATCCA
1011327	1407	7A1	1.286	AATCCA
1011487	1263	o6	1.279	TAATCC
1011638	193	o6	1.068	TAATCC
1011743	599	7A1	2.616	AATCCA
1011818	27	o6	2.684	TAATCC
1011827	345	o6	1.444	TAATCC
1011860	35	7A1	1.823	AATCCA
1011932	131	8m	1.984	TAATCC
1011951	204	6m	1.419	AATCCA
1012002	627	6m	1.143	AATCCA
1012020	209	6m	2.073	AATCCA
1012074	342	7A1	1.173	AATCCA
1012169	593	o6	1.745	TAATCC
1012174	895	7A1	3.365	AATCCA
1012177	140	o6	1.529	TAATCC
1012181	106	8m	1.232	TAATCC
1012271	277	6m	1.285	AATCCA
1012329	274	o6	1.582	TAATCC
1012383	730	o6	1.269	TAATCC
1012421	141	o6	3.028	TAATCC
1012458	52	o6	1.333	TAATCC
1012479	281	o6	1.906	TAATCC
1012479	636	7A1	1.082	AATCCA
1012582	413	7A1	2.578	AATCCA
1012620	315	o6	2.357	TAATCC
1012760	555	6m	1.718	AATCCA
1012760	569	6m	2.072	AATCCA
1012878	910	7A1	1.780	AATCCA
1013114	170	o6	1.241	TAATCC
1013222	496	o6	3.247	TAATCC
1013312	1111	7A1	1.165	AATCCA
1013327	527	6m	1.543	AATCCA
1013383	159	7A1	1.158	AATCCA
1013397	301	o6	1.033	TAATCC
1013443	1680	7A1	2.830	AATCCA
1013591	2038	7A1	1.120	AATCCA
1013600	558	7m8	1.147	TAATCC
1013670	1963	7A1	1.446	AATCCA
1013670	2377	6m	1.606	AATCCA
1013687	606	o6	2.340	TAATCC
1013772	61	7A1	2.252	AATCCA
1013968	143	6m	1.007	AATCCA
1014265	421	o6	2.278	TAATCC
1014403	1653	7m8	3.398	TAATCC
1014418	2896	6m	1.606	AATCCA
1014588	548	7A1	1.103	AATCCA
1014644	406	o6	1.520	TAATCC
1014856	2037	7m8	1.029	AATCCA
1014883	1756	7m8	2.058	TAATCC
1014899	1730	7m8	2.605	TAATCC
1014904	1118	8m	2.336	TAATCC
1014978	331	6m	1.139	AATCCA
1014988	2436	o6	1.600	TAATCC
1014988	2677	o6	1.278	TAATCC
1015021	1397	7A1	1.119	AATCCA
1015085	636	o6	1.245	TAATCC
1015128	121	6m	1.275	AATCCA
1015145	1433	6m	2.084	AATCCA
1015145	2972	7A1	2.477	AATCCA
1015303	453	o6	1.253	TAATCC
1015333	400	7A1	2.058	AATCCA
1015354	4	6m	2.013	AATCCA
1015369	223	7A1	1.053	AATCCA
1015375	1504	7m8	1.287	AATCCA
1015375	1699	6m	2.765	AATCCA
1015375	1823	7A1	1.294	AATCCA
1015430	32	o6	1.084	TAATCC
1015526	1086	6m	1.787	AATCCA
1015572	373	8m	3.649	TAATCC
1015572	1432	6m	3.058	AATCCA
1015572	1771	6m	1.508	AATCCA
1015572	2804	7A1	1.623	AATCCA
1015572	3060	6m	1.690	AATCCA
1015601	179	o6	1.210	TAATCC
1015637	11	7m8	1.315	TAATCC
1015637	1106	o6	1.120	TAATCC
1015637	1540	6m	2.025	AATCCA
1015646	258	o6	1.415	TAATCC
1015661	335	o6	2.377	TAATCC
1015679	123	o6	2.901	TAATCC
1015810	1037	7A1	1.284	AATCCA
1015823	330	7A1	1.300	AATCCA
1015834	746	6m	1.663	AATCCA
1015841	58	7A1	1.042	AATCCA
1015903	185	o6	1.416	TAATCC
1015936	1948	8m	1.311	TAATCC
1015995	1026	6m	2.660	AATCCA
1015995	2128	6m	1.084	AATCCA
1016007	321	7m8	2.482	TAATCC
1016016	2007	6m	3.084	AATCCA
1016020	1524	6m	1.668	AATCCA
1016026	1184	o6	1.048	TAATCC
1016029	2206	6m	1.606	AATCCA
1016047	1866	8m	1.705	AATCCA
1016115	109	6m	1.148	AATCCA
1016200	656	6m	1.322	AATCCA
1016256	248	7A1	1.824	AATCCA
1016281	583	7A1	1.576	AATCCA
1016347	1003	7A1	1.397	AATCCA
1016356	102	6m	1.542	AATCCA
1016422	310	o6	1.095	TAATCC
1016445	845	o6	1.320	TAATCC
1016556	826	o6	1.460	TAATCC
1016566	1625	o6	2.287	TAATCC
1016574	5661	8m	1.058	TAATCC
1016605	163	o6	1.142	TAATCC
1016640	299	7A1	2.114	AATCCA
1016644	245	8m	1.484	TAATCC
1016670	245	6m	2.019	AATCCA
1016677	76	o6	1.684	TAATCC
1016755	188	6m	1.178	AATCCA
1016782	378	7m8	1.605	TAATCC
1016806	1008	8m	2.378	AATCCA
1016815	327	6m	1.284	AATCCA
1016839	44	7A1	1.997	AATCCA
1016865	359	8m	1.606	AATCCA
1016936	84	o6	1.002	TAATCC
1016951	614	7m8	2.015	TAATCC
1016951	787	o6	1.434	TAATCC
1016971	3499	6m	1.379	AATCCA
1016971	3894	6m	1.053	AATCCA
1016986	650	6m	1.761	AATCCA
1017024	985	6m	2.164	AATCCA
1017197	1790	o6	1.053	TAATCC
1017197	2515	o6	1.053	TAATCC
1017245	23	o6	3.349	TAATCC
1017249	111	7m8	1.965	TAATCC
1017257	79	o6	1.771	TAATCC
1017381	57	o6	2.194	TAATCC
1017381	63	o6	2.194	TAATCC
1017404	520	6m	1.893	AATCCA
1017434	267	7m8	1.284	TAATCC
1017478	352	7A1	1.348	AATCCA
1017511	2302	7A1	1.871	AATCCA
1017557	430	7A1	1.405	AATCCA
1017629	158	8m	1.282	AATCCA
1017677	131	o6	1.560	TAATCC
1017683	236	6m	2.007	AATCCA
1017787	486	6m	1.074	AATCCA
1017853	101	7m8	1.024	AATCCA
1017964	84	8m	1.780	TAATCC
1017981	888	8m	1.062	TAATCC
1018081	625	7A1	2.073	AATCCA
1018125	35	6m	1.252	AATCCA
1018149	107	7m8	2.613	TAATCC
1018168	94	7m8	2.815	TAATCC
1018225	439	o6	1.196	TAATCC
1018243	396	7A1	2.511	AATCCA
1018243	3932	7m8	1.055	TAATCC
1018248	1700	o6	3.054	TAATCC
1018272	33	8m	1.001	TAATCC
1018478	117	o6	1.348	TAATCC
1018486	982	8m	2.294	TAATCC
1018530	55	8m	1.322	AATCCA
1018530	1312	7A1	1.053	AATCCA
1018530	2643	7A1	1.885	AATCCA
1018656	592	o6	1.505	TAATCC
1018720	105	o6	2.707	TAATCC
1018766	1321	7A1	2.406	AATCCA
1018825	246	7A1	1.084	AATCCA
1018937	493	6m	2.310	AATCCA
1019101	272	7m8	1.249	TAATCC
1019128	178	7m8	1.104	TAATCC
1019198	3	o6	1.040	TAATCC
1019311	560	o6	1.428	TAATCC
1019352	278	6m	1.135	AATCCA
1019514	1373	6m	1.004	AATCCA
1019579	3338	7A1	1.556	AATCCA
1019664	198	6m	1.101	AATCCA
1019925	78	o6	1.138	TAATCC
1019932	394	o6	2.507	TAATCC
1020059	94	o6	1.094	TAATCC
1020093	28	o6	1.986	TAATCC
1020219	1053	7A1	1.265	AATCCA
1020253	1452	7A1	2.640	AATCCA
1020253	2335	7A1	1.030	AATCCA
1020280	175	o6	1.098	TAATCC
1020390	128	6m	1.288	AATCCA
1020435	1408	6m	1.071	AATCCA
1020435	2860	o6	1.351	TAATCC
1020449	74	o6	2.129	TAATCC
1020564	834	8m	2.425	TAATCC
1020568	77	o6	1.584	TAATCC
1020601	527	7A1	1.008	AATCCA
1020642	925	7m8	3.065	AATCCA
1020643	733	7A1	1.217	AATCCA
1020643	1001	7A1	2.026	AATCCA
1020661	775	o6	1.606	TAATCC
1020858	224	6m	1.548	AATCCA
1020895	202	7A1	1.389	AATCCA
1020900	133	7A1	1.100	AATCCA
1020996	170	6m	2.150	AATCCA
1021014	726	7A1	2.383	AATCCA
1021138	582	6m	1.260	AATCCA
1021272	141	7m8	1.564	TAATCC
1021357	57	o6	1.464	TAATCC
1021406	488	7m8	1.330	AATCCA
1021525	1598	6m	2.508	AATCCA
1021540	196	o6	3.028	TAATCC
1021545	175	7A1	1.303	AATCCA
1021566	1951	o6	3.034	TAATCC
1021619	407	8m	1.400	AATCCA
1021696	26	o6	1.930	TAATCC
1021742	129	o6	2.018	TAATCC
1021850	167	o6	1.736	TAATCC
1021866	650	6m	3.174	AATCCA
1021866	887	6m	1.242	AATCCA
1021899	1714	o6	1.011	TAATCC
1021909	1500	6m	1.073	AATCCA
1021953	127	8m	2.062	TAATCC
1021978	1079	7A1	1.129	AATCCA
1022129	394	o6	1.073	TAATCC
1022198	890	o6	2.277	TAATCC
1022235	2000	7A1	1.443	AATCCA
1022251	65	8m	1.442	AATCCA
1022294	126	7A1	2.376	AATCCA
1022383	107	6m	1.322	AATCCA
1022443	136	o6	2.011	TAATCC
1022932	36	7A1	1.053	AATCCA
1022932	2205	7A1	1.053	AATCCA
1022941	2133	6m	1.406	AATCCA
1022986	282	7m8	1.096	TAATCC
1023032	777	8m	2.015	AATCCA
1023032	1020	o6	1.461	TAATCC
1023065	221	7A1	1.130	AATCCA
1023100	1046	o6	1.631	TAATCC
1023213	87	6m	1.435	AATCCA
1023281	413	o6	1.166	TAATCC
1023289	2282	o6	1.073	TAATCC
1023292	1388	6m	1.180	AATCCA
1023320	1139	o6	1.240	TAATCC
1023378	1825	7A1	2.031	AATCCA
1023381	1336	7A1	2.031	AATCCA
1023488	425	7A1	3.293	AATCCA
1023533	372	7A1	1.119	AATCCA
1023572	411	6m	1.584	AATCCA
1023579	583	7A1	1.575	AATCCA
1023594	525	7A1	1.053	AATCCA
1023594	535	7A1	1.053	AATCCA
1023599	1047	6m	2.001	AATCCA
1023673	788	7m8	1.315	TAATCC
1023678	98	6m	1.701	AATCCA
1023681	429	6m	1.026	AATCCA
1023681	2394	7A1	1.285	AATCCA
1023684	53	7A1	3.005	AATCCA
1023721	26	o6	1.301	TAATCC
1023727	690	o6	1.267	TAATCC
1023774	316	7A1	1.522	AATCCA
1023774	1149	6m	1.053	AATCCA
1023790	3430	8m	1.563	TAATCC
1023850	1427	7m8	1.251	TAATCC
1023930	98	o6	1.930	TAATCC
1024031	2297	o6	1.199	TAATCC
1024031	2428	7m8	1.606	TAATCC
1024052	168	o6	1.205	TAATCC
1024052	208	6m	1.209	AATCCA
1024093	327	7A1	1.567	AATCCA
1024093	423	8m	1.459	AATCCA
1024141	658	o6	2.388	TAATCC
1024181	42	7A1	1.222	AATCCA
1024211	1394	o6	1.322	TAATCC
1024372	992	7A1	1.976	AATCCA
1024388	492	o6	1.176	TAATCC
1024393	1373	8m	1.061	TAATCC
1024397	1659	7A1	1.011	AATCCA
1024397	2079	7m8	1.818	AATCCA
1024465	890	6m	1.687	AATCCA
1024486	440	o6	1.441	TAATCC
1024513	286	o6	1.931	TAATCC
1024559	626	6m	1.053	AATCCA
1024571	983	o6	2.922	TAATCC
1024612	1565	7A1	1.493	AATCCA
1024613	507	7A1	1.756	AATCCA
1024613	555	8m	1.979	AATCCA
1024619	2183	6m	1.315	AATCCA
1024628	246	6m	1.824	AATCCA
1024645	123	6m	1.944	AATCCA
1024648	5970	7m8	1.322	TAATCC
1024648	7029	o6	1.244	TAATCC
1024648	8506	o6	1.029	TAATCC
1024648	10880	7A1	1.931	AATCCA
1024654	1767	7A1	2.350	AATCCA
1024715	3198	7A1	1.390	AATCCA
1024715	3204	7A1	1.390	AATCCA
1024715	4930	7A1	1.058	AATCCA
1024721	1834	7A1	1.105	AATCCA
1024757	443	8m	3.240	TAATCC
1024774	606	8m	1.228	AATCCA
1024829	5755	6m	1.544	AATCCA
1025029	1820	o6	1.598	TAATCC
1025046	68	o6	1.037	TAATCC
1025167	85	o6	1.283	TAATCC
1025168	1171	7m8	1.038	TAATCC
1025176	201	6m	2.175	AATCCA
1025176	235	7A1	1.898	AATCCA
1025210	426	7A1	1.132	AATCCA
1025397	143	7m8	2.317	TAATCC
1025431	798	o6	1.679	TAATCC
1025455	641	o6	1.577	TAATCC
1025455	758	o6	1.903	TAATCC
1025475	2002	o6	2.778	TAATCC
1025475	2009	o6	2.778	TAATCC
1025511	102	o6	1.587	TAATCC
1025565	691	6m	1.105	AATCCA
1025591	63	o6	1.340	TAATCC
1025624	52	7m8	2.431	TAATCC
1025630	321	6m	3.560	AATCCA
1025755	1198	7A1	1.601	AATCCA
1025781	156	7m8	1.169	TAATCC
1025844	71	o6	1.616	TAATCC
1025868	29	7m8	1.283	AATCCA
1026095	549	o6	2.539	TAATCC
1026120	18	6m	1.855	AATCCA
1026204	1587	6m	1.317	AATCCA
1026443	0	6m	2.293	AATCCA
1026498	190	6m	1.525	AATCCA
1026598	21	8m	1.999	AATCCA
1026711	1827	7A1	1.989	AATCCA
1026711	3150	7A1	1.566	AATCCA
1026849	606	7A1	1.513	AATCCA
1026853	147	7A1	2.187	AATCCA
1026853	514	7m8	1.007	AATCCA
1026907	175	o6	1.690	TAATCC
1026921	416	6m	1.283	AATCCA
1026944	37	6m	1.072	AATCCA
1027150	61	7m8	1.550	AATCCA
1027153	215	8m	2.436	TAATCC
1027214	514	7m8	1.304	AATCCA
1027332	400	7m8	4.559	TAATCC
1027332	409	o6	4.559	TAATCC
1027417	448	6m	1.183	AATCCA
1027438	1626	o6	2.073	TAATCC
1027656	98	7A1	1.250	AATCCA
1027773	785	6m	1.444	AATCCA
1027912	1285	o6	1.409	TAATCC
1027912	1596	6m	2.364	AATCCA
1027938	906	7m8	1.016	TAATCC
1028001	734	o6	3.805	TAATCC
1028007	1289	6m	1.775	AATCCA
1028011	601	7A1	1.380	AATCCA
1028115	88	o6	1.002	TAATCC
1028263	134	o6	1.260	TAATCC
1028266	218	7m8	1.015	TAATCC
1028344	342	o6	1.225	TAATCC
1028348	43	o6	1.442	TAATCC
1028512	448	6m	1.412	AATCCA
1028512	607	6m	1.097	AATCCA
1028527	1884	o6	2.600	TAATCC
1028559	824	o6	2.479	TAATCC
1028638	327	6m	1.831	AATCCA
1028734	978	6m	1.961	AATCCA
1028734	4417	7A1	2.033	AATCCA
1028794	637	7A1	2.190	AATCCA
1028878	237	7m8	1.346	TAATCC
1028931	340	o6	1.187	TAATCC
1028947	553	6m	1.279	AATCCA
1028998	924	o6	1.814	TAATCC
1029019	115	7m8	1.295	TAATCC
1029046	43	7m8	2.045	AATCCA
1029054	37	8m	1.316	TAATCC
1029097	215	6m	2.854	AATCCA
1029097	839	6m	2.794	AATCCA
1029097	1769	6m	1.971	AATCCA
1029125	341	7A1	1.870	AATCCA
1029394	152	o6	2.329	TAATCC
1029462	220	o6	2.062	TAATCC
1029520	328	7m8	1.141	TAATCC
1029520	629	7A1	1.232	AATCCA
1029558	1363	8m	1.575	TAATCC
1029692	107	7A1	1.569	AATCCA
1029944	424	6m	1.269	AATCCA
1030123	1141	8m	1.106	TAATCC
1030132	239	8m	1.349	TAATCC
1030189	347	o6	1.887	TAATCC
1030240	257	7m8	1.053	TAATCC
1030255	284	o6	2.807	TAATCC
1030266	1061	7m8	1.210	AATCCA
1030335	94	7A1	1.119	AATCCA
1030343	366	6m	1.067	AATCCA
1030405	116	o6	1.456	TAATCC
1030468	157	o6	2.544	TAATCC
1030471	29	7m8	1.322	TAATCC
1030556	619	6m	1.082	AATCCA
1030566	916	7A1	1.705	AATCCA
1030713	280	o6	2.720	TAATCC
1030751	123	6m	1.642	AATCCA
1030788	253	o6	1.012	TAATCC
1030959	131	7m8	2.409	AATCCA
1031039	188	o6	1.595	TAATCC
1031156	2699	6m	1.065	AATCCA
1031199	3650	6m	2.807	AATCCA
1031199	3672	7A1	2.288	AATCCA
1031223	44	6m	1.040	AATCCA
1031223	421	8m	1.284	TAATCC
1031321	214	8m	1.073	AATCCA
1031321	1114	o6	2.073	TAATCC
1031616	1621	6m	1.442	AATCCA
1031830	1182	o6	1.020	TAATCC
1031857	16	6m	1.903	AATCCA
1031887	336	o6	1.322	TAATCC
1031962	60	7A1	1.188	AATCCA
1031997	599	7A1	1.445	AATCCA
1032333	1043	6m	1.057	AATCCA
1032333	1727	o6	1.207	TAATCC
1032420	876	o6	1.241	TAATCC
1032448	179	6m	1.881	AATCCA
1032471	1965	6m	1.723	AATCCA
1032490	440	o6	1.150	TAATCC
1032622	21	7A1	1.255	AATCCA
1032693	723	o6	2.025	TAATCC
1032728	151	7A1	1.198	AATCCA
1032750	473	8m	1.190	TAATCC
1032750	625	7A1	1.495	AATCCA
1032766	141	8m	1.237	TAATCC
1032793	822	6m	1.183	AATCCA
1032813	434	7A1	1.160	AATCCA
1032822	196	6m	2.302	AATCCA
1032822	2665	o6	1.606	TAATCC
1032829	566	7A1	1.104	AATCCA
1032843	334	o6	1.156	TAATCC
1032879	142	6m	1.255	AATCCA
1032902	906	7m8	1.053	TAATCC
1032968	641	6m	1.251	AATCCA
1032968	1335	6m	1.845	AATCCA
1032968	1629	6m	2.409	AATCCA
1033008	1396	6m	2.807	AATCCA
1033089	2118	7A1	1.094	AATCCA
1033089	2174	6m	1.606	AATCCA
1033138	298	7A1	1.456	AATCCA
1033152	891	o6	1.245	TAATCC
1033160	270	6m	1.606	AATCCA
1033181	130	8m	1.987	TAATCC
1033187	621	6m	1.001	AATCCA
1033193	1349	6m	1.519	AATCCA
1033196	568	6m	1.285	AATCCA
1033202	442	6m	1.285	AATCCA
1033310	406	o6	3.889	TAATCC
1033354	11	6m	1.874	AATCCA
1033362	549	o6	1.225	TAATCC
1033384	21	7A1	1.037	AATCCA
1033431	1125	6m	3.966	AATCCA
1033443	71	7A1	2.425	AATCCA
1033452	730	7A1	1.606	AATCCA
1033469	956	o6	1.581	TAATCC
1033472	82	7m8	1.047	TAATCC
1033481	3986	o6	1.719	TAATCC
1033485	28	7m8	1.606	TAATCC
1033565	2294	6m	2.443	AATCCA
1033575	81	6m	1.278	AATCCA
1033598	2511	8m	2.867	TAATCC
1033598	5777	7A1	1.322	AATCCA
1033601	2298	7m8	1.271	TAATCC
1033607	49	6m	1.044	AATCCA
1033685	592	o6	1.572	TAATCC
1033739	644	7A1	1.224	AATCCA
1033739	1009	o6	2.854	TAATCC
1033792	945	7A1	1.284	AATCCA
1033795	1033	o6	1.141	TAATCC
1033803	1069	7m8	1.055	TAATCC
1033806	118	7m8	1.055	TAATCC
1033824	542	o6	1.055	TAATCC
1033933	228	7m8	1.121	TAATCC
1034040	281	o6	1.240	TAATCC
1034202	1802	7m8	1.111	AATCCA
1034281	180	7A1	1.319	AATCCA
1034304	3082	o6	1.404	TAATCC
1034353	413	6m	2.041	AATCCA
1034358	873	o6	2.031	TAATCC
1034400	494	o6	1.556	TAATCC
1034419	191	6m	1.328	AATCCA
1034434	150	8m	1.959	TAATCC
1034496	968	o6	2.037	TAATCC
1034545	1375	6m	1.694	AATCCA
1034556	807	7A1	1.341	AATCCA
1034565	376	6m	1.125	AATCCA
1034565	683	6m	1.186	AATCCA
1034658	225	7m8	1.979	AATCCA
1034665	1718	7A1	2.292	AATCCA
1034694	149	o6	1.340	TAATCC
1034739	884	7A1	1.030	AATCCA
1034748	489	o6	1.027	TAATCC
1034828	711	7A1	1.257	AATCCA
1034839	697	6m	1.177	AATCCA
1034839	1112	7m8	1.832	AATCCA
1034839	1332	7A1	1.590	AATCCA
1034884	807	o6	1.567	TAATCC
1034909	636	6m	1.891	AATCCA
1034917	404	7A1	1.006	AATCCA
1034917	908	7A1	1.006	AATCCA
1034941	2744	6m	1.270	AATCCA
1034977	683	7A1	1.423	AATCCA
1034983	226	o6	1.623	TAATCC
1034995	230	7A1	2.086	AATCCA
1035010	5086	7A1	1.114	AATCCA
1035019	335	6m	1.388	AATCCA
1035034	61	6m	2.321	AATCCA
1035040	678	o6	1.275	TAATCC
1035153	586	7A1	1.065	AATCCA
1035320	412	7A1	1.679	AATCCA
1035356	747	6m	3.175	AATCCA
1035527	803	o6	2.321	TAATCC
1035582	517	6m	1.058	AATCCA
1035602	105	7A1	1.434	AATCCA
1035656	2987	6m	1.006	AATCCA
1035672	469	7A1	1.362	AATCCA
1035701	497	7m8	1.489	TAATCC
1035711	908	o6	1.235	TAATCC
1035729	428	6m	3.034	AATCCA
1035737	39	7A1	3.777	AATCCA
1035768	2014	8m	1.173	TAATCC
1035773	2402	7m8	1.228	AATCCA
1035791	284	6m	1.665	AATCCA
1035798	325	7A1	1.563	AATCCA
1035974	281	6m	1.073	AATCCA
1035974	731	6m	1.073	AATCCA
1035993	14	7A1	1.906	AATCCA
1036001	1582	6m	1.076	AATCCA
1036043	116	7A1	2.854	AATCCA
1036046	1436	7A1	1.350	AATCCA
1036065	1	7m8	1.113	AATCCA
1036127	2945	6m	2.270	AATCCA
1036127	3107	6m	1.812	AATCCA
1036127	3665	7A1	3.427	AATCCA
1036127	6994	6m	1.675	AATCCA
1036127	9056	6m	1.410	AATCCA
1036127	12457	6m	1.295	AATCCA
1036220	171	8m	2.897	TAATCC
1036232	340	7A1	1.572	AATCCA
1036232	1092	7A1	1.376	AATCCA
1036247	484	o6	1.169	TAATCC
1036274	45	o6	1.328	TAATCC
1036283	92	o6	1.090	TAATCC
1036283	992	7m8	2.864	TAATCC
1036374	443	7m8	1.178	AATCCA
1036374	939	7A1	3.095	AATCCA
1036396	410	7m8	2.683	TAATCC
1036432	0	o6	1.948	TAATCC
1036443	252	o6	1.690	TAATCC
1036482	1621	6m	1.189	AATCCA
1036566	823	o6	1.407	TAATCC
1036601	766	7A1	1.719	AATCCA
1036679	82	7A1	1.554	AATCCA
1036682	1477	o6	1.276	TAATCC
1036682	1814	o6	3.143	TAATCC
1036686	153	6m	2.048	AATCCA
1036686	243	6m	3.225	AATCCA
1036706	203	o6	1.073	TAATCC
1036739	65	6m	1.212	AATCCA
1036787	1254	6m	2.246	AATCCA
1036944	92	o6	1.322	TAATCC
1036967	501	6m	1.082	AATCCA
1037031	1418	7m8	2.866	TAATCC
1037161	143	7A1	1.871	AATCCA
1037191	868	o6	1.243	TAATCC
1037207	623	7A1	3.125	AATCCA
1037239	47	7A1	1.871	AATCCA
1037333	1791	7m8	3.813	TAATCC
1037395	69	o6	1.061	TAATCC
1037422	776	8m	1.815	TAATCC
1037467	543	o6	1.737	TAATCC
1037494	1586	7A1	2.237	AATCCA
1037516	491	6m	1.371	AATCCA
1037620	168	o6	1.940	TAATCC
1037630	362	7A1	1.958	AATCCA
1037630	475	6m	1.687	AATCCA
1037630	519	o6	3.164	TAATCC
1037712	120	6m	2.284	AATCCA
1037721	78	6m	2.252	AATCCA
1037845	1173	o6	1.423	TAATCC
1037882	14	7A1	1.055	AATCCA
1037888	171	8m	2.321	TAATCC
1037923	27	8m	1.045	TAATCC
1037971	409	8m	1.151	TAATCC
1038066	1336	6m	1.122	AATCCA
1038127	1160	6m	1.882	AATCCA
1038193	381	6m	1.270	AATCCA
1038223	542	8m	1.212	TAATCC
1038223	990	7m8	1.276	AATCCA
1038223	1290	7A1	1.246	AATCCA
1038234	91	o6	1.213	TAATCC
1038259	120	6m	2.683	AATCCA
1038293	2080	6m	2.676	AATCCA
1038312	3585	7A1	2.177	AATCCA
1038390	632	7A1	3.306	AATCCA
1038568	136	8m	1.065	TAATCC
1038571	974	7m8	2.668	TAATCC
1038616	282	7m8	1.795	AATCCA
1038640	2602	6m	1.654	AATCCA
1038640	2851	o6	1.154	TAATCC
1038670	1218	7A1	1.468	AATCCA
1038710	358	o6	2.600	TAATCC
1038748	327	o6	1.154	TAATCC
1038791	547	6m	1.551	AATCCA
1038867	485	7A1	1.906	AATCCA
1038983	73	8m	2.854	TAATCC
1038998	127	o6	1.282	TAATCC
1039052	1374	o6	1.926	TAATCC
1039267	245	o6	1.154	TAATCC
1039271	460	7m8	1.810	TAATCC
1039285	3102	7A1	1.773	AATCCA
1039307	100	6m	1.444	AATCCA
1039394	189	o6	1.468	TAATCC
1039422	2154	7A1	1.880	AATCCA
1039422	3042	7A1	1.415	AATCCA
1039431	551	7A1	4.484	AATCCA
1039474	625	7m8	1.035	AATCCA
1039502	472	7m8	1.380	TAATCC
1039502	1179	o6	2.809	TAATCC
1039502	6166	o6	2.559	TAATCC
1039578	5492	6m	1.560	AATCCA
1039612	1052	6m	2.416	AATCCA
1039703	572	o6	1.328	TAATCC
1039805	1263	7m8	3.398	TAATCC
1039820	67	8m	1.387	TAATCC
1039831	443	o6	1.185	TAATCC
1039865	720	8m	1.527	TAATCC
1039870	69	6m	1.073	AATCCA
1039908	4789	7A1	1.871	AATCCA
1039911	582	6m	2.273	AATCCA
1039914	24	6m	1.341	AATCCA
1039932	976	o6	1.934	TAATCC
1039949	528	8m	2.452	TAATCC
1039959	48	6m	1.315	AATCCA
1039959	2054	7m8	1.030	AATCCA
1039971	365	7A1	1.590	AATCCA
1039996	642	6m	1.935	AATCCA
1039999	928	7A1	2.759	AATCCA
1040007	1614	o6	1.162	TAATCC
1040016	1649	o6	1.694	TAATCC
1040019	118	o6	2.357	TAATCC
1040019	406	o6	1.173	TAATCC
1040049	2061	8m	1.249	TAATCC
1040070	3647	6m	1.618	AATCCA
1040099	37	o6	1.084	TAATCC
1040115	700	7A1	2.194	AATCCA
1040123	870	o6	1.649	TAATCC
1040129	1076	6m	2.104	AATCCA
1040162	617	7A1	1.105	AATCCA
1040178	193	7A1	2.035	AATCCA
1040190	2271	7A1	2.657	AATCCA
1040202	1578	7A1	1.473	AATCCA
1040210	3332	o6	1.127	TAATCC
1040237	799	7A1	1.462	AATCCA
1040294	259	8m	1.446	AATCCA
1040294	430	7m8	1.420	TAATCC
1040318	79	8m	1.195	TAATCC
1040337	2224	6m	3.239	AATCCA
1040346	2911	o6	2.015	TAATCC
1040346	4412	7A1	1.565	AATCCA
1040346	5968	o6	1.955	TAATCC
1040346	5997	6m	1.439	AATCCA
1040366	526	o6	2.007	TAATCC
1040387	1209	6m	1.073	AATCCA
1040395	1654	o6	1.624	TAATCC
1040411	911	6m	1.218	AATCCA
1040434	2928	7A1	1.468	AATCCA
1040479	2325	6m	2.763	AATCCA
1040521	197	o6	1.466	TAATCC
1040538	1606	6m	1.573	AATCCA
1040542	2414	7A1	1.893	AATCCA
1040542	3484	7A1	2.066	AATCCA
1040584	1207	o6	1.303	TAATCC
1040589	281	o6	1.356	TAATCC
1040590	3803	7A1	1.317	AATCCA
1040635	5269	7A1	2.190	AATCCA
1040646	431	7A1	1.468	AATCCA
