1000000	78	o6	1.469	ATGTGA
1000048	206	o6	1.068	ATGTGA
1000066	1958	7A1	2.015	TGTGAG
1000066	2784	7m8	1.073	ATGTGA
1000138	544	o6	1.991	ATGTGA
1000155	1272	6m	2.533	TGTGAG
1000186	95	o6	1.590	ATGTGA
1000200	237	6m	1.048	TGTGAG
1000209	16	o6	2.073	ATGTGA
1000264	348	o6	2.095	ATGTGA
1000282	279	o6	1.243	ATGTGA
1000282	847	o6	1.606	ATGTGA
1000306	274	o6	2.559	ATGTGA
1000317	57	o6	1.111	ATGTGA
1000472	1176	o6	1.156	ATGTGA
1000500	213	o6	1.563	ATGTGA
1000530	845	6m	2.194	TGTGAG
1000541	307	o6	1.214	ATGTGA
1000580	1626	o6	2.329	ATGTGA
1000598	483	o6	3.058	ATGTGA
1000676	612	8m	2.263	ATGTGA
1000734	573	7A1	1.094	TGTGAG
1000767	258	7m8	1.131	TGTGAG
1000779	1206	o6	2.882	ATGTGA
1000803	745	o6	2.409	ATGTGA
1000814	155	o6	2.127	ATGTGA
1000842	1190	7A1	1.731	TGTGAG
1000863	368	o6	1.298	ATGTGA
1000874	132	6m	1.016	TGTGAG
1000880	404	6m	1.129	TGTGAG
1000907	402	o6	2.072	ATGTGA
1001012	1087	o6	2.015	ATGTGA
1001024	203	o6	1.192	ATGTGA
1001030	925	o6	2.025	ATGTGA
1001069	1584	6m	1.931	TGTGAG
1001075	6	o6	2.876	ATGTGA
1001139	401	7m8	1.606	ATGTGA
1001291	51	o6	1.606	ATGTGA
1001482	73	7m8	1.223	ATGTGA
1001494	429	o6	1.156	ATGTGA
1001505	124	6m	1.065	TGTGAG
1001518	468	o6	1.027	ATGTGA
1001601	675	6m	1.285	TGTGAG
1001607	766	7A1	2.533	TGTGAG
1001619	235	o6	1.490	ATGTGA
1001667	428	o6	1.285	ATGTGA
1001689	807	6m	1.053	TGTGAG
1001745	83	o6	1.283	ATGTGA
1001862	1556	7m8	2.527	ATGTGA
1001897	673	o6	1.651	ATGTGA
1001933	76	6m	1.483	TGTGAG
1002098	298	o6	2.648	ATGTGA
1002176	2148	6m	2.341	TGTGAG
1002177	68	o6	2.201	ATGTGA
1002182	356	o6	2.037	ATGTGA
1002224	46	o6	2.507	ATGTGA
1002419	192	o6	2.228	ATGTGA
1002527	2125	o6	2.198	ATGTGA
1002578	918	6m	1.356	TGTGAG
1002619	24	7A1	1.607	TGTGAG
1002683	174	o6	1.393	ATGTGA
1002703	90	8m	2.533	TGTGAG
1002704	348	6m	1.606	TGTGAG
1002731	886	o6	2.072	ATGTGA
1002797	278	7m8	3.729	ATGTGA
1002797	384	6m	1.002	TGTGAG
1003018	194	o6	1.306	ATGTGA
1003122	946	o6	2.323	ATGTGA
1003137	787	o6	1.711	ATGTGA
1003143	34	o6	2.400	ATGTGA
1003143	729	o6	1.269	ATGTGA
1003236	284	o6	3.061	ATGTGA
1003424	1191	6m	2.680	TGTGAG
1003460	4	7m8	1.039	TGTGAG
1003498	73	6m	1.388	TGTGAG
1003537	114	o6	1.190	ATGTGA
1003562	33	o6	1.318	ATGTGA
1003576	596	6m	1.966	TGTGAG
1003589	839	o6	1.239	ATGTGA
1003640	289	o6	2.607	ATGTGA
1003660	481	o6	2.695	ATGTGA
1003776	505	o6	1.731	ATGTGA
1003791	191	o6	1.284	ATGTGA
1003975	449	o6	1.084	ATGTGA
1003987	133	7A1	1.352	TGTGAG
1004022	91	o6	1.512	ATGTGA
1004077	922	6m	2.393	TGTGAG
1004173	253	6m	1.278	TGTGAG
1004319	45	o6	2.806	ATGTGA
1004428	54	o6	1.118	ATGTGA
1004503	2056	o6	2.025	ATGTGA
1004573	98	o6	1.850	ATGTGA
1004627	292	7m8	1.006	TGTGAG
1004630	39	o6	2.243	ATGTGA
1004666	75	o6	2.223	ATGTGA
1004684	35	o6	4.425	ATGTGA
1004790	90	o6	1.976	ATGTGA
1004817	59	o6	1.801	ATGTGA
1004849	236	o6	2.648	ATGTGA
1005028	99	o6	1.864	ATGTGA
1005049	308	6m	2.660	TGTGAG
1005216	1922	7A1	2.013	TGTGAG
1005319	61	7A1	1.602	TGTGAG
1005335	156	o6	1.880	ATGTGA
1005349	1037	o6	2.393	ATGTGA
1005470	1411	o6	1.638	ATGTGA
1005557	1152	o6	3.034	ATGTGA
1005595	85	8m	1.053	TGTGAG
1005646	3207	o6	2.852	ATGTGA
1005683	294	8m	1.959	TGTGAG
1005694	367	o6	1.002	ATGTGA
1005701	339	o6	1.186	ATGTGA
1005830	1406	o6	1.940	ATGTGA
1005830	1427	o6	1.151	ATGTGA
1006071	87	7A1	2.306	TGTGAG
1006071	758	o6	1.517	ATGTGA
1006107	188	6m	2.378	TGTGAG
1006158	971	o6	3.025	ATGTGA
1006693	362	7m8	1.545	ATGTGA
1006699	1192	6m	2.433	TGTGAG
1006708	935	o6	1.706	ATGTGA
1006726	1516	6m	1.218	TGTGAG
1006726	1829	o6	1.348	ATGTGA
1006758	278	8m	1.955	ATGTGA
1006761	247	8m	2.206	TGTGAG
1006790	147	o6	1.606	ATGTGA
1006797	18	7A1	1.181	TGTGAG
1006838	407	o6	2.350	ATGTGA
1006890	822	o6	2.807	ATGTGA
1006933	1259	o6	2.619	ATGTGA
1006934	224	o6	1.882	ATGTGA
1006940	321	o6	1.284	ATGTGA
1007017	480	o6	1.462	ATGTGA
1007194	111	o6	1.284	ATGTGA
1007264	150	o6	2.369	ATGTGA
1007269	772	o6	2.132	ATGTGA
1007269	889	o6	2.320	ATGTGA
1007364	250	6m	2.420	TGTGAG
1007364	695	o6	1.624	ATGTGA
1007364	2546	o6	2.139	ATGTGA
1007521	2281	6m	2.220	TGTGAG
1007530	66	o6	3.332	ATGTGA
1007624	195	o6	1.315	ATGTGA
1007637	59	8m	1.217	ATGTGA
1007707	192	6m	1.288	TGTGAG
1007740	634	7m8	1.882	ATGTGA
1007788	122	6m	1.427	TGTGAG
1007806	617	o6	1.880	ATGTGA
1007812	1080	o6	2.858	ATGTGA
1007812	2442	o6	1.876	ATGTGA
1007812	3663	o6	2.110	ATGTGA
1007812	3669	7m8	2.110	ATGTGA
1007836	93	6m	2.026	TGTGAG
1007840	2122	o6	1.284	ATGTGA
1007875	2510	6m	2.403	TGTGAG
1007897	229	o6	2.501	ATGTGA
1007915	80	o6	2.922	ATGTGA
1007920	441	7A1	1.643	TGTGAG
1007923	2442	o6	1.606	ATGTGA
1007927	214	6m	1.075	TGTGAG
1007980	2071	o6	2.995	ATGTGA
1007997	993	6m	1.687	TGTGAG
1008093	1934	o6	1.313	ATGTGA
1008109	244	o6	1.023	ATGTGA
1008126	1064	o6	2.537	ATGTGA
1008141	507	6m	2.648	TGTGAG
1008145	10582	o6	2.350	ATGTGA
1008204	155	6m	1.517	TGTGAG
1008213	2225	o6	2.118	ATGTGA
1008240	408	o6	2.544	ATGTGA
1008279	1757	7m8	1.818	ATGTGA
1008297	0	o6	2.006	ATGTGA
1008445	200	o6	1.750	ATGTGA
1008498	542	o6	3.034	ATGTGA
1008521	1216	o6	2.525	ATGTGA
1008605	97	o6	1.006	ATGTGA
1008615	208	o6	1.349	ATGTGA
1008620	35	o6	1.122	ATGTGA
1008707	1260	7m8	1.156	ATGTGA
1008708	41	o6	2.009	ATGTGA
1008788	279	o6	1.876	ATGTGA
1008788	324	o6	2.133	ATGTGA
1008800	37	o6	2.023	ATGTGA
1008830	30	o6	2.792	ATGTGA
1008846	492	o6	1.739	ATGTGA
1008846	802	o6	2.378	ATGTGA
1008897	124	7m8	1.248	ATGTGA
1008897	1130	o6	1.082	ATGTGA
1008903	2064	o6	2.586	ATGTGA
1008957	968	7m8	1.882	ATGTGA
1008975	118	o6	1.316	ATGTGA
1008995	1582	o6	2.026	ATGTGA
1009037	2064	o6	1.505	ATGTGA
1009037	3132	o6	1.759	ATGTGA
1009074	1025	o6	2.608	ATGTGA
1009132	60	o6	1.480	ATGTGA
1009188	327	o6	1.802	ATGTGA
1009194	184	7m8	1.876	ATGTGA
1009267	118	6m	1.195	TGTGAG
1009289	32	o6	1.628	ATGTGA
1009304	67	o6	3.171	ATGTGA
1009321	222	o6	2.749	ATGTGA
1009369	3160	7m8	1.623	ATGTGA
1009439	235	o6	1.121	ATGTGA
1009448	1362	o6	3.005	ATGTGA
1009448	1368	o6	3.005	ATGTGA
1009469	1050	8m	1.521	ATGTGA
1009479	384	o6	1.008	ATGTGA
1009479	414	8m	2.304	ATGTGA
1009500	1760	6m	1.238	TGTGAG
1009588	105	7A1	1.407	TGTGAG
1009717	43	6m	1.114	TGTGAG
1009759	4	6m	1.074	TGTGAG
1009769	738	6m	1.349	TGTGAG
1009781	911	o6	1.322	ATGTGA
1009799	455	7m8	2.813	ATGTGA
1009834	1789	o6	2.694	ATGTGA
1009841	1210	o6	1.278	ATGTGA
1009878	22	o6	1.367	ATGTGA
1009912	6	7A1	1.117	TGTGAG
1009942	71	7A1	1.711	TGTGAG
1009945	515	7A1	3.641	TGTGAG
1009945	1414	7m8	1.302	ATGTGA
1010086	303	o6	1.286	ATGTGA
1010111	85	7A1	1.145	TGTGAG
1010142	54	o6	2.250	ATGTGA
1010160	954	o6	1.781	ATGTGA
1010175	290	8m	2.114	ATGTGA
1010201	127	o6	1.641	ATGTGA
1010232	1741	o6	1.606	ATGTGA
1010238	1368	o6	1.606	ATGTGA
1010278	772	o6	3.319	ATGTGA
1010293	109	o6	2.544	ATGTGA
1010365	16	6m	1.216	TGTGAG
1010377	81	7A1	1.053	TGTGAG
1010385	901	o6	2.629	ATGTGA
1010401	3407	o6	2.501	ATGTGA
1010539	16	o6	2.233	ATGTGA
1010539	164	6m	1.648	TGTGAG
1010539	711	7m8	2.643	ATGTGA
1010578	281	8m	1.606	TGTGAG
1010646	2147	o6	1.407	ATGTGA
1010649	550	6m	1.199	TGTGAG
1010652	1121	6m	1.099	TGTGAG
1010682	542	7A1	2.922	TGTGAG
1010697	312	o6	2.302	ATGTGA
1010712	337	o6	1.059	ATGTGA
1010793	110	o6	1.790	ATGTGA
1010818	396	o6	2.861	ATGTGA
1010821	24	o6	2.392	ATGTGA
1010890	98	o6	1.667	ATGTGA
1010941	487	o6	2.463	ATGTGA
1010956	94	8m	3.571	ATGTGA
1010956	106	o6	2.904	ATGTGA
1010956	761	o6	2.467	ATGTGA
1010998	251	o6	1.393	ATGTGA
1011036	86	o6	1.574	ATGTGA
1011189	100	o6	1.690	ATGTGA
1011216	75	o6	2.350	ATGTGA
1011216	84	o6	2.350	ATGTGA
1011245	88	o6	1.284	ATGTGA
1011394	347	o6	2.675	ATGTGA
1011403	362	o6	2.834	ATGTGA
1011416	301	o6	1.437	ATGTGA
1011430	2366	o6	2.347	ATGTGA
1011438	252	o6	1.267	ATGTGA
1011469	60	o6	3.045	ATGTGA
1011469	127	6m	2.133	TGTGAG
1011490	345	7A1	1.661	TGTGAG
1011694	185	o6	1.931	ATGTGA
1011818	79	o6	1.251	ATGTGA
1011951	601	6m	1.567	TGTGAG
1011956	10	o6	1.426	ATGTGA
1011982	12	o6	1.031	ATGTGA
1012074	424	o6	2.003	ATGTGA
1012081	37	o6	1.215	ATGTGA
1012099	209	7m8	1.209	ATGTGA
1012204	4	7m8	1.228	ATGTGA
1012271	386	o6	2.016	ATGTGA
1012308	115	o6	2.498	ATGTGA
1012361	248	o6	1.506	ATGTGA
1012371	20	o6	1.606	ATGTGA
1012371	417	o6	1.393	ATGTGA
1012421	53	o6	1.434	ATGTGA
1012513	250	7A1	1.071	TGTGAG
1012537	848	o6	2.141	ATGTGA
1012602	167	o6	3.134	ATGTGA
1012617	9	o6	1.590	ATGTGA
1012712	94	6m	1.010	TGTGAG
1012718	367	o6	2.056	ATGTGA
1012719	358	o6	1.193	ATGTGA
1012740	560	o6	2.868	ATGTGA
1012754	989	6m	1.109	TGTGAG
1012809	74	o6	1.700	ATGTGA
1012930	213	o6	1.155	ATGTGA
1013011	86	o6	1.500	ATGTGA
1013073	296	o6	1.524	ATGTGA
1013073	1393	o6	3.519	ATGTGA
1013089	723	o6	1.687	ATGTGA
1013280	698	8m	1.225	ATGTGA
1013280	730	6m	1.951	TGTGAG
1013306	131	6m	1.952	TGTGAG
1013312	2393	o6	2.073	ATGTGA
1013383	233	o6	2.300	ATGTGA
1013398	26	o6	1.089	ATGTGA
1013444	128	6m	2.182	TGTGAG
1013591	1338	o6	1.180	ATGTGA
1013591	2685	7m8	2.870	ATGTGA
1013676	1668	6m	1.328	TGTGAG
1013725	615	o6	2.185	ATGTGA
1013772	458	6m	2.726	TGTGAG
1013953	90	o6	2.073	ATGTGA
1013968	507	o6	2.209	ATGTGA
1014060	74	o6	1.822	ATGTGA
1014174	597	o6	2.613	ATGTGA
1014174	925	o6	1.124	ATGTGA
1014212	272	o6	2.062	ATGTGA
1014295	745	o6	2.275	ATGTGA
1014295	751	6m	1.740	TGTGAG
1014346	25	o6	2.426	ATGTGA
1014465	823	o6	2.338	ATGTGA
1014473	661	o6	2.863	ATGTGA
1014473	1485	o6	1.663	ATGTGA
1014629	85	o6	1.355	ATGTGA
1014697	30	6m	2.692	TGTGAG
1014711	292	o6	1.084	ATGTGA
1014850	32	o6	1.874	ATGTGA
1014877	323	7m8	1.146	ATGTGA
1014892	68	o6	2.281	ATGTGA
1014978	137	o6	2.544	ATGTGA
1014982	171	o6	2.830	ATGTGA
1014988	5475	o6	2.801	ATGTGA
1015091	640	8m	2.466	ATGTGA
1015145	2382	7A1	2.704	TGTGAG
1015191	31	o6	1.687	ATGTGA
1015209	224	7m8	1.751	ATGTGA
1015222	86	o6	1.574	ATGTGA
1015228	246	o6	1.195	ATGTGA
1015303	139	o6	1.683	ATGTGA
1015329	335	o6	1.073	ATGTGA
1015375	359	6m	1.111	TGTGAG
1015394	855	7m8	1.038	ATGTGA
1015435	1423	o6	1.851	ATGTGA
1015551	424	7m8	2.507	TGTGAG
1015555	379	8m	1.083	ATGTGA
1015555	1881	7m8	2.053	ATGTGA
1015555	4163	o6	2.148	ATGTGA
1015572	1452	7m8	1.690	ATGTGA
1015572	1460	6m	1.690	TGTGAG
1015572	3253	o6	3.232	ATGTGA
1015637	1604	o6	1.899	ATGTGA
1015676	643	7A1	2.220	TGTGAG
1015777	1191	o6	1.405	ATGTGA
1015784	455	8m	1.236	TGTGAG
1015789	1705	o6	2.350	ATGTGA
1015789	2174	o6	2.350	ATGTGA
1015796	992	6m	1.210	TGTGAG
1015810	721	7m8	1.284	ATGTGA
1015823	836	o6	1.016	ATGTGA
1015823	1442	o6	1.016	ATGTGA
1015841	264	o6	1.905	ATGTGA
1015915	233	7m8	2.544	ATGTGA
1015972	3656	o6	2.605	ATGTGA
1015995	460	7m8	1.562	ATGTGA
1016016	1724	o6	1.481	ATGTGA
1016103	344	6m	1.023	TGTGAG
1016154	148	o6	2.033	ATGTGA
1016179	2599	o6	2.220	ATGTGA
1016200	1907	o6	2.544	ATGTGA
1016205	416	7m8	1.500	ATGTGA
1016214	354	o6	3.103	ATGTGA
1016245	216	o6	1.484	ATGTGA
1016385	39	o6	1.293	ATGTGA
1016446	221	o6	2.437	ATGTGA
1016452	283	o6	2.072	ATGTGA
1016598	1122	7A1	1.980	TGTGAG
1016598	1171	o6	2.220	ATGTGA
1016605	396	o6	1.322	ATGTGA
1016673	54	o6	1.728	ATGTGA
1016685	1387	o6	1.780	ATGTGA
1016691	861	o6	1.741	ATGTGA
1016692	188	8m	2.178	ATGTGA
1016713	2452	o6	2.170	ATGTGA
1016713	3310	7A1	1.606	TGTGAG
1016782	387	o6	1.193	ATGTGA
1016845	143	6m	1.766	TGTGAG
1016865	111	o6	3.631	ATGTGA
1016916	205	o6	2.073	ATGTGA
1016982	440	o6	1.606	ATGTGA
1016982	446	o6	1.606	ATGTGA
1016998	205	6m	2.412	TGTGAG
1017126	32	8m	2.544	TGTGAG
1017151	616	o6	1.284	ATGTGA
1017254	289	o6	2.276	ATGTGA
1017254	1807	o6	1.946	ATGTGA
1017261	31	o6	2.220	ATGTGA
1017336	816	o6	2.544	ATGTGA
1017336	1079	o6	2.027	ATGTGA
1017363	22	o6	1.400	ATGTGA
1017381	325	o6	2.258	ATGTGA
1017451	224	o6	3.034	ATGTGA
1017451	233	8m	3.034	ATGTGA
1017478	259	o6	1.723	ATGTGA
1017484	63	7m8	1.267	TGTGAG
1017511	1490	7A1	1.030	TGTGAG
1017524	951	o6	1.053	ATGTGA
1017592	361	o6	1.243	ATGTGA
1017618	168	o6	2.955	ATGTGA
1017623	48	6m	2.067	TGTGAG
1017624	187	o6	2.073	ATGTGA
1017654	39	o6	3.649	ATGTGA
1017830	512	o6	2.098	ATGTGA
1017924	323	o6	3.034	ATGTGA
1017981	1093	o6	1.073	ATGTGA
1018026	93	o6	3.519	ATGTGA
1018033	874	7A1	2.064	TGTGAG
1018134	2844	o6	2.033	ATGTGA
1018177	209	o6	1.790	ATGTGA
1018243	2455	o6	2.519	ATGTGA
1018248	1475	6m	2.033	TGTGAG
1018251	537	o6	1.051	ATGTGA
1018325	383	o6	1.606	ATGTGA
1018344	1503	8m	1.877	ATGTGA
1018519	590	o6	1.592	ATGTGA
1018530	2111	7A1	1.881	TGTGAG
1018537	50	o6	1.441	ATGTGA
1018632	4566	6m	2.017	TGTGAG
1018656	507	o6	3.021	ATGTGA
1018703	649	o6	2.275	ATGTGA
1018766	2658	o6	1.159	ATGTGA
1018778	111	o6	1.818	ATGTGA
1018867	253	o6	2.449	ATGTGA
1018879	131	o6	1.924	ATGTGA
1019073	63	o6	2.304	ATGTGA
1019096	149	6m	2.022	TGTGAG
1019147	1716	o6	2.660	ATGTGA
1019176	132	o6	1.260	ATGTGA
1019198	1540	6m	1.606	TGTGAG
1019207	160	6m	1.563	TGTGAG
1019233	120	o6	1.513	ATGTGA
1019405	1073	o6	1.854	ATGTGA
1019414	84	o6	1.322	ATGTGA
1019441	205	7A1	1.685	TGTGAG
1019441	483	o6	2.056	ATGTGA
1019514	921	o6	2.350	ATGTGA
1019514	2408	o6	2.076	ATGTGA
1019514	2449	o6	2.076	ATGTGA
1019521	1595	6m	1.050	TGTGAG
1019570	789	o6	3.034	ATGTGA
1019664	249	o6	2.045	ATGTGA
1019716	417	6m	1.251	TGTGAG
1019785	404	o6	1.029	ATGTGA
1019808	455	o6	1.279	ATGTGA
1019924	158	7A1	2.341	TGTGAG
1019932	190	o6	2.304	ATGTGA
1019935	1294	o6	2.304	ATGTGA
1019996	666	o6	3.350	ATGTGA
1020090	121	o6	3.393	ATGTGA
1020116	42	o6	1.156	ATGTGA
1020199	306	o6	1.989	ATGTGA
1020241	610	6m	1.340	TGTGAG
1020241	1322	6m	2.033	TGTGAG
1020357	49	7A1	3.420	TGTGAG
1020389	96	o6	1.658	ATGTGA
1020435	1038	7A1	1.845	TGTGAG
1020435	1455	6m	1.351	TGTGAG
1020435	2831	o6	3.049	ATGTGA
1020449	182	o6	2.240	ATGTGA
1020449	304	o6	1.474	ATGTGA
1020449	432	o6	1.409	ATGTGA
1020564	707	o6	2.425	ATGTGA
1020584	39	7m8	1.721	TGTGAG
1020601	663	o6	2.489	ATGTGA
1020615	2661	7m8	1.190	ATGTGA
1020621	26	o6	1.120	ATGTGA
1020642	8863	7m8	3.942	TGTGAG
1020760	128	o6	1.687	ATGTGA
1020760	264	o6	2.220	ATGTGA
1020766	836	o6	2.433	ATGTGA
1020787	340	6m	1.801	TGTGAG
1020876	61	6m	1.084	TGTGAG
1020931	30	8m	1.040	ATGTGA
1020974	207	o6	2.220	ATGTGA
1020975	32	o6	2.243	ATGTGA
1020992	302	o6	2.617	ATGTGA
1020992	826	7A1	2.444	TGTGAG
1021134	30	o6	1.596	ATGTGA
1021233	640	7m8	1.156	TGTGAG
1021260	596	o6	2.694	ATGTGA
1021273	844	7A1	2.981	TGTGAG
1021369	75	o6	1.606	ATGTGA
1021505	506	o6	2.185	ATGTGA
1021540	1835	o6	2.807	ATGTGA
1021540	1841	7m8	2.807	ATGTGA
1021540	4910	6m	2.870	TGTGAG
1021545	102	o6	3.034	ATGTGA
1021566	324	7m8	2.787	ATGTGA
1021633	116	8m	2.910	TGTGAG
1021682	67	o6	1.328	ATGTGA
1021691	227	o6	2.076	ATGTGA
1021696	187	o6	1.235	ATGTGA
1021715	37	o6	1.535	ATGTGA
1021777	37	o6	1.751	ATGTGA
1021797	1424	o6	1.418	ATGTGA
1021818	541	o6	2.867	ATGTGA
1021818	1108	o6	2.335	ATGTGA
1021818	1562	7A1	2.335	TGTGAG
1021840	326	6m	2.017	TGTGAG
1021853	522	6m	1.084	TGTGAG
1021853	550	o6	2.025	ATGTGA
1021989	468	8m	2.377	ATGTGA
1022001	89	o6	1.494	ATGTGA
1022069	149	7A1	1.079	TGTGAG
1022102	150	o6	1.053	ATGTGA
1022129	837	o6	3.232	ATGTGA
1022129	1120	o6	1.208	ATGTGA
1022137	199	o6	1.882	ATGTGA
1022198	567	o6	2.033	ATGTGA
1022212	211	o6	1.585	ATGTGA
1022224	73	o6	1.959	ATGTGA
1022235	375	6m	1.252	TGTGAG
1022253	1334	7m8	1.922	ATGTGA
1022457	427	o6	1.201	ATGTGA
1022480	95	o6	2.220	ATGTGA
1022495	4153	o6	1.244	ATGTGA
1022495	5035	o6	2.246	ATGTGA
1022541	596	o6	1.870	ATGTGA
1022568	212	7A1	1.954	TGTGAG
1022632	272	6m	2.391	TGTGAG
1022632	314	6m	2.433	TGTGAG
1022820	1471	o6	1.858	ATGTGA
1022846	58	o6	1.941	ATGTGA
1022932	216	o6	1.673	ATGTGA
1022997	173	o6	1.341	ATGTGA
1023100	2263	o6	1.387	ATGTGA
1023110	1581	7m8	1.709	ATGTGA
1023136	451	8m	1.799	ATGTGA
1023295	106	o6	2.544	ATGTGA
1023320	1737	o6	2.605	ATGTGA
1023351	791	6m	2.025	TGTGAG
1023384	87	o6	2.016	ATGTGA
1023536	348	o6	1.618	ATGTGA
1023572	160	o6	4.239	ATGTGA
1023579	278	6m	1.036	TGTGAG
1023599	4983	7m8	1.615	ATGTGA
1023669	1351	o6	2.087	ATGTGA
1023738	110	o6	1.532	ATGTGA
1023774	1586	o6	2.184	ATGTGA
1023784	4346	o6	2.592	ATGTGA
1023790	3082	o6	1.241	ATGTGA
1023802	362	6m	1.264	TGTGAG
1023805	1129	o6	1.637	ATGTGA
1023828	956	6m	1.598	TGTGAG
1023838	47	6m	2.320	TGTGAG
1023843	194	8m	2.928	ATGTGA
1023847	1108	o6	2.233	ATGTGA
1023853	1850	o6	2.233	ATGTGA
1023881	483	o6	2.262	ATGTGA
1023922	983	o6	1.633	ATGTGA
1023931	791	6m	2.149	TGTGAG
1023936	3423	o6	1.570	ATGTGA
1024003	116	o6	2.220	ATGTGA
1024031	1753	o6	1.902	ATGTGA
1024133	96	8m	1.156	ATGTGA
1024184	407	6m	1.029	TGTGAG
1024189	582	7m8	1.107	ATGTGA
1024204	293	6m	1.852	TGTGAG
1024211	2889	o6	2.544	ATGTGA
1024228	739	o6	1.053	ATGTGA
1024258	702	o6	1.896	ATGTGA
1024259	122	o6	2.520	ATGTGA
1024297	139	o6	2.520	ATGTGA
1024300	159	o6	2.318	ATGTGA
1024304	688	6m	1.031	TGTGAG
1024342	1970	o6	1.082	ATGTGA
1024366	173	o6	2.512	ATGTGA
1024384	28	o6	3.329	ATGTGA
1024393	667	7m8	1.655	TGTGAG
1024418	335	o6	2.571	ATGTGA
1024448	368	6m	1.982	TGTGAG
1024465	1764	o6	1.248	ATGTGA
1024465	2464	o6	1.687	ATGTGA
1024465	2522	8m	1.700	TGTGAG
1024465	3463	o6	2.334	ATGTGA
1024481	38	o6	1.678	ATGTGA
1024559	404	7m8	2.178	ATGTGA
1024612	1636	7A1	1.533	TGTGAG
1024612	2151	o6	2.563	ATGTGA
1024619	2315	o6	2.537	ATGTGA
1024619	2339	o6	2.537	ATGTGA
1024648	523	o6	1.322	ATGTGA
1024648	5579	o6	2.449	ATGTGA
1024648	7504	o6	2.987	ATGTGA
1024648	8297	o6	1.180	ATGTGA
1024648	10159	o6	1.322	ATGTGA
1024658	502	7m8	1.499	ATGTGA
1024675	61	o6	2.084	ATGTGA
1024679	55	o6	2.111	ATGTGA
1024712	445	o6	1.018	ATGTGA
1024715	3522	8m	3.349	ATGTGA
1024757	6	o6	2.226	ATGTGA
1024828	9	o6	1.245	ATGTGA
1024829	6162	o6	3.358	ATGTGA
1024847	822	o6	2.082	ATGTGA
1024904	2808	6m	1.058	TGTGAG
1024956	5996	o6	1.094	ATGTGA
1024956	6083	o6	1.943	ATGTGA
1024978	1253	8m	1.262	ATGTGA
1025029	569	7A1	1.411	TGTGAG
1025032	657	7m8	2.017	ATGTGA
1025064	2141	o6	1.946	ATGTGA
1025101	186	8m	2.502	ATGTGA
1025135	736	o6	1.162	ATGTGA
1025143	128	o6	2.916	ATGTGA
1025204	1124	o6	2.747	ATGTGA
1025268	737	o6	1.226	ATGTGA
1025293	1639	6m	2.532	TGTGAG
1025298	464	o6	3.026	ATGTGA
1025298	959	o6	1.740	ATGTGA
1025353	1384	o6	1.585	ATGTGA
1025427	1352	o6	2.233	ATGTGA
1025431	92	6m	1.086	TGTGAG
1025452	295	o6	3.515	ATGTGA
1025455	896	o6	1.166	ATGTGA
1025455	1220	o6	2.494	ATGTGA
1025458	103	o6	1.446	ATGTGA
1025521	314	o6	1.854	ATGTGA
1025548	1660	o6	1.492	ATGTGA
1025608	946	6m	2.222	TGTGAG
1025672	485	o6	2.105	ATGTGA
1025690	697	o6	2.764	ATGTGA
1025755	1419	o6	1.976	ATGTGA
1025776	435	6m	1.211	TGTGAG
1025782	36	6m	1.166	TGTGAG
1025847	137	o6	1.971	ATGTGA
1026162	866	o6	1.997	ATGTGA
1026209	29	6m	3.179	TGTGAG
1026555	208	7A1	1.364	TGTGAG
1026682	655	o6	1.396	ATGTGA
1026688	263	6m	1.099	TGTGAG
1026688	4256	8m	1.321	ATGTGA
1026714	154	6m	1.650	TGTGAG
1026838	184	o6	2.544	ATGTGA
1026841	4409	o6	1.012	ATGTGA
1026853	298	7m8	1.598	ATGTGA
1026853	1592	o6	2.224	ATGTGA
1026853	1990	7A1	1.397	TGTGAG
1026853	3268	o6	2.027	ATGTGA
1026907	327	7m8	1.328	TGTGAG
1026924	909	6m	1.235	TGTGAG
1026965	42	o6	1.041	ATGTGA
1027037	387	6m	1.290	TGTGAG
1027276	318	7m8	1.615	TGTGAG
1027338	209	o6	1.954	ATGTGA
1027417	160	6m	2.310	TGTGAG
1027417	166	6m	2.310	TGTGAG
1027475	61	o6	2.552	ATGTGA
1027605	504	o6	2.538	ATGTGA
1027721	284	o6	1.023	ATGTGA
1027756	655	7A1	2.019	TGTGAG
1027756	975	6m	1.278	TGTGAG
1027761	60	8m	2.023	TGTGAG
1027764	28	o6	1.973	ATGTGA
1027773	243	o6	1.050	ATGTGA
1027781	67	6m	3.034	TGTGAG
1027781	288	o6	1.606	ATGTGA
1027782	30	6m	1.207	TGTGAG
1027801	66	o6	1.935	ATGTGA
1027801	937	7A1	2.320	TGTGAG
1027825	284	o6	1.434	ATGTGA
1027912	590	o6	2.923	ATGTGA
1027912	1062	6m	1.584	TGTGAG
1028029	155	o6	2.209	ATGTGA
1028069	28	o6	1.042	ATGTGA
1028150	165	7m8	1.882	TGTGAG
1028183	42	o6	1.873	ATGTGA
1028311	286	o6	2.514	ATGTGA
1028344	318	6m	1.235	TGTGAG
1028411	58	o6	1.179	ATGTGA
1028426	598	o6	1.073	ATGTGA
1028426	767	7A1	2.108	TGTGAG
1028438	229	o6	1.228	ATGTGA
1028578	523	7m8	1.271	ATGTGA
1028578	688	o6	1.487	ATGTGA
1028626	13	o6	2.120	ATGTGA
1028629	71	o6	1.273	ATGTGA
1028710	547	o6	2.493	ATGTGA
1028734	5003	6m	1.182	TGTGAG
1028800	100	o6	3.193	ATGTGA
1028865	112	o6	1.510	ATGTGA
1029003	170	6m	1.887	TGTGAG
1029069	4445	8m	1.053	ATGTGA
1029097	1636	7m8	1.515	TGTGAG
1029180	610	o6	2.159	ATGTGA
1029213	25	o6	1.575	ATGTGA
1029348	263	o6	2.220	ATGTGA
1029352	293	o6	1.663	ATGTGA
1029369	1329	7m8	2.220	TGTGAG
1029384	2214	o6	2.741	ATGTGA
1029384	2779	o6	1.161	ATGTGA
1029504	1070	o6	1.842	ATGTGA
1029517	683	o6	3.100	ATGTGA
1029525	541	6m	1.699	TGTGAG
1029558	968	o6	1.007	ATGTGA
1029592	1072	o6	2.523	ATGTGA
1029697	56	7m8	2.533	ATGTGA
1029697	103	o6	1.633	ATGTGA
1029749	256	7m8	1.591	ATGTGA
1029749	682	o6	1.394	ATGTGA
1029794	151	o6	1.943	ATGTGA
1029927	373	o6	1.500	ATGTGA
1029994	60	7m8	3.023	ATGTGA
1030135	166	o6	2.400	ATGTGA
1030147	164	o6	1.029	ATGTGA
1030239	62	o6	1.727	ATGTGA
1030245	1467	o6	2.506	ATGTGA
1030248	1708	o6	2.343	ATGTGA
1030266	1466	o6	1.751	ATGTGA
1030266	2178	o6	3.005	ATGTGA
1030340	1236	o6	1.227	ATGTGA
1030451	694	6m	1.173	TGTGAG
1030461	84	o6	1.025	ATGTGA
1030482	872	o6	2.017	ATGTGA
1030580	720	o6	2.041	ATGTGA
1030631	360	o6	1.719	ATGTGA
1030658	1962	6m	1.957	TGTGAG
1030670	83	6m	1.678	TGTGAG
1030670	222	o6	1.233	ATGTGA
1030683	100	o6	2.303	ATGTGA
1030692	1800	7A1	2.507	TGTGAG
1030692	2634	o6	1.996	ATGTGA
1030713	1125	7A1	2.542	TGTGAG
1030782	128	o6	2.467	ATGTGA
1030798	19	6m	2.477	TGTGAG
1030930	155	6m	1.148	TGTGAG
1030965	256	o6	2.807	ATGTGA
1031024	433	o6	1.563	ATGTGA
1031036	444	o6	4.365	ATGTGA
1031142	1780	7m8	1.925	ATGTGA
1031183	381	o6	2.972	ATGTGA
1031199	853	o6	1.178	ATGTGA
1031224	222	o6	4.062	ATGTGA
1031236	372	7A1	1.762	TGTGAG
1031307	2918	o6	2.734	ATGTGA
1031325	71	7m8	1.529	ATGTGA
1031375	1254	8m	2.002	ATGTGA
1031390	5558	o6	2.713	ATGTGA
1031390	7363	o6	1.190	ATGTGA
1031495	291	6m	2.101	TGTGAG
1031566	5	o6	3.020	ATGTGA
1031584	342	o6	2.775	ATGTGA
1031667	176	6m	2.686	TGTGAG
1031791	649	o6	2.544	ATGTGA
1031887	275	o6	2.341	ATGTGA
1031959	20	o6	1.063	ATGTGA
1031994	261	o6	2.660	ATGTGA
1032009	624	o6	2.350	ATGTGA
1032039	425	o6	1.787	ATGTGA
1032117	38	o6	1.116	ATGTGA
1032132	201	o6	3.347	ATGTGA
1032182	207	o6	1.039	ATGTGA
1032200	607	6m	1.729	TGTGAG
1032226	157	o6	2.692	ATGTGA
1032292	1159	o6	2.882	ATGTGA
1032325	494	o6	1.029	ATGTGA
1032325	2443	o6	2.042	ATGTGA
1032333	301	o6	2.872	ATGTGA
1032333	1283	6m	1.017	TGTGAG
1032369	2489	6m	2.219	TGTGAG
1032426	1252	o6	1.561	ATGTGA
1032445	151	6m	1.106	TGTGAG
1032475	23	o6	2.834	ATGTGA
1032490	454	8m	1.711	ATGTGA
1032508	1148	o6	1.288	ATGTGA
1032607	17	7A1	2.889	TGTGAG
1032608	1931	o6	2.433	ATGTGA
1032617	538	6m	1.048	TGTGAG
1032617	546	o6	1.311	ATGTGA
1032622	1954	o6	1.496	ATGTGA
1032622	2804	o6	2.433	ATGTGA
1032675	409	o6	2.033	ATGTGA
1032693	507	o6	2.794	ATGTGA
1032884	661	o6	1.284	ATGTGA
1032896	1023	o6	1.245	ATGTGA
1032896	1309	o6	1.892	ATGTGA
1032902	2020	6m	1.322	TGTGAG
1032968	326	o6	3.399	ATGTGA
1033008	2938	o6	2.876	ATGTGA
1033008	4082	o6	1.985	ATGTGA
1033041	2092	7A1	1.169	TGTGAG
1033041	2904	o6	2.752	ATGTGA
1033055	45	o6	2.920	ATGTGA
1033138	235	7A1	1.499	TGTGAG
1033254	149	6m	1.188	TGTGAG
1033328	1933	6m	1.569	TGTGAG
1033333	1070	o6	1.893	ATGTGA
1033362	2579	6m	1.260	TGTGAG
1033394	339	o6	2.269	ATGTGA
1033399	169	7m8	2.060	ATGTGA
1033403	13	o6	2.269	ATGTGA
1033409	385	o6	1.314	ATGTGA
1033421	224	o6	1.214	ATGTGA
1033461	154	o6	2.281	ATGTGA
1033469	88	o6	1.232	ATGTGA
1033524	78	o6	1.376	ATGTGA
1033565	277	o6	2.520	ATGTGA
1033565	2028	o6	2.433	ATGTGA
1033565	2266	o6	4.029	ATGTGA
1033571	1453	o6	1.015	ATGTGA
1033571	5187	6m	2.255	TGTGAG
1033598	5745	o6	1.053	ATGTGA
1033598	7772	o6	1.663	ATGTGA
1033598	7900	o6	2.350	ATGTGA
1033601	1945	8m	1.408	ATGTGA
1033669	354	8m	2.025	ATGTGA
1033669	592	8m	2.104	ATGTGA
1033685	528	o6	1.782	ATGTGA
1033732	900	6m	2.179	TGTGAG
1033751	1304	o6	2.273	ATGTGA
1033754	933	o6	2.273	ATGTGA
1033757	352	o6	2.273	ATGTGA
1033766	989	o6	2.179	ATGTGA
1033894	226	o6	1.660	ATGTGA
1033939	247	o6	1.820	ATGTGA
1033960	569	o6	1.606	ATGTGA
1033960	1638	6m	2.550	TGTGAG
1034034	969	o6	2.397	ATGTGA
1034047	514	o6	2.773	ATGTGA
1034074	2149	o6	1.055	ATGTGA
1034121	2972	o6	1.994	ATGTGA
1034121	3004	o6	2.381	ATGTGA
1034164	122	6m	1.065	TGTGAG
1034202	49	7A1	1.731	TGTGAG
1034235	909	o6	3.058	ATGTGA
1034274	543	o6	1.135	ATGTGA
1034289	283	8m	2.049	ATGTGA
1034316	2060	o6	1.026	ATGTGA
1034316	4319	o6	1.284	ATGTGA
1034328	696	o6	2.695	ATGTGA
1034353	159	7m8	1.154	TGTGAG
1034361	2088	6m	1.074	TGTGAG
1034406	1170	6m	1.813	TGTGAG
1034409	567	6m	1.138	TGTGAG
1034529	577	o6	2.613	ATGTGA
1034556	2459	o6	2.321	ATGTGA
1034569	820	o6	1.792	ATGTGA
1034569	4048	6m	1.022	TGTGAG
1034586	701	o6	1.405	ATGTGA
1034593	1066	o6	1.793	ATGTGA
1034687	154	o6	3.051	ATGTGA
1034714	194	o6	2.610	ATGTGA
1034772	393	o6	1.952	ATGTGA
1034775	136	6m	1.224	TGTGAG
1034800	145	6m	1.157	TGTGAG
1034800	153	6m	1.116	TGTGAG
1034828	21	o6	4.785	ATGTGA
1034828	338	o6	2.417	ATGTGA
1034836	1388	o6	3.916	ATGTGA
1034884	759	o6	1.771	ATGTGA
1034899	1325	o6	1.834	ATGTGA
1034899	3038	7A1	1.427	TGTGAG
1034899	3419	7m8	2.177	TGTGAG
1034899	3552	o6	3.740	ATGTGA
1034930	146	7A1	1.783	TGTGAG
1034977	266	o6	1.262	ATGTGA
1034983	316	6m	1.122	TGTGAG
1035033	752	6m	1.322	TGTGAG
1035043	715	o6	2.321	ATGTGA
1035114	62	o6	1.349	ATGTGA
1035192	60	o6	3.148	ATGTGA
1035198	2437	7A1	1.178	TGTGAG
1035198	3378	7m8	1.205	TGTGAG
1035237	22	o6	2.503	ATGTGA
1035257	461	o6	1.180	ATGTGA
1035276	728	o6	3.758	ATGTGA
1035288	1909	o6	1.335	ATGTGA
1035351	199	o6	1.249	ATGTGA
1035380	1027	o6	3.620	ATGTGA
1035384	67	7A1	1.703	TGTGAG
1035384	358	o6	2.612	ATGTGA
1035467	111	o6	2.972	ATGTGA
1035527	386	6m	1.364	TGTGAG
1035527	1634	o6	1.809	ATGTGA
1035569	1572	o6	1.817	ATGTGA
1035569	3044	6m	2.262	TGTGAG
1035569	9859	7m8	2.621	ATGTGA
1035569	10847	o6	1.284	ATGTGA
1035569	17153	o6	2.233	ATGTGA
1035575	379	7m8	1.768	TGTGAG
1035704	95	o6	2.215	ATGTGA
1035704	141	o6	1.596	ATGTGA
1035719	1489	7A1	1.288	TGTGAG
1035737	484	o6	1.469	ATGTGA
1035779	507	o6	1.478	ATGTGA
1035782	1182	o6	2.249	ATGTGA
1035783	4224	o6	1.560	ATGTGA
1035798	3201	o6	1.073	ATGTGA
1035801	144	o6	1.772	ATGTGA
1035801	3192	o6	1.503	ATGTGA
1035809	450	o6	1.606	ATGTGA
1035828	587	6m	2.897	TGTGAG
1035843	2467	o6	2.268	ATGTGA
1035910	32	o6	2.607	ATGTGA
1035945	621	o6	2.062	ATGTGA
1035960	258	o6	2.000	ATGTGA
1035974	2231	o6	2.981	ATGTGA
1036031	158	6m	1.423	TGTGAG
1036043	148	7A1	2.854	TGTGAG
1036080	414	6m	1.937	TGTGAG
1036088	274	o6	4.504	ATGTGA
1036127	3370	o6	2.331	ATGTGA
1036127	3493	o6	1.298	ATGTGA
1036127	7225	o6	1.741	ATGTGA
1036127	8065	o6	1.421	ATGTGA
1036127	9295	o6	1.977	ATGTGA
1036155	232	o6	1.092	ATGTGA
1036242	41	o6	2.065	ATGTGA
1036247	174	o6	1.402	ATGTGA
1036283	1535	o6	2.371	ATGTGA
1036340	133	o6	1.721	ATGTGA
1036343	454	o6	2.156	ATGTGA
1036343	1688	7m8	1.006	ATGTGA
1036355	373	6m	2.546	TGTGAG
1036381	1061	6m	1.318	TGTGAG
1036381	1323	o6	1.073	ATGTGA
1036381	2182	o6	1.192	ATGTGA
1036432	560	o6	3.149	ATGTGA
1036449	210	7A1	2.808	TGTGAG
1036462	81	6m	1.228	TGTGAG
1036568	2636	o6	2.016	ATGTGA
1036686	693	o6	1.998	ATGTGA
1036788	51	o6	3.398	ATGTGA
1036877	504	6m	1.115	TGTGAG
1036910	1684	o6	1.648	ATGTGA
1036944	392	6m	2.142	TGTGAG
1036968	436	6m	1.590	TGTGAG
1036991	1597	o6	1.446	ATGTGA
1037067	35	6m	3.270	TGTGAG
1037153	1344	o6	1.185	ATGTGA
1037158	101	6m	1.468	TGTGAG
1037197	195	7A1	1.655	TGTGAG
1037485	1785	o6	1.550	ATGTGA
1037620	32	7m8	1.220	ATGTGA
1037712	243	o6	1.408	ATGTGA
1037845	759	7m8	1.719	ATGTGA
1037895	305	o6	2.302	ATGTGA
1037920	26	o6	1.490	ATGTGA
1037982	174	6m	1.355	TGTGAG
1038021	749	7A1	2.286	TGTGAG
1038067	1242	o6	1.133	ATGTGA
1038088	79	o6	2.661	ATGTGA
1038119	62	o6	3.709	ATGTGA
1038119	1141	o6	1.910	ATGTGA
1038150	212	o6	1.549	ATGTGA
1038264	264	8m	2.951	ATGTGA
1038426	657	o6	2.812	ATGTGA
1038431	1136	o6	1.257	ATGTGA
1038521	608	o6	3.868	ATGTGA
1038571	223	o6	1.493	ATGTGA
1038670	372	o6	1.906	ATGTGA
1038670	1155	o6	1.162	ATGTGA
1038704	51	o6	4.677	ATGTGA
1038710	691	o6	1.682	ATGTGA
1038710	1135	o6	2.054	ATGTGA
1038748	1496	o6	2.973	ATGTGA
1038796	870	o6	3.287	ATGTGA
1038808	1774	o6	3.665	ATGTGA
1038841	727	o6	1.302	ATGTGA
1038861	441	8m	1.213	ATGTGA
1038867	455	6m	1.891	TGTGAG
1038867	801	o6	2.763	ATGTGA
1038933	591	o6	1.318	ATGTGA
1038933	1241	8m	1.525	ATGTGA
1038954	54	o6	2.778	ATGTGA
1038954	872	o6	2.241	ATGTGA
1039052	404	o6	1.903	ATGTGA
1039061	3017	6m	1.943	TGTGAG
1039094	768	o6	1.468	ATGTGA
1039147	141	o6	1.652	ATGTGA
1039202	1000	8m	2.007	ATGTGA
1039227	302	6m	1.706	TGTGAG
1039244	16	6m	1.560	TGTGAG
1039253	164	7m8	2.260	ATGTGA
1039301	1203	7m8	1.906	TGTGAG
1039307	170	o6	1.315	ATGTGA
1039355	15	o6	1.378	ATGTGA
1039376	1625	o6	2.763	ATGTGA
1039398	233	7A1	1.097	TGTGAG
1039422	437	o6	1.325	ATGTGA
1039431	1470	6m	1.268	TGTGAG
1039436	238	6m	1.468	TGTGAG
1039460	232	o6	2.164	ATGTGA
1039466	106	7m8	1.376	TGTGAG
1039474	200	6m	1.953	TGTGAG
1039481	2007	o6	3.205	ATGTGA
1039496	995	7A1	1.534	TGTGAG
1039557	1740	o6	1.434	ATGTGA
1039563	1287	o6	1.284	ATGTGA
1039563	4512	o6	1.598	ATGTGA
1039578	4117	6m	1.324	TGTGAG
1039578	4143	6m	1.455	TGTGAG
1039578	4149	6m	1.376	TGTGAG
1039612	969	6m	1.161	TGTGAG
1039631	67	o6	2.658	ATGTGA
1039651	964	o6	3.016	ATGTGA
1039706	1442	o6	3.324	ATGTGA
1039718	866	o6	1.940	ATGTGA
1039823	132	o6	1.009	ATGTGA
1039853	649	6m	1.690	TGTGAG
1039865	710	o6	1.527	ATGTGA
1039908	2277	o6	3.202	ATGTGA
1039911	365	o6	2.776	ATGTGA
1039949	1474	7A1	1.328	TGTGAG
1039949	3173	o6	3.598	ATGTGA
1039950	290	o6	1.205	ATGTGA
1039950	487	6m	1.073	TGTGAG
1039955	508	o6	1.089	ATGTGA
1039959	1311	o6	1.971	ATGTGA
1039971	852	o6	1.073	ATGTGA
1039999	77	o6	2.804	ATGTGA
1040136	1606	o6	1.239	ATGTGA
1040145	945	7m8	1.100	TGTGAG
1040145	1080	6m	1.073	TGTGAG
1040154	422	o6	1.975	ATGTGA
1040190	3131	7A1	1.091	TGTGAG
1040201	46	o6	2.934	ATGTGA
1040234	1552	7m8	3.449	TGTGAG
1040283	305	o6	2.635	ATGTGA
1040283	1696	6m	1.606	TGTGAG
1040283	2136	7m8	1.485	ATGTGA
1040298	3840	6m	1.504	TGTGAG
1040298	7589	o6	1.113	ATGTGA
1040298	7981	6m	1.311	TGTGAG
1040298	9165	o6	2.237	ATGTGA
1040303	1676	o6	3.032	ATGTGA
1040303	2503	7A1	1.326	TGTGAG
1040304	442	7A1	1.652	TGTGAG
1040304	997	o6	2.277	ATGTGA
1040304	2179	o6	1.236	ATGTGA
1040337	4334	8m	1.232	ATGTGA
1040346	1576	7A1	1.621	TGTGAG
1040346	2086	o6	1.632	ATGTGA
1040349	280	o6	2.316	ATGTGA
1040352	797	7A1	1.474	TGTGAG
1040352	2903	6m	3.524	TGTGAG
1040360	441	o6	2.046	ATGTGA
1040395	1887	o6	3.332	ATGTGA
1040411	2123	o6	1.562	ATGTGA
1040417	2725	o6	1.299	ATGTGA
1040434	1401	6m	1.187	TGTGAG
1040438	120	o6	1.623	ATGTGA
1040438	1522	o6	1.262	ATGTGA
1040479	3752	6m	1.408	TGTGAG
1040590	2265	o6	1.204	ATGTGA
1040590	2427	o6	1.088	ATGTGA
1040590	2885	6m	2.187	TGTGAG
1040590	2898	o6	2.187	ATGTGA
1040590	4890	6m	2.186	TGTGAG
1040590	5472	o6	2.369	ATGTGA
1040590	6315	o6	2.369	ATGTGA
1040635	2226	o6	2.161	ATGTGA
1040646	1144	o6	1.002	ATGTGA
