1000057	270	o6	1.026	ACAAGG
1000249	1730	o6	1.253	ACAAGG
1000493	752	o6	1.780	ACAAGG
1000493	5579	o6	1.282	ACAAGG
1000610	2200	o6	2.477	ACAAGG
1000767	123	o6	1.349	ACAAGG
1000835	159	o6	1.181	ACAAGG
1000835	1418	o6	2.121	ACAAGG
1000835	1489	o6	1.706	ACAAGG
1000920	859	o6	1.590	ACAAGG
1000979	916	o6	1.228	ACAAGG
1001075	2301	6m	2.825	CAAGGG
1001132	1208	o6	1.183	ACAAGG
1001194	87	o6	1.215	ACAAGG
1001533	0	7m8	1.194	CAAGGG
1001533	5651	o6	1.241	ACAAGG
1001533	5705	o6	1.210	ACAAGG
1001620	803	o6	1.305	ACAAGG
1001862	1095	6m	1.593	CAAGGG
1001937	833	o6	1.389	ACAAGG
1002236	126	o6	1.016	ACAAGG
1002595	285	7A1	1.284	CAAGGG
1002847	69	8m	1.212	ACAAGG
1003615	311	6m	1.589	CAAGGG
1003631	753	8m	2.055	ACAAGG
1003631	3281	o6	1.029	ACAAGG
1003660	142	o6	1.703	ACAAGG
1004050	174	o6	2.007	ACAAGG
1004050	283	6m	2.073	CAAGGG
1004259	54	o6	1.171	ACAAGG
1004437	1075	o6	1.534	ACAAGG
1004446	1230	o6	1.449	ACAAGG
1004490	161	6m	1.290	CAAGGG
1004927	302	o6	1.053	ACAAGG
1005359	44	o6	1.642	ACAAGG
1005438	117	o6	2.238	ACAAGG
1006137	261	o6	1.104	ACAAGG
1006158	157	o6	1.121	ACAAGG
1006518	404	6m	1.764	CAAGGG
1006518	569	o6	1.049	ACAAGG
1006518	1102	o6	1.316	ACAAGG
1006570	811	7A1	1.525	CAAGGG
1006672	492	7A1	2.321	CAAGGG
1006693	683	o6	1.889	ACAAGG
1006875	981	o6	2.408	ACAAGG
1006940	1547	o6	1.241	ACAAGG
1007034	630	6m	2.290	CAAGGG
1007034	819	7m8	3.219	ACAAGG
1007034	936	o6	3.319	ACAAGG
1007203	317	o6	1.447	ACAAGG
1007242	5505	o6	2.778	ACAAGG
1007308	6	o6	1.467	ACAAGG
1007364	3350	o6	1.049	ACAAGG
1007385	300	o6	2.854	ACAAGG
1007413	532	o6	1.829	ACAAGG
1007494	510	8m	1.606	ACAAGG
1007521	1137	o6	2.559	ACAAGG
1007521	1662	7m8	2.076	ACAAGG
1007521	1761	o6	1.322	ACAAGG
1007611	471	o6	1.316	ACAAGG
1007647	1869	o6	2.807	ACAAGG
1007698	1198	o6	1.069	ACAAGG
1007714	262	6m	1.544	CAAGGG
1007731	1657	6m	1.719	CAAGGG
1007731	2467	7m8	1.826	CAAGGG
1007731	2665	7m8	1.350	ACAAGG
1007740	1135	7A1	2.159	CAAGGG
1007740	1270	6m	1.465	CAAGGG
1007740	1573	7A1	3.246	CAAGGG
1007740	2674	o6	2.723	ACAAGG
1007812	1434	7m8	1.933	ACAAGG
1007812	1767	o6	2.080	ACAAGG
1007812	2385	6m	3.057	CAAGGG
1007812	4236	o6	2.408	ACAAGG
1007897	402	6m	1.114	CAAGGG
1007897	2112	7A1	2.076	CAAGGG
1007923	1149	o6	3.034	ACAAGG
1007935	101	6m	1.155	CAAGGG
1008135	135	o6	1.313	ACAAGG
1008136	199	6m	2.555	CAAGGG
1008198	622	o6	3.092	ACAAGG
1008255	1482	6m	1.647	CAAGGG
1008259	1639	o6	2.073	ACAAGG
1008307	850	o6	1.112	ACAAGG
1008318	204	o6	1.088	ACAAGG
1008318	669	o6	1.584	ACAAGG
1008372	114	6m	2.536	CAAGGG
1008602	173	o6	1.149	ACAAGG
1008708	238	o6	1.490	ACAAGG
1008855	506	o6	2.391	ACAAGG
1008966	230	o6	1.053	ACAAGG
1009300	423	o6	1.861	ACAAGG
1009303	164	7A1	1.397	CAAGGG
1009434	897	6m	1.045	CAAGGG
1009469	1221	o6	1.272	ACAAGG
1009500	541	7m8	2.143	ACAAGG
1009576	751	o6	1.544	ACAAGG
1009617	764	7m8	1.373	ACAAGG
1009748	1140	o6	1.294	ACAAGG
1009834	1661	o6	3.034	ACAAGG
1009930	807	o6	1.354	ACAAGG
1010011	224	6m	1.213	CAAGGG
1010237	1966	o6	1.971	ACAAGG
1010250	2152	o6	2.401	ACAAGG
1010358	1003	o6	1.031	ACAAGG
1010401	1931	7A1	2.340	CAAGGG
1010401	3002	6m	2.752	CAAGGG
1010401	3134	o6	3.543	ACAAGG
1010401	3580	6m	1.114	CAAGGG
1010401	5290	7A1	2.076	CAAGGG
1010451	133	o6	1.449	ACAAGG
1010511	1201	o6	1.647	ACAAGG
1010646	2304	o6	1.120	ACAAGG
1010649	566	7A1	1.434	CAAGGG
1010950	144	o6	1.027	ACAAGG
1011449	59	o6	1.905	ACAAGG
1011818	313	o6	1.741	ACAAGG
1011841	221	7A1	1.251	CAAGGG
1011842	659	o6	1.104	ACAAGG
1011944	614	o6	2.062	ACAAGG
1012008	1429	o6	1.360	ACAAGG
1012169	223	o6	1.745	ACAAGG
1012218	28	6m	1.032	CAAGGG
1012434	124	6m	2.458	CAAGGG
1012458	149	o6	2.922	ACAAGG
1012800	111	o6	1.285	ACAAGG
1013109	100	o6	1.179	ACAAGG
1013148	85	7A1	2.386	CAAGGG
1013312	1171	o6	1.456	ACAAGG
1013327	634	6m	1.333	CAAGGG
1013413	143	o6	3.638	ACAAGG
1013670	2416	o6	1.170	ACAAGG
1013676	478	6m	1.205	CAAGGG
1013988	187	6m	2.157	CAAGGG
1013988	1956	7m8	1.143	ACAAGG
1014066	328	7A1	1.099	CAAGGG
1014418	2370	o6	1.598	ACAAGG
1014473	370	o6	1.084	ACAAGG
1014480	1394	6m	1.741	CAAGGG
1014638	1055	6m	1.659	CAAGGG
1014813	546	o6	1.602	ACAAGG
1014856	1511	o6	1.657	ACAAGG
1014864	487	8m	2.952	ACAAGG
1014877	809	7m8	1.165	ACAAGG
1014877	884	o6	1.603	ACAAGG
1014883	1946	o6	2.309	ACAAGG
1014889	72	o6	1.291	ACAAGG
1014981	1905	8m	2.073	ACAAGG
1014981	1947	7m8	1.690	ACAAGG
1014982	121	o6	1.162	ACAAGG
1015041	1433	o6	1.055	ACAAGG
1015041	2738	6m	1.419	CAAGGG
1015041	2825	o6	1.568	ACAAGG
1015041	2894	6m	1.872	CAAGGG
1015041	5303	7A1	2.296	CAAGGG
1015047	2347	o6	1.260	ACAAGG
1015062	1066	o6	1.073	ACAAGG
1015091	4051	o6	2.187	ACAAGG
1015195	346	o6	1.656	ACAAGG
1015555	1028	8m	2.332	ACAAGG
1015555	2478	8m	2.425	CAAGGG
1015575	263	o6	1.198	ACAAGG
1015714	395	o6	1.906	ACAAGG
1015784	4	7m8	1.363	ACAAGG
1016011	689	o6	1.321	ACAAGG
1016011	1783	6m	1.227	CAAGGG
1016011	1989	7m8	2.876	ACAAGG
1016019	564	7A1	1.560	CAAGGG
1016019	1056	6m	2.014	CAAGGG
1016019	1146	o6	2.026	ACAAGG
1016019	1647	7m8	3.149	ACAAGG
1016020	1472	7m8	3.052	CAAGGG
1016020	2483	6m	1.969	CAAGGG
1016026	446	o6	1.922	ACAAGG
1016026	1541	o6	1.941	ACAAGG
1016029	1680	o6	1.598	ACAAGG
1016220	635	o6	1.500	ACAAGG
1016250	984	o6	2.740	ACAAGG
1016250	1164	o6	2.469	ACAAGG
1016449	288	o6	1.215	ACAAGG
1016581	195	7m8	1.707	CAAGGG
1016806	810	o6	2.068	ACAAGG
1016815	105	o6	1.316	ACAAGG
1017015	10	o6	1.295	ACAAGG
1017028	535	o6	2.544	ACAAGG
1017126	220	7A1	2.026	CAAGGG
1017135	1083	8m	2.544	ACAAGG
1017135	1264	8m	2.220	ACAAGG
1017197	967	o6	1.315	ACAAGG
1017511	1891	o6	1.690	ACAAGG
1017733	428	o6	1.617	ACAAGG
1017733	1115	6m	1.903	CAAGGG
1017733	1130	6m	1.786	CAAGGG
1017814	2137	7m8	2.676	ACAAGG
1017814	2329	o6	2.348	ACAAGG
1017814	3313	o6	1.573	ACAAGG
1017985	230	o6	2.040	ACAAGG
1018021	167	o6	1.737	ACAAGG
1018077	720	o6	1.322	ACAAGG
1018168	490	o6	2.323	ACAAGG
1018243	1126	o6	2.511	ACAAGG
1018284	64	7m8	1.170	CAAGGG
1018708	216	o6	1.326	ACAAGG
1018763	154	o6	2.313	ACAAGG
1018921	49	o6	1.492	ACAAGG
1018977	87	7m8	1.082	CAAGGG
1019095	51	6m	1.248	CAAGGG
1019219	668	8m	1.593	ACAAGG
1019286	201	o6	2.377	ACAAGG
1019286	245	o6	1.400	ACAAGG
1019570	14	7A1	1.606	CAAGGG
1019579	882	8m	3.034	ACAAGG
1020219	170	o6	3.198	ACAAGG
1020353	76	o6	1.255	ACAAGG
1020615	3225	6m	1.820	CAAGGG
1020782	1289	8m	1.229	ACAAGG
1020800	303	o6	1.424	ACAAGG
1020861	1574	o6	2.348	ACAAGG
1020883	402	6m	2.017	CAAGGG
1021152	254	o6	1.692	ACAAGG
1021273	674	7m8	1.736	ACAAGG
1021978	999	o6	1.582	ACAAGG
1022101	388	o6	1.027	ACAAGG
1022146	189	o6	1.219	ACAAGG
1022165	60	o6	2.067	ACAAGG
1022212	237	6m	1.300	CAAGGG
1022418	396	o6	1.407	ACAAGG
1022531	1496	o6	1.934	ACAAGG
1022941	186	8m	2.322	ACAAGG
1022997	16	o6	1.657	ACAAGG
1023062	1647	7m8	1.755	ACAAGG
1023062	3195	7m8	2.482	ACAAGG
1023151	166	7m8	2.909	ACAAGG
1023154	175	6m	1.561	CAAGGG
1023154	370	6m	1.544	CAAGGG
1023351	428	o6	2.025	ACAAGG
1023432	144	o6	1.361	ACAAGG
1023438	375	o6	1.261	ACAAGG
1023443	233	o6	1.322	ACAAGG
1023488	226	6m	1.370	CAAGGG
1023673	141	o6	2.537	ACAAGG
1023681	2743	o6	1.040	ACAAGG
1023784	5172	o6	1.818	ACAAGG
1023790	3134	o6	1.040	ACAAGG
1023805	4623	o6	2.205	ACAAGG
1023834	224	o6	3.062	ACAAGG
1023850	1351	6m	1.284	CAAGGG
1023882	1842	o6	1.322	ACAAGG
1023885	3373	o6	2.103	ACAAGG
1023912	502	7A1	1.043	CAAGGG
1023931	428	o6	2.494	ACAAGG
1024381	611	7A1	1.680	CAAGGG
1024465	954	o6	1.662	ACAAGG
1024495	1553	o6	1.227	ACAAGG
1024582	362	o6	3.835	ACAAGG
1024604	0	o6	2.254	ACAAGG
1024648	12326	o6	2.005	ACAAGG
1025001	209	o6	1.328	ACAAGG
1025022	1970	o6	1.208	ACAAGG
1025055	578	o6	1.663	ACAAGG
1025059	2201	o6	1.463	ACAAGG
1025377	88	7A1	1.682	CAAGGG
1025742	461	o6	1.444	ACAAGG
1025781	6	7m8	1.718	ACAAGG
1025781	74	o6	2.629	ACAAGG
1026161	875	o6	1.463	ACAAGG
1026200	889	o6	2.493	ACAAGG
1026200	1086	o6	2.467	ACAAGG
1026489	62	8m	1.071	ACAAGG
1026498	161	o6	1.217	ACAAGG
1026914	256	o6	1.450	ACAAGG
1026914	282	8m	1.336	ACAAGG
1026981	1372	o6	2.073	ACAAGG
1027226	237	o6	2.054	ACAAGG
1027276	461	7m8	2.788	ACAAGG
1027276	545	7m8	3.547	ACAAGG
1027276	746	7m8	3.115	ACAAGG
1027276	833	o6	1.355	ACAAGG
1027410	313	o6	1.469	ACAAGG
1027502	2443	o6	1.007	ACAAGG
1027764	916	6m	1.590	CAAGGG
1027773	106	o6	1.212	ACAAGG
1027887	273	o6	1.976	ACAAGG
1028023	237	7m8	1.241	ACAAGG
1028066	1	o6	1.042	ACAAGG
1028115	75	6m	1.999	CAAGGG
1028143	431	o6	1.284	ACAAGG
1028311	246	7A1	1.646	CAAGGG
1028734	1073	o6	1.722	ACAAGG
1028932	106	6m	2.242	CAAGGG
1029097	1189	o6	1.846	ACAAGG
1029309	375	7A1	1.100	CAAGGG
1029462	811	7A1	1.208	CAAGGG
1030177	218	o6	1.987	ACAAGG
1030189	992	o6	1.271	ACAAGG
1031111	319	o6	2.863	ACAAGG
1031199	3494	6m	1.207	CAAGGG
1031212	476	6m	1.276	CAAGGG
1031390	2960	o6	1.599	ACAAGG
1031541	1622	o6	1.116	ACAAGG
1031787	862	8m	1.399	ACAAGG
1031791	228	o6	1.497	ACAAGG
1031830	352	o6	1.285	ACAAGG
1031994	1263	7m8	2.411	ACAAGG
1032295	505	o6	1.644	ACAAGG
1032295	1933	8m	1.645	ACAAGG
1032333	1719	o6	1.195	ACAAGG
1032442	227	8m	2.432	ACAAGG
1032442	251	7A1	1.958	CAAGGG
1032466	1750	7m8	2.533	ACAAGG
1032471	1906	o6	2.551	ACAAGG
1032489	460	6m	1.084	CAAGGG
1032565	168	7A1	1.417	CAAGGG
1032604	49	o6	1.082	ACAAGG
1032604	250	7A1	1.653	CAAGGG
1032622	4549	o6	2.433	ACAAGG
1032634	1559	o6	1.192	ACAAGG
1032713	832	8m	2.290	ACAAGG
1032750	351	8m	1.122	ACAAGG
1032799	85	6m	1.078	CAAGGG
1032852	314	7A1	1.764	CAAGGG
1032880	187	7A1	2.631	CAAGGG
1032896	585	6m	2.414	CAAGGG
1032909	251	6m	1.751	CAAGGG
1032929	541	7A1	1.670	CAAGGG
1033141	1914	o6	1.048	ACAAGG
1033187	357	6m	2.348	CAAGGG
1033205	1265	6m	2.575	CAAGGG
1033208	609	6m	3.204	CAAGGG
1033217	143	o6	2.242	ACAAGG
1033227	1036	o6	1.031	ACAAGG
1033235	263	6m	1.116	CAAGGG
1033310	42	o6	1.755	ACAAGG
1033351	670	6m	1.965	CAAGGG
1033384	203	o6	1.975	ACAAGG
1033399	260	6m	1.241	CAAGGG
1033409	1743	6m	1.348	CAAGGG
1033527	251	o6	2.455	ACAAGG
1033535	293	o6	1.663	ACAAGG
1033535	299	o6	2.889	ACAAGG
1033565	2445	o6	2.936	ACAAGG
1033565	2631	6m	1.806	CAAGGG
1033616	147	o6	1.144	ACAAGG
1033742	909	o6	2.458	ACAAGG
1033745	444	o6	2.990	ACAAGG
1033751	2311	o6	2.523	ACAAGG
1033754	1940	o6	2.523	ACAAGG
1033757	1359	o6	2.523	ACAAGG
1033760	963	o6	3.047	ACAAGG
1033763	363	o6	3.047	ACAAGG
1033824	853	7m8	1.888	ACAAGG
1033827	203	o6	1.336	ACAAGG
1033978	468	o6	1.274	ACAAGG
1034053	3697	6m	1.282	CAAGGG
1034235	443	o6	1.456	ACAAGG
1034308	481	7m8	1.414	ACAAGG
1034353	1515	6m	1.041	CAAGGG
1034397	2440	o6	1.073	ACAAGG
1034556	443	8m	1.413	ACAAGG
1034620	219	o6	1.456	ACAAGG
1034739	2793	6m	1.400	CAAGGG
1034771	143	o6	1.446	ACAAGG
1035015	1238	7A1	1.001	CAAGGG
1035040	1934	o6	2.320	ACAAGG
1035040	2480	o6	2.909	ACAAGG
1035040	3161	o6	3.085	ACAAGG
1035040	3344	6m	3.490	CAAGGG
1035040	3692	o6	2.270	ACAAGG
1035043	532	o6	1.954	ACAAGG
1035081	153	7A1	1.181	CAAGGG
1035192	971	o6	2.072	ACAAGG
1035248	1166	o6	1.704	ACAAGG
1035248	1631	6m	2.051	CAAGGG
1035437	13	6m	1.456	CAAGGG
1035569	10543	7m8	2.053	CAAGGG
1035576	343	o6	1.203	ACAAGG
1035606	60	o6	1.704	ACAAGG
1035656	3913	o6	1.974	ACAAGG
1035729	547	o6	2.025	ACAAGG
1035974	818	o6	1.945	ACAAGG
1036127	610	6m	1.748	CAAGGG
1036127	715	7A1	1.862	CAAGGG
1036127	1225	7A1	1.980	CAAGGG
1036127	1432	6m	2.868	CAAGGG
1036127	2518	7A1	1.893	CAAGGG
1036127	3136	7A1	1.600	CAAGGG
1036127	5233	o6	1.916	ACAAGG
1036127	7738	6m	2.736	CAAGGG
1036154	3070	6m	1.180	CAAGGG
1036203	624	7A1	1.797	CAAGGG
1036374	1308	o6	1.128	ACAAGG
1036374	2547	6m	1.400	CAAGGG
1036419	1502	o6	1.560	ACAAGG
1036462	1297	7m8	1.349	ACAAGG
1036568	2124	8m	1.761	ACAAGG
1036568	2360	o6	1.626	ACAAGG
1036968	597	6m	1.964	CAAGGG
1037183	142	6m	1.373	CAAGGG
1037333	1861	o6	5.368	ACAAGG
1037422	242	o6	1.468	ACAAGG
1037422	799	6m	1.815	CAAGGG
1037745	448	o6	1.949	ACAAGG
1037750	93	o6	1.155	ACAAGG
1037845	19	o6	2.194	ACAAGG
1037845	25	o6	2.194	ACAAGG
1038021	666	o6	2.174	ACAAGG
1038223	703	o6	1.328	ACAAGG
1038317	419	o6	1.390	ACAAGG
1038342	52	7m8	1.845	ACAAGG
1038407	154	6m	1.995	CAAGGG
1038431	5	7A1	1.312	CAAGGG
1038670	1331	6m	1.068	CAAGGG
1038727	461	o6	1.426	ACAAGG
1038841	129	o6	1.031	ACAAGG
1038986	726	6m	2.207	CAAGGG
1039061	3389	6m	1.548	CAAGGG
1039118	571	o6	1.776	ACAAGG
1039187	186	6m	1.377	CAAGGG
1039329	702	6m	1.043	CAAGGG
1039445	961	o6	1.211	ACAAGG
1039502	103	o6	1.193	ACAAGG
1039502	5399	o6	1.906	ACAAGG
1039636	1064	o6	2.074	ACAAGG
1039853	566	o6	1.690	ACAAGG
1039853	3061	o6	2.608	ACAAGG
1039853	7034	o6	1.285	ACAAGG
1039908	2215	o6	1.162	ACAAGG
1039971	538	o6	1.364	ACAAGG
1040057	269	o6	1.814	ACAAGG
1040136	802	o6	1.316	ACAAGG
1040165	3153	o6	1.127	ACAAGG
1040202	2230	o6	1.003	ACAAGG
1040214	2111	o6	1.321	ACAAGG
1040228	1771	o6	1.484	ACAAGG
1040303	1594	o6	2.551	ACAAGG
1040352	3419	o6	1.254	ACAAGG
1040367	1560	o6	1.997	ACAAGG
1040479	191	o6	2.198	ACAAGG
1040560	107	o6	2.168	ACAAGG
1040589	1231	6m	1.157	CAAGGG
1040589	3966	6m	2.707	CAAGGG
1040635	5206	6m	1.391	CAAGGG
