1000090	230	o6	1.411	GCACGA
1000146	1187	o6	1.563	GCACGA
1000182	141	o6	1.023	GCACGA
1000610	838	7A1	1.606	CACGAT
1000631	1309	o6	1.584	GCACGA
1000649	563	7A1	1.266	CACGAT
1000706	83	6m	1.152	CACGAT
1000734	1220	6m	1.846	CACGAT
1000835	1150	6m	3.270	CACGAT
1000956	578	o6	1.972	GCACGA
1000979	972	6m	3.024	CACGAT
1001075	1401	6m	2.178	CACGAT
1001440	1622	6m	1.073	CACGAT
1001440	2800	6m	1.711	CACGAT
1001518	727	6m	1.122	CACGAT
1001548	143	6m	2.147	CACGAT
1001817	3410	7m8	1.210	GCACGA
1001897	199	7A1	2.579	CACGAT
1001916	204	6m	1.042	CACGAT
1001937	352	8m	1.555	GCACGA
1002176	650	o6	1.860	GCACGA
1002293	733	6m	1.182	CACGAT
1002304	64	o6	1.582	GCACGA
1002352	267	o6	1.758	GCACGA
1002731	984	7A1	1.248	CACGAT
1003114	468	6m	1.082	CACGAT
1003215	182	6m	1.282	CACGAT
1003549	118	o6	1.685	GCACGA
1003615	431	o6	2.006	GCACGA
1003643	272	7A1	1.019	CACGAT
1003660	1649	o6	1.145	GCACGA
1003671	114	o6	1.322	GCACGA
1005034	644	o6	2.000	GCACGA
1005352	669	7m8	1.907	GCACGA
1005470	2382	8m	1.162	CACGAT
1005646	358	6m	1.051	CACGAT
1005646	727	o6	1.406	GCACGA
1005646	775	o6	2.858	GCACGA
1005646	3050	o6	2.772	GCACGA
1006098	661	6m	1.122	CACGAT
1006518	417	7m8	1.880	CACGAT
1006734	123	7m8	1.459	GCACGA
1006838	64	o6	1.786	GCACGA
1007004	243	o6	1.264	GCACGA
1007207	17	6m	1.733	CACGAT
1007269	582	7m8	1.322	CACGAT
1007484	1133	o6	1.027	GCACGA
1007484	1181	o6	1.955	GCACGA
1007521	901	o6	1.023	GCACGA
1007547	1081	o6	1.642	GCACGA
1007714	170	6m	2.041	CACGAT
1007812	1710	6m	1.921	CACGAT
1007812	3451	6m	1.653	CACGAT
1007812	5194	o6	2.975	GCACGA
1007920	848	6m	2.409	CACGAT
1007932	690	o6	2.433	GCACGA
1008036	72	6m	1.235	CACGAT
1008195	136	6m	1.116	CACGAT
1008279	1309	o6	1.818	GCACGA
1008409	745	6m	1.076	CACGAT
1008420	384	6m	1.156	CACGAT
1008593	515	7m8	2.074	GCACGA
1008690	317	o6	1.762	GCACGA
1008716	870	6m	1.042	CACGAT
1008933	427	o6	1.027	GCACGA
1009043	945	6m	2.893	CACGAT
1009369	1196	6m	1.328	CACGAT
1009487	145	7m8	1.682	GCACGA
1009497	130	8m	1.317	CACGAT
1009576	806	o6	3.790	GCACGA
1009647	565	8m	1.529	GCACGA
1009769	970	7m8	1.129	GCACGA
1009930	525	o6	1.373	GCACGA
1009942	333	o6	3.649	GCACGA
1010160	916	8m	2.417	GCACGA
1010365	149	7A1	1.488	CACGAT
1010401	2490	o6	1.887	GCACGA
1011194	778	7m8	1.241	CACGAT
1011608	365	6m	1.322	CACGAT
1011620	126	o6	2.366	GCACGA
1012329	187	6m	1.032	CACGAT
1012776	233	6m	2.427	CACGAT
1013193	294	7A1	1.320	CACGAT
1013312	1176	o6	1.965	GCACGA
1013327	1328	o6	2.148	GCACGA
1013327	1490	o6	1.130	GCACGA
1013521	602	o6	2.442	GCACGA
1013591	4056	o6	1.600	GCACGA
1013687	807	7A1	1.405	CACGAT
1013953	139	6m	3.449	CACGAT
1014393	141	6m	1.979	CACGAT
1014418	572	o6	1.714	GCACGA
1014588	2956	o6	1.606	GCACGA
1014655	736	7m8	2.073	CACGAT
1015041	984	o6	2.343	GCACGA
1015195	1043	7m8	1.776	GCACGA
1015336	258	o6	1.444	GCACGA
1015385	194	o6	1.505	GCACGA
1015427	527	o6	1.604	GCACGA
1015526	498	7m8	2.143	CACGAT
1015526	1609	6m	1.174	CACGAT
1015551	418	o6	1.434	GCACGA
1015555	609	7A1	1.235	CACGAT
1015576	5	6m	2.816	CACGAT
1015725	599	7A1	2.132	CACGAT
1015771	25	o6	1.499	GCACGA
1015774	55	6m	1.053	CACGAT
1015936	1138	o6	3.034	GCACGA
1015972	1075	6m	1.191	CACGAT
1015995	67	6m	1.103	CACGAT
1016019	1666	7m8	3.128	GCACGA
1016020	2370	o6	1.591	GCACGA
1016026	459	o6	1.714	GCACGA
1016047	1256	o6	2.107	GCACGA
1016176	2295	8m	1.041	GCACGA
1016200	1558	o6	1.322	GCACGA
1016449	2336	o6	2.013	GCACGA
1016470	770	7A1	1.073	CACGAT
1016556	980	o6	1.995	GCACGA
1016566	1603	7A1	1.434	CACGAT
1016623	455	o6	1.087	GCACGA
1016691	123	6m	1.285	CACGAT
1016718	27	6m	1.053	CACGAT
1016794	469	6m	2.167	CACGAT
1017231	70	6m	1.056	CACGAT
1017245	226	o6	1.490	GCACGA
1017395	294	o6	2.131	GCACGA
1017451	1513	7m8	3.034	CACGAT
1017451	1842	o6	1.606	GCACGA
1017733	543	8m	1.322	GCACGA
1018077	57	o6	1.208	GCACGA
1018134	1686	7A1	1.492	CACGAT
1018168	111	6m	1.288	CACGAT
1018263	149	6m	1.288	CACGAT
1018278	335	6m	1.576	CACGAT
1018732	622	7A1	1.105	CACGAT
1018778	106	6m	1.539	CACGAT
1019188	279	6m	1.247	CACGAT
1019198	1640	o6	1.860	GCACGA
1019314	455	o6	2.423	GCACGA
1019514	736	6m	1.379	CACGAT
1019521	1023	6m	1.206	CACGAT
1019942	797	7A1	1.064	CACGAT
1020074	1098	o6	1.322	GCACGA
1020800	384	6m	1.328	CACGAT
1020996	245	6m	2.383	CACGAT
1021434	1864	o6	1.053	GCACGA
1021566	978	6m	3.034	CACGAT
1022531	2892	6m	2.556	CACGAT
1023097	3241	o6	1.794	GCACGA
1023127	148	o6	1.092	GCACGA
1023151	593	6m	1.862	CACGAT
1023154	164	o6	1.288	GCACGA
1023167	443	o6	2.197	GCACGA
1023666	628	o6	1.940	GCACGA
1023673	253	6m	1.121	CACGAT
1023790	2010	o6	2.678	GCACGA
1023805	23	o6	2.371	GCACGA
1023882	605	6m	1.053	CACGAT
1023994	330	8m	1.392	CACGAT
1024003	1276	6m	1.285	CACGAT
1024025	1089	6m	2.260	CACGAT
1024133	1543	o6	1.053	GCACGA
1024165	515	o6	1.156	GCACGA
1024393	711	7m8	1.285	GCACGA
1024576	107	6m	1.212	CACGAT
1024612	2320	6m	2.563	CACGAT
1024619	490	o6	1.064	GCACGA
1024628	73	6m	1.053	CACGAT
1024648	6068	o6	1.053	GCACGA
1024762	187	o6	2.544	GCACGA
1024956	6193	o6	1.278	GCACGA
1025158	334	6m	1.104	CACGAT
1025298	284	6m	1.598	CACGAT
1025340	1749	o6	1.122	GCACGA
1025391	344	7m8	2.068	GCACGA
1025443	14	6m	1.130	CACGAT
1025488	162	o6	1.801	GCACGA
1025665	758	o6	1.082	GCACGA
1026165	200	o6	1.168	GCACGA
1026284	552	o6	1.318	GCACGA
1026545	887	o6	1.952	GCACGA
1026711	978	7A1	1.690	CACGAT
1026711	3500	8m	1.065	GCACGA
1026894	306	6m	1.226	CACGAT
1027058	642	6m	1.042	CACGAT
1027410	186	7A1	1.103	CACGAT
1027773	936	6m	1.060	CACGAT
1028263	125	o6	1.179	GCACGA
1028923	321	7m8	1.015	GCACGA
1029180	93	7A1	1.362	CACGAT
1029349	264	7A1	1.277	CACGAT
1029384	989	o6	1.054	GCACGA
1029384	2996	o6	1.300	GCACGA
1029517	497	6m	1.168	CACGAT
1029575	336	6m	1.036	CACGAT
1030189	534	6m	2.204	CACGAT
1030476	442	6m	1.332	CACGAT
1030812	158	7m8	2.964	GCACGA
1030912	560	o6	1.082	GCACGA
1031013	408	o6	1.235	GCACGA
1031090	428	o6	1.027	GCACGA
1031156	1488	7A1	1.335	CACGAT
1031657	303	7A1	2.940	CACGAT
1031830	2304	7A1	2.030	CACGAT
1031968	277	6m	1.155	CACGAT
1031994	1183	6m	1.948	CACGAT
1032426	1247	6m	1.564	CACGAT
1032466	1345	8m	3.224	GCACGA
1032486	793	o6	1.821	GCACGA
1032935	47	6m	2.256	CACGAT
1033008	1616	7A1	2.749	CACGAT
1033037	283	8m	2.390	CACGAT
1033041	881	6m	1.089	CACGAT
1033047	42	6m	1.212	CACGAT
1033138	540	6m	1.342	CACGAT
1033141	5818	7A1	1.020	CACGAT
1033196	1067	o6	2.346	GCACGA
1033205	367	o6	2.830	GCACGA
1033469	736	6m	1.363	CACGAT
1033565	1845	7A1	2.409	CACGAT
1033678	133	6m	1.583	CACGAT
1033751	1299	6m	2.132	CACGAT
1033754	928	6m	2.132	CACGAT
1033757	347	6m	2.132	CACGAT
1033786	8	o6	3.075	GCACGA
1033824	1634	o6	3.036	GCACGA
1033827	987	o6	1.408	GCACGA
1033833	701	6m	1.047	CACGAT
1033877	2975	6m	1.247	CACGAT
1033948	898	o6	1.073	GCACGA
1033984	990	6m	1.456	CACGAT
1034185	855	6m	1.613	CACGAT
1034316	1794	7A1	1.732	CACGAT
1034353	1046	6m	1.025	CACGAT
1034469	505	7A1	2.702	CACGAT
1034539	2337	o6	2.671	GCACGA
1034598	333	7m8	1.059	CACGAT
1034599	249	6m	1.454	CACGAT
1034658	229	6m	1.217	CACGAT
1034726	884	7m8	1.793	GCACGA
1034851	67	o6	1.318	GCACGA
1034884	627	7m8	1.073	GCACGA
1034983	78	6m	1.007	CACGAT
1034995	6499	6m	1.131	CACGAT
1035040	2453	6m	1.379	CACGAT
1035040	2946	o6	1.376	GCACGA
1035040	3684	o6	2.365	GCACGA
1035147	265	7m8	1.294	CACGAT
1035153	431	6m	1.582	CACGAT
1035204	997	o6	1.228	GCACGA
1035372	2	7m8	1.413	GCACGA
1035453	570	o6	1.875	GCACGA
1035566	747	o6	1.080	GCACGA
1035768	2302	6m	1.028	CACGAT
1035843	2024	o6	1.461	GCACGA
1035863	433	o6	1.738	GCACGA
1035989	107	o6	1.349	GCACGA
1036031	348	6m	1.427	CACGAT
1036127	3284	o6	1.450	GCACGA
1036127	3302	o6	2.748	GCACGA
1036127	4099	7m8	1.102	GCACGA
1036127	7319	6m	1.205	CACGAT
1036127	8917	6m	2.085	CACGAT
1036127	10748	6m	2.122	CACGAT
1036283	996	6m	2.864	CACGAT
1036405	304	6m	1.710	CACGAT
1036449	624	o6	1.057	GCACGA
1036558	1250	6m	1.054	CACGAT
1036676	682	6m	1.446	CACGAT
1036706	2133	o6	2.377	GCACGA
1036761	292	6m	1.703	CACGAT
1036991	2628	o6	2.532	GCACGA
1037067	610	6m	1.971	CACGAT
1037144	92	6m	1.209	CACGAT
1037494	1781	6m	1.419	CACGAT
1037835	174	7A1	1.188	CACGAT
1037968	97	8m	1.399	GCACGA
1038223	602	o6	2.481	GCACGA
1038378	508	6m	1.201	CACGAT
1038440	427	6m	2.613	CACGAT
1038571	932	o6	1.090	GCACGA
1038595	149	o6	2.248	GCACGA
1038640	2142	6m	1.038	CACGAT
1038644	59	6m	1.285	CACGAT
1038670	380	o6	1.560	GCACGA
1038748	1949	6m	1.303	CACGAT
1038808	192	6m	1.062	CACGAT
1038808	1033	6m	1.040	CACGAT
1038833	759	7m8	1.358	GCACGA
1039196	595	o6	2.775	GCACGA
1039502	2378	7m8	2.854	GCACGA
1039557	1486	6m	1.912	CACGAT
1039563	2814	o6	1.284	GCACGA
1039703	428	o6	1.307	GCACGA
1039712	292	6m	1.176	CACGAT
1039800	26	7m8	1.257	CACGAT
1039805	20	o6	2.833	GCACGA
1039858	2812	6m	1.053	CACGAT
1039862	25	o6	1.940	GCACGA
1039925	248	8m	2.608	GCACGA
1039932	669	6m	1.125	CACGAT
1039965	237	6m	1.360	CACGAT
1039971	1013	o6	1.036	GCACGA
1040031	967	7A1	1.806	CACGAT
1040070	3384	7A1	1.380	CACGAT
1040070	4207	6m	1.118	CACGAT
1040135	1025	o6	1.696	GCACGA
1040148	227	o6	1.213	GCACGA
1040148	500	6m	2.102	CACGAT
1040165	1076	7m8	1.524	GCACGA
1040190	1457	6m	1.155	CACGAT
1040190	2909	7A1	1.906	CACGAT
1040303	1795	o6	1.073	GCACGA
1040325	441	7A1	2.858	CACGAT
1040346	68	o6	1.368	GCACGA
1040346	3692	6m	1.367	CACGAT
1040631	42	6m	2.577	CACGAT
1040646	1384	6m	1.213	CACGAT
