1000062	473	6m	2.449	CCGTCC
1000234	868	7A1	2.400	CCGTCC
1000281	949	o6	1.524	TCCGTC
1000360	1617	o6	3.034	TCCGTC
1000391	62	6m	1.388	CCGTCC
1000446	347	o6	1.424	TCCGTC
1000631	1362	o6	1.647	TCCGTC
1001015	542	7m8	2.509	TCCGTC
1001158	324	o6	1.846	TCCGTC
1001182	36	6m	2.645	CCGTCC
1001888	56	7A1	1.526	CCGTCC
1001934	469	8m	1.324	CCGTCC
1001934	631	o6	1.179	TCCGTC
1002215	561	o6	1.328	TCCGTC
1002352	214	o6	1.262	TCCGTC
1002382	119	o6	1.892	TCCGTC
1002797	39	o6	1.228	TCCGTC
1002877	493	o6	3.317	TCCGTC
1003538	-1	6m	1.784	CCGTCC
1004158	108	8m	4.720	TCCGTC
1004163	293	8m	1.690	CCGTCC
1004281	705	o6	1.011	TCCGTC
1004503	58	o6	2.420	TCCGTC
1004565	37	6m	2.660	CCGTCC
1005443	471	o6	1.499	TCCGTC
1005474	766	6m	1.284	CCGTCC
1005535	52	6m	2.152	CCGTCC
1006216	52	6m	1.456	CCGTCC
1006249	52	6m	1.460	CCGTCC
1006258	52	6m	1.576	CCGTCC
1006276	52	6m	1.008	CCGTCC
1006285	52	6m	1.014	CCGTCC
1006672	376	o6	1.022	TCCGTC
1006767	19	o6	1.009	TCCGTC
1006800	346	6m	3.781	CCGTCC
1007011	216	o6	2.377	TCCGTC
1007355	74	o6	1.248	TCCGTC
1007364	2178	7A1	2.992	CCGTCC
1007521	1915	o6	2.131	TCCGTC
1007584	508	o6	2.297	TCCGTC
1007740	2950	6m	1.139	CCGTCC
1007792	143	8m	2.425	TCCGTC
1007792	560	7A1	2.844	CCGTCC
1008145	3856	7A1	2.400	CCGTCC
1008151	101	7A1	2.477	CCGTCC
1008363	363	6m	1.213	CCGTCC
1008421	465	7m8	1.929	TCCGTC
1008780	974	7m8	2.321	TCCGTC
1008890	648	6m	1.606	CCGTCC
1009303	931	o6	1.328	TCCGTC
1009559	25	8m	1.791	CCGTCC
1009736	389	6m	1.970	CCGTCC
1009736	1896	6m	1.162	CCGTCC
1009736	1918	o6	1.359	TCCGTC
1009948	1606	8m	3.034	TCCGTC
1010533	1404	7A1	4.174	CCGTCC
1010533	1621	o6	2.964	TCCGTC
1011394	182	6m	1.405	CCGTCC
1011491	1198	6m	1.328	CCGTCC
1011608	558	7A1	1.016	CCGTCC
1011982	500	7m8	2.682	TCCGTC
1012020	179	6m	2.854	CCGTCC
1012057	41	o6	1.204	TCCGTC
1012830	862	7m8	1.341	CCGTCC
1013073	1898	o6	1.491	TCCGTC
1013413	655	o6	1.031	TCCGTC
1013518	926	o6	2.443	TCCGTC
1013782	138	6m	1.322	CCGTCC
1014294	83	o6	2.807	TCCGTC
1014859	96	7A1	3.213	CCGTCC
1014859	573	o6	2.054	TCCGTC
1014899	9	6m	1.623	CCGTCC
1014988	6074	7m8	2.856	TCCGTC
1015021	672	8m	1.180	TCCGTC
1015085	1136	8m	3.082	TCCGTC
1015228	1524	8m	2.004	TCCGTC
1015418	1242	o6	2.059	TCCGTC
1015421	83	o6	1.026	TCCGTC
1015784	712	o6	1.009	TCCGTC
1016052	62	o6	1.658	TCCGTC
1016449	4558	8m	2.538	TCCGTC
1016581	1129	6m	2.294	CCGTCC
1016695	75	7m8	3.150	TCCGTC
1016698	2164	6m	2.652	CCGTCC
1016838	305	7A1	2.544	CCGTCC
1017395	437	7m8	1.549	TCCGTC
1017614	4185	7A1	3.028	CCGTCC
1017919	831	6m	2.489	CCGTCC
1018153	24	o6	1.007	TCCGTC
1018225	185	7A1	1.188	CCGTCC
1018248	334	6m	1.135	CCGTCC
1018328	107	o6	1.156	TCCGTC
1018486	351	o6	2.740	TCCGTC
1018778	555	o6	1.154	TCCGTC
1019767	110	7m8	1.151	CCGTCC
1019767	225	7A1	2.666	CCGTCC
1019939	133	8m	3.174	TCCGTC
1020253	1467	7A1	2.640	CCGTCC
1020360	38	7m8	1.808	CCGTCC
1020550	68	8m	2.854	TCCGTC
1020642	339	7A1	2.280	CCGTCC
1020728	263	8m	2.073	TCCGTC
1021406	306	8m	1.606	CCGTCC
1021742	2	o6	3.198	TCCGTC
1021830	85	6m	1.849	CCGTCC
1022418	1194	6m	2.409	CCGTCC
1022710	88	7A1	2.220	CCGTCC
1023292	262	o6	2.425	TCCGTC
1023658	154	6m	1.380	CCGTCC
1023669	854	8m	2.902	TCCGTC
1023796	500	7A1	2.379	CCGTCC
1023799	320	7A1	2.837	CCGTCC
1023891	34	8m	2.220	TCCGTC
1023897	945	o6	1.606	TCCGTC
1023904	434	o6	1.050	TCCGTC
1024052	98	o6	1.841	TCCGTC
1024057	213	o6	1.425	TCCGTC
1024334	75	8m	1.602	TCCGTC
1024510	787	7A1	1.524	CCGTCC
1024537	189	8m	2.276	TCCGTC
1024612	631	7m8	2.556	TCCGTC
1024648	3426	o6	1.082	TCCGTC
1024763	582	6m	1.121	CCGTCC
1025353	518	7A1	3.034	CCGTCC
1025380	133	o6	1.208	TCCGTC
1025391	892	8m	1.814	TCCGTC
1025654	938	o6	1.212	TCCGTC
1026336	23	7A1	2.435	CCGTCC
1026364	133	8m	2.843	CCGTCC
1026480	1451	7A1	2.214	CCGTCC
1026812	53	6m	1.268	CCGTCC
1026812	211	8m	2.807	TCCGTC
1026965	1533	7A1	1.265	CCGTCC
1027129	208	6m	2.023	CCGTCC
1027743	159	7A1	2.291	CCGTCC
1027891	154	o6	2.918	TCCGTC
1027900	340	o6	2.285	TCCGTC
1027900	360	7m8	2.205	CCGTCC
1027900	368	7m8	2.205	CCGTCC
1027938	218	6m	2.314	CCGTCC
1028150	91	o6	1.001	TCCGTC
1028272	25	7m8	1.579	TCCGTC
1028532	70	8m	1.506	CCGTCC
1029165	796	8m	1.262	TCCGTC
1029189	417	o6	2.055	TCCGTC
1029517	562	o6	2.625	TCCGTC
1029532	2287	8m	1.606	TCCGTC
1029635	177	7m8	2.183	CCGTCC
1030192	582	7m8	1.859	TCCGTC
1030491	193	6m	1.745	CCGTCC
1030584	358	o6	2.361	TCCGTC
1030882	371	8m	3.214	TCCGTC
1031307	1760	o6	1.690	TCCGTC
1031464	68	6m	1.690	CCGTCC
1031547	102	8m	2.794	TCCGTC
1031833	30	8m	1.824	TCCGTC
1031833	1169	8m	2.026	CCGTCC
1031953	68	6m	1.679	CCGTCC
1032182	305	7m8	1.886	CCGTCC
1032325	908	6m	1.530	CCGTCC
1032369	2888	8m	2.593	CCGTCC
1032411	92	6m	1.285	CCGTCC
1032607	1250	7m8	1.082	CCGTCC
1032693	726	o6	2.648	TCCGTC
1033089	984	7m8	1.573	TCCGTC
1033571	2550	8m	2.255	TCCGTC
1033795	1825	7m8	2.472	TCCGTC
1033907	204	7A1	2.385	CCGTCC
1034044	23	7m8	1.120	TCCGTC
1034134	466	7m8	3.140	TCCGTC
1034209	1864	o6	1.493	TCCGTC
1034247	2696	6m	3.631	CCGTCC
1034331	1194	6m	1.999	CCGTCC
1034353	186	o6	1.658	TCCGTC
1034500	396	o6	1.016	TCCGTC
1034569	1875	7A1	2.062	CCGTCC
1034569	3732	o6	1.513	TCCGTC
1034923	94	7A1	2.599	CCGTCC
1035248	1244	6m	1.587	CCGTCC
1035431	32	7m8	2.752	TCCGTC
1035527	2306	o6	1.036	TCCGTC
1035527	3312	o6	3.070	TCCGTC
1035747	65	8m	1.118	CCGTCC
1035768	582	6m	2.525	CCGTCC
1035801	2437	7A1	1.122	CCGTCC
1036046	587	7m8	1.533	TCCGTC
1036088	415	6m	1.695	CCGTCC
1036127	7770	o6	1.405	TCCGTC
1036127	9894	8m	3.082	TCCGTC
1036328	978	o6	1.196	TCCGTC
1036350	209	7A1	2.031	CCGTCC
1036350	623	o6	1.030	TCCGTC
1036497	836	7m8	2.044	TCCGTC
1036506	139	o6	1.703	TCCGTC
1036836	289	7A1	1.576	CCGTCC
1036859	29	7A1	2.030	CCGTCC
1037191	504	6m	1.277	CCGTCC
1037395	78	o6	2.850	TCCGTC
1037446	5	6m	1.477	CCGTCC
1037845	741	6m	1.373	CCGTCC
1038223	1346	o6	1.548	TCCGTC
1038285	714	7m8	1.318	TCCGTC
1038643	1596	6m	4.557	CCGTCC
1038808	57	7m8	1.373	CCGTCC
1039118	75	6m	2.067	CCGTCC
1039199	882	6m	1.110	CCGTCC
1039422	1597	o6	1.754	TCCGTC
1039706	1421	6m	3.390	CCGTCC
1039831	412	8m	1.086	CCGTCC
1039853	2116	8m	3.398	TCCGTC
1039853	2675	o6	1.073	TCCGTC
1039932	979	8m	1.934	TCCGTC
1039949	1949	7A1	2.973	CCGTCC
1040016	2227	o6	1.188	TCCGTC
1040019	696	o6	1.644	TCCGTC
1040054	128	8m	1.471	CCGTCC
1040183	71	o6	2.854	TCCGTC
1040294	1841	7m8	3.641	TCCGTC
1040346	2914	7m8	2.015	TCCGTC
1040352	840	6m	2.975	CCGTCC
1040377	55	7A1	2.533	CCGTCC
1040589	1526	8m	1.556	TCCGTC
1040590	3058	o6	1.518	TCCGTC
1040590	3076	o6	1.474	TCCGTC
