1000000	78	7A1	2.002	TGTGAT
1000021	888	7A1	2.025	TGTGAT
1000062	292	6m	2.449	TGTGAT
1000126	801	6m	2.561	TGTGAT
1000209	16	7A1	2.981	TGTGAT
1000306	274	6m	2.559	TGTGAT
1000317	37	6m	1.208	TGTGAT
1000317	57	7A1	2.163	TGTGAT
1000332	65	o6	1.915	CTGTGA
1000386	714	6m	2.350	TGTGAT
1000406	621	6m	2.807	TGTGAT
1000472	704	7m8	2.544	CTGTGA
1000472	1176	6m	1.687	TGTGAT
1000484	111	6m	1.639	TGTGAT
1000500	585	6m	2.135	TGTGAT
1000530	845	o6	2.194	CTGTGA
1000536	220	7A1	2.654	TGTGAT
1000553	175	8m	2.592	CTGTGA
1000586	551	6m	2.998	TGTGAT
1000743	775	7A1	2.215	TGTGAT
1000773	292	o6	2.049	CTGTGA
1000779	914	6m	3.232	TGTGAT
1000779	1206	6m	3.232	TGTGAT
1000779	1214	7A1	3.232	TGTGAT
1000784	385	6m	1.208	TGTGAT
1000803	745	7A1	2.409	TGTGAT
1000824	209	7A1	2.982	TGTGAT
1000824	830	o6	1.235	CTGTGA
1000835	819	6m	1.517	TGTGAT
1000863	368	6m	1.663	TGTGAT
1000866	29	6m	2.351	TGTGAT
1000890	146	7A1	1.687	TGTGAT
1000907	402	6m	1.284	TGTGAT
1000920	902	o6	2.409	CTGTGA
1000992	136	6m	2.807	TGTGAT
1000992	563	7m8	2.807	CTGTGA
1001000	143	6m	1.356	TGTGAT
1001003	72	6m	1.120	TGTGAT
1001012	519	6m	2.073	TGTGAT
1001012	1087	6m	2.015	TGTGAT
1001015	683	7A1	2.232	TGTGAT
1001015	842	6m	2.855	TGTGAT
1001075	6	6m	3.034	TGTGAT
1001075	2120	7A1	2.025	TGTGAT
1001083	148	7A1	2.981	TGTGAT
1001143	291	6m	2.508	TGTGAT
1001244	429	6m	1.690	TGTGAT
1001271	367	6m	1.369	TGTGAT
1001295	88	6m	2.017	TGTGAT
1001440	573	o6	2.807	CTGTGA
1001482	487	6m	1.328	TGTGAT
1001530	432	6m	2.500	TGTGAT
1001607	766	o6	3.024	CTGTGA
1001619	235	6m	1.632	TGTGAT
1001680	181	o6	1.976	CTGTGA
1001689	815	7A1	2.220	TGTGAT
1001724	32	7A1	1.596	TGTGAT
1001738	1525	7A1	3.232	TGTGAT
1001753	295	7A1	2.442	TGTGAT
1001810	568	o6	3.117	CTGTGA
1001897	673	6m	1.651	TGTGAT
1001897	755	6m	2.366	TGTGAT
1001921	550	6m	3.028	TGTGAT
1002048	1	o6	1.736	CTGTGA
1002054	791	o6	2.343	CTGTGA
1002098	298	7A1	2.648	TGTGAT
1002120	41	8m	3.466	TGTGAT
1002177	68	6m	2.739	TGTGAT
1002182	220	6m	1.241	TGTGAT
1002182	356	7A1	2.037	TGTGAT
1002197	142	7m8	1.695	CTGTGA
1002224	46	6m	2.507	TGTGAT
1002224	120	7A1	2.304	TGTGAT
1002273	34	7A1	1.711	TGTGAT
1002298	840	7A1	2.376	TGTGAT
1002349	45	6m	2.073	TGTGAT
1002397	90	6m	1.005	TGTGAT
1002398	89	7A1	2.807	TGTGAT
1002481	2350	7A1	2.073	TGTGAT
1002608	315	o6	3.610	CTGTGA
1002662	193	6m	1.541	TGTGAT
1002683	174	7A1	1.592	TGTGAT
1002704	348	o6	1.606	CTGTGA
1002731	886	6m	2.072	TGTGAT
1002797	593	o6	2.227	CTGTGA
1002877	686	8m	3.317	CTGTGA
1002884	296	7A1	3.833	TGTGAT
1002901	-1	7A1	3.167	TGTGAT
1002953	32	8m	3.012	TGTGAT
1002982	78	7m8	3.960	CTGTGA
1003015	584	8m	2.058	CTGTGA
1003018	194	6m	1.306	TGTGAT
1003053	523	6m	2.807	TGTGAT
1003062	452	7A1	2.350	TGTGAT
1003062	468	6m	2.350	TGTGAT
1003122	946	7A1	2.740	TGTGAT
1003122	1247	7m8	2.204	CTGTGA
1003137	787	6m	1.711	TGTGAT
1003140	506	6m	2.517	TGTGAT
1003184	94	7A1	3.469	TGTGAT
1003233	61	7A1	2.579	TGTGAT
1003263	704	o6	3.196	CTGTGA
1003291	28	7A1	2.598	TGTGAT
1003325	386	8m	2.756	CTGTGA
1003379	100	o6	1.098	CTGTGA
1003424	1191	o6	2.680	CTGTGA
1003495	402	6m	2.062	TGTGAT
1003498	30	7A1	2.972	TGTGAT
1003505	512	6m	1.045	TGTGAT
1003561	181	7m8	1.944	CTGTGA
1003562	33	7A1	1.468	TGTGAT
1003570	520	7m8	2.446	CTGTGA
1003576	349	7A1	1.966	TGTGAT
1003576	584	o6	1.966	CTGTGA
1003612	58	o6	1.002	CTGTGA
1003660	3	7A1	2.026	TGTGAT
1003660	1061	6m	1.279	TGTGAT
1003687	336	6m	1.128	TGTGAT
1003776	505	7A1	1.731	TGTGAT
1003791	191	6m	1.284	TGTGAT
1003858	127	8m	1.168	CTGTGA
1003891	47	o6	2.382	CTGTGA
1003930	323	6m	2.351	TGTGAT
1003987	251	o6	1.948	CTGTGA
1004022	43	7m8	2.749	CTGTGA
1004077	715	6m	2.147	TGTGAT
1004205	55	6m	1.563	TGTGAT
1004281	338	6m	2.119	TGTGAT
1004316	72	6m	2.412	TGTGAT
1004319	45	6m	3.013	TGTGAT
1004407	168	7A1	3.082	TGTGAT
1004490	67	6m	3.888	TGTGAT
1004503	1321	6m	2.094	TGTGAT
1004573	81	6m	3.913	TGTGAT
1004573	98	6m	2.633	TGTGAT
1004573	930	7A1	2.049	TGTGAT
1004624	38	7A1	3.203	TGTGAT
1004630	39	7A1	2.243	TGTGAT
1004631	543	6m	2.050	TGTGAT
1004631	757	o6	1.019	CTGTGA
1004648	150	8m	2.635	CTGTGA
1004666	75	7A1	2.049	TGTGAT
1004684	35	7A1	4.425	TGTGAT
1004807	13	6m	1.045	TGTGAT
1004849	236	6m	2.660	TGTGAT
1004886	239	o6	1.120	CTGTGA
1004948	828	6m	2.832	TGTGAT
1005006	79	6m	2.544	TGTGAT
1005045	355	7m8	2.272	TGTGAT
1005049	308	o6	2.660	CTGTGA
1005078	57	6m	2.544	TGTGAT
1005124	221	8m	3.468	CTGTGA
1005150	481	o6	3.321	CTGTGA
1005259	140	7A1	2.536	TGTGAT
1005292	32	7A1	1.466	TGTGAT
1005319	61	o6	1.602	CTGTGA
1005335	156	7A1	2.007	TGTGAT
1005349	669	7A1	2.199	TGTGAT
1005352	1356	6m	2.433	TGTGAT
1005359	347	o6	2.206	CTGTGA
1005450	354	8m	2.220	CTGTGA
1005557	1152	7A1	3.034	TGTGAT
1005565	74	7A1	2.544	TGTGAT
1005595	1639	7A1	2.255	TGTGAT
1005646	3207	6m	2.852	TGTGAT
1005745	32	6m	3.097	TGTGAT
1005862	229	8m	2.220	CTGTGA
1005906	46	7m8	2.568	CTGTGA
1005984	278	o6	1.915	CTGTGA
1006006	478	7A1	1.606	TGTGAT
1006107	1190	6m	2.544	TGTGAT
1006158	971	6m	3.025	TGTGAT
1006173	90	8m	2.265	CTGTGA
1006179	87	7A1	1.987	TGTGAT
1006554	657	8m	1.140	CTGTGA
1006554	703	7m8	1.808	CTGTGA
1006599	485	6m	2.400	TGTGAT
1006668	302	7A1	1.675	TGTGAT
1006692	1137	6m	2.061	TGTGAT
1006719	682	o6	1.162	CTGTGA
1006719	1007	6m	2.870	TGTGAT
1006722	104	6m	2.933	TGTGAT
1006731	529	8m	2.350	CTGTGA
1006809	101	7A1	2.363	TGTGAT
1006809	331	7A1	2.356	TGTGAT
1006815	263	7A1	2.223	TGTGAT
1006815	1026	8m	1.888	TGTGAT
1006838	407	7A1	2.350	TGTGAT
1006884	464	7m8	2.852	CTGTGA
1006890	331	7A1	2.807	TGTGAT
1006890	822	7A1	2.807	TGTGAT
1006916	316	8m	2.608	CTGTGA
1006940	592	o6	1.284	CTGTGA
1007017	480	7A1	1.556	TGTGAT
1007028	24	6m	1.159	TGTGAT
1007034	1222	6m	1.098	TGTGAT
1007034	1554	7A1	2.214	TGTGAT
1007046	203	7A1	2.654	TGTGAT
1007047	140	o6	2.049	CTGTGA
1007106	483	7A1	2.701	TGTGAT
1007161	3	7A1	2.220	TGTGAT
1007172	81	6m	2.544	TGTGAT
1007186	1093	7A1	5.307	TGTGAT
1007207	1088	7A1	2.350	TGTGAT
1007213	355	7m8	2.935	TGTGAT
1007252	493	o6	1.246	CTGTGA
1007264	150	6m	2.858	TGTGAT
1007314	626	7m8	2.344	CTGTGA
1007364	695	6m	1.624	TGTGAT
1007364	798	7m8	2.313	TGTGAT
1007364	924	7A1	3.024	TGTGAT
1007364	1885	o6	2.007	CTGTGA
1007364	2546	6m	2.467	TGTGAT
1007364	2726	o6	2.735	CTGTGA
1007364	3048	7m8	2.467	CTGTGA
1007379	256	7m8	2.276	CTGTGA
1007385	144	6m	1.408	TGTGAT
1007406	8	6m	1.026	TGTGAT
1007406	23	7A1	1.524	TGTGAT
1007443	112	8m	2.470	CTGTGA
1007466	137	7m8	3.394	CTGTGA
1007521	2281	o6	2.220	CTGTGA
1007530	66	7A1	3.332	TGTGAT
1007585	26	7A1	2.889	TGTGAT
1007590	388	6m	1.606	TGTGAT
1007605	10	6m	1.860	TGTGAT
1007638	636	o6	1.028	CTGTGA
1007647	1700	o6	1.606	CTGTGA
1007663	138	o6	1.606	CTGTGA
1007698	350	7A1	1.573	TGTGAT
1007758	53	6m	1.560	TGTGAT
1007788	122	o6	2.290	CTGTGA
1007789	393	6m	1.284	TGTGAT
1007806	617	6m	2.377	TGTGAT
1007812	4717	o6	1.367	CTGTGA
1007812	4824	6m	2.350	TGTGAT
1007840	819	6m	2.863	TGTGAT
1007840	1648	o6	1.284	CTGTGA
1007875	2510	o6	2.403	CTGTGA
1007897	229	6m	2.501	TGTGAT
1007903	2330	o6	1.884	CTGTGA
1007915	80	7A1	2.922	TGTGAT
1007923	1748	6m	2.660	TGTGAT
1007935	370	7A1	3.441	TGTGAT
1007993	413	o6	2.350	CTGTGA
1008000	70	o6	1.616	CTGTGA
1008093	181	o6	1.284	CTGTGA
1008135	340	7A1	2.914	TGTGAT
1008141	507	o6	2.648	CTGTGA
1008145	10582	6m	2.350	TGTGAT
1008174	465	8m	2.433	CTGTGA
1008178	285	7A1	3.398	TGTGAT
1008183	576	6m	2.515	TGTGAT
1008195	50	6m	2.004	TGTGAT
1008213	2225	6m	2.118	TGTGAT
1008240	408	7A1	2.544	TGTGAT
1008285	1127	6m	1.982	TGTGAT
1008297	0	6m	2.006	TGTGAT
1008300	238	6m	1.095	TGTGAT
1008300	463	6m	2.875	TGTGAT
1008307	1081	8m	2.807	CTGTGA
1008343	162	7m8	3.082	CTGTGA
1008478	377	6m	2.544	TGTGAT
1008498	542	6m	3.034	TGTGAT
1008521	810	6m	2.065	TGTGAT
1008557	239	7m8	3.174	CTGTGA
1008605	97	6m	2.439	TGTGAT
1008642	273	7A1	2.976	TGTGAT
1008647	499	6m	1.874	TGTGAT
1008671	213	o6	1.029	CTGTGA
1008707	133	6m	2.917	TGTGAT
1008708	27	o6	1.180	CTGTGA
1008708	41	6m	2.807	TGTGAT
1008719	102	o6	1.143	CTGTGA
1008719	111	6m	2.913	TGTGAT
1008740	518	7m8	2.402	CTGTGA
1008774	57	7m8	2.449	TGTGAT
1008779	24	7A1	2.533	TGTGAT
1008780	1203	7A1	2.321	TGTGAT
1008788	324	7A1	2.133	TGTGAT
1008830	30	6m	2.792	TGTGAT
1008831	368	6m	3.034	TGTGAT
1008846	802	6m	2.378	TGTGAT
1008867	83	o6	1.147	CTGTGA
1008875	75	o6	2.544	CTGTGA
1008881	323	6m	1.524	TGTGAT
1008882	359	6m	1.322	TGTGAT
1008918	2	6m	2.143	TGTGAT
1008975	118	7A1	2.559	TGTGAT
1009047	23	6m	1.813	TGTGAT
1009056	307	7A1	2.409	TGTGAT
1009177	70	6m	2.073	TGTGAT
1009188	327	6m	1.802	TGTGAT
1009297	289	o6	1.169	CTGTGA
1009300	448	7A1	2.544	TGTGAT
1009304	67	7A1	3.649	TGTGAT
1009307	49	6m	2.680	TGTGAT
1009343	54	7A1	3.418	TGTGAT
1009369	615	6m	1.690	TGTGAT
1009448	1368	6m	3.005	TGTGAT
1009475	300	8m	2.606	CTGTGA
1009700	114	7A1	2.723	TGTGAT
1009717	79	6m	2.807	TGTGAT
1009769	711	6m	2.544	TGTGAT
1009799	104	6m	3.224	TGTGAT
1009823	252	6m	2.265	TGTGAT
1009834	1789	6m	2.807	TGTGAT
1009864	70	6m	1.473	TGTGAT
1009878	22	6m	1.444	TGTGAT
1009884	19	6m	1.485	TGTGAT
1009911	176	7A1	1.415	TGTGAT
1009915	456	6m	2.694	TGTGAT
1009948	1219	7A1	2.807	TGTGAT
1009959	128	7A1	2.544	TGTGAT
1010017	109	7A1	2.007	TGTGAT
1010086	249	7m8	1.563	CTGTGA
1010086	303	6m	1.312	TGTGAT
1010098	9	7m8	1.016	TGTGAT
1010103	402	7m8	4.104	CTGTGA
1010129	280	7A1	2.868	TGTGAT
1010142	54	6m	2.250	TGTGAT
1010160	954	6m	1.781	TGTGAT
1010178	249	o6	2.573	CTGTGA
1010201	127	7A1	2.403	TGTGAT
1010214	35	7A1	2.499	TGTGAT
1010229	609	6m	1.065	TGTGAT
1010229	653	o6	1.415	CTGTGA
1010278	772	7A1	3.319	TGTGAT
1010286	165	6m	2.876	TGTGAT
1010293	109	6m	2.544	TGTGAT
1010358	541	8m	2.091	CTGTGA
1010385	901	6m	2.629	TGTGAT
1010401	3407	6m	2.501	TGTGAT
1010412	219	7A1	2.377	TGTGAT
1010418	222	6m	1.687	TGTGAT
1010448	67	7A1	2.421	TGTGAT
1010465	448	6m	1.195	TGTGAT
1010493	162	6m	2.026	TGTGAT
1010539	16	6m	2.360	TGTGAT
1010539	164	o6	2.828	CTGTGA
1010539	287	6m	1.873	TGTGAT
1010562	36	7A1	3.393	TGTGAT
1010611	129	6m	1.423	TGTGAT
1010649	916	8m	3.649	CTGTGA
1010652	304	6m	2.660	TGTGAT
1010698	134	7A1	2.142	TGTGAT
1010712	146	6m	3.232	TGTGAT
1010725	124	6m	1.690	TGTGAT
1010754	26	8m	2.355	CTGTGA
1010818	396	7A1	2.861	TGTGAT
1010821	24	6m	2.392	TGTGAT
1010821	451	6m	1.085	TGTGAT
1010827	85	7m8	1.925	CTGTGA
1010862	730	o6	2.613	CTGTGA
1010890	98	6m	1.667	TGTGAT
1010890	174	7A1	2.013	TGTGAT
1010926	156	6m	1.588	TGTGAT
1010950	789	o6	2.415	CTGTGA
1010971	91	8m	3.636	CTGTGA
1010998	251	6m	1.393	TGTGAT
1011036	86	6m	1.582	TGTGAT
1011059	30	6m	2.226	TGTGAT
1011068	439	o6	1.574	CTGTGA
1011086	42	6m	1.712	TGTGAT
1011096	32	6m	2.579	TGTGAT
1011126	68	8m	1.606	TGTGAT
1011131	112	o6	1.606	CTGTGA
1011189	100	6m	1.690	TGTGAT
1011216	75	6m	2.350	TGTGAT
1011245	110	7m8	3.034	CTGTGA
1011251	446	7A1	2.314	TGTGAT
1011252	6	7m8	2.366	TGTGAT
1011298	195	o6	1.523	CTGTGA
1011327	951	6m	2.064	TGTGAT
1011336	245	6m	1.505	TGTGAT
1011358	44	7A1	2.105	TGTGAT
1011394	347	7A1	2.675	TGTGAT
1011403	362	6m	2.834	TGTGAT
1011415	101	6m	2.378	TGTGAT
1011416	301	7A1	1.437	TGTGAT
1011425	69	8m	4.537	CTGTGA
1011469	60	7A1	3.045	TGTGAT
1011487	329	o6	2.214	CTGTGA
1011490	857	o6	3.158	CTGTGA
1011511	331	7A1	2.876	TGTGAT
1011534	27	7A1	2.885	TGTGAT
1011596	40	o6	1.760	CTGTGA
1011673	121	6m	2.902	TGTGAT
1011694	185	6m	1.647	TGTGAT
1011695	209	o6	2.030	CTGTGA
1011698	165	6m	1.551	TGTGAT
1011698	201	7A1	2.431	TGTGAT
1011698	273	7A1	1.565	TGTGAT
1011709	19	6m	2.490	TGTGAT
1011709	87	6m	1.648	TGTGAT
1011936	1067	7m8	1.560	TGTGAT
1011944	1008	o6	1.085	CTGTGA
1011956	10	6m	1.434	TGTGAT
1012020	370	6m	2.629	TGTGAT
1012074	381	7A1	2.626	TGTGAT
1012099	88	6m	1.719	TGTGAT
1012122	493	6m	2.220	TGTGAT
1012136	127	7A1	2.687	TGTGAT
1012177	486	6m	1.318	TGTGAT
1012204	-1	6m	2.086	TGTGAT
1012243	28	6m	1.284	TGTGAT
1012244	24	7A1	1.894	TGTGAT
1012244	38	o6	3.699	CTGTGA
1012262	477	7A1	1.284	TGTGAT
1012283	40	7A1	2.341	TGTGAT
1012299	19	7m8	2.017	CTGTGA
1012307	76	o6	1.380	CTGTGA
1012361	248	6m	1.983	TGTGAT
1012383	563	6m	3.100	TGTGAT
1012421	53	7A1	3.028	TGTGAT
1012424	52	7m8	2.026	CTGTGA
1012425	38	o6	1.585	CTGTGA
1012537	848	6m	2.141	TGTGAT
1012588	52	8m	3.649	CTGTGA
1012602	167	6m	3.134	TGTGAT
1012666	418	6m	3.422	TGTGAT
1012712	94	o6	1.648	CTGTGA
1012719	358	6m	1.558	TGTGAT
1012734	70	6m	1.316	TGTGAT
1012740	560	6m	2.349	TGTGAT
1012776	197	o6	1.600	CTGTGA
1012800	66	8m	2.600	CTGTGA
1012819	184	7A1	2.153	TGTGAT
1012866	396	7A1	1.687	TGTGAT
1012870	11	6m	1.606	TGTGAT
1012900	1393	7m8	3.034	CTGTGA
1012912	922	o6	2.433	CTGTGA
1012977	503	6m	3.261	TGTGAT
1013011	73	7A1	2.098	TGTGAT
1013073	1393	6m	3.519	TGTGAT
1013089	723	7A1	2.350	TGTGAT
1013102	167	6m	2.524	TGTGAT
1013108	1196	7A1	2.608	TGTGAT
1013108	1352	o6	3.519	CTGTGA
1013163	63	o6	1.402	CTGTGA
1013193	200	6m	2.525	TGTGAT
1013306	492	7A1	3.277	TGTGAT
1013306	809	6m	4.080	TGTGAT
1013327	1116	7A1	2.544	TGTGAT
1013365	708	6m	2.073	TGTGAT
1013398	26	6m	1.641	TGTGAT
1013573	245	7A1	2.433	TGTGAT
1013581	518	6m	1.029	TGTGAT
1013591	1454	6m	2.349	TGTGAT
1013591	1469	7m8	2.502	CTGTGA
1013591	5321	o6	2.496	CTGTGA
1013648	113	7A1	3.420	TGTGAT
1013772	458	o6	2.726	CTGTGA
1013841	42	o6	1.950	CTGTGA
1013988	1393	7A1	2.188	TGTGAT
1013988	1540	6m	4.317	TGTGAT
1014022	97	6m	2.278	TGTGAT
1014174	597	7A1	2.772	TGTGAT
1014212	272	6m	2.970	TGTGAT
1014235	694	o6	2.433	CTGTGA
1014262	43	o6	1.183	CTGTGA
1014270	214	o6	2.086	CTGTGA
1014295	24	6m	2.098	TGTGAT
1014295	745	6m	2.871	TGTGAT
1014346	25	7A1	2.426	TGTGAT
1014372	1	7m8	4.029	TGTGAT
1014433	50	o6	1.201	CTGTGA
1014465	157	7A1	2.409	TGTGAT
1014473	661	6m	2.863	TGTGAT
1014486	308	7A1	3.771	TGTGAT
1014813	362	6m	1.328	TGTGAT
1014874	180	6m	2.350	TGTGAT
1014884	385	7A1	3.034	TGTGAT
1014884	2330	6m	3.034	TGTGAT
1014898	1465	6m	2.025	TGTGAT
1014898	1726	6m	3.034	TGTGAT
1014904	312	7A1	1.669	TGTGAT
1014904	371	8m	2.391	CTGTGA
1014966	89	8m	3.013	CTGTGA
1014978	137	6m	2.544	TGTGAT
1014982	171	6m	2.957	TGTGAT
1014988	5475	7A1	2.801	TGTGAT
1014988	6312	6m	3.028	TGTGAT
1014996	150	6m	1.306	TGTGAT
1015015	639	7A1	1.606	TGTGAT
1015077	567	7A1	2.025	TGTGAT
1015080	133	6m	1.855	TGTGAT
1015091	1208	o6	1.980	CTGTGA
1015118	33	7A1	2.357	TGTGAT
1015145	2222	6m	2.477	TGTGAT
1015191	31	6m	1.687	TGTGAT
1015222	86	6m	1.582	TGTGAT
1015303	139	7A1	1.683	TGTGAT
1015341	127	7m8	2.592	CTGTGA
1015348	77	7A1	2.764	TGTGAT
1015354	303	6m	2.075	TGTGAT
1015369	95	7A1	2.526	TGTGAT
1015375	901	8m	2.107	CTGTGA
1015381	389	7A1	2.477	TGTGAT
1015385	315	o6	3.094	CTGTGA
1015411	348	6m	1.687	TGTGAT
1015414	311	7m8	1.032	CTGTGA
1015444	64	7m8	2.160	CTGTGA
1015444	853	7m8	1.963	CTGTGA
1015480	881	7A1	2.807	TGTGAT
1015480	1055	o6	2.799	CTGTGA
1015552	1037	7A1	2.865	TGTGAT
1015555	750	o6	2.433	CTGTGA
1015569	30	7m8	1.283	TGTGAT
1015637	1184	o6	2.523	CTGTGA
1015661	391	7A1	2.508	TGTGAT
1015725	337	7m8	2.544	CTGTGA
1015729	46	6m	3.034	TGTGAT
1015746	154	7m8	1.700	CTGTGA
1015789	2174	7A1	2.350	TGTGAT
1015823	836	6m	1.016	TGTGAT
1015835	235	7A1	2.084	TGTGAT
1015841	264	6m	1.905	TGTGAT
1015852	57	o6	2.854	CTGTGA
1015870	670	6m	2.531	TGTGAT
1015924	352	o6	1.820	CTGTGA
1015924	565	8m	2.234	TGTGAT
1015925	88	6m	2.533	TGTGAT
1015972	2482	7A1	2.651	TGTGAT
1015972	3656	6m	2.605	TGTGAT
1016011	1329	6m	1.740	TGTGAT
1016016	2166	6m	2.301	TGTGAT
1016019	29	7A1	2.350	TGTGAT
1016019	47	7A1	2.792	TGTGAT
1016019	871	6m	2.289	TGTGAT
1016026	2904	o6	2.109	CTGTGA
1016143	532	o6	2.984	CTGTGA
1016154	148	6m	2.033	TGTGAT
1016184	945	7m8	2.544	CTGTGA
1016191	82	7m8	2.360	TGTGAT
1016214	150	7m8	2.015	TGTGAT
1016220	478	8m	1.500	CTGTGA
1016226	21	o6	1.316	CTGTGA
1016281	521	o6	2.171	CTGTGA
1016353	444	o6	2.544	CTGTGA
1016394	537	o6	1.053	CTGTGA
1016422	202	6m	2.506	TGTGAT
1016431	772	6m	2.544	TGTGAT
1016500	962	7A1	2.537	TGTGAT
1016556	322	7A1	3.631	TGTGAT
1016574	1715	6m	2.094	TGTGAT
1016574	2991	7A1	1.764	TGTGAT
1016598	1171	6m	2.220	TGTGAT
1016616	665	8m	3.060	TGTGAT
1016629	71	7m8	4.056	CTGTGA
1016676	17	7m8	3.034	CTGTGA
1016677	261	6m	1.438	TGTGAT
1016685	1387	6m	2.504	TGTGAT
1016707	46	7A1	2.017	TGTGAT
1016707	498	6m	2.090	TGTGAT
1016713	2452	6m	2.170	TGTGAT
1016749	114	7m8	2.544	CTGTGA
1016764	194	7A1	2.402	TGTGAT
1016787	3500	6m	2.203	TGTGAT
1016794	397	7A1	2.433	TGTGAT
1016857	307	6m	2.256	TGTGAT
1016865	111	6m	3.631	TGTGAT
1016917	126	7A1	2.073	TGTGAT
1016931	18	7m8	2.446	CTGTGA
1016936	32	6m	2.044	TGTGAT
1016948	247	8m	2.026	CTGTGA
1016951	896	8m	2.518	CTGTGA
1016952	78	6m	2.520	TGTGAT
1016971	1230	6m	2.206	TGTGAT
1017024	1000	o6	1.608	CTGTGA
1017127	587	o6	2.018	CTGTGA
1017151	616	7A1	1.284	TGTGAT
1017168	950	6m	2.537	TGTGAT
1017197	1576	7A1	3.082	TGTGAT
1017254	289	6m	2.276	TGTGAT
1017254	1807	6m	1.946	TGTGAT
1017275	238	6m	2.161	TGTGAT
1017302	88	7A1	4.489	TGTGAT
1017336	816	6m	2.544	TGTGAT
1017395	497	6m	3.464	TGTGAT
1017451	224	6m	2.660	TGTGAT
1017458	452	6m	2.708	TGTGAT
1017481	43	6m	2.544	TGTGAT
1017484	7	6m	1.999	TGTGAT
1017496	1319	7A1	2.799	TGTGAT
1017511	2180	7A1	2.981	TGTGAT
1017524	951	6m	1.053	TGTGAT
1017547	158	7A1	3.034	TGTGAT
1017557	79	6m	1.031	TGTGAT
1017557	1008	6m	1.256	TGTGAT
1017570	253	7m8	3.270	CTGTGA
1017608	17	7m8	1.003	CTGTGA
1017614	2086	6m	3.028	TGTGAT
1017618	168	7A1	2.955	TGTGAT
1017623	48	o6	2.067	CTGTGA
1017624	187	7A1	2.073	TGTGAT
1017630	437	7A1	2.544	TGTGAT
1017654	39	6m	3.649	TGTGAT
1017677	325	6m	1.147	TGTGAT
1017878	15	7m8	3.159	CTGTGA
1017883	36	7A1	2.592	TGTGAT
1017889	95	o6	2.085	CTGTGA
1017981	779	o6	2.046	CTGTGA
1017981	1283	6m	1.456	TGTGAT
1018026	93	6m	3.479	TGTGAT
1018045	264	o6	1.554	CTGTGA
1018062	470	7A1	2.697	TGTGAT
1018077	1850	6m	1.322	TGTGAT
1018078	365	8m	2.206	CTGTGA
1018119	172	6m	1.709	TGTGAT
1018134	45	o6	1.668	CTGTGA
1018134	1951	o6	1.975	CTGTGA
1018134	2844	7A1	2.741	TGTGAT
1018135	200	6m	1.997	TGTGAT
1018177	209	7A1	2.390	TGTGAT
1018225	18	7A1	1.577	TGTGAT
1018225	265	7A1	2.631	TGTGAT
1018243	2455	6m	2.519	TGTGAT
1018257	175	7A1	2.473	TGTGAT
1018268	1367	o6	1.997	CTGTGA
1018287	47	7A1	2.062	TGTGAT
1018361	35	6m	2.544	TGTGAT
1018406	56	6m	3.159	TGTGAT
1018420	187	7A1	2.596	TGTGAT
1018498	280	7m8	2.683	CTGTGA
1018498	301	6m	2.683	TGTGAT
1018566	51	7A1	2.350	TGTGAT
1018580	109	7A1	2.807	TGTGAT
1018616	1086	7A1	2.249	TGTGAT
1018632	1776	8m	2.914	CTGTGA
1018632	4711	6m	2.914	TGTGAT
1018656	507	7A1	3.021	TGTGAT
1018669	15	6m	1.678	TGTGAT
1018727	12	7A1	2.220	TGTGAT
1018778	111	6m	1.818	TGTGAT
1018778	124	6m	3.232	TGTGAT
1018867	253	6m	2.544	TGTGAT
1018879	131	6m	2.053	TGTGAT
1018879	147	6m	2.053	TGTGAT
1018909	68	7A1	2.978	TGTGAT
1018924	200	6m	1.314	TGTGAT
1018964	84	6m	2.166	TGTGAT
1018989	35	7A1	2.377	TGTGAT
1018992	216	8m	2.507	CTGTGA
1019005	54	6m	3.340	TGTGAT
1019044	85	6m	2.031	TGTGAT
1019073	63	7A1	2.544	TGTGAT
1019073	212	7A1	2.378	TGTGAT
1019080	48	o6	1.267	CTGTGA
1019134	189	8m	2.072	CTGTGA
1019137	108	7A1	2.544	TGTGAT
1019147	442	7m8	3.034	CTGTGA
1019147	713	7A1	3.034	TGTGAT
1019147	1716	7A1	2.660	TGTGAT
1019147	2661	8m	2.433	CTGTGA
1019173	403	6m	1.073	TGTGAT
1019176	132	7A1	2.214	TGTGAT
1019192	544	7m8	2.287	CTGTGA
1019198	1266	6m	2.991	TGTGAT
1019233	120	6m	1.606	TGTGAT
1019304	303	6m	1.843	TGTGAT
1019378	126	7A1	1.771	TGTGAT
1019383	0	7A1	2.449	TGTGAT
1019405	1073	6m	1.854	TGTGAT
1019413	231	7A1	2.548	TGTGAT
1019441	205	o6	1.759	CTGTGA
1019514	921	7A1	2.350	TGTGAT
1019514	2449	6m	2.076	TGTGAT
1019521	1595	o6	1.050	CTGTGA
1019570	789	6m	3.034	TGTGAT
1019695	115	7A1	2.544	TGTGAT
1019698	642	6m	1.073	TGTGAT
1019698	1004	6m	1.189	TGTGAT
1019709	87	7A1	1.687	TGTGAT
1019713	532	6m	1.560	TGTGAT
1019742	102	6m	2.507	TGTGAT
1019743	62	o6	2.507	CTGTGA
1019785	404	7A1	1.029	TGTGAT
1019893	26	8m	2.233	CTGTGA
1019899	313	8m	2.598	CTGTGA
1019935	1294	6m	2.507	TGTGAT
1019980	1467	o6	1.828	CTGTGA
1019996	666	7A1	3.649	TGTGAT
1020029	414	6m	2.220	TGTGAT
1020029	838	6m	2.215	TGTGAT
1020059	1152	7m8	3.025	CTGTGA
1020077	306	o6	1.053	CTGTGA
1020077	420	7m8	2.544	CTGTGA
1020090	121	7A1	3.649	TGTGAT
1020096	110	o6	1.110	CTGTGA
1020116	42	6m	1.687	TGTGAT
1020125	32	6m	1.789	TGTGAT
1020139	1199	8m	3.252	TGTGAT
1020199	306	7A1	2.313	TGTGAT
1020241	942	7A1	3.191	TGTGAT
1020241	968	6m	3.191	TGTGAT
1020333	492	8m	2.437	CTGTGA
1020384	81	7A1	2.107	TGTGAT
1020389	96	6m	1.455	TGTGAT
1020396	8	7A1	2.768	TGTGAT
1020435	680	6m	1.990	TGTGAT
1020435	1038	o6	1.845	CTGTGA
1020435	2823	6m	3.149	TGTGAT
1020449	88	o6	3.359	CTGTGA
1020480	31	7A1	4.101	TGTGAT
1020485	154	7A1	2.548	TGTGAT
1020494	9	6m	1.316	TGTGAT
1020495	90	6m	2.213	TGTGAT
1020498	302	8m	2.233	CTGTGA
1020532	130	7A1	2.220	TGTGAT
1020549	54	7A1	1.214	TGTGAT
1020607	294	o6	1.235	CTGTGA
1020643	128	6m	2.196	TGTGAT
1020643	154	o6	2.196	CTGTGA
1020654	83	7m8	2.660	CTGTGA
1020719	57	7A1	2.025	TGTGAT
1020724	43	7A1	1.563	TGTGAT
1020760	50	6m	2.544	TGTGAT
1020760	264	7A1	2.544	TGTGAT
1020766	836	6m	2.433	TGTGAT
1020829	26	6m	2.663	TGTGAT
1020829	37	8m	2.183	TGTGAT
1020829	61	6m	1.209	TGTGAT
1020873	40	7A1	2.544	TGTGAT
1020889	343	6m	1.410	TGTGAT
1020913	141	7A1	1.600	TGTGAT
1020947	9	7m8	2.451	TGTGAT
1020974	207	7A1	2.220	TGTGAT
1020975	32	6m	2.544	TGTGAT
1020992	302	6m	2.617	TGTGAT
1021008	861	o6	3.348	CTGTGA
1021056	49	7m8	3.333	TGTGAT
1021099	30	8m	2.951	CTGTGA
1021134	30	7A1	1.088	TGTGAT
1021190	178	o6	1.304	CTGTGA
1021260	596	7A1	2.694	TGTGAT
1021284	25	6m	2.278	TGTGAT
1021369	75	6m	1.606	TGTGAT
1021498	44	6m	3.847	TGTGAT
1021501	69	6m	1.284	TGTGAT
1021501	75	7A1	1.284	TGTGAT
1021501	205	6m	2.302	TGTGAT
1021505	344	6m	2.538	TGTGAT
1021540	1527	6m	2.723	TGTGAT
1021541	262	6m	3.631	TGTGAT
1021545	102	7A1	3.034	TGTGAT
1021566	990	6m	3.034	TGTGAT
1021566	4409	7m8	2.472	CTGTGA
1021633	332	7A1	3.034	TGTGAT
1021682	67	6m	1.690	TGTGAT
1021691	227	7A1	2.076	TGTGAT
1021696	187	6m	1.434	TGTGAT
1021715	32	7m8	2.161	CTGTGA
1021715	89	7m8	2.220	TGTGAT
1021777	32	7m8	2.559	TGTGAT
1021777	89	7m8	2.559	CTGTGA
1021818	74	7m8	2.005	CTGTGA
1021818	541	7A1	2.867	TGTGAT
1021830	224	7A1	2.138	TGTGAT
1021831	52	8m	3.232	TGTGAT
1021831	110	7m8	3.232	CTGTGA
1021840	326	o6	1.053	CTGTGA
1021853	550	6m	2.648	TGTGAT
1021866	1149	6m	1.073	TGTGAT
1021899	1536	6m	2.350	TGTGAT
1021959	563	7A1	3.099	TGTGAT
1021965	175	6m	1.047	TGTGAT
1022001	89	6m	1.494	TGTGAT
1022101	820	o6	2.054	CTGTGA
1022102	218	7m8	2.400	CTGTGA
1022116	55	7m8	4.708	CTGTGA
1022125	418	6m	2.840	TGTGAT
1022129	837	6m	3.232	TGTGAT
1022137	199	6m	2.220	TGTGAT
1022165	534	8m	3.047	CTGTGA
1022180	160	7m8	2.639	CTGTGA
1022224	73	6m	1.959	TGTGAT
1022235	383	6m	2.033	TGTGAT
1022253	289	o6	1.633	CTGTGA
1022256	1030	6m	2.843	TGTGAT
1022259	9	7m8	2.893	CTGTGA
1022266	9	7m8	1.540	CTGTGA
1022269	9	7m8	2.011	TGTGAT
1022285	421	6m	3.198	TGTGAT
1022332	28	7A1	2.556	TGTGAT
1022480	95	7A1	2.544	TGTGAT
1022495	2342	6m	1.995	TGTGAT
1022495	4153	6m	1.813	TGTGAT
1022531	409	6m	1.690	TGTGAT
1022541	596	7A1	2.350	TGTGAT
1022813	199	7A1	2.400	TGTGAT
1022820	1471	6m	1.858	TGTGAT
1022882	217	7m8	2.054	TGTGAT
1022924	14	7A1	2.211	TGTGAT
1022932	2012	6m	2.531	TGTGAT
1022932	2023	6m	2.207	TGTGAT
1023004	365	8m	2.544	CTGTGA
1023062	1347	o6	1.429	CTGTGA
1023077	103	7A1	2.824	TGTGAT
1023173	154	7m8	2.262	CTGTGA
1023295	106	6m	2.544	TGTGAT
1023345	151	6m	1.298	TGTGAT
1023351	725	6m	1.825	TGTGAT
1023354	452	7A1	2.402	TGTGAT
1023384	87	7A1	2.016	TGTGAT
1023438	97	o6	2.183	CTGTGA
1023527	452	7A1	2.854	TGTGAT
1023536	348	6m	1.812	TGTGAT
1023585	202	6m	2.117	TGTGAT
1023599	2956	6m	2.350	TGTGAT
1023681	992	o6	1.586	CTGTGA
1023744	3	7A1	1.668	TGTGAT
1023774	1586	6m	2.184	TGTGAT
1023784	4147	o6	2.592	CTGTGA
1023784	4346	6m	2.592	TGTGAT
1023790	2246	7A1	1.902	TGTGAT
1023802	362	o6	1.629	CTGTGA
1023828	956	o6	1.598	CTGTGA
1023847	1108	6m	2.233	TGTGAT
1023882	1527	7A1	1.891	TGTGAT
1023922	740	o6	1.779	CTGTGA
1023931	725	6m	2.147	TGTGAT
1023937	107	7A1	1.747	TGTGAT
1024003	116	6m	2.544	TGTGAT
1024003	301	o6	1.456	CTGTGA
1024034	324	o6	2.941	CTGTGA
1024093	523	6m	2.608	TGTGAT
1024118	8	6m	1.606	TGTGAT
1024118	190	6m	1.606	TGTGAT
1024141	141	7m8	2.477	CTGTGA
1024160	61	o6	1.705	CTGTGA
1024165	123	7A1	2.409	TGTGAT
1024168	73	8m	2.544	CTGTGA
1024168	87	7m8	3.082	TGTGAT
1024184	407	o6	1.029	CTGTGA
1024211	2889	6m	2.544	TGTGAT
1024228	425	7A1	2.449	TGTGAT
1024241	1811	6m	2.433	TGTGAT
1024250	73	7A1	2.486	TGTGAT
1024259	122	7A1	2.520	TGTGAT
1024264	212	8m	2.350	CTGTGA
1024271	155	7A1	2.565	TGTGAT
1024274	136	7A1	2.350	TGTGAT
1024279	768	7A1	3.822	TGTGAT
1024282	133	8m	2.350	CTGTGA
1024291	51	7A1	2.520	TGTGAT
1024291	124	7A1	2.544	TGTGAT
1024297	139	6m	2.520	TGTGAT
1024297	150	8m	2.520	CTGTGA
1024300	159	7A1	2.318	TGTGAT
1024349	230	6m	2.199	TGTGAT
1024363	249	o6	1.284	CTGTGA
1024373	18	o6	1.492	CTGTGA
1024384	23	7m8	4.529	TGTGAT
1024384	28	6m	4.529	TGTGAT
1024418	335	7A1	2.571	TGTGAT
1024441	75	6m	2.357	TGTGAT
1024448	368	o6	1.982	CTGTGA
1024481	38	7A1	2.258	TGTGAT
1024486	361	7m8	2.422	CTGTGA
1024499	193	8m	2.416	CTGTGA
1024522	58	8m	2.462	CTGTGA
1024532	108	8m	2.544	CTGTGA
1024537	388	6m	2.305	TGTGAT
1024550	226	7m8	1.041	CTGTGA
1024601	467	7A1	3.435	TGTGAT
1024612	2151	6m	2.563	TGTGAT
1024613	472	7m8	2.268	CTGTGA
1024619	1170	6m	2.019	TGTGAT
1024619	1396	6m	1.976	TGTGAT
1024619	2315	6m	2.537	TGTGAT
1024619	2339	6m	2.537	TGTGAT
1024631	35	6m	1.582	TGTGAT
1024634	650	o6	1.997	CTGTGA
1024634	1107	8m	2.778	CTGTGA
1024648	2664	7A1	2.449	TGTGAT
1024648	5579	7A1	2.449	TGTGAT
1024648	7504	6m	2.987	TGTGAT
1024654	2007	6m	2.239	TGTGAT
1024675	61	6m	2.084	TGTGAT
1024679	55	6m	2.448	TGTGAT
1024705	43	7A1	2.895	TGTGAT
1024708	51	7A1	2.817	TGTGAT
1024712	325	7m8	2.876	CTGTGA
1024712	445	7A1	2.331	TGTGAT
1024807	572	6m	1.989	TGTGAT
1024828	9	6m	1.285	TGTGAT
1024829	5880	o6	1.799	CTGTGA
1024829	6162	7A1	3.358	TGTGAT
1024956	425	6m	2.635	TGTGAT
1024966	361	o6	2.513	CTGTGA
1024983	292	7A1	3.044	TGTGAT
1025023	123	6m	1.205	TGTGAT
1025055	236	6m	1.379	TGTGAT
1025055	408	6m	2.544	TGTGAT
1025064	2141	6m	1.946	TGTGAT
1025101	44	o6	1.577	CTGTGA
1025131	204	7A1	3.005	TGTGAT
1025132	215	6m	1.093	TGTGAT
1025143	128	6m	2.400	TGTGAT
1025204	1124	6m	3.398	TGTGAT
1025229	2079	o6	1.090	CTGTGA
1025235	735	6m	2.074	TGTGAT
1025238	461	6m	2.544	TGTGAT
1025256	40	7A1	1.585	TGTGAT
1025293	1128	7A1	2.532	TGTGAT
1025293	1639	o6	2.532	CTGTGA
1025328	39	7A1	2.775	TGTGAT
1025367	497	7m8	3.624	CTGTGA
1025377	756	6m	2.350	TGTGAT
1025397	205	o6	1.541	CTGTGA
1025427	475	7A1	3.232	TGTGAT
1025452	295	7A1	3.515	TGTGAT
1025503	143	7m8	1.201	CTGTGA
1025521	314	6m	1.912	TGTGAT
1025536	517	7A1	2.016	TGTGAT
1025600	131	o6	3.232	CTGTGA
1025600	174	o6	1.690	CTGTGA
1025654	1927	o6	2.568	CTGTGA
1025654	2797	6m	1.490	TGTGAT
1025690	697	7A1	2.764	TGTGAT
1025696	47	8m	2.488	CTGTGA
1025724	311	6m	2.387	TGTGAT
1025724	811	7A1	2.370	TGTGAT
1025847	137	6m	1.500	TGTGAT
1025872	654	8m	2.025	CTGTGA
1025962	281	7A1	2.544	TGTGAT
1026012	836	7A1	2.506	TGTGAT
1026021	35	7A1	2.765	TGTGAT
1026095	687	6m	2.962	TGTGAT
1026209	29	o6	3.179	CTGTGA
1026209	102	6m	2.669	TGTGAT
1026222	136	7m8	2.493	CTGTGA
1026321	294	6m	2.764	TGTGAT
1026321	826	6m	2.048	TGTGAT
1026333	42	6m	1.285	TGTGAT
1026406	251	7m8	1.606	TGTGAT
1026480	1794	o6	2.081	CTGTGA
1026480	2208	6m	1.712	TGTGAT
1026485	720	6m	2.061	TGTGAT
1026525	739	7A1	3.203	TGTGAT
1026558	662	o6	1.284	CTGTGA
1026558	713	o6	2.149	CTGTGA
1026558	1564	7A1	2.321	TGTGAT
1026630	15	6m	2.176	TGTGAT
1026688	104	6m	2.619	TGTGAT
1026711	305	6m	3.198	TGTGAT
1026711	2929	7A1	2.608	TGTGAT
1026714	15	o6	1.315	CTGTGA
1026714	154	o6	1.153	CTGTGA
1026731	32	8m	2.053	TGTGAT
1026798	145	o6	2.025	CTGTGA
1026798	766	7m8	2.473	CTGTGA
1026838	184	6m	2.544	TGTGAT
1026841	2527	o6	2.172	CTGTGA
1026841	2645	6m	2.496	TGTGAT
1026841	4985	7A1	2.487	TGTGAT
1026853	3026	7m8	2.267	CTGTGA
1026888	20	6m	1.132	TGTGAT
1026907	118	8m	3.024	TGTGAT
1026920	76	o6	1.315	CTGTGA
1026924	33	7m8	2.445	CTGTGA
1026924	909	o6	1.235	CTGTGA
1026975	537	6m	1.448	TGTGAT
1026990	14	7m8	1.477	CTGTGA
1026999	1235	7m8	2.648	CTGTGA
1027025	37	8m	3.216	CTGTGA
1027036	457	6m	2.353	TGTGAT
1027153	49	7A1	2.493	TGTGAT
1027226	751	7A1	2.981	TGTGAT
1027305	131	o6	1.196	CTGTGA
1027338	209	6m	2.532	TGTGAT
1027345	272	7A1	2.563	TGTGAT
1027348	223	7A1	2.732	TGTGAT
1027357	678	7m8	2.321	CTGTGA
1027378	204	8m	3.065	CTGTGA
1027399	60	6m	1.264	TGTGAT
1027438	19	o6	2.016	CTGTGA
1027556	31	7m8	2.854	CTGTGA
1027637	1231	7A1	2.858	TGTGAT
1027716	85	8m	4.166	CTGTGA
1027764	28	7A1	1.973	TGTGAT
1027801	937	o6	2.126	CTGTGA
1027912	590	6m	2.923	TGTGAT
1027912	947	7m8	2.192	TGTGAT
1028011	243	6m	4.066	TGTGAT
1028029	155	7A1	2.209	TGTGAT
1028063	30	o6	1.247	CTGTGA
1028069	28	7A1	1.282	TGTGAT
1028126	155	6m	3.252	TGTGAT
1028161	117	7A1	2.543	TGTGAT
1028183	42	6m	2.325	TGTGAT
1028241	69	8m	2.970	CTGTGA
1028311	286	6m	2.514	TGTGAT
1028344	307	6m	1.955	TGTGAT
1028365	111	7m8	1.839	CTGTGA
1028426	767	o6	2.235	CTGTGA
1028527	1308	7m8	2.759	CTGTGA
1028578	598	6m	2.344	TGTGAT
1028626	13	7A1	1.979	TGTGAT
1028731	117	7m8	2.807	CTGTGA
1028734	374	o6	3.398	CTGTGA
1028791	303	8m	3.102	TGTGAT
1028800	100	6m	3.193	TGTGAT
1028923	89	7m8	2.115	CTGTGA
1028923	165	6m	1.867	TGTGAT
1028931	358	7A1	2.091	TGTGAT
1028931	444	6m	1.755	TGTGAT
1028941	69	7m8	3.702	CTGTGA
1028956	23	7m8	2.535	CTGTGA
1029019	67	6m	1.882	TGTGAT
1029037	152	7A1	1.560	TGTGAT
1029037	649	7A1	3.511	TGTGAT
1029051	344	8m	2.390	CTGTGA
1029055	268	7A1	2.660	TGTGAT
1029069	3595	6m	2.220	TGTGAT
1029073	108	7A1	2.192	TGTGAT
1029128	38	o6	1.300	CTGTGA
1029150	25	6m	1.477	TGTGAT
1029180	610	6m	2.159	TGTGAT
1029189	355	7A1	2.302	TGTGAT
1029206	38	6m	1.313	TGTGAT
1029209	210	6m	2.828	TGTGAT
1029278	191	o6	1.434	CTGTGA
1029288	105	6m	2.883	TGTGAT
1029348	72	6m	2.220	TGTGAT
1029363	24	o6	1.322	CTGTGA
1029517	683	7A1	3.100	TGTGAT
1029540	155	7A1	1.073	TGTGAT
1029564	1153	7A1	3.034	TGTGAT
1029673	272	6m	2.237	TGTGAT
1029697	51	7m8	1.348	CTGTGA
1029773	103	6m	2.026	TGTGAT
1029782	464	o6	1.245	CTGTGA
1029787	193	o6	2.503	CTGTGA
1029794	151	7A1	1.685	TGTGAT
1029835	261	7m8	2.507	CTGTGA
1029879	97	o6	2.229	CTGTGA
1029915	256	8m	1.452	CTGTGA
1029927	373	7A1	1.500	TGTGAT
1029988	49	o6	1.016	CTGTGA
1030004	109	6m	4.497	TGTGAT
1030064	38	8m	2.427	TGTGAT
1030093	70	6m	1.312	TGTGAT
1030123	610	6m	1.806	TGTGAT
1030123	946	6m	1.467	TGTGAT
1030135	166	7A1	2.400	TGTGAT
1030141	199	6m	1.689	TGTGAT
1030147	164	6m	1.850	TGTGAT
1030147	281	7A1	1.298	TGTGAT
1030177	479	6m	1.117	TGTGAT
1030239	62	7A1	2.494	TGTGAT
1030245	1255	6m	2.506	TGTGAT
1030248	1708	6m	2.343	TGTGAT
1030265	332	6m	1.577	TGTGAT
1030265	342	6m	2.631	TGTGAT
1030265	367	6m	2.631	TGTGAT
1030266	2157	6m	3.005	TGTGAT
1030266	2178	7A1	3.005	TGTGAT
1030302	57	6m	3.398	TGTGAT
1030335	909	7m8	2.073	CTGTGA
1030400	17	6m	2.316	TGTGAT
1030405	68	o6	2.608	CTGTGA
1030405	610	6m	2.608	TGTGAT
1030462	70	6m	1.423	TGTGAT
1030566	139	7A1	2.931	TGTGAT
1030580	406	7m8	2.344	CTGTGA
1030584	162	o6	2.513	CTGTGA
1030658	1164	6m	2.477	TGTGAT
1030670	222	7A1	1.259	TGTGAT
1030683	100	6m	2.743	TGTGAT
1030692	1800	o6	2.507	CTGTGA
1030713	690	o6	1.584	CTGTGA
1030713	698	o6	2.404	CTGTGA
1030713	1125	o6	2.231	CTGTGA
1030795	21	7m8	1.949	TGTGAT
1030893	361	6m	2.552	TGTGAT
1030894	26	7A1	2.863	TGTGAT
1030903	350	o6	2.472	CTGTGA
1030933	34	6m	2.462	TGTGAT
1030965	256	6m	2.807	TGTGAT
1031001	290	o6	1.892	CTGTGA
1031036	444	6m	4.365	TGTGAT
1031039	124	7A1	2.663	TGTGAT
1031106	27	7m8	2.062	CTGTGA
1031126	261	o6	1.562	CTGTGA
1031194	75	7A1	2.240	TGTGAT
1031199	4669	6m	1.144	TGTGAT
1031212	662	6m	1.298	TGTGAT
1031215	16	6m	1.298	TGTGAT
1031236	372	o6	1.762	CTGTGA
1031315	146	6m	2.601	TGTGAT
1031390	3009	8m	2.799	CTGTGA
1031498	457	6m	2.639	TGTGAT
1031503	105	7A1	2.220	TGTGAT
1031557	111	7A1	2.415	TGTGAT
1031566	5	7A1	3.625	TGTGAT
1031641	386	6m	3.204	TGTGAT
1031698	968	7m8	2.376	CTGTGA
1031749	180	o6	1.649	CTGTGA
1031755	387	6m	1.577	TGTGAT
1031791	649	7A1	2.544	TGTGAT
1031814	60	7m8	2.326	CTGTGA
1031821	61	7A1	2.184	TGTGAT
1031871	110	o6	1.053	CTGTGA
1031872	13	6m	1.976	TGTGAT
1031929	258	o6	2.647	CTGTGA
1031994	261	6m	2.660	TGTGAT
1032009	624	7A1	2.350	TGTGAT
1032169	175	6m	2.514	TGTGAT
1032182	207	6m	1.373	TGTGAT
1032264	76	o6	1.415	CTGTGA
1032292	1159	6m	2.882	TGTGAT
1032321	26	6m	1.970	TGTGAT
1032325	1820	o6	1.478	CTGTGA
1032333	301	6m	2.872	TGTGAT
1032333	1558	6m	2.872	TGTGAT
1032334	476	6m	1.156	TGTGAT
1032369	3917	o6	2.665	CTGTGA
1032386	35	6m	1.155	TGTGAT
1032386	467	6m	1.711	TGTGAT
1032426	1252	6m	1.561	TGTGAT
1032466	2228	7A1	2.807	TGTGAT
1032471	1347	o6	1.104	CTGTGA
1032475	23	6m	3.400	TGTGAT
1032486	436	7m8	1.160	CTGTGA
1032565	74	6m	2.753	TGTGAT
1032617	572	6m	3.078	TGTGAT
1032622	1129	6m	2.807	TGTGAT
1032622	2804	6m	2.807	TGTGAT
1032634	1866	8m	2.807	CTGTGA
1032675	409	6m	2.033	TGTGAT
1032675	660	6m	1.671	TGTGAT
1032687	136	6m	2.868	TGTGAT
1032713	2066	6m	2.507	TGTGAT
1032741	206	6m	2.755	TGTGAT
1032802	1064	7A1	2.448	TGTGAT
1032829	996	7A1	2.433	TGTGAT
1032832	239	7A1	2.876	TGTGAT
1032884	57	o6	2.922	CTGTGA
1032896	1309	6m	1.892	TGTGAT
1032968	1544	6m	2.207	TGTGAT
1032981	446	8m	2.570	CTGTGA
1032987	30	6m	2.504	TGTGAT
1033008	2780	6m	1.606	TGTGAT
1033017	30	7m8	1.255	CTGTGA
1033025	276	7A1	1.690	TGTGAT
1033041	1135	7m8	1.684	CTGTGA
1033041	2092	o6	1.500	CTGTGA
1033041	2587	6m	1.030	TGTGAT
1033047	604	7A1	2.852	TGTGAT
1033055	45	7A1	2.920	TGTGAT
1033065	15	6m	2.108	TGTGAT
1033065	316	7A1	2.533	TGTGAT
1033124	69	7m8	1.120	TGTGAT
1033141	587	6m	1.606	TGTGAT
1033141	3424	8m	3.034	CTGTGA
1033141	5202	7A1	2.025	TGTGAT
1033141	6291	8m	2.433	CTGTGA
1033144	37	7A1	2.533	TGTGAT
1033181	54	7A1	2.807	TGTGAT
1033218	1091	7A1	3.349	TGTGAT
1033239	224	8m	2.125	CTGTGA
1033421	224	6m	1.214	TGTGAT
1033425	270	7A1	2.635	TGTGAT
1033431	1115	o6	3.016	CTGTGA
1033443	32	8m	2.646	TGTGAT
1033469	88	6m	1.138	TGTGAT
1033481	3346	o6	2.377	CTGTGA
1033565	272	7m8	3.058	CTGTGA
1033565	1387	6m	2.999	TGTGAT
1033565	2266	6m	4.029	TGTGAT
1033598	2501	7m8	2.867	CTGTGA
1033602	799	6m	2.807	TGTGAT
1033658	192	o6	1.982	CTGTGA
1033669	143	o6	2.433	CTGTGA
1033685	298	6m	1.654	TGTGAT
1033712	752	6m	2.149	TGTGAT
1033735	785	7A1	2.069	TGTGAT
1033792	572	o6	2.211	CTGTGA
1033803	1276	7A1	2.446	TGTGAT
1033806	325	7A1	2.446	TGTGAT
1033960	569	6m	1.606	TGTGAT
1033960	1638	o6	1.446	CTGTGA
1033984	917	6m	2.352	TGTGAT
1034034	969	6m	2.397	TGTGAT
1034058	435	7A1	1.397	TGTGAT
1034122	21	7A1	2.041	TGTGAT
1034161	2025	o6	2.274	CTGTGA
1034164	48	o6	2.221	CTGTGA
1034170	140	7A1	2.209	TGTGAT
1034202	4353	8m	1.663	CTGTGA
1034296	204	6m	2.377	TGTGAT
1034304	1021	6m	3.263	TGTGAT
1034328	696	6m	3.112	TGTGAT
1034331	974	7A1	3.157	TGTGAT
1034331	1611	7A1	3.374	TGTGAT
1034340	9	o6	2.067	CTGTGA
1034362	434	6m	4.576	TGTGAT
1034365	43	8m	4.295	CTGTGA
1034370	729	o6	2.366	CTGTGA
1034397	198	6m	1.328	TGTGAT
1034397	1983	6m	1.073	TGTGAT
1034401	71	o6	2.366	CTGTGA
1034409	374	6m	2.310	TGTGAT
1034518	527	o6	1.420	CTGTGA
1034518	616	6m	2.031	TGTGAT
1034544	90	7A1	2.544	TGTGAT
1034572	114	7A1	2.274	TGTGAT
1034586	701	6m	2.074	TGTGAT
1034614	96	6m	2.843	TGTGAT
1034635	48	6m	2.206	TGTGAT
1034670	44	7A1	3.876	TGTGAT
1034679	74	6m	2.400	TGTGAT
1034679	1217	o6	1.322	CTGTGA
1034687	140	7m8	3.397	CTGTGA
1034687	154	6m	3.397	TGTGAT
1034690	1598	o6	1.277	CTGTGA
1034714	194	6m	2.610	TGTGAT
1034718	200	7m8	2.034	CTGTGA
1034726	97	7m8	3.449	CTGTGA
1034736	90	6m	1.690	TGTGAT
1034745	371	o6	1.055	CTGTGA
1034772	533	8m	3.836	CTGTGA
1034775	162	o6	2.031	CTGTGA
1034789	866	6m	2.606	TGTGAT
1034800	145	o6	1.157	CTGTGA
1034800	153	o6	1.116	CTGTGA
1034801	388	6m	2.481	TGTGAT
1034828	21	6m	4.785	TGTGAT
1034828	338	6m	2.417	TGTGAT
1034836	1388	7A1	3.916	TGTGAT
1034893	367	6m	2.210	TGTGAT
1034902	126	6m	2.075	TGTGAT
1034917	296	o6	1.623	CTGTGA
1034977	266	6m	1.262	TGTGAT
1034990	91	7A1	1.082	TGTGAT
1035001	1036	7A1	1.104	TGTGAT
1035063	27	7A1	3.011	TGTGAT
1035093	607	8m	3.113	TGTGAT
1035103	245	7A1	2.770	TGTGAT
1035153	1005	o6	1.307	CTGTGA
1035157	190	6m	1.671	TGTGAT
1035186	2	7m8	2.212	TGTGAT
1035198	1172	8m	3.383	CTGTGA
1035198	2437	o6	1.146	CTGTGA
1035198	3482	7A1	2.910	TGTGAT
1035210	70	6m	2.065	TGTGAT
1035213	370	o6	1.078	CTGTGA
1035237	22	7A1	2.544	TGTGAT
1035276	728	7A1	3.758	TGTGAT
1035288	1467	7A1	2.064	TGTGAT
1035326	118	o6	1.082	CTGTGA
1035384	67	o6	1.703	CTGTGA
1035384	358	6m	2.612	TGTGAT
1035407	202	8m	3.338	CTGTGA
1035447	377	6m	1.560	TGTGAT
1035467	111	7A1	2.972	TGTGAT
1035506	615	o6	2.188	CTGTGA
1035527	493	o6	3.222	CTGTGA
1035536	2099	8m	4.728	CTGTGA
1035569	11252	8m	2.850	CTGTGA
1035569	17634	o6	2.247	CTGTGA
1035656	3218	6m	2.783	TGTGAT
1035687	606	8m	3.506	CTGTGA
1035704	95	6m	2.215	TGTGAT
1035737	304	6m	2.366	TGTGAT
1035737	484	6m	1.907	TGTGAT
1035762	278	6m	1.986	TGTGAT
1035768	1720	7m8	3.441	CTGTGA
1035782	399	6m	3.032	TGTGAT
1035783	1081	o6	1.122	CTGTGA
1035783	2485	o6	2.991	CTGTGA
1035783	3199	6m	2.935	TGTGAT
1035783	3205	7A1	2.935	TGTGAT
1035783	4224	6m	2.955	TGTGAT
1035798	1617	o6	3.398	CTGTGA
1035801	3192	6m	1.503	TGTGAT
1035801	3402	6m	1.525	TGTGAT
1035831	106	o6	3.251	CTGTGA
1035909	78	6m	3.729	TGTGAT
1035910	32	6m	2.866	TGTGAT
1035960	111	7A1	3.376	TGTGAT
1035963	787	6m	1.641	TGTGAT
1035974	1242	o6	3.398	CTGTGA
1035974	1257	6m	3.398	TGTGAT
1035974	2231	7A1	2.981	TGTGAT
1036031	158	o6	1.395	CTGTGA
1036031	273	6m	1.082	TGTGAT
1036043	148	o6	2.854	CTGTGA
1036080	650	6m	2.878	TGTGAT
1036088	274	6m	4.504	TGTGAT
1036127	841	7A1	2.544	TGTGAT
1036127	2732	o6	1.652	CTGTGA
1036127	3493	6m	1.298	TGTGAT
1036127	8065	6m	1.421	TGTGAT
1036149	81	7m8	1.318	TGTGAT
1036149	89	6m	1.318	TGTGAT
1036155	232	7A1	1.092	TGTGAT
1036239	67	7A1	3.126	TGTGAT
1036242	41	6m	2.065	TGTGAT
1036247	318	8m	2.508	CTGTGA
1036271	78	7A1	2.303	TGTGAT
1036290	298	6m	3.398	TGTGAT
1036313	266	o6	1.160	CTGTGA
1036320	111	o6	1.548	CTGTGA
1036343	454	6m	2.156	TGTGAT
1036355	284	6m	1.358	TGTGAT
1036355	373	o6	3.870	CTGTGA
1036381	1323	6m	1.073	TGTGAT
1036381	2177	6m	1.363	TGTGAT
1036392	47	7A1	4.547	TGTGAT
1036396	321	o6	1.832	CTGTGA
1036432	560	6m	3.149	TGTGAT
1036449	210	o6	2.808	CTGTGA
1036470	204	7m8	4.711	CTGTGA
1036471	223	6m	1.790	TGTGAT
1036497	573	7m8	2.776	CTGTGA
1036549	133	6m	2.533	TGTGAT
1036552	61	6m	3.128	TGTGAT
1036566	461	6m	1.373	TGTGAT
1036568	2628	6m	2.016	TGTGAT
1036568	2636	7A1	2.016	TGTGAT
1036568	4161	7A1	2.016	TGTGAT
1036571	54	7A1	2.964	TGTGAT
1036598	256	6m	1.488	TGTGAT
1036645	638	7m8	2.072	CTGTGA
1036656	962	7m8	2.957	CTGTGA
1036676	914	o6	2.476	CTGTGA
1036788	51	7A1	3.398	TGTGAT
1036866	129	6m	3.332	TGTGAT
1036880	140	6m	2.073	TGTGAT
1036881	45	8m	2.717	TGTGAT
1036899	321	8m	2.981	CTGTGA
1036899	779	o6	3.398	CTGTGA
1036910	1684	6m	1.648	TGTGAT
1036967	247	6m	1.687	TGTGAT
1036991	2015	7m8	3.024	CTGTGA
1036991	2308	7A1	2.373	TGTGAT
1037013	87	o6	1.408	CTGTGA
1037027	15	6m	2.102	TGTGAT
1037067	35	o6	3.270	CTGTGA
1037111	190	o6	1.597	CTGTGA
1037158	101	o6	1.468	CTGTGA
1037246	1149	6m	2.947	TGTGAT
1037301	2504	7A1	2.336	TGTGAT
1037324	140	6m	1.391	TGTGAT
1037346	87	6m	1.396	TGTGAT
1037349	341	7A1	1.917	TGTGAT
1037386	2399	7A1	2.094	TGTGAT
1037389	42	7A1	2.493	TGTGAT
1037440	660	o6	2.362	CTGTGA
1037446	97	6m	1.465	TGTGAT
1037447	69	7A1	1.973	TGTGAT
1037524	4	7A1	1.815	TGTGAT
1037690	165	o6	1.342	CTGTGA
1037753	756	6m	1.397	TGTGAT
1037792	137	6m	1.138	TGTGAT
1037824	499	6m	1.849	TGTGAT
1037895	300	6m	2.302	TGTGAT
1037914	57	6m	2.301	TGTGAT
1037938	68	o6	1.428	CTGTGA
1037974	260	7m8	1.104	CTGTGA
1037982	136	6m	1.069	TGTGAT
1038088	79	6m	3.023	TGTGAT
1038105	344	6m	1.048	TGTGAT
1038119	62	6m	3.709	TGTGAT
1038145	2	8m	2.515	CTGTGA
1038150	212	7A1	1.609	TGTGAT
1038160	233	7A1	1.122	TGTGAT
1038223	765	7m8	2.937	CTGTGA
1038264	50	7A1	3.679	TGTGAT
1038273	570	o6	1.376	CTGTGA
1038279	57	7A1	3.673	TGTGAT
1038285	377	6m	3.111	TGTGAT
1038302	134	6m	2.981	TGTGAT
1038303	543	7m8	3.390	CTGTGA
1038330	95	7m8	2.430	CTGTGA
1038336	52	7m8	3.591	CTGTGA
1038348	130	o6	1.632	CTGTGA
1038393	131	6m	1.073	TGTGAT
1038407	751	6m	4.419	TGTGAT
1038410	39	7A1	3.848	TGTGAT
1038431	1136	7A1	1.468	TGTGAT
1038465	865	o6	2.377	CTGTGA
1038505	387	7A1	1.013	TGTGAT
1038521	608	7A1	3.868	TGTGAT
1038571	223	6m	1.493	TGTGAT
1038626	167	7A1	3.284	TGTGAT
1038652	147	6m	2.073	TGTGAT
1038704	51	7A1	4.677	TGTGAT
1038710	1135	7A1	2.054	TGTGAT
1038748	1496	6m	2.973	TGTGAT
1038757	131	6m	2.321	TGTGAT
1038833	622	6m	3.017	TGTGAT
1038867	455	o6	1.439	CTGTGA
1038867	801	6m	2.854	TGTGAT
1038891	684	6m	1.891	TGTGAT
1038909	9	7A1	3.243	TGTGAT
1038933	521	o6	3.156	CTGTGA
1038933	591	6m	2.186	TGTGAT
1038945	82	6m	3.449	TGTGAT
1038953	143	o6	2.569	CTGTGA
1038954	54	6m	2.778	TGTGAT
1038954	872	6m	2.241	TGTGAT
1038986	1047	7A1	3.487	TGTGAT
1039073	121	7A1	4.145	TGTGAT
1039079	130	6m	1.959	TGTGAT
1039084	240	6m	2.175	TGTGAT
1039087	100	6m	1.236	TGTGAT
1039136	79	8m	1.182	CTGTGA
1039212	346	6m	2.366	TGTGAT
1039244	16	o6	1.560	CTGTGA
1039267	1153	6m	2.015	TGTGAT
1039271	281	8m	2.839	CTGTGA
1039370	169	7A1	1.903	TGTGAT
1039376	1625	6m	2.763	TGTGAT
1039422	437	6m	1.709	TGTGAT
1039422	1876	o6	1.896	CTGTGA
1039481	2007	6m	3.205	TGTGAT
1039496	995	o6	1.601	CTGTGA
1039497	722	o6	1.719	CTGTGA
1039503	336	6m	3.923	TGTGAT
1039557	1577	7A1	3.058	TGTGAT
1039612	969	o6	4.082	CTGTGA
1039625	96	6m	2.497	TGTGAT
1039631	67	7A1	2.719	TGTGAT
1039646	140	6m	2.030	TGTGAT
1039651	964	6m	3.016	TGTGAT
1039694	96	6m	2.843	TGTGAT
1039697	116	6m	2.980	TGTGAT
1039703	588	6m	1.818	TGTGAT
1039711	443	8m	3.641	CTGTGA
1039803	552	7A1	1.865	TGTGAT
1039803	562	7A1	1.865	TGTGAT
1039808	79	7A1	4.161	TGTGAT
1039811	34	7A1	4.161	TGTGAT
1039949	1369	6m	1.534	TGTGAT
1039959	1311	7A1	2.448	TGTGAT
1039995	204	o6	1.260	CTGTGA
1039999	77	6m	4.702	TGTGAT
1040016	2337	7A1	1.973	TGTGAT
1040019	806	7A1	2.577	TGTGAT
1040037	68	7A1	4.161	TGTGAT
1040049	918	7m8	2.659	CTGTGA
1040058	3555	o6	1.084	CTGTGA
1040058	5434	6m	1.778	TGTGAT
1040058	7073	8m	2.243	CTGTGA
1040070	1294	7A1	1.954	TGTGAT
1040070	3692	7A1	2.726	TGTGAT
1040129	977	7A1	3.024	TGTGAT
1040129	1161	6m	2.763	TGTGAT
1040145	51	7m8	2.842	CTGTGA
1040145	1080	o6	1.073	CTGTGA
1040154	422	7A1	1.671	TGTGAT
1040162	475	7m8	3.232	CTGTGA
1040165	781	7A1	2.597	TGTGAT
1040190	1649	7A1	3.937	TGTGAT
1040190	3192	6m	3.937	TGTGAT
1040201	46	7A1	3.034	TGTGAT
1040283	305	7A1	3.295	TGTGAT
1040298	4494	7A1	2.705	TGTGAT
1040298	7234	7A1	3.033	TGTGAT
1040303	1676	7A1	3.032	TGTGAT
1040303	2503	o6	1.326	CTGTGA
1040304	178	7m8	2.417	CTGTGA
1040342	159	6m	1.606	TGTGAT
1040346	1576	o6	1.632	CTGTGA
1040346	2316	7m8	2.549	CTGTGA
1040346	3118	7A1	1.328	TGTGAT
1040349	280	6m	1.518	TGTGAT
1040352	2903	o6	3.524	CTGTGA
1040360	441	6m	2.046	TGTGAT
1040395	1887	6m	3.332	TGTGAT
1040417	825	7m8	2.785	CTGTGA
1040420	254	7A1	1.468	TGTGAT
1040495	926	7m8	4.225	CTGTGA
1040527	1077	6m	3.649	TGTGAT
1040533	506	6m	2.897	TGTGAT
1040542	1807	7A1	4.697	TGTGAT
1040590	1127	7m8	1.526	CTGTGA
1040590	2265	7A1	2.345	TGTGAT
1040590	2885	o6	2.187	CTGTGA
1040590	5472	7A1	2.369	TGTGAT
1040590	6135	7A1	2.034	TGTGAT
1040590	6315	7A1	2.369	TGTGAT
1040646	554	o6	1.169	CTGTGA
1040646	623	7m8	1.560	CTGTGA
1040647	96	6m	3.487	TGTGAT
1040650	96	6m	2.980	TGTGAT
1040653	96	6m	2.980	TGTGAT
