1000066	10	6m	1.073	GCCAGT
1000101	225	6m	1.984	GCCAGT
1000204	58	o6	1.582	GGCCAG
1000219	563	o6	1.264	GGCCAG
1000327	1001	6m	1.644	GCCAGT
1000373	886	6m	2.925	GCCAGT
1000386	180	6m	1.282	GCCAGT
1000442	831	o6	2.314	GGCCAG
1000454	146	6m	1.055	GCCAGT
1000536	478	o6	2.378	GGCCAG
1000536	493	o6	1.005	GGCCAG
1000536	535	o6	2.369	GGCCAG
1000536	775	o6	1.839	GGCCAG
1000536	1056	o6	1.606	GGCCAG
1000536	1318	7m8	1.665	GGCCAG
1000541	517	6m	1.682	GCCAGT
1000610	2208	6m	1.284	GCCAGT
1000619	1119	6m	1.284	GCCAGT
1000803	168	6m	1.285	GCCAGT
1000835	1127	7m8	1.955	GGCCAG
1000850	186	7A1	1.468	GCCAGT
1000880	123	o6	2.924	GGCCAG
1000901	130	7A1	1.606	GCCAGT
1000979	2298	6m	1.584	GCCAGT
1001139	448	8m	2.025	GGCCAG
1001411	42	7m8	1.773	GGCCAG
1001440	1744	o6	1.055	GGCCAG
1001518	938	o6	1.337	GGCCAG
1001577	1101	o6	1.645	GGCCAG
1001601	423	7A1	1.129	GCCAGT
1001607	680	6m	1.648	GCCAGT
1001670	435	o6	2.086	GGCCAG
1001865	182	o6	1.084	GGCCAG
1001906	1527	o6	1.490	GGCCAG
1001916	44	6m	1.548	GCCAGT
1001934	624	6m	1.888	GCCAGT
1001948	2360	o6	1.508	GGCCAG
1002017	503	o6	1.583	GGCCAG
1002182	802	6m	1.074	GCCAGT
1002298	438	6m	1.349	GCCAGT
1002797	270	o6	1.163	GGCCAG
1003143	22	o6	4.062	GGCCAG
1003197	64	o6	1.282	GGCCAG
1003523	932	o6	1.034	GGCCAG
1003996	20	7m8	1.215	GGCCAG
1004013	285	6m	1.028	GCCAGT
1004229	28	6m	1.081	GCCAGT
1004238	263	6m	1.414	GCCAGT
1004281	878	o6	1.211	GGCCAG
1004281	1359	6m	2.433	GCCAGT
1004463	1866	7m8	1.372	GGCCAG
1004482	267	o6	2.599	GGCCAG
1004573	1396	o6	2.687	GGCCAG
1004760	126	o6	1.572	GGCCAG
1005061	264	7A1	1.284	GCCAGT
1005352	2464	o6	1.507	GGCCAG
1005449	543	6m	2.339	GCCAGT
1005646	3360	7m8	1.006	GGCCAG
1005646	3390	o6	1.751	GGCCAG
1005646	4038	7A1	1.073	GCCAGT
1005730	509	7A1	1.254	GCCAGT
1005752	6	6m	1.881	GCCAGT
1005752	1225	6m	1.284	GCCAGT
1005830	72	o6	1.103	GGCCAG
1006071	393	o6	1.084	GGCCAG
1006158	944	7A1	2.073	GCCAGT
1006707	285	6m	1.110	GCCAGT
1006809	451	6m	2.039	GCCAGT
1006875	687	7A1	2.009	GCCAGT
1006884	170	7A1	1.690	GCCAGT
1007004	355	8m	1.099	GGCCAG
1007028	49	6m	1.499	GCCAGT
1007172	195	6m	2.537	GCCAGT
1007355	380	6m	3.430	GCCAGT
1007379	379	o6	1.514	GGCCAG
1007439	332	o6	1.108	GGCCAG
1007521	1145	6m	1.854	GCCAGT
1007521	1667	o6	2.005	GGCCAG
1007530	372	6m	1.266	GCCAGT
1007647	1913	6m	3.034	GCCAGT
1007731	1380	o6	1.317	GGCCAG
1007731	1940	o6	1.038	GGCCAG
1007731	2210	o6	1.095	GGCCAG
1007759	20	8m	1.707	GGCCAG
1007812	5873	6m	1.817	GCCAGT
1007812	5975	o6	2.855	GGCCAG
1007875	3652	o6	1.179	GGCCAG
1007923	123	o6	1.915	GGCCAG
1008060	106	6m	1.436	GCCAGT
1008081	258	6m	1.116	GCCAGT
1008114	539	6m	2.814	GCCAGT
1008174	168	6m	1.091	GCCAGT
1008183	16	o6	1.669	GGCCAG
1008192	6	o6	2.538	GGCCAG
1008406	416	o6	2.698	GGCCAG
1008454	851	o6	1.316	GGCCAG
1008557	95	7m8	2.918	GGCCAG
1008606	661	6m	2.623	GCCAGT
1008654	262	o6	1.284	GGCCAG
1008702	76	o6	1.680	GGCCAG
1008716	241	7m8	1.105	GGCCAG
1008740	153	6m	1.434	GCCAGT
1008740	1260	7m8	1.245	GGCCAG
1008911	35	6m	2.197	GCCAGT
1009037	1902	o6	1.245	GGCCAG
1009043	1803	7A1	1.376	GCCAGT
1009074	188	6m	1.215	GCCAGT
1009191	105	o6	2.473	GGCCAG
1009267	613	o6	1.423	GGCCAG
1009497	180	6m	1.690	GCCAGT
1009500	2070	6m	1.053	GCCAGT
1009576	924	o6	2.054	GGCCAG
1009736	902	o6	2.833	GGCCAG
1009948	527	o6	1.084	GGCCAG
1009999	134	o6	1.032	GGCCAG
1010011	207	o6	1.002	GGCCAG
1010047	19	6m	1.108	GCCAGT
1010103	9	o6	1.560	GGCCAG
1010160	254	o6	1.040	GGCCAG
1010205	40	6m	2.328	GCCAGT
1010250	314	o6	1.319	GGCCAG
1010250	1543	o6	2.316	GGCCAG
1010250	2463	o6	1.648	GGCCAG
1010259	59	6m	2.217	GCCAGT
1010293	101	7A1	2.318	GCCAGT
1010326	322	6m	1.906	GCCAGT
1010401	1095	7m8	2.077	GGCCAG
1010401	1245	6m	1.629	GCCAGT
1010401	1620	o6	1.096	GGCCAG
1010401	2900	o6	2.752	GGCCAG
1010533	1052	o6	2.328	GGCCAG
1010533	1163	o6	2.702	GGCCAG
1011095	639	6m	1.161	GCCAGT
1011107	319	7A1	1.809	GCCAGT
1011117	764	o6	2.262	GGCCAG
1011200	63	o6	1.548	GGCCAG
1011327	588	6m	2.155	GCCAGT
1011743	482	o6	1.130	GGCCAG
1011944	1067	6m	2.073	GCCAGT
1011982	213	6m	1.690	GCCAGT
1012008	758	6m	1.505	GCCAGT
1012174	565	o6	1.373	GGCCAG
1012204	58	6m	1.810	GCCAGT
1012383	606	6m	1.299	GCCAGT
1012533	47	6m	2.185	GCCAGT
1012588	157	6m	2.073	GCCAGT
1012599	247	6m	1.212	GCCAGT
1012685	277	o6	1.811	GGCCAG
1012754	1239	6m	2.563	GCCAGT
1013246	206	7m8	1.682	GGCCAG
1013413	803	o6	1.690	GGCCAG
1013458	108	6m	2.025	GCCAGT
1013562	20	6m	1.130	GCCAGT
1013947	48	o6	1.894	GGCCAG
1013963	144	6m	1.850	GCCAGT
1013988	85	6m	1.741	GCCAGT
1013988	1386	6m	1.137	GCCAGT
1013988	2240	6m	2.317	GCCAGT
1014149	26	7m8	1.740	GCCAGT
1014417	136	6m	2.214	GCCAGT
1014840	771	o6	3.272	GGCCAG
1014859	1691	6m	3.221	GCCAGT
1014864	134	7m8	1.497	GGCCAG
1014864	141	7m8	1.497	GGCCAG
1014904	1203	6m	2.377	GCCAGT
1014961	76	o6	1.582	GGCCAG
1015021	1432	7m8	1.587	GCCAGT
1015030	2	8m	1.225	GGCCAG
1015076	401	o6	2.286	GGCCAG
1015091	1570	6m	1.251	GCCAGT
1015121	140	o6	1.438	GGCCAG
1015145	3685	o6	1.884	GGCCAG
1015267	258	o6	1.235	GGCCAG
1015303	389	o6	1.307	GGCCAG
1015354	85	o6	1.120	GGCCAG
1015369	593	6m	1.053	GCCAGT
1015375	1854	6m	2.048	GCCAGT
1015375	2078	o6	1.731	GGCCAG
1015375	2281	o6	1.654	GGCCAG
1015388	47	o6	1.101	GGCCAG
1015388	411	6m	1.711	GCCAGT
1015394	65	o6	1.995	GGCCAG
1015435	881	o6	1.680	GGCCAG
1015572	2420	o6	1.440	GGCCAG
1015572	2844	o6	1.262	GGCCAG
1015647	495	o6	1.321	GGCCAG
1015676	50	o6	1.015	GGCCAG
1015973	375	o6	1.292	GGCCAG
1016052	433	7m8	1.690	GGCCAG
1016209	176	7A1	2.004	GCCAGT
1016265	268	6m	1.238	GCCAGT
1016265	516	o6	2.118	GGCCAG
1016275	109	6m	1.295	GCCAGT
1016308	191	6m	1.151	GCCAGT
1016347	785	6m	1.207	GCCAGT
1016377	21	o6	1.357	GGCCAG
1016500	462	6m	1.492	GCCAGT
1016565	356	o6	1.211	GGCCAG
1016644	92	o6	1.091	GGCCAG
1016698	1554	o6	1.356	GGCCAG
1016728	107	6m	1.113	GCCAGT
1016806	818	6m	1.047	GCCAGT
1016848	889	o6	1.006	GGCCAG
1016965	1017	7m8	1.041	GGCCAG
1017028	287	6m	1.485	GCCAGT
1017258	1273	6m	1.284	GCCAGT
1017446	96	6m	1.563	GCCAGT
1017451	1592	o6	1.601	GGCCAG
1017511	552	o6	2.608	GGCCAG
1017511	1558	6m	1.059	GCCAGT
1017511	1895	o6	1.328	GGCCAG
1017614	5044	o6	1.278	GGCCAG
1017614	5902	o6	1.272	GGCCAG
1017830	994	o6	1.145	GGCCAG
1017886	531	6m	1.853	GCCAGT
1017981	984	o6	1.193	GGCCAG
1018149	156	7A1	2.239	GCCAGT
1018257	642	6m	2.400	GCCAGT
1018486	718	7A1	1.086	GCCAGT
1018519	168	6m	1.227	GCCAGT
1018555	98	6m	1.258	GCCAGT
1018732	48	7A1	3.020	GCCAGT
1018732	642	6m	1.034	GCCAGT
1018732	943	o6	1.186	GGCCAG
1018873	1193	o6	1.690	GGCCAG
1018873	1712	6m	1.324	GCCAGT
1018944	852	8m	1.183	GGCCAG
1019147	936	o6	1.084	GGCCAG
1019192	188	o6	1.152	GGCCAG
1019210	59	6m	1.430	GCCAGT
1019219	98	6m	1.254	GCCAGT
1019354	668	7A1	3.309	GCCAGT
1019521	732	7m8	1.205	GGCCAG
1019570	902	7A1	1.306	GCCAGT
1019582	169	6m	1.183	GCCAGT
1019935	1047	6m	1.285	GCCAGT
1019942	385	6m	1.721	GCCAGT
1020219	142	7A1	1.702	GCCAGT
1020574	176	7m8	1.169	GGCCAG
1020740	577	6m	1.781	GCCAGT
1020859	91	6m	1.484	GCCAGT
1020861	1934	6m	1.484	GCCAGT
1021084	548	6m	1.582	GCCAGT
1021566	754	6m	2.477	GCCAGT
1021566	4017	o6	1.845	GGCCAG
1021613	294	7A1	2.133	GCCAGT
1021797	616	7m8	1.091	GGCCAG
1021959	534	7A1	1.006	GCCAGT
1022066	10	6m	1.304	GCCAGT
1022198	956	6m	1.267	GCCAGT
1022320	86	o6	1.024	GGCCAG
1022386	193	6m	1.340	GCCAGT
1022814	50	6m	1.441	GCCAGT
1022904	156	o6	1.819	GGCCAG
1022938	1322	o6	2.021	GGCCAG
1022985	973	7A1	2.544	GCCAGT
1023062	1241	o6	1.093	GGCCAG
1023062	2939	o6	2.581	GGCCAG
1023062	3388	o6	1.614	GGCCAG
1023065	66	o6	2.667	GGCCAG
1023091	350	7m8	2.411	GCCAGT
1023091	699	o6	1.379	GGCCAG
1023235	120	o6	1.523	GGCCAG
1023289	127	o6	1.205	GGCCAG
1023340	147	o6	1.649	GGCCAG
1023350	399	6m	1.102	GCCAGT
1023585	246	6m	2.449	GCCAGT
1023617	6	6m	1.434	GCCAGT
1023673	300	o6	1.945	GGCCAG
1023885	2636	o6	1.224	GGCCAG
1023885	3287	7A1	1.856	GCCAGT
1023885	3453	6m	1.432	GCCAGT
1023902	163	6m	3.000	GCCAGT
1023902	170	6m	3.000	GCCAGT
1024025	1171	6m	2.393	GCCAGT
1024031	350	o6	1.240	GGCCAG
1024169	170	o6	1.864	GGCCAG
1024184	121	o6	1.453	GGCCAG
1024229	249	6m	2.425	GCCAGT
1024258	872	7A1	1.311	GCCAGT
1024397	3736	7A1	2.799	GCCAGT
1024415	244	o6	1.466	GGCCAG
1024448	83	7m8	1.212	GGCCAG
1024613	264	6m	1.535	GCCAGT
1024648	1906	7A1	1.026	GCCAGT
1024648	8047	6m	1.322	GCCAGT
1024648	12197	o6	1.035	GGCCAG
1024654	968	o6	1.027	GGCCAG
1024895	629	o6	1.179	GGCCAG
1024895	1148	o6	1.221	GGCCAG
1025029	2827	6m	1.433	GCCAGT
1025046	199	7m8	1.695	GGCCAG
1025132	50	6m	1.335	GCCAGT
1025168	1808	o6	1.577	GGCCAG
1025229	370	6m	1.504	GCCAGT
1025298	1344	6m	1.084	GCCAGT
1025367	560	7A1	1.567	GCCAGT
1025371	219	o6	1.051	GGCCAG
1025371	626	7m8	1.599	GGCCAG
1025424	95	6m	1.500	GCCAGT
1025424	119	o6	1.500	GGCCAG
1025466	215	6m	1.062	GCCAGT
1025548	687	6m	1.649	GCCAGT
1025618	540	o6	1.479	GGCCAG
1025618	636	o6	1.794	GGCCAG
1025630	500	o6	1.676	GGCCAG
1025781	84	o6	2.444	GGCCAG
1025895	705	6m	1.099	GCCAGT
1026095	340	o6	1.106	GGCCAG
1026162	114	o6	1.292	GGCCAG
1026284	409	o6	1.486	GGCCAG
1026467	64	6m	1.340	GCCAGT
1026477	781	6m	2.366	GCCAGT
1026480	537	o6	1.023	GGCCAG
1026652	621	6m	2.535	GCCAGT
1026688	1736	7m8	2.137	GGCCAG
1026950	7	7A1	1.260	GCCAGT
1026999	857	o6	1.598	GGCCAG
1027246	298	o6	1.255	GGCCAG
1027308	171	6m	1.715	GCCAGT
1027438	1183	o6	1.524	GGCCAG
1027502	1611	o6	1.294	GGCCAG
1027629	118	8m	1.533	GCCAGT
1027834	145	6m	1.953	GCCAGT
1027989	628	6m	1.021	GCCAGT
1028262	72	6m	1.051	GCCAGT
1028444	375	7m8	1.706	GGCCAG
1028556	215	o6	3.898	GGCCAG
1028719	26	6m	1.150	GCCAGT
1028728	36	6m	1.574	GCCAGT
1028866	426	8m	1.212	GCCAGT
1028923	265	o6	1.606	GGCCAG
1028998	52	6m	2.321	GCCAGT
1029003	675	o6	1.073	GGCCAG
1029091	616	7A1	1.575	GCCAGT
1029165	364	o6	1.390	GGCCAG
1029165	1414	6m	1.513	GCCAGT
1029170	377	o6	1.415	GGCCAG
1029192	1866	o6	1.484	GGCCAG
1029462	599	6m	1.162	GCCAGT
1029479	94	6m	2.033	GCCAGT
1029558	55	o6	1.606	GGCCAG
1029558	1129	o6	2.025	GGCCAG
1029847	980	o6	1.084	GGCCAG
1029915	42	6m	1.162	GCCAGT
1030115	177	6m	1.876	GCCAGT
1030177	277	o6	2.179	GGCCAG
1030231	80	o6	1.523	GGCCAG
1030245	1045	o6	1.592	GGCCAG
1030248	2110	o6	1.964	GGCCAG
1030258	175	o6	1.163	GGCCAG
1030258	292	7m8	2.317	GGCCAG
1030258	436	o6	1.791	GGCCAG
1030584	429	o6	1.269	GGCCAG
1030632	1	7A1	1.098	GCCAGT
1030767	14	o6	1.005	GGCCAG
1030782	1633	7m8	1.322	GGCCAG
1030782	2343	7m8	1.681	GGCCAG
1030908	121	o6	1.960	GGCCAG
1030908	316	7m8	1.437	GGCCAG
1030951	84	6m	1.328	GCCAGT
1031001	124	o6	2.599	GGCCAG
1031013	549	o6	1.535	GGCCAG
1031307	1547	o6	1.524	GGCCAG
1031390	4145	7A1	1.405	GCCAGT
1031446	101	o6	1.073	GGCCAG
1031541	277	o6	2.075	GGCCAG
1031965	387	7m8	1.002	GCCAGT
1031968	283	6m	3.719	GCCAGT
1031991	9	6m	2.415	GCCAGT
1031994	1394	o6	1.146	GGCCAG
1032009	90	8m	2.019	GGCCAG
1032022	177	6m	2.481	GCCAGT
1032182	262	o6	1.422	GGCCAG
1032295	525	6m	1.105	GCCAGT
1032295	969	o6	1.645	GGCCAG
1032386	202	7A1	1.031	GCCAGT
1032442	90	o6	1.686	GGCCAG
1032498	284	o6	1.469	GGCCAG
1032519	492	o6	2.957	GGCCAG
1032613	424	o6	1.023	GGCCAG
1032616	3	6m	1.221	GCCAGT
1032688	65	6m	1.254	GCCAGT
1032763	89	6m	1.959	GCCAGT
1032880	230	o6	2.051	GGCCAG
1032896	639	7A1	1.132	GCCAGT
1032896	760	6m	1.378	GCCAGT
1032896	1270	o6	1.067	GGCCAG
1032929	185	o6	1.786	GGCCAG
1032929	1901	o6	2.248	GGCCAG
1033008	1410	o6	1.982	GGCCAG
1033016	178	o6	1.002	GGCCAG
1033041	1286	6m	1.128	GCCAGT
1033138	221	o6	1.267	GGCCAG
1033141	532	6m	1.014	GCCAGT
1033141	1460	6m	2.025	GCCAGT
1033141	2298	6m	1.799	GCCAGT
1033152	1758	o6	1.073	GGCCAG
1033254	248	o6	1.228	GGCCAG
1033254	586	o6	2.682	GGCCAG
1033351	82	o6	1.032	GGCCAG
1033362	2943	6m	1.254	GCCAGT
1033378	96	o6	1.068	GGCCAG
1033399	449	o6	1.228	GGCCAG
1033452	2110	6m	1.825	GCCAGT
1033535	535	7A1	2.026	GCCAGT
1033547	63	o6	1.780	GGCCAG
1033547	148	o6	2.303	GGCCAG
1033565	2501	o6	2.380	GGCCAG
1033565	3410	o6	1.623	GGCCAG
1033751	733	6m	1.495	GCCAGT
1033754	362	6m	1.495	GCCAGT
1033789	12	7A1	2.433	GCCAGT
1033795	1761	7m8	1.284	GCCAGT
1033824	1422	6m	1.784	GCCAGT
1033824	1676	o6	2.162	GGCCAG
1033824	1707	o6	1.473	GGCCAG
1033827	207	7m8	1.353	GCCAGT
1033883	1614	o6	1.294	GGCCAG
1033984	483	o6	1.154	GGCCAG
1034386	342	6m	1.283	GCCAGT
1034460	227	6m	2.757	GCCAGT
1034557	293	o6	1.876	GGCCAG
1034569	6098	7A1	1.860	GCCAGT
1034577	468	7A1	1.487	GCCAGT
1034658	136	o6	1.376	GGCCAG
1034658	218	o6	1.139	GGCCAG
1034828	230	o6	1.468	GGCCAG
1034828	274	o6	1.468	GGCCAG
1034836	657	o6	1.397	GGCCAG
1034917	2947	6m	2.451	GCCAGT
1034924	630	6m	1.831	GCCAGT
1034962	363	7m8	2.619	GGCCAG
1034994	156	8m	1.814	GGCCAG
1035010	3619	7m8	2.761	GGCCAG
1035040	1513	7m8	1.836	GGCCAG
1035192	118	o6	1.104	GGCCAG
1035192	375	6m	3.274	GCCAGT
1035192	381	7A1	3.274	GCCAGT
1035198	162	8m	1.802	GCCAGT
1035213	1633	8m	1.605	GGCCAG
1035242	141	o6	1.380	GGCCAG
1035320	399	o6	2.025	GGCCAG
1035425	88	o6	1.187	GGCCAG
1035527	1790	o6	1.504	GGCCAG
1035527	2890	8m	1.648	GGCCAG
1035594	306	6m	1.290	GCCAGT
1035656	26	7A1	2.508	GCCAGT
1035692	1164	o6	1.187	GGCCAG
1035693	551	7m8	1.026	GGCCAG
1035794	557	o6	1.162	GGCCAG
1035801	1958	6m	2.867	GCCAGT
1035801	2575	8m	2.978	GGCCAG
1035801	2767	7m8	2.654	GGCCAG
1035992	2	o6	2.231	GGCCAG
1036043	310	o6	1.719	GGCCAG
1036127	1067	o6	3.783	GGCCAG
1036127	6389	o6	1.581	GGCCAG
1036127	6955	6m	1.764	GCCAGT
1036127	7604	7m8	1.918	GGCCAG
1036127	7716	o6	2.530	GGCCAG
1036127	8699	o6	2.591	GGCCAG
1036127	11124	6m	1.903	GCCAGT
1036149	410	6m	2.085	GCCAGT
1036154	1887	o6	1.587	GGCCAG
1036203	616	o6	2.834	GGCCAG
1036203	667	o6	1.784	GGCCAG
1036328	462	o6	1.288	GGCCAG
1036343	102	o6	1.332	GGCCAG
1036349	76	6m	1.093	GCCAGT
1036367	749	7m8	1.650	GCCAGT
1036399	98	o6	1.401	GGCCAG
1036419	322	6m	1.560	GCCAGT
1036449	2227	o6	2.153	GGCCAG
1036449	2452	o6	2.117	GGCCAG
1036471	594	7m8	1.518	GGCCAG
1036497	325	7A1	1.193	GCCAGT
1036501	392	o6	1.869	GGCCAG
1036568	2723	o6	1.633	GGCCAG
1036788	608	o6	1.123	GGCCAG
1036877	607	6m	2.189	GCCAGT
1037164	414	6m	1.277	GCCAGT
1037307	425	7A1	1.565	GCCAGT
1037386	1751	o6	2.652	GGCCAG
1037458	156	8m	1.803	GGCCAG
1037494	22	6m	1.138	GCCAGT
1037515	343	7m8	1.593	GGCCAG
1037720	64	o6	1.032	GGCCAG
1037753	633	o6	1.272	GGCCAG
1037835	79	o6	1.801	GGCCAG
1037845	602	o6	1.170	GGCCAG
1038013	319	7A1	1.042	GCCAGT
1038021	327	7A1	1.560	GCCAGT
1038127	1502	6m	1.726	GCCAGT
1038223	536	7A1	1.941	GCCAGT
1038317	736	o6	1.395	GGCCAG
1038485	1444	6m	1.122	GCCAGT
1038529	1804	6m	1.400	GCCAGT
1038643	914	6m	1.100	GCCAGT
1038649	171	o6	1.698	GGCCAG
1038796	1150	6m	2.374	GCCAGT
1038796	1157	o6	2.790	GGCCAG
1038923	860	o6	3.271	GGCCAG
1038983	124	o6	2.880	GGCCAG
1038997	156	o6	1.996	GGCCAG
1039004	556	7A1	1.152	GCCAGT
1039094	538	o6	2.321	GGCCAG
1039114	394	6m	1.576	GCCAGT
1039259	136	6m	1.418	GCCAGT
1039282	335	7m8	2.147	GGCCAG
1039431	282	o6	2.286	GGCCAG
1039436	261	6m	3.255	GCCAGT
1039445	5	o6	2.897	GGCCAG
1039445	14	o6	1.297	GGCCAG
1039496	757	o6	1.439	GGCCAG
1039502	1276	6m	1.527	GCCAGT
1039502	1545	8m	1.560	GGCCAG
1039502	2247	o6	1.817	GGCCAG
1039544	26	8m	1.218	GGCCAG
1039646	127	o6	1.943	GGCCAG
1039764	396	o6	1.788	GGCCAG
1039764	1530	o6	2.098	GGCCAG
1039764	1952	6m	2.125	GCCAGT
1039779	424	6m	1.254	GCCAGT
1039808	566	o6	1.142	GGCCAG
1039811	521	o6	1.142	GGCCAG
1039831	1199	o6	1.222	GGCCAG
1039853	555	o6	1.006	GGCCAG
1039853	6638	6m	1.020	GCCAGT
1039908	3108	o6	1.254	GGCCAG
1039949	1756	6m	1.682	GCCAGT
1039949	4550	6m	2.273	GCCAGT
1039949	4591	7m8	1.412	GGCCAG
1039950	1093	6m	1.328	GCCAGT
1039955	1211	o6	1.268	GGCCAG
1040001	185	6m	2.210	GCCAGT
1040001	299	6m	1.309	GCCAGT
1040016	1120	7m8	1.065	GGCCAG
1040037	555	o6	1.142	GGCCAG
1040057	465	7m8	1.431	GCCAGT
1040058	4135	6m	1.084	GCCAGT
1040063	137	6m	1.074	GCCAGT
1040099	256	7m8	1.409	GGCCAG
1040099	263	6m	1.560	GCCAGT
1040135	606	o6	1.145	GGCCAG
1040190	768	6m	1.312	GCCAGT
1040223	16	o6	1.014	GGCCAG
1040228	567	o6	1.333	GGCCAG
1040234	614	6m	1.818	GCCAGT
1040331	959	6m	1.593	GCCAGT
1040331	1056	6m	2.326	GCCAGT
1040346	917	o6	1.207	GGCCAG
1040367	257	6m	1.981	GCCAGT
1040392	590	o6	1.632	GGCCAG
1040392	821	o6	1.368	GGCCAG
1040395	4	o6	1.027	GGCCAG
1040434	45	6m	4.070	GCCAGT
1040434	2143	7m8	1.394	GGCCAG
1040479	909	o6	1.863	GGCCAG
1040538	273	6m	2.272	GCCAGT
1040560	337	7A1	1.122	GCCAGT
1040658	266	o6	1.501	GGCCAG
