1000048	435	6m	1.860	ACCTTA
1000134	692	8m	1.156	TACCTT
1000249	906	o6	1.316	TACCTT
1000321	418	7m8	2.503	TACCTT
1000360	1662	6m	1.053	ACCTTA
1000478	1243	7A1	3.034	ACCTTA
1000500	89	7A1	1.152	ACCTTA
1000595	790	8m	1.061	TACCTT
1000649	542	6m	1.896	ACCTTA
1000653	599	o6	1.092	TACCTT
1000673	645	o6	1.270	TACCTT
1000706	711	8m	1.240	TACCTT
1000706	1228	8m	1.284	TACCTT
1000706	1245	7A1	1.490	ACCTTA
1000767	80	8m	1.515	TACCTT
1000767	313	6m	1.634	ACCTTA
1000779	907	o6	3.232	TACCTT
1000835	736	o6	1.955	TACCTT
1000845	1076	o6	2.350	TACCTT
1000893	18	7m8	1.120	TACCTT
1001132	1049	6m	1.112	ACCTTA
1001135	320	o6	1.278	TACCTT
1001243	119	o6	2.149	TACCTT
1001346	68	7A1	1.251	ACCTTA
1001440	2706	o6	1.633	TACCTT
1001680	305	6m	1.093	ACCTTA
1001748	168	7A1	1.065	ACCTTA
1001981	43	8m	1.015	TACCTT
1002084	383	8m	1.873	TACCTT
1002236	220	7m8	1.285	TACCTT
1002293	35	o6	2.479	TACCTT
1002358	45	7m8	1.232	TACCTT
1002731	55	o6	2.276	TACCTT
1002877	1102	o6	2.021	TACCTT
1002985	235	o6	1.274	TACCTT
1003298	357	o6	2.520	TACCTT
1003355	464	o6	1.058	TACCTT
1003589	1516	6m	1.110	ACCTTA
1003675	7	7A1	1.208	ACCTTA
1003776	273	7A1	1.053	ACCTTA
1003873	501	7A1	2.044	ACCTTA
1004023	139	7A1	1.649	ACCTTA
1004034	283	o6	2.098	TACCTT
1004122	432	6m	1.648	ACCTTA
1004269	709	7A1	1.697	ACCTTA
1004437	1264	7m8	2.764	TACCTT
1004437	1775	7m8	1.729	TACCTT
1004661	897	o6	3.259	TACCTT
1004958	111	7A1	2.065	ACCTTA
1005103	400	8m	2.002	TACCTT
1005349	3808	o6	2.199	TACCTT
1005352	408	7A1	1.390	ACCTTA
1005438	107	o6	2.136	TACCTT
1005443	355	o6	3.347	TACCTT
1005646	3254	8m	1.775	TACCTT
1005709	89	8m	1.315	ACCTTA
1006173	339	7m8	1.533	TACCTT
1006548	404	o6	2.218	TACCTT
1006665	85	6m	1.027	ACCTTA
1006940	918	o6	1.606	TACCTT
1007031	185	8m	2.357	TACCTT
1007231	920	o6	2.807	TACCTT
1007242	2655	6m	1.577	ACCTTA
1007251	1619	o6	2.045	TACCTT
1007364	1864	7m8	2.007	TACCTT
1007494	469	6m	1.830	ACCTTA
1007629	170	o6	1.448	TACCTT
1007638	765	7A1	1.073	ACCTTA
1007903	3220	6m	2.212	ACCTTA
1007923	1628	8m	1.001	TACCTT
1007935	413	o6	1.059	TACCTT
1007980	2098	o6	3.028	TACCTT
1008109	97	o6	2.544	TACCTT
1008213	994	o6	1.202	TACCTT
1008358	175	7A1	1.658	ACCTTA
1008510	91	8m	2.305	TACCTT
1008557	143	6m	1.313	ACCTTA
1008597	126	8m	1.053	TACCTT
1008606	376	o6	1.147	TACCTT
1008614	585	7A1	1.859	ACCTTA
1008788	208	8m	2.133	TACCTT
1008789	382	7m8	1.979	TACCTT
1008789	387	7m8	1.979	TACCTT
1008789	403	7m8	1.891	TACCTT
1008860	459	7A1	2.067	ACCTTA
1008933	827	7m8	1.563	TACCTT
1008975	411	7A1	1.195	ACCTTA
1008995	1551	7A1	1.109	ACCTTA
1009037	261	7m8	3.591	TACCTT
1009222	203	7A1	1.682	ACCTTA
1009352	53	o6	1.690	TACCTT
1009411	202	o6	1.410	TACCTT
1009617	484	6m	1.033	ACCTTA
1009647	230	o6	1.761	TACCTT
1009647	236	o6	2.371	TACCTT
1009658	211	o6	1.641	TACCTT
1009861	104	7m8	2.720	TACCTT
1009870	28	7m8	1.928	TACCTT
1009942	225	o6	2.073	TACCTT
1009945	1116	o6	1.320	TACCTT
1009948	1035	o6	2.561	TACCTT
1009960	209	7m8	1.316	TACCTT
1010332	416	o6	2.057	TACCTT
1010359	319	o6	1.030	TACCTT
1010851	83	7m8	1.414	TACCTT
1010851	88	8m	1.356	ACCTTA
1010956	913	o6	2.007	TACCTT
1011027	133	7A1	1.582	ACCTTA
1011050	94	7A1	2.228	ACCTTA
1011321	1456	o6	2.537	TACCTT
1011487	704	8m	2.011	TACCTT
1011743	608	o6	2.616	TACCTT
1011868	144	7m8	1.035	TACCTT
1011932	309	o6	2.025	TACCTT
1012008	434	o6	2.294	TACCTT
1012074	535	o6	1.065	TACCTT
1012081	51	o6	1.683	TACCTT
1012286	353	8m	1.529	ACCTTA
1012564	54	8m	1.495	TACCTT
1012754	354	6m	1.413	ACCTTA
1012900	739	8m	1.606	ACCTTA
1012912	821	o6	1.321	TACCTT
1012996	91	7m8	2.736	TACCTT
1013028	140	7A1	1.447	ACCTTA
1013068	784	7A1	1.286	ACCTTA
1013073	1013	o6	1.292	TACCTT
1013088	42	o6	1.254	TACCTT
1013089	820	o6	1.610	TACCTT
1013166	45	o6	1.682	TACCTT
1013280	561	6m	2.135	ACCTTA
1013306	709	7A1	1.151	ACCTTA
1013443	1670	7A1	3.105	ACCTTA
1013458	115	o6	1.658	TACCTT
1013461	332	o6	1.814	TACCTT
1013518	2395	o6	1.501	TACCTT
1013529	263	o6	2.316	TACCTT
1013536	177	o6	2.039	TACCTT
1013643	477	7m8	2.525	TACCTT
1013670	1832	6m	1.180	ACCTTA
1013670	2240	o6	2.376	TACCTT
1013725	619	7A1	2.559	ACCTTA
1013782	169	o6	2.409	TACCTT
1014198	876	7A1	2.011	ACCTTA
1014235	849	7A1	1.517	ACCTTA
1014294	99	7m8	1.495	TACCTT
1014411	113	7m8	2.037	TACCTT
1014473	2235	8m	2.863	ACCTTA
1014697	107	6m	2.133	ACCTTA
1014883	1023	o6	2.015	TACCTT
1014884	839	6m	3.034	ACCTTA
1014988	5941	8m	2.782	TACCTT
1015073	462	6m	1.687	ACCTTA
1015085	1968	8m	3.082	TACCTT
1015145	2107	6m	1.468	ACCTTA
1015157	450	6m	1.987	ACCTTA
1015259	480	7m8	1.593	TACCTT
1015303	259	6m	3.231	ACCTTA
1015329	403	8m	1.876	TACCTT
1015348	214	o6	1.185	TACCTT
1015394	517	7m8	1.278	TACCTT
1015676	783	8m	2.026	TACCTT
1015676	1663	8m	2.526	TACCTT
1015697	1011	6m	1.244	ACCTTA
1015928	446	o6	3.398	TACCTT
1015936	1835	8m	1.284	ACCTTA
1016016	2113	7A1	1.579	ACCTTA
1016026	2428	o6	1.181	TACCTT
1016176	1429	o6	2.220	TACCTT
1016200	1347	7m8	2.544	TACCTT
1016220	3	o6	4.659	TACCTT
1016281	781	6m	1.101	ACCTTA
1016418	231	o6	2.220	TACCTT
1016418	280	7m8	1.729	TACCTT
1016512	684	o6	2.033	TACCTT
1016565	1198	o6	2.660	TACCTT
1016574	4989	6m	1.589	ACCTTA
1016632	137	o6	1.000	TACCTT
1016677	226	8m	1.108	ACCTTA
1016695	997	o6	1.201	TACCTT
1016698	1247	7m8	1.328	TACCTT
1016701	1082	8m	1.403	TACCTT
1016713	2630	8m	1.239	ACCTTA
1016721	22	o6	2.448	TACCTT
1016922	585	o6	2.781	TACCTT
1016951	601	8m	2.073	TACCTT
1016986	915	7A1	3.058	ACCTTA
1017001	256	7A1	2.925	ACCTTA
1017127	374	7A1	1.590	ACCTTA
1017127	802	8m	1.629	TACCTT
1017169	382	o6	1.078	TACCTT
1017197	1785	8m	2.544	TACCTT
1017245	418	7m8	1.873	TACCTT
1017511	1301	6m	1.690	ACCTTA
1017614	1097	6m	2.370	ACCTTA
1017614	4744	o6	3.028	TACCTT
1017614	5871	o6	3.028	TACCTT
1017618	1025	o6	1.242	TACCTT
1017847	192	8m	1.633	ACCTTA
1017853	306	6m	1.504	ACCTTA
1017916	814	6m	1.002	ACCTTA
1018029	85	o6	1.186	TACCTT
1018134	2447	o6	1.777	TACCTT
1018257	457	o6	2.273	TACCTT
1018409	350	7A1	1.864	ACCTTA
1018530	2688	o6	1.157	TACCTT
1018632	3535	7m8	1.122	TACCTT
1019198	803	7m8	2.417	TACCTT
1019233	567	o6	2.331	TACCTT
1019441	607	o6	2.129	TACCTT
1019465	1419	o6	1.288	TACCTT
1019579	2600	o6	1.070	TACCTT
1019695	486	8m	1.251	TACCTT
1019854	22	6m	1.755	ACCTTA
1019983	137	6m	2.183	ACCTTA
1019983	146	6m	2.183	ACCTTA
1019983	162	o6	2.183	TACCTT
1020074	568	6m	1.322	ACCTTA
1020253	1321	7m8	1.421	TACCTT
1020253	2377	o6	2.640	TACCTT
1020253	2385	8m	2.640	TACCTT
1020550	132	7m8	2.854	TACCTT
1020564	1077	o6	1.284	TACCTT
1020615	3445	o6	1.606	TACCTT
1020636	55	8m	2.408	ACCTTA
1020787	352	7m8	1.175	TACCTT
1020934	1397	7A1	1.285	ACCTTA
1021178	409	7m8	1.832	TACCTT
1021327	58	8m	1.400	TACCTT
1021540	2469	o6	1.562	TACCTT
1021540	3634	o6	3.034	TACCTT
1021541	235	7A1	1.284	ACCTTA
1021608	531	8m	1.342	TACCTT
1021741	181	o6	2.660	TACCTT
1021741	230	7m8	2.075	TACCTT
1021800	178	o6	1.596	TACCTT
1021899	1924	o6	2.220	TACCTT
1021918	675	7m8	1.112	TACCTT
1022066	3021	7m8	1.741	ACCTTA
1022101	1121	6m	1.032	ACCTTA
1022168	640	8m	2.564	TACCTT
1022256	735	o6	3.001	TACCTT
1022495	1031	7m8	1.135	TACCTT
1022656	88	7m8	1.516	TACCTT
1022843	350	o6	1.694	TACCTT
1022963	102	8m	1.019	TACCTT
1022963	242	o6	1.371	TACCTT
1023100	982	o6	3.005	TACCTT
1023100	2256	7A1	2.531	ACCTTA
1023292	578	6m	1.554	ACCTTA
1023340	374	6m	1.394	ACCTTA
1023426	489	8m	1.264	TACCTT
1023681	956	o6	1.047	TACCTT
1023784	3464	7A1	1.023	ACCTTA
1023784	4455	o6	2.592	TACCTT
1023805	4659	o6	2.544	TACCTT
1023846	1251	o6	2.537	TACCTT
1023897	1068	7m8	1.394	TACCTT
1024009	111	6m	1.130	ACCTTA
1024133	1941	6m	1.146	ACCTTA
1024204	963	o6	1.362	TACCTT
1024211	912	o6	1.103	TACCTT
1024381	767	7m8	1.269	ACCTTA
1024381	2372	o6	2.698	TACCTT
1024397	1222	7A1	1.397	ACCTTA
1024418	552	o6	1.753	TACCTT
1024448	2090	8m	1.016	ACCTTA
1024489	310	o6	1.044	TACCTT
1024505	123	7A1	2.845	ACCTTA
1024522	159	7A1	1.234	ACCTTA
1024522	167	7m8	1.234	TACCTT
1024537	51	8m	1.081	ACCTTA
1024612	2052	o6	2.563	TACCTT
1024622	1451	7m8	1.953	ACCTTA
1024648	8777	6m	1.521	ACCTTA
1024648	11314	6m	1.125	ACCTTA
1024715	2340	o6	1.484	TACCTT
1024715	3967	6m	2.685	ACCTTA
1024753	281	o6	1.555	TACCTT
1024904	1880	7A1	1.186	ACCTTA
1024935	1574	o6	1.258	TACCTT
1025022	451	7A1	1.484	ACCTTA
1025204	519	o6	2.981	TACCTT
1025293	366	o6	1.582	TACCTT
1025298	1334	7m8	1.241	TACCTT
1025340	40	o6	2.670	TACCTT
1025380	307	o6	1.266	TACCTT
1025391	15	o6	2.321	TACCTT
1025391	389	6m	2.561	ACCTTA
1025392	46	7m8	2.106	ACCTTA
1025424	992	o6	1.089	TACCTT
1025488	254	8m	3.107	ACCTTA
1025491	637	o6	3.205	TACCTT
1025678	81	o6	1.040	TACCTT
1025690	219	o6	1.555	TACCTT
1025725	76	o6	1.747	TACCTT
1026096	262	6m	1.028	ACCTTA
1026293	49	6m	1.115	ACCTTA
1026554	756	o6	1.074	TACCTT
1026711	913	8m	2.608	TACCTT
1026711	1180	8m	2.309	TACCTT
1026711	1723	7m8	2.608	TACCTT
1026711	3024	8m	1.073	TACCTT
1026853	2676	o6	2.425	TACCTT
1027073	261	7m8	2.127	TACCTT
1027115	145	o6	2.559	TACCTT
1027186	44	o6	2.493	TACCTT
1027348	312	o6	1.295	TACCTT
1027556	14	7m8	1.263	TACCTT
1027825	155	o6	1.184	TACCTT
1027887	171	7m8	1.394	TACCTT
1028001	589	o6	1.560	TACCTT
1028001	1040	7m8	2.098	TACCTT
1028011	1804	7A1	2.071	ACCTTA
1028049	307	o6	1.535	TACCTT
1028063	264	6m	1.469	ACCTTA
1028262	362	o6	1.604	TACCTT
1028269	836	o6	1.340	TACCTT
1028751	2003	7A1	2.669	ACCTTA
1028959	41	o6	2.088	TACCTT
1029192	919	o6	2.404	TACCTT
1029309	154	7A1	1.245	ACCTTA
1029309	490	o6	1.245	TACCTT
1029384	3045	o6	1.905	TACCTT
1029385	139	o6	1.029	TACCTT
1029391	134	o6	1.687	TACCTT
1029510	25	6m	1.048	ACCTTA
1029773	119	o6	1.053	TACCTT
1029891	365	o6	1.324	TACCTT
1029934	721	6m	1.047	ACCTTA
1029995	175	o6	1.086	TACCTT
1030027	142	o6	1.185	TACCTT
1030245	265	o6	1.944	TACCTT
1030266	1610	o6	3.005	TACCTT
1030266	2850	7A1	1.970	ACCTTA
1030491	65	o6	1.632	TACCTT
1030731	52	o6	1.562	TACCTT
1030782	305	o6	2.544	TACCTT
1031001	209	7A1	1.073	ACCTTA
1031013	477	o6	2.350	TACCTT
1031072	228	6m	1.645	ACCTTA
1031139	97	6m	1.077	ACCTTA
1031224	2389	o6	1.218	TACCTT
1031480	317	7A1	2.483	ACCTTA
1031495	825	o6	1.710	TACCTT
1031616	111	o6	1.804	TACCTT
1031749	233	6m	2.021	ACCTTA
1031782	943	o6	1.396	TACCTT
1031830	2415	o6	2.815	TACCTT
1031883	1534	o6	2.537	TACCTT
1031944	152	o6	1.006	TACCTT
1032022	85	8m	1.585	TACCTT
1032369	2473	o6	2.593	TACCTT
1032369	3858	6m	1.255	ACCTTA
1032640	107	o6	1.155	TACCTT
1032687	396	o6	1.440	TACCTT
1032728	539	7A1	1.719	ACCTTA
1032766	206	7A1	1.376	ACCTTA
1032799	3268	o6	1.154	TACCTT
1032965	736	o6	2.301	TACCTT
1033089	2003	o6	1.258	TACCTT
1033138	620	7m8	1.912	TACCTT
1033141	444	o6	1.449	TACCTT
1033141	5774	7m8	2.433	TACCTT
1033184	5	7m8	2.012	TACCTT
1033184	110	7m8	2.404	TACCTT
1033254	207	7m8	1.162	ACCTTA
1033281	384	o6	1.397	TACCTT
1033333	852	7m8	1.861	TACCTT
1033384	1991	8m	2.244	TACCTT
1033547	95	o6	1.284	TACCTT
1033598	382	7A1	1.497	ACCTTA
1033616	901	7m8	2.002	TACCTT
1033877	1841	o6	2.549	TACCTT
1033906	145	7A1	2.206	ACCTTA
1033933	50	o6	1.222	TACCTT
1033960	1000	6m	1.573	ACCTTA
1033971	1458	o6	3.009	TACCTT
1033977	99	7m8	1.039	TACCTT
1033987	468	8m	1.284	TACCTT
1034074	2093	7m8	1.300	TACCTT
1034109	244	7m8	2.372	TACCTT
1034121	2982	o6	1.560	TACCTT
1034160	1249	o6	1.201	TACCTT
1034161	85	8m	1.061	TACCTT
1034235	558	6m	3.649	ACCTTA
1034265	626	6m	1.641	ACCTTA
1034304	1609	o6	3.097	TACCTT
1034304	3728	7A1	1.683	ACCTTA
1034331	851	o6	2.802	TACCTT
1034358	252	6m	1.209	ACCTTA
1034529	640	6m	1.024	ACCTTA
1034641	64	o6	1.065	TACCTT
1034739	3004	o6	3.238	TACCTT
1034771	1179	7m8	2.428	TACCTT
1034795	147	8m	1.512	TACCTT
1034800	96	o6	2.592	TACCTT
1034839	1280	6m	2.328	ACCTTA
1034909	140	7A1	1.335	ACCTTA
1034941	2030	6m	1.104	ACCTTA
1034995	5321	o6	2.608	TACCTT
1035033	697	7m8	1.167	TACCTT
1035058	74	6m	1.079	ACCTTA
1035132	96	6m	1.849	ACCTTA
1035213	1058	o6	2.529	TACCTT
1035252	340	6m	1.606	ACCTTA
1035288	666	6m	2.064	ACCTTA
1035314	599	6m	2.474	ACCTTA
1035327	120	o6	3.154	TACCTT
1035380	951	o6	2.501	TACCTT
1035446	91	o6	2.045	TACCTT
1035453	325	o6	1.733	TACCTT
1035569	9783	6m	2.003	ACCTTA
1035569	11916	o6	2.244	TACCTT
1035569	13978	o6	1.112	TACCTT
1035783	1971	o6	3.066	TACCTT
1035783	2456	8m	3.358	TACCTT
1035783	4717	o6	3.360	TACCTT
1035783	5001	7m8	1.487	TACCTT
1035798	1342	7A1	1.508	ACCTTA
1035798	2017	8m	1.234	TACCTT
1035843	1601	o6	2.427	TACCTT
1035992	43	o6	1.793	TACCTT
1036002	154	o6	2.377	TACCTT
1036053	1193	o6	3.214	TACCTT
1036208	66	o6	3.267	TACCTT
1036286	276	7m8	1.560	TACCTT
1036340	18	8m	2.067	TACCTT
1036568	4195	6m	1.009	ACCTTA
1036601	2091	o6	2.301	TACCTT
1036706	2169	6m	2.566	ACCTTA
1036745	712	8m	1.958	TACCTT
1036967	181	o6	1.687	TACCTT
1037031	542	6m	1.336	ACCTTA
1037207	633	o6	2.977	TACCTT
1037398	1165	o6	1.900	TACCTT
1037437	342	o6	1.317	TACCTT
1037888	186	8m	2.321	TACCTT
1038067	671	o6	1.394	TACCTT
1038084	320	7m8	2.093	TACCTT
1038127	1127	6m	1.515	ACCTTA
1038127	1369	o6	1.473	TACCTT
1038214	662	8m	1.683	ACCTTA
1038223	71	8m	2.864	TACCTT
1038342	867	6m	1.319	ACCTTA
1038431	533	8m	1.560	TACCTT
1038440	464	o6	2.073	TACCTT
1038485	1778	o6	2.301	TACCTT
1038529	1995	7m8	1.560	TACCTT
1038589	1002	7m8	2.017	ACCTTA
1038841	481	o6	2.309	TACCTT
1038873	317	6m	1.101	ACCTTA
1038897	1406	7m8	1.917	ACCTTA
1038900	2428	7m8	1.917	ACCTTA
1038908	274	7m8	4.017	ACCTTA
1038945	580	8m	1.288	ACCTTA
1039084	58	o6	1.807	TACCTT
1039114	1429	o6	3.641	TACCTT
1039187	105	6m	1.325	ACCTTA
1039187	331	o6	1.571	TACCTT
1039202	1449	o6	1.623	TACCTT
1039218	905	o6	2.269	TACCTT
1039267	1229	o6	1.896	TACCTT
1039496	1462	o6	1.277	TACCTT
1039502	1307	6m	2.964	ACCTTA
1039651	584	8m	1.852	ACCTTA
1039852	426	o6	2.194	TACCTT
1039932	158	6m	1.236	ACCTTA
1039935	36	8m	1.169	TACCTT
1039949	516	o6	2.972	TACCTT
1039949	2668	7m8	1.639	TACCTT
1039955	797	7A1	2.686	ACCTTA
1039971	48	6m	1.243	ACCTTA
1039971	879	8m	1.456	ACCTTA
1039974	252	o6	1.600	TACCTT
1040048	1696	o6	2.429	TACCTT
1040054	446	8m	1.339	TACCTT
1040058	1338	6m	1.250	ACCTTA
1040096	229	o6	1.349	TACCTT
1040132	20	o6	2.007	TACCTT
1040168	163	o6	1.560	TACCTT
1040210	3117	7m8	2.270	ACCTTA
1040214	2894	7m8	2.433	TACCTT
1040237	424	6m	1.076	ACCTTA
1040240	618	7A1	1.117	ACCTTA
1040337	1461	o6	1.525	TACCTT
1040395	1902	7A1	1.936	ACCTTA
1040483	927	o6	1.560	TACCTT
1040635	4694	8m	1.880	TACCTT
1040635	4886	o6	2.447	TACCTT
1040635	5378	7A1	1.520	ACCTTA
1040646	897	6m	2.647	ACCTTA
