1001601	498	7A1	2.350	ACGGGT
1001619	201	o6	1.054	TACGGG
1002304	59	o6	1.321	TACGGG
1004871	115	o6	1.002	TACGGG
1005455	443	6m	1.560	ACGGGT
1007242	3545	8m	2.631	TACGGG
1007502	107	8m	2.486	TACGGG
1007647	1428	6m	3.034	ACGGGT
1007923	1795	8m	2.660	TACGGG
1008213	1377	6m	1.936	ACGGGT
1008279	276	7A1	1.155	ACGGGT
1008711	106	6m	1.026	ACGGGT
1008720	33	7m8	1.614	TACGGG
1009369	1329	8m	1.690	TACGGG
1009665	338	6m	2.220	ACGGGT
1009684	3	7m8	3.034	TACGGG
1009844	377	8m	2.653	ACGGGT
1009948	1546	6m	1.241	ACGGGT
1010160	232	o6	1.241	TACGGG
1010237	2148	o6	1.215	TACGGG
1011982	511	6m	1.257	ACGGGT
1012666	4	6m	2.649	ACGGGT
1013267	39	o6	1.520	TACGGG
1013643	659	7m8	2.065	TACGGG
1013927	160	6m	2.217	ACGGGT
1014884	1918	7A1	1.064	ACGGGT
1014895	105	6m	1.053	ACGGGT
1014920	122	7m8	1.084	TACGGG
1015047	850	7A1	1.687	ACGGGT
1015209	422	6m	1.848	ACGGGT
1015480	417	6m	2.561	ACGGGT
1015555	1534	8m	2.257	TACGGG
1015952	49	o6	1.603	TACGGG
1016026	2823	o6	1.322	TACGGG
1016026	3315	6m	2.220	ACGGGT
1016599	1676	6m	1.053	ACGGGT
1017197	507	6m	1.216	ACGGGT
1017485	20	6m	1.163	ACGGGT
1017924	215	6m	1.284	ACGGGT
1018873	1644	7A1	1.719	ACGGGT
1019410	103	6m	1.829	ACGGGT
1019465	921	6m	1.591	ACGGGT
1021326	25	6m	1.582	ACGGGT
1021452	175	8m	1.071	TACGGG
1022285	81	8m	2.483	TACGGG
1022941	2578	6m	2.029	ACGGGT
1023015	420	o6	1.681	TACGGG
1023054	401	o6	1.328	TACGGG
1023599	4681	6m	1.824	ACGGGT
1023658	76	6m	1.512	ACGGGT
1023673	712	o6	1.680	TACGGG
1023678	822	o6	1.119	TACGGG
1023717	588	6m	1.770	ACGGGT
1024762	924	7A1	1.053	ACGGGT
1024895	1046	6m	1.017	ACGGGT
1025064	1187	o6	1.405	TACGGG
1025455	1276	6m	1.255	ACGGGT
1025615	371	7m8	1.559	TACGGG
1026188	3	o6	1.224	TACGGG
1026687	286	o6	1.147	TACGGG
1027138	1	o6	1.680	TACGGG
1028734	4347	6m	2.033	ACGGGT
1029003	639	o6	1.759	TACGGG
1029097	623	7m8	2.794	TACGGG
1029749	604	o6	1.245	TACGGG
1030258	207	6m	1.132	ACGGGT
1030658	877	7m8	1.951	TACGGG
1031375	106	o6	1.409	TACGGG
1031821	137	o6	1.225	TACGGG
1032132	116	6m	1.017	ACGGGT
1032325	1922	7m8	1.329	ACGGGT
1032663	48	o6	1.082	TACGGG
1033254	392	6m	1.973	ACGGGT
1033481	2121	8m	3.347	TACGGG
1033739	757	7m8	4.317	ACGGGT
1033827	384	6m	1.260	ACGGGT
1034397	3258	6m	1.262	ACGGGT
1034493	1167	6m	2.696	ACGGGT
1036053	96	o6	1.449	TACGGG
1036127	10337	6m	1.812	ACGGGT
1036160	666	o6	1.231	TACGGG
1036374	2367	6m	1.400	ACGGGT
1036630	172	6m	1.101	ACGGGT
1038293	3299	6m	2.738	ACGGGT
1038410	625	7A1	1.959	ACGGGT
1038643	42	o6	3.037	TACGGG
1038960	21	o6	1.902	TACGGG
1039061	3006	8m	1.144	TACGGG
1039497	984	o6	1.380	TACGGG
1039636	652	8m	2.047	TACGGG
1039808	1632	o6	3.033	TACGGG
1039811	1587	o6	3.033	TACGGG
1039959	769	6m	1.104	ACGGGT
1040037	1621	o6	3.033	TACGGG
1040091	723	o6	3.846	TACGGG
1040171	452	7A1	1.673	ACGGGT
1040202	1203	6m	1.011	ACGGGT
1040237	488	o6	1.650	TACGGG
1040346	5818	6m	1.594	ACGGGT
1040367	1877	7m8	1.073	TACGGG
1040560	1694	7m8	1.224	TACGGG
1040590	246	7A1	1.876	ACGGGT
