1000029	325	6m	1.348	GCATTT
1000029	887	o6	2.626	TGCATT
1000038	276	8m	1.617	GCATTT
1000041	193	6m	1.228	GCATTT
1000042	796	o6	1.687	TGCATT
1000054	429	6m	2.544	GCATTT
1000057	289	6m	2.433	GCATTT
1000069	1177	7m8	2.449	GCATTT
1000074	207	7A1	2.537	GCATTT
1000074	217	o6	3.075	TGCATT
1000081	312	o6	2.879	TGCATT
1000084	328	6m	1.082	GCATTT
1000122	93	7A1	2.544	GCATTT
1000126	388	7A1	2.807	GCATTT
1000134	1027	o6	1.156	TGCATT
1000134	1761	7m8	2.164	TGCATT
1000150	415	o6	2.148	TGCATT
1000171	109	7m8	1.687	TGCATT
1000171	176	7A1	1.747	GCATTT
1000176	153	o6	1.493	TGCATT
1000195	576	7m8	2.682	GCATTT
1000195	637	6m	1.848	GCATTT
1000227	156	6m	1.082	GCATTT
1000240	101	8m	1.000	TGCATT
1000245	573	6m	2.350	GCATTT
1000248	358	6m	1.634	GCATTT
1000248	862	7m8	1.322	TGCATT
1000249	1719	6m	1.040	GCATTT
1000252	58	o6	1.295	TGCATT
1000264	38	7A1	3.822	GCATTT
1000278	256	7A1	2.995	GCATTT
1000281	954	6m	1.726	GCATTT
1000282	664	6m	1.328	GCATTT
1000345	218	6m	2.442	GCATTT
1000376	145	8m	1.412	TGCATT
1000379	21	8m	4.576	GCATTT
1000380	200	6m	2.243	GCATTT
1000385	1078	8m	2.608	GCATTT
1000386	1292	6m	1.047	GCATTT
1000395	38	8m	1.687	TGCATT
1000406	65	6m	1.781	GCATTT
1000407	368	6m	1.491	GCATTT
1000407	951	o6	1.948	TGCATT
1000442	183	7m8	1.982	TGCATT
1000442	284	o6	2.194	TGCATT
1000443	2737	8m	2.390	TGCATT
1000446	377	o6	1.690	TGCATT
1000446	493	7m8	1.981	TGCATT
1000446	608	8m	3.024	TGCATT
1000472	1312	8m	1.687	GCATTT
1000481	137	6m	1.229	GCATTT
1000484	197	7m8	2.544	TGCATT
1000500	29	7m8	1.308	TGCATT
1000500	864	6m	2.446	GCATTT
1000506	117	7A1	1.983	GCATTT
1000511	389	7m8	2.552	TGCATT
1000511	824	o6	1.768	TGCATT
1000545	348	7A1	1.731	GCATTT
1000580	996	6m	1.322	GCATTT
1000580	1492	7A1	2.329	GCATTT
1000580	1682	6m	1.301	GCATTT
1000590	645	7m8	1.055	GCATTT
1000634	32	6m	2.425	GCATTT
1000643	52	6m	1.900	GCATTT
1000649	583	8m	2.522	TGCATT
1000649	773	o6	1.006	TGCATT
1000649	853	7m8	1.944	TGCATT
1000653	424	7A1	1.845	GCATTT
1000673	267	6m	1.756	GCATTT
1000692	147	8m	2.001	GCATTT
1000706	1524	7A1	1.598	GCATTT
1000707	150	7A1	1.617	GCATTT
1000730	198	8m	2.449	GCATTT
1000757	32	7m8	1.295	TGCATT
1000767	239	o6	1.560	TGCATT
1000784	211	8m	1.563	TGCATT
1000784	374	6m	1.040	GCATTT
1000784	592	7m8	1.321	TGCATT
1000784	1068	7m8	1.056	TGCATT
1000814	686	o6	1.503	TGCATT
1000824	1750	7A1	2.091	GCATTT
1000829	734	6m	2.730	GCATTT
1000829	1219	8m	1.599	GCATTT
1000842	337	8m	2.025	TGCATT
1000842	587	7A1	2.713	GCATTT
1000845	113	8m	2.026	TGCATT
1000845	327	7A1	2.350	GCATTT
1000845	1356	8m	1.786	GCATTT
1000845	2269	8m	2.200	TGCATT
1000845	2689	7m8	2.013	GCATTT
1000863	318	6m	2.220	GCATTT
1000863	437	o6	1.053	TGCATT
1000875	374	7m8	1.284	TGCATT
1000875	822	7m8	2.226	TGCATT
1000890	455	o6	1.020	TGCATT
1000919	503	6m	1.510	GCATTT
1000940	214	8m	1.647	GCATTT
1000956	554	6m	1.249	GCATTT
1000968	1072	7m8	2.231	TGCATT
1000979	576	o6	2.246	TGCATT
1000979	649	6m	2.533	GCATTT
1000979	2144	6m	2.073	GCATTT
1000991	302	o6	2.509	TGCATT
1000992	295	6m	2.189	GCATTT
1001012	743	7m8	2.481	TGCATT
1001012	876	7m8	1.632	TGCATT
1001012	1710	o6	1.541	TGCATT
1001012	2173	7m8	1.299	TGCATT
1001075	2256	7m8	2.256	TGCATT
1001090	722	6m	1.322	GCATTT
1001105	396	6m	1.053	GCATTT
1001113	149	6m	2.341	GCATTT
1001155	91	7A1	1.153	GCATTT
1001155	144	6m	2.076	GCATTT
1001155	150	8m	2.076	TGCATT
1001164	71	o6	1.322	TGCATT
1001190	72	7m8	1.740	GCATTT
1001194	52	6m	2.447	GCATTT
1001206	1	7m8	1.137	GCATTT
1001244	721	o6	1.873	TGCATT
1001249	480	o6	1.680	TGCATT
1001249	566	7m8	1.680	GCATTT
1001250	187	6m	1.645	GCATTT
1001250	204	6m	2.443	GCATTT
1001285	59	6m	3.001	GCATTT
1001286	94	6m	2.055	GCATTT
1001286	134	7A1	1.315	GCATTT
1001295	489	7A1	2.341	GCATTT
1001325	175	8m	1.053	TGCATT
1001334	151	6m	1.180	GCATTT
1001372	358	7m8	1.278	TGCATT
1001378	136	8m	1.006	TGCATT
1001385	250	8m	2.133	TGCATT
1001394	37	8m	1.560	GCATTT
1001403	80	7m8	3.647	GCATTT
1001417	832	8m	2.025	TGCATT
1001440	432	6m	1.158	GCATTT
1001482	361	o6	1.073	TGCATT
1001514	969	7m8	1.766	TGCATT
1001515	197	7m8	1.262	GCATTT
1001524	5	7m8	1.787	GCATTT
1001533	1064	6m	1.699	GCATTT
1001533	2110	o6	1.563	TGCATT
1001533	3854	7m8	1.563	GCATTT
1001533	5429	6m	2.231	GCATTT
1001577	402	o6	1.251	TGCATT
1001601	900	7m8	1.854	TGCATT
1001601	1240	7m8	1.883	TGCATT
1001601	3562	8m	2.344	TGCATT
1001607	669	8m	2.278	TGCATT
1001610	169	7m8	1.038	TGCATT
1001610	576	o6	1.853	TGCATT
1001629	281	8m	1.689	TGCATT
1001661	1398	6m	1.047	GCATTT
1001735	155	8m	2.311	GCATTT
1001738	363	o6	1.972	TGCATT
1001753	230	o6	1.053	TGCATT
1001753	558	o6	1.218	TGCATT
1001817	1866	7m8	2.372	TGCATT
1001874	33	7m8	2.073	TGCATT
1001874	50	6m	2.533	GCATTT
1001897	814	o6	1.517	TGCATT
1001916	263	o6	1.050	TGCATT
1001937	486	6m	2.902	GCATTT
1001937	1850	6m	1.108	GCATTT
1001937	2477	6m	1.521	GCATTT
1002005	52	6m	1.090	GCATTT
1002074	141	o6	1.567	TGCATT
1002080	239	7m8	2.026	GCATTT
1002081	483	o6	1.241	TGCATT
1002098	543	7m8	2.472	TGCATT
1002102	403	7A1	2.240	GCATTT
1002105	31	o6	1.159	TGCATT
1002105	43	6m	2.533	GCATTT
1002123	16	8m	1.284	GCATTT
1002128	181	7m8	2.544	TGCATT
1002132	238	7m8	3.242	GCATTT
1002183	69	6m	1.030	GCATTT
1002203	84	7A1	3.255	GCATTT
1002236	923	7A1	1.990	GCATTT
1002260	137	7A1	1.973	GCATTT
1002304	380	o6	1.825	TGCATT
1002344	97	7A1	1.808	GCATTT
1002374	86	7A1	1.980	GCATTT
1002404	455	o6	1.156	TGCATT
1002415	19	7m8	2.228	GCATTT
1002415	206	o6	1.129	TGCATT
1002415	502	6m	1.455	GCATTT
1002478	133	7m8	2.943	TGCATT
1002503	137	o6	2.081	TGCATT
1002506	27	o6	1.272	TGCATT
1002514	107	6m	1.272	GCATTT
1002527	313	7A1	1.322	GCATTT
1002527	906	6m	1.345	GCATTT
1002527	1167	7m8	1.874	TGCATT
1002578	619	7A1	1.973	GCATTT
1002647	24	8m	1.313	GCATTT
1002658	19	7m8	2.049	GCATTT
1002695	389	7A1	2.148	GCATTT
1002695	969	8m	2.013	TGCATT
1002704	248	o6	2.429	TGCATT
1002731	281	6m	2.403	GCATTT
1002743	199	7m8	1.509	TGCATT
1002760	77	o6	2.073	TGCATT
1002797	452	7m8	1.880	TGCATT
1002797	632	6m	1.104	GCATTT
1002805	239	8m	1.371	TGCATT
1002805	319	6m	1.441	GCATTT
1002815	919	6m	4.794	GCATTT
1002818	59	6m	2.218	GCATTT
1002842	109	7m8	3.407	GCATTT
1002898	559	7m8	2.441	GCATTT
1002919	16	7A1	1.067	GCATTT
1002923	31	o6	1.689	TGCATT
1002982	69	8m	3.960	GCATTT
1002997	28	8m	2.212	TGCATT
1003018	186	o6	1.444	TGCATT
1003018	310	6m	1.616	GCATTT
1003072	81	o6	1.589	TGCATT
1003084	104	o6	3.577	TGCATT
1003104	35	7A1	2.457	GCATTT
1003108	142	o6	1.835	TGCATT
1003122	782	6m	1.744	GCATTT
1003122	1212	o6	1.550	TGCATT
1003248	1617	o6	2.561	TGCATT
1003251	425	6m	3.021	GCATTT
1003288	107	6m	1.405	GCATTT
1003297	795	6m	2.046	GCATTT
1003298	440	6m	2.191	GCATTT
1003313	20	7m8	1.577	GCATTT
1003325	316	6m	2.756	GCATTT
1003346	301	7m8	1.394	TGCATT
1003363	21	6m	1.053	GCATTT
1003387	64	8m	3.398	GCATTT
1003409	33	7A1	1.301	GCATTT
1003417	255	6m	1.940	GCATTT
1003424	1180	o6	2.680	TGCATT
1003460	124	6m	2.464	GCATTT
1003460	173	7m8	2.017	TGCATT
1003495	296	7A1	1.015	GCATTT
1003498	234	6m	2.110	GCATTT
1003501	460	8m	1.700	TGCATT
1003549	21	o6	1.212	TGCATT
1003589	191	6m	2.351	GCATTT
1003624	237	6m	2.220	GCATTT
1003631	2273	8m	1.563	TGCATT
1003631	2492	7m8	1.490	GCATTT
1003631	3304	7A1	2.544	GCATTT
1003640	88	8m	2.815	TGCATT
1003654	27	8m	1.606	TGCATT
1003664	137	8m	3.058	TGCATT
1003702	456	7m8	2.309	TGCATT
1003794	194	6m	1.190	GCATTT
1003810	20	7m8	2.072	GCATTT
1003873	362	o6	1.487	TGCATT
1003957	64	6m	1.504	GCATTT
1003975	43	7m8	2.433	TGCATT
1003975	367	o6	1.512	TGCATT
1003984	60	6m	1.322	GCATTT
1003987	236	7m8	1.028	TGCATT
1003999	667	o6	1.566	TGCATT
1004034	652	7A1	1.067	GCATTT
1004050	272	7m8	3.649	TGCATT
1004085	56	7m8	2.972	TGCATT
1004113	54	7m8	1.282	GCATTT
1004119	184	7m8	2.015	TGCATT
1004119	197	o6	1.324	TGCATT
1004148	175	7A1	1.720	GCATTT
1004286	220	7m8	2.543	GCATTT
1004377	21	6m	1.246	GCATTT
1004377	54	7m8	1.468	GCATTT
1004416	35	o6	2.184	TGCATT
1004419	183	7A1	2.218	GCATTT
1004446	1000	7m8	1.339	TGCATT
1004463	712	6m	1.214	GCATTT
1004463	2185	6m	1.311	GCATTT
1004463	2527	7m8	1.362	TGCATT
1004463	3640	8m	2.331	TGCATT
1004503	1	o6	2.327	TGCATT
1004503	1768	o6	2.794	TGCATT
1004503	2029	o6	2.807	TGCATT
1004539	177	8m	3.232	GCATTT
1004564	189	6m	2.243	GCATTT
1004564	204	8m	2.660	GCATTT
1004573	1255	6m	5.714	GCATTT
1004619	133	6m	2.220	GCATTT
1004627	88	6m	1.818	GCATTT
1004657	465	o6	1.693	TGCATT
1004661	929	7m8	2.882	GCATTT
1004697	16	7m8	3.070	GCATTT
1004697	46	o6	1.040	TGCATT
1004712	328	7m8	1.894	GCATTT
1004718	96	6m	2.235	GCATTT
1004724	96	6m	1.322	GCATTT
1004741	165	7m8	2.708	TGCATT
1004747	23	8m	1.079	TGCATT
1004760	304	6m	2.700	GCATTT
1004763	25	o6	1.313	TGCATT
1004804	110	8m	1.966	GCATTT
1004810	76	o6	2.361	TGCATT
1004817	413	8m	3.001	TGCATT
1004817	628	o6	2.776	TGCATT
1004826	28	8m	1.873	TGCATT
1004898	381	7m8	2.458	TGCATT
1004898	590	6m	2.790	GCATTT
1004898	676	o6	1.606	TGCATT
1004898	1733	6m	2.460	GCATTT
1004898	2037	7A1	1.084	GCATTT
1004927	132	6m	1.729	GCATTT
1004966	440	7A1	1.888	GCATTT
1005034	313	7m8	1.434	TGCATT
1005049	689	o6	1.828	TGCATT
1005061	251	7m8	1.606	TGCATT
1005108	630	7m8	1.843	GCATTT
1005150	745	7A1	2.073	GCATTT
1005198	27	8m	2.758	GCATTT
1005278	65	6m	1.322	GCATTT
1005335	440	6m	1.073	GCATTT
1005349	58	7A1	2.199	GCATTT
1005349	1951	8m	2.393	TGCATT
1005349	2097	o6	2.393	TGCATT
1005349	2113	7A1	2.393	GCATTT
1005349	2861	7A1	2.199	GCATTT
1005352	422	7A1	1.590	GCATTT
1005352	436	7m8	2.210	GCATTT
1005358	980	o6	2.149	TGCATT
1005407	258	6m	1.458	GCATTT
1005407	532	6m	1.613	GCATTT
1005429	134	7m8	1.079	TGCATT
1005449	1085	o6	2.828	TGCATT
1005455	699	8m	2.017	TGCATT
1005470	362	6m	2.643	GCATTT
1005470	2086	6m	2.396	GCATTT
1005507	539	6m	1.629	GCATTT
1005550	81	6m	1.272	GCATTT
1005554	87	6m	1.432	GCATTT
1005595	1218	7A1	1.787	GCATTT
1005595	1333	7A1	1.931	GCATTT
1005607	379	o6	1.060	TGCATT
1005607	821	6m	1.444	GCATTT
1005641	134	7m8	1.079	TGCATT
1005646	411	o6	3.398	TGCATT
1005694	146	6m	1.220	GCATTT
1005724	34	6m	2.553	GCATTT
1005733	427	7A1	2.273	GCATTT
1005752	75	6m	1.438	GCATTT
1005752	1249	8m	1.686	TGCATT
1005779	80	o6	1.210	TGCATT
1005830	623	8m	2.255	TGCATT
1005966	113	7A1	1.027	GCATTT
1005970	113	7m8	1.665	GCATTT
1005993	167	o6	1.534	TGCATT
1006066	583	6m	1.995	GCATTT
1006066	802	6m	2.025	GCATTT
1006098	501	7m8	1.831	TGCATT
1006131	344	o6	2.135	TGCATT
1006131	583	8m	2.144	TGCATT
1006173	241	6m	1.134	GCATTT
1006173	325	o6	2.031	TGCATT
1006518	846	6m	1.693	GCATTT
1006518	1244	7m8	1.885	GCATTT
1006548	844	8m	2.218	TGCATT
1006587	589	o6	1.761	TGCATT
1006599	528	o6	1.322	TGCATT
1006599	655	o6	1.778	TGCATT
1006602	17	7m8	1.322	GCATTT
1006615	285	8m	1.315	TGCATT
1006692	107	7m8	2.276	GCATTT
1006714	1011	7A1	2.485	GCATTT
1006714	1119	7m8	2.178	GCATTT
1006714	1395	6m	1.101	GCATTT
1006719	528	7A1	2.365	GCATTT
1006719	2026	8m	2.870	GCATTT
1006723	40	7A1	1.571	GCATTT
1006726	330	6m	1.321	GCATTT
1006726	1171	7m8	1.606	TGCATT
1006726	1213	7A1	2.433	GCATTT
1006726	1757	7m8	2.433	TGCATT
1006735	1362	7A1	2.326	GCATTT
1006758	350	7m8	2.377	TGCATT
1006767	29	7A1	4.821	GCATTT
1006790	9	6m	1.659	GCATTT
1006815	1371	6m	1.032	GCATTT
1006829	370	7m8	1.284	TGCATT
1006838	761	6m	1.242	GCATTT
1006845	563	o6	2.015	TGCATT
1006860	150	7m8	2.103	TGCATT
1006865	71	7m8	1.607	TGCATT
1006872	26	7A1	1.294	GCATTT
1006872	336	6m	2.353	GCATTT
1006872	980	7A1	2.781	GCATTT
1006872	1263	7m8	1.647	TGCATT
1006890	833	o6	2.807	TGCATT
1006928	316	6m	1.322	GCATTT
1006933	536	7m8	1.040	GCATTT
1006933	1082	7m8	1.534	TGCATT
1006933	1251	7A1	1.953	GCATTT
1006940	1355	o6	1.606	TGCATT
1006940	2119	6m	1.529	GCATTT
1007004	1068	7A1	2.350	GCATTT
1007004	1128	7m8	2.350	GCATTT
1007017	310	7m8	2.010	TGCATT
1007031	1005	7A1	2.152	GCATTT
1007050	541	7m8	2.408	GCATTT
1007092	37	6m	3.398	GCATTT
1007092	68	o6	1.328	TGCATT
1007106	383	o6	1.906	TGCATT
1007127	145	o6	1.208	TGCATT
1007172	205	7m8	2.482	TGCATT
1007206	876	7m8	3.642	TGCATT
1007206	883	8m	3.414	TGCATT
1007231	1170	6m	1.818	GCATTT
1007251	1585	6m	2.009	GCATTT
1007251	1629	o6	1.660	TGCATT
1007252	231	8m	1.349	GCATTT
1007252	395	o6	2.190	TGCATT
1007252	400	o6	2.190	TGCATT
1007275	151	7A1	1.325	GCATTT
1007296	1149	8m	2.807	GCATTT
1007296	1278	7A1	1.041	GCATTT
1007301	441	o6	1.113	TGCATT
1007314	1446	8m	1.923	TGCATT
1007364	542	o6	1.528	TGCATT
1007365	37	8m	2.309	GCATTT
1007385	284	7A1	1.312	GCATTT
1007422	18	7m8	2.847	TGCATT
1007448	362	6m	1.007	GCATTT
1007484	404	o6	2.039	TGCATT
1007484	817	o6	2.544	TGCATT
1007490	120	o6	1.264	TGCATT
1007494	254	6m	2.233	GCATTT
1007494	459	6m	1.284	GCATTT
1007502	1170	o6	1.198	TGCATT
1007508	920	8m	1.186	TGCATT
1007514	539	7m8	3.032	TGCATT
1007521	810	7m8	2.565	TGCATT
1007521	2662	o6	1.521	TGCATT
1007547	2751	7A1	2.220	GCATTT
1007547	2901	7m8	1.322	GCATTT
1007584	1504	7m8	2.197	GCATTT
1007584	1523	8m	1.156	TGCATT
1007585	153	8m	2.255	GCATTT
1007585	197	7m8	2.061	TGCATT
1007605	21	8m	2.184	GCATTT
1007608	331	o6	1.322	TGCATT
1007611	215	6m	1.693	GCATTT
1007611	613	7m8	1.885	GCATTT
1007624	438	7A1	1.680	GCATTT
1007624	617	8m	1.075	TGCATT
1007637	280	7m8	1.859	GCATTT
1007637	341	7m8	2.078	TGCATT
1007638	1150	o6	1.687	TGCATT
1007641	229	6m	1.434	GCATTT
1007646	384	6m	2.520	GCATTT
1007663	50	8m	2.098	GCATTT
1007698	245	7A1	2.628	GCATTT
1007698	711	o6	1.158	TGCATT
1007698	2008	o6	1.362	TGCATT
1007707	54	o6	3.398	TGCATT
1007710	518	7A1	1.666	GCATTT
1007731	3485	7m8	1.860	GCATTT
1007734	179	7A1	1.090	GCATTT
1007737	668	7m8	2.623	GCATTT
1007743	315	7A1	2.319	GCATTT
1007743	727	7m8	1.297	TGCATT
1007746	157	7A1	2.319	GCATTT
1007746	569	7m8	1.297	TGCATT
1007749	743	6m	1.890	GCATTT
1007789	863	7A1	2.807	GCATTT
1007789	871	o6	2.807	TGCATT
1007792	138	o6	2.425	TGCATT
1007803	163	o6	1.103	TGCATT
1007807	215	7m8	3.239	GCATTT
1007807	244	6m	3.916	GCATTT
1007807	319	7A1	2.633	GCATTT
1007812	1169	o6	1.430	TGCATT
1007812	2108	6m	1.923	GCATTT
1007812	6305	7A1	2.544	GCATTT
1007815	162	o6	2.210	TGCATT
1007815	169	o6	2.210	TGCATT
1007836	46	o6	1.823	TGCATT
1007840	2018	6m	1.130	GCATTT
1007843	135	o6	1.687	TGCATT
1007843	225	7A1	1.159	GCATTT
1007843	251	7A1	1.184	GCATTT
1007843	270	o6	1.248	TGCATT
1007861	442	8m	1.672	GCATTT
1007870	158	o6	1.606	TGCATT
1007875	672	7m8	1.517	GCATTT
1007875	2948	6m	1.189	GCATTT
1007885	372	7A1	2.784	GCATTT
1007885	708	7A1	1.999	GCATTT
1007897	392	7m8	1.849	TGCATT
1007903	3075	6m	1.048	GCATTT
1007903	3887	6m	2.375	GCATTT
1007903	4260	7A1	2.052	GCATTT
1007908	428	7A1	2.544	GCATTT
1007920	810	6m	1.004	GCATTT
1007920	1641	o6	2.103	TGCATT
1007936	449	6m	1.062	GCATTT
1007950	488	6m	2.215	GCATTT
1007950	527	o6	1.082	TGCATT
1007950	835	7m8	2.443	TGCATT
1007950	1384	7A1	2.214	GCATTT
1007950	1650	7A1	2.538	GCATTT
1007950	1735	7m8	2.214	TGCATT
1007953	117	8m	2.341	TGCATT
1007956	112	7A1	1.952	GCATTT
1007960	61	7m8	2.193	TGCATT
1007969	136	7A1	2.392	GCATTT
1007997	1399	7m8	1.240	GCATTT
1007997	2550	6m	2.544	GCATTT
1008061	63	7m8	3.714	GCATTT
1008067	37	8m	1.254	GCATTT
1008067	310	7m8	3.600	GCATTT
1008093	1366	7A1	2.723	GCATTT
1008105	363	o6	1.029	TGCATT
1008123	81	7m8	1.585	TGCATT
1008126	922	8m	1.820	GCATTT
1008129	107	8m	2.508	GCATTT
1008136	463	7m8	2.602	GCATTT
1008141	890	o6	1.208	TGCATT
1008145	6335	7A1	1.316	GCATTT
1008145	8155	8m	2.276	TGCATT
1008145	8576	o6	1.322	TGCATT
1008145	9508	8m	1.053	TGCATT
1008150	444	6m	2.016	GCATTT
1008157	322	o6	2.190	TGCATT
1008174	295	7m8	2.433	TGCATT
1008178	125	7m8	1.434	GCATTT
1008192	459	6m	2.538	GCATTT
1008198	802	7A1	2.427	GCATTT
1008213	1881	o6	1.059	TGCATT
1008225	1310	6m	2.283	GCATTT
1008237	666	o6	1.048	TGCATT
1008237	755	8m	2.691	TGCATT
1008240	171	6m	2.544	GCATTT
1008240	217	6m	1.149	GCATTT
1008259	220	7m8	2.858	GCATTT
1008271	285	8m	2.350	GCATTT
1008271	303	6m	2.544	GCATTT
1008271	338	7A1	1.053	GCATTT
1008279	249	6m	1.303	GCATTT
1008279	972	8m	1.818	TGCATT
1008285	359	6m	2.459	GCATTT
1008285	1482	8m	2.661	GCATTT
1008285	1585	6m	1.054	GCATTT
1008285	2117	6m	2.661	GCATTT
1008286	1288	8m	2.704	TGCATT
1008286	2147	o6	1.284	TGCATT
1008291	151	o6	1.744	TGCATT
1008307	941	7A1	1.600	GCATTT
1008307	1055	7m8	2.807	GCATTT
1008307	1513	o6	1.606	TGCATT
1008307	1980	7A1	2.262	GCATTT
1008312	181	7m8	1.869	TGCATT
1008322	86	6m	1.546	GCATTT
1008375	34	6m	1.833	GCATTT
1008397	335	7m8	2.275	GCATTT
1008406	734	o6	1.278	TGCATT
1008409	1299	8m	2.537	TGCATT
1008420	391	o6	2.331	TGCATT
1008439	57	8m	2.807	TGCATT
1008454	34	7m8	1.313	TGCATT
1008454	637	7A1	2.544	GCATTT
1008460	46	7m8	1.602	GCATTT
1008498	199	8m	1.606	GCATTT
1008498	211	7A1	1.606	GCATTT
1008524	737	7A1	1.783	GCATTT
1008537	629	o6	2.182	TGCATT
1008549	15	o6	1.547	TGCATT
1008549	20	8m	1.931	GCATTT
1008557	450	6m	1.239	GCATTT
1008557	663	7m8	1.259	TGCATT
1008602	214	7m8	2.050	GCATTT
1008602	613	7m8	2.341	TGCATT
1008606	1050	o6	1.737	TGCATT
1008614	89	7A1	2.377	GCATTT
1008624	211	7m8	3.340	GCATTT
1008638	198	6m	1.451	GCATTT
1008641	110	6m	3.032	GCATTT
1008642	237	o6	1.211	TGCATT
1008647	632	6m	2.220	GCATTT
1008650	812	o6	2.412	TGCATT
1008650	911	o6	2.381	TGCATT
1008666	2487	6m	1.227	GCATTT
1008707	70	o6	1.814	TGCATT
1008707	108	8m	2.917	GCATTT
1008707	358	7A1	1.156	GCATTT
1008708	473	6m	1.284	GCATTT
1008720	147	o6	1.212	TGCATT
1008740	1152	o6	1.501	TGCATT
1008749	1204	7A1	1.322	GCATTT
1008750	208	o6	2.660	TGCATT
1008755	887	7m8	2.708	GCATTT
1008768	273	6m	1.942	GCATTT
1008780	935	6m	2.321	GCATTT
1008783	137	6m	1.606	GCATTT
1008788	140	6m	1.164	GCATTT
1008788	347	o6	1.661	TGCATT
1008803	331	6m	2.206	GCATTT
1008843	85	6m	1.381	GCATTT
1008846	628	7A1	2.378	GCATTT
1008849	201	8m	1.484	GCATTT
1008852	1141	6m	1.084	GCATTT
1008863	212	o6	1.542	TGCATT
1008866	56	6m	3.192	GCATTT
1008866	583	7m8	1.710	TGCATT
1008867	324	8m	1.513	GCATTT
1008881	567	7m8	1.524	TGCATT
1008894	461	8m	2.095	TGCATT
1008897	304	6m	1.163	GCATTT
1008897	882	6m	2.220	GCATTT
1008903	1233	6m	1.027	GCATTT
1008918	243	o6	2.023	TGCATT
1008950	197	o6	2.243	TGCATT
1008965	187	7m8	2.698	TGCATT
1008981	18	8m	2.026	TGCATT
1008981	546	8m	2.449	TGCATT
1008981	926	7m8	1.053	GCATTT
1008989	374	6m	1.533	GCATTT
1008999	112	7m8	1.156	TGCATT
1009004	18	6m	1.425	GCATTT
1009013	57	6m	1.424	GCATTT
1009023	145	7m8	2.198	TGCATT
1009037	2112	o6	1.915	TGCATT
1009037	2125	7A1	2.078	GCATTT
1009037	3427	7m8	3.461	TGCATT
1009043	1084	7m8	2.893	GCATTT
1009043	1642	6m	1.498	GCATTT
1009043	1670	7A1	2.893	GCATTT
1009043	2181	6m	1.389	GCATTT
1009043	2245	7m8	1.215	TGCATT
1009046	46	6m	1.447	GCATTT
1009069	121	7A1	1.573	GCATTT
1009074	168	7A1	2.195	GCATTT
1009074	324	7m8	2.608	GCATTT
1009074	384	8m	1.600	GCATTT
1009083	444	6m	1.485	GCATTT
1009090	129	7m8	1.053	TGCATT
1009108	21	6m	2.342	GCATTT
1009194	199	7m8	1.306	TGCATT
1009194	235	o6	1.681	TGCATT
1009202	154	6m	2.235	GCATTT
1009222	415	7m8	1.053	TGCATT
1009232	176	o6	1.914	TGCATT
1009264	34	7A1	1.521	GCATTT
1009268	38	7m8	1.977	GCATTT
1009280	387	7m8	3.034	GCATTT
1009303	963	6m	2.235	GCATTT
1009328	60	6m	2.452	GCATTT
1009348	358	8m	2.378	TGCATT
1009348	1468	o6	2.176	TGCATT
1009352	156	7m8	2.073	TGCATT
1009360	259	7m8	1.432	TGCATT
1009369	83	6m	3.058	GCATTT
1009369	380	7A1	2.933	GCATTT
1009369	859	6m	1.129	GCATTT
1009375	83	o6	1.013	TGCATT
1009391	91	7m8	3.525	TGCATT
1009434	140	6m	1.582	GCATTT
1009439	340	6m	1.284	GCATTT
1009451	524	o6	1.327	TGCATT
1009475	736	6m	2.448	GCATTT
1009475	744	7A1	1.591	GCATTT
1009475	1213	7m8	1.405	GCATTT
1009475	1219	7m8	2.435	TGCATT
1009511	576	7A1	2.507	GCATTT
1009576	175	6m	2.822	GCATTT
1009576	255	6m	3.977	GCATTT
1009665	508	6m	1.156	GCATTT
1009673	45	o6	1.156	TGCATT
1009684	499	7m8	3.034	TGCATT
1009714	30	7m8	2.015	GCATTT
1009714	280	6m	1.178	GCATTT
1009736	1649	6m	2.415	GCATTT
1009748	516	6m	1.562	GCATTT
1009748	1844	6m	3.034	GCATTT
1009760	61	o6	2.262	TGCATT
1009760	203	o6	3.034	TGCATT
1009768	171	7m8	1.440	TGCATT
1009769	30	6m	1.277	GCATTT
1009769	1022	6m	2.265	GCATTT
1009781	530	6m	1.981	GCATTT
1009823	224	6m	1.257	GCATTT
1009834	689	6m	2.548	GCATTT
1009834	2195	8m	2.256	GCATTT
1009838	23	o6	1.690	TGCATT
1009844	86	6m	2.204	GCATTT
1009869	148	7m8	2.582	GCATTT
1009873	698	8m	1.604	TGCATT
1009878	46	7A1	1.049	GCATTT
1009915	42	6m	1.500	GCATTT
1009933	119	7m8	2.142	TGCATT
1009948	574	o6	1.606	TGCATT
1009959	349	o6	1.116	TGCATT
1009974	153	7m8	1.321	TGCATT
1009974	455	7m8	2.863	GCATTT
1010047	447	o6	2.056	TGCATT
1010050	322	o6	1.781	TGCATT
1010054	291	7m8	2.136	TGCATT
1010054	758	7m8	2.385	GCATTT
1010054	793	6m	2.385	GCATTT
1010054	847	7A1	2.129	GCATTT
1010054	1678	7m8	2.262	TGCATT
1010061	89	7m8	1.947	TGCATT
1010106	0	6m	1.421	GCATTT
1010135	36	6m	2.050	GCATTT
1010142	201	o6	1.064	TGCATT
1010160	943	7m8	1.563	GCATTT
1010172	71	6m	1.706	GCATTT
1010228	26	o6	1.573	TGCATT
1010232	2663	6m	2.275	GCATTT
1010232	2804	8m	2.694	GCATTT
1010237	2136	o6	2.854	TGCATT
1010238	2290	6m	2.275	GCATTT
1010238	2431	8m	2.694	GCATTT
1010249	186	7m8	2.377	TGCATT
1010274	370	7m8	1.285	GCATTT
1010293	310	6m	2.469	GCATTT
1010326	678	o6	1.906	TGCATT
1010331	142	o6	1.441	TGCATT
1010340	36	7m8	2.534	TGCATT
1010359	231	7A1	1.073	GCATTT
1010373	12	o6	1.081	TGCATT
1010377	116	8m	1.646	GCATTT
1010394	9	7A1	1.021	GCATTT
1010401	1901	o6	1.877	TGCATT
1010401	3570	7m8	1.849	TGCATT
1010456	174	o6	3.055	TGCATT
1010462	107	7m8	2.252	GCATTT
1010465	31	8m	3.034	GCATTT
1010471	13	o6	1.097	TGCATT
1010474	98	o6	1.499	TGCATT
1010511	832	6m	2.309	GCATTT
1010539	608	7m8	1.035	TGCATT
1010553	341	7A1	1.084	GCATTT
1010578	226	7m8	2.571	TGCATT
1010602	41	o6	1.284	TGCATT
1010621	196	o6	1.457	TGCATT
1010625	127	7m8	1.022	GCATTT
1010625	139	o6	1.682	TGCATT
1010633	54	7m8	3.034	TGCATT
1010670	2399	7m8	2.085	TGCATT
1010686	987	o6	1.002	TGCATT
1010686	1123	6m	1.132	GCATTT
1010692	31	6m	2.544	GCATTT
1010692	59	o6	2.544	TGCATT
1010698	118	7m8	2.426	TGCATT
1010712	58	o6	1.073	TGCATT
1010712	565	o6	1.201	TGCATT
1010716	190	7A1	2.533	GCATTT
1010758	113	6m	1.136	GCATTT
1010785	55	7A1	2.144	GCATTT
1010794	250	8m	2.484	GCATTT
1010811	102	7m8	1.645	GCATTT
1010851	723	o6	1.234	TGCATT
1010863	349	6m	2.797	GCATTT
1010866	328	6m	2.155	GCATTT
1010896	39	8m	3.111	TGCATT
1010938	427	7A1	2.270	GCATTT
1010941	264	6m	2.463	GCATTT
1010956	84	7m8	2.693	TGCATT
1010956	1924	8m	1.442	GCATTT
1010989	107	6m	1.339	GCATTT
1011003	39	7A1	1.891	GCATTT
1011068	432	6m	1.303	GCATTT
1011092	87	7A1	2.274	GCATTT
1011107	2376	7A1	1.495	GCATTT
1011120	29	8m	2.350	TGCATT
1011131	637	o6	2.029	TGCATT
1011144	96	6m	2.137	GCATTT
1011167	313	7A1	1.892	GCATTT
1011182	42	7m8	2.254	GCATTT
1011194	534	6m	2.976	GCATTT
1011194	993	o6	1.434	TGCATT
1011195	25	o6	2.220	TGCATT
1011207	311	7A1	1.777	GCATTT
1011215	178	o6	1.802	TGCATT
1011216	274	7A1	2.026	GCATTT
1011219	452	6m	2.143	GCATTT
1011237	107	o6	1.736	TGCATT
1011277	121	o6	1.909	TGCATT
1011321	571	o6	2.537	TGCATT
1011327	57	7m8	3.189	GCATTT
1011327	70	6m	2.162	GCATTT
1011327	549	6m	1.172	GCATTT
1011327	1060	o6	1.335	TGCATT
1011330	45	7m8	1.757	GCATTT
1011333	711	o6	1.486	TGCATT
1011336	100	7A1	2.362	GCATTT
1011337	155	7m8	2.853	GCATTT
1011393	540	7m8	2.525	TGCATT
1011393	838	7A1	1.031	GCATTT
1011393	1073	7A1	1.434	GCATTT
1011397	196	o6	1.041	TGCATT
1011403	402	o6	2.307	TGCATT
1011403	496	7A1	2.834	GCATTT
1011416	185	7m8	2.124	TGCATT
1011430	299	o6	1.349	TGCATT
1011430	726	o6	1.349	TGCATT
1011430	1223	7A1	2.314	GCATTT
1011430	2442	7m8	2.314	TGCATT
1011457	239	o6	1.058	TGCATT
1011479	341	7m8	2.660	GCATTT
1011491	528	7A1	3.224	GCATTT
1011511	650	o6	1.596	TGCATT
1011512	3	7A1	3.160	GCATTT
1011523	75	o6	1.070	TGCATT
1011523	896	o6	1.859	TGCATT
1011563	144	o6	1.284	TGCATT
1011607	264	o6	1.322	TGCATT
1011607	307	6m	1.260	GCATTT
1011637	1056	6m	2.252	GCATTT
1011667	69	7m8	1.635	GCATTT
1011673	160	6m	1.120	GCATTT
1011695	485	7A1	2.030	GCATTT
1011698	103	6m	1.500	GCATTT
1011718	44	8m	2.616	TGCATT
1011742	932	7m8	2.105	TGCATT
1011743	366	6m	2.616	GCATTT
1011790	98	7m8	1.584	GCATTT
1011790	227	7A1	1.687	GCATTT
1011818	192	7m8	2.263	TGCATT
1011841	501	7m8	1.145	TGCATT
1011842	296	7A1	1.180	GCATTT
1011842	307	8m	1.825	TGCATT
1011856	492	6m	1.395	GCATTT
1011860	271	7m8	1.677	GCATTT
1011860	672	7m8	2.073	GCATTT
1011897	55	6m	1.727	GCATTT
1011897	540	7m8	1.690	TGCATT
1011897	639	o6	1.073	TGCATT
1011918	25	o6	1.161	TGCATT
1011932	122	6m	1.284	GCATTT
1011945	7	7m8	1.156	TGCATT
1011951	235	o6	1.565	TGCATT
1011957	67	o6	1.376	TGCATT
1012002	342	o6	1.705	TGCATT
1012029	7	8m	2.279	GCATTT
1012039	84	7A1	2.178	GCATTT
1012042	46	7m8	2.377	GCATTT
1012075	63	8m	3.603	TGCATT
1012084	109	o6	2.170	TGCATT
1012084	173	o6	1.174	TGCATT
1012102	127	8m	2.176	TGCATT
1012133	80	7m8	1.441	GCATTT
1012169	163	6m	2.254	GCATTT
1012174	292	8m	1.683	TGCATT
1012196	73	7m8	1.240	GCATTT
1012216	197	7m8	2.062	TGCATT
1012262	440	6m	1.284	GCATTT
1012262	866	7m8	1.284	TGCATT
1012262	1335	7A1	3.034	GCATTT
1012271	646	7m8	1.163	GCATTT
1012271	654	6m	1.291	GCATTT
1012320	343	7A1	1.938	GCATTT
1012323	469	6m	2.196	GCATTT
1012383	512	7A1	1.588	GCATTT
1012412	97	7m8	1.011	TGCATT
1012413	101	7m8	1.233	GCATTT
1012413	351	7m8	3.109	TGCATT
1012430	567	7m8	2.533	TGCATT
1012479	1030	6m	1.322	GCATTT
1012504	104	7m8	1.490	TGCATT
1012522	144	6m	2.020	GCATTT
1012564	155	o6	1.598	TGCATT
1012564	223	o6	2.017	TGCATT
1012582	494	7A1	1.766	GCATTT
1012585	377	o6	2.073	TGCATT
1012588	147	o6	1.292	TGCATT
1012599	314	6m	1.239	GCATTT
1012602	279	6m	1.629	GCATTT
1012602	387	o6	2.320	TGCATT
1012602	394	7m8	2.258	TGCATT
1012685	42	o6	1.690	TGCATT
1012694	117	7A1	1.322	GCATTT
1012743	110	7m8	1.780	TGCATT
1012755	70	6m	1.333	GCATTT
1012816	178	7A1	1.271	GCATTT
1012819	82	8m	2.478	TGCATT
1012839	244	8m	2.694	GCATTT
1012875	370	o6	1.747	TGCATT
1012878	888	o6	2.025	TGCATT
1012890	87	o6	1.202	TGCATT
1012912	747	7m8	2.807	TGCATT
1012930	66	o6	2.843	TGCATT
1012977	685	6m	1.674	GCATTT
1012977	765	6m	1.061	GCATTT
1012996	150	6m	2.770	GCATTT
1012996	422	7A1	3.153	GCATTT
1013005	17	7A1	1.507	GCATTT
1013005	157	7m8	1.435	GCATTT
1013011	60	7m8	1.606	TGCATT
1013059	72	o6	1.423	TGCATT
1013068	380	7m8	2.533	TGCATT
1013073	1020	o6	2.015	TGCATT
1013108	823	7m8	1.633	TGCATT
1013108	2093	7m8	1.182	TGCATT
1013109	116	o6	1.711	TGCATT
1013114	352	6m	2.055	GCATTT
1013136	88	7A1	1.606	GCATTT
1013166	86	o6	1.719	TGCATT
1013219	27	8m	1.687	TGCATT
1013253	51	o6	1.388	TGCATT
1013267	26	7m8	1.465	TGCATT
1013312	2076	o6	1.435	TGCATT
1013312	2219	o6	1.648	TGCATT
1013327	601	7A1	1.322	GCATTT
1013327	1017	o6	1.612	TGCATT
1013349	269	7m8	2.991	TGCATT
1013352	19	6m	1.041	GCATTT
1013376	43	8m	1.711	TGCATT
1013383	33	7m8	1.747	GCATTT
1013386	65	8m	3.649	TGCATT
1013432	77	7m8	3.034	TGCATT
1013449	96	7A1	1.244	GCATTT
1013518	2750	7A1	1.255	GCATTT
1013530	65	7m8	2.196	TGCATT
1013545	102	o6	1.112	TGCATT
1013573	689	7A1	2.660	GCATTT
1013573	1238	8m	2.571	GCATTT
1013591	989	o6	1.405	TGCATT
1013591	4255	o6	1.278	TGCATT
1013591	4543	o6	1.846	TGCATT
1013591	5261	6m	2.496	GCATTT
1013608	503	7m8	1.648	TGCATT
1013616	180	o6	2.913	TGCATT
1013643	494	o6	1.448	TGCATT
1013660	34	7A1	3.404	GCATTT
1013660	44	7A1	2.158	GCATTT
1013660	73	8m	3.947	TGCATT
1013682	153	7m8	1.922	GCATTT
1013687	558	6m	1.459	GCATTT
1013753	34	8m	1.585	TGCATT
1013771	64	7A1	2.544	GCATTT
1013782	21	6m	1.322	GCATTT
1013860	177	7m8	1.503	TGCATT
1013872	39	8m	1.690	TGCATT
1013872	485	7m8	1.454	TGCATT
1013902	365	6m	2.208	GCATTT
1013953	358	6m	3.416	GCATTT
1013963	298	6m	2.104	GCATTT
1013991	348	6m	3.984	GCATTT
1014014	7	o6	1.285	TGCATT
1014022	71	7m8	2.278	TGCATT
1014066	648	7m8	2.899	TGCATT
1014143	175	o6	1.465	TGCATT
1014174	803	8m	2.659	TGCATT
1014212	302	7m8	2.597	GCATTT
1014223	80	o6	1.235	TGCATT
1014244	268	7m8	2.102	TGCATT
1014273	29	8m	1.574	TGCATT
1014294	55	7m8	1.598	TGCATT
1014349	270	6m	2.210	GCATTT
1014358	457	8m	2.665	TGCATT
1014358	623	6m	2.326	GCATTT
1014358	853	7m8	1.870	TGCATT
1014358	1301	8m	1.569	GCATTT
1014403	2179	6m	1.288	GCATTT
1014403	2717	7m8	1.541	GCATTT
1014417	180	o6	1.262	TGCATT
1014418	2171	o6	1.606	TGCATT
1014447	553	8m	2.400	TGCATT
1014473	267	o6	1.606	TGCATT
1014473	415	6m	2.025	GCATTT
1014473	1319	7m8	2.103	GCATTT
1014480	700	7A1	1.607	GCATTT
1014485	516	o6	1.015	TGCATT
1014486	622	o6	2.619	TGCATT
1014559	1573	8m	2.341	TGCATT
1014588	1855	o6	1.207	TGCATT
1014623	60	8m	1.476	GCATTT
1014650	166	7m8	1.524	GCATTT
1014655	1644	o6	3.398	TGCATT
1014686	132	7m8	1.687	TGCATT
1014723	35	8m	2.544	TGCATT
1014795	49	o6	1.860	TGCATT
1014859	687	7m8	1.105	TGCATT
1014864	638	o6	1.202	TGCATT
1014864	685	7A1	2.005	GCATTT
1014864	712	7A1	1.054	GCATTT
1014864	1217	7m8	1.202	TGCATT
1014864	1526	8m	2.130	TGCATT
1014869	220	7A1	2.446	GCATTT
1014874	238	6m	1.786	GCATTT
1014874	278	o6	1.986	TGCATT
1014877	1841	6m	2.725	GCATTT
1014877	2174	o6	2.289	TGCATT
1014884	262	6m	1.531	GCATTT
1014898	41	7m8	2.255	GCATTT
1014898	246	o6	3.034	TGCATT
1014961	20	6m	1.006	GCATTT
1014966	96	7A1	3.013	GCATTT
1014975	160	o6	1.337	TGCATT
1014975	165	7m8	1.516	GCATTT
1014978	591	7A1	1.053	GCATTT
1014978	751	7m8	2.544	GCATTT
1014981	612	7A1	2.981	GCATTT
1014981	2105	7m8	1.073	TGCATT
1014988	870	o6	1.278	TGCATT
1014988	3832	7m8	2.801	GCATTT
1015015	571	6m	1.606	GCATTT
1015038	108	7A1	2.073	GCATTT
1015068	117	7A1	2.121	GCATTT
1015073	961	7m8	2.132	TGCATT
1015076	412	o6	2.377	TGCATT
1015077	587	o6	1.948	TGCATT
1015077	646	o6	1.284	TGCATT
1015085	1642	7m8	2.544	TGCATT
1015091	349	8m	2.988	TGCATT
1015091	689	o6	1.097	TGCATT
1015145	1387	7A1	2.698	GCATTT
1015145	2624	7A1	2.103	GCATTT
1015162	128	8m	3.034	GCATTT
1015171	258	6m	2.469	GCATTT
1015188	569	o6	2.206	TGCATT
1015192	169	o6	1.701	TGCATT
1015192	369	7m8	1.642	GCATTT
1015228	1437	6m	1.606	GCATTT
1015229	99	6m	1.101	GCATTT
1015267	193	o6	1.315	TGCATT
1015274	171	o6	1.285	TGCATT
1015285	317	o6	1.728	TGCATT
1015292	70	o6	1.298	TGCATT
1015329	638	6m	2.132	GCATTT
1015348	542	8m	1.495	TGCATT
1015369	161	7A1	2.544	GCATTT
1015369	509	8m	2.544	TGCATT
1015376	100	o6	3.255	TGCATT
1015385	202	6m	3.275	GCATTT
1015385	336	o6	1.859	TGCATT
1015388	527	6m	2.866	GCATTT
1015391	81	8m	1.251	GCATTT
1015394	875	o6	1.495	TGCATT
1015394	1261	o6	2.807	TGCATT
1015418	94	7m8	2.347	TGCATT
1015418	1298	o6	1.283	TGCATT
1015421	33	6m	2.544	GCATTT
1015426	158	8m	3.577	GCATTT
1015465	43	7m8	1.350	TGCATT
1015466	43	7m8	1.285	GCATTT
1015466	293	o6	1.207	TGCATT
1015474	107	o6	1.560	TGCATT
1015480	450	7A1	2.635	GCATTT
1015480	637	6m	2.433	GCATTT
1015526	2013	o6	1.852	TGCATT
1015552	1674	o6	1.846	TGCATT
1015555	217	o6	1.480	TGCATT
1015572	219	o6	3.232	TGCATT
1015608	453	6m	1.549	GCATTT
1015608	692	6m	1.195	GCATTT
1015679	262	8m	1.838	TGCATT
1015690	1342	o6	1.325	TGCATT
1015691	80	o6	1.235	TGCATT
1015697	889	7m8	2.025	GCATTT
1015752	273	6m	3.096	GCATTT
1015771	56	7A1	3.286	GCATTT
1015778	946	7m8	3.034	TGCATT
1015778	1037	7A1	1.780	GCATTT
1015778	1260	8m	3.034	TGCATT
1015789	1089	o6	2.053	TGCATT
1015789	1241	8m	1.147	TGCATT
1015792	155	6m	2.854	GCATTT
1015810	335	o6	2.212	TGCATT
1015810	575	7m8	2.025	TGCATT
1015834	210	7A1	1.063	GCATTT
1015874	31	8m	1.517	GCATTT
1015895	823	7m8	1.818	TGCATT
1015903	233	7A1	2.421	GCATTT
1015906	123	o6	1.327	TGCATT
1015912	38	o6	2.340	TGCATT
1015915	355	8m	2.533	TGCATT
1015915	1089	7m8	2.895	TGCATT
1015919	441	7A1	2.544	GCATTT
1015925	331	o6	2.235	TGCATT
1015931	384	7A1	1.926	GCATTT
1015931	754	7m8	2.481	TGCATT
1015940	2290	o6	2.576	TGCATT
1015943	26	o6	1.462	TGCATT
1015972	1507	7A1	2.405	GCATTT
1015999	138	7m8	1.484	TGCATT
1016011	242	6m	1.100	GCATTT
1016011	1384	6m	1.719	GCATTT
1016011	2064	6m	1.873	GCATTT
1016016	92	8m	1.580	TGCATT
1016016	1916	6m	3.292	GCATTT
1016020	734	6m	2.232	GCATTT
1016026	3485	6m	1.156	GCATTT
1016029	1481	o6	1.606	TGCATT
1016047	587	7m8	2.029	TGCATT
1016067	1069	6m	2.182	GCATTT
1016109	138	o6	1.486	TGCATT
1016110	34	8m	3.700	TGCATT
1016116	233	6m	2.344	GCATTT
1016154	140	7m8	1.649	TGCATT
1016161	295	7m8	1.589	TGCATT
1016205	980	6m	2.206	GCATTT
1016205	995	7A1	1.747	GCATTT
1016205	1067	7A1	2.026	GCATTT
1016244	404	7m8	2.592	GCATTT
1016245	106	7m8	1.059	GCATTT
1016265	153	7A1	2.214	GCATTT
1016265	584	7m8	2.486	TGCATT
1016281	63	7A1	1.326	GCATTT
1016328	184	o6	1.212	TGCATT
1016347	623	6m	1.318	GCATTT
1016347	1046	8m	3.034	TGCATT
1016356	124	6m	2.489	GCATTT
1016359	73	6m	2.065	GCATTT
1016373	186	7m8	1.882	TGCATT
1016398	2303	o6	2.409	TGCATT
1016418	1140	o6	1.860	TGCATT
1016418	1518	7A1	2.220	GCATTT
1016431	258	7m8	1.313	TGCATT
1016431	487	8m	1.322	GCATTT
1016431	509	7m8	2.026	TGCATT
1016431	580	6m	1.713	GCATTT
1016442	262	o6	2.376	TGCATT
1016445	560	6m	2.492	GCATTT
1016449	3577	7A1	2.538	GCATTT
1016449	3693	6m	2.538	GCATTT
1016452	79	o6	2.890	TGCATT
1016470	334	6m	1.328	GCATTT
1016475	402	o6	2.404	TGCATT
1016475	962	7A1	2.374	GCATTT
1016475	1772	6m	1.255	GCATTT
1016500	469	o6	1.515	TGCATT
1016517	119	7A1	2.781	GCATTT
1016562	155	7A1	2.957	GCATTT
1016571	2254	7m8	2.084	TGCATT
1016574	597	o6	1.213	TGCATT
1016574	1570	o6	1.854	TGCATT
1016574	1731	7A1	2.094	GCATTT
1016574	2573	o6	1.291	TGCATT
1016574	3837	7A1	1.051	GCATTT
1016574	3872	o6	1.405	TGCATT
1016574	5235	o6	1.029	TGCATT
1016590	371	o6	1.015	TGCATT
1016599	518	6m	2.501	GCATTT
1016613	213	6m	2.108	GCATTT
1016616	404	6m	1.765	GCATTT
1016619	666	7A1	1.815	GCATTT
1016620	1127	o6	1.050	TGCATT
1016620	1906	o6	2.265	TGCATT
1016640	436	o6	2.114	TGCATT
1016644	269	o6	1.529	TGCATT
1016652	482	6m	1.322	GCATTT
1016652	743	7A1	1.053	GCATTT
1016685	755	o6	1.526	TGCATT
1016685	1526	o6	1.284	TGCATT
1016691	929	6m	1.679	GCATTT
1016691	1003	o6	1.333	TGCATT
1016692	143	o6	1.314	TGCATT
1016701	1133	7m8	2.500	TGCATT
1016701	1286	7m8	2.232	GCATTT
1016713	1678	7m8	2.660	TGCATT
1016713	2650	o6	2.523	TGCATT
1016728	-1	7A1	1.799	GCATTT
1016776	123	7m8	2.042	GCATTT
1016787	2582	o6	1.875	TGCATT
1016787	2801	7m8	2.203	TGCATT
1016794	86	6m	1.703	GCATTT
1016809	437	6m	2.214	GCATTT
1016823	232	o6	1.532	TGCATT
1016845	1062	6m	1.780	GCATTT
1016848	805	7m8	2.015	TGCATT
1016856	221	o6	1.780	TGCATT
1016857	349	6m	1.284	GCATTT
1016913	337	7A1	2.433	GCATTT
1016928	15	6m	1.002	GCATTT
1016995	139	6m	1.915	GCATTT
1017024	94	o6	2.497	TGCATT
1017028	125	6m	2.132	GCATTT
1017043	195	7m8	2.073	TGCATT
1017046	1852	6m	1.542	GCATTT
1017082	113	7A1	3.232	GCATTT
1017088	175	o6	2.106	TGCATT
1017135	202	6m	1.726	GCATTT
1017157	661	o6	1.032	TGCATT
1017168	79	7m8	1.307	TGCATT
1017168	217	6m	2.537	GCATTT
1017169	398	7m8	2.283	TGCATT
1017191	156	6m	1.092	GCATTT
1017194	186	7A1	2.660	GCATTT
1017204	101	o6	1.847	TGCATT
1017204	1339	o6	2.076	TGCATT
1017207	864	7m8	3.622	TGCATT
1017224	108	o6	2.812	TGCATT
1017245	410	o6	2.383	TGCATT
1017254	322	7A1	2.276	GCATTT
1017258	387	7A1	1.954	GCATTT
1017258	764	8m	2.103	TGCATT
1017258	978	7A1	1.606	GCATTT
1017261	123	o6	2.196	TGCATT
1017266	467	6m	3.082	GCATTT
1017270	88	6m	1.593	GCATTT
1017276	680	o6	1.191	TGCATT
1017287	31	7m8	2.020	GCATTT
1017287	43	7A1	1.044	GCATTT
1017287	63	7A1	1.441	GCATTT
1017290	201	6m	1.786	GCATTT
1017309	91	7m8	1.729	GCATTT
1017318	106	7m8	1.306	TGCATT
1017326	138	7m8	1.529	GCATTT
1017332	32	7A1	2.217	GCATTT
1017335	133	7A1	1.405	GCATTT
1017335	724	6m	1.780	GCATTT
1017336	1284	7A1	3.082	GCATTT
1017356	172	o6	2.347	TGCATT
1017375	155	6m	2.178	GCATTT
1017389	66	7m8	2.942	TGCATT
1017399	62	6m	2.073	GCATTT
1017404	226	6m	1.274	GCATTT
1017404	277	6m	1.357	GCATTT
1017429	459	8m	2.537	GCATTT
1017451	608	o6	2.635	TGCATT
1017451	808	o6	1.284	TGCATT
1017472	3	o6	1.524	TGCATT
1017478	143	6m	1.548	GCATTT
1017496	337	6m	1.981	GCATTT
1017496	706	o6	2.065	TGCATT
1017496	1374	o6	1.892	TGCATT
1017502	285	8m	4.080	TGCATT
1017511	360	o6	2.073	TGCATT
1017511	1010	7m8	1.035	GCATTT
1017511	1087	7m8	3.357	TGCATT
1017511	2042	o6	2.981	TGCATT
1017515	48	7A1	3.034	GCATTT
1017547	154	o6	2.566	TGCATT
1017547	338	6m	1.976	GCATTT
1017557	1015	o6	1.606	TGCATT
1017580	447	o6	1.170	TGCATT
1017592	605	o6	1.241	TGCATT
1017614	4060	8m	2.427	TGCATT
1017614	5054	o6	1.077	TGCATT
1017618	932	7m8	2.526	GCATTT
1017630	520	7m8	2.307	TGCATT
1017642	36	7m8	1.487	TGCATT
1017653	39	7m8	2.389	TGCATT
1017703	86	6m	2.170	GCATTT
1017754	72	6m	2.106	GCATTT
1017808	578	8m	2.629	TGCATT
1017827	188	8m	1.463	TGCATT
1017830	417	7m8	2.922	TGCATT
1017830	925	6m	3.034	GCATTT
1017863	158	6m	1.711	GCATTT
1017911	84	o6	1.120	TGCATT
1017938	59	8m	3.026	TGCATT
1018008	152	6m	2.762	GCATTT
1018026	126	7m8	1.690	TGCATT
1018032	193	6m	2.212	GCATTT
1018033	220	7A1	2.243	GCATTT
1018062	796	6m	3.121	GCATTT
1018065	24	7m8	2.000	TGCATT
1018066	248	7A1	2.964	GCATTT
1018066	593	6m	1.582	GCATTT
1018077	253	7A1	2.206	GCATTT
1018078	298	6m	1.375	GCATTT
1018104	43	7m8	2.981	GCATTT
1018125	27	7A1	2.794	GCATTT
1018134	1117	7m8	2.992	TGCATT
1018134	1395	7A1	3.191	GCATTT
1018167	575	6m	1.129	GCATTT
1018189	178	o6	1.009	TGCATT
1018189	193	8m	2.297	GCATTT
1018194	72	7m8	2.208	GCATTT
1018208	171	7m8	1.093	TGCATT
1018222	187	7A1	1.577	GCATTT
1018243	2256	o6	1.664	TGCATT
1018251	77	7A1	1.029	GCATTT
1018257	84	o6	1.715	TGCATT
1018257	224	6m	1.255	GCATTT
1018272	260	6m	1.178	GCATTT
1018277	285	7A1	1.680	GCATTT
1018278	325	o6	1.987	TGCATT
1018278	560	7A1	2.606	GCATTT
1018284	56	o6	1.659	TGCATT
1018284	95	7A1	2.095	GCATTT
1018284	287	8m	1.903	GCATTT
1018299	253	8m	1.503	TGCATT
1018344	1256	7A1	1.419	GCATTT
1018353	756	7A1	1.931	GCATTT
1018358	7	7m8	2.122	TGCATT
1018358	322	7m8	1.256	TGCATT
1018388	48	6m	1.055	GCATTT
1018409	123	6m	2.395	GCATTT
1018431	90	8m	2.112	GCATTT
1018504	133	7A1	1.053	GCATTT
1018504	383	8m	2.544	TGCATT
1018509	153	8m	2.443	GCATTT
1018519	327	8m	1.227	TGCATT
1018530	514	8m	2.207	TGCATT
1018543	52	7m8	2.356	GCATTT
1018549	95	7m8	2.106	GCATTT
1018554	137	7m8	1.316	GCATTT
1018555	89	o6	1.316	TGCATT
1018577	72	7m8	1.186	TGCATT
1018619	788	o6	2.019	TGCATT
1018619	1525	7m8	1.316	TGCATT
1018619	1851	8m	2.213	TGCATT
1018632	1059	6m	1.817	GCATTT
1018632	2558	6m	1.567	GCATTT
1018632	2824	o6	1.040	TGCATT
1018632	4519	6m	2.540	GCATTT
1018632	4838	o6	2.686	TGCATT
1018644	163	6m	1.254	GCATTT
1018661	851	6m	1.679	GCATTT
1018661	857	7m8	2.127	TGCATT
1018661	1336	7A1	1.725	GCATTT
1018661	1456	7A1	1.747	GCATTT
1018678	159	o6	1.822	TGCATT
1018678	948	7m8	2.544	TGCATT
1018703	375	7A1	2.331	GCATTT
1018727	172	8m	2.085	TGCATT
1018727	1351	o6	2.220	TGCATT
1018732	36	o6	1.488	TGCATT
1018750	108	8m	3.519	GCATTT
1018766	2165	6m	1.976	GCATTT
1018798	182	6m	2.055	GCATTT
1018822	247	7m8	3.005	TGCATT
1018909	327	o6	1.047	TGCATT
1018918	198	7m8	1.207	GCATTT
1018944	729	o6	1.053	TGCATT
1018964	57	7A1	1.227	GCATTT
1019004	108	7m8	1.278	TGCATT
1019023	141	7A1	1.596	GCATTT
1019049	431	7A1	2.662	GCATTT
1019050	72	8m	2.758	TGCATT
1019065	57	6m	1.930	GCATTT
1019076	38	o6	1.421	TGCATT
1019101	181	7m8	2.154	TGCATT
1019116	394	7A1	3.075	GCATTT
1019137	220	6m	2.220	GCATTT
1019147	220	6m	1.120	GCATTT
1019147	1184	7A1	2.660	GCATTT
1019147	2586	o6	2.400	TGCATT
1019147	3287	o6	1.606	TGCATT
1019198	334	7A1	1.563	GCATTT
1019216	267	6m	1.801	GCATTT
1019237	829	8m	2.026	GCATTT
1019304	622	7m8	1.241	TGCATT
1019314	20	6m	1.211	GCATTT
1019323	34	o6	2.344	TGCATT
1019354	316	6m	1.401	GCATTT
1019374	50	6m	2.090	GCATTT
1019377	520	7A1	4.376	GCATTT
1019378	148	6m	1.053	GCATTT
1019453	189	6m	1.659	GCATTT
1019456	113	6m	1.579	GCATTT
1019456	141	o6	1.708	TGCATT
1019465	429	o6	1.371	TGCATT
1019480	227	6m	2.788	GCATTT
1019514	3185	o6	1.585	TGCATT
1019514	3328	o6	1.082	TGCATT
1019546	0	7m8	1.027	TGCATT
1019554	288	7A1	1.606	GCATTT
1019558	73	7A1	2.129	GCATTT
1019578	213	7A1	1.073	GCATTT
1019578	248	7m8	2.190	GCATTT
1019578	436	6m	1.711	GCATTT
1019578	504	8m	2.073	TGCATT
1019579	501	7A1	1.563	GCATTT
1019579	684	7A1	3.034	GCATTT
1019579	1232	7m8	1.321	TGCATT
1019597	37	8m	2.039	GCATTT
1019597	58	8m	2.384	GCATTT
1019634	6	6m	1.140	GCATTT
1019661	256	7A1	3.639	GCATTT
1019698	925	o6	1.302	TGCATT
1019698	1397	6m	1.950	GCATTT
1019698	1626	o6	1.158	TGCATT
1019713	573	8m	2.377	TGCATT
1019713	680	o6	1.741	TGCATT
1019742	210	7A1	2.507	GCATTT
1019764	122	7A1	2.617	GCATTT
1019785	319	7m8	1.029	GCATTT
1019797	434	7m8	1.322	TGCATT
1019842	95	6m	1.380	GCATTT
1019847	118	o6	1.091	TGCATT
1019862	350	o6	1.931	TGCATT
1019865	1268	7m8	2.170	TGCATT
1019925	342	7A1	2.991	GCATTT
1019925	715	o6	1.469	TGCATT
1019956	217	8m	2.549	TGCATT
1019980	1350	6m	1.137	GCATTT
1020077	325	o6	2.215	TGCATT
1020139	1015	o6	1.086	TGCATT
1020148	7	6m	2.220	GCATTT
1020166	1468	7A1	2.327	GCATTT
1020207	23	7A1	3.062	GCATTT
1020219	1306	7A1	2.347	GCATTT
1020219	2244	7m8	1.751	GCATTT
1020220	525	7m8	1.388	GCATTT
1020241	50	7m8	2.893	TGCATT
1020241	179	8m	1.990	TGCATT
1020241	1688	7m8	2.033	GCATTT
1020241	2465	7m8	1.719	TGCATT
1020246	150	8m	1.606	TGCATT
1020253	661	o6	2.022	TGCATT
1020253	1930	7A1	1.647	GCATTT
1020253	2151	7A1	2.030	GCATTT
1020253	2361	o6	1.719	TGCATT
1020253	2829	o6	1.647	TGCATT
1020267	30	8m	2.065	TGCATT
1020280	940	o6	1.084	TGCATT
1020297	527	7m8	1.950	GCATTT
1020333	1006	7A1	1.598	GCATTT
1020353	247	7m8	2.017	GCATTT
1020375	75	6m	1.671	GCATTT
1020375	105	7m8	1.933	TGCATT
1020408	174	7m8	2.643	GCATTT
1020441	10	7A1	1.690	GCATTT
1020480	811	7m8	2.770	TGCATT
1020480	859	o6	1.499	TGCATT
1020494	91	o6	1.874	TGCATT
1020495	435	7m8	1.491	TGCATT
1020495	591	6m	2.213	GCATTT
1020564	669	7A1	1.598	GCATTT
1020600	403	o6	1.648	TGCATT
1020601	424	8m	1.998	GCATTT
1020615	2574	o6	1.284	TGCATT
1020615	3627	o6	1.574	TGCATT
1020615	4044	7A1	2.660	GCATTT
1020637	196	7m8	2.017	TGCATT
1020643	422	7A1	1.298	GCATTT
1020654	514	o6	2.459	TGCATT
1020654	548	o6	1.321	TGCATT
1020745	346	7m8	2.088	TGCATT
1020771	46	8m	1.205	GCATTT
1020787	211	7m8	1.775	GCATTT
1020824	132	7m8	1.520	GCATTT
1020824	296	8m	2.061	TGCATT
1020839	258	6m	2.544	GCATTT
1020844	76	8m	3.082	TGCATT
1020844	147	7A1	2.194	GCATTT
1020858	206	6m	1.647	GCATTT
1020894	80	7A1	3.509	GCATTT
1020901	476	6m	1.400	GCATTT
1020921	16	8m	2.033	GCATTT
1020992	969	8m	1.596	GCATTT
1020996	81	6m	2.520	GCATTT
1020996	159	o6	1.305	TGCATT
1021005	289	7m8	2.341	TGCATT
1021008	1575	7A1	1.288	GCATTT
1021028	71	7A1	2.103	GCATTT
1021040	95	6m	1.007	GCATTT
1021049	160	o6	1.781	TGCATT
1021050	131	7A1	1.638	GCATTT
1021055	462	7m8	2.807	GCATTT
1021055	597	7m8	1.606	GCATTT
1021084	16	6m	3.299	GCATTT
1021084	1726	6m	1.328	GCATTT
1021120	7	7A1	1.027	GCATTT
1021126	96	o6	2.558	TGCATT
1021152	258	6m	2.025	GCATTT
1021177	473	6m	3.034	GCATTT
1021178	339	o6	1.492	TGCATT
1021178	557	6m	2.064	GCATTT
1021193	19	7m8	1.255	GCATTT
1021216	50	7A1	1.485	GCATTT
1021216	62	8m	1.999	TGCATT
1021233	345	7A1	1.053	GCATTT
1021272	111	7A1	1.511	GCATTT
1021273	1270	6m	2.062	GCATTT
1021294	42	7A1	3.021	GCATTT
1021294	100	o6	2.145	TGCATT
1021341	69	7m8	4.318	TGCATT
1021351	67	6m	3.591	GCATTT
1021389	122	7m8	1.035	TGCATT
1021409	524	6m	1.997	GCATTT
1021409	672	6m	1.053	GCATTT
1021458	451	8m	1.723	GCATTT
1021525	85	7m8	2.036	TGCATT
1021525	1653	7m8	1.973	TGCATT
1021525	1806	o6	1.884	TGCATT
1021540	4114	o6	1.606	TGCATT
1021566	147	7m8	2.360	TGCATT
1021566	2936	7m8	1.993	TGCATT
1021596	575	7A1	1.138	GCATTT
1021607	81	o6	1.788	TGCATT
1021669	166	6m	1.499	GCATTT
1021675	1283	7A1	2.220	GCATTT
1021696	160	8m	2.058	TGCATT
1021699	145	6m	1.560	GCATTT
1021700	431	o6	1.749	TGCATT
1021712	124	6m	2.166	GCATTT
1021797	1930	6m	1.135	GCATTT
1021797	2066	o6	1.522	TGCATT
1021800	250	o6	1.356	TGCATT
1021853	871	6m	1.606	GCATTT
1021866	786	7A1	3.174	GCATTT
1021866	812	6m	1.073	GCATTT
1021867	21	6m	1.325	GCATTT
1021879	241	6m	1.637	GCATTT
1021879	816	o6	1.606	TGCATT
1021902	73	o6	2.231	TGCATT
1021989	268	o6	1.349	TGCATT
1021989	273	o6	1.349	TGCATT
1021989	704	7m8	2.377	TGCATT
1021996	35	o6	1.524	TGCATT
1022005	221	6m	1.284	GCATTT
1022005	228	o6	1.140	TGCATT
1022005	262	o6	1.556	TGCATT
1022005	326	7m8	2.217	GCATTT
1022054	289	6m	1.364	GCATTT
1022057	1093	8m	1.780	TGCATT
1022057	1190	7m8	2.799	TGCATT
1022070	196	7m8	1.615	TGCATT
1022070	205	6m	1.629	GCATTT
1022070	626	8m	2.537	TGCATT
1022080	61	7m8	1.045	GCATTT
1022094	41	7A1	1.793	GCATTT
1022122	73	8m	2.133	GCATTT
1022125	407	7m8	2.175	GCATTT
1022129	978	6m	3.232	GCATTT
1022129	1342	6m	1.328	GCATTT
1022173	627	7A1	2.507	GCATTT
1022198	923	o6	2.839	TGCATT
1022212	477	o6	1.491	TGCATT
1022224	15	6m	2.252	GCATTT
1022224	233	7m8	1.965	TGCATT
1022235	599	7m8	1.909	TGCATT
1022235	1053	o6	3.184	TGCATT
1022235	1311	8m	2.033	TGCATT
1022235	1410	6m	3.358	GCATTT
1022235	1519	o6	1.032	TGCATT
1022256	1087	7A1	1.993	GCATTT
1022256	1893	6m	1.563	GCATTT
1022256	2140	7m8	1.202	TGCATT
1022285	489	7A1	1.031	GCATTT
1022338	1816	o6	2.268	TGCATT
1022344	111	8m	3.637	TGCATT
1022383	224	8m	2.544	TGCATT
1022383	2063	7A1	1.156	GCATTT
1022418	777	7m8	2.350	TGCATT
1022418	953	o6	1.498	TGCATT
1022418	1173	o6	2.169	TGCATT
1022419	63	7m8	2.182	TGCATT
1022431	33	7A1	2.538	GCATTT
1022439	234	6m	2.659	GCATTT
1022457	404	o6	1.824	TGCATT
1022495	2956	7m8	1.149	TGCATT
1022495	5049	6m	2.343	GCATTT
1022531	2543	6m	3.180	GCATTT
1022568	574	8m	2.876	GCATTT
1022568	1717	o6	1.140	TGCATT
1022573	52	7m8	2.876	GCATTT
1022573	103	o6	1.321	TGCATT
1022687	28	7m8	3.034	TGCATT
1022814	138	6m	1.524	GCATTT
1022820	413	o6	1.023	TGCATT
1022820	732	8m	2.190	TGCATT
1022837	17	o6	1.799	TGCATT
1022853	208	o6	1.724	TGCATT
1022932	1560	7m8	1.047	TGCATT
1022932	1837	7m8	1.310	TGCATT
1022938	29	6m	2.660	GCATTT
1022938	1524	o6	1.548	TGCATT
1022941	2471	8m	1.405	TGCATT
1022941	2956	7m8	2.502	TGCATT
1022941	3225	6m	1.550	GCATTT
1022985	424	o6	2.220	TGCATT
1022992	72	o6	1.696	TGCATT
1023009	151	8m	1.405	TGCATT
1023015	148	8m	2.061	TGCATT
1023027	252	8m	1.931	GCATTT
1023032	115	o6	1.690	TGCATT
1023047	811	o6	1.687	TGCATT
1023047	993	8m	1.941	TGCATT
1023065	278	7m8	1.866	GCATTT
1023077	59	7m8	2.451	TGCATT
1023088	346	7m8	2.341	GCATTT
1023097	3356	o6	1.972	TGCATT
1023100	905	6m	1.192	GCATTT
1023104	361	7m8	3.034	TGCATT
1023109	1237	6m	1.084	GCATTT
1023109	1372	8m	2.025	TGCATT
1023127	669	8m	2.033	GCATTT
1023146	138	8m	1.264	TGCATT
1023151	654	7m8	2.213	TGCATT
1023151	664	o6	2.213	TGCATT
1023167	530	o6	4.160	TGCATT
1023167	563	o6	2.058	TGCATT
1023256	1122	8m	2.660	TGCATT
1023256	1135	7m8	2.660	TGCATT
1023288	59	7m8	2.033	TGCATT
1023289	2720	7m8	2.533	TGCATT
1023292	1099	o6	1.045	TGCATT
1023292	1309	o6	1.585	TGCATT
1023292	1785	6m	2.267	GCATTT
1023298	1129	7A1	2.073	GCATTT
1023298	1157	7m8	1.548	TGCATT
1023320	127	7m8	1.284	TGCATT
1023320	386	7m8	2.025	TGCATT
1023320	593	7m8	2.838	TGCATT
1023334	27	7A1	3.649	GCATTT
1023334	337	7A1	2.298	GCATTT
1023337	229	7m8	1.053	TGCATT
1023337	905	7m8	2.544	GCATTT
1023362	23	7A1	2.799	GCATTT
1023362	592	7A1	3.102	GCATTT
1023378	1477	o6	1.502	TGCATT
1023381	988	o6	1.502	TGCATT
1023390	139	7m8	2.964	GCATTT
1023396	116	7m8	2.738	GCATTT
1023414	3	o6	1.412	TGCATT
1023419	95	6m	2.384	GCATTT
1023431	71	o6	1.082	TGCATT
1023432	381	6m	2.265	GCATTT
1023438	209	6m	2.159	GCATTT
1023438	221	6m	2.159	GCATTT
1023438	360	8m	1.261	TGCATT
1023438	552	8m	2.159	TGCATT
1023443	380	6m	1.611	GCATTT
1023523	49	7m8	2.544	TGCATT
1023526	21	7m8	3.602	GCATTT
1023533	226	o6	1.322	TGCATT
1023579	360	7m8	1.254	TGCATT
1023585	271	o6	2.449	TGCATT
1023594	717	7A1	2.400	GCATTT
1023594	862	7m8	1.322	GCATTT
1023594	898	6m	1.322	GCATTT
1023594	1074	7A1	1.322	GCATTT
1023594	1447	6m	2.394	GCATTT
1023594	1502	6m	1.910	GCATTT
1023599	5529	7A1	2.350	GCATTT
1023599	6542	o6	1.576	TGCATT
1023599	8881	o6	2.026	TGCATT
1023599	8974	7A1	1.053	GCATTT
1023622	185	o6	2.108	TGCATT
1023658	332	7m8	4.339	TGCATT
1023658	670	7m8	1.077	TGCATT
1023669	273	o6	1.976	TGCATT
1023669	812	6m	1.378	GCATTT
1023673	381	6m	2.102	GCATTT
1023678	518	7A1	2.072	GCATTT
1023678	671	6m	1.322	GCATTT
1023678	844	o6	1.322	TGCATT
1023678	983	7m8	2.132	TGCATT
1023678	1392	7A1	2.063	GCATTT
1023681	3163	8m	2.060	TGCATT
1023702	39	7m8	2.213	TGCATT
1023702	49	o6	2.213	TGCATT
1023706	977	o6	1.946	TGCATT
1023706	991	o6	2.544	TGCATT
1023774	979	o6	1.322	TGCATT
1023783	891	o6	2.635	TGCATT
1023783	1167	o6	2.807	TGCATT
1023784	1317	7A1	2.522	GCATTT
1023790	3173	7A1	2.505	GCATTT
1023796	586	8m	1.285	GCATTT
1023799	406	8m	1.562	GCATTT
1023805	1516	7m8	1.322	GCATTT
1023805	4274	o6	1.041	TGCATT
1023805	4294	6m	1.546	GCATTT
1023837	205	o6	1.710	TGCATT
1023837	418	o6	1.485	TGCATT
1023846	2285	6m	2.127	GCATTT
1023847	50	o6	1.249	TGCATT
1023847	369	8m	2.625	TGCATT
1023850	451	6m	1.043	GCATTT
1023863	316	6m	1.440	GCATTT
1023866	68	o6	1.992	TGCATT
1023866	260	o6	2.220	TGCATT
1023882	496	o6	1.322	TGCATT
1023882	2990	o6	1.053	TGCATT
1023885	119	6m	1.322	GCATTT
1023897	1059	7m8	1.997	TGCATT
1023912	87	7A1	1.533	GCATTT
1023922	539	o6	1.421	TGCATT
1023952	171	8m	2.033	GCATTT
1023964	26	o6	1.316	TGCATT
1023970	392	7m8	2.074	GCATTT
1023986	102	7m8	1.285	GCATTT
1024003	362	6m	1.382	GCATTT
1024003	1293	o6	1.852	TGCATT
1024019	1130	7m8	1.702	GCATTT
1024031	596	7A1	1.606	GCATTT
1024031	673	o6	2.321	TGCATT
1024031	2696	6m	1.903	GCATTT
1024031	3618	7m8	2.376	GCATTT
1024031	4016	6m	2.922	GCATTT
1024034	177	7m8	1.144	TGCATT
1024034	230	7m8	1.401	GCATTT
1024034	261	7A1	1.180	GCATTT
1024060	147	8m	2.192	GCATTT
1024085	796	6m	2.007	GCATTT
1024085	1063	o6	2.007	TGCATT
1024085	1517	6m	2.730	GCATTT
1024114	1404	o6	2.025	TGCATT
1024133	1216	7A1	1.521	GCATTT
1024141	153	6m	2.477	GCATTT
1024159	813	7m8	2.391	GCATTT
1024165	490	7A1	2.061	GCATTT
1024169	1346	6m	1.461	GCATTT
1024169	1400	6m	1.642	GCATTT
1024169	1580	7A1	2.183	GCATTT
1024178	305	7m8	1.663	GCATTT
1024241	515	7A1	1.598	GCATTT
1024241	532	7m8	1.598	GCATTT
1024241	1054	6m	1.657	GCATTT
1024241	1192	o6	1.301	TGCATT
1024241	1856	6m	1.512	GCATTT
1024250	64	6m	2.161	GCATTT
1024255	61	o6	1.067	TGCATT
1024331	93	7A1	1.895	GCATTT
1024342	1192	8m	2.220	TGCATT
1024349	87	7m8	1.680	TGCATT
1024349	916	6m	2.208	GCATTT
1024372	723	6m	1.765	GCATTT
1024373	396	7A1	1.020	GCATTT
1024381	485	7m8	1.680	TGCATT
1024381	1678	6m	2.402	GCATTT
1024393	485	7m8	1.944	GCATTT
1024393	503	6m	1.742	GCATTT
1024394	388	7A1	1.322	GCATTT
1024397	1362	o6	1.784	TGCATT
1024397	1964	6m	2.559	GCATTT
1024397	3259	6m	2.640	GCATTT
1024397	3276	o6	2.799	TGCATT
1024397	3651	6m	2.799	GCATTT
1024397	3665	6m	2.799	GCATTT
1024406	1056	o6	1.195	TGCATT
1024415	114	8m	1.855	GCATTT
1024448	1666	o6	2.500	TGCATT
1024448	2031	o6	2.500	TGCATT
1024465	79	6m	1.780	GCATTT
1024465	1204	8m	2.544	TGCATT
1024465	2746	6m	2.026	GCATTT
1024465	3203	6m	1.027	GCATTT
1024465	3477	6m	2.197	GCATTT
1024486	519	7m8	1.271	TGCATT
1024495	1267	o6	2.290	TGCATT
1024502	319	o6	2.544	TGCATT
1024514	44	7A1	2.157	GCATTT
1024522	237	o6	2.090	TGCATT
1024529	1463	6m	2.757	GCATTT
1024532	156	7m8	1.687	TGCATT
1024559	673	7A1	2.026	GCATTT
1024559	706	8m	1.687	GCATTT
1024576	67	o6	1.151	TGCATT
1024601	94	o6	3.235	TGCATT
1024601	493	7A1	2.493	GCATTT
1024609	103	6m	1.148	GCATTT
1024612	606	7m8	1.508	TGCATT
1024612	1809	7m8	2.563	GCATTT
1024619	1321	6m	1.111	GCATTT
1024619	1662	7A1	2.493	GCATTT
1024619	4188	6m	1.156	GCATTT
1024625	29	8m	2.212	TGCATT
1024634	1063	o6	2.619	TGCATT
1024634	1247	o6	1.011	TGCATT
1024634	1623	7m8	2.072	TGCATT
1024648	2344	7m8	1.322	GCATTT
1024648	4476	o6	1.569	TGCATT
1024648	7130	o6	1.173	TGCATT
1024648	9960	7m8	1.521	TGCATT
1024648	10411	7A1	1.931	GCATTT
1024648	15166	8m	1.053	TGCATT
1024654	1007	8m	2.544	GCATTT
1024654	1630	8m	2.350	GCATTT
1024708	281	8m	1.849	GCATTT
1024715	322	6m	2.807	GCATTT
1024715	1925	o6	1.454	TGCATT
1024715	4364	o6	2.596	TGCATT
1024720	316	7m8	1.284	GCATTT
1024720	341	6m	1.540	GCATTT
1024720	406	7m8	2.514	GCATTT
1024721	888	o6	1.690	TGCATT
1024730	137	8m	1.796	TGCATT
1024762	1016	o6	1.808	TGCATT
1024774	406	7A1	2.769	GCATTT
1024807	347	6m	1.551	GCATTT
1024829	5554	o6	1.777	TGCATT
1024829	6293	o6	1.991	TGCATT
1024843	2013	6m	1.974	GCATTT
1024843	2486	o6	1.513	TGCATT
1024862	60	7A1	1.506	GCATTT
1024883	23	7m8	2.073	GCATTT
1024891	623	7A1	1.772	GCATTT
1024904	382	6m	1.295	GCATTT
1024904	496	o6	1.980	TGCATT
1024939	1352	o6	1.668	TGCATT
1024956	1115	6m	1.118	GCATTT
1024956	1388	6m	2.262	GCATTT
1024956	1394	7m8	2.262	GCATTT
1024956	1406	o6	2.061	TGCATT
1024956	1906	7m8	1.857	TGCATT
1024956	2379	7m8	2.635	TGCATT
1024956	4167	6m	1.440	GCATTT
1024956	5519	o6	2.629	TGCATT
1024971	118	6m	2.750	GCATTT
1024971	513	o6	2.723	TGCATT
1024975	1071	o6	1.032	TGCATT
1025001	280	6m	1.623	GCATTT
1025022	858	7m8	2.311	TGCATT
1025023	263	o6	1.027	TGCATT
1025029	2891	6m	1.639	GCATTT
1025029	3626	o6	1.284	TGCATT
1025029	3699	o6	1.284	TGCATT
1025052	129	7m8	1.053	TGCATT
1025059	1537	6m	2.157	GCATTT
1025064	2116	7m8	1.818	TGCATT
1025101	611	o6	1.151	TGCATT
1025110	210	6m	1.352	GCATTT
1025125	193	7m8	1.955	TGCATT
1025167	532	8m	1.495	TGCATT
1025167	671	7m8	1.729	GCATTT
1025207	97	6m	1.326	GCATTT
1025213	218	7m8	1.606	TGCATT
1025216	775	o6	2.840	TGCATT
1025221	336	o6	2.212	TGCATT
1025229	1172	6m	1.090	GCATTT
1025229	2735	7A1	2.559	GCATTT
1025242	92	6m	2.025	GCATTT
1025242	137	o6	2.025	TGCATT
1025242	432	8m	2.807	GCATTT
1025275	862	7m8	2.427	TGCATT
1025298	1065	6m	1.598	GCATTT
1025340	492	o6	2.670	TGCATT
1025340	698	o6	1.234	TGCATT
1025353	135	8m	2.807	TGCATT
1025353	620	o6	2.807	TGCATT
1025367	1102	7m8	1.687	TGCATT
1025370	385	o6	3.028	TGCATT
1025371	255	7A1	2.178	GCATTT
1025371	605	7A1	2.233	GCATTT
1025397	251	6m	1.499	GCATTT
1025397	267	7m8	1.560	GCATTT
1025403	651	7A1	1.747	GCATTT
1025421	101	7A1	1.485	GCATTT
1025431	888	8m	1.737	GCATTT
1025434	277	7m8	2.220	TGCATT
1025443	78	6m	2.834	GCATTT
1025443	811	7A1	1.577	GCATTT
1025452	237	7A1	2.544	GCATTT
1025455	460	7m8	1.718	TGCATT
1025475	132	o6	1.333	TGCATT
1025475	1280	o6	2.069	TGCATT
1025487	357	o6	3.117	TGCATT
1025487	494	6m	1.458	GCATTT
1025494	41	7m8	3.046	GCATTT
1025497	31	7m8	1.593	TGCATT
1025512	1077	o6	1.298	TGCATT
1025521	494	7m8	1.789	GCATTT
1025562	104	8m	2.350	GCATTT
1025565	866	o6	1.873	TGCATT
1025608	5	7A1	1.346	GCATTT
1025608	544	7m8	2.520	TGCATT
1025614	479	o6	1.291	TGCATT
1025618	151	o6	1.284	TGCATT
1025630	30	6m	1.760	GCATTT
1025630	1556	o6	2.238	TGCATT
1025630	2125	7m8	2.770	TGCATT
1025654	1829	o6	2.248	TGCATT
1025669	305	o6	1.156	TGCATT
1025686	62	7m8	1.192	TGCATT
1025689	694	6m	1.614	GCATTT
1025690	723	6m	1.040	GCATTT
1025708	15	o6	1.147	TGCATT
1025724	924	6m	1.618	GCATTT
1025743	240	o6	1.249	TGCATT
1025755	61	7A1	2.184	GCATTT
1025800	242	o6	1.567	TGCATT
1025808	292	7m8	1.584	TGCATT
1025850	22	7m8	1.223	TGCATT
1025851	761	7m8	1.053	TGCATT
1025862	209	8m	1.517	TGCATT
1025872	54	7m8	1.993	TGCATT
1025886	212	7m8	2.179	GCATTT
1025889	10	7A1	2.220	GCATTT
1025904	586	7A1	2.606	GCATTT
1025949	69	8m	2.681	GCATTT
1025949	79	6m	3.232	GCATTT
1026095	384	6m	2.178	GCATTT
1026096	66	6m	1.906	GCATTT
1026111	1318	o6	1.285	TGCATT
1026129	65	o6	1.284	TGCATT
1026156	61	o6	1.998	TGCATT
1026165	488	7A1	1.970	GCATTT
1026235	676	o6	2.073	TGCATT
1026250	54	o6	1.968	TGCATT
1026265	3	6m	2.283	GCATTT
1026265	9	7m8	2.283	TGCATT
1026268	443	7A1	1.606	GCATTT
1026275	66	8m	2.486	TGCATT
1026322	293	o6	1.811	TGCATT
1026333	30	6m	1.973	GCATTT
1026336	523	6m	1.326	GCATTT
1026336	645	7A1	1.105	GCATTT
1026364	111	8m	2.782	GCATTT
1026375	49	7A1	2.509	GCATTT
1026375	405	6m	1.848	GCATTT
1026384	276	o6	1.687	TGCATT
1026384	347	8m	1.687	GCATTT
1026400	345	7A1	2.544	GCATTT
1026400	412	7m8	2.544	TGCATT
1026405	146	o6	1.635	TGCATT
1026453	59	7m8	1.407	GCATTT
1026461	95	o6	2.244	TGCATT
1026480	2515	o6	1.527	TGCATT
1026486	28	7m8	1.896	GCATTT
1026489	140	o6	1.852	TGCATT
1026489	353	6m	1.128	GCATTT
1026495	203	7m8	1.976	TGCATT
1026519	343	6m	1.011	GCATTT
1026555	41	7m8	1.255	GCATTT
1026558	1412	8m	1.530	TGCATT
1026570	73	7m8	3.284	TGCATT
1026606	8	7A1	1.394	GCATTT
1026633	166	6m	1.274	GCATTT
1026633	543	o6	1.403	TGCATT
1026639	1	7m8	1.829	GCATTT
1026676	68	6m	1.600	GCATTT
1026701	54	7m8	1.474	GCATTT
1026707	32	8m	1.249	TGCATT
1026711	2364	7m8	2.608	TGCATT
1026711	3658	7m8	1.201	TGCATT
1026711	3936	6m	1.584	GCATTT
1026731	61	7A1	1.053	GCATTT
1026761	136	o6	1.436	TGCATT
1026798	98	7A1	1.668	GCATTT
1026798	586	6m	1.284	GCATTT
1026825	74	8m	2.080	GCATTT
1026838	207	7A1	2.544	GCATTT
1026838	413	7m8	1.687	TGCATT
1026838	1060	6m	1.322	GCATTT
1026841	190	6m	1.986	GCATTT
1026841	2035	7m8	1.712	TGCATT
1026841	3190	o6	1.858	TGCATT
1026841	3632	7A1	1.640	GCATTT
1026841	5038	7m8	2.487	TGCATT
1026853	921	o6	1.598	TGCATT
1026853	926	7m8	1.598	TGCATT
1026853	2151	o6	1.509	TGCATT
1026864	70	8m	3.792	TGCATT
1026865	281	6m	1.470	GCATTT
1026874	12	7m8	1.584	GCATTT
1026885	62	o6	1.086	TGCATT
1026885	455	8m	2.341	TGCATT
1026915	68	8m	1.652	GCATTT
1026924	64	7m8	1.235	TGCATT
1026924	812	7A1	1.808	GCATTT
1026930	105	7m8	2.508	TGCATT
1026962	243	o6	1.015	TGCATT
1026975	184	7A1	2.973	GCATTT
1026981	358	7m8	2.073	TGCATT
1026986	62	o6	1.044	TGCATT
1026999	678	o6	1.284	TGCATT
1026999	705	o6	2.402	TGCATT
1026999	1837	o6	1.598	TGCATT
1027058	385	6m	1.860	GCATTT
1027138	530	7m8	2.286	TGCATT
1027145	7	7A1	1.533	GCATTT
1027150	342	8m	2.900	GCATTT
1027153	628	7A1	2.567	GCATTT
1027153	646	8m	2.567	TGCATT
1027168	617	6m	1.255	GCATTT
1027186	297	7m8	1.777	GCATTT
1027187	539	6m	1.178	GCATTT
1027273	64	7m8	1.284	TGCATT
1027273	139	6m	1.606	GCATTT
1027276	914	7m8	1.053	TGCATT
1027276	989	6m	1.322	GCATTT
1027353	53	6m	2.594	GCATTT
1027353	100	o6	1.253	TGCATT
1027357	400	8m	2.321	GCATTT
1027357	896	6m	1.371	GCATTT
1027369	708	8m	2.546	TGCATT
1027417	524	8m	2.704	TGCATT
1027420	165	o6	1.156	TGCATT
1027426	277	o6	2.033	TGCATT
1027426	487	7A1	1.394	GCATTT
1027438	1535	7m8	2.073	TGCATT
1027493	501	o6	1.947	TGCATT
1027502	484	7m8	1.073	TGCATT
1027608	1586	7A1	2.076	GCATTT
1027756	650	6m	2.466	GCATTT
1027756	1041	7A1	2.092	GCATTT
1027761	332	6m	2.538	GCATTT
1027773	233	8m	2.872	GCATTT
1027773	1062	7A1	2.429	GCATTT
1027773	1079	8m	2.734	GCATTT
1027773	1148	7A1	1.212	GCATTT
1027831	366	o6	1.529	TGCATT
1027841	128	o6	1.718	TGCATT
1027841	138	7m8	1.661	TGCATT
1027854	65	7A1	2.520	GCATTT
1027891	912	o6	1.039	TGCATT
1027891	1136	o6	1.772	TGCATT
1027938	545	7m8	2.024	GCATTT
1027968	42	8m	1.009	TGCATT
1028007	552	7m8	1.515	TGCATT
1028028	372	6m	1.061	GCATTT
1028028	814	o6	1.096	TGCATT
1028049	385	7m8	1.535	TGCATT
1028081	17	8m	1.399	GCATTT
1028093	316	8m	2.025	TGCATT
1028102	40	6m	2.449	GCATTT
1028109	193	o6	3.518	TGCATT
1028112	48	7m8	2.922	TGCATT
1028115	487	7m8	1.661	TGCATT
1028146	240	7m8	3.049	TGCATT
1028188	103	o6	1.392	TGCATT
1028235	186	6m	1.016	GCATTT
1028235	437	7A1	1.016	GCATTT
1028266	29	o6	1.015	TGCATT
1028272	116	7A1	2.256	GCATTT
1028301	65	8m	2.728	TGCATT
1028372	450	6m	1.686	GCATTT
1028426	647	6m	1.524	GCATTT
1028435	323	6m	1.200	GCATTT
1028438	103	o6	1.590	TGCATT
1028438	363	8m	3.002	TGCATT
1028444	9	7A1	2.443	GCATTT
1028447	919	8m	2.055	GCATTT
1028469	142	6m	1.000	GCATTT
1028470	443	o6	1.590	TGCATT
1028508	309	7m8	3.527	TGCATT
1028512	525	8m	2.248	TGCATT
1028526	1374	6m	1.552	GCATTT
1028532	80	6m	1.307	GCATTT
1028551	0	6m	2.900	GCATTT
1028556	40	6m	1.349	GCATTT
1028559	236	o6	1.008	TGCATT
1028632	55	8m	2.178	TGCATT
1028663	83	o6	1.364	TGCATT
1028696	420	7m8	1.048	TGCATT
1028710	364	7m8	2.587	GCATTT
1028710	470	6m	1.049	GCATTT
1028710	1785	o6	1.577	TGCATT
1028734	409	6m	2.073	GCATTT
1028734	707	o6	2.167	TGCATT
1028734	2349	7m8	2.522	TGCATT
1028734	3038	6m	2.371	GCATTT
1028734	3571	7m8	2.062	GCATTT
1028734	3762	7m8	1.162	GCATTT
1028734	3991	o6	1.288	TGCATT
1028734	5149	o6	2.167	TGCATT
1028734	5892	6m	2.073	GCATTT
1028734	6198	7A1	2.533	GCATTT
1028734	6315	7A1	3.387	GCATTT
1028751	1793	7m8	2.807	TGCATT
1028800	35	o6	1.073	TGCATT
1028838	240	7m8	1.524	TGCATT
1028883	144	6m	1.717	GCATTT
1028911	246	o6	1.156	TGCATT
1028911	271	7m8	1.635	TGCATT
1028931	135	o6	1.123	TGCATT
1028931	167	7m8	2.091	GCATTT
1028947	608	7A1	2.107	GCATTT
1029003	811	o6	2.495	TGCATT
1029019	169	6m	1.322	GCATTT
1029025	103	8m	1.220	GCATTT
1029051	589	o6	1.321	TGCATT
1029069	457	6m	1.799	GCATTT
1029073	101	o6	1.497	TGCATT
1029091	450	8m	2.275	TGCATT
1029091	466	6m	2.275	GCATTT
1029106	80	7m8	1.298	GCATTT
1029111	85	6m	2.031	GCATTT
1029125	412	7m8	2.191	TGCATT
1029149	222	o6	1.139	TGCATT
1029149	250	o6	2.098	TGCATT
1029164	148	7A1	2.706	GCATTT
1029165	1631	6m	1.390	GCATTT
1029170	432	7m8	1.032	TGCATT
1029189	2256	o6	1.245	TGCATT
1029192	1361	6m	2.404	GCATTT
1029192	1979	6m	1.544	GCATTT
1029192	2040	6m	1.864	GCATTT
1029235	67	7m8	1.235	TGCATT
1029246	682	7A1	2.981	GCATTT
1029246	903	6m	3.398	GCATTT
1029255	199	o6	1.763	TGCATT
1029261	58	7A1	1.796	GCATTT
1029278	126	6m	1.939	GCATTT
1029298	408	7m8	2.429	TGCATT
1029309	699	6m	1.798	GCATTT
1029331	48	8m	2.734	GCATTT
1029369	1867	7m8	2.255	GCATTT
1029369	2353	8m	2.544	TGCATT
1029372	68	8m	2.220	GCATTT
1029391	126	6m	1.909	GCATTT
1029391	201	7A1	1.282	GCATTT
1029420	91	6m	2.538	GCATTT
1029459	739	o6	1.235	TGCATT
1029462	272	o6	3.387	TGCATT
1029462	402	7m8	3.649	TGCATT
1029490	30	7A1	2.065	GCATTT
1029504	25	8m	1.125	TGCATT
1029517	1669	8m	2.957	TGCATT
1029517	1765	o6	2.857	TGCATT
1029517	1940	7m8	2.640	TGCATT
1029520	270	6m	2.204	GCATTT
1029525	220	7m8	1.584	TGCATT
1029532	523	o6	1.321	TGCATT
1029532	2513	o6	1.311	TGCATT
1029558	227	6m	1.888	GCATTT
1029558	528	8m	2.648	TGCATT
1029558	1093	8m	1.212	TGCATT
1029575	210	7A1	3.649	GCATTT
1029692	253	7m8	1.997	GCATTT
1029710	207	o6	1.742	TGCATT
1029715	66	8m	3.082	GCATTT
1029715	127	7m8	1.286	TGCATT
1029715	338	8m	2.239	GCATTT
1029728	624	6m	2.220	GCATTT
1029749	767	o6	2.984	TGCATT
1029752	81	6m	2.073	GCATTT
1029769	301	o6	4.013	TGCATT
1029781	363	o6	1.905	TGCATT
1029782	227	7A1	1.012	GCATTT
1029782	933	o6	2.304	TGCATT
1029782	1728	7A1	1.670	GCATTT
1029782	1749	7A1	1.701	GCATTT
1029832	34	7A1	1.771	GCATTT
1029846	439	o6	1.521	TGCATT
1029862	41	8m	2.807	TGCATT
1029862	630	o6	1.902	TGCATT
1029882	6	8m	1.469	TGCATT
1029918	60	7m8	1.651	TGCATT
1029938	0	7A1	1.365	GCATTT
1029982	474	7m8	1.053	TGCATT
1029988	252	o6	1.016	TGCATT
1029988	343	7m8	1.285	GCATTT
1030009	100	o6	2.033	TGCATT
1030027	93	6m	1.284	GCATTT
1030027	408	o6	1.034	TGCATT
1030120	83	7m8	2.364	GCATTT
1030123	578	7m8	1.434	TGCATT
1030132	166	6m	2.377	GCATTT
1030135	67	7A1	1.687	GCATTT
1030151	5	6m	2.160	GCATTT
1030186	65	6m	3.074	GCATTT
1030240	321	o6	1.587	TGCATT
1030245	1013	6m	1.553	GCATTT
1030245	1299	o6	2.255	TGCATT
1030258	355	7m8	2.904	TGCATT
1030266	181	7A1	1.997	GCATTT
1030266	555	o6	1.225	TGCATT
1030266	875	7m8	2.227	TGCATT
1030266	932	7m8	2.834	TGCATT
1030266	1855	7A1	1.817	GCATTT
1030266	2458	7A1	1.292	GCATTT
1030266	2633	o6	1.376	TGCATT
1030308	475	o6	1.639	TGCATT
1030335	503	o6	1.328	TGCATT
1030373	46	7A1	2.964	GCATTT
1030389	69	7A1	1.804	GCATTT
1030405	350	6m	1.711	GCATTT
1030417	187	6m	2.072	GCATTT
1030437	88	7A1	2.404	GCATTT
1030451	2111	7m8	2.533	TGCATT
1030468	182	o6	1.221	TGCATT
1030482	506	7m8	1.356	GCATTT
1030482	655	6m	1.946	GCATTT
1030482	863	8m	2.544	TGCATT
1030519	48	7m8	2.072	TGCATT
1030580	529	6m	1.685	GCATTT
1030653	202	7A1	1.994	GCATTT
1030679	83	8m	2.442	GCATTT
1030713	1719	6m	1.255	GCATTT
1030716	5	6m	2.178	GCATTT
1030716	1258	o6	1.965	TGCATT
1030716	1337	7m8	1.965	TGCATT
1030746	83	7A1	2.544	GCATTT
1030782	1473	6m	2.061	GCATTT
1030798	69	8m	3.074	TGCATT
1030821	82	7m8	1.690	GCATTT
1030828	102	7A1	1.825	GCATTT
1030848	171	o6	1.276	TGCATT
1030863	16	7m8	1.077	TGCATT
1030888	151	7m8	1.712	TGCATT
1030893	240	7A1	2.523	GCATTT
1030903	227	7A1	2.694	GCATTT
1030965	188	6m	1.606	GCATTT
1030965	230	o6	1.159	TGCATT
1031001	219	7A1	3.090	GCATTT
1031099	17	o6	1.260	TGCATT
1031111	66	7A1	3.034	GCATTT
1031118	84	6m	1.463	GCATTT
1031129	256	6m	1.709	GCATTT
1031129	402	8m	2.350	TGCATT
1031145	83	7m8	1.857	TGCATT
1031156	2627	7m8	2.159	TGCATT
1031156	2721	7A1	1.540	GCATTT
1031175	20	o6	1.017	TGCATT
1031187	33	8m	3.363	TGCATT
1031187	99	8m	2.223	GCATTT
1031199	721	7A1	3.034	GCATTT
1031199	2809	8m	2.807	TGCATT
1031199	3563	7m8	1.565	GCATTT
1031223	545	7m8	2.652	GCATTT
1031223	601	7m8	2.494	TGCATT
1031224	59	6m	3.514	GCATTT
1031224	1437	o6	1.045	TGCATT
1031224	1940	7A1	2.203	GCATTT
1031235	120	6m	1.469	GCATTT
1031236	160	8m	2.272	GCATTT
1031236	312	7m8	1.887	TGCATT
1031239	47	o6	1.686	TGCATT
1031284	201	7A1	2.319	GCATTT
1031304	173	o6	2.665	TGCATT
1031304	1337	7m8	1.993	TGCATT
1031304	1600	7m8	2.321	TGCATT
1031307	596	6m	1.069	GCATTT
1031307	1270	7A1	3.047	GCATTT
1031307	1777	6m	1.254	GCATTT
1031307	2860	8m	3.232	TGCATT
1031375	1378	7A1	1.606	GCATTT
1031390	1096	6m	1.051	GCATTT
1031390	3823	o6	2.766	TGCATT
1031390	8522	7m8	1.800	GCATTT
1031390	8715	o6	2.225	TGCATT
1031446	193	7m8	1.773	GCATTT
1031446	199	7m8	2.235	TGCATT
1031456	38	o6	1.993	TGCATT
1031464	37	o6	1.591	TGCATT
1031464	230	o6	1.230	TGCATT
1031495	39	7m8	2.795	TGCATT
1031498	1658	7A1	2.412	GCATTT
1031524	120	7A1	1.284	GCATTT
1031524	282	6m	1.600	GCATTT
1031547	569	8m	2.143	TGCATT
1031563	223	o6	1.295	TGCATT
1031593	157	6m	1.759	GCATTT
1031593	554	6m	1.450	GCATTT
1031616	506	7m8	3.258	TGCATT
1031616	1143	o6	2.480	TGCATT
1031616	1208	7m8	1.062	TGCATT
1031630	19	o6	1.290	TGCATT
1031641	537	7m8	1.684	GCATTT
1031670	75	7m8	1.882	TGCATT
1031734	107	6m	1.892	GCATTT
1031746	148	o6	1.328	TGCATT
1031746	153	o6	1.173	TGCATT
1031746	186	7m8	2.475	TGCATT
1031794	55	8m	1.535	TGCATT
1031814	245	7A1	2.326	GCATTT
1031814	507	7m8	1.663	TGCATT
1031818	660	o6	1.122	TGCATT
1031830	424	7A1	2.815	GCATTT
1031906	68	o6	4.184	TGCATT
1031953	37	o6	1.950	TGCATT
1031953	230	o6	1.219	TGCATT
1031962	453	6m	3.259	GCATTT
1031994	2660	6m	1.405	GCATTT
1032052	34	o6	1.340	TGCATT
1032061	100	6m	1.356	GCATTT
1032090	545	7m8	2.477	TGCATT
1032132	574	o6	1.028	TGCATT
1032163	28	o6	2.846	TGCATT
1032169	37	7A1	2.635	GCATTT
1032200	1303	6m	2.306	GCATTT
1032234	55	8m	2.413	TGCATT
1032239	20	7A1	1.967	GCATTT
1032255	94	6m	1.421	GCATTT
1032279	583	6m	1.322	GCATTT
1032282	213	8m	2.741	TGCATT
1032285	2199	8m	2.741	TGCATT
1032292	33	o6	1.027	TGCATT
1032292	676	6m	1.321	GCATTT
1032310	88	7m8	2.350	TGCATT
1032325	1351	8m	2.277	TGCATT
1032325	2469	o6	1.842	TGCATT
1032333	886	8m	2.587	TGCATT
1032366	88	8m	3.091	TGCATT
1032369	344	6m	1.733	GCATTT
1032369	736	6m	1.120	GCATTT
1032369	1436	8m	2.593	TGCATT
1032369	2670	o6	2.549	TGCATT
1032369	3093	o6	2.219	TGCATT
1032386	595	o6	2.428	TGCATT
1032412	32	6m	2.493	GCATTT
1032420	1059	8m	2.970	TGCATT
1032430	362	o6	1.858	TGCATT
1032438	64	7m8	1.328	GCATTT
1032471	1303	7A1	2.399	GCATTT
1032498	851	7m8	1.255	TGCATT
1032508	1022	7m8	1.529	TGCATT
1032508	1544	7A1	2.318	GCATTT
1032519	72	7m8	2.309	TGCATT
1032604	215	6m	1.554	GCATTT
1032607	112	o6	1.638	TGCATT
1032607	954	7A1	1.322	GCATTT
1032616	1893	o6	1.322	TGCATT
1032622	2072	o6	1.606	TGCATT
1032622	2452	7m8	1.573	TGCATT
1032622	2541	7A1	1.606	GCATTT
1032622	2868	7m8	2.807	TGCATT
1032622	4783	6m	1.606	GCATTT
1032623	191	7m8	1.923	TGCATT
1032631	55	o6	1.284	TGCATT
1032631	60	8m	1.780	GCATTT
1032640	437	6m	2.031	GCATTT
1032667	123	7A1	2.253	GCATTT
1032670	93	o6	2.178	TGCATT
1032675	728	7A1	2.033	GCATTT
1032684	80	7A1	2.286	GCATTT
1032684	220	7A1	3.664	GCATTT
1032687	243	7A1	1.139	GCATTT
1032693	843	o6	1.780	TGCATT
1032710	95	7A1	2.178	GCATTT
1032713	659	7A1	1.967	GCATTT
1032713	2059	7m8	2.507	TGCATT
1032728	79	7A1	1.982	GCATTT
1032741	448	o6	1.773	TGCATT
1032747	179	6m	1.895	GCATTT
1032793	744	o6	3.311	TGCATT
1032793	981	6m	2.386	GCATTT
1032799	300	6m	1.212	GCATTT
1032799	1483	7m8	1.084	TGCATT
1032813	427	o6	1.940	TGCATT
1032813	791	8m	2.834	TGCATT
1032813	1395	o6	1.133	TGCATT
1032817	167	7m8	1.633	GCATTT
1032822	1045	o6	2.517	TGCATT
1032822	3396	7m8	1.606	TGCATT
1032840	186	6m	2.792	GCATTT
1032852	211	6m	1.634	GCATTT
1032902	2543	o6	1.012	TGCATT
1032908	4	7A1	1.447	GCATTT
1032964	164	o6	3.028	TGCATT
1032964	1174	7m8	3.009	TGCATT
1032964	1185	6m	2.965	GCATTT
1032964	1338	o6	3.009	TGCATT
1032964	1360	o6	2.479	TGCATT
1032965	1786	7m8	1.742	GCATTT
1032981	470	7m8	2.570	TGCATT
1032986	45	6m	2.076	GCATTT
1032986	433	7m8	2.105	TGCATT
1032987	1624	o6	1.562	TGCATT
1032998	123	7m8	1.388	GCATTT
1033008	2485	6m	1.198	GCATTT
1033008	3335	8m	2.863	TGCATT
1033008	3605	6m	1.321	GCATTT
1033028	862	o6	1.791	TGCATT
1033037	205	o6	2.851	TGCATT
1033041	2844	6m	2.215	GCATTT
1033041	3348	o6	2.338	TGCATT
1033046	1016	7A1	1.085	GCATTT
1033047	63	7A1	2.508	GCATTT
1033047	73	8m	2.508	GCATTT
1033047	784	8m	2.533	GCATTT
1033085	58	7A1	1.663	GCATTT
1033089	995	6m	1.993	GCATTT
1033089	1401	o6	1.083	TGCATT
1033089	2059	6m	1.606	GCATTT
1033141	466	7m8	2.694	TGCATT
1033141	2693	o6	2.019	TGCATT
1033152	951	7A1	1.712	GCATTT
1033152	1114	7A1	2.350	GCATTT
1033226	687	7m8	1.137	GCATTT
1033227	1061	7m8	1.724	TGCATT
1033239	322	o6	1.500	TGCATT
1033239	486	7m8	1.808	GCATTT
1033244	933	o6	1.936	TGCATT
1033250	180	6m	1.176	GCATTT
1033250	573	6m	1.544	GCATTT
1033250	619	7m8	2.350	TGCATT
1033250	957	6m	2.033	GCATTT
1033281	914	o6	2.098	TGCATT
1033302	357	6m	1.487	GCATTT
1033323	32	o6	1.278	TGCATT
1033351	1431	o6	1.745	TGCATT
1033351	1440	7m8	2.261	GCATTT
1033351	1703	o6	1.641	TGCATT
1033373	441	o6	2.351	TGCATT
1033378	744	o6	1.079	TGCATT
1033381	189	6m	1.703	GCATTT
1033384	1302	7m8	2.072	TGCATT
1033390	64	7m8	2.544	GCATTT
1033399	497	7m8	1.203	GCATTT
1033409	951	7m8	2.073	GCATTT
1033421	147	6m	1.625	GCATTT
1033425	716	7A1	2.016	GCATTT
1033452	934	6m	2.098	GCATTT
1033452	1063	7m8	3.034	TGCATT
1033452	1423	7m8	2.635	TGCATT
1033452	1444	6m	2.606	GCATTT
1033452	2915	6m	2.807	GCATTT
1033457	234	6m	2.660	GCATTT
1033457	249	6m	2.694	GCATTT
1033469	305	8m	2.788	GCATTT
1033469	576	8m	2.876	GCATTT
1033469	1156	7m8	1.496	TGCATT
1033472	95	8m	1.309	GCATTT
1033481	771	6m	2.237	GCATTT
1033481	3193	7m8	3.347	TGCATT
1033481	3323	6m	2.412	GCATTT
1033488	87	o6	1.351	TGCATT
1033488	1380	6m	1.533	GCATTT
1033514	208	o6	2.387	TGCATT
1033517	338	7m8	2.754	TGCATT
1033517	682	7m8	2.138	TGCATT
1033530	404	7m8	2.268	TGCATT
1033565	970	7m8	2.544	TGCATT
1033565	1703	6m	3.534	GCATTT
1033565	4203	7A1	1.663	GCATTT
1033571	1264	o6	1.563	TGCATT
1033575	143	6m	1.278	GCATTT
1033598	455	7m8	1.883	TGCATT
1033598	2116	7A1	1.773	GCATTT
1033598	2529	6m	1.687	GCATTT
1033598	5531	o6	1.689	TGCATT
1033601	1734	8m	2.871	GCATTT
1033616	219	7A1	2.734	GCATTT
1033637	118	8m	1.148	TGCATT
1033679	383	6m	2.257	GCATTT
1033718	26	o6	1.665	TGCATT
1033732	300	o6	1.905	TGCATT
1033732	710	6m	1.322	GCATTT
1033735	395	6m	1.053	GCATTT
1033739	1474	o6	1.560	TGCATT
1033778	78	o6	1.158	TGCATT
1033786	230	6m	1.485	GCATTT
1033792	23	7m8	2.134	TGCATT
1033792	37	6m	1.538	GCATTT
1033792	804	6m	2.246	GCATTT
1033795	605	6m	2.152	GCATTT
1033795	710	6m	2.477	GCATTT
1033803	407	o6	1.055	TGCATT
1033824	1372	o6	3.525	TGCATT
1033865	459	6m	2.729	GCATTT
1033877	1860	7m8	3.012	GCATTT
1033877	2859	7A1	1.960	GCATTT
1033883	1476	o6	2.241	TGCATT
1033883	2287	7m8	2.854	TGCATT
1033906	131	o6	1.609	TGCATT
1033907	45	o6	1.398	TGCATT
1033956	428	7m8	1.878	GCATTT
1033956	540	8m	2.280	TGCATT
1033960	458	7m8	1.373	TGCATT
1033960	626	o6	1.484	TGCATT
1033960	665	7m8	2.490	TGCATT
1033978	893	7A1	2.909	GCATTT
1033995	457	6m	1.535	GCATTT
1034004	247	8m	1.112	TGCATT
1034004	399	7A1	1.842	GCATTT
1034007	159	7m8	2.854	GCATTT
1034010	52	o6	1.113	TGCATT
1034023	32	o6	2.306	TGCATT
1034034	163	7A1	1.851	GCATTT
1034058	143	7m8	1.031	GCATTT
1034058	989	o6	1.081	TGCATT
1034071	124	o6	1.507	TGCATT
1034071	182	7m8	1.709	GCATTT
1034089	1179	o6	1.231	TGCATT
1034109	126	7m8	2.577	GCATTT
1034109	192	6m	1.845	GCATTT
1034134	148	8m	1.959	GCATTT
1034160	896	o6	2.493	TGCATT
1034170	914	7m8	1.537	GCATTT
1034209	373	7m8	1.619	TGCATT
1034248	348	o6	1.254	TGCATT
1034265	117	6m	1.407	GCATTT
1034271	318	6m	1.230	GCATTT
1034274	167	7A1	1.844	GCATTT
1034277	598	7m8	2.532	TGCATT
1034284	418	7A1	1.690	GCATTT
1034316	3276	6m	1.577	GCATTT
1034316	3782	6m	1.053	GCATTT
1034331	1680	6m	1.805	GCATTT
1034337	792	7A1	2.325	GCATTT
1034337	847	8m	3.293	TGCATT
1034340	1258	o6	1.023	TGCATT
1034340	1470	o6	2.233	TGCATT
1034343	53	7m8	1.217	GCATTT
1034347	370	7m8	1.577	TGCATT
1034347	755	6m	2.103	GCATTT
1034347	1447	6m	1.431	GCATTT
1034358	183	8m	1.548	TGCATT
1034361	371	7m8	1.974	TGCATT
1034361	1083	7A1	1.764	GCATTT
1034361	1882	o6	1.452	TGCATT
1034362	571	6m	1.288	GCATTT
1034362	615	6m	2.031	GCATTT
1034362	1775	o6	3.027	TGCATT
1034362	1955	o6	4.339	TGCATT
1034376	80	o6	1.306	TGCATT
1034379	100	7A1	1.401	GCATTT
1034394	312	7A1	1.604	GCATTT
1034397	123	o6	1.073	TGCATT
1034397	1005	7A1	1.736	GCATTT
1034397	1293	o6	1.328	TGCATT
1034401	117	7A1	1.457	GCATTT
1034416	988	8m	2.652	TGCATT
1034434	525	o6	1.959	TGCATT
1034451	356	8m	2.054	TGCATT
1034469	466	7A1	1.687	GCATTT
1034493	550	7A1	2.265	GCATTT
1034496	16	7m8	2.854	TGCATT
1034499	923	6m	3.142	GCATTT
1034500	365	6m	2.090	GCATTT
1034500	545	6m	1.560	GCATTT
1034508	221	7m8	2.804	TGCATT
1034539	398	7A1	1.711	GCATTT
1034539	1340	7m8	1.307	TGCATT
1034556	2420	6m	3.434	GCATTT
1034565	328	o6	2.044	TGCATT
1034569	1648	o6	1.377	TGCATT
1034569	4262	6m	2.073	GCATTT
1034583	1402	7A1	1.416	GCATTT
1034586	611	7m8	2.074	TGCATT
1034586	787	6m	1.377	GCATTT
1034593	461	6m	2.073	GCATTT
1034599	166	7m8	2.206	GCATTT
1034635	65	7m8	2.206	GCATTT
1034641	216	8m	1.065	TGCATT
1034665	2180	7A1	1.376	GCATTT
1034679	1180	o6	1.305	TGCATT
1034679	1893	7m8	2.191	TGCATT
1034679	2584	6m	1.322	GCATTT
1034679	3875	6m	2.559	GCATTT
1034687	866	7A1	2.248	GCATTT
1034690	1336	6m	2.747	GCATTT
1034694	518	7A1	2.575	GCATTT
1034699	51	7m8	1.386	GCATTT
1034703	65	7m8	1.625	TGCATT
1034739	2104	7A1	3.572	GCATTT
1034739	2400	7m8	2.031	TGCATT
1034745	597	6m	2.302	GCATTT
1034748	1032	7m8	2.876	GCATTT
1034766	63	7A1	1.262	GCATTT
1034784	153	7m8	2.101	TGCATT
1034828	789	7m8	2.910	GCATTT
1034836	557	8m	2.377	TGCATT
1034839	1224	7m8	3.325	TGCATT
1034873	607	7m8	1.060	TGCATT
1034879	646	7m8	2.834	TGCATT
1034888	687	6m	1.168	GCATTT
1034888	768	7A1	1.801	GCATTT
1034899	91	6m	1.488	GCATTT
1034899	850	o6	1.098	TGCATT
1034903	38	8m	1.535	GCATTT
1034917	647	8m	2.271	GCATTT
1034941	2983	6m	1.164	GCATTT
1034953	542	o6	2.776	TGCATT
1034977	1119	o6	1.262	TGCATT
1034983	254	7A1	2.541	GCATTT
1034984	1193	o6	2.536	TGCATT
1034984	1428	6m	1.247	GCATTT
1034995	111	6m	3.002	GCATTT
1034995	4366	6m	1.948	GCATTT
1034995	4417	6m	1.645	GCATTT
1035001	208	8m	2.377	TGCATT
1035001	1127	8m	1.560	GCATTT
1035001	1527	8m	2.888	TGCATT
1035001	1923	6m	1.815	GCATTT
1035001	3329	o6	2.377	TGCATT
1035007	337	6m	1.693	GCATTT
1035010	1621	7A1	1.995	GCATTT
1035010	2781	7A1	2.683	GCATTT
1035010	3987	6m	3.304	GCATTT
1035010	4463	o6	1.129	TGCATT
1035015	1082	o6	1.497	TGCATT
1035024	112	8m	1.794	GCATTT
1035033	472	7A1	1.787	GCATTT
1035093	269	8m	1.041	GCATTT
1035093	567	7A1	2.520	GCATTT
1035093	1229	7m8	1.018	TGCATT
1035093	1481	o6	1.223	TGCATT
1035096	47	8m	3.586	TGCATT
1035103	44	8m	2.827	TGCATT
1035147	112	7A1	2.294	GCATTT
1035192	353	o6	2.337	TGCATT
1035192	369	6m	2.508	GCATTT
1035198	1024	o6	3.892	TGCATT
1035198	1509	7m8	1.437	TGCATT
1035198	2600	o6	2.766	TGCATT
1035213	1365	o6	1.719	TGCATT
1035218	134	7A1	2.249	GCATTT
1035225	109	8m	2.262	TGCATT
1035276	88	7m8	3.139	GCATTT
1035276	710	6m	1.845	GCATTT
1035276	790	8m	3.868	TGCATT
1035314	1338	o6	1.991	TGCATT
1035363	222	6m	1.392	GCATTT
1035366	223	6m	1.342	GCATTT
1035380	272	o6	1.831	TGCATT
1035380	762	8m	2.854	TGCATT
1035384	614	6m	1.178	GCATTT
1035408	512	7A1	3.028	GCATTT
1035431	282	7m8	2.814	TGCATT
1035476	302	7A1	1.524	GCATTT
1035476	367	6m	1.579	GCATTT
1035477	1378	8m	2.073	TGCATT
1035507	11	8m	1.524	GCATTT
1035519	27	7A1	2.321	GCATTT
1035527	639	6m	3.499	GCATTT
1035527	3303	o6	1.995	TGCATT
1035536	2136	7m8	4.571	TGCATT
1035561	1643	8m	2.050	GCATTT
1035561	1888	7m8	2.039	TGCATT
1035569	3559	o6	1.321	TGCATT
1035569	6013	8m	2.455	TGCATT
1035569	7567	8m	1.284	TGCATT
1035569	9540	o6	1.278	TGCATT
1035569	9960	6m	2.141	GCATTT
1035569	10526	7A1	1.385	GCATTT
1035569	16780	6m	2.255	GCATTT
1035569	17134	7A1	1.896	GCATTT
1035575	765	8m	1.860	TGCATT
1035582	1951	o6	2.508	TGCATT
1035582	2441	6m	2.508	GCATTT
1035582	2463	6m	1.889	GCATTT
1035585	586	7m8	1.244	GCATTT
1035594	1237	6m	1.428	GCATTT
1035594	1851	7A1	5.323	GCATTT
1035615	96	o6	1.260	TGCATT
1035644	240	6m	2.394	GCATTT
1035656	535	6m	1.882	GCATTT
1035656	2052	o6	1.925	TGCATT
1035656	3437	7A1	2.048	GCATTT
1035672	314	7m8	2.854	GCATTT
1035684	84	8m	2.062	TGCATT
1035687	541	6m	2.103	GCATTT
1035693	168	6m	1.464	GCATTT
1035711	616	6m	2.452	GCATTT
1035720	182	o6	2.321	TGCATT
1035726	230	8m	1.602	GCATTT
1035729	156	7A1	1.674	GCATTT
1035755	70	8m	1.906	GCATTT
1035758	269	o6	2.311	TGCATT
1035768	640	7m8	2.203	TGCATT
1035768	1468	7m8	2.468	TGCATT
1035768	2473	6m	1.065	GCATTT
1035768	2758	7m8	2.008	TGCATT
1035773	332	7m8	1.650	GCATTT
1035773	2787	7m8	2.073	TGCATT
1035783	3921	o6	3.171	TGCATT
1035794	385	o6	2.031	TGCATT
1035798	2643	8m	1.454	GCATTT
1035801	3336	6m	1.363	GCATTT
1035836	702	8m	5.802	TGCATT
1035843	141	7A1	2.427	GCATTT
1035879	99	6m	1.735	GCATTT
1035879	193	o6	1.943	TGCATT
1035904	472	o6	3.848	TGCATT
1035939	154	8m	1.349	TGCATT
1035945	67	o6	2.229	TGCATT
1035945	4636	o6	3.025	TGCATT
1035974	612	7A1	2.981	GCATTT
1035986	698	8m	2.321	GCATTT
1036001	782	7m8	1.500	TGCATT
1036001	858	7m8	2.211	GCATTT
1036001	1363	6m	3.200	GCATTT
1036001	1369	8m	3.200	GCATTT
1036001	2246	o6	2.230	TGCATT
1036011	132	7m8	1.373	TGCATT
1036011	543	o6	1.955	TGCATT
1036016	422	6m	1.036	GCATTT
1036022	112	7A1	1.073	GCATTT
1036070	156	7m8	1.330	TGCATT
1036088	1320	o6	3.348	TGCATT
1036089	244	7A1	3.809	GCATTT
1036100	194	6m	2.323	GCATTT
1036127	1390	6m	1.970	GCATTT
1036127	11097	o6	1.047	TGCATT
1036127	11412	o6	1.295	TGCATT
1036137	238	o6	1.137	TGCATT
1036160	123	7m8	2.557	TGCATT
1036203	195	6m	1.906	GCATTT
1036203	566	o6	1.676	TGCATT
1036220	280	o6	1.307	TGCATT
1036226	72	o6	1.652	TGCATT
1036239	144	7m8	2.943	TGCATT
1036242	284	8m	2.600	TGCATT
1036250	114	7m8	1.052	GCATTT
1036254	110	6m	1.986	GCATTT
1036280	156	6m	3.267	GCATTT
1036283	1818	7m8	1.894	TGCATT
1036325	52	7A1	1.328	GCATTT
1036343	1734	8m	1.212	GCATTT
1036343	1856	8m	2.966	TGCATT
1036343	1934	o6	1.590	TGCATT
1036374	801	6m	1.312	GCATTT
1036374	823	6m	1.560	GCATTT
1036399	358	o6	3.499	TGCATT
1036399	1447	o6	3.118	TGCATT
1036404	2345	o6	1.836	TGCATT
1036419	1601	8m	2.362	TGCATT
1036432	1686	o6	1.661	TGCATT
1036443	354	8m	2.804	TGCATT
1036461	36	7A1	2.551	GCATTT
1036470	167	6m	1.759	GCATTT
1036471	482	o6	1.250	TGCATT
1036482	237	7A1	2.520	GCATTT
1036482	1565	o6	1.725	TGCATT
1036486	239	8m	2.978	GCATTT
1036492	236	7A1	1.447	GCATTT
1036501	579	7A1	1.984	GCATTT
1036537	144	6m	2.933	GCATTT
1036537	151	7m8	2.933	GCATTT
1036537	1837	7A1	1.226	GCATTT
1036549	33	8m	3.659	GCATTT
1036549	117	7A1	2.262	GCATTT
1036558	80	7m8	3.390	TGCATT
1036563	27	7A1	1.582	GCATTT
1036566	852	7m8	1.349	GCATTT
1036568	3730	8m	2.005	TGCATT
1036568	4502	8m	2.016	GCATTT
1036601	242	7m8	1.094	TGCATT
1036601	960	7m8	1.596	TGCATT
1036601	1003	7m8	1.257	GCATTT
1036625	34	7m8	1.076	GCATTT
1036662	23	7m8	1.457	TGCATT
1036667	39	6m	1.787	GCATTT
1036682	1165	7m8	1.405	TGCATT
1036682	1897	7A1	3.659	GCATTT
1036686	184	8m	3.934	GCATTT
1036691	476	7m8	2.289	TGCATT
1036706	153	7m8	2.377	TGCATT
1036706	1204	7m8	1.955	TGCATT
1036715	73	6m	1.591	GCATTT
1036727	309	o6	2.348	TGCATT
1036745	874	o6	2.888	TGCATT
1036787	642	7A1	2.930	GCATTT
1036787	658	6m	2.445	GCATTT
1036788	422	7A1	1.690	GCATTT
1036788	1973	o6	1.405	TGCATT
1036788	2611	6m	2.859	GCATTT
1036800	7	o6	2.605	TGCATT
1036836	43	o6	1.334	TGCATT
1036845	236	8m	2.065	TGCATT
1036859	184	7m8	2.411	TGCATT
1036865	135	7m8	3.279	TGCATT
1036884	510	8m	2.037	TGCATT
1036898	106	7A1	1.117	GCATTT
1036899	1325	o6	1.348	TGCATT
1036910	1932	6m	3.150	GCATTT
1036968	555	6m	1.563	GCATTT
1036991	2479	6m	1.006	GCATTT
1036991	2667	6m	1.262	GCATTT
1036995	229	7A1	1.103	GCATTT
1036995	261	8m	1.798	GCATTT
1037031	990	7m8	2.626	TGCATT
1037031	1338	6m	2.412	GCATTT
1037101	265	7A1	1.969	GCATTT
1037111	61	6m	1.928	GCATTT
1037134	700	7m8	1.032	TGCATT
1037150	262	7m8	1.942	GCATTT
1037158	113	7A1	1.913	GCATTT
1037164	467	o6	3.348	TGCATT
1037192	204	7m8	2.456	TGCATT
1037197	205	7m8	1.876	TGCATT
1037197	599	7m8	1.257	TGCATT
1037207	177	o6	1.451	TGCATT
1037207	231	7m8	3.126	GCATTT
1037207	467	o6	3.098	TGCATT
1037219	753	7m8	2.094	GCATTT
1037225	116	6m	2.466	GCATTT
1037286	299	o6	1.466	TGCATT
1037307	116	6m	1.262	GCATTT
1037307	394	6m	1.423	GCATTT
1037333	1356	7A1	2.436	GCATTT
1037361	193	8m	1.206	GCATTT
1037389	37	6m	1.163	GCATTT
1037395	443	7m8	1.309	GCATTT
1037398	14	6m	1.268	GCATTT
1037413	498	8m	3.139	TGCATT
1037428	411	o6	1.201	TGCATT
1037434	50	7m8	2.583	TGCATT
1037434	60	7m8	2.569	TGCATT
1037440	265	8m	2.314	TGCATT
1037440	577	8m	2.661	TGCATT
1037452	257	6m	1.475	GCATTT
1037474	723	o6	1.064	TGCATT
1037479	110	6m	2.468	GCATTT
1037485	1123	7m8	1.550	GCATTT
1037512	56	8m	1.959	TGCATT
1037516	989	7m8	1.524	TGCATT
1037537	148	8m	3.579	TGCATT
1037691	401	o6	2.615	TGCATT
1037702	50	8m	2.954	TGCATT
1037702	144	8m	2.985	TGCATT
1037702	247	8m	1.803	GCATTT
1037702	320	8m	1.140	TGCATT
1037715	1288	o6	3.574	TGCATT
1037720	98	7A1	1.235	GCATTT
1037733	122	o6	2.194	TGCATT
1037733	157	7A1	2.347	GCATTT
1037832	713	7m8	2.027	TGCATT
1037845	774	o6	1.318	TGCATT
1037895	77	6m	2.502	GCATTT
1037944	48	7m8	1.137	GCATTT
1037992	491	7A1	1.348	GCATTT
1038054	76	6m	2.006	GCATTT
1038060	112	7m8	3.416	GCATTT
1038066	445	o6	1.468	TGCATT
1038084	122	o6	1.048	TGCATT
1038118	46	7m8	2.369	TGCATT
1038118	451	7A1	1.474	GCATTT
1038119	109	6m	3.709	GCATTT
1038135	664	6m	2.840	GCATTT
1038156	154	7m8	1.724	GCATTT
1038160	823	o6	2.840	TGCATT
1038174	76	6m	2.377	GCATTT
1038243	29	7m8	1.222	TGCATT
1038244	22	7m8	2.411	GCATTT
1038293	216	o6	1.328	TGCATT
1038293	2132	o6	3.363	TGCATT
1038293	3689	o6	1.690	TGCATT
1038312	2073	6m	2.483	GCATTT
1038342	193	8m	1.906	GCATTT
1038366	698	6m	2.055	GCATTT
1038378	89	6m	1.874	GCATTT
1038378	257	8m	3.325	GCATTT
1038378	543	6m	2.035	GCATTT
1038431	486	o6	2.298	TGCATT
1038465	87	o6	1.994	TGCATT
1038465	109	6m	1.441	GCATTT
1038465	975	o6	2.436	TGCATT
1038470	341	6m	2.223	GCATTT
1038470	360	6m	2.854	GCATTT
1038470	609	7A1	2.674	GCATTT
1038485	1225	o6	1.750	TGCATT
1038499	189	6m	3.638	GCATTT
1038511	266	7m8	2.462	TGCATT
1038511	600	8m	2.020	TGCATT
1038529	659	o6	1.002	TGCATT
1038529	1138	7m8	2.833	TGCATT
1038535	649	o6	1.349	TGCATT
1038544	115	7m8	2.321	GCATTT
1038544	278	o6	1.648	TGCATT
1038544	1138	o6	1.314	TGCATT
1038571	1023	7A1	1.980	GCATTT
1038589	715	7m8	3.847	TGCATT
1038596	13	6m	2.067	GCATTT
1038596	560	7m8	2.943	GCATTT
1038601	90	o6	1.581	TGCATT
1038601	112	o6	2.683	TGCATT
1038622	552	6m	1.632	GCATTT
1038640	1159	7m8	2.592	TGCATT
1038640	1300	6m	2.058	GCATTT
1038640	2815	7m8	2.766	TGCATT
1038652	481	o6	1.295	TGCATT
1038670	1407	8m	2.994	TGCATT
1038694	60	8m	1.452	TGCATT
1038704	348	7m8	2.321	GCATTT
1038715	246	o6	1.017	TGCATT
1038752	1951	6m	2.854	GCATTT
1038767	127	o6	2.854	TGCATT
1038797	56	8m	2.854	GCATTT
1038802	86	7m8	1.810	GCATTT
1038803	141	8m	1.045	TGCATT
1038808	1426	7A1	1.560	GCATTT
1038855	87	7m8	1.707	TGCATT
1038855	136	7A1	2.195	GCATTT
1038855	310	o6	1.385	TGCATT
1038855	315	o6	1.385	TGCATT
1038891	329	7m8	2.539	TGCATT
1038923	1492	8m	2.943	GCATTT
1038930	378	7m8	3.375	TGCATT
1038954	1205	7A1	2.301	GCATTT
1038960	532	8m	2.322	GCATTT
1038977	201	8m	2.433	GCATTT
1039069	1130	6m	2.379	GCATTT
1039088	30	6m	1.606	GCATTT
1039114	612	o6	1.178	TGCATT
1039151	169	o6	1.139	TGCATT
1039162	67	6m	1.584	GCATTT
1039196	493	6m	1.592	GCATTT
1039196	601	6m	3.267	GCATTT
1039199	1247	7A1	1.928	GCATTT
1039205	54	7m8	1.634	TGCATT
1039218	29	6m	2.434	GCATTT
1039218	267	6m	2.175	GCATTT
1039286	1103	o6	1.205	TGCATT
1039376	50	6m	1.356	GCATTT
1039422	1200	o6	3.160	TGCATT
1039422	3447	o6	1.005	TGCATT
1039431	219	7m8	1.477	GCATTT
1039445	398	o6	1.934	TGCATT
1039469	59	7A1	3.214	GCATTT
1039474	1226	7m8	1.533	TGCATT
1039481	2013	7m8	2.992	TGCATT
1039484	222	8m	2.218	TGCATT
1039496	146	6m	1.070	GCATTT
1039502	308	7m8	2.364	TGCATT
1039502	1164	6m	1.439	GCATTT
1039502	1229	7m8	3.888	GCATTT
1039502	1236	7m8	3.888	GCATTT
1039502	1745	o6	3.733	TGCATT
1039502	1849	o6	1.695	TGCATT
1039502	5378	7m8	4.116	GCATTT
1039503	989	7m8	2.854	TGCATT
1039557	2242	7m8	2.902	GCATTT
1039563	1435	7m8	1.083	GCATTT
1039563	1995	o6	1.562	TGCATT
1039563	2195	8m	1.512	TGCATT
1039563	2393	7A1	2.250	GCATTT
1039563	4203	6m	2.066	GCATTT
1039563	4644	6m	1.606	GCATTT
1039578	631	7A1	1.505	GCATTT
1039578	1479	7m8	2.840	TGCATT
1039578	3033	7m8	1.548	TGCATT
1039578	3277	6m	2.316	GCATTT
1039578	3847	6m	1.846	GCATTT
1039578	4771	7m8	3.274	GCATTT
1039578	4780	7m8	3.274	GCATTT
1039612	1237	8m	3.657	TGCATT
1039703	1345	o6	1.690	TGCATT
1039703	2483	7m8	3.275	GCATTT
1039706	1007	7A1	1.999	GCATTT
1039712	445	7m8	1.062	TGCATT
1039717	55	8m	1.328	TGCATT
1039718	61	7A1	1.894	GCATTT
1039718	961	7A1	2.828	GCATTT
1039718	2042	7A1	1.789	GCATTT
1039751	947	o6	2.646	TGCATT
1039754	761	8m	1.377	TGCATT
1039789	8	o6	1.312	TGCATT
1039794	158	o6	2.283	TGCATT
1039797	550	6m	3.100	GCATTT
1039797	2747	o6	1.938	TGCATT
1039797	2790	o6	1.328	TGCATT
1039820	200	o6	2.164	TGCATT
1039831	340	o6	1.397	TGCATT
1039831	822	6m	4.105	GCATTT
1039831	1865	7m8	3.215	TGCATT
1039853	842	7m8	2.981	TGCATT
1039853	1236	6m	2.684	GCATTT
1039853	2312	6m	1.236	GCATTT
1039853	5210	6m	1.434	GCATTT
1039853	5828	o6	2.915	TGCATT
1039853	7990	o6	1.548	TGCATT
1039858	1277	6m	1.105	GCATTT
1039865	543	7A1	2.556	GCATTT
1039870	166	6m	2.073	GCATTT
1039908	1658	7A1	2.483	GCATTT
1039908	3035	8m	3.194	TGCATT
1039911	372	7m8	2.776	TGCATT
1039920	507	6m	1.746	GCATTT
1039925	375	7m8	2.608	TGCATT
1039931	481	o6	3.460	TGCATT
1039932	404	8m	1.457	GCATTT
1039949	17	o6	3.143	TGCATT
1039955	1597	7m8	3.353	TGCATT
1039959	1884	7m8	3.915	TGCATT
1039971	647	6m	1.652	GCATTT
1039999	775	6m	3.398	GCATTT
1040004	1425	7m8	2.695	TGCATT
1040004	1721	7m8	1.607	GCATTT
1040012	2191	7m8	4.557	TGCATT
1040016	289	6m	1.119	GCATTT
1040019	472	6m	1.368	GCATTT
1040027	1021	o6	1.853	TGCATT
1040031	399	6m	2.073	GCATTT
1040049	1453	7A1	1.249	GCATTT
1040049	3108	7A1	1.697	GCATTT
1040054	49	7A1	3.297	GCATTT
1040058	299	7A1	2.103	GCATTT
1040058	4102	o6	1.079	TGCATT
1040069	696	8m	2.756	GCATTT
1040070	3634	6m	2.321	GCATTT
1040070	4230	6m	2.233	GCATTT
1040115	766	o6	2.776	TGCATT
1040129	205	8m	2.292	GCATTT
1040129	1340	7A1	3.565	GCATTT
1040129	1954	7A1	1.717	GCATTT
1040136	1470	7m8	1.047	TGCATT
1040145	1312	o6	1.548	TGCATT
1040148	2288	8m	2.425	TGCATT
1040159	104	7m8	3.028	TGCATT
1040165	4081	7A1	1.690	GCATTT
1040171	169	7A1	3.960	GCATTT
1040201	1235	7m8	2.811	TGCATT
1040210	169	7A1	1.993	GCATTT
1040210	2821	o6	3.017	TGCATT
1040214	659	o6	1.383	TGCATT
1040214	1934	7m8	1.207	GCATTT
1040214	2383	6m	1.179	GCATTT
1040214	2690	o6	1.606	TGCATT
1040228	235	7m8	1.948	TGCATT
1040240	515	6m	1.853	GCATTT
1040246	425	6m	1.434	GCATTT
1040283	2895	6m	1.606	GCATTT
1040294	1093	o6	2.402	TGCATT
1040297	2229	7m8	2.262	GCATTT
1040298	1972	7m8	1.504	TGCATT
1040298	2709	o6	2.770	TGCATT
1040298	6069	7A1	1.511	GCATTT
1040298	6575	6m	2.154	GCATTT
1040298	6947	7m8	1.054	GCATTT
1040298	8252	8m	2.331	TGCATT
1040298	8772	7m8	1.107	GCATTT
1040303	855	7A1	2.483	GCATTT
1040304	530	6m	1.281	GCATTT
1040325	26	8m	1.998	TGCATT
1040325	221	7m8	2.177	TGCATT
1040346	2891	7m8	2.015	TGCATT
1040346	3648	o6	1.073	TGCATT
1040352	3002	o6	1.310	TGCATT
1040377	532	6m	1.690	GCATTT
1040392	941	7A1	1.672	GCATTT
1040404	163	7m8	1.647	GCATTT
1040404	472	7m8	2.004	GCATTT
1040417	1534	7A1	2.480	GCATTT
1040420	69	7m8	3.147	GCATTT
1040420	295	o6	1.563	TGCATT
1040429	1236	6m	2.675	GCATTT
1040434	82	7m8	2.772	TGCATT
1040434	991	7m8	2.873	TGCATT
1040434	1883	o6	1.309	TGCATT
1040443	574	7A1	1.679	GCATTT
1040444	1214	7A1	3.449	GCATTT
1040479	1072	6m	2.286	GCATTT
1040479	1375	o6	3.255	TGCATT
1040483	697	7m8	1.038	TGCATT
1040492	55	7A1	1.065	GCATTT
1040492	97	7A1	1.690	GCATTT
1040495	626	o6	1.155	TGCATT
1040495	1479	o6	1.502	TGCATT
1040500	927	6m	1.977	GCATTT
1040500	2194	6m	3.594	GCATTT
1040513	598	6m	1.623	GCATTT
1040527	1463	o6	2.073	TGCATT
1040538	246	o6	1.278	TGCATT
1040538	561	o6	1.573	TGCATT
1040553	1572	o6	2.694	TGCATT
1040560	2045	6m	1.244	GCATTT
1040563	190	6m	1.244	GCATTT
1040584	1542	o6	1.189	TGCATT
1040590	3677	7m8	2.173	TGCATT
1040590	6108	o6	1.405	TGCATT
1040590	7944	o6	2.375	TGCATT
1040632	430	6m	2.181	GCATTT
1040635	1641	6m	1.055	GCATTT
1040635	3291	7m8	2.272	TGCATT
