1000021	661	o6	1.244	TAGCTT
1000021	690	7A1	3.404	AGCTTT
1000021	1033	6m	2.025	AGCTTT
1000066	533	o6	1.632	TAGCTT
1000066	2590	7A1	2.015	AGCTTT
1000069	1005	o6	1.298	TAGCTT
1000069	1247	7A1	2.255	AGCTTT
1000177	233	6m	1.680	AGCTTT
1000177	245	6m	1.680	AGCTTT
1000203	541	7m8	1.570	TAGCTT
1000261	357	o6	1.495	TAGCTT
1000278	224	o6	2.604	TAGCTT
1000306	149	8m	2.635	AGCTTT
1000311	14	7A1	1.560	AGCTTT
1000373	962	7A1	2.009	AGCTTT
1000385	383	6m	2.073	AGCTTT
1000386	1901	6m	2.480	AGCTTT
1000436	378	o6	1.061	TAGCTT
1000446	364	7m8	1.690	TAGCTT
1000494	178	o6	1.567	TAGCTT
1000503	434	o6	1.395	TAGCTT
1000506	273	o6	1.379	TAGCTT
1000520	312	7A1	1.053	AGCTTT
1000533	618	7A1	2.377	AGCTTT
1000545	406	o6	1.681	TAGCTT
1000619	975	7A1	2.807	AGCTTT
1000665	392	6m	1.320	AGCTTT
1000680	82	8m	1.687	TAGCTT
1000706	229	7m8	2.025	TAGCTT
1000706	1057	6m	1.606	AGCTTT
1000707	87	8m	2.350	AGCTTT
1000730	448	6m	2.350	AGCTTT
1000767	516	6m	2.854	AGCTTT
1000779	103	8m	1.711	TAGCTT
1000779	1563	6m	3.174	AGCTTT
1000779	2723	7A1	2.981	AGCTTT
1000787	364	6m	1.499	AGCTTT
1000842	134	o6	2.433	TAGCTT
1000842	229	o6	1.736	TAGCTT
1000842	911	7A1	2.807	AGCTTT
1000866	326	7m8	2.215	TAGCTT
1000866	333	o6	1.010	TAGCTT
1000880	515	8m	2.502	AGCTTT
1000919	579	o6	1.845	TAGCTT
1000929	220	o6	2.508	TAGCTT
1000929	915	6m	1.811	AGCTTT
1000968	564	7A1	1.284	AGCTTT
1001015	140	8m	1.529	TAGCTT
1001125	345	o6	2.660	TAGCTT
1001140	185	8m	2.125	TAGCTT
1001170	37	7m8	2.506	AGCTTT
1001249	790	6m	2.065	AGCTTT
1001249	809	o6	1.869	TAGCTT
1001256	246	6m	2.406	AGCTTT
1001256	322	8m	1.785	TAGCTT
1001291	43	7A1	2.834	AGCTTT
1001315	38	6m	1.268	AGCTTT
1001321	82	o6	1.322	TAGCTT
1001322	79	7m8	1.053	TAGCTT
1001340	83	o6	1.254	TAGCTT
1001373	1176	8m	2.076	TAGCTT
1001403	47	7m8	3.264	TAGCTT
1001412	318	7A1	1.241	AGCTTT
1001423	622	o6	1.186	TAGCTT
1001514	33	o6	2.807	TAGCTT
1001514	950	7m8	2.171	TAGCTT
1001533	426	6m	2.189	AGCTTT
1001533	814	7A1	2.459	AGCTTT
1001533	4017	7A1	2.459	AGCTTT
1001577	633	o6	2.533	TAGCTT
1001577	788	6m	2.073	AGCTTT
1001578	382	6m	1.260	AGCTTT
1001601	679	7A1	1.891	AGCTTT
1001601	1758	7A1	2.344	AGCTTT
1001601	2719	7m8	2.332	TAGCTT
1001610	105	6m	1.377	AGCTTT
1001619	99	6m	2.147	AGCTTT
1001667	172	8m	2.004	AGCTTT
1001689	270	7m8	1.053	TAGCTT
1001745	107	6m	1.537	AGCTTT
1001757	333	6m	1.104	AGCTTT
1001762	151	o6	1.210	TAGCTT
1001810	281	o6	1.010	TAGCTT
1001916	82	o6	4.576	TAGCTT
1001949	549	o6	1.183	TAGCTT
1001960	51	7A1	1.397	AGCTTT
1002014	118	o6	2.433	TAGCTT
1002053	33	8m	1.103	AGCTTT
1002053	96	6m	2.442	AGCTTT
1002054	130	o6	2.343	TAGCTT
1002080	282	o6	1.082	TAGCTT
1002084	83	o6	1.142	TAGCTT
1002084	397	o6	1.506	TAGCTT
1002128	162	6m	1.817	AGCTTT
1002176	31	7m8	2.196	TAGCTT
1002198	7	o6	1.648	TAGCTT
1002292	113	6m	1.124	AGCTTT
1002304	80	7m8	1.073	AGCTTT
1002359	50	7A1	2.763	AGCTTT
1002388	23	8m	1.183	TAGCTT
1002481	665	7A1	2.981	AGCTTT
1002493	84	7m8	2.331	TAGCTT
1002628	572	o6	1.321	TAGCTT
1002658	31	7A1	1.311	AGCTTT
1002695	363	o6	1.053	TAGCTT
1002718	36	6m	1.687	AGCTTT
1002767	399	7m8	2.600	TAGCTT
1002767	586	7A1	2.799	AGCTTT
1002833	39	7A1	3.678	AGCTTT
1002833	45	8m	3.590	AGCTTT
1002842	286	o6	2.430	TAGCTT
1002963	45	8m	2.233	AGCTTT
1003012	555	7m8	1.065	TAGCTT
1003077	539	6m	2.399	AGCTTT
1003087	234	o6	2.091	TAGCTT
1003087	275	o6	1.180	TAGCTT
1003122	971	6m	2.740	AGCTTT
1003122	1809	o6	1.091	TAGCTT
1003122	1841	o6	2.624	TAGCTT
1003137	450	7m8	1.776	TAGCTT
1003151	57	6m	2.449	AGCTTT
1003170	60	o6	1.400	TAGCTT
1003179	48	o6	1.042	TAGCTT
1003209	299	6m	1.079	AGCTTT
1003236	50	7A1	1.623	AGCTTT
1003263	73	o6	1.649	TAGCTT
1003310	217	7A1	1.231	AGCTTT
1003325	246	8m	1.288	TAGCTT
1003349	259	8m	2.256	TAGCTT
1003355	273	6m	2.102	AGCTTT
1003379	227	7A1	2.026	AGCTTT
1003387	400	7A1	1.823	AGCTTT
1003495	33	7m8	1.467	TAGCTT
1003498	111	6m	1.313	AGCTTT
1003660	53	8m	1.855	TAGCTT
1003687	301	o6	1.232	TAGCTT
1003695	120	o6	1.118	TAGCTT
1003884	334	6m	2.029	AGCTTT
1003975	75	6m	2.340	AGCTTT
1003999	1191	o6	2.783	TAGCTT
1004035	577	7A1	1.232	AGCTTT
1004077	7	o6	1.647	TAGCTT
1004077	740	8m	1.174	TAGCTT
1004097	165	6m	1.104	AGCTTT
1004119	299	o6	1.892	TAGCTT
1004122	517	6m	2.476	AGCTTT
1004127	136	o6	1.212	TAGCTT
1004238	109	8m	1.322	AGCTTT
1004385	280	6m	1.066	AGCTTT
1004463	1341	o6	2.477	TAGCTT
1004463	3537	6m	1.606	AGCTTT
1004463	3621	7A1	2.477	AGCTTT
1004503	192	6m	2.717	AGCTTT
1004512	522	o6	2.350	TAGCTT
1004657	161	7m8	1.598	TAGCTT
1004657	538	o6	1.329	TAGCTT
1004661	485	o6	1.603	TAGCTT
1004673	27	6m	1.135	AGCTTT
1004810	388	7A1	2.374	AGCTTT
1004817	232	o6	1.143	TAGCTT
1004898	1714	7A1	3.034	AGCTTT
1004948	112	8m	2.031	TAGCTT
1004955	266	7A1	1.780	AGCTTT
1005049	333	6m	2.660	AGCTTT
1005103	421	7m8	2.617	AGCTTT
1005352	2202	6m	2.392	AGCTTT
1005352	2285	o6	1.586	TAGCTT
1005358	343	7A1	2.055	AGCTTT
1005367	45	7A1	2.406	AGCTTT
1005407	129	6m	2.400	AGCTTT
1005581	472	o6	1.973	TAGCTT
1005590	7	6m	1.046	AGCTTT
1005646	3895	7A1	2.981	AGCTTT
1005646	4266	6m	3.398	AGCTTT
1005653	105	o6	1.600	TAGCTT
1005683	46	6m	1.571	AGCTTT
1005701	270	6m	1.505	AGCTTT
1005752	884	7m8	1.606	TAGCTT
1005898	563	6m	2.803	AGCTTT
1005973	82	6m	3.782	AGCTTT
1005973	100	6m	3.311	AGCTTT
1006041	493	7A1	2.017	AGCTTT
1006066	743	7A1	1.517	AGCTTT
1006066	882	o6	1.887	TAGCTT
1006107	311	o6	1.024	TAGCTT
1006166	297	o6	1.773	TAGCTT
1006173	546	o6	1.533	TAGCTT
1006599	236	6m	1.156	AGCTTT
1006719	1258	o6	2.647	TAGCTT
1006735	705	7A1	1.132	AGCTTT
1006735	1347	6m	2.026	AGCTTT
1006790	88	7A1	2.807	AGCTTT
1006800	364	7A1	4.317	AGCTTT
1006845	418	6m	3.174	AGCTTT
1006940	489	7A1	2.863	AGCTTT
1007004	219	7A1	1.457	AGCTTT
1007004	1423	7A1	2.350	AGCTTT
1007017	32	6m	1.730	AGCTTT
1007031	695	8m	1.267	TAGCTT
1007053	1129	o6	1.284	TAGCTT
1007106	188	o6	4.080	TAGCTT
1007231	172	7A1	2.731	AGCTTT
1007242	1372	7A1	2.997	AGCTTT
1007301	228	o6	1.677	TAGCTT
1007340	254	o6	1.943	TAGCTT
1007346	19	8m	1.606	TAGCTT
1007379	888	o6	1.082	TAGCTT
1007502	305	o6	1.864	TAGCTT
1007502	827	7m8	1.561	TAGCTT
1007502	1291	7A1	2.292	AGCTTT
1007508	625	6m	2.292	AGCTTT
1007521	2306	6m	2.220	AGCTTT
1007530	494	6m	2.915	AGCTTT
1007530	798	o6	1.314	TAGCTT
1007547	280	6m	2.026	AGCTTT
1007547	2428	7A1	2.544	AGCTTT
1007590	138	o6	1.513	TAGCTT
1007590	196	o6	1.374	TAGCTT
1007624	1258	8m	3.527	TAGCTT
1007749	1139	o6	1.990	TAGCTT
1007758	49	o6	1.387	TAGCTT
1007806	969	7m8	2.377	AGCTTT
1007840	612	o6	1.241	TAGCTT
1007840	655	7A1	3.034	AGCTTT
1007875	1281	6m	1.039	AGCTTT
1007875	2096	7A1	1.316	AGCTTT
1007875	4540	7A1	1.517	AGCTTT
1007888	348	8m	1.728	TAGCTT
1007897	2121	6m	2.076	AGCTTT
1007903	1539	7m8	1.640	TAGCTT
1007915	399	o6	1.657	TAGCTT
1007923	2024	7m8	1.606	TAGCTT
1007923	2609	o6	2.746	TAGCTT
1007932	1290	6m	1.987	AGCTTT
1008060	130	o6	1.904	TAGCTT
1008067	17	o6	1.560	TAGCTT
1008093	191	7A1	1.195	AGCTTT
1008093	1066	6m	2.630	AGCTTT
1008114	105	7A1	2.814	AGCTTT
1008145	3978	7A1	1.629	AGCTTT
1008151	1001	6m	1.284	AGCTTT
1008198	435	6m	2.279	AGCTTT
1008226	115	6m	2.314	AGCTTT
1008255	1109	7A1	2.490	AGCTTT
1008267	14	6m	1.304	AGCTTT
1008267	124	7A1	1.906	AGCTTT
1008271	585	6m	2.370	AGCTTT
1008285	764	7A1	2.617	AGCTTT
1008307	282	7A1	1.600	AGCTTT
1008331	110	6m	1.445	AGCTTT
1008366	33	o6	1.175	TAGCTT
1008439	334	7A1	1.510	AGCTTT
1008445	141	6m	1.982	AGCTTT
1008498	794	o6	1.606	TAGCTT
1008510	2278	8m	2.480	TAGCTT
1008593	243	7A1	1.328	AGCTTT
1008621	73	6m	1.981	AGCTTT
1008642	353	7A1	1.073	AGCTTT
1008666	749	o6	2.098	TAGCTT
1008666	754	o6	2.098	TAGCTT
1008707	452	7A1	2.592	AGCTTT
1008707	611	7A1	1.814	AGCTTT
1008720	20	6m	3.558	AGCTTT
1008750	148	7A1	2.349	AGCTTT
1008783	98	7m8	2.601	AGCTTT
1008819	93	6m	3.151	AGCTTT
1008852	46	7m8	3.034	TAGCTT
1008863	427	o6	1.075	TAGCTT
1008894	156	8m	2.095	TAGCTT
1009026	1577	6m	1.500	AGCTTT
1009037	183	6m	3.174	AGCTTT
1009037	2075	o6	2.015	TAGCTT
1009074	249	7A1	1.073	AGCTTT
1009093	61	7A1	1.687	AGCTTT
1009096	51	7m8	1.322	TAGCTT
1009138	52	o6	1.465	TAGCTT
1009153	816	7A1	1.284	AGCTTT
1009180	23	o6	1.158	TAGCTT
1009229	58	o6	1.123	TAGCTT
1009267	750	7A1	2.413	AGCTTT
1009300	215	o6	1.053	TAGCTT
1009304	340	6m	2.230	AGCTTT
1009348	222	6m	2.378	AGCTTT
1009408	266	6m	2.065	AGCTTT
1009448	189	8m	2.778	TAGCTT
1009457	34	o6	1.328	TAGCTT
1009469	1156	8m	1.895	TAGCTT
1009560	921	o6	1.272	TAGCTT
1009748	2214	6m	1.227	AGCTTT
1009759	609	7m8	2.807	TAGCTT
1009760	168	o6	1.199	TAGCTT
1009769	37	o6	2.538	TAGCTT
1009769	1030	7A1	2.544	AGCTTT
1009834	868	7A1	3.626	AGCTTT
1009834	1350	6m	1.284	AGCTTT
1009834	2268	8m	2.876	TAGCTT
1009841	320	7A1	2.341	AGCTTT
1009841	1091	7A1	1.278	AGCTTT
1009899	66	o6	2.430	TAGCTT
1009899	200	o6	1.668	TAGCTT
1009902	69	7A1	2.546	AGCTTT
1009930	352	7A1	2.533	AGCTTT
1009945	267	o6	1.284	TAGCTT
1009948	988	o6	1.606	TAGCTT
1009953	79	o6	1.926	TAGCTT
1009974	35	7A1	2.922	AGCTTT
1009974	519	7A1	1.703	AGCTTT
1010047	54	o6	1.010	TAGCTT
1010054	43	o6	2.802	TAGCTT
1010082	527	6m	3.029	AGCTTT
1010139	204	o6	1.584	TAGCTT
1010160	509	8m	1.563	TAGCTT
1010222	2	7A1	1.153	AGCTTT
1010232	1966	o6	2.876	TAGCTT
1010232	2536	7A1	2.660	AGCTTT
1010238	1593	o6	2.876	TAGCTT
1010238	2163	7A1	2.660	AGCTTT
1010250	1154	6m	2.316	AGCTTT
1010250	2402	6m	2.793	AGCTTT
1010332	754	7A1	2.223	AGCTTT
1010358	1906	o6	1.456	TAGCTT
1010382	42	6m	3.096	AGCTTT
1010385	524	6m	1.027	AGCTTT
1010401	5299	6m	2.076	AGCTTT
1010412	382	o6	2.840	TAGCTT
1010415	173	6m	1.195	AGCTTT
1010462	135	7m8	1.635	AGCTTT
1010465	480	6m	1.284	AGCTTT
1010510	96	6m	2.073	AGCTTT
1010511	1174	7A1	2.073	AGCTTT
1010611	160	6m	1.806	AGCTTT
1010677	123	7m8	1.521	AGCTTT
1010745	8	8m	2.345	AGCTTT
1010745	68	o6	1.297	TAGCTT
1010785	558	7A1	1.640	AGCTTT
1010794	34	7m8	1.067	TAGCTT
1010851	75	7m8	1.942	TAGCTT
1010862	1064	6m	3.094	AGCTTT
1010926	40	7m8	1.212	AGCTTT
1010992	22	o6	1.344	TAGCTT
1010992	90	o6	1.930	TAGCTT
1011107	1860	6m	3.002	AGCTTT
1011131	171	8m	1.606	TAGCTT
1011194	335	7A1	2.278	AGCTTT
1011245	326	o6	1.184	TAGCTT
1011245	1029	7m8	2.660	TAGCTT
1011333	205	6m	1.852	AGCTTT
1011348	126	6m	3.303	AGCTTT
1011349	86	7A1	1.852	AGCTTT
1011369	167	o6	2.327	TAGCTT
1011393	83	7A1	1.073	AGCTTT
1011394	84	7m8	1.362	TAGCTT
1011410	79	8m	2.181	TAGCTT
1011416	270	8m	1.437	TAGCTT
1011438	401	7A1	3.207	AGCTTT
1011445	103	o6	1.466	TAGCTT
1011449	22	o6	2.204	TAGCTT
1011487	1390	o6	2.214	TAGCTT
1011487	1552	o6	2.214	TAGCTT
1011608	209	o6	1.061	TAGCTT
1011608	427	7A1	1.891	AGCTTT
1011658	73	8m	2.600	TAGCTT
1011658	1021	6m	2.704	AGCTTT
1011710	501	7A1	1.126	AGCTTT
1011746	392	6m	2.616	AGCTTT
1011827	49	8m	2.350	TAGCTT
1011835	39	o6	1.268	TAGCTT
1011841	427	6m	1.068	AGCTTT
1011932	80	6m	1.284	AGCTTT
1012057	65	o6	1.098	TAGCTT
1012080	152	8m	2.502	TAGCTT
1012122	229	6m	2.486	AGCTTT
1012136	241	7m8	2.687	TAGCTT
1012174	1126	o6	2.298	TAGCTT
1012283	57	7A1	2.341	AGCTTT
1012304	294	6m	2.177	AGCTTT
1012304	347	o6	1.058	TAGCTT
1012507	227	7m8	1.950	AGCTTT
1012513	29	6m	2.819	AGCTTT
1012537	472	8m	1.598	TAGCTT
1012561	65	8m	1.385	AGCTTT
1012671	177	6m	1.146	AGCTTT
1012677	63	o6	2.069	TAGCTT
1012719	170	8m	2.016	AGCTTT
1012830	1381	6m	1.999	AGCTTT
1012833	326	6m	2.813	AGCTTT
1012896	345	7A1	3.018	AGCTTT
1012977	349	7m8	3.548	TAGCTT
1013073	657	6m	2.641	AGCTTT
1013163	13	8m	1.190	TAGCTT
1013241	778	6m	2.065	AGCTTT
1013279	34	8m	1.891	TAGCTT
1013327	472	o6	2.536	TAGCTT
1013330	24	7A1	2.302	AGCTTT
1013349	97	o6	2.991	TAGCTT
1013413	1068	6m	3.165	AGCTTT
1013443	571	o6	2.015	TAGCTT
1013443	1689	6m	3.232	AGCTTT
1013518	693	o6	1.118	TAGCTT
1013518	1266	7A1	2.433	AGCTTT
1013518	2808	7m8	1.284	TAGCTT
1013591	1756	8m	2.435	TAGCTT
1013608	268	6m	1.426	AGCTTT
1013625	97	6m	1.279	AGCTTT
1013643	47	o6	1.540	TAGCTT
1013687	101	6m	2.181	AGCTTT
1013725	464	7A1	2.014	AGCTTT
1013772	531	6m	1.765	AGCTTT
1013817	311	7A1	1.099	AGCTTT
1013829	65	o6	1.430	TAGCTT
1013947	136	6m	2.018	AGCTTT
1014066	175	6m	2.189	AGCTTT
1014069	176	6m	1.750	AGCTTT
1014076	191	7A1	1.979	AGCTTT
1014143	263	o6	1.079	TAGCTT
1014173	431	6m	1.345	AGCTTT
1014183	795	6m	1.251	AGCTTT
1014244	358	7A1	2.166	AGCTTT
1014250	23	7A1	1.818	AGCTTT
1014265	295	7A1	1.903	AGCTTT
1014295	894	7A1	1.606	AGCTTT
1014295	2169	6m	1.857	AGCTTT
1014367	44	o6	1.812	TAGCTT
1014403	828	o6	2.922	TAGCTT
1014403	1374	o6	2.652	TAGCTT
1014403	1602	o6	1.286	TAGCTT
1014403	2456	7m8	3.269	TAGCTT
1014436	695	6m	3.232	AGCTTT
1014458	21	6m	2.317	AGCTTT
1014464	284	6m	2.847	AGCTTT
1014464	425	7A1	2.847	AGCTTT
1014515	15	6m	1.096	AGCTTT
1014629	22	6m	2.533	AGCTTT
1014638	1248	6m	1.430	AGCTTT
1014697	1209	o6	1.104	TAGCTT
1014711	42	o6	1.050	TAGCTT
1014751	8	o6	1.032	TAGCTT
1014828	141	7A1	2.062	AGCTTT
1014856	1533	6m	1.580	AGCTTT
1014859	123	8m	2.589	TAGCTT
1014859	282	7A1	2.589	AGCTTT
1014859	815	7A1	3.047	AGCTTT
1014892	87	7A1	1.690	AGCTTT
1014899	1018	o6	1.548	TAGCTT
1014899	1563	7m8	1.073	TAGCTT
1014969	48	o6	1.740	TAGCTT
1014978	463	7A1	2.341	AGCTTT
1014978	566	o6	2.341	TAGCTT
1014982	376	7m8	1.328	AGCTTT
1014988	4800	6m	1.278	AGCTTT
1014988	5829	7m8	1.719	AGCTTT
1015047	682	7A1	2.350	AGCTTT
1015047	2506	7A1	2.409	AGCTTT
1015085	62	8m	2.544	TAGCTT
1015085	1150	7m8	3.082	TAGCTT
1015091	1190	7A1	1.980	AGCTTT
1015095	68	o6	1.685	TAGCTT
1015109	73	6m	1.936	AGCTTT
1015145	150	o6	1.240	TAGCTT
1015145	1010	o6	2.142	TAGCTT
1015157	444	o6	2.460	TAGCTT
1015162	1036	7A1	1.254	AGCTTT
1015228	1150	o6	1.284	TAGCTT
1015228	1367	o6	1.311	TAGCTT
1015291	16	o6	1.687	TAGCTT
1015291	743	7m8	2.544	TAGCTT
1015291	1177	7A1	1.316	AGCTTT
1015336	199	7A1	2.069	AGCTTT
1015402	190	o6	2.284	TAGCTT
1015435	153	6m	1.261	AGCTTT
1015465	87	6m	1.465	AGCTTT
1015465	95	6m	1.465	AGCTTT
1015480	471	7A1	2.025	AGCTTT
1015526	1521	7m8	1.391	AGCTTT
1015552	324	o6	1.322	TAGCTT
1015555	2818	7A1	2.079	AGCTTT
1015555	3231	7A1	2.262	AGCTTT
1015576	90	6m	3.332	AGCTTT
1015582	205	o6	1.213	TAGCTT
1015604	122	6m	1.265	AGCTTT
1015653	580	8m	1.030	TAGCTT
1015667	54	o6	2.025	TAGCTT
1015676	1394	o6	2.341	TAGCTT
1015690	148	o6	1.323	TAGCTT
1015696	454	8m	2.515	TAGCTT
1015703	46	o6	2.704	TAGCTT
1015714	242	6m	1.229	AGCTTT
1015722	186	o6	1.053	TAGCTT
1015777	1042	6m	1.356	AGCTTT
1015784	598	7A1	2.757	AGCTTT
1015789	162	6m	2.889	AGCTTT
1015789	897	7A1	1.058	AGCTTT
1015819	208	7A1	1.731	AGCTTT
1015841	389	8m	1.983	TAGCTT
1015867	218	7m8	1.910	AGCTTT
1015903	644	6m	1.027	AGCTTT
1015924	396	6m	1.306	AGCTTT
1015924	579	6m	1.174	AGCTTT
1015924	1103	o6	1.703	TAGCTT
1015925	485	6m	1.328	AGCTTT
1015925	546	6m	1.965	AGCTTT
1015937	60	6m	1.906	AGCTTT
1015972	829	7m8	1.563	TAGCTT
1015995	1157	7m8	1.606	TAGCTT
1016016	1814	7A1	3.292	AGCTTT
1016052	359	7m8	1.548	TAGCTT
1016077	1583	o6	1.151	TAGCTT
1016098	308	o6	3.377	TAGCTT
1016115	79	6m	1.185	AGCTTT
1016127	43	7A1	2.025	AGCTTT
1016127	90	7A1	1.606	AGCTTT
1016127	148	7A1	2.178	AGCTTT
1016136	42	o6	1.107	TAGCTT
1016176	2174	7A1	1.737	AGCTTT
1016176	2528	7m8	1.053	TAGCTT
1016184	378	7A1	2.544	AGCTTT
1016205	330	7A1	2.220	AGCTTT
1016265	475	o6	1.578	TAGCTT
1016347	494	o6	1.546	TAGCTT
1016373	101	6m	1.029	AGCTTT
1016397	1293	7m8	2.073	TAGCTT
1016398	1256	6m	2.544	AGCTTT
1016418	1001	7A1	2.220	AGCTTT
1016431	678	8m	2.544	TAGCTT
1016439	902	8m	2.101	TAGCTT
1016455	244	7m8	1.913	TAGCTT
1016565	1552	7m8	2.660	TAGCTT
1016571	1397	o6	3.005	TAGCTT
1016571	1941	7m8	3.005	TAGCTT
1016574	3280	7A1	1.369	AGCTTT
1016620	974	o6	2.544	TAGCTT
1016620	2146	o6	2.544	TAGCTT
1016640	491	o6	2.020	TAGCTT
1016691	732	6m	1.435	AGCTTT
1016698	1663	7m8	2.533	TAGCTT
1016707	457	8m	2.622	AGCTTT
1016806	960	6m	2.436	AGCTTT
1016845	261	7A1	1.419	AGCTTT
1016848	819	7m8	2.015	AGCTTT
1016951	187	o6	2.830	TAGCTT
1016971	392	6m	1.156	AGCTTT
1016985	501	o6	1.744	TAGCTT
1017012	391	6m	1.321	AGCTTT
1017015	51	6m	1.295	AGCTTT
1017019	624	7A1	1.910	AGCTTT
1017169	785	7A1	2.212	AGCTTT
1017204	900	7m8	1.747	TAGCTT
1017207	879	o6	1.690	TAGCTT
1017207	1117	8m	2.518	TAGCTT
1017227	199	6m	2.393	AGCTTT
1017227	223	7A1	2.528	AGCTTT
1017227	641	6m	2.331	AGCTTT
1017230	45	6m	2.026	AGCTTT
1017249	251	8m	3.294	TAGCTT
1017254	1421	6m	1.316	AGCTTT
1017254	1687	o6	1.316	TAGCTT
1017258	503	7A1	1.284	AGCTTT
1017275	56	7A1	3.024	AGCTTT
1017356	197	7A1	2.302	AGCTTT
1017451	595	8m	3.034	TAGCTT
1017496	808	7A1	2.019	AGCTTT
1017511	1670	6m	1.334	AGCTTT
1017527	31	8m	1.208	AGCTTT
1017614	611	o6	1.703	TAGCTT
1017614	3887	o6	1.278	TAGCTT
1017614	4027	6m	2.801	AGCTTT
1017653	442	6m	1.582	AGCTTT
1017696	280	7m8	2.489	TAGCTT
1017709	75	8m	1.273	TAGCTT
1017754	175	8m	1.387	TAGCTT
1017782	64	8m	2.025	TAGCTT
1017787	523	7m8	1.944	TAGCTT
1017787	668	7A1	2.415	AGCTTT
1017808	319	o6	1.401	TAGCTT
1017842	54	o6	1.063	TAGCTT
1017908	242	6m	2.409	AGCTTT
1017919	1837	o6	1.484	TAGCTT
1017919	1950	7A1	2.489	AGCTTT
1017985	376	o6	1.162	TAGCTT
1017990	54	7A1	2.544	AGCTTT
1018062	1395	8m	1.410	TAGCTT
1018066	415	7m8	2.377	TAGCTT
1018081	647	7A1	3.224	AGCTTT
1018146	98	7A1	2.520	AGCTTT
1018173	44	8m	2.421	TAGCTT
1018173	50	o6	2.421	TAGCTT
1018194	85	8m	1.814	TAGCTT
1018194	91	7m8	1.903	AGCTTT
1018222	77	o6	1.255	TAGCTT
1018243	1381	6m	1.255	AGCTTT
1018257	385	o6	2.273	TAGCTT
1018262	450	6m	1.260	AGCTTT
1018284	228	7A1	1.598	AGCTTT
1018296	39	7m8	1.299	TAGCTT
1018317	83	o6	1.041	TAGCTT
1018344	808	o6	2.220	TAGCTT
1018361	170	8m	1.284	TAGCTT
1018370	51	o6	1.136	TAGCTT
1018455	245	8m	1.809	TAGCTT
1018554	203	7m8	1.047	AGCTTT
1018619	698	7m8	2.537	TAGCTT
1018619	1713	7m8	1.316	TAGCTT
1018632	2089	o6	1.053	TAGCTT
1018632	2550	7A1	2.626	AGCTTT
1018784	63	8m	1.873	AGCTTT
1018860	48	8m	2.520	TAGCTT
1018867	210	o6	1.082	TAGCTT
1018924	7	8m	2.128	AGCTTT
1019129	122	8m	1.313	TAGCTT
1019147	2910	o6	1.779	TAGCTT
1019173	370	o6	1.989	TAGCTT
1019192	709	6m	1.563	AGCTTT
1019216	103	8m	1.272	TAGCTT
1019233	506	7m8	1.456	TAGCTT
1019258	10	o6	1.148	TAGCTT
1019298	604	7m8	2.220	TAGCTT
1019311	334	7A1	2.457	AGCTTT
1019329	462	7m8	1.053	AGCTTT
1019329	762	6m	2.338	AGCTTT
1019362	197	7A1	1.263	AGCTTT
1019398	36	7A1	1.306	AGCTTT
1019401	38	7A1	1.316	AGCTTT
1019453	49	7m8	1.899	AGCTTT
1019474	151	8m	1.279	TAGCTT
1019579	2549	6m	2.098	AGCTTT
1019579	3211	7m8	2.502	TAGCTT
1019703	24	7m8	1.272	AGCTTT
1019709	54	8m	1.687	TAGCTT
1019721	96	6m	1.023	AGCTTT
1019865	863	6m	1.973	AGCTTT
1019925	183	o6	1.241	TAGCTT
1019945	61	8m	2.321	TAGCTT
1019956	1238	7A1	1.907	AGCTTT
1020074	725	8m	1.156	TAGCTT
1020090	147	7A1	1.103	AGCTTT
1020149	21	7A1	2.034	AGCTTT
1020220	703	o6	2.740	TAGCTT
1020241	711	8m	3.191	TAGCTT
1020241	1723	6m	3.191	AGCTTT
1020253	311	7m8	2.632	AGCTTT
1020253	1033	6m	2.030	AGCTTT
1020279	83	6m	1.606	AGCTTT
1020279	101	7A1	1.086	AGCTTT
1020280	1422	o6	1.040	TAGCTT
1020435	1760	o6	1.735	TAGCTT
1020519	50	6m	2.073	AGCTTT
1020574	134	6m	2.373	AGCTTT
1020642	939	o6	3.829	TAGCTT
1020643	440	7A1	1.261	AGCTTT
1020654	265	7A1	1.163	AGCTTT
1020661	1324	7A1	1.284	AGCTTT
1020692	212	o6	2.145	TAGCTT
1020719	76	o6	2.025	TAGCTT
1020839	423	7A1	2.350	AGCTTT
1020880	117	7A1	1.328	AGCTTT
1020992	264	7A1	1.270	AGCTTT
1021005	1007	o6	1.255	TAGCTT
1021008	1418	7m8	1.810	AGCTTT
1021014	760	o6	2.776	TAGCTT
1021037	227	o6	1.112	TAGCTT
1021049	55	6m	1.166	AGCTTT
1021087	115	7A1	2.161	AGCTTT
1021378	104	6m	1.709	AGCTTT
1021540	288	6m	1.221	AGCTTT
1021678	121	7A1	1.785	AGCTTT
1021840	568	7A1	2.544	AGCTTT
1021899	760	7A1	2.125	AGCTTT
1021906	293	6m	2.415	AGCTTT
1021909	1359	7A1	1.220	AGCTTT
1021941	1299	7m8	1.088	TAGCTT
1021978	1072	7m8	1.137	AGCTTT
1022066	2161	7m8	2.537	TAGCTT
1022066	2651	6m	1.053	AGCTTT
1022191	141	6m	1.217	AGCTTT
1022235	2729	6m	2.493	AGCTTT
1022253	515	7A1	1.036	AGCTTT
1022253	1016	7A1	1.787	AGCTTT
1022256	39	6m	1.222	AGCTTT
1022256	2212	8m	1.446	TAGCTT
1022278	76	7A1	1.284	AGCTTT
1022418	1119	6m	2.544	AGCTTT
1022495	1919	7m8	1.740	TAGCTT
1022495	5350	6m	2.322	AGCTTT
1022539	177	6m	2.641	AGCTTT
1022576	103	6m	1.452	AGCTTT
1022656	74	8m	1.034	AGCTTT
1022820	1014	6m	1.717	AGCTTT
1022846	522	o6	2.026	TAGCTT
1022932	664	7A1	1.310	AGCTTT
1022938	433	6m	1.340	AGCTTT
1022938	2443	7m8	1.942	AGCTTT
1022985	1154	8m	2.544	TAGCTT
1022989	266	o6	4.088	TAGCTT
1023004	105	7m8	2.544	TAGCTT
1023027	409	o6	1.322	TAGCTT
1023088	618	7m8	1.584	TAGCTT
1023100	2088	o6	1.476	TAGCTT
1023157	514	6m	1.891	AGCTTT
1023188	99	7A1	1.119	AGCTTT
1023253	622	8m	1.180	TAGCTT
1023334	223	8m	1.434	TAGCTT
1023354	48	7A1	2.389	AGCTTT
1023354	78	7m8	2.402	TAGCTT
1023387	784	o6	1.263	TAGCTT
1023391	582	7A1	2.433	AGCTTT
1023391	1900	7A1	2.641	AGCTTT
1023438	178	6m	1.261	AGCTTT
1023466	244	6m	1.053	AGCTTT
1023517	1	6m	1.998	AGCTTT
1023527	48	7A1	2.841	AGCTTT
1023527	78	7m8	2.674	TAGCTT
1023578	278	o6	2.175	TAGCTT
1023593	317	o6	1.628	TAGCTT
1023599	82	7A1	2.980	AGCTTT
1023636	126	8m	2.062	TAGCTT
1023673	866	7A1	1.240	AGCTTT
1023681	4184	7A1	1.485	AGCTTT
1023774	277	7m8	1.923	TAGCTT
1023774	818	7A1	2.350	AGCTTT
1023775	115	8m	2.415	AGCTTT
1023783	782	7A1	1.190	AGCTTT
1023784	167	7A1	1.490	AGCTTT
1023847	651	6m	2.047	AGCTTT
1023850	276	6m	3.034	AGCTTT
1023866	92	6m	1.295	AGCTTT
1023881	626	o6	1.736	TAGCTT
1023882	667	7A1	1.808	AGCTTT
1023882	2609	7A1	1.679	AGCTTT
1023885	1082	6m	1.245	AGCTTT
1023885	1157	7m8	2.507	AGCTTT
1023885	2600	o6	1.196	TAGCTT
1023902	369	o6	1.063	TAGCTT
1023927	543	o6	1.322	TAGCTT
1023955	610	6m	1.253	AGCTTT
1023970	478	8m	1.264	TAGCTT
1023980	36	o6	1.212	TAGCTT
1023991	208	7A1	2.234	AGCTTT
1024003	1032	6m	2.220	AGCTTT
1024006	83	o6	1.835	TAGCTT
1024025	1292	o6	1.566	TAGCTT
1024031	2291	8m	2.863	TAGCTT
1024031	3998	7m8	3.034	TAGCTT
1024031	4096	o6	1.593	TAGCTT
1024048	299	6m	2.022	AGCTTT
1024052	41	6m	1.082	AGCTTT
1024079	31	8m	1.596	TAGCTT
1024133	997	o6	2.118	TAGCTT
1024172	565	7A1	1.322	AGCTTT
1024184	264	6m	1.298	AGCTTT
1024211	90	o6	2.544	TAGCTT
1024237	409	8m	2.544	TAGCTT
1024237	513	7m8	1.852	TAGCTT
1024241	829	8m	2.648	TAGCTT
1024264	340	7A1	2.350	AGCTTT
1024271	62	7A1	2.694	AGCTTT
1024271	141	7A1	2.565	AGCTTT
1024274	145	7A1	2.350	AGCTTT
1024274	174	7A1	2.255	AGCTTT
1024274	221	7A1	2.326	AGCTTT
1024279	814	o6	1.521	TAGCTT
1024282	57	7A1	2.215	AGCTTT
1024291	28	7A1	2.450	AGCTTT
1024291	141	7A1	2.544	AGCTTT
1024297	36	8m	2.520	AGCTTT
1024300	133	7A1	3.058	AGCTTT
1024366	612	6m	2.253	AGCTTT
1024369	113	6m	1.679	AGCTTT
1024369	127	7A1	1.890	AGCTTT
1024384	457	o6	2.462	TAGCTT
1024384	773	6m	1.201	AGCTTT
1024385	123	7m8	1.189	TAGCTT
1024403	847	6m	2.201	AGCTTT
1024421	26	7A1	3.332	AGCTTT
1024441	109	o6	2.357	TAGCTT
1024456	204	7A1	1.045	AGCTTT
1024465	1510	6m	1.053	AGCTTT
1024465	2319	6m	2.544	AGCTTT
1024465	2657	o6	1.687	TAGCTT
1024465	3288	6m	1.787	AGCTTT
1024525	993	7m8	2.209	TAGCTT
1024609	450	o6	1.655	TAGCTT
1024613	232	7A1	1.944	AGCTTT
1024619	2721	o6	1.497	TAGCTT
1024639	1238	o6	1.082	TAGCTT
1024642	47	o6	1.166	TAGCTT
1024705	100	8m	2.127	TAGCTT
1024708	155	8m	2.857	TAGCTT
1024715	1814	o6	1.694	TAGCTT
1024715	3732	6m	2.757	AGCTTT
1024715	4015	o6	2.685	TAGCTT
1024721	254	6m	2.384	AGCTTT
1024726	200	o6	1.241	TAGCTT
1024783	307	6m	1.755	AGCTTT
1024829	164	6m	2.552	AGCTTT
1024829	4163	7A1	2.465	AGCTTT
1024883	67	o6	1.303	TAGCTT
1024935	138	7m8	2.232	TAGCTT
1024956	2653	o6	2.071	TAGCTT
1024956	5240	6m	1.399	AGCTTT
1025029	2213	7m8	2.234	TAGCTT
1025055	887	8m	2.076	TAGCTT
1025101	1142	6m	1.577	AGCTTT
1025146	121	6m	1.202	AGCTTT
1025183	27	8m	2.350	AGCTTT
1025204	32	7A1	2.135	AGCTTT
1025204	291	7A1	1.690	AGCTTT
1025204	332	8m	2.683	TAGCTT
1025275	999	7m8	2.354	AGCTTT
1025298	1075	6m	2.630	AGCTTT
1025323	165	o6	1.904	TAGCTT
1025344	184	8m	1.069	TAGCTT
1025410	36	7A1	3.566	AGCTTT
1025440	123	8m	1.500	AGCTTT
1025455	688	7A1	2.721	AGCTTT
1025455	1025	7m8	1.484	AGCTTT
1025455	2190	o6	1.577	TAGCTT
1025479	62	o6	1.075	TAGCTT
1025536	71	7A1	2.462	AGCTTT
1025536	165	7m8	1.249	TAGCTT
1025577	36	7m8	1.029	TAGCTT
1025614	91	7A1	2.639	AGCTTT
1025614	579	o6	1.525	TAGCTT
1025642	252	o6	2.680	TAGCTT
1025654	918	8m	1.910	TAGCTT
1025672	414	o6	1.893	TAGCTT
1025715	144	8m	1.606	TAGCTT
1025724	23	7m8	1.578	TAGCTT
1025743	254	7A1	2.889	AGCTTT
1025790	1091	o6	1.321	TAGCTT
1025839	155	o6	1.015	TAGCTT
1025862	215	o6	1.612	TAGCTT
1025877	287	6m	2.525	AGCTTT
1025904	91	7A1	2.361	AGCTTT
1025934	667	7A1	2.533	AGCTTT
1026074	0	7A1	2.614	AGCTTT
1026087	222	6m	1.626	AGCTTT
1026125	0	7A1	2.854	AGCTTT
1026204	33	o6	2.682	TAGCTT
1026262	691	8m	2.538	TAGCTT
1026268	285	7A1	2.477	AGCTTT
1026322	94	o6	1.338	TAGCTT
1026364	127	7m8	2.310	AGCTTT
1026384	36	o6	2.494	TAGCTT
1026471	116	6m	1.053	AGCTTT
1026480	1979	7m8	1.322	AGCTTT
1026480	2777	o6	1.973	TAGCTT
1026518	35	7A1	1.284	AGCTTT
1026633	302	6m	1.278	AGCTTT
1026652	110	8m	2.056	TAGCTT
1026682	27	6m	1.405	AGCTTT
1026682	449	7m8	1.982	AGCTTT
1026711	2160	8m	2.608	TAGCTT
1026792	148	7m8	1.002	AGCTTT
1026818	71	7A1	1.571	AGCTTT
1026849	172	6m	1.198	AGCTTT
1026853	273	o6	2.425	TAGCTT
1026885	189	7A1	2.170	AGCTTT
1026950	215	6m	1.120	AGCTTT
1026975	65	o6	1.838	TAGCTT
1027002	500	6m	2.262	AGCTTT
1027120	117	o6	1.328	TAGCTT
1027153	154	7A1	2.370	AGCTTT
1027168	40	6m	2.635	AGCTTT
1027168	938	7A1	1.255	AGCTTT
1027180	174	7A1	2.246	AGCTTT
1027220	42	7A1	2.017	AGCTTT
1027255	91	7A1	2.048	AGCTTT
1027357	695	8m	2.321	TAGCTT
1027417	697	o6	2.627	TAGCTT
1027608	184	6m	1.484	AGCTTT
1027725	340	6m	2.069	AGCTTT
1027776	15	6m	1.535	AGCTTT
1027801	383	7A1	1.784	AGCTTT
1027834	30	7m8	1.791	AGCTTT
1027887	436	8m	2.054	TAGCTT
1027887	588	7m8	1.611	TAGCTT
1027896	32	o6	1.119	TAGCTT
1027912	1186	o6	1.310	TAGCTT
1027933	195	6m	1.646	AGCTTT
1027995	21	7m8	1.549	TAGCTT
1028001	697	7A1	3.865	AGCTTT
1028208	30	8m	3.624	TAGCTT
1028263	859	8m	1.198	AGCTTT
1028301	126	7A1	2.548	AGCTTT
1028301	414	6m	1.911	AGCTTT
1028435	134	o6	1.835	TAGCTT
1028435	409	7m8	1.558	TAGCTT
1028438	369	o6	1.805	TAGCTT
1028447	274	8m	2.651	TAGCTT
1028447	445	7A1	1.241	AGCTTT
1028527	1265	8m	2.759	AGCTTT
1028645	170	8m	2.073	TAGCTT
1028702	68	6m	1.843	AGCTTT
1028778	284	6m	1.170	AGCTTT
1028869	126	7A1	1.968	AGCTTT
1028944	1	6m	2.031	AGCTTT
1028998	835	6m	1.711	AGCTTT
1029134	50	o6	1.865	TAGCTT
1029180	284	8m	1.338	TAGCTT
1029189	822	o6	1.577	TAGCTT
1029192	1997	6m	2.404	AGCTTT
1029234	121	8m	1.013	TAGCTT
1029369	455	o6	2.061	TAGCTT
1029369	1302	7m8	2.544	TAGCTT
1029369	1396	7A1	1.687	AGCTTT
1029496	102	6m	1.010	AGCTTT
1029525	294	o6	1.613	TAGCTT
1029532	761	o6	1.074	TAGCTT
1029532	1532	o6	1.060	TAGCTT
1029532	2295	6m	1.284	AGCTTT
1029541	151	7m8	2.166	TAGCTT
1029558	433	6m	1.040	AGCTTT
1029564	186	6m	2.834	AGCTTT
1029625	79	o6	1.228	TAGCTT
1029647	439	6m	1.440	AGCTTT
1029647	559	6m	2.370	AGCTTT
1029679	501	7A1	3.005	AGCTTT
1029686	407	o6	1.151	TAGCTT
1029691	88	6m	1.016	AGCTTT
1029835	784	6m	2.216	AGCTTT
1029859	46	7A1	2.206	AGCTTT
1029862	284	o6	2.276	TAGCTT
1029865	66	7A1	2.080	AGCTTT
1029885	594	8m	1.730	TAGCTT
1029934	942	6m	2.259	AGCTTT
1029985	280	o6	2.174	TAGCTT
1029994	102	6m	1.500	AGCTTT
1030009	159	7A1	1.288	AGCTTT
1030245	550	7A1	2.182	AGCTTT
1030245	1052	7A1	1.650	AGCTTT
1030245	1478	7m8	1.904	TAGCTT
1030258	134	7A1	2.904	AGCTTT
1030302	411	6m	1.398	AGCTTT
1030332	113	8m	1.240	TAGCTT
1030340	458	7A1	1.606	AGCTTT
1030405	446	7A1	1.818	AGCTTT
1030451	1161	7A1	1.670	AGCTTT
1030451	1650	6m	3.398	AGCTTT
1030465	198	7A1	3.026	AGCTTT
1030471	40	7A1	2.350	AGCTTT
1030580	160	6m	1.005	AGCTTT
1030580	170	7m8	1.245	TAGCTT
1030580	521	o6	1.818	TAGCTT
1030620	199	o6	1.322	TAGCTT
1030632	23	o6	2.831	TAGCTT
1030658	1202	o6	2.342	TAGCTT
1030692	942	6m	2.507	AGCTTT
1030716	795	7m8	1.287	TAGCTT
1030782	526	7A1	1.090	AGCTTT
1030903	108	6m	2.788	AGCTTT
1030970	122	7A1	2.326	AGCTTT
1030994	46	7A1	1.557	AGCTTT
1031001	104	o6	1.290	TAGCTT
1031012	5	o6	1.051	TAGCTT
1031036	468	o6	1.739	TAGCTT
1031049	235	6m	1.335	AGCTTT
1031052	92	6m	4.239	AGCTTT
1031106	1338	o6	3.260	TAGCTT
1031126	291	o6	1.951	TAGCTT
1031156	2897	7A1	3.600	AGCTTT
1031199	2236	7A1	2.704	AGCTTT
1031224	2887	7A1	2.949	AGCTTT
1031227	76	6m	2.165	AGCTTT
1031235	113	o6	2.027	TAGCTT
1031236	328	6m	1.887	AGCTTT
1031390	2970	o6	1.606	TAGCTT
1031479	526	7m8	1.007	TAGCTT
1031498	343	o6	1.300	TAGCTT
1031498	1326	7m8	1.430	TAGCTT
1031498	1543	o6	1.468	TAGCTT
1031524	269	o6	1.205	TAGCTT
1031551	21	8m	2.227	AGCTTT
1031563	86	o6	1.058	TAGCTT
1031584	506	7A1	2.058	AGCTTT
1031698	1055	6m	1.166	AGCTTT
1031731	48	6m	1.053	AGCTTT
1031731	198	7m8	1.053	TAGCTT
1031731	254	8m	1.485	AGCTTT
1031782	757	8m	2.635	TAGCTT
1031830	1045	7A1	2.565	AGCTTT
1031830	1174	7m8	2.815	AGCTTT
1031833	827	6m	1.188	AGCTTT
1031871	135	7m8	1.882	AGCTTT
1032004	67	7m8	1.649	AGCTTT
1032039	52	6m	2.053	AGCTTT
1032132	579	o6	1.312	TAGCTT
1032173	355	o6	1.153	TAGCTT
1032203	677	o6	2.522	TAGCTT
1032203	903	6m	2.148	AGCTTT
1032333	1384	o6	1.169	TAGCTT
1032386	449	6m	1.251	AGCTTT
1032420	306	o6	2.876	TAGCTT
1032426	611	6m	1.500	AGCTTT
1032471	1037	o6	1.202	TAGCTT
1032475	1579	o6	1.084	TAGCTT
1032608	754	7m8	3.034	AGCTTT
1032608	789	o6	2.025	TAGCTT
1032617	36	7A1	4.142	AGCTTT
1032622	802	o6	1.546	TAGCTT
1032631	497	o6	1.321	TAGCTT
1032634	155	o6	1.753	TAGCTT
1032634	1875	6m	2.807	AGCTTT
1032663	32	6m	2.276	AGCTTT
1032713	476	7A1	1.651	AGCTTT
1032713	962	7A1	2.314	AGCTTT
1032799	3468	7A1	1.207	AGCTTT
1032832	427	7A1	2.626	AGCTTT
1032929	2036	6m	1.082	AGCTTT
1032938	295	o6	1.447	TAGCTT
1032965	690	o6	1.070	TAGCTT
1032976	165	7m8	1.277	TAGCTT
1032987	1946	7A1	2.333	AGCTTT
1032998	446	8m	1.082	TAGCTT
1032998	454	o6	1.082	TAGCTT
1033001	40	8m	1.082	TAGCTT
1033001	48	o6	1.082	TAGCTT
1033008	1733	6m	1.529	AGCTTT
1033016	9	o6	1.737	TAGCTT
1033028	451	6m	1.108	AGCTTT
1033041	3211	o6	1.986	TAGCTT
1033070	637	o6	1.091	TAGCTT
1033089	2328	8m	2.349	TAGCTT
1033141	2904	o6	1.034	TAGCTT
1033141	3567	7A1	2.660	AGCTTT
1033181	114	6m	1.606	AGCTTT
1033218	1303	8m	3.349	TAGCTT
1033244	606	7A1	2.400	AGCTTT
1033254	598	o6	1.590	TAGCTT
1033293	625	o6	2.515	TAGCTT
1033322	511	7A1	2.660	AGCTTT
1033362	642	7A1	1.573	AGCTTT
1033384	485	o6	1.244	TAGCTT
1033384	1838	7A1	2.244	AGCTTT
1033409	247	6m	1.648	AGCTTT
1033452	1778	o6	1.284	TAGCTT
1033514	114	o6	1.346	TAGCTT
1033571	1159	o6	2.794	TAGCTT
1033571	2129	6m	1.053	AGCTTT
1033575	679	6m	1.592	AGCTTT
1033583	558	o6	1.298	TAGCTT
1033598	4248	6m	1.687	AGCTTT
1033634	210	o6	2.317	TAGCTT
1033669	290	8m	1.606	TAGCTT
1033669	296	7m8	1.606	TAGCTT
1033739	383	o6	2.854	TAGCTT
1033739	672	o6	1.560	TAGCTT
1033739	705	7m8	1.400	TAGCTT
1033856	61	7m8	1.720	AGCTTT
1033883	1973	7m8	1.358	TAGCTT
1033894	353	6m	1.692	AGCTTT
1034040	40	8m	2.471	AGCTTT
1034074	269	6m	1.077	AGCTTT
1034092	809	7m8	1.034	TAGCTT
1034170	19	7m8	1.008	TAGCTT
1034208	184	8m	3.197	TAGCTT
1034221	1139	7m8	1.050	TAGCTT
1034259	722	7A1	1.834	AGCTTT
1034259	5965	7A1	4.720	AGCTTT
1034262	719	6m	1.235	AGCTTT
1034277	1000	o6	2.443	TAGCTT
1034284	27	7A1	2.726	AGCTTT
1034289	41	o6	1.668	TAGCTT
1034311	278	6m	2.707	AGCTTT
1034328	229	o6	1.228	TAGCTT
1034331	3369	6m	2.907	AGCTTT
1034340	651	o6	2.012	TAGCTT
1034347	1520	6m	2.570	AGCTTT
1034347	1564	6m	2.863	AGCTTT
1034347	1762	7m8	2.376	TAGCTT
1034389	9	7A1	2.383	AGCTTT
1034460	196	o6	1.282	TAGCTT
1034481	326	o6	2.266	TAGCTT
1034536	173	8m	1.045	AGCTTT
1034539	321	o6	1.174	TAGCTT
1034545	989	7m8	1.645	TAGCTT
1034560	44	7m8	1.768	TAGCTT
1034569	2756	o6	1.690	TAGCTT
1034589	306	7m8	2.321	TAGCTT
1034593	1056	6m	1.088	AGCTTT
1034620	269	o6	2.149	TAGCTT
1034665	940	o6	1.903	TAGCTT
1034709	735	7m8	1.907	AGCTTT
1034726	238	7A1	1.690	AGCTTT
1034726	788	6m	1.729	AGCTTT
1034748	1404	o6	2.321	TAGCTT
1034757	4	7A1	2.757	AGCTTT
1034771	225	6m	1.995	AGCTTT
1034772	120	o6	1.952	TAGCTT
1034772	515	o6	2.147	TAGCTT
1034775	604	o6	2.476	TAGCTT
1034800	122	7A1	2.305	AGCTTT
1034828	748	7m8	1.815	TAGCTT
1034831	298	6m	1.970	AGCTTT
1034843	494	o6	2.092	TAGCTT
1034902	282	8m	1.998	AGCTTT
1034909	441	o6	1.035	TAGCTT
1034909	2003	7m8	2.178	TAGCTT
1034917	2680	6m	1.636	AGCTTT
1034941	117	7A1	2.210	AGCTTT
1034984	783	6m	2.212	AGCTTT
1034984	1530	o6	1.255	TAGCTT
1034995	1338	7A1	3.408	AGCTTT
1034995	5965	o6	1.806	TAGCTT
1035015	751	o6	2.194	TAGCTT
1035034	271	7m8	1.079	TAGCTT
1035063	277	o6	2.142	TAGCTT
1035103	1108	6m	1.302	AGCTTT
1035114	277	o6	1.002	TAGCTT
1035121	281	7A1	2.533	AGCTTT
1035136	590	6m	1.548	AGCTTT
1035186	112	o6	1.074	TAGCTT
1035192	549	7A1	1.801	AGCTTT
1035198	1540	6m	2.711	AGCTTT
1035204	689	o6	1.288	TAGCTT
1035230	88	7A1	2.353	AGCTTT
1035242	427	6m	3.322	AGCTTT
1035257	506	7A1	2.552	AGCTTT
1035288	989	6m	1.211	AGCTTT
1035288	1473	o6	1.690	TAGCTT
1035288	1523	7A1	2.384	AGCTTT
1035323	182	7m8	4.037	TAGCTT
1035380	957	7A1	3.620	AGCTTT
1035432	519	o6	1.725	TAGCTT
1035432	565	8m	2.031	TAGCTT
1035477	1554	o6	2.073	TAGCTT
1035536	736	7A1	1.636	AGCTTT
1035543	370	6m	1.515	AGCTTT
1035569	1153	7m8	2.149	TAGCTT
1035569	4876	6m	1.391	AGCTTT
1035569	8432	6m	2.247	AGCTTT
1035569	16460	6m	3.226	AGCTTT
1035656	1672	6m	1.882	AGCTTT
1035663	42	7m8	2.801	TAGCTT
1035687	780	8m	3.271	TAGCTT
1035692	164	8m	3.326	TAGCTT
1035755	101	o6	1.288	TAGCTT
1035755	300	o6	1.135	TAGCTT
1035755	982	7A1	3.464	AGCTTT
1035768	1380	6m	2.841	AGCTTT
1035768	2319	6m	2.065	AGCTTT
1035782	1781	6m	1.962	AGCTTT
1035783	2356	6m	1.394	AGCTTT
1035783	2601	7m8	1.566	TAGCTT
1035783	3662	6m	1.560	AGCTTT
1035791	186	6m	1.958	AGCTTT
1035798	2703	7m8	2.304	TAGCTT
1035843	460	o6	1.715	TAGCTT
1035843	2207	6m	1.349	AGCTTT
1035843	2721	6m	1.453	AGCTTT
1035843	2779	o6	1.391	TAGCTT
1035945	3865	o6	1.483	TAGCTT
1035974	166	7m8	1.535	TAGCTT
1035986	206	7A1	1.180	AGCTTT
1035989	371	6m	2.269	AGCTTT
1036008	148	6m	1.300	AGCTTT
1036046	1509	6m	2.961	AGCTTT
1036053	660	7A1	2.233	AGCTTT
1036059	74	o6	2.081	TAGCTT
1036080	956	o6	1.141	TAGCTT
1036127	1211	6m	1.622	AGCTTT
1036154	1247	7m8	3.028	TAGCTT
1036154	2251	8m	3.034	TAGCTT
1036154	2445	7A1	2.660	AGCTTT
1036160	200	7A1	2.557	AGCTTT
1036178	23	6m	1.785	AGCTTT
1036199	446	7A1	1.468	AGCTTT
1036289	192	6m	1.220	AGCTTT
1036346	277	7m8	1.175	TAGCTT
1036367	309	o6	1.597	TAGCTT
1036374	1236	7m8	2.615	AGCTTT
1036374	1729	7m8	2.804	TAGCTT
1036374	2097	6m	2.037	AGCTTT
1036378	28	o6	1.771	TAGCTT
1036404	1753	7m8	1.844	TAGCTT
1036413	2	o6	1.457	TAGCTT
1036443	48	8m	1.632	TAGCTT
1036453	73	o6	1.022	TAGCTT
1036462	1003	7A1	2.854	AGCTTT
1036515	77	o6	3.857	TAGCTT
1036527	137	8m	2.007	TAGCTT
1036558	669	o6	3.216	TAGCTT
1036606	47	o6	1.319	TAGCTT
1036706	2156	6m	2.218	AGCTTT
1036778	231	6m	1.043	AGCTTT
1036835	175	6m	4.526	AGCTTT
1036836	452	7A1	2.624	AGCTTT
1036910	1633	6m	1.690	AGCTTT
1036910	1640	6m	1.690	AGCTTT
1036968	576	o6	1.964	TAGCTT
1036991	1901	7m8	2.145	TAGCTT
1037090	1104	6m	2.294	AGCTTT
1037171	996	7A1	1.346	AGCTTT
1037183	24	o6	1.391	TAGCTT
1037269	221	6m	2.070	AGCTTT
1037269	230	7A1	2.362	AGCTTT
1037318	163	8m	1.300	AGCTTT
1037346	32	o6	1.531	TAGCTT
1037375	207	o6	2.706	TAGCTT
1037395	42	o6	1.302	TAGCTT
1037494	75	6m	2.237	AGCTTT
1037504	393	8m	1.376	TAGCTT
1037534	510	6m	1.440	AGCTTT
1037620	178	o6	1.104	TAGCTT
1037652	61	8m	2.093	TAGCTT
1037658	22	7A1	1.098	AGCTTT
1037690	7	8m	1.423	TAGCTT
1037702	333	6m	1.463	AGCTTT
1037705	785	7A1	2.377	AGCTTT
1037715	657	6m	1.999	AGCTTT
1037745	768	7m8	1.633	AGCTTT
1037745	892	6m	1.710	AGCTTT
1037756	23	o6	1.759	TAGCTT
1037756	28	o6	1.759	TAGCTT
1037756	37	o6	1.257	TAGCTT
1037775	109	7A1	1.913	AGCTTT
1037845	179	7m8	1.645	TAGCTT
1037952	48	o6	2.169	TAGCTT
1037968	117	6m	1.487	AGCTTT
1037995	34	8m	1.537	TAGCTT
1038021	2520	6m	2.286	AGCTTT
1038067	1583	6m	2.648	AGCTTT
1038100	18	o6	1.147	TAGCTT
1038135	429	7A1	1.349	AGCTTT
1038174	322	7A1	1.560	AGCTTT
1038259	107	7A1	2.683	AGCTTT
1038278	695	o6	3.797	TAGCTT
1038293	2120	7A1	3.964	AGCTTT
1038378	415	6m	3.830	AGCTTT
1038407	532	6m	2.194	AGCTTT
1038465	571	7A1	1.456	AGCTTT
1038484	202	7m8	2.508	TAGCTT
1038485	1871	o6	2.854	TAGCTT
1038496	109	7m8	1.028	TAGCTT
1038499	198	8m	3.438	TAGCTT
1038511	341	8m	2.497	TAGCTT
1038571	854	o6	1.153	TAGCTT
1038571	860	6m	1.478	AGCTTT
1038589	725	7m8	3.398	TAGCTT
1038605	204	o6	2.217	TAGCTT
1038640	2022	6m	1.831	AGCTTT
1038643	268	7A1	3.912	AGCTTT
1038643	439	6m	1.048	AGCTTT
1038860	820	6m	1.679	AGCTTT
1038873	1925	o6	1.118	TAGCTT
1038885	98	6m	1.722	AGCTTT
1038923	648	7A1	3.459	AGCTTT
1038923	808	7A1	3.506	AGCTTT
1038930	272	7m8	1.576	TAGCTT
1038945	235	7A1	1.499	AGCTTT
1038992	148	7m8	2.073	TAGCTT
1039084	549	6m	1.940	AGCTTT
1039282	453	6m	1.859	AGCTTT
1039285	73	o6	1.894	TAGCTT
1039286	854	o6	1.205	TAGCTT
1039295	44	o6	2.031	TAGCTT
1039301	49	7A1	3.255	AGCTTT
1039422	3136	o6	2.247	TAGCTT
1039469	750	7A1	2.797	AGCTTT
1039469	1789	6m	1.228	AGCTTT
1039474	427	o6	2.416	TAGCTT
1039563	2083	8m	1.512	TAGCTT
1039568	30	o6	1.414	TAGCTT
1039568	955	o6	1.515	TAGCTT
1039612	40	6m	1.820	AGCTTT
1039612	611	6m	1.315	AGCTTT
1039703	148	6m	1.696	AGCTTT
1039706	2224	o6	1.073	TAGCTT
1039759	89	6m	1.271	AGCTTT
1039797	1600	7A1	3.273	AGCTTT
1039803	663	7A1	1.197	AGCTTT
1039853	6922	7A1	3.988	AGCTTT
1039858	5228	7A1	2.459	AGCTTT
1039911	239	6m	2.049	AGCTTT
1039949	361	6m	1.691	AGCTTT
1039950	157	7m8	1.073	TAGCTT
1039950	1424	6m	1.328	AGCTTT
1039971	841	o6	1.694	TAGCTT
1040012	3269	6m	2.030	AGCTTT
1040034	262	7m8	1.349	TAGCTT
1040048	2422	6m	2.298	AGCTTT
1040048	3464	6m	2.775	AGCTTT
1040069	206	7A1	1.180	AGCTTT
1040070	1412	6m	1.905	AGCTTT
1040070	1790	o6	1.182	TAGCTT
1040129	1593	7A1	2.405	AGCTTT
1040136	1229	7m8	1.292	AGCTTT
1040154	144	7A1	1.692	AGCTTT
1040159	445	o6	1.131	TAGCTT
1040210	2886	6m	1.065	AGCTTT
1040237	1229	6m	2.830	AGCTTT
1040283	5889	7A1	1.606	AGCTTT
1040286	407	o6	1.809	TAGCTT
1040294	425	o6	3.102	TAGCTT
1040294	1075	7A1	3.649	AGCTTT
1040294	1203	7A1	3.649	AGCTTT
1040298	6544	6m	1.184	AGCTTT
1040298	7518	6m	1.426	AGCTTT
1040298	8102	6m	2.084	AGCTTT
1040303	696	o6	2.065	TAGCTT
1040303	1836	6m	2.533	AGCTTT
1040346	4342	7A1	2.006	AGCTTT
1040352	1171	7A1	4.114	AGCTTT
1040366	521	o6	1.205	TAGCTT
1040444	655	o6	1.719	TAGCTT
1040444	734	o6	2.807	TAGCTT
1040444	1100	7A1	3.649	AGCTTT
1040458	361	7m8	2.924	TAGCTT
1040474	424	6m	1.005	AGCTTT
1040474	436	8m	1.005	AGCTTT
1040479	2753	7m8	1.087	AGCTTT
1040495	1422	6m	1.275	AGCTTT
1040527	1396	6m	1.041	AGCTTT
1040542	1920	7A1	3.808	AGCTTT
1040542	2438	7A1	4.841	AGCTTT
1040589	649	6m	3.581	AGCTTT
1040589	927	6m	1.158	AGCTTT
1040590	6739	6m	2.365	AGCTTT
1040632	22	7m8	2.061	TAGCTT
1040635	4469	o6	1.709	TAGCTT
1040646	2430	7A1	1.560	AGCTTT
1040646	2436	7m8	1.560	TAGCTT
