1000021	1550	6m	2.807	CCAATA
1000029	136	6m	2.111	CCAATA
1000030	104	o6	1.167	ACCAAT
1000048	315	o6	1.147	ACCAAT
1000048	721	6m	2.084	CCAATA
1000066	3178	8m	2.923	ACCAAT
1000125	479	o6	1.016	ACCAAT
1000224	300	o6	1.399	ACCAAT
1000234	872	7A1	2.400	CCAATA
1000336	43	o6	1.598	ACCAAT
1000373	1042	o6	1.105	ACCAAT
1000421	393	6m	1.682	CCAATA
1000469	595	o6	1.648	ACCAAT
1000478	774	7A1	1.577	CCAATA
1000490	186	7m8	2.170	ACCAAT
1000553	603	o6	1.040	ACCAAT
1000569	68	8m	2.226	ACCAAT
1000580	507	o6	2.026	ACCAAT
1000598	187	7A1	1.443	CCAATA
1000631	457	o6	1.064	ACCAAT
1000653	609	o6	2.295	ACCAAT
1000706	1267	8m	1.961	CCAATA
1000706	1575	6m	1.596	CCAATA
1000734	279	6m	1.815	CCAATA
1000842	865	o6	1.556	ACCAAT
1000863	387	7A1	1.204	CCAATA
1000869	585	o6	1.687	ACCAAT
1000874	93	o6	1.285	ACCAAT
1000880	1094	6m	1.596	CCAATA
1000923	988	6m	1.952	CCAATA
1000929	996	o6	1.288	ACCAAT
1000947	331	o6	1.813	ACCAAT
1001030	2016	6m	1.201	CCAATA
1001069	1304	7A1	1.729	CCAATA
1001080	82	7A1	1.088	CCAATA
1001126	163	8m	1.486	CCAATA
1001244	99	7m8	2.762	ACCAAT
1001244	792	7m8	1.848	ACCAAT
1001295	722	7A1	1.885	CCAATA
1001412	221	8m	1.921	ACCAAT
1001472	10	7A1	1.248	CCAATA
1001518	784	6m	1.799	CCAATA
1001574	391	o6	1.249	ACCAAT
1001601	917	o6	2.178	ACCAAT
1001601	1061	7m8	2.350	CCAATA
1001601	1073	o6	1.053	ACCAAT
1001601	1624	8m	2.344	CCAATA
1001610	550	7A1	2.025	CCAATA
1001614	98	7A1	2.060	CCAATA
1001620	808	7A1	1.967	CCAATA
1001629	132	7m8	1.808	ACCAAT
1001629	147	7m8	1.611	ACCAAT
1001847	15	7A1	1.321	CCAATA
1001897	146	o6	4.564	ACCAAT
1001969	115	o6	1.503	ACCAAT
1001990	28	6m	1.825	CCAATA
1002192	158	o6	1.065	ACCAAT
1002481	706	6m	1.601	CCAATA
1002527	1602	o6	2.400	ACCAAT
1002607	20	8m	1.485	ACCAAT
1002607	27	o6	1.923	ACCAAT
1002695	378	8m	2.053	ACCAAT
1002704	13	6m	1.111	CCAATA
1002872	143	o6	1.285	ACCAAT
1002898	525	6m	1.954	CCAATA
1003008	24	o6	1.970	ACCAAT
1003053	629	o6	2.807	ACCAAT
1003057	295	7A1	1.912	CCAATA
1003143	643	o6	1.011	ACCAAT
1003266	68	7A1	1.998	CCAATA
1003379	313	6m	2.026	CCAATA
1003387	466	o6	1.293	ACCAAT
1003506	122	o6	1.053	ACCAAT
1003631	1295	o6	1.973	ACCAAT
1003687	353	7A1	2.148	CCAATA
1003791	231	7A1	1.652	CCAATA
1003836	204	6m	1.600	CCAATA
1003851	729	7A1	1.560	CCAATA
1003858	206	7A1	1.860	CCAATA
1004029	34	6m	1.895	CCAATA
1004077	421	o6	2.343	ACCAAT
1004130	63	6m	1.434	CCAATA
1004178	27	7A1	1.172	CCAATA
1004436	451	o6	1.375	ACCAAT
1004446	628	7A1	1.443	CCAATA
1004515	38	7A1	1.234	CCAATA
1004631	62	o6	1.494	ACCAAT
1004631	814	6m	1.790	CCAATA
1004660	37	7A1	2.064	CCAATA
1004835	734	7A1	2.543	CCAATA
1004886	356	6m	1.043	CCAATA
1004958	917	o6	3.649	ACCAAT
1004973	316	6m	1.220	CCAATA
1004999	208	o6	1.606	ACCAAT
1005253	1348	6m	1.647	CCAATA
1005343	356	o6	2.643	ACCAAT
1005358	2157	o6	1.864	ACCAAT
1005367	142	7A1	2.406	CCAATA
1005450	25	o6	1.708	ACCAAT
1005470	1461	o6	1.591	ACCAAT
1005538	734	7m8	2.741	ACCAAT
1005568	896	7A1	1.405	CCAATA
1005646	2815	o6	1.333	ACCAAT
1005646	3403	o6	2.007	ACCAAT
1005752	813	8m	1.084	CCAATA
1005752	1797	6m	1.174	CCAATA
1005873	577	6m	2.383	CCAATA
1006608	153	o6	1.461	ACCAAT
1006698	601	7m8	1.248	CCAATA
1006707	699	o6	2.648	ACCAAT
1006707	1953	o6	2.807	ACCAAT
1006708	1600	6m	2.770	CCAATA
1006719	285	o6	1.035	ACCAAT
1006738	701	7A1	1.177	CCAATA
1006738	1111	6m	1.203	CCAATA
1006842	467	6m	1.981	CCAATA
1006860	213	7A1	2.275	CCAATA
1006866	59	o6	1.016	ACCAAT
1006866	90	7A1	2.015	CCAATA
1006875	1891	7A1	1.177	CCAATA
1006875	2301	6m	1.203	CCAATA
1007296	1133	o6	1.567	ACCAAT
1007332	133	o6	1.821	ACCAAT
1007340	136	o6	2.220	ACCAAT
1007364	1342	o6	1.371	ACCAAT
1007494	308	o6	2.103	ACCAAT
1007508	594	o6	2.252	ACCAAT
1007637	449	o6	1.087	ACCAAT
1007637	459	o6	1.322	ACCAAT
1007638	1000	8m	1.199	CCAATA
1007789	976	o6	1.642	ACCAAT
1007807	37	6m	1.970	CCAATA
1007812	1784	o6	2.262	ACCAAT
1007812	3342	6m	2.053	CCAATA
1007824	83	6m	1.444	CCAATA
1007840	1394	o6	1.284	ACCAAT
1007866	373	7A1	2.025	CCAATA
1007909	378	o6	1.959	ACCAAT
1007914	81	7A1	2.031	CCAATA
1007920	1185	o6	2.207	ACCAAT
1007923	2593	o6	1.606	ACCAAT
1007932	1910	o6	1.034	ACCAAT
1007935	423	8m	1.690	ACCAAT
1007997	472	7A1	1.407	CCAATA
1007997	969	6m	2.145	CCAATA
1008024	284	7A1	1.644	CCAATA
1008039	234	6m	1.995	CCAATA
1008145	603	o6	1.053	ACCAAT
1008145	3118	7A1	1.053	CCAATA
1008145	4893	6m	1.257	CCAATA
1008145	9905	o6	2.148	ACCAAT
1008157	91	7A1	1.499	CCAATA
1008183	764	o6	1.976	ACCAAT
1008213	843	o6	1.807	ACCAAT
1008255	472	o6	1.250	ACCAAT
1008259	1282	6m	2.858	CCAATA
1008301	122	o6	1.765	ACCAAT
1008363	225	6m	1.414	CCAATA
1008409	527	7m8	1.945	ACCAAT
1008432	46	6m	1.195	CCAATA
1008436	24	7A1	1.076	CCAATA
1008477	15	7A1	2.533	CCAATA
1008606	49	6m	1.436	CCAATA
1008611	221	7m8	1.140	CCAATA
1008615	575	8m	1.002	ACCAAT
1008624	622	7A1	1.560	CCAATA
1008650	701	6m	2.127	CCAATA
1008654	65	6m	1.131	CCAATA
1008654	693	6m	1.643	CCAATA
1008654	796	7A1	1.099	CCAATA
1008657	418	o6	3.232	ACCAAT
1008708	37	o6	1.478	ACCAAT
1008708	457	o6	1.170	ACCAAT
1008720	739	o6	1.180	ACCAAT
1008789	64	o6	1.979	ACCAAT
1008789	545	o6	1.979	ACCAAT
1008840	135	o6	1.713	ACCAAT
1008846	645	7m8	1.546	ACCAAT
1008894	548	7A1	1.270	CCAATA
1008950	137	7A1	2.570	CCAATA
1008981	1061	o6	1.739	ACCAAT
1008995	1395	o6	1.322	ACCAAT
1009013	65	o6	1.030	ACCAAT
1009068	533	o6	1.284	ACCAAT
1009107	254	8m	2.374	ACCAAT
1009153	1108	7A1	1.316	CCAATA
1009267	772	6m	2.413	CCAATA
1009304	35	7A1	1.205	CCAATA
1009334	465	7A1	1.241	CCAATA
1009348	1297	8m	1.870	CCAATA
1009366	271	7m8	2.502	ACCAAT
1009408	218	8m	2.137	CCAATA
1009445	216	7A1	1.023	CCAATA
1009448	1526	8m	3.005	ACCAAT
1009469	422	o6	1.129	ACCAAT
1009475	828	7m8	1.722	ACCAAT
1009532	24	o6	1.044	ACCAAT
1009638	7	o6	1.116	ACCAAT
1009696	39	7A1	2.135	CCAATA
1009748	123	7A1	1.284	CCAATA
1009781	1148	7m8	1.322	ACCAAT
1009927	45	o6	2.030	ACCAAT
1009930	493	6m	2.073	CCAATA
1009981	193	8m	1.284	ACCAAT
1010026	515	o6	1.019	ACCAAT
1010115	0	7A1	2.311	CCAATA
1010160	540	7m8	2.991	ACCAAT
1010160	1565	6m	1.040	CCAATA
1010250	976	6m	2.328	CCAATA
1010332	463	6m	1.035	CCAATA
1010365	774	o6	2.994	ACCAAT
1010365	939	o6	1.150	ACCAAT
1010365	1136	7A1	1.971	CCAATA
1010365	1353	o6	1.666	ACCAAT
1010401	289	o6	1.485	ACCAAT
1010448	312	8m	1.266	CCAATA
1010474	55	7m8	2.016	CCAATA
1010553	246	7A1	1.644	CCAATA
1010553	464	6m	1.375	CCAATA
1010586	78	o6	1.348	ACCAAT
1010608	177	7A1	1.485	CCAATA
1010633	221	7A1	1.523	CCAATA
1010670	942	o6	1.322	ACCAAT
1010831	140	7A1	1.033	CCAATA
1010846	120	o6	1.310	ACCAAT
1010941	43	6m	1.871	CCAATA
1010956	138	o6	2.179	ACCAAT
1011059	417	o6	1.279	ACCAAT
1011101	73	8m	1.931	ACCAAT
1011117	196	o6	1.243	ACCAAT
1011203	51	7A1	1.861	CCAATA
1011215	129	6m	1.373	CCAATA
1011216	71	o6	1.955	ACCAAT
1011216	371	7A1	2.215	CCAATA
1011245	321	6m	1.606	CCAATA
1011321	1849	o6	1.514	ACCAAT
1011327	78	7A1	1.415	CCAATA
1011394	93	o6	1.977	ACCAAT
1011430	155	o6	2.314	ACCAAT
1011438	482	o6	1.635	ACCAAT
1011478	35	6m	1.899	CCAATA
1011487	1514	o6	2.214	ACCAAT
1011490	1424	o6	1.815	ACCAAT
1011491	884	7A1	2.007	CCAATA
1011613	289	7A1	2.367	CCAATA
1011670	129	6m	2.139	CCAATA
1011698	160	o6	1.202	ACCAAT
1011718	36	o6	1.440	ACCAAT
1011742	493	o6	3.182	ACCAAT
1011776	416	6m	3.241	CCAATA
1011945	45	6m	1.322	CCAATA
1011951	269	o6	1.082	ACCAAT
1012080	453	8m	1.407	ACCAAT
1012099	133	6m	1.405	CCAATA
1012099	140	6m	1.405	CCAATA
1012383	105	o6	1.647	ACCAAT
1012430	796	6m	2.678	CCAATA
1012491	397	o6	1.295	ACCAAT
1012542	400	8m	1.572	ACCAAT
1012561	85	7A1	1.081	CCAATA
1012564	313	6m	2.544	CCAATA
1012575	108	o6	3.026	ACCAAT
1012582	792	o6	1.596	ACCAAT
1012585	368	7A1	2.073	CCAATA
1012743	862	o6	3.034	ACCAAT
1012770	124	7m8	1.490	ACCAAT
1012770	185	7m8	1.175	ACCAAT
1012822	12	o6	1.374	ACCAAT
1012839	1023	6m	1.284	CCAATA
1012866	154	o6	1.053	ACCAAT
1012930	236	7A1	1.164	CCAATA
1012933	24	7A1	1.210	CCAATA
1013032	58	7A1	2.217	CCAATA
1013108	79	6m	1.761	CCAATA
1013219	174	7A1	1.687	CCAATA
1013312	1109	o6	1.292	ACCAAT
1013443	1890	7m8	3.047	ACCAAT
1013443	2175	o6	1.078	ACCAAT
1013643	70	o6	1.426	ACCAAT
1013670	268	o6	1.606	ACCAAT
1013670	954	8m	2.349	ACCAAT
1013670	1152	6m	1.284	CCAATA
1013676	945	7A1	1.006	CCAATA
1013802	255	o6	1.082	ACCAAT
1013988	1944	o6	1.339	ACCAAT
1014060	433	o6	1.446	ACCAAT
1014066	669	o6	1.010	ACCAAT
1014069	1167	o6	1.251	ACCAAT
1014117	141	7A1	1.322	CCAATA
1014198	687	o6	1.571	ACCAAT
1014198	699	6m	1.047	CCAATA
1014334	78	o6	3.486	ACCAAT
1014559	1240	8m	1.295	ACCAAT
1014588	2948	o6	1.284	ACCAAT
1014840	202	o6	1.059	ACCAAT
1014877	181	o6	1.055	ACCAAT
1014883	527	7A1	2.073	CCAATA
1014884	1841	o6	2.651	ACCAAT
1014904	945	7A1	1.910	CCAATA
1014988	834	8m	1.174	ACCAAT
1015041	2005	o6	1.567	ACCAAT
1015047	1434	o6	1.260	ACCAAT
1015073	1707	7A1	2.265	CCAATA
1015085	469	7m8	1.694	ACCAAT
1015091	160	7m8	1.147	ACCAAT
1015091	4360	8m	2.615	ACCAAT
1015109	587	7m8	1.628	ACCAAT
1015145	2399	7m8	1.284	ACCAAT
1015162	1354	6m	1.464	CCAATA
1015162	1594	6m	1.112	CCAATA
1015228	2593	7m8	3.034	ACCAAT
1015291	270	6m	1.786	CCAATA
1015375	1633	6m	2.128	CCAATA
1015388	599	o6	2.288	ACCAAT
1015411	1096	7m8	2.350	ACCAAT
1015444	999	o6	1.639	ACCAAT
1015526	1419	o6	2.541	ACCAAT
1015555	2889	7A1	1.114	CCAATA
1015676	1135	8m	1.156	CCAATA
1015810	1040	7A1	1.284	CCAATA
1015823	402	o6	1.010	ACCAAT
1015915	48	o6	1.292	ACCAAT
1015915	914	7A1	1.376	CCAATA
1015940	2105	o6	1.118	ACCAAT
1016019	473	o6	2.686	ACCAAT
1016019	1109	o6	1.640	ACCAAT
1016019	1265	o6	1.368	ACCAAT
1016026	194	7A1	1.297	CCAATA
1016047	1117	o6	1.298	ACCAAT
1016103	631	8m	1.218	CCAATA
1016106	331	8m	1.606	CCAATA
1016146	187	6m	2.350	CCAATA
1016176	220	6m	1.082	CCAATA
1016191	714	8m	1.069	ACCAAT
1016220	555	8m	3.091	CCAATA
1016275	156	o6	1.932	ACCAAT
1016328	314	o6	1.105	ACCAAT
1016353	174	6m	1.053	CCAATA
1016398	622	o6	1.919	ACCAAT
1016398	1846	7A1	1.322	CCAATA
1016449	1249	o6	1.367	ACCAAT
1016449	1427	7A1	1.010	CCAATA
1016449	2560	o6	1.047	ACCAAT
1016470	320	6m	1.073	CCAATA
1016557	158	o6	1.156	ACCAAT
1016557	1142	7m8	2.025	ACCAAT
1016574	4634	o6	2.101	ACCAAT
1016640	266	7A1	1.216	CCAATA
1016640	297	o6	2.114	ACCAAT
1016647	382	o6	1.082	ACCAAT
1016655	909	7m8	2.502	ACCAAT
1016698	1459	o6	1.073	ACCAAT
1016754	385	8m	2.145	CCAATA
1016787	2326	8m	1.868	ACCAAT
1016797	134	o6	2.064	ACCAAT
1016832	732	7A1	2.054	CCAATA
1016845	936	6m	1.159	CCAATA
1016857	485	7m8	1.084	ACCAAT
1016865	911	o6	1.495	ACCAAT
1016886	242	6m	1.045	CCAATA
1016896	208	7A1	1.707	CCAATA
1016922	352	o6	1.745	ACCAAT
1016986	783	o6	1.520	ACCAAT
1017082	201	o6	3.232	ACCAAT
1017135	1077	7m8	1.687	ACCAAT
1017157	383	o6	2.441	ACCAAT
1017227	901	o6	1.439	ACCAAT
1017254	1256	o6	1.731	ACCAAT
1017257	363	o6	1.997	ACCAAT
1017257	761	o6	1.882	ACCAAT
1017270	122	o6	1.593	ACCAAT
1017282	74	o6	1.113	ACCAAT
1017315	25	7A1	1.204	CCAATA
1017369	29	o6	1.653	ACCAAT
1017451	102	6m	1.040	CCAATA
1017457	230	7A1	1.454	CCAATA
1017490	89	o6	2.316	ACCAAT
1017524	1502	o6	1.275	ACCAAT
1017580	141	7m8	1.322	ACCAAT
1017599	94	o6	2.694	ACCAAT
1017618	410	o6	1.388	ACCAAT
1017706	52	7A1	1.560	CCAATA
1017733	640	6m	1.221	CCAATA
1017782	557	7A1	1.921	CCAATA
1017791	179	8m	1.738	CCAATA
1017848	219	7A1	1.426	CCAATA
1017890	19	o6	1.606	ACCAAT
1017921	31	o6	1.053	ACCAAT
1018062	705	6m	1.401	CCAATA
1018149	165	o6	1.284	ACCAAT
1018222	95	o6	1.055	ACCAAT
1018222	334	o6	1.255	ACCAAT
1018236	38	7A1	3.360	CCAATA
1018243	584	o6	2.511	ACCAAT
1018243	3108	o6	1.577	ACCAAT
1018262	810	6m	3.425	CCAATA
1018268	587	o6	1.812	ACCAAT
1018278	196	o6	1.711	ACCAAT
1018334	121	8m	1.238	ACCAAT
1018335	256	7A1	1.224	CCAATA
1018530	293	o6	1.322	ACCAAT
1018530	1559	o6	2.409	ACCAAT
1018590	64	o6	2.074	ACCAAT
1018623	76	8m	1.322	CCAATA
1018799	53	o6	1.570	ACCAAT
1018825	294	7A1	3.034	CCAATA
1018873	1580	7m8	1.077	ACCAAT
1018894	95	7A1	1.927	CCAATA
1018959	26	o6	1.325	ACCAAT
1018971	231	7A1	1.753	CCAATA
1018984	163	7m8	2.144	ACCAAT
1019059	131	7A1	1.011	CCAATA
1019065	302	8m	1.440	ACCAAT
1019147	621	o6	3.034	ACCAAT
1019147	3262	o6	1.405	ACCAAT
1019147	3303	8m	1.084	CCAATA
1019180	804	7m8	1.414	CCAATA
1019192	873	7m8	1.120	CCAATA
1019464	371	o6	3.167	ACCAAT
1019465	121	o6	1.290	ACCAAT
1019514	3176	o6	2.076	ACCAAT
1019521	1846	o6	1.431	ACCAAT
1019579	338	o6	1.843	ACCAAT
1019657	31	8m	1.816	ACCAAT
1019704	467	7A1	1.797	CCAATA
1019727	86	8m	1.073	CCAATA
1019742	220	7m8	1.285	ACCAAT
1019761	349	7m8	1.231	ACCAAT
1019814	57	8m	2.015	CCAATA
1019890	47	o6	1.391	ACCAAT
1019899	497	o6	1.302	ACCAAT
1019920	8	7A1	1.117	CCAATA
1019935	824	o6	1.285	ACCAAT
1019995	574	6m	1.945	CCAATA
1020059	485	o6	1.818	ACCAAT
1020219	1242	o6	1.533	ACCAAT
1020219	1981	o6	2.834	ACCAAT
1020280	406	7A1	1.227	CCAATA
1020319	2564	o6	1.577	ACCAAT
1020336	203	7A1	1.157	CCAATA
1020435	2113	8m	2.926	CCAATA
1020459	113	7A1	2.540	CCAATA
1020495	578	6m	1.053	CCAATA
1020564	430	o6	1.084	ACCAAT
1020574	208	7A1	1.560	CCAATA
1020636	42	7A1	2.502	CCAATA
1020642	884	o6	1.391	ACCAAT
1020771	473	o6	1.613	ACCAAT
1020811	70	o6	1.051	ACCAAT
1020855	19	8m	2.033	CCAATA
1021014	729	7A1	1.036	CCAATA
1021014	844	o6	1.009	ACCAAT
1021074	107	6m	2.506	CCAATA
1021152	603	7m8	1.533	ACCAAT
1021260	843	o6	1.577	ACCAAT
1021574	45	7A1	1.434	CCAATA
1021575	49	7A1	3.554	CCAATA
1021619	52	6m	1.695	CCAATA
1021797	1798	o6	1.218	ACCAAT
1021887	201	7A1	1.298	CCAATA
1021954	876	7A1	1.135	CCAATA
1021986	482	o6	1.162	ACCAAT
1021989	1140	o6	1.560	ACCAAT
1022001	95	7A1	1.171	CCAATA
1022066	1692	o6	1.221	ACCAAT
1022125	455	o6	2.355	ACCAAT
1022168	823	6m	2.411	CCAATA
1022173	767	8m	2.183	ACCAAT
1022212	382	7A1	1.210	CCAATA
1022247	150	7m8	1.459	CCAATA
1022253	1326	8m	1.183	ACCAAT
1022495	4226	7A1	1.622	CCAATA
1022530	337	7A1	1.405	CCAATA
1022531	2525	o6	3.180	ACCAAT
1022820	826	o6	1.490	ACCAAT
1022820	1306	o6	1.784	ACCAAT
1022941	1284	8m	1.284	ACCAAT
1023009	218	o6	1.825	ACCAAT
1023032	780	7A1	1.864	CCAATA
1023062	1364	o6	2.059	ACCAAT
1023062	3240	o6	2.464	ACCAAT
1023085	1019	8m	1.690	ACCAAT
1023097	632	6m	2.716	CCAATA
1023100	1693	o6	1.292	ACCAAT
1023181	47	8m	1.196	CCAATA
1023202	151	o6	1.605	ACCAAT
1023256	1130	o6	1.747	ACCAAT
1023288	475	7A1	1.236	CCAATA
1023289	1155	6m	2.287	CCAATA
1023298	844	8m	1.633	ACCAAT
1023337	33	7m8	1.861	ACCAAT
1023337	925	o6	2.350	ACCAAT
1023378	1873	7A1	4.576	CCAATA
1023381	1384	7A1	4.576	CCAATA
1023387	1356	7A1	1.284	CCAATA
1023594	930	o6	1.747	ACCAAT
1023594	1574	o6	1.282	ACCAAT
1023599	746	6m	1.760	CCAATA
1023599	1026	o6	2.544	ACCAAT
1023599	3811	o6	2.026	ACCAAT
1023599	7776	o6	2.350	ACCAAT
1023649	154	8m	1.070	CCAATA
1023658	747	8m	1.560	ACCAAT
1023661	112	o6	1.377	ACCAAT
1023661	518	o6	1.467	ACCAAT
1023678	1158	6m	1.082	CCAATA
1023678	1195	o6	1.606	ACCAAT
1023684	517	7A1	1.240	CCAATA
1023712	1528	o6	1.322	ACCAAT
1023717	1029	o6	1.007	ACCAAT
1023774	1663	o6	1.639	ACCAAT
1023774	1721	8m	1.658	ACCAAT
1023789	75	o6	1.190	ACCAAT
1023802	386	6m	1.264	CCAATA
1023828	1219	o6	1.485	ACCAAT
1023837	143	7m8	2.350	ACCAAT
1023846	698	o6	1.690	ACCAAT
1023847	463	o6	1.785	ACCAAT
1023847	943	o6	2.149	ACCAAT
1023882	1630	o6	1.648	ACCAAT
1023882	2083	6m	1.053	CCAATA
1023885	270	6m	1.053	CCAATA
1023885	714	o6	1.776	ACCAAT
1023930	48	6m	1.213	CCAATA
1024019	2258	o6	1.618	ACCAAT
1024031	1594	8m	1.573	ACCAAT
1024130	69	7A1	1.141	CCAATA
1024133	550	o6	1.053	ACCAAT
1024159	161	o6	1.079	ACCAAT
1024189	257	7A1	2.185	CCAATA
1024204	418	6m	1.399	CCAATA
1024211	3671	o6	1.227	ACCAAT
1024240	120	6m	1.407	CCAATA
1024247	150	7A1	1.407	CCAATA
1024279	362	7A1	1.213	CCAATA
1024331	186	o6	1.508	ACCAAT
1024342	427	o6	1.305	ACCAAT
1024342	1162	o6	1.235	ACCAAT
1024349	1076	7A1	2.322	CCAATA
1024418	318	o6	1.243	ACCAAT
1024465	622	7A1	1.322	CCAATA
1024556	545	o6	2.182	ACCAAT
1024601	18	o6	1.039	ACCAAT
1024604	958	o6	1.144	ACCAAT
1024612	1629	o6	2.404	ACCAAT
1024619	2151	o6	1.078	ACCAAT
1024622	917	o6	1.104	ACCAAT
1024648	2730	7m8	2.276	ACCAAT
1024648	4160	o6	1.528	ACCAAT
1024648	6155	8m	1.910	ACCAAT
1024688	76	8m	1.032	ACCAAT
1024694	414	8m	1.940	CCAATA
1024709	443	o6	1.490	ACCAAT
1024721	772	o6	1.256	ACCAAT
1024721	1118	o6	1.690	ACCAAT
1024730	343	7A1	2.345	CCAATA
1024741	135	8m	1.321	ACCAAT
1024754	295	8m	2.262	ACCAAT
1024843	175	8m	2.213	ACCAAT
1024843	800	7A1	1.614	CCAATA
1024843	1754	6m	1.932	CCAATA
1024904	233	o6	1.294	ACCAAT
1024935	290	o6	1.409	ACCAAT
1024935	1411	6m	2.627	CCAATA
1024956	5135	7m8	1.094	ACCAAT
1024956	7160	o6	2.635	ACCAAT
1024971	846	o6	1.284	ACCAAT
1024987	892	6m	1.264	CCAATA
1025038	113	o6	1.073	ACCAAT
1025059	543	7m8	1.019	CCAATA
1025059	821	o6	1.933	ACCAAT
1025101	714	7A1	2.114	CCAATA
1025132	137	7A1	2.073	CCAATA
1025135	455	o6	1.734	ACCAAT
1025150	258	6m	1.713	CCAATA
1025158	307	6m	2.759	CCAATA
1025167	1000	8m	1.740	ACCAAT
1025204	828	o6	1.162	ACCAAT
1025216	841	8m	2.840	ACCAAT
1025245	98	8m	1.150	CCAATA
1025293	1294	o6	1.086	ACCAAT
1025304	37	8m	1.748	CCAATA
1025308	516	o6	1.606	ACCAAT
1025340	763	7A1	1.718	CCAATA
1025367	245	8m	2.508	CCAATA
1025443	912	7A1	1.533	CCAATA
1025455	570	o6	1.345	ACCAAT
1025455	2127	o6	1.483	ACCAAT
1025484	43	7A1	1.242	CCAATA
1025494	111	8m	2.264	ACCAAT
1025502	22	o6	1.560	ACCAAT
1025565	975	7A1	1.073	CCAATA
1025608	755	7m8	1.735	CCAATA
1025624	224	6m	2.540	CCAATA
1025642	124	o6	1.686	ACCAAT
1025668	226	7A1	1.484	CCAATA
1025775	26	o6	1.051	ACCAAT
1025815	400	o6	1.687	ACCAAT
1025962	104	o6	1.057	ACCAAT
1026056	34	7A1	1.324	CCAATA
1026235	396	6m	3.398	CCAATA
1026378	57	o6	1.880	ACCAAT
1026477	54	7A1	1.036	CCAATA
1026477	542	6m	1.105	CCAATA
1026498	65	o6	1.612	ACCAAT
1026545	535	8m	1.322	ACCAAT
1026555	265	o6	1.577	ACCAAT
1026657	838	7m8	2.544	ACCAAT
1026660	315	7m8	2.544	ACCAAT
1026711	2594	o6	2.608	ACCAAT
1026726	1276	o6	1.277	ACCAAT
1026841	2434	o6	1.189	ACCAAT
1026846	87	o6	1.120	ACCAAT
1026853	1758	7m8	1.598	ACCAAT
1026853	1843	o6	1.598	ACCAAT
1026914	336	o6	2.447	ACCAAT
1026965	1410	o6	1.808	ACCAAT
1026965	1678	o6	2.798	ACCAAT
1026966	679	6m	1.768	CCAATA
1027036	348	7m8	1.031	CCAATA
1027036	572	o6	2.372	ACCAAT
1027138	136	o6	2.286	ACCAAT
1027153	900	7A1	1.571	CCAATA
1027168	1116	o6	1.057	ACCAAT
1027417	662	6m	2.227	CCAATA
1027470	24	8m	2.089	ACCAAT
1027516	135	8m	2.852	CCAATA
1027580	94	o6	1.285	ACCAAT
1027583	253	o6	1.106	ACCAAT
1027683	328	o6	1.053	ACCAAT
1027733	170	o6	1.166	ACCAAT
1027756	570	8m	1.278	ACCAAT
1027831	400	o6	2.025	ACCAAT
1027831	411	8m	2.519	ACCAAT
1027938	374	7A1	1.004	CCAATA
1028003	146	7A1	2.235	CCAATA
1028011	324	7A1	1.106	CCAATA
1028093	292	8m	1.053	CCAATA
1028121	115	8m	1.390	CCAATA
1028269	812	7A1	2.238	CCAATA
1028360	-1	6m	1.107	CCAATA
1028426	446	6m	2.235	CCAATA
1028447	291	o6	2.356	ACCAAT
1028598	44	o6	1.737	ACCAAT
1028611	45	o6	2.409	ACCAAT
1028645	286	o6	1.950	ACCAAT
1028734	1167	o6	1.434	ACCAAT
1028751	2103	8m	2.472	CCAATA
1028794	863	6m	2.067	CCAATA
1028866	38	o6	1.212	ACCAAT
1029003	623	6m	2.794	CCAATA
1029007	24	8m	1.600	CCAATA
1029091	199	o6	1.577	ACCAAT
1029189	485	o6	1.990	ACCAAT
1029189	1492	8m	1.785	ACCAAT
1029246	551	6m	3.398	CCAATA
1029255	301	o6	1.284	ACCAAT
1029255	477	o6	1.204	ACCAAT
1029348	547	7A1	1.781	CCAATA
1029405	56	8m	1.409	ACCAAT
1029441	151	7A1	2.238	CCAATA
1029517	1554	o6	1.552	ACCAAT
1029520	632	7A1	1.306	CCAATA
1029603	47	8m	1.864	ACCAAT
1029733	115	6m	1.894	CCAATA
1029733	143	8m	1.138	CCAATA
1029734	20	6m	1.378	CCAATA
1029758	406	o6	1.193	ACCAAT
1029758	478	6m	1.341	CCAATA
1029852	129	7A1	1.255	CCAATA
1029882	161	8m	1.242	CCAATA
1029891	208	o6	1.368	ACCAAT
1029944	422	o6	1.383	ACCAAT
1029944	597	7A1	1.458	CCAATA
1029956	204	7A1	1.004	CCAATA
1030100	125	o6	1.270	ACCAAT
1030245	1247	o6	1.743	ACCAAT
1030266	1398	o6	1.028	ACCAAT
1030266	1802	o6	1.063	ACCAAT
1030275	92	8m	1.371	ACCAAT
1030405	228	o6	1.368	ACCAAT
1030451	218	o6	2.533	ACCAAT
1030468	1434	8m	1.485	ACCAAT
1030632	260	7A1	1.632	CCAATA
1030658	1359	o6	1.856	ACCAAT
1030670	140	6m	1.820	CCAATA
1030679	78	o6	1.296	ACCAAT
1030692	2291	o6	1.016	ACCAAT
1030762	19	8m	1.638	CCAATA
1030821	358	7A1	1.336	CCAATA
1030882	24	o6	1.340	ACCAAT
1030951	364	o6	1.170	ACCAAT
1031049	298	7A1	2.702	CCAATA
1031072	240	7A1	1.271	CCAATA
1031183	290	6m	1.048	CCAATA
1031223	814	o6	1.240	ACCAAT
1031224	120	7m8	3.512	CCAATA
1031230	670	6m	1.241	CCAATA
1031340	55	6m	1.220	CCAATA
1031390	2147	6m	1.313	CCAATA
1031419	183	7m8	1.294	ACCAAT
1031446	300	8m	2.581	ACCAAT
1031746	277	7A1	2.433	CCAATA
1031805	908	6m	1.783	CCAATA
1031814	602	o6	2.326	ACCAAT
1031830	69	7m8	1.143	ACCAAT
1031830	2475	7m8	1.486	CCAATA
1031838	82	7A1	2.129	CCAATA
1031994	1957	7m8	2.660	ACCAAT
1032090	91	o6	2.427	ACCAAT
1032090	127	7A1	2.035	CCAATA
1032102	5	o6	2.142	ACCAAT
1032255	51	o6	1.623	ACCAAT
1032279	274	o6	1.238	ACCAAT
1032325	215	7m8	1.137	CCAATA
1032369	3692	7m8	1.118	ACCAAT
1032386	654	6m	3.232	CCAATA
1032412	151	7A1	1.961	CCAATA
1032420	1049	6m	1.885	CCAATA
1032445	251	7A1	1.170	CCAATA
1032475	523	o6	2.548	ACCAAT
1032607	942	o6	2.350	ACCAAT
1032608	36	6m	2.985	CCAATA
1032622	1804	7A1	1.284	CCAATA
1032622	2300	o6	2.024	ACCAAT
1032622	3708	o6	1.195	ACCAAT
1032640	535	7A1	1.001	CCAATA
1032693	418	o6	2.025	ACCAAT
1032703	345	8m	2.016	CCAATA
1032710	83	6m	2.178	CCAATA
1032728	990	o6	1.690	ACCAAT
1032741	312	6m	1.964	CCAATA
1032783	196	o6	2.504	ACCAAT
1032799	2523	o6	2.676	ACCAAT
1032813	986	7A1	1.711	CCAATA
1032817	32	7A1	1.633	CCAATA
1032817	86	6m	1.366	CCAATA
1032822	754	o6	1.896	ACCAAT
1032829	983	7A1	2.433	CCAATA
1032870	127	o6	1.157	ACCAAT
1032879	140	o6	1.577	ACCAAT
1032902	1563	8m	1.986	ACCAAT
1032902	1570	o6	2.026	ACCAAT
1032948	32	7A1	2.321	CCAATA
1032987	1297	7A1	1.261	CCAATA
1033037	1177	6m	2.941	CCAATA
1033041	2894	o6	1.387	ACCAAT
1033041	2909	o6	1.712	ACCAAT
1033041	3087	o6	1.208	ACCAAT
1033046	26	o6	1.330	ACCAAT
1033046	1253	6m	1.110	CCAATA
1033089	1870	o6	2.548	ACCAAT
1033141	236	o6	1.606	ACCAAT
1033141	2427	o6	1.592	ACCAAT
1033141	5830	6m	1.284	CCAATA
1033141	7470	7A1	1.321	CCAATA
1033187	515	o6	1.690	ACCAAT
1033205	288	o6	1.088	ACCAAT
1033208	152	7A1	1.095	CCAATA
1033218	923	o6	3.349	ACCAAT
1033226	271	7A1	1.825	CCAATA
1033227	1676	o6	1.028	ACCAAT
1033250	1004	o6	1.370	ACCAAT
1033310	437	o6	2.269	ACCAAT
1033414	515	7m8	1.495	ACCAAT
1033431	480	7A1	2.377	CCAATA
1033452	2142	7m8	1.284	ACCAAT
1033598	3417	o6	1.053	ACCAAT
1033598	5592	7A1	1.968	CCAATA
1033598	6341	6m	1.485	CCAATA
1033711	297	7A1	2.659	CCAATA
1033751	1717	o6	1.954	ACCAAT
1033754	1346	o6	1.954	ACCAAT
1033757	765	o6	1.954	ACCAAT
1033760	369	o6	2.377	ACCAAT
1033766	763	8m	1.294	CCAATA
1033786	1543	o6	1.053	ACCAAT
1033789	3208	6m	1.384	CCAATA
1033795	306	o6	1.755	ACCAAT
1033838	487	7A1	1.330	CCAATA
1033839	31	6m	1.500	CCAATA
1033865	83	o6	1.914	ACCAAT
1033957	69	o6	1.588	ACCAAT
1033960	955	6m	1.606	CCAATA
1033971	1353	o6	3.001	ACCAAT
1033987	147	o6	1.157	ACCAAT
1034043	75	o6	1.769	ACCAAT
1034152	260	o6	2.880	ACCAAT
1034214	438	6m	1.995	CCAATA
1034281	66	8m	1.906	ACCAAT
1034284	368	8m	2.821	CCAATA
1034304	2634	7m8	1.548	ACCAAT
1034304	3956	7A1	1.337	CCAATA
1034311	651	7A1	2.148	CCAATA
1034331	2307	6m	1.616	CCAATA
1034331	3834	o6	2.907	ACCAAT
1034347	714	o6	1.289	ACCAAT
1034361	1242	o6	2.791	ACCAAT
1034493	906	o6	2.267	ACCAAT
1034496	558	6m	2.661	CCAATA
1034518	70	6m	1.079	CCAATA
1034521	386	o6	3.028	ACCAAT
1034521	398	o6	2.827	ACCAAT
1034545	646	o6	1.128	ACCAAT
1034598	167	o6	1.178	ACCAAT
1034598	424	6m	1.906	CCAATA
1034670	37	6m	1.306	CCAATA
1034679	2205	8m	2.002	CCAATA
1034739	2965	o6	2.280	ACCAAT
1034745	450	o6	1.068	ACCAAT
1034745	723	o6	1.577	ACCAAT
1034748	1230	6m	1.452	CCAATA
1034748	1416	7m8	2.622	CCAATA
1034757	23	o6	1.413	ACCAAT
1034771	1317	o6	1.064	ACCAAT
1034787	36	7A1	1.781	CCAATA
1034836	564	o6	1.719	ACCAAT
1034843	269	o6	1.021	ACCAAT
1034876	202	7m8	1.372	CCAATA
1034899	3047	o6	3.277	ACCAAT
1034918	213	o6	1.598	ACCAAT
1034953	303	o6	1.683	ACCAAT
1034953	561	6m	2.017	CCAATA
1034956	122	7A1	1.476	CCAATA
1034983	162	7m8	1.623	ACCAAT
1035001	511	o6	1.560	ACCAAT
1035010	1557	o6	1.468	ACCAAT
1035024	18	o6	1.389	ACCAAT
1035121	420	6m	2.031	CCAATA
1035132	714	o6	1.316	ACCAAT
1035198	2031	7m8	1.359	ACCAAT
1035198	2039	7m8	1.359	ACCAAT
1035213	1998	6m	1.850	CCAATA
1035218	84	o6	1.322	ACCAAT
1035320	276	6m	1.679	CCAATA
1035332	96	7A1	1.410	CCAATA
1035341	32	8m	1.501	CCAATA
1035380	112	o6	1.595	ACCAAT
1035411	31	o6	2.632	ACCAAT
1035431	398	7m8	3.641	ACCAAT
1035431	447	7A1	2.163	CCAATA
1035527	3544	7m8	3.332	ACCAAT
1035536	4183	7A1	2.225	CCAATA
1035536	4294	8m	1.949	ACCAAT
1035543	333	o6	1.560	ACCAAT
1035561	1380	6m	2.050	CCAATA
1035566	986	6m	2.432	CCAATA
1035569	8961	7m8	1.278	ACCAAT
1035569	9284	7A1	1.561	CCAATA
1035569	11860	o6	2.254	ACCAAT
1035569	14742	o6	1.118	ACCAAT
1035569	17727	7A1	1.397	CCAATA
1035594	1915	7A1	1.497	CCAATA
1035639	100	7A1	1.315	CCAATA
1035672	34	6m	1.168	CCAATA
1035773	2423	o6	1.328	ACCAAT
1035782	1597	6m	1.288	CCAATA
1035783	778	8m	1.135	ACCAAT
1035798	338	6m	1.328	CCAATA
1035801	2951	o6	2.087	ACCAAT
1035843	1718	o6	1.315	ACCAAT
1035945	2288	7A1	3.398	CCAATA
1035974	716	o6	1.246	ACCAAT
1035974	996	o6	1.973	ACCAAT
1035974	1077	o6	1.088	ACCAAT
1036001	1144	o6	1.846	ACCAAT
1036127	5022	o6	1.664	ACCAAT
1036148	158	o6	1.544	ACCAAT
1036154	3606	o6	3.024	ACCAAT
1036160	593	6m	3.567	CCAATA
1036169	1721	7A1	1.783	CCAATA
1036242	364	8m	1.281	ACCAAT
1036286	254	7A1	2.383	CCAATA
1036337	104	o6	1.743	ACCAAT
1036350	90	o6	1.104	ACCAAT
1036374	2123	o6	1.803	ACCAAT
1036374	2209	6m	1.196	CCAATA
1036419	1910	7m8	1.815	ACCAAT
1036432	556	o6	3.149	ACCAAT
1036462	377	6m	1.959	CCAATA
1036462	1314	o6	2.031	ACCAAT
1036558	1050	o6	2.290	ACCAAT
1036558	1127	o6	2.290	ACCAAT
1036568	2686	o6	1.633	ACCAAT
1036601	2070	7m8	1.349	CCAATA
1036683	67	7A1	1.548	CCAATA
1036686	606	o6	2.343	ACCAAT
1036853	232	o6	1.033	ACCAAT
1036860	39	o6	1.444	ACCAAT
1036899	1271	7m8	1.603	ACCAAT
1036928	400	o6	1.560	ACCAAT
1036928	439	7m8	1.189	ACCAAT
1036951	317	6m	3.968	CCAATA
1037031	304	8m	1.131	CCAATA
1037090	595	7m8	1.659	CCAATA
1037239	40	o6	1.631	ACCAAT
1037258	118	o6	1.060	ACCAAT
1037301	1593	o6	1.302	ACCAAT
1037301	2749	6m	2.589	CCAATA
1037307	387	o6	2.472	ACCAAT
1037324	90	o6	1.130	ACCAAT
1037386	1394	6m	1.455	CCAATA
1037422	1017	o6	1.815	ACCAAT
1037474	265	6m	1.341	CCAATA
1037587	111	6m	1.640	CCAATA
1037615	604	o6	1.438	ACCAAT
1037684	173	o6	1.634	ACCAAT
1037702	353	7A1	2.035	CCAATA
1037937	62	8m	1.618	CCAATA
1037949	180	7A1	1.661	CCAATA
1038118	747	7A1	1.135	CCAATA
1038214	1454	7A1	1.730	CCAATA
1038293	622	o6	1.690	ACCAAT
1038312	3828	6m	1.073	CCAATA
1038330	133	8m	1.518	ACCAAT
1038390	845	7A1	2.448	CCAATA
1038407	808	6m	1.956	CCAATA
1038465	601	o6	1.069	ACCAAT
1038473	262	7m8	1.306	ACCAAT
1038511	721	7m8	1.246	ACCAAT
1038512	94	o6	1.307	ACCAAT
1038622	1224	7A1	1.094	CCAATA
1038682	391	6m	2.822	CCAATA
1038854	19	7A1	1.719	CCAATA
1038945	527	o6	1.400	ACCAAT
1038983	327	7A1	1.262	CCAATA
1039073	483	7A1	1.859	CCAATA
1039250	126	o6	1.184	ACCAAT
1039271	359	7A1	2.600	CCAATA
1039282	579	6m	1.851	CCAATA
1039285	3105	6m	2.252	CCAATA
1039329	669	7m8	1.251	ACCAAT
1039422	2092	o6	2.356	ACCAAT
1039557	595	o6	2.533	ACCAAT
1039612	1034	7A1	2.288	CCAATA
1039646	149	o6	1.468	ACCAAT
1039651	1069	o6	1.614	ACCAAT
1039706	180	6m	1.184	CCAATA
1039712	138	7A1	2.373	CCAATA
1039797	401	o6	3.082	ACCAAT
1039858	3647	o6	1.802	ACCAAT
1039858	4872	o6	1.054	ACCAAT
1039858	5100	o6	1.699	ACCAAT
1039891	223	o6	1.341	ACCAAT
1039905	74	o6	2.088	ACCAAT
1039908	28	6m	1.368	CCAATA
1039959	46	o6	1.009	ACCAAT
1039959	2636	7m8	1.288	ACCAAT
1039965	117	o6	2.364	ACCAAT
1039996	23	7m8	1.032	ACCAAT
1039996	374	7m8	1.400	ACCAAT
1039996	485	o6	1.185	ACCAAT
1040001	976	8m	1.484	ACCAAT
1040012	2136	o6	2.281	ACCAAT
1040027	1105	o6	1.154	ACCAAT
1040031	1336	8m	1.328	CCAATA
1040031	1348	o6	1.282	ACCAAT
1040031	1440	o6	1.459	ACCAAT
1040045	166	8m	1.281	CCAATA
1040054	283	o6	2.118	ACCAAT
1040099	343	7m8	2.413	ACCAAT
1040115	169	8m	2.628	ACCAAT
1040129	1557	o6	1.505	ACCAAT
1040165	2341	o6	1.073	ACCAAT
1040190	4155	o6	3.153	ACCAAT
1040210	993	o6	1.989	ACCAAT
1040228	185	6m	1.328	CCAATA
1040228	598	7A1	1.528	CCAATA
1040228	1167	7A1	1.626	CCAATA
1040228	1309	o6	1.262	ACCAAT
1040234	808	6m	3.449	CCAATA
1040237	1248	8m	1.212	ACCAAT
1040240	254	7m8	1.284	ACCAAT
1040283	1784	o6	1.190	ACCAAT
1040289	134	o6	1.208	ACCAAT
1040294	979	o6	2.337	ACCAAT
1040297	2570	o6	1.548	ACCAAT
1040298	3107	o6	1.210	ACCAAT
1040303	1742	6m	1.421	CCAATA
1040304	869	o6	1.815	ACCAAT
1040304	2023	8m	1.318	ACCAAT
1040330	90	7A1	2.462	CCAATA
1040334	437	6m	2.438	CCAATA
1040337	569	o6	3.223	ACCAAT
1040387	1410	o6	1.459	ACCAAT
1040392	1704	7A1	1.209	CCAATA
1040395	788	7A1	1.260	CCAATA
1040395	1208	6m	1.135	CCAATA
1040461	103	6m	1.744	CCAATA
1040483	1061	6m	1.248	CCAATA
1040483	1209	7A1	1.780	CCAATA
1040486	1810	o6	1.255	ACCAAT
1040500	1714	8m	1.288	CCAATA
1040590	6017	o6	1.420	ACCAAT
1040590	7619	7A1	1.342	CCAATA
